
List of user-set options:

                                    Name   Value                used
                           compl_inf_tol = 1                     yes
                         constr_viol_tol = 1                     yes
                            dual_inf_tol = 1000                  yes
                           linear_solver = ma97                  yes
                              ma86_small = 1e-30                  no
                                  ma86_u = 0.0001                 no
                              ma97_order = best                  yes
                              ma97_small = 1e-30                 yes
                            ma97_switch1 = at_start              yes
                            ma97_switch2 = od_hd_reuse           yes
                                  ma97_u = 1e-06                 yes
                               ma97_umax = 0.5                   yes
                                max_iter = 1000                  yes
                    max_refinement_steps = 20                    yes
                    min_refinement_steps = 5                     yes
                                 mu_init = 1e-06                 yes
           mu_superlinear_decrease_power = 1.25                  yes
                   nlp_scaling_min_value = 1e-08                 yes
                        option_file_name = Preset_Case_639_pf.opt  yes
                             output_file = ./tmp/Preset_Case_639_pf.output  yes
                      print_user_options = yes                   yes
        required_infeasibility_reduction = 1                      no
                                     tol = 1e-08                 yes
                   warm_start_bound_frac = 1e-20                 yes
                   warm_start_bound_push = 1e-20                 yes
                   warm_start_init_point = yes                   yes
              warm_start_mult_bound_push = 1e-20                 yes
                warm_start_mult_init_max = 1e+40                 yes
             warm_start_slack_bound_frac = 1e-20                 yes
             warm_start_slack_bound_push = 1e-20                 yes

******************************************************************************
This program contains Ipopt, a library for large-scale nonlinear optimization.
 Ipopt is released as open source code under the Eclipse Public License (EPL).
         For more information visit http://projects.coin-or.org/Ipopt
******************************************************************************

This is Ipopt version 3.12.10, running with linear solver ma97.

Number of nonzeros in equality constraint Jacobian...:   117285
Number of nonzeros in inequality constraint Jacobian.:      213
Number of nonzeros in Lagrangian Hessian.............:    47506

Total number of variables............................:    30050
                     variables with only lower bounds:    11392
                variables with lower and upper bounds:    15128
                     variables with only upper bounds:        0
Total number of equality constraints.................:    29944
Total number of inequality constraints...............:       25
        inequality constraints with only lower bounds:        4
   inequality constraints with lower and upper bounds:        0
        inequality constraints with only upper bounds:       21

iter    objective    inf_pr   inf_du lg(mu)  ||d||  lg(rg) alpha_du alpha_pr  ls
   0 -1.1473324e+01 1.74e-01 1.01e+02  -6.0 0.00e+00    -  0.00e+00 0.00e+00   0
In iteration 0, 2 Slacks too small, adjusting variable bounds
   1 -1.1473324e+01 1.74e-01 1.24e+03  -6.0 1.41e+10    -  1.24e-13 8.03e-19h  1
   2 -1.1467713e+01 1.74e-01 1.23e+03  -6.0 5.09e+02    -  7.83e-03 4.14e-03h  2
   3 -1.1467545e+01 1.73e-01 1.25e+03  -6.0 4.24e+02    -  2.67e-02 1.44e-04h  1
   4 -1.1459892e+01 1.72e-01 1.25e+03  -6.0 4.41e+02    -  3.21e-02 6.48e-03h  3
   5 -1.1452803e+01 1.71e-01 1.27e+03  -6.0 4.37e+02    -  5.34e-02 6.34e-03h  3
   6 -1.1446617e+01 1.70e-01 1.29e+03  -6.0 4.40e+02    -  5.95e-02 6.40e-03h  3
   7 -1.1444064e+01 1.70e-01 1.32e+03  -6.0 4.55e+02    -  7.70e-02 3.35e-03h  4
   8 -1.1442068e+01 1.69e-01 1.37e+03  -6.0 5.03e+02    -  1.06e-01 4.04e-03h  4
   9 -1.1441287e+01 1.68e-01 2.43e+03  -6.0 5.99e+02    -  1.25e-01 2.96e-03h  5
iter    objective    inf_pr   inf_du lg(mu)  ||d||  lg(rg) alpha_du alpha_pr  ls
  10 -1.1440586e+01 1.68e-01 6.78e+03  -6.0 7.15e+02    -  1.59e-01 2.59e-03h  6
  11 -1.1439472e+01 1.68e-01 1.53e+04  -6.0 8.31e+02    -  2.24e-01 1.87e-03h  7
  12 -1.1436325e+01 1.67e-01 2.37e+04  -6.0 9.52e+02    -  2.11e-01 2.74e-03h  7
  13 -1.1433826e+01 1.67e-01 3.10e+04  -6.0 1.03e+03    -  2.06e-01 1.59e-03h  8
  14 -1.1039691e+01 1.75e+00 2.28e+04  -6.0 1.07e+03    -  1.42e-01 2.06e-01w  1
  15 -1.0724431e+01 2.40e+00 2.09e+04  -6.0 7.91e+02    -  8.37e-04 1.93e-01w  1
  16 -1.0724168e+01 2.40e+00 1.86e+05  -6.0 8.36e+02    -  1.62e-02 6.82e-05w  1
  17 -1.1430747e+01 1.67e-01 3.49e+04  -6.0 8.28e+02    -  1.42e-01 1.61e-03h  7
  18 -1.1427435e+01 1.66e-01 3.78e+04  -6.0 1.09e+03    -  1.38e-01 1.63e-03h  8
  19 -1.1423996e+01 1.66e-01 3.96e+04  -6.0 1.11e+03    -  1.38e-01 1.64e-03h  8
iter    objective    inf_pr   inf_du lg(mu)  ||d||  lg(rg) alpha_du alpha_pr  ls
  20 -1.1420452e+01 1.66e-01 4.04e+04  -6.0 1.12e+03    -  1.49e-01 1.68e-03h  8
  21 -1.1416804e+01 1.66e-01 3.94e+04  -6.0 1.12e+03    -  3.86e-01 1.74e-03h  8
  22 -1.1412942e+01 1.65e-01 3.46e+04  -6.0 1.14e+03    -  1.95e-01 1.94e-03h  8
  23 -1.1410211e+01 1.65e-01 2.13e+04  -6.0 1.29e+03    -  4.32e-01 1.36e-03h  8
  24 -1.1405211e+01 1.65e-01 1.53e+04  -6.0 1.68e+03    -  1.60e-01 1.99e-03h  7
  25 -1.1402083e+01 1.65e-01 7.99e+03  -6.0 1.79e+03    -  2.17e-01 9.99e-04h  8
  26 -1.1396931e+01 1.64e-01 5.60e+03  -6.0 2.12e+03    -  1.67e-01 1.02e-03h  8
  27 -1.0688568e+01 1.04e+01 1.39e+04  -6.0 2.98e+03    -  5.51e-02 7.11e-02w  1
  28 -1.0559402e+01 1.00e+01 1.36e+04  -6.0 1.94e+03    -  2.28e-01 1.57e-02w  1
  29 -1.0044491e+01 7.00e+00 1.23e+04  -6.0 2.03e+03    -  2.03e-01 6.06e-02w  1
iter    objective    inf_pr   inf_du lg(mu)  ||d||  lg(rg) alpha_du alpha_pr  ls
  30 -1.1394164e+01 1.64e-01 5.92e+03  -6.0 1.22e+03    -  5.51e-02 2.78e-04h  8
  31 -1.1391023e+01 1.64e-01 6.28e+03  -6.0 3.05e+03    -  6.44e-02 3.07e-04h  9
  32 -1.1389144e+01 1.64e-01 6.67e+03  -6.0 3.11e+03    -  7.13e-02 1.81e-04h 10
  33 -1.1386827e+01 1.64e-01 7.06e+03  -6.0 3.15e+03    -  7.81e-02 2.22e-04h 10
  34 -1.1382551e+01 1.64e-01 7.55e+03  -6.0 3.18e+03    -  1.11e-01 4.09e-04h  9
  35 -1.1378258e+01 1.64e-01 7.88e+03  -6.0 3.22e+03    -  1.17e-01 4.12e-04h  9
  36 -1.1376114e+01 1.64e-01 7.97e+03  -6.0 3.26e+03    -  9.81e-02 2.10e-04h  8
  37 -1.1373334e+01 1.64e-01 7.45e+03  -6.0 3.39e+03    -  1.21e-01 2.88e-04h  9
  38 -1.1368761e+01 1.64e-01 8.73e+03  -6.0 5.92e+02  -4.0 2.46e-02 5.65e-04h  6
  39 -1.1365555e+01 1.64e-01 1.18e+04  -6.0 8.73e+02  -4.5 6.13e-02 3.35e-04h  7
iter    objective    inf_pr   inf_du lg(mu)  ||d||  lg(rg) alpha_du alpha_pr  ls
  40 -1.1407560e+01 1.63e-01 1.21e+04  -6.0 7.94e+03    -  3.39e-03 4.74e-03w  1
  41 -1.1407560e+01 1.63e-01 1.05e+04  -6.0 3.93e+03    -  3.26e-02 4.99e-08w  1
  42 -9.6277422e+00 2.04e+01 7.81e+04  -6.0 3.26e+03    -  6.75e-02 1.55e-01w  1
  43 -1.1366868e+01 1.64e-01 1.10e+04  -6.0 3.60e+02  -3.1 3.39e-03 1.48e-04h  5
  44 -1.1358562e+01 1.64e-01 1.41e+04  -6.0 5.26e+02  -3.6 3.88e-02 1.31e-03h  5
  45 -1.1359567e+01 1.64e-01 1.30e+04  -6.0 7.20e+03    -  4.41e-03 1.74e-04h  6
  46 -1.1354045e+01 1.63e-01 2.03e+04  -6.0 6.65e+02  -4.1 8.87e-02 6.25e-04h  6
  47 -1.1353055e+01 1.63e-01 1.88e+04  -6.0 4.99e+03    -  1.00e-02 1.97e-04h  7
  48 -1.1354339e+01 1.63e-01 1.58e+04  -6.0 7.76e+03    -  7.86e-03 1.49e-04h  6
  49 -1.1351759e+01 1.63e-01 1.90e+04  -6.0 1.29e+03  -4.6 5.01e-02 2.57e-04h  8
iter    objective    inf_pr   inf_du lg(mu)  ||d||  lg(rg) alpha_du alpha_pr  ls
  50 -1.1351259e+01 1.63e-01 1.78e+04  -6.0 3.08e+03  -5.1 1.09e-02 2.03e-04h  7
  51 -1.1354272e+01 1.63e-01 1.50e+04  -6.0 3.06e+05  -5.5 1.14e-04 2.13e-06f  6
  52 -1.1354760e+01 1.63e-01 1.27e+04  -6.0 4.19e+03  -5.1 1.13e-02 9.99e-05h  7
  53 -1.0893571e+01 1.52e+00 1.73e+04  -6.0 1.54e+03  -4.7 1.23e-01 4.53e-02w  1
  54 -1.0531377e+01 3.03e+00 2.52e+04  -6.0 3.58e+03    -  9.69e-08 3.51e-02w  1
  55 -1.0054499e+01 5.45e+00 2.42e+04  -6.0 2.26e+03    -  1.54e-01 3.81e-02w  1
  56 -1.1351157e+01 1.63e-01 1.78e+04  -6.0 2.29e+03    -  1.23e-01 3.54e-04h  7
  57 -1.1351712e+01 1.63e-01 1.66e+04  -6.0 4.89e+03  -5.2 4.13e-03 8.44e-05h  7
  58 -1.1348281e+01 1.63e-01 2.00e+04  -6.0 1.91e+03  -4.7 2.45e-01 4.20e-04h  9
  59 -1.1348938e+01 1.63e-01 1.85e+04  -6.0 6.22e+03  -5.2 3.14e-03 6.45e-05h  7
iter    objective    inf_pr   inf_du lg(mu)  ||d||  lg(rg) alpha_du alpha_pr  ls
  60 -1.1346465e+01 1.63e-01 1.92e+04  -6.0 2.51e+03  -4.8 6.59e-02 3.96e-04h  7
  61 -1.1347512e+01 1.63e-01 1.92e+04  -6.0 1.22e+04  -5.3 1.39e-03 2.79e-05h  7
  62 -1.1346373e+01 1.63e-01 2.31e+04  -6.0 2.93e+03  -4.8 1.31e-01 2.47e-04h  7
  63 -1.1341255e+01 1.63e-01 2.53e+04  -6.0 1.47e+03  -4.4 3.92e-02 4.83e-04h  7
  64 -1.1341272e+01 1.63e-01 2.54e+04  -6.0 4.05e+03  -4.9 6.07e-03 1.21e-04h  7
  65 -1.1337368e+01 1.63e-01 3.14e+04  -6.0 1.64e+03  -4.5 9.93e-02 3.86e-04h  8
  66 -1.1354410e+01 1.62e-01 3.11e+04  -6.0 4.82e+03  -4.9 4.78e-03 5.92e-03w  1
  67 -1.1354411e+01 1.62e-01 3.12e+04  -6.0 3.66e+04    -  2.19e-03 3.15e-09w  1
  68 -9.9680306e+00 1.54e+01 2.76e+04  -6.0 1.10e+04    -  2.13e-02 7.86e-02w  1
  69 -1.1337634e+01 1.63e-01 3.14e+04  -6.0 6.17e+03    -  4.78e-03 9.24e-05h  6
iter    objective    inf_pr   inf_du lg(mu)  ||d||  lg(rg) alpha_du alpha_pr  ls
  70 -1.1333459e+01 1.63e-01 5.35e+04  -6.0 1.93e+03  -4.5 3.26e-01 4.73e-04h 10
  71 -1.1333726e+01 1.63e-01 5.36e+04  -6.0 5.45e+03  -5.0 4.18e-03 8.31e-05h  7
  72 -1.1334906e+01 1.63e-01 5.33e+04  -6.0 2.87e+04  -5.5 1.34e-03 1.21e-05h  7
  73 -1.1335427e+01 1.63e-01 5.34e+04  -6.0 6.68e+03  -5.0 3.18e-02 5.99e-05h  7
  74 -1.1333515e+01 1.63e-01 6.09e+04  -6.0 2.79e+03  -4.6 8.29e-02 3.07e-04h  7
  75 -1.1334583e+01 1.63e-01 6.03e+04  -6.0 2.78e+04  -5.1 1.35e-03 1.16e-05h  7
  76 -1.1333696e+01 1.63e-01 7.01e+04  -6.0 3.26e+03  -4.7 1.13e-01 1.97e-04h  7
  77 -1.1334830e+01 1.63e-01 6.98e+04  -6.0 6.48e+04  -5.1 2.58e-04 4.98e-06f  7
  78 -1.1334095e+01 1.63e-01 7.25e+04  -6.0 3.53e+03  -4.7 2.85e-02 1.73e-04h  7
  79 -1.1331542e+01 1.62e-01 7.21e+04  -6.0 5.48e+03  -5.2 5.75e-03 5.89e-03w  1
iter    objective    inf_pr   inf_du lg(mu)  ||d||  lg(rg) alpha_du alpha_pr  ls
  80 -1.1090179e+01 9.50e-01 7.12e+04  -6.0 1.78e+04    -  1.32e-02 1.20e-02w  1
  81 -1.0177659e+01 1.58e+01 6.71e+04  -6.0 1.78e+04    -  6.40e-02 4.74e-02w  1
  82 -1.1334055e+01 1.63e-01 7.28e+04  -6.0 1.37e+04    -  5.75e-03 9.20e-05h  6
  83 -1.1333554e+01 1.63e-01 7.22e+04  -6.0 1.25e+04    -  6.49e-02 4.56e-05h  9
  84r-1.1333554e+01 1.63e-01 1.00e+03  -0.8 0.00e+00    -  0.00e+00 4.46e-07R 18
  85r-1.1348045e+01 1.62e-01 1.55e+03  -0.8 1.67e+04    -  5.35e-06 7.26e-06f  1
  86 -1.1347515e+01 1.62e-01 1.58e+02  -6.0 2.31e+02    -  5.11e-02 7.74e-04h  1
  87 -1.1339091e+01 1.61e-01 1.60e+02  -6.0 3.96e+02    -  3.07e-02 6.92e-03h  3
  88 -1.1331237e+01 1.60e-01 2.22e+02  -6.0 3.87e+02    -  6.66e-02 6.74e-03h  3
  89 -1.1323771e+01 1.59e-01 3.01e+02  -6.0 3.86e+02    -  5.72e-02 7.37e-03h  3
iter    objective    inf_pr   inf_du lg(mu)  ||d||  lg(rg) alpha_du alpha_pr  ls
  90 -1.1320181e+01 1.58e-01 4.06e+02  -6.0 3.93e+02    -  7.50e-02 4.17e-03h  4
  91 -1.1316476e+01 1.57e-01 5.28e+02  -6.0 4.23e+02    -  8.99e-02 5.60e-03h  4
  92 -1.1314631e+01 1.56e-01 1.58e+03  -6.0 4.84e+02    -  1.56e-01 3.75e-03h  5
  93 -1.1312454e+01 1.56e-01 4.34e+03  -6.0 6.13e+02    -  1.72e-01 5.57e-03h  5
  94 -1.1310563e+01 1.55e-01 1.11e+04  -6.0 7.35e+02    -  2.06e-01 3.00e-03h  6
  95 -1.1306985e+01 1.55e-01 2.51e+04  -6.0 8.55e+02    -  2.61e-01 3.33e-03h  6
  96 -1.1304081e+01 1.54e-01 3.55e+04  -6.0 9.59e+02    -  1.93e-01 1.82e-03h  7
  97 -1.1078051e+01 5.10e-01 3.24e+04  -6.0 1.00e+03    -  1.61e-01 1.21e-01w  1
  98 -1.1077896e+01 5.10e-01 2.48e+07  -6.0 1.23e+03    -  6.50e-02 2.68e-05w  1
  99 -9.8364198e+00 3.89e+00 2.38e+07  -6.0 1.24e+03    -  6.79e-02 2.12e-01w  1
iter    objective    inf_pr   inf_du lg(mu)  ||d||  lg(rg) alpha_du alpha_pr  ls
 100 -1.1300549e+01 1.54e-01 4.01e+04  -6.0 8.71e+02    -  1.61e-01 1.90e-03h  6
 101 -1.1296696e+01 1.54e-01 4.13e+04  -6.0 1.03e+03    -  1.60e-01 1.93e-03h  7
 102 -1.1292612e+01 1.53e-01 4.52e+04  -6.0 1.05e+03    -  1.65e-01 1.95e-03h  7
 103 -1.1288335e+01 1.53e-01 1.08e+05  -6.0 1.06e+03    -  1.99e-01 1.96e-03h  7
 104 -1.1283835e+01 1.53e-01 3.30e+05  -6.0 1.07e+03    -  2.96e-01 1.98e-03h  7
 105 -1.1278916e+01 1.53e-01 1.10e+06  -6.0 1.08e+03    -  3.45e-01 2.01e-03h  7
 106 -1.1273016e+01 1.52e-01 3.81e+06  -6.0 1.09e+03    -  3.80e-01 2.10e-03h  7
 107 -1.1268347e+01 1.52e-01 8.69e+06  -6.0 1.09e+03    -  2.35e-01 1.22e-03h  8
 108 -1.1260046e+01 1.52e-01 1.42e+07  -6.0 1.10e+03    -  1.51e-01 1.49e-03h  8
 109 -1.1255746e+01 1.52e-01 1.98e+07  -6.0 1.50e+03    -  1.19e-01 5.32e-04h  9
iter    objective    inf_pr   inf_du lg(mu)  ||d||  lg(rg) alpha_du alpha_pr  ls
 110 -1.0073022e+01 1.16e+01 1.60e+07  -6.0 2.08e+03    -  8.13e-02 1.12e-01w  1
 111 -9.8628336e+00 1.14e+01 1.59e+07  -6.0 1.18e+03    -  1.11e-02 2.45e-02w  1
 112 -9.8628307e+00 1.14e+01 1.58e+07  -6.0 2.17e+03    -  2.60e-04 2.32e-07w  1
 113 -1.1253436e+01 1.52e-01 2.41e+07  -6.0 1.39e+03  -3.9 8.13e-02 2.19e-04h  9
 114 -1.1250732e+01 1.52e-01 2.89e+07  -6.0 2.25e+03    -  8.57e-02 2.53e-04h 10
 115 -1.1248079e+01 1.52e-01 3.51e+07  -6.0 2.45e+03    -  9.98e-02 2.50e-04h 10
 116 -1.1246120e+01 1.52e-01 4.32e+07  -6.0 2.75e+03    -  1.28e-01 1.95e-04h 10
 117 -1.1248154e+01 1.52e-01 4.16e+07  -6.0 2.46e+04    -  1.56e-03 1.74e-05f  7
 118 -1.1245027e+01 1.52e-01 4.86e+07  -6.0 1.05e+03  -4.3 4.82e-02 2.52e-04h  9
 119 -1.1247281e+01 1.51e-01 4.79e+07  -6.0 3.17e+03  -4.8 1.11e-02 2.38e-04h  6
iter    objective    inf_pr   inf_du lg(mu)  ||d||  lg(rg) alpha_du alpha_pr  ls
 120 -1.1243505e+01 1.51e-01 5.98e+07  -6.0 1.10e+03  -4.4 8.14e-02 3.07e-04h  9
 121 -1.1245354e+01 1.51e-01 5.83e+07  -6.0 7.39e+03  -4.9 4.37e-03 4.57e-05h  7
 122 -1.1241835e+01 1.51e-01 8.24e+07  -6.0 1.17e+03  -4.4 1.65e-01 3.07e-04h 10
 123 -1.1359870e+01 1.51e-01 8.16e+07  -6.0 8.27e+03  -4.9 3.86e-03 2.62e-03w  1
 124 -1.1359870e+01 1.51e-01 7.90e+07  -6.0 7.61e+03  -5.4 6.24e-03 6.90e-09w  1
 125 -9.8215776e+00 1.81e+01 6.51e+07  -6.0 4.32e+03    -  9.58e-02 1.36e-01w  1
 126 -1.1243680e+01 1.51e-01 8.05e+07  -6.0 1.33e+03    -  3.86e-03 4.09e-05h  6
 127 -1.1245999e+01 1.51e-01 7.81e+07  -6.0 1.31e+05  -5.0 2.37e-04 2.38e-06f  7
 128 -1.1242365e+01 1.51e-01 1.04e+08  -6.0 1.53e+03  -4.5 2.01e-01 4.21e-04h  8
 129 -1.1244703e+01 1.51e-01 1.01e+08  -6.0 1.27e+05  -5.0 2.28e-04 2.45e-06f  7
iter    objective    inf_pr   inf_du lg(mu)  ||d||  lg(rg) alpha_du alpha_pr  ls
 130 -1.1242685e+01 1.51e-01 1.14e+08  -6.0 1.96e+03  -4.6 1.32e-01 3.56e-04h  7
 131 -1.1238121e+01 1.51e-01 1.31e+08  -6.0 1.15e+03  -4.2 6.18e-02 3.30e-04h  9
 132 -1.1237763e+01 1.51e-01 1.32e+08  -6.0 2.66e+03  -4.6 2.12e-02 2.10e-04h  7
 133 -1.1233913e+01 1.51e-01 1.66e+08  -6.0 1.22e+03  -4.2 1.19e-01 2.95e-04h 10
 134 -1.1234554e+01 1.51e-01 1.65e+08  -6.0 3.32e+03  -4.7 1.61e-02 3.01e-04h  6
 135 -1.1235667e+01 1.51e-01 1.60e+08  -6.0 3.78e+04  -5.2 1.15e-03 4.28e-06f  8
 136 -1.1291225e+01 1.50e-01 1.52e+08  -6.0 3.85e+03  -4.8 4.63e-02 6.91e-03w  1
 137 -1.1291209e+01 1.50e-01 1.54e+08  -6.0 6.03e+03    -  8.58e-02 1.19e-06w  1
 138 -9.8440738e+00 1.11e+01 1.36e+08  -6.0 6.01e+03    -  7.38e-02 1.14e-01w  1
 139 -1.1236535e+01 1.51e-01 1.53e+08  -6.0 2.93e+03    -  4.63e-02 1.08e-04h  6
iter    objective    inf_pr   inf_du lg(mu)  ||d||  lg(rg) alpha_du alpha_pr  ls
 140 -1.1232683e+01 1.51e-01 1.77e+08  -6.0 1.67e+03  -4.3 9.34e-02 3.00e-04h 10
 141 -1.1233851e+01 1.51e-01 1.75e+08  -6.0 4.72e+03  -4.8 8.45e-03 8.34e-05h  7
 142 -1.1231303e+01 1.51e-01 2.12e+08  -6.0 1.98e+03  -4.4 1.58e-01 2.43e-04h  9
 143 -1.1232446e+01 1.51e-01 2.08e+08  -6.0 4.95e+03  -4.9 8.19e-03 8.12e-05h  7
 144 -1.1234643e+01 1.51e-01 2.03e+08  -6.0 3.42e+04  -5.3 1.13e-03 9.61e-06f  7
 145 -1.1237305e+01 1.51e-01 1.88e+08  -6.0 5.67e+03  -4.9 2.79e-02 1.34e-04h  6
 146 -1.1239326e+01 1.51e-01 1.83e+08  -6.0 1.37e+04  -5.4 2.67e-03 2.48e-05h  7
 147 -1.1241694e+01 1.51e-01 1.59e+08  -6.0 5.57e+04    -  7.33e-03 1.33e-05f  7
 148 -1.1240551e+01 1.51e-01 1.58e+08  -6.0 7.21e+03    -  5.17e-02 8.90e-05h 10
 149 -1.0583712e+01 4.93e+00 1.50e+08  -6.0 7.03e+03    -  9.56e-02 4.87e-02w  1
iter    objective    inf_pr   inf_du lg(mu)  ||d||  lg(rg) alpha_du alpha_pr  ls
 150 -1.0304314e+01 5.17e+00 1.45e+08  -6.0 5.77e+03    -  1.25e-01 2.57e-02w  1
 151 -9.4091440e+00 7.40e+00 1.33e+08  -6.0 6.46e+03    -  7.90e-02 7.98e-02w  1
 152 -1.1239268e+01 1.51e-01 1.57e+08  -6.0 4.14e+03    -  9.56e-02 9.52e-05h  9
 153 -1.1238330e+01 1.51e-01 1.58e+08  -6.0 6.92e+03    -  8.89e-02 6.95e-05h 11
 154 -1.1237600e+01 1.51e-01 1.61e+08  -6.0 7.92e+03    -  1.10e-01 5.38e-05h 12
 155 -1.1236871e+01 1.51e-01 1.63e+08  -6.0 9.19e+03    -  3.84e-02 5.34e-05h 12
 156 -1.1236140e+01 1.51e-01 1.67e+08  -6.0 9.58e+03    -  1.14e-01 5.35e-05h 12
 157 -1.1235442e+01 1.51e-01 1.69e+08  -6.0 1.06e+04    -  4.01e-02 5.09e-05h 12
 158 -1.1234760e+01 1.51e-01 1.75e+08  -6.0 1.08e+04    -  1.38e-01 5.00e-05h 12
 159 -1.1234117e+01 1.51e-01 1.78e+08  -6.0 1.13e+04    -  5.12e-02 4.78e-05h 12
iter    objective    inf_pr   inf_du lg(mu)  ||d||  lg(rg) alpha_du alpha_pr  ls
 160 -1.1233513e+01 1.51e-01 1.85e+08  -6.0 1.21e+04    -  1.17e-01 4.58e-05h 12
 161 -1.1232537e+01 1.51e-01 1.88e+08  -6.0 1.48e+04    -  5.28e-02 7.90e-05h 11
 162 -1.0459547e+01 8.98e+00 1.75e+08  -6.0 1.51e+04    -  5.60e-02 6.56e-02w  1
 163 -9.7860138e+00 9.29e+00 1.65e+08  -6.0 3.10e+03  -5.9 8.16e-02 6.57e-02w  1
 164 -9.5445431e+00 9.26e+00 1.62e+08  -6.0 3.69e+03  -6.3 1.03e-02 2.79e-02w  1
 165 -1.1231782e+01 1.51e-01 1.92e+08  -6.0 9.43e+03  -6.8 5.60e-02 6.40e-05h 10
 166 -1.1231171e+01 1.51e-01 1.96e+08  -6.0 1.69e+04    -  5.74e-02 5.47e-05h 11
 167 -1.1230635e+01 1.51e-01 2.01e+08  -6.0 1.99e+04    -  6.33e-02 5.04e-05h 11
 168 -1.1229668e+01 1.51e-01 2.07e+08  -6.0 2.35e+04    -  6.67e-02 9.60e-05h 10
 169 -1.1228831e+01 1.51e-01 2.12e+08  -6.0 2.67e+04    -  5.31e-02 8.94e-05h 10
iter    objective    inf_pr   inf_du lg(mu)  ||d||  lg(rg) alpha_du alpha_pr  ls
 170 -1.1227495e+01 1.51e-01 2.17e+08  -6.0 2.73e+04    -  4.37e-02 1.55e-04h  9
 171 -1.1226487e+01 1.51e-01 2.18e+08  -6.0 4.44e+04    -  1.50e-02 1.56e-04h  8
 172 -1.1094724e+01 5.01e+00 2.14e+08  -6.0 3.30e+04  -7.3 1.79e-02 1.79e-02s 17
 173r-1.1094724e+01 5.01e+00 1.00e+03   0.6 0.00e+00    -  0.00e+00 0.00e+00R  1
 174r-1.1098071e+01 5.01e+00 1.00e+03   0.6 4.76e+06    -  1.41e-07 1.10e-08f  1
 175r-1.1101707e+01 5.01e+00 1.00e+03   0.6 5.39e+04    -  1.66e-06 1.38e-06f  1
 176r-1.1091360e+01 5.00e+00 1.00e+03   0.6 5.15e+04    -  5.85e-06 4.57e-06f  1
 177r-1.1021094e+01 4.94e+00 1.00e+03   0.6 5.06e+04    -  1.85e-05 1.69e-05f  1
 178r-1.0688200e+01 4.76e+00 1.63e+03   0.6 5.03e+04    -  1.10e-04 5.85e-05f  1
 179r-9.1870221e+00 4.16e+00 1.73e+03   0.6 5.01e+04    -  2.74e-04 2.65e-04f  1
iter    objective    inf_pr   inf_du lg(mu)  ||d||  lg(rg) alpha_du alpha_pr  ls
 180r-9.1958607e+00 4.15e+00 5.35e+03   0.6 5.14e+04    -  6.21e-04 1.85e-05f  1
 181r-8.1622460e+00 6.82e+00 4.48e+03   0.6 5.02e+04    -  1.24e-03 1.44e-03f  1
 182r-5.1307798e+00 6.90e+00 5.40e+03   0.6 6.51e+04    -  1.38e-03 9.84e-04f  1
 183r-4.9264201e+00 6.88e+00 1.15e+04   0.6 7.82e+04    -  5.26e-03 1.98e-03f  1
 184r-4.2786722e+00 8.32e+00 2.79e+04   0.6 8.67e+02    -  1.74e-03 7.35e-03f  1
 185r-3.4636958e+00 1.01e+01 1.78e+05   0.6 7.44e+02    -  3.41e-02 5.18e-03f  1
 186r-7.2966542e-01 1.56e+01 5.56e+05   0.6 7.08e+02    -  8.65e-02 2.90e-02f  1
 187r 3.5573698e+00 2.14e+01 5.67e+05   0.6 5.71e+02    -  5.51e-02 4.85e-02f  1
 188r 6.1263664e+00 2.72e+01 3.40e+05   0.6 4.49e+02    -  3.69e-02 5.66e-02f  1
 189r 8.0614596e+00 4.06e+01 6.88e+05   0.6 8.24e+00   0.0 1.82e-01 1.18e-01f  1
iter    objective    inf_pr   inf_du lg(mu)  ||d||  lg(rg) alpha_du alpha_pr  ls
 190r 8.8417828e+00 4.31e+01 6.38e+05   0.6 1.74e+01  -0.5 1.58e-01 9.28e-02f  1
 191r 6.4321453e+00 6.08e+01 1.04e+06   0.6 4.20e+00   0.9 1.53e-01 2.96e-01f  1
 192r 8.2110174e+00 7.03e+01 6.29e+05   0.6 4.54e+00   0.4 4.10e-01 2.34e-01f  1
 193r 1.0471058e+01 1.05e+02 7.00e+05   0.6 6.18e+00  -0.1 2.51e-01 5.63e-01f  1
 194r 9.6976634e+00 9.78e+01 6.48e+05   0.6 1.33e+00   2.1 7.60e-02 6.85e-02f  1
 195r 1.2176869e+01 9.92e+01 4.47e+05   0.6 7.06e-01   1.7 3.10e-01 3.13e-01f  1
 196r 1.5777074e+01 1.04e+02 2.37e+05   0.6 1.67e+00   1.2 5.71e-01 3.51e-01f  1
 197r 1.8766088e+01 1.07e+02 1.19e+05   0.6 3.11e+00   0.7 3.89e-01 4.99e-01f  1
 198r 2.0543878e+01 1.09e+02 4.08e+04   0.6 1.38e+00   1.1 2.21e-01 8.09e-01f  1
 199r 2.0562487e+01 1.04e+02 5.84e+04  -0.1 8.06e-01   2.5 6.03e-01 5.35e-02f  1
iter    objective    inf_pr   inf_du lg(mu)  ||d||  lg(rg) alpha_du alpha_pr  ls
 200r 2.1071053e+01 5.46e+01 8.11e+04  -0.1 6.59e-02   3.8 4.88e-01 6.36e-01f  1
 201r 2.1191563e+01 4.29e+01 3.36e+04  -0.1 2.11e-02   5.1 7.18e-01 6.22e-01f  1
 202r 2.1228797e+01 3.94e+01 1.73e+05  -0.1 1.64e-02   4.6 1.00e+00 1.59e-01f  1
 203r 2.1322107e+01 2.48e+01 3.18e+04  -0.1 3.07e-02   4.2 1.00e+00 7.68e-01f  1
 204r 2.1250518e+01 2.36e+01 9.37e+04  -0.1 5.11e-02   3.7 1.00e+00 3.56e-01f  1
 205r 2.1172537e+01 2.30e+01 3.39e+05  -0.1 1.26e-01   3.2 1.00e+00 4.38e-01f  1
 206r 2.1134963e+01 2.28e+01 7.92e+05  -0.1 3.12e-01   2.7 9.45e-01 3.38e-01f  1
 207r 2.1063088e+01 2.27e+01 3.21e+05  -0.1 7.22e-01   2.2 1.00e+00 2.82e-01f  1
 208r 2.1174291e+01 2.26e+01 3.07e+05  -0.1 3.24e+00   1.8 9.60e-02 1.40e-01f  1
 209r 2.1129982e+01 2.23e+01 1.17e+04  -0.1 5.78e-01   2.2 1.00e+00 7.26e-01f  1
iter    objective    inf_pr   inf_du lg(mu)  ||d||  lg(rg) alpha_du alpha_pr  ls
 210r 2.1189946e+01 2.23e+01 1.23e+05  -0.1 4.39e-01   1.7 7.05e-01 2.68e-01f  1
 211r 2.1339627e+01 2.22e+01 1.97e+02  -0.1 1.80e-01   2.1 1.00e+00 1.00e+00f  1
 212r 2.1411893e+01 1.47e+01 9.35e+04  -1.5 5.88e-01   1.7 2.59e-01 3.38e-01f  1
 213r 2.1532936e+01 8.53e+00 2.12e+05  -1.5 2.38e-01   2.1 2.60e-01 4.25e-01f  1
 214r 2.1551491e+01 6.29e+00 2.41e+05  -1.5 6.36e-01   1.6 1.86e-01 2.80e-01f  1
 215r 2.1578550e+01 3.86e+00 1.68e+05  -1.5 6.25e-02   2.9 3.65e-01 4.30e-01f  1
 216r 2.1585267e+01 3.24e+00 8.65e+04  -1.5 2.28e-01   2.5 3.46e-01 2.08e-01f  1
 217r 2.1581753e+01 2.99e+00 5.40e+04  -1.5 4.30e-01   2.0 2.04e-01 1.15e-01f  1
 218r 2.1589467e+01 2.50e+00 3.39e+04  -1.5 1.29e-01   2.4 2.89e-01 2.29e-01f  1
 219r 2.1587382e+01 2.39e+00 3.63e+04  -1.5 4.61e-01   1.9 1.10e-01 6.72e-02f  1
iter    objective    inf_pr   inf_du lg(mu)  ||d||  lg(rg) alpha_du alpha_pr  ls
 220r 2.1566899e+01 2.43e+00 3.72e+04  -1.5 3.86e+00   1.5 3.57e-02 1.91e-02f  1
 221r 2.1580146e+01 1.84e+00 2.36e+04  -1.5 4.64e-01   1.9 2.35e-01 3.82e-01f  1
 222r 2.1590581e+01 1.43e+00 1.58e+04  -1.5 1.72e-01   2.3 3.68e-01 4.34e-01f  1
 223r 2.1584637e+01 1.41e+00 1.56e+04  -1.5 9.84e-01   1.8 2.55e-02 3.66e-02f  1
 224r 2.1584754e+01 1.30e+00 2.77e+04  -1.5 1.98e-01   2.3 5.97e-01 2.05e-01f  1
 225r 2.1580819e+01 1.28e+00 2.66e+04  -1.5 6.58e-01   1.8 8.24e-02 5.94e-02f  1
 226r 2.1578267e+01 1.13e+00 3.09e+04  -1.5 2.08e-01   2.2 1.00e+00 3.80e-01f  1
 227r 2.1573402e+01 1.10e+00 2.73e+04  -1.5 5.72e-01   1.7 6.32e-02 1.31e-01f  1
 228r 2.1570635e+01 1.03e+00 1.49e+04  -1.5 2.18e-01   2.2 5.54e-01 3.35e-01f  1
 229r 2.1559307e+01 1.01e+00 8.13e+03  -1.5 6.04e-01   1.7 7.32e-02 1.53e-01f  1
iter    objective    inf_pr   inf_du lg(mu)  ||d||  lg(rg) alpha_du alpha_pr  ls
 230r 2.1553231e+01 9.77e-01 6.42e+03  -1.5 2.27e-01   2.1 4.58e-01 2.94e-01f  1
 231r 2.1538402e+01 9.65e-01 1.37e+04  -1.5 5.97e-01   1.6 2.39e-01 1.45e-01f  1
 232r 2.1532561e+01 9.50e-01 1.46e+04  -1.5 2.25e-01   2.1 4.45e-01 2.13e-01f  1
 233r 2.1526044e+01 9.44e-01 1.94e+04  -1.5 5.88e-01   1.6 1.56e-01 9.32e-02f  1
 234r 2.1520676e+01 9.22e-01 1.77e+04  -1.5 2.32e-01   2.0 1.00e+00 4.22e-01f  1
 235r 2.1523524e+01 9.15e-01 8.51e+03  -1.5 6.05e-01   1.5 1.29e-01 1.89e-01f  1
 236r 2.1526045e+01 9.12e-01 1.77e+04  -1.5 2.44e-01   2.0 5.10e-01 1.32e-01f  1
 237r 2.1539520e+01 9.08e-01 1.22e+04  -1.5 6.65e-01   1.5 1.22e-01 1.49e-01f  1
 238r 2.1548824e+01 9.04e-01 1.38e+04  -1.5 2.66e-01   1.9 7.74e-01 1.81e-01f  1
 239r 2.1553833e+01 9.03e-01 1.58e+04  -1.5 6.86e-01   1.4 1.41e-01 7.21e-02f  1
iter    objective    inf_pr   inf_du lg(mu)  ||d||  lg(rg) alpha_du alpha_pr  ls
 240r 2.1556817e+01 9.01e-01 1.04e+04  -1.5 2.50e-01   1.9 1.00e+00 8.39e-02f  1
 241r 2.1543461e+01 8.96e-01 6.53e+03  -1.5 6.25e-01   1.4 1.39e-01 1.85e-01f  1
 242r 2.1538535e+01 8.90e-01 5.13e+03  -1.5 2.22e-01   1.8 3.16e-01 2.31e-01f  1
 243r 2.1514223e+01 8.89e-01 5.48e+03  -1.5 5.94e-01   1.3 1.27e-01 8.24e-02f  1
 244r 2.1498003e+01 8.85e-01 4.72e+03  -1.5 2.24e-01   1.8 5.25e-01 1.46e-01f  1
 245r 2.1406083e+01 8.85e-01 4.30e+03  -1.5 6.65e-01   1.3 9.21e-02 9.01e-02f  1
 246r 2.1333427e+01 8.81e-01 6.22e+03  -1.5 2.48e-01   1.7 6.89e-01 2.26e-01f  1
 247r 2.0968257e+01 8.84e-01 2.93e+03  -1.5 8.07e-01   1.2 7.02e-02 1.35e-01f  1
 248r 2.0907045e+01 8.83e-01 7.22e+03  -1.5 2.66e-01   1.7 3.99e-01 8.24e-02f  1
 249r 2.0913670e+01 8.85e-01 6.18e+03  -1.5 4.50e+00   1.2 7.33e-03 2.34e-02f  1
iter    objective    inf_pr   inf_du lg(mu)  ||d||  lg(rg) alpha_du alpha_pr  ls
 250r 2.0762267e+01 8.78e-01 6.60e+03  -1.5 2.90e-01   1.6 5.93e-01 3.96e-01f  1
 251r 2.0851201e+01 8.77e-01 4.22e+03  -1.5 9.58e-01   1.1 8.79e-02 9.88e-02f  1
 252r 2.0820801e+01 8.73e-01 2.88e+03  -1.5 3.10e-01   1.5 1.89e-01 2.79e-01f  1
 253r 2.0801726e+01 8.72e-01 1.43e+04  -1.5 1.14e-01   2.0 1.00e+00 3.77e-01f  1
 254r 2.0810673e+01 8.67e-01 1.59e+04  -1.5 3.57e-01   1.5 4.58e-01 2.03e-01f  1
 255r 2.0987085e+01 8.61e-01 1.94e+04  -1.5 1.32e+00   1.0 1.31e-01 7.44e-02f  1
 256r 2.0999596e+01 8.55e-01 2.10e+04  -1.5 4.08e-01   1.4 4.08e-01 7.02e-02f  1
 257r 2.1300975e+01 7.99e-01 6.98e+04  -1.5 1.35e+00   1.0 7.27e-02 1.36e-01f  1
 258r 2.1359890e+01 7.67e-01 5.67e+04  -1.5 4.37e-01   1.4 1.52e-01 1.76e-01f  1
 259r 2.1699246e+01 6.65e-01 5.15e+04  -1.5 1.18e+00   0.9 7.36e-02 1.10e-01f  1
iter    objective    inf_pr   inf_du lg(mu)  ||d||  lg(rg) alpha_du alpha_pr  ls
 260r 2.1780851e+01 6.44e-01 4.63e+04  -1.5 3.98e-01   1.3 4.91e-01 1.25e-01f  1
 261r 2.1953671e+01 6.32e-01 4.32e+04  -1.5 1.04e+00   0.9 1.74e-02 6.95e-02f  1
 262r 2.1986164e+01 6.28e-01 4.07e+04  -1.5 4.38e-01   1.3 2.81e-01 5.66e-02f  1
 263r 2.2304697e+01 5.99e-01 3.51e+04  -1.5 1.23e+00   0.8 1.19e-01 1.37e-01f  1
 264r 2.2442280e+01 5.71e-01 2.43e+04  -1.5 4.59e-01   1.2 2.03e-01 3.00e-01f  1
 265r 2.2560604e+01 4.78e-01 2.26e+04  -1.5 1.21e+00   0.8 7.16e-02 6.77e-02f  1
 266r 2.2616461e+01 4.58e-01 2.00e+04  -1.5 4.65e-01   1.2 3.06e-01 1.17e-01f  1
 267r 2.2845881e+01 3.55e-01 1.84e+04  -1.5 1.28e+00   0.7 6.32e-02 7.96e-02f  1
 268r 2.3008844e+01 3.19e-01 1.48e+04  -1.5 5.03e-01   1.1 3.85e-01 1.96e-01f  1
 269r 2.3243995e+01 3.15e-01 1.43e+04  -1.5 2.99e+00   0.7 1.43e-02 2.95e-02f  1
iter    objective    inf_pr   inf_du lg(mu)  ||d||  lg(rg) alpha_du alpha_pr  ls
 270r 2.3717992e+01 5.11e-01 9.92e+03  -1.5 5.69e-01   1.1 3.25e-01 3.06e-01f  1
 271r 2.4071056e+01 4.76e-01 3.56e+03  -1.5 2.14e-01   1.5 8.66e-01 6.46e-01f  1
 272r 2.4215338e+01 4.46e-01 3.27e+03  -1.5 6.22e-01   1.0 2.78e-01 6.54e-02f  1
 273r 2.4533098e+01 5.64e-01 3.26e+03  -1.5 8.17e+01   0.6 1.33e-03 1.21e-03f  1
 274r 2.5168376e+01 4.54e-01 2.64e+03  -1.5 7.22e-01   1.0 8.34e-02 2.01e-01f  1
 275r 2.5282786e+01 4.06e-01 2.33e+03  -1.5 2.77e-01   1.4 3.33e-01 1.15e-01f  1
 276r 2.5721226e+01 5.66e-01 4.09e+03  -1.5 8.65e-01   0.9 1.97e-01 1.06e-01f  1
 277r 2.6009110e+01 8.41e-01 3.11e+03  -1.5 3.11e-01   1.4 4.14e-01 2.74e-01f  1
 278r 2.6315969e+01 3.38e+00 2.68e+03  -1.5 8.92e-01   0.9 8.45e-02 8.70e-02f  1
 279r 2.6569811e+01 2.88e+00 3.27e+03  -1.5 3.59e-01   1.3 3.13e-01 2.35e-01f  1
iter    objective    inf_pr   inf_du lg(mu)  ||d||  lg(rg) alpha_du alpha_pr  ls
 280r 2.6835016e+01 2.66e+00 7.58e+03  -1.5 1.10e+00   0.8 1.29e-01 7.86e-02f  1
 281r 2.7052480e+01 1.96e+00 6.14e+03  -1.5 4.17e-01   1.3 3.52e-01 2.13e-01f  1
 282r 2.7360357e+01 1.72e+00 1.06e+04  -1.5 1.22e+00   0.8 1.89e-01 1.20e-01f  1
 283r 2.7447617e+01 1.51e+00 9.19e+03  -1.5 3.99e-01   1.2 4.69e-01 1.24e-01f  1
 284r 2.7586641e+01 1.38e+00 8.84e+03  -1.5 9.74e-01   0.7 1.03e-01 8.65e-02f  1
 285r 2.7676114e+01 1.20e+00 8.13e+03  -1.5 4.03e-01   1.2 3.25e-01 1.31e-01f  1
 286r 2.7813553e+01 1.15e+00 8.96e+03  -1.5 1.06e+00   0.7 8.37e-02 4.17e-02f  1
 287r 2.7766673e+01 9.09e-01 7.57e+03  -1.5 5.27e-01   1.1 4.90e-01 2.02e-01f  1
 288r 2.7711840e+01 8.27e-01 9.65e+03  -1.5 1.37e+00   0.6 1.72e-01 8.93e-02f  1
 289r 2.7646648e+01 7.95e-01 1.36e+04  -1.5 4.81e+00   0.2 9.31e-02 3.74e-02f  1
iter    objective    inf_pr   inf_du lg(mu)  ||d||  lg(rg) alpha_du alpha_pr  ls
 290r 2.7569904e+01 7.08e-01 1.36e+04  -1.5 1.39e+00   0.6 2.61e-01 1.08e-01f  1
 291r 2.7406475e+01 6.38e-01 1.78e+04  -1.5 3.52e+00   0.1 1.92e-01 9.77e-02f  1
 292r 2.7268672e+01 8.95e-01 9.39e+03  -1.5 1.63e+00   0.5 5.71e-01 1.94e-01f  1
 293r 2.7072757e+01 9.74e-01 1.03e+04  -1.5 3.37e+00   0.0 1.46e-01 1.05e-01f  1
 294r 2.6851095e+01 1.12e+00 9.75e+03  -1.5 7.57e+00  -0.4 7.19e-02 5.75e-02f  1
 295r 2.6812795e+01 1.10e+00 9.19e+03  -1.5 2.54e+00  -0.0 1.38e-01 1.82e-02f  1
 296r 2.6658459e+01 9.04e-01 7.89e+03  -1.5 1.27e+00   0.4 5.14e-02 1.73e-01f  1
 297r 2.6331534e+01 9.69e-01 6.56e+03  -1.5 2.46e+00  -0.1 4.02e-01 1.43e-01f  1
 298r 2.6093451e+01 1.47e+00 6.18e+03  -1.5 6.81e+00  -0.5 4.83e-02 5.27e-02f  1
 299r 2.5860773e+01 1.96e+00 5.60e+03  -1.5 2.50e+00  -0.1 8.37e-02 9.51e-02f  1
iter    objective    inf_pr   inf_du lg(mu)  ||d||  lg(rg) alpha_du alpha_pr  ls
 300r 2.5549654e+01 2.34e+00 5.42e+03  -1.5 7.93e+00  -0.6 1.21e-01 6.41e-02f  1
 301r 2.5034598e+01 3.68e+00 4.35e+03  -1.5 2.52e+00  -0.2 2.02e-01 1.98e-01f  1
 302r 2.5032899e+01 3.44e+00 4.01e+03  -1.5 9.37e-02   2.1 2.07e-01 6.47e-02f  1
 303r 2.5018818e+01 2.74e+00 2.03e+04  -1.5 9.76e-02   1.6 1.00e+00 2.15e-01f  1
 304r 2.4980662e+01 2.27e+00 1.07e+05  -1.5 1.95e-01   1.1 1.00e+00 2.08e-01f  1
 305r 2.4852801e+01 2.22e+00 3.18e+05  -1.5 3.96e-01   0.6 7.89e-01 2.45e-01f  1
 306r 2.4470834e+01 1.61e+00 2.67e+05  -1.5 1.14e+00   0.2 3.47e-01 2.78e-01f  1
 307r 2.4012487e+01 2.39e+00 2.95e+05  -1.5 3.20e+00  -0.3 2.35e-01 1.53e-01f  1
 308r 2.3785564e+01 4.27e+00 2.80e+05  -1.5 8.11e+00  -0.8 1.65e-01 4.60e-02f  1
 309r 2.3430551e+01 3.85e+00 3.11e+05  -1.5 3.11e+00  -0.4 2.23e-01 1.26e-01f  1
iter    objective    inf_pr   inf_du lg(mu)  ||d||  lg(rg) alpha_du alpha_pr  ls
 310r 2.2731951e+01 1.01e+01 4.79e+04  -1.5 1.32e+00   0.1 2.72e-01 4.95e-01f  1
 311r 2.2561015e+01 9.56e+00 2.89e+05  -1.5 2.65e+00  -0.4 6.18e-01 6.17e-02f  1
 312r 2.2118003e+01 9.09e+00 3.06e+05  -1.5 7.14e+00  -0.9 1.19e-01 1.06e-01f  1
 313r 2.1921898e+01 8.48e+00 1.48e+05  -1.5 2.37e+00  -0.5 5.83e-01 7.42e-02f  1
 314r 2.1507235e+01 6.41e+00 6.51e+05  -1.5 1.01e+00  -0.0 1.00e+00 3.04e-01f  1
 315r 2.1396507e+01 5.36e+00 6.64e+06  -1.5 5.53e-01   0.4 3.04e-02 1.91e-01f  1
 316r 2.1090021e+01 4.12e+00 4.83e+06  -1.5 8.53e-01  -0.1 1.00e+00 2.24e-01f  1
 317r 2.0664708e+01 4.09e+00 4.01e+06  -1.5 2.55e+00  -0.6 1.98e-01 1.75e-01f  1
 318r 2.0202756e+01 4.28e+00 3.33e+06  -1.5 2.79e+00  -1.0 7.28e-01 1.42e-01f  1
 319r 2.0125580e+01 4.38e-01 2.43e+06  -1.5 4.63e-02   1.2 2.02e-01 1.00e+00f  1
iter    objective    inf_pr   inf_du lg(mu)  ||d||  lg(rg) alpha_du alpha_pr  ls
 320  2.0009375e+01 4.35e-01 3.39e+02  -6.0 4.41e+02    -  8.54e-03 7.34e-03f  2
 321  1.9944518e+01 4.33e-01 4.74e+02  -6.0 5.57e+02    -  1.62e-02 4.09e-03f  2
 322  1.9868030e+01 4.31e-01 7.69e+02  -6.0 6.63e+02    -  4.07e-02 4.79e-03f  1
 323  1.9807209e+01 4.29e-01 1.23e+03  -6.0 1.23e+03    -  1.54e-02 3.75e-03f  2
 324  1.9772459e+01 4.28e-01 1.77e+03  -6.0 1.31e+03    -  1.64e-02 2.14e-03f  2
 325  1.9748196e+01 4.27e-01 2.06e+03  -6.0 1.31e+03    -  5.24e-02 1.49e-03f  3
 326  1.9728461e+01 4.27e-01 2.67e+03  -6.0 1.30e+03    -  2.26e-02 1.20e-03h  5
 327  1.9710596e+01 4.26e-01 5.06e+03  -6.0 1.33e+03    -  5.83e-02 1.08e-03h  6
 328  1.8730983e+01 2.00e+00 8.68e+04  -6.0 1.36e+03    -  7.03e-02 5.86e-02f  1
 329  1.8727604e+01 2.00e+00 8.68e+04  -6.0 3.39e+03    -  3.23e-02 2.09e-04h  1
iter    objective    inf_pr   inf_du lg(mu)  ||d||  lg(rg) alpha_du alpha_pr  ls
 330  1.8672395e+01 2.00e+00 8.67e+04  -6.0 3.40e+03    -  1.13e-02 3.40e-03h  1
 331  1.8455865e+01 2.00e+00 8.81e+04  -6.0 3.48e+03    -  3.94e-02 1.34e-02h  1
 332  1.8446363e+01 1.99e+00 8.80e+04  -6.0 3.85e+03    -  4.75e-02 5.89e-04h  1
 333  1.8411273e+01 1.99e+00 8.79e+04  -6.0 3.92e+03    -  8.65e-02 2.16e-03h  1
 334  1.8057367e+01 2.00e+00 9.25e+04  -6.0 4.15e+03    -  9.28e-02 2.17e-02f  1
 335  1.7598840e+01 1.99e+00 1.05e+05  -6.0 4.84e+03    -  1.05e-01 2.83e-02f  1
 336  1.7567944e+01 1.98e+00 2.07e+05  -6.0 5.47e+03    -  1.25e-01 1.93e-03h  1
 337  1.7353440e+01 1.96e+00 1.99e+05  -6.0 6.43e+03    -  1.05e-02 1.36e-02h  1
 338  1.6526505e+01 3.11e+00 1.71e+05  -6.0 6.30e+03    -  3.86e-02 5.29e-02f  1
 339  1.6493910e+01 3.10e+00 1.60e+05  -6.0 5.85e+03    -  9.52e-02 2.13e-03h  1
iter    objective    inf_pr   inf_du lg(mu)  ||d||  lg(rg) alpha_du alpha_pr  ls
 340  1.6068835e+01 3.93e+00 2.58e+05  -6.0 7.22e+03    -  6.64e-02 2.88e-02h  1
 341  1.5857477e+01 4.12e+00 2.15e+05  -6.0 1.12e+04    -  1.89e-04 1.48e-02h  1
 342r 1.5857477e+01 4.12e+00 1.00e+03   0.5 0.00e+00    -  0.00e+00 1.75e-09R  2
 343r 1.5857761e+01 4.12e+00 1.00e+03   0.5 4.17e+06    -  1.81e-07 9.64e-08f  1
 344r 1.5857593e+01 4.10e+00 5.10e+03   0.5 3.01e+03    -  7.76e-04 5.55e-06f  1
 345  1.5857500e+01 4.10e+00 2.64e+03  -6.0 4.41e+03    -  1.08e-03 7.37e-06h  1
 346  1.5855615e+01 4.09e+00 4.92e+04  -6.0 4.61e+03    -  8.07e-06 1.49e-04h  1
 347  1.5854607e+01 4.09e+00 4.92e+04  -6.0 4.63e+03    -  1.18e-03 7.97e-05h  1
 348  1.5838765e+01 4.09e+00 4.92e+04  -6.0 4.66e+03    -  2.74e-04 1.25e-03h  1
 349  1.5821355e+01 4.09e+00 4.92e+04  -6.0 4.71e+03    -  2.79e-03 1.37e-03f  1
iter    objective    inf_pr   inf_du lg(mu)  ||d||  lg(rg) alpha_du alpha_pr  ls
 350  1.5757205e+01 4.08e+00 4.89e+04  -6.0 4.79e+03    -  4.96e-03 5.05e-03h  1
 351  1.5711390e+01 4.07e+00 4.88e+04  -6.0 4.85e+03    -  2.65e-02 3.60e-03h  1
 352  1.5609441e+01 4.07e+00 4.84e+04  -6.0 4.88e+03    -  6.23e-03 7.96e-03h  1
 353  1.5473107e+01 4.08e+00 4.79e+04  -6.0 4.85e+03    -  4.71e-02 1.07e-02h  1
 354  1.5350248e+01 4.09e+00 4.74e+04  -6.0 4.80e+03    -  2.11e-02 9.61e-03h  1
 355  1.5350240e+01 4.09e+00 4.74e+04  -6.0 9.19e+03    -  1.73e-04 6.24e-07h  2
 356  1.5348081e+01 4.09e+00 4.74e+04  -6.0 9.26e+03    -  3.08e-04 1.73e-04h  1
 357  1.5336921e+01 4.09e+00 4.73e+04  -6.0 9.30e+03    -  7.60e-04 8.94e-04h  1
 358  1.5331351e+01 4.09e+00 5.40e+04  -6.0 9.77e+03    -  1.93e-03 4.40e-04h  1
 359r 1.5331351e+01 4.09e+00 1.00e+03   0.5 0.00e+00    -  0.00e+00 1.74e-08R  2
iter    objective    inf_pr   inf_du lg(mu)  ||d||  lg(rg) alpha_du alpha_pr  ls
 360r 1.5331351e+01 4.09e+00 1.00e+03   0.5 3.24e+04    -  5.67e-07 1.27e-07f  1
 361  1.5331349e+01 4.09e+00 1.01e+02  -6.0 4.85e+03    -  3.47e-07 1.56e-07h  2
 362  1.5331348e+01 4.09e+00 1.61e+05  -6.0 5.30e+03    -  1.65e-02 1.08e-07h  2
 363  1.5302021e+01 4.08e+00 1.63e+05  -6.0 1.08e+04    -  3.21e-05 2.31e-03h  1
 364  1.5279479e+01 4.08e+00 1.63e+05  -6.0 1.13e+04    -  1.01e-03 1.73e-03h  1
 365  1.5262157e+01 4.08e+00 1.63e+05  -6.0 1.12e+04    -  4.79e-04 1.32e-03h  1
 366  1.5250512e+01 4.08e+00 1.63e+05  -6.0 1.12e+04    -  7.93e-04 8.76e-04h  1
 367  1.5209727e+01 4.08e+00 1.63e+05  -6.0 1.09e+04    -  8.87e-04 3.05e-03h  1
 368r 1.5209727e+01 4.08e+00 1.00e+03   0.5 0.00e+00    -  0.00e+00 4.00e-08R  2
 369r 1.5209685e+01 4.08e+00 5.67e+03   0.5 2.98e+03    -  4.70e-05 4.66e-08f  1
iter    objective    inf_pr   inf_du lg(mu)  ||d||  lg(rg) alpha_du alpha_pr  ls
 370r 1.5209685e+01 4.08e+00 9.99e+02   0.5 0.00e+00    -  0.00e+00 4.46e-09R  6
 371r 1.5209684e+01 4.08e+00 8.00e+03   0.5 2.98e+03    -  8.52e-05 8.31e-09f  1
 372  1.5209605e+01 4.08e+00 6.66e+03  -6.0 4.24e+03    -  1.48e-04 6.50e-06h  1
 373  1.5209437e+01 4.08e+00 1.07e+04  -6.0 4.54e+03    -  8.64e-06 1.37e-05h  1
 374  1.5209418e+01 4.08e+00 1.20e+05  -6.0 4.99e+03    -  9.33e-03 1.64e-06h  1
 375  1.5209313e+01 4.08e+00 1.20e+05  -6.0 5.91e+03    -  2.39e-05 9.08e-06h  1
 376  1.5208998e+01 4.08e+00 2.47e+05  -6.0 1.10e+04    -  2.86e-03 2.38e-05h  1
 377  1.5206858e+01 4.08e+00 2.43e+05  -6.0 1.11e+04    -  5.74e-05 1.62e-04h  1
 378  1.5206379e+01 4.08e+00 2.54e+05  -6.0 1.21e+04    -  2.43e-04 3.85e-05h  1
 379  1.5186861e+01 4.07e+00 1.86e+05  -6.0 1.12e+04    -  5.37e-07 1.47e-03f  1
iter    objective    inf_pr   inf_du lg(mu)  ||d||  lg(rg) alpha_du alpha_pr  ls
 380  1.5185239e+01 4.07e+00 4.02e+05  -6.0 1.11e+04    -  4.64e-03 1.22e-04h  1
 381  1.5152134e+01 4.07e+00 3.91e+05  -6.0 1.19e+04    -  2.30e-03 2.49e-03h  1
 382  1.5049320e+01 4.13e+00 4.19e+05  -6.0 1.08e+04    -  7.14e-03 7.61e-03f  1
 383  1.4999502e+01 4.13e+00 1.35e+06  -6.0 8.18e+03    -  2.15e-02 3.54e-03h  1
 384  1.4945108e+01 4.14e+00 1.47e+06  -6.0 8.82e+03    -  5.70e-03 3.87e-03h  1
 385  1.4869827e+01 4.16e+00 1.84e+06  -6.0 7.90e+03    -  1.08e-02 5.26e-03h  1
 386  1.4648467e+01 4.32e+00 2.39e+06  -6.0 7.88e+03    -  2.40e-02 1.46e-02h  1
 387  1.4647074e+01 4.32e+00 2.38e+06  -6.0 1.74e+04    -  1.55e-08 7.47e-05h  1
 388  1.4607743e+01 4.32e+00 2.35e+06  -6.0 3.88e+04    -  7.13e-04 1.11e-03h  1
 389  1.4560908e+01 4.31e+00 2.39e+06  -6.0 1.03e+04    -  4.08e-03 2.61e-03h  1
iter    objective    inf_pr   inf_du lg(mu)  ||d||  lg(rg) alpha_du alpha_pr  ls
 390  1.4471723e+01 4.30e+00 2.26e+06  -6.0 7.09e+03    -  4.70e-04 5.59e-03h  1
 391  1.4452774e+01 4.30e+00 2.71e+06  -6.0 5.98e+04  -3.3 2.59e-07 3.49e-04h  1
 392  1.4452401e+01 4.30e+00 2.43e+06  -6.0 9.85e+03  -3.7 1.50e-03 2.01e-05h  1
 393  1.4395549e+01 4.28e+00 9.50e+06  -6.0 6.38e+03  -3.3 6.10e-04 3.46e-03h  1
 394r 1.4395549e+01 4.28e+00 1.00e+03   0.5 0.00e+00    -  0.00e+00 5.07e-09R  4
 395r 1.4395568e+01 4.28e+00 1.00e+03   0.5 4.18e+06    -  2.09e-07 7.06e-10f  1
 396  1.4395567e+01 4.28e+00 1.01e+02  -6.0 3.77e+03    -  2.27e-07 7.15e-08h  2
 397  1.4395551e+01 4.28e+00 1.01e+02  -6.0 3.62e+03    -  1.04e-05 1.32e-06h  1
 398  1.4387210e+01 4.28e+00 1.47e+03  -6.0 3.48e+03    -  3.05e-06 6.69e-04f  1
 399  1.4386922e+01 4.28e+00 1.47e+03  -6.0 3.52e+03    -  1.12e-04 2.31e-05h  1
iter    objective    inf_pr   inf_du lg(mu)  ||d||  lg(rg) alpha_du alpha_pr  ls
 400  1.4385597e+01 4.28e+00 1.47e+03  -6.0 3.57e+03    -  3.29e-04 1.05e-04f  1
 401  1.4352424e+01 4.27e+00 3.68e+03  -6.0 3.55e+03    -  1.60e-04 2.64e-03f  1
 402  1.4341537e+01 4.27e+00 4.12e+03  -6.0 3.53e+03    -  5.65e-04 8.71e-04f  1
 403  1.4255643e+01 4.25e+00 9.62e+03  -6.0 3.53e+03    -  2.87e-03 6.88e-03f  1
 404  1.4171777e+01 4.23e+00 1.23e+04  -6.0 3.48e+03    -  5.12e-04 6.85e-03f  1
 405  1.4155339e+01 4.23e+00 1.24e+04  -6.0 3.45e+03    -  2.81e-03 1.37e-03f  1
 406  1.4122445e+01 4.22e+00 1.29e+04  -6.0 3.48e+03    -  1.42e-03 2.76e-03h  1
 407  1.4118597e+01 4.22e+00 1.17e+04  -6.0 3.42e+03    -  7.61e-04 3.37e-04h  1
 408  1.4102256e+01 4.21e+00 2.89e+04  -6.0 3.42e+03    -  1.55e-02 1.43e-03f  1
 409  1.4017215e+01 4.19e+00 1.20e+04  -6.0 3.41e+03    -  1.99e-03 7.39e-03f  1
iter    objective    inf_pr   inf_du lg(mu)  ||d||  lg(rg) alpha_du alpha_pr  ls
 410  1.3963007e+01 4.18e+00 4.90e+04  -6.0 3.37e+03    -  2.24e-02 4.72e-03h  1
 411  1.3922768e+01 4.17e+00 7.54e+04  -6.0 3.37e+03    -  1.93e-02 3.50e-03h  1
 412  1.3838395e+01 4.15e+00 1.06e+05  -6.0 3.37e+03    -  2.83e-02 7.34e-03h  1
 413  1.3838390e+01 4.15e+00 7.50e+04  -6.0 4.28e+03    -  5.76e-04 5.62e-07h  2
 414  1.3838355e+01 4.15e+00 2.65e+05  -6.0 4.34e+03    -  2.74e-03 3.74e-06h  1
 415  1.3826969e+01 4.15e+00 2.01e+05  -6.0 4.32e+03    -  4.17e-09 1.06e-03f  1
 416r 1.3826969e+01 4.15e+00 1.00e+03   0.5 0.00e+00    -  0.00e+00 6.58e-09R  5
 417r 1.3826928e+01 4.15e+00 1.69e+04   0.5 1.83e+04    -  9.58e-06 1.65e-07f  1
 418  1.3826922e+01 4.15e+00 8.84e+05  -6.0 3.26e+03    -  1.41e-02 5.39e-07h  2
 419  1.3818920e+01 4.14e+00 2.88e+08  -6.0 3.93e+03    -  1.99e-06 6.50e-04h  1
iter    objective    inf_pr   inf_du lg(mu)  ||d||  lg(rg) alpha_du alpha_pr  ls
 420r 1.3818920e+01 4.14e+00 1.00e+03   0.5 0.00e+00    -  0.00e+00 3.98e-10R  2
 421r 1.3818934e+01 4.14e+00 1.00e+03   0.5 9.96e+07    -  1.52e-08 1.19e-10f  1
 422  1.3818933e+01 4.14e+00 1.01e+02  -6.0 3.50e+03    -  5.56e-07 8.61e-08h  2
 423  1.3818931e+01 4.14e+00 8.22e+04  -6.0 3.84e+03    -  6.21e-03 1.61e-07h  2
 424  1.3772351e+01 4.13e+00 5.59e+05  -6.0 4.03e+03    -  2.97e-05 3.73e-03h  1
 425  1.3703643e+01 4.12e+00 5.56e+05  -6.0 3.91e+03    -  1.15e-02 5.49e-03h  1
 426  1.3566843e+01 4.12e+00 5.49e+05  -6.0 3.96e+03    -  5.61e-03 1.07e-02h  1
 427  1.3517843e+01 4.11e+00 5.47e+05  -6.0 3.89e+03    -  2.34e-06 3.82e-03h  1
 428  1.3317935e+01 4.12e+00 5.39e+05  -6.0 3.75e+03    -  5.06e-04 1.50e-02h  1
 429  1.3266314e+01 4.11e+00 5.37e+05  -6.0 3.33e+03    -  1.33e-02 4.09e-03h  1
iter    objective    inf_pr   inf_du lg(mu)  ||d||  lg(rg) alpha_du alpha_pr  ls
 430  1.3188572e+01 4.09e+00 5.33e+05  -6.0 3.27e+03    -  1.82e-02 6.26e-03h  1
 431  1.3187708e+01 4.09e+00 5.33e+05  -6.0 4.47e+03    -  5.45e-03 8.70e-05h  1
 432  1.3127204e+01 4.08e+00 5.28e+05  -6.0 4.63e+03    -  5.86e-09 5.99e-03f  1
 433  1.2921849e+01 4.07e+00 5.18e+05  -6.0 3.08e+03    -  6.92e-03 1.54e-02h  1
 434  1.2759205e+01 4.05e+00 5.05e+05  -6.0 2.61e+03    -  9.39e-03 1.24e-02h  1
 435r 1.2759205e+01 4.05e+00 1.00e+03   0.5 0.00e+00    -  0.00e+00 3.76e-08R  2
 436r 1.2760010e+01 4.05e+00 1.00e+03   0.5 1.54e+06    -  3.14e-08 2.86e-08f  1
 437  1.2759961e+01 4.05e+00 1.01e+02  -6.0 2.81e+03    -  1.49e-06 4.27e-06h  1
 438  1.2759870e+01 4.04e+00 1.01e+02  -6.0 2.73e+03    -  9.51e-06 7.83e-06f  1
 439  1.2759444e+01 4.04e+00 1.01e+02  -6.0 2.73e+03    -  8.47e-06 3.68e-05f  1
iter    objective    inf_pr   inf_du lg(mu)  ||d||  lg(rg) alpha_du alpha_pr  ls
 440  1.2758961e+01 4.04e+00 1.01e+02  -6.0 2.73e+03    -  2.05e-04 4.16e-05h  1
 441  1.2747509e+01 4.04e+00 1.68e+02  -6.0 2.74e+03    -  1.10e-04 9.89e-04f  1
 442  1.2742020e+01 4.04e+00 2.60e+02  -6.0 2.72e+03    -  5.51e-05 4.82e-04f  1
 443  1.2733936e+01 4.04e+00 3.83e+02  -6.0 2.69e+03    -  3.86e-03 7.08e-04f  1
 444  1.2666462e+01 4.02e+00 6.83e+03  -6.0 2.70e+03    -  7.78e-04 5.85e-03f  1
 445  1.2660416e+01 4.02e+00 1.24e+05  -6.0 2.48e+03    -  6.88e-02 5.48e-04f  1
 446  1.2614519e+01 4.00e+00 1.43e+05  -6.0 3.01e+03    -  8.29e-03 4.39e-03h  1
 447r 1.2614519e+01 4.00e+00 1.00e+03   0.5 0.00e+00    -  0.00e+00 3.86e-08R  2
 448r 1.2614594e+01 4.00e+00 2.11e+04   0.5 2.41e+05    -  1.70e-07 1.47e-07f  1
 449  1.2614528e+01 4.00e+00 1.30e+06  -6.0 2.45e+03    -  1.82e-02 6.00e-06h  1
iter    objective    inf_pr   inf_du lg(mu)  ||d||  lg(rg) alpha_du alpha_pr  ls
 450  1.2609295e+01 4.00e+00 8.58e+07  -6.0 2.53e+03    -  7.38e-06 4.88e-04h  1
 451  1.2549048e+01 3.98e+00 8.53e+07  -6.0 2.57e+03    -  2.00e-02 5.64e-03h  1
 452  1.2529777e+01 3.98e+00 8.52e+07  -6.0 2.88e+03    -  6.29e-03 1.95e-03h  1
 453r 1.2529777e+01 3.98e+00 1.00e+03   0.5 0.00e+00    -  0.00e+00 8.04e-09R  2
 454r 1.2529777e+01 3.98e+00 1.00e+03   0.5 1.14e+06    -  1.21e-06 1.16e-10f  1
 455  1.2529776e+01 3.98e+00 1.05e+05  -6.0 2.65e+03    -  2.15e-03 1.03e-07h  2
 456  1.2516538e+01 3.97e+00 6.44e+07  -6.0 2.64e+03    -  2.07e-06 1.27e-03h  1
 457  1.2506290e+01 3.97e+00 6.43e+07  -6.0 2.85e+03    -  9.46e-03 1.01e-03h  1
 458  1.2486573e+01 3.96e+00 6.42e+07  -6.0 3.58e+03    -  2.65e-03 2.06e-03f  1
 459  1.2486566e+01 3.96e+00 6.42e+07  -6.0 6.25e+03    -  2.31e-03 7.44e-07h  2
iter    objective    inf_pr   inf_du lg(mu)  ||d||  lg(rg) alpha_du alpha_pr  ls
 460  1.2472721e+01 3.95e+00 6.41e+07  -6.0 6.13e+03    -  1.18e-04 1.48e-03h  1
 461  1.2449726e+01 3.95e+00 6.39e+07  -6.0 7.28e+03    -  1.65e-03 2.54e-03h  1
 462  1.2432003e+01 3.94e+00 6.38e+07  -6.0 7.37e+03    -  6.46e-04 1.97e-03f  1
 463  1.2381748e+01 3.94e+00 6.34e+07  -6.0 7.34e+03    -  8.96e-04 5.58e-03h  1
 464  1.2349729e+01 3.93e+00 6.32e+07  -6.0 7.12e+03    -  1.24e-03 3.55e-03h  1
 465  1.2273384e+01 3.94e+00 6.27e+07  -6.0 7.00e+03    -  1.33e-02 8.49e-03h  1
 466  1.2147933e+01 4.01e+00 6.18e+07  -6.0 6.76e+03    -  1.28e-02 1.41e-02h  1
 467  1.2142882e+01 4.00e+00 6.18e+07  -6.0 6.35e+03    -  2.14e-02 5.71e-04h  1
 468  1.1945449e+01 4.20e+00 6.04e+07  -6.0 6.33e+03    -  7.55e-08 2.22e-02f  1
 469  1.1942152e+01 4.20e+00 6.04e+07  -6.0 5.48e+03    -  1.06e-02 3.73e-04h  1
iter    objective    inf_pr   inf_du lg(mu)  ||d||  lg(rg) alpha_du alpha_pr  ls
 470  1.1931323e+01 4.20e+00 6.03e+07  -6.0 5.52e+03    -  3.33e-02 1.23e-03h  1
 471  1.1713121e+01 4.41e+00 5.88e+07  -6.0 5.62e+03    -  5.20e-02 2.47e-02h  1
 472  1.1702772e+01 4.41e+00 5.87e+07  -6.0 5.04e+03    -  4.13e-02 1.19e-03h  1
 473  1.1650496e+01 4.40e+00 5.84e+07  -6.0 5.43e+03    -  1.07e-01 6.02e-03h  1
 474  1.1649588e+01 4.39e+00 5.84e+07  -6.0 6.76e+03    -  1.02e-01 1.02e-04h  1
 475  1.1276814e+01 4.31e+00 5.59e+07  -6.0 8.56e+03    -  1.54e-02 4.21e-02h  1
 476  1.1161554e+01 4.26e+00 5.52e+07  -6.0 9.34e+03    -  1.45e-01 1.34e-02h  1
 477  1.1109368e+01 4.21e+00 5.43e+07  -6.0 5.01e+03  -2.9 1.76e-04 1.52e-02h  1
 478  1.0846269e+01 1.10e+01 5.31e+07  -6.0 2.98e+04    -  5.21e-03 2.26e-02h  1
 479r 1.0846269e+01 1.10e+01 1.00e+03   0.9 0.00e+00    -  0.00e+00 6.74e-09R  7
iter    objective    inf_pr   inf_du lg(mu)  ||d||  lg(rg) alpha_du alpha_pr  ls
 480r 1.0846060e+01 1.10e+01 2.13e+03   0.9 8.16e+03    -  5.65e-05 5.43e-08f  1
 481  1.0846053e+01 1.10e+01 1.01e+02  -6.0 3.16e+03    -  1.69e-04 9.48e-07h  2
 482  1.0846033e+01 1.10e+01 8.29e+03  -6.0 2.33e+03    -  3.75e-04 2.57e-06h  1
 483  1.0845766e+01 1.10e+01 3.66e+05  -6.0 3.32e+03    -  6.12e-03 3.39e-05h  1
 484  1.0842859e+01 1.10e+01 5.60e+05  -6.0 3.16e+03    -  3.70e-03 3.65e-04h  1
 485  1.0790024e+01 1.09e+01 8.28e+05  -6.0 3.17e+03    -  1.12e-02 6.75e-03h  1
 486  1.0705803e+01 1.08e+01 1.26e+06  -6.0 3.20e+03    -  1.84e-02 1.08e-02h  1
 487  1.0659996e+01 1.08e+01 9.00e+06  -6.0 4.28e+03    -  9.31e-02 6.27e-03h  1
 488  1.0597813e+01 1.07e+01 8.36e+06  -6.0 6.20e+03    -  5.67e-03 9.80e-03h  1
 489  1.0483242e+01 1.05e+01 1.73e+07  -6.0 6.32e+03    -  8.41e-02 1.81e-02h  1
iter    objective    inf_pr   inf_du lg(mu)  ||d||  lg(rg) alpha_du alpha_pr  ls
 490  1.0484007e+01 1.05e+01 1.73e+07  -6.0 4.05e+04    -  1.36e-09 2.06e-04h  1
 491  1.0481228e+01 1.05e+01 1.73e+07  -6.0 5.53e+04    -  8.23e-04 1.11e-03h  1
 492  1.0477645e+01 1.07e+01 1.73e+07  -6.0 5.76e+04    -  1.21e-03 1.36e-03h  1
 493  1.0468789e+01 1.15e+01 1.71e+07  -6.0 5.99e+04    -  4.27e-03 3.27e-03f  1
 494  1.0461955e+01 1.22e+01 1.75e+07  -6.0 6.25e+04    -  1.35e-03 2.78e-03h  1
 495  1.0461952e+01 1.22e+01 1.75e+07  -6.0 7.02e+04    -  3.14e-08 3.73e-05h  1
 496r 1.0461952e+01 1.22e+01 1.00e+03   1.0 0.00e+00    -  0.00e+00 4.97e-07R  5
 497r 1.0461495e+01 1.22e+01 6.30e+04   1.0 9.02e+03    -  4.45e-07 1.14e-07f  1
 498r 1.0461495e+01 1.22e+01 9.99e+02   1.0 0.00e+00    -  0.00e+00 1.04e-07R  2
 499r 1.0461494e+01 1.22e+01 3.87e+04   1.0 9.02e+03    -  6.35e-06 2.25e-09f  1
iter    objective    inf_pr   inf_du lg(mu)  ||d||  lg(rg) alpha_du alpha_pr  ls
 500  1.0461490e+01 1.22e+01 9.93e+02  -6.0 3.39e+03    -  2.08e-05 3.77e-07h  2
 501  1.0461465e+01 1.22e+01 1.19e+03  -6.0 8.94e+03    -  2.60e-06 3.12e-06h  1
 502  1.0461412e+01 1.22e+01 2.23e+03  -6.0 1.06e+04    -  6.55e-05 6.98e-06h  1
 503  1.0461407e+01 1.22e+01 1.13e+03  -6.0 1.41e+04    -  1.36e-05 6.67e-07h  2
 504  1.0461373e+01 1.22e+01 1.26e+03  -6.0 1.73e+04    -  2.23e-05 4.87e-06h  1
 505  1.0461330e+01 1.22e+01 1.28e+03  -6.0 1.64e+04    -  2.74e-07 6.29e-06h  1
 506  1.0461188e+01 1.22e+01 1.37e+03  -6.0 1.81e+04    -  5.94e-05 3.04e-05f  1
 507  1.0460979e+01 1.22e+01 1.17e+03  -6.0 2.21e+04    -  3.23e-05 5.03e-05h  1
 508  1.0460915e+01 1.22e+01 1.81e+04  -6.0 2.60e+04    -  5.19e-04 1.88e-05h  1
 509r 1.0460915e+01 1.22e+01 1.00e+03   1.0 0.00e+00    -  0.00e+00 9.61e-09R  2
iter    objective    inf_pr   inf_du lg(mu)  ||d||  lg(rg) alpha_du alpha_pr  ls
 510r 1.0460879e+01 1.22e+01 7.16e+04   1.0 9.02e+03    -  5.95e-06 1.15e-08f  1
 511r 1.0460879e+01 1.22e+01 9.99e+02   1.0 0.00e+00    -  0.00e+00 4.09e-08R  2
 512r 1.0460875e+01 1.22e+01 3.97e+04   1.0 9.02e+03    -  6.35e-06 2.30e-09f  1
 513  1.0460872e+01 1.22e+01 6.71e+02  -6.0 3.39e+03    -  1.39e-05 3.51e-07h  2
 514  1.0460849e+01 1.22e+01 6.58e+02  -6.0 1.04e+04    -  2.73e-06 2.68e-06h  1
 515  1.0460841e+01 1.22e+01 6.19e+03  -6.0 1.31e+04    -  2.80e-04 9.88e-07h  2
 516  1.0460786e+01 1.22e+01 8.07e+03  -6.0 2.45e+04    -  6.11e-06 8.19e-06h  1
 517  1.0460781e+01 1.22e+01 8.83e+03  -6.0 2.62e+04    -  1.10e-04 8.59e-07h  2
 518  1.0460778e+01 1.22e+01 8.08e+03  -6.0 2.75e+04    -  1.73e-05 4.05e-07h  2
 519  1.0460777e+01 1.22e+01 8.84e+03  -6.0 2.99e+04    -  1.17e-04 4.53e-07h  2
iter    objective    inf_pr   inf_du lg(mu)  ||d||  lg(rg) alpha_du alpha_pr  ls
 520  1.0460661e+01 1.22e+01 1.07e+04  -6.0 3.35e+04    -  1.83e-05 6.35e-05h  1
 521  1.0460343e+01 1.22e+01 3.45e+04  -6.0 3.47e+04    -  8.21e-04 1.74e-04h  1
 522  1.0460163e+01 1.22e+01 2.41e+04  -6.0 3.99e+04    -  2.80e-04 4.76e-04h  1
 523r 1.0460163e+01 1.22e+01 1.00e+03   1.0 0.00e+00    -  0.00e+00 5.33e-09R  2
 524r 1.0460163e+01 1.22e+01 2.26e+04   1.0 9.02e+03    -  2.00e-07 3.20e-12f  1
 525r 1.0460163e+01 1.22e+01 9.99e+02   1.0 0.00e+00    -  0.00e+00 3.12e-08R  2
 526r 1.0460160e+01 1.22e+01 3.87e+04   1.0 9.02e+03    -  6.34e-06 2.25e-09f  1
 527  1.0460157e+01 1.22e+01 5.11e+02  -6.0 3.40e+03    -  1.08e-05 3.33e-07h  2
 528  1.0460146e+01 1.22e+01 1.88e+02  -6.0 1.21e+04    -  2.91e-06 1.13e-06h  2
 529  1.0460139e+01 1.22e+01 7.09e+02  -6.0 1.43e+04    -  1.90e-05 7.35e-07h  2
iter    objective    inf_pr   inf_du lg(mu)  ||d||  lg(rg) alpha_du alpha_pr  ls
 530  1.0460116e+01 1.22e+01 4.50e+02  -6.0 2.14e+04    -  5.18e-06 2.70e-06h  1
 531  1.0460108e+01 1.22e+01 8.53e+02  -6.0 2.62e+04    -  2.91e-05 1.02e-06h  2
 532  1.0460071e+01 1.22e+01 7.01e+02  -6.0 2.96e+04    -  1.04e-05 5.65e-06h  1
 533  1.0460035e+01 1.22e+01 4.19e+04  -6.0 3.57e+04    -  8.76e-04 2.00e-05f  1
 534  1.0460035e+01 1.22e+01 4.23e+04  -6.0 4.16e+04    -  3.42e-05 2.73e-05h  1
 535r 1.0460035e+01 1.22e+01 1.00e+03   1.0 0.00e+00    -  0.00e+00 3.45e-10R  2
 536r 1.0460035e+01 1.22e+01 6.74e+03   1.0 9.02e+03    -  1.98e-06 1.45e-11f  1
 537r 1.0460035e+01 1.22e+01 9.99e+02   1.0 0.00e+00    -  0.00e+00 3.98e-08R  2
 538r 1.0460030e+01 1.22e+01 3.87e+04   1.0 9.02e+03    -  6.35e-06 2.25e-09f  1
 539  1.0460027e+01 1.22e+01 5.65e+02  -6.0 3.40e+03    -  1.20e-05 3.45e-07h  2
iter    objective    inf_pr   inf_du lg(mu)  ||d||  lg(rg) alpha_du alpha_pr  ls
 540  1.0460018e+01 1.22e+01 2.04e+02  -6.0 1.27e+04    -  2.86e-06 1.09e-06h  2
 541  1.0460012e+01 1.22e+01 8.07e+02  -6.0 1.51e+04    -  2.17e-05 7.12e-07h  2
 542  1.0460001e+01 1.22e+01 3.64e+02  -6.0 2.36e+04    -  4.96e-06 1.44e-06h  2
 543  1.0459991e+01 1.22e+01 8.65e+02  -6.0 2.68e+04    -  2.97e-05 1.50e-06h  2
 544  1.0459960e+01 1.22e+01 7.33e+02  -6.0 3.09e+04    -  8.77e-06 5.48e-06h  1
 545  1.0459937e+01 1.22e+01 4.55e+04  -6.0 3.68e+04    -  9.41e-04 1.62e-05f  1
 546  1.0459938e+01 1.22e+01 4.54e+04  -6.0 4.19e+04    -  2.91e-05 3.12e-05h  1
 547r 1.0459938e+01 1.22e+01 1.00e+03   1.0 0.00e+00    -  0.00e+00 2.85e-10R  2
 548r 1.0459938e+01 1.22e+01 5.82e+03   1.0 9.02e+03    -  1.72e-06 1.68e-11f  1
 549r 1.0459938e+01 1.22e+01 9.99e+02   1.0 0.00e+00    -  0.00e+00 6.77e-08R  2
iter    objective    inf_pr   inf_du lg(mu)  ||d||  lg(rg) alpha_du alpha_pr  ls
 550r 1.0459933e+01 1.22e+01 3.87e+04   1.0 9.02e+03    -  6.35e-06 2.25e-09f  1
 551  1.0459930e+01 1.22e+01 5.81e+02  -6.0 3.40e+03    -  1.23e-05 3.53e-07h  2
 552  1.0459921e+01 1.22e+01 2.12e+02  -6.0 1.28e+04    -  2.85e-06 1.10e-06h  2
 553  1.0459915e+01 1.22e+01 7.53e+02  -6.0 1.53e+04    -  1.96e-05 7.04e-07h  2
 554  1.0459905e+01 1.22e+01 3.39e+02  -6.0 2.40e+04    -  5.08e-06 1.33e-06h  2
 555  1.0459895e+01 1.22e+01 8.45e+02  -6.0 2.75e+04    -  2.95e-05 1.47e-06h  2
 556  1.0459864e+01 1.22e+01 7.29e+02  -6.0 3.17e+04    -  8.58e-06 5.51e-06h  1
 557  1.0459845e+01 1.22e+01 4.83e+04  -6.0 3.78e+04    -  9.74e-04 1.59e-05h  1
 558  1.0459849e+01 1.22e+01 4.82e+04  -6.0 4.22e+04    -  2.88e-05 3.15e-05h  1
 559r 1.0459849e+01 1.22e+01 1.00e+03   1.0 0.00e+00    -  0.00e+00 2.81e-10R  2
iter    objective    inf_pr   inf_du lg(mu)  ||d||  lg(rg) alpha_du alpha_pr  ls
 560r 1.0459849e+01 1.22e+01 5.58e+03   1.0 9.02e+03    -  1.73e-06 1.76e-11f  1
 561r 1.0459849e+01 1.22e+01 9.99e+02   1.0 0.00e+00    -  0.00e+00 6.43e-08R  2
 562r 1.0459844e+01 1.22e+01 3.87e+04   1.0 9.02e+03    -  6.35e-06 2.25e-09f  1
 563  1.0459841e+01 1.22e+01 5.75e+02  -6.0 3.39e+03    -  1.22e-05 3.52e-07h  2
 564  1.0459831e+01 1.22e+01 2.06e+02  -6.0 1.29e+04    -  2.86e-06 1.08e-06h  2
 565  1.0459825e+01 1.22e+01 6.83e+02  -6.0 1.55e+04    -  1.73e-05 6.94e-07h  2
 566  1.0459816e+01 1.22e+01 3.04e+02  -6.0 2.42e+04    -  5.20e-06 1.22e-06h  2
 567  1.0459806e+01 1.22e+01 8.11e+02  -6.0 2.80e+04    -  2.89e-05 1.44e-06h  2
 568  1.0459776e+01 1.22e+01 7.15e+02  -6.0 3.24e+04    -  8.38e-06 5.50e-06h  1
 569  1.0459760e+01 1.22e+01 5.13e+04  -6.0 3.87e+04    -  1.01e-03 1.51e-05h  1
iter    objective    inf_pr   inf_du lg(mu)  ||d||  lg(rg) alpha_du alpha_pr  ls
 570  1.0459766e+01 1.22e+01 5.11e+04  -6.0 4.25e+04    -  2.77e-05 3.17e-05h  1
 571r 1.0459766e+01 1.22e+01 1.00e+03   1.0 0.00e+00    -  0.00e+00 2.80e-10R  2
 572r 1.0459766e+01 1.22e+01 5.28e+03   1.0 9.02e+03    -  1.75e-06 1.85e-11f  1
 573r 1.0459766e+01 1.22e+01 9.99e+02   1.0 0.00e+00    -  0.00e+00 6.61e-08R  2
 574r 1.0459761e+01 1.22e+01 3.87e+04   1.0 9.02e+03    -  6.35e-06 2.25e-09f  1
 575  1.0459758e+01 1.22e+01 5.69e+02  -6.0 3.39e+03    -  1.20e-05 3.51e-07h  2
 576  1.0459749e+01 1.22e+01 2.02e+02  -6.0 1.30e+04    -  2.86e-06 1.08e-06h  2
 577  1.0459743e+01 1.22e+01 6.32e+02  -6.0 1.56e+04    -  1.56e-05 6.87e-07h  2
 578  1.0459734e+01 1.22e+01 2.79e+02  -6.0 2.42e+04    -  5.32e-06 1.14e-06h  2
 579  1.0459725e+01 1.22e+01 7.88e+02  -6.0 2.84e+04    -  2.84e-05 1.42e-06h  2
iter    objective    inf_pr   inf_du lg(mu)  ||d||  lg(rg) alpha_du alpha_pr  ls
 580  1.0459695e+01 1.22e+01 7.11e+02  -6.0 3.29e+04    -  8.23e-06 5.50e-06h  1
 581  1.0459681e+01 1.22e+01 5.43e+04  -6.0 3.93e+04    -  1.05e-03 1.44e-05h  1
 582  1.0459690e+01 1.22e+01 5.40e+04  -6.0 4.27e+04    -  2.69e-05 3.20e-05h  1
 583r 1.0459690e+01 1.22e+01 1.00e+03   1.0 0.00e+00    -  0.00e+00 2.81e-10R  2
 584r 1.0459690e+01 1.22e+01 5.04e+03   1.0 9.01e+03    -  1.79e-06 1.94e-11f  1
 585r 1.0459690e+01 1.22e+01 9.99e+02   1.0 0.00e+00    -  0.00e+00 6.63e-08R  2
 586r 1.0459685e+01 1.22e+01 3.87e+04   1.0 9.01e+03    -  6.35e-06 2.25e-09f  1
 587  1.0459682e+01 1.22e+01 5.64e+02  -6.0 3.39e+03    -  1.19e-05 3.50e-07h  2
 588  1.0459673e+01 1.22e+01 1.99e+02  -6.0 1.31e+04    -  2.87e-06 1.07e-06h  2
 589  1.0459667e+01 1.22e+01 5.95e+02  -6.0 1.57e+04    -  1.44e-05 6.81e-07h  2
iter    objective    inf_pr   inf_du lg(mu)  ||d||  lg(rg) alpha_du alpha_pr  ls
 590  1.0459659e+01 1.22e+01 2.62e+02  -6.0 2.43e+04    -  5.42e-06 1.08e-06h  2
 591  1.0459649e+01 1.22e+01 7.72e+02  -6.0 2.87e+04    -  2.81e-05 1.41e-06h  2
 592  1.0459619e+01 1.22e+01 7.10e+02  -6.0 3.33e+04    -  8.12e-06 5.50e-06h  1
 593  1.0459608e+01 1.22e+01 5.73e+04  -6.0 3.99e+04    -  1.10e-03 1.39e-05h  1
 594  1.0459619e+01 1.22e+01 5.70e+04  -6.0 4.29e+04    -  2.63e-05 3.21e-05h  1
 595r 1.0459619e+01 1.22e+01 1.00e+03   1.0 0.00e+00    -  0.00e+00 2.85e-10R  2
 596r 1.0459619e+01 1.22e+01 4.81e+03   1.0 9.01e+03    -  1.83e-06 2.04e-11f  1
 597r 1.0459619e+01 1.22e+01 9.99e+02   1.0 0.00e+00    -  0.00e+00 6.62e-08R  2
 598r 1.0459614e+01 1.22e+01 3.87e+04   1.0 9.01e+03    -  6.35e-06 2.25e-09f  1
 599  1.0459611e+01 1.22e+01 5.60e+02  -6.0 3.39e+03    -  1.19e-05 3.50e-07h  2
iter    objective    inf_pr   inf_du lg(mu)  ||d||  lg(rg) alpha_du alpha_pr  ls
 600  1.0459601e+01 1.22e+01 1.96e+02  -6.0 1.31e+04    -  2.87e-06 1.07e-06h  2
 601  1.0459596e+01 1.22e+01 5.69e+02  -6.0 1.58e+04    -  1.36e-05 6.76e-07h  2
 602  1.0459588e+01 1.22e+01 2.51e+02  -6.0 2.43e+04    -  5.52e-06 1.04e-06h  2
 603  1.0459579e+01 1.22e+01 7.62e+02  -6.0 2.89e+04    -  2.79e-05 1.39e-06h  2
 604  1.0459549e+01 1.22e+01 7.11e+02  -6.0 3.36e+04    -  8.04e-06 5.49e-06h  1
 605  1.0459539e+01 1.22e+01 6.03e+04  -6.0 4.03e+04    -  1.14e-03 1.35e-05h  1
 606  1.0459553e+01 1.22e+01 6.00e+04  -6.0 4.31e+04    -  2.59e-05 3.21e-05h  1
 607r 1.0459553e+01 1.22e+01 1.00e+03   1.0 0.00e+00    -  0.00e+00 2.90e-10R  2
 608r 1.0459552e+01 1.22e+01 4.60e+03   1.0 9.01e+03    -  1.89e-06 2.14e-11f  1
 609r 1.0459552e+01 1.22e+01 9.99e+02   1.0 0.00e+00    -  0.00e+00 6.61e-08R  2
iter    objective    inf_pr   inf_du lg(mu)  ||d||  lg(rg) alpha_du alpha_pr  ls
 610r 1.0459547e+01 1.22e+01 3.87e+04   1.0 9.01e+03    -  6.35e-06 2.25e-09f  1
 611  1.0459544e+01 1.22e+01 5.56e+02  -6.0 3.40e+03    -  1.18e-05 3.49e-07h  2
 612  1.0459535e+01 1.22e+01 1.94e+02  -6.0 1.32e+04    -  2.87e-06 1.06e-06h  2
 613  1.0459529e+01 1.22e+01 5.50e+02  -6.0 1.59e+04    -  1.30e-05 6.72e-07h  2
 614  1.0459522e+01 1.22e+01 2.43e+02  -6.0 2.44e+04    -  5.59e-06 1.01e-06h  2
 615  1.0459513e+01 1.22e+01 7.54e+02  -6.0 2.92e+04    -  2.77e-05 1.38e-06h  2
 616  1.0459483e+01 1.22e+01 7.14e+02  -6.0 3.39e+04    -  7.98e-06 5.49e-06h  1
 617  1.0459474e+01 1.22e+01 6.34e+04  -6.0 4.07e+04    -  1.19e-03 1.33e-05h  1
 618  1.0459490e+01 1.22e+01 6.30e+04  -6.0 4.33e+04    -  2.55e-05 3.21e-05h  1
 619r 1.0459490e+01 1.22e+01 1.00e+03   1.0 0.00e+00    -  0.00e+00 2.97e-10R  2
iter    objective    inf_pr   inf_du lg(mu)  ||d||  lg(rg) alpha_du alpha_pr  ls
 620r 1.0459490e+01 1.22e+01 4.41e+03   1.0 9.01e+03    -  1.96e-06 2.23e-11f  1
 621r 1.0459490e+01 1.22e+01 9.99e+02   1.0 0.00e+00    -  0.00e+00 6.59e-08R  2
 622r 1.0459485e+01 1.22e+01 3.87e+04   1.0 9.01e+03    -  6.35e-06 2.25e-09f  1
 623  1.0459482e+01 1.22e+01 5.54e+02  -6.0 3.40e+03    -  1.17e-05 3.49e-07h  2
 624  1.0459472e+01 1.22e+01 1.93e+02  -6.0 1.32e+04    -  2.87e-06 1.06e-06h  2
 625  1.0459466e+01 1.22e+01 5.35e+02  -6.0 1.59e+04    -  1.25e-05 6.68e-07h  2
 626  1.0459459e+01 1.22e+01 2.36e+02  -6.0 2.44e+04    -  5.66e-06 9.85e-07h  2
 627  1.0459450e+01 1.22e+01 7.48e+02  -6.0 2.94e+04    -  2.75e-05 1.37e-06h  2
 628  1.0459421e+01 1.22e+01 7.16e+02  -6.0 3.42e+04    -  7.92e-06 5.48e-06h  1
 629  1.0459413e+01 1.22e+01 6.65e+04  -6.0 4.10e+04    -  1.24e-03 1.31e-05h  1
iter    objective    inf_pr   inf_du lg(mu)  ||d||  lg(rg) alpha_du alpha_pr  ls
 630  1.0459431e+01 1.22e+01 6.61e+04  -6.0 4.35e+04    -  2.53e-05 3.20e-05h  1
 631r 1.0459431e+01 1.22e+01 1.00e+03   1.0 0.00e+00    -  0.00e+00 3.05e-10R  2
 632r 1.0459430e+01 1.22e+01 4.23e+03   1.0 9.01e+03    -  2.02e-06 2.33e-11f  1
 633r 1.0459430e+01 1.22e+01 9.99e+02   1.0 0.00e+00    -  0.00e+00 6.57e-08R  2
 634r 1.0459425e+01 1.22e+01 3.87e+04   1.0 9.01e+03    -  6.35e-06 2.25e-09f  1
 635  1.0459422e+01 1.22e+01 5.52e+02  -6.0 3.40e+03    -  1.17e-05 3.49e-07h  2
 636  1.0459413e+01 1.22e+01 1.91e+02  -6.0 1.32e+04    -  2.88e-06 1.06e-06h  2
 637  1.0459407e+01 1.22e+01 5.23e+02  -6.0 1.59e+04    -  1.21e-05 6.65e-07h  2
 638  1.0459400e+01 1.22e+01 2.31e+02  -6.0 2.44e+04    -  5.72e-06 9.66e-07h  2
 639  1.0459391e+01 1.22e+01 7.43e+02  -6.0 2.95e+04    -  2.74e-05 1.36e-06h  2
iter    objective    inf_pr   inf_du lg(mu)  ||d||  lg(rg) alpha_du alpha_pr  ls
 640  1.0459362e+01 1.22e+01 7.19e+02  -6.0 3.44e+04    -  7.88e-06 5.48e-06h  1
 641  1.0459355e+01 1.22e+01 6.96e+04  -6.0 4.13e+04    -  1.29e-03 1.29e-05h  1
 642  1.0459375e+01 1.22e+01 6.92e+04  -6.0 4.37e+04    -  2.51e-05 3.19e-05h  1
 643r 1.0459375e+01 1.22e+01 1.00e+03   1.0 0.00e+00    -  0.00e+00 3.13e-10R  2
 644r 1.0459375e+01 1.22e+01 4.06e+03   1.0 9.01e+03    -  2.10e-06 2.43e-11f  1
 645r 1.0459375e+01 1.22e+01 9.99e+02   1.0 0.00e+00    -  0.00e+00 6.55e-08R  2
 646r 1.0459369e+01 1.22e+01 3.87e+04   1.0 9.01e+03    -  6.35e-06 2.25e-09f  1
 647  1.0459366e+01 1.22e+01 5.50e+02  -6.0 3.40e+03    -  1.17e-05 3.48e-07h  2
 648  1.0459357e+01 1.22e+01 1.90e+02  -6.0 1.32e+04    -  2.88e-06 1.05e-06h  2
 649  1.0459351e+01 1.22e+01 5.13e+02  -6.0 1.60e+04    -  1.18e-05 6.63e-07h  2
iter    objective    inf_pr   inf_du lg(mu)  ||d||  lg(rg) alpha_du alpha_pr  ls
 650  1.0459344e+01 1.22e+01 2.27e+02  -6.0 2.44e+04    -  5.77e-06 9.49e-07h  2
 651  1.0459335e+01 1.22e+01 7.40e+02  -6.0 2.97e+04    -  2.73e-05 1.36e-06h  2
 652  1.0459306e+01 1.22e+01 7.23e+02  -6.0 3.46e+04    -  7.85e-06 5.47e-06h  1
 653  1.0459300e+01 1.22e+01 7.27e+04  -6.0 4.15e+04    -  1.34e-03 1.28e-05h  1
 654  1.0459322e+01 1.22e+01 7.23e+04  -6.0 4.38e+04    -  2.49e-05 3.18e-05h  1
 655r 1.0459322e+01 1.22e+01 1.00e+03   1.0 0.00e+00    -  0.00e+00 3.21e-10R  2
 656r 1.0459322e+01 1.22e+01 3.90e+03   1.0 9.01e+03    -  2.17e-06 2.53e-11f  1
 657r 1.0459322e+01 1.22e+01 9.99e+02   1.0 0.00e+00    -  0.00e+00 6.54e-08R  2
 658r 1.0459316e+01 1.22e+01 3.87e+04   1.0 9.01e+03    -  6.35e-06 2.25e-09f  1
 659  1.0459313e+01 1.22e+01 5.48e+02  -6.0 3.40e+03    -  1.16e-05 3.48e-07h  2
iter    objective    inf_pr   inf_du lg(mu)  ||d||  lg(rg) alpha_du alpha_pr  ls
 660  1.0459304e+01 1.22e+01 1.89e+02  -6.0 1.32e+04    -  2.88e-06 1.05e-06h  2
 661  1.0459298e+01 1.22e+01 5.04e+02  -6.0 1.60e+04    -  1.15e-05 6.60e-07h  2
 662  1.0459291e+01 1.22e+01 2.23e+02  -6.0 2.45e+04    -  5.82e-06 9.34e-07h  2
 663  1.0459283e+01 1.22e+01 7.36e+02  -6.0 2.98e+04    -  2.72e-05 1.35e-06h  2
 664  1.0459254e+01 1.22e+01 7.26e+02  -6.0 3.48e+04    -  7.81e-06 5.47e-06h  1
 665  1.0459248e+01 1.22e+01 7.58e+04  -6.0 4.17e+04    -  1.39e-03 1.27e-05h  1
 666  1.0459272e+01 1.22e+01 7.54e+04  -6.0 4.40e+04    -  2.47e-05 3.17e-05h  1
 667r 1.0459272e+01 1.22e+01 1.00e+03   1.0 0.00e+00    -  0.00e+00 3.30e-10R  2
 668r 1.0459271e+01 1.22e+01 3.75e+03   1.0 9.01e+03    -  2.25e-06 2.63e-11f  1
 669r 1.0459271e+01 1.22e+01 9.99e+02   1.0 0.00e+00    -  0.00e+00 6.52e-08R  2
iter    objective    inf_pr   inf_du lg(mu)  ||d||  lg(rg) alpha_du alpha_pr  ls
 670r 1.0459266e+01 1.22e+01 3.87e+04   1.0 9.01e+03    -  6.35e-06 2.25e-09f  1
 671  1.0459263e+01 1.22e+01 5.46e+02  -6.0 3.40e+03    -  1.16e-05 3.48e-07h  2
 672  1.0459254e+01 1.22e+01 1.88e+02  -6.0 1.32e+04    -  2.88e-06 1.05e-06h  2
 673  1.0459248e+01 1.22e+01 4.96e+02  -6.0 1.60e+04    -  1.13e-05 6.58e-07h  2
 674  1.0459241e+01 1.22e+01 2.20e+02  -6.0 2.45e+04    -  5.87e-06 9.21e-07h  2
 675  1.0459233e+01 1.22e+01 7.34e+02  -6.0 2.99e+04    -  2.72e-05 1.35e-06h  2
 676  1.0459204e+01 1.22e+01 7.29e+02  -6.0 3.50e+04    -  7.78e-06 5.47e-06h  1
 677  1.0459199e+01 1.22e+01 7.90e+04  -6.0 4.19e+04    -  1.44e-03 1.26e-05h  1
 678  1.0459224e+01 1.22e+01 7.86e+04  -6.0 4.41e+04    -  2.46e-05 3.16e-05h  1
 679r 1.0459224e+01 1.22e+01 1.00e+03   1.0 0.00e+00    -  0.00e+00 3.38e-10R  2
iter    objective    inf_pr   inf_du lg(mu)  ||d||  lg(rg) alpha_du alpha_pr  ls
 680r 1.0459224e+01 1.22e+01 3.62e+03   1.0 9.01e+03    -  2.33e-06 2.73e-11f  1
 681r 1.0459224e+01 1.22e+01 9.99e+02   1.0 0.00e+00    -  0.00e+00 6.51e-08R  2
 682r 1.0459219e+01 1.22e+01 3.87e+04   1.0 9.01e+03    -  6.35e-06 2.25e-09f  1
 683  1.0459216e+01 1.22e+01 5.45e+02  -6.0 3.40e+03    -  1.16e-05 3.48e-07h  2
 684  1.0459206e+01 1.22e+01 1.87e+02  -6.0 1.32e+04    -  2.88e-06 1.05e-06h  2
 685  1.0459201e+01 1.22e+01 4.89e+02  -6.0 1.60e+04    -  1.11e-05 6.56e-07h  2
 686  1.0459194e+01 1.22e+01 2.17e+02  -6.0 2.45e+04    -  5.91e-06 9.10e-07h  2
 687  1.0459185e+01 1.22e+01 7.31e+02  -6.0 3.00e+04    -  2.71e-05 1.34e-06h  2
 688  1.0459157e+01 1.22e+01 7.33e+02  -6.0 3.51e+04    -  7.76e-06 5.47e-06h  1
 689  1.0459152e+01 1.22e+01 8.22e+04  -6.0 4.21e+04    -  1.49e-03 1.25e-05h  1
iter    objective    inf_pr   inf_du lg(mu)  ||d||  lg(rg) alpha_du alpha_pr  ls
 690  1.0459179e+01 1.22e+01 8.18e+04  -6.0 4.43e+04    -  2.45e-05 3.15e-05h  1
 691r 1.0459179e+01 1.22e+01 1.00e+03   1.0 0.00e+00    -  0.00e+00 3.47e-10R  2
 692r 1.0459179e+01 1.22e+01 3.49e+03   1.0 9.01e+03    -  2.41e-06 2.84e-11f  1
 693r 1.0459179e+01 1.22e+01 9.99e+02   1.0 0.00e+00    -  0.00e+00 6.50e-08R  2
 694r 1.0459174e+01 1.22e+01 3.87e+04   1.0 9.01e+03    -  6.35e-06 2.25e-09f  1
 695  1.0459171e+01 1.22e+01 5.44e+02  -6.0 3.40e+03    -  1.15e-05 3.47e-07h  2
 696  1.0459162e+01 1.22e+01 1.86e+02  -6.0 1.32e+04    -  2.88e-06 1.05e-06h  2
 697  1.0459156e+01 1.22e+01 4.83e+02  -6.0 1.60e+04    -  1.09e-05 6.54e-07h  2
 698  1.0459149e+01 1.22e+01 2.15e+02  -6.0 2.44e+04    -  5.95e-06 8.99e-07h  2
 699  1.0459141e+01 1.22e+01 7.29e+02  -6.0 3.01e+04    -  2.70e-05 1.34e-06h  2
iter    objective    inf_pr   inf_du lg(mu)  ||d||  lg(rg) alpha_du alpha_pr  ls
 700  1.0459112e+01 1.22e+01 7.36e+02  -6.0 3.52e+04    -  7.73e-06 5.47e-06h  1
 701  1.0459108e+01 1.22e+01 8.54e+04  -6.0 4.23e+04    -  1.54e-03 1.24e-05h  1
 702  1.0459137e+01 1.22e+01 8.50e+04  -6.0 4.44e+04    -  2.44e-05 3.14e-05h  1
 703r 1.0459137e+01 1.22e+01 1.00e+03   1.0 0.00e+00    -  0.00e+00 3.56e-10R  2
 704r 1.0459137e+01 1.22e+01 3.37e+03   1.0 9.01e+03    -  2.49e-06 2.94e-11f  1
 705r 1.0459137e+01 1.22e+01 9.99e+02   1.0 0.00e+00    -  0.00e+00 6.48e-08R  2
 706r 1.0459132e+01 1.22e+01 3.87e+04   1.0 9.01e+03    -  6.35e-06 2.26e-09f  1
 707  1.0459129e+01 1.22e+01 5.42e+02  -6.0 3.40e+03    -  1.15e-05 3.47e-07h  2
 708  1.0459119e+01 1.22e+01 1.85e+02  -6.0 1.32e+04    -  2.89e-06 1.05e-06h  2
 709  1.0459114e+01 1.22e+01 4.78e+02  -6.0 1.60e+04    -  1.07e-05 6.52e-07h  2
iter    objective    inf_pr   inf_du lg(mu)  ||d||  lg(rg) alpha_du alpha_pr  ls
 710  1.0459107e+01 1.22e+01 2.13e+02  -6.0 2.44e+04    -  5.99e-06 8.90e-07h  2
 711  1.0459099e+01 1.22e+01 7.27e+02  -6.0 3.02e+04    -  2.70e-05 1.33e-06h  2
 712  1.0459070e+01 1.22e+01 7.40e+02  -6.0 3.54e+04    -  7.71e-06 5.46e-06h  1
 713  1.0459067e+01 1.22e+01 8.87e+04  -6.0 4.24e+04    -  1.59e-03 1.23e-05h  1
 714  1.0459097e+01 1.22e+01 8.82e+04  -6.0 4.46e+04    -  2.43e-05 3.14e-05h  1
 715r 1.0459097e+01 1.22e+01 1.00e+03   1.0 0.00e+00    -  0.00e+00 3.65e-10R  2
 716r 1.0459097e+01 1.22e+01 3.26e+03   1.0 9.01e+03    -  2.57e-06 3.04e-11f  1
 717r 1.0459097e+01 1.22e+01 9.99e+02   1.0 0.00e+00    -  0.00e+00 6.47e-08R  2
 718r 1.0459092e+01 1.22e+01 3.87e+04   1.0 9.01e+03    -  6.35e-06 2.26e-09f  1
 719  1.0459089e+01 1.22e+01 5.41e+02  -6.0 3.40e+03    -  1.15e-05 3.47e-07h  2
iter    objective    inf_pr   inf_du lg(mu)  ||d||  lg(rg) alpha_du alpha_pr  ls
 720  1.0459079e+01 1.22e+01 1.85e+02  -6.0 1.32e+04    -  2.89e-06 1.05e-06h  2
 721  1.0459074e+01 1.22e+01 4.72e+02  -6.0 1.60e+04    -  1.05e-05 6.51e-07h  2
 722  1.0459067e+01 1.22e+01 2.11e+02  -6.0 2.44e+04    -  6.03e-06 8.80e-07h  2
 723  1.0459059e+01 1.22e+01 7.25e+02  -6.0 3.03e+04    -  2.69e-05 1.33e-06h  2
 724  1.0459031e+01 1.22e+01 7.43e+02  -6.0 3.55e+04    -  7.69e-06 5.46e-06h  1
 725  1.0459028e+01 1.22e+01 9.20e+04  -6.0 4.26e+04    -  1.64e-03 1.23e-05h  1
 726  1.0459060e+01 1.22e+01 9.15e+04  -6.0 4.47e+04    -  2.42e-05 3.13e-05h  1
 727r 1.0459060e+01 1.22e+01 1.00e+03   1.0 0.00e+00    -  0.00e+00 3.74e-10R  2
 728r 1.0459059e+01 1.22e+01 3.15e+03   1.0 9.01e+03    -  2.65e-06 3.14e-11f  1
 729r 1.0459059e+01 1.22e+01 9.99e+02   1.0 0.00e+00    -  0.00e+00 6.45e-08R  2
iter    objective    inf_pr   inf_du lg(mu)  ||d||  lg(rg) alpha_du alpha_pr  ls
 730r 1.0459054e+01 1.22e+01 3.87e+04   1.0 9.01e+03    -  6.35e-06 2.26e-09f  1
 731  1.0459051e+01 1.22e+01 5.40e+02  -6.0 3.40e+03    -  1.15e-05 3.47e-07h  2
 732  1.0459042e+01 1.22e+01 1.84e+02  -6.0 1.32e+04    -  2.89e-06 1.04e-06h  2
 733  1.0459036e+01 1.22e+01 4.67e+02  -6.0 1.60e+04    -  1.04e-05 6.49e-07h  2
 734  1.0459030e+01 1.22e+01 2.09e+02  -6.0 2.44e+04    -  6.06e-06 8.72e-07h  2
 735  1.0459021e+01 1.22e+01 7.24e+02  -6.0 3.03e+04    -  2.69e-05 1.32e-06h  2
 736  1.0458994e+01 1.22e+01 7.47e+02  -6.0 3.56e+04    -  7.67e-06 5.46e-06h  1
 737  1.0458991e+01 1.22e+01 9.53e+04  -6.0 4.27e+04    -  1.69e-03 1.22e-05h  1
 738  1.0459024e+01 1.22e+01 9.48e+04  -6.0 4.48e+04    -  2.41e-05 3.12e-05h  1
 739r 1.0459024e+01 1.22e+01 1.00e+03   1.0 0.00e+00    -  0.00e+00 3.83e-10R  2
iter    objective    inf_pr   inf_du lg(mu)  ||d||  lg(rg) alpha_du alpha_pr  ls
 740r 1.0459024e+01 1.22e+01 3.05e+03   1.0 9.01e+03    -  2.73e-06 3.25e-11f  1
 741r 1.0459024e+01 1.22e+01 9.99e+02   1.0 0.00e+00    -  0.00e+00 6.44e-08R  2
 742r 1.0459019e+01 1.22e+01 3.87e+04   1.0 9.01e+03    -  6.35e-06 2.26e-09f  1
 743  1.0459016e+01 1.22e+01 5.39e+02  -6.0 3.40e+03    -  1.14e-05 3.47e-07h  2
 744  1.0459007e+01 1.22e+01 1.83e+02  -6.0 1.31e+04    -  2.89e-06 1.04e-06h  2
 745  1.0459001e+01 1.22e+01 4.63e+02  -6.0 1.60e+04    -  1.02e-05 6.47e-07h  2
 746  1.0458995e+01 1.22e+01 2.07e+02  -6.0 2.44e+04    -  6.10e-06 8.64e-07h  2
 747  1.0458986e+01 1.22e+01 7.22e+02  -6.0 3.04e+04    -  2.68e-05 1.32e-06h  2
 748  1.0458959e+01 1.22e+01 7.50e+02  -6.0 3.57e+04    -  7.65e-06 5.45e-06h  1
 749  1.0458956e+01 1.22e+01 9.86e+04  -6.0 4.29e+04    -  1.74e-03 1.21e-05h  1
iter    objective    inf_pr   inf_du lg(mu)  ||d||  lg(rg) alpha_du alpha_pr  ls
 750  1.0458991e+01 1.22e+01 9.81e+04  -6.0 4.49e+04    -  2.40e-05 3.11e-05h  1
 751r 1.0458991e+01 1.22e+01 1.00e+03   1.0 0.00e+00    -  0.00e+00 3.92e-10R  2
 752r 1.0458991e+01 1.22e+01 2.96e+03   1.0 9.01e+03    -  2.81e-06 3.35e-11f  1
 753r 1.0458991e+01 1.22e+01 9.99e+02   1.0 0.00e+00    -  0.00e+00 6.43e-08R  2
 754r 1.0458986e+01 1.22e+01 3.87e+04   1.0 9.01e+03    -  6.35e-06 2.26e-09f  1
 755  1.0458983e+01 1.22e+01 5.38e+02  -6.0 3.40e+03    -  1.14e-05 3.47e-07h  2
 756  1.0458974e+01 1.22e+01 1.83e+02  -6.0 1.31e+04    -  2.89e-06 1.04e-06h  2
 757  1.0458968e+01 1.22e+01 4.59e+02  -6.0 1.60e+04    -  1.01e-05 6.46e-07h  2
 758  1.0458962e+01 1.22e+01 2.05e+02  -6.0 2.44e+04    -  6.13e-06 8.56e-07h  2
 759  1.0458953e+01 1.22e+01 7.20e+02  -6.0 3.05e+04    -  2.68e-05 1.31e-06h  2
iter    objective    inf_pr   inf_du lg(mu)  ||d||  lg(rg) alpha_du alpha_pr  ls
 760  1.0458926e+01 1.22e+01 7.54e+02  -6.0 3.58e+04    -  7.63e-06 5.45e-06h  1
 761  1.0458924e+01 1.22e+01 1.02e+05  -6.0 4.30e+04    -  1.79e-03 1.21e-05h  1
 762  1.0458961e+01 1.22e+01 1.01e+05  -6.0 4.50e+04    -  2.39e-05 3.11e-05h  1
 763r 1.0458961e+01 1.22e+01 1.00e+03   1.0 0.00e+00    -  0.00e+00 4.01e-10R  2
 764r 1.0458961e+01 1.22e+01 2.87e+03   1.0 9.01e+03    -  2.89e-06 3.45e-11f  1
 765r 1.0458961e+01 1.22e+01 9.99e+02   1.0 0.00e+00    -  0.00e+00 6.41e-08R  2
 766r 1.0458955e+01 1.22e+01 3.87e+04   1.0 9.01e+03    -  6.35e-06 2.26e-09f  1
 767  1.0458952e+01 1.22e+01 5.37e+02  -6.0 3.40e+03    -  1.14e-05 3.47e-07h  2
 768  1.0458943e+01 1.22e+01 1.82e+02  -6.0 1.31e+04    -  2.89e-06 1.04e-06h  2
 769  1.0458937e+01 1.22e+01 4.54e+02  -6.0 1.60e+04    -  9.98e-06 6.44e-07h  2
iter    objective    inf_pr   inf_du lg(mu)  ||d||  lg(rg) alpha_du alpha_pr  ls
 770  1.0458931e+01 1.22e+01 2.04e+02  -6.0 2.44e+04    -  6.17e-06 8.49e-07h  2
 771  1.0458923e+01 1.22e+01 7.19e+02  -6.0 3.05e+04    -  2.67e-05 1.31e-06h  2
 772  1.0458895e+01 1.22e+01 7.57e+02  -6.0 3.59e+04    -  7.62e-06 5.45e-06h  1
 773  1.0458894e+01 1.22e+01 1.05e+05  -6.0 4.32e+04    -  1.85e-03 1.20e-05h  1
 774  1.0458932e+01 1.22e+01 1.05e+05  -6.0 4.51e+04    -  2.38e-05 3.10e-05h  1
 775r 1.0458932e+01 1.22e+01 1.00e+03   1.0 0.00e+00    -  0.00e+00 4.10e-10R  2
 776r 1.0458932e+01 1.22e+01 2.79e+03   1.0 9.01e+03    -  2.97e-06 3.56e-11f  1
 777r 1.0458932e+01 1.22e+01 9.99e+02   1.0 0.00e+00    -  0.00e+00 6.40e-08R  2
 778r 1.0458927e+01 1.22e+01 3.87e+04   1.0 9.01e+03    -  6.35e-06 2.26e-09f  1
 779  1.0458924e+01 1.22e+01 5.36e+02  -6.0 3.40e+03    -  1.14e-05 3.46e-07h  2
iter    objective    inf_pr   inf_du lg(mu)  ||d||  lg(rg) alpha_du alpha_pr  ls
 780  1.0458914e+01 1.22e+01 1.82e+02  -6.0 1.31e+04    -  2.89e-06 1.04e-06h  2
 781  1.0458909e+01 1.22e+01 4.51e+02  -6.0 1.60e+04    -  9.87e-06 6.43e-07h  2
 782  1.0458903e+01 1.22e+01 2.02e+02  -6.0 2.43e+04    -  6.20e-06 8.42e-07h  2
 783  1.0458894e+01 1.22e+01 7.17e+02  -6.0 3.06e+04    -  2.67e-05 1.31e-06h  2
 784  1.0458867e+01 1.22e+01 7.61e+02  -6.0 3.60e+04    -  7.60e-06 5.44e-06h  1
 785  1.0458866e+01 1.22e+01 1.09e+05  -6.0 4.33e+04    -  1.90e-03 1.19e-05h  1
 786  1.0458906e+01 1.22e+01 1.08e+05  -6.0 4.52e+04    -  2.37e-05 3.10e-05h  1
 787r 1.0458906e+01 1.22e+01 1.00e+03   1.0 0.00e+00    -  0.00e+00 4.18e-10R  2
 788r 1.0458906e+01 1.22e+01 2.71e+03   1.0 9.01e+03    -  3.05e-06 3.66e-11f  1
 789r 1.0458906e+01 1.22e+01 9.99e+02   1.0 0.00e+00    -  0.00e+00 6.39e-08R  2
iter    objective    inf_pr   inf_du lg(mu)  ||d||  lg(rg) alpha_du alpha_pr  ls
 790r 1.0458900e+01 1.22e+01 3.87e+04   1.0 9.01e+03    -  6.35e-06 2.26e-09f  1
 791  1.0458897e+01 1.22e+01 5.36e+02  -6.0 3.40e+03    -  1.14e-05 3.46e-07h  2
 792  1.0458888e+01 1.22e+01 1.81e+02  -6.0 1.31e+04    -  2.89e-06 1.04e-06h  2
 793  1.0458883e+01 1.22e+01 4.47e+02  -6.0 1.60e+04    -  9.75e-06 6.41e-07h  2
 794  1.0458876e+01 1.22e+01 2.01e+02  -6.0 2.43e+04    -  6.23e-06 8.36e-07h  2
 795  1.0458868e+01 1.22e+01 7.16e+02  -6.0 3.07e+04    -  2.66e-05 1.30e-06h  2
 796  1.0458841e+01 1.22e+01 7.64e+02  -6.0 3.61e+04    -  7.59e-06 5.43e-06h  1
 797  1.0458840e+01 1.22e+01 1.12e+05  -6.0 4.34e+04    -  1.95e-03 1.19e-05h  1
 798  1.0458881e+01 1.22e+01 1.12e+05  -6.0 4.53e+04    -  2.36e-05 3.09e-05h  1
 799r 1.0458881e+01 1.22e+01 1.00e+03   1.0 0.00e+00    -  0.00e+00 4.27e-10R  2
iter    objective    inf_pr   inf_du lg(mu)  ||d||  lg(rg) alpha_du alpha_pr  ls
 800r 1.0458881e+01 1.22e+01 2.63e+03   1.0 9.01e+03    -  3.13e-06 3.77e-11f  1
 801r 1.0458881e+01 1.22e+01 9.99e+02   1.0 0.00e+00    -  0.00e+00 6.37e-08R  2
 802r 1.0458876e+01 1.22e+01 3.87e+04   1.0 9.01e+03    -  6.35e-06 2.26e-09f  1
 803  1.0458873e+01 1.22e+01 5.35e+02  -6.0 3.40e+03    -  1.13e-05 3.46e-07h  2
 804  1.0458864e+01 1.22e+01 1.81e+02  -6.0 1.31e+04    -  2.89e-06 1.04e-06h  2
 805  1.0458858e+01 1.22e+01 4.43e+02  -6.0 1.60e+04    -  9.65e-06 6.40e-07h  2
 806  1.0458852e+01 1.22e+01 1.99e+02  -6.0 2.43e+04    -  6.27e-06 8.29e-07h  2
 807  1.0458844e+01 1.22e+01 7.14e+02  -6.0 3.07e+04    -  2.65e-05 1.30e-06h  2
 808  1.0458817e+01 1.22e+01 7.68e+02  -6.0 3.62e+04    -  7.57e-06 5.43e-06h  1
 809  1.0458816e+01 1.22e+01 1.16e+05  -6.0 4.35e+04    -  2.00e-03 1.18e-05h  1
iter    objective    inf_pr   inf_du lg(mu)  ||d||  lg(rg) alpha_du alpha_pr  ls
 810  1.0458859e+01 1.22e+01 1.15e+05  -6.0 4.54e+04    -  2.36e-05 3.09e-05h  1
 811r 1.0458859e+01 1.22e+01 1.00e+03   1.0 0.00e+00    -  0.00e+00 4.36e-10R  2
 812r 1.0458859e+01 1.22e+01 2.56e+03   1.0 9.01e+03    -  3.21e-06 3.88e-11f  1
 813r 1.0458859e+01 1.22e+01 9.99e+02   1.0 0.00e+00    -  0.00e+00 6.36e-08R  2
 814r 1.0458854e+01 1.22e+01 3.87e+04   1.0 9.01e+03    -  6.35e-06 2.26e-09f  1
 815  1.0458851e+01 1.22e+01 5.34e+02  -6.0 3.40e+03    -  1.13e-05 3.46e-07h  2
 816  1.0458842e+01 1.22e+01 1.80e+02  -6.0 1.31e+04    -  2.89e-06 1.04e-06h  2
 817  1.0458836e+01 1.22e+01 4.40e+02  -6.0 1.59e+04    -  9.54e-06 6.38e-07h  2
 818  1.0458830e+01 1.22e+01 1.98e+02  -6.0 2.43e+04    -  6.30e-06 8.23e-07h  2
 819  1.0458822e+01 1.22e+01 7.12e+02  -6.0 3.08e+04    -  2.65e-05 1.30e-06h  2
iter    objective    inf_pr   inf_du lg(mu)  ||d||  lg(rg) alpha_du alpha_pr  ls
 820  1.0458795e+01 1.22e+01 7.71e+02  -6.0 3.63e+04    -  7.56e-06 5.42e-06h  1
 821  1.0458795e+01 1.22e+01 1.19e+05  -6.0 4.37e+04    -  2.05e-03 1.18e-05h  1
 822  1.0458839e+01 1.22e+01 1.19e+05  -6.0 4.55e+04    -  2.35e-05 3.08e-05h  1
 823r 1.0458839e+01 1.22e+01 1.00e+03   1.0 0.00e+00    -  0.00e+00 4.45e-10R  2
 824r 1.0458839e+01 1.22e+01 2.49e+03   1.0 9.00e+03    -  3.29e-06 3.99e-11f  1
 825r 1.0458839e+01 1.22e+01 9.99e+02   1.0 0.00e+00    -  0.00e+00 6.35e-08R  2
 826r 1.0458834e+01 1.22e+01 3.87e+04   1.0 9.00e+03    -  6.35e-06 2.26e-09f  1
 827  1.0458831e+01 1.22e+01 5.33e+02  -6.0 3.40e+03    -  1.13e-05 3.46e-07h  2
 828  1.0458821e+01 1.22e+01 1.80e+02  -6.0 1.30e+04    -  2.89e-06 1.04e-06h  2
 829  1.0458816e+01 1.22e+01 4.37e+02  -6.0 1.59e+04    -  9.45e-06 6.37e-07h  2
iter    objective    inf_pr   inf_du lg(mu)  ||d||  lg(rg) alpha_du alpha_pr  ls
 830  1.0458810e+01 1.22e+01 1.97e+02  -6.0 2.42e+04    -  6.33e-06 8.17e-07h  2
 831  1.0458802e+01 1.22e+01 7.14e+02  -6.0 3.08e+04    -  2.64e-05 1.29e-06h  2
 832  1.0458775e+01 1.22e+01 7.74e+02  -6.0 3.64e+04    -  7.54e-06 5.41e-06h  1
 833  1.0458775e+01 1.22e+01 1.23e+05  -6.0 4.38e+04    -  2.11e-03 1.17e-05h  1
 834  1.0458821e+01 1.22e+01 1.22e+05  -6.0 4.56e+04    -  2.34e-05 3.08e-05h  1
 835r 1.0458821e+01 1.22e+01 1.00e+03   1.0 0.00e+00    -  0.00e+00 4.53e-10R  2
 836r 1.0458821e+01 1.22e+01 2.43e+03   1.0 9.00e+03    -  3.37e-06 4.09e-11f  1
 837r 1.0458821e+01 1.22e+01 9.99e+02   1.0 0.00e+00    -  0.00e+00 6.33e-08R  2
 838r 1.0458816e+01 1.22e+01 3.87e+04   1.0 9.00e+03    -  6.34e-06 2.26e-09f  1
 839  1.0458813e+01 1.22e+01 5.33e+02  -6.0 3.40e+03    -  1.13e-05 3.46e-07h  2
iter    objective    inf_pr   inf_du lg(mu)  ||d||  lg(rg) alpha_du alpha_pr  ls
 840  1.0458803e+01 1.22e+01 1.79e+02  -6.0 1.30e+04    -  2.89e-06 1.04e-06h  2
 841  1.0458798e+01 1.22e+01 4.34e+02  -6.0 1.59e+04    -  9.35e-06 6.36e-07h  2
 842  1.0458792e+01 1.22e+01 1.95e+02  -6.0 2.42e+04    -  6.36e-06 8.12e-07h  2
 843  1.0458784e+01 1.22e+01 7.18e+02  -6.0 3.09e+04    -  2.64e-05 1.29e-06h  2
 844  1.0458757e+01 1.22e+01 7.78e+02  -6.0 3.65e+04    -  7.53e-06 5.40e-06h  1
 845  1.0458758e+01 1.22e+01 1.26e+05  -6.0 4.39e+04    -  2.16e-03 1.17e-05h  1
 846  1.0458805e+01 1.22e+01 1.26e+05  -6.0 4.56e+04    -  2.33e-05 3.08e-05h  1
 847r 1.0458805e+01 1.22e+01 1.00e+03   1.0 0.00e+00    -  0.00e+00 4.62e-10R  2
 848r 1.0458805e+01 1.22e+01 2.37e+03   1.0 9.00e+03    -  3.45e-06 4.20e-11f  1
 849r 1.0458805e+01 1.22e+01 9.99e+02   1.0 0.00e+00    -  0.00e+00 6.32e-08R  2
iter    objective    inf_pr   inf_du lg(mu)  ||d||  lg(rg) alpha_du alpha_pr  ls
 850r 1.0458800e+01 1.22e+01 3.87e+04   1.0 9.00e+03    -  6.34e-06 2.26e-09f  1
 851  1.0458797e+01 1.22e+01 5.32e+02  -6.0 3.40e+03    -  1.13e-05 3.46e-07h  2
 852  1.0458788e+01 1.22e+01 1.79e+02  -6.0 1.30e+04    -  2.90e-06 1.03e-06h  2
 853  1.0458782e+01 1.22e+01 4.31e+02  -6.0 1.59e+04    -  9.26e-06 6.34e-07h  2
 854  1.0458776e+01 1.22e+01 1.94e+02  -6.0 2.42e+04    -  6.39e-06 8.06e-07h  2
 855  1.0458768e+01 1.22e+01 7.21e+02  -6.0 3.09e+04    -  2.63e-05 1.29e-06h  2
 856  1.0458741e+01 1.22e+01 7.81e+02  -6.0 3.66e+04    -  7.52e-06 5.39e-06h  1
 857  1.0458742e+01 1.22e+01 1.30e+05  -6.0 4.40e+04    -  2.21e-03 1.16e-05h  1
 858  1.0458791e+01 1.22e+01 1.30e+05  -6.0 4.57e+04    -  2.33e-05 3.07e-05h  1
 859r 1.0458791e+01 1.22e+01 1.00e+03   1.0 0.00e+00    -  0.00e+00 4.70e-10R  2
iter    objective    inf_pr   inf_du lg(mu)  ||d||  lg(rg) alpha_du alpha_pr  ls
 860r 1.0458791e+01 1.22e+01 2.31e+03   1.0 9.00e+03    -  3.53e-06 4.31e-11f  1
 861r 1.0458791e+01 1.22e+01 9.99e+02   1.0 0.00e+00    -  0.00e+00 6.31e-08R  2
 862r 1.0458786e+01 1.22e+01 3.87e+04   1.0 9.00e+03    -  6.34e-06 2.26e-09f  1
 863  1.0458783e+01 1.22e+01 5.31e+02  -6.0 3.40e+03    -  1.13e-05 3.46e-07h  2
 864  1.0458774e+01 1.22e+01 1.78e+02  -6.0 1.30e+04    -  2.90e-06 1.03e-06h  2
 865  1.0458768e+01 1.22e+01 4.28e+02  -6.0 1.59e+04    -  9.18e-06 6.33e-07h  2
 866  1.0458762e+01 1.22e+01 1.93e+02  -6.0 2.42e+04    -  6.42e-06 8.01e-07h  2
 867  1.0458754e+01 1.22e+01 7.24e+02  -6.0 3.10e+04    -  2.62e-05 1.28e-06h  2
 868  1.0458728e+01 1.22e+01 7.85e+02  -6.0 3.67e+04    -  7.50e-06 5.38e-06h  1
 869  1.0458729e+01 1.22e+01 1.34e+05  -6.0 4.41e+04    -  2.26e-03 1.16e-05h  1
iter    objective    inf_pr   inf_du lg(mu)  ||d||  lg(rg) alpha_du alpha_pr  ls
 870  1.0458779e+01 1.22e+01 1.33e+05  -6.0 4.57e+04    -  2.32e-05 3.07e-05h  1
 871r 1.0458779e+01 1.22e+01 1.00e+03   1.0 0.00e+00    -  0.00e+00 4.79e-10R  2
 872r 1.0458779e+01 1.22e+01 2.25e+03   1.0 9.00e+03    -  3.61e-06 4.42e-11f  1
 873r 1.0458779e+01 1.22e+01 9.99e+02   1.0 0.00e+00    -  0.00e+00 6.29e-08R  2
 874r 1.0458774e+01 1.22e+01 3.87e+04   1.0 9.00e+03    -  6.34e-06 2.26e-09f  1
 875  1.0458771e+01 1.22e+01 5.31e+02  -6.0 3.40e+03    -  1.13e-05 3.45e-07h  2
 876  1.0458762e+01 1.22e+01 1.78e+02  -6.0 1.30e+04    -  2.90e-06 1.03e-06h  2
 877  1.0458756e+01 1.22e+01 4.25e+02  -6.0 1.59e+04    -  9.09e-06 6.32e-07h  2
 878  1.0458751e+01 1.22e+01 1.92e+02  -6.0 2.41e+04    -  6.45e-06 7.96e-07h  2
 879  1.0458742e+01 1.22e+01 7.27e+02  -6.0 3.10e+04    -  2.62e-05 1.28e-06h  2
iter    objective    inf_pr   inf_du lg(mu)  ||d||  lg(rg) alpha_du alpha_pr  ls
 880  1.0458716e+01 1.22e+01 7.88e+02  -6.0 3.68e+04    -  7.49e-06 5.37e-06h  1
 881  1.0458718e+01 1.22e+01 1.37e+05  -6.0 4.43e+04    -  2.31e-03 1.15e-05h  1
 882  1.0458770e+01 1.22e+01 1.37e+05  -6.0 4.58e+04    -  2.31e-05 3.07e-05h  1
 883r 1.0458770e+01 1.22e+01 1.00e+03   1.0 0.00e+00    -  0.00e+00 4.87e-10R  2
 884r 1.0458769e+01 1.22e+01 2.20e+03   1.0 9.00e+03    -  3.69e-06 4.53e-11f  1
 885r 1.0458769e+01 1.22e+01 9.99e+02   1.0 0.00e+00    -  0.00e+00 6.28e-08R  2
 886r 1.0458764e+01 1.22e+01 3.87e+04   1.0 9.00e+03    -  6.34e-06 2.26e-09f  1
 887  1.0458761e+01 1.22e+01 5.30e+02  -6.0 3.40e+03    -  1.12e-05 3.45e-07h  2
 888  1.0458752e+01 1.22e+01 1.77e+02  -6.0 1.30e+04    -  2.90e-06 1.03e-06h  2
 889  1.0458747e+01 1.22e+01 4.22e+02  -6.0 1.58e+04    -  9.01e-06 6.30e-07h  2
iter    objective    inf_pr   inf_du lg(mu)  ||d||  lg(rg) alpha_du alpha_pr  ls
 890  1.0458741e+01 1.22e+01 1.91e+02  -6.0 2.41e+04    -  6.48e-06 7.91e-07h  2
 891  1.0458733e+01 1.22e+01 7.30e+02  -6.0 3.10e+04    -  2.61e-05 1.27e-06h  2
 892  1.0458707e+01 1.22e+01 7.92e+02  -6.0 3.68e+04    -  7.48e-06 5.36e-06h  1
 893  1.0458708e+01 1.22e+01 1.41e+05  -6.0 4.44e+04    -  2.37e-03 1.15e-05h  1
 894  1.0458762e+01 1.22e+01 1.41e+05  -6.0 4.58e+04    -  2.30e-05 3.07e-05h  1
 895r 1.0458762e+01 1.22e+01 1.00e+03   1.0 0.00e+00    -  0.00e+00 4.95e-10R  2
 896r 1.0458762e+01 1.22e+01 2.14e+03   1.0 9.00e+03    -  3.77e-06 4.64e-11f  1
 897r 1.0458762e+01 1.22e+01 9.99e+02   1.0 0.00e+00    -  0.00e+00 6.26e-08R  2
 898r 1.0458756e+01 1.22e+01 3.87e+04   1.0 9.00e+03    -  6.34e-06 2.26e-09f  1
 899  1.0458753e+01 1.22e+01 5.29e+02  -6.0 3.40e+03    -  1.12e-05 3.45e-07h  2
iter    objective    inf_pr   inf_du lg(mu)  ||d||  lg(rg) alpha_du alpha_pr  ls
 900  1.0458744e+01 1.22e+01 1.77e+02  -6.0 1.29e+04    -  2.90e-06 1.03e-06h  2
 901  1.0458739e+01 1.22e+01 4.20e+02  -6.0 1.58e+04    -  8.94e-06 6.29e-07h  2
 902  1.0458733e+01 1.22e+01 1.90e+02  -6.0 2.41e+04    -  6.51e-06 7.86e-07h  2
 903  1.0458725e+01 1.22e+01 7.32e+02  -6.0 3.11e+04    -  2.60e-05 1.27e-06h  2
 904  1.0458699e+01 1.22e+01 7.95e+02  -6.0 3.69e+04    -  7.47e-06 5.35e-06h  1
 905  1.0458701e+01 1.22e+01 1.45e+05  -6.0 4.45e+04    -  2.42e-03 1.14e-05h  1
 906  1.0458756e+01 1.22e+01 1.44e+05  -6.0 4.59e+04    -  2.30e-05 3.07e-05h  1
 907r 1.0458756e+01 1.22e+01 1.00e+03   1.0 0.00e+00    -  0.00e+00 5.04e-10R  2
 908r 1.0458756e+01 1.22e+01 2.09e+03   1.0 9.00e+03    -  3.84e-06 4.76e-11f  1
 909r 1.0458756e+01 1.22e+01 9.99e+02   1.0 0.00e+00    -  0.00e+00 6.25e-08R  2
iter    objective    inf_pr   inf_du lg(mu)  ||d||  lg(rg) alpha_du alpha_pr  ls
 910r 1.0458751e+01 1.22e+01 3.87e+04   1.0 9.00e+03    -  6.34e-06 2.26e-09f  1
 911  1.0458748e+01 1.22e+01 5.29e+02  -6.0 3.40e+03    -  1.12e-05 3.45e-07h  2
 912  1.0458739e+01 1.22e+01 1.76e+02  -6.0 1.29e+04    -  2.90e-06 1.03e-06h  2
 913  1.0458733e+01 1.22e+01 4.17e+02  -6.0 1.58e+04    -  8.86e-06 6.28e-07h  2
 914  1.0458727e+01 1.22e+01 1.89e+02  -6.0 2.40e+04    -  6.54e-06 7.81e-07h  2
 915  1.0458719e+01 1.22e+01 7.35e+02  -6.0 3.11e+04    -  2.59e-05 1.27e-06h  2
 916  1.0458693e+01 1.22e+01 7.98e+02  -6.0 3.70e+04    -  7.46e-06 5.34e-06h  1
 917  1.0458696e+01 1.22e+01 1.48e+05  -6.0 4.46e+04    -  2.45e-03 1.14e-05h  1
 918  1.0458752e+01 1.22e+01 1.47e+05  -6.0 4.59e+04    -  2.29e-05 3.07e-05h  1
 919r 1.0458752e+01 1.22e+01 1.00e+03   1.0 0.00e+00    -  0.00e+00 5.08e-10R  2
iter    objective    inf_pr   inf_du lg(mu)  ||d||  lg(rg) alpha_du alpha_pr  ls
 920r 1.0458752e+01 1.22e+01 2.06e+03   1.0 9.00e+03    -  3.88e-06 4.83e-11f  1
 921r 1.0458752e+01 1.22e+01 9.99e+02   1.0 0.00e+00    -  0.00e+00 6.23e-08R  2
 922r 1.0458747e+01 1.22e+01 3.87e+04   1.0 9.00e+03    -  6.34e-06 2.26e-09f  1
 923  1.0458744e+01 1.22e+01 5.28e+02  -6.0 3.40e+03    -  1.12e-05 3.45e-07h  2
 924  1.0458735e+01 1.22e+01 1.76e+02  -6.0 1.29e+04    -  2.90e-06 1.03e-06h  2
 925  1.0458729e+01 1.22e+01 4.15e+02  -6.0 1.58e+04    -  8.79e-06 6.27e-07h  2
 926  1.0458724e+01 1.22e+01 1.88e+02  -6.0 2.40e+04    -  6.57e-06 7.77e-07h  2
 927  1.0458716e+01 1.22e+01 7.38e+02  -6.0 3.12e+04    -  2.59e-05 1.26e-06h  2
 928  1.0458690e+01 1.22e+01 8.02e+02  -6.0 3.70e+04    -  7.45e-06 5.32e-06h  1
 929  1.0458692e+01 1.22e+01 1.48e+05  -6.0 4.47e+04    -  2.45e-03 1.13e-05h  1
iter    objective    inf_pr   inf_du lg(mu)  ||d||  lg(rg) alpha_du alpha_pr  ls
 930  1.0458750e+01 1.22e+01 1.48e+05  -6.0 4.60e+04    -  2.28e-05 3.07e-05h  1
 931r 1.0458750e+01 1.22e+01 1.00e+03   1.0 0.00e+00    -  0.00e+00 5.06e-10R  2
 932r 1.0458750e+01 1.22e+01 2.06e+03   1.0 9.00e+03    -  3.87e-06 4.84e-11f  1
 933r 1.0458750e+01 1.22e+01 9.99e+02   1.0 0.00e+00    -  0.00e+00 6.22e-08R  2
 934r 1.0458744e+01 1.22e+01 3.87e+04   1.0 9.00e+03    -  6.34e-06 2.26e-09f  1
 935  1.0458741e+01 1.22e+01 5.28e+02  -6.0 3.40e+03    -  1.12e-05 3.45e-07h  2
 936  1.0458732e+01 1.22e+01 1.76e+02  -6.0 1.29e+04    -  2.90e-06 1.03e-06h  2
 937  1.0458727e+01 1.22e+01 4.13e+02  -6.0 1.58e+04    -  8.72e-06 6.25e-07h  2
 938  1.0458721e+01 1.22e+01 1.88e+02  -6.0 2.40e+04    -  6.59e-06 7.72e-07h  2
 939  1.0458713e+01 1.22e+01 7.41e+02  -6.0 3.12e+04    -  2.58e-05 1.26e-06h  2
iter    objective    inf_pr   inf_du lg(mu)  ||d||  lg(rg) alpha_du alpha_pr  ls
 940  1.0458688e+01 1.22e+01 8.05e+02  -6.0 3.71e+04    -  7.44e-06 5.31e-06h  1
 941  1.0458690e+01 1.22e+01 1.49e+05  -6.0 4.48e+04    -  2.45e-03 1.13e-05h  1
 942  1.0458749e+01 1.22e+01 1.48e+05  -6.0 4.60e+04    -  2.28e-05 3.07e-05h  1
 943r 1.0458749e+01 1.22e+01 1.00e+03   1.0 0.00e+00    -  0.00e+00 5.03e-10R  2
 944r 1.0458749e+01 1.22e+01 2.06e+03   1.0 9.00e+03    -  3.86e-06 4.84e-11f  1
 945r 1.0458749e+01 1.22e+01 9.99e+02   1.0 0.00e+00    -  0.00e+00 6.20e-08R  2
 946r 1.0458744e+01 1.22e+01 3.87e+04   1.0 9.00e+03    -  6.34e-06 2.26e-09f  1
 947  1.0458741e+01 1.22e+01 5.27e+02  -6.0 3.40e+03    -  1.12e-05 3.45e-07h  2
 948  1.0458731e+01 1.22e+01 1.75e+02  -6.0 1.29e+04    -  2.90e-06 1.03e-06h  2
 949  1.0458726e+01 1.22e+01 4.10e+02  -6.0 1.57e+04    -  8.66e-06 6.24e-07h  2
iter    objective    inf_pr   inf_du lg(mu)  ||d||  lg(rg) alpha_du alpha_pr  ls
 950  1.0458720e+01 1.22e+01 1.88e+02  -6.0 2.39e+04    -  6.62e-06 7.68e-07h  2
 951  1.0458713e+01 1.22e+01 7.43e+02  -6.0 3.12e+04    -  2.57e-05 1.26e-06h  2
 952  1.0458687e+01 1.22e+01 8.08e+02  -6.0 3.72e+04    -  7.43e-06 5.30e-06h  1
 953  1.0458690e+01 1.22e+01 1.49e+05  -6.0 4.49e+04    -  2.45e-03 1.12e-05h  1
 954  1.0458750e+01 1.22e+01 1.49e+05  -6.0 4.61e+04    -  2.27e-05 3.07e-05h  1
 955r 1.0458750e+01 1.22e+01 1.00e+03   1.0 0.00e+00    -  0.00e+00 5.01e-10R  2
 956r 1.0458750e+01 1.22e+01 2.05e+03   1.0 9.00e+03    -  3.85e-06 4.85e-11f  1
 957r 1.0458750e+01 1.22e+01 9.99e+02   1.0 0.00e+00    -  0.00e+00 6.19e-08R  2
 958r 1.0458744e+01 1.22e+01 3.87e+04   1.0 9.00e+03    -  6.34e-06 2.26e-09f  1
 959  1.0458741e+01 1.22e+01 5.27e+02  -6.0 3.40e+03    -  1.12e-05 3.45e-07h  2
iter    objective    inf_pr   inf_du lg(mu)  ||d||  lg(rg) alpha_du alpha_pr  ls
 960  1.0458732e+01 1.22e+01 1.75e+02  -6.0 1.28e+04    -  2.90e-06 1.03e-06h  2
 961  1.0458727e+01 1.22e+01 4.08e+02  -6.0 1.57e+04    -  8.59e-06 6.23e-07h  2
 962  1.0458721e+01 1.22e+01 1.89e+02  -6.0 2.39e+04    -  6.65e-06 7.64e-07h  2
 963  1.0458713e+01 1.22e+01 7.46e+02  -6.0 3.12e+04    -  2.56e-05 1.26e-06h  2
 964  1.0458688e+01 1.22e+01 8.12e+02  -6.0 3.72e+04    -  7.43e-06 5.28e-06h  1
 965  1.0458691e+01 1.22e+01 1.50e+05  -6.0 4.50e+04    -  2.44e-03 1.12e-05h  1
 966  1.0458752e+01 1.22e+01 1.49e+05  -6.0 4.61e+04    -  2.26e-05 3.07e-05h  1
 967r 1.0458752e+01 1.22e+01 1.00e+03   1.0 0.00e+00    -  0.00e+00 4.99e-10R  2
 968r 1.0458752e+01 1.22e+01 2.05e+03   1.0 9.00e+03    -  3.84e-06 4.86e-11f  1
 969r 1.0458752e+01 1.22e+01 9.99e+02   1.0 0.00e+00    -  0.00e+00 6.17e-08R  2
iter    objective    inf_pr   inf_du lg(mu)  ||d||  lg(rg) alpha_du alpha_pr  ls
 970r 1.0458746e+01 1.22e+01 3.87e+04   1.0 9.00e+03    -  6.34e-06 2.26e-09f  1
 971  1.0458744e+01 1.22e+01 5.26e+02  -6.0 3.40e+03    -  1.12e-05 3.45e-07h  2
 972  1.0458734e+01 1.22e+01 1.75e+02  -6.0 1.28e+04    -  2.90e-06 1.03e-06h  2
 973  1.0458729e+01 1.22e+01 4.06e+02  -6.0 1.57e+04    -  8.53e-06 6.22e-07h  2
 974  1.0458724e+01 1.22e+01 1.89e+02  -6.0 2.39e+04    -  6.68e-06 7.60e-07h  2
 975  1.0458716e+01 1.22e+01 7.48e+02  -6.0 3.13e+04    -  2.55e-05 1.25e-06h  2
 976  1.0458690e+01 1.22e+01 8.15e+02  -6.0 3.73e+04    -  7.42e-06 5.26e-06h  1
 977  1.0458694e+01 1.22e+01 1.51e+05  -6.0 4.51e+04    -  2.44e-03 1.12e-05h  1
 978  1.0458756e+01 1.22e+01 1.50e+05  -6.0 4.61e+04    -  2.26e-05 3.08e-05h  1
 979r 1.0458756e+01 1.22e+01 1.00e+03   1.0 0.00e+00    -  0.00e+00 4.97e-10R  2
iter    objective    inf_pr   inf_du lg(mu)  ||d||  lg(rg) alpha_du alpha_pr  ls
 980r 1.0458756e+01 1.22e+01 2.05e+03   1.0 9.00e+03    -  3.83e-06 4.86e-11f  1
 981r 1.0458756e+01 1.22e+01 9.99e+02   1.0 0.00e+00    -  0.00e+00 6.15e-08R  2
 982r 1.0458750e+01 1.22e+01 3.87e+04   1.0 9.00e+03    -  6.34e-06 2.26e-09f  1
 983  1.0458747e+01 1.22e+01 5.26e+02  -6.0 3.40e+03    -  1.12e-05 3.44e-07h  2
 984  1.0458738e+01 1.22e+01 1.74e+02  -6.0 1.28e+04    -  2.90e-06 1.03e-06h  2
 985  1.0458733e+01 1.22e+01 4.04e+02  -6.0 1.57e+04    -  8.47e-06 6.21e-07h  2
 986  1.0458727e+01 1.22e+01 1.89e+02  -6.0 2.38e+04    -  6.70e-06 7.56e-07h  2
 987  1.0458719e+01 1.22e+01 7.51e+02  -6.0 3.13e+04    -  2.55e-05 1.25e-06h  2
 988  1.0458694e+01 1.22e+01 8.18e+02  -6.0 3.74e+04    -  7.41e-06 5.25e-06h  1
 989  1.0458698e+01 1.22e+01 1.51e+05  -6.0 4.52e+04    -  2.44e-03 1.11e-05h  1
iter    objective    inf_pr   inf_du lg(mu)  ||d||  lg(rg) alpha_du alpha_pr  ls
 990  1.0458761e+01 1.22e+01 1.51e+05  -6.0 4.62e+04    -  2.25e-05 3.08e-05h  1
 991r 1.0458761e+01 1.22e+01 1.00e+03   1.0 0.00e+00    -  0.00e+00 4.94e-10R  2
 992r 1.0458761e+01 1.22e+01 2.04e+03   1.0 9.00e+03    -  3.82e-06 4.87e-11f  1
 993r 1.0458761e+01 1.22e+01 9.99e+02   1.0 0.00e+00    -  0.00e+00 6.14e-08R  2
 994r 1.0458756e+01 1.22e+01 3.87e+04   1.0 9.00e+03    -  6.34e-06 2.26e-09f  1
 995  1.0458753e+01 1.22e+01 5.25e+02  -6.0 3.40e+03    -  1.11e-05 3.44e-07h  2
 996  1.0458744e+01 1.22e+01 1.74e+02  -6.0 1.28e+04    -  2.90e-06 1.02e-06h  2
 997  1.0458738e+01 1.22e+01 4.02e+02  -6.0 1.56e+04    -  8.41e-06 6.19e-07h  2
 998  1.0458733e+01 1.22e+01 1.89e+02  -6.0 2.38e+04    -  6.73e-06 7.52e-07h  2
 999  1.0458725e+01 1.22e+01 7.53e+02  -6.0 3.13e+04    -  2.54e-05 1.25e-06h  2
iter    objective    inf_pr   inf_du lg(mu)  ||d||  lg(rg) alpha_du alpha_pr  ls
1000  1.0458700e+01 1.22e+01 8.21e+02  -6.0 3.74e+04    -  7.40e-06 5.23e-06h  1

Number of Iterations....: 1000

                                   (scaled)                 (unscaled)
Objective...............:   8.1708591976101399e+00    1.0458699772940980e+01
Dual infeasibility......:   8.2130077370037191e+02    1.0512649903364761e+03
Constraint violation....:   9.0168067090442232e+00    1.2153647763469053e+01
Complementarity.........:   9.9999740371518092e+03    1.2799966767554315e+04
Overall NLP error.......:   9.9999740371518092e+03    1.2799966767554315e+04


Number of objective function evaluations             = 2517
Number of objective gradient evaluations             = 855
Number of equality constraint evaluations            = 2517
Number of inequality constraint evaluations          = 2517
Number of equality constraint Jacobian evaluations   = 1098
Number of inequality constraint Jacobian evaluations = 1098
Number of Lagrangian Hessian evaluations             = 1000
Total CPU secs in IPOPT (w/o function evaluations)   =   1902.042
Total CPU secs in NLP function evaluations           =     42.819

EXIT: Maximum Number of Iterations Exceeded.
