
List of user-set options:

                                    Name   Value                used
                           compl_inf_tol = 1                     yes
                         constr_viol_tol = 1                     yes
                            dual_inf_tol = 1000                  yes
                           linear_solver = ma97                  yes
                              ma86_small = 1e-30                  no
                                  ma86_u = 0.0001                 no
                              ma97_order = best                  yes
                              ma97_small = 1e-30                 yes
                            ma97_switch1 = at_start              yes
                            ma97_switch2 = od_hd_reuse           yes
                                  ma97_u = 1e-06                 yes
                               ma97_umax = 0.5                   yes
                                max_iter = 2000                  yes
                    max_refinement_steps = 20                    yes
                    min_refinement_steps = 5                     yes
                                 mu_init = 1e-06                 yes
           mu_superlinear_decrease_power = 1.25                  yes
                   nlp_scaling_min_value = 1e-08                 yes
                        option_file_name = Preset_Case:_146_NCP.opt  yes
                             output_file = ./tmp/Preset_Case:_146_NCP.output  yes
                      print_user_options = yes                   yes
        required_infeasibility_reduction = 1                      no
                                     tol = 1e-08                 yes
                   warm_start_bound_frac = 1e-20                 yes
                   warm_start_bound_push = 1e-20                 yes
                   warm_start_init_point = yes                   yes
              warm_start_mult_bound_push = 1e-20                 yes
                warm_start_mult_init_max = 1e+40                 yes
             warm_start_slack_bound_frac = 1e-20                 yes
             warm_start_slack_bound_push = 1e-20                 yes

******************************************************************************
This program contains Ipopt, a library for large-scale nonlinear optimization.
 Ipopt is released as open source code under the Eclipse Public License (EPL).
         For more information visit http://projects.coin-or.org/Ipopt
******************************************************************************

This is Ipopt version 3.12.10, running with linear solver ma97.

Number of nonzeros in equality constraint Jacobian...:   117140
Number of nonzeros in inequality constraint Jacobian.:      213
Number of nonzeros in Lagrangian Hessian.............:    47462

Total number of variables............................:    29971
                     variables with only lower bounds:    11312
                variables with lower and upper bounds:    15132
                     variables with only upper bounds:        0
Total number of equality constraints.................:    29864
Total number of inequality constraints...............:       25
        inequality constraints with only lower bounds:        4
   inequality constraints with lower and upper bounds:        0
        inequality constraints with only upper bounds:       21

iter    objective    inf_pr   inf_du lg(mu)  ||d||  lg(rg) alpha_du alpha_pr  ls
   0 -3.5302633e-02 2.03e-01 7.47e+01  -6.0 0.00e+00    -  0.00e+00 0.00e+00   0
In iteration 0, 2 Slacks too small, adjusting variable bounds
   1 -3.5302633e-02 2.03e-01 7.47e+01  -6.0 6.65e+02   2.0 2.04e-08 1.06e-12f  1
In iteration 1, 1 Slack too small, adjusting variable bound
   2 -3.5302633e-02 2.03e-01 7.47e+01  -6.0 6.52e+01   1.5 9.23e-08 6.69e-10f  1
   3 -3.5302636e-02 2.03e-01 7.47e+01  -6.0 8.30e+01   1.0 1.68e-08 1.18e-07f  1
   4 -3.5302649e-02 2.03e-01 7.47e+01  -6.0 1.08e+02   0.6 3.26e-07 4.79e-07f  1
   5 -3.5302671e-02 2.03e-01 7.47e+01  -6.0 1.18e+02   0.1 4.92e-07 1.19e-06f  1
   6 -3.5302758e-02 2.03e-01 7.47e+01  -6.0 1.19e+02  -0.4 1.75e-06 4.36e-06f  1
   7 -3.5303353e-02 2.03e-01 7.47e+01  -6.0 1.18e+02  -0.9 2.23e-06 2.99e-05f  1
   8 -3.5303343e-02 2.03e-01 7.47e+01  -6.0 1.18e+02  -1.3 1.77e-05 9.78e-06f  1
   9 -3.5314045e-02 2.03e-01 1.52e+02  -6.0 1.19e+02  -1.8 1.53e-05 1.73e-03f  1
iter    objective    inf_pr   inf_du lg(mu)  ||d||  lg(rg) alpha_du alpha_pr  ls
  10 -3.5314077e-02 2.03e-01 1.44e+02  -6.0 1.17e+02  -1.4 9.48e-05 2.99e-05h  1
  11 -3.5315023e-02 2.03e-01 8.85e+01  -6.0 1.06e+02  -1.9 1.82e-03 5.74e-04h  1
  12 -3.5315035e-02 2.03e-01 7.46e+01  -6.0 1.06e+02  -1.4 1.51e-04 2.81e-05h  1
  13 -3.5315607e-02 2.03e-01 7.46e+01  -6.0 1.10e+02  -1.9 9.17e-04 1.07e-04f  1
  14 -3.5317612e-02 2.03e-01 1.81e+03  -6.0 1.06e+02  -1.5 1.55e-02 5.52e-04h  1
  15 -3.5335162e-02 2.02e-01 1.75e+03  -6.0 1.07e+02  -2.0 1.45e-03 3.09e-03f  1
  16 -3.5352087e-02 2.01e-01 2.36e+03  -6.0 1.03e+02  -1.5 1.00e-02 4.27e-03h  1
  17 -3.5412378e-02 1.99e-01 4.85e+03  -6.0 1.00e+02  -2.0 5.62e-03 9.49e-03f  1
  18r-3.5412378e-02 1.99e-01 1.00e+03  -0.7 0.00e+00  -1.6 0.00e+00 1.08e-08R  2
  19r-3.5488729e-02 1.99e-01 1.01e+03  -0.7 1.73e+06    -  3.46e-07 4.35e-08f  1
iter    objective    inf_pr   inf_du lg(mu)  ||d||  lg(rg) alpha_du alpha_pr  ls
  20r-3.5488729e-02 1.99e-01 9.99e+02  -0.7 0.00e+00    -  0.00e+00 4.99e-07R  5
  21r-3.5490062e-02 1.99e-01 2.94e+03  -0.7 7.18e+03    -  1.04e-06 9.31e-08f  1
  22 -3.5489955e-02 1.99e-01 9.97e+00  -6.0 3.29e+02    -  6.56e-04 6.00e-05h  1
  23 -3.5489406e-02 1.99e-01 7.40e+01  -6.0 3.30e+02    -  3.10e-03 2.72e-04h  1
  24 -3.5490488e-02 1.98e-01 1.31e+02  -6.0 3.15e+02    -  7.44e-03 4.39e-03h  1
  25 -3.5481818e-02 1.95e-01 2.78e+02  -6.0 3.03e+02    -  2.43e-02 1.59e-02h  1
  26 -3.5448827e-02 1.92e-01 2.30e+02  -6.0 3.05e+02    -  1.41e-02 1.67e-02h  2
  27 -3.5435553e-02 1.90e-01 6.35e+02  -6.0 3.08e+02    -  3.95e-02 1.24e-02h  3
  28 -3.5437113e-02 1.87e-01 1.24e+03  -6.0 3.08e+02    -  5.88e-02 1.18e-02h  4
  29 -3.5458300e-02 1.85e-01 1.35e+03  -6.0 2.91e+02    -  2.67e-02 1.34e-02h  3
iter    objective    inf_pr   inf_du lg(mu)  ||d||  lg(rg) alpha_du alpha_pr  ls
  30 -3.5733090e-02 1.81e-01 1.27e+03  -6.0 2.35e+02    -  1.68e-02 2.27e-02h  1
  31r-3.5733090e-02 1.81e-01 1.00e+03  -0.7 0.00e+00    -  0.00e+00 3.12e-07R  3
  32r-3.5726259e-02 1.81e-01 1.16e+03  -0.7 1.46e+03    -  1.20e-05 3.77e-06f  1
  33 -3.5726485e-02 1.81e-01 4.36e+01  -6.0 2.82e+02    -  2.80e-03 6.83e-05h  1
  34 -3.5733493e-02 1.80e-01 8.50e+02  -6.0 2.82e+02    -  5.24e-02 2.11e-03h  1
  35 -3.5785821e-02 1.78e-01 1.81e+03  -6.0 2.77e+02    -  8.58e-02 1.45e-02h  3
  36 -3.5868957e-02 1.75e-01 1.97e+03  -6.0 2.67e+02    -  3.49e-02 1.56e-02h  2
  37 -3.6001084e-02 1.72e-01 2.24e+03  -6.0 2.59e+02    -  5.67e-02 1.89e-02h  1
  38 -3.5980380e-02 1.70e-01 1.94e+05  -6.0 2.88e+02    -  3.40e-02 1.07e-02h  3
  39 -3.5975344e-02 1.67e-01 1.17e+06  -6.0 2.94e+02    -  1.22e-01 1.50e-02h  2
iter    objective    inf_pr   inf_du lg(mu)  ||d||  lg(rg) alpha_du alpha_pr  ls
  40 -3.6011085e-02 1.65e-01 1.68e+06  -6.0 3.10e+02    -  7.38e-02 1.57e-02h  1
  41 -3.5915714e-02 1.62e-01 2.26e+06  -6.0 3.31e+02    -  4.54e-02 1.63e-02h  2
  42 -3.5939890e-02 1.61e-01 2.37e+06  -6.0 3.12e+02    -  1.03e-02 2.27e-03h  3
  43 -3.5958179e-02 1.61e-01 6.08e+06  -6.0 3.15e+02    -  2.15e-01 1.76e-03h  3
  44 -3.5959657e-02 1.61e-01 6.17e+06  -6.0 4.09e+02    -  8.27e-03 2.34e-03h  4
  45 -3.5959595e-02 1.60e-01 1.16e+07  -6.0 4.16e+02    -  3.00e-01 2.95e-03h  4
  46 -3.5954547e-02 1.60e-01 1.18e+07  -6.0 5.15e+02    -  1.52e-02 2.09e-03h  6
  47 -3.5945690e-02 1.59e-01 1.45e+07  -6.0 5.18e+02    -  2.47e-01 3.99e-03h  5
  48 -3.5940484e-02 1.59e-01 1.46e+07  -6.0 5.81e+02    -  2.31e-02 2.16e-03h  6
  49 -3.5935804e-02 1.59e-01 1.70e+07  -6.0 5.84e+02    -  3.28e-01 2.09e-03h  6
iter    objective    inf_pr   inf_du lg(mu)  ||d||  lg(rg) alpha_du alpha_pr  ls
  50 -3.5927270e-02 1.58e-01 1.70e+07  -6.0 6.53e+02    -  2.87e-02 2.98e-03h  6
  51 -3.5668928e-02 1.09e+00 1.63e+07  -6.0 6.55e+02    -  4.06e-01 9.36e-02w  1
  52 -3.5219806e-02 8.57e+00 1.20e+07  -6.0 6.55e+02    -  1.46e-01 2.85e-01w  1
  53 -3.5827032e-02 1.12e+01 6.23e+06  -6.0 4.50e+02    -  5.98e-01 2.76e-01w  1
  54 -3.5919197e-02 1.58e-01 1.82e+07  -6.0 6.91e+01  -2.1 4.06e-01 2.92e-03h  5
  55 -3.5909580e-02 1.57e-01 1.81e+07  -6.0 7.21e+02    -  4.18e-02 2.34e-03h  8
  56 -3.5898727e-02 1.57e-01 1.79e+07  -6.0 7.24e+02    -  6.11e-02 2.69e-03h  8
  57 -3.5886147e-02 1.56e-01 1.75e+07  -6.0 7.28e+02    -  1.41e-01 3.04e-03h  8
  58 -3.5870651e-02 1.56e-01 1.71e+07  -6.0 7.38e+02    -  1.05e-01 3.63e-03h  8
  59 -3.5852466e-02 1.55e-01 1.66e+07  -6.0 7.44e+02    -  1.11e-01 4.08e-03h  8
iter    objective    inf_pr   inf_du lg(mu)  ||d||  lg(rg) alpha_du alpha_pr  ls
  60 -3.5833320e-02 1.55e-01 1.61e+07  -6.0 7.50e+02    -  9.21e-02 4.21e-03h  8
  61 -3.5813393e-02 1.54e-01 1.50e+07  -6.0 7.54e+02    -  2.22e-01 4.22e-03h  8
  62 -3.5790917e-02 1.53e-01 1.42e+07  -6.0 7.69e+02    -  1.24e-01 4.16e-03h  8
  63 -3.5767016e-02 1.53e-01 1.31e+07  -6.0 7.74e+02    -  1.99e-01 4.15e-03h  8
  64 -3.2431639e-02 1.19e+01 8.57e+06  -6.0 7.84e+02    -  1.21e-01 5.27e-01w  1
  65 -3.0283429e-02 1.11e+01 6.56e+06  -6.0 2.40e+03    -  4.64e-06 1.05e-01w  1
  66 -3.0036372e-02 1.05e+01 6.35e+06  -6.0 4.09e+02    -  9.64e-02 7.36e-02w  1
  67 -3.5740959e-02 1.52e-01 1.23e+07  -6.0 1.53e+03    -  1.21e-01 4.12e-03h  7
  68 -3.5713290e-02 1.51e-01 1.18e+07  -6.0 7.89e+02    -  8.11e-02 4.11e-03h  8
  69 -3.5684669e-02 1.51e-01 1.07e+07  -6.0 7.90e+02    -  1.87e-01 4.13e-03h  8
iter    objective    inf_pr   inf_du lg(mu)  ||d||  lg(rg) alpha_du alpha_pr  ls
  70 -3.5654548e-02 1.50e-01 1.04e+07  -6.0 8.00e+02    -  4.60e-02 3.89e-03h  8
  71 -3.5625937e-02 1.50e-01 9.29e+06  -6.0 8.00e+02    -  2.12e-01 3.62e-03h  8
  72 -3.5578826e-02 1.49e-01 9.12e+06  -6.0 8.17e+02    -  3.13e-02 5.04e-03h  7
  73 -3.5534536e-02 1.48e-01 8.02e+06  -6.0 8.16e+02    -  2.39e-01 4.62e-03h  7
  74 -3.5456787e-02 1.47e-01 7.96e+06  -6.0 2.08e+03    -  1.55e-02 5.18e-03h  5
  75 -3.5396927e-02 1.47e-01 7.85e+06  -6.0 2.52e+03    -  6.92e-02 3.59e-03h  5
  76 -3.5330187e-02 1.47e-01 7.87e+06  -6.0 6.03e+03    -  9.84e-03 2.17e-03h  4
  77 -3.4941972e-02 1.72e-01 8.04e+06  -6.0 1.10e+04    -  2.36e-02 7.56e-03w  1
  78 -3.3015098e-02 2.56e+00 5.27e+06  -6.0 1.65e+03    -  4.69e-01 1.83e-01w  1
  79 -3.2991035e-02 2.55e+00 4.45e+06  -6.0 8.88e+01  -2.5 9.17e-04 6.19e-03w  1
iter    objective    inf_pr   inf_du lg(mu)  ||d||  lg(rg) alpha_du alpha_pr  ls
  80 -3.5305923e-02 1.47e-01 8.20e+06  -6.0 1.18e+02  -3.0 2.36e-02 4.73e-04h  4
  81 -3.5306757e-02 1.46e-01 8.54e+06  -6.0 2.13e+02  -3.5 2.43e-02 9.98e-04h  7
  82 -3.5311879e-02 1.46e-01 9.14e+06  -6.0 3.21e+02  -4.0 9.18e-02 1.09e-03h  8
  83 -3.5316696e-02 1.46e-01 9.17e+06  -6.0 4.88e+02  -4.5 4.25e-02 1.33e-03h  8
  84 -3.5312668e-02 1.46e-01 8.13e+06  -6.0 6.55e+02  -4.9 3.48e-01 2.31e-03h  9
  85 -3.5316294e-02 1.45e-01 8.11e+06  -6.0 6.54e+02  -5.4 1.88e-08 2.37e-03f  7
  86 -3.5311580e-02 1.45e-01 9.25e+06  -6.0 1.76e+02  -3.2 4.02e-02 1.39e-03h  5
  87 -3.5302921e-02 1.45e-01 1.43e+07  -6.0 1.36e+02  -2.8 9.53e-02 1.45e-03h  5
  88 -3.5297203e-02 1.45e-01 1.58e+07  -6.0 2.06e+02  -3.2 5.62e-02 1.22e-03h  5
  89 -3.5287426e-02 1.45e-01 1.90e+07  -6.0 1.54e+02  -2.8 6.21e-02 1.28e-03h  5
iter    objective    inf_pr   inf_du lg(mu)  ||d||  lg(rg) alpha_du alpha_pr  ls
  90 -3.5211790e-02 1.85e-01 2.05e+07  -6.0 2.36e+02  -3.3 8.41e-02 1.73e-02w  1
  91 -3.5218976e-02 1.91e-01 2.04e+07  -6.0 3.71e+02  -3.8 3.67e-03 4.24e-03w  1
  92 -3.5218971e-02 1.91e-01 3.15e+07  -6.0 2.56e+02  -3.3 4.24e-01 4.47e-06w  1
  93 -3.5282699e-02 1.44e-01 2.12e+07  -6.0 4.87e+02  -3.8 8.41e-02 1.08e-03h  4
  94 -3.5278969e-02 1.44e-01 3.19e+07  -6.0 2.75e+02  -3.4 4.29e-01 9.99e-04h  5
  95 -3.5271430e-02 1.44e-01 3.20e+07  -6.0 5.14e+02  -3.9 1.59e-02 1.70e-03h  8
  96 -3.5266245e-02 1.44e-01 3.35e+07  -6.0 3.61e+02  -3.4 4.84e-02 9.95e-04h  5
  97 -3.5257883e-02 1.44e-01 3.61e+07  -6.0 2.47e+02  -3.0 4.78e-02 1.16e-03h  5
  98 -3.5250562e-02 1.44e-01 5.12e+07  -6.0 4.01e+02  -3.5 4.96e-01 1.38e-03h  4
  99 -3.5242890e-02 1.43e-01 6.33e+07  -6.0 3.20e+02  -3.1 1.61e-01 9.94e-04h  5
iter    objective    inf_pr   inf_du lg(mu)  ||d||  lg(rg) alpha_du alpha_pr  ls
 100 -3.5228943e-02 1.43e-01 6.33e+07  -6.0 5.28e+02  -3.5 6.28e-03 1.86e-03h  7
 101 -3.5219487e-02 1.43e-01 6.96e+07  -6.0 3.69e+02  -3.1 8.34e-02 1.22e-03h  5
 102 -3.5209868e-02 1.43e-01 7.51e+07  -6.0 2.56e+02  -2.7 4.18e-02 1.13e-03h  5
 103 -3.5075741e-02 1.63e-01 1.20e+08  -6.0 4.15e+02  -3.2 6.25e-01 1.75e-02w  1
 104 -3.2807345e-02 9.14e+00 8.54e+07  -6.0 6.73e+02  -3.6 6.72e-04 3.17e-01w  1
 105 -3.2834633e-02 9.10e+00 8.50e+07  -6.0 2.96e+02  -3.2 4.25e-07 4.97e-03w  1
 106 -3.5201485e-02 1.43e-01 1.22e+08  -6.0 3.40e+02  -3.7 6.25e-01 1.09e-03h  4
 107 -3.5180726e-02 1.42e-01 1.28e+08  -6.0 5.42e+02  -3.3 8.97e-02 2.18e-03h  4
 108 -3.5164898e-02 1.42e-01 1.79e+08  -6.0 3.84e+02  -2.8 3.20e-01 1.79e-03h  4
 109 -3.5138104e-02 1.42e-01 1.79e+08  -6.0 6.26e+02  -3.3 5.32e-02 2.65e-03h  7
iter    objective    inf_pr   inf_du lg(mu)  ||d||  lg(rg) alpha_du alpha_pr  ls
 110 -3.5085425e-02 1.41e-01 1.73e+08  -6.0 7.72e+02  -3.8 6.81e-02 4.75e-03h  6
 111 -3.5060306e-02 1.41e-01 1.75e+08  -6.0 6.39e+02  -3.4 1.43e-01 2.66e-03h  4
 112 -3.5049188e-02 1.40e-01 2.02e+08  -6.0 4.74e+02  -2.9 1.86e-01 1.33e-03h  4
 113 -3.5014354e-02 1.40e-01 2.01e+08  -6.0 6.81e+02  -3.4 7.29e-02 3.66e-03h  7
 114 -3.4995269e-02 1.40e-01 2.75e+08  -6.0 5.18e+02  -3.0 5.65e-01 2.33e-03h  3
 115 -3.4943329e-02 1.39e-01 2.71e+08  -6.0 7.37e+02  -3.5 3.78e-02 5.15e-03h  6
 116 -3.4898046e-02 1.38e-01 2.76e+08  -6.0 5.88e+02  -3.0 7.47e-02 5.40e-03w  1
 117 -3.3490368e-02 2.94e+00 2.43e+08  -6.0 7.46e+02  -3.5 6.82e-02 1.52e-01w  1
 118 -3.3490365e-02 2.94e+00 2.52e+08  -6.0 5.09e+02  -3.1 1.47e-01 1.50e-05w  1
 119 -3.4920687e-02 1.39e-01 2.77e+08  -6.0 6.10e+02  -3.6 7.47e-02 2.70e-03h  1
iter    objective    inf_pr   inf_du lg(mu)  ||d||  lg(rg) alpha_du alpha_pr  ls
 120 -3.4878719e-02 1.38e-01 2.73e+08  -6.0 8.40e+02  -4.1 1.64e-02 3.52e-03h  6
 121 -3.4861356e-02 1.38e-01 3.17e+08  -6.0 4.59e+02  -2.7 1.75e-01 2.31e-03h  2
 122 -3.4842362e-02 1.37e-01 3.14e+08  -6.0 6.67e+02  -3.2 2.45e-01 2.27e-03h  1
 123 -3.4800605e-02 1.37e-01 3.13e+08  -6.0 7.91e+02  -3.7 4.22e-03 4.11e-03h  6
 124r-3.4800605e-02 1.37e-01 1.00e+03  -0.9 0.00e+00  -3.2 0.00e+00 2.78e-07R  6
 125r-3.4800793e-02 1.37e-01 1.00e+03  -0.9 2.98e+05    -  2.26e-07 2.29e-08f  1
 126r-3.4759680e-02 1.36e-01 3.58e+03  -0.9 6.11e+03    -  1.01e-04 1.19e-05f  1
 127 -3.4777237e-02 1.36e-01 6.86e+05  -6.0 2.25e+02    -  7.44e-03 9.74e-04h  1
 128 -3.4790968e-02 1.36e-01 6.44e+05  -6.0 2.72e+02    -  9.74e-04 9.23e-04h  1
 129 -3.4806937e-02 1.36e-01 1.87e+06  -6.0 2.68e+02    -  1.01e-01 1.06e-03h  1
iter    objective    inf_pr   inf_du lg(mu)  ||d||  lg(rg) alpha_du alpha_pr  ls
 130 -3.4809163e-02 1.36e-01 1.91e+06  -6.0 2.89e+02    -  3.01e-03 2.83e-04h  1
 131 -3.4808010e-02 1.36e-01 2.72e+06  -6.0 3.17e+02    -  3.94e-02 4.22e-04h  1
 132 -3.4798423e-02 1.36e-01 2.74e+06  -6.0 3.19e+02    -  3.98e-03 2.75e-03h  4
 133 -3.4791129e-02 1.35e-01 5.79e+06  -6.0 3.21e+02    -  1.16e-01 2.51e-03h  4
 134 -3.4786948e-02 1.35e-01 5.99e+06  -6.0 3.24e+02    -  9.41e-03 2.25e-03h  5
 135 -3.4783361e-02 1.35e-01 7.40e+06  -6.0 3.26e+02    -  5.10e-02 2.53e-03h  5
 136 -3.4781348e-02 1.34e-01 7.82e+06  -6.0 3.32e+02    -  1.74e-02 2.30e-03h  6
 137 -3.4779945e-02 1.34e-01 1.16e+07  -6.0 3.34e+02    -  1.39e-01 2.76e-03h  6
 138 -3.4779768e-02 1.34e-01 1.20e+07  -6.0 3.51e+02    -  2.10e-02 3.18e-03h  7
 139 -3.4780828e-02 1.33e-01 1.46e+07  -6.0 3.55e+02    -  1.09e-01 3.30e-03h  7
iter    objective    inf_pr   inf_du lg(mu)  ||d||  lg(rg) alpha_du alpha_pr  ls
 140 -3.4782076e-02 1.33e-01 1.52e+07  -6.0 3.72e+02    -  3.12e-02 1.97e-03h  8
 141 -3.4783727e-02 1.33e-01 2.04e+07  -6.0 3.77e+02    -  2.48e-01 2.08e-03h  8
 142 -3.5066476e-02 1.31e+01 9.68e+06  -6.0 4.24e+02    -  3.24e-02 3.09e-01w  1
 143 -3.5066567e-02 1.31e+01 8.77e+06  -6.0 3.26e+02    -  3.66e-01 2.41e-05w  1
 144 -3.6391571e-02 1.21e+01 6.43e+06  -6.0 3.67e+02    -  5.72e-01 3.04e-01w  1
 145 -3.4785936e-02 1.32e-01 2.09e+07  -6.0 3.18e+02    -  3.24e-02 2.41e-03h  7
 146 -3.4788583e-02 1.32e-01 2.33e+07  -6.0 4.30e+02    -  1.61e-01 2.45e-03h  8
 147 -3.4791987e-02 1.32e-01 2.37e+07  -6.0 4.61e+02    -  4.17e-02 2.66e-03h  8
 148 -3.4795868e-02 1.31e-01 2.71e+07  -6.0 4.67e+02    -  3.26e-01 2.71e-03h  8
 149 -3.4801556e-02 1.31e-01 2.71e+07  -6.0 5.30e+02    -  4.36e-02 3.25e-03h  8
iter    objective    inf_pr   inf_du lg(mu)  ||d||  lg(rg) alpha_du alpha_pr  ls
 150 -3.4807660e-02 1.30e-01 2.75e+07  -6.0 5.34e+02    -  2.69e-01 3.31e-03h  8
 151 -3.4814944e-02 1.30e-01 2.72e+07  -6.0 5.73e+02    -  5.34e-02 3.79e-03h  8
 152 -3.4822446e-02 1.29e-01 2.52e+07  -6.0 5.77e+02    -  4.56e-01 3.87e-03h  8
 153 -3.4828534e-02 1.29e-01 2.46e+07  -6.0 6.35e+02    -  5.86e-02 4.90e-03h  8
 154 -3.4834140e-02 1.28e-01 1.99e+07  -6.0 6.36e+02    -  4.43e-01 4.99e-03h  8
 155 -3.4632437e-02 3.29e+00 1.51e+07  -6.0 6.73e+02    -  7.08e-02 4.67e-01w  1
 156 -3.6011405e-02 6.30e+00 7.53e+06  -6.0 3.38e+02    -  6.54e-01 4.57e-01w  1
 157 -3.6038379e-02 6.29e+00 1.96e+07  -6.0 1.15e+02  -3.7 1.81e-01 2.97e-03w  1
 158 -3.4830989e-02 1.27e-01 1.90e+07  -6.0 1.22e+02  -4.2 7.08e-02 7.29e-03h  6
 159 -3.4826653e-02 1.26e-01 1.30e+07  -6.0 6.72e+02    -  5.32e-01 6.83e-03h  7
iter    objective    inf_pr   inf_du lg(mu)  ||d||  lg(rg) alpha_du alpha_pr  ls
 160 -3.4812400e-02 1.26e-01 1.22e+07  -6.0 7.12e+02    -  8.59e-02 4.41e-03h  7
 161 -3.4797786e-02 1.25e-01 7.18e+06  -6.0 7.11e+02    -  5.47e-01 4.30e-03h  7
 162 -3.4776769e-02 1.25e-01 6.60e+06  -6.0 7.34e+02    -  9.67e-02 3.83e-03h  7
 163 -3.4733829e-02 1.24e-01 4.62e+06  -6.0 7.34e+02    -  3.56e-01 7.51e-03h  6
 164 -3.4765424e-02 1.23e-01 4.70e+06  -6.0 4.15e+02  -4.7 1.24e-01 4.38e-03h  6
 165 -3.4766459e-02 1.23e-01 3.75e+06  -6.0 5.87e+02  -5.2 6.08e-01 4.08e-03h  8
 166 -3.4717644e-02 1.22e-01 3.48e+06  -6.0 7.57e+02  -5.6 1.20e-01 5.25e-03h  6
 167 -3.4715056e-02 1.21e-01 2.94e+06  -6.0 5.97e+02  -5.2 5.52e-01 5.65e-03h  8
 168 -3.3149642e-02 3.81e-01 2.59e+06  -6.0 7.91e+02  -5.7 1.07e-01 1.32e-01w  1
 169 -3.0703833e-02 8.36e+00 5.48e+06  -6.0 1.76e+03  -6.2 1.80e-01 3.40e-01w  1
iter    objective    inf_pr   inf_du lg(mu)  ||d||  lg(rg) alpha_du alpha_pr  ls
 170 -3.0908025e-02 1.10e+01 1.25e+07  -6.0 6.46e+03  -5.7 2.84e-03 6.37e-02w  1
 171 -3.4666137e-02 1.21e-01 2.77e+06  -6.0 2.97e+02  -5.3 1.07e-01 4.12e-03h  5
 172 -3.4569864e-02 1.20e-01 2.52e+06  -6.0 8.58e+02  -5.8 1.85e-01 5.89e-03h  5
 173 -3.4590955e-02 1.20e-01 2.23e+06  -6.0 4.95e+02  -5.4 2.78e-01 4.14e-03h  7
 174 -3.4494378e-02 1.19e-01 2.21e+06  -6.0 1.08e+03  -5.8 4.14e-02 3.19e-03h  5
 175 -3.4504000e-02 1.19e-01 1.68e+06  -6.0 5.30e+02  -5.4 7.07e-01 3.48e-03h  8
 176 -3.4421512e-02 1.19e-01 1.71e+06  -6.0 1.64e+03  -5.9 2.97e-02 2.06e-03h  5
 177 -3.4415844e-02 1.18e-01 1.57e+06  -6.0 5.91e+02  -5.5 7.91e-01 5.41e-03h  8
 178 -3.4443007e-02 1.18e-01 2.00e+06  -6.0 2.30e+02  -4.1 9.31e-02 2.82e-03h  4
 179 -3.4489145e-02 1.17e-01 2.15e+06  -6.0 3.03e+02  -4.6 7.55e-02 4.10e-03h  6
iter    objective    inf_pr   inf_du lg(mu)  ||d||  lg(rg) alpha_du alpha_pr  ls
 180 -3.4508270e-02 1.17e-01 4.04e+06  -6.0 2.53e+02  -4.2 3.56e-01 2.25e-03h  4
 181 -3.4552559e-02 1.39e-01 8.68e+06  -6.0 2.17e+02  -3.8 4.06e-01 1.40e-02w  1
 182 -3.5496321e-02 3.60e+00 8.00e+06  -6.0 3.90e+02  -4.2 4.47e-01 2.02e-01w  1
 183 -3.5663734e-02 1.55e+01 6.19e+06  -6.0 4.10e+02  -4.7 5.41e-02 3.50e-01w  1
 184 -3.4513806e-02 1.17e-01 8.88e+06  -6.0 1.95e+02  -4.3 4.06e-01 1.75e-03h  3
 185 -3.4519371e-02 1.16e-01 1.37e+07  -6.0 2.94e+02  -3.9 4.16e-01 2.01e-03h  4
 186 -3.4523245e-02 1.16e-01 1.38e+07  -6.0 5.07e+02  -4.3 2.74e-01 6.72e-03h  7
 187 -3.4501901e-02 1.15e-01 1.37e+07  -6.0 6.57e+02  -4.8 1.45e-02 4.83e-03h  6
 188 -3.4507380e-02 1.14e-01 1.36e+07  -6.0 5.19e+02  -4.4 1.13e-01 6.41e-03h  6
 189 -3.4515459e-02 1.14e-01 1.89e+07  -6.0 3.85e+02  -4.0 5.38e-01 3.85e-03h  5
iter    objective    inf_pr   inf_du lg(mu)  ||d||  lg(rg) alpha_du alpha_pr  ls
 190 -3.4500421e-02 1.13e-01 1.73e+07  -6.0 5.94e+02  -4.4 3.56e-01 7.29e-03h  5
 191 -3.4504829e-02 1.13e-01 2.10e+07  -6.0 4.41e+02  -4.0 4.53e-01 3.18e-03h  5
 192 -3.4488016e-02 1.12e-01 1.81e+07  -6.0 6.24e+02  -4.5 4.14e-01 5.51e-03h  5
 193 -3.4433643e-02 1.11e-01 1.52e+07  -6.0 7.10e+02  -5.0 2.44e-01 7.63e-03h  5
 194 -3.3496587e-02 2.25e-01 9.53e+06  -6.0 7.42e+02  -5.4 4.47e-01 9.92e-02w  1
 195 -3.3572548e-02 2.94e-01 9.01e+06  -6.0 3.56e+02  -4.1 1.41e-04 3.95e-02w  1
 196 -3.5025743e-02 1.66e+01 3.93e+06  -6.0 4.33e+02  -4.6 3.43e-01 5.73e-01w  1
 197 -3.4375077e-02 1.11e-01 9.83e+06  -6.0 9.72e+01  -4.2 4.47e-01 6.20e-03h  4
 198 -3.4380123e-02 1.10e-01 9.75e+06  -6.0 5.22e+02  -4.6 7.44e-02 4.07e-03h  8
 199 -3.4392768e-02 1.10e-01 1.05e+07  -6.0 3.88e+02  -4.2 1.68e-01 2.86e-03h  5
iter    objective    inf_pr   inf_du lg(mu)  ||d||  lg(rg) alpha_du alpha_pr  ls
 200 -3.4402885e-02 1.09e-01 1.52e+07  -6.0 2.86e+02  -3.8 3.77e-01 2.89e-03h  5
 201 -3.4408803e-02 1.09e-01 1.78e+07  -6.0 4.87e+02  -4.3 9.95e-01 4.45e-03h  4
 202 -3.4414515e-02 1.09e-01 2.18e+07  -6.0 3.80e+02  -3.8 2.69e-01 2.50e-03h  5
 203 -3.4411987e-02 1.08e-01 2.04e+07  -6.0 5.60e+02  -4.3 1.00e+00 4.74e-03h  6
 204 -3.4392015e-02 1.08e-01 1.51e+07  -6.0 6.56e+02  -4.8 5.99e-01 5.39e-03h  6
 205 -3.4369082e-02 1.07e-01 9.89e+06  -6.0 6.58e+02  -5.3 7.16e-01 6.88e-03h  6
 206 -3.4384231e-02 1.07e-01 1.05e+07  -6.0 2.61e+02  -3.9 8.86e-02 2.25e-03h  5
 207 -3.4484681e-02 3.19e-01 1.30e+07  -6.0 1.97e+02  -3.5 2.20e-01 3.24e-02w  1
 208 -3.5642344e-02 3.02e+00 1.15e+07  -6.0 3.07e+02  -4.0 2.49e-01 1.59e-01w  1
 209 -3.6532825e-02 9.70e+00 6.97e+06  -6.0 3.49e+02  -4.5 1.00e+00 5.16e-01w  1
iter    objective    inf_pr   inf_du lg(mu)  ||d||  lg(rg) alpha_du alpha_pr  ls
 210 -3.4390509e-02 1.06e-01 1.37e+07  -6.0 2.28e+02  -5.0 2.20e-01 2.02e-03h  4
 211 -3.4396702e-02 1.07e-01 1.69e+07  -6.0 2.46e+02  -3.6 2.00e-01 1.94e-03h  5
 212 -3.4411522e-02 1.08e-01 2.35e+07  -6.0 3.99e+02  -4.1 1.00e+00 3.75e-03h  4
 213 -3.4409231e-02 1.08e-01 2.03e+07  -6.0 5.93e+02  -4.6 6.56e-01 6.32e-03h  5
 214 -3.4406700e-02 1.07e-01 1.52e+07  -6.0 6.20e+02  -5.1 7.23e-01 5.05e-03h  7
 215 -3.4421810e-02 1.08e-01 1.64e+07  -6.0 2.53e+02  -3.7 9.74e-02 3.05e-03h  4
 216 -3.4464365e-02 1.12e-01 2.08e+07  -6.0 3.80e+02  -4.2 7.91e-01 7.00e-03h  2
 217 -3.4475492e-02 1.12e-01 2.43e+07  -6.0 3.30e+02  -3.8 2.06e-01 2.77e-03h  3
 218 -3.4489701e-02 1.12e-01 2.79e+07  -6.0 4.83e+02  -4.3 1.00e+00 4.36e-03h  5
 219 -3.4496967e-02 1.12e-01 2.15e+07  -6.0 5.87e+02  -4.7 1.00e+00 5.38e-03h  7
iter    objective    inf_pr   inf_du lg(mu)  ||d||  lg(rg) alpha_du alpha_pr  ls
 220 -3.5014733e-02 6.29e-01 1.58e+07  -6.0 5.45e+02  -5.2 4.19e-01 1.83e-01w  1
 221 -3.5563594e-02 2.46e+00 7.88e+06  -6.0 9.19e+02  -5.7 1.00e+00 4.02e-01w  1
 222 -3.5881997e-02 2.22e+00 8.71e+06  -6.0 1.27e+02  -4.4 2.27e-01 1.06e-01w  1
 223 -3.4513148e-02 1.12e-01 1.83e+07  -6.0 9.44e+01  -3.9 4.19e-01 5.71e-03h  5
 224 -3.4547781e-02 1.14e-01 1.95e+07  -6.0 4.02e+02  -4.4 7.33e-01 5.98e-03h  6
 225 -3.4563030e-02 1.14e-01 1.86e+07  -6.0 5.30e+02  -4.9 1.00e+00 7.77e-03h  7
 226 -3.4578819e-02 1.14e-01 1.69e+07  -6.0 6.46e+02  -5.4 3.10e-01 5.69e-03h  8
 227 -3.4584015e-02 1.14e-01 1.12e+07  -6.0 1.21e+03  -5.8 4.51e-01 3.26e-03h  8
 228 -3.4588525e-02 1.14e-01 1.14e+07  -6.0 1.90e+02  -3.6 1.21e-01 1.84e-03h  3
 229 -3.4599432e-02 1.15e-01 1.21e+07  -6.0 2.97e+02  -4.1 4.70e-01 3.88e-03h  1
iter    objective    inf_pr   inf_du lg(mu)  ||d||  lg(rg) alpha_du alpha_pr  ls
 230 -3.4605284e-02 1.16e-01 1.55e+07  -6.0 4.29e+02  -4.6 1.00e+00 6.69e-03h  7
 231 -3.4628443e-02 1.16e-01 1.53e+07  -6.0 4.74e+02  -5.0 7.45e-01 6.53e-03h  8
 232 -3.4643835e-02 1.16e-01 7.79e+06  -6.0 8.68e+02  -5.5 9.82e-01 4.55e-03h  8
 233 -3.4654634e-02 1.16e-01 6.95e+06  -6.0 1.44e+03  -6.0 1.13e-01 2.57e-03h  7
 234 -3.4665075e-02 1.17e-01 5.15e+06  -6.0 1.99e+02  -3.8 2.77e-01 3.10e-03h  6
 235 -3.4670383e-02 1.17e-01 1.12e+07  -6.0 3.24e+02  -4.2 1.00e+00 2.94e-03h  8
 236 -3.4679354e-02 1.17e-01 1.12e+07  -6.0 4.53e+02  -4.7 1.00e+00 5.66e-03h  8
 237 -3.4708315e-02 1.17e-01 1.17e+07  -6.0 6.04e+02  -5.2 3.70e-01 6.23e-03h  8
 238 -3.4719535e-02 1.17e-01 6.13e+06  -6.0 1.11e+03  -5.7 9.99e-01 3.09e-03h  8
 239 -3.4714341e-02 1.17e-01 4.79e+06  -6.0 1.13e+03  -4.3 7.13e-02 4.55e-04h  8
iter    objective    inf_pr   inf_du lg(mu)  ||d||  lg(rg) alpha_du alpha_pr  ls
 240 -3.4714342e-02 1.17e-01 3.42e+06  -6.0 3.56e+02  -3.9 5.04e-02 2.70e-08w  1
 241 -3.4835156e-02 8.04e-01 2.87e+06  -6.0 1.58e+02  -3.5 1.05e-01 6.76e-02w  1
 242 -3.5816104e-02 3.24e+00 5.14e+06  -6.0 2.14e+02  -4.0 4.51e-01 1.58e-01w  1
 243r-3.4714341e-02 1.17e-01 1.00e+03  -1.0 0.00e+00  -4.4 0.00e+00 1.06e-10R  8
 244r-3.4771713e-02 1.15e-01 1.84e+03  -1.0 3.03e+03    -  1.14e-04 4.14e-05f  1
 245 -3.4785089e-02 1.15e-01 1.67e+06  -6.0 1.60e+02    -  2.05e-02 7.80e-04h  1
 246 -3.4803945e-02 1.15e-01 2.36e+06  -6.0 1.60e+02    -  7.81e-04 1.10e-03h  1
 247 -3.4850554e-02 1.14e-01 2.36e+06  -6.0 1.59e+02    -  2.76e-02 2.72e-03f  1
 248 -3.5335753e-02 1.42e-01 2.29e+06  -6.0 1.93e+02    -  4.93e-03 3.08e-02h  1
 249 -3.5397532e-02 1.42e-01 2.28e+06  -6.0 1.81e+02    -  1.20e-01 4.33e-03h  1
iter    objective    inf_pr   inf_du lg(mu)  ||d||  lg(rg) alpha_du alpha_pr  ls
 250 -3.6963465e-02 7.16e-01 2.03e+06  -6.0 1.79e+02    -  5.57e-02 1.13e-01f  1
 251 -3.7408238e-02 7.45e-01 1.94e+06  -6.0 1.59e+02    -  6.16e-02 4.06e-02h  1
 252 -3.8565097e-02 1.24e+00 1.73e+06  -6.0 1.50e+02    -  4.64e-03 1.13e-01h  1
 253 -3.8567795e-02 1.24e+00 1.72e+06  -6.0 1.71e+02    -  4.73e-02 6.50e-04h  1
 254 -3.8710134e-02 1.24e+00 1.66e+06  -6.0 1.72e+02    -  8.79e-02 3.65e-02f  2
 255 -3.8839925e-02 1.24e+00 1.60e+06  -6.0 1.61e+02    -  1.50e-03 3.79e-02h  1
 256r-3.8839925e-02 1.24e+00 1.00e+03  -0.3 0.00e+00    -  0.00e+00 2.22e-08R  2
 257r-3.8835321e-02 1.24e+00 2.91e+03  -0.3 4.01e+03    -  2.28e-07 6.93e-07f  1
 258 -3.8835676e-02 1.24e+00 4.53e+06  -6.0 1.38e+02    -  8.31e-02 1.33e-04h  1
 259 -3.8837309e-02 1.24e+00 2.38e+07  -6.0 1.35e+02    -  1.35e-04 7.10e-04h  1
iter    objective    inf_pr   inf_du lg(mu)  ||d||  lg(rg) alpha_du alpha_pr  ls
 260r-3.8837309e-02 1.24e+00 9.99e+02  -0.3 0.00e+00    -  0.00e+00 7.68e-10R  2
 261r-3.8839261e-02 1.24e+00 5.01e+03  -0.3 4.95e+03    -  3.96e-06 4.22e-07f  1
 262 -3.8839417e-02 1.24e+00 3.13e+06  -6.0 1.38e+02    -  3.36e-02 5.94e-05h  1
 263 -3.8843647e-02 1.24e+00 1.21e+08  -6.0 1.38e+02    -  4.04e-06 2.29e-03h  1
 264 -3.8861295e-02 1.23e+00 1.30e+08  -6.0 1.49e+02    -  2.35e-03 1.00e-02h  1
 265 -3.8866884e-02 1.22e+00 1.29e+08  -6.0 1.44e+02    -  3.44e-02 2.97e-03h  1
 266 -3.8940294e-02 1.21e+00 1.24e+08  -6.0 1.47e+02    -  1.38e-03 3.88e-02h  2
 267 -3.8557402e-02 1.21e+00 1.24e+08  -6.0 6.34e+02    -  5.83e-04 6.52e-03h  2
 268 -3.8397483e-02 1.21e+00 1.23e+08  -6.0 9.04e+02  -4.0 3.57e-03 1.70e-03h  3
 269 -3.8293249e-02 1.21e+00 1.20e+08  -6.0 1.27e+02  -3.6 3.62e-02 3.04e-02h  2
iter    objective    inf_pr   inf_du lg(mu)  ||d||  lg(rg) alpha_du alpha_pr  ls
 270 -3.8672200e-02 1.20e+00 1.13e+08  -6.0 8.74e+01  -3.2 2.40e-01 5.25e-02h  2
 271 -3.9153738e-02 1.16e+00 1.09e+08  -6.0 1.53e+02  -3.6 6.79e-02 4.08e-02h  1
 272 -3.9325900e-02 1.14e+00 1.01e+08  -6.0 1.15e+02    -  3.18e-01 7.46e-02h  3
 273 -4.0037334e-02 1.06e+00 8.34e+07  -6.0 1.29e+02    -  2.37e-01 1.71e-01h  1
 274 -4.0585143e-02 9.29e-01 7.09e+07  -6.0 1.12e+02    -  4.91e-01 1.50e-01h  1
 275 -4.0980907e-02 8.41e-01 6.41e+07  -6.0 1.53e+02    -  1.17e-01 9.60e-02h  1
 276 -4.1498066e-02 7.81e-01 5.92e+07  -6.0 1.93e+02    -  4.50e-01 7.70e-02h  1
 277 -4.3065740e-02 6.43e-01 4.55e+07  -6.0 1.90e+02    -  5.84e-01 2.30e-01h  1
 278 -4.3065774e-02 6.43e-01 4.55e+07  -6.0 2.99e+02    -  1.76e-01 1.06e-05h  1
 279 -4.3137017e-02 5.64e-01 3.98e+07  -6.0 1.47e+02  -4.1 1.30e-01 1.25e-01h  1
iter    objective    inf_pr   inf_du lg(mu)  ||d||  lg(rg) alpha_du alpha_pr  ls
 280 -4.3138363e-02 5.58e-01 3.94e+07  -6.0 1.62e+02  -4.6 9.52e-02 1.11e-02h  6
 281 -4.3141271e-02 5.55e-01 5.00e+07  -6.0 1.38e+02  -4.2 3.19e-01 4.48e-03h  7
 282 -4.3939510e-02 8.87e-01 6.66e+07  -6.0 9.80e+01  -3.7 4.74e-01 1.61e-01h  2
 283 -4.3797036e-02 1.13e+00 6.34e+07  -6.0 1.04e+02  -4.2 1.94e-01 1.49e-01H  1
 284r-4.3797036e-02 1.13e+00 1.00e+03  -0.8 0.00e+00  -4.7 0.00e+00 2.78e-07R  2
 285r-4.3808061e-02 1.12e+00 1.74e+03  -0.8 6.14e+03    -  4.16e-05 5.42e-06f  1
 286 -4.3815193e-02 1.12e+00 1.22e+06  -6.0 4.99e+01    -  2.40e-02 1.25e-03h  1
 287 -4.3841231e-02 1.12e+00 4.55e+06  -6.0 5.02e+01    -  1.25e-03 4.49e-03f  1
 288 -4.3846332e-02 1.11e+00 4.52e+06  -6.0 1.08e+02    -  5.29e-03 7.66e-03h  1
 289 -4.3872161e-02 1.11e+00 2.50e+07  -6.0 1.19e+02    -  1.84e-01 3.23e-03h  1
iter    objective    inf_pr   inf_du lg(mu)  ||d||  lg(rg) alpha_du alpha_pr  ls
 290 -4.4068942e-02 1.07e+00 2.50e+07  -6.0 2.02e+02    -  3.34e-02 2.90e-02h  1
 291 -4.4220488e-02 1.04e+00 7.02e+07  -6.0 1.97e+02    -  3.11e-01 2.87e-02h  1
 292 -4.4593512e-02 9.26e-01 5.85e+07  -6.0 1.90e+02    -  8.47e-02 1.26e-01h  2
 293 -4.4654850e-02 7.75e-01 4.98e+07  -6.0 1.54e+02    -  2.57e-01 2.08e-01H  1
 294 -4.4841276e-02 6.91e-01 5.39e+07  -6.0 1.66e+02    -  3.84e-01 1.51e-01h  1
 295 -4.6104650e-02 2.21e-01 6.26e+06  -6.0 1.33e+02    -  5.32e-01 1.00e+00H  1
 296 -4.5823892e-02 2.19e-01 7.67e+07  -6.0 5.60e+02    -  3.15e-02 1.23e-02h  4
 297 -4.5268197e-02 2.10e-01 7.20e+07  -6.0 2.09e+02    -  7.00e-05 6.29e-02h  3
 298 -4.4346028e-02 1.56e-01 1.56e+08  -6.0 1.69e+01    -  6.99e-02 1.00e+00h  1
 299 -4.5232830e-02 1.35e-01 1.52e+06  -6.0 5.47e+00  -4.3 5.73e-01 1.00e+00h  1
iter    objective    inf_pr   inf_du lg(mu)  ||d||  lg(rg) alpha_du alpha_pr  ls
 300 -4.6679486e-02 1.29e-01 1.24e+06  -6.0 5.68e+01  -4.8 2.76e-01 1.83e-01h  1
 301 -4.8382515e-02 1.79e-01 3.20e+05  -6.0 1.32e+01    -  6.79e-01 7.46e-01h  1
 302 -4.8790853e-02 1.85e-03 3.79e+03  -6.0 4.33e+00    -  9.00e-01 1.00e+00h  1
 303 -5.0877061e-02 5.16e-02 1.46e+03  -6.0 3.62e+01    -  8.51e-01 1.00e+00h  1
 304 -5.3869930e-02 1.65e-01 3.39e+03  -6.0 1.84e+02    -  2.58e-01 3.05e-01h  1
 305 -5.6255223e-02 3.71e-01 7.55e+02  -6.0 2.49e+02    -  5.23e-01 5.06e-01h  1
 306 -5.6255352e-02 3.71e-01 1.14e+05  -6.0 4.15e+01  -5.2 4.28e-04 4.20e-05h  1
 307 -5.9230902e-02 1.77e+00 1.48e+05  -6.0 1.51e+02    -  4.11e-04 2.54e-01f  1
 308 -6.0464348e-02 1.97e+00 1.24e+05  -6.0 3.61e+01  -5.7 3.97e-02 1.65e-01h  1
 309 -6.4305515e-02 3.58e+00 8.07e+04  -6.0 4.98e+01  -6.2 9.59e-02 3.46e-01h  1
iter    objective    inf_pr   inf_du lg(mu)  ||d||  lg(rg) alpha_du alpha_pr  ls
 310 -6.4367984e-02 3.52e+00 7.93e+04  -6.0 7.47e+01  -6.7 9.64e-02 1.71e-02h  1
 311 -6.6557375e-02 3.41e+00 6.90e+04  -6.0 1.88e+02  -7.1 6.49e-03 1.30e-01f  1
 312 -6.9992333e-02 2.93e+00 5.78e+04  -6.0 5.23e+02  -7.6 1.42e-01 1.62e-01h  1
 313 -7.0854062e-02 2.75e+00 5.43e+04  -6.0 3.62e+02  -7.2 1.78e-01 6.05e-02h  1
 314 -7.0469104e-02 2.74e+00 5.40e+04  -6.0 2.43e+03  -7.7 1.04e-02 5.53e-03h  3
 315 -7.2621619e-02 2.31e+00 4.59e+04  -6.0 4.04e+02  -7.2 6.63e-02 1.49e-01h  1
 316 -7.5080967e-02 2.14e+00 3.03e+04  -6.0 1.64e+02  -6.8 1.61e-01 3.38e-01h  1
 317 -7.8461638e-02 2.75e+00 3.02e+04  -6.0 1.74e+04  -7.3 7.71e-03 3.90e-03h  1
 318 -8.0809709e-02 2.84e+00 2.23e+04  -6.0 2.07e+02  -7.8 3.65e-01 2.63e-01h  1
 319 -8.5324154e-02 4.75e+00 2.02e+04  -6.0 2.33e+03  -8.2 9.63e-02 9.36e-02h  1
iter    objective    inf_pr   inf_du lg(mu)  ||d||  lg(rg) alpha_du alpha_pr  ls
 320 -8.5392842e-02 4.75e+00 2.02e+04  -6.0 3.23e+04    -  5.33e-02 1.17e-03h  1
 321 -8.6255318e-02 4.56e+00 1.92e+04  -6.0 1.77e+03    -  1.40e-01 5.00e-02h  1
 322 -9.1121253e-02 1.16e+01 1.40e+04  -6.0 2.72e+03    -  1.32e-01 2.69e-01h  1
 323 -9.4297621e-02 2.25e+01 1.19e+04  -6.0 5.32e+03    -  2.26e-01 1.48e-01h  1
 324 -9.4579635e-02 2.18e+01 1.16e+04  -6.0 1.05e+03    -  2.31e-01 3.11e-02h  1
 325 -9.8056755e-02 1.76e+01 8.39e+03  -6.0 1.36e+03    -  1.51e-02 2.74e-01h  1
 326 -1.0086875e-01 1.41e+01 6.28e+03  -6.0 1.31e+03    -  4.06e-01 2.51e-01h  1
 327 -1.0359748e-01 1.14e+01 4.78e+03  -6.0 1.80e+03    -  3.04e-01 2.38e-01h  1
 328 -1.0393758e-01 1.08e+01 4.51e+03  -6.0 1.85e+03  -8.7 1.31e-02 5.89e-02h  1
 329 -1.0460425e-01 1.02e+01 4.25e+03  -6.0 1.66e+03  -9.2 4.74e-02 5.73e-02h  1
iter    objective    inf_pr   inf_du lg(mu)  ||d||  lg(rg) alpha_du alpha_pr  ls
 330 -1.0468057e-01 1.00e+01 4.18e+03  -6.0 9.19e+02  -7.9 9.78e-02 1.36e-02h  1
 331 -1.0550365e-01 8.00e+00 3.27e+03  -6.0 9.08e+02  -7.4 1.19e-02 2.17e-01h  1
 332 -1.0588140e-01 7.12e+00 2.87e+03  -6.0 6.02e+02  -7.9 4.31e-03 1.22e-01h  1
 333 -1.0627467e-01 5.65e+00 2.07e+03  -6.0 6.05e+02  -7.5 1.56e-02 2.79e-01f  1
 334 -1.0661927e-01 4.31e+00 1.57e+03  -6.0 2.44e+02  -8.0 1.97e-06 2.38e-01f  1
 335 -1.0706757e-01 3.62e+00 1.31e+03  -6.0 3.85e+02  -8.4 1.55e-01 1.64e-01h  1
 336 -1.0789679e-01 3.02e+00 1.09e+03  -6.0 8.76e+02  -8.9 9.94e-02 1.71e-01h  1
 337 -1.0930112e-01 2.46e+00 8.67e+02  -6.0 1.50e+03  -9.4 2.44e-01 2.02e-01h  1
 338 -1.0948425e-01 2.39e+00 8.40e+02  -6.0 4.36e+03  -9.0 3.11e-02 3.14e-02h  1
 339 -1.1132239e-01 1.89e+00 6.31e+02  -6.0 1.61e+03  -9.5 2.38e-01 2.48e-01h  1
iter    objective    inf_pr   inf_du lg(mu)  ||d||  lg(rg) alpha_du alpha_pr  ls
 340 -1.1215873e-01 1.63e+00 5.33e+02  -6.0 1.03e+03  -9.0 3.48e-01 1.57e-01h  1
 341 -1.1239272e-01 1.60e+00 5.21e+02  -6.0 1.89e+03  -9.5 2.09e-01 2.59e-02h  1
 342 -1.1568579e-01 2.18e+00 2.23e+02  -6.0 1.18e+03  -9.1 1.31e-01 5.69e-01f  1
 343 -1.1715957e-01 5.98e+00 1.64e+02  -6.0 1.83e+03  -9.6 1.22e-01 2.63e-01h  1
 344 -1.1783099e-01 4.97e+00 1.31e+02  -6.0 7.31e+02  -9.1 1.25e-01 2.01e-01h  1
 345 -1.1969133e-01 2.02e+01 8.23e+01  -6.0 2.49e+03  -9.6 7.70e-02 3.72e-01h  1
 346 -1.2047421e-01 2.16e+01 4.53e+03  -6.0 1.48e+03  -9.2 1.48e-01 5.42e-01h  1
 347 -1.2051831e-01 2.11e+01 4.36e+03  -6.0 1.32e+03  -8.8 4.24e-02 2.37e-02h  1
 348 -1.2057500e-01 1.96e+01 4.19e+03  -6.0 2.52e+02  -8.3 1.62e-01 6.97e-02h  1
 349 -1.2114441e-01 1.37e+01 2.44e+03  -6.0 7.87e+02  -8.8 2.10e-01 3.88e-01h  1
iter    objective    inf_pr   inf_du lg(mu)  ||d||  lg(rg) alpha_du alpha_pr  ls
 350 -1.2119784e-01 1.35e+01 2.02e+03  -6.0 1.37e+03  -9.3 2.84e-01 2.22e-02h  1
 351 -1.2121331e-01 1.34e+01 1.97e+03  -6.0 1.57e+04  -9.8 7.07e-03 2.29e-03h  2
Error in an AMPL evaluation. Run with "halt_on_ampl_error yes" to see details.
Warning: Cutting back alpha due to evaluation error
 352 -1.2122660e-01 1.33e+01 1.96e+03  -6.0 5.23e+03  -9.3 2.40e-03 6.24e-03h  2
 353 -1.2124998e-01 1.33e+01 1.93e+03  -6.0 1.58e+04  -9.8 5.83e-03 3.52e-03h  2
 354 -1.2126667e-01 1.31e+01 1.91e+03  -6.0 7.01e+03  -9.4 9.91e-03 1.21e-02h  1
Error in an AMPL evaluation. Run with "halt_on_ampl_error yes" to see details.
Warning: Cutting back alpha due to evaluation error
 355 -1.2126931e-01 1.31e+01 1.83e+03  -6.0 4.00e+04  -9.9 6.34e-03 4.72e-04h  6
Error in an AMPL evaluation. Run with "halt_on_ampl_error yes" to see details.
Warning: Cutting back alpha due to evaluation error
 356 -1.2127712e-01 1.30e+01 1.77e+03  -6.0 1.43e+04  -9.4 1.93e-02 7.34e-03h  2
Error in an AMPL evaluation. Run with "halt_on_ampl_error yes" to see details.
Warning: Cutting back alpha due to evaluation error
 357 -1.2130191e-01 1.30e+01 1.66e+03  -6.0 1.47e+04  -9.9 1.34e-02 3.78e-03h  4
Error in an AMPL evaluation. Run with "halt_on_ampl_error yes" to see details.
Warning: Cutting back alpha due to evaluation error
 358 -1.2131786e-01 1.27e+01 1.51e+03  -6.0 1.33e+04  -9.5 6.17e-02 2.43e-02h  2
 359 -1.2184205e-01 2.10e+01 1.56e+03  -6.0 1.98e+04 -10.0 2.64e-02 4.41e-02h  1
iter    objective    inf_pr   inf_du lg(mu)  ||d||  lg(rg) alpha_du alpha_pr  ls
 360 -1.2215283e-01 1.90e+01 1.31e+03  -6.0 2.78e+03  -9.5 6.65e-02 1.30e-01h  1
 361 -1.2365545e-01 2.00e+01 1.11e+03  -6.0 1.26e+04 -10.0 4.42e-02 7.03e-02h  1
 362 -1.2372080e-01 2.02e+01 1.16e+03  -6.0 3.77e+04    -  2.48e-02 5.40e-03h  1
 363 -1.2413152e-01 1.95e+01 1.24e+03  -6.0 2.54e+03  -9.6 1.75e-01 1.05e-01h  1
 364 -1.2530999e-01 1.36e+01 2.54e+02  -6.0 8.74e+02  -9.2 9.77e-02 4.59e-01h  1
 365 -1.2597336e-01 1.32e+01 4.76e+01  -6.0 2.16e+03  -9.6 1.99e-01 1.10e-01h  1
 366 -1.2610464e-01 1.31e+01 6.96e+01  -6.0 1.66e+04 -10.1 1.42e-02 3.43e-03h  1
 367 -1.2618731e-01 1.29e+01 2.37e+02  -6.0 9.42e+03 -10.6 6.72e-02 1.88e-02h  1
 368 -1.2639924e-01 1.22e+01 8.94e+02  -6.0 5.78e+03    -  2.79e-01 6.88e-02h  1
 369 -1.2651110e-01 1.19e+01 8.73e+02  -6.0 1.97e+04    -  3.29e-02 3.05e-02h  1
iter    objective    inf_pr   inf_du lg(mu)  ||d||  lg(rg) alpha_du alpha_pr  ls
 370 -1.2753386e-01 4.81e+01 2.08e+02  -6.0 2.50e+03 -10.2 3.48e-01 5.53e-01h  1
 371 -1.2771053e-01 4.25e+01 2.24e+03  -6.0 1.05e+03  -9.7 4.79e-01 1.17e-01h  1
 372 -1.2883362e-01 1.45e+00 4.74e+03  -6.0 3.08e+02  -9.3 3.49e-03 1.00e+00h  1
 373 -1.2884746e-01 1.38e+00 3.55e+03  -6.0 5.30e+01  -6.2 2.07e-02 4.45e-02h  1
 374 -1.2889624e-01 4.21e-01 5.08e+02  -6.0 3.55e+00  -5.8 5.95e-01 6.96e-01h  1
 375 -1.2894174e-01 2.78e-01 1.44e+03  -6.0 4.35e+00  -6.2 7.17e-01 3.39e-01h  1
 376 -1.2907701e-01 3.57e-03 2.89e+02  -6.0 5.81e+00  -6.7 6.20e-01 1.00e+00h  1
 377 -1.2913957e-01 3.18e-03 1.58e+03  -6.0 1.87e+01  -7.2 8.10e-01 2.27e-01h  1
 378 -1.2948590e-01 6.10e-02 1.24e+03  -6.0 5.01e+01  -7.7 2.49e-01 8.16e-01h  1
 379 -1.2992411e-01 2.68e-01 9.40e+04  -6.0 1.74e+02  -8.1 1.87e-02 4.63e-01h  1
iter    objective    inf_pr   inf_du lg(mu)  ||d||  lg(rg) alpha_du alpha_pr  ls
 380 -1.2993191e-01 3.46e-01 6.50e+04  -6.0 3.93e+02  -8.6 8.86e-01 3.09e-01H  1
 381 -1.3064547e-01 4.18e-01 6.05e+03  -6.0 3.74e+02  -9.1 2.20e-01 9.00e-01h  1
 382 -1.3072407e-01 4.08e-01 5.90e+03  -6.0 1.54e+02  -7.8 3.22e-02 2.35e-02h  1
 383 -1.3075483e-01 2.76e-01 3.96e+03  -6.0 7.38e+01  -8.2 4.13e-01 3.26e-01f  1
 384 -1.3098734e-01 5.03e-01 3.18e+03  -6.0 1.77e+02  -8.7 2.38e-01 1.96e-01h  1
 385 -1.3128410e-01 2.58e-01 2.24e+03  -6.0 4.47e+02  -9.2 2.20e-01 2.94e-01h  1
 386 -1.3153428e-01 7.15e-01 1.79e+03  -6.0 1.48e+03  -9.7 2.05e-01 2.03e-01h  1
 387 -1.3182800e-01 6.15e+00 1.74e+03  -6.0 5.56e+04 -10.2 8.12e-03 2.38e-02h  1
 388 -1.3183705e-01 6.05e+00 1.71e+03  -6.0 2.56e+02  -7.9 2.23e-02 1.76e-02h  1
 389 -1.3220093e-01 1.22e+01 4.34e+02  -6.0 8.34e+01  -8.4 5.63e-01 7.50e-01f  1
iter    objective    inf_pr   inf_du lg(mu)  ||d||  lg(rg) alpha_du alpha_pr  ls
 390 -1.3231433e-01 1.08e+01 3.71e+02  -6.0 2.19e+02  -8.9 7.80e-01 1.36e-01h  1
 391 -1.3313229e-01 2.07e+00 3.23e+01  -6.0 3.81e+02  -9.4 1.35e-01 9.29e-01h  1
 392 -1.3402876e-01 7.29e+00 9.13e+01  -6.0 2.06e+03  -9.8 4.45e-01 4.55e-01h  1
 393 -1.3463203e-01 8.26e+00 1.65e+02  -6.0 2.21e+04 -10.3 3.98e-02 6.66e-02h  1
 394 -1.3481020e-01 9.07e+00 1.65e+02  -6.0 6.24e+03    -  4.78e-02 6.00e-02h  1
 395 -1.3487120e-01 1.06e+01 3.90e+02  -6.0 9.57e+03 -10.8 1.47e-02 3.46e-02h  2
 396 -1.3498669e-01 9.50e+00 3.50e+02  -6.0 8.36e+02  -9.5 1.28e-01 1.00e-01h  1
 397 -1.3541773e-01 7.11e+00 2.74e+02  -6.0 4.69e+03    -  1.48e-01 2.35e-01h  1
 398 -1.3595227e-01 7.10e+00 2.46e+02  -6.0 3.56e+03    -  8.26e-01 3.32e-01h  1
 399 -1.3597324e-01 6.61e+00 2.53e+02  -6.0 2.36e+03    -  1.22e-01 6.79e-02h  1
iter    objective    inf_pr   inf_du lg(mu)  ||d||  lg(rg) alpha_du alpha_pr  ls
 400 -1.3602843e-01 6.02e+00 2.01e+02  -6.0 1.09e+03    -  3.00e-02 8.97e-02h  1
 401 -1.3634899e-01 6.07e+00 1.10e+02  -6.0 1.17e+03    -  1.54e-01 3.67e-01h  1
 402 -1.3658395e-01 4.20e+00 2.71e+02  -6.0 3.77e+02  -9.9 5.96e-01 3.65e-01h  1
 403 -1.3693445e-01 1.88e+00 1.82e+02  -6.0 6.15e+02    -  6.07e-01 5.62e-01h  1
 404 -1.3744466e-01 1.58e+00 6.08e+01  -6.0 2.94e+02    -  9.89e-01 1.00e+00h  1
 405 -1.3756150e-01 2.01e+00 1.69e+03  -6.0 1.22e+03 -10.4 4.63e-01 2.63e-01h  1
 406 -1.3787490e-01 2.06e+00 6.11e+03  -6.0 3.33e+02    -  9.09e-02 7.08e-01h  1
 407 -1.3797469e-01 1.34e+00 8.15e+04  -6.0 5.12e+02 -10.0 1.43e-02 3.81e-01h  1
 408 -1.3803682e-01 1.16e+00 7.04e+04  -6.0 3.71e+02  -9.6 2.52e-01 1.37e-01h  1
 409 -1.3810006e-01 1.14e+00 4.30e+06  -6.0 1.02e+03 -10.0 1.14e-03 1.41e-01h  2
iter    objective    inf_pr   inf_du lg(mu)  ||d||  lg(rg) alpha_du alpha_pr  ls
 410 -1.3803854e-01 4.73e-02 1.43e+03  -6.0 5.35e+01  -9.6 1.16e-01 1.00e+00h  1
 411 -1.3814420e-01 1.36e-01 1.05e+00  -6.0 8.89e+01  -9.2 1.00e+00 1.00e+00h  1
 412 -1.3822121e-01 5.88e-01 2.49e+00  -6.0 3.31e+02  -9.7 3.83e-01 3.45e-01h  1
 413 -1.3822594e-01 4.59e-01 2.50e+01  -6.0 5.64e+02 -10.1 7.45e-03 1.63e-01H  1
 414 -1.3821785e-01 4.40e-01 7.14e+01  -6.0 3.74e+03 -10.6 4.39e-01 4.92e-02H  1
 415 -1.3806008e-01 2.95e+01 5.78e+01  -6.0 4.07e+03    -  4.12e-01 3.22e-01h  1
 416 -1.3797928e-01 1.74e+01 6.05e+02  -6.0 1.02e+03    -  6.70e-02 6.09e-01h  1
 417 -1.3808632e-01 3.37e+00 6.78e+01  -6.0 4.51e+02    -  5.93e-01 1.00e+00h  1
 418 -1.3806808e-01 2.72e+00 1.00e+02  -6.0 4.73e+02    -  9.61e-01 2.02e-01h  1
 419 -1.3796647e-01 3.68e+00 3.07e+01  -6.0 4.51e+02 -10.2 5.51e-01 1.00e+00h  1
iter    objective    inf_pr   inf_du lg(mu)  ||d||  lg(rg) alpha_du alpha_pr  ls
 420 -1.3798859e-01 2.54e+00 2.04e+02  -6.0 2.39e+02    -  7.00e-01 3.30e-01h  1
 421 -1.3803387e-01 1.43e+00 2.02e+02  -6.0 2.27e+02    -  6.84e-01 1.00e+00h  1
 422 -1.3805303e-01 1.10e+00 1.50e+03  -6.0 2.29e+02    -  1.00e+00 3.58e-01h  1
 423 -1.3808486e-01 1.39e+00 9.55e+02  -6.0 2.27e+02    -  5.61e-01 1.00e+00h  1
 424 -1.3811036e-01 1.17e+00 5.25e+03  -6.0 2.76e+02  -9.8 9.85e-01 4.18e-01h  1
 425 -1.3810686e-01 1.09e+00 5.44e+03  -6.0 3.96e+02    -  2.79e-01 1.88e-01h  1
 426 -1.3847158e-01 3.98e+00 1.41e+07  -6.0 5.05e+02    -  1.31e-03 1.00e+00h  1
 427 -1.3802474e-01 2.72e+00 5.12e+03  -6.0 7.17e+02    -  6.21e-01 1.00e+00H  1
 428 -1.3804172e-01 3.17e-01 1.52e+01  -6.0 1.02e+02    -  1.00e+00 1.00e+00h  1
 429 -1.3801606e-01 8.20e-02 3.52e-01  -6.0 5.23e+01    -  1.00e+00 1.00e+00h  1
iter    objective    inf_pr   inf_du lg(mu)  ||d||  lg(rg) alpha_du alpha_pr  ls
 430 -1.3801254e-01 1.21e-03 5.78e-03  -6.0 6.41e+00    -  1.00e+00 1.00e+00h  1
 431 -1.3801255e-01 1.14e-08 8.60e-08  -6.0 2.07e-02    -  1.00e+00 1.00e+00h  1
 432 -1.3855156e-01 6.50e+00 1.16e+01  -7.5 3.73e+03    -  1.71e-01 1.73e-01f  1
 433 -1.3874254e-01 7.36e+00 2.56e+01  -7.5 4.03e+03    -  3.42e-02 7.08e-02h  1
 434 -1.3912806e-01 1.01e+01 2.16e+01  -7.5 2.55e+03    -  3.45e-01 2.32e-01h  1
 435 -1.3929692e-01 1.07e+01 1.86e+01  -7.5 2.43e+03    -  1.61e-01 1.81e-01h  1
 436 -1.3930308e-01 1.06e+01 1.48e+02  -7.5 2.43e+02  -9.3 5.13e-01 1.05e-02h  1
 437 -1.3981313e-01 3.26e+01 5.57e+01  -7.5 2.59e+03    -  7.69e-03 6.19e-01h  1
 438 -1.3984800e-01 2.65e+01 3.99e+01  -7.5 1.24e+03    -  2.11e-01 1.86e-01h  1
 439 -1.3989888e-01 1.80e+01 3.61e+01  -7.5 1.23e+03    -  2.74e-01 3.23e-01h  1
iter    objective    inf_pr   inf_du lg(mu)  ||d||  lg(rg) alpha_du alpha_pr  ls
 440 -1.3993743e-01 1.44e+01 1.57e+01  -7.5 9.55e+02    -  4.00e-01 2.02e-01h  1
 441 -1.3997615e-01 1.07e+01 1.93e+01  -7.5 1.76e+03    -  5.01e-01 2.64e-01h  1
 442 -1.4005465e-01 4.39e+00 8.39e+00  -7.5 6.02e+02    -  6.40e-01 6.25e-01h  1
 443 -1.4015496e-01 1.79e+00 1.14e+02  -7.5 2.46e+02    -  2.18e-01 1.00e+00h  1
 444 -1.4018348e-01 1.32e+00 5.46e+01  -7.5 2.80e+02    -  5.14e-01 2.72e-01h  1
 445 -1.4028451e-01 9.11e-01 2.65e+02  -7.5 2.14e+02    -  5.36e-01 1.00e+00h  1
 446 -1.4030314e-01 7.69e-01 4.81e+02  -7.5 2.26e+01  -9.8 4.84e-01 1.65e-01h  1
 447 -1.4032448e-01 6.34e-01 1.88e+03  -7.5 2.67e+01 -10.3 1.00e+00 1.90e-01h  1
 448 -1.4035875e-01 4.45e-01 1.55e+03  -7.5 3.02e+02 -10.8 5.41e-01 2.98e-01h  1
 449 -1.4039680e-01 4.67e-01 4.73e+02  -7.5 5.49e+02 -11.2 1.01e-01 3.24e-01h  1
iter    objective    inf_pr   inf_du lg(mu)  ||d||  lg(rg) alpha_du alpha_pr  ls
 450 -1.4042350e-01 1.14e+00 9.61e+01  -7.5 1.25e+03    -  1.49e-01 1.99e-01h  1
 451 -1.4045778e-01 7.50e+00 2.87e+02  -7.5 3.34e+03    -  1.68e-01 2.18e-01h  1
 452 -1.4045784e-01 7.49e+00 2.88e+02  -7.5 3.21e+04    -  2.60e-04 3.35e-04h  2
 453 -1.4045786e-01 7.49e+00 2.55e+02  -7.5 4.59e+04    -  1.19e-03 1.17e-04h  2
 454 -1.4045791e-01 7.49e+00 5.22e+03  -7.5 2.11e+04    -  1.47e-01 2.55e-04h  1
 455 -1.4045851e-01 7.46e+00 4.75e+03  -7.5 1.18e+04    -  3.19e-03 4.11e-03h  1
 456 -1.4049420e-01 4.27e+01 3.57e+03  -7.5 1.83e+03    -  5.22e-02 1.00e+00f  1
 457 -1.4053337e-01 7.64e+01 7.09e+02  -7.5 2.81e+03    -  5.03e-01 7.85e-01h  1
 458 -1.4053304e-01 7.61e+01 7.13e+02  -7.5 3.58e+03    -  6.39e-02 5.25e-03h  1
 459 -1.4052889e-01 2.68e+01 1.30e+03  -7.5 2.51e+02    -  1.28e-02 6.50e-01h  1
iter    objective    inf_pr   inf_du lg(mu)  ||d||  lg(rg) alpha_du alpha_pr  ls
 460 -1.4052671e-01 1.04e-02 7.86e+02  -7.5 3.97e+01    -  2.36e-02 1.00e+00h  1
 461 -1.4052655e-01 3.76e-03 6.21e-01  -7.5 8.41e+00    -  1.00e+00 1.00e+00h  1
 462 -1.4056599e-01 7.08e+01 8.30e+01  -7.5 8.39e+03 -11.7 1.74e-02 2.63e-01h  1
 463 -1.4053280e-01 2.19e+01 1.93e+02  -7.5 3.15e+03    -  1.00e+00 1.00e+00H  1
 464 -1.4057102e-01 5.59e+01 1.57e+02  -7.5 8.41e+03    -  5.16e-02 2.63e-01h  1
 465 -1.4058573e-01 5.07e+01 4.52e+01  -7.5 2.34e+03    -  2.13e-02 4.76e-01h  1
 466 -1.4060064e-01 4.10e+01 1.91e+02  -7.5 1.70e+03    -  4.37e-02 6.99e-01h  1
 467 -1.4060493e-01 3.53e+00 2.29e+03  -7.5 3.64e+02    -  9.48e-03 1.00e+00h  1
 468 -1.4060613e-01 1.06e+00 2.40e+00  -7.5 8.92e+01    -  4.00e-01 1.00e+00h  1
 469 -1.4060629e-01 1.70e-02 5.31e-02  -7.5 1.20e+01  -9.5 1.00e+00 1.00e+00h  1
iter    objective    inf_pr   inf_du lg(mu)  ||d||  lg(rg) alpha_du alpha_pr  ls
 470 -1.4061205e-01 5.23e+00 1.59e+01  -7.5 4.43e+02    -  2.43e-01 1.00e+00h  1
 471 -1.4061234e-01 1.06e-02 1.33e-01  -7.5 2.13e+01 -10.0 1.00e+00 1.00e+00h  1
 472 -1.4061973e-01 6.10e+00 2.90e+01  -7.5 6.36e+03    -  2.43e-01 8.81e-02h  1
 473 -1.4061800e-01 3.29e-01 2.54e+00  -7.5 1.34e+02    -  1.00e+00 1.00e+00h  1
 474 -1.4061991e-01 4.11e-01 3.17e+00  -7.5 1.43e+02    -  1.00e+00 1.00e+00h  1
 475 -1.4062003e-01 1.42e-03 1.26e-02  -7.5 8.00e+00    -  1.00e+00 1.00e+00h  1
 476 -1.4062001e-01 6.24e-05 4.04e-04  -7.5 1.76e+00    -  1.00e+00 1.00e+00h  1
 477 -1.4062001e-01 4.17e-09 4.98e-08  -7.5 1.43e-02    -  1.00e+00 1.00e+00h  1
 478 -1.4062327e-01 9.23e-02 2.40e+00  -9.0 2.59e+02    -  2.88e-01 3.04e-01h  1
 479 -1.4063017e-01 2.10e+01 7.95e+01  -9.0 1.17e+05    -  2.17e-02 8.78e-03h  1
iter    objective    inf_pr   inf_du lg(mu)  ||d||  lg(rg) alpha_du alpha_pr  ls
 480 -1.4063789e-01 2.77e+01 1.19e+02  -9.0 3.62e+03    -  1.86e-01 2.32e-01h  1
 481 -1.4064253e-01 2.74e+01 1.26e+02  -9.0 4.34e+03    -  2.91e-01 1.62e-01h  1
 482 -1.4064965e-01 4.42e+01 1.33e+02  -9.0 3.43e+03    -  3.20e-01 3.66e-01h  1
 483 -1.4065355e-01 4.07e+01 2.54e+01  -9.0 1.55e+03    -  1.00e-02 8.19e-01h  1
 484 -1.4065068e-01 1.55e-01 7.70e+00  -9.0 1.02e+02    -  4.01e-02 1.00e+00h  1
 485 -1.4065130e-01 8.47e-02 7.37e-01  -9.0 6.42e+01    -  1.00e+00 1.00e+00h  1
 486 -1.4065129e-01 2.12e-02 8.98e-02  -9.0 3.22e+01    -  1.00e+00 1.00e+00h  1
 487 -1.4065129e-01 6.76e-08 1.75e-05  -9.0 3.78e-02    -  1.00e+00 1.00e+00h  1
 488 -1.4065129e-01 3.05e-10 2.60e-12  -9.0 2.80e-05    -  1.00e+00 1.00e+00h  1

Number of Iterations....: 488

                                   (scaled)                 (unscaled)
Objective...............:  -1.4065128916508951e-01   -1.4065128916508951e-01
Dual infeasibility......:   2.6003366127014260e-12    2.6003366127014260e-12
Constraint violation....:   3.0548381760395898e-10    3.0548381760395898e-10
Complementarity.........:   9.0909098742262368e-10    9.0909098742262368e-10
Overall NLP error.......:   9.0909098742262368e-10    9.0909098742262368e-10


Number of objective function evaluations             = 1641
Number of objective gradient evaluations             = 488
Number of equality constraint evaluations            = 1647
Number of inequality constraint evaluations          = 1643
Number of equality constraint Jacobian evaluations   = 497
Number of inequality constraint Jacobian evaluations = 497
Number of Lagrangian Hessian evaluations             = 488
Total CPU secs in IPOPT (w/o function evaluations)   =    243.545
Total CPU secs in NLP function evaluations           =     11.225

EXIT: Optimal Solution Found.
