
List of user-set options:

                                    Name   Value                used
                           compl_inf_tol = 1                     yes
                         constr_viol_tol = 1                     yes
                            dual_inf_tol = 1000                  yes
                           linear_solver = ma97                  yes
                              ma86_small = 1e-30                  no
                                  ma86_u = 0.0001                 no
                              ma97_order = best                  yes
                              ma97_small = 1e-30                 yes
                            ma97_switch1 = at_start              yes
                            ma97_switch2 = od_hd_reuse           yes
                                  ma97_u = 1e-06                 yes
                               ma97_umax = 0.5                   yes
                                max_iter = 1000                  yes
                    max_refinement_steps = 20                    yes
                    min_refinement_steps = 5                     yes
                                 mu_init = 1e-06                 yes
           mu_superlinear_decrease_power = 1.25                  yes
                   nlp_scaling_min_value = 1e-08                 yes
                        option_file_name = Preset_Case_342_pf.opt  yes
                             output_file = ./tmp/Preset_Case_342_pf.output  yes
                      print_user_options = yes                   yes
        required_infeasibility_reduction = 1                      no
                                     tol = 1e-08                 yes
                   warm_start_bound_frac = 1e-20                 yes
                   warm_start_bound_push = 1e-20                 yes
                   warm_start_init_point = yes                   yes
              warm_start_mult_bound_push = 1e-20                 yes
                warm_start_mult_init_max = 1e+40                 yes
             warm_start_slack_bound_frac = 1e-20                 yes
             warm_start_slack_bound_push = 1e-20                 yes

******************************************************************************
This program contains Ipopt, a library for large-scale nonlinear optimization.
 Ipopt is released as open source code under the Eclipse Public License (EPL).
         For more information visit http://projects.coin-or.org/Ipopt
******************************************************************************

This is Ipopt version 3.12.10, running with linear solver ma97.

Number of nonzeros in equality constraint Jacobian...:   117284
Number of nonzeros in inequality constraint Jacobian.:      213
Number of nonzeros in Lagrangian Hessian.............:    47506

Total number of variables............................:    30050
                     variables with only lower bounds:    11392
                variables with lower and upper bounds:    15128
                     variables with only upper bounds:        0
Total number of equality constraints.................:    29944
Total number of inequality constraints...............:       25
        inequality constraints with only lower bounds:        4
   inequality constraints with lower and upper bounds:        0
        inequality constraints with only upper bounds:       21

iter    objective    inf_pr   inf_du lg(mu)  ||d||  lg(rg) alpha_du alpha_pr  ls
   0 -1.1818352e+01 2.58e-01 1.01e+02  -6.0 0.00e+00    -  0.00e+00 0.00e+00   0
   1 -1.1818352e+01 2.58e-01 1.53e+03  -6.0 1.35e+10    -  1.53e-13 7.81e-17h  1
   2 -1.1823210e+01 2.33e-01 1.98e+03  -6.0 1.36e+03    -  7.84e-03 1.12e-02f  1
   3 -1.1823214e+01 2.33e-01 1.50e+04  -6.0 1.08e+02    -  5.53e-02 3.87e-06h  2
   4 -1.1840736e+01 2.31e-01 2.70e+04  -6.0 1.82e+02    -  3.43e-02 1.19e-02h  1
   5 -1.1880280e+01 2.26e-01 1.06e+05  -6.0 4.84e+02    -  9.52e-02 2.42e-02h  1
   6 -1.1981809e+01 2.15e-01 2.40e+05  -6.0 1.02e+03    -  1.13e-01 4.91e-02h  1
   7 -1.1972974e+01 2.09e-01 3.24e+05  -6.0 8.64e+02    -  7.93e-02 3.38e-02h  4
   8 -1.1958105e+01 2.07e-01 8.16e+05  -6.0 7.75e+02    -  3.01e-01 1.41e-02h  5
   9 -1.1944110e+01 2.05e-01 9.28e+05  -6.0 7.49e+02    -  2.04e-01 1.07e-02h  6
iter    objective    inf_pr   inf_du lg(mu)  ||d||  lg(rg) alpha_du alpha_pr  ls
  10 -1.1929828e+01 2.03e-01 9.54e+05  -6.0 7.36e+02    -  1.69e-01 9.95e-03h  6
  11 -1.1924330e+01 2.03e-01 9.52e+05  -6.0 7.25e+02    -  1.75e-01 3.61e-03h  7
  12 -1.1915069e+01 2.02e-01 9.05e+05  -6.0 7.02e+02    -  2.43e-01 5.44e-03h  6
  13 -1.1899418e+01 2.00e-01 7.90e+05  -6.0 7.05e+02    -  3.22e-01 8.01e-03h  5
  14 -1.1885673e+01 1.99e-01 6.10e+05  -6.0 7.28e+02    -  4.03e-01 6.03e-03h  5
  15 -1.1880991e+01 1.99e-01 4.62e+05  -6.0 7.91e+02    -  3.19e-01 1.64e-03h  7
  16 -1.1880315e+01 1.98e-01 3.44e+05  -6.0 8.77e+02    -  3.05e-01 1.94e-04h 11
  17 -1.0909093e+01 3.77e+00 2.62e+05  -6.0 1.00e+03    -  2.45e-01 2.32e-01w  1
  18 -1.0924645e+01 3.65e+00 1.26e+05  -6.0 7.44e+01  -2.0 3.89e-03 2.15e-02w  1
  19 -1.0973307e+01 3.61e+00 1.98e+05  -6.0 1.36e+02  -2.5 5.84e-02 4.02e-02w  1
iter    objective    inf_pr   inf_du lg(mu)  ||d||  lg(rg) alpha_du alpha_pr  ls
  20 -1.1880196e+01 1.98e-01 3.05e+05  -6.0 1.34e+02  -2.1 2.45e-01 2.83e-05h 13
  21 -1.0892621e+01 3.98e+00 2.37e+05  -6.0 1.13e+03    -  2.22e-01 2.22e-01s 20
  22 -1.0907062e+01 3.93e+00 2.35e+05  -6.0 1.01e+02  -2.5 1.14e-02 1.14e-02s 20
  23r-1.0907062e+01 3.93e+00 1.00e+03   0.3 0.00e+00  -3.0 0.00e+00 0.00e+00R  1
  24r-1.0903615e+01 3.92e+00 1.00e+03   0.3 1.44e+06    -  4.88e-07 1.51e-07f  1
  25r-1.0921099e+01 3.91e+00 1.00e+03   0.3 1.02e+04    -  7.76e-06 3.40e-06f  1
  26r-1.0932364e+01 3.86e+00 1.00e+03   0.3 9.24e+03    -  6.45e-06 1.64e-05f  1
  27r-1.0892499e+01 3.77e+00 2.21e+03   0.3 1.17e+04    -  9.54e-05 2.97e-05f  1
  28r-1.0581798e+01 3.21e+00 1.22e+03   0.3 1.20e+04    -  1.35e-04 2.14e-04f  1
  29r-8.3466915e+00 2.21e+00 1.11e+03   0.3 1.13e+04    -  3.00e-04 4.86e-04f  1
iter    objective    inf_pr   inf_du lg(mu)  ||d||  lg(rg) alpha_du alpha_pr  ls
  30r-6.6561046e+00 1.91e+00 1.05e+04   0.3 3.87e+02   0.0 3.35e-03 1.08e-03f  1
  31r-6.4332353e+00 1.94e+00 1.19e+04   0.3 4.87e+03    -  1.12e-03 3.04e-04f  1
  32r-5.2150010e+00 5.28e+00 1.42e+04   0.3 3.31e+03    -  5.26e-03 3.69e-03f  1
  33r-3.6620930e+00 6.63e+00 1.40e+04   0.3 6.16e+02    -  8.45e-03 8.51e-03f  1
  34r-2.7270543e+00 6.52e+00 1.84e+04   0.3 5.48e+02    -  1.60e-02 5.42e-03f  1
  35r-1.8904401e+00 6.39e+00 1.89e+04   0.3 5.05e+02    -  1.01e-02 6.97e-03f  1
  36r 2.0428687e-01 6.11e+00 7.79e+04   0.3 5.66e+02    -  5.60e-02 1.64e-02f  1
  37r 5.1448800e-01 6.05e+00 6.83e+04   0.3 1.00e+03    -  1.02e-03 4.98e-03f  1
  38r 3.5111162e+00 7.11e+00 2.27e+04   0.3 5.19e+02    -  3.95e-02 5.04e-02f  1
  39r 3.9657443e+00 7.38e+00 6.10e+04   0.3 4.63e+02    -  1.55e-02 5.81e-03f  1
iter    objective    inf_pr   inf_du lg(mu)  ||d||  lg(rg) alpha_du alpha_pr  ls
  40r 6.0124853e+00 9.99e+00 3.88e+05   0.3 4.50e+02    -  1.37e-01 5.81e-02f  1
  41r 8.8270104e+00 1.38e+01 1.15e+05   0.3 3.75e+02    -  4.71e-02 9.96e-02f  1
  42r 1.1553914e+01 1.80e+01 1.16e+05   0.3 3.10e+02    -  1.35e-01 1.19e-01f  1
  43r 1.3456361e+01 2.30e+01 2.39e+05   0.3 2.72e+00   0.4 1.93e-01 2.02e-01f  1
  44r 1.5038698e+01 3.00e+01 6.30e+05   0.3 2.77e+00   0.9 4.93e-01 4.05e-01f  1
  45r 1.5642479e+01 3.56e+01 1.40e+06   0.3 1.69e+00   1.3 3.33e-01 5.73e-01f  1
  46r 1.6285487e+01 3.93e+01 2.13e+05   0.3 6.34e-01   1.7 6.41e-01 8.06e-01f  1
  47r 1.7758536e+01 4.05e+01 6.64e+04   0.3 1.30e+00   1.2 8.38e-01 1.00e+00f  1
  48r 1.8828804e+01 4.15e+01 2.64e+04   0.3 2.23e+00   0.7 5.48e-01 5.98e-01f  1
  49r 1.8391153e+01 4.28e+01 4.59e+04   0.3 3.47e+00   0.3 1.66e-01 2.89e-01f  1
iter    objective    inf_pr   inf_du lg(mu)  ||d||  lg(rg) alpha_du alpha_pr  ls
  50r 1.7271698e+01 4.31e+01 1.32e+02   0.3 1.02e-01   2.5 1.00e+00 9.98e-01f  1
  51r 1.7361971e+01 2.46e+01 3.13e+04  -2.5 5.45e-01   2.0 4.64e-01 3.90e-01f  1
  52r 1.7835845e+01 1.42e+01 2.36e+05  -2.5 6.16e-01   1.6 1.48e-01 3.97e-01f  1
  53r 1.8243086e+01 1.12e+01 1.41e+05  -2.5 1.05e+00   1.1 2.61e-01 2.17e-01f  1
  54r 1.8371245e+01 1.05e+01 1.50e+05  -2.5 5.06e+00   0.6 3.05e-02 5.18e-02f  1
  55r 1.8783289e+01 8.60e+00 1.78e+05  -2.5 1.55e+00   1.0 8.49e-02 1.85e-01f  1
  56r 1.9499140e+01 7.29e+00 1.26e+05  -2.5 2.56e+00   0.5 1.79e-01 1.20e-01f  1
  57r 2.0004786e+01 5.58e+00 1.05e+05  -2.5 1.28e+00   1.0 1.77e-01 1.86e-01f  1
  58r 2.0226457e+01 5.11e+00 1.01e+05  -2.5 3.28e+00   0.5 3.82e-02 3.87e-02f  1
  59r 2.1119469e+01 3.99e+00 9.65e+04  -2.5 1.60e+01   0.0 1.01e-02 2.58e-02f  1
iter    objective    inf_pr   inf_du lg(mu)  ||d||  lg(rg) alpha_du alpha_pr  ls
  60r 2.1278716e+01 3.85e+00 6.55e+04  -2.5 2.76e+00   0.4 1.62e-01 2.77e-02f  1
  61r 2.1974244e+01 2.72e+00 5.70e+04  -2.5 1.38e+00   0.9 1.92e-01 2.47e-01f  1
  62r 2.2354947e+01 1.79e+00 3.61e+04  -2.5 6.77e-01   1.3 3.03e-01 2.70e-01f  1
  63r 2.2666883e+01 1.43e+00 7.50e+04  -2.5 1.16e+00   0.8 2.01e-01 1.40e-01f  1
  64r 2.2877188e+01 1.30e+00 1.56e+05  -2.5 2.84e+00   0.3 1.42e-01 5.93e-02f  1
  65r 2.2948782e+01 1.23e+00 2.19e+05  -2.5 1.00e+00   0.8 1.24e-01 3.73e-02f  1
  66r 2.3441472e+01 1.90e+00 9.31e+04  -2.5 3.41e+00   0.3 5.56e-02 1.39e-01f  1
  67r 2.3523280e+01 1.69e+00 7.76e+04  -2.5 2.79e-01   1.6 1.22e-01 1.32e-01f  1
  68r 2.3529425e+01 1.63e+00 7.84e+04  -2.5 1.11e-01   2.0 4.98e-02 3.46e-02f  1
  69r 2.3544412e+01 1.43e+00 5.94e+04  -2.5 7.26e-02   2.5 7.76e-02 1.24e-01f  1
iter    objective    inf_pr   inf_du lg(mu)  ||d||  lg(rg) alpha_du alpha_pr  ls
  70r 2.3549314e+01 1.21e+00 3.29e+04  -2.5 1.54e-02   3.8 3.37e-02 1.52e-01f  1
  71r 2.3551816e+01 1.17e+00 3.54e+04  -2.5 1.11e-01   3.3 6.16e-02 3.65e-02f  1
  72r 2.3557382e+01 9.29e-01 1.49e+04  -2.5 1.56e-02   3.7 3.48e-02 2.08e-01f  1
  73r 2.3562950e+01 7.47e-01 1.23e+04  -2.5 2.07e-02   3.3 1.85e-01 1.98e-01f  1
  74r 2.3578774e+01 4.67e-01 2.50e+04  -2.5 2.94e-02   2.8 1.15e-01 3.79e-01f  1
  75r 2.3602135e+01 3.37e-01 1.45e+04  -2.5 8.40e-02   2.3 3.31e-01 2.87e-01f  1
  76r 2.3610611e+01 2.95e-01 1.50e+04  -2.5 2.64e-01   1.8 9.33e-02 1.43e-01f  1
  77r 2.3581585e+01 2.91e-01 1.72e+04  -2.5 2.37e+00   1.4 8.85e-03 2.99e-02f  1
  78r 2.3593573e+01 2.56e-01 1.67e+04  -2.5 2.45e-01   1.8 1.13e-01 1.62e-01f  1
  79r 2.3591562e+01 2.53e-01 1.18e+04  -2.5 5.07e-01   1.3 1.42e-01 4.69e-02f  1
iter    objective    inf_pr   inf_du lg(mu)  ||d||  lg(rg) alpha_du alpha_pr  ls
  80r 2.3605427e+01 2.28e-01 1.10e+04  -2.5 2.69e-01   1.7 1.31e-01 1.60e-01f  1
  81r 2.3601604e+01 2.56e-01 7.06e+03  -2.5 5.42e-01   1.3 1.69e-01 9.07e-02f  1
  82r 2.3616932e+01 2.55e-01 4.69e+03  -2.5 2.79e-01   1.7 2.82e-01 2.61e-01f  1
  83r 2.3608197e+01 2.79e-01 5.48e+03  -2.5 4.86e-01   1.2 2.36e-02 6.71e-02f  1
  84r 2.3611370e+01 2.66e-01 3.27e+03  -2.5 2.80e-01   1.6 1.85e-01 9.84e-02f  1
  85r 2.3609486e+01 2.67e-01 3.87e+03  -2.5 5.64e-01   1.2 1.06e-01 2.65e-02f  1
  86r 2.3612537e+01 2.93e-01 3.09e+03  -2.5 3.05e-01   1.6 2.05e-01 2.02e-01f  1
  87r 2.3606510e+01 3.14e-01 3.70e+03  -2.5 6.29e-01   1.1 1.37e-01 6.68e-02f  1
  88r 2.3607154e+01 2.53e-01 2.60e+03  -2.5 3.15e-01   1.5 1.81e-01 2.52e-01f  1
  89r 2.3601691e+01 2.43e-01 2.79e+03  -2.5 6.47e-01   1.1 8.09e-02 5.07e-02f  1
iter    objective    inf_pr   inf_du lg(mu)  ||d||  lg(rg) alpha_du alpha_pr  ls
  90r 2.3599926e+01 2.29e-01 2.56e+03  -2.5 3.17e-01   1.5 1.40e-01 1.16e-01f  1
  91r 2.3592983e+01 2.35e-01 2.08e+03  -2.5 6.97e-01   1.0 1.78e-02 5.21e-02f  1
  92r 2.3590387e+01 2.22e-01 2.24e+03  -2.5 3.33e-01   1.4 2.07e-01 1.21e-01f  1
  93r 2.3582769e+01 2.39e-01 2.04e+03  -2.5 7.32e-01   1.0 4.96e-02 5.69e-02f  1
  94r 2.3579539e+01 2.31e-01 2.35e+03  -2.5 3.46e-01   1.4 2.07e-01 1.01e-01f  1
  95r 2.3574350e+01 2.34e-01 2.80e+03  -2.5 8.23e-01   0.9 9.04e-02 3.34e-02f  1
  96r 2.3567088e+01 2.25e-01 2.78e+03  -2.5 3.55e-01   1.3 2.79e-01 1.78e-01f  1
  97r 2.3553735e+01 2.43e-01 2.95e+03  -2.5 9.37e-01   0.9 1.20e-01 7.28e-02f  1
  98r 2.3547920e+01 2.35e-01 2.87e+03  -2.5 3.54e-01   1.3 1.74e-01 1.15e-01f  1
  99r 2.3533058e+01 2.70e-01 2.65e+03  -2.5 1.01e+00   0.8 6.91e-02 7.13e-02f  1
iter    objective    inf_pr   inf_du lg(mu)  ||d||  lg(rg) alpha_du alpha_pr  ls
 100r 2.3524377e+01 2.74e-01 2.19e+03  -2.5 3.50e-01   1.2 1.18e-01 1.36e-01f  1
 101r 2.3503639e+01 4.87e-01 2.00e+03  -2.5 1.10e+00   0.7 7.92e-02 8.10e-02f  1
 102r 2.3498995e+01 5.03e-01 3.53e+03  -2.5 3.90e-01   1.2 3.47e-01 6.89e-02f  1
 103r 2.3482477e+01 1.64e+00 3.09e+03  -2.5 1.18e+00   0.7 6.36e-02 8.49e-02f  1
 104r 2.3478891e+01 2.04e+00 2.83e+03  -2.5 4.24e-01   1.1 4.55e-02 6.47e-02f  1
 105r 2.3467689e+01 1.93e+00 2.87e+03  -2.5 1.28e+00   0.6 1.02e-01 5.53e-02f  1
 106r 2.3461985e+01 1.74e+00 2.68e+03  -2.5 4.57e-01   1.1 1.19e-01 9.78e-02f  1
 107r 2.3455391e+01 1.70e+00 2.73e+03  -2.5 1.37e+00   0.6 6.13e-02 3.02e-02f  1
 108r 2.3452222e+01 1.65e+00 2.80e+03  -2.5 5.14e-01   1.0 1.22e-01 4.91e-02f  1
 109r 2.3435840e+01 1.58e+00 2.52e+03  -2.5 1.52e+00   0.5 4.23e-02 6.75e-02f  1
iter    objective    inf_pr   inf_du lg(mu)  ||d||  lg(rg) alpha_du alpha_pr  ls
 110r 2.3428282e+01 1.46e+00 2.50e+03  -2.5 5.72e-01   1.0 1.62e-01 9.44e-02f  1
 111r 2.3421439e+01 1.42e+00 2.44e+03  -2.5 1.73e+00   0.5 1.99e-02 2.14e-02f  1
 112r 2.3405854e+01 1.24e+00 1.64e+03  -2.5 5.81e-01   0.9 5.97e-02 1.40e-01f  1
 113r 2.3383508e+01 1.17e+00 1.41e+03  -2.5 1.60e+00   0.4 2.20e-02 5.63e-02f  1
 114r 2.3378835e+01 1.13e+00 7.40e+03  -2.5 6.53e-01   0.9 4.13e-01 3.70e-02f  1
 115r 2.3347700e+01 2.57e+00 3.01e+03  -2.5 1.69e+00   0.4 2.70e-02 6.60e-02f  1
 116r 2.3344911e+01 2.52e+00 2.36e+04  -2.5 1.09e-01   1.7 1.00e+00 1.99e-01f  1
 117r 2.3339620e+01 2.32e+00 4.01e+04  -2.5 2.83e-01   1.2 2.28e-01 9.50e-02f  1
 118r 2.3315496e+01 2.02e+00 2.89e+04  -2.5 7.61e-01   0.8 9.48e-02 1.30e-01f  1
 119r 2.3296766e+01 1.96e+00 2.86e+04  -2.5 1.88e+00   0.3 4.15e-02 3.01e-02f  1
iter    objective    inf_pr   inf_du lg(mu)  ||d||  lg(rg) alpha_du alpha_pr  ls
 120r 2.3285860e+01 1.86e+00 3.33e+04  -2.5 7.60e-01   0.7 1.30e-01 5.27e-02f  1
 121  2.3262610e+01 1.85e+00 1.01e+02  -6.0 2.59e+03    -  1.50e-03 1.23e-03f  1
 122  2.3260955e+01 1.85e+00 1.01e+02  -6.0 2.57e+03    -  2.99e-03 9.33e-05h  1
 123  2.3250940e+01 1.85e+00 2.62e+02  -6.0 2.57e+03    -  2.96e-03 6.07e-04h  1
 124  2.3243263e+01 1.85e+00 1.47e+03  -6.0 2.59e+03    -  3.24e-03 4.86e-04h  1
 125  2.3235097e+01 1.85e+00 3.19e+03  -6.0 2.59e+03    -  4.00e-03 5.51e-04h  1
 126  2.3227866e+01 1.85e+00 5.27e+03  -6.0 2.59e+03    -  4.72e-03 5.09e-04h  3
 127  2.3217919e+01 1.85e+00 7.52e+03  -6.0 2.57e+03    -  5.28e-03 7.39e-04h  2
 128  2.3209202e+01 1.85e+00 1.04e+04  -6.0 2.54e+03    -  6.48e-03 7.09e-04h  1
 129  2.3204786e+01 1.85e+00 1.41e+04  -6.0 2.47e+03    -  7.56e-03 4.34e-04h  5
iter    objective    inf_pr   inf_du lg(mu)  ||d||  lg(rg) alpha_du alpha_pr  ls
 130  2.3201865e+01 1.85e+00 1.74e+04  -6.0 2.35e+03    -  6.30e-03 4.67e-04h  5
 131  2.3201540e+01 1.85e+00 2.18e+04  -6.0 2.32e+03    -  7.56e-03 2.65e-04h  6
 132  2.3202643e+01 1.85e+00 2.55e+04  -6.0 2.40e+03    -  5.65e-03 1.68e-04h  7
 133  2.3205204e+01 1.85e+00 2.94e+04  -6.0 2.46e+03    -  5.63e-03 1.83e-04h  7
 134  2.3209559e+01 1.84e+00 3.31e+04  -6.0 2.51e+03    -  5.06e-03 1.90e-04h  7
 135  2.3216029e+01 1.84e+00 3.93e+04  -6.0 2.55e+03    -  8.07e-03 1.97e-04h  7
 136  2.3225351e+01 1.84e+00 4.25e+04  -6.0 2.59e+03    -  4.12e-03 1.66e-04h  7
 137  2.3226862e+01 1.84e+00 5.14e+04  -6.0 2.59e+03    -  1.08e-02 2.00e-05h 10
 138r 2.3226862e+01 1.84e+00 1.00e+03  -1.1 0.00e+00    -  0.00e+00 3.82e-07R 16
 139r 2.3227089e+01 1.84e+00 4.82e+03  -1.1 1.49e+03    -  3.73e-03 4.87e-05f  1
iter    objective    inf_pr   inf_du lg(mu)  ||d||  lg(rg) alpha_du alpha_pr  ls
 140r 2.3259775e+01 1.52e+00 1.19e+04  -1.1 3.75e+02    -  1.73e-02 6.51e-03f  1
 141r 2.3466731e+01 3.79e-01 1.32e+04  -1.1 2.44e+02    -  4.28e-02 3.88e-02f  1
 142r 2.3640089e+01 3.09e-01 2.80e+04  -1.1 1.50e+02    -  1.93e-01 3.20e-02f  1
 143r 2.4325025e+01 3.98e-01 2.55e+04  -1.1 1.18e+02    -  1.30e-01 1.13e-01f  1
 144r 2.4498817e+01 4.00e-01 3.34e+04  -1.1 9.10e+01    -  1.76e-01 2.94e-02f  1
 145r 2.5586967e+01 7.08e-01 3.03e+04  -1.1 8.66e+01    -  1.94e-01 1.67e-01f  1
 146r 2.6406558e+01 8.62e-01 2.89e+04  -1.1 7.96e+01    -  1.81e-01 1.32e-01f  1
 147r 2.8106728e+01 1.70e+00 2.66e+04  -1.1 6.59e+01    -  3.93e-01 2.79e-01f  1
 148r 2.9765394e+01 2.13e+00 2.72e+04  -1.1 5.88e+01    -  5.24e-01 2.77e-01f  1
 149r 3.3017561e+01 3.72e+00 1.52e+04  -1.1 7.29e+01    -  8.28e-01 5.87e-01f  1
iter    objective    inf_pr   inf_du lg(mu)  ||d||  lg(rg) alpha_du alpha_pr  ls
 150r 3.5020256e+01 1.58e+00 4.85e+03  -1.1 6.62e+01    -  5.26e-01 6.81e-01f  1
 151r 3.5990891e+01 1.79e-01 1.20e+03  -1.1 2.64e+01    -  9.99e-01 1.00e+00f  1
 152r 3.6001173e+01 1.38e-01 4.43e+00  -1.1 1.75e+00    -  1.00e+00 1.00e+00h  1
 153r 3.2575563e+01 6.74e-01 3.24e+04  -2.5 1.17e+02    -  3.48e-01 4.66e-01f  1
 154r 3.2440649e+01 6.18e-01 2.43e+04  -2.5 1.73e+01  -2.0 2.35e-01 2.28e-01f  1
 155r 3.2444177e+01 6.15e-01 5.29e+04  -2.5 1.04e+03    -  2.44e-02 3.98e-03f  1
 156r 3.2457478e+01 5.82e-01 4.05e+04  -2.5 8.20e+00  -1.6 3.84e-02 9.77e-02f  1
 157r 3.2135127e+01 5.91e-01 2.79e+04  -2.5 1.38e+01  -2.1 1.15e-01 1.54e-01f  1
 158r 3.2005804e+01 5.90e-01 4.37e+04  -2.5 1.90e+01  -2.5 1.41e-01 6.12e-02f  1
 159r 3.1846634e+01 8.72e-01 2.23e+04  -2.5 1.06e+02    -  1.00e-01 1.69e-01f  1
iter    objective    inf_pr   inf_du lg(mu)  ||d||  lg(rg) alpha_du alpha_pr  ls
 160r 3.1943432e+01 2.04e+00 3.30e+04  -2.5 8.40e+01    -  1.51e-01 1.18e-01f  1
 161r 3.1672975e+01 2.90e+00 2.60e+04  -2.5 7.61e+01    -  1.88e-01 2.07e-01f  1
 162r 3.1663553e+01 3.47e+00 2.54e+04  -2.5 2.10e+02    -  2.23e-02 2.25e-02f  1
 163r 3.1615287e+01 2.64e+00 3.37e+04  -2.5 6.82e+01    -  3.27e-01 2.04e-01f  1
 164r 3.2602848e+01 2.30e+00 5.81e+04  -2.5 8.65e+01    -  1.89e-01 1.26e-01f  1
 165r 3.2604851e+01 1.38e+00 3.87e+04  -2.5 1.96e-02   2.4 3.69e-01 3.84e-01f  1
 166r 3.2603473e+01 4.10e-01 3.33e+04  -2.5 2.47e-02   1.9 6.29e-01 7.80e-01f  1
 167  3.2582993e+01 4.10e-01 4.23e+07  -6.0 3.42e+04    -  1.45e-04 5.90e-04f  1
 168  3.2582855e+01 4.10e-01 4.23e+07  -6.0 2.86e+03   1.0 1.37e-05 1.34e-05h  1
 169  3.2582819e+01 4.10e-01 4.23e+07  -6.0 8.31e+03   0.6 2.07e-06 2.77e-07h  1
iter    objective    inf_pr   inf_du lg(mu)  ||d||  lg(rg) alpha_du alpha_pr  ls
 170  3.2582743e+01 4.10e-01 4.23e+07  -6.0 4.22e+03    -  1.88e-02 2.98e-06h  1
 171  3.2580013e+01 4.10e-01 4.23e+07  -6.0 4.26e+03    -  1.15e-06 1.06e-04f  1
 172  3.2562033e+01 4.09e-01 4.22e+07  -6.0 4.26e+03    -  9.71e-04 7.01e-04f  1
 173  3.2560833e+01 4.09e-01 4.22e+07  -6.0 4.26e+03    -  2.69e-02 4.65e-05h  1
 174  3.2299548e+01 4.07e-01 4.18e+07  -6.0 4.31e+03    -  1.78e-03 1.01e-02f  2
 175  3.2187836e+01 4.05e-01 4.16e+07  -6.0 4.02e+03    -  3.24e-02 4.33e-03f  2
 176  3.2126977e+01 4.04e-01 4.15e+07  -6.0 3.93e+03    -  2.02e-02 2.36e-03f  2
 177  3.2071451e+01 4.04e-01 4.15e+07  -6.0 3.88e+03    -  5.98e-03 2.16e-03f  1
 178  3.2017853e+01 4.03e-01 4.14e+07  -6.0 3.78e+03    -  2.54e-02 2.12e-03f  3
 179  3.1950853e+01 4.02e-01 4.13e+07  -6.0 3.83e+03    -  3.86e-02 2.64e-03f  4
iter    objective    inf_pr   inf_du lg(mu)  ||d||  lg(rg) alpha_du alpha_pr  ls
 180  3.1929521e+01 4.01e-01 4.12e+07  -6.0 3.93e+03    -  7.41e-03 8.37e-04f  1
 181  3.1905390e+01 4.01e-01 4.12e+07  -6.0 3.93e+03    -  2.03e-02 9.46e-04f  5
 182  3.1869304e+01 4.00e-01 4.11e+07  -6.0 3.99e+03    -  2.68e-02 1.41e-03f  5
 183  3.1843244e+01 4.00e-01 4.11e+07  -6.0 4.05e+03    -  4.50e-02 1.01e-03f  5
 184  3.1833215e+01 4.00e-01 4.11e+07  -6.0 4.16e+03    -  4.91e-02 3.87e-04h  7
 185  3.1826991e+01 4.00e-01 4.11e+07  -6.0 4.26e+03    -  7.13e-02 2.38e-04h  9
 186  2.9047733e+01 8.13e+00 3.69e+07  -6.0 4.36e+03    -  8.06e-02 1.05e-01f  1
 187r 2.9047733e+01 8.13e+00 1.00e+03   0.6 0.00e+00   0.1 0.00e+00 2.77e-07R  3
 188r 2.9047646e+01 8.13e+00 1.42e+04   0.6 3.80e+04    -  3.59e-05 2.90e-07f  1
 189  2.9047639e+01 8.13e+00 4.33e+04  -6.0 2.83e+03    -  2.31e-02 3.01e-07h  2
iter    objective    inf_pr   inf_du lg(mu)  ||d||  lg(rg) alpha_du alpha_pr  ls
 190  2.9041923e+01 8.13e+00 8.76e+04  -6.0 2.93e+03    -  1.17e-02 2.52e-04h  1
 191  2.8999966e+01 8.11e+00 1.07e+05  -6.0 5.21e+03    -  6.33e-03 1.89e-03h  1
 192  2.8999706e+01 8.11e+00 1.99e+06  -6.0 5.41e+03    -  2.02e-03 1.17e-05h  1
 193  2.8845769e+01 8.05e+00 2.04e+06  -6.0 5.44e+03    -  7.56e-03 6.93e-03f  1
 194  2.8812935e+01 8.03e+00 2.59e+06  -6.0 5.26e+03    -  6.90e-03 1.47e-03h  1
 195  2.8585553e+01 7.93e+00 1.78e+06  -6.0 5.36e+03    -  2.42e-03 1.01e-02h  1
 196  2.8578019e+01 7.93e+00 4.05e+06  -6.0 8.17e+03    -  1.92e-02 3.44e-04h  1
 197  2.8562941e+01 7.92e+00 4.07e+06  -6.0 8.64e+03    -  8.60e-04 6.83e-04h  1
 198  2.8542281e+01 7.92e+00 7.33e+06  -6.0 8.72e+03    -  2.98e-02 9.34e-04h  1
 199  2.8173294e+01 7.93e+00 8.73e+06  -6.0 9.42e+03    -  3.11e-02 1.64e-02h  1
iter    objective    inf_pr   inf_du lg(mu)  ||d||  lg(rg) alpha_du alpha_pr  ls
 200  2.8170833e+01 7.93e+00 9.35e+06  -6.0 1.06e+04    -  1.14e-02 1.12e-04h  1
 201  2.8098188e+01 7.93e+00 9.20e+06  -6.0 1.12e+04    -  1.12e-03 3.58e-03h  1
 202  2.7888386e+01 9.96e+00 8.27e+06  -6.0 1.07e+04    -  2.14e-06 9.88e-03h  1
 203  2.7878428e+01 9.96e+00 7.58e+06  -6.0 3.14e+03  -0.4 2.07e-05 7.93e-05h  1
 204  2.7868325e+01 9.96e+00 6.89e+06  -6.0 2.83e+03  -0.9 3.13e-07 1.55e-04h  1
 205  2.7866867e+01 9.96e+00 7.13e+06  -6.0 3.15e+03  -1.4 1.58e-04 3.59e-05h  1
 206  2.7865324e+01 9.96e+00 7.09e+06  -6.0 3.52e+03  -1.8 2.16e-09 6.29e-05f  1
 207  2.7865169e+01 9.96e+00 7.48e+06  -6.0 5.39e+03  -2.3 1.17e-03 7.56e-06h  1
 208  2.7864816e+01 9.96e+00 7.47e+06  -6.0 1.22e+04  -2.8 1.17e-09 2.77e-05f  1
 209  2.7841993e+01 1.01e+01 8.48e+06  -6.0 5.59e+03  -2.4 4.44e-03 1.14e-03f  1
iter    objective    inf_pr   inf_du lg(mu)  ||d||  lg(rg) alpha_du alpha_pr  ls
 210r 2.7841993e+01 1.01e+01 1.00e+03   0.6 0.00e+00  -2.8 0.00e+00 7.68e-09R  5
 211r 2.7841993e+01 1.01e+01 5.34e+04   0.6 7.00e+04    -  3.53e-05 1.86e-10f  1
 212  2.7841982e+01 1.01e+01 1.28e+04  -6.0 2.80e+03    -  5.74e-03 4.92e-07h  2
 213  2.7838785e+01 1.01e+01 9.02e+05  -6.0 7.99e+03    -  1.06e-02 1.55e-04h  1
 214  2.7836957e+01 1.01e+01 1.08e+06  -6.0 8.80e+03    -  2.18e-03 8.85e-05h  1
 215  2.7836528e+01 1.01e+01 2.03e+06  -6.0 8.92e+03    -  1.13e-02 2.08e-05f  1
 216  2.7775003e+01 1.02e+01 1.77e+06  -6.0 9.56e+03    -  1.48e-08 2.95e-03f  1
 217  2.7749130e+01 1.03e+01 2.08e+06  -6.0 9.36e+03    -  4.82e-03 1.28e-03h  1
 218  2.7748898e+01 1.03e+01 2.54e+06  -6.0 1.03e+04    -  6.77e-03 1.16e-05h  1
 219  2.7439001e+01 1.36e+01 1.46e+06  -6.0 1.09e+04    -  1.02e-03 1.53e-02f  1
iter    objective    inf_pr   inf_du lg(mu)  ||d||  lg(rg) alpha_du alpha_pr  ls
 220  2.7218143e+01 1.43e+01 4.12e+05  -6.0 1.12e+04    -  1.79e-04 1.14e-02h  1
 221  2.6935964e+01 2.16e+01 4.50e+05  -6.0 1.05e+04    -  1.10e-02 1.42e-02h  1
 222r 2.6935964e+01 2.16e+01 1.00e+03   1.1 0.00e+00    -  0.00e+00 4.57e-10R  7
 223r 2.6936140e+01 2.16e+01 1.00e+03   1.1 5.60e+06    -  7.13e-08 1.49e-09f  1
 224r 2.6933853e+01 2.15e+01 1.01e+03   1.1 2.04e+04    -  2.38e-06 5.91e-07f  1
 225  2.6933823e+01 2.15e+01 1.19e+03  -6.0 2.79e+03    -  1.71e-03 1.44e-06h  1
 226  2.6933590e+01 2.15e+01 9.15e+04  -6.0 9.68e+03    -  6.94e-03 1.15e-05h  1
 227  2.6928091e+01 2.15e+01 8.80e+04  -6.0 1.20e+04    -  5.71e-05 2.75e-04h  1
 228  2.6888389e+01 2.15e+01 1.74e+05  -6.0 1.21e+04    -  7.40e-03 1.98e-03h  1
 229  2.6696147e+01 2.16e+01 6.19e+04  -6.0 1.22e+04    -  2.27e-03 9.52e-03h  1
iter    objective    inf_pr   inf_du lg(mu)  ||d||  lg(rg) alpha_du alpha_pr  ls
 230  2.6622851e+01 2.15e+01 3.43e+05  -6.0 1.20e+04    -  1.97e-02 3.52e-03h  1
 231r 2.6622851e+01 2.15e+01 1.00e+03   1.1 0.00e+00    -  0.00e+00 1.60e-08R  2
 232r 2.6622768e+01 2.15e+01 3.90e+04   1.1 1.60e+04    -  9.48e-06 2.55e-08f  1
 233r 2.6622768e+01 2.15e+01 9.99e+02   1.1 0.00e+00    -  0.00e+00 2.30e-09R  7
 234r 2.6622762e+01 2.15e+01 4.54e+04   1.1 1.64e+04    -  4.41e-06 2.89e-09f  1
 235  2.6622615e+01 2.15e+01 4.87e+04  -6.0 2.78e+03    -  1.17e-03 7.06e-06h  1
 236  2.6621369e+01 2.15e+01 3.21e+05  -6.0 9.14e+03    -  9.17e-06 6.02e-05h  1
 237  2.6620823e+01 2.15e+01 3.29e+05  -6.0 1.12e+04    -  5.90e-03 2.63e-05h  1
 238  2.6619949e+01 2.15e+01 3.25e+05  -6.0 1.15e+04    -  9.68e-05 4.22e-05h  1
 239  2.6604116e+01 2.15e+01 3.46e+05  -6.0 1.15e+04    -  9.13e-03 7.65e-04h  1
iter    objective    inf_pr   inf_du lg(mu)  ||d||  lg(rg) alpha_du alpha_pr  ls
 240  2.6404822e+01 2.14e+01 3.82e+05  -6.0 1.19e+04    -  9.17e-04 9.63e-03h  1
 241  2.6371654e+01 2.14e+01 4.76e+05  -6.0 1.09e+04    -  1.75e-02 1.54e-03h  1
 242  2.6052394e+01 2.13e+01 8.21e+05  -6.0 1.21e+04    -  3.01e-02 1.50e-02h  1
 243  2.5876467e+01 2.11e+01 1.03e+06  -6.0 9.33e+03    -  2.03e-02 7.78e-03h  1
 244  2.5514637e+01 2.08e+01 1.31e+06  -6.0 9.17e+03    -  3.19e-02 1.59e-02h  1
 245  2.5280520e+01 2.07e+01 1.20e+06  -6.0 1.53e+04    -  8.84e-03 1.15e-02h  1
 246  2.5233290e+01 2.06e+01 1.78e+06  -6.0 1.47e+04    -  1.88e-02 2.35e-03h  1
 247  2.5233267e+01 2.06e+01 2.28e+06  -6.0 1.39e+04    -  1.01e-02 1.18e-06h  1
 248  2.4271558e+01 2.10e+01 6.60e+05  -6.0 1.48e+04    -  3.42e-08 4.78e-02f  1
 249  2.4078625e+01 2.08e+01 6.82e+05  -6.0 7.86e+03  -3.3 9.13e-03 1.01e-02h  1
iter    objective    inf_pr   inf_du lg(mu)  ||d||  lg(rg) alpha_du alpha_pr  ls
 250  2.4063219e+01 2.08e+01 2.24e+06  -6.0 1.36e+04  -3.8 2.42e-02 7.89e-04h  1
 251  2.4063165e+01 2.08e+01 3.55e+06  -6.0 9.99e+03    -  2.10e-02 2.80e-06h  1
 252  2.3359990e+01 1.98e+01 2.97e+06  -6.0 1.01e+04    -  2.89e-02 3.64e-02h  1
 253  2.3359968e+01 1.98e+01 4.39e+06  -6.0 1.33e+04  -3.4 8.92e-03 1.22e-06h  1
 254  2.3280846e+01 1.98e+01 6.43e+06  -6.0 3.11e+04  -3.8 2.17e-02 4.19e-03h  1
 255  2.3257443e+01 1.97e+01 7.82e+06  -6.0 1.32e+04    -  1.90e-02 1.25e-03h  1
 256  2.2955056e+01 1.96e+01 6.22e+06  -6.0 1.33e+04    -  1.68e-08 1.73e-02f  1
 257r 2.2955056e+01 1.96e+01 1.00e+03   1.0 0.00e+00    -  0.00e+00 1.16e-08R  4
 258r 2.2954133e+01 1.96e+01 9.15e+03   1.0 1.30e+04    -  6.32e-06 9.81e-08f  1
 259  2.2954129e+01 1.96e+01 2.91e+02  -6.0 2.71e+03    -  3.49e-05 2.56e-07h  2
iter    objective    inf_pr   inf_du lg(mu)  ||d||  lg(rg) alpha_du alpha_pr  ls
 260  2.2954079e+01 1.96e+01 3.49e+02  -6.0 3.69e+03    -  2.26e-06 2.71e-06h  1
 261  2.2954023e+01 1.96e+01 7.58e+04  -6.0 5.94e+03    -  2.83e-03 2.92e-06h  1
 262  2.2953984e+01 1.96e+01 7.60e+04  -6.0 7.81e+03    -  5.47e-06 2.09e-06h  1
 263  2.2953506e+01 1.96e+01 7.92e+04  -6.0 7.28e+03    -  6.97e-05 2.59e-05h  1
 264  2.2951841e+01 1.96e+01 7.49e+04  -6.0 7.59e+03    -  3.37e-05 9.16e-05h  1
 265  2.2950179e+01 1.96e+01 1.75e+05  -6.0 8.22e+03    -  1.38e-03 9.43e-05h  1
 266  2.2929400e+01 1.96e+01 1.01e+05  -6.0 8.59e+03    -  2.29e-04 1.19e-03f  1
 267  2.2899865e+01 1.95e+01 1.82e+05  -6.0 8.16e+03    -  2.14e-04 1.73e-03h  1
 268  2.2893085e+01 1.95e+01 1.86e+05  -6.0 8.02e+03    -  3.03e-04 3.95e-04h  1
 269  2.2838914e+01 1.95e+01 3.17e+05  -6.0 8.05e+03    -  4.30e-04 3.16e-03h  1
iter    objective    inf_pr   inf_du lg(mu)  ||d||  lg(rg) alpha_du alpha_pr  ls
 270  2.2824512e+01 1.94e+01 3.87e+05  -6.0 7.70e+03    -  7.14e-03 8.48e-04h  1
 271  2.2803934e+01 1.94e+01 9.54e+05  -6.0 7.68e+03    -  6.51e-03 1.21e-03h  1
 272r 2.2803934e+01 1.94e+01 1.00e+03   1.0 0.00e+00    -  0.00e+00 8.37e-09R  5
 273r 2.2803879e+01 1.94e+01 7.39e+04   1.0 1.35e+04    -  4.70e-06 1.35e-08f  1
 274r 2.2803879e+01 1.94e+01 9.99e+02   1.0 0.00e+00    -  0.00e+00 6.10e-08R  3
 275r 2.2803872e+01 1.94e+01 4.69e+04   1.0 1.46e+04    -  4.18e-06 1.95e-09f  1
 276  2.2803735e+01 1.94e+01 3.02e+04  -6.0 2.71e+03    -  6.30e-04 7.77e-06h  1
 277  2.2803373e+01 1.94e+01 6.51e+04  -6.0 3.09e+03    -  9.78e-06 2.09e-05h  1
 278  2.2803257e+01 1.94e+01 6.62e+04  -6.0 3.04e+03    -  3.55e-04 6.75e-06h  1
 279  2.2803102e+01 1.94e+01 6.53e+04  -6.0 2.76e+03    -  4.10e-05 9.07e-06f  1
iter    objective    inf_pr   inf_du lg(mu)  ||d||  lg(rg) alpha_du alpha_pr  ls
 280  2.2802823e+01 1.94e+01 1.45e+05  -6.0 3.83e+03    -  5.65e-03 1.66e-05h  1
 281  2.2802414e+01 1.94e+01 1.47e+05  -6.0 7.16e+03    -  6.36e-05 2.44e-05h  1
 282  2.2801223e+01 1.94e+01 5.07e+05  -6.0 8.48e+03    -  4.82e-03 6.85e-05h  1
 283  2.2791683e+01 1.94e+01 4.76e+05  -6.0 7.61e+03    -  1.59e-04 5.61e-04h  1
 284r 2.2791683e+01 1.94e+01 1.00e+03   1.0 0.00e+00    -  0.00e+00 5.80e-09R  2
 285r 2.2791683e+01 1.94e+01 8.56e+03   1.0 1.33e+04    -  4.78e-06 1.16e-11f  1
 286r 2.2791683e+01 1.94e+01 9.99e+02   1.0 0.00e+00    -  0.00e+00 6.28e-09R  2
 287r 2.2791675e+01 1.94e+01 4.69e+04   1.0 1.41e+04    -  4.11e-06 1.96e-09f  1
 288  2.2791539e+01 1.94e+01 2.90e+04  -6.0 2.70e+03    -  6.04e-04 7.73e-06h  1
 289  2.2791183e+01 1.94e+01 6.17e+04  -6.0 3.14e+03    -  9.74e-06 2.06e-05h  1
iter    objective    inf_pr   inf_du lg(mu)  ||d||  lg(rg) alpha_du alpha_pr  ls
 290  2.2791069e+01 1.94e+01 6.27e+04  -6.0 3.09e+03    -  3.18e-04 6.66e-06h  1
 291  2.2790914e+01 1.94e+01 6.19e+04  -6.0 2.82e+03    -  4.08e-05 9.04e-06f  1
 292  2.2790638e+01 1.94e+01 1.62e+05  -6.0 3.85e+03    -  6.30e-03 1.64e-05h  1
 293  2.2790237e+01 1.94e+01 1.64e+05  -6.0 7.93e+03    -  6.29e-05 2.41e-05h  1
 294  2.2789037e+01 1.94e+01 5.34e+05  -6.0 9.36e+03    -  4.92e-03 6.94e-05h  1
 295  2.2781676e+01 1.94e+01 5.12e+05  -6.0 8.60e+03    -  1.59e-04 4.35e-04h  1
 296r 2.2781676e+01 1.94e+01 1.00e+03   1.0 0.00e+00    -  0.00e+00 8.32e-09R  2
 297r 2.2781676e+01 1.94e+01 8.46e+03   1.0 1.33e+04    -  4.79e-06 1.17e-11f  1
 298r 2.2781676e+01 1.94e+01 9.99e+02   1.0 0.00e+00    -  0.00e+00 6.35e-09R  2
 299r 2.2781668e+01 1.94e+01 4.70e+04   1.0 1.40e+04    -  4.05e-06 1.96e-09f  1
iter    objective    inf_pr   inf_du lg(mu)  ||d||  lg(rg) alpha_du alpha_pr  ls
 300  2.2781532e+01 1.94e+01 2.86e+04  -6.0 2.70e+03    -  5.96e-04 7.74e-06h  1
 301  2.2781177e+01 1.94e+01 6.06e+04  -6.0 3.15e+03    -  9.75e-06 2.05e-05h  1
 302  2.2781063e+01 1.94e+01 6.16e+04  -6.0 3.11e+03    -  3.20e-04 6.64e-06h  1
 303  2.2780907e+01 1.94e+01 6.08e+04  -6.0 2.85e+03    -  4.07e-05 9.13e-06f  1
 304  2.2780631e+01 1.94e+01 1.61e+05  -6.0 3.84e+03    -  6.25e-03 1.64e-05h  1
 305  2.2780227e+01 1.94e+01 1.63e+05  -6.0 8.79e+03    -  6.29e-05 2.43e-05h  1
 306  2.2779035e+01 1.94e+01 5.24e+05  -6.0 1.04e+04    -  4.80e-03 6.88e-05h  1
 307  2.2772683e+01 1.94e+01 5.06e+05  -6.0 9.81e+03    -  1.58e-04 3.75e-04h  1
 308r 2.2772683e+01 1.94e+01 1.00e+03   1.0 0.00e+00    -  0.00e+00 8.41e-09R  2
 309r 2.2772683e+01 1.94e+01 8.73e+03   1.0 1.32e+04    -  4.80e-06 1.14e-11f  1
iter    objective    inf_pr   inf_du lg(mu)  ||d||  lg(rg) alpha_du alpha_pr  ls
 310r 2.2772683e+01 1.94e+01 9.99e+02   1.0 0.00e+00    -  0.00e+00 6.51e-09R  2
 311r 2.2772675e+01 1.94e+01 4.70e+04   1.0 1.39e+04    -  3.98e-06 1.96e-09f  1
 312  2.2772538e+01 1.94e+01 2.86e+04  -6.0 2.70e+03    -  5.97e-04 7.76e-06h  1
 313  2.2772184e+01 1.94e+01 6.06e+04  -6.0 3.15e+03    -  9.76e-06 2.05e-05h  1
 314  2.2772070e+01 1.94e+01 6.16e+04  -6.0 3.11e+03    -  3.24e-04 6.63e-06h  1
 315  2.2771912e+01 1.94e+01 6.08e+04  -6.0 2.85e+03    -  4.07e-05 9.25e-06f  1
 316  2.2771636e+01 1.94e+01 1.60e+05  -6.0 4.15e+03    -  6.26e-03 1.64e-05h  1
 317  2.2771224e+01 1.94e+01 1.62e+05  -6.0 9.71e+03    -  6.30e-05 2.48e-05h  1
 318  2.2770032e+01 1.94e+01 5.14e+05  -6.0 1.15e+04    -  4.75e-03 6.89e-05h  1
 319  2.2764545e+01 1.94e+01 5.00e+05  -6.0 1.12e+04    -  1.59e-04 3.25e-04h  1
iter    objective    inf_pr   inf_du lg(mu)  ||d||  lg(rg) alpha_du alpha_pr  ls
 320r 2.2764545e+01 1.94e+01 1.00e+03   1.0 0.00e+00    -  0.00e+00 8.69e-09R  2
 321r 2.2764545e+01 1.94e+01 8.95e+03   1.0 1.32e+04    -  4.82e-06 1.11e-11f  1
 322r 2.2764545e+01 1.94e+01 9.99e+02   1.0 0.00e+00    -  0.00e+00 6.72e-09R  2
 323r 2.2764537e+01 1.94e+01 4.71e+04   1.0 1.39e+04    -  3.92e-06 1.96e-09f  1
 324  2.2764400e+01 1.94e+01 2.89e+04  -6.0 2.70e+03    -  6.03e-04 7.78e-06h  1
 325  2.2764045e+01 1.94e+01 6.11e+04  -6.0 3.15e+03    -  9.79e-06 2.06e-05h  1
 326  2.2763931e+01 1.94e+01 6.22e+04  -6.0 3.10e+03    -  3.28e-04 6.63e-06h  1
 327  2.2763771e+01 1.94e+01 6.13e+04  -6.0 2.85e+03    -  4.07e-05 9.38e-06f  1
 328  2.2763493e+01 1.94e+01 1.52e+05  -6.0 4.56e+03    -  6.03e-03 1.65e-05h  1
 329  2.2763071e+01 1.94e+01 1.54e+05  -6.0 1.06e+04    -  6.33e-05 2.55e-05h  1
iter    objective    inf_pr   inf_du lg(mu)  ||d||  lg(rg) alpha_du alpha_pr  ls
 330  2.2761895e+01 1.94e+01 4.93e+05  -6.0 1.27e+04    -  4.66e-03 6.80e-05h  1
 331  2.2757106e+01 1.94e+01 4.83e+05  -6.0 1.27e+04    -  1.59e-04 2.84e-04h  1
 332r 2.2757106e+01 1.94e+01 1.00e+03   1.0 0.00e+00    -  0.00e+00 8.74e-09R  2
 333r 2.2757106e+01 1.94e+01 9.27e+03   1.0 1.32e+04    -  4.83e-06 1.07e-11f  1
 334r 2.2757106e+01 1.94e+01 9.99e+02   1.0 0.00e+00    -  0.00e+00 6.95e-09R  2
 335r 2.2757098e+01 1.94e+01 4.71e+04   1.0 1.38e+04    -  3.86e-06 1.96e-09f  1
 336  2.2756961e+01 1.94e+01 2.93e+04  -6.0 2.70e+03    -  6.10e-04 7.81e-06h  1
 337  2.2756605e+01 1.94e+01 6.19e+04  -6.0 3.14e+03    -  9.82e-06 2.06e-05h  1
 338  2.2756491e+01 1.94e+01 6.29e+04  -6.0 3.10e+03    -  3.33e-04 6.62e-06h  1
 339  2.2756329e+01 1.94e+01 6.21e+04  -6.0 2.85e+03    -  4.07e-05 9.51e-06f  1
iter    objective    inf_pr   inf_du lg(mu)  ||d||  lg(rg) alpha_du alpha_pr  ls
 340  2.2756049e+01 1.94e+01 1.48e+05  -6.0 4.96e+03    -  5.92e-03 1.66e-05h  1
 341  2.2755614e+01 1.94e+01 1.50e+05  -6.0 1.15e+04    -  6.36e-05 2.62e-05h  1
 342  2.2754445e+01 1.94e+01 4.77e+05  -6.0 1.38e+04    -  4.59e-03 6.77e-05h  1
 343  2.2750209e+01 1.94e+01 4.70e+05  -6.0 1.41e+04    -  1.60e-04 2.51e-04h  1
 344r 2.2750209e+01 1.94e+01 1.00e+03   1.0 0.00e+00    -  0.00e+00 9.00e-09R  2
 345r 2.2750209e+01 1.94e+01 9.55e+03   1.0 1.32e+04    -  4.85e-06 1.04e-11f  1
 346r 2.2750209e+01 1.94e+01 9.99e+02   1.0 0.00e+00    -  0.00e+00 7.18e-09R  2
 347r 2.2750201e+01 1.94e+01 4.72e+04   1.0 1.38e+04    -  3.79e-06 1.96e-09f  1
 348  2.2750063e+01 1.94e+01 2.97e+04  -6.0 2.70e+03    -  6.18e-04 7.84e-06h  1
 349  2.2749707e+01 1.94e+01 6.26e+04  -6.0 3.14e+03    -  9.84e-06 2.06e-05h  1
iter    objective    inf_pr   inf_du lg(mu)  ||d||  lg(rg) alpha_du alpha_pr  ls
 350  2.2749593e+01 1.94e+01 6.37e+04  -6.0 3.09e+03    -  3.37e-04 6.62e-06h  1
 351  2.2749429e+01 1.94e+01 6.29e+04  -6.0 2.84e+03    -  4.08e-05 9.62e-06f  1
 352  2.2749148e+01 1.94e+01 1.45e+05  -6.0 5.34e+03    -  5.87e-03 1.67e-05h  1
 353  2.2748701e+01 1.94e+01 1.47e+05  -6.0 1.24e+04    -  6.39e-05 2.69e-05h  1
 354  2.2747531e+01 1.94e+01 4.65e+05  -6.0 1.48e+04    -  4.55e-03 6.77e-05h  1
 355  2.2743728e+01 1.94e+01 4.60e+05  -6.0 1.54e+04    -  1.61e-04 2.25e-04h  1
 356r 2.2743728e+01 1.94e+01 1.00e+03   1.0 0.00e+00    -  0.00e+00 9.36e-09R  2
 357r 2.2743728e+01 1.94e+01 9.78e+03   1.0 1.32e+04    -  4.86e-06 1.02e-11f  1
 358r 2.2743728e+01 1.94e+01 9.99e+02   1.0 0.00e+00    -  0.00e+00 7.38e-09R  2
 359r 2.2743720e+01 1.94e+01 4.72e+04   1.0 1.38e+04    -  3.73e-06 1.96e-09f  1
iter    objective    inf_pr   inf_du lg(mu)  ||d||  lg(rg) alpha_du alpha_pr  ls
 360  2.2743582e+01 1.94e+01 3.00e+04  -6.0 2.70e+03    -  6.25e-04 7.86e-06h  1
 361  2.2743225e+01 1.94e+01 6.33e+04  -6.0 3.13e+03    -  9.87e-06 2.07e-05h  1
 362  2.2743111e+01 1.94e+01 6.44e+04  -6.0 3.09e+03    -  3.41e-04 6.62e-06h  1
 363  2.2742945e+01 1.94e+01 6.36e+04  -6.0 2.84e+03    -  4.08e-05 9.73e-06f  1
 364  2.2742662e+01 1.94e+01 1.43e+05  -6.0 5.68e+03    -  5.85e-03 1.68e-05h  1
 365  2.2742210e+01 1.94e+01 1.46e+05  -6.0 1.31e+04    -  6.42e-05 2.72e-05h  1
 366  2.2742147e+01 1.94e+01 4.60e+05  -6.0 1.56e+04    -  4.55e-03 3.68e-06h  1
 367  2.2737597e+01 1.94e+01 4.46e+05  -6.0 1.64e+04    -  9.65e-05 2.70e-04h  1
 368r 2.2737597e+01 1.94e+01 1.00e+03   1.0 0.00e+00    -  0.00e+00 7.24e-09R  2
 369r 2.2737597e+01 1.94e+01 9.81e+03   1.0 1.31e+04    -  4.88e-06 1.01e-11f  1
iter    objective    inf_pr   inf_du lg(mu)  ||d||  lg(rg) alpha_du alpha_pr  ls
 370r 2.2737597e+01 1.94e+01 9.99e+02   1.0 0.00e+00    -  0.00e+00 7.53e-09R  2
 371r 2.2737589e+01 1.94e+01 4.73e+04   1.0 1.37e+04    -  3.67e-06 1.96e-09f  1
 372  2.2737450e+01 1.94e+01 3.04e+04  -6.0 2.70e+03    -  6.32e-04 7.88e-06h  1
 373  2.2737092e+01 1.94e+01 6.40e+04  -6.0 3.13e+03    -  9.89e-06 2.07e-05h  1
 374  2.2736979e+01 1.94e+01 6.51e+04  -6.0 3.08e+03    -  3.45e-04 6.61e-06h  1
 375  2.2736811e+01 1.94e+01 6.43e+04  -6.0 2.98e+03    -  4.08e-05 9.83e-06f  1
 376  2.2736527e+01 1.94e+01 1.40e+05  -6.0 5.97e+03    -  5.75e-03 1.69e-05h  1
 377  2.2736076e+01 1.93e+01 1.42e+05  -6.0 1.37e+04    -  6.44e-05 2.71e-05h  1
 378  2.2736002e+01 1.93e+01 4.50e+05  -6.0 1.61e+04    -  4.59e-03 4.35e-06h  1
 379  2.2731706e+01 1.93e+01 4.38e+05  -6.0 1.75e+04    -  9.73e-05 2.54e-04h  1
iter    objective    inf_pr   inf_du lg(mu)  ||d||  lg(rg) alpha_du alpha_pr  ls
 380r 2.2731706e+01 1.93e+01 1.00e+03   1.0 0.00e+00    -  0.00e+00 7.21e-09R  2
 381r 2.2731706e+01 1.93e+01 9.75e+03   1.0 1.31e+04    -  4.89e-06 1.01e-11f  1
 382r 2.2731706e+01 1.93e+01 9.99e+02   1.0 0.00e+00    -  0.00e+00 7.64e-09R  2
 383r 2.2731698e+01 1.93e+01 4.73e+04   1.0 1.37e+04    -  3.60e-06 1.96e-09f  1
 384  2.2731559e+01 1.93e+01 3.07e+04  -6.0 2.70e+03    -  6.39e-04 7.91e-06h  1
 385  2.2731201e+01 1.93e+01 6.46e+04  -6.0 3.13e+03    -  9.91e-06 2.07e-05h  1
 386  2.2731087e+01 1.93e+01 6.57e+04  -6.0 3.08e+03    -  3.49e-04 6.61e-06h  1
 387  2.2730918e+01 1.93e+01 6.49e+04  -6.0 3.12e+03    -  4.08e-05 9.91e-06f  1
 388  2.2730634e+01 1.93e+01 1.38e+05  -6.0 6.22e+03    -  5.69e-03 1.69e-05h  1
 389  2.2730183e+01 1.93e+01 1.40e+05  -6.0 1.43e+04    -  6.46e-05 2.71e-05h  1
iter    objective    inf_pr   inf_du lg(mu)  ||d||  lg(rg) alpha_du alpha_pr  ls
 390  2.2730103e+01 1.93e+01 4.45e+05  -6.0 1.66e+04    -  4.62e-03 4.67e-06h  1
 391  2.2726026e+01 1.93e+01 4.34e+05  -6.0 1.84e+04    -  9.78e-05 2.41e-04h  1
 392r 2.2726026e+01 1.93e+01 1.00e+03   1.0 0.00e+00    -  0.00e+00 7.24e-09R  2
 393r 2.2726026e+01 1.93e+01 9.74e+03   1.0 1.31e+04    -  4.91e-06 1.02e-11f  1
 394r 2.2726026e+01 1.93e+01 9.99e+02   1.0 0.00e+00    -  0.00e+00 7.74e-09R  2
 395r 2.2726018e+01 1.93e+01 4.74e+04   1.0 1.36e+04    -  3.54e-06 1.96e-09f  1
 396  2.2725878e+01 1.93e+01 3.09e+04  -6.0 2.70e+03    -  6.45e-04 7.93e-06h  1
 397  2.2725520e+01 1.93e+01 6.51e+04  -6.0 3.13e+03    -  9.93e-06 2.08e-05h  1
 398  2.2725406e+01 1.93e+01 6.62e+04  -6.0 3.08e+03    -  3.52e-04 6.60e-06h  1
 399  2.2725236e+01 1.93e+01 6.54e+04  -6.0 3.23e+03    -  4.08e-05 9.99e-06f  1
iter    objective    inf_pr   inf_du lg(mu)  ||d||  lg(rg) alpha_du alpha_pr  ls
 400  2.2724951e+01 1.93e+01 1.36e+05  -6.0 6.43e+03    -  5.65e-03 1.70e-05h  1
 401  2.2724500e+01 1.93e+01 1.39e+05  -6.0 1.48e+04    -  6.48e-05 2.71e-05h  1
 402  2.2724417e+01 1.93e+01 4.42e+05  -6.0 1.71e+04    -  4.65e-03 4.87e-06h  1
 403  2.2720513e+01 1.93e+01 4.32e+05  -6.0 1.93e+04    -  9.81e-05 2.31e-04h  1
 404r 2.2720513e+01 1.93e+01 1.00e+03   1.0 0.00e+00    -  0.00e+00 7.27e-09R  2
 405r 2.2720513e+01 1.93e+01 9.70e+03   1.0 1.31e+04    -  4.93e-06 1.02e-11f  1
 406r 2.2720513e+01 1.93e+01 9.99e+02   1.0 0.00e+00    -  0.00e+00 7.80e-09R  2
 407r 2.2720505e+01 1.93e+01 4.74e+04   1.0 1.36e+04    -  3.48e-06 1.96e-09f  1
 408  2.2720365e+01 1.93e+01 3.12e+04  -6.0 2.70e+03    -  6.50e-04 7.95e-06h  1
 409  2.2720007e+01 1.93e+01 6.56e+04  -6.0 3.13e+03    -  9.95e-06 2.08e-05h  1
iter    objective    inf_pr   inf_du lg(mu)  ||d||  lg(rg) alpha_du alpha_pr  ls
 410  2.2719893e+01 1.93e+01 6.67e+04  -6.0 3.08e+03    -  3.55e-04 6.59e-06h  1
 411  2.2719722e+01 1.93e+01 6.58e+04  -6.0 3.32e+03    -  4.08e-05 1.01e-05f  1
 412  2.2719437e+01 1.93e+01 1.35e+05  -6.0 6.61e+03    -  5.63e-03 1.70e-05h  1
 413  2.2718985e+01 1.93e+01 1.38e+05  -6.0 1.52e+04    -  6.49e-05 2.71e-05h  1
 414  2.2718899e+01 1.93e+01 4.42e+05  -6.0 1.76e+04    -  4.68e-03 5.00e-06h  1
 415  2.2715137e+01 1.93e+01 4.32e+05  -6.0 2.00e+04    -  9.84e-05 2.22e-04h  1
 416r 2.2715137e+01 1.93e+01 1.00e+03   1.0 0.00e+00    -  0.00e+00 7.31e-09R  2
 417r 2.2715137e+01 1.93e+01 9.66e+03   1.0 1.31e+04    -  4.95e-06 1.02e-11f  1
 418r 2.2715137e+01 1.93e+01 9.99e+02   1.0 0.00e+00    -  0.00e+00 7.84e-09R  2
 419r 2.2715128e+01 1.93e+01 4.75e+04   1.0 1.36e+04    -  3.41e-06 1.96e-09f  1
iter    objective    inf_pr   inf_du lg(mu)  ||d||  lg(rg) alpha_du alpha_pr  ls
 420  2.2714988e+01 1.93e+01 3.14e+04  -6.0 2.70e+03    -  6.55e-04 7.97e-06h  1
 421  2.2714630e+01 1.93e+01 6.60e+04  -6.0 3.13e+03    -  9.97e-06 2.08e-05h  1
 422  2.2714516e+01 1.93e+01 6.71e+04  -6.0 3.09e+03    -  3.58e-04 6.58e-06h  1
 423  2.2714344e+01 1.93e+01 6.62e+04  -6.0 3.40e+03    -  4.08e-05 1.01e-05f  1
 424  2.2714058e+01 1.93e+01 1.35e+05  -6.0 6.76e+03    -  5.61e-03 1.70e-05h  1
 425  2.2713607e+01 1.93e+01 1.37e+05  -6.0 1.55e+04    -  6.50e-05 2.72e-05h  1
 426  2.2713520e+01 1.93e+01 4.43e+05  -6.0 1.80e+04    -  4.72e-03 5.08e-06h  1
 427  2.2709872e+01 1.93e+01 4.34e+05  -6.0 2.07e+04    -  9.86e-05 2.16e-04h  1
 428r 2.2709872e+01 1.93e+01 1.00e+03   1.0 0.00e+00    -  0.00e+00 7.33e-09R  2
 429r 2.2709872e+01 1.93e+01 9.61e+03   1.0 1.31e+04    -  4.96e-06 1.03e-11f  1
iter    objective    inf_pr   inf_du lg(mu)  ||d||  lg(rg) alpha_du alpha_pr  ls
 430r 2.2709872e+01 1.93e+01 9.99e+02   1.0 0.00e+00    -  0.00e+00 7.86e-09R  2
 431r 2.2709864e+01 1.93e+01 4.75e+04   1.0 1.36e+04    -  3.35e-06 1.96e-09f  1
 432  2.2709724e+01 1.93e+01 3.17e+04  -6.0 2.70e+03    -  6.60e-04 7.98e-06h  1
 433  2.2709365e+01 1.93e+01 6.64e+04  -6.0 3.13e+03    -  9.99e-06 2.08e-05h  1
 434  2.2709252e+01 1.93e+01 6.75e+04  -6.0 3.09e+03    -  3.60e-04 6.57e-06h  1
 435  2.2709079e+01 1.93e+01 6.66e+04  -6.0 3.47e+03    -  4.08e-05 1.02e-05f  1
 436  2.2708793e+01 1.93e+01 1.34e+05  -6.0 6.89e+03    -  5.60e-03 1.70e-05h  1
 437  2.2708342e+01 1.93e+01 1.37e+05  -6.0 1.59e+04    -  6.50e-05 2.72e-05h  1
 438  2.2708255e+01 1.93e+01 4.45e+05  -6.0 1.84e+04    -  4.76e-03 5.11e-06h  1
 439  2.2704703e+01 1.93e+01 4.37e+05  -6.0 2.13e+04    -  9.87e-05 2.10e-04h  1
iter    objective    inf_pr   inf_du lg(mu)  ||d||  lg(rg) alpha_du alpha_pr  ls
 440r 2.2704703e+01 1.93e+01 1.00e+03   1.0 0.00e+00    -  0.00e+00 7.35e-09R  2
 441r 2.2704703e+01 1.93e+01 9.55e+03   1.0 1.31e+04    -  4.98e-06 1.04e-11f  1
 442r 2.2704703e+01 1.93e+01 9.99e+02   1.0 0.00e+00    -  0.00e+00 7.87e-09R  2
 443r 2.2704694e+01 1.93e+01 4.76e+04   1.0 1.35e+04    -  3.29e-06 1.96e-09f  1
 444  2.2704554e+01 1.93e+01 3.19e+04  -6.0 2.70e+03    -  6.64e-04 8.00e-06h  1
 445  2.2704196e+01 1.93e+01 6.67e+04  -6.0 3.13e+03    -  1.00e-05 2.08e-05h  1
 446  2.2704083e+01 1.93e+01 6.78e+04  -6.0 3.09e+03    -  3.63e-04 6.55e-06h  1
 447  2.2703909e+01 1.93e+01 6.70e+04  -6.0 3.53e+03    -  4.08e-05 1.02e-05f  1
 448  2.2703624e+01 1.93e+01 1.34e+05  -6.0 7.00e+03    -  5.59e-03 1.70e-05h  1
 449  2.2703172e+01 1.93e+01 1.36e+05  -6.0 1.62e+04    -  6.51e-05 2.72e-05h  1
iter    objective    inf_pr   inf_du lg(mu)  ||d||  lg(rg) alpha_du alpha_pr  ls
 450  2.2703085e+01 1.93e+01 4.49e+05  -6.0 1.88e+04    -  4.80e-03 5.11e-06h  1
 451  2.2699614e+01 1.93e+01 4.40e+05  -6.0 2.18e+04    -  9.87e-05 2.06e-04h  1
 452r 2.2699614e+01 1.93e+01 1.00e+03   1.0 0.00e+00    -  0.00e+00 7.36e-09R  2
 453r 2.2699614e+01 1.93e+01 9.48e+03   1.0 1.30e+04    -  5.00e-06 1.04e-11f  1
 454r 2.2699614e+01 1.93e+01 9.99e+02   1.0 0.00e+00    -  0.00e+00 7.86e-09R  2
 455r 2.2699606e+01 1.93e+01 4.76e+04   1.0 1.35e+04    -  3.22e-06 1.96e-09f  1
 456  2.2699465e+01 1.93e+01 3.21e+04  -6.0 2.70e+03    -  6.69e-04 8.02e-06h  1
 457  2.2699107e+01 1.93e+01 6.71e+04  -6.0 3.14e+03    -  1.00e-05 2.08e-05h  1
 458  2.2698994e+01 1.93e+01 6.82e+04  -6.0 3.10e+03    -  3.65e-04 6.54e-06h  1
 459  2.2698820e+01 1.93e+01 6.73e+04  -6.0 3.58e+03    -  4.07e-05 1.02e-05f  1
iter    objective    inf_pr   inf_du lg(mu)  ||d||  lg(rg) alpha_du alpha_pr  ls
 460  2.2698535e+01 1.93e+01 1.34e+05  -6.0 7.10e+03    -  5.58e-03 1.70e-05h  1
 461  2.2698084e+01 1.93e+01 1.36e+05  -6.0 1.65e+04    -  6.51e-05 2.72e-05h  1
 462  2.2697997e+01 1.93e+01 4.53e+05  -6.0 1.91e+04    -  4.84e-03 5.07e-06h  1
 463  2.2694596e+01 1.93e+01 4.45e+05  -6.0 2.23e+04    -  9.86e-05 2.02e-04h  1
 464r 2.2694596e+01 1.93e+01 1.00e+03   1.0 0.00e+00    -  0.00e+00 7.37e-09R  2
 465r 2.2694596e+01 1.93e+01 9.41e+03   1.0 1.30e+04    -  5.02e-06 1.05e-11f  1
 466r 2.2694596e+01 1.93e+01 9.99e+02   1.0 0.00e+00    -  0.00e+00 7.84e-09R  2
 467r 2.2694588e+01 1.93e+01 4.77e+04   1.0 1.35e+04    -  3.16e-06 1.96e-09f  1
 468  2.2694447e+01 1.93e+01 3.24e+04  -6.0 2.70e+03    -  6.74e-04 8.03e-06h  1
 469  2.2694088e+01 1.93e+01 6.75e+04  -6.0 3.14e+03    -  1.00e-05 2.08e-05h  1
iter    objective    inf_pr   inf_du lg(mu)  ||d||  lg(rg) alpha_du alpha_pr  ls
 470  2.2693976e+01 1.93e+01 6.86e+04  -6.0 3.10e+03    -  3.67e-04 6.52e-06h  1
 471  2.2693801e+01 1.93e+01 6.77e+04  -6.0 3.62e+03    -  4.07e-05 1.03e-05f  1
 472  2.2693517e+01 1.93e+01 1.34e+05  -6.0 7.18e+03    -  5.57e-03 1.69e-05h  1
 473  2.2693066e+01 1.93e+01 1.36e+05  -6.0 1.67e+04    -  6.51e-05 2.72e-05h  1
 474  2.2692981e+01 1.93e+01 4.58e+05  -6.0 1.95e+04    -  4.89e-03 5.01e-06h  1
 475  2.2689639e+01 1.93e+01 4.50e+05  -6.0 2.28e+04    -  9.85e-05 1.98e-04h  1
 476r 2.2689639e+01 1.93e+01 1.00e+03   1.0 0.00e+00    -  0.00e+00 7.36e-09R  2
 477r 2.2689639e+01 1.93e+01 9.33e+03   1.0 1.30e+04    -  5.04e-06 1.06e-11f  1
 478r 2.2689639e+01 1.93e+01 9.99e+02   1.0 0.00e+00    -  0.00e+00 7.82e-09R  2
 479r 2.2689630e+01 1.93e+01 4.77e+04   1.0 1.35e+04    -  3.10e-06 1.97e-09f  1
iter    objective    inf_pr   inf_du lg(mu)  ||d||  lg(rg) alpha_du alpha_pr  ls
 480  2.2689489e+01 1.93e+01 3.27e+04  -6.0 2.70e+03    -  6.80e-04 8.05e-06h  1
 481  2.2689131e+01 1.93e+01 6.79e+04  -6.0 3.15e+03    -  1.01e-05 2.08e-05h  1
 482  2.2689019e+01 1.93e+01 6.90e+04  -6.0 3.11e+03    -  3.69e-04 6.50e-06h  1
 483  2.2688844e+01 1.93e+01 6.82e+04  -6.0 3.66e+03    -  4.07e-05 1.03e-05f  1
 484  2.2688560e+01 1.93e+01 1.34e+05  -6.0 7.26e+03    -  5.56e-03 1.69e-05h  1
 485  2.2688110e+01 1.93e+01 1.37e+05  -6.0 1.70e+04    -  6.51e-05 2.71e-05h  1
 486  2.2688026e+01 1.93e+01 4.63e+05  -6.0 1.98e+04    -  4.93e-03 4.93e-06h  1
 487  2.2684735e+01 1.93e+01 4.55e+05  -6.0 2.32e+04    -  9.84e-05 1.95e-04h  1
 488r 2.2684735e+01 1.93e+01 1.00e+03   1.0 0.00e+00    -  0.00e+00 7.36e-09R  2
 489r 2.2684735e+01 1.93e+01 9.25e+03   1.0 1.30e+04    -  5.06e-06 1.07e-11f  1
iter    objective    inf_pr   inf_du lg(mu)  ||d||  lg(rg) alpha_du alpha_pr  ls
 490r 2.2684735e+01 1.93e+01 9.99e+02   1.0 0.00e+00    -  0.00e+00 7.79e-09R  2
 491r 2.2684727e+01 1.93e+01 4.78e+04   1.0 1.34e+04    -  3.03e-06 1.97e-09f  1
 492  2.2684586e+01 1.93e+01 3.30e+04  -6.0 2.70e+03    -  6.86e-04 8.06e-06h  1
 493  2.2684228e+01 1.93e+01 6.84e+04  -6.0 3.15e+03    -  1.01e-05 2.07e-05h  1
 494  2.2684117e+01 1.93e+01 6.95e+04  -6.0 3.12e+03    -  3.70e-04 6.48e-06h  1
 495  2.2683940e+01 1.93e+01 6.86e+04  -6.0 3.69e+03    -  4.06e-05 1.03e-05f  1
 496  2.2683657e+01 1.93e+01 1.35e+05  -6.0 7.33e+03    -  5.56e-03 1.69e-05h  1
 497  2.2683208e+01 1.93e+01 1.37e+05  -6.0 1.72e+04    -  6.50e-05 2.71e-05h  1
 498  2.2683126e+01 1.93e+01 4.69e+05  -6.0 2.01e+04    -  4.97e-03 4.82e-06h  1
 499  2.2679880e+01 1.93e+01 4.61e+05  -6.0 2.36e+04    -  9.82e-05 1.93e-04h  1
iter    objective    inf_pr   inf_du lg(mu)  ||d||  lg(rg) alpha_du alpha_pr  ls
 500r 2.2679880e+01 1.93e+01 1.00e+03   1.0 0.00e+00    -  0.00e+00 7.36e-09R  2
 501r 2.2679880e+01 1.93e+01 9.18e+03   1.0 1.30e+04    -  5.08e-06 1.08e-11f  1
 502r 2.2679880e+01 1.93e+01 9.99e+02   1.0 0.00e+00    -  0.00e+00 7.77e-09R  2
 503r 2.2679871e+01 1.93e+01 4.78e+04   1.0 1.34e+04    -  2.97e-06 1.97e-09f  1
 504  2.2679730e+01 1.93e+01 3.33e+04  -6.0 2.70e+03    -  6.94e-04 8.08e-06h  1
 505  2.2679372e+01 1.93e+01 6.89e+04  -6.0 3.16e+03    -  1.01e-05 2.07e-05h  1
 506  2.2679262e+01 1.93e+01 7.01e+04  -6.0 3.13e+03    -  3.72e-04 6.45e-06h  1
 507  2.2679085e+01 1.93e+01 6.92e+04  -6.0 3.72e+03    -  4.06e-05 1.04e-05f  1
 508  2.2678803e+01 1.93e+01 1.35e+05  -6.0 7.40e+03    -  5.55e-03 1.68e-05h  1
 509  2.2678353e+01 1.93e+01 1.37e+05  -6.0 1.75e+04    -  6.50e-05 2.71e-05h  1
iter    objective    inf_pr   inf_du lg(mu)  ||d||  lg(rg) alpha_du alpha_pr  ls
 510  2.2678274e+01 1.93e+01 4.75e+05  -6.0 2.04e+04    -  5.01e-03 4.69e-06h  1
 511  2.2675067e+01 1.93e+01 4.68e+05  -6.0 2.39e+04    -  9.80e-05 1.91e-04h  1
 512r 2.2675067e+01 1.93e+01 1.00e+03   1.0 0.00e+00    -  0.00e+00 7.35e-09R  2
 513r 2.2675067e+01 1.93e+01 9.10e+03   1.0 1.30e+04    -  5.10e-06 1.09e-11f  1
 514r 2.2675067e+01 1.93e+01 9.99e+02   1.0 0.00e+00    -  0.00e+00 7.77e-09R  2
 515r 2.2675059e+01 1.93e+01 4.79e+04   1.0 1.34e+04    -  2.91e-06 1.97e-09f  1
 516  2.2674917e+01 1.93e+01 3.38e+04  -6.0 2.70e+03    -  7.02e-04 8.10e-06h  1
 517  2.2674560e+01 1.93e+01 6.96e+04  -6.0 3.17e+03    -  1.01e-05 2.07e-05h  1
 518  2.2674449e+01 1.93e+01 7.08e+04  -6.0 3.13e+03    -  3.74e-04 6.42e-06h  1
 519  2.2674272e+01 1.93e+01 6.99e+04  -6.0 3.75e+03    -  4.06e-05 1.04e-05f  1
iter    objective    inf_pr   inf_du lg(mu)  ||d||  lg(rg) alpha_du alpha_pr  ls
 520  2.2673991e+01 1.93e+01 1.35e+05  -6.0 7.46e+03    -  5.55e-03 1.68e-05h  1
 521  2.2673542e+01 1.93e+01 1.38e+05  -6.0 1.77e+04    -  6.49e-05 2.71e-05h  1
 522  2.2673465e+01 1.93e+01 4.82e+05  -6.0 2.07e+04    -  5.05e-03 4.53e-06h  1
 523  2.2670292e+01 1.93e+01 4.75e+05  -6.0 2.43e+04    -  9.78e-05 1.89e-04h  1
 524r 2.2670292e+01 1.93e+01 1.00e+03   1.0 0.00e+00    -  0.00e+00 7.35e-09R  2
 525r 2.2670292e+01 1.93e+01 9.03e+03   1.0 1.30e+04    -  5.12e-06 1.10e-11f  1
 526r 2.2670292e+01 1.93e+01 9.99e+02   1.0 0.00e+00    -  0.00e+00 7.87e-09R  2
 527r 2.2670284e+01 1.93e+01 4.80e+04   1.0 1.34e+04    -  2.84e-06 1.97e-09f  1
 528  2.2670142e+01 1.93e+01 3.42e+04  -6.0 2.70e+03    -  7.13e-04 8.12e-06h  1
 529  2.2669785e+01 1.93e+01 7.05e+04  -6.0 3.17e+03    -  1.01e-05 2.07e-05h  1
iter    objective    inf_pr   inf_du lg(mu)  ||d||  lg(rg) alpha_du alpha_pr  ls
 530  2.2669675e+01 1.93e+01 7.15e+04  -6.0 3.14e+03    -  3.32e-04 6.39e-06h  1
 531  2.2669498e+01 1.93e+01 7.07e+04  -6.0 3.77e+03    -  4.10e-05 1.04e-05f  1
 532  2.2669214e+01 1.93e+01 1.30e+05  -6.0 7.51e+03    -  5.33e-03 1.70e-05h  1
 533  2.2668808e+01 1.93e+01 1.33e+05  -6.0 1.77e+04    -  6.51e-05 2.46e-05h  1
 534  2.2668697e+01 1.93e+01 4.82e+05  -6.0 2.05e+04    -  5.20e-03 6.56e-06h  1
 535  2.2665904e+01 1.93e+01 4.76e+05  -6.0 2.45e+04    -  9.73e-05 1.66e-04h  1
 536r 2.2665904e+01 1.93e+01 1.00e+03   1.0 0.00e+00    -  0.00e+00 9.28e-09R  2
 537r 2.2665904e+01 1.93e+01 8.59e+03   1.0 1.30e+04    -  5.14e-06 1.15e-11f  1
 538r 2.2665904e+01 1.93e+01 9.99e+02   1.0 0.00e+00    -  0.00e+00 8.83e-09R  2
 539r 2.2665895e+01 1.93e+01 4.80e+04   1.0 1.34e+04    -  2.78e-06 1.97e-09f  1
iter    objective    inf_pr   inf_du lg(mu)  ||d||  lg(rg) alpha_du alpha_pr  ls
 540  2.2665753e+01 1.93e+01 3.37e+04  -6.0 2.70e+03    -  7.01e-04 8.13e-06h  1
 541  2.2665397e+01 1.93e+01 6.91e+04  -6.0 3.18e+03    -  1.01e-05 2.07e-05h  1
 542  2.2665287e+01 1.93e+01 6.99e+04  -6.0 3.15e+03    -  2.49e-04 6.39e-06h  1
 543  2.2665108e+01 1.93e+01 6.93e+04  -6.0 3.77e+03    -  4.24e-05 1.05e-05h  1
 544  2.2664815e+01 1.93e+01 1.20e+05  -6.0 7.59e+03    -  4.89e-03 1.75e-05h  1
 545  2.2664494e+01 1.93e+01 1.23e+05  -6.0 1.77e+04    -  6.58e-05 1.94e-05h  1
 546  2.2664318e+01 1.93e+01 4.76e+05  -6.0 2.02e+04    -  5.34e-03 1.05e-05h  1
 547  2.2662319e+01 1.93e+01 4.74e+05  -6.0 2.47e+04    -  9.67e-05 1.19e-04h  1
 548r 2.2662319e+01 1.93e+01 1.00e+03   1.0 0.00e+00    -  0.00e+00 1.87e-08R  2
 549r 2.2662319e+01 1.93e+01 8.04e+03   1.0 1.30e+04    -  5.16e-06 1.24e-11f  1
iter    objective    inf_pr   inf_du lg(mu)  ||d||  lg(rg) alpha_du alpha_pr  ls
 550r 2.2662319e+01 1.93e+01 9.99e+02   1.0 0.00e+00    -  0.00e+00 1.49e-08R  2
 551r 2.2662310e+01 1.93e+01 4.81e+04   1.0 1.33e+04    -  2.72e-06 1.97e-09f  1
 552  2.2662168e+01 1.93e+01 3.30e+04  -6.0 2.70e+03    -  6.87e-04 8.15e-06h  1
 553  2.2661812e+01 1.93e+01 6.74e+04  -6.0 3.19e+03    -  1.02e-05 2.06e-05h  1
 554  2.2661702e+01 1.93e+01 6.82e+04  -6.0 3.16e+03    -  2.50e-04 6.41e-06h  1
 555  2.2661522e+01 1.93e+01 6.76e+04  -6.0 3.79e+03    -  4.24e-05 1.06e-05h  1
 556  2.2661223e+01 1.93e+01 1.22e+05  -6.0 7.64e+03    -  4.92e-03 1.78e-05h  1
 557  2.2660907e+01 1.93e+01 1.24e+05  -6.0 1.80e+04    -  6.62e-05 1.91e-05h  1
 558  2.2660734e+01 1.93e+01 4.78e+05  -6.0 2.04e+04    -  5.31e-03 1.04e-05h  1
 559  2.2658746e+01 1.93e+01 4.76e+05  -6.0 2.48e+04    -  9.67e-05 1.18e-04h  1
iter    objective    inf_pr   inf_du lg(mu)  ||d||  lg(rg) alpha_du alpha_pr  ls
 560r 2.2658746e+01 1.93e+01 1.00e+03   1.0 0.00e+00    -  0.00e+00 1.89e-08R  2
 561r 2.2658746e+01 1.93e+01 8.10e+03   1.0 1.29e+04    -  5.18e-06 1.23e-11f  1
 562r 2.2658746e+01 1.93e+01 9.99e+02   1.0 0.00e+00    -  0.00e+00 1.50e-08R  2
 563r 2.2658738e+01 1.93e+01 4.81e+04   1.0 1.33e+04    -  2.66e-06 1.97e-09f  1
 564  2.2658595e+01 1.93e+01 3.21e+04  -6.0 2.70e+03    -  6.69e-04 8.17e-06h  1
 565  2.2658240e+01 1.93e+01 6.53e+04  -6.0 3.19e+03    -  1.02e-05 2.06e-05h  1
 566  2.2658130e+01 1.93e+01 6.61e+04  -6.0 3.16e+03    -  2.50e-04 6.43e-06h  1
 567  2.2657949e+01 1.93e+01 6.55e+04  -6.0 3.81e+03    -  4.24e-05 1.06e-05h  1
 568  2.2657643e+01 1.93e+01 1.23e+05  -6.0 7.68e+03    -  4.94e-03 1.83e-05h  1
 569  2.2657335e+01 1.93e+01 1.26e+05  -6.0 1.84e+04    -  6.67e-05 1.87e-05h  1
iter    objective    inf_pr   inf_du lg(mu)  ||d||  lg(rg) alpha_du alpha_pr  ls
 570  2.2657163e+01 1.93e+01 4.80e+05  -6.0 2.06e+04    -  5.28e-03 1.03e-05h  1
 571  2.2655188e+01 1.93e+01 4.79e+05  -6.0 2.50e+04    -  9.66e-05 1.17e-04h  1
 572r 2.2655188e+01 1.93e+01 1.00e+03   1.0 0.00e+00    -  0.00e+00 1.90e-08R  2
 573r 2.2655188e+01 1.93e+01 8.13e+03   1.0 1.29e+04    -  5.20e-06 1.22e-11f  1
 574r 2.2655188e+01 1.93e+01 9.99e+02   1.0 0.00e+00    -  0.00e+00 1.51e-08R  2
 575r 2.2655180e+01 1.93e+01 4.82e+04   1.0 1.33e+04    -  2.59e-06 1.97e-09f  1
 576  2.2655036e+01 1.93e+01 3.12e+04  -6.0 2.70e+03    -  6.51e-04 8.20e-06h  1
 577  2.2654683e+01 1.93e+01 6.33e+04  -6.0 3.20e+03    -  1.02e-05 2.05e-05h  1
 578  2.2654572e+01 1.93e+01 6.40e+04  -6.0 3.17e+03    -  2.51e-04 6.45e-06h  1
 579  2.2654391e+01 1.93e+01 6.34e+04  -6.0 3.83e+03    -  4.23e-05 1.06e-05h  1
iter    objective    inf_pr   inf_du lg(mu)  ||d||  lg(rg) alpha_du alpha_pr  ls
 580  2.2654078e+01 1.93e+01 1.24e+05  -6.0 7.72e+03    -  4.97e-03 1.87e-05h  1
 581  2.2653777e+01 1.93e+01 1.27e+05  -6.0 1.88e+04    -  6.71e-05 1.83e-05h  1
 582  2.2653606e+01 1.93e+01 4.71e+05  -6.0 2.08e+04    -  5.09e-03 1.03e-05h  1
 583  2.2651640e+01 1.93e+01 4.70e+05  -6.0 2.52e+04    -  9.66e-05 1.17e-04h  1
 584r 2.2651640e+01 1.93e+01 1.00e+03   1.0 0.00e+00    -  0.00e+00 1.85e-08R  2
 585r 2.2651640e+01 1.93e+01 8.44e+03   1.0 1.29e+04    -  5.22e-06 1.18e-11f  1
 586r 2.2651640e+01 1.93e+01 9.99e+02   1.0 0.00e+00    -  0.00e+00 1.52e-08R  2
 587r 2.2651632e+01 1.93e+01 4.82e+04   1.0 1.33e+04    -  2.53e-06 1.97e-09f  1
 588  2.2651488e+01 1.93e+01 3.04e+04  -6.0 2.70e+03    -  6.34e-04 8.22e-06h  1
 589  2.2651135e+01 1.93e+01 6.12e+04  -6.0 3.21e+03    -  1.02e-05 2.05e-05h  1
iter    objective    inf_pr   inf_du lg(mu)  ||d||  lg(rg) alpha_du alpha_pr  ls
 590  2.2651024e+01 1.93e+01 6.20e+04  -6.0 3.18e+03    -  2.51e-04 6.47e-06h  1
 591  2.2650843e+01 1.93e+01 6.14e+04  -6.0 3.85e+03    -  4.23e-05 1.06e-05h  1
 592  2.2650523e+01 1.93e+01 1.25e+05  -6.0 7.76e+03    -  4.99e-03 1.91e-05h  1
 593  2.2650229e+01 1.93e+01 1.28e+05  -6.0 1.93e+04    -  6.75e-05 1.78e-05h  1
 594  2.2650059e+01 1.93e+01 4.54e+05  -6.0 2.10e+04    -  4.78e-03 1.02e-05h  1
 595  2.2648099e+01 1.93e+01 4.53e+05  -6.0 2.53e+04    -  9.66e-05 1.16e-04h  1
 596r 2.2648099e+01 1.93e+01 1.00e+03   1.0 0.00e+00    -  0.00e+00 1.77e-08R  2
 597r 2.2648099e+01 1.93e+01 8.97e+03   1.0 1.29e+04    -  5.24e-06 1.11e-11f  1
 598r 2.2648099e+01 1.93e+01 9.99e+02   1.0 0.00e+00    -  0.00e+00 1.55e-08R  2
 599r 2.2648090e+01 1.93e+01 4.83e+04   1.0 1.33e+04    -  2.47e-06 1.97e-09f  1
iter    objective    inf_pr   inf_du lg(mu)  ||d||  lg(rg) alpha_du alpha_pr  ls
 600  2.2647947e+01 1.93e+01 2.96e+04  -6.0 2.70e+03    -  6.17e-04 8.19e-06h  1
 601  2.2647594e+01 1.93e+01 5.98e+04  -6.0 3.21e+03    -  1.02e-05 2.05e-05h  1
 602  2.2647483e+01 1.93e+01 6.05e+04  -6.0 3.19e+03    -  2.52e-04 6.50e-06h  1
 603  2.2647302e+01 1.93e+01 5.99e+04  -6.0 3.88e+03    -  4.23e-05 1.06e-05h  1
 604  2.2646974e+01 1.93e+01 1.26e+05  -6.0 7.80e+03    -  5.02e-03 1.96e-05h  1
 605  2.2646688e+01 1.93e+01 1.29e+05  -6.0 1.97e+04    -  6.80e-05 1.74e-05h  1
 606  2.2646520e+01 1.93e+01 4.43e+05  -6.0 2.13e+04    -  4.55e-03 1.01e-05h  1
 607  2.2644566e+01 1.93e+01 4.41e+05  -6.0 2.54e+04    -  9.66e-05 1.16e-04h  1
 608r 2.2644566e+01 1.93e+01 1.00e+03   1.0 0.00e+00    -  0.00e+00 1.72e-08R  2
 609r 2.2644566e+01 1.93e+01 9.40e+03   1.0 1.29e+04    -  5.26e-06 1.06e-11f  1
iter    objective    inf_pr   inf_du lg(mu)  ||d||  lg(rg) alpha_du alpha_pr  ls
 610r 2.2644566e+01 1.93e+01 9.99e+02   1.0 0.00e+00    -  0.00e+00 1.90e-08R  2
 611r 2.2644558e+01 1.93e+01 4.83e+04   1.0 1.33e+04    -  2.41e-06 1.97e-09f  1
 612  2.2644416e+01 1.93e+01 2.88e+04  -6.0 2.70e+03    -  6.01e-04 8.13e-06h  1
 613  2.2644063e+01 1.93e+01 5.86e+04  -6.0 3.21e+03    -  1.01e-05 2.05e-05h  1
 614  2.2643951e+01 1.93e+01 5.94e+04  -6.0 3.19e+03    -  2.52e-04 6.52e-06h  1
 615  2.2643770e+01 1.93e+01 5.88e+04  -6.0 3.90e+03    -  4.22e-05 1.06e-05h  1
 616  2.2643434e+01 1.93e+01 1.27e+05  -6.0 7.84e+03    -  5.05e-03 2.01e-05h  1
 617  2.2643156e+01 1.93e+01 1.31e+05  -6.0 2.02e+04    -  6.84e-05 1.70e-05h  1
 618  2.2642989e+01 1.93e+01 4.35e+05  -6.0 2.15e+04    -  4.38e-03 1.00e-05h  1
 619  2.2641044e+01 1.93e+01 4.34e+05  -6.0 2.55e+04    -  9.66e-05 1.16e-04h  1
iter    objective    inf_pr   inf_du lg(mu)  ||d||  lg(rg) alpha_du alpha_pr  ls
 620r 2.2641044e+01 1.93e+01 1.00e+03   1.0 0.00e+00    -  0.00e+00 1.68e-08R  2
 621r 2.2641044e+01 1.93e+01 9.75e+03   1.0 1.29e+04    -  5.28e-06 1.02e-11f  1
 622r 2.2641044e+01 1.93e+01 9.99e+02   1.0 0.00e+00    -  0.00e+00 2.33e-08R  2
 623r 2.2641036e+01 1.93e+01 4.84e+04   1.0 1.33e+04    -  2.34e-06 1.97e-09f  1
 624  2.2640894e+01 1.93e+01 2.81e+04  -6.0 2.70e+03    -  5.86e-04 8.08e-06h  1
 625  2.2640541e+01 1.93e+01 5.75e+04  -6.0 3.22e+03    -  1.01e-05 2.05e-05h  1
 626  2.2640429e+01 1.93e+01 5.83e+04  -6.0 3.20e+03    -  2.53e-04 6.54e-06h  1
 627  2.2640248e+01 1.93e+01 5.77e+04  -6.0 3.92e+03    -  4.22e-05 1.06e-05h  1
 628  2.2639904e+01 1.93e+01 1.29e+05  -6.0 7.88e+03    -  5.08e-03 2.06e-05h  1
 629  2.2639633e+01 1.93e+01 1.32e+05  -6.0 2.08e+04    -  6.89e-05 1.65e-05h  1
iter    objective    inf_pr   inf_du lg(mu)  ||d||  lg(rg) alpha_du alpha_pr  ls
 630  2.2639468e+01 1.93e+01 4.31e+05  -6.0 2.17e+04    -  4.26e-03 9.94e-06h  1
 631  2.2637533e+01 1.93e+01 4.30e+05  -6.0 2.56e+04    -  9.67e-05 1.15e-04h  1
 632r 2.2637533e+01 1.93e+01 1.00e+03   1.0 0.00e+00    -  0.00e+00 1.67e-08R  2
 633r 2.2637533e+01 1.93e+01 1.00e+04   1.0 1.29e+04    -  5.24e-06 9.92e-12f  1
 634r 2.2637533e+01 1.93e+01 9.99e+02   1.0 0.00e+00    -  0.00e+00 2.64e-08R  2
 635r 2.2637524e+01 1.93e+01 4.84e+04   1.0 1.32e+04    -  2.28e-06 1.97e-09f  1
 636  2.2637384e+01 1.93e+01 2.74e+04  -6.0 2.70e+03    -  5.72e-04 8.02e-06h  1
 637  2.2637030e+01 1.93e+01 5.65e+04  -6.0 3.22e+03    -  1.00e-05 2.05e-05h  1
 638  2.2636918e+01 1.93e+01 5.73e+04  -6.0 3.21e+03    -  2.54e-04 6.55e-06h  1
 639  2.2636737e+01 1.93e+01 5.67e+04  -6.0 3.94e+03    -  4.21e-05 1.06e-05h  1
iter    objective    inf_pr   inf_du lg(mu)  ||d||  lg(rg) alpha_du alpha_pr  ls
 640  2.2636387e+01 1.93e+01 1.30e+05  -6.0 7.92e+03    -  5.12e-03 2.10e-05h  1
 641  2.2636004e+01 1.93e+01 1.33e+05  -6.0 2.13e+04    -  6.93e-05 2.33e-05h  1
 642  2.2634328e+01 1.93e+01 4.14e+05  -6.0 2.33e+04    -  3.82e-03 9.70e-05h  1
 643  2.2633845e+01 1.93e+01 4.28e+05  -6.0 2.60e+04    -  1.94e-04 2.91e-05h  1
 644r 2.2633845e+01 1.93e+01 1.00e+03   1.0 0.00e+00    -  0.00e+00 6.11e-09R  6
 645r 2.2633845e+01 1.93e+01 1.15e+04   1.0 1.29e+04    -  9.39e-07 8.25e-12f  1
 646r 2.2633845e+01 1.93e+01 9.99e+02   1.0 0.00e+00    -  0.00e+00 2.82e-08R  2
 647r 2.2633836e+01 1.93e+01 4.85e+04   1.0 1.33e+04    -  2.22e-06 1.97e-09f  1
 648  2.2633697e+01 1.93e+01 2.64e+04  -6.0 2.70e+03    -  5.52e-04 7.95e-06h  1
 649  2.2633343e+01 1.93e+01 5.50e+04  -6.0 3.22e+03    -  9.96e-06 2.05e-05h  1
iter    objective    inf_pr   inf_du lg(mu)  ||d||  lg(rg) alpha_du alpha_pr  ls
 650  2.2633230e+01 1.93e+01 5.57e+04  -6.0 3.22e+03    -  2.54e-04 6.58e-06h  1
 651  2.2633050e+01 1.93e+01 5.51e+04  -6.0 3.96e+03    -  4.21e-05 1.06e-05h  1
 652  2.2632701e+01 1.93e+01 1.27e+05  -6.0 7.97e+03    -  4.98e-03 2.09e-05h  1
 653  2.2632324e+01 1.93e+01 1.31e+05  -6.0 2.15e+04    -  6.92e-05 2.30e-05h  1
 654  2.2631221e+01 1.93e+01 4.11e+05  -6.0 2.36e+04    -  3.73e-03 6.45e-05h  1
 655  2.2630263e+01 1.93e+01 4.20e+05  -6.0 2.61e+04    -  1.60e-04 5.77e-05h  1
 656r 2.2630263e+01 1.93e+01 1.00e+03   1.0 0.00e+00    -  0.00e+00 3.65e-08R  2
 657r 2.2630263e+01 1.93e+01 1.24e+04   1.0 1.29e+04    -  2.10e-07 8.10e-12f  1
 658r 2.2630263e+01 1.93e+01 9.99e+02   1.0 0.00e+00    -  0.00e+00 2.95e-08R  2
 659r 2.2630255e+01 1.93e+01 4.86e+04   1.0 1.33e+04    -  2.16e-06 1.97e-09f  1
iter    objective    inf_pr   inf_du lg(mu)  ||d||  lg(rg) alpha_du alpha_pr  ls
 660  2.2630117e+01 1.93e+01 2.56e+04  -6.0 2.70e+03    -  5.35e-04 7.87e-06h  1
 661  2.2629763e+01 1.93e+01 5.37e+04  -6.0 3.23e+03    -  9.88e-06 2.06e-05h  1
 662  2.2629649e+01 1.93e+01 5.45e+04  -6.0 3.23e+03    -  2.55e-04 6.60e-06h  1
 663  2.2629469e+01 1.93e+01 5.39e+04  -6.0 3.99e+03    -  4.20e-05 1.06e-05h  1
 664  2.2629121e+01 1.93e+01 1.20e+05  -6.0 8.02e+03    -  4.65e-03 2.08e-05h  1
 665  2.2628746e+01 1.93e+01 1.23e+05  -6.0 2.16e+04    -  6.91e-05 2.30e-05h  1
 666  2.2627669e+01 1.93e+01 4.12e+05  -6.0 2.37e+04    -  3.82e-03 6.29e-05h  1
 667  2.2626694e+01 1.93e+01 4.20e+05  -6.0 2.62e+04    -  1.58e-04 5.88e-05h  1
 668r 2.2626694e+01 1.93e+01 1.00e+03   1.0 0.00e+00    -  0.00e+00 3.37e-08R  2
 669r 2.2626694e+01 1.93e+01 1.08e+04   1.0 1.29e+04    -  2.30e-07 8.30e-12f  1
iter    objective    inf_pr   inf_du lg(mu)  ||d||  lg(rg) alpha_du alpha_pr  ls
 670r 2.2626694e+01 1.93e+01 9.99e+02   1.0 0.00e+00    -  0.00e+00 2.98e-08R  2
 671r 2.2626686e+01 1.93e+01 4.86e+04   1.0 1.32e+04    -  2.10e-06 1.97e-09f  1
 672  2.2626549e+01 1.93e+01 2.48e+04  -6.0 2.70e+03    -  5.19e-04 7.79e-06h  1
 673  2.2626194e+01 1.93e+01 5.26e+04  -6.0 3.23e+03    -  9.80e-06 2.06e-05h  1
 674  2.2626081e+01 1.93e+01 5.34e+04  -6.0 3.25e+03    -  2.55e-04 6.61e-06h  1
 675  2.2625901e+01 1.93e+01 5.28e+04  -6.0 4.01e+03    -  4.20e-05 1.06e-05h  1
 676  2.2625554e+01 1.92e+01 1.12e+05  -6.0 8.07e+03    -  4.31e-03 2.07e-05h  1
 677  2.2625180e+01 1.92e+01 1.15e+05  -6.0 2.16e+04    -  6.91e-05 2.29e-05h  1
 678  2.2624130e+01 1.92e+01 4.13e+05  -6.0 2.38e+04    -  3.92e-03 6.13e-05h  1
 679  2.2623137e+01 1.92e+01 4.21e+05  -6.0 2.64e+04    -  1.56e-04 5.99e-05h  1
iter    objective    inf_pr   inf_du lg(mu)  ||d||  lg(rg) alpha_du alpha_pr  ls
 680r 2.2623137e+01 1.92e+01 1.00e+03   1.0 0.00e+00    -  0.00e+00 3.09e-08R  2
 681r 2.2623137e+01 1.92e+01 1.06e+04   1.0 1.29e+04    -  2.55e-07 8.52e-12f  1
 682r 2.2623137e+01 1.92e+01 9.99e+02   1.0 0.00e+00    -  0.00e+00 2.92e-08R  2
 683r 2.2623129e+01 1.92e+01 4.87e+04   1.0 1.32e+04    -  2.04e-06 1.97e-09f  1
 684  2.2622994e+01 1.92e+01 2.41e+04  -6.0 2.70e+03    -  5.03e-04 7.70e-06h  1
 685  2.2622639e+01 1.92e+01 5.16e+04  -6.0 3.23e+03    -  9.72e-06 2.07e-05h  1
 686  2.2622525e+01 1.92e+01 5.24e+04  -6.0 3.26e+03    -  2.56e-04 6.62e-06h  1
 687  2.2622345e+01 1.92e+01 5.18e+04  -6.0 4.04e+03    -  4.19e-05 1.06e-05h  1
 688  2.2622000e+01 1.92e+01 1.04e+05  -6.0 8.12e+03    -  3.97e-03 2.07e-05h  1
 689  2.2621627e+01 1.92e+01 1.07e+05  -6.0 2.17e+04    -  6.90e-05 2.28e-05h  1
iter    objective    inf_pr   inf_du lg(mu)  ||d||  lg(rg) alpha_du alpha_pr  ls
 690  2.2620602e+01 1.92e+01 4.15e+05  -6.0 2.39e+04    -  4.03e-03 5.98e-05h  1
 691  2.2619592e+01 1.92e+01 4.23e+05  -6.0 2.65e+04    -  1.54e-04 6.09e-05h  1
 692r 2.2619592e+01 1.92e+01 1.00e+03   1.0 0.00e+00    -  0.00e+00 2.83e-08R  2
 693r 2.2619592e+01 1.92e+01 1.03e+04   1.0 1.28e+04    -  2.86e-07 8.77e-12f  1
 694r 2.2619592e+01 1.92e+01 9.99e+02   1.0 0.00e+00    -  0.00e+00 2.76e-08R  2
 695r 2.2619584e+01 1.92e+01 4.87e+04   1.0 1.32e+04    -  1.98e-06 1.97e-09f  1
 696  2.2619451e+01 1.92e+01 2.33e+04  -6.0 2.70e+03    -  4.88e-04 7.61e-06h  1
 697  2.2619094e+01 1.92e+01 5.07e+04  -6.0 3.23e+03    -  9.63e-06 2.07e-05h  1
 698  2.2618980e+01 1.92e+01 5.14e+04  -6.0 3.27e+03    -  2.56e-04 6.63e-06h  1
 699  2.2618800e+01 1.92e+01 5.08e+04  -6.0 4.07e+03    -  4.19e-05 1.06e-05h  1
iter    objective    inf_pr   inf_du lg(mu)  ||d||  lg(rg) alpha_du alpha_pr  ls
 700  2.2618457e+01 1.92e+01 9.53e+04  -6.0 8.17e+03    -  3.63e-03 2.06e-05h  1
 701  2.2618085e+01 1.92e+01 9.86e+04  -6.0 2.18e+04    -  6.90e-05 2.28e-05h  1
 702  2.2617085e+01 1.92e+01 4.21e+05  -6.0 2.40e+04    -  4.15e-03 5.83e-05h  1
 703  2.2616058e+01 1.92e+01 4.31e+05  -6.0 2.67e+04    -  1.53e-04 6.20e-05h  1
 704r 2.2616058e+01 1.92e+01 1.00e+03   1.0 0.00e+00    -  0.00e+00 2.58e-08R  2
 705r 2.2616058e+01 1.92e+01 1.00e+04   1.0 1.28e+04    -  3.27e-07 9.03e-12f  1
 706r 2.2616058e+01 1.92e+01 9.99e+02   1.0 0.00e+00    -  0.00e+00 2.51e-08R  2
 707r 2.2616049e+01 1.92e+01 4.88e+04   1.0 1.32e+04    -  1.92e-06 1.97e-09f  1
 708  2.2615918e+01 1.92e+01 2.26e+04  -6.0 2.70e+03    -  4.73e-04 7.51e-06h  1
 709  2.2615560e+01 1.92e+01 4.98e+04  -6.0 3.23e+03    -  9.53e-06 2.08e-05h  1
iter    objective    inf_pr   inf_du lg(mu)  ||d||  lg(rg) alpha_du alpha_pr  ls
 710  2.2615446e+01 1.92e+01 5.06e+04  -6.0 3.29e+03    -  2.57e-04 6.63e-06h  1
 711  2.2615267e+01 1.92e+01 5.00e+04  -6.0 4.09e+03    -  4.18e-05 1.06e-05h  1
 712  2.2614924e+01 1.92e+01 8.68e+04  -6.0 8.22e+03    -  3.28e-03 2.05e-05h  1
 713  2.2614553e+01 1.92e+01 9.01e+04  -6.0 2.18e+04    -  6.90e-05 2.27e-05h  1
 714  2.2613579e+01 1.92e+01 4.36e+05  -6.0 2.41e+04    -  4.28e-03 5.68e-05h  1
 715  2.2612533e+01 1.92e+01 4.46e+05  -6.0 2.68e+04    -  1.51e-04 6.32e-05h  1
 716r 2.2612533e+01 1.92e+01 1.00e+03   1.0 0.00e+00    -  0.00e+00 2.32e-08R  2
 717r 2.2612533e+01 1.92e+01 9.76e+03   1.0 1.28e+04    -  3.81e-07 9.33e-12f  1
 718r 2.2612533e+01 1.92e+01 9.99e+02   1.0 0.00e+00    -  0.00e+00 2.20e-08R  2
 719r 2.2612525e+01 1.92e+01 4.88e+04   1.0 1.32e+04    -  1.85e-06 1.97e-09f  1
iter    objective    inf_pr   inf_du lg(mu)  ||d||  lg(rg) alpha_du alpha_pr  ls
 720  2.2612395e+01 1.92e+01 2.19e+04  -6.0 2.70e+03    -  4.59e-04 7.40e-06h  1
 721  2.2612036e+01 1.92e+01 4.91e+04  -6.0 3.23e+03    -  9.42e-06 2.09e-05h  1
 722  2.2611922e+01 1.92e+01 4.99e+04  -6.0 3.30e+03    -  2.57e-04 6.63e-06h  1
 723  2.2611743e+01 1.92e+01 4.93e+04  -6.0 4.12e+03    -  4.18e-05 1.06e-05h  1
 724  2.2611402e+01 1.92e+01 7.80e+04  -6.0 8.27e+03    -  2.93e-03 2.04e-05h  1
 725  2.2611031e+01 1.92e+01 8.13e+04  -6.0 2.19e+04    -  6.90e-05 2.27e-05h  1
 726  2.2610081e+01 1.92e+01 4.52e+05  -6.0 2.42e+04    -  4.42e-03 5.54e-05h  1
 727  2.2609018e+01 1.92e+01 4.61e+05  -6.0 2.69e+04    -  1.49e-04 6.43e-05h  1
 728r 2.2609018e+01 1.92e+01 1.00e+03   1.0 0.00e+00    -  0.00e+00 2.08e-08R  2
 729r 2.2609018e+01 1.92e+01 9.49e+03   1.0 1.28e+04    -  4.56e-07 9.64e-12f  1
iter    objective    inf_pr   inf_du lg(mu)  ||d||  lg(rg) alpha_du alpha_pr  ls
 730r 2.2609018e+01 1.92e+01 9.99e+02   1.0 0.00e+00    -  0.00e+00 1.75e-08R  2
 731r 2.2609009e+01 1.92e+01 4.89e+04   1.0 1.32e+04    -  1.79e-06 1.97e-09f  1
 732  2.2608882e+01 1.92e+01 2.13e+04  -6.0 2.70e+03    -  4.45e-04 7.28e-06h  1
 733  2.2608521e+01 1.92e+01 4.84e+04  -6.0 3.23e+03    -  9.29e-06 2.09e-05h  1
 734  2.2608490e+01 1.92e+01 4.92e+04  -6.0 3.32e+03    -  2.57e-04 1.81e-06h  1
 735  2.2608287e+01 1.92e+01 4.86e+04  -6.0 3.24e+03    -  3.63e-05 1.19e-05h  1
 736  2.2608228e+01 1.92e+01 5.85e+04  -6.0 4.20e+03    -  4.46e-03 3.52e-06h  1
 737  2.2607798e+01 1.92e+01 5.60e+04  -6.0 1.22e+04    -  4.79e-05 2.59e-05h  1
 738  2.2607535e+01 1.92e+01 3.05e+05  -6.0 2.24e+04    -  3.39e-03 1.61e-05h  1
 739  2.2605910e+01 1.92e+01 3.05e+05  -6.0 2.67e+04    -  9.14e-05 9.77e-05h  1
iter    objective    inf_pr   inf_du lg(mu)  ||d||  lg(rg) alpha_du alpha_pr  ls
 740  2.2605627e+01 1.92e+01 6.90e+05  -6.0 2.68e+04    -  3.42e-03 1.71e-05h  1
 741  2.2605547e+01 1.92e+01 7.43e+05  -6.0 1.94e+04    -  2.16e-04 5.12e-06h  1
 742  2.2602951e+01 1.92e+01 1.14e+06  -6.0 1.95e+04    -  1.67e-03 1.66e-04f  1
 743  2.2537296e+01 2.29e+01 6.60e+05  -6.0 2.27e+04    -  7.26e-08 4.06e-03h  1
 744  2.2534594e+01 2.29e+01 1.69e+06  -6.0 2.50e+04    -  3.81e-03 1.72e-04h  1
 745  2.2534557e+01 2.29e+01 1.33e+07  -6.0 1.39e+04    -  5.93e-03 2.46e-06h  1
 746  2.2489538e+01 2.60e+01 6.82e+06  -6.0 1.54e+04    -  5.67e-09 3.08e-03f  1
 747  2.2489494e+01 2.60e+01 2.26e+07  -6.0 1.71e+04    -  5.09e-03 3.23e-06h  1
 748  2.2486539e+01 2.60e+01 7.77e+07  -6.0 1.81e+04    -  1.67e-02 2.28e-04h  1
 749  2.2486537e+01 2.60e+01 1.32e+08  -6.0 2.37e+04    -  1.30e-02 2.46e-07h  2
iter    objective    inf_pr   inf_du lg(mu)  ||d||  lg(rg) alpha_du alpha_pr  ls
 750  2.2415616e+01 3.20e+01 2.26e+08  -6.0 2.83e+04    -  3.00e-02 1.04e-02h  1
 751  2.2339641e+01 3.19e+01 2.22e+08  -6.0 1.33e+05    -  4.79e-04 2.34e-03h  1
 752r 2.2339641e+01 3.19e+01 1.00e+03   1.2 0.00e+00    -  0.00e+00 1.21e-08R  2
 753r 2.2339492e+01 3.19e+01 1.14e+05   1.2 5.23e+05    -  2.22e-06 2.56e-08f  1
 754r 2.2339492e+01 3.19e+01 9.99e+02   1.2 0.00e+00    -  0.00e+00 3.87e-09R  7
 755r 2.2339484e+01 3.19e+01 8.35e+04   1.2 2.40e+04    -  1.08e-06 1.17e-09f  1
 756  2.2339354e+01 3.19e+01 3.39e+04  -6.0 2.69e+03    -  6.94e-04 7.59e-06h  1
 757  2.2339220e+01 3.19e+01 2.87e+04  -6.0 6.48e+03    -  9.61e-06 8.16e-06h  1
 758  2.2339040e+01 3.19e+01 2.98e+04  -6.0 7.06e+03    -  2.06e-04 1.11e-05h  1
 759  2.2338683e+01 3.19e+01 2.94e+04  -6.0 8.45e+03    -  3.15e-05 2.21e-05h  1
iter    objective    inf_pr   inf_du lg(mu)  ||d||  lg(rg) alpha_du alpha_pr  ls
 760  2.2338341e+01 3.19e+01 4.63e+05  -6.0 1.38e+04    -  1.20e-02 2.13e-05h  1
 761  2.2338058e+01 3.19e+01 4.65e+05  -6.0 1.54e+04    -  7.25e-05 1.77e-05h  1
 762  2.2338025e+01 3.19e+01 7.57e+05  -6.0 3.19e+04    -  1.74e-03 2.25e-06h  1
 763  2.2337606e+01 3.19e+01 7.54e+05  -6.0 2.99e+04    -  1.89e-07 2.81e-05h  1
 764  2.2336963e+01 3.19e+01 7.68e+05  -6.0 3.58e+04    -  1.27e-04 4.38e-05h  1
 765  2.2336634e+01 3.19e+01 1.44e+06  -6.0 3.54e+04    -  3.04e-03 2.22e-05h  1
 766r 2.2336634e+01 3.19e+01 1.00e+03   1.2 0.00e+00    -  0.00e+00 9.31e-09R  5
 767r 2.2336541e+01 3.19e+01 1.18e+05   1.2 1.70e+05    -  1.57e-07 6.93e-09f  1
 768r 2.2336541e+01 3.19e+01 9.99e+02   1.2 0.00e+00    -  0.00e+00 6.95e-08R  2
 769r 2.2336533e+01 3.19e+01 8.32e+04   1.2 2.34e+04    -  1.07e-06 1.18e-09f  1
iter    objective    inf_pr   inf_du lg(mu)  ||d||  lg(rg) alpha_du alpha_pr  ls
 770  2.2336405e+01 3.19e+01 2.65e+04  -6.0 2.69e+03    -  5.46e-04 7.40e-06h  1
 771  2.2336224e+01 3.19e+01 3.03e+04  -6.0 3.57e+03    -  9.45e-06 1.08e-05h  1
 772  2.2336166e+01 3.19e+01 3.11e+04  -6.0 4.33e+03    -  1.71e-04 3.48e-06h  1
 773  2.2335958e+01 3.19e+01 3.07e+04  -6.0 6.87e+03    -  2.68e-05 1.27e-05h  1
 774  2.2335665e+01 3.19e+01 3.11e+04  -6.0 8.95e+03    -  1.53e-04 1.80e-05f  1
 775  2.2335093e+01 3.19e+01 3.08e+04  -6.0 1.62e+04    -  7.14e-05 3.55e-05h  1
 776r 2.2335093e+01 3.19e+01 1.00e+03   1.2 0.00e+00    -  0.00e+00 1.30e-10R  2
 777r 2.2335093e+01 3.19e+01 3.49e+04   1.2 3.67e+04    -  4.84e-08 5.48e-13f  1
 778r 2.2334578e+01 3.19e+01 8.08e+04   1.2 2.20e+04    -  3.31e-06 7.88e-08f  1
 779r 2.2334578e+01 3.19e+01 9.99e+02   1.2 0.00e+00    -  0.00e+00 5.22e-08R  2
iter    objective    inf_pr   inf_du lg(mu)  ||d||  lg(rg) alpha_du alpha_pr  ls
 780r 2.2334569e+01 3.19e+01 8.33e+04   1.2 2.19e+04    -  1.20e-06 1.17e-09f  1
 781  2.2334445e+01 3.19e+01 2.45e+04  -6.0 2.69e+03    -  5.02e-04 7.20e-06h  1
 782  2.2334271e+01 3.19e+01 2.74e+04  -6.0 3.56e+03    -  9.25e-06 1.04e-05h  1
 783  2.2334207e+01 3.19e+01 3.53e+04  -6.0 4.36e+03    -  1.55e-03 3.88e-06h  1
 784  2.2333973e+01 3.19e+01 3.22e+04  -6.0 7.26e+03    -  2.37e-05 1.42e-05h  1
 785  2.2333673e+01 3.19e+01 3.55e+04  -6.0 9.53e+03    -  1.28e-03 1.85e-05h  1
 786  2.2326134e+01 3.19e+01 5.97e+04  -6.0 1.61e+04    -  5.78e-05 4.69e-04h  1
 787r 2.2326134e+01 3.19e+01 1.00e+03   1.2 0.00e+00    -  0.00e+00 2.48e-10R  2
 788r 2.2326133e+01 3.19e+01 7.92e+04   1.2 1.91e+04    -  2.26e-08 4.35e-12f  1
 789r 2.2326133e+01 3.19e+01 9.99e+02   1.2 0.00e+00    -  0.00e+00 1.49e-08R  2
iter    objective    inf_pr   inf_du lg(mu)  ||d||  lg(rg) alpha_du alpha_pr  ls
 790r 2.2326124e+01 3.19e+01 8.33e+04   1.2 2.20e+04    -  1.17e-06 1.17e-09f  1
 791  2.2326004e+01 3.19e+01 2.23e+04  -6.0 2.69e+03    -  4.58e-04 6.98e-06h  1
 792  2.2325824e+01 3.19e+01 2.66e+04  -6.0 3.37e+03    -  9.02e-06 1.07e-05h  1
 793  2.2325773e+01 3.19e+01 2.76e+04  -6.0 4.47e+03    -  2.10e-04 3.01e-06h  1
 794  2.2325542e+01 3.19e+01 2.72e+04  -6.0 6.98e+03    -  2.51e-05 1.41e-05h  1
 795  2.2325263e+01 3.19e+01 3.41e+04  -6.0 8.86e+03    -  2.15e-03 1.72e-05f  1
 796  2.2324319e+01 3.19e+01 3.40e+04  -6.0 1.60e+04    -  5.49e-05 5.87e-05h  1
 797r 2.2324319e+01 3.19e+01 1.00e+03   1.2 0.00e+00    -  0.00e+00 4.01e-10R  2
 798r 2.2324318e+01 3.19e+01 4.82e+04   1.2 1.93e+04    -  2.23e-07 6.91e-12f  1
 799r 2.2324318e+01 3.19e+01 9.99e+02   1.2 0.00e+00    -  0.00e+00 1.79e-08R  2
iter    objective    inf_pr   inf_du lg(mu)  ||d||  lg(rg) alpha_du alpha_pr  ls
 800r 2.2324309e+01 3.19e+01 8.34e+04   1.2 2.20e+04    -  1.14e-06 1.17e-09f  1
 801  2.2324194e+01 3.19e+01 2.43e+04  -6.0 2.69e+03    -  5.00e-04 6.71e-06h  1
 802  2.2323967e+01 3.19e+01 3.77e+04  -6.0 3.42e+03    -  8.75e-06 1.35e-05h  1
 803  2.2323960e+01 3.19e+01 5.48e+04  -6.0 6.64e+03    -  3.82e-03 4.76e-07h  2
 804  2.2323714e+01 3.19e+01 4.90e+04  -6.0 8.28e+03    -  2.28e-05 1.50e-05h  1
 805  2.2323302e+01 3.19e+01 7.97e+04  -6.0 1.11e+04    -  1.87e-03 2.54e-05h  1
 806  2.2322842e+01 3.19e+01 8.07e+04  -6.0 1.62e+04    -  6.44e-05 2.87e-05h  1
 807r 2.2322842e+01 3.19e+01 1.00e+03   1.2 0.00e+00    -  0.00e+00 4.60e-09R  7
 808r 2.2322841e+01 3.19e+01 1.54e+04   1.2 2.03e+04    -  5.27e-07 5.89e-12f  1
 809r 2.2322841e+01 3.19e+01 9.99e+02   1.2 0.00e+00    -  0.00e+00 1.91e-08R  2
iter    objective    inf_pr   inf_du lg(mu)  ||d||  lg(rg) alpha_du alpha_pr  ls
 810r 2.2322833e+01 3.19e+01 8.34e+04   1.2 2.20e+04    -  1.10e-06 1.17e-09f  1
 811  2.2322723e+01 3.19e+01 2.20e+04  -6.0 2.69e+03    -  4.52e-04 6.35e-06h  1
 812  2.2322494e+01 3.19e+01 3.60e+04  -6.0 3.45e+03    -  8.39e-06 1.37e-05h  1
 813  2.2322368e+01 3.19e+01 5.28e+04  -6.0 6.53e+03    -  3.71e-03 7.63e-06h  1
 814  2.2322110e+01 3.19e+01 4.50e+04  -6.0 9.42e+03    -  2.98e-05 1.59e-05h  1
 815  2.2321793e+01 3.19e+01 7.05e+04  -6.0 1.21e+04    -  1.69e-03 1.96e-05h  1
 816  2.2321391e+01 3.19e+01 7.16e+04  -6.0 1.62e+04    -  6.70e-05 2.50e-05h  1
 817r 2.2321391e+01 3.19e+01 1.00e+03   1.2 0.00e+00    -  0.00e+00 9.50e-09R  5
 818r 2.2321391e+01 3.19e+01 2.19e+04   1.2 2.09e+04    -  1.09e-06 4.43e-12f  1
 819r 2.2321391e+01 3.19e+01 9.99e+02   1.2 0.00e+00    -  0.00e+00 5.89e-09R  2
iter    objective    inf_pr   inf_du lg(mu)  ||d||  lg(rg) alpha_du alpha_pr  ls
 820r 2.2321382e+01 3.19e+01 8.34e+04   1.2 2.19e+04    -  1.07e-06 1.17e-09f  1
 821  2.2321283e+01 3.19e+01 1.74e+04  -6.0 2.69e+03    -  3.59e-04 5.80e-06h  1
 822  2.2321062e+01 3.19e+01 2.94e+04  -6.0 3.58e+03    -  7.85e-06 1.32e-05h  1
 823  2.2320850e+01 3.19e+01 4.78e+04  -6.0 6.12e+03    -  3.86e-03 1.28e-05h  1
 824  2.2320440e+01 3.19e+01 4.31e+04  -6.0 1.02e+04    -  3.40e-05 2.53e-05h  1
 825  2.2320291e+01 3.19e+01 5.97e+04  -6.0 1.60e+04    -  1.25e-03 9.33e-06h  1
 826  2.2319941e+01 3.19e+01 6.21e+04  -6.0 1.62e+04    -  7.18e-05 2.18e-05h  1
 827r 2.2319941e+01 3.19e+01 1.00e+03   1.2 0.00e+00    -  0.00e+00 4.50e-09R  7
 828r 2.2319941e+01 3.19e+01 3.88e+04   1.2 2.12e+04    -  2.38e-06 2.55e-12f  1
 829r 2.2319941e+01 3.19e+01 9.99e+02   1.2 0.00e+00    -  0.00e+00 3.89e-09R  2
iter    objective    inf_pr   inf_du lg(mu)  ||d||  lg(rg) alpha_du alpha_pr  ls
 830r 2.2319932e+01 3.19e+01 8.35e+04   1.2 2.19e+04    -  1.04e-06 1.17e-09f  1
 831  2.2319850e+01 3.19e+01 1.17e+04  -6.0 2.69e+03    -  2.43e-04 4.83e-06h  1
 832  2.2319649e+01 3.19e+01 2.06e+04  -6.0 3.88e+03    -  6.89e-06 1.20e-05h  1
 833  2.2319398e+01 3.19e+01 3.97e+04  -6.0 6.53e+03    -  3.62e-03 1.53e-05h  1
 834  2.2319039e+01 3.19e+01 3.30e+04  -6.0 1.06e+04    -  3.43e-05 2.22e-05h  1
 835  2.2318541e+01 3.19e+01 5.82e+04  -6.0 1.60e+04    -  1.25e-03 3.10e-05h  1
 836r 2.2318541e+01 3.19e+01 1.00e+03   1.2 0.00e+00    -  0.00e+00 2.78e-08R  2
 837r 2.2318495e+01 3.19e+01 1.04e+05   1.2 2.12e+04    -  2.85e-06 3.23e-09f  1
 838r 2.2318495e+01 3.19e+01 9.99e+02   1.2 0.00e+00    -  0.00e+00 8.83e-09R  6
 839r 2.2318486e+01 3.19e+01 8.37e+04   1.2 2.18e+04    -  1.03e-06 1.17e-09f  1
iter    objective    inf_pr   inf_du lg(mu)  ||d||  lg(rg) alpha_du alpha_pr  ls
 840  2.2318424e+01 3.19e+01 9.33e+03  -6.0 2.69e+03    -  1.92e-04 3.67e-06h  1
 841  2.2318234e+01 3.19e+01 1.87e+04  -6.0 4.19e+03    -  5.73e-06 1.14e-05h  1
 842  2.2318004e+01 3.19e+01 3.97e+04  -6.0 6.92e+03    -  3.60e-03 1.40e-05h  1
 843  2.2317628e+01 3.19e+01 3.43e+04  -6.0 1.08e+04    -  3.12e-05 2.33e-05h  1
 844  2.2316972e+01 3.19e+01 5.72e+04  -6.0 1.60e+04    -  1.24e-03 4.08e-05h  1
 845r 2.2316972e+01 3.19e+01 1.00e+03   1.2 0.00e+00    -  0.00e+00 1.43e-08R  2
 846r 2.2316942e+01 3.19e+01 1.07e+05   1.2 2.14e+04    -  3.64e-06 3.21e-09f  1
 847r 2.2316942e+01 3.19e+01 9.99e+02   1.2 0.00e+00    -  0.00e+00 8.11e-08R  2
 848r 2.2316933e+01 3.19e+01 8.36e+04   1.2 2.18e+04    -  1.03e-06 1.17e-09f  1
 849  2.2316881e+01 3.19e+01 8.31e+03  -6.0 2.73e+03    -  1.71e-04 3.07e-06h  1
iter    objective    inf_pr   inf_du lg(mu)  ||d||  lg(rg) alpha_du alpha_pr  ls
 850  2.2316692e+01 3.19e+01 1.85e+04  -6.0 4.32e+03    -  5.13e-06 1.13e-05h  1
 851  2.2316468e+01 3.19e+01 4.11e+04  -6.0 7.01e+03    -  3.71e-03 1.37e-05h  1
 852  2.2316079e+01 3.19e+01 3.65e+04  -6.0 1.10e+04    -  3.02e-05 2.41e-05h  1
 853  2.2315301e+01 3.18e+01 5.69e+04  -6.0 1.59e+04    -  1.24e-03 4.85e-05h  1
 854r 2.2315301e+01 3.18e+01 1.00e+03   1.2 0.00e+00    -  0.00e+00 1.00e-08R  2
 855r 2.2315272e+01 3.18e+01 1.06e+05   1.2 2.14e+04    -  3.03e-06 3.26e-09f  1
 856r 2.2315272e+01 3.18e+01 9.99e+02   1.2 0.00e+00    -  0.00e+00 6.53e-08R  2
 857r 2.2315263e+01 3.18e+01 8.37e+04   1.2 2.17e+04    -  1.04e-06 1.17e-09f  1
 858  2.2315214e+01 3.18e+01 8.58e+03  -6.0 2.86e+03    -  1.76e-04 2.88e-06h  1
 859  2.2315023e+01 3.18e+01 2.01e+04  -6.0 4.39e+03    -  4.94e-06 1.15e-05h  1
iter    objective    inf_pr   inf_du lg(mu)  ||d||  lg(rg) alpha_du alpha_pr  ls
 860  2.2314802e+01 3.18e+01 4.36e+04  -6.0 7.03e+03    -  3.85e-03 1.35e-05h  1
 861  2.2314400e+01 3.18e+01 3.95e+04  -6.0 1.11e+04    -  3.00e-05 2.49e-05h  1
 862  2.2313515e+01 3.18e+01 5.70e+04  -6.0 1.59e+04    -  1.25e-03 5.52e-05h  1
 863r 2.2313515e+01 3.18e+01 1.00e+03   1.2 0.00e+00    -  0.00e+00 7.88e-09R  2
 864r 2.2313485e+01 3.18e+01 1.12e+05   1.2 2.14e+04    -  2.52e-06 3.33e-09f  1
 865r 2.2313485e+01 3.18e+01 9.99e+02   1.2 0.00e+00    -  0.00e+00 6.24e-08R  2
 866r 2.2313476e+01 3.18e+01 8.36e+04   1.2 2.17e+04    -  1.06e-06 1.17e-09f  1
 867  2.2313428e+01 3.18e+01 9.29e+03  -6.0 2.92e+03    -  1.91e-04 2.84e-06h  1
 868  2.2313235e+01 3.18e+01 2.22e+04  -6.0 4.44e+03    -  4.89e-06 1.16e-05h  1
 869  2.2313015e+01 3.18e+01 4.63e+04  -6.0 7.05e+03    -  3.98e-03 1.34e-05h  1
iter    objective    inf_pr   inf_du lg(mu)  ||d||  lg(rg) alpha_du alpha_pr  ls
 870  2.2312602e+01 3.18e+01 4.28e+04  -6.0 1.12e+04    -  3.00e-05 2.56e-05h  1
 871  2.2311616e+01 3.18e+01 5.76e+04  -6.0 1.58e+04    -  1.27e-03 6.14e-05h  1
 872r 2.2311616e+01 3.18e+01 1.00e+03   1.2 0.00e+00    -  0.00e+00 6.58e-09R  2
 873r 2.2311587e+01 3.18e+01 1.01e+05   1.2 2.14e+04    -  2.48e-06 3.39e-09f  1
 874r 2.2311587e+01 3.18e+01 9.99e+02   1.2 0.00e+00    -  0.00e+00 6.22e-08R  2
 875r 2.2311578e+01 3.18e+01 8.38e+04   1.2 2.16e+04    -  1.07e-06 1.17e-09f  1
 876  2.2311530e+01 3.18e+01 1.01e+04  -6.0 2.93e+03    -  2.07e-04 2.83e-06h  1
 877  2.2311334e+01 3.18e+01 2.47e+04  -6.0 4.48e+03    -  4.88e-06 1.18e-05h  1
 878  2.2311114e+01 3.18e+01 4.93e+04  -6.0 7.06e+03    -  4.09e-03 1.34e-05h  1
 879  2.2310689e+01 3.18e+01 4.61e+04  -6.0 1.13e+04    -  3.02e-05 2.63e-05h  1
iter    objective    inf_pr   inf_du lg(mu)  ||d||  lg(rg) alpha_du alpha_pr  ls
 880  2.2309609e+01 3.18e+01 5.85e+04  -6.0 1.58e+04    -  1.30e-03 6.73e-05h  1
 881r 2.2309609e+01 3.18e+01 1.00e+03   1.2 0.00e+00    -  0.00e+00 5.69e-09R  2
 882r 2.2309576e+01 3.18e+01 1.21e+05   1.2 2.14e+04    -  2.52e-06 3.77e-09f  1
 883r 2.2309576e+01 3.18e+01 9.99e+02   1.2 0.00e+00    -  0.00e+00 6.49e-08R  2
 884r 2.2309567e+01 3.18e+01 8.36e+04   1.2 2.16e+04    -  1.08e-06 1.17e-09f  1
 885  2.2309520e+01 3.18e+01 1.15e+04  -6.0 2.92e+03    -  2.35e-04 2.83e-06h  1
 886  2.2309319e+01 3.18e+01 2.86e+04  -6.0 4.55e+03    -  4.88e-06 1.20e-05h  1
 887  2.2309102e+01 3.18e+01 5.37e+04  -6.0 7.08e+03    -  4.26e-03 1.33e-05h  1
 888  2.2308659e+01 3.18e+01 5.14e+04  -6.0 1.15e+04    -  3.02e-05 2.74e-05h  1
 889  2.2307426e+01 3.18e+01 5.95e+04  -6.0 1.57e+04    -  1.33e-03 7.69e-05h  1
iter    objective    inf_pr   inf_du lg(mu)  ||d||  lg(rg) alpha_du alpha_pr  ls
 890r 2.2307426e+01 3.18e+01 1.00e+03   1.2 0.00e+00    -  0.00e+00 4.59e-09R  2
 891r 2.2307411e+01 3.18e+01 1.00e+03   1.2 2.13e+04    -  2.60e-06 1.72e-09f  2
 892r 2.2307411e+01 3.18e+01 9.99e+02   1.2 0.00e+00    -  0.00e+00 4.50e-08R  2
 893r 2.2307402e+01 3.18e+01 8.37e+04   1.2 2.15e+04    -  1.09e-06 1.17e-09f  1
 894  2.2307355e+01 3.18e+01 8.54e+03  -6.0 2.92e+03    -  1.75e-04 2.84e-06h  1
 895  2.2307166e+01 3.18e+01 1.99e+04  -6.0 4.38e+03    -  4.89e-06 1.13e-05h  1
 896  2.2306937e+01 3.18e+01 4.45e+04  -6.0 7.06e+03    -  3.98e-03 1.40e-05h  1
 897  2.2306529e+01 3.18e+01 4.04e+04  -6.0 1.10e+04    -  3.03e-05 2.53e-05h  1
 898  2.2305636e+01 3.18e+01 6.23e+04  -6.0 1.57e+04    -  1.38e-03 5.56e-05h  1
 899r 2.2305636e+01 3.18e+01 1.00e+03   1.2 0.00e+00    -  0.00e+00 8.65e-09R  2
iter    objective    inf_pr   inf_du lg(mu)  ||d||  lg(rg) alpha_du alpha_pr  ls
 900r 2.2305617e+01 3.18e+01 1.00e+03   1.2 2.13e+04    -  2.50e-06 2.34e-09f  2
 901r 2.2305617e+01 3.18e+01 9.99e+02   1.2 0.00e+00    -  0.00e+00 5.49e-08R  2
 902r 2.2305608e+01 3.18e+01 8.37e+04   1.2 2.15e+04    -  1.10e-06 1.17e-09f  1
 903  2.2305560e+01 3.18e+01 7.64e+03  -6.0 2.92e+03    -  1.57e-04 2.84e-06h  1
 904  2.2305375e+01 3.18e+01 1.75e+04  -6.0 4.32e+03    -  4.89e-06 1.11e-05h  1
 905  2.2305141e+01 3.18e+01 4.19e+04  -6.0 7.06e+03    -  3.90e-03 1.43e-05h  1
 906  2.2304741e+01 3.18e+01 3.73e+04  -6.0 1.09e+04    -  3.03e-05 2.47e-05h  1
 907  2.2303956e+01 3.18e+01 6.34e+04  -6.0 1.56e+04    -  1.40e-03 4.90e-05h  1
 908r 2.2303956e+01 3.18e+01 1.00e+03   1.2 0.00e+00    -  0.00e+00 1.12e-08R  2
 909r 2.2303926e+01 3.18e+01 9.92e+04   1.2 2.13e+04    -  2.48e-06 3.51e-09f  1
iter    objective    inf_pr   inf_du lg(mu)  ||d||  lg(rg) alpha_du alpha_pr  ls
 910r 2.2303926e+01 3.18e+01 9.99e+02   1.2 0.00e+00    -  0.00e+00 6.32e-08R  2
 911r 2.2303917e+01 3.18e+01 8.35e+04   1.2 2.14e+04    -  1.12e-06 1.17e-09f  1
 912  2.2303870e+01 3.18e+01 8.10e+03  -6.0 2.92e+03    -  1.67e-04 2.83e-06h  1
 913  2.2303684e+01 3.18e+01 1.87e+04  -6.0 4.35e+03    -  4.89e-06 1.12e-05h  1
 914  2.2303449e+01 3.18e+01 4.33e+04  -6.0 7.07e+03    -  3.96e-03 1.43e-05h  1
 915  2.2303044e+01 3.18e+01 3.90e+04  -6.0 1.09e+04    -  3.04e-05 2.51e-05h  1
 916  2.2302205e+01 3.18e+01 6.37e+04  -6.0 1.56e+04    -  1.41e-03 5.23e-05h  1
 917r 2.2302205e+01 3.18e+01 1.00e+03   1.2 0.00e+00    -  0.00e+00 9.99e-09R  2
 918r 2.2302177e+01 3.18e+01 1.05e+05   1.2 2.13e+04    -  2.53e-06 3.35e-09f  1
 919r 2.2302177e+01 3.18e+01 9.99e+02   1.2 0.00e+00    -  0.00e+00 6.22e-08R  2
iter    objective    inf_pr   inf_du lg(mu)  ||d||  lg(rg) alpha_du alpha_pr  ls
 920r 2.2302168e+01 3.18e+01 8.34e+04   1.2 2.14e+04    -  1.13e-06 1.17e-09f  1
 921  2.2302121e+01 3.18e+01 8.30e+03  -6.0 2.92e+03    -  1.70e-04 2.83e-06h  1
 922  2.2301934e+01 3.18e+01 1.92e+04  -6.0 4.36e+03    -  4.89e-06 1.12e-05h  1
 923  2.2301699e+01 3.18e+01 4.39e+04  -6.0 7.08e+03    -  3.98e-03 1.44e-05h  1
 924  2.2301290e+01 3.18e+01 3.97e+04  -6.0 1.09e+04    -  3.05e-05 2.53e-05h  1
 925  2.2300433e+01 3.18e+01 4.65e+04  -6.0 1.55e+04    -  8.30e-04 5.34e-05h  1
 926r 2.2300433e+01 3.18e+01 1.00e+03   1.2 0.00e+00    -  0.00e+00 5.81e-09R  2
 927r 2.2300433e+01 3.18e+01 2.38e+04   1.2 2.12e+04    -  1.82e-06 1.06e-12f  1
 928r 2.2287865e+01 3.18e+01 7.78e+04   1.2 1.74e+04    -  3.70e-06 1.95e-06f  1
 929  2.2287816e+01 3.18e+01 3.23e+02  -6.0 3.16e+03    -  9.41e-06 2.91e-06h  1
iter    objective    inf_pr   inf_du lg(mu)  ||d||  lg(rg) alpha_du alpha_pr  ls
 930  2.2287742e+01 3.18e+01 1.88e+02  -6.0 3.60e+03    -  6.24e-06 4.44e-06h  1
 931  2.2287667e+01 3.18e+01 7.78e+03  -6.0 4.89e+03    -  5.82e-04 4.56e-06h  1
 932  2.2287073e+01 3.18e+01 1.76e+04  -6.0 5.33e+03    -  1.02e-05 3.58e-05h  1
 933  2.2280493e+01 3.17e+01 2.89e+04  -6.0 5.41e+03    -  5.28e-05 3.98e-04f  1
 934r 2.2280493e+01 3.17e+01 1.00e+03   1.2 0.00e+00    -  0.00e+00 1.43e-08R  2
 935r 2.2280493e+01 3.17e+01 6.69e+03   1.2 1.82e+04    -  3.91e-06 2.30e-12f  1
 936r 2.2256514e+01 3.16e+01 6.45e+04   1.2 1.66e+04    -  1.02e-05 4.07e-06f  1
 937  2.2256426e+01 3.16e+01 1.54e+05  -6.0 2.69e+03    -  3.11e-03 5.14e-06h  1
 938  2.2254653e+01 3.16e+01 2.28e+06  -6.0 3.96e+03    -  7.14e-06 1.05e-04h  1
 939  2.2252902e+01 3.16e+01 2.28e+06  -6.0 3.94e+03    -  3.48e-04 1.04e-04h  1
iter    objective    inf_pr   inf_du lg(mu)  ||d||  lg(rg) alpha_du alpha_pr  ls
 940  2.2246861e+01 3.16e+01 2.28e+06  -6.0 3.93e+03    -  3.21e-04 3.60e-04h  1
 941  2.2241086e+01 3.16e+01 2.28e+06  -6.0 3.95e+03    -  1.81e-03 3.45e-04h  1
 942  2.2231652e+01 3.16e+01 2.27e+06  -6.0 3.96e+03    -  1.35e-03 5.65e-04h  1
 943  2.2187406e+01 3.15e+01 2.27e+06  -6.0 3.98e+03    -  5.35e-03 2.65e-03h  1
 944  2.2180592e+01 3.15e+01 2.27e+06  -6.0 4.02e+03    -  3.22e-03 4.10e-04h  1
 945  2.2180537e+01 3.15e+01 2.27e+06  -6.0 3.67e+03    -  6.18e-06 3.33e-06h  1
 946  2.2163083e+01 3.15e+01 2.26e+06  -6.0 3.67e+03    -  1.55e-03 1.06e-03f  1
 947  2.1994854e+01 3.14e+01 2.24e+06  -6.0 3.87e+03    -  9.64e-06 1.01e-02h  1
 948  2.1938463e+01 3.14e+01 2.23e+06  -6.0 3.80e+03    -  9.95e-03 3.43e-03h  1
 949  2.1856856e+01 3.12e+01 2.22e+06  -6.0 3.76e+03    -  4.46e-02 4.98e-03h  1
iter    objective    inf_pr   inf_du lg(mu)  ||d||  lg(rg) alpha_du alpha_pr  ls
 950  2.1796418e+01 3.11e+01 2.22e+06  -6.0 3.96e+03    -  1.58e-02 3.57e-03h  1
 951  2.1759944e+01 3.11e+01 2.21e+06  -6.0 1.10e+04    -  4.79e-03 1.91e-03h  1
 952  2.1744353e+01 3.11e+01 2.21e+06  -6.0 1.33e+04    -  2.07e-03 8.09e-04h  1
 953  2.1648942e+01 3.09e+01 2.20e+06  -6.0 1.37e+04    -  4.86e-03 5.02e-03h  1
 954r 2.1648942e+01 3.09e+01 1.00e+03   1.2 0.00e+00    -  0.00e+00 1.08e-08R  2
 955r 2.1648642e+01 3.09e+01 8.30e+04   1.2 5.19e+07    -  8.12e-06 5.88e-08f  1
 956  2.1648632e+01 3.09e+01 9.45e+03  -6.0 3.90e+03    -  1.74e-04 5.99e-07h  2
 957  2.1648608e+01 3.09e+01 5.48e+03  -6.0 4.02e+03    -  2.44e-06 1.42e-06h  1
 958  2.1648583e+01 3.09e+01 2.11e+05  -6.0 5.89e+03    -  7.14e-03 1.39e-06f  1
 959  2.1579403e+01 3.09e+01 1.37e+08  -6.0 1.07e+04    -  5.23e-06 3.85e-03h  1
iter    objective    inf_pr   inf_du lg(mu)  ||d||  lg(rg) alpha_du alpha_pr  ls
 960  2.1568544e+01 3.09e+01 1.37e+08  -6.0 1.42e+04    -  4.88e-03 6.21e-04h  1
 961r 2.1568544e+01 3.09e+01 1.00e+03   1.2 0.00e+00    -  0.00e+00 6.24e-09R  6
 962r 2.1568513e+01 3.09e+01 9.40e+04   1.2 1.57e+04    -  1.17e-05 5.44e-09f  1
 963r 2.1568513e+01 3.09e+01 9.99e+02   1.2 0.00e+00    -  0.00e+00 8.02e-08R  2
 964r 2.1568507e+01 3.09e+01 6.92e+04   1.2 1.64e+04    -  8.28e-06 1.21e-09f  1
 965  2.1568467e+01 3.09e+01 1.72e+03  -6.0 3.18e+03    -  3.72e-05 2.40e-06h  1
 966  2.1568061e+01 3.09e+01 9.47e+03  -6.0 3.91e+03    -  4.65e-06 2.42e-05h  1
 967  2.1567901e+01 3.09e+01 7.00e+04  -6.0 3.95e+03    -  7.94e-03 9.50e-06h  1
 968  2.1567417e+01 3.09e+01 7.02e+04  -6.0 5.20e+03    -  3.83e-05 2.85e-05h  1
 969  2.1567379e+01 3.09e+01 5.40e+05  -6.0 1.50e+04    -  5.69e-03 2.18e-06h  1
iter    objective    inf_pr   inf_du lg(mu)  ||d||  lg(rg) alpha_du alpha_pr  ls
 970  2.1567226e+01 3.09e+01 5.48e+05  -6.0 1.99e+04    -  6.97e-05 9.27e-06h  1
 971  2.1566700e+01 3.09e+01 6.81e+05  -6.0 3.58e+04    -  4.19e-04 3.85e-05h  1
 972  2.1566255e+01 3.09e+01 7.22e+05  -6.0 3.80e+04    -  1.43e-04 3.13e-05f  1
 973  2.1551711e+01 3.09e+01 8.52e+05  -6.0 3.83e+04    -  1.37e-03 1.02e-03h  1
 974  2.1549156e+01 3.09e+01 1.30e+06  -6.0 4.30e+04    -  1.31e-03 1.88e-04h  1
 975  2.1538117e+01 3.08e+01 2.52e+06  -6.0 4.38e+04    -  3.86e-03 8.19e-04h  1
 976  2.1450861e+01 3.08e+01 1.16e+06  -6.0 4.60e+04    -  3.35e-03 6.64e-03h  1
 977  2.1445888e+01 3.07e+01 1.07e+06  -6.0 4.19e+04    -  8.37e-04 1.14e-03h  1
 978r 2.1445888e+01 3.07e+01 1.00e+03   1.2 0.00e+00  -4.3 0.00e+00 3.52e-11R  2
 979r 2.1445837e+01 3.07e+01 1.18e+05   1.2 6.32e+04    -  5.13e-07 9.47e-09f  1
iter    objective    inf_pr   inf_du lg(mu)  ||d||  lg(rg) alpha_du alpha_pr  ls
 980r 2.1445837e+01 3.07e+01 9.99e+02   1.2 0.00e+00    -  0.00e+00 7.48e-09R  6
 981r 2.1445831e+01 3.07e+01 6.84e+04   1.2 1.52e+04    -  8.28e-06 1.22e-09f  1
 982  2.1445788e+01 3.07e+01 1.49e+03  -6.0 3.31e+03    -  3.30e-05 2.61e-06h  1
 983  2.1445427e+01 3.07e+01 7.09e+03  -6.0 4.01e+03    -  4.92e-06 2.19e-05h  1
 984  2.1445260e+01 3.07e+01 9.20e+03  -6.0 4.10e+03    -  5.70e-04 1.03e-05h  1
 985  2.1444883e+01 3.07e+01 8.36e+03  -6.0 4.90e+03    -  3.86e-05 2.36e-05h  1
 986  2.1444879e+01 3.07e+01 2.61e+05  -6.0 1.37e+04    -  3.43e-03 2.44e-07h  2
 987  2.1444678e+01 3.07e+01 2.67e+05  -6.0 2.48e+04    -  6.17e-05 1.33e-05h  1
 988r 2.1444678e+01 3.07e+01 1.00e+03   1.2 0.00e+00    -  0.00e+00 9.13e-09R  6
 989r 2.1444678e+01 3.07e+01 1.09e+04   1.2 1.53e+04    -  1.14e-05 6.97e-12f  1
iter    objective    inf_pr   inf_du lg(mu)  ||d||  lg(rg) alpha_du alpha_pr  ls
 990r 2.1444678e+01 3.07e+01 9.99e+02   1.2 0.00e+00    -  0.00e+00 1.35e-08R  2
 991r 2.1444672e+01 3.07e+01 6.84e+04   1.2 1.54e+04    -  8.27e-06 1.22e-09f  1
 992  2.1444629e+01 3.07e+01 1.49e+03  -6.0 3.32e+03    -  3.29e-05 2.63e-06h  1
 993  2.1444273e+01 3.07e+01 6.95e+03  -6.0 4.02e+03    -  4.94e-06 2.16e-05h  1
 994  2.1444105e+01 3.07e+01 9.43e+03  -6.0 4.10e+03    -  6.63e-04 1.03e-05h  1
 995  2.1443729e+01 3.07e+01 8.47e+03  -6.0 4.92e+03    -  3.80e-05 2.35e-05h  1
 996  2.1443724e+01 3.07e+01 2.78e+05  -6.0 1.30e+04    -  3.86e-03 3.07e-07h  2
 997  2.1443526e+01 3.07e+01 2.85e+05  -6.0 2.48e+04    -  6.13e-05 1.32e-05h  1
 998r 2.1443526e+01 3.07e+01 1.00e+03   1.2 0.00e+00    -  0.00e+00 1.14e-08R  6
 999r 2.1443526e+01 3.07e+01 9.70e+03   1.2 1.53e+04    -  1.29e-05 7.89e-12f  1
iter    objective    inf_pr   inf_du lg(mu)  ||d||  lg(rg) alpha_du alpha_pr  ls
1000r 2.1443526e+01 3.07e+01 9.99e+02   1.2 0.00e+00    -  0.00e+00 1.40e-08R  2

Number of Iterations....: 1000

                                   (scaled)                 (unscaled)
Objective...............:   1.6752754830281386e+01    2.1443526182760174e+01
Dual infeasibility......:   1.0100000000000000e+02    1.2928000000000000e+02
Constraint violation....:   1.6491930916941481e+01    3.0736302287748412e+01
Complementarity.........:   1.0000000000000004e+04    1.2800000000000005e+04
Overall NLP error.......:   1.0000000000000004e+04    1.2800000000000005e+04


Number of objective function evaluations             = 1583
Number of objective gradient evaluations             = 875
Number of equality constraint evaluations            = 1583
Number of inequality constraint evaluations          = 1583
Number of equality constraint Jacobian evaluations   = 1134
Number of inequality constraint Jacobian evaluations = 1134
Number of Lagrangian Hessian evaluations             = 1000
Total CPU secs in IPOPT (w/o function evaluations)   =   1041.941
Total CPU secs in NLP function evaluations           =     36.908

EXIT: Maximum Number of Iterations Exceeded.
