
List of user-set options:

                                    Name   Value                used
                           compl_inf_tol = 1                     yes
                         constr_viol_tol = 1                     yes
                            dual_inf_tol = 1000                  yes
                           linear_solver = ma97                  yes
                              ma86_small = 1e-30                  no
                                  ma86_u = 0.0001                 no
                              ma97_order = best                  yes
                              ma97_small = 1e-30                 yes
                            ma97_switch1 = at_start              yes
                            ma97_switch2 = od_hd_reuse           yes
                                  ma97_u = 1e-06                 yes
                               ma97_umax = 0.5                   yes
                                max_iter = 1000                  yes
                    max_refinement_steps = 20                    yes
                    min_refinement_steps = 5                     yes
                                 mu_init = 1e-06                 yes
           mu_superlinear_decrease_power = 1.25                  yes
                   nlp_scaling_min_value = 1e-08                 yes
                        option_file_name = Preset_Case_687_pf.opt  yes
                             output_file = ./tmp/Preset_Case_687_pf.output  yes
                      print_user_options = yes                   yes
        required_infeasibility_reduction = 1                      no
                                     tol = 1e-08                 yes
                   warm_start_bound_frac = 1e-20                 yes
                   warm_start_bound_push = 1e-20                 yes
                   warm_start_init_point = yes                   yes
              warm_start_mult_bound_push = 1e-20                 yes
                warm_start_mult_init_max = 1e+40                 yes
             warm_start_slack_bound_frac = 1e-20                 yes
             warm_start_slack_bound_push = 1e-20                 yes

******************************************************************************
This program contains Ipopt, a library for large-scale nonlinear optimization.
 Ipopt is released as open source code under the Eclipse Public License (EPL).
         For more information visit http://projects.coin-or.org/Ipopt
******************************************************************************

This is Ipopt version 3.12.10, running with linear solver ma97.

Number of nonzeros in equality constraint Jacobian...:   123442
Number of nonzeros in inequality constraint Jacobian.:      213
Number of nonzeros in Lagrangian Hessian.............:    49069

Total number of variables............................:    31591
                     variables with only lower bounds:    12912
                variables with lower and upper bounds:    15130
                     variables with only upper bounds:        0
Total number of equality constraints.................:    31483
Total number of inequality constraints...............:       25
        inequality constraints with only lower bounds:        4
   inequality constraints with lower and upper bounds:        0
        inequality constraints with only upper bounds:       21

iter    objective    inf_pr   inf_du lg(mu)  ||d||  lg(rg) alpha_du alpha_pr  ls
   0 -4.9440203e+00 4.33e-03 1.02e+00  -6.0 0.00e+00    -  0.00e+00 0.00e+00   0
   1 -4.9625058e+00 9.36e+00 4.85e+01  -6.0 9.06e+05    -  3.50e-05 5.21e-04h  1
   2 -4.9624551e+00 9.36e+00 4.85e+01  -6.0 1.18e+03    -  1.12e-04 3.76e-05h  1
   3 -4.9577885e+00 9.33e+00 2.24e+02  -6.0 2.46e+03    -  1.16e-04 2.76e-03h  1
   4 -4.9548972e+00 9.31e+00 2.34e+02  -6.0 1.20e+03    -  1.97e-01 2.09e-03h  1
   5 -4.9478836e+00 9.26e+00 2.39e+02  -6.0 1.07e+03    -  2.47e-03 4.96e-03h  4
   6 -4.9440246e+00 9.24e+00 2.27e+02  -6.0 1.08e+03    -  1.29e-02 2.85e-03h  7
   7 -4.9435349e+00 9.23e+00 2.28e+02  -6.0 1.07e+03    -  1.96e-02 3.65e-04h 10
   8 -4.9432827e+00 9.23e+00 2.32e+02  -6.0 1.07e+03    -  5.46e-02 1.88e-04h 11
   9 -4.9432141e+00 9.23e+00 2.33e+02  -6.0 1.05e+03    -  1.22e-02 5.12e-05h 13
iter    objective    inf_pr   inf_du lg(mu)  ||d||  lg(rg) alpha_du alpha_pr  ls
  10 -4.6566534e+00 7.27e+00 6.60e+04  -6.0 1.04e+03    -  3.45e-01 2.14e-01h  1
  11 -4.6152678e+00 6.58e+00 5.57e+04  -6.0 8.41e+02    -  2.47e-01 9.40e-02h  1
  12 -4.6499941e+00 3.15e+00 1.76e+05  -6.0 7.61e+02    -  1.03e-01 6.72e-01H  1
  13 -4.7035588e+00 2.77e+00 1.57e+05  -6.0 7.92e+03    -  1.65e-03 1.20e-01H  1
  14 -4.8833412e+00 1.56e+00 1.19e+05  -6.0 3.31e+02    -  3.62e-01 4.50e-01h  1
  15 -5.0040979e+00 9.44e-01 7.99e+04  -6.0 2.24e+02    -  4.74e-01 5.26e-01h  1
  16 -5.0606941e+00 4.86e-01 4.06e+04  -6.0 1.45e+02    -  2.06e-01 5.37e-01h  1
  17 -5.0777977e+00 3.40e-01 2.42e+04  -6.0 4.81e+01  -4.0 4.60e-02 3.78e-01h  1
  18 -5.0926385e+00 2.42e-02 1.30e+03  -6.0 2.46e+00  -4.5 1.00e+00 9.39e-01h  1
  19 -5.0994663e+00 6.07e-01 1.07e+03  -6.0 1.37e+02    -  2.74e-01 4.70e-01h  1
iter    objective    inf_pr   inf_du lg(mu)  ||d||  lg(rg) alpha_du alpha_pr  ls
  20 -5.0962070e+00 1.94e-01 2.18e+02  -6.0 2.64e+01  -5.0 6.86e-01 9.32e-01h  1
  21 -5.0956880e+00 1.73e-03 4.10e-01  -6.0 1.62e+00  -3.6 7.96e-01 1.00e+00h  1
  22 -5.1014805e+00 5.39e+01 1.53e+02  -6.0 1.99e+03    -  2.52e-02 8.68e-01h  1
  23 -5.0990179e+00 4.04e+01 6.41e+05  -6.0 8.22e+00  -4.1 7.96e-02 2.50e-01h  3
  24 -5.0989894e+00 4.03e+01 9.34e+05  -6.0 6.17e+00  -4.6 2.50e-01 3.91e-03h  9
  25 -5.0989828e+00 4.02e+01 9.33e+05  -6.0 6.51e+00  -5.1 4.77e-01 9.77e-04h 11
  26 -5.0989794e+00 4.02e+01 9.32e+05  -6.0 9.43e+01  -5.5 2.06e-01 2.69e-04h 11
  27 -5.0989792e+00 4.02e+01 9.32e+05  -6.0 7.07e+00  -5.1 1.00e+00 3.05e-05h 16
  28 -5.0918335e+00 3.15e-02 4.08e+02  -6.0 6.13e+00  -4.7 9.27e-01 1.00e+00h  1
  29 -5.0926097e+00 2.03e-02 2.93e+02  -6.0 1.01e+01  -5.2 9.91e-01 3.57e-01h  1
iter    objective    inf_pr   inf_du lg(mu)  ||d||  lg(rg) alpha_du alpha_pr  ls
  30 -5.0964481e+00 5.16e-02 2.17e+02  -6.0 2.26e+01  -5.6 1.00e+00 1.00e+00f  1
  31 -5.0997855e+00 5.46e-02 1.62e+02  -6.0 5.17e+01  -6.1 1.00e+00 4.30e-01h  1
  32 -5.1040418e+00 6.53e-02 1.25e+02  -6.0 9.44e+01  -6.6 1.00e+00 2.75e-01h  1
  33 -5.1121595e+00 2.66e-01 1.08e+02  -6.0 1.38e+02  -7.1 5.08e-01 5.81e-01h  1
  34 -5.1147538e+00 2.68e-01 9.76e+01  -6.0 2.06e+02  -7.5 7.92e-01 1.60e-01h  1
  35 -5.1194134e+00 3.55e-01 1.74e+03  -6.0 2.02e+02  -8.0 1.00e+00 5.38e-01h  1
  36 -5.1231134e+00 1.41e+00 1.67e+03  -6.0 5.22e+02  -8.5 6.83e-01 4.86e-01h  1
  37 -5.1279466e+00 1.08e+00 8.14e+01  -6.0 2.35e+02  -8.1 1.00e+00 1.00e+00h  1
  38 -5.1304088e+00 6.33e-01 4.19e+03  -6.0 9.42e+01  -7.6 6.15e-01 4.42e-01h  1
  39 -5.1347968e+00 1.67e+01 3.62e+04  -6.0 1.06e+03  -8.1 1.31e-01 8.68e-01h  1
iter    objective    inf_pr   inf_du lg(mu)  ||d||  lg(rg) alpha_du alpha_pr  ls
  40 -5.1354191e+00 1.34e+01 2.81e+04  -6.0 9.44e+02    -  1.90e-01 1.95e-01h  1
  41 -5.1354484e+00 1.34e+01 2.92e+04  -6.0 7.18e+02    -  5.35e-05 3.93e-03h  1
  42 -5.1388681e+00 4.97e+00 5.30e+04  -6.0 7.04e+02    -  3.03e-01 7.86e-01f  1
  43 -5.1387559e+00 3.13e+00 2.18e+05  -6.0 3.58e+01  -6.8 4.02e-02 3.70e-01h  1
  44 -5.1411699e+00 1.69e+00 1.17e+05  -6.0 9.28e+01  -7.3 6.64e-02 4.63e-01h  1
  45 -5.1459164e+00 8.81e-01 5.29e+04  -6.0 9.92e+02    -  3.98e-01 5.51e-01h  1
  46 -5.1485825e+00 8.82e-01 4.30e+04  -6.0 1.82e+03    -  5.55e-01 1.89e-01h  1
  47 -5.1516155e+00 1.05e+00 3.70e+04  -6.0 3.50e+03    -  2.40e-01 1.39e-01h  1
  48 -5.1512960e+00 1.03e+00 3.66e+04  -6.0 2.27e+04    -  1.78e-03 1.18e-02h  1
  49 -5.1534022e+00 1.39e+00 3.10e+04  -6.0 4.24e+03    -  9.43e-04 1.53e-01h  1
iter    objective    inf_pr   inf_du lg(mu)  ||d||  lg(rg) alpha_du alpha_pr  ls
  50 -5.1567397e+00 1.63e+00 2.57e+04  -6.0 3.31e+03    -  1.30e-01 1.70e-01h  1
  51 -5.1671862e+00 1.53e+00 4.83e+03  -6.0 2.29e+02  -7.7 6.86e-01 1.00e+00h  1
  52 -5.1692144e+00 1.27e+00 1.49e+04  -6.0 3.23e+02  -8.2 5.28e-01 2.17e-01h  1
  53 -5.1730418e+00 1.02e+00 4.30e+02  -6.0 1.36e+03  -8.7 9.82e-02 2.65e-01h  1
  54 -5.1846984e+00 1.07e+00 4.98e+04  -6.0 4.91e+02  -8.3 3.53e-01 8.31e-01h  1
  55 -5.1849584e+00 1.06e+00 9.31e+04  -6.0 1.58e+02  -6.9 2.81e-02 1.42e-02h  1
  56 -5.1849759e+00 1.05e+00 9.26e+04  -6.0 5.05e+02  -7.4 6.58e-03 5.30e-04h  1
  57 -5.1860237e+00 1.01e+00 6.93e+04  -6.0 2.37e+02  -7.0 5.94e-02 4.62e-02f  1
  58 -5.1883805e+00 9.01e-01 1.04e+05  -6.0 2.25e+02  -7.5 5.66e-02 1.32e-01h  1
  59 -5.1891331e+00 8.70e-01 7.69e+04  -6.0 3.32e+02  -8.0 9.58e-02 3.65e-02h  1
iter    objective    inf_pr   inf_du lg(mu)  ||d||  lg(rg) alpha_du alpha_pr  ls
  60 -5.1891693e+00 8.68e-01 2.23e+05  -6.0 1.85e+02  -5.7 3.83e-02 2.21e-03h  1
  61 -5.1847741e+00 8.50e-01 7.95e+05  -6.0 3.57e+02  -6.2 3.59e-03 2.19e-01h  1
  62 -5.1871488e+00 6.58e-01 5.37e+05  -6.0 2.72e+01  -5.8 2.42e-02 3.16e-01h  1
  63 -5.1886534e+00 6.18e-01 4.66e+05  -6.0 1.09e+02  -6.2 1.00e+00 1.44e-01h  1
  64 -5.1890238e+00 5.59e-01 4.19e+05  -6.0 2.11e+01  -5.8 6.10e-01 1.04e-01h  1
  65 -5.1968168e+00 2.51e-01 2.13e+03  -6.0 9.45e+01  -6.3 1.00e+00 1.00e+00h  1
  66 -5.2044381e+00 4.96e-01 3.53e+02  -6.0 1.53e+02  -6.8 1.00e+00 8.31e-01h  1
  67 -5.2168009e+00 1.11e+00 1.89e+02  -6.0 3.17e+02  -7.3 1.00e+00 5.66e-01h  1
  68 -5.2160677e+00 3.62e-02 1.92e+02  -6.0 3.01e+01  -5.9 2.14e-04 1.00e+00h  1
  69 -5.2161064e+00 1.38e-02 5.37e-01  -6.0 3.72e+00  -5.5 1.00e+00 1.00e+00h  1
iter    objective    inf_pr   inf_du lg(mu)  ||d||  lg(rg) alpha_du alpha_pr  ls
  70 -5.2161746e+00 2.15e-03 1.02e-01  -6.0 1.37e+00  -5.1 1.00e+00 1.00e+00h  1
  71 -5.2164137e+00 9.28e-02 4.14e+00  -6.0 4.29e+00  -5.6 1.00e+00 1.00e+00h  1
  72 -5.2165683e+00 3.78e-02 1.78e+00  -6.0 1.75e+00  -5.1 1.00e+00 1.00e+00h  1
  73 -5.2166556e+00 7.74e-03 3.67e-01  -6.0 6.79e-01  -4.7 1.00e+00 1.00e+00h  1
  74 -5.2170114e+00 2.56e-01 1.14e+01  -6.0 3.40e+00  -5.2 1.00e+00 1.00e+00h  1
  75 -5.2174358e+00 4.83e-02 2.50e+00  -6.0 1.53e+00  -4.8 1.00e+00 1.00e+00h  1
  76 -5.2185992e+00 6.27e-01 2.86e+01  -6.0 8.83e+00  -5.2 8.88e-02 6.27e-01h  1
  77 -5.2185769e+00 5.72e-01 8.78e+04  -6.0 6.04e+00  -5.7 1.00e+00 7.30e-02h  1
  78 -5.2261300e+00 3.01e+01 4.96e+04  -6.0 2.03e+04    -  9.23e-03 5.50e-02h  1
  79 -5.2287224e+00 3.48e+01 6.31e+04  -6.0 2.15e+04    -  4.09e-02 2.29e-02h  1
iter    objective    inf_pr   inf_du lg(mu)  ||d||  lg(rg) alpha_du alpha_pr  ls
  80 -5.2320445e+00 2.24e+01 3.98e+04  -6.0 9.24e+02  -6.2 7.85e-07 4.59e-01h  1
  81 -5.2330942e+00 2.02e+01 5.68e+03  -6.0 8.12e+01  -6.7 1.96e-01 9.62e-02h  1
  82r-5.2330942e+00 2.02e+01 1.00e+03   1.2 0.00e+00  -7.1 0.00e+00 2.75e-07R  2
  83r-5.2503369e+00 2.02e+01 1.00e+03   1.2 7.79e+04    -  2.38e-08 1.31e-07f  1
  84 -5.2485638e+00 1.82e+01 4.58e+04  -6.0 1.53e+01    -  2.18e-06 9.99e-02h  1
  85 -5.2439689e+00 1.29e+01 3.24e+04  -6.0 1.37e+01    -  7.67e-04 2.93e-01h  1
  86 -5.2427495e+00 1.15e+01 2.89e+04  -6.0 9.82e+00    -  4.11e-01 1.09e-01h  1
  87 -5.2383419e+00 6.40e+00 1.61e+04  -6.0 8.32e+00    -  2.14e-01 4.42e-01h  1
  88 -5.2348353e+00 2.36e+00 5.95e+03  -6.0 4.57e+00    -  8.25e-01 6.31e-01h  1
  89 -5.2329961e+00 5.63e-04 4.88e+00  -6.0 1.20e+00    -  9.34e-01 1.00e+00h  1
iter    objective    inf_pr   inf_du lg(mu)  ||d||  lg(rg) alpha_du alpha_pr  ls
  90 -5.2335809e+00 1.50e-02 4.24e+00  -6.0 9.09e+00    -  7.14e-01 4.02e-01h  1
  91 -5.2360220e+00 1.94e-01 1.67e+01  -6.0 2.61e+01    -  9.40e-01 1.00e+00f  1
  92 -5.2393540e+00 4.21e-01 2.29e+01  -6.0 7.92e+02    -  2.71e-01 8.51e-02h  1
  93 -5.2445670e+00 3.27e-01 1.51e+01  -6.0 3.81e+02    -  2.73e-01 3.35e-01h  1
  94 -5.2502113e+00 7.00e-01 1.24e+01  -6.0 3.84e+02    -  1.94e-01 8.50e-01h  1
  95 -5.2509639e+00 6.29e-01 8.41e+00  -6.0 2.82e+02    -  7.95e-01 2.63e-01h  1
  96 -5.2557481e+00 4.02e+00 7.15e+04  -6.0 1.11e+03    -  2.29e-01 9.45e-01H  1
  97 -5.2560090e+00 2.75e+00 2.50e+01  -6.0 3.88e+02  -7.6 3.79e-03 1.00e+00h  1
  98 -5.2578960e+00 6.48e+00 2.98e+01  -6.0 5.76e+02    -  6.24e-01 1.00e+00h  1
  99 -5.2587244e+00 1.76e+00 3.72e+03  -6.0 1.14e+03    -  5.04e-02 7.86e-01H  1
iter    objective    inf_pr   inf_du lg(mu)  ||d||  lg(rg) alpha_du alpha_pr  ls
 100 -5.2585646e+00 1.19e-01 4.73e+00  -6.0 1.10e+02  -8.1 9.84e-01 1.00e+00h  1
 101 -5.2590575e+00 3.38e+00 2.31e+01  -6.0 4.18e+03    -  3.14e-01 1.04e-01h  3
 102 -5.2594231e+00 6.32e+00 4.11e+01  -6.0 4.59e+03    -  4.46e-01 9.22e-02h  3
 103 -5.2597313e+00 7.02e+00 3.69e+01  -6.0 2.54e+03    -  9.38e-02 1.53e-01h  3
 104 -5.2600607e+00 8.06e+00 5.68e+01  -6.0 2.85e+03    -  9.49e-01 1.44e-01h  3
 105 -5.2609076e+00 1.87e+00 1.08e+03  -6.0 1.56e+03    -  1.19e-01 1.00e+00H  1
 106 -5.2612742e+00 5.19e+01 4.00e+02  -6.0 2.61e+03    -  5.65e-01 6.31e-01h  1
 107 -5.2614895e+00 6.54e+00 1.97e+03  -6.0 5.05e+02    -  1.18e-02 1.00e+00h  1
 108 -5.2611997e+00 3.96e+00 1.50e+02  -6.0 4.36e+02    -  1.00e+00 9.24e-01h  1
 109 -5.2611211e+00 1.14e+00 1.12e+00  -6.0 2.34e+02    -  1.00e+00 1.00e+00h  1
iter    objective    inf_pr   inf_du lg(mu)  ||d||  lg(rg) alpha_du alpha_pr  ls
 110 -5.2611099e+00 1.41e-01 6.04e-02  -6.0 8.30e+01    -  1.00e+00 1.00e+00h  1
 111 -5.2611067e+00 4.78e-03 1.11e-02  -6.0 1.52e+01    -  1.00e+00 1.00e+00h  1
 112 -5.2611061e+00 3.06e-04 7.57e-04  -6.0 3.83e+00    -  1.00e+00 1.00e+00h  1
 113 -5.2611060e+00 1.81e-06 4.38e-06  -6.0 2.94e-01    -  1.00e+00 1.00e+00h  1
 114 -5.2613453e+00 8.03e+00 3.59e+01  -7.5 9.49e+02    -  4.99e-01 6.22e-01h  1
 115 -5.2613488e+00 3.11e+00 3.78e+00  -7.5 3.79e+02    -  8.51e-01 8.36e-01h  1
 116 -5.2613305e+00 2.33e-01 9.75e-02  -7.5 9.82e+01    -  1.00e+00 1.00e+00h  1
 117 -5.2613292e+00 3.08e-05 5.42e-05  -7.5 1.23e+00    -  1.00e+00 1.00e+00h  1
 118 -5.2613292e+00 2.64e-07 2.34e-06  -7.5 1.11e-01    -  1.00e+00 1.00e+00h  1
 119 -5.2613292e+00 2.84e-10 6.80e-10  -7.5 1.90e-03    -  1.00e+00 1.00e+00h  1
iter    objective    inf_pr   inf_du lg(mu)  ||d||  lg(rg) alpha_du alpha_pr  ls
 120 -5.2613310e+00 2.09e-02 9.78e-01  -9.0 3.66e+01    -  9.31e-01 8.25e-01h  1
 121 -5.2613313e+00 1.11e-03 7.06e-04  -9.0 6.93e+00    -  1.00e+00 1.00e+00h  1
 122 -5.2613313e+00 6.76e-08 5.08e-07  -9.0 5.61e-02    -  1.00e+00 1.00e+00h  1
 123 -5.2613313e+00 1.43e-10 1.65e-10  -9.0 7.51e-04    -  1.00e+00 1.00e+00h  1

Number of Iterations....: 123

                                   (scaled)                 (unscaled)
Objective...............:  -4.1104150602156864e+00   -5.2613312770760787e+00
Dual infeasibility......:   1.6500027384551212e-10    2.1120035052225551e-10
Constraint violation....:   1.4299842213127967e-10    1.4299842213127967e-10
Complementarity.........:   9.3359555335002315e-10    1.1950023082880296e-09
Overall NLP error.......:   9.3359555335002315e-10    1.1950023082880296e-09


Number of objective function evaluations             = 240
Number of objective gradient evaluations             = 124
Number of equality constraint evaluations            = 240
Number of inequality constraint evaluations          = 240
Number of equality constraint Jacobian evaluations   = 125
Number of inequality constraint Jacobian evaluations = 125
Number of Lagrangian Hessian evaluations             = 123
Total CPU secs in IPOPT (w/o function evaluations)   =    333.595
Total CPU secs in NLP function evaluations           =      5.588

EXIT: Optimal Solution Found.
