
List of user-set options:

                                    Name   Value                used
                           compl_inf_tol = 1                     yes
                         constr_viol_tol = 1                     yes
                            dual_inf_tol = 1000                  yes
                           linear_solver = ma97                  yes
                              ma86_small = 1e-30                  no
                                  ma86_u = 0.0001                 no
                              ma97_order = best                  yes
                              ma97_small = 1e-30                 yes
                            ma97_switch1 = at_start              yes
                            ma97_switch2 = od_hd_reuse           yes
                                  ma97_u = 1e-06                 yes
                               ma97_umax = 0.5                   yes
                                max_iter = 1000                  yes
                    max_refinement_steps = 20                    yes
                    min_refinement_steps = 5                     yes
                                 mu_init = 1e-06                 yes
           mu_superlinear_decrease_power = 1.25                  yes
                   nlp_scaling_min_value = 1e-08                 yes
                        option_file_name = Preset_Case:_4_pf.opt  yes
                             output_file = ./tmp/Preset_Case:_4_pf.output  yes
                      print_user_options = yes                   yes
        required_infeasibility_reduction = 1                      no
                                     tol = 1e-08                 yes
                   warm_start_bound_frac = 1e-20                 yes
                   warm_start_bound_push = 1e-20                 yes
                   warm_start_init_point = yes                   yes
              warm_start_mult_bound_push = 1e-20                 yes
                warm_start_mult_init_max = 1e+40                 yes
             warm_start_slack_bound_frac = 1e-20                 yes
             warm_start_slack_bound_push = 1e-20                 yes

******************************************************************************
This program contains Ipopt, a library for large-scale nonlinear optimization.
 Ipopt is released as open source code under the Eclipse Public License (EPL).
         For more information visit http://projects.coin-or.org/Ipopt
******************************************************************************

This is Ipopt version 3.12.10, running with linear solver ma97.

Number of nonzeros in equality constraint Jacobian...:   123421
Number of nonzeros in inequality constraint Jacobian.:      213
Number of nonzeros in Lagrangian Hessian.............:    49047

Total number of variables............................:    31589
                     variables with only lower bounds:    12912
                variables with lower and upper bounds:    15128
                     variables with only upper bounds:        0
Total number of equality constraints.................:    31483
Total number of inequality constraints...............:       25
        inequality constraints with only lower bounds:        4
   inequality constraints with lower and upper bounds:        0
        inequality constraints with only upper bounds:       21

iter    objective    inf_pr   inf_du lg(mu)  ||d||  lg(rg) alpha_du alpha_pr  ls
   0 -6.0975217e+00 4.03e-03 8.19e-08  -6.0 0.00e+00    -  0.00e+00 0.00e+00   0
   1 -6.0975216e+00 3.35e-03 3.96e+01  -6.0 7.92e+02    -  1.77e-01 1.72e-03h  1
   2 -6.0975097e+00 6.01e-01 2.46e+01  -6.0 8.25e+02    -  1.25e-01 2.06e-01f  1
   3 -6.0974051e+00 2.09e+01 1.08e+02  -6.0 2.76e+03    -  4.63e-01 5.48e-01F  1
   4 -6.0973370e+00 2.34e+00 2.68e+00  -6.0 3.82e+02    -  1.00e+00 9.79e-01h  1
   5 -6.0973005e+00 1.56e+00 6.68e-01  -6.0 2.89e+02    -  1.00e+00 9.88e-01h  1
   6 -6.0973021e+00 3.02e-01 1.06e-01  -6.0 1.25e+02    -  1.00e+00 1.00e+00h  1
   7 -6.0973016e+00 5.90e-06 1.88e-02  -6.0 1.74e-01  -4.0 8.04e-01 1.00e+00h  1
   8 -6.0973014e+00 4.01e-03 2.89e-04  -6.0 8.11e+00    -  1.00e+00 1.00e+00h  1
   9 -6.0973014e+00 2.83e-10 1.34e-07  -6.0 4.01e-03  -4.5 1.00e+00 1.00e+00h  1
iter    objective    inf_pr   inf_du lg(mu)  ||d||  lg(rg) alpha_du alpha_pr  ls
  10 -6.0973641e+00 2.97e+00 2.55e+01  -7.5 2.87e+03    -  5.02e-02 1.38e-01f  1
  11 -6.0974073e+00 2.64e+00 1.34e+02  -7.5 7.48e+02    -  7.25e-01 1.62e-01h  1
  12 -6.0974164e+00 4.91e+00 1.30e+02  -7.5 1.60e+04    -  1.81e-02 2.18e-02h  1
  13 -6.0974178e+00 4.88e+00 1.80e+02  -7.5 7.51e+02    -  6.93e-01 7.05e-03h  1
  14 -6.0975543e+00 5.96e+00 4.26e+01  -7.5 8.03e+02    -  5.44e-01 7.39e-01h  1
  15 -6.0975261e+00 8.53e-01 4.88e+00  -7.5 2.11e+02    -  1.00e+00 9.42e-01h  1
  16 -6.0975199e+00 6.10e-01 3.62e+00  -7.5 7.42e+01    -  5.09e-01 1.00e+00h  1
  17 -6.0975197e+00 1.70e-03 4.75e-04  -7.5 9.37e+00    -  1.00e+00 1.00e+00h  1
  18 -6.0975198e+00 2.97e-02 1.57e-03  -7.5 1.70e+01    -  1.00e+00 1.00e+00h  1
  19 -6.0975198e+00 5.08e-04 2.32e-05  -7.5 2.09e+00    -  1.00e+00 1.00e+00h  1
iter    objective    inf_pr   inf_du lg(mu)  ||d||  lg(rg) alpha_du alpha_pr  ls
  20 -6.0975198e+00 1.49e-07 7.11e-09  -7.5 3.61e-02    -  1.00e+00 1.00e+00h  1
  21 -6.0975215e+00 4.34e-02 4.93e-02  -9.0 2.71e+01    -  8.31e-01 8.25e-01h  1
  22 -6.0975217e+00 2.95e-03 9.25e-01  -9.0 6.18e+00    -  8.08e-01 1.00e+00h  1
  23 -6.0975217e+00 5.91e-06 1.26e-06  -9.0 4.27e-01    -  1.00e+00 1.00e+00h  1
  24 -6.0975217e+00 6.58e-07 1.42e-07  -9.0 1.43e-01    -  1.00e+00 1.00e+00h  1
  25 -6.0975217e+00 4.49e-09 9.70e-10  -9.0 1.18e-02    -  1.00e+00 1.00e+00h  1

Number of Iterations....: 25

                                   (scaled)                 (unscaled)
Objective...............:  -4.7636888232552010e+00   -6.0975216937666570e+00
Dual infeasibility......:   9.6953707440229153e-10    1.2410074552349331e-09
Constraint violation....:   4.4882049188288420e-09    4.4882049188288420e-09
Complementarity.........:   9.0951507063101984e-10    1.1641792904077055e-09
Overall NLP error.......:   4.4882049188288420e-09    4.4882049188288420e-09


Number of objective function evaluations             = 27
Number of objective gradient evaluations             = 26
Number of equality constraint evaluations            = 27
Number of inequality constraint evaluations          = 27
Number of equality constraint Jacobian evaluations   = 26
Number of inequality constraint Jacobian evaluations = 26
Number of Lagrangian Hessian evaluations             = 25
Total CPU secs in IPOPT (w/o function evaluations)   =     35.094
Total CPU secs in NLP function evaluations           =      0.668

EXIT: Optimal Solution Found.
