
List of user-set options:

                                    Name   Value                used
                           compl_inf_tol = 1                     yes
                         constr_viol_tol = 1                     yes
                            dual_inf_tol = 1000                  yes
                           linear_solver = ma97                  yes
                              ma86_small = 1e-30                  no
                                  ma86_u = 0.0001                 no
                              ma97_order = best                  yes
                              ma97_small = 1e-30                 yes
                            ma97_switch1 = at_start              yes
                            ma97_switch2 = od_hd_reuse           yes
                                  ma97_u = 1e-06                 yes
                               ma97_umax = 0.5                   yes
                                max_iter = 1000                  yes
                    max_refinement_steps = 20                    yes
                    min_refinement_steps = 5                     yes
                                 mu_init = 1e-06                 yes
           mu_superlinear_decrease_power = 1.25                  yes
                   nlp_scaling_min_value = 1e-08                 yes
                        option_file_name = Preset_Case_501_pf.opt  yes
                             output_file = ./tmp/Preset_Case_501_pf.output  yes
                      print_user_options = yes                   yes
        required_infeasibility_reduction = 1                      no
                                     tol = 1e-08                 yes
                   warm_start_bound_frac = 1e-20                 yes
                   warm_start_bound_push = 1e-20                 yes
                   warm_start_init_point = yes                   yes
              warm_start_mult_bound_push = 1e-20                 yes
                warm_start_mult_init_max = 1e+40                 yes
             warm_start_slack_bound_frac = 1e-20                 yes
             warm_start_slack_bound_push = 1e-20                 yes

******************************************************************************
This program contains Ipopt, a library for large-scale nonlinear optimization.
 Ipopt is released as open source code under the Eclipse Public License (EPL).
         For more information visit http://projects.coin-or.org/Ipopt
******************************************************************************

This is Ipopt version 3.12.10, running with linear solver ma97.

Number of nonzeros in equality constraint Jacobian...:   117284
Number of nonzeros in inequality constraint Jacobian.:      213
Number of nonzeros in Lagrangian Hessian.............:    47506

Total number of variables............................:    30050
                     variables with only lower bounds:    11392
                variables with lower and upper bounds:    15128
                     variables with only upper bounds:        0
Total number of equality constraints.................:    29944
Total number of inequality constraints...............:       25
        inequality constraints with only lower bounds:        4
   inequality constraints with lower and upper bounds:        0
        inequality constraints with only upper bounds:       21

iter    objective    inf_pr   inf_du lg(mu)  ||d||  lg(rg) alpha_du alpha_pr  ls
   0 -1.3220020e+01 2.75e-01 1.01e+02  -6.0 0.00e+00    -  0.00e+00 0.00e+00   0
In iteration 0, 1 Slack too small, adjusting variable bound
   1 -1.3220020e+01 2.75e-01 8.10e+02  -6.0 1.44e+10    -  8.10e-14 8.32e-19h  1
   2 -1.3220026e+01 2.75e-01 8.09e+02  -6.0 7.93e+01    -  7.82e-03 3.16e-05f  1
   3 -1.3220045e+01 2.75e-01 8.02e+02  -6.0 6.79e+01    -  4.11e-02 9.41e-05h  1
   4 -1.3255803e+01 2.55e-01 7.80e+02  -6.0 6.70e+01    -  9.89e-07 7.40e-02f  1
   5r-1.3255803e+01 2.55e-01 9.99e+02  -0.6 0.00e+00    -  0.00e+00 2.72e-07R  4
   6r-1.3255637e+01 2.55e-01 2.53e+03  -0.6 2.63e+03    -  2.79e-06 4.61e-07f  1
   7 -1.3255905e+01 2.54e-01 8.99e+06  -6.0 6.23e+01    -  9.19e-02 1.07e-03h  1
   8 -1.3259863e+01 2.52e-01 9.08e+07  -6.0 6.19e+01    -  1.08e-03 1.08e-02h  1
   9 -1.3271509e+01 2.35e-01 8.49e+07  -6.0 6.20e+01    -  1.20e-02 6.52e-02h  1
iter    objective    inf_pr   inf_du lg(mu)  ||d||  lg(rg) alpha_du alpha_pr  ls
  10 -1.3273632e+01 2.33e-01 8.39e+07  -6.0 5.78e+01    -  1.65e-01 1.16e-02h  1
  11 -1.3317369e+01 7.90e-01 6.00e+07  -6.0 5.74e+01    -  1.62e-01 2.86e-01h  1
  12 -1.3289495e+01 7.69e-01 5.70e+07  -6.0 4.08e+01    -  2.98e-01 4.85e-02h  1
  13 -1.3275504e+01 7.52e-01 5.52e+07  -6.0 4.55e+01    -  3.12e-01 3.19e-02h  3
  14 -1.3275216e+01 7.52e-01 5.52e+07  -6.0 6.37e+01    -  3.35e-01 8.14e-04h 10
  15 -1.3275156e+01 7.52e-01 5.52e+07  -6.0 8.88e+01    -  3.56e-01 2.49e-04h 12
  16 -1.3275151e+01 7.52e-01 5.52e+07  -6.0 1.27e+02    -  3.79e-01 2.94e-05h 15
  17 -1.3058798e+01 1.15e+01 5.08e+07  -6.0 2.69e+02    -  7.93e-02 7.93e-02s 19
  18 -1.3056815e+01 1.14e+01 5.05e+07  -6.0 1.64e+02    -  5.93e-03 5.93e-03s 19
  19 -1.2902374e+01 6.36e+00 2.77e+07  -6.0 1.64e+02    -  4.52e-01 4.52e-01s 19
iter    objective    inf_pr   inf_du lg(mu)  ||d||  lg(rg) alpha_du alpha_pr  ls
  20 -1.2849577e+01 6.09e+00 2.65e+07  -6.0 2.29e+02    -  4.31e-02 4.31e-02s 19
  21 -1.2686134e+01 5.27e+00 2.28e+07  -6.0 2.31e+02    -  1.38e-01 1.38e-01s 19
  22 -1.2667164e+01 5.18e+00 2.24e+07  -6.0 2.29e+02    -  1.81e-02 1.81e-02s 19
  23 -1.2404648e+01 3.92e+00 1.67e+07  -6.0 2.29e+02    -  2.53e-01 2.53e-01s 19
  24 -1.2357272e+01 3.71e+00 1.58e+07  -6.0 2.48e+02    -  5.45e-02 5.45e-02s 19
  25 -1.2254927e+01 3.30e+00 1.41e+07  -6.0 3.40e+02    -  1.09e-01 1.09e-01s 19
  26 -1.2076339e+01 2.73e+00 1.17e+07  -6.0 3.92e+02    -  1.72e-01 1.72e-01s 19
  27 -1.1713218e+01 1.72e+00 7.44e+06  -6.0 4.47e+02    -  3.63e-01 3.63e-01s 19
  28r-1.1713218e+01 1.72e+00 1.00e+03  -0.1 0.00e+00    -  0.00e+00 0.00e+00R  1
  29r-1.1702338e+01 1.72e+00 2.30e+03  -0.1 8.57e+03    -  1.18e-05 3.54e-06f  1
iter    objective    inf_pr   inf_du lg(mu)  ||d||  lg(rg) alpha_du alpha_pr  ls
  30r-1.1673654e+01 1.65e+00 1.23e+03  -0.1 3.30e+03    -  8.34e-06 3.50e-05f  1
  31r-1.1657034e+01 1.58e+00 6.06e+03  -0.1 2.21e+03    -  1.38e-04 4.28e-05f  1
  32r-1.1719606e+01 1.24e+00 9.95e+03  -0.1 2.10e+03    -  3.74e-04 2.67e-04f  1
  33r-1.2034151e+01 1.14e+00 1.77e+04  -0.1 1.78e+03    -  1.47e-03 1.01e-03f  1
  34r-1.1761718e+01 9.23e-01 1.42e+04  -0.1 1.26e+03    -  2.18e-03 3.00e-03f  1
  35r-1.1136266e+01 9.73e-01 1.05e+04  -0.1 4.84e+00   2.0 6.32e-03 6.99e-03f  1
  36r-9.0689397e+00 1.35e+00 4.95e+04  -0.1 4.72e+00   1.5 2.55e-02 1.05e-02f  1
  37r-5.8970232e+00 1.97e+00 1.05e+05  -0.1 1.78e+00   1.9 5.51e-02 2.70e-02f  1
  38r-5.0920315e+00 2.34e+00 2.09e+05  -0.1 2.04e+00   1.5 1.50e-01 2.37e-02f  1
  39r-4.1202246e+00 2.90e+00 2.12e+05  -0.1 2.31e+00   1.0 1.02e-01 4.64e-02f  1
iter    objective    inf_pr   inf_du lg(mu)  ||d||  lg(rg) alpha_du alpha_pr  ls
  40r-2.1080262e+00 4.13e+00 1.92e+05  -0.1 2.74e+00   0.5 7.25e-02 1.13e-01f  1
  41r-8.2277202e-01 5.67e+00 1.65e+05  -0.1 3.06e+00   0.0 1.47e-01 1.64e-01f  1
  42r-1.5329924e+00 1.12e+01 9.30e+04  -0.1 1.63e-02   4.1 9.17e-01 7.11e-01f  1
  43r-1.4701931e+00 1.33e+01 1.91e+04  -0.1 3.10e-02   3.6 7.88e-01 1.00e+00f  1
  44r-1.2540643e+00 1.44e+02 7.95e+03  -0.1 1.31e-02   4.0 1.99e-01 9.54e-01f  1
  45r-1.2532657e+00 6.34e+01 9.00e+03  -0.1 7.22e-03   6.3 3.32e-01 6.63e-01f  1
  46r-1.2527916e+00 1.40e+01 1.52e+04  -0.1 4.31e-03   6.7 1.00e+00 1.00e+00f  1
  47r-1.2513443e+00 1.45e+01 2.15e+03  -0.1 4.21e-03   6.2 1.00e+00 1.00e+00F  1
  48r-1.1323400e+00 9.83e+00 4.57e+04  -0.8 1.82e-03   5.7 8.46e-01 1.00e+00f  1
  49r-8.9039221e-01 5.83e+00 1.99e+04  -0.8 3.15e-03   5.3 7.24e-01 5.64e-01f  1
iter    objective    inf_pr   inf_du lg(mu)  ||d||  lg(rg) alpha_du alpha_pr  ls
  50r-6.8618685e-01 4.06e+00 2.83e+04  -0.8 1.18e-02   4.8 8.97e-01 4.07e-01f  1
  51r-5.4349848e-01 3.10e+00 1.20e+04  -0.8 2.29e-03   5.2 1.00e+00 7.02e-01f  1
  52r-4.8069436e-01 2.96e+00 1.28e+04  -0.8 5.86e-03   4.7 1.00e+00 2.79e-01f  1
  53r-3.0251360e-01 2.77e+00 6.54e+03  -0.8 1.20e-02   4.2 1.00e+00 5.06e-01f  1
  54r-1.6173259e-01 2.72e+00 8.01e+03  -0.8 2.30e-02   3.8 5.40e-01 2.69e-01f  1
  55r 1.0893213e-01 2.68e+00 7.54e+03  -0.8 5.60e-02   3.3 5.54e-01 3.23e-01f  1
  56r 3.2886301e-01 2.63e+00 4.80e+03  -0.8 1.90e-02   3.7 8.39e-01 5.77e-01f  1
  57r 4.7232046e-01 2.62e+00 3.26e+03  -0.8 4.43e-02   3.2 9.25e-02 2.50e-01f  1
  58r 4.7368076e-01 2.62e+00 3.24e+03  -0.8 7.27e-02   3.7 1.39e-03 6.26e-03f  1
  59r 4.7423928e-01 2.62e+00 3.23e+03  -0.8 1.90e-01   4.1 3.41e-04 2.61e-03f  1
iter    objective    inf_pr   inf_du lg(mu)  ||d||  lg(rg) alpha_du alpha_pr  ls
  60r 4.7412336e-01 2.62e+00 3.23e+03  -0.8 9.45e-01   4.5 2.83e-03 1.15e-04f  2
  61r 4.7530372e-01 2.62e+00 2.81e+03  -0.8 9.70e-03   4.9 2.74e-01 1.58e-02h  1
  62r 5.4712540e-01 2.59e+00 5.26e+03  -0.8 3.43e-03   4.5 3.85e-01 1.00e+00f  1
  63r 6.7131988e-01 2.59e+00 5.04e+02  -0.8 9.15e-03   4.0 8.62e-01 1.00e+00f  1
  64r 7.6888504e-01 2.59e+00 1.45e+03  -0.8 2.11e-02   3.5 1.00e+00 4.76e-01f  1
  65r 1.2545656e+00 2.59e+00 1.28e+03  -0.8 3.52e-02   3.0 1.00e+00 1.00e+00f  1
  66r 1.8540032e+00 2.59e+00 2.54e+03  -0.8 4.16e-02   2.6 1.00e+00 8.43e-01f  1
  67r 2.1180605e+00 2.58e+00 5.59e+03  -0.8 7.72e-02   2.1 1.00e+00 1.00e+00f  1
  68r 2.5211850e+00 2.57e+00 5.55e+03  -0.8 3.15e-01   1.6 4.86e-01 2.76e-01f  1
  69r 2.8049840e+00 2.56e+00 8.55e+01  -0.8 8.21e-02   2.0 1.00e+00 1.00e+00f  1
iter    objective    inf_pr   inf_du lg(mu)  ||d||  lg(rg) alpha_du alpha_pr  ls
  70r 2.8450443e+00 2.19e+00 2.29e+04  -1.5 5.11e-01   1.6 3.76e-01 1.73e-01f  1
  71r 2.9215442e+00 1.48e+00 2.53e+04  -1.5 1.46e-01   2.0 5.60e-01 3.98e-01f  1
  72r 2.8748218e+00 1.46e+00 2.59e+04  -1.5 2.66e+00   1.5 7.75e-02 1.53e-02f  1
  73r 3.0116479e+00 8.48e-01 1.67e+04  -1.5 1.24e-01   1.9 7.89e-01 5.78e-01f  1
  74r 3.0357018e+00 7.97e-01 1.48e+04  -1.5 4.64e-01   1.5 1.60e-01 1.13e-01f  1
  75r 3.0727499e+00 4.13e-01 1.05e+03  -1.5 5.98e-03   3.7 1.00e+00 9.73e-01f  1
  76r 3.0871002e+00 4.03e-01 3.52e+01  -1.5 6.18e-03   3.2 1.00e+00 1.00e+00f  1
  77r 3.1145499e+00 4.02e-01 9.65e+01  -1.5 1.95e-02   2.7 1.00e+00 1.00e+00f  1
  78r 3.1158465e+00 4.02e-01 1.01e+01  -1.5 8.73e-04   4.1 1.00e+00 1.00e+00f  1
  79r 3.1196066e+00 4.02e-01 3.09e+02  -1.5 2.72e-03   3.6 1.00e+00 1.00e+00f  1
iter    objective    inf_pr   inf_du lg(mu)  ||d||  lg(rg) alpha_du alpha_pr  ls
  80r 3.1228044e+00 4.02e-01 6.68e+03  -1.5 8.15e-03   3.1 1.00e+00 2.98e-01f  1
  81r 3.1523926e+00 4.01e-01 7.39e+03  -1.5 2.41e-02   2.6 1.00e+00 1.00e+00f  1
  82r 3.1928810e+00 4.00e-01 5.71e+03  -1.5 6.60e-02   2.2 1.00e+00 5.63e-01f  1
  83r 3.2347912e+00 3.99e-01 2.85e+04  -1.5 1.18e-01   1.7 9.70e-01 2.38e-01f  1
  84r 3.3738537e+00 3.95e-01 9.21e+03  -1.5 2.52e-01   1.2 8.74e-01 2.80e-01f  1
  85r 3.5037902e+00 3.89e-01 6.42e+03  -1.5 5.70e-01   0.7 4.35e-02 1.63e-01f  1
  86r 3.6424048e+00 3.85e-01 6.80e+03  -1.5 2.04e-01   1.1 6.70e-01 2.53e-01f  1
  87r 3.6705876e+00 3.84e-01 5.95e+01  -1.5 1.53e-02   2.5 1.00e+00 1.00e+00f  1
  88r 3.7535318e+00 3.82e-01 2.02e+02  -1.5 3.96e-02   2.0 1.00e+00 1.00e+00f  1
  89r 3.9364816e+00 3.76e-01 1.70e+03  -1.5 8.19e-02   1.5 1.00e+00 8.55e-01f  1
iter    objective    inf_pr   inf_du lg(mu)  ||d||  lg(rg) alpha_du alpha_pr  ls
  90r 4.0157331e+00 3.74e-01 7.52e+02  -1.5 2.74e-02   1.9 8.60e-01 1.00e+00f  1
  91r 4.2434635e+00 3.67e-01 1.31e+03  -1.5 6.68e-02   1.5 1.00e+00 1.00e+00f  1
  92r 4.2540686e+00 3.67e-01 4.02e+03  -1.5 5.11e-03   2.8 1.00e+00 1.00e+00f  1
  93r 4.2861560e+00 3.66e-01 8.98e+02  -1.5 8.95e-03   2.3 1.00e+00 1.00e+00f  1
  94r 4.2877103e+00 3.66e-01 1.73e+03  -1.5 4.96e-04   3.7 4.97e-01 1.00e+00h  1
  95r 4.2922167e+00 3.65e-01 2.37e+02  -1.5 1.25e-03   3.2 1.00e+00 1.00e+00h  1
  96r 4.2939418e+00 3.65e-01 1.16e+03  -1.5 3.32e-03   3.6 1.00e+00 1.00e+00H  1
  97r 4.2990333e+00 3.65e-01 5.06e+02  -1.5 1.41e-03   3.1 1.00e+00 1.00e+00h  1
  98r 4.3142213e+00 3.65e-01 2.46e+01  -1.5 4.18e-03   2.6 1.00e+00 1.00e+00f  1
  99r 4.3595579e+00 3.63e-01 1.29e+01  -1.5 1.22e-02   2.2 1.00e+00 1.00e+00f  1
iter    objective    inf_pr   inf_du lg(mu)  ||d||  lg(rg) alpha_du alpha_pr  ls
 100r 4.4934962e+00 3.59e-01 1.20e+01  -1.5 3.41e-02   1.7 1.00e+00 1.00e+00f  1
 101r 4.8740513e+00 3.48e-01 1.14e+01  -1.5 8.35e-02   1.2 1.00e+00 1.00e+00f  1
 102r 5.8292750e+00 3.18e-01 9.41e+01  -1.5 2.13e-01   0.7 1.00e+00 1.00e+00f  1
 103r 7.7876732e+00 2.55e-01 2.13e+03  -1.5 4.87e-01   0.3 1.00e+00 1.00e+00f  1
 104r 9.8158711e+00 5.79e-01 6.22e+03  -1.5 9.48e-01  -0.2 1.00e+00 6.47e-01f  1
 105r 1.1434354e+01 3.34e-01 6.91e+03  -1.5 1.75e+00  -0.7 1.00e+00 4.03e-01f  1
 106r 1.4756909e+01 2.50e-01 1.03e+04  -1.5 2.97e+00  -1.2 8.36e-01 8.25e-01f  1
 107r 1.4777572e+01 2.08e-01 9.62e+03  -1.5 2.97e+02    -  6.39e-02 6.58e-02f  1
 108r 1.4922420e+01 1.09e+00 9.10e+03  -1.5 1.20e+02    -  1.20e-01 9.61e-02f  1
 109r 1.5175030e+01 8.17e-01 7.94e+03  -1.5 1.08e+02    -  9.39e-02 1.89e-01f  1
iter    objective    inf_pr   inf_du lg(mu)  ||d||  lg(rg) alpha_du alpha_pr  ls
 110r 1.5910463e+01 3.64e-02 9.20e+02  -1.5 8.75e-01  -0.7 1.00e+00 1.00e+00f  1
 111r 1.6230454e+01 1.59e-01 1.29e+03  -1.5 1.54e+00  -1.2 1.00e+00 1.00e+00f  1
 112r 1.6250732e+01 4.85e-01 7.25e+02  -1.5 5.21e-01  -0.8 5.02e-01 5.31e-01f  1
 113r 1.6266822e+01 4.11e-02 9.62e+01  -1.5 1.99e-01  -0.4 1.00e+00 1.00e+00f  1
 114r 1.6269684e+01 3.48e-01 8.29e+02  -1.5 5.35e-01  -0.8 5.15e-01 2.31e-01f  1
 115r 1.6277098e+01 8.25e-02 1.61e+02  -1.5 2.03e-01  -0.4 1.00e+00 1.00e+00f  1
 116r 1.6280753e+01 3.29e-02 4.26e+01  -1.5 5.47e-01  -0.9 1.00e+00 1.00e+00f  1
 117r 1.6274101e+01 3.60e-01 1.26e+03  -1.5 8.58e+01    -  7.18e-01 4.91e-01f  1
 118r 1.6289184e+01 5.95e-01 3.59e+02  -1.5 1.57e+02    -  1.00e+00 1.00e+00f  1
 119r 1.6287952e+01 7.54e-02 5.13e+00  -1.5 4.73e+01    -  1.00e+00 1.00e+00h  1
iter    objective    inf_pr   inf_du lg(mu)  ||d||  lg(rg) alpha_du alpha_pr  ls
 120r 1.3965417e+01 5.79e-01 1.97e+03  -2.2 9.33e+01    -  2.97e-01 3.96e-01f  1
 121r 1.3765178e+01 5.80e-01 1.81e+03  -2.2 3.99e+00  -1.4 3.96e-01 4.42e-01f  1
 122r 1.3734035e+01 1.99e+00 1.39e+03  -2.2 1.75e+00  -0.9 5.39e-02 3.53e-02f  1
 123r 1.2854075e+01 1.43e+00 7.24e+03  -2.2 4.11e+00  -1.4 3.95e-01 7.67e-01f  1
 124r 1.2445580e+01 8.33e-01 6.67e+03  -2.2 1.39e+00  -1.0 2.63e-01 4.71e-01f  1
 125r 1.2011667e+01 6.40e-01 6.01e+03  -2.2 3.24e+00  -1.5 1.44e-01 2.36e-01f  1
 126r 1.1710567e+01 3.41e-01 2.55e+03  -2.2 1.59e+02    -  1.00e+00 4.67e-01f  1
 127r 1.1363295e+01 1.75e-01 1.54e+03  -2.2 7.01e+01    -  2.45e-01 4.87e-01f  1
 128r 1.1096869e+01 1.04e-01 4.39e+02  -2.2 4.38e+01    -  6.13e-01 7.83e-01f  1
 129r 1.0866873e+01 1.00e-01 3.48e+02  -2.2 3.51e+01    -  6.64e-01 1.00e+00f  1
iter    objective    inf_pr   inf_du lg(mu)  ||d||  lg(rg) alpha_du alpha_pr  ls
 130r 1.0974441e+01 3.60e-02 2.04e+01  -2.2 1.76e+01    -  1.00e+00 1.00e+00f  1
 131  1.0955661e+01 3.60e-02 4.93e+02  -6.0 2.24e+03    -  6.79e-02 1.55e-03h  1
 132  1.0435674e+01 3.36e+00 1.66e+04  -6.0 7.72e+03    -  2.17e-02 4.41e-02f  1
 133  1.0156191e+01 3.22e+00 1.80e+04  -6.0 1.07e+04    -  1.05e-02 2.25e-02h  1
 134  1.0124967e+01 3.23e+00 1.79e+04  -6.0 1.32e+04    -  4.26e-02 2.31e-03h  1
 135  9.7506293e+00 5.75e+00 1.92e+04  -6.0 1.35e+04    -  4.01e-02 2.73e-02h  1
 136  9.7506241e+00 5.75e+00 2.21e+04  -6.0 1.19e+04    -  5.40e-02 4.14e-07h  2
 137  8.9536136e+00 1.65e+01 3.10e+04  -6.0 1.19e+04    -  6.94e-02 6.31e-02h  1
 138r 8.9536136e+00 1.65e+01 1.00e+03   1.1 0.00e+00   2.0 0.00e+00 2.30e-08R  2
 139r 8.9538421e+00 1.65e+01 5.68e+03   1.1 1.05e+07    -  6.42e-05 7.59e-07f  1
iter    objective    inf_pr   inf_du lg(mu)  ||d||  lg(rg) alpha_du alpha_pr  ls
 140  8.9538332e+00 1.65e+01 7.00e+02  -6.0 5.56e+03    -  2.80e-03 2.00e-06h  2
 141  8.9524381e+00 1.65e+01 7.77e+02  -6.0 5.59e+03    -  6.05e-04 2.99e-04h  1
 142  8.9491067e+00 1.65e+01 1.99e+03  -6.0 5.60e+03    -  5.54e-03 7.15e-04h  1
 143  8.9449120e+00 1.65e+01 2.83e+03  -6.0 5.68e+03    -  4.26e-03 9.19e-04h  1
 144  8.9328075e+00 1.64e+01 2.97e+03  -6.0 5.76e+03    -  3.29e-03 2.70e-03h  1
 145  8.9205782e+00 1.64e+01 3.94e+03  -6.0 5.93e+03    -  6.49e-03 2.77e-03h  1
 146  8.8903062e+00 1.63e+01 1.23e+04  -6.0 6.13e+03    -  3.81e-02 7.11e-03h  1
 147  8.8592875e+00 1.63e+01 2.05e+04  -6.0 6.69e+03    -  3.74e-02 7.84e-03h  1
 148  8.8127361e+00 1.62e+01 2.80e+04  -6.0 7.18e+03    -  3.69e-02 1.08e-02h  1
 149  8.7508430e+00 1.62e+01 4.15e+04  -6.0 7.79e+03    -  5.63e-02 1.28e-02h  1
iter    objective    inf_pr   inf_du lg(mu)  ||d||  lg(rg) alpha_du alpha_pr  ls
 150  8.6516771e+00 1.64e+01 5.22e+04  -6.0 8.50e+03    -  5.11e-02 1.76e-02h  1
 151  8.5535722e+00 1.65e+01 5.96e+04  -6.0 9.16e+03    -  3.75e-02 1.51e-02h  1
 152  8.5509433e+00 1.65e+01 7.08e+04  -6.0 9.19e+03    -  2.74e-02 3.91e-04h  1
 153  8.1769089e+00 2.10e+01 1.88e+05  -6.0 9.39e+03    -  2.24e-02 5.32e-02h  1
 154  8.1768044e+00 2.10e+01 1.88e+05  -6.0 9.94e+03    -  3.71e-02 1.11e-05h  1
 155  7.9178096e+00 2.20e+01 2.58e+05  -6.0 1.00e+04    -  5.51e-03 2.63e-02h  1
 156  7.8087494e+00 2.19e+01 2.62e+05  -6.0 9.00e+03    -  1.30e-04 9.44e-03h  1
 157  7.8087288e+00 2.19e+01 2.62e+05  -6.0 7.65e+03    -  1.45e-02 2.18e-06h  1
 158  7.7852640e+00 2.19e+01 2.65e+05  -6.0 8.96e+03    -  2.49e-08 2.05e-03h  1
 159  7.7851923e+00 2.19e+01 2.65e+05  -6.0 9.36e+03    -  1.13e-02 5.46e-06h  1
iter    objective    inf_pr   inf_du lg(mu)  ||d||  lg(rg) alpha_du alpha_pr  ls
 160  7.7832402e+00 2.19e+01 2.65e+05  -6.0 9.94e+03    -  1.11e-03 1.40e-04h  1
 161  7.5053595e+00 2.17e+01 5.77e+05  -6.0 1.00e+04    -  1.47e-02 1.99e-02h  1
 162  7.4200704e+00 2.16e+01 5.72e+05  -6.0 1.46e+04    -  4.59e-03 4.54e-03h  1
 163  7.3963799e+00 2.16e+01 5.73e+05  -6.0 4.98e+04    -  2.14e-04 1.00e-03h  1
 164  7.3391990e+00 2.15e+01 5.70e+05  -6.0 1.48e+04    -  3.06e-02 3.00e-03f  1
 165  6.7935729e+00 2.10e+01 3.51e+05  -6.0 1.50e+04    -  3.35e-02 2.85e-02h  1
 166  6.7842674e+00 2.10e+01 3.51e+05  -6.0 9.11e+03    -  2.35e-03 6.60e-04h  1
 167  6.2515580e+00 2.03e+01 6.01e+05  -6.0 9.44e+03    -  1.39e-08 3.70e-02f  1
 168  6.2477692e+00 2.03e+01 6.01e+05  -6.0 5.85e+03    -  1.99e-02 4.38e-04h  1
 169  6.1241953e+00 2.01e+01 5.92e+05  -6.0 5.89e+03    -  1.09e-02 1.42e-02h  1
iter    objective    inf_pr   inf_du lg(mu)  ||d||  lg(rg) alpha_du alpha_pr  ls
 170  6.0110292e+00 1.99e+01 5.84e+05  -6.0 5.50e+03    -  8.65e-08 1.36e-02h  1
 171r 6.0110292e+00 1.99e+01 1.00e+03   1.1 0.00e+00    -  0.00e+00 1.92e-08R  2
 172r 6.0089194e+00 1.99e+01 9.21e+03   1.1 3.08e+04    -  3.60e-06 1.48e-07f  1
 173  6.0089132e+00 1.99e+01 1.01e+02  -6.0 3.82e+03    -  1.24e-06 6.26e-07h  2
 174  6.0089076e+00 1.99e+01 1.77e+04  -6.0 3.10e+03    -  6.28e-03 4.96e-07h  2
 175  6.0052866e+00 1.98e+01 1.57e+06  -6.0 4.40e+03    -  3.15e-06 4.29e-04h  1
 176  6.0012189e+00 1.98e+01 1.57e+06  -6.0 4.47e+03    -  4.84e-04 4.23e-04h  1
 177  5.9934192e+00 1.98e+01 1.57e+06  -6.0 4.60e+03    -  4.01e-04 8.06e-04h  1
 178  5.9799161e+00 1.98e+01 1.57e+06  -6.0 4.66e+03    -  7.69e-03 1.34e-03h  1
 179  5.9205161e+00 1.97e+01 1.56e+06  -6.0 4.70e+03    -  1.36e-03 5.53e-03h  1
iter    objective    inf_pr   inf_du lg(mu)  ||d||  lg(rg) alpha_du alpha_pr  ls
 180r 5.9205161e+00 1.97e+01 1.00e+03   1.1 0.00e+00    -  0.00e+00 1.99e-08R  2
 181r 5.9200209e+00 1.97e+01 6.95e+04   1.1 2.66e+04    -  5.98e-07 9.23e-09f  1
 182r 5.9200209e+00 1.97e+01 9.99e+02   1.1 0.00e+00    -  0.00e+00 8.17e-09R  6
 183r 5.9200070e+00 1.97e+01 4.67e+04   1.1 2.90e+04    -  2.45e-06 2.04e-09f  1
 184  5.9199267e+00 1.97e+01 2.22e+05  -6.0 3.16e+03    -  6.21e-03 6.44e-06h  1
 185  5.9190346e+00 1.97e+01 1.97e+06  -6.0 4.37e+03    -  8.90e-06 7.88e-05h  1
 186  5.9130964e+00 1.97e+01 1.98e+06  -6.0 4.58e+03    -  1.36e-02 5.32e-04h  1
 187  5.8139949e+00 1.95e+01 2.15e+06  -6.0 4.58e+03    -  1.71e-04 8.78e-03h  1
 188r 5.8139949e+00 1.95e+01 1.00e+03   1.1 0.00e+00    -  0.00e+00 2.70e-08R  2
 189r 5.8139059e+00 1.95e+01 8.71e+04   1.1 9.54e+04    -  9.84e-08 9.66e-09f  1
iter    objective    inf_pr   inf_du lg(mu)  ||d||  lg(rg) alpha_du alpha_pr  ls
 190r 5.8139059e+00 1.95e+01 9.99e+02   1.1 0.00e+00    -  0.00e+00 6.91e-09R  6
 191r 5.8138951e+00 1.95e+01 6.08e+04   1.1 2.86e+04    -  2.55e-06 1.56e-09f  1
 192  5.8138098e+00 1.95e+01 5.38e+05  -6.0 3.06e+03    -  1.14e-02 6.39e-06h  1
 193  5.8135492e+00 1.95e+01 1.42e+06  -6.0 4.12e+03    -  8.46e-06 2.23e-05h  1
 194  5.8114025e+00 1.95e+01 1.47e+06  -6.0 4.15e+03    -  1.53e-02 1.84e-04h  1
 195  5.6878185e+00 1.93e+01 3.81e+06  -6.0 4.16e+03    -  2.15e-04 1.06e-02h  1
 196  5.5626596e+00 1.91e+01 3.77e+06  -6.0 4.56e+03    -  2.39e-02 1.04e-02h  1
 197  5.1976587e+00 1.86e+01 3.66e+06  -6.0 4.42e+03    -  3.88e-02 3.04e-02h  1
 198  4.5660618e+00 1.77e+01 3.46e+06  -6.0 4.11e+03    -  5.14e-02 5.50e-02h  1
 199r 4.5660618e+00 1.77e+01 1.00e+03   1.1 0.00e+00   1.5 0.00e+00 1.29e-08R  6
iter    objective    inf_pr   inf_du lg(mu)  ||d||  lg(rg) alpha_du alpha_pr  ls
 200r 4.5654236e+00 1.77e+01 6.51e+04   1.1 3.08e+04    -  1.91e-06 5.27e-08f  1
 201  4.5654193e+00 1.77e+01 3.74e+06  -6.0 2.02e+03    -  7.52e-02 3.48e-07h  2
 202  4.5579515e+00 1.77e+01 1.23e+09  -6.0 3.64e+03    -  2.11e-06 6.94e-04h  1
 203  4.5540040e+00 1.77e+01 1.23e+09  -6.0 3.84e+03    -  4.11e-03 3.56e-04h  1
 204  4.5526066e+00 1.77e+01 1.23e+09  -6.0 3.24e+03    -  1.28e-03 8.45e-05h  1
 205  4.5048175e+00 1.77e+01 1.22e+09  -6.0 3.26e+03    -  3.95e-04 2.87e-03f  1
 206  4.4583806e+00 1.76e+01 1.22e+09  -6.0 3.29e+03    -  1.32e-02 2.85e-03h  1
 207  4.0143504e+00 1.72e+01 1.19e+09  -6.0 3.59e+03    -  7.92e-03 2.69e-02f  1
 208  3.9913572e+00 1.71e+01 1.19e+09  -6.0 4.21e+03    -  1.26e-02 1.58e-03h  1
 209  3.9913517e+00 1.71e+01 1.19e+09  -6.0 5.32e+03    -  1.69e-02 3.46e-07h  2
iter    objective    inf_pr   inf_du lg(mu)  ||d||  lg(rg) alpha_du alpha_pr  ls
 210  3.9516642e+00 1.71e+01 1.18e+09  -6.0 6.35e+03    -  2.28e-04 2.49e-03h  1
 211  3.7466691e+00 1.69e+01 1.17e+09  -6.0 6.11e+03    -  1.49e-02 1.30e-02h  1
 212  3.7404412e+00 1.69e+01 1.17e+09  -6.0 4.80e+03    -  1.29e-02 4.55e-04h  1
 213  3.5891085e+00 1.67e+01 1.16e+09  -6.0 6.09e+03    -  4.04e-02 9.69e-03h  1
 214  3.5780378e+00 1.67e+01 1.16e+09  -6.0 6.61e+03    -  4.86e-02 7.53e-04h  1
 215  2.7584012e+00 1.58e+01 1.09e+09  -6.0 8.68e+03    -  3.79e-02 5.47e-02h  1
 216  2.6633031e+00 1.56e+01 1.08e+09  -6.0 9.24e+03    -  9.51e-03 7.99e-03h  1
 217  2.6093370e+00 1.56e+01 1.08e+09  -6.0 1.32e+04    -  2.64e-02 5.21e-03h  1
 218  2.4805233e+00 1.54e+01 1.06e+09  -6.0 1.46e+04    -  1.92e-02 1.38e-02h  1
 219  2.4789097e+00 1.54e+01 1.06e+09  -6.0 1.83e+04    -  9.59e-03 2.31e-04h  1
iter    objective    inf_pr   inf_du lg(mu)  ||d||  lg(rg) alpha_du alpha_pr  ls
 220  2.3600489e+00 1.51e+01 1.04e+09  -6.0 1.85e+04    -  1.10e-08 1.86e-02f  1
 221  2.3175354e+00 1.49e+01 1.03e+09  -6.0 2.50e+04    -  1.33e-02 1.47e-02h  1
 222r 2.3175354e+00 1.49e+01 1.00e+03   1.1 0.00e+00   1.0 0.00e+00 1.27e-07R  2
 223r 2.3165541e+00 1.49e+01 5.78e+03   1.1 3.16e+04    -  4.18e-06 4.20e-08f  1
 224  2.3165509e+00 1.49e+01 5.20e+02  -6.0 2.10e+03    -  4.11e-04 3.96e-07h  2
 225  2.3165457e+00 1.49e+01 7.08e+03  -6.0 6.82e+03    -  9.99e-05 6.58e-07h  2
 226  2.3164225e+00 1.49e+01 1.67e+06  -6.0 1.33e+04    -  1.20e-02 1.44e-05h  1
 227  2.2551130e+00 1.48e+01 6.20e+05  -6.0 1.38e+04    -  4.90e-05 7.52e-03h  1
 228  2.2091961e+00 1.47e+01 1.48e+06  -6.0 1.48e+04    -  1.37e-02 7.36e-03h  1
 229r 2.2091961e+00 1.47e+01 1.00e+03   1.1 0.00e+00   0.6 0.00e+00 3.72e-08R  2
iter    objective    inf_pr   inf_du lg(mu)  ||d||  lg(rg) alpha_du alpha_pr  ls
 230r 2.2090609e+00 1.47e+01 6.83e+04   1.1 3.16e+04    -  2.65e-06 1.42e-08f  1
 231r 2.2090609e+00 1.47e+01 9.99e+02   1.1 0.00e+00    -  0.00e+00 2.76e-08R  5
 232r 2.2090454e+00 1.47e+01 4.81e+04   1.1 3.16e+04    -  2.43e-06 1.98e-09f  1
 233  2.2089562e+00 1.47e+01 5.52e+04  -6.0 1.67e+03    -  1.28e-03 8.61e-06h  1
 234  2.2086990e+00 1.47e+01 1.89e+05  -6.0 2.14e+03    -  1.08e-05 3.69e-05h  1
 235  2.2084525e+00 1.47e+01 1.93e+05  -6.0 3.90e+03    -  1.72e-03 3.35e-05h  1
 236  2.2084478e+00 1.47e+01 1.89e+05  -6.0 7.68e+03    -  8.35e-05 7.18e-07h  2
 237  2.2082106e+00 1.46e+01 4.76e+05  -6.0 8.57e+03    -  5.40e-03 3.67e-05h  1
 238  2.2072948e+00 1.46e+01 4.71e+05  -6.0 1.81e+04    -  1.20e-04 1.46e-04h  1
 239  2.2057763e+00 1.46e+01 2.66e+06  -6.0 1.82e+04    -  1.31e-02 2.45e-04h  1
iter    objective    inf_pr   inf_du lg(mu)  ||d||  lg(rg) alpha_du alpha_pr  ls
 240  2.2011607e+00 1.46e+01 2.60e+06  -6.0 1.84e+04    -  5.20e-04 8.59e-04h  1
 241  2.1400333e+00 1.45e+01 1.24e+06  -6.0 1.87e+04    -  4.25e-03 1.21e-02h  1
 242  2.1397367e+00 1.45e+01 4.93e+06  -6.0 2.30e+04    -  1.93e-02 2.60e-04h  1
 243  2.1488744e+00 1.44e+01 5.94e+06  -6.0 2.33e+04    -  1.12e-02 5.65e-03h  2
 244  2.1534441e+00 1.44e+01 1.02e+07  -6.0 2.50e+04    -  2.32e-02 7.25e-04h  1
 245  2.1791798e+00 1.43e+01 1.39e+07  -6.0 2.54e+04    -  2.13e-02 1.31e-03h  3
 246  2.1930003e+00 1.43e+01 1.52e+07  -6.0 2.58e+04    -  7.62e-03 1.31e-04h  4
 247  3.1124574e+00 1.43e+01 1.52e+07  -6.0 2.13e+04    -  3.68e-04 3.68e-04s 15
 248  5.1084962e+00 1.43e+01 1.52e+07  -6.0 1.44e+04    -  3.23e-04 3.23e-04s 15
 249  2.8682371e+01 1.43e+01 1.51e+07  -6.0 1.44e+04    -  3.81e-03 3.81e-03s 15
iter    objective    inf_pr   inf_du lg(mu)  ||d||  lg(rg) alpha_du alpha_pr  ls
 250  3.0673136e+01 1.43e+01 1.51e+07  -6.0 1.45e+04    -  3.08e-04 3.08e-04s 15
 251r 3.0673136e+01 1.43e+01 1.00e+03   1.1 0.00e+00    -  0.00e+00 0.00e+00R  1
 252r 3.0672652e+01 1.43e+01 7.54e+04   1.1 3.10e+04    -  4.43e-06 4.84e-08f  1
 253r 3.0626326e+01 1.42e+01 7.54e+04   1.1 1.12e+04    -  7.02e-06 7.53e-06f  1
 254r 3.0536895e+01 1.39e+01 7.54e+04   1.1 1.10e+04    -  2.53e-05 2.00e-05f  1
 255r 3.0279929e+01 1.31e+01 7.54e+04   1.1 1.05e+04    -  1.84e-04 7.46e-05f  1
 256r 2.9559527e+01 9.29e+00 7.54e+04   1.1 8.30e+03    -  4.33e-04 3.94e-04f  1
 257r 2.8860592e+01 5.66e+00 7.53e+04   1.1 4.15e+03    -  1.07e-03 1.46e-03f  1
 258r 2.8816479e+01 6.91e+00 7.52e+04   1.1 8.12e-01   4.0 9.57e-04 1.22e-03f  1
 259r 2.8533670e+01 1.08e+01 7.49e+04   1.1 3.68e+00   3.5 4.68e-03 4.25e-03f  1
iter    objective    inf_pr   inf_du lg(mu)  ||d||  lg(rg) alpha_du alpha_pr  ls
 260r 2.8507184e+01 1.93e+01 7.48e+04   1.1 3.35e+00   4.9 1.06e-03 3.25e-03f  1
 261r 2.8320041e+01 2.35e+01 3.19e+05   1.1 1.70e-01   5.3 9.02e-02 4.27e-02f  1
 262r 2.7489559e+01 3.85e+01 1.45e+05   1.1 7.72e-02   4.8 2.82e-01 1.44e-01f  1
 263r 2.7030154e+01 4.18e+01 2.14e+05   0.4 6.18e-02   4.3 1.55e-01 2.81e-01f  1
 264r 2.7009407e+01 4.00e+01 2.45e+05   0.4 6.89e-03   6.6 1.73e-01 5.84e-01f  1
 265r 2.6993372e+01 4.05e+01 9.58e+04   0.4 1.60e-02   6.1 1.02e-01 1.76e-01f  1
 266r 2.6757696e+01 4.53e+01 5.11e+04   0.4 7.30e-03   5.6 9.76e-01 1.00e+00f  1
 267r 2.6667056e+01 4.77e+01 7.65e+04   0.4 3.95e-03   6.0 1.00e+00 1.00e+00f  1
 268r 2.6633650e+01 4.84e+01 2.22e+04   0.4 2.27e-03   6.5 7.89e-01 1.00e+00f  1
 269r 2.6615502e+01 4.78e+01 1.07e+03  -0.3 1.13e-03   6.0 1.00e+00 1.00e+00f  1
iter    objective    inf_pr   inf_du lg(mu)  ||d||  lg(rg) alpha_du alpha_pr  ls
 270r 2.6562426e+01 4.31e+01 1.11e+03  -0.3 3.52e-03   5.5 1.00e+00 1.00e+00f  1
 271r 2.6558698e+01 3.14e+01 1.35e+04  -0.3 1.36e-02   5.0 1.00e+00 3.26e-01f  1
 272r 2.6877051e+01 2.04e+01 1.76e+04  -0.3 4.30e-02   4.5 4.71e-01 2.80e-01f  1
 273r 2.7142564e+01 1.60e+01 2.15e+04  -0.3 1.24e-01   4.1 2.81e-01 1.59e-01f  1
 274r 2.7338202e+01 1.46e+01 2.99e+04  -0.3 3.50e-01   3.6 3.02e-01 8.89e-02f  1
 275r 2.7503105e+01 1.39e+01 2.73e+04  -0.3 9.22e-01   3.1 4.31e-02 6.19e-02f  1
 276r 2.7585329e+01 1.15e+01 1.48e+04  -0.3 6.55e-03   5.3 1.00e+00 5.26e-01f  1
 277r 2.7697507e+01 9.67e+00 1.94e+04  -0.3 1.88e-02   4.9 8.96e-01 3.70e-01f  1
 278r 2.7838747e+01 8.92e+00 2.29e+04  -0.3 5.10e-02   4.4 1.00e+00 2.46e-01f  1
 279r 2.7990143e+01 8.56e+00 2.02e+04  -0.3 1.34e-01   3.9 7.44e-01 1.67e-01f  1
iter    objective    inf_pr   inf_du lg(mu)  ||d||  lg(rg) alpha_du alpha_pr  ls
 280r 2.8135370e+01 8.36e+00 1.82e+04  -0.3 3.69e-01   3.4 3.93e-01 1.11e-01f  1
 281r 2.8255852e+01 8.27e+00 1.77e+04  -0.3 1.10e+00   3.0 6.54e-01 6.17e-02f  1
 282r 2.8451882e+01 8.19e+00 2.89e+04  -0.3 3.29e+00   2.5 6.09e-01 5.33e-02f  1
 283r 2.9038258e+01 8.14e+00 3.85e+04  -0.3 9.77e+00   2.0 2.90e-01 3.99e-02f  1
 284r 2.9166985e+01 7.97e+00 1.80e+04  -0.3 4.62e-01   3.3 1.00e+00 1.35e-01f  1
 285r 2.9419874e+01 7.79e+00 2.07e+04  -0.3 1.37e+00   2.9 1.00e+00 1.53e-01f  1
 286r 2.9684004e+01 7.71e+00 4.25e+04  -0.3 4.05e+00   2.4 1.00e+00 7.77e-02f  1
 287r 2.9931978e+01 7.58e+00 2.75e+04  -0.3 1.50e+00   2.8 1.00e+00 1.61e-01f  1
 288r 3.0178738e+01 7.51e+00 4.35e+04  -0.3 3.44e+00   2.3 1.00e+00 9.11e-02f  1
 289r 3.0538644e+01 7.33e+00 2.20e+04  -0.3 5.68e-01   2.8 1.00e+00 2.67e-01f  1
iter    objective    inf_pr   inf_du lg(mu)  ||d||  lg(rg) alpha_du alpha_pr  ls
 290r 3.0801285e+01 7.27e+00 3.61e+04  -0.3 1.33e+00   2.3 9.10e-01 1.19e-01f  1
 291r 3.1056939e+01 7.15e+00 1.71e+04  -0.3 3.83e-02   2.7 1.00e+00 2.51e-01f  1
 292r 3.2207336e+01 6.89e+00 1.30e+04  -0.3 8.27e-02   2.2 9.27e-01 6.15e-01f  1
 293r 3.3735578e+01 6.75e+00 2.23e+04  -0.3 2.52e-01   1.8 2.69e-01 5.84e-01f  1
 294r 3.3481087e+01 6.75e+00 5.66e+04  -0.3 1.24e-02   3.1 2.12e-01 8.37e-01f  1
 295r 3.3444874e+01 6.75e+00 1.94e+03  -0.3 4.32e-03   3.5 1.00e+00 1.00e+00f  1
 296r 3.3452122e+01 6.75e+00 2.50e+03  -0.3 5.39e-03   3.9 6.84e-01 1.00e+00f  1
 297r 3.3476773e+01 6.75e+00 3.23e+01  -0.3 4.42e-03   3.5 1.00e+00 1.00e+00f  1
 298r 3.3661592e+01 4.53e+00 9.79e+03  -2.4 2.17e-02   3.9 4.27e-01 3.20e-01f  1
 299r 3.3809973e+01 3.28e+00 8.07e+03  -2.4 5.98e-02   3.4 2.82e-01 2.62e-01f  1
iter    objective    inf_pr   inf_du lg(mu)  ||d||  lg(rg) alpha_du alpha_pr  ls
 300r 3.3899319e+01 2.47e+00 1.16e+03  -2.4 2.68e-02   3.8 1.54e-01 2.32e-01f  1
 301r 3.3983153e+01 1.93e+00 4.93e+03  -2.4 6.69e-02   3.4 2.83e-01 1.98e-01f  1
 302r 3.4147898e+01 1.16e+00 2.17e+03  -2.4 1.46e-01   2.9 2.38e-01 3.61e-01f  1
 303r 3.4221270e+01 5.00e-01 2.02e+03  -2.4 1.14e-02   4.2 4.55e-01 4.78e-01f  1
 304r 3.4289658e+01 2.32e-01 2.85e+03  -2.4 3.03e-02   3.7 4.12e-01 4.57e-01f  1
 305r 3.4315577e+01 1.35e-01 4.70e+03  -2.4 1.19e-02   4.2 3.61e-01 4.04e-01f  1
 306r 3.4330562e+01 1.07e-01 7.42e+03  -2.4 3.39e-02   3.7 3.98e-01 2.19e-01f  1
 307r 3.4345700e+01 9.69e-02 1.10e+04  -2.4 9.38e-02   3.2 2.57e-01 1.31e-01f  1
 308r 3.4363189e+01 1.11e-01 1.44e+04  -2.4 1.84e-01   2.7 2.20e-01 6.91e-02f  1
 309r 3.4364140e+01 3.39e-02 4.50e+03  -2.4 1.94e-03   5.0 3.36e-01 6.85e-01f  1
iter    objective    inf_pr   inf_du lg(mu)  ||d||  lg(rg) alpha_du alpha_pr  ls
 310r 3.4366122e+01 4.58e-02 3.62e+03  -2.4 5.43e-03   4.5 5.56e-01 2.29e-01f  1
 311r 3.4372566e+01 3.52e-02 5.96e+03  -2.4 1.53e-02   4.0 6.28e-01 2.70e-01f  1
 312r 3.4383646e+01 2.84e-02 5.35e+03  -2.4 3.57e-02   3.5 3.51e-01 1.93e-01f  1
 313r 3.4406515e+01 3.77e-02 4.63e+03  -2.4 4.42e-02   3.0 2.49e-01 1.66e-01f  1
 314r 3.4415480e+01 4.08e-02 4.62e+03  -2.4 1.23e-01   2.6 1.40e-01 3.38e-02f  1
 315r 3.4419424e+01 5.00e-02 4.58e+03  -2.4 1.19e+00   2.1 7.28e-02 1.85e-02f  1
 316r 3.4428573e+01 5.65e-02 4.38e+03  -2.4 1.37e-01   2.5 1.00e-01 5.43e-02f  1
 317r 3.4426729e+01 1.11e-01 4.22e+03  -2.4 4.06e-01   2.0 6.28e-02 4.12e-02f  1
 318r 3.4442796e+01 1.53e-01 3.76e+03  -2.4 1.59e-01   2.5 3.36e-02 9.59e-02f  1
 319r 3.4456205e+01 1.61e-01 3.70e+03  -2.4 4.56e-01   2.0 7.09e-02 2.28e-02f  1
iter    objective    inf_pr   inf_du lg(mu)  ||d||  lg(rg) alpha_du alpha_pr  ls
 320r 3.4494231e+01 1.87e-01 3.25e+03  -2.4 1.80e-01   2.4 1.76e-01 1.29e-01f  1
 321r 3.4512974e+01 2.18e-01 3.89e+03  -2.4 5.02e-01   1.9 9.76e-02 5.24e-02f  1
 322r 3.4530686e+01 2.21e-01 7.73e+03  -2.4 1.95e-01   2.4 2.48e-01 1.00e-01f  1
 323r 3.4541642e+01 2.23e-01 1.01e+04  -2.4 5.08e-01   1.9 1.29e-01 3.21e-02f  1
 324r 3.4566023e+01 2.24e-01 6.76e+03  -2.4 1.97e-01   2.3 6.81e-02 1.53e-01f  1
 325r 3.4584821e+01 2.31e-01 7.03e+03  -2.4 5.18e-01   1.8 8.17e-02 5.54e-02f  1
 326r 3.4603191e+01 2.22e-01 5.34e+03  -2.4 2.10e-01   2.3 8.87e-02 1.27e-01f  1
 327r 3.4614367e+01 2.25e-01 4.95e+03  -2.4 5.09e-01   1.8 4.82e-02 5.36e-02f  1
 328r 3.4625698e+01 2.14e-01 6.18e+03  -2.4 2.04e-01   2.2 1.76e-01 8.48e-02f  1
 329r 3.4630363e+01 2.26e-01 5.28e+03  -2.4 4.51e-01   1.7 2.90e-02 5.89e-02f  1
iter    objective    inf_pr   inf_du lg(mu)  ||d||  lg(rg) alpha_du alpha_pr  ls
 330r 3.4642895e+01 2.20e-01 4.90e+03  -2.4 1.92e-01   2.2 1.13e-01 1.02e-01f  1
 331r 3.4650621e+01 1.00e-01 1.49e+03  -2.4 1.26e-02   3.5 4.25e-01 5.68e-01f  1
 332r 3.4658703e+01 7.13e-02 1.42e+03  -2.4 3.38e-02   3.0 4.61e-01 3.75e-01f  1
 333r 3.4662390e+01 6.90e-02 2.79e+03  -2.4 7.94e-02   2.5 2.62e-01 1.03e-01f  1
 334r 3.4665166e+01 7.73e-02 5.84e+03  -2.4 1.72e-01   2.1 1.54e-01 6.85e-02f  1
 335r 3.4623977e+01 7.60e-02 5.70e+03  -2.4 8.73e-01   1.6 2.54e-02 2.49e-02f  1
 336r 3.4624185e+01 1.16e-01 2.22e+03  -2.4 1.76e-01   2.0 3.93e-02 1.17e-01f  1
 337r 3.4579962e+01 1.16e-01 2.31e+03  -2.4 2.49e+00   1.5 9.86e-03 8.30e-03f  1
 338r 3.4577673e+01 1.39e-01 2.75e+03  -2.4 1.77e-01   2.0 7.73e-02 5.60e-02f  1
 339  3.4522944e+01 1.39e-01 1.12e+02  -6.0 3.60e+02    -  4.91e-03 1.85e-03f  1
iter    objective    inf_pr   inf_du lg(mu)  ||d||  lg(rg) alpha_du alpha_pr  ls
 340  3.4521666e+01 1.39e-01 3.31e+02  -6.0 2.36e+03    -  3.30e-03 4.24e-05h  1
 341  3.4443234e+01 1.40e-01 3.50e+02  -6.0 2.44e+03    -  2.84e-03 2.64e-03f  1
 342  3.4429692e+01 1.40e-01 1.46e+03  -6.0 2.85e+03    -  9.73e-03 4.62e-04f  4
 343  3.4416528e+01 1.40e-01 3.30e+03  -6.0 2.91e+03    -  1.58e-02 4.48e-04f  4
 344  3.4400024e+01 1.40e-01 4.42e+03  -6.0 2.90e+03    -  1.02e-02 5.59e-04f  4
 345  3.4394261e+01 1.40e-01 6.90e+03  -6.0 2.90e+03    -  2.18e-02 1.94e-04h  6
 346  3.4386900e+01 1.40e-01 9.56e+03  -6.0 2.88e+03    -  2.44e-02 2.47e-04f  7
 347  3.3320914e+01 3.46e-01 1.59e+04  -6.0 2.86e+03    -  2.98e-02 3.55e-02f  1
 348  3.3104684e+01 3.46e-01 1.67e+04  -6.0 2.78e+03    -  8.98e-03 6.25e-03f  1
 349  3.2650645e+01 3.49e-01 2.54e+04  -6.0 2.72e+03    -  3.39e-02 1.33e-02f  1
iter    objective    inf_pr   inf_du lg(mu)  ||d||  lg(rg) alpha_du alpha_pr  ls
 350  3.2039361e+01 3.57e-01 5.36e+04  -6.0 2.62e+03    -  5.57e-02 1.78e-02f  1
 351  3.2039161e+01 3.57e-01 1.10e+05  -6.0 2.79e+03    -  3.01e-02 6.70e-06h  1
 352  3.0403704e+01 8.98e-01 5.92e+05  -6.0 3.19e+03    -  1.15e-02 5.46e-02f  1
 353  3.0404576e+01 8.98e-01 5.92e+05  -6.0 1.07e+03   0.1 2.57e-04 6.04e-05h  1
 354  3.0407149e+01 8.97e-01 5.94e+05  -6.0 1.21e+03  -0.4 1.38e-06 1.23e-04h  1
 355  3.0409094e+01 8.97e-01 5.94e+05  -6.0 2.03e+03  -0.9 9.08e-07 1.17e-04h  1
 356  3.0393581e+01 8.95e-01 5.88e+05  -6.0 2.19e+03  -1.3 8.53e-04 2.80e-03h  1
 357  3.0369387e+01 8.95e-01 5.88e+05  -6.0 2.80e+03  -1.8 1.43e-03 9.04e-04h  1
 358  3.0149597e+01 8.93e-01 5.44e+05  -6.0 3.16e+03  -2.3 7.63e-03 6.68e-03f  1
 359  3.0099234e+01 8.92e-01 5.23e+05  -6.0 3.17e+03  -1.9 6.63e-03 1.86e-03h  1
iter    objective    inf_pr   inf_du lg(mu)  ||d||  lg(rg) alpha_du alpha_pr  ls
 360  3.0099064e+01 8.92e-01 1.17e+06  -6.0 3.30e+03  -2.3 1.72e-02 4.98e-06h  1
 361  2.9779873e+01 8.96e-01 2.02e+06  -6.0 3.37e+03  -1.9 1.65e-02 1.08e-02f  1
 362  2.9580277e+01 8.93e-01 1.92e+06  -6.0 1.02e+04  -2.4 6.75e-03 4.63e-03f  1
 363r 2.9580277e+01 8.93e-01 1.00e+03  -0.0 0.00e+00  -2.0 0.00e+00 4.73e-09R  2
 364r 2.9579523e+01 1.60e+00 1.00e+03  -0.0 1.32e+06    -  7.51e-07 3.00e-07f  1
 365  2.9579500e+01 1.60e+00 2.20e+03  -6.0 4.71e+03    -  1.36e-03 6.20e-07h  1
 366  2.9542340e+01 1.60e+00 6.61e+03  -6.0 6.29e+03    -  1.46e-04 1.03e-03h  1
 367  2.9488546e+01 1.59e+00 9.48e+03  -6.0 6.72e+03    -  4.31e-03 1.48e-03h  1
 368  2.9333894e+01 1.59e+00 6.89e+03  -6.0 7.78e+03    -  3.22e-03 4.16e-03f  1
 369  2.9260528e+01 1.59e+00 1.09e+05  -6.0 7.40e+03    -  3.32e-02 1.93e-03h  1
iter    objective    inf_pr   inf_du lg(mu)  ||d||  lg(rg) alpha_du alpha_pr  ls
 370  2.9259118e+01 1.59e+00 1.38e+05  -6.0 9.35e+03    -  2.40e-03 4.24e-05h  1
 371  2.8882089e+01 1.59e+00 5.50e+04  -6.0 9.36e+03    -  4.29e-03 1.14e-02f  1
 372  2.8882088e+01 1.59e+00 5.58e+05  -6.0 1.62e+04    -  5.91e-03 1.75e-08h  3
 373  2.8746432e+01 1.59e+00 1.27e+06  -6.0 1.79e+04    -  1.23e-02 5.10e-03h  1
 374  2.8546272e+01 1.60e+00 3.11e+05  -6.0 1.97e+04    -  1.50e-08 6.92e-03f  1
 375  2.8546269e+01 1.60e+00 3.87e+05  -6.0 2.08e+04    -  1.32e-03 1.21e-07h  2
 376  2.8499892e+01 1.60e+00 4.41e+06  -6.0 2.08e+04    -  1.67e-02 1.55e-03h  1
 377  2.8310827e+01 1.61e+00 3.02e+06  -6.0 2.06e+04    -  2.86e-03 6.47e-03f  1
 378  2.8310627e+01 1.61e+00 6.66e+06  -6.0 1.80e+04    -  6.04e-03 7.91e-06h  1
 379  2.8277121e+01 1.61e+00 8.86e+06  -6.0 1.79e+04    -  5.07e-03 1.32e-03h  1
iter    objective    inf_pr   inf_du lg(mu)  ||d||  lg(rg) alpha_du alpha_pr  ls
 380  2.8276749e+01 1.61e+00 1.04e+07  -6.0 2.25e+04    -  2.56e-03 2.11e-05h  1
 381  2.8213568e+01 1.63e+00 1.01e+07  -6.0 2.26e+04    -  3.04e-03 3.55e-03h  1
 382  2.8168992e+01 1.64e+00 9.81e+06  -6.0 2.96e+04    -  1.77e-03 2.07e-03h  1
 383r 2.8168992e+01 1.64e+00 1.00e+03  -0.0 0.00e+00    -  0.00e+00 1.33e-09R  2
 384r 2.8169326e+01 1.64e+00 1.80e+04  -0.0 1.01e+07    -  1.55e-07 1.66e-08f  1
 385r 2.8166508e+01 1.64e+00 1.52e+04  -0.0 5.27e+03    -  1.47e-04 9.24e-06f  1
 386  2.8166444e+01 1.64e+00 9.34e+02  -6.0 3.86e+03    -  1.24e-04 1.72e-06h  1
 387  2.8166404e+01 1.64e+00 4.44e+02  -6.0 7.03e+03    -  2.41e-06 1.16e-06h  1
 388  2.8166352e+01 1.64e+00 4.45e+02  -6.0 5.38e+03    -  2.04e-06 1.40e-06h  1
 389  2.8166345e+01 1.64e+00 2.71e+05  -6.0 2.27e+04    -  4.61e-04 2.94e-07h  2
iter    objective    inf_pr   inf_du lg(mu)  ||d||  lg(rg) alpha_du alpha_pr  ls
 390  2.8166137e+01 1.64e+00 2.65e+05  -6.0 2.82e+04    -  5.39e-06 1.28e-05h  1
 391  2.8165616e+01 1.64e+00 3.14e+06  -6.0 3.08e+04    -  3.50e-03 3.57e-05f  1
 392  2.8164109e+01 1.64e+00 3.07e+06  -6.0 3.43e+04    -  5.40e-05 1.26e-04h  1
 393  2.8163671e+01 1.64e+00 8.17e+06  -6.0 3.77e+04    -  5.02e-03 3.79e-05h  1
 394  2.8152371e+01 1.65e+00 6.83e+06  -6.0 4.18e+04    -  2.25e-04 1.41e-03h  1
 395  2.8152364e+01 1.65e+00 7.46e+06  -6.0 4.24e+04    -  2.11e-04 2.10e-07h  2
 396  2.8132755e+01 1.65e+00 6.36e+06  -6.0 4.60e+04    -  2.85e-07 5.30e-04h  1
 397  2.8055489e+01 1.65e+00 3.11e+06  -6.0 4.26e+04    -  5.96e-04 2.10e-03h  1
 398  2.8055463e+01 1.65e+00 7.44e+06  -6.0 6.28e+04    -  1.26e-03 7.10e-07h  1
 399  2.8016451e+01 1.64e+00 1.48e+07  -6.0 6.31e+04    -  3.19e-03 1.03e-03h  1
iter    objective    inf_pr   inf_du lg(mu)  ||d||  lg(rg) alpha_du alpha_pr  ls
 400  2.7791407e+01 1.78e+00 6.44e+06  -6.0 6.17e+04    -  3.68e-03 5.84e-03f  1
 401  2.7731818e+01 1.89e+00 2.17e+07  -6.0 7.40e+04    -  4.44e-03 1.14e-03f  1
 402r 2.7731818e+01 1.89e+00 1.00e+03   0.1 0.00e+00    -  0.00e+00 1.47e-08R  2
 403r 2.7731785e+01 1.89e+00 4.85e+03   0.1 2.88e+03    -  7.49e-05 1.37e-07f  1
 404  2.7731783e+01 1.89e+00 1.72e+02  -6.0 9.74e+03    -  5.51e-06 6.81e-08h  2
 405  2.7731779e+01 1.89e+00 2.71e+02  -6.0 1.38e+04    -  4.03e-06 1.10e-07h  2
 406  2.7731776e+01 1.89e+00 3.75e+06  -6.0 2.52e+04    -  2.47e-03 9.19e-08h  2
 407  2.7731699e+01 1.89e+00 3.75e+06  -6.0 6.89e+04    -  2.55e-06 1.62e-06h  1
 408  2.7730318e+01 1.89e+00 3.31e+07  -6.0 6.88e+04    -  6.56e-03 2.87e-05h  1
 409  2.7728043e+01 1.89e+00 3.29e+07  -6.0 7.31e+04    -  3.29e-05 6.83e-05h  1
iter    objective    inf_pr   inf_du lg(mu)  ||d||  lg(rg) alpha_du alpha_pr  ls
 410  2.7646549e+01 2.43e+00 6.27e+07  -6.0 7.37e+04    -  8.91e-03 2.46e-03f  1
 411  2.7502202e+01 5.57e+00 5.03e+07  -6.0 8.82e+04    -  2.59e-03 4.99e-03h  1
 412  2.7477561e+01 5.66e+00 6.50e+07  -6.0 8.49e+04    -  4.11e-03 8.86e-04h  1
 413  2.7408978e+01 6.64e+00 1.09e+08  -6.0 1.02e+05    -  1.02e-02 2.45e-03h  1
 414  2.7086964e+01 2.51e+01 7.86e+07  -6.0 9.46e+04    -  6.70e-03 1.15e-02h  1
 415r 2.7086964e+01 2.51e+01 1.00e+03   1.2 0.00e+00  -2.4 0.00e+00 3.23e-08R  2
 416r 2.7086760e+01 2.51e+01 9.77e+04   1.2 2.89e+04    -  5.77e-07 1.41e-08f  1
 417  2.7086757e+01 2.51e+01 5.90e+02  -6.0 9.61e+03    -  1.02e-05 9.28e-08h  2
 418  2.7086752e+01 2.51e+01 1.01e+02  -6.0 1.34e+04    -  1.70e-06 1.66e-07h  2
 419  2.7086748e+01 2.51e+01 6.83e+04  -6.0 1.21e+04    -  1.17e-04 9.39e-08h  2
iter    objective    inf_pr   inf_du lg(mu)  ||d||  lg(rg) alpha_du alpha_pr  ls
 420  2.7086746e+01 2.51e+01 7.88e+04  -6.0 7.55e+04    -  1.75e-06 9.58e-08h  2
 421r 2.7086746e+01 2.51e+01 1.00e+03   1.2 0.00e+00    -  0.00e+00 3.31e-09R  6
 422r 2.7086746e+01 2.51e+01 7.26e+04   1.2 5.54e+05    -  3.59e-09 7.96e-12f  1
 423r 2.7086746e+01 2.51e+01 9.99e+02   1.2 0.00e+00    -  0.00e+00 5.38e-08R  2
 424r 2.7086680e+01 2.51e+01 7.29e+04   1.2 7.25e+05    -  1.16e-07 1.37e-09f  1
 425  2.7086522e+01 2.51e+01 2.13e+02  -6.0 3.76e+03    -  9.44e-06 4.53e-06h  1
 426  2.7086409e+01 2.51e+01 1.01e+02  -6.0 7.13e+03    -  7.95e-06 3.13e-06h  1
 427  2.7086340e+01 2.51e+01 5.85e+02  -6.0 8.38e+03    -  7.47e-05 2.00e-06h  1
 428  2.7086133e+01 2.51e+01 3.19e+02  -6.0 1.30e+04    -  1.32e-05 7.69e-06h  1
 429  2.7086092e+01 2.51e+01 2.03e+03  -6.0 1.35e+04    -  1.41e-04 1.29e-06f  1
iter    objective    inf_pr   inf_du lg(mu)  ||d||  lg(rg) alpha_du alpha_pr  ls
 430r 2.7086092e+01 2.51e+01 1.00e+03   1.2 0.00e+00    -  0.00e+00 4.64e-09R  2
 431r 2.7085670e+01 2.51e+01 8.89e+04   1.2 8.12e+06    -  2.16e-08 1.58e-09f  1
 432r 2.7085670e+01 2.51e+01 9.99e+02   1.2 0.00e+00    -  0.00e+00 2.18e-08R  2
 433r 2.7085585e+01 2.51e+01 7.90e+04   1.2 1.08e+06    -  7.69e-08 1.26e-09f  1
 434  2.7085442e+01 2.51e+01 2.44e+02  -6.0 3.58e+03    -  9.24e-06 4.06e-06h  1
 435  2.7085330e+01 2.51e+01 1.01e+02  -6.0 7.20e+03    -  7.92e-06 3.15e-06h  1
 436  2.7085269e+01 2.51e+01 1.56e+04  -6.0 9.17e+03    -  1.47e-03 1.80e-06h  1
 437  2.7085045e+01 2.51e+01 1.19e+04  -6.0 1.40e+04    -  1.12e-05 8.51e-06h  1
 438  2.7084929e+01 2.51e+01 2.53e+04  -6.0 1.45e+04    -  6.23e-04 3.81e-06h  1
 439  2.7081981e+01 2.51e+01 1.94e+04  -6.0 3.22e+04    -  2.42e-05 5.78e-05h  1
iter    objective    inf_pr   inf_du lg(mu)  ||d||  lg(rg) alpha_du alpha_pr  ls
 440  2.7081754e+01 2.51e+01 1.90e+05  -6.0 3.23e+04    -  3.70e-04 4.44e-06h  1
 441r 2.7081754e+01 2.51e+01 1.00e+03   1.2 0.00e+00    -  0.00e+00 6.26e-11R  2
 442r 2.7080930e+01 2.51e+01 1.05e+05   1.2 9.71e+06    -  1.72e-08 2.51e-09f  1
 443r 2.7080930e+01 2.51e+01 9.99e+02   1.2 0.00e+00    -  0.00e+00 3.42e-08R  2
 444r 2.7080866e+01 2.51e+01 8.14e+04   1.2 8.31e+05    -  1.01e-07 1.23e-09f  1
 445  2.7080727e+01 2.51e+01 2.47e+02  -6.0 3.60e+03    -  9.02e-06 3.94e-06h  1
 446  2.7080618e+01 2.51e+01 1.01e+02  -6.0 7.33e+03    -  7.71e-06 3.08e-06h  1
 447  2.7080559e+01 2.51e+01 1.53e+04  -6.0 9.49e+03    -  1.39e-03 1.76e-06h  1
 448  2.7080360e+01 2.51e+01 1.05e+04  -6.0 1.38e+04    -  1.09e-05 7.52e-06h  1
 449  2.7080305e+01 2.51e+01 3.71e+05  -6.0 1.34e+04    -  2.07e-03 1.54e-06h  1
iter    objective    inf_pr   inf_du lg(mu)  ||d||  lg(rg) alpha_du alpha_pr  ls
 450  2.7074816e+01 2.51e+01 3.08e+05  -6.0 3.17e+04    -  2.00e-05 1.05e-04h  1
 451  2.7074814e+01 2.51e+01 4.05e+06  -6.0 3.29e+04    -  1.93e-03 5.56e-08h  2
 452  2.7069342e+01 2.51e+01 3.64e+06  -6.0 7.29e+04    -  1.34e-04 2.04e-04h  1
 453r 2.7069342e+01 2.51e+01 1.00e+03   1.2 0.00e+00    -  0.00e+00 4.16e-09R  2
 454r 2.7069342e+01 2.51e+01 4.59e+04   1.2 2.87e+04    -  4.35e-07 2.14e-12f  1
 455r 2.7069342e+01 2.51e+01 9.99e+02   1.2 0.00e+00    -  0.00e+00 5.63e-10R  2
 456r 2.7069178e+01 2.51e+01 8.15e+04   1.2 2.29e+06    -  3.64e-08 1.23e-09f  1
 457  2.7069039e+01 2.51e+01 2.29e+02  -6.0 3.81e+03    -  8.67e-06 3.96e-06h  1
 458  2.7068931e+01 2.51e+01 1.01e+02  -6.0 7.30e+03    -  7.83e-06 3.04e-06h  1
 459  2.7068873e+01 2.51e+01 1.22e+04  -6.0 9.10e+03    -  1.11e-03 1.74e-06h  1
iter    objective    inf_pr   inf_du lg(mu)  ||d||  lg(rg) alpha_du alpha_pr  ls
 460  2.7068617e+01 2.51e+01 1.09e+04  -6.0 1.46e+04    -  1.09e-05 9.71e-06h  1
 461  2.7068169e+01 2.51e+01 1.17e+04  -6.0 1.58e+04    -  1.74e-04 1.57e-05h  1
 462  2.7068117e+01 2.51e+01 2.12e+04  -6.0 3.28e+04    -  4.11e-05 9.92e-07h  1
 463  2.7067390e+01 2.51e+01 1.50e+05  -6.0 3.29e+04    -  2.61e-04 1.39e-05f  1
 464r 2.7067390e+01 2.51e+01 1.00e+03   1.2 0.00e+00    -  0.00e+00 1.90e-11R  2
 465r 2.7063944e+01 2.51e+01 1.08e+05   1.2 4.50e+07    -  3.79e-09 2.25e-09f  1
 466r 2.7063944e+01 2.51e+01 9.99e+02   1.2 0.00e+00    -  0.00e+00 3.01e-08R  2
 467r 2.7063878e+01 2.51e+01 8.23e+04   1.2 9.04e+05    -  9.38e-08 1.21e-09f  1
 468  2.7063744e+01 2.51e+01 2.36e+02  -6.0 3.97e+03    -  8.67e-06 3.87e-06h  1
 469  2.7063642e+01 2.51e+01 1.01e+02  -6.0 8.07e+03    -  7.62e-06 2.89e-06h  1
iter    objective    inf_pr   inf_du lg(mu)  ||d||  lg(rg) alpha_du alpha_pr  ls
 470  2.7063575e+01 2.51e+01 1.43e+04  -6.0 1.00e+04    -  1.27e-03 2.04e-06h  1
 471  2.7063344e+01 2.51e+01 1.15e+04  -6.0 1.41e+04    -  1.09e-05 8.76e-06h  1
 472  2.7063341e+01 2.51e+01 5.47e+05  -6.0 1.33e+04    -  8.39e-04 1.03e-07h  2
 473  2.7062626e+01 2.51e+01 5.62e+05  -6.0 4.43e+04    -  2.01e-05 1.10e-05h  1
 474  2.7060817e+01 2.51e+01 3.57e+06  -6.0 4.46e+04    -  1.84e-03 2.76e-05h  1
 475  2.7060303e+01 2.51e+01 3.67e+06  -6.0 4.62e+04    -  5.93e-05 1.11e-05h  1
 476  2.7038159e+01 2.51e+01 7.45e+06  -6.0 4.56e+04    -  2.26e-03 4.82e-04f  1
 477  2.7032860e+01 2.51e+01 9.26e+06  -6.0 7.53e+04    -  5.69e-04 1.96e-04h  1
 478  2.7028969e+01 2.51e+01 1.34e+07  -6.0 7.75e+04    -  9.78e-04 1.41e-04h  1
 479r 2.7028969e+01 2.51e+01 1.00e+03   1.2 0.00e+00    -  0.00e+00 1.57e-10R  2
iter    objective    inf_pr   inf_du lg(mu)  ||d||  lg(rg) alpha_du alpha_pr  ls
 480r 2.7028926e+01 2.51e+01 1.13e+05   1.2 4.89e+04    -  3.26e-08 4.19e-09f  1
 481r 2.7028926e+01 2.51e+01 9.99e+02   1.2 0.00e+00    -  0.00e+00 6.36e-08R  2
 482r 2.7028877e+01 2.51e+01 8.26e+04   1.2 5.96e+05    -  1.44e-07 1.21e-09f  1
 483  2.7028743e+01 2.51e+01 2.35e+02  -6.0 3.94e+03    -  8.63e-06 3.87e-06h  1
 484  2.7028642e+01 2.51e+01 1.01e+02  -6.0 7.79e+03    -  7.66e-06 2.87e-06h  1
 485  2.7028580e+01 2.51e+01 5.54e+03  -6.0 9.36e+03    -  4.91e-04 1.83e-06h  1
 486  2.7028449e+01 2.51e+01 2.54e+03  -6.0 1.40e+04    -  1.08e-05 4.98e-06h  1
 487  2.7028442e+01 2.51e+01 3.28e+05  -6.0 1.28e+04    -  5.54e-04 2.72e-07h  2
 488  2.7028396e+01 2.51e+01 3.83e+05  -6.0 5.40e+04    -  1.63e-05 9.06e-07h  1
 489  2.7027678e+01 2.51e+01 5.52e+06  -6.0 7.05e+04    -  1.07e-03 1.30e-05h  1
iter    objective    inf_pr   inf_du lg(mu)  ||d||  lg(rg) alpha_du alpha_pr  ls
 490  2.7027327e+01 2.51e+01 5.62e+06  -6.0 7.51e+04    -  3.02e-05 1.02e-05h  1
 491  2.7014643e+01 2.51e+01 1.11e+07  -6.0 7.73e+04    -  1.50e-03 4.55e-04h  1
 492  2.7014638e+01 2.51e+01 1.45e+07  -6.0 8.19e+04    -  5.08e-04 1.61e-07h  2
 493  2.7000767e+01 2.51e+01 3.52e+07  -6.0 8.35e+04    -  3.55e-03 4.93e-04h  1
Error in an AMPL evaluation. Run with "halt_on_ampl_error yes" to see details.
Warning: Cutting back alpha due to evaluation error
 494  2.6995573e+01 2.51e+01 3.96e+07  -6.0 6.13e+04    -  8.52e-04 1.86e-04h  2
 495  2.6985996e+01 2.51e+01 3.71e+07  -6.0 6.64e+04    -  1.61e-07 3.55e-04h  1
 496  2.6985994e+01 2.51e+01 6.58e+07  -6.0 8.11e+04    -  3.33e-03 8.93e-08h  2
 497  2.6943538e+01 2.52e+01 5.29e+07  -6.0 8.58e+04    -  2.83e-04 1.72e-03h  1
 498  2.6932407e+01 2.52e+01 7.42e+07  -6.0 1.36e+05    -  3.56e-03 3.99e-04h  1
 499  2.6860270e+01 2.82e+01 8.80e+07  -6.0 2.16e+05    -  5.25e-03 2.10e-03h  1
iter    objective    inf_pr   inf_du lg(mu)  ||d||  lg(rg) alpha_du alpha_pr  ls
 500  2.6842472e+01 2.82e+01 2.15e+08  -6.0 1.18e+05    -  1.16e-02 9.26e-04h  1
 501  2.6719202e+01 4.07e+01 1.52e+08  -6.0 1.51e+05    -  4.08e-04 6.44e-03h  1
 502  2.6718478e+01 4.07e+01 1.88e+08  -6.0 1.97e+05    -  4.81e-03 2.47e-05h  1
 503  2.6545594e+01 6.71e+01 1.70e+08  -6.0 1.95e+05    -  3.96e-03 5.95e-03h  1
 504r 2.6545594e+01 6.71e+01 1.00e+03   1.6 0.00e+00    -  0.00e+00 5.60e-09R  2
 505r 2.6545465e+01 6.71e+01 2.96e+05   1.6 7.73e+04    -  1.43e-07 5.24e-09f  1
 506r 2.6545465e+01 6.71e+01 9.99e+02   1.6 0.00e+00    -  0.00e+00 5.07e-09R  6
 507r 2.6545448e+01 6.71e+01 2.20e+05   1.6 2.51e+05    -  1.29e-07 4.53e-10f  1
 508  2.6545304e+01 6.71e+01 1.98e+02  -6.0 3.99e+03    -  8.28e-06 4.28e-06h  1
 509  2.6545214e+01 6.71e+01 1.01e+02  -6.0 7.50e+03    -  8.29e-06 2.55e-06h  1
iter    objective    inf_pr   inf_du lg(mu)  ||d||  lg(rg) alpha_du alpha_pr  ls
 510  2.6545155e+01 6.71e+01 1.88e+04  -6.0 9.05e+03    -  1.68e-03 1.79e-06h  1
 511  2.6545114e+01 6.71e+01 2.14e+04  -6.0 1.95e+04    -  1.02e-08 1.45e-06h  1
 512  2.6545106e+01 6.71e+01 3.26e+04  -6.0 4.98e+04    -  1.21e-05 2.52e-07h  2
 513  2.6545100e+01 6.71e+01 3.45e+04  -6.0 5.42e+04    -  8.03e-07 1.55e-07h  2
 514  2.6545079e+01 6.71e+01 3.47e+06  -6.0 6.03e+04    -  1.05e-03 3.65e-07h  1
 515  2.6544291e+01 6.71e+01 3.43e+06  -6.0 6.69e+04    -  1.04e-06 1.24e-05h  1
 516  2.6544288e+01 6.71e+01 3.58e+06  -6.0 1.12e+05    -  2.56e-05 1.12e-07h  2
 517  2.6543807e+01 6.71e+01 5.26e+07  -6.0 1.12e+05    -  8.23e-03 1.79e-05h  1
 518r 2.6543807e+01 6.71e+01 1.00e+03   1.6 0.00e+00    -  0.00e+00 7.01e-09R  2
 519r 2.6543741e+01 6.71e+01 3.00e+05   1.6 3.13e+05    -  1.44e-07 1.92e-09f  1
iter    objective    inf_pr   inf_du lg(mu)  ||d||  lg(rg) alpha_du alpha_pr  ls
 520r 2.6543741e+01 6.71e+01 9.99e+02   1.6 0.00e+00    -  0.00e+00 7.03e-08R  2
 521r 2.6543714e+01 6.71e+01 2.21e+05   1.6 5.44e+05    -  5.54e-08 4.55e-10f  1
 522  2.6543570e+01 6.71e+01 1.93e+02  -6.0 3.97e+03    -  8.15e-06 4.26e-06h  1
 523  2.6543480e+01 6.71e+01 1.01e+02  -6.0 7.46e+03    -  8.30e-06 2.57e-06h  1
 524  2.6543417e+01 6.71e+01 1.67e+04  -6.0 8.94e+03    -  1.48e-03 1.88e-06h  1
 525  2.6543278e+01 6.71e+01 8.08e+03  -6.0 1.29e+04    -  1.08e-05 5.25e-06h  1
 526r 2.6543278e+01 6.71e+01 1.00e+03   1.6 0.00e+00    -  0.00e+00 3.03e-09R  7
 527r 2.6543278e+01 6.71e+01 2.13e+05   1.6 7.48e+04    -  5.49e-08 7.62e-12f  1
 528r 2.6543278e+01 6.71e+01 9.99e+02   1.6 0.00e+00    -  0.00e+00 1.24e-09R  2
 529r 2.6543192e+01 6.71e+01 2.21e+05   1.6 2.21e+06    -  1.31e-08 4.53e-10f  1
iter    objective    inf_pr   inf_du lg(mu)  ||d||  lg(rg) alpha_du alpha_pr  ls
 530  2.6543049e+01 6.71e+01 3.51e+02  -6.0 3.94e+03    -  1.13e-05 4.22e-06h  1
 531  2.6542938e+01 6.71e+01 1.01e+02  -6.0 7.55e+03    -  7.57e-06 3.17e-06h  1
 532  2.6542893e+01 6.71e+01 1.15e+04  -6.0 9.55e+03    -  1.08e-03 1.39e-06h  1
 533  2.6542669e+01 6.71e+01 9.00e+03  -6.0 1.31e+04    -  1.09e-05 8.51e-06h  1
 534  2.6542002e+01 6.71e+01 9.60e+03  -6.0 1.34e+04    -  1.38e-04 2.11e-05h  1
 535r 2.6542002e+01 6.71e+01 1.00e+03   1.6 0.00e+00    -  0.00e+00 6.43e-09R  2
 536r 2.6541724e+01 6.71e+01 2.61e+05   1.6 9.01e+06    -  2.23e-08 7.47e-10f  1
 537r 2.6541724e+01 6.71e+01 9.99e+02   1.6 0.00e+00    -  0.00e+00 3.42e-08R  3
 538r 2.6541701e+01 6.71e+01 2.20e+05   1.6 4.29e+05    -  7.14e-08 4.53e-10f  1
 539  2.6541557e+01 6.71e+01 2.13e+02  -6.0 3.83e+03    -  8.52e-06 4.23e-06h  1
iter    objective    inf_pr   inf_du lg(mu)  ||d||  lg(rg) alpha_du alpha_pr  ls
 540  2.6541462e+01 6.71e+01 1.01e+02  -6.0 6.94e+03    -  8.16e-06 2.67e-06h  1
 541  2.6541405e+01 6.71e+01 1.14e+04  -6.0 9.09e+03    -  1.02e-03 1.72e-06h  1
 542  2.6541293e+01 6.71e+01 5.09e+03  -6.0 1.17e+04    -  1.07e-05 4.19e-06h  1
 543  2.6541289e+01 6.71e+01 2.45e+05  -6.0 1.06e+04    -  7.39e-04 1.14e-07h  2
 544  2.6539705e+01 6.71e+01 2.35e+05  -6.0 2.72e+04    -  1.52e-05 2.93e-05h  1
 545  2.6534025e+01 6.71e+01 4.14e+05  -6.0 2.63e+04    -  3.32e-04 1.04e-04h  1
 546r 2.6534025e+01 6.71e+01 1.00e+03   1.6 0.00e+00    -  0.00e+00 1.79e-08R  2
 547r 2.6534006e+01 6.71e+01 2.68e+05   1.6 7.41e+04    -  1.59e-07 8.77e-10f  1
 548r 2.6534006e+01 6.71e+01 9.99e+02   1.6 0.00e+00    -  0.00e+00 3.89e-08R  2
 549r 2.6533966e+01 6.71e+01 2.21e+05   1.6 9.16e+05    -  3.22e-08 4.54e-10f  1
iter    objective    inf_pr   inf_du lg(mu)  ||d||  lg(rg) alpha_du alpha_pr  ls
 550  2.6533821e+01 6.71e+01 2.00e+02  -6.0 3.91e+03    -  8.28e-06 4.26e-06h  1
 551  2.6533728e+01 6.71e+01 1.01e+02  -6.0 7.12e+03    -  8.26e-06 2.61e-06h  1
 552  2.6533670e+01 6.71e+01 1.28e+04  -6.0 9.07e+03    -  1.14e-03 1.77e-06h  1
 553  2.6533496e+01 6.71e+01 7.82e+03  -6.0 1.34e+04    -  1.07e-05 6.58e-06h  1
 554  2.6533374e+01 6.71e+01 4.43e+04  -6.0 1.39e+04    -  1.05e-03 3.87e-06h  1
 555  2.6530778e+01 6.71e+01 3.10e+04  -6.0 3.08e+04    -  2.14e-05 4.89e-05h  1
 556r 2.6530778e+01 6.71e+01 1.00e+03   1.6 0.00e+00    -  0.00e+00 2.90e-09R  6
 557r 2.6530778e+01 6.71e+01 1.57e+05   1.6 4.58e+05    -  1.59e-07 2.77e-12f  1
 558r 2.6530778e+01 6.71e+01 9.99e+02   1.6 0.00e+00    -  0.00e+00 8.29e-10R  2
 559r 2.6530692e+01 6.71e+01 2.21e+05   1.6 2.23e+06    -  1.30e-08 4.53e-10f  1
iter    objective    inf_pr   inf_du lg(mu)  ||d||  lg(rg) alpha_du alpha_pr  ls
 560  2.6530548e+01 6.71e+01 1.92e+02  -6.0 4.00e+03    -  8.10e-06 4.22e-06h  1
 561  2.6530459e+01 6.71e+01 1.01e+02  -6.0 7.51e+03    -  8.28e-06 2.56e-06h  1
 562  2.6530396e+01 6.71e+01 1.28e+04  -6.0 9.03e+03    -  1.13e-03 1.87e-06h  1
 563  2.6530222e+01 6.71e+01 7.76e+03  -6.0 1.32e+04    -  1.07e-05 6.57e-06h  1
 564  2.6529486e+01 6.71e+01 8.78e+03  -6.0 1.36e+04    -  1.98e-04 2.31e-05h  1
 565  2.6529477e+01 6.71e+01 2.18e+04  -6.0 3.08e+04    -  4.42e-05 1.67e-07h  2
 566  2.6529473e+01 6.71e+01 3.08e+05  -6.0 3.07e+04    -  5.73e-04 8.38e-08h  2
 567  2.6529321e+01 6.71e+01 4.44e+05  -6.0 6.45e+04    -  4.37e-05 2.23e-06h  1
 568  2.6528648e+01 6.71e+01 1.03e+06  -6.0 6.86e+04    -  1.76e-04 1.01e-05h  1
 569  2.6528362e+01 6.71e+01 1.36e+06  -6.0 1.11e+05    -  6.99e-05 1.05e-05h  1
iter    objective    inf_pr   inf_du lg(mu)  ||d||  lg(rg) alpha_du alpha_pr  ls
 570  2.6523837e+01 6.71e+01 8.99e+06  -6.0 1.11e+05    -  1.52e-03 1.66e-04f  1
 571r 2.6523837e+01 6.71e+01 1.00e+03   1.6 0.00e+00    -  0.00e+00 1.44e-10R  2
 572r 2.6522762e+01 6.71e+01 2.59e+05   1.6 2.51e+07    -  7.41e-10 1.13e-09f  1
 573r 2.6522762e+01 6.71e+01 9.99e+02   1.6 0.00e+00    -  0.00e+00 5.11e-08R  2
 574r 2.6522726e+01 6.71e+01 2.21e+05   1.6 7.86e+05    -  3.78e-08 4.54e-10f  1
 575  2.6522582e+01 6.71e+01 1.92e+02  -6.0 4.00e+03    -  8.14e-06 4.26e-06h  1
 576  2.6522493e+01 6.71e+01 1.01e+02  -6.0 7.57e+03    -  8.31e-06 2.51e-06h  1
 577  2.6522429e+01 6.71e+01 1.81e+04  -6.0 9.03e+03    -  1.60e-03 1.92e-06h  1
 578  2.6522271e+01 6.71e+01 1.01e+04  -6.0 1.32e+04    -  1.07e-05 6.01e-06h  1
 579  2.6522184e+01 6.71e+01 2.82e+05  -6.0 1.33e+04    -  2.19e-03 2.59e-06h  1
iter    objective    inf_pr   inf_du lg(mu)  ||d||  lg(rg) alpha_du alpha_pr  ls
 580  2.6521280e+01 6.71e+01 3.01e+05  -6.0 6.60e+04    -  1.94e-05 1.35e-05h  1
 581r 2.6521280e+01 6.71e+01 1.00e+03   1.6 0.00e+00    -  0.00e+00 3.36e-09R  6
 582r 2.6521280e+01 6.71e+01 1.88e+05   1.6 7.28e+04    -  1.64e-07 5.96e-12f  1
 583r 2.6521280e+01 6.71e+01 9.99e+02   1.6 0.00e+00    -  0.00e+00 9.93e-10R  2
 584r 2.6521195e+01 6.71e+01 2.21e+05   1.6 2.23e+06    -  1.30e-08 4.53e-10f  1
 585  2.6521051e+01 6.71e+01 1.88e+02  -6.0 3.99e+03    -  8.03e-06 4.23e-06h  1
 586  2.6520963e+01 6.71e+01 1.01e+02  -6.0 7.55e+03    -  8.31e-06 2.52e-06h  1
 587  2.6520897e+01 6.71e+01 1.49e+04  -6.0 8.97e+03    -  1.32e-03 1.97e-06h  1
 588  2.6520733e+01 6.71e+01 8.60e+03  -6.0 1.33e+04    -  1.08e-05 6.24e-06h  1
 589  2.6519997e+01 6.71e+01 9.73e+03  -6.0 1.37e+04    -  2.13e-04 2.29e-05h  1
iter    objective    inf_pr   inf_du lg(mu)  ||d||  lg(rg) alpha_du alpha_pr  ls
 590r 2.6519997e+01 6.71e+01 1.00e+03   1.6 0.00e+00    -  0.00e+00 3.66e-09R  2
 591r 2.6519505e+01 6.71e+01 2.59e+05   1.6 1.50e+07    -  1.33e-08 7.98e-10f  1
 592r 2.6519505e+01 6.71e+01 9.99e+02   1.6 0.00e+00    -  0.00e+00 6.84e-08R  2
 593r 2.6519477e+01 6.71e+01 2.20e+05   1.6 5.56e+05    -  5.43e-08 4.53e-10f  1
 594  2.6519333e+01 6.71e+01 1.97e+02  -6.0 3.98e+03    -  8.21e-06 4.23e-06h  1
 595  2.6519241e+01 6.71e+01 1.01e+02  -6.0 7.08e+03    -  8.26e-06 2.60e-06h  1
 596  2.6519179e+01 6.71e+01 1.24e+04  -6.0 9.03e+03    -  1.10e-03 1.83e-06h  1
 597  2.6519037e+01 6.71e+01 6.15e+03  -6.0 1.31e+04    -  1.08e-05 5.39e-06h  1
 598r 2.6519037e+01 6.71e+01 1.00e+03   1.6 0.00e+00    -  0.00e+00 2.61e-09R  6
 599r 2.6519037e+01 6.71e+01 2.12e+05   1.6 7.21e+04    -  4.78e-08 5.65e-12f  1
iter    objective    inf_pr   inf_du lg(mu)  ||d||  lg(rg) alpha_du alpha_pr  ls
 600r 2.6519037e+01 6.71e+01 9.99e+02   1.6 0.00e+00    -  0.00e+00 2.94e-09R  2
 601r 2.6518953e+01 6.71e+01 2.21e+05   1.6 2.21e+06    -  1.31e-08 4.53e-10f  1
 602  2.6518809e+01 6.71e+01 2.80e+02  -6.0 3.96e+03    -  9.86e-06 4.21e-06h  1
 603  2.6518706e+01 6.71e+01 1.01e+02  -6.0 7.13e+03    -  7.81e-06 2.92e-06h  1
 604  2.6518653e+01 6.71e+01 1.02e+04  -6.0 9.40e+03    -  9.39e-04 1.59e-06h  1
 605  2.6518430e+01 6.71e+01 8.13e+03  -6.0 1.40e+04    -  1.08e-05 8.59e-06h  1
 606  2.6517912e+01 6.71e+01 2.50e+04  -6.0 1.51e+04    -  1.77e-03 1.77e-05h  1
 607  2.6517622e+01 6.71e+01 2.75e+04  -6.0 3.50e+04    -  3.74e-05 5.02e-06h  1
 608  2.6512278e+01 6.71e+01 1.75e+06  -6.0 3.50e+04    -  2.44e-03 9.23e-05f  1
 609  2.6511544e+01 6.71e+01 1.85e+06  -6.0 3.36e+04    -  1.37e-04 1.31e-05h  1
iter    objective    inf_pr   inf_du lg(mu)  ||d||  lg(rg) alpha_du alpha_pr  ls
 610  2.6511251e+01 6.71e+01 8.71e+06  -6.0 4.46e+04    -  6.28e-03 6.81e-06h  1
 611  2.6499636e+01 6.71e+01 8.25e+06  -6.0 6.05e+04    -  1.58e-04 3.21e-04h  1
 612  2.6494764e+01 6.71e+01 4.83e+07  -6.0 1.11e+05    -  7.90e-03 1.82e-04h  1
 613  2.6490523e+01 6.71e+01 5.12e+07  -6.0 1.11e+05    -  6.99e-04 1.55e-04h  1
 614r 2.6490523e+01 6.71e+01 1.00e+03   1.6 0.00e+00    -  0.00e+00 1.77e-09R  7
 615r 2.6490523e+01 6.71e+01 8.86e+04   1.6 7.17e+04    -  1.67e-07 1.12e-12f  1
 616r 2.6490523e+01 6.71e+01 9.99e+02   1.6 0.00e+00    -  0.00e+00 6.14e-10R  2
 617r 2.6490437e+01 6.71e+01 2.21e+05   1.6 2.26e+06    -  1.28e-08 4.53e-10f  1
 618  2.6490292e+01 6.71e+01 1.92e+02  -6.0 4.05e+03    -  8.16e-06 4.28e-06h  1
 619  2.6490205e+01 6.71e+01 1.01e+02  -6.0 7.63e+03    -  8.34e-06 2.48e-06h  1
iter    objective    inf_pr   inf_du lg(mu)  ||d||  lg(rg) alpha_du alpha_pr  ls
 620  2.6490141e+01 6.71e+01 1.43e+04  -6.0 9.05e+03    -  1.26e-03 1.91e-06h  1
 621  2.6489982e+01 6.71e+01 8.00e+03  -6.0 1.33e+04    -  1.07e-05 6.07e-06h  1
 622  2.6489230e+01 6.71e+01 9.27e+03  -6.0 1.37e+04    -  2.35e-04 2.33e-05h  1
 623r 2.6489230e+01 6.71e+01 1.00e+03   1.6 0.00e+00    -  0.00e+00 2.51e-09R  2
 624r 2.6488506e+01 6.71e+01 2.64e+05   1.6 2.23e+07    -  9.22e-09 7.89e-10f  1
 625r 2.6488506e+01 6.71e+01 9.99e+02   1.6 0.00e+00    -  0.00e+00 6.36e-08R  2
 626r 2.6488478e+01 6.71e+01 2.20e+05   1.6 5.75e+05    -  5.25e-08 4.53e-10f  1
 627  2.6488336e+01 6.71e+01 1.81e+02  -6.0 4.15e+03    -  7.87e-06 4.22e-06h  1
 628  2.6488246e+01 6.71e+01 1.01e+02  -6.0 7.22e+03    -  8.36e-06 2.54e-06h  1
 629  2.6488183e+01 6.71e+01 1.24e+04  -6.0 8.92e+03    -  1.10e-03 1.86e-06h  1
iter    objective    inf_pr   inf_du lg(mu)  ||d||  lg(rg) alpha_du alpha_pr  ls
 630  2.6488039e+01 6.71e+01 6.31e+03  -6.0 1.32e+04    -  1.07e-05 5.49e-06h  1
 631r 2.6488039e+01 6.71e+01 1.00e+03   1.6 0.00e+00    -  0.00e+00 6.36e-09R  4
 632r 2.6488039e+01 6.71e+01 2.12e+05   1.6 7.13e+04    -  4.78e-08 5.68e-12f  1
 633r 2.6488039e+01 6.71e+01 9.99e+02   1.6 0.00e+00    -  0.00e+00 2.18e-09R  2
 634r 2.6487954e+01 6.71e+01 2.21e+05   1.6 2.22e+06    -  1.31e-08 4.53e-10f  1
 635  2.6487812e+01 6.71e+01 2.52e+02  -6.0 4.13e+03    -  9.29e-06 4.20e-06h  1
 636  2.6487712e+01 6.71e+01 1.01e+02  -6.0 7.26e+03    -  7.92e-06 2.82e-06h  1
 637  2.6487657e+01 6.71e+01 1.05e+04  -6.0 9.16e+03    -  9.51e-04 1.66e-06h  1
 638  2.6487450e+01 6.71e+01 7.70e+03  -6.0 1.37e+04    -  1.08e-05 7.94e-06h  1
 639  2.6486878e+01 6.70e+01 1.90e+04  -6.0 1.46e+04    -  1.18e-03 1.92e-05h  1
iter    objective    inf_pr   inf_du lg(mu)  ||d||  lg(rg) alpha_du alpha_pr  ls
 640  2.6486764e+01 6.70e+01 4.59e+04  -6.0 3.51e+04    -  3.85e-05 1.76e-06h  1
 641  2.6481906e+01 6.70e+01 1.79e+06  -6.0 3.51e+04    -  1.53e-03 7.51e-05f  1
 642  2.6481731e+01 6.70e+01 1.94e+06  -6.0 3.42e+04    -  1.18e-04 2.84e-06h  1
 643  2.6477005e+01 6.70e+01 3.70e+06  -6.0 4.92e+04    -  1.08e-03 1.08e-04h  1
 644  2.6465077e+01 6.70e+01 3.63e+06  -6.0 4.70e+04    -  2.53e-04 2.80e-04f  1
 645r 2.6465077e+01 6.70e+01 1.00e+03   1.6 0.00e+00    -  0.00e+00 5.75e-09R  2
 646r 2.6465077e+01 6.70e+01 1.75e+05   1.6 7.11e+04    -  1.70e-07 5.59e-13f  1
 647r 2.6465077e+01 6.70e+01 9.99e+02   1.6 0.00e+00    -  0.00e+00 9.66e-10R  2
 648r 2.6464990e+01 6.70e+01 2.20e+05   1.6 2.31e+06    -  1.26e-08 4.54e-10f  1
 649  2.6464847e+01 6.70e+01 1.70e+02  -6.0 4.29e+03    -  7.72e-06 4.29e-06h  1
iter    objective    inf_pr   inf_du lg(mu)  ||d||  lg(rg) alpha_du alpha_pr  ls
 650  2.6464757e+01 6.70e+01 1.01e+02  -6.0 7.13e+03    -  8.51e-06 2.52e-06h  1
 651  2.6464697e+01 6.70e+01 1.56e+04  -6.0 8.54e+03    -  1.38e-03 1.78e-06h  1
 652  2.6464549e+01 6.70e+01 8.20e+03  -6.0 1.32e+04    -  1.07e-05 5.65e-06h  1
 653  2.6463839e+01 6.70e+01 1.58e+04  -6.0 1.41e+04    -  6.59e-04 2.31e-05h  1
 654  2.6463773e+01 6.70e+01 4.90e+04  -6.0 3.29e+04    -  4.03e-05 1.01e-06h  1
 655  2.6462374e+01 6.70e+01 3.50e+06  -6.0 3.28e+04    -  2.83e-03 2.15e-05f  1
 656  2.6462106e+01 6.70e+01 3.64e+06  -6.0 5.75e+04    -  6.28e-05 6.71e-06h  1
 657  2.6460037e+01 6.70e+01 2.48e+07  -6.0 6.18e+04    -  7.84e-03 5.32e-05f  1
 658  2.6459999e+01 6.70e+01 2.62e+07  -6.0 1.03e+05    -  1.23e-04 9.95e-07h  1
 659  2.6452309e+01 6.70e+01 6.07e+07  -6.0 1.04e+05    -  3.11e-03 2.01e-04h  1
iter    objective    inf_pr   inf_du lg(mu)  ||d||  lg(rg) alpha_du alpha_pr  ls
 660  2.6450582e+01 6.70e+01 6.48e+07  -6.0 1.22e+05    -  3.37e-04 4.61e-05h  1
 661  2.6432914e+01 6.70e+01 1.53e+08  -6.0 1.25e+05    -  6.64e-03 4.79e-04h  1
 662  2.6432807e+01 6.70e+01 1.70e+08  -6.0 1.73e+05    -  8.98e-04 3.02e-06h  1
 663  2.6429278e+01 6.70e+01 2.33e+08  -6.0 1.76e+05    -  3.31e-03 1.00e-04h  1
 664  2.6427630e+01 6.70e+01 2.56e+08  -6.0 1.97e+05    -  1.10e-03 5.69e-05h  1
 665  2.6309252e+01 6.67e+01 1.71e+08  -6.0 2.01e+05    -  1.05e-09 4.13e-03f  1
 666r 2.6309252e+01 6.67e+01 1.00e+03   1.6 0.00e+00    -  0.00e+00 7.80e-09R  2
 667r 2.6309213e+01 6.67e+01 6.74e+03   1.6 2.80e+05    -  1.89e-08 3.70e-10f  1
 668r 2.6309213e+01 6.67e+01 9.99e+02   1.6 0.00e+00    -  0.00e+00 1.85e-08R  2
 669r 2.6309157e+01 6.67e+01 2.22e+05   1.6 1.37e+06    -  2.11e-08 4.62e-10f  1
iter    objective    inf_pr   inf_du lg(mu)  ||d||  lg(rg) alpha_du alpha_pr  ls
 670  2.6309008e+01 6.67e+01 1.53e+02  -6.0 4.72e+03    -  7.60e-06 4.54e-06h  1
 671  2.6308979e+01 6.67e+01 1.93e+02  -6.0 7.66e+03    -  8.83e-06 8.25e-07h  1
 672  2.6308870e+01 6.67e+01 6.08e+03  -6.0 7.94e+03    -  4.64e-04 3.12e-06h  1
 673  2.6308805e+01 6.67e+01 2.31e+03  -6.0 1.15e+04    -  1.06e-05 2.68e-06h  1
 674  2.6307931e+01 6.67e+01 4.40e+03  -6.0 2.16e+04    -  7.78e-05 2.12e-05h  1
 675r 2.6307931e+01 6.67e+01 1.00e+03   1.6 0.00e+00    -  0.00e+00 7.99e-10R  2
 676r 2.6307894e+01 6.67e+01 3.73e+05   1.6 6.62e+07    -  1.68e-09 1.00e-10f  1
 677r 2.6307894e+01 6.67e+01 9.99e+02   1.6 0.00e+00    -  0.00e+00 1.08e-09R  7
 678r 2.6307855e+01 6.67e+01 2.19e+05   1.6 9.00e+05    -  3.26e-08 4.56e-10f  1
 679  2.6307707e+01 6.67e+01 1.64e+02  -6.0 4.50e+03    -  7.77e-06 4.46e-06h  1
iter    objective    inf_pr   inf_du lg(mu)  ||d||  lg(rg) alpha_du alpha_pr  ls
 680  2.6307621e+01 6.67e+01 1.15e+02  -6.0 7.62e+03    -  8.72e-06 2.42e-06h  1
 681  2.6307568e+01 6.67e+01 1.05e+04  -6.0 8.72e+03    -  9.44e-04 1.59e-06h  1
 682  2.6307461e+01 6.67e+01 5.80e+03  -6.0 1.36e+04    -  1.06e-05 4.27e-06h  1
 683  2.6307261e+01 6.67e+01 1.18e+04  -6.0 1.46e+04    -  3.19e-04 6.14e-06h  1
 684  2.6306883e+01 6.67e+01 2.86e+04  -6.0 3.64e+04    -  2.19e-05 5.97e-06h  1
 685  2.6306542e+01 6.67e+01 9.61e+04  -6.0 3.92e+04    -  5.07e-05 5.34e-06f  1
 686r 2.6306542e+01 6.67e+01 1.00e+03   1.6 0.00e+00    -  0.00e+00 1.11e-08R  2
 687r 2.6306518e+01 6.67e+01 2.60e+05   1.6 3.04e+05    -  3.83e-09 7.70e-10f  1
 688r 2.6306518e+01 6.67e+01 9.99e+02   1.6 0.00e+00    -  0.00e+00 3.64e-08R  2
 689r 2.6306476e+01 6.67e+01 2.19e+05   1.6 9.99e+05    -  2.92e-08 4.56e-10f  1
iter    objective    inf_pr   inf_du lg(mu)  ||d||  lg(rg) alpha_du alpha_pr  ls
 690  2.6306328e+01 6.67e+01 1.62e+02  -6.0 4.48e+03    -  7.73e-06 4.46e-06h  1
 691  2.6306242e+01 6.67e+01 1.15e+02  -6.0 7.64e+03    -  8.74e-06 2.43e-06h  1
 692  2.6306187e+01 6.67e+01 1.36e+04  -6.0 8.70e+03    -  1.22e-03 1.64e-06h  1
 693  2.6306072e+01 6.67e+01 7.29e+03  -6.0 1.38e+04    -  1.06e-05 4.56e-06h  1
 694  2.6305841e+01 6.67e+01 1.26e+04  -6.0 1.47e+04    -  3.00e-04 7.17e-06h  1
 695  2.6305549e+01 6.67e+01 3.27e+04  -6.0 3.81e+04    -  2.34e-05 4.62e-06h  1
 696  2.6303730e+01 6.67e+01 1.78e+06  -6.0 4.24e+04    -  1.11e-03 2.86e-05f  1
 697  2.6303711e+01 6.67e+01 1.98e+06  -6.0 9.12e+04    -  5.68e-05 3.58e-07h  1
 698  2.6302109e+01 6.67e+01 3.48e+06  -6.0 9.16e+04    -  4.60e-04 2.94e-05f  1
 699  2.6301961e+01 6.67e+01 3.88e+06  -6.0 1.12e+05    -  9.70e-05 4.87e-06h  1
iter    objective    inf_pr   inf_du lg(mu)  ||d||  lg(rg) alpha_du alpha_pr  ls
 700  2.6298316e+01 6.67e+01 1.61e+07  -6.0 1.13e+05    -  2.98e-03 1.20e-04f  1
 701r 2.6298316e+01 6.67e+01 1.00e+03   1.6 0.00e+00    -  0.00e+00 1.95e-09R  6
 702r 2.6298283e+01 6.67e+01 2.85e+05   1.6 7.00e+04    -  8.47e-08 1.38e-09f  1
 703r 2.6298283e+01 6.67e+01 9.99e+02   1.6 0.00e+00    -  0.00e+00 4.21e-08R  2
 704r 2.6298250e+01 6.67e+01 2.19e+05   1.6 7.10e+05    -  4.17e-08 4.56e-10f  1
 705  2.6298097e+01 6.67e+01 1.62e+02  -6.0 4.56e+03    -  7.88e-06 4.62e-06h  1
 706  2.6298011e+01 6.67e+01 1.23e+02  -6.0 8.01e+03    -  8.89e-06 2.43e-06h  1
 707  2.6297960e+01 6.67e+01 9.98e+03  -6.0 8.51e+03    -  9.16e-04 1.53e-06h  1
 708  2.6297823e+01 6.67e+01 6.26e+03  -6.0 1.41e+04    -  1.07e-05 5.38e-06h  1
 709  2.6297753e+01 6.67e+01 1.71e+04  -6.0 1.43e+04    -  1.60e-04 2.12e-06h  1
iter    objective    inf_pr   inf_du lg(mu)  ||d||  lg(rg) alpha_du alpha_pr  ls
 710  2.6297228e+01 6.67e+01 4.50e+04  -6.0 6.10e+04    -  2.01e-05 8.07e-06h  1
 711r 2.6297228e+01 6.67e+01 1.00e+03   1.6 0.00e+00    -  0.00e+00 2.22e-09R  2
 712r 2.6297228e+01 6.67e+01 2.11e+05   1.6 7.01e+04    -  1.77e-07 4.65e-13f  1
 713r 2.6297228e+01 6.67e+01 9.99e+02   1.6 0.00e+00    -  0.00e+00 8.22e-10R  2
 714r 2.6297148e+01 6.67e+01 2.19e+05   1.6 2.11e+06    -  1.36e-08 4.56e-10f  1
 715  2.6296995e+01 6.67e+01 1.61e+02  -6.0 4.57e+03    -  7.90e-06 4.64e-06h  1
 716  2.6296963e+01 6.67e+01 1.91e+02  -6.0 8.06e+03    -  8.91e-06 8.99e-07h  1
 717  2.6296863e+01 6.67e+01 5.97e+03  -6.0 8.13e+03    -  4.67e-04 2.88e-06f  1
 718  2.6296769e+01 6.67e+01 2.64e+03  -6.0 1.33e+04    -  1.06e-05 3.88e-06h  1
 719  2.6296357e+01 6.67e+01 5.88e+03  -6.0 1.41e+04    -  1.55e-04 1.23e-05h  1
iter    objective    inf_pr   inf_du lg(mu)  ||d||  lg(rg) alpha_du alpha_pr  ls
 720  2.6295977e+01 6.67e+01 6.16e+03  -6.0 1.49e+04    -  2.93e-05 1.18e-05h  1
 721  2.6295972e+01 6.67e+01 1.13e+06  -6.0 6.19e+04    -  4.80e-04 7.77e-08h  2
 722  2.6295610e+01 6.67e+01 1.23e+06  -6.0 7.30e+04    -  4.18e-05 5.59e-06h  1
 723r 2.6295610e+01 6.67e+01 1.00e+03   1.6 0.00e+00    -  0.00e+00 2.12e-09R  6
 724r 2.6295610e+01 6.67e+01 1.49e+05   1.6 6.93e+04    -  1.78e-07 5.82e-13f  1
 725r 2.6295610e+01 6.67e+01 9.99e+02   1.6 0.00e+00    -  0.00e+00 9.34e-10R  2
 726r 2.6295531e+01 6.67e+01 2.19e+05   1.6 2.11e+06    -  1.36e-08 4.56e-10f  1
 727  2.6295377e+01 6.67e+01 1.65e+02  -6.0 4.55e+03    -  7.97e-06 4.64e-06h  1
 728  2.6295291e+01 6.67e+01 1.22e+02  -6.0 8.05e+03    -  8.88e-06 2.43e-06h  1
 729  2.6295241e+01 6.67e+01 8.95e+03  -6.0 8.55e+03    -  8.24e-04 1.52e-06h  1
iter    objective    inf_pr   inf_du lg(mu)  ||d||  lg(rg) alpha_du alpha_pr  ls
 730  2.6295102e+01 6.67e+01 5.79e+03  -6.0 1.42e+04    -  1.07e-05 5.47e-06h  1
 731  2.6294517e+01 6.67e+01 8.07e+03  -6.0 1.49e+04    -  1.69e-04 1.82e-05h  1
 732  2.6294409e+01 6.67e+01 8.83e+03  -6.0 1.46e+04    -  3.79e-05 3.25e-06h  1
 733  2.6294311e+01 6.67e+01 1.18e+06  -6.0 6.30e+04    -  4.94e-04 1.51e-06h  1
 734  2.6293992e+01 6.67e+01 1.28e+06  -6.0 7.37e+04    -  4.22e-05 4.94e-06h  1
 735  2.6293836e+01 6.67e+01 2.94e+06  -6.0 9.29e+04    -  4.76e-04 2.81e-06h  1
 736  2.6291874e+01 6.67e+01 3.00e+06  -6.0 9.32e+04    -  5.15e-05 3.59e-05h  1
 737  2.6291782e+01 6.67e+01 1.98e+07  -6.0 1.14e+05    -  3.94e-03 3.10e-06h  1
 738  2.6289817e+01 6.67e+01 1.99e+07  -6.0 1.14e+05    -  8.76e-05 6.66e-05h  1
 739  2.6289809e+01 6.67e+01 3.83e+07  -6.0 1.30e+05    -  1.28e-03 1.61e-07h  2
iter    objective    inf_pr   inf_du lg(mu)  ||d||  lg(rg) alpha_du alpha_pr  ls
 740  2.6287288e+01 6.66e+01 4.00e+07  -6.0 1.34e+05    -  1.73e-04 5.48e-05h  1
 741r 2.6287288e+01 6.66e+01 1.00e+03   1.6 0.00e+00    -  0.00e+00 2.11e-08R  2
 742r 2.6287288e+01 6.66e+01 4.45e+05   1.6 6.90e+04    -  1.78e-07 2.24e-13f  2
 743r 2.6287288e+01 6.66e+01 9.99e+02   1.6 0.00e+00    -  0.00e+00 5.89e-10R  2
 744r 2.6287208e+01 6.66e+01 2.19e+05   1.6 2.12e+06    -  1.36e-08 4.57e-10f  1
 745  2.6287057e+01 6.66e+01 1.65e+02  -6.0 4.72e+03    -  7.92e-06 4.60e-06h  1
 746  2.6287025e+01 6.66e+01 1.89e+02  -6.0 7.65e+03    -  8.84e-06 9.02e-07h  1
 747  2.6286942e+01 6.66e+01 5.25e+03  -6.0 8.24e+03    -  4.10e-04 2.40e-06h  1
 748  2.6286895e+01 6.66e+01 2.26e+03  -6.0 1.12e+04    -  1.01e-05 2.23e-06h  1
 749  2.6286269e+01 6.66e+01 3.11e+03  -6.0 2.02e+04    -  2.72e-05 1.45e-05h  1
iter    objective    inf_pr   inf_du lg(mu)  ||d||  lg(rg) alpha_du alpha_pr  ls
 750  2.6285752e+01 6.66e+01 2.86e+03  -6.0 1.48e+04    -  3.81e-09 1.60e-05h  1
 751r 2.6285752e+01 6.66e+01 1.00e+03   1.6 0.00e+00    -  0.00e+00 3.96e-09R  2
 752r 2.6285735e+01 6.66e+01 2.47e+05   1.6 1.35e+05    -  1.78e-07 6.18e-10f  1
 753r 2.6285735e+01 6.66e+01 9.99e+02   1.6 0.00e+00    -  0.00e+00 2.04e-08R  2
 754r 2.6285724e+01 6.66e+01 2.19e+05   1.6 7.11e+04    -  1.51e-07 4.56e-10f  1
 755  2.6285572e+01 6.66e+01 1.74e+02  -6.0 4.71e+03    -  8.10e-06 4.59e-06h  1
 756  2.6285539e+01 6.66e+01 1.85e+02  -6.0 7.58e+03    -  8.77e-06 9.51e-07h  1
 757  2.6285471e+01 6.66e+01 5.69e+03  -6.0 8.39e+03    -  4.45e-04 1.96e-06h  1
 758  2.6285445e+01 6.66e+01 6.61e+03  -6.0 1.88e+04    -  9.67e-06 9.66e-07h  1
 759  2.6285399e+01 6.66e+01 3.89e+05  -6.0 5.24e+04    -  1.47e-04 1.23e-06h  1
iter    objective    inf_pr   inf_du lg(mu)  ||d||  lg(rg) alpha_du alpha_pr  ls
 760  2.6284964e+01 6.66e+01 3.64e+05  -6.0 7.45e+04    -  1.41e-08 6.73e-06f  1
 761r 2.6284964e+01 6.66e+01 1.00e+03   1.6 0.00e+00    -  0.00e+00 4.40e-11R  2
 762r 2.6279156e+01 6.66e+01 2.52e+05   1.6 1.01e+08    -  7.04e-12 6.49e-10f  1
 763r 2.6279156e+01 6.66e+01 9.99e+02   1.6 0.00e+00    -  0.00e+00 3.54e-09R  6
 764r 2.6279114e+01 6.66e+01 2.19e+05   1.6 1.08e+06    -  2.64e-08 4.56e-10f  1
 765  2.6278964e+01 6.66e+01 3.25e+02  -6.0 4.99e+03    -  1.11e-05 4.52e-06h  1
 766  2.6278913e+01 6.66e+01 1.22e+02  -6.0 6.60e+03    -  7.97e-06 1.49e-06h  1
 767  2.6278739e+01 6.66e+01 3.70e+03  -6.0 7.03e+03    -  3.11e-04 5.17e-06h  1
 768  2.6278349e+01 6.66e+01 3.63e+03  -6.0 8.46e+03    -  1.35e-05 1.33e-05h  1
 769  2.6278045e+01 6.66e+01 2.46e+04  -6.0 8.68e+03    -  3.80e-03 1.04e-05h  1
iter    objective    inf_pr   inf_du lg(mu)  ||d||  lg(rg) alpha_du alpha_pr  ls
 770  2.6277333e+01 6.66e+01 2.42e+04  -6.0 1.70e+04    -  2.52e-06 1.75e-05h  1
 771  2.6272984e+01 6.66e+01 4.39e+04  -6.0 1.72e+04    -  2.39e-05 1.06e-04f  1
 772  2.6269331e+01 6.66e+01 4.04e+04  -6.0 1.95e+04    -  1.63e-04 8.78e-05h  1
 773  2.6262139e+01 6.66e+01 1.98e+05  -6.0 2.16e+04    -  3.81e-04 1.71e-04f  1
 774  2.6262132e+01 6.66e+01 1.77e+06  -6.0 3.61e+04    -  1.21e-03 1.55e-07h  2
 775  2.6259119e+01 6.66e+01 3.62e+06  -6.0 3.59e+04    -  1.51e-03 7.53e-05h  1
 776  2.6258446e+01 6.66e+01 4.54e+06  -6.0 3.94e+04    -  6.85e-04 2.33e-05h  1
 777  2.6250133e+01 6.66e+01 6.83e+06  -6.0 3.96e+04    -  1.93e-03 2.87e-04f  1
 778  2.6250128e+01 6.66e+01 9.67e+06  -6.0 2.53e+04    -  1.10e-03 1.52e-07h  2
 779  2.6213179e+01 6.65e+01 1.26e+07  -6.0 2.51e+04    -  2.13e-03 1.13e-03h  1
iter    objective    inf_pr   inf_du lg(mu)  ||d||  lg(rg) alpha_du alpha_pr  ls
 780  2.6200808e+01 6.65e+01 2.94e+07  -6.0 6.56e+04    -  3.11e-03 5.58e-04h  1
 781  2.6198576e+01 6.65e+01 7.62e+07  -6.0 9.69e+04    -  4.50e-03 1.63e-04h  1
 782  2.6198533e+01 6.65e+01 1.05e+08  -6.0 1.11e+05    -  2.18e-03 3.44e-06h  1
 783  2.6174887e+01 6.63e+01 1.08e+08  -6.0 1.13e+05    -  2.22e-03 1.97e-03h  1
 784r 2.6174887e+01 6.63e+01 1.00e+03   1.6 0.00e+00    -  0.00e+00 2.98e-08R  2
 785r 2.6174789e+01 6.63e+01 2.88e+05   1.6 6.70e+04    -  1.85e-07 3.52e-09f  1
 786r 2.6174789e+01 6.63e+01 9.99e+02   1.6 0.00e+00    -  0.00e+00 6.25e-08R  2
 787r 2.6174766e+01 6.63e+01 2.18e+05   1.6 4.72e+05    -  6.62e-08 4.58e-10f  1
 788  2.6174647e+01 6.63e+01 4.09e+02  -6.0 4.73e+03    -  1.18e-05 3.58e-06h  1
 789  2.6174591e+01 6.63e+01 1.01e+02  -6.0 8.68e+03    -  6.73e-06 1.56e-06h  1
iter    objective    inf_pr   inf_du lg(mu)  ||d||  lg(rg) alpha_du alpha_pr  ls
 790  2.6174481e+01 6.63e+01 6.03e+03  -6.0 1.14e+04    -  4.37e-04 3.16e-06h  1
 791  2.6174423e+01 6.63e+01 1.82e+03  -6.0 1.61e+04    -  1.05e-05 1.99e-06h  1
 792  2.6174330e+01 6.63e+01 1.30e+05  -6.0 1.62e+04    -  2.17e-03 3.31e-06h  1
 793  2.6173789e+01 6.63e+01 1.10e+05  -6.0 7.48e+04    -  1.09e-08 1.16e-05h  1
 794r 2.6173789e+01 6.63e+01 1.00e+03   1.6 0.00e+00    -  0.00e+00 1.20e-09R  2
 795r 2.6173770e+01 6.63e+01 1.54e+04   1.6 3.02e+05    -  1.45e-07 6.12e-10f  1
 796r 2.6173770e+01 6.63e+01 9.99e+02   1.6 0.00e+00    -  0.00e+00 1.95e-08R  2
 797r 2.6173732e+01 6.63e+01 2.18e+05   1.6 1.04e+06    -  2.88e-08 4.59e-10f  1
 798  2.6173612e+01 6.63e+01 4.01e+02  -6.0 4.75e+03    -  1.17e-05 3.58e-06h  1
 799  2.6173557e+01 6.63e+01 1.01e+02  -6.0 8.69e+03    -  6.74e-06 1.55e-06h  1
iter    objective    inf_pr   inf_du lg(mu)  ||d||  lg(rg) alpha_du alpha_pr  ls
 800  2.6173446e+01 6.63e+01 2.45e+04  -6.0 1.14e+04    -  1.75e-03 3.19e-06h  1
 801  2.6173388e+01 6.63e+01 7.05e+03  -6.0 1.62e+04    -  1.04e-05 1.99e-06h  1
 802  2.6173014e+01 6.63e+01 3.34e+04  -6.0 1.66e+04    -  1.99e-03 1.36e-05h  1
 803  2.6172448e+01 6.63e+01 3.15e+04  -6.0 7.43e+04    -  9.66e-09 1.22e-05h  1
 804  2.6170730e+01 6.63e+01 3.17e+04  -6.0 7.43e+04    -  3.83e-05 3.68e-05f  1
 805r 2.6170730e+01 6.63e+01 1.00e+03   1.6 0.00e+00    -  0.00e+00 1.13e-08R  2
 806r 2.6170729e+01 6.63e+01 1.87e+05   1.6 6.64e+04    -  1.90e-07 7.42e-12f  1
 807r 2.6170729e+01 6.63e+01 9.99e+02   1.6 0.00e+00    -  0.00e+00 6.60e-10R  2
 808r 2.6170680e+01 6.63e+01 2.18e+05   1.6 1.41e+06    -  2.11e-08 4.58e-10f  1
 809  2.6170561e+01 6.63e+01 3.98e+02  -6.0 4.76e+03    -  1.16e-05 3.57e-06h  1
iter    objective    inf_pr   inf_du lg(mu)  ||d||  lg(rg) alpha_du alpha_pr  ls
 810  2.6170505e+01 6.63e+01 1.01e+02  -6.0 8.70e+03    -  6.74e-06 1.55e-06h  1
 811  2.6170395e+01 6.63e+01 2.32e+04  -6.0 1.14e+04    -  1.66e-03 3.19e-06h  1
 812  2.6170338e+01 6.63e+01 6.68e+03  -6.0 1.62e+04    -  1.04e-05 1.93e-06h  1
 813  2.6169779e+01 6.63e+01 4.08e+04  -6.0 1.67e+04    -  2.68e-03 2.03e-05h  1
 814  2.6169490e+01 6.63e+01 5.52e+04  -6.0 7.42e+04    -  3.27e-05 6.19e-06h  1
 815  2.6168510e+01 6.63e+01 2.76e+05  -6.0 7.43e+04    -  1.51e-04 2.11e-05h  1
 816  2.6168505e+01 6.63e+01 4.40e+05  -6.0 8.96e+04    -  8.05e-05 2.37e-07h  2
 817  2.6167639e+01 6.63e+01 7.44e+05  -6.0 8.97e+04    -  1.95e-04 4.68e-05h  1
 818r 2.6167639e+01 6.63e+01 1.00e+03   1.6 0.00e+00    -  0.00e+00 4.50e-10R  2
 819r 2.6167518e+01 6.63e+01 8.41e+04   1.6 1.89e+07    -  1.63e-09 1.41e-10f  1
iter    objective    inf_pr   inf_du lg(mu)  ||d||  lg(rg) alpha_du alpha_pr  ls
 820r 2.6167518e+01 6.63e+01 9.99e+02   1.6 0.00e+00    -  0.00e+00 4.69e-09R  2
 821r 2.6167471e+01 6.63e+01 2.18e+05   1.6 1.31e+06    -  2.28e-08 4.59e-10f  1
 822  2.6167352e+01 6.63e+01 3.98e+02  -6.0 4.75e+03    -  1.16e-05 3.58e-06h  1
 823  2.6167296e+01 6.63e+01 1.01e+02  -6.0 8.69e+03    -  6.74e-06 1.55e-06h  1
 824  2.6167185e+01 6.63e+01 5.19e+03  -6.0 1.14e+04    -  3.76e-04 3.20e-06h  1
 825  2.6167130e+01 6.63e+01 1.56e+03  -6.0 1.62e+04    -  1.05e-05 1.87e-06h  1
 826  2.6166618e+01 6.63e+01 2.76e+04  -6.0 1.67e+04    -  2.11e-03 1.85e-05h  1
 827r 2.6166618e+01 6.63e+01 1.00e+03   1.6 0.00e+00    -  0.00e+00 7.21e-10R  2
 828r 2.6166576e+01 6.63e+01 2.25e+05   1.6 5.28e+07    -  2.71e-09 2.60e-10f  1
 829r 2.6166576e+01 6.63e+01 9.99e+02   1.6 0.00e+00    -  0.00e+00 1.03e-08R  2
iter    objective    inf_pr   inf_du lg(mu)  ||d||  lg(rg) alpha_du alpha_pr  ls
 830r 2.6166532e+01 6.63e+01 2.18e+05   1.6 1.23e+06    -  2.44e-08 4.59e-10f  1
 831  2.6166398e+01 6.63e+01 1.36e+03  -6.0 4.05e+03    -  3.15e-05 3.95e-06h  1
 832  2.6166304e+01 6.63e+01 4.53e+02  -6.0 8.57e+03    -  6.36e-06 2.64e-06h  1
 833  2.6166255e+01 6.63e+01 4.99e+03  -6.0 1.03e+04    -  3.91e-04 1.44e-06h  1
 834  2.6165740e+01 6.63e+01 8.71e+03  -6.0 1.75e+04    -  1.03e-05 1.86e-05h  1
 835r 2.6165740e+01 6.63e+01 1.00e+03   1.6 0.00e+00    -  0.00e+00 3.11e-09R  6
 836r 2.6165740e+01 6.63e+01 1.24e+05   1.6 8.78e+04    -  1.93e-07 2.09e-12f  1
 837r 2.6165740e+01 6.63e+01 9.99e+02   1.6 0.00e+00    -  0.00e+00 1.41e-08R  2
 838r 2.6165692e+01 6.63e+01 2.18e+05   1.6 1.33e+06    -  2.23e-08 4.58e-10f  1
 839  2.6165559e+01 6.63e+01 1.37e+03  -6.0 4.05e+03    -  3.16e-05 3.95e-06h  1
iter    objective    inf_pr   inf_du lg(mu)  ||d||  lg(rg) alpha_du alpha_pr  ls
 840  2.6165463e+01 6.63e+01 4.64e+02  -6.0 8.46e+03    -  6.36e-06 2.69e-06h  1
 841  2.6165409e+01 6.63e+01 4.99e+03  -6.0 9.82e+03    -  3.92e-04 1.55e-06h  1
 842  2.6164837e+01 6.63e+01 9.44e+03  -6.0 1.75e+04    -  1.04e-05 2.06e-05h  1
 843r 2.6164837e+01 6.63e+01 1.00e+03   1.6 0.00e+00    -  0.00e+00 5.06e-09R  5
 844r 2.6164837e+01 6.63e+01 1.23e+05   1.6 1.00e+05    -  1.93e-07 2.09e-12f  1
 845r 2.6164837e+01 6.63e+01 9.99e+02   1.6 0.00e+00    -  0.00e+00 1.57e-08R  2
 846r 2.6164790e+01 6.63e+01 2.18e+05   1.6 1.32e+06    -  2.26e-08 4.58e-10f  1
 847  2.6164657e+01 6.63e+01 1.38e+03  -6.0 4.04e+03    -  3.17e-05 3.95e-06h  1
 848  2.6164560e+01 6.63e+01 4.72e+02  -6.0 8.44e+03    -  6.36e-06 2.70e-06h  1
 849  2.6164507e+01 6.63e+01 5.21e+03  -6.0 9.75e+03    -  4.11e-04 1.53e-06h  1
iter    objective    inf_pr   inf_du lg(mu)  ||d||  lg(rg) alpha_du alpha_pr  ls
 850  2.6163942e+01 6.63e+01 9.76e+03  -6.0 1.76e+04    -  1.04e-05 2.04e-05h  1
 851r 2.6163942e+01 6.63e+01 1.00e+03   1.6 0.00e+00    -  0.00e+00 2.66e-09R  6
 852r 2.6163942e+01 6.63e+01 1.27e+05   1.6 9.67e+04    -  1.94e-07 2.19e-12f  1
 853r 2.6163942e+01 6.63e+01 9.99e+02   1.6 0.00e+00    -  0.00e+00 1.60e-08R  2
 854r 2.6163895e+01 6.63e+01 2.18e+05   1.6 1.32e+06    -  2.26e-08 4.58e-10f  1
 855  2.6163762e+01 6.63e+01 1.38e+03  -6.0 4.04e+03    -  3.19e-05 3.95e-06h  1
 856  2.6163665e+01 6.63e+01 4.77e+02  -6.0 8.43e+03    -  6.35e-06 2.71e-06h  1
 857  2.6163613e+01 6.63e+01 5.41e+03  -6.0 9.71e+03    -  4.29e-04 1.50e-06h  1
 858  2.6163049e+01 6.63e+01 1.02e+04  -6.0 1.76e+04    -  1.04e-05 2.04e-05h  1
 859r 2.6163049e+01 6.63e+01 1.00e+03   1.6 0.00e+00    -  0.00e+00 2.74e-09R  6
iter    objective    inf_pr   inf_du lg(mu)  ||d||  lg(rg) alpha_du alpha_pr  ls
 860r 2.6163049e+01 6.63e+01 1.30e+05   1.6 9.43e+04    -  1.95e-07 2.28e-12f  1
 861r 2.6163049e+01 6.63e+01 9.99e+02   1.6 0.00e+00    -  0.00e+00 1.62e-08R  2
 862r 2.6163002e+01 6.63e+01 2.18e+05   1.6 1.31e+06    -  2.26e-08 4.58e-10f  1
 863  2.6162869e+01 6.63e+01 1.39e+03  -6.0 4.04e+03    -  3.20e-05 3.95e-06h  1
 864  2.6162771e+01 6.63e+01 4.83e+02  -6.0 8.42e+03    -  6.35e-06 2.72e-06h  1
 865  2.6162720e+01 6.63e+01 5.59e+03  -6.0 9.68e+03    -  4.45e-04 1.47e-06h  1
 866  2.6162158e+01 6.63e+01 1.05e+04  -6.0 1.76e+04    -  1.03e-05 2.03e-05h  1
 867r 2.6162158e+01 6.63e+01 1.00e+03   1.6 0.00e+00    -  0.00e+00 2.80e-09R  6
 868r 2.6162158e+01 6.63e+01 1.33e+05   1.6 9.21e+04    -  1.95e-07 2.36e-12f  1
 869r 2.6162158e+01 6.63e+01 9.99e+02   1.6 0.00e+00    -  0.00e+00 1.64e-08R  2
iter    objective    inf_pr   inf_du lg(mu)  ||d||  lg(rg) alpha_du alpha_pr  ls
 870r 2.6162111e+01 6.63e+01 2.18e+05   1.6 1.31e+06    -  2.27e-08 4.58e-10f  1
 871  2.6161978e+01 6.63e+01 1.39e+03  -6.0 4.04e+03    -  3.21e-05 3.95e-06h  1
 872  2.6161880e+01 6.63e+01 4.88e+02  -6.0 8.41e+03    -  6.35e-06 2.73e-06h  1
 873  2.6161830e+01 6.63e+01 5.75e+03  -6.0 9.66e+03    -  4.58e-04 1.44e-06h  1
 874  2.6161269e+01 6.63e+01 1.08e+04  -6.0 1.77e+04    -  1.03e-05 2.03e-05h  1
 875r 2.6161269e+01 6.63e+01 1.00e+03   1.6 0.00e+00    -  0.00e+00 2.86e-09R  6
 876r 2.6161269e+01 6.63e+01 1.35e+05   1.6 9.03e+04    -  1.96e-07 2.43e-12f  1
 877r 2.6161269e+01 6.63e+01 9.99e+02   1.6 0.00e+00    -  0.00e+00 1.66e-08R  2
 878r 2.6161222e+01 6.63e+01 2.18e+05   1.6 1.31e+06    -  2.27e-08 4.58e-10f  1
 879  2.6161089e+01 6.63e+01 1.40e+03  -6.0 4.03e+03    -  3.22e-05 3.95e-06h  1
iter    objective    inf_pr   inf_du lg(mu)  ||d||  lg(rg) alpha_du alpha_pr  ls
 880  2.6160990e+01 6.63e+01 4.93e+02  -6.0 8.40e+03    -  6.35e-06 2.74e-06h  1
 881  2.6160942e+01 6.63e+01 5.89e+03  -6.0 9.64e+03    -  4.70e-04 1.41e-06h  1
 882  2.6160382e+01 6.63e+01 1.11e+04  -6.0 1.77e+04    -  1.03e-05 2.03e-05h  1
 883r 2.6160382e+01 6.63e+01 1.00e+03   1.6 0.00e+00    -  0.00e+00 2.92e-09R  6
 884r 2.6160382e+01 6.63e+01 1.37e+05   1.6 8.88e+04    -  1.97e-07 2.49e-12f  1
 885r 2.6160382e+01 6.63e+01 9.99e+02   1.6 0.00e+00    -  0.00e+00 1.68e-08R  2
 886r 2.6160335e+01 6.63e+01 2.18e+05   1.6 1.30e+06    -  2.27e-08 4.58e-10f  1
 887  2.6160202e+01 6.63e+01 1.41e+03  -6.0 4.03e+03    -  3.24e-05 3.95e-06h  1
 888  2.6160103e+01 6.63e+01 4.99e+02  -6.0 8.39e+03    -  6.35e-06 2.75e-06h  1
 889  2.6160055e+01 6.63e+01 6.01e+03  -6.0 9.62e+03    -  4.81e-04 1.38e-06h  1
iter    objective    inf_pr   inf_du lg(mu)  ||d||  lg(rg) alpha_du alpha_pr  ls
 890  2.6159497e+01 6.63e+01 1.14e+04  -6.0 1.77e+04    -  1.03e-05 2.02e-05h  1
 891r 2.6159497e+01 6.63e+01 1.00e+03   1.6 0.00e+00    -  0.00e+00 2.96e-09R  6
 892r 2.6159497e+01 6.63e+01 1.38e+05   1.6 8.75e+04    -  1.97e-07 2.54e-12f  1
 893r 2.6159497e+01 6.63e+01 9.99e+02   1.6 0.00e+00    -  0.00e+00 1.69e-08R  2
 894r 2.6159450e+01 6.63e+01 2.18e+05   1.6 1.30e+06    -  2.28e-08 4.58e-10f  1
 895  2.6159317e+01 6.63e+01 1.41e+03  -6.0 4.03e+03    -  3.25e-05 3.95e-06h  1
 896  2.6159218e+01 6.63e+01 5.05e+02  -6.0 8.38e+03    -  6.35e-06 2.76e-06h  1
 897  2.6159171e+01 6.63e+01 6.12e+03  -6.0 9.61e+03    -  4.91e-04 1.34e-06h  1
 898  2.6158614e+01 6.63e+01 1.16e+04  -6.0 1.78e+04    -  1.02e-05 2.02e-05h  1
 899r 2.6158614e+01 6.63e+01 1.00e+03   1.6 0.00e+00    -  0.00e+00 3.00e-09R  6
iter    objective    inf_pr   inf_du lg(mu)  ||d||  lg(rg) alpha_du alpha_pr  ls
 900r 2.6158614e+01 6.63e+01 1.39e+05   1.6 8.64e+04    -  1.98e-07 2.59e-12f  1
 901r 2.6158614e+01 6.63e+01 9.99e+02   1.6 0.00e+00    -  0.00e+00 1.71e-08R  2
 902r 2.6158567e+01 6.63e+01 2.18e+05   1.6 1.30e+06    -  2.28e-08 4.58e-10f  1
 903  2.6158434e+01 6.63e+01 1.42e+03  -6.0 4.02e+03    -  3.27e-05 3.95e-06h  1
 904  2.6158334e+01 6.63e+01 5.11e+02  -6.0 8.38e+03    -  6.34e-06 2.77e-06h  1
 905  2.6158289e+01 6.63e+01 6.22e+03  -6.0 9.59e+03    -  4.99e-04 1.31e-06h  1
 906  2.6157732e+01 6.63e+01 1.18e+04  -6.0 1.78e+04    -  1.02e-05 2.02e-05h  1
 907r 2.6157732e+01 6.63e+01 1.00e+03   1.6 0.00e+00    -  0.00e+00 3.03e-09R  6
 908r 2.6157732e+01 6.63e+01 1.40e+05   1.6 8.55e+04    -  1.99e-07 2.63e-12f  1
 909r 2.6157732e+01 6.63e+01 9.99e+02   1.6 0.00e+00    -  0.00e+00 1.72e-08R  2
iter    objective    inf_pr   inf_du lg(mu)  ||d||  lg(rg) alpha_du alpha_pr  ls
 910r 2.6157686e+01 6.63e+01 2.18e+05   1.6 1.29e+06    -  2.28e-08 4.58e-10f  1
 911  2.6157553e+01 6.63e+01 1.43e+03  -6.0 4.02e+03    -  3.28e-05 3.95e-06h  1
 912  2.6157453e+01 6.63e+01 5.17e+02  -6.0 8.37e+03    -  6.34e-06 2.78e-06h  1
 913  2.6157409e+01 6.63e+01 6.31e+03  -6.0 9.58e+03    -  5.07e-04 1.27e-06h  1
 914  2.6156853e+01 6.63e+01 1.20e+04  -6.0 1.78e+04    -  1.02e-05 2.02e-05h  1
 915r 2.6156853e+01 6.63e+01 1.00e+03   1.6 0.00e+00    -  0.00e+00 3.06e-09R  6
 916r 2.6156853e+01 6.63e+01 1.41e+05   1.6 8.46e+04    -  2.00e-07 2.67e-12f  1
 917r 2.6156853e+01 6.63e+01 9.99e+02   1.6 0.00e+00    -  0.00e+00 1.73e-08R  2
 918r 2.6156807e+01 6.63e+01 2.18e+05   1.6 1.29e+06    -  2.28e-08 4.58e-10f  1
 919  2.6156674e+01 6.63e+01 1.44e+03  -6.0 4.02e+03    -  3.30e-05 3.95e-06h  1
iter    objective    inf_pr   inf_du lg(mu)  ||d||  lg(rg) alpha_du alpha_pr  ls
 920  2.6156573e+01 6.63e+01 5.24e+02  -6.0 8.36e+03    -  6.34e-06 2.79e-06h  1
 921  2.6156530e+01 6.63e+01 6.38e+03  -6.0 9.56e+03    -  5.14e-04 1.24e-06h  1
 922  2.6155976e+01 6.63e+01 1.21e+04  -6.0 1.79e+04    -  1.02e-05 2.01e-05h  1
 923r 2.6155976e+01 6.63e+01 1.00e+03   1.6 0.00e+00    -  0.00e+00 3.09e-09R  6
 924r 2.6155976e+01 6.63e+01 1.41e+05   1.6 8.39e+04    -  2.00e-07 2.70e-12f  1
 925r 2.6155976e+01 6.63e+01 9.99e+02   1.6 0.00e+00    -  0.00e+00 1.74e-08R  2
 926r 2.6155930e+01 6.63e+01 2.18e+05   1.6 1.29e+06    -  2.29e-08 4.58e-10f  1
 927  2.6155796e+01 6.63e+01 1.45e+03  -6.0 4.02e+03    -  3.32e-05 3.95e-06h  1
 928  2.6155696e+01 6.63e+01 5.31e+02  -6.0 8.35e+03    -  6.34e-06 2.81e-06h  1
 929  2.6155654e+01 6.63e+01 6.45e+03  -6.0 9.55e+03    -  5.20e-04 1.20e-06h  1
iter    objective    inf_pr   inf_du lg(mu)  ||d||  lg(rg) alpha_du alpha_pr  ls
 930  2.6155101e+01 6.63e+01 1.23e+04  -6.0 1.79e+04    -  1.01e-05 2.01e-05h  1
 931r 2.6155101e+01 6.63e+01 1.00e+03   1.6 0.00e+00    -  0.00e+00 3.11e-09R  6
 932r 2.6155101e+01 6.63e+01 1.42e+05   1.6 8.32e+04    -  2.01e-07 2.73e-12f  1
 933r 2.6155101e+01 6.63e+01 9.99e+02   1.6 0.00e+00    -  0.00e+00 1.75e-08R  2
 934r 2.6155054e+01 6.63e+01 2.18e+05   1.6 1.29e+06    -  2.29e-08 4.59e-10f  1
 935  2.6154921e+01 6.63e+01 1.46e+03  -6.0 4.01e+03    -  3.34e-05 3.95e-06h  1
 936  2.6154820e+01 6.63e+01 5.38e+02  -6.0 8.35e+03    -  6.34e-06 2.82e-06h  1
 937  2.6154779e+01 6.63e+01 6.51e+03  -6.0 9.54e+03    -  5.25e-04 1.17e-06h  1
 938  2.6154227e+01 6.63e+01 1.24e+04  -6.0 1.79e+04    -  1.01e-05 2.01e-05h  1
 939r 2.6154227e+01 6.63e+01 1.00e+03   1.6 0.00e+00    -  0.00e+00 3.13e-09R  6
iter    objective    inf_pr   inf_du lg(mu)  ||d||  lg(rg) alpha_du alpha_pr  ls
 940r 2.6154227e+01 6.63e+01 1.42e+05   1.6 8.26e+04    -  2.02e-07 2.75e-12f  1
 941r 2.6154227e+01 6.63e+01 9.99e+02   1.6 0.00e+00    -  0.00e+00 1.76e-08R  2
 942r 2.6154181e+01 6.63e+01 2.18e+05   1.6 1.28e+06    -  2.29e-08 4.59e-10f  1
 943  2.6154048e+01 6.63e+01 1.46e+03  -6.0 4.01e+03    -  3.35e-05 3.95e-06h  1
 944  2.6153946e+01 6.63e+01 5.46e+02  -6.0 8.34e+03    -  6.33e-06 2.83e-06h  1
 945  2.6153907e+01 6.63e+01 6.57e+03  -6.0 9.52e+03    -  5.30e-04 1.13e-06h  1
 946  2.6153356e+01 6.63e+01 1.25e+04  -6.0 1.80e+04    -  1.01e-05 2.00e-05h  1
 947r 2.6153356e+01 6.63e+01 1.00e+03   1.6 0.00e+00    -  0.00e+00 3.15e-09R  6
 948r 2.6153356e+01 6.63e+01 1.43e+05   1.6 8.21e+04    -  2.02e-07 2.77e-12f  1
 949r 2.6153356e+01 6.63e+01 9.99e+02   1.6 0.00e+00    -  0.00e+00 1.77e-08R  2
iter    objective    inf_pr   inf_du lg(mu)  ||d||  lg(rg) alpha_du alpha_pr  ls
 950r 2.6153309e+01 6.63e+01 2.18e+05   1.6 1.28e+06    -  2.29e-08 4.59e-10f  1
 951  2.6153176e+01 6.63e+01 1.47e+03  -6.0 4.01e+03    -  3.37e-05 3.95e-06h  1
 952  2.6153074e+01 6.63e+01 5.53e+02  -6.0 8.33e+03    -  6.33e-06 2.84e-06h  1
 953  2.6153036e+01 6.63e+01 6.62e+03  -6.0 9.51e+03    -  5.34e-04 1.10e-06h  1
 954  2.6152486e+01 6.63e+01 1.26e+04  -6.0 1.80e+04    -  1.01e-05 2.00e-05h  1
 955r 2.6152486e+01 6.63e+01 1.00e+03   1.6 0.00e+00    -  0.00e+00 3.17e-09R  6
 956r 2.6152486e+01 6.63e+01 1.43e+05   1.6 8.16e+04    -  2.03e-07 2.79e-12f  1
 957r 2.6152486e+01 6.63e+01 9.99e+02   1.6 0.00e+00    -  0.00e+00 1.78e-08R  2
 958r 2.6152439e+01 6.63e+01 2.18e+05   1.6 1.28e+06    -  2.30e-08 4.59e-10f  1
 959  2.6152306e+01 6.63e+01 1.48e+03  -6.0 4.00e+03    -  3.39e-05 3.95e-06h  1
iter    objective    inf_pr   inf_du lg(mu)  ||d||  lg(rg) alpha_du alpha_pr  ls
 960  2.6152204e+01 6.63e+01 5.61e+02  -6.0 8.33e+03    -  6.33e-06 2.86e-06h  1
 961  2.6152167e+01 6.63e+01 6.66e+03  -6.0 9.50e+03    -  5.38e-04 1.06e-06h  1
 962  2.6151618e+01 6.63e+01 1.27e+04  -6.0 1.80e+04    -  1.00e-05 2.00e-05h  1
 963r 2.6151618e+01 6.63e+01 1.00e+03   1.6 0.00e+00    -  0.00e+00 3.18e-09R  6
 964r 2.6151618e+01 6.63e+01 1.43e+05   1.6 8.12e+04    -  2.04e-07 2.81e-12f  1
 965r 2.6151618e+01 6.63e+01 9.99e+02   1.6 0.00e+00    -  0.00e+00 1.79e-08R  2
 966r 2.6151571e+01 6.63e+01 2.18e+05   1.6 1.28e+06    -  2.30e-08 4.59e-10f  1
 967  2.6151438e+01 6.63e+01 1.49e+03  -6.0 4.00e+03    -  3.41e-05 3.95e-06h  1
 968  2.6151335e+01 6.63e+01 5.70e+02  -6.0 8.32e+03    -  6.33e-06 2.87e-06h  1
 969  2.6151299e+01 6.63e+01 6.70e+03  -6.0 9.49e+03    -  5.42e-04 1.03e-06h  1
iter    objective    inf_pr   inf_du lg(mu)  ||d||  lg(rg) alpha_du alpha_pr  ls
 970  2.6150751e+01 6.63e+01 1.28e+04  -6.0 1.81e+04    -  1.00e-05 2.00e-05h  1
 971r 2.6150751e+01 6.63e+01 1.00e+03   1.6 0.00e+00    -  0.00e+00 3.19e-09R  6
 972r 2.6150751e+01 6.63e+01 1.43e+05   1.6 8.08e+04    -  2.04e-07 2.82e-12f  1
 973r 2.6150751e+01 6.63e+01 9.99e+02   1.6 0.00e+00    -  0.00e+00 1.80e-08R  2
 974r 2.6150705e+01 6.63e+01 2.18e+05   1.6 1.27e+06    -  2.30e-08 4.59e-10f  1
 975  2.6150572e+01 6.63e+01 1.50e+03  -6.0 3.99e+03    -  3.44e-05 3.95e-06h  1
 976  2.6150468e+01 6.63e+01 5.78e+02  -6.0 8.31e+03    -  6.33e-06 2.88e-06h  1
 977  2.6150434e+01 6.63e+01 6.73e+03  -6.0 9.48e+03    -  5.44e-04 9.88e-07h  1
 978  2.6149887e+01 6.63e+01 1.29e+04  -6.0 1.81e+04    -  9.99e-06 1.99e-05h  1
 979r 2.6149887e+01 6.63e+01 1.00e+03   1.6 0.00e+00    -  0.00e+00 3.20e-09R  6
iter    objective    inf_pr   inf_du lg(mu)  ||d||  lg(rg) alpha_du alpha_pr  ls
 980r 2.6149887e+01 6.63e+01 1.43e+05   1.6 8.05e+04    -  2.05e-07 2.83e-12f  1
 981r 2.6149887e+01 6.63e+01 9.99e+02   1.6 0.00e+00    -  0.00e+00 1.81e-08R  2
 982r 2.6149841e+01 6.63e+01 2.18e+05   1.6 1.27e+06    -  2.30e-08 4.59e-10f  1
 983  2.6149708e+01 6.63e+01 1.52e+03  -6.0 3.99e+03    -  3.46e-05 3.95e-06h  1
 984  2.6149603e+01 6.63e+01 5.87e+02  -6.0 8.31e+03    -  6.32e-06 2.90e-06h  1
 985  2.6149570e+01 6.63e+01 6.76e+03  -6.0 9.47e+03    -  5.47e-04 9.51e-07h  1
 986  2.6149024e+01 6.63e+01 1.29e+04  -6.0 1.81e+04    -  9.96e-06 1.99e-05h  1
 987r 2.6149024e+01 6.63e+01 1.00e+03   1.6 0.00e+00    -  0.00e+00 3.21e-09R  6
 988r 2.6149024e+01 6.63e+01 1.43e+05   1.6 8.02e+04    -  2.06e-07 2.84e-12f  1
 989r 2.6149024e+01 6.63e+01 9.99e+02   1.6 0.00e+00    -  0.00e+00 1.82e-08R  2
iter    objective    inf_pr   inf_du lg(mu)  ||d||  lg(rg) alpha_du alpha_pr  ls
 990r 2.6148978e+01 6.63e+01 2.18e+05   1.6 1.27e+06    -  2.31e-08 4.59e-10f  1
 991  2.6148845e+01 6.63e+01 1.53e+03  -6.0 3.99e+03    -  3.48e-05 3.96e-06h  1
 992  2.6148740e+01 6.63e+01 5.97e+02  -6.0 8.30e+03    -  6.32e-06 2.91e-06h  1
 993  2.6148708e+01 6.63e+01 6.78e+03  -6.0 9.46e+03    -  5.49e-04 9.14e-07h  1
 994  2.6148163e+01 6.63e+01 1.30e+04  -6.0 1.82e+04    -  9.94e-06 1.99e-05h  1
 995r 2.6148163e+01 6.63e+01 1.00e+03   1.6 0.00e+00    -  0.00e+00 3.22e-09R  6
 996r 2.6148163e+01 6.63e+01 1.43e+05   1.6 7.99e+04    -  2.06e-07 2.85e-12f  1
 997r 2.6148163e+01 6.63e+01 9.99e+02   1.6 0.00e+00    -  0.00e+00 1.83e-08R  2
 998r 2.6148117e+01 6.63e+01 2.18e+05   1.6 1.26e+06    -  2.31e-08 4.59e-10f  1
 999  2.6147984e+01 6.63e+01 1.54e+03  -6.0 3.98e+03    -  3.50e-05 3.96e-06h  1
iter    objective    inf_pr   inf_du lg(mu)  ||d||  lg(rg) alpha_du alpha_pr  ls
1000  2.6147879e+01 6.63e+01 6.06e+02  -6.0 8.30e+03    -  6.32e-06 2.92e-06h  1

Number of Iterations....: 1000

                                   (scaled)                 (unscaled)
Objective...............:   2.0428030087306144e+01    2.6147878511751866e+01
Dual infeasibility......:   6.0625976173836727e+02    7.7601249502511018e+02
Constraint violation....:   4.3609383643883724e+01    6.6285391652454564e+01
Complementarity.........:   9.9996474669654708e+03    1.2799548757715802e+04
Overall NLP error.......:   9.9996474669654708e+03    1.2799548757715802e+04


Number of objective function evaluations             = 1557
Number of objective gradient evaluations             = 812
Number of equality constraint evaluations            = 1558
Number of inequality constraint evaluations          = 1557
Number of equality constraint Jacobian evaluations   = 1127
Number of inequality constraint Jacobian evaluations = 1127
Number of Lagrangian Hessian evaluations             = 1000
Total CPU secs in IPOPT (w/o function evaluations)   =   1553.192
Total CPU secs in NLP function evaluations           =     36.421

EXIT: Maximum Number of Iterations Exceeded.
