
List of user-set options:

                                    Name   Value                used
                           compl_inf_tol = 1                     yes
                         constr_viol_tol = 1                     yes
                            dual_inf_tol = 1000                  yes
                           linear_solver = ma97                  yes
                              ma86_small = 1e-30                  no
                                  ma86_u = 0.0001                 no
                              ma97_order = best                  yes
                              ma97_small = 1e-30                 yes
                            ma97_switch1 = at_start              yes
                            ma97_switch2 = od_hd_reuse           yes
                                  ma97_u = 1e-06                 yes
                               ma97_umax = 0.5                   yes
                                max_iter = 1000                  yes
                    max_refinement_steps = 20                    yes
                    min_refinement_steps = 5                     yes
                                 mu_init = 1e-06                 yes
           mu_superlinear_decrease_power = 1.25                  yes
                   nlp_scaling_min_value = 1e-08                 yes
                        option_file_name = Preset_Case:_653_NCP.opt  yes
                             output_file = ./tmp/Preset_Case:_653_NCP.output  yes
                      print_user_options = yes                   yes
        required_infeasibility_reduction = 1                      no
                                     tol = 1e-08                 yes
                   warm_start_bound_frac = 1e-20                 yes
                   warm_start_bound_push = 1e-20                 yes
                   warm_start_init_point = yes                   yes
              warm_start_mult_bound_push = 1e-20                 yes
                warm_start_mult_init_max = 1e+40                 yes
             warm_start_slack_bound_frac = 1e-20                 yes
             warm_start_slack_bound_push = 1e-20                 yes

******************************************************************************
This program contains Ipopt, a library for large-scale nonlinear optimization.
 Ipopt is released as open source code under the Eclipse Public License (EPL).
         For more information visit http://projects.coin-or.org/Ipopt
******************************************************************************

This is Ipopt version 3.12.10, running with linear solver ma97.

Number of nonzeros in equality constraint Jacobian...:   117167
Number of nonzeros in inequality constraint Jacobian.:      213
Number of nonzeros in Lagrangian Hessian.............:    47513

Total number of variables............................:    29977
                     variables with only lower bounds:    11312
                variables with lower and upper bounds:    15135
                     variables with only upper bounds:        0
Total number of equality constraints.................:    29864
Total number of inequality constraints...............:       25
        inequality constraints with only lower bounds:        4
   inequality constraints with lower and upper bounds:        0
        inequality constraints with only upper bounds:       21

iter    objective    inf_pr   inf_du lg(mu)  ||d||  lg(rg) alpha_du alpha_pr  ls
   0 -1.4936634e-01 1.42e-01 2.00e+00  -6.0 0.00e+00    -  0.00e+00 0.00e+00   0
In iteration 0, 8 Slacks too small, adjusting variable bounds
   1 -1.4936634e-01 1.42e-01 1.08e+03  -6.0 1.09e+10    -  1.08e-13 2.00e-18h  1
   2 -1.4936607e-01 1.42e-01 1.62e+03  -6.0 2.68e+02    -  1.00e-02 6.20e-06f  1
   3 -1.4935751e-01 1.42e-01 1.55e+03  -6.0 2.25e+02    -  3.40e-02 2.17e-04h  1
   4 -1.4902939e-01 1.41e-01 1.47e+03  -6.0 4.12e+02    -  5.15e-02 6.64e-03h  4
   5 -1.4874082e-01 1.40e-01 1.36e+03  -6.0 2.30e+02    -  6.28e-02 7.10e-03h  4
   6 -1.4857694e-01 1.39e-01 1.26e+03  -6.0 2.45e+02    -  6.41e-02 3.88e-03h  5
   7 -1.4837823e-01 1.39e-01 1.11e+03  -6.0 3.06e+02    -  1.04e-01 4.34e-03h  5
   8 -1.4818644e-01 1.38e-01 1.05e+03  -6.0 3.25e+02    -  4.38e-02 3.44e-03h  5
   9 -1.4796728e-01 1.38e-01 1.02e+03  -6.0 3.36e+02    -  1.36e-01 4.54e-03h  5
iter    objective    inf_pr   inf_du lg(mu)  ||d||  lg(rg) alpha_du alpha_pr  ls
  10 -1.4783409e-01 1.37e-01 1.01e+03  -6.0 3.75e+02    -  2.42e-02 2.62e-03h  6
  11 -1.4769599e-01 1.37e-01 9.83e+02  -6.0 3.82e+02    -  1.80e-01 2.69e-03h  6
  12 -1.4748540e-01 1.36e-01 9.76e+02  -6.0 4.48e+02    -  2.21e-02 3.82e-03h  6
  13 -1.4727025e-01 1.36e-01 9.36e+02  -6.0 4.54e+02    -  1.75e-01 3.87e-03h  6
  14 -1.3686600e-01 1.95e+00 2.06e+04  -6.0 5.16e+02    -  2.58e-02 1.79e-01w  1
  15 -1.3685884e-01 1.95e+00 2.96e+05  -6.0 1.07e+02  -2.0 3.51e-02 1.31e-04w  1
  16 -1.3529866e-01 1.98e+00 5.89e+05  -6.0 1.11e+02  -2.5 9.54e-02 2.74e-02w  1
  17 -1.4710769e-01 1.35e-01 1.04e+03  -6.0 1.56e+02  -3.0 2.58e-02 2.80e-03h  6
  18 -1.4695878e-01 1.35e-01 1.26e+03  -6.0 5.15e+02    -  5.05e-02 2.61e-03h  7
  19 -1.4685478e-01 1.35e-01 1.64e+03  -6.0 2.93e+02  -3.4 4.95e-02 2.20e-03h  7
iter    objective    inf_pr   inf_du lg(mu)  ||d||  lg(rg) alpha_du alpha_pr  ls
  20 -1.4678092e-01 1.35e-01 2.71e+03  -6.0 2.03e+02  -3.0 1.02e-01 1.65e-03h  7
  21 -1.4679721e-01 1.35e-01 2.71e+03  -6.0 2.52e+03  -3.5 1.55e-03 1.85e-04h  7
  22 -1.4670388e-01 1.34e-01 4.07e+03  -6.0 2.22e+02  -3.1 8.85e-02 2.07e-03h  7
  23 -1.4672632e-01 1.34e-01 4.05e+03  -6.0 2.63e+03  -3.5 1.69e-03 1.97e-04h  7
  24 -1.4662009e-01 1.34e-01 7.76e+03  -6.0 2.35e+02  -3.1 1.92e-01 2.44e-03h  7
  25 -1.4662501e-01 1.34e-01 7.73e+03  -6.0 1.86e+03  -3.6 2.75e-03 4.95e-05h 10
  26 -1.4661333e-01 1.34e-01 1.04e+04  -6.0 2.59e+02  -3.2 1.03e-01 3.04e-04h  8
  27 -1.4835632e-01 2.84e+01 3.45e+04  -6.0 1.04e+03  -3.6 5.24e-03 4.89e-02w  1
  28 -1.4693462e-01 2.76e+01 3.36e+04  -6.0 5.83e+02    -  2.08e-01 2.65e-02w  1
  29 -1.2813113e-01 2.50e+01 4.03e+04  -6.0 6.14e+02    -  1.65e-01 3.67e-01w  1
iter    objective    inf_pr   inf_du lg(mu)  ||d||  lg(rg) alpha_du alpha_pr  ls
  30 -1.4661503e-01 1.34e-01 1.04e+04  -6.0 4.03e+02    -  5.24e-03 4.77e-05h 10
  31 -1.4660058e-01 1.34e-01 1.57e+04  -6.0 2.91e+02  -3.2 1.79e-01 3.87e-04h  7
  32 -1.4660025e-01 1.34e-01 1.59e+04  -6.0 5.56e+02  -3.7 9.95e-03 7.83e-05h  9
  33 -1.5114680e-01 2.91e+01 4.06e+04  -6.0 3.76e+03  -4.2 1.50e-03 1.35e-02h  1
  34 -1.5030660e-01 2.86e+01 4.00e+04  -6.0 6.65e+02    -  1.16e-03 1.41e-02h  3
  35 -1.4974986e-01 2.84e+01 3.96e+04  -6.0 6.62e+02    -  2.23e-01 9.59e-03h  4
  36 -1.4950557e-01 2.82e+01 3.95e+04  -6.0 6.79e+02    -  2.52e-02 4.28e-03h  7
  37 -1.4949089e-01 2.82e+01 3.95e+04  -6.0 6.79e+02    -  1.91e-01 2.59e-04h 11
  38 -1.4948311e-01 2.82e+01 3.95e+04  -6.0 6.63e+02    -  1.28e-06 1.30e-04h 11
  39 -1.4404884e-01 2.56e+01 3.56e+04  -6.0 6.55e+02    -  3.67e-02 8.93e-02h  1
iter    objective    inf_pr   inf_du lg(mu)  ||d||  lg(rg) alpha_du alpha_pr  ls
  40 -1.3857812e-01 2.30e+01 3.19e+04  -6.0 6.02e+02    -  1.07e-01 9.62e-02h  1
  41 -1.3847052e-01 2.30e+01 3.18e+04  -6.0 5.64e+02    -  4.51e-01 1.99e-03h  1
  42 -1.0500261e-01 8.89e+00 1.03e+04  -6.0 6.00e+02    -  4.49e-01 6.02e-01H  1
  43 -9.6799075e-02 6.04e+00 6.65e+03  -6.0 2.80e+02    -  5.98e-01 3.51e-01h  1
  44 -9.8519673e-02 5.24e+00 5.80e+03  -6.0 4.12e+02    -  1.76e-01 1.28e-01h  1
  45 -1.0422264e-01 1.64e+00 2.82e+03  -6.0 4.84e+02    -  1.60e-01 7.97e-01H  1
  46 -1.0585831e-01 9.79e-01 1.74e+03  -6.0 5.11e+01  -4.6 4.98e-01 4.15e-01h  1
  47 -1.0824649e-01 5.52e-01 5.30e+02  -6.0 6.30e+01  -5.1 2.31e-01 8.23e-01h  1
  48 -1.1536103e-01 1.01e+00 9.13e+03  -6.0 9.71e+01    -  4.96e-01 1.00e+00h  1
  49 -1.1506312e-01 9.79e-01 3.81e+04  -6.0 9.45e+01  -5.6 1.62e-01 3.20e-02h  1
iter    objective    inf_pr   inf_du lg(mu)  ||d||  lg(rg) alpha_du alpha_pr  ls
  50 -1.1466174e-01 9.35e-01 1.64e+04  -6.0 5.65e+01  -4.3 8.31e-02 4.49e-02h  1
  51 -1.1399273e-01 8.61e-01 3.10e+04  -6.0 6.63e+02    -  1.52e-01 7.89e-02h  3
  52 -1.1748568e-01 9.54e-01 2.42e+05  -6.0 4.63e+01  -4.7 9.56e-02 4.72e-01h  1
  53 -1.1763676e-01 9.34e-01 2.40e+05  -6.0 8.63e+01    -  1.02e-02 2.13e-02h  1
  54 -1.2365026e-01 2.36e-01 7.46e+03  -6.0 1.12e+02    -  3.95e-01 1.00e+00f  1
  55 -1.2385306e-01 2.29e-01 9.11e+03  -6.0 2.02e+01  -5.2 5.55e-01 3.19e-02h  1
  56 -1.2598592e-01 3.85e-02 1.83e+03  -6.0 9.30e+00  -4.8 2.50e-01 1.00e+00h  1
  57 -1.2944190e-01 8.99e-02 9.34e+02  -6.0 1.45e+01  -5.3 4.16e-01 8.16e-01h  1
  58 -1.3777013e-01 2.86e-01 3.77e+02  -6.0 3.56e+01  -5.7 4.24e-01 1.00e+00f  1
  59 -1.3940708e-01 2.04e-01 2.53e+02  -6.0 1.87e+01  -5.3 3.41e-01 3.75e-01h  1
iter    objective    inf_pr   inf_du lg(mu)  ||d||  lg(rg) alpha_du alpha_pr  ls
  60 -1.5112462e-01 2.88e+00 1.01e+03  -6.0 6.21e+01  -5.8 1.73e-01 1.00e+00f  1
  61 -1.7100708e-01 7.25e+00 8.20e+02  -6.0 1.47e+02  -6.3 2.40e-01 6.98e-01h  1
  62 -1.7869663e-01 7.03e+00 7.62e+02  -6.0 4.92e+02  -6.8 8.48e-02 8.97e-02h  1
  63 -1.7916329e-01 6.91e+00 7.73e+02  -6.0 1.79e+02  -7.2 8.21e-02 2.37e-02h  1
  64 -1.8243785e-01 6.39e+00 6.93e+02  -6.0 2.24e+03    -  1.08e-01 9.59e-02h  1
  65 -1.8468946e-01 6.85e+00 5.91e+02  -6.0 4.42e+03    -  1.16e-01 6.11e-02h  1
  66 -1.8803369e-01 7.81e+00 4.66e+02  -6.0 3.92e+03    -  1.96e-01 8.44e-02h  1
  67 -1.9295954e-01 7.19e+00 3.44e+02  -6.0 2.22e+03    -  4.88e-01 1.50e-01h  1
  68 -1.9856191e-01 7.34e+00 2.80e+02  -6.0 2.51e+03    -  1.99e-01 1.86e-01h  1
  69 -2.0255813e-01 7.41e+00 1.30e+03  -6.0 1.72e+03    -  7.48e-02 1.70e-01h  1
iter    objective    inf_pr   inf_du lg(mu)  ||d||  lg(rg) alpha_du alpha_pr  ls
  70 -2.0341431e-01 7.19e+00 1.56e+03  -6.0 3.47e+03    -  2.14e-01 3.71e-02h  1
  71 -2.0501286e-01 4.53e+00 1.42e+04  -6.0 2.25e+02  -7.7 8.61e-03 4.00e-01h  1
  72 -2.0724575e-01 3.55e+00 8.65e+03  -6.0 4.45e+02  -8.2 4.28e-01 3.08e-01h  1
  73 -2.1115657e-01 4.09e+00 6.44e+03  -6.0 8.84e+02  -8.7 1.61e-02 2.54e-01h  1
  74 -2.1134158e-01 3.72e+00 5.85e+03  -6.0 2.31e+02  -6.4 4.25e-04 9.10e-02h  1
  75 -2.1210807e-01 5.32e+00 2.65e+03  -6.0 2.16e+01  -6.0 9.60e-02 5.41e-01h  1
  76 -2.1233132e-01 4.54e+00 2.28e+03  -6.0 2.18e+01  -6.5 6.20e-01 1.46e-01h  1
  77 -2.1276190e-01 3.75e+00 1.88e+03  -6.0 5.49e+01  -7.0 5.28e-01 1.76e-01h  1
  78 -2.1277634e-01 3.68e+00 1.85e+03  -6.0 4.89e+00  -5.6 9.90e-01 1.76e-02h  1
  79 -2.1359087e-01 4.51e-01 2.59e+02  -6.0 8.69e+00  -6.1 1.00e+00 8.76e-01h  1
iter    objective    inf_pr   inf_du lg(mu)  ||d||  lg(rg) alpha_du alpha_pr  ls
  80 -2.1433742e-01 1.95e-01 1.36e+03  -6.0 2.35e+01  -6.6 7.65e-01 5.75e-01h  1
  81 -2.1615412e-01 5.08e-01 2.19e+03  -6.0 6.37e+01  -7.1 8.71e-01 7.40e-01h  1
  82 -2.1616905e-01 5.48e-01 1.60e+04  -6.0 1.08e+04  -7.5 9.51e-03 1.36e-03h  1
  83 -2.1616565e-01 5.49e-01 1.79e+04  -6.0 8.98e+03  -8.0 1.30e-03 2.03e-04h  5
  84 -2.1648169e-01 4.99e-01 2.67e+04  -6.0 1.38e+02  -7.6 4.33e-01 1.27e-01h  1
  85 -2.1856730e-01 8.59e-01 1.83e+04  -6.0 2.44e+02  -8.1 8.51e-01 4.67e-01h  1
  86 -2.1948184e-01 7.56e-01 3.36e+04  -6.0 7.93e+02  -8.5 3.01e-01 1.08e-01h  1
  87 -2.2081104e-01 4.28e-01 5.54e+04  -6.0 2.33e+02  -8.1 7.46e-01 4.04e-01h  1
  88 -2.2141929e-01 3.88e-01 7.48e+04  -6.0 6.62e+02  -8.6 1.56e-01 8.69e-02h  1
  89 -2.2160820e-01 3.78e-01 7.43e+06  -6.0 1.24e+03  -8.2 7.73e-04 2.61e-02h  1
iter    objective    inf_pr   inf_du lg(mu)  ||d||  lg(rg) alpha_du alpha_pr  ls
  90 -2.2176073e-01 3.68e-01 7.23e+06  -6.0 6.17e+02  -8.6 6.67e-02 2.71e-02h  1
  91 -2.2274488e-01 3.76e-01 4.51e+06  -6.0 3.02e+02  -8.2 1.67e-02 3.77e-01f  1
  92 -2.2298476e-01 3.80e-01 4.17e+06  -6.0 5.64e+02  -8.7 6.09e-04 7.48e-02h  1
  93 -2.2308635e-01 3.87e-01 3.89e+06  -6.0 8.08e+01  -6.5 9.92e-03 6.70e-02h  1
  94 -2.2307155e-01 3.87e-01 3.88e+06  -6.0 5.46e+02  -6.9 2.67e-05 1.66e-03h  4
  95 -2.2308981e-01 3.86e-01 3.87e+06  -6.0 2.19e+02  -6.5 4.23e-02 4.13e-03h  1
  96 -2.2410615e-01 1.67e+01 3.03e+03  -6.0 2.18e+01  -7.0 8.88e-01 1.00e+00f  1
  97 -2.2415282e-01 1.69e+01 3.02e+03  -6.0 8.39e+02  -7.5 1.89e-02 2.26e-03h  1
  98 -2.2478595e-01 8.12e+00 1.44e+03  -6.0 1.42e+02  -7.9 3.88e-01 5.21e-01h  1
  99 -2.2521888e-01 6.86e+00 1.19e+03  -6.0 3.92e+02  -8.4 4.21e-01 1.58e-01h  1
iter    objective    inf_pr   inf_du lg(mu)  ||d||  lg(rg) alpha_du alpha_pr  ls
 100 -2.2635240e-01 5.74e+00 9.69e+02  -6.0 9.52e+02  -8.9 4.53e-01 1.75e-01h  1
 101 -2.2766962e-01 6.16e+00 9.23e+02  -6.0 1.83e+04  -9.4 2.73e-02 4.77e-02h  1
 102 -2.2766954e-01 6.12e+00 9.18e+02  -6.0 7.64e+00   0.5 3.19e-03 5.46e-03h  1
 103 -2.2766847e-01 6.10e+00 9.15e+02  -6.0 7.63e+00  -0.0 1.04e-03 3.40e-03h  1
 104 -2.2766517e-01 6.07e+00 9.10e+02  -6.0 7.62e+00  -0.5 1.45e-03 5.45e-03h  1
 105 -2.2766428e-01 6.06e+00 9.09e+02  -6.0 7.58e+00  -0.1 8.11e-03 1.43e-03h  1
 106 -2.2766202e-01 6.04e+00 9.06e+02  -6.0 7.58e+00  -0.5 3.18e-03 3.29e-03h  1
 107 -2.2765690e-01 5.98e+00 8.97e+02  -6.0 7.57e+00  -0.1 2.78e-02 9.88e-03h  1
 108 -2.2765166e-01 5.93e+00 8.89e+02  -6.0 7.50e+00  -0.6 6.79e-03 8.61e-03h  1
 109 -2.2764136e-01 5.81e+00 8.71e+02  -6.0 7.44e+00  -0.2 6.29e-02 2.01e-02h  1
iter    objective    inf_pr   inf_du lg(mu)  ||d||  lg(rg) alpha_du alpha_pr  ls
 110 -2.2760621e-01 5.39e+00 8.09e+02  -6.0 7.31e+00  -0.6 3.39e-02 7.13e-02h  1
 111 -2.2758676e-01 5.16e+00 1.48e+03  -6.0 6.86e+00  -1.1 2.82e-01 4.27e-02h  1
 112 -2.2756079e-01 4.86e+00 1.69e+03  -6.0 6.72e+00  -1.6 1.50e-01 5.79e-02h  1
 113 -2.2710879e-01 1.67e-01 6.58e+03  -6.0 6.71e+00  -2.1 4.90e-01 1.00e+00h  1
 114 -2.2710588e-01 3.11e-04 2.65e+02  -6.0 6.38e-02  -2.6 7.48e-01 1.00e+00h  1
 115 -2.2713179e-01 6.15e-05 1.68e+02  -6.0 6.24e-02  -3.0 3.64e-01 7.73e-01h  1
 116 -2.2717849e-01 9.70e-05 6.60e+01  -6.0 1.25e-01  -3.5 6.07e-01 1.00e+00f  1
 117 -2.2721147e-01 1.12e-04 2.32e+01  -6.0 3.43e-01  -4.0 6.48e-01 2.02e-01h  1
 118 -2.2742462e-01 5.54e-03 1.04e+01  -6.0 8.19e-01  -4.5 5.50e-01 6.42e-01f  1
 119 -2.2748348e-01 7.00e-03 8.85e+00  -6.0 1.70e+00  -4.9 7.70e-01 1.39e-01f  1
iter    objective    inf_pr   inf_du lg(mu)  ||d||  lg(rg) alpha_du alpha_pr  ls
 120 -2.2757594e-01 2.64e-02 8.87e+00  -6.0 3.39e+00  -5.4 8.19e-01 1.58e-01f  1
 121 -2.2775451e-01 3.00e-01 6.69e+00  -6.0 1.03e+01  -5.9 4.46e-01 2.14e-01h  1
 122 -2.2794589e-01 4.95e-01 2.13e+01  -6.0 6.02e+01  -6.4 7.67e-02 3.15e-02h  1
 123 -2.2825724e-01 1.17e+00 6.32e+01  -6.0 6.39e+01  -6.8 2.71e-01 7.20e-02h  1
 124 -2.2832530e-01 1.14e+00 4.45e+01  -6.0 3.68e+01  -7.3 1.00e+00 6.33e-02h  1
 125 -2.2925716e-01 6.49e-02 2.78e+01  -6.0 9.27e+01  -7.8 5.83e-01 1.00e+00h  1
 126 -2.3086747e-01 3.67e-01 2.74e+01  -6.0 2.44e+02  -8.3 1.00e+00 9.91e-01h  1
 127 -2.3266124e-01 1.50e+00 1.09e+02  -6.0 7.96e+02  -8.8 2.89e-01 4.67e-01h  1
 128 -2.3272050e-01 1.48e+00 1.51e+02  -6.0 9.72e+02  -8.3 2.15e-01 9.65e-03h  1
 129 -2.3403032e-01 1.18e+00 2.20e+02  -6.0 5.85e+02  -8.8 1.00e+00 3.30e-01h  1
iter    objective    inf_pr   inf_du lg(mu)  ||d||  lg(rg) alpha_du alpha_pr  ls
 130 -2.3728065e-01 1.81e+00 1.40e+02  -6.0 1.09e+03  -9.3 4.61e-01 5.21e-01h  1
 131 -2.3756644e-01 1.57e+00 1.08e+02  -6.0 4.85e+02  -8.9 2.77e-01 1.48e-01h  1
 132 -2.3809271e-01 1.45e+00 1.71e+02  -6.0 1.10e+03  -9.3 6.09e-01 1.24e-01h  1
 133 -2.3813007e-01 1.42e+00 1.70e+02  -6.0 5.04e+02  -8.9 2.97e-02 1.99e-02h  1
Error in an AMPL evaluation. Run with "halt_on_ampl_error yes" to see details.
Warning: Cutting back alpha due to evaluation error
 134 -2.3908494e-01 1.36e+00 8.13e+01  -6.0 1.15e+03  -9.4 2.51e-02 2.32e-01f  2
 135 -2.3904632e-01 8.07e-01 7.41e+02  -6.0 1.05e+02  -7.2 1.43e-01 4.17e-01h  1
 136 -2.3907368e-01 3.21e-01 3.34e+02  -6.0 2.82e+01  -7.6 9.10e-01 6.09e-01h  1
 137 -2.3948284e-01 5.19e-01 1.92e+01  -6.0 8.11e+01  -8.1 6.66e-01 1.00e+00h  1
 138 -2.3971844e-01 5.29e-01 4.52e+01  -6.0 4.78e+02  -8.6 1.89e-01 1.40e-01h  1
 139 -2.4170875e-01 1.65e+00 6.20e+02  -6.0 6.12e+02  -9.1 1.00e+00 8.28e-01h  1
iter    objective    inf_pr   inf_du lg(mu)  ||d||  lg(rg) alpha_du alpha_pr  ls
 140 -2.4191795e-01 1.27e+00 1.63e+03  -6.0 2.29e+02  -8.6 4.25e-01 2.56e-01h  1
 141 -2.4220309e-01 4.79e-01 1.05e+03  -6.0 1.24e+02  -8.2 9.06e-01 7.23e-01h  1
 142 -2.4220440e-01 4.79e-01 1.04e+03  -6.0 1.33e+04  -7.8 5.80e-04 1.52e-04h  1
 143 -2.4222382e-01 4.50e-01 1.13e+03  -6.0 1.61e+02  -8.3 8.83e-02 6.40e-02h  1
 144 -2.4260646e-01 3.78e-01 2.01e+02  -6.0 2.44e+02  -8.7 3.71e-01 4.12e-01h  1
 145 -2.4277531e-01 3.58e-01 1.55e+03  -6.0 9.78e+02  -9.2 1.60e-01 9.36e-02h  1
 146 -2.4283466e-01 3.35e-01 6.48e+06  -6.0 6.27e+01  -7.9 3.46e-03 1.00e+00h  1
 147 -2.4282728e-01 2.53e-01 4.90e+06  -6.0 5.70e+00  -6.6 6.45e-01 2.44e-01h  1
 148 -2.4281687e-01 3.50e-02 6.77e+05  -6.0 2.13e+01  -7.0 5.03e-01 8.62e-01h  1
Error in an AMPL evaluation. Run with "halt_on_ampl_error yes" to see details.
Warning: Cutting back alpha due to evaluation error
 149 -2.4282314e-01 2.79e-02 5.34e+05  -6.0 1.48e+01  -7.5 1.05e-01 2.10e-01f  2
iter    objective    inf_pr   inf_du lg(mu)  ||d||  lg(rg) alpha_du alpha_pr  ls
 150 -2.4282457e-01 2.70e-02 5.16e+05  -6.0 8.87e+01  -7.1 6.58e-02 3.45e-02h  1
Error in an AMPL evaluation. Run with "halt_on_ampl_error yes" to see details.
Warning: Cutting back alpha due to evaluation error
 151 -2.4282707e-01 2.60e-02 4.98e+05  -6.0 5.11e+01  -7.6 2.60e-03 3.50e-02f  2
 152 -2.4282868e-01 2.17e-03 9.68e+00  -6.0 3.39e+00  -6.2 1.00e+00 1.00e+00h  1
 153 -2.4283170e-01 2.42e-04 9.37e-03  -6.0 2.39e+00  -6.7 1.00e+00 1.00e+00h  1
 154 -2.4283965e-01 1.67e-03 8.86e-03  -6.0 6.30e+00  -7.2 1.00e+00 1.00e+00h  1
 155 -2.4287206e-01 3.54e-03 4.05e-02  -6.0 1.89e+01  -7.7 1.00e+00 1.00e+00h  1
 156 -2.4297789e-01 3.74e-02 1.34e-01  -6.0 5.57e+01  -8.1 1.00e+00 1.00e+00h  1
 157 -2.4328373e-01 6.86e-02 3.12e-01  -6.0 1.59e+02  -8.6 1.00e+00 1.00e+00h  1
 158 -2.4396315e-01 3.00e-01 6.97e-01  -6.0 4.15e+02  -9.1 1.00e+00 1.00e+00h  1
 159 -2.4491300e-01 1.43e+00 1.14e+00  -6.0 9.47e+02  -9.6 1.00e+00 1.00e+00h  1
iter    objective    inf_pr   inf_du lg(mu)  ||d||  lg(rg) alpha_du alpha_pr  ls
 160 -2.4506754e-01 3.62e-01 4.06e+00  -6.0 3.47e+02  -9.1 5.81e-01 1.00e+00h  1
 161 -2.4565086e-01 3.06e+00 6.29e+00  -6.0 1.56e+03  -9.6 5.27e-01 7.62e-01h  1
 162 -2.4568840e-01 2.81e+00 5.77e+00  -6.0 5.33e+02  -9.2 9.98e-02 8.92e-02h  1
 163 -2.4622751e-01 4.17e+00 2.97e+01  -6.0 2.03e+03  -9.7 1.63e-02 4.75e-01f  1
 164 -2.4637924e-01 3.18e+00 1.80e+01  -6.0 7.61e+02  -9.2 4.21e-01 2.63e-01h  1
 165 -2.4660527e-01 4.22e+01 1.95e+01  -6.0 1.70e+04  -9.7 2.80e-02 8.43e-02h  1
 166 -2.4655319e-01 4.22e+01 4.43e+01  -6.0 2.92e+04 -10.2 6.39e-02 4.01e-03h  3
 167 -2.4680497e-01 3.80e+01 4.06e+01  -6.0 4.93e+03 -10.7 1.02e-01 1.15e-01h  1
 168 -2.4733947e-01 3.07e+01 4.60e+01  -6.0 3.42e+03 -10.3 8.88e-02 3.06e-01h  1
 169 -2.4763079e-01 2.77e+01 4.05e+01  -6.0 2.64e+03 -10.7 1.16e-01 9.57e-02h  1
iter    objective    inf_pr   inf_du lg(mu)  ||d||  lg(rg) alpha_du alpha_pr  ls
 170 -2.4778176e-01 2.31e+01 2.73e+01  -6.0 1.48e+03 -10.3 4.11e-01 1.77e-01h  1
 171 -2.4778439e-01 1.76e+01 2.38e+01  -6.0 4.94e+02  -9.9 4.00e-02 2.43e-01h  1
 172 -2.4780822e-01 1.74e+01 2.37e+01  -6.0 1.99e+03  -9.5 2.72e-04 1.58e-02h  1
 173 -2.4780849e-01 1.74e+01 2.37e+01  -6.0 2.23e+05  -9.9 1.79e-04 1.55e-05f  2
 174 -2.4790073e-01 1.48e+01 2.13e+01  -6.0 1.39e+03 -10.4 7.39e-02 1.52e-01h  1
 175 -2.4795407e-01 1.36e+01 1.99e+01  -6.0 7.21e+02 -10.0 5.92e-02 8.07e-02h  1
 176 -2.4801094e-01 3.62e+00 2.80e+01  -6.0 5.19e+01  -7.7 9.82e-02 7.36e-01f  1
 177 -2.4804156e-01 2.09e+00 1.42e+01  -6.0 7.42e+00  -6.4 5.48e-01 4.22e-01h  1
 178 -2.4807649e-01 5.94e-03 8.47e-01  -6.0 6.76e+00  -6.9 1.00e+00 1.00e+00h  1
 179 -2.4810243e-01 7.05e-03 3.94e+00  -6.0 1.30e+01  -7.4 6.07e-01 1.00e+00h  1
iter    objective    inf_pr   inf_du lg(mu)  ||d||  lg(rg) alpha_du alpha_pr  ls
 180 -2.4812351e-01 7.42e-03 2.66e+00  -6.0 1.25e+02  -7.9 3.24e-01 3.21e-01h  1
 181 -2.4829743e-01 2.72e-01 1.62e-01  -6.0 9.80e+01  -8.3 1.00e+00 1.00e+00f  1
 182 -2.4841126e-01 2.56e-01 1.12e+00  -6.0 1.84e+02  -8.8 6.62e-01 4.71e-01h  1
 183 -2.4847696e-01 3.23e-01 1.95e+01  -6.0 2.66e+02  -9.3 2.28e-01 5.41e-01h  1
 184 -2.4851420e-01 3.05e-01 1.76e+01  -6.0 6.46e+02  -9.8 4.77e-02 5.65e-02h  2
 185 -2.4851007e-01 2.39e-01 1.20e+01  -6.0 4.84e+00  -5.7 5.08e-01 2.16e-01h  1
 186 -2.4848353e-01 6.94e-03 2.19e+00  -6.0 2.24e+00  -6.2 1.00e+00 1.00e+00f  1
 187 -2.4851059e-01 2.60e-03 1.68e+00  -6.0 2.74e+00  -6.7 1.00e+00 1.00e+00h  1
 188 -2.4853345e-01 9.68e-04 4.19e-01  -6.0 2.26e+00  -7.2 1.00e+00 1.00e+00h  1
 189 -2.4855135e-01 9.16e-04 5.39e-02  -6.0 6.65e+00  -7.6 1.00e+00 1.00e+00h  1
iter    objective    inf_pr   inf_du lg(mu)  ||d||  lg(rg) alpha_du alpha_pr  ls
 190 -2.4857333e-01 4.21e-03 4.38e-03  -6.0 1.56e+01  -8.1 1.00e+00 1.00e+00h  1
 191 -2.4860326e-01 1.34e-02 1.27e-02  -6.0 3.17e+01  -8.6 1.00e+00 1.00e+00h  1
 192 -2.4863478e-01 8.90e-02 4.16e-02  -6.0 7.91e+01  -9.1 1.00e+00 1.00e+00h  1
 193 -2.4868539e-01 3.93e-01 1.30e-01  -6.0 2.12e+02  -9.5 1.00e+00 1.00e+00h  1
 194 -2.4878730e-01 2.02e+00 5.61e-01  -6.0 5.26e+02 -10.0 1.00e+00 1.00e+00h  1
 195 -2.4887401e-01 5.36e+00 3.17e+01  -6.0 1.12e+03 -10.5 1.00e+00 4.98e-01h  1
 196 -2.4888094e-01 4.04e+00 2.66e+01  -6.0 7.39e+02 -10.1 2.15e-01 2.82e-01h  1
 197 -2.4890231e-01 2.60e+01 6.99e+01  -6.0 1.33e+03  -9.6 5.63e-01 1.00e+00h  1
 198 -2.4892762e-01 2.38e+01 7.13e+01  -6.0 2.78e+03 -10.1 4.00e-01 9.24e-02h  1
 199 -2.4893725e-01 9.52e-01 1.19e+00  -6.0 2.37e+02  -9.7 1.00e+00 1.00e+00h  1
iter    objective    inf_pr   inf_du lg(mu)  ||d||  lg(rg) alpha_du alpha_pr  ls
 200 -2.4897297e-01 1.94e+00 9.97e-01  -6.0 5.16e+02 -10.2 7.18e-01 6.82e-01h  1
 201 -2.4897690e-01 6.34e-01 1.37e+00  -6.0 1.93e+02  -9.7 1.00e+00 9.09e-01h  1
 202 -2.4900445e-01 8.99e+00 2.82e+01  -6.0 7.17e+02 -10.2 3.93e-01 1.00e+00h  1
 203 -2.4901288e-01 7.62e-03 5.37e-02  -6.0 2.61e+01  -8.9 1.00e+00 1.00e+00h  1
 204 -2.4901188e-01 8.59e-02 2.54e-02  -6.0 7.82e+01  -9.4 1.00e+00 1.00e+00h  1
 205 -2.4901908e-01 6.89e-01 4.30e-02  -6.0 2.31e+02  -9.8 1.00e+00 1.00e+00h  1
 206 -2.4902213e-01 2.96e-01 5.38e-03  -6.0 8.62e+01  -9.4 1.00e+00 1.00e+00h  1
 207 -2.4903270e-01 8.20e-01 6.26e-02  -6.0 2.54e+02  -9.9 1.00e+00 1.00e+00h  1
 208 -2.4905402e-01 1.10e-01 2.21e-01  -6.0 9.42e+01  -9.5 1.00e+00 1.00e+00h  1
 209 -2.4906451e-01 9.30e-02 1.60e+01  -6.0 1.56e+01  -8.1 4.07e-01 1.55e-01h  1
iter    objective    inf_pr   inf_du lg(mu)  ||d||  lg(rg) alpha_du alpha_pr  ls
 210 -2.4908329e-01 7.84e-03 1.86e-01  -6.0 1.32e+01  -8.6 1.00e+00 1.00e+00f  1
 211 -2.4909765e-01 2.44e-02 5.47e+00  -6.0 3.95e+01  -9.1 8.94e-01 1.00e+00h  1
 212 -2.4910655e-01 1.72e-01 1.60e-02  -6.0 1.17e+02  -9.6 1.00e+00 1.00e+00h  1
 213 -2.4912616e-01 1.46e+00 7.99e-02  -6.0 3.41e+02 -10.0 1.00e+00 1.00e+00h  1
 214 -2.4912901e-01 3.15e-01 1.00e-02  -6.0 1.26e+02  -9.6 1.00e+00 1.00e+00h  1
 215 -2.4914081e-01 1.59e+00 1.03e-01  -6.0 3.59e+02 -10.1 1.00e+00 1.00e+00h  1
 216 -2.4915837e-01 9.06e+00 1.53e+00  -6.0 9.18e+02 -10.6 1.00e+00 9.08e-01h  1
 217 -2.4916160e-01 9.35e+00 1.05e+01  -6.0 5.34e+03 -11.1 1.80e-03 4.36e-02H  1
 218 -2.4916895e-01 2.96e+01 3.02e+01  -6.0 6.37e+03 -11.5 4.42e-01 2.15e-01h  1
 219 -2.4916732e-01 1.98e+01 3.99e+01  -6.0 2.38e+03 -10.2 2.24e-02 4.40e-01h  1
iter    objective    inf_pr   inf_du lg(mu)  ||d||  lg(rg) alpha_du alpha_pr  ls
 220 -2.4916945e-01 1.35e+01 1.80e+01  -6.0 1.32e+03 -10.7 1.00e+00 5.01e-01h  1
 221 -2.4916970e-01 1.49e+01 1.14e+01  -6.0 2.20e+03    -  5.11e-01 3.68e-01h  1
 222 -2.4918245e-01 2.39e+01 2.28e+01  -6.0 2.80e+03 -11.2 7.05e-01 4.78e-01H  1
 223 -2.4917119e-01 3.22e+01 6.67e+02  -6.0 4.10e+04    -  2.48e-03 2.08e-02h  1
 224 -2.4916973e-01 3.18e+01 7.79e+02  -6.0 2.79e+04    -  1.34e-04 4.90e-03H  1
 225 -2.4917056e-01 2.91e+01 8.72e+02  -6.0 1.76e+03    -  3.55e-01 9.65e-02h  1
 226 -2.4919513e-01 9.68e+00 3.89e+03  -6.0 1.57e+02    -  1.25e-01 6.73e-01h  1
 227 -2.4918374e-01 2.95e+00 1.08e+03  -6.0 1.84e+02    -  4.24e-01 7.14e-01h  1
 228 -2.4918260e-01 4.25e-02 1.66e+00  -6.0 5.78e+01    -  1.00e+00 1.00e+00h  1
 229 -2.4918269e-01 1.40e-03 6.24e-04  -6.0 1.10e+01    -  1.00e+00 1.00e+00h  1
iter    objective    inf_pr   inf_du lg(mu)  ||d||  lg(rg) alpha_du alpha_pr  ls
 230 -2.4918269e-01 1.64e-07 6.34e-08  -6.0 1.21e-01    -  1.00e+00 1.00e+00h  1
 231 -2.4981922e-01 5.25e+00 6.79e+01  -7.5 7.00e+03    -  1.40e-01 3.41e-01f  1
 232 -2.5012071e-01 4.36e+00 1.11e+01  -7.5 4.30e+03 -10.7 4.20e-01 2.59e-01h  1
 233 -2.5027765e-01 3.75e+00 1.38e+01  -7.5 3.41e+03 -10.3 2.32e-01 1.55e-01h  1
 234 -2.5042180e-01 2.99e+00 5.81e+01  -7.5 1.15e+03  -9.9 6.90e-01 2.10e-01h  1
 235 -2.5066445e-01 1.46e+00 3.62e+01  -7.5 3.20e+02  -9.5 7.36e-01 5.24e-01h  1
 236 -2.5129478e-01 1.45e+01 1.82e+01  -7.5 3.48e+03  -9.9 4.06e-01 6.53e-01h  1
 237 -2.5160765e-01 1.12e+01 1.36e+01  -7.5 1.71e+03    -  1.13e-01 2.60e-01h  1
 238 -2.5198048e-01 1.22e+01 1.31e+01  -7.5 5.06e+03  -9.5 2.27e-01 5.64e-02h  1
 239 -2.5238186e-01 1.18e+01 1.13e+01  -7.5 1.67e+03    -  2.21e-01 1.70e-01h  1
iter    objective    inf_pr   inf_du lg(mu)  ||d||  lg(rg) alpha_du alpha_pr  ls
 240 -2.5464586e-01 4.78e+01 7.75e+00  -7.5 1.65e+03    -  7.38e-01 9.08e-01h  1
 241 -2.5497226e-01 4.40e+01 1.88e+03  -7.5 2.40e+03    -  3.94e-02 7.91e-02h  1
 242 -2.5551556e-01 3.99e+01 2.43e+03  -7.5 1.99e+03    -  5.88e-02 1.27e-01h  1
 243 -2.5559294e-01 3.92e+01 2.34e+03  -7.5 1.09e+03    -  1.88e-02 1.91e-02h  1
 244 -2.5603659e-01 3.56e+01 2.09e+03  -7.5 1.46e+03    -  9.31e-02 1.06e-01h  1
 245 -2.5702768e-01 2.99e+01 1.63e+03  -7.5 1.40e+03    -  1.86e-01 2.35e-01h  1
 246 -2.5734387e-01 2.79e+01 1.72e+06  -7.5 1.31e+03    -  4.10e-04 7.56e-02h  1
 247 -2.5766628e-01 2.49e+01 1.54e+06  -7.5 2.26e+03    -  2.65e-03 1.08e-01h  1
 248 -2.5858339e-01 1.72e+01 1.06e+06  -7.5 2.07e+03    -  2.02e-01 3.10e-01h  1
 249 -2.5890448e-01 1.42e+01 8.73e+05  -7.5 1.51e+03    -  1.00e+00 1.77e-01h  1
iter    objective    inf_pr   inf_du lg(mu)  ||d||  lg(rg) alpha_du alpha_pr  ls
 250 -2.6001911e-01 3.17e+00 1.95e+05  -7.5 1.21e+03    -  8.66e-01 7.77e-01h  1
 251 -2.6001915e-01 3.17e+00 1.95e+05  -7.5 1.03e+04    -  4.96e-04 1.09e-03h  1
 252 -2.6009037e-01 5.12e-01 3.15e+04  -7.5 2.29e+02    -  1.00e+00 8.38e-01h  1
 253 -2.6008939e-01 4.94e-01 3.04e+04  -7.5 4.04e+02    -  4.14e-04 3.61e-02h  1
 254 -2.6008617e-01 1.78e-01 1.10e+04  -7.5 4.81e+01    -  1.00e+00 6.38e-01h  1
 255 -2.6008386e-01 7.15e-03 3.29e-02  -7.5 2.48e+01    -  9.27e-01 1.00e+00h  1
 256 -2.6008381e-01 8.96e-05 5.32e-02  -7.5 2.09e+00    -  8.88e-01 1.00e+00h  1
 257 -2.6008119e-01 3.54e-05 1.64e-01  -7.5 8.37e+00    -  7.11e-01 1.00e+00h  1
 258 -2.6008249e-01 8.96e-06 8.40e-03  -7.5 4.16e+00    -  1.00e+00 1.00e+00h  1
 259 -2.6008299e-01 1.35e-06 1.02e-03  -7.5 1.60e+00    -  1.00e+00 1.00e+00h  1
iter    objective    inf_pr   inf_du lg(mu)  ||d||  lg(rg) alpha_du alpha_pr  ls
 260 -2.6008317e-01 1.84e-07 1.49e-04  -7.5 5.95e-01    -  1.00e+00 1.00e+00h  1
 261 -2.6008321e-01 7.54e-09 6.14e-06  -7.5 1.21e-01    -  1.00e+00 1.00e+00h  1
 262 -2.6008321e-01 2.65e-10 1.24e-08  -7.5 5.41e-03    -  1.00e+00 1.00e+00h  1
 263 -2.6008449e-01 5.20e-02 5.43e+00  -9.0 3.61e+02    -  7.63e-01 1.86e-01h  1
 264 -2.6008595e-01 6.84e-03 9.79e-01  -9.0 2.12e+01 -10.0 1.00e+00 8.73e-01h  1
 265 -2.6008626e-01 1.62e-02 1.37e-03  -9.0 3.00e+01 -10.5 1.00e+00 1.00e+00h  1
 266 -2.6008637e-01 3.48e-02 3.85e-03  -9.0 4.67e+01 -10.9 1.00e+00 9.03e-01h  1
 267 -2.6008641e-01 8.83e-02 5.08e-04  -9.0 6.54e+01 -11.4 1.00e+00 1.00e+00f  1
 268 -2.6008644e-01 1.38e-01 1.19e-04  -9.0 1.09e+02 -11.9 1.00e+00 1.00e+00h  1
 269 -2.6008652e-01 1.38e+00 8.71e-05  -9.0 3.45e+02 -12.4 1.00e+00 1.00e+00h  1
iter    objective    inf_pr   inf_du lg(mu)  ||d||  lg(rg) alpha_du alpha_pr  ls
 270 -2.6008660e-01 2.32e+00 2.92e-03  -9.0 1.28e+03 -12.8 4.49e-01 2.59e-01h  1
 271 -2.6008680e-01 1.40e+01 1.26e-03  -9.0 9.56e+02 -12.4 8.58e-01 1.00e+00h  1
 272 -2.6008680e-01 1.40e+01 1.05e-03  -9.0 1.05e+04 -12.9 9.12e-03 2.18e-03h  8
 273 -2.6008720e-01 5.37e+01 1.89e-02  -9.0 2.14e+03 -12.5 3.30e-01 1.00e+00h  1
 274 -2.6008735e-01 5.27e+01 1.83e-02  -9.0 6.50e+03 -12.9 2.85e-01 7.17e-02h  3
 275 -2.6008794e-01 1.77e+01 1.32e-02  -9.0 1.12e+03 -12.5 4.20e-01 1.00e+00h  1
 276 -2.6008886e-01 7.82e+01 1.16e-02  -9.0 1.13e+04 -13.0 1.87e-01 1.92e-01h  1
 277r-2.6008886e-01 7.82e+01 9.99e+02   1.7 0.00e+00 -13.5 0.00e+00 5.17e-08R 15
 278r-2.6009015e-01 7.82e+01 1.02e+04   1.7 1.64e+07    -  1.39e-10 2.31e-11f  1
 279 -2.6009254e-01 7.62e+01 9.46e-01  -9.0 4.40e+04    -  6.56e-03 5.41e-02h  1
iter    objective    inf_pr   inf_du lg(mu)  ||d||  lg(rg) alpha_du alpha_pr  ls
 280 -2.6018090e-01 7.56e+01 9.39e-01  -9.0 2.47e+04 -12.1 3.67e-06 7.95e-03h  1
 281 -2.6026205e-01 7.50e+01 9.31e-01  -9.0 1.16e+05 -12.6 1.66e-02 8.18e-03h  1
 282 -2.6056556e-01 7.13e+01 8.84e-01  -9.0 1.82e+04 -12.2 1.13e-02 5.03e-02h  1
 283 -2.6056491e-01 6.85e+01 8.37e-01  -9.0 7.53e+03 -12.7 8.36e-02 5.29e-02h  1
 284 -2.6056262e-01 6.81e+01 8.32e-01  -9.0 1.19e+04 -13.2 8.21e-02 6.23e-03h  1
 285 -2.6056062e-01 6.77e+01 8.27e-01  -9.0 4.55e+04    -  4.17e-02 5.47e-03h  4
 286 -2.6055756e-01 6.72e+01 8.21e-01  -9.0 2.97e+04    -  2.34e-03 8.06e-03h  4
 287 -2.6055479e-01 6.67e+01 8.15e-01  -9.0 3.20e+04    -  7.03e-02 7.15e-03h  4
 288 -2.6054416e-01 6.50e+01 7.93e-01  -9.0 1.66e+04    -  1.85e-02 2.68e-02h  3
 289 -2.6025117e-01 5.36e+01 1.55e+00  -9.0 2.07e+03    -  1.20e-01 7.06e-01h  1
iter    objective    inf_pr   inf_du lg(mu)  ||d||  lg(rg) alpha_du alpha_pr  ls
 290 -2.6023742e-01 4.79e+01 1.36e+00  -9.0 1.97e+03    -  2.29e-02 1.21e-01h  1
 291 -2.6023696e-01 4.77e+01 1.35e+00  -9.0 4.64e+04 -13.6 4.60e-02 4.67e-03h  4
 292 -2.6023649e-01 4.74e+01 1.34e+00  -9.0 4.33e+04 -14.1 3.78e-02 4.80e-03h  4
 293 -2.6023426e-01 4.65e+01 1.32e+00  -9.0 1.93e+04    -  2.57e-01 2.08e-02h  3
 294 -2.6019547e-01 4.19e+01 8.17e-01  -9.0 4.05e+03    -  1.50e-01 3.47e-01h  1
 295 -2.6013080e-01 3.96e+01 1.80e-01  -9.0 1.79e+03 -12.8 6.68e-01 7.10e-01h  1
 296 -2.6012763e-01 3.81e+01 2.17e-01  -9.0 5.92e+03 -13.3 6.03e-02 9.99e-02H  1
 297 -2.6010809e-01 3.36e+01 2.03e+00  -9.0 1.66e+03    -  4.43e-02 6.12e-01h  1
 298 -2.6009989e-01 4.88e+01 2.38e+01  -9.0 1.58e+03 -11.9 3.34e-02 9.83e-01h  1
 299 -2.6009657e-01 3.86e+01 1.51e+01  -9.0 1.31e+03 -12.4 7.10e-03 1.00e+00h  1
iter    objective    inf_pr   inf_du lg(mu)  ||d||  lg(rg) alpha_du alpha_pr  ls
 300 -2.6009642e-01 2.91e+01 1.14e+01  -9.0 2.49e+02 -12.0 2.78e-01 2.46e-01h  1
 301 -2.6009625e-01 2.54e+01 9.95e+00  -9.0 2.04e+03 -12.5 5.17e-01 1.29e-01h  1
 302 -2.6009621e-01 2.47e+01 9.65e+00  -9.0 3.20e+03    -  1.17e-03 3.07e-02h  4
 303 -2.6009593e-01 1.66e+01 6.47e+00  -9.0 1.40e+03 -12.0 1.00e+00 3.29e-01h  1
 304 -2.6009537e-01 4.08e+00 2.05e+00  -9.0 1.43e+03    -  4.96e-03 6.88e-01H  1
 305 -2.6009538e-01 2.12e-01 6.06e-02  -9.0 1.06e+02 -11.6 7.10e-01 1.00e+00h  1
 306 -2.6009550e-01 1.28e+00 2.33e-03  -9.0 2.66e+02 -12.1 1.00e+00 1.00e+00h  1
 307 -2.6009554e-01 1.59e+00 1.45e-02  -9.0 5.05e+02 -12.6 9.44e-02 4.26e-01h  1
 308 -2.6009572e-01 5.05e+00 4.06e-02  -9.0 1.34e+03 -13.0 4.24e-02 1.00e+00H  1
 309 -2.6009574e-01 2.61e-01 3.00e-03  -9.0 2.56e+02 -12.6 1.00e+00 8.18e-01h  1
iter    objective    inf_pr   inf_du lg(mu)  ||d||  lg(rg) alpha_du alpha_pr  ls
 310 -2.6009578e-01 2.96e+00 1.57e-03  -9.0 3.85e+02 -13.1 1.00e+00 1.00e+00h  1
 311 -2.6009580e-01 6.47e-01 1.54e-04  -9.0 2.27e+02 -12.7 1.00e+00 1.00e+00h  1
 312 -2.6009581e-01 2.12e+00 3.31e-02  -9.0 8.64e+03 -13.1 2.68e-01 4.01e-02h  4
 313 -2.6009587e-01 5.17e+00 7.14e-04  -9.0 6.38e+02 -12.7 1.00e+00 1.00e+00h  1
 314 -2.6009594e-01 1.44e+00 2.09e-04  -9.0 3.28e+02 -12.3 1.00e+00 1.00e+00h  1
 315 -2.6009767e-01 4.94e+01 1.60e-01  -9.0 2.83e+03 -12.8 1.43e-02 8.10e-01H  1
 316 -2.6009747e-01 4.89e+01 7.91e-01  -9.0 8.82e+03    -  5.77e-06 2.49e-02h  1
 317 -2.6009846e-01 1.21e+01 3.77e-02  -9.0 8.02e+02 -11.4 6.35e-01 1.00e+00h  1
 318 -2.6009904e-01 1.25e+01 3.58e-02  -9.0 2.28e+05    -  7.27e-03 3.41e-03h  2
 319 -2.6009960e-01 9.35e+00 9.31e-03  -9.0 7.56e+02 -11.9 8.28e-01 1.00e+00h  1
iter    objective    inf_pr   inf_du lg(mu)  ||d||  lg(rg) alpha_du alpha_pr  ls
 320 -2.6010130e-01 3.71e+01 2.15e-02  -9.0 1.67e+03 -12.4 6.04e-01 8.82e-01h  1
 321 -2.6010119e-01 3.22e+01 5.43e-02  -9.0 1.22e+03    -  5.64e-01 1.47e-01h  1
 322 -2.6010141e-01 2.44e+01 5.08e-02  -9.0 1.23e+03    -  1.00e+00 7.15e-01h  1
 323 -2.6010097e-01 1.38e+01 3.21e-02  -9.0 8.04e+02 -12.9 5.59e-01 1.00e+00h  1
 324 -2.6010112e-01 4.03e-01 2.09e-04  -9.0 1.52e+02    -  1.00e+00 1.00e+00h  1
 325 -2.6010110e-01 1.17e-01 4.05e-04  -9.0 1.70e+02    -  1.00e+00 1.00e+00H  1
 326 -2.6010110e-01 7.88e-03 8.68e-06  -9.0 1.92e+01    -  1.00e+00 1.00e+00h  1
 327 -2.6010110e-01 3.25e-06 1.75e-09  -9.0 3.80e-01    -  1.00e+00 1.00e+00h  1
 328 -2.6010110e-01 1.92e-10 1.63e-14  -9.0 3.49e-05    -  1.00e+00 1.00e+00h  1

Number of Iterations....: 328

                                   (scaled)                 (unscaled)
Objective...............:  -2.6010109889345923e-01   -2.6010109889345923e-01
Dual infeasibility......:   1.6334156249797616e-14    1.6334156249797616e-14
Constraint violation....:   1.9188989980323257e-10    1.9188989980323257e-10
Complementarity.........:   9.0909092042609518e-10    9.0909092042609518e-10
Overall NLP error.......:   9.0909092042609518e-10    9.0909092042609518e-10


Number of objective function evaluations             = 626
Number of objective gradient evaluations             = 329
Number of equality constraint evaluations            = 629
Number of inequality constraint evaluations          = 627
Number of equality constraint Jacobian evaluations   = 330
Number of inequality constraint Jacobian evaluations = 330
Number of Lagrangian Hessian evaluations             = 328
Total CPU secs in IPOPT (w/o function evaluations)   =    783.173
Total CPU secs in NLP function evaluations           =     11.899

EXIT: Optimal Solution Found.
