
List of user-set options:

                                    Name   Value                used
                           compl_inf_tol = 1                     yes
                         constr_viol_tol = 1                     yes
                            dual_inf_tol = 1000                  yes
                           linear_solver = ma97                  yes
                              ma86_small = 1e-30                  no
                                  ma86_u = 0.0001                 no
                              ma97_order = best                  yes
                              ma97_small = 1e-30                 yes
                            ma97_switch1 = at_start              yes
                            ma97_switch2 = od_hd_reuse           yes
                                  ma97_u = 1e-06                 yes
                               ma97_umax = 0.5                   yes
                                max_iter = 1000                  yes
                    max_refinement_steps = 20                    yes
                    min_refinement_steps = 5                     yes
                                 mu_init = 1e-06                 yes
           mu_superlinear_decrease_power = 1.25                  yes
                   nlp_scaling_min_value = 1e-08                 yes
                        option_file_name = Preset_Case:_28_pf.opt  yes
                             output_file = ./tmp/Preset_Case:_28_pf.output  yes
                      print_user_options = yes                   yes
        required_infeasibility_reduction = 1                      no
                                     tol = 1e-08                 yes
                   warm_start_bound_frac = 1e-20                 yes
                   warm_start_bound_push = 1e-20                 yes
                   warm_start_init_point = yes                   yes
              warm_start_mult_bound_push = 1e-20                 yes
                warm_start_mult_init_max = 1e+40                 yes
             warm_start_slack_bound_frac = 1e-20                 yes
             warm_start_slack_bound_push = 1e-20                 yes

******************************************************************************
This program contains Ipopt, a library for large-scale nonlinear optimization.
 Ipopt is released as open source code under the Eclipse Public License (EPL).
         For more information visit http://projects.coin-or.org/Ipopt
******************************************************************************

This is Ipopt version 3.12.10, running with linear solver ma97.

Number of nonzeros in equality constraint Jacobian...:   123442
Number of nonzeros in inequality constraint Jacobian.:      213
Number of nonzeros in Lagrangian Hessian.............:    49069

Total number of variables............................:    31591
                     variables with only lower bounds:    12912
                variables with lower and upper bounds:    15130
                     variables with only upper bounds:        0
Total number of equality constraints.................:    31483
Total number of inequality constraints...............:       25
        inequality constraints with only lower bounds:        4
   inequality constraints with lower and upper bounds:        0
        inequality constraints with only upper bounds:       21

iter    objective    inf_pr   inf_du lg(mu)  ||d||  lg(rg) alpha_du alpha_pr  ls
   0 -1.8493435e+00 4.06e-03 1.02e+00  -6.0 0.00e+00    -  0.00e+00 0.00e+00   0
   1 -1.8489175e+00 2.32e-01 3.24e+00  -6.0 4.53e+05    -  6.99e-05 1.25e-04h  4
   2 -1.8491345e+00 2.31e-01 2.63e+01  -6.0 1.13e+03    -  1.17e-01 1.94e-03h  1
   3 -1.8787493e+00 2.31e-01 2.04e+03  -6.0 4.49e+03    -  2.28e-03 1.91e-01f  1
   4 -1.8766869e+00 1.90e-01 1.68e+03  -6.0 1.07e+00  -4.0 6.07e-01 1.79e-01h  1
   5 -1.8754815e+00 1.72e-01 1.52e+03  -6.0 2.02e+00  -4.5 2.33e-01 9.37e-02h  1
   6 -1.8500412e+00 8.60e-02 1.24e+04  -6.0 4.24e+00  -5.0 2.61e-04 5.00e-01h  2
   7 -1.8507473e+00 8.57e-02 1.24e+04  -6.0 1.93e+01  -3.6 3.14e-01 2.93e-03h  1
   8 -1.9151519e+00 4.06e-01 9.32e+03  -6.0 1.38e+03    -  3.18e-04 3.44e-01f  1
   9 -1.9138950e+00 3.82e-01 8.74e+03  -6.0 1.61e+00  -4.1 6.81e-01 6.02e-02h  1
iter    objective    inf_pr   inf_du lg(mu)  ||d||  lg(rg) alpha_du alpha_pr  ls
  10 -1.9125447e+00 3.52e-01 8.04e+03  -6.0 1.64e+00  -4.6 1.00e+00 7.81e-02h  1
  11 -1.9304788e+00 7.73e-01 1.89e+03  -6.0 1.03e+03    -  1.11e-02 6.78e-01h  1
  12 -1.9301688e+00 7.58e-01 1.85e+03  -6.0 2.24e+00  -5.1 1.00e+00 1.97e-02h  1
  13 -1.9231789e+00 2.77e-01 1.01e+03  -6.0 6.46e+02    -  2.30e-02 1.00e+00h  1
  14 -1.9228953e+00 2.57e-01 9.43e+02  -6.0 2.38e+00  -5.5 1.00e+00 7.07e-02h  1
  15 -1.9204287e+00 5.13e-02 2.51e+02  -6.0 8.65e+01    -  4.32e-02 8.66e-01h  1
  16 -1.9212811e+00 4.19e-02 6.01e+02  -6.0 8.53e+02    -  8.39e-01 1.89e-01h  1
  17 -1.9196214e+00 8.49e-05 5.95e+01  -6.0 3.46e+01    -  3.33e-03 1.00e+00h  1
  18 -1.9198169e+00 2.94e-04 1.95e+01  -6.0 4.79e+01    -  7.52e-01 1.00e+00h  1
  19 -1.9197187e+00 9.51e-05 3.00e-01  -6.0 2.88e+01    -  1.00e+00 1.00e+00h  1
iter    objective    inf_pr   inf_du lg(mu)  ||d||  lg(rg) alpha_du alpha_pr  ls
  20 -1.9196902e+00 1.91e-06 1.02e-02  -6.0 2.44e+00    -  1.00e+00 1.00e+00h  1
  21 -1.9196900e+00 2.79e-10 1.53e-05  -6.0 3.84e-02    -  1.00e+00 1.00e+00h  1
  22 -1.9198871e+00 5.19e+00 2.54e+01  -7.5 6.81e+02    -  7.45e-01 8.30e-01f  1
  23 -1.9198524e+00 8.13e-01 8.74e+00  -7.5 9.09e+01    -  1.00e+00 8.66e-01h  1
  24 -1.9198434e+00 1.64e-03 1.51e-02  -7.5 9.07e+00    -  1.00e+00 1.00e+00h  1
  25 -1.9198434e+00 1.80e-07 7.54e-08  -7.5 1.05e-01    -  1.00e+00 1.00e+00h  1
  26 -1.9198450e+00 4.80e-03 1.02e+00  -9.0 2.00e+01    -  9.56e-01 8.45e-01h  1
  27 -1.9198452e+00 1.60e-04 3.96e-04  -9.0 3.08e+00    -  1.00e+00 1.00e+00h  1
  28 -1.9198452e+00 3.09e-10 1.46e-09  -9.0 4.44e-03    -  1.00e+00 1.00e+00h  1

Number of Iterations....: 28

                                   (scaled)                 (unscaled)
Objective...............:  -1.4998790597770726e+00   -1.9198451965146530e+00
Dual infeasibility......:   1.4644544377507944e-09    1.8745016803210169e-09
Constraint violation....:   1.9216350172343953e-10    3.0922819860279560e-10
Complementarity.........:   1.0347022111153545e-09    1.3244188302276538e-09
Overall NLP error.......:   1.4644544377507944e-09    1.8745016803210169e-09


Number of objective function evaluations             = 34
Number of objective gradient evaluations             = 29
Number of equality constraint evaluations            = 34
Number of inequality constraint evaluations          = 34
Number of equality constraint Jacobian evaluations   = 29
Number of inequality constraint Jacobian evaluations = 29
Number of Lagrangian Hessian evaluations             = 28
Total CPU secs in IPOPT (w/o function evaluations)   =     43.432
Total CPU secs in NLP function evaluations           =      0.722

EXIT: Optimal Solution Found.
