
List of user-set options:

                                    Name   Value                used
                           compl_inf_tol = 1                     yes
                         constr_viol_tol = 1                     yes
                            dual_inf_tol = 1000                  yes
                           linear_solver = ma97                  yes
                              ma86_small = 1e-30                  no
                                  ma86_u = 0.0001                 no
                              ma97_order = best                  yes
                              ma97_small = 1e-30                 yes
                            ma97_switch1 = at_start              yes
                            ma97_switch2 = od_hd_reuse           yes
                                  ma97_u = 1e-06                 yes
                               ma97_umax = 0.5                   yes
                                max_iter = 1000                  yes
                    max_refinement_steps = 20                    yes
                    min_refinement_steps = 5                     yes
                                 mu_init = 1e-06                 yes
           mu_superlinear_decrease_power = 1.25                  yes
                   nlp_scaling_min_value = 1e-08                 yes
                        option_file_name = Preset_Case_362_pf.opt  yes
                             output_file = ./tmp/Preset_Case_362_pf.output  yes
                      print_user_options = yes                   yes
        required_infeasibility_reduction = 1                      no
                                     tol = 1e-08                 yes
                   warm_start_bound_frac = 1e-20                 yes
                   warm_start_bound_push = 1e-20                 yes
                   warm_start_init_point = yes                   yes
              warm_start_mult_bound_push = 1e-20                 yes
                warm_start_mult_init_max = 1e+40                 yes
             warm_start_slack_bound_frac = 1e-20                 yes
             warm_start_slack_bound_push = 1e-20                 yes

******************************************************************************
This program contains Ipopt, a library for large-scale nonlinear optimization.
 Ipopt is released as open source code under the Eclipse Public License (EPL).
         For more information visit http://projects.coin-or.org/Ipopt
******************************************************************************

This is Ipopt version 3.12.10, running with linear solver ma97.

Number of nonzeros in equality constraint Jacobian...:   117284
Number of nonzeros in inequality constraint Jacobian.:      213
Number of nonzeros in Lagrangian Hessian.............:    47506

Total number of variables............................:    30050
                     variables with only lower bounds:    11392
                variables with lower and upper bounds:    15128
                     variables with only upper bounds:        0
Total number of equality constraints.................:    29944
Total number of inequality constraints...............:       25
        inequality constraints with only lower bounds:        4
   inequality constraints with lower and upper bounds:        0
        inequality constraints with only upper bounds:       21

iter    objective    inf_pr   inf_du lg(mu)  ||d||  lg(rg) alpha_du alpha_pr  ls
   0 -1.4913826e+01 1.21e-01 1.01e+02  -6.0 0.00e+00    -  0.00e+00 0.00e+00   0
In iteration 0, 2 Slacks too small, adjusting variable bounds
   1 -1.4913826e+01 1.21e-01 3.04e+02  -6.0 1.42e+10    -  3.03e-14 8.97e-19h  1
   2 -1.4913509e+01 1.21e-01 3.05e+02  -6.0 1.05e+03    -  6.19e-07 3.06e-05h  1
   3 -1.4913506e+01 1.21e-01 3.04e+02  -6.0 7.36e+01    -  1.30e-02 1.26e-06h  2
   4 -1.4912555e+01 1.21e-01 3.04e+02  -6.0 2.85e+02    -  1.88e-03 1.25e-04h  1
   5 -1.4877028e+01 1.21e-01 3.03e+02  -6.0 4.25e+02    -  1.78e-04 4.86e-03h  1
   6 -1.4853898e+01 1.20e-01 3.02e+02  -6.0 2.61e+02    -  5.04e-03 3.39e-03h  1
   7 -1.4818750e+01 1.20e-01 3.00e+02  -6.0 2.61e+02    -  9.91e-03 5.19e-03h  3
   8 -1.4759850e+01 1.18e-01 3.01e+02  -6.0 2.58e+02    -  5.39e-02 9.05e-03h  3
   9 -1.4710038e+01 1.18e-01 3.01e+02  -6.0 2.60e+02    -  4.21e-02 7.53e-03h  4
iter    objective    inf_pr   inf_du lg(mu)  ||d||  lg(rg) alpha_du alpha_pr  ls
  10 -1.4662608e+01 1.17e-01 3.04e+02  -6.0 2.59e+02    -  7.44e-02 7.34e-03h  4
  11 -1.4614301e+01 1.16e-01 3.04e+02  -6.0 2.60e+02    -  3.74e-02 7.51e-03h  4
  12 -1.4565363e+01 1.15e-01 3.08e+02  -6.0 2.61e+02    -  1.11e-01 7.64e-03h  4
  13 -1.4512477e+01 1.14e-01 3.14e+02  -6.0 2.66e+02    -  1.32e-01 8.21e-03h  4
  14 -1.4451280e+01 1.13e-01 3.15e+02  -6.0 2.74e+02    -  8.63e-02 9.34e-03h  4
  15 -1.4391390e+01 1.12e-01 5.27e+02  -6.0 2.81e+02    -  1.86e-01 9.07e-03h  3
  16 -1.4295655e+01 1.10e-01 8.47e+02  -6.0 2.97e+02    -  8.32e-02 1.42e-02h  1
  17 -1.4212697e+01 1.09e-01 2.35e+03  -6.0 3.05e+02    -  1.95e-01 1.29e-02h  4
  18 -1.4160397e+01 1.08e-01 5.05e+03  -6.0 3.26e+02    -  1.69e-01 8.30e-03h  5
  19 -1.4097290e+01 1.07e-01 1.14e+04  -6.0 3.47e+02    -  2.40e-01 1.03e-02h  5
iter    objective    inf_pr   inf_du lg(mu)  ||d||  lg(rg) alpha_du alpha_pr  ls
  20 -1.4058641e+01 1.06e-01 2.09e+04  -6.0 3.83e+02    -  2.21e-01 6.63e-03h  6
  21 -1.4016317e+01 1.05e-01 3.67e+04  -6.0 4.27e+02    -  2.49e-01 7.81e-03h  6
  22 -1.3976007e+01 1.04e-01 5.73e+04  -6.0 4.99e+02    -  2.23e-01 8.32e-03h  6
  23 -1.3942170e+01 1.04e-01 1.00e+05  -6.0 6.03e+02    -  3.26e-01 7.89e-03h  6
  24 -1.3929456e+01 1.03e-01 1.28e+05  -6.0 8.63e+02    -  1.46e-01 3.50e-03h  7
  25 -1.3918059e+01 1.03e-01 2.14e+05  -6.0 9.79e+02    -  3.73e-01 3.33e-03h  7
  26 -1.3908811e+01 1.03e-01 2.50e+05  -6.0 1.29e+03    -  1.39e-01 2.97e-03h  7
  27 -1.3322260e+01 2.20e+00 2.40e+05  -6.0 1.35e+03    -  3.27e-01 1.89e-01w  1
  28 -1.3293649e+01 2.16e+00 3.03e+05  -6.0 6.88e+02    -  2.01e-01 1.79e-02w  1
  29 -1.3005058e+01 7.34e+00 2.56e+05  -6.0 2.15e+03    -  3.59e-01 2.77e-01w  1
iter    objective    inf_pr   inf_du lg(mu)  ||d||  lg(rg) alpha_du alpha_pr  ls
  30 -1.3904228e+01 1.02e-01 3.37e+05  -6.0 5.58e+02    -  3.27e-01 1.48e-03h  7
  31 -1.3899327e+01 1.02e-01 3.84e+05  -6.0 1.49e+03    -  2.17e-01 1.52e-03h  8
  32 -1.3896530e+01 1.02e-01 4.20e+05  -6.0 1.50e+03    -  2.15e-01 8.20e-04h  9
  33 -1.3893137e+01 1.02e-01 4.45e+05  -6.0 1.63e+03    -  2.26e-01 9.28e-04h  9
  34 -1.3890946e+01 1.02e-01 4.60e+05  -6.0 1.78e+03    -  2.36e-01 5.56e-04h 10
  35 -1.3889471e+01 1.02e-01 4.63e+05  -6.0 2.06e+03    -  2.98e-01 3.50e-04h 11
  36 -1.3888421e+01 1.02e-01 4.51e+05  -6.0 2.48e+03    -  2.60e-01 2.36e-04h 12
  37 -1.3887203e+01 1.02e-01 4.46e+05  -6.0 2.75e+03    -  7.97e-02 2.82e-04h 12
  38 -1.3886369e+01 1.02e-01 4.37e+05  -6.0 4.56e+03    -  1.77e-01 2.82e-04h 11
  39 -1.3877164e+01 1.02e-01 4.73e+05  -6.0 2.97e+02  -4.0 4.78e-02 2.18e-03h  8
iter    objective    inf_pr   inf_du lg(mu)  ||d||  lg(rg) alpha_du alpha_pr  ls
  40 -1.2664925e+01 1.18e+01 2.43e+05  -6.0 4.09e+02  -4.5 1.34e-01 3.05e-01w  1
  41 -1.2035289e+01 7.67e+00 3.49e+05  -6.0 6.03e+02  -5.0 5.44e-01 3.09e-01w  1
  42 -1.0594946e+01 3.80e+00 4.80e+05  -6.0 7.06e+02  -4.5 7.27e-02 4.02e-01w  1
  43 -1.3867693e+01 1.02e-01 5.40e+05  -6.0 1.80e+02  -5.0 1.34e-01 2.38e-03h  7
  44 -1.3864531e+01 1.01e-01 6.24e+05  -6.0 1.25e+03  -5.5 5.55e-01 7.44e-04h 10
  45 -1.3863007e+01 1.01e-01 6.13e+05  -6.0 2.66e+03  -6.0 2.93e-01 3.06e-04h 12
  46 -1.3860566e+01 1.01e-01 6.46e+05  -6.0 1.80e+03  -5.5 2.52e-01 5.29e-04h 11
  47 -1.3859069e+01 1.01e-01 6.25e+05  -6.0 2.94e+03  -6.0 2.12e-01 2.85e-04h 12
  48 -1.3856344e+01 1.01e-01 6.83e+05  -6.0 2.03e+03  -5.6 5.84e-01 5.65e-04h 11
  49 -1.3855066e+01 1.01e-01 6.65e+05  -6.0 3.25e+03  -6.1 1.00e-01 2.33e-04h 11
iter    objective    inf_pr   inf_du lg(mu)  ||d||  lg(rg) alpha_du alpha_pr  ls
  50 -1.3853613e+01 1.01e-01 7.02e+05  -6.0 2.36e+03  -5.6 6.01e-01 2.88e-04h 12
  51 -1.3852953e+01 1.01e-01 6.93e+05  -6.0 3.43e+03  -6.1 3.36e-02 1.33e-04h 11
  52 -1.3851360e+01 1.01e-01 6.94e+05  -6.0 2.58e+03  -5.7 1.45e-01 3.01e-04h 12
  53 -1.1421140e+01 1.61e+01 2.38e+05  -6.0 1.63e+03  -5.3 1.45e-01 5.28e-01w  1
  54 -1.1064989e+01 1.30e+01 1.43e+05  -6.0 4.87e+02  -5.7 8.28e-02 1.78e-01w  1
  55 -9.6092165e+00 9.36e+00 6.06e+05  -6.0 1.61e+03  -6.2 1.60e-01 6.21e-01w  1
  56 -1.3848986e+01 1.01e-01 7.30e+05  -6.0 1.38e+02  -4.0 1.45e-01 5.15e-04h 10
  57 -1.3843835e+01 1.01e-01 8.40e+05  -6.0 5.43e+02  -4.5 1.71e-01 1.40e-03h  9
  58 -1.3840220e+01 1.01e-01 9.00e+05  -6.0 1.24e+03  -4.9 1.26e-01 9.26e-04h 10
  59 -1.3838821e+01 1.01e-01 9.32e+05  -6.0 2.43e+03  -5.4 2.36e-01 2.80e-04h 12
iter    objective    inf_pr   inf_du lg(mu)  ||d||  lg(rg) alpha_du alpha_pr  ls
  60 -1.3837833e+01 1.01e-01 8.09e+05  -6.0 3.40e+03  -5.9 4.87e-01 1.62e-04h 11
  61 -1.3836230e+01 1.01e-01 8.21e+05  -6.0 2.31e+03  -5.5 1.60e-01 3.04e-04h 12
  62 -1.3835297e+01 1.01e-01 7.07e+05  -6.0 3.32e+03  -5.9 4.24e-01 1.52e-04h 11
  63 -1.3833569e+01 1.01e-01 7.16e+05  -6.0 2.26e+03  -5.5 1.75e-01 3.19e-04h 12
  64 -1.3832699e+01 1.01e-01 6.44e+05  -6.0 3.29e+03  -6.0 2.58e-01 1.43e-04h 11
  65 -1.3830877e+01 1.01e-01 6.51e+05  -6.0 2.31e+03  -5.6 2.34e-01 3.30e-04h 12
  66 -1.3083843e+01 3.85e+00 5.80e+05  -6.0 3.34e+03  -6.0 8.83e-02 1.28e-01w  1
  67 -1.0569866e+01 1.92e+01 2.13e+05  -6.0 1.66e+03  -5.6 1.11e-02 5.85e-01w  1
  68 -1.0832504e+01 1.74e+01 2.75e+05  -6.0 1.05e+03  -6.1 8.68e-03 1.06e-01w  1
  69 -1.3829418e+01 1.01e-01 6.24e+05  -6.0 7.01e+02  -5.7 8.83e-02 2.50e-04h  9
iter    objective    inf_pr   inf_du lg(mu)  ||d||  lg(rg) alpha_du alpha_pr  ls
  70 -1.3826750e+01 1.01e-01 6.62e+05  -6.0 1.59e+03  -5.2 1.61e-01 5.32e-04h 11
  71 -1.3825588e+01 1.01e-01 6.41e+05  -6.0 2.78e+03  -5.7 2.93e-01 1.99e-04h 12
  72 -1.3822584e+01 1.01e-01 7.76e+05  -6.0 1.79e+03  -5.3 3.88e-01 5.85e-04h 11
  73 -1.3821309e+01 1.01e-01 7.54e+05  -6.0 3.07e+03  -5.8 1.32e-01 2.09e-04h 11
  74 -1.3819598e+01 1.00e-01 1.02e+06  -6.0 2.09e+03  -5.3 9.27e-01 3.23e-04h 12
  75 -1.3817971e+01 1.00e-01 9.75e+05  -6.0 3.38e+03  -5.8 1.02e-01 2.50e-04h 10
  76 -1.3816056e+01 1.00e-01 1.10e+06  -6.0 2.49e+03  -5.4 9.55e-01 3.36e-04h 12
  77 -1.3814733e+01 1.00e-01 1.05e+06  -6.0 3.50e+03  -5.9 9.95e-02 1.94e-04h 10
  78 -1.3812946e+01 1.00e-01 1.07e+06  -6.0 2.65e+03  -5.4 1.00e+00 2.95e-04h 11
  79 -1.3157396e+01 3.22e+00 9.61e+05  -6.0 3.55e+03  -5.9 9.89e-02 9.71e-02w  1
iter    objective    inf_pr   inf_du lg(mu)  ||d||  lg(rg) alpha_du alpha_pr  ls
  80 -1.1500212e+01 1.21e+01 6.41e+05  -6.0 2.16e+03  -5.5 3.68e-02 3.50e-01w  1
  81 -1.1546956e+01 1.20e+01 6.44e+05  -6.0 3.78e+03  -6.0 1.95e-02 3.54e-02w  1
  82 -1.3811666e+01 1.00e-01 1.01e+06  -6.0 1.77e+04  -6.5 9.89e-02 1.90e-04h  9
  83 -1.3810678e+01 1.00e-01 9.91e+05  -6.0 3.67e+03  -6.0 3.96e-02 1.63e-04h 10
  84 -1.3808588e+01 1.00e-01 8.50e+05  -6.0 2.91e+03  -5.6 1.00e+00 3.25e-04h 10
  85 -1.3805432e+01 1.00e-01 9.52e+05  -6.0 1.77e+03  -5.2 2.19e-01 5.80e-04h 11
  86 -1.3804553e+01 1.00e-01 9.26e+05  -6.0 3.02e+03  -5.7 1.66e-01 1.53e-04h 11
  87 -1.3801416e+01 1.00e-01 1.09e+06  -6.0 1.98e+03  -5.2 4.17e-01 5.67e-04h 11
  88 -1.3797767e+01 1.00e-01 1.29e+06  -6.0 1.22e+03  -4.8 2.00e-01 8.10e-04h 10
  89 -1.3796143e+01 1.00e-01 1.33e+06  -6.0 2.50e+03  -5.3 2.12e-01 3.09e-04h 10
iter    objective    inf_pr   inf_du lg(mu)  ||d||  lg(rg) alpha_du alpha_pr  ls
  90 -1.3794852e+01 1.00e-01 1.12e+06  -6.0 3.42e+03  -5.8 3.57e-01 1.80e-04h 10
  91 -1.3792926e+01 1.00e-01 1.19e+06  -6.0 2.40e+03  -5.3 4.56e-01 3.12e-04h 11
  92 -1.3194926e+01 3.75e+00 6.91e+05  -6.0 4.42e+02  -4.0 5.46e-02 1.93e-01w  1
  93 -1.2258455e+01 2.05e+00 3.70e+05  -6.0 7.29e+02  -4.5 5.96e-01 2.91e-01w  1
  94 -1.1649558e+01 2.07e+00 2.12e+05  -6.0 7.03e+02  -4.1 2.91e-01 1.91e-01w  1
  95 -1.3788255e+01 9.99e-02 1.29e+06  -6.0 4.10e+02  -4.5 5.46e-02 1.50e-03h  7
  96 -1.3783207e+01 9.97e-02 1.53e+06  -6.0 5.07e+02  -4.1 1.21e-01 1.62e-03h  8
  97 -1.3778396e+01 9.96e-02 2.05e+06  -6.0 1.08e+03  -4.6 3.44e-01 1.22e-03h  9
  98 -1.3772101e+01 9.94e-02 2.48e+06  -6.0 6.95e+02  -4.2 1.57e-01 2.06e-03h  8
  99 -1.3767819e+01 9.93e-02 3.20e+06  -6.0 1.59e+03  -4.6 4.54e-01 9.42e-04h 10
iter    objective    inf_pr   inf_du lg(mu)  ||d||  lg(rg) alpha_du alpha_pr  ls
 100 -1.3762963e+01 9.92e-02 3.78e+06  -6.0 1.01e+03  -4.2 1.68e-01 1.39e-03h  9
 101 -1.3761017e+01 9.91e-02 4.70e+06  -6.0 2.14e+03  -4.7 8.25e-01 3.58e-04h 12
 102 -1.3757147e+01 9.90e-02 5.19e+06  -6.0 1.39e+03  -4.3 1.33e-01 9.18e-04h 10
 103 -1.3754303e+01 9.90e-02 5.23e+06  -6.0 2.59e+03  -4.7 6.54e-01 4.60e-04h 10
 104 -1.3751946e+01 9.89e-02 5.93e+06  -6.0 1.60e+03  -4.3 2.07e-01 5.13e-04h 11
 105 -1.2624996e+01 4.58e+00 4.80e+06  -6.0 2.85e+03  -4.8 2.93e-01 1.76e-01w  1
 106 -1.1863541e+01 1.03e+01 3.49e+06  -6.0 9.26e+02  -4.4 4.41e-02 2.75e-01w  1
 107 -1.1807729e+01 1.01e+01 3.55e+06  -6.0 1.03e+03  -4.8 2.74e-03 1.64e-02w  1
 108 -1.3749745e+01 9.89e-02 5.69e+06  -6.0 1.37e+04  -5.3 2.93e-01 3.44e-04h  9
 109 -1.3744571e+01 9.88e-02 6.32e+06  -6.0 1.04e+03  -4.0 1.08e-01 1.47e-03h  9
iter    objective    inf_pr   inf_du lg(mu)  ||d||  lg(rg) alpha_du alpha_pr  ls
 110 -1.3742573e+01 9.87e-02 8.12e+06  -6.0 2.13e+03  -4.5 1.00e+00 3.61e-04h 12
 111 -1.3738764e+01 9.86e-02 8.94e+06  -6.0 1.41e+03  -4.0 1.35e-01 9.07e-04h 10
 112 -1.3736442e+01 9.86e-02 8.91e+06  -6.0 2.61e+03  -4.5 2.28e-01 3.63e-04h 10
 113 -1.3734109e+01 9.85e-02 1.09e+07  -6.0 1.61e+03  -4.1 3.55e-01 5.11e-04h 11
 114 -1.3732491e+01 9.85e-02 1.05e+07  -6.0 2.91e+03  -4.6 1.74e-01 2.35e-04h 10
 115 -1.3729309e+01 9.85e-02 1.52e+07  -6.0 1.89e+03  -4.1 1.00e+00 6.26e-04h 11
 116 -1.3728061e+01 9.84e-02 1.44e+07  -6.0 3.29e+03  -4.6 1.16e-01 1.67e-04h 10
 117 -1.3725929e+01 9.84e-02 1.66e+07  -6.0 2.33e+03  -4.2 1.00e+00 3.60e-04h 11
 118 -1.3103247e+01 2.81e+00 1.50e+07  -6.0 3.45e+03  -4.7 1.10e-01 8.25e-02w  1
 119 -1.3103205e+01 2.81e+00 1.49e+07  -6.0 2.13e+03  -4.2 9.34e-02 8.57e-06w  1
iter    objective    inf_pr   inf_du lg(mu)  ||d||  lg(rg) alpha_du alpha_pr  ls
 120 -1.2975152e+01 1.72e+01 1.45e+07  -6.0 4.08e+03  -4.7 2.49e-02 3.16e-02w  1
 121 -1.3724713e+01 9.84e-02 1.57e+07  -6.0 3.34e+03  -5.2 1.10e-01 1.61e-04h  9
 122 -1.3723301e+01 9.84e-02 1.42e+07  -6.0 3.59e+03  -4.8 1.58e-01 1.99e-04h 10
 123 -1.3721272e+01 9.83e-02 1.37e+07  -6.0 2.67e+03  -4.3 5.61e-01 3.09e-04h 10
 124 -1.3721194e+01 9.83e-02 1.34e+07  -6.0 4.31e+03  -4.8 4.70e-02 1.93e-05h 12
 125 -1.3719287e+01 9.83e-02 1.26e+07  -6.0 2.72e+03  -4.4 5.89e-01 2.86e-04h 10
 126 -1.3715709e+01 9.82e-02 1.38e+07  -6.0 1.67e+03  -4.0 1.65e-01 7.89e-04h 10
 127 -1.3714110e+01 9.82e-02 1.32e+07  -6.0 2.86e+03  -4.4 2.44e-01 2.29e-04h 10
 128 -1.3711920e+01 9.82e-02 1.54e+07  -6.0 1.83e+03  -4.0 3.47e-01 4.52e-04h 11
 129 -1.3710562e+01 9.81e-02 1.47e+07  -6.0 3.06e+03  -4.5 1.54e-01 1.85e-04h 10
iter    objective    inf_pr   inf_du lg(mu)  ||d||  lg(rg) alpha_du alpha_pr  ls
 130 -1.3707227e+01 9.81e-02 1.94e+07  -6.0 2.05e+03  -4.1 1.00e+00 6.26e-04h 11
 131 -1.3112359e+01 2.53e+00 1.76e+07  -6.0 3.34e+03  -4.5 1.08e-01 7.61e-02w  1
 132 -1.3112347e+01 2.53e+00 1.77e+07  -6.0 2.03e+03  -4.1 1.16e-01 2.34e-06w  1
 133 -1.2912660e+01 1.51e+01 1.71e+07  -6.0 3.15e+03  -4.6 2.19e-02 4.45e-02w  1
 134 -1.3706066e+01 9.81e-02 1.84e+07  -6.0 3.26e+03  -5.1 1.08e-01 1.49e-04h  9
 135 -1.3704928e+01 9.81e-02 1.55e+07  -6.0 3.48e+03  -4.6 2.94e-01 1.44e-04h 10
 136 -1.3702451e+01 9.80e-02 1.57e+07  -6.0 2.47e+03  -4.2 2.27e-01 3.89e-04h 10
 137 -1.3700366e+01 9.80e-02 1.37e+07  -6.0 3.45e+03  -4.7 2.41e-01 2.51e-04h  9
 138 -1.3697964e+01 9.80e-02 1.39e+07  -6.0 2.46e+03  -4.3 2.70e-01 3.76e-04h 10
 139 -1.3696841e+01 9.79e-02 1.24e+07  -6.0 3.46e+03  -4.8 2.12e-01 1.42e-04h 10
iter    objective    inf_pr   inf_du lg(mu)  ||d||  lg(rg) alpha_du alpha_pr  ls
 140 -1.3694533e+01 9.79e-02 1.26e+07  -6.0 2.47e+03  -4.3 3.09e-01 3.59e-04h 10
 141 -1.3694380e+01 9.79e-02 1.22e+07  -6.0 4.01e+03  -4.8 5.18e-02 4.13e-05h 11
 142 -1.3692485e+01 9.79e-02 1.21e+07  -6.0 2.57e+03  -4.4 4.57e-01 2.82e-04h 10
 143 -1.3688194e+01 9.78e-02 1.31e+07  -6.0 1.58e+03  -4.0 1.22e-01 1.06e-03h  9
 144 -1.2937155e+01 2.93e+00 1.15e+07  -6.0 2.74e+03  -4.4 2.16e-01 1.04e-01w  1
 145 -1.1722508e+01 3.89e+00 7.11e+06  -6.0 1.19e+03  -4.0 1.18e-01 3.29e-01w  1
 146 -1.1514667e+01 3.67e+00 1.99e+06  -6.0 6.01e+02  -3.6 7.39e-01 5.52e-02w  1
 147 -1.3685260e+01 9.77e-02 1.27e+07  -6.0 6.55e+02  -4.1 2.16e-01 4.08e-04h  8
 148 -1.3682818e+01 9.77e-02 1.08e+07  -6.0 2.94e+03  -4.5 5.97e-01 3.17e-04h  9
 149 -1.3679404e+01 9.76e-02 1.20e+07  -6.0 1.81e+03  -4.1 2.26e-01 7.24e-04h 10
iter    objective    inf_pr   inf_du lg(mu)  ||d||  lg(rg) alpha_du alpha_pr  ls
 150 -1.3677058e+01 9.76e-02 1.08e+07  -6.0 2.99e+03  -4.6 3.54e-01 3.00e-04h  9
 151 -1.3674836e+01 9.76e-02 1.19e+07  -6.0 1.92e+03  -4.2 2.70e-01 4.43e-04h 11
 152 -1.3672630e+01 9.75e-02 1.09e+07  -6.0 3.09e+03  -4.6 2.58e-01 2.75e-04h  9
 153 -1.3669439e+01 9.75e-02 1.20e+07  -6.0 2.05e+03  -4.2 3.20e-01 5.96e-04h 11
 154 -1.3667337e+01 9.74e-02 1.10e+07  -6.0 3.18e+03  -4.7 2.12e-01 2.56e-04h  9
 155 -1.3664065e+01 9.74e-02 1.19e+07  -6.0 2.17e+03  -4.3 3.63e-01 5.75e-04h 11
 156 -1.3661987e+01 9.74e-02 1.09e+07  -6.0 3.27e+03  -4.7 1.92e-01 2.53e-04h  9
 157 -1.1846220e+01 8.82e+00 7.69e+06  -6.0 2.27e+03  -4.3 3.70e-01 3.04e-01w  1
 158 -1.1845917e+01 8.81e+00 6.58e+06  -6.0 5.76e+02  -3.9 1.37e-01 1.46e-04w  1
 159 -1.1250685e+01 6.88e+00 6.22e+06  -6.0 6.08e+02  -4.4 3.11e-02 2.69e-01w  1
iter    objective    inf_pr   inf_du lg(mu)  ||d||  lg(rg) alpha_du alpha_pr  ls
 160 -1.3658440e+01 9.73e-02 1.15e+07  -6.0 2.40e+03  -4.8 3.70e-01 5.93e-04h  9
 161 -1.3656672e+01 9.73e-02 1.14e+07  -6.0 2.56e+03  -4.4 2.41e-01 2.62e-04h 10
 162 -1.3654368e+01 9.72e-02 1.23e+07  -6.0 1.57e+03  -4.0 1.33e-01 5.53e-04h 10
 163 -1.3651572e+01 9.72e-02 1.19e+07  -6.0 2.74e+03  -4.5 2.29e-01 3.86e-04h  9
 164 -1.3648527e+01 9.71e-02 1.36e+07  -6.0 1.73e+03  -4.0 2.83e-01 6.71e-04h 10
 165 -1.3646225e+01 9.71e-02 1.31e+07  -6.0 2.94e+03  -4.5 1.48e-01 2.95e-04h  9
 166 -1.3643838e+01 9.71e-02 1.60e+07  -6.0 1.94e+03  -4.1 5.98e-01 4.73e-04h 11
 167 -1.3641856e+01 9.70e-02 1.53e+07  -6.0 3.17e+03  -4.6 1.06e-01 2.35e-04h  9
 168 -1.3639488e+01 9.70e-02 1.81e+07  -6.0 2.21e+03  -4.1 1.00e+00 4.08e-04h 11
 169 -1.3637684e+01 9.70e-02 1.73e+07  -6.0 3.35e+03  -4.6 9.23e-02 2.03e-04h  9
iter    objective    inf_pr   inf_du lg(mu)  ||d||  lg(rg) alpha_du alpha_pr  ls
 170 -1.2607147e+01 3.72e+00 1.50e+07  -6.0 2.45e+03  -4.2 1.00e+00 1.58e-01w  1
 171 -1.2459850e+01 9.51e+00 1.48e+07  -6.0 3.57e+03  -4.7 6.78e-05 4.29e-02w  1
 172 -1.2459240e+01 9.51e+00 1.48e+07  -6.0 2.65e+03  -5.1 2.03e-06 4.99e-05w  1
 173 -1.3635671e+01 9.69e-02 1.79e+07  -6.0 2.16e+03  -4.7 1.00e+00 3.09e-04h  9
 174 -1.3632969e+01 9.69e-02 1.76e+07  -6.0 2.70e+03  -4.3 1.13e-01 3.72e-04h  9
 175 -1.3632010e+01 9.69e-02 1.55e+07  -6.0 3.57e+03  -4.8 1.91e-01 1.14e-04h 10
 176 -1.3629248e+01 9.69e-02 1.51e+07  -6.0 2.67e+03  -4.3 2.18e-01 3.84e-04h  9
 177 -1.3629408e+01 9.69e-02 1.51e+07  -6.0 2.20e+04  -4.8 7.29e-03 7.45e-06h 11
 178 -1.3626886e+01 9.68e-02 1.30e+07  -6.0 2.75e+03  -4.4 8.13e-01 3.39e-04h  9
 179 -1.3624267e+01 9.68e-02 1.44e+07  -6.0 1.64e+03  -4.0 1.90e-01 6.03e-04h 10
iter    objective    inf_pr   inf_du lg(mu)  ||d||  lg(rg) alpha_du alpha_pr  ls
 180 -1.3621896e+01 9.67e-02 1.29e+07  -6.0 2.81e+03  -4.4 5.09e-01 3.12e-04h  9
 181 -1.3618686e+01 9.67e-02 1.46e+07  -6.0 1.74e+03  -4.0 2.78e-01 6.97e-04h 10
 182 -1.3616521e+01 9.66e-02 1.36e+07  -6.0 2.92e+03  -4.5 2.63e-01 2.73e-04h  9
 183 -1.1207604e+01 1.53e+01 6.10e+06  -6.0 1.90e+03  -4.1 2.78e-01 4.78e-01w  1
 184 -1.0709358e+01 1.36e+01 4.81e+06  -6.0 5.51e+02  -3.6 1.49e-01 1.14e-01w  1
 185 -1.0709357e+01 1.36e+01 3.22e+06  -6.0 5.68e+02  -4.1 4.69e-01 5.00e-07w  1
 186 -1.3614169e+01 9.66e-02 1.50e+07  -6.0 7.65e+02  -4.6 2.78e-01 4.67e-04h 10
 187 -1.3610875e+01 9.65e-02 1.58e+07  -6.0 2.24e+03  -4.2 3.73e-01 5.52e-04h 10
 188 -1.3609094e+01 9.65e-02 1.51e+07  -6.0 3.25e+03  -4.7 1.03e-01 2.02e-04h  9
 189 -1.3606880e+01 9.65e-02 1.62e+07  -6.0 2.35e+03  -4.2 1.00e+00 3.50e-04h 10
iter    objective    inf_pr   inf_du lg(mu)  ||d||  lg(rg) alpha_du alpha_pr  ls
 190 -1.3605167e+01 9.65e-02 1.55e+07  -6.0 3.33e+03  -4.7 8.51e-02 1.90e-04h  9
 191 -1.3601832e+01 9.64e-02 1.80e+07  -6.0 2.49e+03  -4.3 4.52e-01 4.95e-04h  9
 192 -1.3600097e+01 9.64e-02 1.96e+07  -6.0 3.36e+03  -4.8 9.25e-02 1.95e-04h  9
 193 -1.3597029e+01 9.64e-02 2.90e+07  -6.0 2.53e+03  -4.3 1.00e+00 4.46e-04h  9
 194 -1.3597057e+01 9.64e-02 2.97e+07  -6.0 8.13e+03  -4.8 2.28e-02 2.01e-05h 11
 195 -1.3594091e+01 9.63e-02 3.14e+07  -6.0 2.56e+03  -4.4 1.13e-01 4.27e-04h  9
 196 -1.2185253e+01 5.07e+00 2.16e+07  -6.0 1.63e+03  -4.0 1.59e-01 3.22e-01w  1
 197 -1.1455250e+01 4.41e+00 2.42e+07  -6.0 8.23e+02  -4.4 1.36e-06 1.40e-01w  1
 198 -1.1704264e+01 4.48e+00 2.39e+07  -6.0 7.94e+03  -4.9 1.06e-02 9.75e-03w  1
 199 -1.3591339e+01 9.63e-02 3.12e+07  -6.0 1.02e+03  -4.5 1.59e-01 6.28e-04h  9
iter    objective    inf_pr   inf_du lg(mu)  ||d||  lg(rg) alpha_du alpha_pr  ls
 200 -1.3588653e+01 9.62e-02 3.35e+07  -6.0 1.93e+03  -4.1 5.83e-01 5.23e-04h 11
 201 -1.3586826e+01 9.62e-02 4.00e+07  -6.0 3.07e+03  -4.5 2.49e-01 2.13e-04h  9
 202 -1.3584122e+01 9.61e-02 4.21e+07  -6.0 2.12e+03  -4.1 2.17e-01 4.77e-04h 11
 203 -1.3582356e+01 9.61e-02 5.94e+07  -6.0 3.08e+03  -4.6 5.19e-01 2.02e-04h  9
 204 -1.3578755e+01 9.61e-02 6.10e+07  -6.0 2.01e+03  -4.2 1.53e-01 6.60e-04h 11
 205 -1.3576957e+01 9.60e-02 8.59e+07  -6.0 2.94e+03  -4.6 5.67e-01 2.09e-04h  9
 206 -1.3574279e+01 9.60e-02 8.75e+07  -6.0 1.92e+03  -4.2 1.55e-01 5.11e-04h 11
 207 -1.3572510e+01 9.60e-02 1.11e+08  -6.0 2.79e+03  -4.7 4.15e-01 2.03e-04h  9
 208 -1.3569725e+01 9.59e-02 1.13e+08  -6.0 1.93e+03  -4.3 1.69e-01 5.24e-04h 11
 209 -1.3185035e+01 1.67e+00 1.18e+08  -6.0 2.71e+03  -4.7 1.75e-01 3.82e-02w  1
iter    objective    inf_pr   inf_du lg(mu)  ||d||  lg(rg) alpha_du alpha_pr  ls
 210 -1.2725688e+01 6.42e+00 1.01e+08  -6.0 3.23e+03  -5.2 1.25e-02 7.99e-02w  1
 211 -1.2725686e+01 6.42e+00 1.02e+08  -6.0 2.33e+03  -4.8 1.50e-02 4.84e-07w  1
 212 -1.3568222e+01 9.59e-02 1.25e+08  -6.0 2.64e+03  -5.3 1.75e-01 1.49e-04h  8
 213 -1.3565097e+01 9.58e-02 1.22e+08  -6.0 1.31e+03  -3.9 1.01e-01 8.46e-04h  9
 214 -1.3561526e+01 9.58e-02 1.31e+08  -6.0 2.27e+03  -4.4 2.41e-01 5.48e-04h  9
 215 -1.3557815e+01 9.57e-02 1.28e+08  -6.0 1.49e+03  -4.0 1.85e-01 9.57e-04h  9
 216 -1.3555266e+01 9.56e-02 1.38e+08  -6.0 2.47e+03  -4.5 1.80e-01 3.53e-04h  9
 217 -1.3552557e+01 9.56e-02 1.37e+08  -6.0 1.67e+03  -4.0 2.67e-01 6.18e-04h 10
 218 -1.3550482e+01 9.56e-02 1.47e+08  -6.0 2.64e+03  -4.5 1.24e-01 2.62e-04h  9
 219 -1.3548233e+01 9.55e-02 1.54e+08  -6.0 1.86e+03  -4.1 5.85e-01 4.52e-04h 11
iter    objective    inf_pr   inf_du lg(mu)  ||d||  lg(rg) alpha_du alpha_pr  ls
 220 -1.3546500e+01 9.55e-02 1.64e+08  -6.0 2.82e+03  -4.6 9.04e-02 1.97e-04h  9
 221 -1.3544575e+01 9.55e-02 2.03e+08  -6.0 2.11e+03  -4.1 1.00e+00 3.32e-04h 11
 222 -1.3158837e+01 9.45e-01 2.01e+08  -6.0 2.91e+03  -4.6 8.15e-02 3.93e-02w  1
 223 -1.2987119e+01 7.35e+00 1.88e+08  -6.0 5.80e+03  -5.1 3.27e-05 3.31e-02w  1
 224 -1.2985908e+01 7.35e+00 1.88e+08  -6.0 2.97e+03  -4.7 1.09e-07 4.56e-05w  1
 225 -1.3543068e+01 9.55e-02 2.14e+08  -6.0 3.64e+03  -5.1 8.15e-02 1.53e-04h  8
 226 -1.3542476e+01 9.54e-02 2.24e+08  -6.0 2.91e+03  -4.7 6.50e-02 4.54e-05h 10
 227 -1.3539894e+01 9.54e-02 3.19e+08  -6.0 2.43e+03  -4.3 1.00e+00 3.61e-04h  9
 228 -1.3354510e+01 6.41e+00 3.19e+08  -6.0 4.73e+05  -4.8 2.71e-04 2.71e-04s 11
 229 -1.3349902e+01 6.41e+00 3.19e+08  -6.0 3.03e+03  -5.2 6.74e-04 6.74e-04s 11
iter    objective    inf_pr   inf_du lg(mu)  ||d||  lg(rg) alpha_du alpha_pr  ls
 230 -1.3135668e+01 6.26e+00 3.12e+08  -6.0 3.71e+03  -5.7 2.27e-02 2.27e-02s 11
 231r-1.3135668e+01 6.26e+00 1.00e+03   0.4 0.00e+00  -5.3 0.00e+00 0.00e+00R  1
 232r-1.3150881e+01 6.25e+00 1.08e+03   0.4 2.11e+07    -  2.34e-06 9.92e-07f  1
 233r-1.3176350e+01 6.22e+00 1.14e+03   0.4 2.07e+04    -  2.44e-07 6.94e-06f  1
 234r-1.3201870e+01 6.18e+00 6.07e+03   0.4 2.06e+04    -  1.06e-05 7.43e-06f  1
 235r-1.3175223e+01 6.18e+00 6.07e+03   0.4 2.04e+04    -  1.13e-07 1.48e-06f  1
 236r-1.3166558e+01 6.18e+00 6.07e+03   0.4 4.42e+01   2.0 1.59e-04 2.73e-05f  1
 237r-1.3122090e+01 6.17e+00 6.06e+03   0.4 1.64e+01   2.4 5.33e-04 3.50e-04f  1
 238r-1.4681887e+01 4.86e+00 6.06e+03   0.4 1.72e+04    -  5.24e-04 7.47e-04f  1
 239r-1.4346470e+01 4.81e+00 3.23e+04   0.4 1.27e+01   1.9 9.92e-03 2.37e-03f  1
iter    objective    inf_pr   inf_du lg(mu)  ||d||  lg(rg) alpha_du alpha_pr  ls
 240r-1.4543721e+01 4.78e+00 3.38e+04   0.4 7.24e+03    -  5.36e-03 1.78e-03f  1
 241r-1.2493833e+01 4.63e+00 3.42e+04   0.4 1.83e+03    -  1.00e-02 7.89e-03f  1
 242r-5.9631714e+00 4.36e+00 3.42e+04   0.4 8.32e+02    -  1.89e-02 1.52e-02f  1
 243r-4.3028505e+00 5.89e+00 3.44e+04   0.4 8.11e+02    -  7.02e-02 3.89e-02f  1
 244r-1.1439987e+00 7.90e+00 3.27e+04   0.4 6.73e+02    -  4.78e-02 4.96e-02f  1
 245r 8.2910896e-01 9.37e+00 3.10e+04   0.4 5.69e+02    -  1.05e-01 4.45e-02f  1
 246r 2.7355683e+00 1.14e+01 2.88e+04   0.4 4.20e+02    -  1.04e-01 7.02e-02f  1
 247r 5.9255158e+00 1.45e+01 2.51e+04   0.4 3.90e+02    -  1.61e-01 1.31e-01f  1
 248r 1.1500941e+01 2.46e+01 1.85e+04   0.4 3.25e+02    -  2.39e-01 2.89e-01f  1
 249r 1.1798359e+01 1.79e+01 1.29e+04  -0.3 3.43e-01   1.5 3.47e-01 2.92e-01f  1
iter    objective    inf_pr   inf_du lg(mu)  ||d||  lg(rg) alpha_du alpha_pr  ls
 250r 1.2299712e+01 1.21e+01 8.43e+03  -0.3 6.11e-01   1.0 2.87e-01 4.07e-01f  1
 251r 1.4331181e+01 8.87e+00 3.26e+03  -0.3 1.19e+00   0.5 6.32e-01 6.04e-01f  1
 252r 1.5200106e+01 8.75e+00 2.67e+03  -0.3 5.23e+00   0.0 2.43e-02 5.40e-02f  1
 253r 1.6316432e+01 7.88e+00 2.88e+03  -0.3 1.41e+00   0.5 5.22e-01 4.03e-01f  1
 254r 1.6682243e+01 7.75e+00 3.37e+03  -0.3 2.55e+00  -0.0 2.00e-01 9.72e-02f  1
 255r 1.7814788e+01 7.59e+00 2.01e+03  -0.3 4.24e+00  -0.5 1.24e-01 1.34e-01f  1
 256r 1.7784447e+01 7.58e+00 2.02e+03  -0.3 3.70e+00   0.8 1.21e-02 1.42e-02f  1
 257r 1.8413714e+01 7.41e+00 2.95e+03  -0.3 1.55e+00   0.4 4.46e-01 1.80e-01f  1
 258r 1.8884374e+01 7.38e+00 5.02e+03  -0.3 4.65e+02    -  1.19e-02 3.09e-02f  1
 259r 1.8871351e+01 7.29e+00 4.09e+03  -0.3 1.71e-02   4.4 1.65e-01 1.30e-01f  1
iter    objective    inf_pr   inf_du lg(mu)  ||d||  lg(rg) alpha_du alpha_pr  ls
 260r 1.8857783e+01 7.12e+00 1.08e+04  -0.3 1.96e-02   3.9 1.51e-01 2.78e-01f  1
 261r 1.8839900e+01 7.00e+00 9.82e+03  -0.3 9.93e-03   4.4 3.99e-01 2.85e-01f  1
 262r 1.8799103e+01 6.66e+00 9.71e+04  -0.3 7.32e-03   3.9 2.34e-01 1.00e+00f  1
 263r 1.8801940e+01 6.66e+00 2.40e+03  -0.3 2.39e-03   5.2 1.00e+00 9.74e-01f  1
 264r 1.8801052e+01 6.66e+00 3.48e+03  -0.3 2.36e-03   4.7 1.00e+00 6.68e-01f  1
 265r 1.8800543e+01 6.66e+00 3.46e+01  -0.3 1.10e-03   4.2 1.00e+00 1.00e+00f  1
 266r 1.8961192e+01 2.58e+00 3.87e+03  -2.4 3.07e-02   3.8 4.64e-01 5.70e-01f  1
 267r 1.9041028e+01 2.56e+00 2.31e+03  -2.4 8.19e-02   3.3 3.79e-01 3.75e-01f  1
 268r 1.9081943e+01 2.11e+00 1.56e+03  -2.4 1.69e-01   2.8 2.42e-01 1.68e-01f  1
 269r 1.9089747e+01 2.09e+00 1.99e+03  -2.4 2.26e-01   2.3 8.24e-02 2.35e-02f  1
iter    objective    inf_pr   inf_du lg(mu)  ||d||  lg(rg) alpha_du alpha_pr  ls
 270r 1.9154433e+01 1.48e+00 6.95e+04  -2.4 1.48e-01   2.8 2.67e-02 2.82e-01f  1
 271r 1.9174021e+01 1.27e+00 3.50e+04  -2.4 6.17e-02   3.2 1.70e-01 1.45e-01f  1
 272r 1.9215423e+01 9.83e-01 2.55e+04  -2.4 9.18e-02   2.7 2.63e-01 2.27e-01f  1
 273r 1.9261485e+01 8.11e-01 2.06e+04  -2.4 2.03e-01   2.2 1.13e-01 1.80e-01f  1
 274r 1.9283655e+01 6.90e-01 1.75e+04  -2.4 8.93e-02   2.7 2.35e-01 1.49e-01f  1
 275r 1.9304649e+01 6.16e-01 1.56e+04  -2.4 1.53e-01   2.2 8.44e-02 1.09e-01f  1
 276r 1.9321036e+01 5.77e-01 1.46e+04  -2.4 4.44e-01   1.7 2.39e-01 6.55e-02f  1
 277r 1.9338876e+01 5.19e-01 1.28e+04  -2.4 8.94e-01   1.2 1.96e-01 1.08e-01f  1
 278r 1.9346806e+01 4.61e-01 1.13e+04  -2.4 3.31e-01   1.7 1.48e-02 1.17e-01f  1
 279r 1.9349250e+01 4.36e-01 1.07e+04  -2.4 3.08e-01   2.1 1.47e-01 5.53e-02f  1
iter    objective    inf_pr   inf_du lg(mu)  ||d||  lg(rg) alpha_du alpha_pr  ls
 280r 1.9351332e+01 4.13e-01 1.09e+04  -2.4 3.57e-01   1.6 2.34e-01 5.23e-02f  1
 281r 1.9351895e+01 3.99e-01 1.04e+04  -2.4 6.63e-01   1.1 3.02e-02 3.38e-02f  1
 282r 1.9354809e+01 3.59e-01 1.24e+04  -2.4 2.96e-01   1.6 2.50e-01 1.09e-01f  1
 283r 1.9354054e+01 3.42e-01 1.22e+04  -2.4 7.84e-01   1.1 6.83e-02 4.73e-02f  1
 284r 1.9353876e+01 3.34e-01 1.01e+04  -2.4 2.99e-01   1.5 5.00e-02 9.98e-02f  1
 285r 1.9354679e+01 3.07e-01 7.09e+03  -2.4 1.25e-01   1.9 5.07e-02 1.45e-01f  1
 286r 1.9355353e+01 2.75e-01 8.04e+03  -2.4 5.63e-02   2.4 2.16e-01 1.13e-01f  1
 287r 1.9354672e+01 2.66e-01 6.12e+03  -2.4 1.56e-01   1.9 1.77e-01 2.00e-01f  1
 288r 1.9354317e+01 2.04e-01 4.33e+03  -2.4 6.22e-02   2.3 3.06e-01 3.02e-01f  1
 289r 1.9353245e+01 2.05e-01 3.05e+03  -2.4 1.69e-01   1.8 2.96e-02 1.19e-01f  1
iter    objective    inf_pr   inf_du lg(mu)  ||d||  lg(rg) alpha_du alpha_pr  ls
 290r 1.9352298e+01 1.69e-01 2.00e+03  -2.4 5.64e-02   2.3 2.83e-01 3.16e-01f  1
 291r 1.9352033e+01 1.67e-01 2.14e+03  -2.4 1.59e-01   1.8 8.90e-02 2.79e-02f  1
 292r 1.9351401e+01 1.49e-01 1.61e+03  -2.4 6.18e-02   2.2 1.41e-01 1.77e-01f  1
 293r 1.9351918e+01 1.48e-01 1.55e+03  -2.4 2.06e-01   1.7 2.64e-02 3.60e-02f  1
 294r 1.9351319e+01 1.39e-01 1.42e+03  -2.4 6.79e-02   2.2 1.02e-02 8.82e-02f  1
 295r 1.9351451e+01 1.38e-01 1.62e+04  -2.4 1.67e-01   2.6 3.64e-02 8.54e-03f  1
 296r 1.9349145e+01 1.33e-01 3.73e+04  -2.4 7.61e-02   2.1 2.96e-03 5.28e-02f  1
 297r 1.9342548e+01 1.59e-01 3.88e+04  -2.4 2.13e-01   1.6 6.29e-02 7.98e-02f  1
 298r 1.9343464e+01 1.54e-01 5.69e+04  -2.4 8.49e-02   2.1 9.33e-02 3.36e-02f  1
 299r 1.9340557e+01 2.28e-01 4.50e+04  -2.4 2.37e-01   1.6 2.02e-01 1.08e-01f  1
iter    objective    inf_pr   inf_du lg(mu)  ||d||  lg(rg) alpha_du alpha_pr  ls
 300r 1.9339552e+01 2.20e-01 3.40e+04  -2.4 9.34e-02   2.0 3.13e-01 1.28e-01f  1
 301r 1.9337853e+01 2.53e-01 2.93e+04  -2.4 2.48e-01   1.5 1.55e-01 6.43e-02f  1
 302r 1.9336283e+01 2.63e-01 2.21e+04  -2.4 9.98e-02   1.9 2.91e-01 1.66e-01f  1
 303r 1.9333831e+01 3.54e-01 1.87e+04  -2.4 2.67e-01   1.5 1.77e-01 8.26e-02f  1
 304r 1.9332572e+01 3.50e-01 1.08e+04  -2.4 1.08e-01   1.9 5.70e-01 1.13e-01f  1
 305r 1.9332542e+01 2.79e-01 9.85e+03  -2.4 7.84e-03   3.2 2.87e-01 2.07e-01f  1
 306r 1.9331695e+01 1.29e-01 2.07e+03  -2.4 1.66e-02   2.7 1.00e+00 6.55e-01f  1
 307r 1.9329538e+01 2.10e-01 1.11e+03  -2.4 4.69e-02   2.3 8.68e-01 4.92e-01f  1
 308r 1.9327650e+01 2.97e-01 1.35e+03  -2.4 1.32e-01   1.8 3.29e-01 1.42e-01f  1
 309r 1.9325614e+01 4.23e-01 1.67e+03  -2.4 3.78e-01   1.3 1.28e-01 5.32e-02f  1
iter    objective    inf_pr   inf_du lg(mu)  ||d||  lg(rg) alpha_du alpha_pr  ls
 310r 1.9323693e+01 5.26e-01 1.95e+03  -2.4 1.48e-01   1.7 3.11e-01 1.29e-01f  1
 311r 1.9321261e+01 7.69e-01 2.30e+03  -2.4 4.17e-01   1.3 1.64e-01 5.66e-02f  1
 312r 1.9319887e+01 8.19e-01 2.50e+03  -2.4 1.67e-01   1.7 2.85e-01 8.14e-02f  1
 313r 1.9315574e+01 1.75e+00 2.34e+03  -2.4 4.48e-01   1.2 1.08e-01 8.88e-02f  1
 314r 1.9312330e+01 2.34e+00 2.85e+03  -2.4 1.86e-01   1.6 7.88e-01 1.71e-01f  1
 315r 1.9307964e+01 3.04e+00 2.76e+03  -2.4 5.01e-01   1.2 1.23e-01 8.01e-02f  1
 316r 1.9304840e+01 3.42e+00 2.49e+03  -2.4 2.09e-01   1.6 3.02e-01 1.45e-01f  1
 317r 1.9300477e+01 3.51e+00 2.19e+03  -2.4 5.72e-01   1.1 3.46e-02 7.14e-02f  1
 318r 1.9298189e+01 3.41e+00 2.36e+03  -2.4 2.30e-01   1.5 6.78e-01 9.49e-02f  1
 319r 1.9292413e+01 3.32e+00 2.19e+03  -2.4 6.45e-01   1.1 9.57e-02 8.59e-02f  1
iter    objective    inf_pr   inf_du lg(mu)  ||d||  lg(rg) alpha_du alpha_pr  ls
 320r 1.9288438e+01 3.10e+00 2.17e+03  -2.4 2.48e-01   1.5 7.29e-01 1.48e-01f  1
 321r 1.9282399e+01 2.90e+00 2.61e+03  -2.4 6.87e-01   1.0 2.51e-01 7.72e-02f  1
 322r 1.9274690e+01 2.46e+00 1.94e+03  -2.4 2.74e-01   1.4 2.69e-01 2.57e-01f  1
 323r 1.9267572e+01 2.27e+00 2.14e+03  -2.4 7.58e-01   1.0 1.68e-01 7.91e-02f  1
 324r 1.9261928e+01 1.95e+00 1.87e+03  -2.4 2.96e-01   1.4 6.20e-01 1.59e-01f  1
 325r 1.9257157e+01 1.88e+00 1.87e+03  -2.4 8.21e-01   0.9 6.61e-02 4.49e-02f  1
 326r 1.9249119e+01 1.83e+00 1.70e+03  -2.4 3.26e-01   1.3 4.13e-01 2.03e-01f  1
 327r 1.9243961e+01 1.76e+00 1.85e+03  -2.4 9.10e-01   0.9 7.95e-02 4.31e-02f  1
 328r 1.9234281e+01 1.51e+00 1.73e+03  -2.4 3.61e-01   1.3 2.66e-01 2.18e-01f  1
 329r 1.9224530e+01 1.41e+00 1.45e+03  -2.4 1.03e+00   0.8 3.99e-02 7.26e-02f  1
iter    objective    inf_pr   inf_du lg(mu)  ||d||  lg(rg) alpha_du alpha_pr  ls
 330r 1.9219973e+01 1.29e+00 1.97e+03  -2.4 3.99e-01   1.2 2.32e-01 9.09e-02f  1
 331r 1.9209803e+01 1.31e+00 1.84e+03  -2.4 1.16e+00   0.8 6.65e-02 6.81e-02f  1
 332r 1.9205856e+01 1.25e+00 2.03e+03  -2.4 4.72e-01   1.2 2.01e-01 7.06e-02f  1
 333r 1.9193054e+01 1.25e+00 1.86e+03  -2.4 1.43e+00   0.7 4.99e-02 7.64e-02f  1
 334r 1.9188639e+01 1.19e+00 1.90e+03  -2.4 5.19e-01   1.1 1.66e-01 7.03e-02f  1
 335r 1.9179674e+01 1.17e+00 1.79e+03  -2.4 1.61e+00   0.7 6.81e-02 4.78e-02f  1
 336r 1.9167949e+01 1.18e+00 1.45e+03  -2.4 5.90e-01   1.1 1.29e-01 1.66e-01f  1
 337r 1.9161757e+01 1.16e+00 1.40e+03  -2.4 1.74e+00   0.6 7.46e-02 2.94e-02f  1
 338r 1.9160971e+01 1.16e+00 1.43e+03  -2.4 4.35e+01   0.1 5.05e-04 1.27e-03f  1
 339r 1.9150084e+01 1.17e+00 1.32e+03  -2.4 1.95e+00   0.6 7.05e-02 4.61e-02f  1
iter    objective    inf_pr   inf_du lg(mu)  ||d||  lg(rg) alpha_du alpha_pr  ls
 340r 1.9138666e+01 1.18e+00 1.16e+03  -2.4 4.64e+00   0.1 2.99e-02 1.66e-02f  1
 341r 1.9119115e+01 1.49e+00 1.66e+03  -2.4 1.87e+00   0.5 1.35e-01 7.42e-02f  1
 342r 1.9115557e+01 1.50e+00 2.08e+03  -2.4 7.25e-01   0.9 1.10e-01 3.56e-02f  1
 343r 1.9100288e+01 1.53e+00 2.40e+03  -2.4 1.79e+00   0.4 9.48e-02 5.20e-02f  1
 344r 1.9065156e+01 1.61e+00 1.93e+03  -2.4 4.20e+00  -0.0 6.31e-03 4.10e-02f  1
 345r 1.9061024e+01 1.60e+00 2.69e+03  -2.4 1.88e+00   0.4 7.19e-02 1.22e-02f  1
 346r 1.9027521e+01 1.65e+00 2.35e+03  -2.4 4.52e+00  -0.1 2.07e-02 3.52e-02f  1
 347r 1.9013431e+01 1.62e+00 2.25e+03  -2.4 1.83e+00   0.3 3.77e-02 3.83e-02f  1
 348r 1.9002187e+01 1.61e+00 2.56e+03  -2.4 6.00e+00  -0.1 3.13e-02 1.10e-02f  1
 349r 1.8968337e+01 1.69e+00 1.49e+03  -2.4 1.90e+00   0.3 1.25e-02 8.40e-02f  1
iter    objective    inf_pr   inf_du lg(mu)  ||d||  lg(rg) alpha_du alpha_pr  ls
 350r 1.8960304e+01 1.67e+00 1.52e+03  -2.4 8.60e-01   0.7 6.64e-02 5.11e-02f  1
 351r 1.8939815e+01 1.89e+00 1.42e+03  -2.4 2.05e+00   0.2 4.20e-02 4.58e-02f  1
 352r 1.8926351e+01 2.15e+00 1.50e+03  -2.4 9.02e-01   0.7 1.00e-01 7.71e-02f  1
 353r 1.8908620e+01 2.27e+00 1.46e+03  -2.4 2.74e+00   0.2 3.66e-02 3.54e-02f  1
 354r 1.8899156e+01 2.31e+00 1.18e+03  -2.4 8.78e-01   0.6 2.18e-02 4.86e-02f  1
 355r 1.8887877e+01 2.35e+00 1.42e+03  -2.4 2.85e+00   0.1 4.69e-02 2.02e-02f  1
 356r 1.8877308e+01 2.49e+00 2.64e+03  -2.4 9.45e-01   0.6 1.44e-01 4.86e-02f  1
 357r 1.8856689e+01 2.78e+00 2.54e+03  -2.4 3.66e+00   0.1 3.27e-02 3.35e-02f  1
 358r 1.8841537e+01 2.98e+00 3.67e+03  -2.4 8.03e-01   0.5 1.60e-01 6.25e-02f  1
 359r 1.8818269e+01 3.05e+00 3.43e+03  -2.4 6.80e+00   0.0 2.73e-02 3.44e-02f  1
iter    objective    inf_pr   inf_du lg(mu)  ||d||  lg(rg) alpha_du alpha_pr  ls
 360r 1.8788216e+01 3.43e+00 2.84e+03  -2.4 8.32e-01   0.5 9.71e-02 1.12e-01f  1
 361r 1.8778995e+01 3.38e+00 2.80e+03  -2.4 1.52e+01  -0.0 1.39e-02 1.36e-02f  1
 362r 1.8766209e+01 3.25e+00 3.16e+03  -2.4 8.45e-01   0.4 7.42e-02 4.35e-02f  1
 363r 1.8755938e+01 3.21e+00 3.02e+03  -2.4 9.74e+00  -0.1 8.06e-03 1.38e-02f  1
 364r 1.8727755e+01 3.01e+00 3.34e+03  -2.4 9.08e-01   0.4 1.22e-01 8.52e-02f  1
 365r 1.8681532e+01 2.93e+00 3.66e+03  -2.4 2.71e+00  -0.1 7.73e-02 4.92e-02f  1
 366r 1.8654191e+01 2.79e+00 2.98e+03  -2.4 9.78e-01   0.3 4.22e-02 7.35e-02f  1
 367r 1.8639621e+01 2.76e+00 3.04e+03  -2.4 2.97e+00  -0.2 2.08e-02 1.41e-02f  1
 368r 1.8617870e+01 2.67e+00 2.86e+03  -2.4 1.10e+00   0.3 5.08e-02 5.25e-02f  1
 369r 1.8580343e+01 2.70e+00 2.37e+03  -2.4 3.40e+00  -0.2 4.50e-03 3.28e-02f  1
iter    objective    inf_pr   inf_du lg(mu)  ||d||  lg(rg) alpha_du alpha_pr  ls
 370r 1.8578064e+01 2.70e+00 2.33e+03  -2.4 7.78e+02  -0.7 2.26e-04 8.56e-04f  1
 371r 1.8541889e+01 2.72e+00 2.90e+03  -2.4 4.04e+00  -0.3 7.12e-02 2.86e-02f  1
 372r 1.8539972e+01 2.71e+00 5.18e+03  -2.4 1.33e+00   0.2 1.91e-01 3.74e-03f  1
 373r 1.8444402e+01 2.94e+00 4.37e+03  -2.4 4.64e+00  -0.3 3.34e-02 6.93e-02f  1
 374r 1.8436669e+01 2.94e+00 4.99e+03  -2.4 1.77e+01  -0.8 4.50e-02 2.42e-03f  1
 375r 1.8374110e+01 2.86e+00 4.70e+03  -2.4 3.62e+00  -0.4 3.48e-02 4.15e-02f  1
 376r 1.8312769e+01 2.92e+00 3.35e+03  -2.4 1.34e+00   0.1 3.47e-02 9.78e-02f  1
 377r 1.8266785e+01 2.85e+00 2.94e+03  -2.4 4.97e+00  -0.4 2.31e-03 2.79e-02f  1
 378r 1.8264079e+01 2.84e+00 5.77e+03  -2.4 1.51e+00   0.0 2.07e-01 3.90e-03f  1
 379r 1.8142698e+01 3.49e+00 4.57e+03  -2.4 4.44e+00  -0.5 1.23e-03 6.76e-02f  1
iter    objective    inf_pr   inf_du lg(mu)  ||d||  lg(rg) alpha_du alpha_pr  ls
 380r 1.8071630e+01 3.17e+00 5.74e+03  -2.4 1.80e+00  -0.0 3.20e-01 9.33e-02f  1
 381r 1.8062011e+01 3.16e+00 6.14e+03  -2.4 4.71e+00  -0.5 4.74e-02 4.98e-03f  1
 382r 1.8011917e+01 3.22e+00 5.98e+03  -2.4 1.74e+00  -0.1 8.71e-02 5.96e-02f  1
 383r 1.7958584e+01 3.31e+00 6.15e+03  -2.4 4.31e+00  -0.6 6.54e-02 2.54e-02f  1
 384r 1.7855338e+01 3.62e+00 5.09e+03  -2.4 1.57e+00  -0.1 5.00e-02 1.12e-01f  1
 385r 1.7685667e+01 4.45e+00 4.26e+03  -2.4 4.90e+00  -0.6 1.05e-02 7.51e-02f  1
 386r 1.7659809e+01 3.68e+00 3.39e+03  -2.4 2.53e-01   0.7 1.36e-01 1.73e-01f  1
 387r 1.7620185e+01 1.25e+00 9.97e+02  -2.4 1.05e-01   1.1 5.94e-01 6.74e-01f  1
 388r 1.7598996e+01 1.74e-01 1.35e+02  -2.4 4.22e-02   1.6 1.00e+00 8.87e-01f  1
 389r 1.7586822e+01 1.78e-01 2.11e+02  -2.4 1.77e-01   1.1 2.11e-01 1.43e-01f  1
iter    objective    inf_pr   inf_du lg(mu)  ||d||  lg(rg) alpha_du alpha_pr  ls
 390r 1.7557336e+01 7.72e-02 6.24e+02  -2.4 5.17e-02   1.5 6.19e-01 1.00e+00f  1
 391  1.7552918e+01 7.72e-02 1.00e+02  -6.0 1.29e+03    -  2.60e-03 3.21e-04h  1
 392  1.7550908e+01 7.72e-02 4.00e+02  -6.0 2.38e+03    -  1.92e-03 1.46e-04h  1
 393  1.7505747e+01 7.71e-02 4.50e+02  -6.0 2.47e+03    -  3.49e-03 3.28e-03f  1
 394  1.7489720e+01 7.69e-02 2.50e+03  -6.0 3.05e+03    -  7.71e-03 1.17e-03f  2
 395  1.7473501e+01 7.69e-02 3.55e+03  -6.0 3.67e+03    -  3.86e-03 1.18e-03h  1
 396  1.7472889e+01 7.69e-02 5.88e+03  -6.0 6.87e+03    -  2.75e-03 4.45e-05h  1
 397  1.7466998e+01 7.69e-02 9.36e+03  -6.0 6.99e+03    -  4.50e-03 4.28e-04f  4
 398  1.7463658e+01 7.69e-02 1.32e+04  -6.0 7.21e+03    -  4.61e-03 2.43e-04h  5
 399  1.7462198e+01 7.69e-02 1.68e+04  -6.0 7.45e+03    -  4.15e-03 1.06e-04h  6
iter    objective    inf_pr   inf_du lg(mu)  ||d||  lg(rg) alpha_du alpha_pr  ls
 400  1.7460630e+01 7.69e-02 2.50e+04  -6.0 7.67e+03    -  7.60e-03 1.14e-04h  6
 401  1.7459787e+01 7.69e-02 3.60e+04  -6.0 8.03e+03    -  8.53e-03 6.09e-05h  8
 402  1.7346488e+01 7.96e-01 4.10e+04  -6.0 8.36e+03    -  1.12e-02 8.17e-03f  1
 403  1.7311926e+01 7.49e-01 4.58e+04  -6.0 8.33e+03    -  5.22e-03 2.47e-03h  1
 404  1.7119474e+01 1.99e+00 5.20e+04  -6.0 8.00e+03    -  1.34e-02 1.38e-02f  1
 405  1.7111793e+01 1.99e+00 6.62e+04  -6.0 7.87e+03    -  1.12e-02 5.36e-04h  1
 406  1.7108987e+01 1.99e+00 9.51e+04  -6.0 8.42e+03    -  1.70e-02 1.98e-04h  1
 407  1.7108951e+01 1.99e+00 1.42e+05  -6.0 9.55e+03    -  2.22e-02 2.54e-06h  1
 408  1.6972939e+01 2.22e+00 1.46e+05  -6.0 1.05e+04    -  1.09e-02 9.72e-03f  1
 409  1.6956424e+01 2.23e+00 1.55e+05  -6.0 8.87e+03    -  5.35e-03 1.16e-03h  1
iter    objective    inf_pr   inf_du lg(mu)  ||d||  lg(rg) alpha_du alpha_pr  ls
 410  1.6828395e+01 2.87e+00 1.72e+05  -6.0 9.32e+03    -  1.61e-02 9.05e-03h  1
 411  1.6728859e+01 3.13e+00 2.13e+05  -6.0 8.74e+03    -  3.42e-02 6.98e-03h  1
 412  1.6727711e+01 3.13e+00 3.26e+05  -6.0 1.57e+04    -  1.32e-02 8.00e-05h  1
 413  1.6371526e+01 3.92e+00 5.42e+05  -6.0 1.60e+04    -  4.81e-03 2.53e-02h  1
 414  1.6364694e+01 3.85e+00 5.43e+05  -6.0 3.77e+04    -  3.78e-03 5.71e-04h  1
 415  1.6364452e+01 3.85e+00 5.43e+05  -6.0 2.01e+04  -3.1 1.68e-03 2.33e-05h  1
 416  1.6306331e+01 4.47e+00 6.23e+05  -6.0 2.36e+04  -3.5 2.58e-04 3.27e-03h  1
 417r 1.6306331e+01 4.47e+00 1.00e+03   0.6 0.00e+00  -4.0 0.00e+00 1.81e-09R  2
 418r 1.6302796e+01 4.47e+00 1.00e+03   0.6 6.40e+05    -  1.05e-06 8.40e-07f  1
 419  1.6302792e+01 4.47e+00 1.01e+02  -6.0 1.53e+04    -  4.37e-06 2.75e-07h  2
iter    objective    inf_pr   inf_du lg(mu)  ||d||  lg(rg) alpha_du alpha_pr  ls
 420  1.6302728e+01 4.47e+00 1.01e+02  -6.0 1.65e+04    -  1.93e-06 4.22e-06h  1
 421  1.6302631e+01 4.47e+00 1.01e+02  -6.0 1.78e+04    -  3.13e-06 6.24e-06h  1
 422  1.6302568e+01 4.47e+00 1.01e+02  -6.0 1.78e+04    -  1.10e-05 4.06e-06h  1
 423  1.6301947e+01 4.47e+00 1.01e+02  -6.0 1.76e+04    -  1.93e-05 3.99e-05f  1
 424  1.6300838e+01 4.47e+00 1.88e+02  -6.0 1.79e+04    -  5.51e-05 7.06e-05h  1
 425  1.6298107e+01 4.47e+00 1.01e+03  -6.0 1.82e+04    -  4.79e-05 1.72e-04f  1
 426  1.6296792e+01 4.47e+00 1.01e+02  -6.0 1.83e+04    -  2.26e-04 8.21e-05h  1
 427  1.6290521e+01 4.47e+00 1.62e+03  -6.0 1.85e+04    -  6.81e-05 3.94e-04f  1
 428  1.6289129e+01 4.47e+00 2.25e+03  -6.0 1.94e+04    -  7.45e-04 8.79e-05h  1
 429  1.6270190e+01 4.46e+00 7.96e+02  -6.0 2.03e+04    -  5.56e-04 1.21e-03h  1
iter    objective    inf_pr   inf_du lg(mu)  ||d||  lg(rg) alpha_du alpha_pr  ls
 430  1.6254167e+01 4.46e+00 2.60e+03  -6.0 2.19e+04    -  1.81e-03 1.04e-03h  1
 431  1.6228847e+01 4.45e+00 1.05e+04  -6.0 2.19e+04    -  3.22e-03 1.64e-03f  1
 432  1.6221124e+01 4.44e+00 1.28e+04  -6.0 2.19e+04    -  9.32e-04 5.02e-04h  1
 433  1.6200258e+01 4.44e+00 5.01e+04  -6.0 2.19e+04    -  7.50e-03 1.36e-03h  1
 434  1.6045987e+01 4.83e+00 4.79e+04  -6.0 2.19e+04    -  9.80e-03 1.01e-02h  1
 435  1.6045933e+01 4.83e+00 1.42e+05  -6.0 2.10e+04    -  7.85e-03 3.41e-06h  1
 436  1.5882510e+01 5.71e+00 4.50e+04  -6.0 2.10e+04    -  2.04e-04 1.04e-02h  1
 437  1.5882502e+01 5.71e+00 6.94e+04  -6.0 2.09e+04    -  3.50e-03 4.95e-07h  2
 438  1.5882328e+01 5.71e+00 6.93e+04  -6.0 2.08e+04    -  2.38e-08 1.04e-05h  1
 439  1.5839906e+01 5.75e+00 1.56e+05  -6.0 2.07e+04    -  1.57e-02 2.54e-03f  1
iter    objective    inf_pr   inf_du lg(mu)  ||d||  lg(rg) alpha_du alpha_pr  ls
 440  1.5837282e+01 5.75e+00 2.36e+05  -6.0 2.28e+04    -  1.10e-02 1.55e-04h  1
 441  1.5837182e+01 5.75e+00 1.46e+05  -6.0 4.98e+04    -  3.61e-03 7.02e-06h  1
 442  1.5827781e+01 5.75e+00 1.44e+05  -6.0 5.44e+04    -  6.19e-04 7.10e-04h  1
 443  1.5824943e+01 5.75e+00 1.47e+05  -6.0 5.25e+04    -  3.61e-04 2.13e-04h  1
 444  1.5752433e+01 5.92e+00 3.43e+05  -6.0 4.73e+04    -  5.00e-10 5.36e-03f  1
 445  1.5747553e+01 5.92e+00 3.43e+05  -6.0 4.57e+04    -  2.39e-03 3.83e-04h  1
 446  1.5738171e+01 5.92e+00 3.43e+05  -6.0 3.82e+04    -  9.66e-03 7.52e-04h  1
 447  1.5708895e+01 5.99e+00 3.43e+05  -6.0 3.51e+04    -  2.63e-03 2.51e-03h  1
 448  1.5705417e+01 5.99e+00 3.43e+05  -6.0 3.38e+04    -  1.10e-02 3.01e-04h  1
 449  1.5694573e+01 6.00e+00 3.43e+05  -6.0 3.98e+04    -  6.74e-05 9.23e-04h  1
iter    objective    inf_pr   inf_du lg(mu)  ||d||  lg(rg) alpha_du alpha_pr  ls
 450  1.5694556e+01 6.00e+00 3.43e+05  -6.0 4.93e+04    -  8.38e-10 1.55e-06h  1
 451  1.5694492e+01 6.00e+00 3.43e+05  -6.0 5.36e+04    -  5.49e-05 5.58e-06h  1
 452  1.5694449e+01 6.00e+00 3.43e+05  -6.0 5.37e+04    -  1.85e-04 3.77e-06h  1
 453  1.5687369e+01 6.00e+00 3.42e+05  -6.0 6.52e+04    -  9.82e-08 6.22e-04h  1
 454  1.5672225e+01 6.03e+00 3.42e+05  -6.0 6.64e+04    -  7.03e-03 1.33e-03f  1
 455  1.5624021e+01 6.33e+00 3.42e+05  -6.0 6.93e+04    -  2.12e-03 4.23e-03f  1
 456r 1.5624021e+01 6.33e+00 1.00e+03   0.6 0.00e+00    -  0.00e+00 5.21e-09R  6
 457r 1.5623875e+01 6.33e+00 1.55e+04   0.6 1.74e+04    -  1.92e-07 1.30e-07f  1
 458  1.5623873e+01 6.33e+00 1.01e+02  -6.0 2.13e+04    -  1.81e-06 1.77e-07h  2
 459  1.5623852e+01 6.33e+00 8.66e+02  -6.0 2.21e+04    -  1.90e-04 1.34e-06h  1
iter    objective    inf_pr   inf_du lg(mu)  ||d||  lg(rg) alpha_du alpha_pr  ls
 460  1.5621210e+01 6.33e+00 2.84e+04  -6.0 2.45e+04    -  1.29e-06 1.63e-04h  1
 461  1.5617761e+01 6.33e+00 2.85e+04  -6.0 1.81e+04    -  1.99e-04 2.19e-04h  1
 462  1.5612751e+01 6.33e+00 2.84e+04  -6.0 2.66e+04    -  3.38e-05 3.05e-04h  1
 463  1.5608295e+01 6.32e+00 2.85e+04  -6.0 2.74e+04    -  7.22e-04 2.86e-04h  1
 464  1.5606912e+01 6.32e+00 2.84e+04  -6.0 4.53e+04    -  4.13e-05 1.34e-04h  1
 465  1.5606909e+01 6.32e+00 5.19e+04  -6.0 4.46e+04    -  2.65e-03 3.06e-07h  2
 466  1.5602591e+01 6.32e+00 4.31e+04  -6.0 4.67e+04    -  1.18e-06 4.11e-04h  1
 467  1.5602529e+01 6.32e+00 9.31e+04  -6.0 6.13e+04    -  3.00e-03 5.84e-06h  1
 468  1.5592872e+01 6.33e+00 2.37e+05  -6.0 6.18e+04    -  9.44e-03 9.09e-04h  1
 469  1.5567417e+01 6.39e+00 2.58e+05  -6.0 6.25e+04    -  3.68e-03 2.37e-03h  1
iter    objective    inf_pr   inf_du lg(mu)  ||d||  lg(rg) alpha_du alpha_pr  ls
 470  1.5567157e+01 6.39e+00 2.67e+05  -6.0 9.80e+04    -  1.94e-04 6.05e-05h  1
 471  1.5563914e+01 6.39e+00 2.37e+05  -6.0 1.03e+05    -  1.92e-06 6.67e-04h  1
 472  1.5555184e+01 6.41e+00 2.24e+05  -6.0 9.91e+04    -  6.60e-04 1.37e-03h  1
 473r 1.5555184e+01 6.41e+00 1.00e+03   0.6 0.00e+00  -1.8 0.00e+00 4.96e-10R  2
 474r 1.5555552e+01 6.41e+00 2.81e+04   0.6 4.91e+06    -  1.51e-11 3.37e-08f  1
 475r 1.5555530e+01 6.41e+00 2.81e+04   0.6 9.06e+03    -  5.16e-06 2.01e-08f  1
 476r 1.5549845e+01 6.36e+00 2.81e+04   0.6 8.88e+03    -  7.27e-06 6.73e-06f  1
 477  1.5549841e+01 6.36e+00 2.74e+03  -6.0 3.32e+04    -  1.08e-04 3.62e-07h  2
 478  1.5549812e+01 6.36e+00 9.51e+03  -6.0 4.44e+04    -  2.72e-07 4.65e-06h  1
 479  1.5549669e+01 6.36e+00 1.28e+04  -6.0 4.85e+04    -  6.51e-06 1.58e-05h  1
iter    objective    inf_pr   inf_du lg(mu)  ||d||  lg(rg) alpha_du alpha_pr  ls
 480  1.5549593e+01 6.36e+00 1.30e+04  -6.0 4.87e+04    -  1.40e-04 8.36e-06h  1
 481  1.5548087e+01 6.36e+00 1.39e+04  -6.0 4.88e+04    -  3.63e-05 1.67e-04f  1
 482  1.5546698e+01 6.36e+00 1.39e+04  -6.0 4.90e+04    -  1.67e-04 1.54e-04h  1
 483  1.5544387e+01 6.36e+00 1.39e+04  -6.0 4.98e+04    -  7.84e-04 2.54e-04h  1
 484  1.5537992e+01 6.37e+00 1.39e+04  -6.0 5.07e+04    -  3.45e-04 7.08e-04h  1
 485  1.5531736e+01 6.37e+00 3.39e+04  -6.0 5.94e+04    -  2.33e-03 7.10e-04h  1
 486  1.5526789e+01 6.37e+00 2.23e+04  -6.0 8.18e+04    -  2.73e-04 6.56e-04h  1
 487  1.5525702e+01 6.37e+00 3.68e+04  -6.0 9.74e+04    -  6.82e-04 1.76e-04h  1
 488  1.5515340e+01 6.39e+00 1.69e+04  -6.0 9.81e+04    -  9.47e-04 1.72e-03h  1
 489  1.5505308e+01 6.41e+00 2.53e+04  -6.0 9.98e+04    -  2.21e-03 1.79e-03h  1
iter    objective    inf_pr   inf_du lg(mu)  ||d||  lg(rg) alpha_du alpha_pr  ls
 490  1.5502461e+01 6.41e+00 4.98e+04  -6.0 1.00e+05    -  2.12e-03 5.38e-04h  1
 491  1.5502362e+01 6.41e+00 8.72e+04  -6.0 1.08e+05    -  7.71e-04 3.17e-05h  1
 492  1.5498817e+01 6.45e+00 2.97e+04  -6.0 1.08e+05    -  6.51e-05 1.20e-03h  1
 493  1.5497267e+01 6.46e+00 1.56e+05  -6.0 1.06e+05    -  2.91e-03 4.50e-04h  1
 494  1.5492538e+01 6.55e+00 2.69e+05  -6.0 1.05e+05    -  3.57e-03 1.37e-03h  1
 495r 1.5492538e+01 6.55e+00 1.00e+03   0.6 0.00e+00    -  0.00e+00 1.65e-09R  2
 496r 1.5492104e+01 6.55e+00 3.33e+04   0.6 1.22e+07    -  8.63e-08 3.69e-08f  1
 497r 1.5492104e+01 6.55e+00 9.99e+02   0.6 0.00e+00    -  0.00e+00 1.56e-08R  2
 498r 1.5492102e+01 6.55e+00 1.11e+04   0.6 8.57e+03    -  2.28e-05 4.88e-09f  1
 499  1.5492099e+01 6.55e+00 9.89e+04  -6.0 2.77e+04    -  2.10e-03 2.89e-07h  2
iter    objective    inf_pr   inf_du lg(mu)  ||d||  lg(rg) alpha_du alpha_pr  ls
 500  1.5492081e+01 6.55e+00 5.70e+05  -6.0 9.46e+04    -  2.23e-06 1.28e-05h  1
 501  1.5491537e+01 6.55e+00 5.76e+05  -6.0 8.34e+04    -  9.59e-04 7.88e-05h  1
 502  1.5485982e+01 6.57e+00 6.36e+05  -6.0 7.06e+04    -  9.54e-05 1.08e-03h  1
 503  1.5466781e+01 6.57e+00 6.36e+05  -6.0 2.65e+04    -  1.47e-02 1.82e-03h  1
 504  1.5459643e+01 6.60e+00 6.35e+05  -6.0 7.52e+04    -  3.68e-04 1.07e-03h  1
 505  1.5454360e+01 6.65e+00 6.34e+05  -6.0 9.59e+04    -  4.47e-03 1.07e-03h  1
 506r 1.5454360e+01 6.65e+00 1.00e+03   0.6 0.00e+00    -  0.00e+00 2.05e-09R  2
 507r 1.5454359e+01 6.65e+00 2.47e+03   0.6 3.27e+06    -  4.16e-07 3.19e-11f  1
 508  1.5454355e+01 6.65e+00 5.67e+03  -6.0 1.29e+04    -  1.20e-04 2.70e-07h  2
 509  1.5452893e+01 6.65e+00 2.18e+05  -6.0 1.31e+04    -  2.37e-06 9.12e-05h  1
iter    objective    inf_pr   inf_du lg(mu)  ||d||  lg(rg) alpha_du alpha_pr  ls
 510  1.5451323e+01 6.65e+00 2.18e+05  -6.0 7.73e+03    -  1.29e-05 1.43e-04h  1
 511  1.5450459e+01 6.65e+00 2.20e+05  -6.0 9.78e+03    -  5.40e-03 8.41e-05h  1
 512  1.5449742e+01 6.65e+00 2.20e+05  -6.0 3.12e+04    -  4.73e-05 8.29e-05h  1
 513  1.5449699e+01 6.65e+00 2.18e+05  -6.0 9.70e+04    -  4.29e-04 9.06e-06h  1
 514  1.5449526e+01 6.65e+00 6.28e+05  -6.0 9.76e+04    -  8.28e-03 3.58e-05h  1
 515r 1.5449526e+01 6.65e+00 1.00e+03   0.6 0.00e+00    -  0.00e+00 1.97e-08R  5
 516r 1.5449503e+01 6.65e+00 2.33e+04   0.6 1.01e+05    -  1.16e-05 2.38e-08f  1
 517r 1.5449503e+01 6.65e+00 9.99e+02   0.6 0.00e+00    -  0.00e+00 1.13e-08R  2
 518r 1.5449502e+01 6.65e+00 1.14e+04   0.6 8.45e+03    -  2.29e-05 4.75e-09f  1
 519r 1.5449502e+01 6.65e+00 9.99e+02   0.6 0.00e+00    -  0.00e+00 4.99e-09R  8
iter    objective    inf_pr   inf_du lg(mu)  ||d||  lg(rg) alpha_du alpha_pr  ls
 520r 1.5449500e+01 6.65e+00 1.13e+04   0.6 8.45e+03    -  2.31e-05 4.75e-09f  1
 521  1.5449495e+01 6.65e+00 8.16e+02  -6.0 2.90e+04    -  1.73e-05 4.85e-07h  2
 522r 1.5449495e+01 6.65e+00 9.99e+02   0.6 0.00e+00    -  0.00e+00 7.17e-08R  2
 523r 1.5449510e+01 6.65e+00 2.18e+04   0.6 8.93e+06    -  1.86e-09 5.32e-09f  1
 524  1.5449507e+01 6.65e+00 3.74e+03  -6.0 2.86e+04    -  7.46e-05 3.28e-07h  2
 525  1.5449479e+01 6.65e+00 9.68e+03  -6.0 4.86e+04    -  2.20e-06 5.67e-06h  1
 526  1.5449450e+01 6.65e+00 9.92e+03  -6.0 6.29e+04    -  2.36e-05 3.25e-06h  1
 527  1.5449149e+01 6.65e+00 1.03e+04  -6.0 6.43e+04    -  1.66e-05 3.64e-05f  1
 528  1.5448710e+01 6.65e+00 2.12e+04  -6.0 6.52e+04    -  7.84e-04 5.63e-05h  1
 529  1.5443946e+01 6.64e+00 1.83e+04  -6.0 6.43e+04    -  1.10e-04 5.95e-04h  1
iter    objective    inf_pr   inf_du lg(mu)  ||d||  lg(rg) alpha_du alpha_pr  ls
 530  1.5438452e+01 6.64e+00 3.52e+04  -6.0 6.93e+04    -  1.64e-03 6.98e-04h  1
 531  1.5421090e+01 6.71e+00 4.05e+04  -6.0 7.36e+04    -  2.43e-03 2.25e-03h  1
 532  1.5402311e+01 6.87e+00 3.51e+05  -6.0 8.09e+04    -  1.34e-02 2.68e-03h  1
 533  1.5402294e+01 6.87e+00 5.15e+05  -6.0 8.63e+04    -  3.05e-03 2.23e-05h  1
 534  1.5401974e+01 6.88e+00 7.32e+05  -6.0 8.62e+04    -  4.59e-03 5.91e-04h  1
 535  1.5401969e+01 6.88e+00 1.00e+06  -6.0 8.03e+04    -  4.11e-03 1.04e-06h  2
 536  1.5390772e+01 6.99e+00 1.37e+06  -6.0 8.01e+04    -  6.54e-03 2.37e-03h  1
 537  1.5389336e+01 6.98e+00 1.65e+06  -6.0 7.32e+04    -  2.29e-03 4.00e-04h  1
 538  1.5385540e+01 7.00e+00 2.24e+06  -6.0 7.26e+04    -  6.07e-03 1.52e-03h  1
 539  1.5385795e+01 7.00e+00 2.28e+06  -6.0 7.37e+04    -  5.47e-04 9.05e-05h  5
iter    objective    inf_pr   inf_du lg(mu)  ||d||  lg(rg) alpha_du alpha_pr  ls
 540  1.5386000e+01 7.00e+00 2.27e+06  -6.0 7.40e+04    -  7.54e-10 5.60e-05h  6
 541  1.5386232e+01 7.00e+00 2.36e+06  -6.0 7.31e+04    -  1.97e-03 4.98e-05h  6
 542  1.5386481e+01 7.00e+00 2.36e+06  -6.0 7.37e+04    -  6.71e-05 4.42e-05h  6
 543  1.5386748e+01 7.00e+00 2.46e+06  -6.0 7.40e+04    -  2.51e-03 4.59e-05h  6
 544  1.5387163e+01 7.00e+00 2.46e+06  -6.0 7.45e+04    -  1.72e-04 6.00e-05h  7
 545  1.5387610e+01 7.00e+00 3.78e+06  -6.0 7.48e+04    -  1.30e-02 6.19e-05h  7
 546  1.5388205e+01 7.00e+00 3.82e+06  -6.0 7.60e+04    -  3.65e-04 4.61e-05h  8
 547  1.5388816e+01 7.00e+00 3.89e+06  -6.0 7.63e+04    -  7.23e-04 4.56e-05h  8
 548  1.5389185e+01 7.00e+00 4.02e+06  -6.0 7.66e+04    -  1.16e-03 2.59e-05h  5
 549  1.5475352e+01 8.25e+00 3.73e+06  -6.0 7.69e+04    -  3.41e-03 5.73e-03w  1
iter    objective    inf_pr   inf_du lg(mu)  ||d||  lg(rg) alpha_du alpha_pr  ls
 550  1.5475357e+01 8.25e+00 4.19e+06  -6.0 9.53e+04    -  1.61e-03 8.97e-08w  1
 551  1.5833758e+01 8.47e+00 3.70e+06  -6.0 1.01e+05    -  1.81e-03 5.14e-03w  1
 552r 1.5389185e+01 7.00e+00 1.00e+03   0.6 0.00e+00  -2.3 0.00e+00 3.50e-07R 14
 553r 1.5389105e+01 7.00e+00 1.25e+04   0.6 1.06e+04    -  4.98e-05 8.05e-08f  1
 554r 1.5389105e+01 7.00e+00 9.99e+02   0.6 0.00e+00    -  0.00e+00 2.26e-08R  2
 555r 1.5389104e+01 7.00e+00 1.53e+04   0.6 8.17e+03    -  1.44e-05 4.65e-09f  1
 556  1.5389101e+01 7.00e+00 2.76e+04  -6.0 2.22e+04    -  5.59e-04 3.09e-07h  2
 557  1.5389096e+01 7.00e+00 2.57e+04  -6.0 6.54e+04    -  2.31e-06 2.15e-06h  2
 558  1.5389090e+01 7.00e+00 3.17e+04  -6.0 7.39e+04    -  2.75e-04 2.51e-06h  2
 559  1.5389056e+01 7.00e+00 4.34e+04  -6.0 8.06e+04    -  5.55e-07 1.40e-05h  1
iter    objective    inf_pr   inf_du lg(mu)  ||d||  lg(rg) alpha_du alpha_pr  ls
 560  1.5388801e+01 7.00e+00 5.65e+04  -6.0 7.77e+04    -  2.13e-05 7.07e-05h  1
 561  1.5388512e+01 7.00e+00 5.67e+04  -6.0 7.79e+04    -  3.38e-04 9.01e-05f  1
 562  1.5388536e+01 7.00e+00 5.71e+04  -6.0 8.00e+04    -  2.27e-04 1.30e-05h  1
 563  1.5388299e+01 7.00e+00 5.63e+04  -6.0 8.31e+04    -  1.42e-08 2.09e-04h  1
 564  1.5388131e+01 7.00e+00 5.68e+04  -6.0 8.26e+04    -  4.02e-04 1.85e-04f  3
 565  1.5388054e+01 6.99e+00 1.16e+05  -6.0 8.23e+04    -  7.27e-04 1.39e-04h  3
 566  1.5387995e+01 6.99e+00 3.96e+05  -6.0 8.17e+04    -  3.04e-03 1.84e-04h  4
 567  1.5387998e+01 6.99e+00 4.75e+05  -6.0 8.00e+04    -  9.46e-04 1.06e-04h  6
 568  1.5388021e+01 6.99e+00 8.33e+05  -6.0 7.93e+04    -  4.03e-03 1.23e-04h  6
 569  1.5388065e+01 6.99e+00 9.60e+05  -6.0 7.73e+04    -  1.55e-03 9.05e-05h  7
iter    objective    inf_pr   inf_du lg(mu)  ||d||  lg(rg) alpha_du alpha_pr  ls
 570  1.5388146e+01 6.99e+00 1.20e+06  -6.0 7.66e+04    -  2.94e-03 9.93e-05h  7
 571  1.5388290e+01 6.99e+00 1.40e+06  -6.0 7.54e+04    -  2.52e-03 9.74e-05h  7
 572  1.5388491e+01 6.99e+00 2.06e+06  -6.0 7.42e+04    -  8.29e-03 9.56e-05h  7
 573  1.5389140e+01 6.99e+00 2.25e+06  -6.0 7.08e+04    -  2.18e-03 1.46e-04h  6
 574  1.5402559e+01 7.02e+00 2.99e+06  -6.0 6.91e+04    -  1.01e-02 2.46e-03w  1
 575  1.5402559e+01 7.02e+00 3.25e+06  -6.0 6.63e+04    -  1.81e-03 2.88e-09w  1
 576  1.5403193e+01 7.02e+00 3.25e+06  -6.0 6.79e+04    -  1.88e-06 2.51e-05w  1
 577  1.5389350e+01 6.99e+00 3.24e+06  -6.0 6.78e+04    -  1.01e-02 3.85e-05h  6
 578  1.5389491e+01 6.99e+00 3.54e+06  -6.0 6.52e+04    -  2.88e-03 1.38e-05h  7
 579r 1.5389491e+01 6.99e+00 1.00e+03   0.6 0.00e+00    -  0.00e+00 3.35e-07R 12
iter    objective    inf_pr   inf_du lg(mu)  ||d||  lg(rg) alpha_du alpha_pr  ls
 580r 1.5389439e+01 6.99e+00 3.61e+03   0.6 1.10e+04    -  7.31e-05 5.21e-08f  1
 581r 1.5389439e+01 6.99e+00 9.99e+02   0.6 0.00e+00    -  0.00e+00 4.88e-08R  2
 582r 1.5389438e+01 6.99e+00 1.56e+04   0.6 8.17e+03    -  1.38e-05 4.65e-09f  1
 583  1.5389434e+01 6.99e+00 2.30e+04  -6.0 1.94e+04    -  4.66e-04 3.24e-07h  2
 584  1.5389428e+01 6.99e+00 1.71e+04  -6.0 5.57e+04    -  2.33e-06 1.73e-06h  2
 585  1.5389422e+01 6.99e+00 1.16e+05  -6.0 6.56e+04    -  2.10e-03 1.73e-06h  2
 586  1.5389381e+01 6.99e+00 1.71e+06  -6.0 7.98e+04    -  5.80e-06 1.89e-04h  1
 587  1.5389313e+01 6.99e+00 1.71e+06  -6.0 7.70e+04    -  1.62e-03 1.11e-04h  1
 588  1.5389326e+01 6.99e+00 1.71e+06  -6.0 7.76e+04    -  3.48e-04 1.38e-04h  5
 589  1.5389377e+01 6.99e+00 1.71e+06  -6.0 7.72e+04    -  1.93e-03 1.57e-04h  5
iter    objective    inf_pr   inf_du lg(mu)  ||d||  lg(rg) alpha_du alpha_pr  ls
 590  1.5389459e+01 6.99e+00 1.71e+06  -6.0 7.58e+04    -  7.80e-04 1.14e-04h  6
 591  1.5389519e+01 6.99e+00 1.71e+06  -6.0 7.50e+04    -  4.43e-03 6.56e-05h  7
 592r 1.5389519e+01 6.99e+00 1.00e+03   0.6 0.00e+00    -  0.00e+00 3.31e-07R 15
 593r 1.5389499e+01 6.99e+00 3.50e+03   0.6 8.99e+03    -  7.09e-05 2.11e-08f  1
 594r 1.5389499e+01 6.99e+00 9.99e+02   0.6 0.00e+00    -  0.00e+00 5.71e-08R  2
 595r 1.5389497e+01 6.99e+00 1.56e+04   0.6 8.49e+03    -  1.38e-05 4.65e-09f  1
 596  1.5389493e+01 6.99e+00 2.28e+04  -6.0 1.74e+04    -  4.61e-04 3.61e-07h  2
 597  1.5389485e+01 6.99e+00 1.59e+04  -6.0 4.74e+04    -  2.37e-06 1.65e-06h  2
 598  1.5389478e+01 6.99e+00 1.51e+05  -6.0 5.95e+04    -  2.99e-03 1.67e-06h  2
 599  1.5389471e+01 6.98e+00 1.55e+06  -6.0 7.66e+04    -  5.69e-06 1.17e-04h  2
iter    objective    inf_pr   inf_du lg(mu)  ||d||  lg(rg) alpha_du alpha_pr  ls
 600  1.5389514e+01 6.98e+00 1.55e+06  -6.0 7.55e+04    -  2.31e-03 1.72e-04h  1
 601  1.5389548e+01 6.98e+00 1.55e+06  -6.0 7.47e+04    -  3.11e-04 4.11e-05h  7
 602  1.5389559e+01 6.98e+00 1.55e+06  -6.0 7.44e+04    -  2.78e-03 1.17e-05h  9
 603r 1.5389559e+01 6.98e+00 1.00e+03   0.6 0.00e+00    -  0.00e+00 2.89e-07R 15
 604r 1.5389551e+01 6.98e+00 3.48e+03   0.6 8.91e+03    -  7.06e-05 8.56e-09f  2
 605r 1.5389551e+01 6.98e+00 9.99e+02   0.6 0.00e+00    -  0.00e+00 2.93e-08R  5
 606r 1.5389549e+01 6.98e+00 1.56e+04   0.6 8.64e+03    -  1.39e-05 4.66e-09f  1
 607  1.5389544e+01 6.98e+00 2.35e+04  -6.0 1.58e+04    -  4.75e-04 3.84e-07h  2
 608  1.5389520e+01 6.98e+00 3.47e+04  -6.0 4.05e+04    -  2.39e-06 3.53e-06h  1
 609  1.5389516e+01 6.98e+00 1.48e+05  -6.0 7.05e+04    -  2.06e-03 1.06e-06h  2
iter    objective    inf_pr   inf_du lg(mu)  ||d||  lg(rg) alpha_du alpha_pr  ls
 610  1.5389564e+01 6.98e+00 5.94e+05  -6.0 7.63e+04    -  6.99e-06 1.12e-04h  2
 611r 1.5389564e+01 6.98e+00 1.00e+03   0.6 0.00e+00    -  0.00e+00 5.00e-07R  9
 612r 1.5389564e+01 6.98e+00 1.89e+04   0.6 8.61e+03    -  6.38e-05 1.62e-10f  1
 613r 1.5369306e+01 6.98e+00 1.89e+04   0.6 8.54e+03    -  7.68e-05 5.88e-05f  1
 614  1.5369257e+01 6.98e+00 1.01e+02  -6.0 1.07e+04    -  1.81e-05 4.44e-06h  1
 615  1.5369227e+01 6.98e+00 1.72e+02  -6.0 1.35e+04    -  1.04e-04 3.19e-06h  1
 616  1.5369224e+01 6.98e+00 9.23e+02  -6.0 1.70e+04    -  3.24e-04 3.04e-07f  2
 617r 1.5369224e+01 6.98e+00 9.99e+02   0.6 0.00e+00    -  0.00e+00 4.44e-09R  7
 618r 1.5369222e+01 6.98e+00 2.37e+04   0.6 8.69e+03    -  1.61e-04 8.99e-09f  1
 619  1.5369219e+01 6.98e+00 2.40e+04  -6.0 1.35e+04    -  4.71e-04 2.66e-07h  2
iter    objective    inf_pr   inf_du lg(mu)  ||d||  lg(rg) alpha_du alpha_pr  ls
 620  1.5369055e+01 6.98e+00 2.36e+05  -6.0 1.66e+04    -  2.22e-06 2.18e-05h  1
 621  1.5369053e+01 6.98e+00 2.37e+05  -6.0 3.99e+04    -  3.01e-04 1.61e-07h  2
 622  1.5368485e+01 6.98e+00 2.39e+05  -6.0 4.81e+04    -  2.63e-05 7.75e-05h  1
 623  1.5365269e+01 6.97e+00 2.40e+05  -6.0 2.25e+04    -  7.19e-04 4.65e-04h  1
 624  1.5361752e+01 6.97e+00 2.39e+05  -6.0 2.87e+04    -  6.60e-04 4.62e-04h  1
 625  1.5361893e+01 6.97e+00 2.39e+05  -6.0 6.54e+04    -  8.42e-04 1.34e-04h  3
 626  1.5362171e+01 6.97e+00 3.15e+05  -6.0 6.65e+04    -  2.85e-03 1.47e-04h  1
 627  1.5362793e+01 6.97e+00 7.02e+05  -6.0 6.79e+04    -  4.69e-03 1.90e-04h  4
 628  1.5363720e+01 6.97e+00 1.08e+06  -6.0 6.92e+04    -  4.54e-03 2.18e-04h  5
 629  1.5364686e+01 6.97e+00 1.18e+06  -6.0 7.08e+04    -  1.43e-03 1.86e-04h  5
iter    objective    inf_pr   inf_du lg(mu)  ||d||  lg(rg) alpha_du alpha_pr  ls
 630  1.5365613e+01 6.96e+00 1.38e+06  -6.0 7.16e+04    -  2.52e-03 1.61e-04h  5
 631  1.5367585e+01 6.96e+00 1.49e+06  -6.0 7.23e+04    -  1.58e-03 2.86e-04h  4
 632  1.5369501e+01 6.96e+00 1.84e+06  -6.0 7.27e+04    -  4.58e-03 2.54e-04h  4
 633  1.5370840e+01 6.96e+00 1.96e+06  -6.0 7.34e+04    -  1.65e-03 1.43e-04h  5
 634  1.5372481e+01 6.96e+00 2.01e+06  -6.0 7.33e+04    -  7.72e-04 1.62e-04h  4
 635  1.5374035e+01 6.96e+00 2.49e+06  -6.0 7.30e+04    -  6.43e-03 1.47e-04h  2
 636  1.5377240e+01 6.95e+00 2.62e+06  -6.0 7.31e+04    -  1.86e-03 2.33e-04h  4
 637  1.5402071e+01 6.94e+00 2.62e+06  -6.0 7.20e+04    -  1.77e-03 1.67e-03w  1
 638  1.5402258e+01 6.94e+00 2.79e+06  -6.0 7.77e+04    -  8.00e-04 4.30e-06w  1
 639  1.5474889e+01 6.93e+00 3.10e+06  -6.0 7.84e+04    -  3.03e-03 1.59e-03w  1
iter    objective    inf_pr   inf_du lg(mu)  ||d||  lg(rg) alpha_du alpha_pr  ls
 640  1.5380344e+01 6.95e+00 2.74e+06  -6.0 9.45e+04    -  1.77e-03 2.09e-04h  3
 641  1.5383411e+01 6.95e+00 3.05e+06  -6.0 7.02e+04    -  4.33e-03 1.89e-04h  4
 642  1.5387054e+01 6.95e+00 3.27e+06  -6.0 6.64e+04    -  2.80e-03 1.76e-04h  4
 643  1.5391350e+01 6.95e+00 3.88e+06  -6.0 6.11e+04    -  6.91e-03 1.68e-04h  4
 644  1.5400445e+01 6.95e+00 4.38e+06  -6.0 5.73e+04    -  4.13e-03 2.04e-04h  4
 645  1.5405464e+01 6.95e+00 4.78e+06  -6.0 6.67e+04    -  2.42e-03 7.28e-05h  6
 646r 1.5405464e+01 6.95e+00 1.00e+03   0.6 0.00e+00    -  0.00e+00 4.04e-07R 14
 647r 1.5405391e+01 6.95e+00 4.40e+03   0.6 1.09e+04    -  1.53e-04 1.22e-07f  1
 648r 1.5405391e+01 6.95e+00 9.99e+02   0.6 0.00e+00    -  0.00e+00 3.14e-08R  2
 649r 1.5405390e+01 6.95e+00 1.02e+04   0.6 9.45e+03    -  2.49e-05 4.94e-09f  1
iter    objective    inf_pr   inf_du lg(mu)  ||d||  lg(rg) alpha_du alpha_pr  ls
 650  1.5405387e+01 6.95e+00 2.75e+04  -6.0 1.22e+04    -  5.56e-04 3.22e-07h  2
 651  1.5405385e+01 6.95e+00 2.41e+04  -6.0 4.07e+04    -  2.33e-06 2.04e-06h  2
 652r 1.5405385e+01 6.95e+00 9.99e+02   0.6 0.00e+00    -  0.00e+00 2.93e-07R  5
 653r 1.5405385e+01 6.95e+00 1.10e+04   0.6 9.28e+03    -  5.50e-05 6.80e-11f  2
 654r 1.5405385e+01 6.95e+00 9.99e+02   0.6 0.00e+00    -  0.00e+00 6.08e-08R  4
 655r 1.5405384e+01 6.95e+00 1.82e+03   0.6 9.45e+03    -  2.49e-05 3.76e-09f  2
 656  7.2266107e+00 6.95e+00 1.27e+02  -6.0 5.14e+05    -  1.99e-04 3.13e-06f  1
 657  2.0955896e+00 6.95e+00 3.31e+02  -6.0 2.20e+05    -  1.46e-03 1.35e-04f  1
 658  3.8626792e-01 6.94e+00 8.00e+02  -6.0 7.73e+04    -  4.35e-03 1.20e-03f  1
 659  1.8243357e-01 7.03e+00 7.28e+02  -6.0 4.55e+04    -  2.40e-03 3.72e-03h  1
iter    objective    inf_pr   inf_du lg(mu)  ||d||  lg(rg) alpha_du alpha_pr  ls
 660  1.3676785e-01 7.14e+00 7.15e+02  -6.0 4.39e+04    -  3.34e-03 5.33e-03h  1
 661  1.2865301e-01 7.57e+00 7.16e+02  -6.0 6.56e+04    -  1.65e-02 4.14e-03h  1
 662  1.2693003e-01 7.56e+00 8.23e+02  -6.0 1.07e+05    -  7.02e-03 1.63e-03h  1
 663  1.2676883e-01 2.85e+01 8.10e+02  -6.0 1.05e+06    -  8.58e-04 1.35e-03h  1
 664r 1.2676883e-01 2.85e+01 1.00e+03   1.2 0.00e+00    -  0.00e+00 3.29e-07R  3
 665r 1.2685230e-01 2.85e+01 1.00e+03   1.2 1.01e+06    -  2.37e-09 2.46e-08f  1
 666r 1.2452715e-01 2.84e+01 1.48e+04   1.2 4.54e+05    -  4.94e-06 2.83e-07f  1
 667r 1.2452715e-01 2.84e+01 9.99e+02   1.2 0.00e+00    -  0.00e+00 2.79e-07R  5
 668r 1.2451883e-01 2.84e+01 8.02e+04   1.2 3.12e+04    -  1.83e-05 2.18e-09f  1
 669r 1.2451883e-01 2.84e+01 9.99e+02   1.2 0.00e+00    -  0.00e+00 3.46e-07R  5
iter    objective    inf_pr   inf_du lg(mu)  ||d||  lg(rg) alpha_du alpha_pr  ls
 670r 1.2451383e-01 2.84e+01 4.88e+04   1.2 3.12e+04    -  1.84e-05 1.30e-09f  1
 671r 1.2451383e-01 2.84e+01 9.99e+02   1.2 0.00e+00    -  0.00e+00 3.84e-07R  5
 672r 1.2450880e-01 2.84e+01 4.87e+04   1.2 3.12e+04    -  1.84e-05 1.30e-09f  1
 673r 1.2450880e-01 2.84e+01 9.99e+02   1.2 0.00e+00    -  0.00e+00 4.22e-07R  5
 674r 1.2450375e-01 2.84e+01 4.86e+04   1.2 3.12e+04    -  1.84e-05 1.30e-09f  1
 675r 1.2450375e-01 2.84e+01 9.99e+02   1.2 0.00e+00    -  0.00e+00 4.58e-07R  5
 676r 1.2449868e-01 2.84e+01 4.86e+04   1.2 3.12e+04    -  1.85e-05 1.30e-09f  1
 677r 1.2449868e-01 2.84e+01 9.99e+02   1.2 0.00e+00    -  0.00e+00 4.95e-07R  5
 678r 1.2449358e-01 2.84e+01 4.85e+04   1.2 3.12e+04    -  1.85e-05 1.30e-09f  1
 679r 1.2449358e-01 2.84e+01 9.99e+02   1.2 0.00e+00    -  0.00e+00 2.65e-07R  6
iter    objective    inf_pr   inf_du lg(mu)  ||d||  lg(rg) alpha_du alpha_pr  ls
 680r 1.2448847e-01 2.84e+01 4.84e+04   1.2 3.12e+04    -  1.86e-05 1.30e-09f  1
 681r 1.2448847e-01 2.84e+01 9.99e+02   1.2 0.00e+00    -  0.00e+00 2.83e-07R  6
 682r 1.2448333e-01 2.84e+01 4.84e+04   1.2 3.12e+04    -  1.86e-05 1.30e-09f  1
 683r 1.2448333e-01 2.84e+01 9.99e+02   1.2 0.00e+00    -  0.00e+00 3.00e-07R  6
 684r 1.2447818e-01 2.84e+01 4.83e+04   1.2 3.12e+04    -  1.86e-05 1.30e-09f  1
 685r 1.2447818e-01 2.84e+01 9.99e+02   1.2 0.00e+00    -  0.00e+00 3.17e-07R  6
 686r 1.2447301e-01 2.84e+01 4.83e+04   1.2 3.12e+04    -  1.87e-05 1.30e-09f  1
 687r 1.2447301e-01 2.84e+01 9.99e+02   1.2 0.00e+00    -  0.00e+00 3.34e-07R  6
 688r 1.2446783e-01 2.84e+01 4.82e+04   1.2 3.12e+04    -  1.87e-05 1.30e-09f  1
 689  1.2449470e-01 2.84e+01 1.01e+02  -6.0 7.99e+03    -  1.12e-05 1.10e-05h  1
iter    objective    inf_pr   inf_du lg(mu)  ||d||  lg(rg) alpha_du alpha_pr  ls
 690r 1.2449470e-01 2.84e+01 9.99e+02   1.2 0.00e+00    -  0.00e+00 3.27e-07R  4
 691r 1.2448774e-01 2.84e+01 9.70e+04   1.2 3.12e+04    -  4.63e-08 1.76e-09f  1
 692r 1.2448774e-01 2.84e+01 9.99e+02   1.2 0.00e+00    -  0.00e+00 2.57e-07R  4
 693r 1.2448252e-01 2.84e+01 4.89e+04   1.2 3.12e+04    -  1.83e-05 1.30e-09f  1
 694r 1.2448252e-01 2.84e+01 9.99e+02   1.2 0.00e+00    -  0.00e+00 3.17e-07R  4
 695r 1.2447729e-01 2.84e+01 4.89e+04   1.2 3.12e+04    -  1.83e-05 1.30e-09f  1
 696r 1.2447729e-01 2.84e+01 9.99e+02   1.2 0.00e+00    -  0.00e+00 3.76e-07R  4
 697r 1.2447204e-01 2.84e+01 4.88e+04   1.2 3.12e+04    -  1.83e-05 1.30e-09f  1
 698r 1.2447204e-01 2.84e+01 9.99e+02   1.2 0.00e+00    -  0.00e+00 4.34e-07R  4
 699r 1.2446678e-01 2.84e+01 4.87e+04   1.2 3.12e+04    -  1.84e-05 1.30e-09f  1
iter    objective    inf_pr   inf_du lg(mu)  ||d||  lg(rg) alpha_du alpha_pr  ls
 700r 1.2446678e-01 2.84e+01 9.99e+02   1.2 0.00e+00    -  0.00e+00 4.92e-07R  4
 701r 1.2446151e-01 2.84e+01 4.87e+04   1.2 3.12e+04    -  1.84e-05 1.30e-09f  1
 702r 1.2446151e-01 2.84e+01 9.99e+02   1.2 0.00e+00    -  0.00e+00 2.75e-07R  5
 703r 1.2445622e-01 2.84e+01 4.86e+04   1.2 3.12e+04    -  1.85e-05 1.30e-09f  1
 704r 1.2445622e-01 2.84e+01 9.99e+02   1.2 0.00e+00    -  0.00e+00 3.04e-07R  5
 705r 1.2445093e-01 2.84e+01 4.86e+04   1.2 3.12e+04    -  1.85e-05 1.30e-09f  1
 706r 1.2445093e-01 2.84e+01 9.99e+02   1.2 0.00e+00    -  0.00e+00 3.32e-07R  5
 707r 1.2444562e-01 2.84e+01 4.85e+04   1.2 3.12e+04    -  1.85e-05 1.30e-09f  1
 708r 1.2444562e-01 2.84e+01 9.99e+02   1.2 0.00e+00    -  0.00e+00 3.61e-07R  5
 709r 1.2444031e-01 2.84e+01 4.84e+04   1.2 3.12e+04    -  1.86e-05 1.30e-09f  1
iter    objective    inf_pr   inf_du lg(mu)  ||d||  lg(rg) alpha_du alpha_pr  ls
 710r 1.2444031e-01 2.84e+01 9.99e+02   1.2 0.00e+00    -  0.00e+00 3.89e-07R  5
 711r 1.2443498e-01 2.84e+01 4.84e+04   1.2 3.12e+04    -  1.86e-05 1.30e-09f  1
 712r 1.2443498e-01 2.84e+01 9.99e+02   1.2 0.00e+00    -  0.00e+00 4.17e-07R  5
 713r 1.2442964e-01 2.84e+01 4.83e+04   1.2 3.12e+04    -  1.87e-05 1.30e-09f  1
 714r 1.2442964e-01 2.84e+01 9.99e+02   1.2 0.00e+00    -  0.00e+00 4.45e-07R  5
 715r 1.2442430e-01 2.84e+01 4.82e+04   1.2 3.12e+04    -  1.87e-05 1.30e-09f  1
 716r 1.2442430e-01 2.84e+01 9.99e+02   1.2 0.00e+00    -  0.00e+00 4.73e-07R  5
 717r 1.2441894e-01 2.84e+01 4.82e+04   1.2 3.12e+04    -  1.87e-05 1.30e-09f  1
 718r 1.2441894e-01 2.84e+01 9.99e+02   1.2 0.00e+00    -  0.00e+00 2.50e-07R  6
 719r 1.2441358e-01 2.84e+01 4.81e+04   1.2 3.12e+04    -  1.88e-05 1.30e-09f  1
iter    objective    inf_pr   inf_du lg(mu)  ||d||  lg(rg) alpha_du alpha_pr  ls
 720r 1.2441358e-01 2.84e+01 9.99e+02   1.2 0.00e+00    -  0.00e+00 2.64e-07R  6
 721r 1.2440821e-01 2.84e+01 4.80e+04   1.2 3.12e+04    -  1.88e-05 1.30e-09f  1
 722r 1.2440821e-01 2.84e+01 9.99e+02   1.2 0.00e+00    -  0.00e+00 2.77e-07R  6
 723r 1.2440283e-01 2.84e+01 4.80e+04   1.2 3.12e+04    -  1.89e-05 1.30e-09f  1
 724r 1.2440283e-01 2.84e+01 9.99e+02   1.2 0.00e+00    -  0.00e+00 2.91e-07R  6
 725r 1.2439744e-01 2.84e+01 4.79e+04   1.2 3.12e+04    -  1.89e-05 1.30e-09f  1
 726r 1.2439744e-01 2.84e+01 9.99e+02   1.2 0.00e+00    -  0.00e+00 3.04e-07R  6
 727r 1.2439204e-01 2.84e+01 4.79e+04   1.2 3.12e+04    -  1.90e-05 1.30e-09f  1
 728r 1.2439204e-01 2.84e+01 9.99e+02   1.2 0.00e+00    -  0.00e+00 3.18e-07R  6
 729r 1.2438663e-01 2.84e+01 4.78e+04   1.2 3.12e+04    -  1.90e-05 1.30e-09f  1
iter    objective    inf_pr   inf_du lg(mu)  ||d||  lg(rg) alpha_du alpha_pr  ls
 730r 1.2438663e-01 2.84e+01 9.99e+02   1.2 0.00e+00    -  0.00e+00 3.31e-07R  6
 731r 1.2438122e-01 2.84e+01 4.77e+04   1.2 3.12e+04    -  1.90e-05 1.30e-09f  1
 732  1.2441279e-01 2.84e+01 5.82e+02  -6.0 6.16e+03    -  2.28e-05 1.10e-05h  1
 733  1.2445995e-01 2.84e+01 2.49e+02  -6.0 8.02e+03    -  1.43e-05 1.01e-05h  1
In iteration 733, 1 Slack too small, adjusting variable bound
 734  1.2451520e-01 2.84e+01 1.21e+03  -6.0 1.24e+04    -  2.35e-04 1.40e-05h  1
 735  1.2457099e-01 2.84e+01 9.05e+02  -6.0 1.59e+04    -  4.11e-05 2.90e-05h  1
 736  1.2458692e-01 2.84e+01 1.58e+04  -6.0 1.79e+04    -  1.37e-04 1.25e-05h  1
 737  1.2465191e-01 2.84e+01 2.91e+04  -6.0 1.80e+04    -  1.52e-04 5.14e-05h  1
 738r 1.2465191e-01 2.84e+01 9.99e+02   1.2 0.00e+00    -  0.00e+00 2.06e-07R  2
 739r 1.2465191e-01 2.84e+01 2.47e+04   1.2 1.81e+05    -  5.49e-07 1.78e-13f  2
iter    objective    inf_pr   inf_du lg(mu)  ||d||  lg(rg) alpha_du alpha_pr  ls
 740r 1.2465191e-01 2.84e+01 9.99e+02   1.2 0.00e+00    -  0.00e+00 5.89e-10R  2
 741r 1.2458685e-01 2.84e+01 2.24e+05   1.2 3.14e+06    -  1.04e-07 1.31e-09f  1
 742r 1.2458685e-01 2.84e+01 9.99e+02   1.2 0.00e+00    -  0.00e+00 3.43e-07R  2
 743r 1.2458145e-01 2.84e+01 4.92e+04   1.2 3.12e+04    -  1.80e-05 1.30e-09f  1
 744r 1.2458145e-01 2.84e+01 9.99e+02   1.2 0.00e+00    -  0.00e+00 4.66e-07R  2
 745r 1.2457604e-01 2.84e+01 4.92e+04   1.2 3.12e+04    -  1.81e-05 1.30e-09f  1
 746r 1.2457604e-01 2.84e+01 9.99e+02   1.2 0.00e+00    -  0.00e+00 2.93e-07R  3
 747r 1.2457062e-01 2.84e+01 4.91e+04   1.2 3.12e+04    -  1.81e-05 1.30e-09f  1
 748r 1.2457062e-01 2.84e+01 9.99e+02   1.2 0.00e+00    -  0.00e+00 3.53e-07R  3
 749r 1.2456520e-01 2.84e+01 4.90e+04   1.2 3.12e+04    -  1.82e-05 1.30e-09f  1
iter    objective    inf_pr   inf_du lg(mu)  ||d||  lg(rg) alpha_du alpha_pr  ls
 750r 1.2456520e-01 2.84e+01 9.99e+02   1.2 0.00e+00    -  0.00e+00 4.12e-07R  3
 751r 1.2455977e-01 2.84e+01 4.90e+04   1.2 3.12e+04    -  1.82e-05 1.30e-09f  1
 752r 1.2455977e-01 2.84e+01 9.99e+02   1.2 0.00e+00    -  0.00e+00 4.71e-07R  3
 753r 1.2455433e-01 2.84e+01 4.89e+04   1.2 3.12e+04    -  1.83e-05 1.30e-09f  1
 754r 1.2455433e-01 2.84e+01 9.99e+02   1.2 0.00e+00    -  0.00e+00 2.65e-07R  4
 755r 1.2454889e-01 2.84e+01 4.88e+04   1.2 3.12e+04    -  1.83e-05 1.30e-09f  1
 756r 1.2454889e-01 2.84e+01 9.99e+02   1.2 0.00e+00    -  0.00e+00 2.95e-07R  4
 757r 1.2454344e-01 2.84e+01 4.88e+04   1.2 3.12e+04    -  1.83e-05 1.30e-09f  1
 758r 1.2454344e-01 2.84e+01 9.99e+02   1.2 0.00e+00    -  0.00e+00 3.24e-07R  4
 759r 1.2453798e-01 2.84e+01 4.87e+04   1.2 3.12e+04    -  1.84e-05 1.30e-09f  1
iter    objective    inf_pr   inf_du lg(mu)  ||d||  lg(rg) alpha_du alpha_pr  ls
 760r 1.2453798e-01 2.84e+01 9.99e+02   1.2 0.00e+00    -  0.00e+00 3.54e-07R  4
 761r 1.2453252e-01 2.84e+01 4.86e+04   1.2 3.12e+04    -  1.84e-05 1.30e-09f  1
 762r 1.2453252e-01 2.84e+01 9.99e+02   1.2 0.00e+00    -  0.00e+00 3.84e-07R  4
 763r 1.2452705e-01 2.84e+01 4.86e+04   1.2 3.12e+04    -  1.85e-05 1.30e-09f  1
 764r 1.2452705e-01 2.84e+01 9.99e+02   1.2 0.00e+00    -  0.00e+00 4.14e-07R  4
 765r 1.2452158e-01 2.84e+01 4.85e+04   1.2 3.12e+04    -  1.85e-05 1.30e-09f  1
 766r 1.2452158e-01 2.84e+01 9.99e+02   1.2 0.00e+00    -  0.00e+00 4.43e-07R  4
 767r 1.2451610e-01 2.84e+01 4.85e+04   1.2 3.12e+04    -  1.86e-05 1.30e-09f  1
 768r 1.2451610e-01 2.84e+01 9.99e+02   1.2 0.00e+00    -  0.00e+00 4.73e-07R  4
 769r 1.2451062e-01 2.84e+01 4.84e+04   1.2 3.12e+04    -  1.86e-05 1.30e-09f  1
iter    objective    inf_pr   inf_du lg(mu)  ||d||  lg(rg) alpha_du alpha_pr  ls
 770r 1.2451062e-01 2.84e+01 9.99e+02   1.2 0.00e+00    -  0.00e+00 2.52e-07R  5
 771r 1.2450513e-01 2.84e+01 4.83e+04   1.2 3.12e+04    -  1.86e-05 1.30e-09f  1
 772r 1.2450513e-01 2.84e+01 9.99e+02   1.2 0.00e+00    -  0.00e+00 2.67e-07R  5
 773r 1.2449963e-01 2.84e+01 4.83e+04   1.2 3.12e+04    -  1.87e-05 1.30e-09f  1
 774r 1.2449963e-01 2.84e+01 9.99e+02   1.2 0.00e+00    -  0.00e+00 2.82e-07R  5
 775r 1.2449413e-01 2.84e+01 4.82e+04   1.2 3.12e+04    -  1.87e-05 1.30e-09f  1
 776r 1.2449413e-01 2.84e+01 9.99e+02   1.2 0.00e+00    -  0.00e+00 2.97e-07R  5
 777r 1.2448862e-01 2.84e+01 4.81e+04   1.2 3.12e+04    -  1.88e-05 1.30e-09f  1
 778r 1.2448862e-01 2.84e+01 9.99e+02   1.2 0.00e+00    -  0.00e+00 3.12e-07R  5
 779r 1.2448311e-01 2.84e+01 4.81e+04   1.2 3.12e+04    -  1.88e-05 1.30e-09f  1
iter    objective    inf_pr   inf_du lg(mu)  ||d||  lg(rg) alpha_du alpha_pr  ls
 780r 1.2448311e-01 2.84e+01 9.99e+02   1.2 0.00e+00    -  0.00e+00 3.27e-07R  5
 781r 1.2447760e-01 2.84e+01 4.80e+04   1.2 3.12e+04    -  1.88e-05 1.30e-09f  1
 782r 1.2447760e-01 2.84e+01 9.99e+02   1.2 0.00e+00    -  0.00e+00 3.42e-07R  5
 783r 1.2447208e-01 2.84e+01 4.79e+04   1.2 3.12e+04    -  1.89e-05 1.30e-09f  1
 784r 1.2447208e-01 2.84e+01 9.99e+02   1.2 0.00e+00    -  0.00e+00 3.58e-07R  5
 785r 1.2446655e-01 2.84e+01 4.79e+04   1.2 3.12e+04    -  1.89e-05 1.30e-09f  1
 786r 1.2446655e-01 2.84e+01 9.99e+02   1.2 0.00e+00    -  0.00e+00 3.73e-07R  5
 787r 1.2446102e-01 2.84e+01 4.78e+04   1.2 3.12e+04    -  1.90e-05 1.30e-09f  1
 788r 1.2446102e-01 2.84e+01 9.99e+02   1.2 0.00e+00    -  0.00e+00 3.88e-07R  5
 789r 1.2445549e-01 2.84e+01 4.78e+04   1.2 3.12e+04    -  1.90e-05 1.30e-09f  1
iter    objective    inf_pr   inf_du lg(mu)  ||d||  lg(rg) alpha_du alpha_pr  ls
 790r 1.2445549e-01 2.84e+01 9.99e+02   1.2 0.00e+00    -  0.00e+00 4.03e-07R  5
 791r 1.2444995e-01 2.84e+01 4.77e+04   1.2 3.12e+04    -  1.90e-05 1.30e-09f  1
 792r 1.2444995e-01 2.84e+01 9.99e+02   1.2 0.00e+00    -  0.00e+00 4.19e-07R  5
 793r 1.2444441e-01 2.84e+01 4.76e+04   1.2 3.12e+04    -  1.91e-05 1.30e-09f  1
 794r 1.2444441e-01 2.84e+01 9.99e+02   1.2 0.00e+00    -  0.00e+00 4.34e-07R  5
 795r 1.2443886e-01 2.84e+01 4.76e+04   1.2 3.12e+04    -  1.91e-05 1.30e-09f  1
 796r 1.2443886e-01 2.84e+01 9.99e+02   1.2 0.00e+00    -  0.00e+00 4.49e-07R  5
 797r 1.2443331e-01 2.84e+01 4.75e+04   1.2 3.12e+04    -  1.92e-05 1.30e-09f  1
 798r 1.2443331e-01 2.84e+01 9.99e+02   1.2 0.00e+00    -  0.00e+00 4.65e-07R  5
 799r 1.2442775e-01 2.84e+01 4.75e+04   1.2 3.12e+04    -  1.92e-05 1.30e-09f  1
iter    objective    inf_pr   inf_du lg(mu)  ||d||  lg(rg) alpha_du alpha_pr  ls
 800r 1.2442775e-01 2.84e+01 9.99e+02   1.2 0.00e+00    -  0.00e+00 2.40e-07R  6
 801r 1.2442219e-01 2.84e+01 4.74e+04   1.2 3.12e+04    -  1.92e-05 1.30e-09f  1
 802r 1.2442219e-01 2.84e+01 9.99e+02   1.2 0.00e+00    -  0.00e+00 2.48e-07R  6
 803r 1.2441663e-01 2.84e+01 4.73e+04   1.2 3.12e+04    -  1.93e-05 1.30e-09f  1
 804r 1.2441663e-01 2.84e+01 9.99e+02   1.2 0.00e+00    -  0.00e+00 2.56e-07R  6
 805r 1.2441106e-01 2.84e+01 4.73e+04   1.2 3.12e+04    -  1.93e-05 1.30e-09f  1
 806r 1.2441106e-01 2.84e+01 9.99e+02   1.2 0.00e+00    -  0.00e+00 2.63e-07R  6
 807r 1.2440549e-01 2.84e+01 4.72e+04   1.2 3.12e+04    -  1.94e-05 1.30e-09f  1
 808r 1.2440549e-01 2.84e+01 9.99e+02   1.2 0.00e+00    -  0.00e+00 2.71e-07R  6
 809r 1.2439991e-01 2.84e+01 4.72e+04   1.2 3.12e+04    -  1.94e-05 1.30e-09f  1
iter    objective    inf_pr   inf_du lg(mu)  ||d||  lg(rg) alpha_du alpha_pr  ls
 810r 1.2439991e-01 2.84e+01 9.99e+02   1.2 0.00e+00    -  0.00e+00 2.79e-07R  6
 811r 1.2439433e-01 2.84e+01 4.71e+04   1.2 3.12e+04    -  1.94e-05 1.30e-09f  1
 812r 1.2439433e-01 2.84e+01 9.99e+02   1.2 0.00e+00    -  0.00e+00 1.41e-07R  7
 813r 1.2438875e-01 2.84e+01 4.70e+04   1.2 3.12e+04    -  1.95e-05 1.30e-09f  1
 814r 1.2438875e-01 2.84e+01 9.99e+02   1.2 0.00e+00    -  0.00e+00 1.43e-07R  7
 815r 1.2438316e-01 2.84e+01 4.70e+04   1.2 3.12e+04    -  1.95e-05 1.30e-09f  1
 816r 1.2438316e-01 2.84e+01 9.99e+02   1.2 0.00e+00    -  0.00e+00 1.44e-07R  7
 817r 1.2437757e-01 2.84e+01 4.69e+04   1.2 3.12e+04    -  1.95e-05 1.30e-09f  1
 818r 1.2437757e-01 2.84e+01 9.99e+02   1.2 0.00e+00    -  0.00e+00 1.46e-07R  7
 819r 1.2437198e-01 2.84e+01 4.69e+04   1.2 3.12e+04    -  1.96e-05 1.30e-09f  1
iter    objective    inf_pr   inf_du lg(mu)  ||d||  lg(rg) alpha_du alpha_pr  ls
 820r 1.2437198e-01 2.84e+01 9.99e+02   1.2 0.00e+00    -  0.00e+00 1.47e-07R  7
 821r 1.2436638e-01 2.84e+01 4.68e+04   1.2 3.12e+04    -  1.96e-05 1.30e-09f  1
 822r 1.2436638e-01 2.84e+01 9.99e+02   1.2 0.00e+00    -  0.00e+00 1.49e-07R  7
 823r 1.2436078e-01 2.84e+01 4.67e+04   1.2 3.12e+04    -  1.97e-05 1.30e-09f  1
 824r 1.2436078e-01 2.84e+01 9.99e+02   1.2 0.00e+00    -  0.00e+00 1.51e-07R  7
 825r 1.2435517e-01 2.84e+01 4.67e+04   1.2 3.12e+04    -  1.97e-05 1.30e-09f  1
 826r 1.2435517e-01 2.84e+01 9.99e+02   1.2 0.00e+00    -  0.00e+00 1.52e-07R  7
 827r 1.2434956e-01 2.84e+01 4.66e+04   1.2 3.12e+04    -  1.97e-05 1.30e-09f  1
 828r 1.2434956e-01 2.84e+01 9.99e+02   1.2 0.00e+00    -  0.00e+00 1.54e-07R  7
 829r 1.2434395e-01 2.84e+01 4.66e+04   1.2 3.12e+04    -  1.98e-05 1.30e-09f  1
iter    objective    inf_pr   inf_du lg(mu)  ||d||  lg(rg) alpha_du alpha_pr  ls
 830r 1.2434395e-01 2.84e+01 9.99e+02   1.2 0.00e+00    -  0.00e+00 1.55e-07R  7
 831r 1.2433833e-01 2.84e+01 4.65e+04   1.2 3.12e+04    -  1.98e-05 1.30e-09f  1
 832r 1.2433833e-01 2.84e+01 9.99e+02   1.2 0.00e+00    -  0.00e+00 1.57e-07R  7
 833r 1.2433271e-01 2.84e+01 4.64e+04   1.2 3.12e+04    -  1.99e-05 1.30e-09f  1
 834r 1.2433271e-01 2.84e+01 9.99e+02   1.2 0.00e+00    -  0.00e+00 1.58e-07R  7
 835r 1.2432709e-01 2.84e+01 4.64e+04   1.2 3.12e+04    -  1.99e-05 1.30e-09f  1
 836r 1.2432709e-01 2.84e+01 9.99e+02   1.2 0.00e+00    -  0.00e+00 1.60e-07R  7
 837r 1.2432147e-01 2.84e+01 4.63e+04   1.2 3.12e+04    -  1.99e-05 1.30e-09f  1
 838r 1.2432147e-01 2.84e+01 9.99e+02   1.2 0.00e+00    -  0.00e+00 1.61e-07R  7
 839r 1.2431584e-01 2.84e+01 4.63e+04   1.2 3.12e+04    -  2.00e-05 1.30e-09f  1
iter    objective    inf_pr   inf_du lg(mu)  ||d||  lg(rg) alpha_du alpha_pr  ls
 840  1.2431286e-01 2.84e+01 5.90e+03  -6.0 7.13e+03    -  1.30e-04 1.04e-05h  1
 841r 1.2431286e-01 2.84e+01 9.99e+02   1.2 0.00e+00    -  0.00e+00 2.67e-07R  6
 842r 1.2430638e-01 2.84e+01 8.24e+04   1.2 3.11e+04    -  6.94e-07 1.52e-09f  1
 843r 1.2430638e-01 2.84e+01 9.99e+02   1.2 0.00e+00    -  0.00e+00 3.37e-07R  4
 844r 1.2430074e-01 2.84e+01 4.66e+04   1.2 3.12e+04    -  1.97e-05 1.30e-09f  1
 845r 1.2430074e-01 2.84e+01 9.99e+02   1.2 0.00e+00    -  0.00e+00 3.66e-07R  4
 846r 1.2429511e-01 2.84e+01 4.66e+04   1.2 3.12e+04    -  1.98e-05 1.30e-09f  1
 847r 1.2429511e-01 2.84e+01 9.99e+02   1.2 0.00e+00    -  0.00e+00 3.96e-07R  4
 848r 1.2428946e-01 2.84e+01 4.65e+04   1.2 3.12e+04    -  1.98e-05 1.30e-09f  1
 849r 1.2428946e-01 2.84e+01 9.99e+02   1.2 0.00e+00    -  0.00e+00 4.25e-07R  4
iter    objective    inf_pr   inf_du lg(mu)  ||d||  lg(rg) alpha_du alpha_pr  ls
 850r 1.2428382e-01 2.84e+01 4.65e+04   1.2 3.12e+04    -  1.99e-05 1.30e-09f  1
 851r 1.2428382e-01 2.84e+01 9.99e+02   1.2 0.00e+00    -  0.00e+00 4.55e-07R  4
 852r 1.2427817e-01 2.84e+01 4.64e+04   1.2 3.12e+04    -  1.99e-05 1.30e-09f  1
 853r 1.2427817e-01 2.84e+01 9.99e+02   1.2 0.00e+00    -  0.00e+00 4.84e-07R  4
 854r 1.2427252e-01 2.84e+01 4.63e+04   1.2 3.12e+04    -  1.99e-05 1.30e-09f  1
 855r 1.2427252e-01 2.84e+01 9.99e+02   1.2 0.00e+00    -  0.00e+00 2.57e-07R  5
 856r 1.2426687e-01 2.84e+01 4.63e+04   1.2 3.12e+04    -  2.00e-05 1.30e-09f  1
 857r 1.2426687e-01 2.84e+01 9.99e+02   1.2 0.00e+00    -  0.00e+00 2.72e-07R  5
 858r 1.2426122e-01 2.84e+01 4.62e+04   1.2 3.12e+04    -  2.00e-05 1.30e-09f  1
 859r 1.2426122e-01 2.84e+01 9.99e+02   1.2 0.00e+00    -  0.00e+00 2.87e-07R  5
iter    objective    inf_pr   inf_du lg(mu)  ||d||  lg(rg) alpha_du alpha_pr  ls
 860r 1.2425556e-01 2.84e+01 4.62e+04   1.2 3.12e+04    -  2.00e-05 1.30e-09f  1
 861r 1.2425556e-01 2.84e+01 9.99e+02   1.2 0.00e+00    -  0.00e+00 3.02e-07R  5
 862r 1.2424990e-01 2.84e+01 4.61e+04   1.2 3.12e+04    -  2.01e-05 1.30e-09f  1
 863r 1.2424990e-01 2.84e+01 9.99e+02   1.2 0.00e+00    -  0.00e+00 3.17e-07R  5
 864r 1.2424423e-01 2.84e+01 4.61e+04   1.2 3.12e+04    -  2.01e-05 1.30e-09f  1
 865r 1.2424423e-01 2.84e+01 9.99e+02   1.2 0.00e+00    -  0.00e+00 3.32e-07R  5
 866r 1.2423857e-01 2.84e+01 4.60e+04   1.2 3.12e+04    -  2.01e-05 1.30e-09f  1
 867r 1.2423857e-01 2.84e+01 9.99e+02   1.2 0.00e+00    -  0.00e+00 3.47e-07R  5
 868r 1.2423290e-01 2.84e+01 4.59e+04   1.2 3.12e+04    -  2.02e-05 1.30e-09f  1
 869r 1.2423290e-01 2.84e+01 9.99e+02   1.2 0.00e+00    -  0.00e+00 3.63e-07R  5
iter    objective    inf_pr   inf_du lg(mu)  ||d||  lg(rg) alpha_du alpha_pr  ls
 870r 1.2422723e-01 2.84e+01 4.59e+04   1.2 3.12e+04    -  2.02e-05 1.30e-09f  1
 871r 1.2422723e-01 2.84e+01 9.99e+02   1.2 0.00e+00    -  0.00e+00 3.78e-07R  5
 872r 1.2422155e-01 2.84e+01 4.58e+04   1.2 3.12e+04    -  2.03e-05 1.30e-09f  1
 873r 1.2422155e-01 2.84e+01 9.99e+02   1.2 0.00e+00    -  0.00e+00 3.93e-07R  5
 874r 1.2421587e-01 2.84e+01 4.58e+04   1.2 3.12e+04    -  2.03e-05 1.30e-09f  1
 875r 1.2421587e-01 2.84e+01 9.99e+02   1.2 0.00e+00    -  0.00e+00 4.08e-07R  5
 876r 1.2421019e-01 2.84e+01 4.57e+04   1.2 3.12e+04    -  2.03e-05 1.30e-09f  1
 877r 1.2421019e-01 2.84e+01 9.99e+02   1.2 0.00e+00    -  0.00e+00 4.24e-07R  5
 878r 1.2420451e-01 2.84e+01 4.57e+04   1.2 3.12e+04    -  2.04e-05 1.30e-09f  1
 879r 1.2420451e-01 2.84e+01 9.99e+02   1.2 0.00e+00    -  0.00e+00 4.39e-07R  5
iter    objective    inf_pr   inf_du lg(mu)  ||d||  lg(rg) alpha_du alpha_pr  ls
 880r 1.2419883e-01 2.84e+01 4.56e+04   1.2 3.12e+04    -  2.04e-05 1.30e-09f  1
 881r 1.2419883e-01 2.84e+01 9.99e+02   1.2 0.00e+00    -  0.00e+00 4.54e-07R  5
 882r 1.2419314e-01 2.84e+01 4.56e+04   1.2 3.12e+04    -  2.04e-05 1.30e-09f  1
 883r 1.2419314e-01 2.84e+01 9.99e+02   1.2 0.00e+00    -  0.00e+00 4.70e-07R  5
 884r 1.2418745e-01 2.84e+01 4.55e+04   1.2 3.12e+04    -  2.05e-05 1.30e-09f  1
 885r 1.2418745e-01 2.84e+01 9.99e+02   1.2 0.00e+00    -  0.00e+00 4.85e-07R  5
 886r 1.2418176e-01 2.84e+01 4.54e+04   1.2 3.12e+04    -  2.05e-05 1.30e-09f  1
 887r 1.2418176e-01 2.84e+01 9.99e+02   1.2 0.00e+00    -  0.00e+00 2.50e-07R  6
 888r 1.2417607e-01 2.84e+01 4.54e+04   1.2 3.12e+04    -  2.05e-05 1.30e-09f  1
 889r 1.2417607e-01 2.84e+01 9.99e+02   1.2 0.00e+00    -  0.00e+00 2.56e-07R  6
iter    objective    inf_pr   inf_du lg(mu)  ||d||  lg(rg) alpha_du alpha_pr  ls
 890r 1.2417037e-01 2.84e+01 4.53e+04   1.2 3.12e+04    -  2.06e-05 1.30e-09f  1
 891r 1.2417037e-01 2.84e+01 9.99e+02   1.2 0.00e+00    -  0.00e+00 2.59e-07R  6
 892r 1.2416467e-01 2.84e+01 4.53e+04   1.2 3.12e+04    -  2.06e-05 1.30e-09f  1
 893r 1.2416467e-01 2.84e+01 9.99e+02   1.2 0.00e+00    -  0.00e+00 2.62e-07R  6
 894r 1.2415897e-01 2.84e+01 4.52e+04   1.2 3.12e+04    -  2.07e-05 1.30e-09f  1
 895r 1.2415897e-01 2.84e+01 9.99e+02   1.2 0.00e+00    -  0.00e+00 2.65e-07R  6
 896r 1.2415327e-01 2.84e+01 4.52e+04   1.2 3.12e+04    -  2.07e-05 1.30e-09f  1
 897r 1.2415327e-01 2.84e+01 9.99e+02   1.2 0.00e+00    -  0.00e+00 2.69e-07R  6
 898r 1.2414756e-01 2.84e+01 4.51e+04   1.2 3.12e+04    -  2.07e-05 1.30e-09f  1
 899r 1.2414756e-01 2.84e+01 9.99e+02   1.2 0.00e+00    -  0.00e+00 2.72e-07R  6
iter    objective    inf_pr   inf_du lg(mu)  ||d||  lg(rg) alpha_du alpha_pr  ls
 900r 1.2414185e-01 2.84e+01 4.51e+04   1.2 3.12e+04    -  2.08e-05 1.30e-09f  1
 901r 1.2414185e-01 2.84e+01 9.99e+02   1.2 0.00e+00    -  0.00e+00 2.75e-07R  6
 902r 1.2413614e-01 2.84e+01 4.50e+04   1.2 3.12e+04    -  2.08e-05 1.30e-09f  1
 903r 1.2413614e-01 2.84e+01 9.99e+02   1.2 0.00e+00    -  0.00e+00 2.78e-07R  6
 904r 1.2413043e-01 2.84e+01 4.50e+04   1.2 3.12e+04    -  2.08e-05 1.30e-09f  1
 905r 1.2413043e-01 2.84e+01 9.99e+02   1.2 0.00e+00    -  0.00e+00 2.81e-07R  6
 906r 1.2412472e-01 2.84e+01 4.49e+04   1.2 3.12e+04    -  2.09e-05 1.30e-09f  1
 907r 1.2412472e-01 2.84e+01 9.99e+02   1.2 0.00e+00    -  0.00e+00 2.84e-07R  6
 908r 1.2411900e-01 2.84e+01 4.48e+04   1.2 3.12e+04    -  2.09e-05 1.30e-09f  1
 909r 1.2411900e-01 2.84e+01 9.99e+02   1.2 0.00e+00    -  0.00e+00 2.87e-07R  6
iter    objective    inf_pr   inf_du lg(mu)  ||d||  lg(rg) alpha_du alpha_pr  ls
 910r 1.2411328e-01 2.84e+01 4.48e+04   1.2 3.12e+04    -  2.09e-05 1.30e-09f  1
 911r 1.2411328e-01 2.84e+01 9.99e+02   1.2 0.00e+00    -  0.00e+00 2.90e-07R  6
 912r 1.2410756e-01 2.84e+01 4.47e+04   1.2 3.12e+04    -  2.10e-05 1.30e-09f  1
 913r 1.2410756e-01 2.84e+01 9.99e+02   1.2 0.00e+00    -  0.00e+00 2.93e-07R  6
 914r 1.2410184e-01 2.84e+01 4.47e+04   1.2 3.12e+04    -  2.10e-05 1.30e-09f  1
 915r 1.2410184e-01 2.84e+01 9.99e+02   1.2 0.00e+00    -  0.00e+00 2.96e-07R  6
 916r 1.2409612e-01 2.84e+01 4.46e+04   1.2 3.12e+04    -  2.10e-05 1.30e-09f  1
 917r 1.2409612e-01 2.84e+01 9.99e+02   1.2 0.00e+00    -  0.00e+00 2.99e-07R  6
 918r 1.2409039e-01 2.84e+01 4.46e+04   1.2 3.12e+04    -  2.11e-05 1.30e-09f  1
 919r 1.2409039e-01 2.84e+01 9.99e+02   1.2 0.00e+00    -  0.00e+00 3.02e-07R  6
iter    objective    inf_pr   inf_du lg(mu)  ||d||  lg(rg) alpha_du alpha_pr  ls
 920r 1.2408466e-01 2.84e+01 4.45e+04   1.2 3.12e+04    -  2.11e-05 1.30e-09f  1
 921r 1.2408466e-01 2.84e+01 9.99e+02   1.2 0.00e+00    -  0.00e+00 3.05e-07R  6
 922r 1.2407893e-01 2.84e+01 4.45e+04   1.2 3.12e+04    -  2.11e-05 1.30e-09f  1
 923r 1.2407893e-01 2.84e+01 9.99e+02   1.2 0.00e+00    -  0.00e+00 3.08e-07R  6
 924r 1.2407320e-01 2.84e+01 4.44e+04   1.2 3.12e+04    -  2.12e-05 1.30e-09f  1
 925r 1.2407320e-01 2.84e+01 9.99e+02   1.2 0.00e+00    -  0.00e+00 3.11e-07R  6
 926r 1.2406746e-01 2.84e+01 4.44e+04   1.2 3.12e+04    -  2.12e-05 1.30e-09f  1
 927r 1.2406746e-01 2.84e+01 9.99e+02   1.2 0.00e+00    -  0.00e+00 3.14e-07R  6
 928r 1.2406173e-01 2.84e+01 4.44e+04   1.2 3.12e+04    -  2.12e-05 1.30e-09f  1
 929r 1.2406173e-01 2.84e+01 9.99e+02   1.2 0.00e+00    -  0.00e+00 3.17e-07R  6
iter    objective    inf_pr   inf_du lg(mu)  ||d||  lg(rg) alpha_du alpha_pr  ls
 930r 1.2405599e-01 2.84e+01 4.43e+04   1.2 3.12e+04    -  2.12e-05 1.30e-09f  1
 931r 1.2405599e-01 2.84e+01 9.99e+02   1.2 0.00e+00    -  0.00e+00 3.20e-07R  6
 932r 1.2405025e-01 2.84e+01 4.43e+04   1.2 3.12e+04    -  2.12e-05 1.30e-09f  1
 933r 1.2405025e-01 2.84e+01 9.99e+02   1.2 0.00e+00    -  0.00e+00 3.24e-07R  6
 934r 1.2404451e-01 2.84e+01 4.43e+04   1.2 3.12e+04    -  2.12e-05 1.30e-09f  1
 935  1.2404482e-01 2.84e+01 6.70e+03  -6.0 7.02e+03    -  1.46e-04 1.05e-05h  1
 936  1.2406277e-01 2.84e+01 5.22e+03  -6.0 1.24e+04    -  1.26e-05 1.00e-05h  1
 937  1.2409776e-01 2.84e+01 7.25e+03  -6.0 1.38e+04    -  4.79e-04 2.12e-05h  1
 938  1.2410931e-01 2.84e+01 6.84e+03  -6.0 1.68e+04    -  4.58e-05 3.69e-05h  1
 939r 1.2410931e-01 2.84e+01 9.99e+02   1.2 0.00e+00    -  0.00e+00 3.20e-07R  3
iter    objective    inf_pr   inf_du lg(mu)  ||d||  lg(rg) alpha_du alpha_pr  ls
 940r 1.2410929e-01 2.84e+01 5.45e+04   1.2 7.18e+04    -  1.10e-06 2.82e-12f  1
 941r 1.2410929e-01 2.84e+01 9.99e+02   1.2 0.00e+00    -  0.00e+00 6.85e-09R  2
 942r 1.2405128e-01 2.84e+01 2.32e+05   1.2 2.76e+06    -  1.22e-07 1.30e-09f  1
 943r 1.2405128e-01 2.84e+01 9.99e+02   1.2 0.00e+00    -  0.00e+00 3.61e-07R  2
 944r 1.2404553e-01 2.84e+01 4.94e+04   1.2 3.11e+04    -  1.79e-05 1.30e-09f  1
 945r 1.2404553e-01 2.84e+01 9.99e+02   1.2 0.00e+00    -  0.00e+00 4.83e-07R  2
 946r 1.2403978e-01 2.84e+01 4.93e+04   1.2 3.11e+04    -  1.80e-05 1.30e-09f  1
 947r 1.2403978e-01 2.84e+01 9.99e+02   1.2 0.00e+00    -  0.00e+00 3.01e-07R  3
 948r 1.2403403e-01 2.84e+01 4.93e+04   1.2 3.11e+04    -  1.80e-05 1.30e-09f  1
 949r 1.2403403e-01 2.84e+01 9.99e+02   1.2 0.00e+00    -  0.00e+00 3.61e-07R  3
iter    objective    inf_pr   inf_du lg(mu)  ||d||  lg(rg) alpha_du alpha_pr  ls
 950r 1.2402828e-01 2.84e+01 4.92e+04   1.2 3.11e+04    -  1.81e-05 1.30e-09f  1
 951r 1.2402828e-01 2.84e+01 9.99e+02   1.2 0.00e+00    -  0.00e+00 4.20e-07R  3
 952r 1.2402253e-01 2.84e+01 4.91e+04   1.2 3.11e+04    -  1.81e-05 1.30e-09f  1
 953r 1.2402253e-01 2.84e+01 9.99e+02   1.2 0.00e+00    -  0.00e+00 4.79e-07R  3
 954r 1.2401677e-01 2.84e+01 4.91e+04   1.2 3.11e+04    -  1.82e-05 1.30e-09f  1
 955r 1.2401677e-01 2.84e+01 9.99e+02   1.2 0.00e+00    -  0.00e+00 2.69e-07R  4
 956r 1.2401102e-01 2.84e+01 4.90e+04   1.2 3.11e+04    -  1.82e-05 1.30e-09f  1
 957r 1.2401102e-01 2.84e+01 9.99e+02   1.2 0.00e+00    -  0.00e+00 2.99e-07R  4
 958r 1.2400526e-01 2.84e+01 4.89e+04   1.2 3.11e+04    -  1.82e-05 1.30e-09f  1
 959r 1.2400526e-01 2.84e+01 9.99e+02   1.2 0.00e+00    -  0.00e+00 3.28e-07R  4
iter    objective    inf_pr   inf_du lg(mu)  ||d||  lg(rg) alpha_du alpha_pr  ls
 960r 1.2399950e-01 2.84e+01 4.89e+04   1.2 3.11e+04    -  1.83e-05 1.30e-09f  1
 961r 1.2399950e-01 2.84e+01 9.99e+02   1.2 0.00e+00    -  0.00e+00 3.58e-07R  4
 962r 1.2399374e-01 2.84e+01 4.88e+04   1.2 3.11e+04    -  1.83e-05 1.30e-09f  1
 963r 1.2399374e-01 2.84e+01 9.99e+02   1.2 0.00e+00    -  0.00e+00 3.88e-07R  4
 964r 1.2398797e-01 2.84e+01 4.87e+04   1.2 3.11e+04    -  1.84e-05 1.30e-09f  1
 965r 1.2398797e-01 2.84e+01 9.99e+02   1.2 0.00e+00    -  0.00e+00 4.17e-07R  4
 966r 1.2398221e-01 2.84e+01 4.87e+04   1.2 3.11e+04    -  1.84e-05 1.30e-09f  1
 967r 1.2398221e-01 2.84e+01 9.99e+02   1.2 0.00e+00    -  0.00e+00 4.47e-07R  4
 968r 1.2397644e-01 2.84e+01 4.86e+04   1.2 3.11e+04    -  1.84e-05 1.30e-09f  1
 969r 1.2397644e-01 2.84e+01 9.99e+02   1.2 0.00e+00    -  0.00e+00 4.77e-07R  4
iter    objective    inf_pr   inf_du lg(mu)  ||d||  lg(rg) alpha_du alpha_pr  ls
 970r 1.2397067e-01 2.84e+01 4.86e+04   1.2 3.11e+04    -  1.85e-05 1.30e-09f  1
 971r 1.2397067e-01 2.84e+01 9.99e+02   1.2 0.00e+00    -  0.00e+00 2.53e-07R  5
 972r 1.2396490e-01 2.84e+01 4.85e+04   1.2 3.11e+04    -  1.85e-05 1.30e-09f  1
 973r 1.2396490e-01 2.84e+01 9.99e+02   1.2 0.00e+00    -  0.00e+00 2.68e-07R  5
 974r 1.2395913e-01 2.84e+01 4.84e+04   1.2 3.11e+04    -  1.86e-05 1.30e-09f  1
 975r 1.2395913e-01 2.84e+01 9.99e+02   1.2 0.00e+00    -  0.00e+00 2.84e-07R  5
 976r 1.2395336e-01 2.84e+01 4.84e+04   1.2 3.11e+04    -  1.86e-05 1.30e-09f  1
 977r 1.2395336e-01 2.84e+01 9.99e+02   1.2 0.00e+00    -  0.00e+00 2.99e-07R  5
 978r 1.2394758e-01 2.84e+01 4.83e+04   1.2 3.11e+04    -  1.87e-05 1.30e-09f  1
 979r 1.2394758e-01 2.84e+01 9.99e+02   1.2 0.00e+00    -  0.00e+00 3.14e-07R  5
iter    objective    inf_pr   inf_du lg(mu)  ||d||  lg(rg) alpha_du alpha_pr  ls
 980r 1.2394181e-01 2.84e+01 4.82e+04   1.2 3.11e+04    -  1.87e-05 1.30e-09f  1
 981r 1.2394181e-01 2.84e+01 9.99e+02   1.2 0.00e+00    -  0.00e+00 3.29e-07R  5
 982r 1.2393603e-01 2.84e+01 4.82e+04   1.2 3.11e+04    -  1.87e-05 1.30e-09f  1
 983r 1.2393603e-01 2.84e+01 9.99e+02   1.2 0.00e+00    -  0.00e+00 3.44e-07R  5
 984r 1.2393025e-01 2.84e+01 4.81e+04   1.2 3.11e+04    -  1.88e-05 1.30e-09f  1
 985r 1.2393025e-01 2.84e+01 9.99e+02   1.2 0.00e+00    -  0.00e+00 3.59e-07R  5
 986r 1.2392447e-01 2.84e+01 4.81e+04   1.2 3.11e+04    -  1.88e-05 1.30e-09f  1
 987r 1.2392447e-01 2.84e+01 9.99e+02   1.2 0.00e+00    -  0.00e+00 3.74e-07R  5
 988r 1.2391869e-01 2.84e+01 4.80e+04   1.2 3.11e+04    -  1.89e-05 1.30e-09f  1
 989r 1.2391869e-01 2.84e+01 9.99e+02   1.2 0.00e+00    -  0.00e+00 3.90e-07R  5
iter    objective    inf_pr   inf_du lg(mu)  ||d||  lg(rg) alpha_du alpha_pr  ls
 990r 1.2391290e-01 2.84e+01 4.79e+04   1.2 3.11e+04    -  1.89e-05 1.30e-09f  1
 991r 1.2391290e-01 2.84e+01 9.99e+02   1.2 0.00e+00    -  0.00e+00 2.02e-07R  6
 992r 1.2390712e-01 2.84e+01 4.79e+04   1.2 3.11e+04    -  1.89e-05 1.30e-09f  1
 993r 1.2390712e-01 2.84e+01 9.99e+02   1.2 0.00e+00    -  0.00e+00 2.10e-07R  6
 994r 1.2390133e-01 2.84e+01 4.78e+04   1.2 3.11e+04    -  1.90e-05 1.30e-09f  1
 995r 1.2390133e-01 2.84e+01 9.99e+02   1.2 0.00e+00    -  0.00e+00 2.18e-07R  6
 996r 1.2389554e-01 2.84e+01 4.77e+04   1.2 3.11e+04    -  1.90e-05 1.30e-09f  1
 997r 1.2389554e-01 2.84e+01 9.99e+02   1.2 0.00e+00    -  0.00e+00 2.25e-07R  6
 998r 1.2388975e-01 2.84e+01 4.77e+04   1.2 3.11e+04    -  1.91e-05 1.30e-09f  1
 999r 1.2388975e-01 2.84e+01 9.99e+02   1.2 0.00e+00    -  0.00e+00 2.33e-07R  6
iter    objective    inf_pr   inf_du lg(mu)  ||d||  lg(rg) alpha_du alpha_pr  ls
1000r 1.2388396e-01 2.84e+01 4.76e+04   1.2 3.11e+04    -  1.91e-05 1.30e-09f  1

Number of Iterations....: 1000

                                   (scaled)                 (unscaled)
Objective...............:   9.6784345503869204e-02    1.2388396224495259e-01
Dual infeasibility......:   4.7623627352972668e+04    6.0958243011805018e+04
Constraint violation....:   1.5411909802565315e+01    2.8430607821948797e+01
Complementarity.........:   9.9999560707031051e+03    1.2799943770499975e+04
Overall NLP error.......:   4.7623627352972668e+04    6.0958243011805018e+04


Number of objective function evaluations             = 4080
Number of objective gradient evaluations             = 839
Number of equality constraint evaluations            = 4081
Number of inequality constraint evaluations          = 4081
Number of equality constraint Jacobian evaluations   = 1188
Number of inequality constraint Jacobian evaluations = 1188
Number of Lagrangian Hessian evaluations             = 1000
Total CPU secs in IPOPT (w/o function evaluations)   =   2146.005
Total CPU secs in NLP function evaluations           =     56.035

EXIT: Maximum Number of Iterations Exceeded.
