
List of user-set options:

                                    Name   Value                used
                           compl_inf_tol = 1                     yes
                         constr_viol_tol = 1                     yes
                            dual_inf_tol = 1000                  yes
                           linear_solver = ma97                  yes
                              ma86_small = 1e-30                  no
                                  ma86_u = 0.0001                 no
                              ma97_order = best                  yes
                              ma97_small = 1e-30                 yes
                            ma97_switch1 = at_start              yes
                            ma97_switch2 = od_hd_reuse           yes
                                  ma97_u = 1e-06                 yes
                               ma97_umax = 0.5                   yes
                                max_iter = 1000                  yes
                    max_refinement_steps = 20                    yes
                    min_refinement_steps = 5                     yes
                                 mu_init = 1e-06                 yes
           mu_superlinear_decrease_power = 1.25                  yes
                   nlp_scaling_min_value = 1e-08                 yes
                        option_file_name = Preset_Case_900_pf.opt  yes
                             output_file = ./tmp/Preset_Case_900_pf.output  yes
                      print_user_options = yes                   yes
        required_infeasibility_reduction = 1                      no
                                     tol = 1e-08                 yes
                   warm_start_bound_frac = 1e-20                 yes
                   warm_start_bound_push = 1e-20                 yes
                   warm_start_init_point = yes                   yes
              warm_start_mult_bound_push = 1e-20                 yes
                warm_start_mult_init_max = 1e+40                 yes
             warm_start_slack_bound_frac = 1e-20                 yes
             warm_start_slack_bound_push = 1e-20                 yes

******************************************************************************
This program contains Ipopt, a library for large-scale nonlinear optimization.
 Ipopt is released as open source code under the Eclipse Public License (EPL).
         For more information visit http://projects.coin-or.org/Ipopt
******************************************************************************

This is Ipopt version 3.12.10, running with linear solver ma97.

Number of nonzeros in equality constraint Jacobian...:   123443
Number of nonzeros in inequality constraint Jacobian.:      213
Number of nonzeros in Lagrangian Hessian.............:    49069

Total number of variables............................:    31591
                     variables with only lower bounds:    12912
                variables with lower and upper bounds:    15130
                     variables with only upper bounds:        0
Total number of equality constraints.................:    31483
Total number of inequality constraints...............:       25
        inequality constraints with only lower bounds:        4
   inequality constraints with lower and upper bounds:        0
        inequality constraints with only upper bounds:       21

iter    objective    inf_pr   inf_du lg(mu)  ||d||  lg(rg) alpha_du alpha_pr  ls
   0 -5.1773053e+00 4.02e-03 1.02e+00  -6.0 0.00e+00    -  0.00e+00 0.00e+00   0
   1 -5.1780141e+00 3.19e-02 1.02e+00  -6.0 6.90e+05    -  4.42e-05 3.37e-05h  1
   2 -5.1791279e+00 3.18e-02 4.97e+01  -6.0 1.80e+03    -  2.20e-01 1.82e-03f  1
   3 -5.2834299e+00 7.83e-01 2.99e+02  -6.0 1.80e+03    -  3.10e-02 1.71e-01f  1
   4 -5.3806935e+00 2.73e+00 5.45e+02  -6.0 4.20e+03    -  3.11e-01 2.15e-01f  1
   5 -5.3642768e+00 2.75e-03 1.22e+02  -6.0 7.88e+00  -4.0 2.33e-01 1.00e+00h  1
   6 -5.3689599e+00 5.26e-03 1.04e+02  -6.0 5.80e+00  -4.5 3.85e-01 1.00e+00h  1
   7 -5.4753487e+00 2.79e+00 4.46e+02  -6.0 4.92e+01  -5.0 2.97e-01 7.01e-01h  1
   8 -5.4848115e+00 1.85e+00 2.44e+02  -6.0 2.54e+01  -5.4 6.32e-01 5.83e-01h  1
   9 -5.5059092e+00 9.30e-01 8.01e+01  -6.0 5.87e+01  -5.9 4.40e-01 1.00e+00h  1
iter    objective    inf_pr   inf_du lg(mu)  ||d||  lg(rg) alpha_du alpha_pr  ls
  10 -5.5209981e+00 4.70e-01 2.49e+01  -6.0 1.03e+02  -6.4 3.49e-01 7.18e-01h  1
  11 -5.5433832e+00 7.12e-01 2.20e+01  -6.0 1.90e+02  -6.9 1.95e-01 3.83e-01h  1
  12 -5.5806291e+00 1.92e+00 1.12e+02  -6.0 7.66e+02  -7.3 1.55e-01 4.23e-01h  1
  13 -5.6094285e+00 2.29e+00 8.57e+01  -6.0 1.06e+04    -  8.48e-03 5.49e-02h  1
  14 -5.6414103e+00 2.03e+00 7.36e+01  -6.0 3.45e+03    -  1.41e-01 1.46e-01h  1
  15 -5.6632868e+00 2.36e+00 1.22e+03  -6.0 2.53e+03    -  3.81e-01 1.68e-01h  1
  16 -5.6662095e+00 2.26e+00 1.14e+03  -6.0 7.75e+02  -7.8 1.92e-02 4.26e-02h  1
  17 -5.6732744e+00 4.50e+00 7.46e+02  -6.0 4.92e+03    -  5.07e-03 7.26e-02h  1
  18 -5.6760879e+00 4.42e+00 1.38e+03  -6.0 2.37e+03    -  1.31e-01 2.71e-02h  1
  19 -5.6812505e+00 4.18e+00 1.17e+03  -6.0 2.02e+03    -  4.52e-02 6.62e-02h  1
iter    objective    inf_pr   inf_du lg(mu)  ||d||  lg(rg) alpha_du alpha_pr  ls
  20 -5.6841696e+00 3.94e+00 3.61e+03  -6.0 1.74e+03    -  4.07e-01 5.88e-02h  1
  21 -5.7024718e+00 1.06e+01 2.41e+03  -6.0 1.96e+03    -  4.73e-01 4.13e-01h  1
  22 -5.7025816e+00 1.06e+01 5.60e+03  -6.0 3.49e+03    -  2.29e-01 4.06e-03h  1
  23 -5.7037555e+00 1.01e+01 8.98e+03  -6.0 1.27e+03    -  4.12e-01 5.84e-02h  1
  24 -5.7133424e+00 2.02e+01 4.89e+03  -6.0 1.54e+03    -  8.99e-01 6.65e-01h  1
  25 -5.7148701e+00 1.63e+01 7.02e+02  -6.0 8.31e+02    -  8.37e-02 2.09e-01h  1
  26 -5.7166489e+00 1.32e+01 8.49e+03  -6.0 1.01e+03    -  6.93e-02 2.16e-01h  1
  27 -5.7221455e+00 6.72e+00 8.61e+03  -6.0 4.96e+02    -  5.81e-01 6.49e-01h  1
  28 -5.7235633e+00 6.34e+00 2.45e+05  -6.0 1.21e+03    -  2.61e-02 1.13e-01h  1
  29 -5.7235738e+00 6.34e+00 2.53e+05  -6.0 7.57e+02    -  2.87e-01 2.56e-04h  1
iter    objective    inf_pr   inf_du lg(mu)  ||d||  lg(rg) alpha_du alpha_pr  ls
  30 -5.7366706e+00 6.24e+00 8.58e+05  -6.0 7.30e+02    -  2.13e-01 6.88e-01h  1
  31 -5.7366751e+00 6.24e+00 5.20e+05  -6.0 3.54e+02    -  2.24e-01 1.23e-04h  1
  32 -5.7461083e+00 4.33e+00 1.92e+05  -6.0 4.66e+02    -  6.58e-01 4.39e-01h  1
  33 -5.7573352e+00 1.81e+00 5.62e+04  -6.0 2.64e+02    -  7.21e-01 5.91e-01h  1
  34 -5.7591554e+00 1.71e+00 1.83e+06  -6.0 5.60e+02    -  4.98e-01 5.22e-02h  1
  35r-5.7591554e+00 1.71e+00 1.00e+03   0.1 0.00e+00    -  0.00e+00 5.70e-08R  2
  36r-5.7590574e+00 1.71e+00 1.00e+03   0.1 1.38e+04    -  1.34e-06 1.59e-06f  1
  37 -5.7589143e+00 1.67e+00 1.42e+05  -6.0 1.05e+01    -  1.12e-01 2.35e-02h  1
  38 -5.7578338e+00 1.38e+00 1.28e+06  -6.0 1.05e+01    -  2.35e-02 1.75e-01h  1
  39 -5.7569912e+00 1.15e+00 1.07e+06  -6.0 8.84e+00    -  2.55e-01 1.66e-01h  1
iter    objective    inf_pr   inf_du lg(mu)  ||d||  lg(rg) alpha_du alpha_pr  ls
  40 -5.7568548e+00 1.11e+00 1.03e+06  -6.0 7.82e+00    -  6.00e-02 3.61e-02h  1
  41 -5.7537856e+00 2.98e-01 2.77e+05  -6.0 7.36e+00    -  6.43e-01 7.31e-01h  1
  42 -5.7538398e+00 2.85e-01 2.64e+05  -6.0 3.59e+00    -  4.89e-01 4.59e-02h  1
  43 -5.7565848e+00 6.61e-02 6.14e+04  -6.0 4.51e+00    -  1.31e-01 7.68e-01f  1
  44 -5.7584639e+00 4.26e-02 3.95e+04  -6.0 3.05e+00    -  4.26e-01 3.56e-01h  1
  45 -5.7669265e+00 1.77e-02 1.30e+04  -6.0 7.04e+00    -  5.12e-01 6.72e-01h  1
  46 -5.7708039e+00 6.42e-04 1.39e+02  -6.0 3.30e+00    -  6.85e-01 1.00e+00f  1
  47 -5.7806602e+00 1.07e-02 4.78e+01  -6.0 4.26e+00  -3.8 4.74e-01 8.15e-01h  1
  48 -5.7806685e+00 1.07e-02 1.49e+03  -6.0 7.82e+01    -  6.81e-01 2.23e-04h  1
  49 -5.7849582e+00 7.83e-03 1.62e+03  -6.0 3.19e+01    -  8.96e-01 2.62e-01f  1
iter    objective    inf_pr   inf_du lg(mu)  ||d||  lg(rg) alpha_du alpha_pr  ls
  50 -5.7872624e+00 6.90e-03 2.14e+03  -6.0 6.87e+01    -  7.58e-01 1.41e-01h  1
  51 -5.8004107e+00 1.36e-01 7.25e+02  -6.0 1.90e+02    -  9.50e-01 7.65e-01h  1
  52 -5.8062615e+00 7.77e-01 2.31e+03  -6.0 5.54e+02    -  6.48e-01 3.54e-01h  1
  53 -5.8217188e+00 8.19e+00 3.88e+02  -6.0 6.50e+02    -  9.41e-01 1.00e+00h  1
  54 -5.8312801e+00 4.94e+00 1.16e+03  -6.0 6.46e+02    -  6.07e-01 6.42e-01h  1
  55 -5.8406374e+00 3.04e+00 2.25e+04  -6.0 4.18e+02    -  9.96e-01 5.98e-01h  1
  56 -5.8568257e+00 1.80e+00 3.92e+04  -6.0 3.29e+02    -  5.32e-01 1.00e+00h  1
  57 -5.8628540e+00 1.51e+00 1.99e+05  -6.0 4.13e+02    -  1.00e+00 3.47e-01h  1
  58 -5.8813729e+00 3.30e+00 1.53e+05  -6.0 4.50e+02    -  4.88e-01 1.00e+00h  1
  59 -5.8881703e+00 3.01e+00 9.78e+05  -6.0 7.41e+02    -  6.92e-01 2.36e-01h  1
iter    objective    inf_pr   inf_du lg(mu)  ||d||  lg(rg) alpha_du alpha_pr  ls
  60r-5.8881703e+00 3.01e+00 1.00e+03   0.3 0.00e+00    -  0.00e+00 1.10e-07R  2
  61r-5.8925826e+00 3.00e+00 1.00e+03   0.3 1.97e+04    -  4.03e-06 1.03e-06f  1
  62 -5.8921466e+00 2.68e+00 5.82e+05  -6.0 1.00e+00    -  4.68e-01 1.08e-01h  1
  63 -5.8915859e+00 2.12e+00 1.16e+06  -6.0 9.33e-01    -  1.08e-01 2.08e-01h  1
  64 -5.8902348e+00 3.91e-01 2.14e+05  -6.0 7.60e-01    -  8.36e-01 8.16e-01h  1
  65 -5.8980412e+00 6.26e-03 3.61e+01  -6.0 1.97e+00    -  7.48e-01 1.00e+00h  1
  66 -5.9049152e+00 8.48e-03 2.23e+01  -6.0 7.27e+00    -  8.02e-01 8.69e-01h  1
  67 -5.9031810e+00 4.87e-03 5.10e+01  -6.0 9.78e+00    -  8.14e-01 8.99e-01h  1
  68 -5.9079635e+00 4.42e-02 4.55e+00  -6.0 4.44e+01    -  9.16e-01 8.79e-01f  1
  69 -5.9094642e+00 1.38e+00 5.60e+01  -6.0 2.95e+02    -  8.98e-01 1.00e+00h  1
iter    objective    inf_pr   inf_du lg(mu)  ||d||  lg(rg) alpha_du alpha_pr  ls
  70 -5.9097009e+00 1.03e+00 1.55e+02  -6.0 2.58e+02    -  7.23e-01 1.00e+00h  1
  71 -5.9089577e+00 6.98e-02 1.28e+00  -6.0 6.67e+01    -  9.91e-01 1.00e+00h  1
  72 -5.9087936e+00 6.65e-02 9.90e+00  -6.0 6.39e+01    -  9.12e-01 1.00e+00h  1
  73 -5.9087919e+00 3.53e-05 3.99e-04  -6.0 1.54e+00    -  1.00e+00 1.00e+00h  1
  74 -5.9087919e+00 2.85e-10 1.76e-09  -6.0 3.74e-03    -  1.00e+00 1.00e+00h  1
  75 -5.9088943e+00 2.50e+00 1.34e+01  -7.5 5.04e+02    -  8.25e-01 7.79e-01h  1
  76 -5.9088906e+00 5.57e-01 9.43e+00  -7.5 1.35e+02    -  1.00e+00 8.72e-01h  1
  77 -5.9088879e+00 5.54e-03 9.63e-03  -7.5 1.77e+01    -  1.00e+00 1.00e+00h  1
  78 -5.9088879e+00 5.12e-08 8.40e-08  -7.5 4.99e-02    -  1.00e+00 1.00e+00h  1
  79 -5.9088894e+00 3.83e-03 7.04e-01  -9.0 1.79e+01    -  9.24e-01 8.48e-01h  1
iter    objective    inf_pr   inf_du lg(mu)  ||d||  lg(rg) alpha_du alpha_pr  ls
  80 -5.9088897e+00 1.37e-04 2.22e-04  -9.0 2.87e+00    -  1.00e+00 1.00e+00h  1
  81 -5.9088897e+00 2.31e-09 3.85e-09  -9.0 1.16e-02    -  1.00e+00 1.00e+00h  1

Number of Iterations....: 81

                                   (scaled)                 (unscaled)
Objective...............:  -4.6163200605054655e+00   -5.9088896774469957e+00
Dual infeasibility......:   3.8511538542650453e-09    4.9294769334592577e-09
Constraint violation....:   1.4367348561369451e-09    2.3101165425032377e-09
Complementarity.........:   1.1247926733616787e-09    1.4397346219029487e-09
Overall NLP error.......:   3.8511538542650453e-09    4.9294769334592577e-09


Number of objective function evaluations             = 86
Number of objective gradient evaluations             = 82
Number of equality constraint evaluations            = 86
Number of inequality constraint evaluations          = 86
Number of equality constraint Jacobian evaluations   = 84
Number of inequality constraint Jacobian evaluations = 84
Number of Lagrangian Hessian evaluations             = 81
Total CPU secs in IPOPT (w/o function evaluations)   =    157.783
Total CPU secs in NLP function evaluations           =      3.197

EXIT: Optimal Solution Found.
