
List of user-set options:

                                    Name   Value                used
                           compl_inf_tol = 1                     yes
                         constr_viol_tol = 1                     yes
                            dual_inf_tol = 1000                  yes
                           linear_solver = ma97                  yes
                              ma86_small = 1e-30                  no
                                  ma86_u = 0.0001                 no
                              ma97_order = best                  yes
                              ma97_small = 1e-30                 yes
                            ma97_switch1 = at_start              yes
                            ma97_switch2 = od_hd_reuse           yes
                                  ma97_u = 1e-06                 yes
                               ma97_umax = 0.5                   yes
                                max_iter = 1000                  yes
                    max_refinement_steps = 20                    yes
                    min_refinement_steps = 5                     yes
                                 mu_init = 1e-06                 yes
           mu_superlinear_decrease_power = 1.25                  yes
                   nlp_scaling_min_value = 1e-08                 yes
                        option_file_name = Preset_Case_400_pf.opt  yes
                             output_file = ./tmp/Preset_Case_400_pf.output  yes
                      print_user_options = yes                   yes
        required_infeasibility_reduction = 1                      no
                                     tol = 1e-08                 yes
                   warm_start_bound_frac = 1e-20                 yes
                   warm_start_bound_push = 1e-20                 yes
                   warm_start_init_point = yes                   yes
              warm_start_mult_bound_push = 1e-20                 yes
                warm_start_mult_init_max = 1e+40                 yes
             warm_start_slack_bound_frac = 1e-20                 yes
             warm_start_slack_bound_push = 1e-20                 yes

******************************************************************************
This program contains Ipopt, a library for large-scale nonlinear optimization.
 Ipopt is released as open source code under the Eclipse Public License (EPL).
         For more information visit http://projects.coin-or.org/Ipopt
******************************************************************************

This is Ipopt version 3.12.10, running with linear solver ma97.

Number of nonzeros in equality constraint Jacobian...:   123442
Number of nonzeros in inequality constraint Jacobian.:      213
Number of nonzeros in Lagrangian Hessian.............:    49069

Total number of variables............................:    31591
                     variables with only lower bounds:    12912
                variables with lower and upper bounds:    15130
                     variables with only upper bounds:        0
Total number of equality constraints.................:    31483
Total number of inequality constraints...............:       25
        inequality constraints with only lower bounds:        4
   inequality constraints with lower and upper bounds:        0
        inequality constraints with only upper bounds:       21

iter    objective    inf_pr   inf_du lg(mu)  ||d||  lg(rg) alpha_du alpha_pr  ls
   0 -5.2275770e+00 4.06e-03 1.02e+00  -6.0 0.00e+00    -  0.00e+00 0.00e+00   0
   1 -5.2271317e+00 2.26e+00 2.14e+01  -6.0 4.83e+05    -  6.57e-05 4.72e-04h  2
   2 -5.2271761e+00 2.26e+00 2.22e+02  -6.0 6.05e+03    -  1.62e-01 1.31e-05h  1
   3 -5.3010989e+00 2.39e+00 2.78e+02  -6.0 2.31e+03    -  4.08e-02 1.54e-01h  1
   4 -5.4108959e+00 2.69e+01 2.79e+03  -6.0 3.33e+03    -  5.86e-01 5.45e-01h  1
   5 -5.4488099e+00 2.75e+01 2.56e+03  -6.0 4.80e+03    -  1.43e-01 8.85e-02h  1
   6 -5.4831063e+00 2.48e+01 6.53e+04  -6.0 8.50e+02    -  1.77e-01 9.91e-02h  1
   7 -5.5981819e+00 2.08e+01 3.20e+05  -6.0 1.50e+03    -  1.59e-01 4.65e-01h  1
   8 -5.6086473e+00 2.03e+01 3.07e+05  -6.0 3.89e+03    -  9.44e-02 4.26e-02h  1
   9 -5.6194737e+00 1.82e+01 2.75e+05  -6.0 4.58e+02    -  3.86e-01 1.04e-01h  1
iter    objective    inf_pr   inf_du lg(mu)  ||d||  lg(rg) alpha_du alpha_pr  ls
  10 -5.6697230e+00 8.27e+00 1.82e+05  -6.0 4.60e+02    -  3.26e-01 5.71e-01h  1
  11r-5.6697230e+00 8.27e+00 1.00e+03   0.7 0.00e+00  -4.0 0.00e+00 2.63e-07R  2
  12r-5.6694877e+00 8.27e+00 1.00e+03   0.7 2.72e+04    -  2.64e-07 1.53e-07f  1
  13 -5.6866862e+00 8.70e+00 4.37e+02  -6.0 2.51e+05    -  5.76e-04 3.23e-03h  1
  14 -5.6881194e+00 9.58e+00 3.77e+04  -6.0 1.64e+05    -  2.79e-03 5.04e-03f  1
  15 -5.7017793e+00 5.23e+01 2.38e+04  -6.0 1.83e+04    -  3.86e-05 9.19e-02h  1
  16 -5.7313530e+00 5.21e+01 6.73e+04  -6.0 8.86e+03    -  5.76e-05 6.01e-02h  1
  17 -5.7483984e+00 5.42e+01 1.21e+04  -6.0 7.83e+03    -  1.21e-01 7.85e-02h  1
  18 -5.7496762e+00 5.12e+01 3.84e+04  -6.0 3.86e+03    -  1.95e-01 1.47e-01h  1
  19r-5.7496762e+00 5.12e+01 1.00e+03   1.5 0.00e+00    -  0.00e+00 1.38e-07R  2
iter    objective    inf_pr   inf_du lg(mu)  ||d||  lg(rg) alpha_du alpha_pr  ls
  20r-5.7506236e+00 5.12e+01 1.00e+03   1.5 1.64e+05    -  9.91e-08 1.91e-08f  1
  21 -5.7462900e+00 4.88e+01 3.95e+04  -6.0 2.51e+02    -  1.20e-06 4.74e-02h  1
  22 -5.7319053e+00 4.07e+01 3.29e+04  -6.0 2.07e+02    -  5.08e-02 1.66e-01h  1
  23 -5.7206829e+00 3.44e+01 2.78e+04  -6.0 1.22e+02    -  2.05e-01 1.55e-01h  1
  24 -5.6664356e+00 3.64e+00 2.94e+03  -6.0 6.72e+01    -  4.38e-01 8.95e-01h  1
  25 -5.6617959e+00 7.10e-04 2.15e+01  -6.0 3.05e+00    -  9.10e-01 1.00e+00h  1
  26 -5.6640149e+00 7.94e-04 2.08e+01  -6.0 9.52e+00    -  6.95e-01 1.74e-01h  1
  27 -5.6785080e+00 6.89e-03 1.97e+01  -6.0 2.37e+01    -  4.01e-02 7.41e-01f  1
  28 -5.6871280e+00 2.83e-01 6.99e+01  -6.0 3.37e+01    -  8.62e-01 1.00e+00f  1
  29 -5.6875688e+00 2.60e-01 1.20e+02  -6.0 7.03e+00  -4.5 5.38e-01 7.90e-02h  1
iter    objective    inf_pr   inf_du lg(mu)  ||d||  lg(rg) alpha_du alpha_pr  ls
  30 -5.6971162e+00 6.11e-02 1.26e+01  -6.0 2.01e+01  -5.0 8.81e-01 8.92e-01f  1
  31 -5.7337594e+00 4.65e-01 1.84e+02  -6.0 5.16e+02    -  5.79e-01 2.59e-01h  1
  32 -5.7347907e+00 1.47e+00 1.67e+02  -6.0 3.86e+03    -  6.65e-02 5.31e-02h  1
  33 -5.7511577e+00 1.14e+00 1.17e+03  -6.0 3.91e+02    -  1.71e-01 2.30e-01h  1
  34 -5.7565817e+00 1.16e+00 2.86e+03  -6.0 8.90e+02    -  1.49e-01 6.63e-02h  1
  35 -5.7694778e+00 9.84e-01 1.88e+03  -6.0 6.84e+02    -  8.70e-02 2.17e-01h  1
  36 -5.8020414e+00 2.07e+00 1.95e+04  -6.0 9.12e+02    -  2.85e-01 6.83e-01h  1
  37 -5.8162742e+00 2.89e+00 2.14e+04  -6.0 1.26e+03    -  7.79e-01 5.53e-01h  1
  38 -5.8179515e+00 2.66e+00 2.04e+05  -6.0 1.06e+03    -  9.55e-01 8.60e-02h  1
  39 -5.8351864e+00 2.28e+01 4.15e+03  -6.0 1.23e+03    -  9.71e-01 1.00e+00h  1
iter    objective    inf_pr   inf_du lg(mu)  ||d||  lg(rg) alpha_du alpha_pr  ls
  40 -5.8417826e+00 1.35e+01 3.42e+05  -6.0 3.40e+02    -  5.71e-02 4.24e-01h  1
  41 -5.8456010e+00 1.14e+01 7.49e+05  -6.0 3.87e+02    -  5.83e-01 1.61e-01h  1
  42r-5.8456010e+00 1.14e+01 1.00e+03   0.8 0.00e+00    -  0.00e+00 9.39e-08R  2
  43r-5.8595419e+00 1.14e+01 1.00e+03   0.8 3.42e+04    -  3.28e-07 4.27e-07f  1
  44 -5.8594405e+00 1.13e+01 1.82e+03  -6.0 6.16e+00    -  3.37e-06 6.13e-03h  1
  45 -5.8588483e+00 1.09e+01 1.76e+03  -6.0 6.05e+00    -  7.41e-02 3.42e-02h  1
  46 -5.8563107e+00 9.26e+00 1.51e+03  -6.0 5.91e+00    -  3.92e-02 1.51e-01h  1
  47 -5.8493720e+00 4.77e+00 7.78e+02  -6.0 5.14e+00    -  3.89e-01 4.84e-01h  1
  48 -5.8454594e+00 2.29e+00 3.72e+02  -6.0 2.68e+00    -  8.03e-01 5.21e-01h  1
  49 -5.8443483e+00 1.54e+00 2.50e+02  -6.0 1.72e+00    -  9.46e-01 3.28e-01h  1
iter    objective    inf_pr   inf_du lg(mu)  ||d||  lg(rg) alpha_du alpha_pr  ls
  50 -5.8440256e+00 1.28e+00 2.16e+02  -6.0 7.62e+00    -  9.63e-01 1.70e-01h  1
  51 -5.8433292e+00 1.43e-02 3.39e+01  -6.0 2.25e+01    -  9.88e-01 1.00e+00h  1
  52 -5.8512525e+00 7.90e-01 8.61e+00  -6.0 2.32e+02    -  6.38e-01 6.73e-01h  1
  53 -5.8529514e+00 8.33e-01 3.01e+01  -6.0 2.69e+02    -  1.49e-04 3.93e-01h  1
  54 -5.8449264e+00 1.96e-01 1.49e+03  -6.0 6.89e+01    -  9.95e-01 1.00e+00h  1
  55 -5.8561960e+00 9.70e-02 5.92e+01  -6.0 7.72e+01    -  1.00e+00 1.00e+00h  1
  56 -5.8514334e+00 7.15e-02 5.93e+01  -6.0 4.16e+01    -  1.00e+00 1.00e+00h  1
  57 -5.8505844e+00 3.86e-02 1.31e+03  -6.0 3.03e+01    -  7.29e-01 7.78e-01h  1
  58 -5.8479894e+00 1.48e-02 3.39e+01  -6.0 1.90e+01    -  1.00e+00 1.00e+00h  1
  59 -5.8485440e+00 3.69e-03 4.77e+01  -6.0 9.46e+00    -  6.81e-01 1.00e+00h  1
iter    objective    inf_pr   inf_du lg(mu)  ||d||  lg(rg) alpha_du alpha_pr  ls
  60 -5.8486421e+00 6.06e-03 1.48e-01  -6.0 1.21e+01    -  1.00e+00 1.00e+00h  1
  61 -5.8486485e+00 3.36e-05 1.24e-03  -6.0 8.97e-01    -  1.00e+00 1.00e+00h  1
  62 -5.8486525e+00 3.43e-07 1.99e-05  -6.0 9.12e-02    -  1.00e+00 1.00e+00h  1
  63 -5.8486525e+00 2.91e-10 2.50e-11  -6.0 1.11e-05    -  1.00e+00 1.00e+00h  1
  64 -5.8487472e+00 2.06e+00 3.33e+01  -7.5 5.00e+02    -  8.27e-01 7.12e-01h  1
  65 -5.8487518e+00 7.82e-01 2.34e+01  -7.5 1.61e+02    -  1.00e+00 7.36e-01h  1
  66 -5.8487499e+00 2.51e-03 6.19e-02  -7.5 1.18e+01    -  1.00e+00 1.00e+00h  1
  67 -5.8487498e+00 2.45e-05 1.71e-05  -7.5 1.21e+00    -  1.00e+00 1.00e+00h  1
  68 -5.8487498e+00 9.33e-08 4.62e-08  -7.5 7.48e-02    -  1.00e+00 1.00e+00h  1
  69 -5.8487513e+00 1.18e-03 9.21e-01  -9.0 1.02e+01    -  9.25e-01 8.25e-01h  1
iter    objective    inf_pr   inf_du lg(mu)  ||d||  lg(rg) alpha_du alpha_pr  ls
  70 -5.8487516e+00 3.09e-05 3.27e-04  -9.0 1.36e+00    -  1.00e+00 1.00e+00h  1
  71 -5.8487516e+00 1.01e-09 3.62e-09  -9.0 7.78e-03    -  1.00e+00 1.00e+00h  1

Number of Iterations....: 71

                                   (scaled)                 (unscaled)
Objective...............:  -4.5693371849495561e+00   -5.8487515967354318e+00
Dual infeasibility......:   3.6201426527039627e-09    4.6337825954610727e-09
Constraint violation....:   6.3039528383755502e-10    1.0149960871785879e-09
Complementarity.........:   1.4341114337054619e-09    1.8356626351429913e-09
Overall NLP error.......:   3.6201426527039627e-09    4.6337825954610727e-09


Number of objective function evaluations             = 80
Number of objective gradient evaluations             = 72
Number of equality constraint evaluations            = 80
Number of inequality constraint evaluations          = 80
Number of equality constraint Jacobian evaluations   = 75
Number of inequality constraint Jacobian evaluations = 75
Number of Lagrangian Hessian evaluations             = 71
Total CPU secs in IPOPT (w/o function evaluations)   =    277.441
Total CPU secs in NLP function evaluations           =      2.576

EXIT: Optimal Solution Found.
