
List of user-set options:

                                    Name   Value                used
                           compl_inf_tol = 1                     yes
                         constr_viol_tol = 1                     yes
                            dual_inf_tol = 1000                  yes
                           linear_solver = ma97                  yes
                              ma86_small = 1e-30                  no
                                  ma86_u = 0.0001                 no
                              ma97_order = best                  yes
                              ma97_small = 1e-30                 yes
                            ma97_switch1 = at_start              yes
                            ma97_switch2 = od_hd_reuse           yes
                                  ma97_u = 1e-06                 yes
                               ma97_umax = 0.5                   yes
                                max_iter = 1000                  yes
                    max_refinement_steps = 20                    yes
                    min_refinement_steps = 5                     yes
                                 mu_init = 1e-06                 yes
           mu_superlinear_decrease_power = 1.25                  yes
                   nlp_scaling_min_value = 1e-08                 yes
                        option_file_name = Preset_Case_358_pf.opt  yes
                             output_file = ./tmp/Preset_Case_358_pf.output  yes
                      print_user_options = yes                   yes
                                     tol = 0.0001                yes
                   warm_start_bound_frac = 1e-20                 yes
                   warm_start_bound_push = 1e-20                 yes
                   warm_start_init_point = yes                   yes
              warm_start_mult_bound_push = 1e-20                 yes
                warm_start_mult_init_max = 1e+40                 yes
             warm_start_slack_bound_frac = 1e-20                 yes
             warm_start_slack_bound_push = 1e-20                 yes

******************************************************************************
This program contains Ipopt, a library for large-scale nonlinear optimization.
 Ipopt is released as open source code under the Eclipse Public License (EPL).
         For more information visit http://projects.coin-or.org/Ipopt
******************************************************************************

This is Ipopt version 3.12.10, running with linear solver ma97.

Number of nonzeros in equality constraint Jacobian...:   103066
Number of nonzeros in inequality constraint Jacobian.:      145
Number of nonzeros in Lagrangian Hessian.............:    39976

Total number of variables............................:    29160
                     variables with only lower bounds:    11314
                variables with lower and upper bounds:    14309
                     variables with only upper bounds:        0
Total number of equality constraints.................:    29077
Total number of inequality constraints...............:       21
        inequality constraints with only lower bounds:        0
   inequality constraints with lower and upper bounds:        0
        inequality constraints with only upper bounds:       21

iter    objective    inf_pr   inf_du lg(mu)  ||d||  lg(rg) alpha_du alpha_pr  ls
   0 -9.8016961e+03 1.22e+00 7.34e+04  -6.0 0.00e+00    -  0.00e+00 0.00e+00   0
   1 -9.8009897e+03 1.04e+00 6.29e+04  -6.0 5.68e+02    -  3.10e-01 1.42e-01h  3
   2 -9.8009776e+03 1.04e+00 6.28e+04  -6.0 3.11e+03    -  3.75e-05 2.42e-03h  6
   3 -9.8009655e+03 1.04e+00 6.26e+04  -6.0 2.95e+03    -  4.51e-01 2.47e-03h  6
   4 -9.8009407e+03 1.03e+00 6.23e+04  -6.0 2.74e+03    -  5.52e-03 5.16e-03h  5
   5 -9.8009157e+03 1.03e+00 6.20e+04  -6.0 2.49e+03    -  4.19e-01 5.31e-03h  5
   6 -9.8009157e+03 1.03e+00 6.20e+04  -6.0 7.91e+01  -4.0 1.92e-01 2.52e-06h  2
   7r-9.8009157e+03 1.03e+00 9.99e+02  -0.6 0.00e+00    -  0.00e+00 4.80e-07R  2
   8r-9.8012267e+03 1.02e+00 2.24e+03  -0.6 3.63e+06    -  4.89e-05 1.04e-05f  1
   9r-9.8012269e+03 9.06e-01 9.99e+02  -0.6 1.66e+03    -  3.56e-05 1.20e-04f  1
iter    objective    inf_pr   inf_du lg(mu)  ||d||  lg(rg) alpha_du alpha_pr  ls
  10 -9.8012279e+03 9.06e-01 4.75e+02  -6.0 2.69e+06    -  7.37e-05 5.25e-08f  1
  11 -9.8012430e+03 9.05e-01 2.51e+03  -6.0 3.67e+04    -  9.70e-03 1.17e-03f  1
  12 -9.8012308e+03 9.00e-01 1.20e+04  -6.0 2.46e+03    -  1.18e-03 5.10e-03h  2
  13 -9.8012235e+03 8.98e-01 1.25e+04  -6.0 1.27e+03    -  7.60e-01 2.15e-03h  1
  14 -9.8006855e+03 7.87e-01 1.78e+04  -6.0 4.79e+02    -  8.48e-03 1.24e-01h  1
  15r-9.8006855e+03 7.87e-01 1.00e+03  -0.7 0.00e+00    -  0.00e+00 9.10e-08R  2
  16r-9.8006855e+03 7.86e-01 1.00e+03  -0.7 1.19e+03    -  1.09e-06 9.41e-07f  1
  17r-9.8006856e+03 7.70e-01 1.00e+03  -0.7 1.20e+03    -  5.55e-05 2.22e-05f  1
  18r-9.8006862e+03 6.95e-01 1.00e+03  -0.7 1.04e+03    -  4.34e-05 1.12e-04f  1
  19 -9.8006859e+03 6.95e-01 7.94e+06  -6.0 2.86e+02    -  5.80e-01 9.84e-05h  1
iter    objective    inf_pr   inf_du lg(mu)  ||d||  lg(rg) alpha_du alpha_pr  ls
  20 -9.8003050e+03 6.24e-01 7.95e+09  -6.0 4.09e+02    -  1.02e-04 1.02e-01h  1
  21r-9.8003050e+03 6.24e-01 1.00e+03  -0.7 0.00e+00    -  0.00e+00 6.89e-08R  2
  22r-9.8003050e+03 6.22e-01 2.28e+03  -0.7 1.21e+03    -  1.87e-04 3.27e-06f  1
  23r-9.8003025e+03 4.61e-01 1.00e+03  -0.7 1.12e+03    -  3.22e-05 3.78e-04f  1
  24 -9.8003021e+03 4.61e-01 7.06e+06  -6.0 2.46e+02    -  5.66e-01 1.35e-04h  1
  25 -9.7989025e+03 4.14e-01 2.19e+10  -6.0 3.62e+02    -  1.38e-04 4.29e-01H  1
  26 -9.7988944e+03 4.12e-01 2.18e+10  -6.0 1.83e+02    -  2.54e-02 5.01e-03h  1
  27 -9.7988031e+03 4.10e-01 2.16e+10  -6.0 2.06e+03    -  1.34e-05 5.90e-03h  4
  28 -9.7987124e+03 4.07e-01 2.15e+10  -6.0 2.10e+03    -  6.49e-01 5.76e-03h  4
  29 -9.7986397e+03 4.06e-01 2.14e+10  -6.0 2.52e+03    -  9.64e-03 3.92e-03h  8
iter    objective    inf_pr   inf_du lg(mu)  ||d||  lg(rg) alpha_du alpha_pr  ls
  30 -9.7985671e+03 4.04e-01 2.13e+10  -6.0 2.51e+03    -  6.50e-01 3.92e-03h  8
  31 -9.7984945e+03 4.03e-01 2.13e+10  -6.0 2.52e+03    -  1.75e-02 3.91e-03h  8
  32 -9.7984220e+03 4.01e-01 2.12e+10  -6.0 2.51e+03    -  6.77e-01 3.91e-03h  8
  33 -9.7983495e+03 3.99e-01 2.11e+10  -6.0 2.51e+03    -  2.55e-02 3.91e-03h  8
  34 -9.7982771e+03 3.98e-01 2.10e+10  -6.0 2.51e+03    -  8.00e-01 3.91e-03h  8
  35 -9.7982047e+03 3.96e-01 2.09e+10  -6.0 2.50e+03    -  3.33e-02 3.92e-03h  8
  36 -9.7981323e+03 3.95e-01 2.09e+10  -6.0 2.50e+03    -  8.06e-01 3.92e-03h  8
  37 -9.7888725e+03 3.22e+01 1.04e+10  -6.0 2.49e+03    -  4.14e-02 5.02e-01w  1
  38 -9.7888724e+03 3.22e+01 1.04e+10  -6.0 2.04e+03    -  8.46e-01 6.59e-06w  1
  39 -9.7885962e+03 3.14e+01 1.01e+10  -6.0 1.46e+03    -  1.01e-01 2.34e-02w  1
iter    objective    inf_pr   inf_du lg(mu)  ||d||  lg(rg) alpha_du alpha_pr  ls
  40 -9.7980599e+03 3.93e-01 2.08e+10  -6.0 1.45e+03    -  4.14e-02 3.92e-03h  7
  41 -9.7979876e+03 3.92e-01 2.07e+10  -6.0 2.49e+03    -  8.51e-01 3.93e-03h  8
  42 -9.7979154e+03 3.90e-01 2.06e+10  -6.0 2.49e+03    -  4.93e-02 3.93e-03h  8
  43 -9.7978431e+03 3.89e-01 2.05e+10  -6.0 2.48e+03    -  8.76e-01 3.93e-03h  8
  44 -9.7977709e+03 3.87e-01 2.04e+10  -6.0 2.48e+03    -  5.73e-02 3.93e-03h  8
  45 -9.7976988e+03 3.86e-01 2.04e+10  -6.0 2.48e+03    -  9.20e-01 3.93e-03h  8
  46 -9.7976267e+03 3.84e-01 2.03e+10  -6.0 2.48e+03    -  6.51e-02 3.93e-03h  8
  47 -9.7975546e+03 3.83e-01 2.02e+10  -6.0 2.47e+03    -  9.52e-01 3.93e-03h  8
  48 -9.7974825e+03 3.81e-01 2.01e+10  -6.0 2.47e+03    -  7.30e-02 3.93e-03h  8
  49 -9.7974105e+03 3.80e-01 2.00e+10  -6.0 2.47e+03    -  1.00e+00 3.93e-03h  8
iter    objective    inf_pr   inf_du lg(mu)  ||d||  lg(rg) alpha_du alpha_pr  ls
  50 -9.7881987e+03 3.18e+01 9.95e+09  -6.0 2.47e+03    -  8.06e-02 5.04e-01w  1
  51 -9.7881983e+03 3.18e+01 9.95e+09  -6.0 1.57e+03    -  9.19e-01 3.17e-05w  1
  52 -9.7879670e+03 3.12e+01 9.76e+09  -6.0 1.46e+03    -  1.81e-02 1.95e-02w  1
  53 -9.7973386e+03 3.78e-01 2.00e+10  -6.0 1.45e+03    -  8.06e-02 3.93e-03h  7
  54 -9.7972666e+03 3.77e-01 1.99e+10  -6.0 2.46e+03    -  1.00e+00 3.94e-03h  8
  55 -9.7971947e+03 3.75e-01 1.98e+10  -6.0 2.46e+03    -  8.86e-02 3.94e-03h  8
  56 -9.7971229e+03 3.74e-01 1.97e+10  -6.0 2.46e+03    -  1.00e+00 3.94e-03h  8
  57 -9.7970511e+03 3.72e-01 1.97e+10  -6.0 2.46e+03    -  9.65e-02 3.94e-03h  8
  58 -9.7969793e+03 3.71e-01 1.96e+10  -6.0 2.45e+03    -  1.00e+00 3.94e-03h  8
  59 -9.7969075e+03 3.69e-01 1.95e+10  -6.0 2.45e+03    -  1.05e-01 3.94e-03h  8
iter    objective    inf_pr   inf_du lg(mu)  ||d||  lg(rg) alpha_du alpha_pr  ls
  60 -9.7968358e+03 3.68e-01 1.94e+10  -6.0 2.45e+03    -  1.00e+00 3.94e-03h  8
  61 -9.7967641e+03 3.66e-01 1.93e+10  -6.0 2.44e+03    -  1.13e-01 3.94e-03h  8
  62 -9.7966925e+03 3.65e-01 1.93e+10  -6.0 2.44e+03    -  1.00e+00 3.94e-03h  8
  63 -9.7875258e+03 3.14e+01 9.54e+09  -6.0 2.44e+03    -  1.21e-01 5.05e-01w  1
  64 -9.7875159e+03 3.14e+01 9.54e+09  -6.0 1.46e+03    -  5.62e-01 8.34e-04w  1
  65 -9.7873269e+03 3.09e+01 9.38e+09  -6.0 1.45e+03    -  1.45e-02 1.59e-02w  1
  66 -9.7966209e+03 3.63e-01 1.92e+10  -6.0 2.48e+03    -  1.21e-01 3.94e-03h  7
  67 -9.7965493e+03 3.62e-01 1.91e+10  -6.0 2.44e+03    -  1.00e+00 3.94e-03h  8
  68 -9.7964777e+03 3.61e-01 1.90e+10  -6.0 2.43e+03    -  1.29e-01 3.95e-03h  8
  69 -9.7964062e+03 3.59e-01 1.90e+10  -6.0 2.43e+03    -  1.00e+00 3.95e-03h  8
iter    objective    inf_pr   inf_du lg(mu)  ||d||  lg(rg) alpha_du alpha_pr  ls
  70 -9.7963347e+03 3.58e-01 1.89e+10  -6.0 2.42e+03    -  1.37e-01 3.95e-03h  8
  71 -9.7962633e+03 3.56e-01 1.88e+10  -6.0 2.42e+03    -  1.00e+00 3.95e-03h  8
  72 -9.7961918e+03 3.55e-01 1.87e+10  -6.0 2.42e+03    -  1.45e-01 3.96e-03h  8
  73 -9.7961205e+03 3.53e-01 1.87e+10  -6.0 2.41e+03    -  1.00e+00 3.96e-03h  8
  74 -9.7960491e+03 3.52e-01 1.86e+10  -6.0 2.41e+03    -  1.53e-01 3.96e-03h  8
  75 -9.7959777e+03 3.51e-01 1.85e+10  -6.0 2.41e+03    -  1.00e+00 3.96e-03h  8
  76 -9.7868503e+03 3.10e+01 9.12e+09  -6.0 2.40e+03    -  1.61e-01 5.08e-01w  1
  77 -9.7868405e+03 3.10e+01 9.11e+09  -6.0 1.46e+03    -  1.30e-02 8.18e-04w  1
  78 -9.7868170e+03 3.10e+01 9.09e+09  -6.0 1.46e+03    -  1.76e-03 1.97e-03w  1
  79 -9.7959064e+03 3.49e-01 1.85e+10  -6.0 9.17e+04    -  1.61e-01 3.97e-03h  7
iter    objective    inf_pr   inf_du lg(mu)  ||d||  lg(rg) alpha_du alpha_pr  ls
  80 -9.7958352e+03 3.48e-01 1.84e+10  -6.0 2.40e+03    -  1.00e+00 3.97e-03h  8
  81 -9.7957639e+03 3.46e-01 1.83e+10  -6.0 2.40e+03    -  1.70e-01 3.97e-03h  8
  82 -9.7956927e+03 3.45e-01 1.82e+10  -6.0 2.40e+03    -  1.00e+00 3.97e-03h  8
  83 -9.7956215e+03 3.44e-01 1.82e+10  -6.0 2.39e+03    -  1.78e-01 3.97e-03h  8
  84 -9.7955504e+03 3.42e-01 1.81e+10  -6.0 2.39e+03    -  1.00e+00 3.97e-03h  8
  85 -9.7954792e+03 3.41e-01 1.80e+10  -6.0 2.39e+03    -  7.01e-02 3.97e-03h  8
  86 -9.7954526e+03 3.41e-01 1.80e+10  -6.0 7.91e+04    -  1.17e-07 4.48e-05h 10
  87 -9.7932092e+03 1.89e+00 1.80e+10  -6.0 1.85e+05    -  1.64e-03 1.64e-03s 16
  88 -9.7909252e+03 3.85e+00 1.80e+10  -6.0 2.19e+05    -  1.40e-03 1.40e-03s 16
  89 -9.7848870e+03 1.74e+01 1.79e+10  -6.0 2.78e+05    -  2.88e-03 2.88e-03s 16
iter    objective    inf_pr   inf_du lg(mu)  ||d||  lg(rg) alpha_du alpha_pr  ls
  90 -9.7805701e+03 1.37e+01 1.40e+10  -6.0 2.38e+03  -4.5 2.17e-01 2.17e-01s 16
  91 -9.7703408e+03 3.06e+01 6.98e+09  -6.0 2.26e+03  -5.0 5.02e-01 5.02e-01s 16
  92 -9.7626888e+03 3.02e+01 6.87e+09  -6.0 6.31e+04    -  1.50e-02 1.50e-02s 16
  93r-9.7626888e+03 3.02e+01 1.00e+03   1.3 0.00e+00    -  0.00e+00 0.00e+00R  1
  94r-9.7627872e+03 3.02e+01 3.48e+04   1.3 5.84e+07    -  2.63e-06 2.03e-07f  1
  95r-9.7627838e+03 3.00e+01 3.48e+04   1.3 2.59e+04    -  5.48e-06 3.75e-06f  1
  96r-9.7627678e+03 2.95e+01 3.48e+04   1.3 2.57e+04    -  1.82e-05 1.77e-05f  1
  97r-9.7627094e+03 2.77e+01 3.48e+04   1.3 2.49e+04    -  1.80e-04 6.50e-05f  1
  98r-9.7624596e+03 2.10e+01 3.47e+04   1.3 2.01e+04    -  1.61e-03 2.92e-04f  1
  99r-9.7619157e+03 1.56e+01 3.47e+04   1.3 6.94e+03    -  2.24e-03 7.23e-04f  1
iter    objective    inf_pr   inf_du lg(mu)  ||d||  lg(rg) alpha_du alpha_pr  ls
 100r-9.7616516e+03 1.86e+01 3.44e+04   1.3 3.06e+03    -  6.38e-03 5.47e-04f  1
 101r-9.7576625e+03 6.02e+01 3.88e+04   1.3 1.37e+03    -  2.05e-02 1.14e-02f  1
 102r-9.7554579e+03 8.03e+01 8.60e+04   0.6 1.15e+02    -  4.61e-01 6.57e-02f  1
 103r-9.7430445e+03 5.43e+02 3.43e+04   0.6 2.38e+02    -  3.83e-01 5.33e-01f  1
 104r-9.7412974e+03 4.75e+02 3.76e+04   0.6 5.98e+00   0.0 2.47e-01 1.39e-01f  1
 105r-9.7366692e+03 4.38e+02 3.25e+04   0.6 1.03e+01  -0.5 2.92e-01 3.70e-01f  1
 106r-9.7364773e+03 4.32e+02 2.97e+04   0.6 3.41e+01  -1.0 2.88e-02 2.17e-02f  1
 107r-9.7364125e+03 4.31e+02 2.49e+04   0.6 1.15e+02  -1.4 1.65e-02 7.36e-03f  1
 108r-9.7355693e+03 5.17e+02 2.94e+04   0.6 1.81e+02    -  2.84e-01 1.21e-01f  1
 109r-9.7335762e+03 8.45e+02 3.22e+04   0.6 1.85e+02    -  3.93e-01 3.24e-01f  1
iter    objective    inf_pr   inf_du lg(mu)  ||d||  lg(rg) alpha_du alpha_pr  ls
 110r-9.7314330e+03 1.15e+03 2.44e+04   0.6 2.15e+02    -  9.12e-01 6.40e-01f  1
 111r-9.7405313e+03 1.59e+02 1.19e+03   0.6 5.75e+02    -  9.70e-01 1.00e+00f  1
 112r-9.7383001e+03 1.58e+02 3.42e+01   0.6 1.48e+02    -  1.00e+00 1.00e+00f  1
 113r-9.7390629e+03 1.39e+02 1.11e+04  -0.8 2.90e+02    -  2.42e-01 1.23e-01f  1
 114r-9.7391778e+03 1.30e+02 1.22e+04  -0.8 2.00e+01  -1.0 2.17e-02 6.55e-02f  1
 115r-9.7394933e+03 1.09e+02 4.50e+04  -0.8 4.62e+01  -1.5 3.62e-01 1.69e-01f  1
 116r-9.7399217e+03 1.75e+03 2.87e+04  -0.8 1.32e+02  -2.0 9.99e-02 1.72e-01f  1
 117r-9.7400161e+03 1.79e+03 4.13e+04  -0.8 1.99e+02  -1.5 1.51e-02 3.72e-02f  1
 118r-9.7400364e+03 1.74e+03 4.43e+04  -0.8 3.69e+00   0.7 1.98e-02 3.16e-02f  1
 119r-9.7400414e+03 1.71e+03 4.58e+04  -0.8 1.92e+00   1.1 1.26e-01 1.77e-02f  1
iter    objective    inf_pr   inf_du lg(mu)  ||d||  lg(rg) alpha_du alpha_pr  ls
 120r-9.7400549e+03 1.50e+03 3.39e+04  -0.8 6.47e-01   1.6 8.43e-02 1.20e-01f  1
 121r-9.7401152e+03 1.23e+03 3.30e+04  -0.8 7.06e-01   1.1 2.18e-01 1.86e-01f  1
 122r-9.7402101e+03 1.09e+03 5.26e+04  -0.8 2.93e+00   0.6 2.61e-01 1.12e-01f  1
 123r-9.7403542e+03 7.11e+02 3.05e+04  -0.8 7.46e-01   1.0 1.90e-01 3.76e-01f  1
 124r-9.7403555e+03 7.05e+02 3.01e+04  -0.8 4.66e+00   1.4 9.65e-03 8.13e-03f  1
 125r-9.7403838e+03 6.61e+02 2.61e+04  -0.8 2.05e+00   1.0 1.19e-01 6.32e-02f  1
 126r-9.7404194e+03 5.35e+02 2.36e+04  -0.8 4.61e-01   1.4 3.33e-01 1.97e-01f  1
 127r-9.7405247e+03 4.31e+02 1.73e+04  -0.8 1.96e+00   0.9 1.29e-01 1.96e-01f  1
 128r-9.7405272e+03 3.91e+02 2.35e+04  -0.8 2.83e-01   2.2 3.22e-01 9.33e-02f  1
 129r-9.7405582e+03 2.59e+02 1.02e+04  -0.8 2.76e-01   1.8 1.03e-01 3.65e-01f  1
iter    objective    inf_pr   inf_du lg(mu)  ||d||  lg(rg) alpha_du alpha_pr  ls
 130r-9.7405589e+03 2.59e+02 1.05e+04  -0.8 1.71e+01   1.3 2.12e-03 2.75e-03f  1
 131r-9.7405999e+03 1.60e+02 7.14e+03  -0.8 3.06e-01   1.7 3.80e-01 4.15e-01f  1
 132r-9.7406097e+03 1.22e+02 6.20e+03  -0.8 1.17e-01   2.1 2.37e-01 2.52e-01f  1
 133r-9.7406504e+03 8.35e+01 4.30e+03  -0.8 3.24e-01   1.7 3.38e-01 3.44e-01f  1
 134r-9.7406809e+03 7.64e+01 4.66e+03  -0.8 2.41e+00   1.2 7.68e-02 8.68e-02f  1
 135r-9.7407118e+03 6.00e+01 1.93e+04  -0.8 3.86e-01   1.6 6.97e-01 2.29e-01f  1
 136r-9.7407734e+03 5.11e+01 2.61e+04  -0.8 9.51e-01   1.1 3.18e-01 1.55e-01f  1
 137r-9.7408654e+03 2.53e+01 1.04e+04  -0.8 3.55e-01   1.6 4.95e-01 6.02e-01f  1
 138r-9.7408723e+03 7.69e+00 7.58e+02  -0.8 2.13e-02   2.9 1.00e+00 9.52e-01f  1
 139r-9.7408940e+03 5.25e+00 2.13e+02  -0.8 5.24e-02   2.4 1.00e+00 1.00e+00f  1
iter    objective    inf_pr   inf_du lg(mu)  ||d||  lg(rg) alpha_du alpha_pr  ls
 140r-9.7409319e+03 5.21e+00 7.97e+02  -0.8 1.35e-01   1.9 6.66e-01 5.83e-01f  1
 141r-9.7409450e+03 5.19e+00 2.49e+03  -0.8 4.97e-02   2.4 1.00e+00 5.41e-01f  1
 142r-9.7410018e+03 5.11e+00 8.63e+04  -0.8 1.38e-01   1.9 8.39e-02 7.83e-01f  1
 143r-9.7411254e+03 4.95e+00 4.12e+04  -0.8 4.83e-01   1.4 6.02e-01 5.79e-01f  1
 144r-9.7411766e+03 4.88e+00 3.81e+04  -0.8 1.33e+00   0.9 2.15e-01 8.45e-02f  1
 145r-9.7412720e+03 4.68e+00 3.59e+04  -0.8 4.48e+00   0.5 8.63e-02 5.95e-02f  1
 146r-9.7413727e+03 4.49e+00 3.09e+04  -0.8 1.26e+00   0.9 2.60e-01 1.52e-01f  1
 147r-9.7414530e+03 4.34e+00 2.94e+04  -0.8 3.34e+00   0.4 4.54e-02 4.69e-02f  1
 148r-9.7414912e+03 4.28e+00 2.79e+04  -0.8 1.36e+00   0.8 7.68e-02 5.27e-02f  1
 149r-9.7415630e+03 4.20e+00 2.75e+04  -0.8 5.45e-01   1.3 1.00e+00 2.52e-01f  1
iter    objective    inf_pr   inf_du lg(mu)  ||d||  lg(rg) alpha_du alpha_pr  ls
 150r-9.7417809e+03 4.26e+00 1.72e+04  -0.8 1.45e+00   0.8 5.09e-02 2.74e-01f  1
 151r-9.7417877e+03 6.91e+01 2.20e+04  -0.8 5.48e+01   0.3 7.43e-04 3.47e-03f  1
 152r-9.7417996e+03 4.84e+00 3.76e+03  -0.8 3.25e-02   2.5 9.58e-01 7.93e-01f  1
 153r-9.7418067e+03 4.28e+00 3.11e+04  -0.8 8.38e-02   2.1 1.00e+00 1.57e-01f  1
 154r-9.7418104e+03 4.28e+00 6.29e+05  -0.8 5.24e-01   1.6 1.48e-01 2.79e-02f  1
 155r-9.7419495e+03 4.24e+00 6.21e+05  -0.8 7.14e-01   1.1 2.40e-01 3.58e-01f  1
 156r-9.7421654e+03 4.15e+00 5.02e+05  -0.8 1.84e+00   0.6 1.79e-01 2.04e-01f  1
 157r-9.7422518e+03 4.11e+00 5.01e+05  -0.8 4.99e+00   0.2 8.18e-02 3.43e-02f  1
 158r-9.7425244e+03 3.97e+00 4.87e+05  -0.8 1.53e+01  -0.3 7.92e-02 5.85e-02f  1
 159r-9.7427638e+03 3.88e+00 4.43e+05  -0.8 4.70e+00   0.1 1.77e-01 9.25e-02f  1
iter    objective    inf_pr   inf_du lg(mu)  ||d||  lg(rg) alpha_du alpha_pr  ls
 160r-9.7430024e+03 3.69e+00 4.48e+05  -0.8 1.89e+01  -0.4 9.45e-02 5.29e-02f  1
 161r-9.7430715e+03 3.69e+00 3.30e+05  -0.8 4.98e+00   0.1 4.01e-01 2.65e-02f  1
 162r-9.7440913e+03 1.11e+01 3.32e+05  -0.8 1.55e+01  -0.4 1.18e-01 2.31e-01f  1
 163r-9.7443136e+03 1.01e+01 2.97e+05  -0.8 5.58e+00  -0.0 1.04e-01 9.27e-02f  1
 164r-9.7444329e+03 9.74e+00 2.86e+05  -0.8 1.60e+01  -0.5 4.41e-02 3.03e-02f  1
 165r-9.7445662e+03 1.70e+01 1.75e+05  -0.8 7.37e-01   0.9 3.20e-01 2.80e-01f  1
 166r-9.7445750e+03 1.91e+01 2.55e+05  -0.8 2.57e-01   1.3 4.31e-01 4.78e-02f  1
 167r-9.7447412e+03 1.35e+01 2.30e+05  -0.8 8.02e-01   0.8 3.56e-01 3.20e-01f  1
 168r-9.7450462e+03 1.04e+01 1.51e+05  -0.8 2.31e+00   0.3 1.73e-01 2.37e-01f  1
 169r-9.7457743e+03 7.89e+00 1.64e+05  -0.8 6.63e+00  -0.2 2.11e-01 2.88e-01f  1
iter    objective    inf_pr   inf_du lg(mu)  ||d||  lg(rg) alpha_du alpha_pr  ls
 170r-9.7461530e+03 7.28e+00 4.04e+05  -0.8 1.71e+01  -0.6 3.18e-02 1.12e-01f  1
 171r-9.7464030e+03 6.85e+00 2.96e+05  -0.8 4.10e+01  -1.1 6.25e-02 6.27e-02f  1
 172r-9.7464601e+03 6.58e+00 2.91e+05  -0.8 1.82e+01  -0.7 3.47e-02 1.83e-02f  1
 173r-9.7467746e+03 5.35e+00 2.45e+05  -0.8 7.28e+00  -0.3 1.99e-01 1.50e-01f  1
 174r-9.7467816e+03 5.00e+00 1.76e+05  -0.8 4.90e-02   2.0 4.24e-01 2.97e-01f  1
 175r-9.7468513e+03 1.54e+01 5.20e+03  -0.8 1.37e-01   1.5 5.40e-01 1.00e+00f  1
 176r-9.7468654e+03 8.80e+00 5.90e+03  -0.8 5.51e-02   1.9 3.36e-01 5.43e-01f  1
 177r-9.7468946e+03 6.51e+00 1.98e+03  -0.8 1.53e-01   1.4 1.00e+00 3.81e-01f  1
 178r-9.7469668e+03 7.46e+00 1.71e+03  -0.8 4.53e-01   1.0 2.24e-01 3.32e-01f  1
 179r-9.7470785e+03 6.56e+00 3.05e+04  -0.8 1.30e+00   0.5 8.50e-01 1.97e-01f  1
iter    objective    inf_pr   inf_du lg(mu)  ||d||  lg(rg) alpha_du alpha_pr  ls
 180r-9.7477025e+03 6.10e+00 3.84e+04  -0.8 3.65e+00   0.0 1.96e-01 5.15e-01f  1
 181r-9.7477066e+03 5.13e+00 2.29e+04  -0.8 2.24e-02   2.2 4.44e-01 4.42e-01f  1
 182r-9.7477067e+03 4.14e+00 2.06e+05  -0.8 2.55e-01   2.7 7.06e-02 7.66e-03h  1
 183r-9.7477074e+03 6.62e+00 1.84e+05  -0.8 2.12e-01   2.2 6.63e-02 7.19e-02h  1
 184r-9.7477180e+03 3.37e+01 2.42e+04  -0.8 4.81e-01   1.7 2.91e-03 3.38e-01h  1
 185r-9.7477377e+03 6.52e+00 2.30e+05  -0.8 5.81e-01   1.2 1.08e-03 2.18e-01h  1
 186r-9.7477377e+03 6.46e+01 5.19e+04  -0.8 1.32e-01   4.4 2.90e-03 7.08e-02f  1
 187r-9.7477377e+03 5.83e+01 2.20e+05  -0.8 1.98e-02   4.8 1.50e-01 1.13e-01h  1
 188r-9.7477378e+03 2.56e+00 1.91e+05  -0.8 1.91e-02   4.3 4.48e-01 9.86e-01h  1
 189r-9.7477379e+03 4.83e+00 4.50e+05  -0.8 5.88e-03   3.8 1.00e+00 4.21e-01f  1
iter    objective    inf_pr   inf_du lg(mu)  ||d||  lg(rg) alpha_du alpha_pr  ls
 190r-9.7477386e+03 2.56e+00 4.12e+04  -0.8 1.04e-02   3.4 1.00e+00 9.91e-01f  1
 191r-9.7477391e+03 2.56e+00 9.76e+06  -0.8 7.88e-03   2.9 1.00e+00 2.32e-01f  1
 192r-9.7477451e+03 2.56e+00 5.47e+06  -0.8 2.11e-02   2.4 1.00e+00 9.68e-01f  1
 193r-9.7477519e+03 2.56e+00 9.65e+07  -0.8 3.53e-01   1.9 6.87e-02 3.67e-01f  1
 194r-9.7477976e+03 2.50e+00 3.22e+07  -0.8 1.30e-01   1.5 1.00e+00 8.36e-01f  1
 195r-9.7478180e+03 5.17e+00 4.70e+06  -0.8 4.90e-02   1.9 1.00e+00 1.00e+00f  1
 196r-9.7478777e+03 2.44e+00 2.41e+07  -0.8 1.50e-01   1.4 2.97e-01 1.00e+00f  1
 197r-9.7480443e+03 7.08e+00 2.45e+06  -0.8 4.40e-01   0.9 1.00e+00 1.00e+00f  1
 198r-9.7484518e+03 3.68e+01 8.20e+04  -0.8 1.27e+00   0.5 3.22e-01 1.00e+00f  1
 199r-9.7485927e+03 9.99e+00 1.12e+04  -0.8 4.35e-01   0.9 8.68e-01 1.00e+00f  1
iter    objective    inf_pr   inf_du lg(mu)  ||d||  lg(rg) alpha_du alpha_pr  ls
 200r-9.7489280e+03 2.75e+00 8.71e+04  -0.8 1.24e+00   0.4 2.20e-01 1.00e+00f  1
 201r-9.7489436e+03 2.80e+00 1.28e+05  -0.8 5.73e-02   1.7 1.00e+00 1.00e+00f  1
 202r-9.7489443e+03 2.80e+00 3.91e+02  -0.8 2.72e-03   3.1 1.00e+00 1.00e+00h  1
 203r-9.7489465e+03 2.80e+00 4.23e+02  -0.8 8.28e-03   2.6 1.00e+00 1.00e+00f  1
 204r-9.7489529e+03 2.81e+00 3.27e+02  -0.8 2.51e-02   2.1 1.00e+00 1.00e+00f  1
 205r-9.7489721e+03 2.81e+00 4.40e+02  -0.8 7.27e-02   1.6 1.00e+00 1.00e+00f  1
 206r-9.7489792e+03 2.81e+00 3.00e+01  -0.8 2.71e-02   2.1 1.00e+00 1.00e+00f  1
 207r-9.7489888e+03 1.09e+00 1.07e+03  -2.2 6.92e-02   2.5 4.87e-01 4.95e-01f  1
 208r-9.7489873e+03 5.62e-01 7.20e+03  -2.2 8.16e-02   2.0 2.00e-01 3.98e-01f  1
 209r-9.7489892e+03 5.29e-01 3.13e+03  -2.2 2.00e-01   1.5 3.27e-01 2.68e-01f  1
iter    objective    inf_pr   inf_du lg(mu)  ||d||  lg(rg) alpha_du alpha_pr  ls
 210r-9.7489988e+03 5.04e-01 1.34e+03  -2.2 4.79e-01   1.1 2.31e-01 1.70e-01f  1
 211r-9.7490261e+03 7.04e-01 3.01e+03  -2.2 1.41e+00   0.6 2.37e-02 1.29e-01f  1
 212r-9.7490392e+03 7.43e-01 4.88e+03  -2.2 4.49e-01   1.0 4.91e-02 1.47e-01f  1
 213r-9.7490598e+03 9.14e-01 1.31e+03  -2.2 1.24e+00   0.5 2.27e-01 7.43e-02f  1
 214r-9.7490885e+03 1.17e+00 2.03e+03  -2.2 4.70e-01   1.0 1.71e-01 2.46e-01f  1
 215r-9.7491110e+03 1.25e+00 1.70e+03  -2.2 1.34e+00   0.5 8.14e-02 6.27e-02f  1
 216r-9.7491209e+03 1.21e+00 2.41e+03  -2.2 5.24e-01   0.9 2.02e-01 6.93e-02f  1
 217r-9.7491524e+03 1.34e+00 1.45e+03  -2.2 1.37e+00   0.4 3.85e-02 7.58e-02f  1
 218r-9.7491535e+03 1.28e+00 1.22e+04  -2.2 1.05e-01   1.8 5.97e-01 4.99e-02f  1
 219r-9.7491736e+03 1.01e+00 6.21e+03  -2.2 2.33e-01   1.3 9.36e-02 3.18e-01f  1
iter    objective    inf_pr   inf_du lg(mu)  ||d||  lg(rg) alpha_du alpha_pr  ls
 220r-9.7491935e+03 1.02e+00 7.05e+03  -2.2 6.33e-01   0.8 2.81e-01 1.06e-01f  1
 221r-9.7492517e+03 1.16e+00 6.23e+03  -2.2 1.91e+00   0.3 9.85e-02 1.08e-01f  1
 222r-9.7493490e+03 1.16e+00 5.56e+03  -2.2 5.45e+00  -0.2 1.31e-02 6.89e-02f  1
 223r-9.7493681e+03 1.15e+00 5.53e+03  -2.2 8.79e+01  -0.6 4.63e-03 7.40e-03f  1
 224r-9.7493877e+03 1.15e+00 5.70e+03  -2.2 6.22e+00  -0.2 7.17e-02 1.29e-02f  1
 225r-9.7494595e+03 1.43e+00 6.31e+03  -2.2 2.50e+00   0.2 2.70e-01 1.10e-01f  1
 226r-9.7495614e+03 1.48e+00 1.37e+04  -2.2 6.60e+00  -0.3 1.08e-01 6.39e-02f  1
 227r-9.7497172e+03 1.78e+00 1.66e+04  -2.2 2.51e+00   0.2 2.84e-01 2.21e-01f  1
 228r-9.7497176e+03 8.09e-01 3.65e+03  -2.2 2.40e-03   3.3 1.00e+00 5.47e-01f  1
 229r-9.7497183e+03 4.52e-01 2.68e+03  -2.2 6.19e-03   2.8 9.20e-01 4.52e-01f  1
iter    objective    inf_pr   inf_du lg(mu)  ||d||  lg(rg) alpha_du alpha_pr  ls
 230r-9.7497187e+03 1.96e-01 4.83e+03  -2.2 2.39e-03   3.3 1.00e+00 5.75e-01f  1
 231 -9.7502125e+03 1.94e-01 7.20e+03  -6.0 2.55e+03    -  2.62e-03 1.06e-02f  1
 232 -9.7502938e+03 1.93e-01 7.32e+03  -6.0 2.22e+03    -  2.17e-02 2.40e-03f  2
 233 -9.7503660e+03 1.93e-01 7.42e+03  -6.0 2.08e+03    -  3.42e-02 2.08e-03f  1
 234 -9.7503701e+03 1.93e-01 2.15e+04  -6.0 1.97e+03    -  4.03e-02 3.43e-04h  1
 235 -9.7504182e+03 1.92e-01 4.25e+04  -6.0 1.91e+03    -  4.24e-02 3.13e-03f  5
 236 -9.7504525e+03 1.92e-01 6.53e+04  -6.0 1.79e+03    -  4.67e-02 1.98e-03f  5
 237 -9.7504754e+03 1.92e-01 9.10e+04  -6.0 1.74e+03    -  5.21e-02 1.14e-03f  6
 238 -9.7505240e+03 1.91e-01 9.68e+04  -6.0 1.70e+03    -  1.35e-02 2.07e-03f  4
 239 -9.7505475e+03 1.91e-01 1.17e+05  -6.0 1.65e+03    -  4.10e-02 1.02e-03f  4
iter    objective    inf_pr   inf_du lg(mu)  ||d||  lg(rg) alpha_du alpha_pr  ls
 240 -9.7513552e+03 1.94e-01 1.41e+05  -6.0 2.09e+03    -  8.51e-02 3.07e-02f  1
 241 -9.7520911e+03 2.13e-01 1.47e+06  -6.0 2.95e+03    -  8.39e-03 2.78e-02f  1
 242 -9.7532678e+03 3.24e-01 2.32e+06  -6.0 1.48e+03    -  1.05e-01 4.85e-02f  1
 243 -9.7548484e+03 6.71e-01 1.02e+06  -6.0 1.52e+03    -  1.01e-01 8.24e-02f  1
 244 -9.7549858e+03 6.70e-01 1.23e+06  -6.0 1.52e+03    -  9.76e-02 1.03e-02h  1
 245 -9.7549736e+03 6.69e-01 1.30e+06  -6.0 2.89e+03    -  4.78e-03 2.82e-03h  1
 246 -9.7549330e+03 6.67e-01 1.96e+06  -6.0 2.89e+03    -  8.06e-03 7.91e-03h  3
 247 -9.7549017e+03 6.65e-01 2.56e+06  -6.0 2.87e+03    -  6.00e-02 5.93e-03h  3
 248 -9.7548975e+03 6.64e-01 2.89e+06  -6.0 2.85e+03    -  2.85e-02 1.83e-03h  1
 249 -9.7549356e+03 6.62e-01 2.97e+07  -6.0 2.85e+03    -  1.73e-01 7.99e-03h  2
iter    objective    inf_pr   inf_du lg(mu)  ||d||  lg(rg) alpha_du alpha_pr  ls
 250 -9.7556796e+03 6.61e-01 7.19e+08  -6.0 4.72e+04    -  7.89e-03 2.23e-03f  1
 251r-9.7556796e+03 6.61e-01 1.00e+03  -0.3 0.00e+00    -  0.00e+00 1.03e-07R  2
 252r-9.7556792e+03 6.53e-01 1.20e+05  -0.3 2.23e+03    -  2.01e-03 1.24e-05f  1
 253r-9.7556189e+03 2.72e-01 5.21e+04  -0.3 5.56e+02    -  4.03e-05 2.80e-03f  1
 254 -9.7556195e+03 2.72e-01 1.01e+02  -6.0 1.90e+03    -  5.92e-03 5.85e-05h  1
 255 -9.7556199e+03 2.72e-01 2.98e+03  -6.0 2.86e+03    -  3.24e-02 2.54e-04h  1
 256 -9.7555705e+03 2.71e-01 9.99e+04  -6.0 2.86e+03    -  3.45e-02 5.79e-03h  1
 257 -9.7555730e+03 2.71e-01 3.95e+07  -6.0 2.34e+06    -  2.06e-04 1.64e-07f  1
In iteration 257, 1 Slack too small, adjusting variable bound
 258 -9.7590044e+03 6.66e+00 5.91e+10  -6.0 2.43e+06    -  1.90e-04 2.18e-04f  1
In iteration 258, 1 Slack too small, adjusting variable bound
 259 -9.7592485e+03 6.82e+00 6.54e+10  -6.0 1.83e+07    -  1.36e-05 4.62e-06f  1
In iteration 259, 1 Slack too small, adjusting variable bound
iter    objective    inf_pr   inf_du lg(mu)  ||d||  lg(rg) alpha_du alpha_pr  ls
 260 -9.7597871e+03 8.26e+00 1.32e+11  -6.0 2.12e+07    -  4.75e-05 1.19e-05f  1
 261r-9.7597871e+03 8.26e+00 1.00e+03   0.8 0.00e+00    -  0.00e+00 1.15e-08R  2
 262r-9.7597871e+03 8.26e+00 1.95e+04   0.8 6.78e+03    -  2.04e-05 6.95e-08f  1
 263r-9.7597797e+03 7.96e+00 1.27e+06   0.8 6.64e+03    -  1.83e-03 3.72e-05f  1
 264r-9.7596094e+03 4.58e+00 6.10e+06   0.8 2.30e+03    -  7.32e-03 1.67e-03f  1
 265 -9.7596289e+03 4.58e+00 2.87e+02  -6.0 1.73e+02    -  2.70e-06 7.73e-04h  1
 266 -9.7596293e+03 4.58e+00 2.87e+02  -6.0 2.79e+03    -  6.82e-03 7.94e-05h  1
 267r-9.7596293e+03 4.58e+00 9.99e+02   0.4 0.00e+00    -  0.00e+00 3.25e-08R  2
 268r-9.7596293e+03 4.58e+00 1.05e+04   0.4 3.26e+03    -  2.42e-06 6.06e-08f  1
 269r-9.7596286e+03 4.58e+00 7.60e+04   0.4 2.68e+03    -  2.83e-04 8.85e-06f  1
iter    objective    inf_pr   inf_du lg(mu)  ||d||  lg(rg) alpha_du alpha_pr  ls
 270r-9.7595960e+03 4.76e+00 3.53e+04   0.4 2.07e+03    -  1.30e-04 4.76e-04f  1
 271 -9.7596023e+03 4.76e+00 9.90e+05  -6.0 2.73e+03    -  4.04e-02 1.18e-03h  1
 272r-9.7596023e+03 4.76e+00 9.99e+02   0.2 0.00e+00    -  0.00e+00 8.82e-10R  2
 273r-9.7596023e+03 4.76e+00 1.28e+05   0.2 9.48e+03    -  6.18e-04 1.57e-07f  1
 274r-9.7595739e+03 4.85e+00 7.66e+06   0.2 1.04e+03    -  1.22e-02 6.48e-04f  1
 275 -9.7595782e+03 4.84e+00 6.27e+04  -6.0 2.76e+03    -  3.54e-03 8.17e-04h  1
 276 -9.7595780e+03 4.84e+00 1.63e+04  -6.0 2.76e+03    -  8.19e-04 2.49e-05h  1
 277 -9.7595768e+03 4.84e+00 1.82e+06  -6.0 2.76e+03    -  4.48e-02 1.63e-04h  1
In iteration 277, 1 Slack too small, adjusting variable bound
 278 -9.7595771e+03 4.84e+00 1.83e+09  -6.0 1.67e+08    -  3.01e-06 3.01e-09f  1
 279 -9.7595830e+03 4.84e+00 1.99e+10  -6.0 1.75e+08    -  2.19e-06 4.96e-07f  3
iter    objective    inf_pr   inf_du lg(mu)  ||d||  lg(rg) alpha_du alpha_pr  ls
 280r-9.7595830e+03 4.84e+00 1.00e+03   0.1 0.00e+00    -  0.00e+00 2.78e-07R  2
 281r-9.7595830e+03 4.84e+00 1.67e+06   0.1 1.14e+03    -  1.44e-02 2.92e-07f  2
 282r-9.7591983e+03 5.45e+00 3.26e+06   0.1 2.47e+02    -  2.52e-02 1.46e-02f  1
 283 -9.7592089e+03 5.45e+00 1.11e+05  -6.0 2.16e+02    -  5.04e-03 4.41e-04h  1
 284 -9.7592129e+03 5.44e+00 1.90e+05  -6.0 2.79e+03    -  4.45e-04 7.33e-04h  1
 285r-9.7592129e+03 5.44e+00 9.99e+02  -1.2 0.00e+00    -  0.00e+00 5.21e-09R  2
 286r-9.7592129e+03 5.44e+00 1.43e+03  -1.2 2.74e+02    -  2.45e-04 8.68e-08f  1
 287r-9.7592153e+03 5.42e+00 1.79e+05  -1.2 2.49e+02    -  3.06e-02 1.25e-03f  1
 288 -9.7592202e+03 5.42e+00 8.94e+02  -6.0 2.68e+03    -  4.38e-02 7.93e-04h  1
 289r-9.7592202e+03 5.42e+00 9.99e+02  -1.3 0.00e+00    -  0.00e+00 4.17e-10R  2
iter    objective    inf_pr   inf_du lg(mu)  ||d||  lg(rg) alpha_du alpha_pr  ls
 290r-9.7592203e+03 5.42e+00 1.33e+05  -1.3 4.82e+02    -  2.32e-02 5.23e-06f  1
 291r-9.7593781e+03 4.10e+00 3.08e+06  -1.3 1.15e+02    -  2.13e-01 2.69e-02f  1
 292r-9.7598577e+03 9.83e+00 3.14e+06  -1.3 1.04e+02    -  1.11e-01 7.18e-02f  1
 293r-9.7601146e+03 7.64e+00 3.11e+06  -1.3 1.13e+02    -  4.88e-02 3.64e-02f  1
 294r-9.7609808e+03 7.04e+00 2.57e+06  -1.3 1.16e+02    -  6.67e-02 1.19e-01f  1
 295r-9.7608174e+03 6.68e+00 5.72e+06  -1.3 1.18e+00   0.0 7.96e-01 9.70e-02f  1
 296r-9.7617994e+03 6.37e+00 5.34e+06  -1.3 3.23e+02    -  2.19e-02 5.62e-02f  1
 297r-9.7620173e+03 6.26e+00 6.41e+06  -1.3 2.82e+02    -  3.89e-01 2.76e-02f  1
 298r-9.7617306e+03 5.96e+00 6.53e+06  -1.3 1.41e+02    -  8.84e-01 8.62e-02f  1
 299r-9.7575022e+03 2.04e+00 3.47e+06  -1.3 1.00e+02    -  5.69e-01 7.35e-01f  1
iter    objective    inf_pr   inf_du lg(mu)  ||d||  lg(rg) alpha_du alpha_pr  ls
 300r-9.7577318e+03 2.74e+00 1.82e+06  -1.3 1.13e+02    -  9.95e-01 3.15e-01f  1
 301r-9.7581724e+03 4.05e+00 2.36e+06  -1.3 5.65e+01    -  1.00e+00 1.00e+00f  1
 302r-9.7582938e+03 3.83e-01 7.42e+04  -1.3 7.74e+00    -  1.00e+00 1.00e+00h  1
 303 -9.7583450e+03 3.82e-01 6.02e+02  -6.0 3.92e+02    -  2.00e-03 1.86e-03f  1
 304 -9.7600817e+03 7.54e-01 7.91e+05  -6.0 1.54e+03    -  1.24e-01 1.16e-01f  1
 305 -9.7600817e+03 7.54e-01 7.91e+05  -6.0 1.51e+03    -  2.43e-01 2.92e-08h  3
 306 -9.7600813e+03 7.54e-01 7.90e+05  -6.0 1.27e+05    -  2.52e-07 2.52e-07s  2
 307 -9.7600806e+03 7.54e-01 7.85e+05  -6.0 3.30e+05    -  2.00e-07 2.00e-07s  2
 308 -9.7600792e+03 7.54e-01 7.66e+05  -6.0 7.78e+05    -  1.69e-07 1.69e-07s  2
 309 -9.7600764e+03 7.54e-01 6.89e+05  -6.0 2.44e+06    -  1.08e-07 1.08e-07s  2
iter    objective    inf_pr   inf_du lg(mu)  ||d||  lg(rg) alpha_du alpha_pr  ls
 310 -9.7600708e+03 7.54e-01 3.81e+05  -6.0 6.66e+06    -  7.92e-08 7.92e-08s  2
 311r-9.7600708e+03 7.54e-01 1.00e+03  -0.2 0.00e+00    -  0.00e+00 0.00e+00R  1
 312r-9.7600705e+03 7.45e-01 1.04e+06  -0.2 7.54e+02    -  1.68e-02 1.18e-05f  1
 313r-9.7597050e+03 1.14e+00 1.11e+07  -0.2 2.64e+02    -  1.26e-01 1.78e-02f  1
 314 -9.7597894e+03 1.14e+00 5.92e+00  -6.0 6.11e+01    -  3.57e-03 2.86e-03f  1
 315r-9.7597894e+03 1.14e+00 9.99e+02  -1.0 0.00e+00    -  0.00e+00 2.79e-09R  2
 316r-9.7597894e+03 1.14e+00 3.23e+05  -1.0 1.07e+02    -  3.59e-02 5.40e-06f  1
 317r-9.7596034e+03 1.15e+00 4.12e+06  -1.0 4.75e+01    -  2.51e-01 3.69e-02f  1
 318 -9.7597677e+03 1.15e+00 4.91e+02  -6.0 6.19e+01    -  1.06e-01 5.54e-03f  1
 319r-9.7597677e+03 1.15e+00 9.99e+02  -2.1 0.00e+00    -  0.00e+00 3.05e-09R  2
iter    objective    inf_pr   inf_du lg(mu)  ||d||  lg(rg) alpha_du alpha_pr  ls
 320r-9.7597677e+03 1.15e+00 5.35e+05  -2.1 4.84e+02    -  1.49e-02 1.46e-05f  1
 321r-9.7597639e+03 1.06e+00 1.21e+06  -2.1 7.03e+01    -  1.71e-01 1.24e-02f  1
 322 -9.7599151e+03 1.05e+00 2.71e+03  -6.0 6.14e+01    -  1.25e-04 5.12e-03f  1
 323r-9.7599151e+03 1.05e+00 9.99e+02  -2.3 0.00e+00    -  0.00e+00 2.98e-08R  2
 324r-9.7599151e+03 1.05e+00 9.99e+02  -2.3 1.62e+02    -  1.73e-04 1.16e-04f  1
 325 -9.7599241e+03 1.05e+00 1.91e+04  -6.0 6.11e+01    -  8.34e-03 3.07e-04f  1
 326 -9.7599241e+03 1.05e+00 7.19e+03  -6.0 1.51e+03    -  3.87e-04 1.67e-06h  1
 327 -9.7599267e+03 1.05e+00 5.45e+06  -6.0 1.51e+03    -  1.41e-01 3.56e-04f  1
 328r-9.7599267e+03 1.05e+00 1.00e+03  -2.3 0.00e+00    -  0.00e+00 4.11e-07R 10
 329r-9.7599267e+03 1.04e+00 1.00e+03  -2.3 1.19e+02    -  3.20e-04 2.99e-04f  1
iter    objective    inf_pr   inf_du lg(mu)  ||d||  lg(rg) alpha_du alpha_pr  ls
 330 -9.7599267e+03 1.04e+00 1.95e+04  -6.0 6.10e+01    -  8.85e-03 7.17e-07h  1
 331r-9.7599267e+03 1.04e+00 1.00e+03  -2.5 0.00e+00    -  0.00e+00 2.71e-07R  3
 332r-9.7599267e+03 1.04e+00 1.00e+03  -2.5 1.69e+02    -  9.09e-05 6.36e-05f  1
 333r-9.7599267e+03 1.04e+00 1.00e+03  -2.5 1.68e+02    -  2.78e-04 1.80e-04f  1
 334 -9.7599267e+03 1.04e+00 3.16e+05  -6.0 6.09e+01    -  8.82e-03 2.04e-07h  2
 335r-9.7599267e+03 1.04e+00 1.00e+03  -2.6 0.00e+00    -  0.00e+00 4.87e-07R  3
 336r-9.7599267e+03 1.04e+00 2.15e+03  -2.6 2.09e+02    -  1.09e-02 4.23e-05f  1
 337r-9.7599272e+03 9.00e-01 7.91e+03  -2.6 1.87e+02    -  3.53e-02 8.32e-03f  1
 338r-9.7599276e+03 6.23e-01 7.83e+03  -2.6 1.29e+02    -  2.93e-02 2.95e-02f  1
 339r-9.7599264e+03 3.30e-01 9.56e+03  -2.6 9.36e+01    -  6.67e-02 5.87e-02f  1
iter    objective    inf_pr   inf_du lg(mu)  ||d||  lg(rg) alpha_du alpha_pr  ls
 340r-9.7599226e+03 2.10e-01 1.76e+04  -2.6 8.34e+01    -  1.08e-01 6.98e-02f  1
 341r-9.7599167e+03 1.54e-01 6.10e+04  -2.6 7.12e+01    -  2.80e-01 7.95e-02f  1
 342r-9.7599055e+03 1.41e-01 7.96e+04  -2.6 5.30e+01    -  2.31e-01 1.02e-01f  1
 343r-9.7598929e+03 1.48e-01 1.10e+05  -2.6 4.25e+01    -  2.88e-01 8.50e-02f  1
 344r-9.7598626e+03 1.62e-01 1.02e+05  -2.6 3.00e+01    -  1.96e-01 1.37e-01f  1
 345r-9.7598448e+03 1.59e-01 1.28e+05  -2.6 2.95e+01    -  2.80e-01 6.38e-02f  1
 346r-9.7598055e+03 1.58e-01 1.38e+05  -2.6 2.68e+01    -  2.76e-01 9.94e-02f  1
 347r-9.7597300e+03 1.68e-01 1.47e+05  -2.6 2.83e+01    -  4.16e-01 1.44e-01f  1
 348r-9.7596040e+03 2.17e-01 1.38e+05  -2.6 3.01e+01    -  3.71e-01 1.68e-01f  1
 349r-9.7593806e+03 2.65e-01 1.16e+05  -2.6 2.69e+01    -  4.78e-01 2.53e-01f  1
iter    objective    inf_pr   inf_du lg(mu)  ||d||  lg(rg) alpha_du alpha_pr  ls
 350r-9.7592188e+03 2.37e-01 1.27e+05  -2.6 2.79e+01    -  8.25e-01 1.67e-01f  1
 351r-9.7593264e+03 2.19e-01 1.04e+05  -2.6 1.84e+02    -  6.96e-01 2.13e-01f  1
 352r-9.7591391e+03 1.89e-01 8.78e+04  -2.6 2.55e+01    -  7.25e-01 2.08e-01f  1
 353r-9.7588111e+03 1.52e-01 4.59e+04  -2.6 2.03e+01    -  1.00e+00 4.81e-01f  1
 354r-9.7584645e+03 8.41e-02 5.82e+01  -2.6 8.57e+00    -  1.00e+00 1.00e+00f  1
 355r-9.7584713e+03 8.49e-04 7.35e-01  -2.6 3.48e-01    -  1.00e+00 1.00e+00h  1
 356 -9.7585352e+03 8.38e-04 3.17e+00  -6.0 1.45e+02    -  3.26e-03 1.97e-03f  1
 357 -9.7585357e+03 8.38e-04 9.84e+04  -6.0 1.52e+03    -  3.47e-01 2.42e-05f  1
 358 -9.7592187e+03 5.93e-02 5.90e+05  -6.0 1.52e+03    -  3.67e-01 3.28e-02f  1
 359 -9.7592157e+03 5.93e-02 5.90e+05  -6.0 6.95e+06    -  3.70e-08 3.70e-08s  2
iter    objective    inf_pr   inf_du lg(mu)  ||d||  lg(rg) alpha_du alpha_pr  ls
 360r-9.7592157e+03 5.93e-02 1.00e+03  -1.3 0.00e+00    -  0.00e+00 0.00e+00R  1
 361r-9.7592140e+03 1.53e-02 8.04e+04  -1.3 1.24e+02    -  1.71e-02 7.41e-04f  1
 362 -9.7592145e+03 1.53e-02 7.70e+03  -6.0 1.39e+02    -  4.14e-03 1.30e-05f  1
 363r-9.7592145e+03 1.53e-02 9.99e+02  -1.9 0.00e+00    -  0.00e+00 1.03e-11R  2
 364r-9.7592144e+03 1.39e-02 1.44e+04  -1.9 3.08e+01    -  1.15e-02 9.13e-05f  1
 365r-9.7592072e+03 3.25e-03 3.21e+04  -1.9 2.39e+01    -  2.62e-02 1.25e-02f  1
 366 -9.7592117e+03 3.25e-03 4.77e+01  -6.0 1.36e+02    -  6.80e-03 1.42e-04f  1
 367r-9.7592117e+03 3.25e-03 9.99e+02  -3.3 0.00e+00    -  0.00e+00 4.86e-10R  2
 368r-9.7592117e+03 3.25e-03 1.08e+04  -3.3 2.77e+01    -  2.15e-01 1.00e-03f  1
 369 -9.7592118e+03 3.25e-03 1.90e+03  -6.0 1.36e+02    -  7.03e-03 3.71e-06h  1
iter    objective    inf_pr   inf_du lg(mu)  ||d||  lg(rg) alpha_du alpha_pr  ls
 370r-9.7592118e+03 3.25e-03 1.00e+03  -3.8 0.00e+00    -  0.00e+00 1.75e-08R  2
 371r-9.7592118e+03 3.23e-03 9.98e+02  -3.8 5.39e+01    -  6.42e-02 1.09e-03f  1
 372r-9.7592120e+03 2.85e-03 1.04e+03  -3.8 4.44e+01    -  4.51e-02 3.56e-02f  1
 373r-9.7592118e+03 6.70e-03 1.78e+03  -3.8 3.43e+01    -  1.55e-01 9.11e-02f  1
 374r-9.7592096e+03 6.82e-03 5.47e+03  -3.8 2.05e+01    -  2.64e-01 7.75e-02f  1
 375r-9.7592015e+03 6.63e-03 9.88e+03  -3.8 2.46e+01    -  4.53e-01 1.49e-01f  1
 376r-9.7591885e+03 8.41e-03 1.26e+04  -3.8 3.13e+01    -  4.97e-01 1.21e-01f  1
 377r-9.7591674e+03 9.71e-03 1.34e+04  -3.8 3.47e+01    -  4.68e-01 1.01e-01f  1
 378r-9.7591066e+03 2.05e-02 1.15e+04  -3.8 3.88e+01    -  2.60e-01 1.63e-01f  1
 379r-9.7590496e+03 2.71e-02 1.09e+04  -3.8 3.82e+01    -  4.04e-01 1.17e-01f  1
iter    objective    inf_pr   inf_du lg(mu)  ||d||  lg(rg) alpha_du alpha_pr  ls
 380r-9.7590067e+03 2.84e-02 1.04e+04  -3.8 7.76e+01    -  1.53e-01 5.67e-02f  1
 381r-9.7589043e+03 3.87e-02 9.01e+03  -3.8 2.75e+01    -  7.77e-02 1.27e-01f  1
 382r-9.7588397e+03 3.99e-02 8.61e+03  -3.8 2.36e+01    -  3.34e-01 7.96e-02f  1
 383r-9.7586855e+03 4.90e-02 8.17e+03  -3.8 2.32e+01    -  5.44e-01 1.44e-01f  1
 384r-9.7580368e+03 1.25e-01 6.67e+03  -3.8 3.77e+01    -  2.44e-01 3.73e-01f  1
 385r-9.7578283e+03 1.15e-01 7.41e+03  -3.8 3.74e+01    -  3.24e-01 1.23e-01f  1
 386r-9.7576344e+03 1.09e-01 7.75e+03  -3.8 4.27e+01    -  2.45e-01 1.07e-01f  1
 387r-9.7575559e+03 9.62e-02 9.31e+03  -3.8 3.98e+00  -4.0 5.39e-01 1.81e-01f  1
 388r-9.7570504e+03 6.71e-02 9.15e+03  -3.8 5.38e+01    -  8.55e-01 2.17e-01f  1
 389r-9.7560441e+03 7.19e-02 5.60e+03  -3.8 5.19e+01    -  9.99e-01 4.42e-01f  1
iter    objective    inf_pr   inf_du lg(mu)  ||d||  lg(rg) alpha_du alpha_pr  ls
 390r-9.7552933e+03 3.20e-02 2.97e+03  -3.8 3.02e+01    -  7.03e-01 5.31e-01f  1
 391r-9.7546236e+03 7.00e-03 3.36e+00  -3.8 1.45e+01    -  1.00e+00 1.00e+00f  1
 392r-9.7546171e+03 4.39e-05 6.31e-01  -3.8 6.23e-01    -  1.00e+00 1.00e+00h  1
 393 -9.7546826e+03 4.30e-05 3.08e+01  -6.0 1.27e+02    -  1.57e-01 2.03e-03f  1
 394 -9.7546826e+03 4.30e-05 5.75e+05  -6.0 1.49e+03    -  2.70e-01 6.87e-08h  2
 395 -9.7548079e+03 2.76e-03 2.05e+07  -6.0 1.51e+03    -  2.96e-01 7.07e-03f  1
 396r-9.7548079e+03 2.76e-03 1.00e+03  -2.6 0.00e+00    -  0.00e+00 2.74e-07R  6
 397r-9.7548078e+03 1.43e-04 3.61e+04  -2.6 2.60e+01    -  8.35e-02 1.00e-03f  1
 398 -9.7548079e+03 1.43e-04 3.25e+03  -6.0 1.26e+02    -  7.08e-03 2.18e-06f  1
 399r-9.7548079e+03 1.43e-04 1.00e+03  -4.3 0.00e+00    -  0.00e+00 1.08e-09R  2
iter    objective    inf_pr   inf_du lg(mu)  ||d||  lg(rg) alpha_du alpha_pr  ls
 400r-9.7548079e+03 1.43e-04 8.93e+03  -4.3 1.02e+01    -  8.32e-01 1.00e-03f  1
 401 -9.7548079e+03 1.43e-04 1.34e+05  -6.0 1.26e+02    -  7.08e-03 2.64e-08h  2
 402r-9.7548079e+03 1.43e-04 1.00e+03  -4.5 0.00e+00    -  0.00e+00 2.94e-08R  2
 403r-9.7548078e+03 1.43e-04 3.80e+03  -4.5 1.05e+01    -  5.84e-01 2.51e-03f  1
 404 -9.7548078e+03 1.43e-04 5.22e+03  -6.0 1.26e+02    -  4.21e-03 5.46e-08h  2
 405r-9.7548078e+03 1.43e-04 1.00e+03  -4.5 0.00e+00    -  0.00e+00 2.80e-08R  2
 406r-9.7548075e+03 1.41e-04 3.64e+03  -4.5 1.36e+01    -  5.55e-01 1.00e-02f  1
 407 -9.7548075e+03 1.41e-04 9.11e+01  -6.0 1.27e+02    -  4.19e-03 3.86e-07f  1
 408r-9.7548075e+03 1.41e-04 9.99e+02  -4.5 0.00e+00    -  0.00e+00 7.37e-12R  2
 409r-9.7548063e+03 1.37e-04 2.79e+03  -4.5 1.75e+01    -  4.38e-01 2.49e-02f  1
iter    objective    inf_pr   inf_du lg(mu)  ||d||  lg(rg) alpha_du alpha_pr  ls
 410 -9.7548067e+03 1.37e-04 5.75e+02  -6.0 1.27e+02    -  7.02e-03 1.22e-05f  1
 411r-9.7548067e+03 1.37e-04 9.99e+02  -4.5 0.00e+00    -  0.00e+00 5.04e-10R  2
 412r-9.7548066e+03 1.37e-04 3.94e+03  -4.5 1.04e+01    -  5.93e-01 4.60e-03f  1
 413 -9.7548066e+03 1.37e-04 2.66e+04  -6.0 1.27e+02    -  7.04e-03 1.33e-07h  2
 414r-9.7548066e+03 1.37e-04 1.00e+03  -4.5 0.00e+00    -  0.00e+00 7.82e-08R  2
 415r-9.7548061e+03 1.34e-04 3.70e+03  -4.5 1.03e+01    -  5.83e-01 1.88e-02f  1
 416 -9.7548061e+03 1.34e-04 1.53e+02  -6.0 1.28e+02    -  4.22e-03 7.57e-07f  1
 417r-9.7548061e+03 1.34e-04 9.99e+02  -4.5 0.00e+00    -  0.00e+00 1.18e-10R  2
 418r-9.7548054e+03 1.31e-04 3.34e+03  -4.5 1.24e+01    -  4.85e-01 2.09e-02f  1
 419 -9.7548055e+03 1.31e-04 1.55e+03  -6.0 1.28e+02    -  7.04e-03 4.54e-06f  1
iter    objective    inf_pr   inf_du lg(mu)  ||d||  lg(rg) alpha_du alpha_pr  ls
 420r-9.7548055e+03 1.31e-04 1.00e+03  -4.5 0.00e+00    -  0.00e+00 4.13e-09R  2
 421r-9.7548055e+03 1.30e-04 9.97e+02  -4.5 8.42e+00    -  6.60e-03 2.30e-03f  1
 422 -9.7548055e+03 1.30e-04 5.04e+05  -6.0 1.28e+02    -  7.04e-03 3.83e-08h  2
 423r-9.7548055e+03 1.30e-04 1.00e+03  -4.5 0.00e+00    -  0.00e+00 5.40e-08R  2
 424r-9.7548054e+03 1.30e-04 1.29e+03  -4.5 1.11e+01    -  7.91e-02 4.08e-03f  1
 425 -9.7548054e+03 1.30e-04 4.67e+05  -6.0 1.29e+02    -  7.04e-03 8.72e-08h  2
 426r-9.7548054e+03 1.30e-04 1.00e+03  -4.5 0.00e+00    -  0.00e+00 7.41e-08R  2
 427r-9.7548053e+03 1.29e-04 9.97e+02  -4.5 9.21e+00    -  4.75e-03 2.03e-03f  1
 428 -9.7548053e+03 1.29e-04 1.50e+06  -6.0 1.29e+02    -  7.04e-03 7.75e-08h  2
 429r-9.7548053e+03 1.29e-04 1.00e+03  -4.5 0.00e+00    -  0.00e+00 7.06e-08R  2
iter    objective    inf_pr   inf_du lg(mu)  ||d||  lg(rg) alpha_du alpha_pr  ls
 430r-9.7548052e+03 1.29e-04 9.94e+02  -4.5 1.05e+01    -  6.54e-03 4.63e-03f  1
 431 -9.7548052e+03 1.29e-04 1.00e+06  -6.0 1.29e+02    -  7.04e-03 1.16e-07h  2
 432r-9.7548052e+03 1.29e-04 1.00e+03  -4.5 0.00e+00    -  0.00e+00 8.78e-08R  2
 433r-9.7548051e+03 1.28e-04 1.05e+03  -4.5 9.56e+00    -  9.12e-04 2.59e-03f  1
 434 -9.7548051e+03 1.28e-04 7.25e+05  -6.0 1.29e+02    -  7.04e-03 1.01e-07h  2
 435r-9.7548051e+03 1.28e-04 1.00e+03  -4.5 0.00e+00    -  0.00e+00 8.23e-08R  2
 436r-9.7548050e+03 1.28e-04 9.97e+02  -4.5 1.09e+01    -  2.81e-03 3.10e-03f  1
 437 -9.7548050e+03 1.28e-04 1.31e+05  -6.0 1.29e+02    -  7.04e-03 1.02e-07h  2
 438r-9.7548050e+03 1.28e-04 1.00e+03  -4.5 0.00e+00    -  0.00e+00 8.36e-08R  2
 439r-9.7548050e+03 1.28e-04 1.04e+03  -4.5 9.35e+00    -  9.58e-04 2.18e-03f  1
iter    objective    inf_pr   inf_du lg(mu)  ||d||  lg(rg) alpha_du alpha_pr  ls
 440 -9.7548050e+03 1.28e-04 8.73e+05  -6.0 1.29e+02    -  7.04e-03 8.76e-08h  2
 441r-9.7548050e+03 1.28e-04 1.00e+03  -4.5 0.00e+00    -  0.00e+00 7.81e-08R  2
 442r-9.7548049e+03 1.27e-04 1.02e+03  -4.5 1.05e+01    -  2.47e-03 4.20e-03f  1
 443 -9.7548049e+03 1.27e-04 1.53e+05  -6.0 1.29e+02    -  7.04e-03 1.14e-07h  2
 444r-9.7548049e+03 1.27e-04 1.00e+03  -4.5 0.00e+00    -  0.00e+00 9.00e-08R  2
 445r-9.7548048e+03 1.27e-04 9.98e+02  -4.5 9.46e+00    -  2.21e-03 1.13e-03f  1
 446 -9.7548048e+03 1.27e-04 1.25e+06  -6.0 1.29e+02    -  7.04e-03 7.60e-08h  2
 447r-9.7548048e+03 1.27e-04 1.00e+03  -4.5 0.00e+00    -  0.00e+00 7.48e-08R  2
 448r-9.7548047e+03 1.26e-04 9.96e+02  -4.5 9.96e+00    -  4.10e-03 3.86e-03f  1
 449 -9.7548047e+03 1.26e-04 9.77e+05  -6.0 1.29e+02    -  7.04e-03 1.03e-07h  2
iter    objective    inf_pr   inf_du lg(mu)  ||d||  lg(rg) alpha_du alpha_pr  ls
 450r-9.7548047e+03 1.26e-04 1.00e+03  -4.5 0.00e+00    -  0.00e+00 8.64e-08R  2
 451r-9.7548047e+03 1.26e-04 1.02e+03  -4.5 1.09e+01    -  2.12e-03 2.88e-03f  1
 452 -9.7548047e+03 1.26e-04 1.85e+05  -6.0 1.29e+02    -  7.04e-03 9.95e-08h  2
 453r-9.7548047e+03 1.26e-04 1.00e+03  -4.5 0.00e+00    -  0.00e+00 8.59e-08R  2
 454r-9.7548046e+03 1.26e-04 1.02e+03  -4.5 9.13e+00    -  1.05e-03 2.08e-03f  1
 455 -9.7548046e+03 1.26e-04 6.37e+05  -6.0 1.29e+02    -  7.04e-03 8.46e-08h  2
 456r-9.7548046e+03 1.26e-04 1.00e+03  -4.5 0.00e+00    -  0.00e+00 8.05e-08R  2
 457r-9.7548045e+03 1.25e-04 9.97e+02  -4.5 1.08e+01    -  3.68e-03 3.72e-03f  1
 458 -9.7548045e+03 1.25e-04 1.14e+06  -6.0 1.29e+02    -  7.04e-03 1.05e-07h  2
 459r-9.7548045e+03 1.25e-04 1.00e+03  -4.5 0.00e+00    -  0.00e+00 8.94e-08R  2
iter    objective    inf_pr   inf_du lg(mu)  ||d||  lg(rg) alpha_du alpha_pr  ls
 460r-9.7548045e+03 1.25e-04 9.98e+02  -4.5 9.10e+00    -  2.10e-03 2.10e-03f  1
 461 -9.7548045e+03 1.25e-04 7.61e+05  -6.0 1.29e+02    -  7.04e-03 8.75e-08h  2
 462r-9.7548045e+03 1.25e-04 1.00e+03  -4.5 0.00e+00    -  0.00e+00 8.31e-08R  2
 463r-9.7548044e+03 1.24e-04 9.96e+02  -4.5 1.09e+01    -  4.71e-03 3.45e-03f  1
 464 -9.7548044e+03 1.24e-04 2.17e+05  -6.0 1.29e+02    -  7.04e-03 1.02e-07h  2
 465r-9.7548044e+03 1.24e-04 1.00e+03  -4.5 0.00e+00    -  0.00e+00 8.96e-08R  2
 466r-9.7548043e+03 1.24e-04 1.02e+03  -4.5 9.14e+00    -  7.57e-04 1.64e-03f  1
 467 -9.7548043e+03 1.24e-04 1.16e+06  -6.0 1.29e+02    -  7.04e-03 7.82e-08h  2
 468r-9.7548043e+03 1.24e-04 1.00e+03  -4.5 0.00e+00    -  0.00e+00 8.08e-08R  2
 469r-9.7548043e+03 1.24e-04 1.00e+03  -4.5 1.03e+01    -  1.14e-02 2.64e-03f  1
iter    objective    inf_pr   inf_du lg(mu)  ||d||  lg(rg) alpha_du alpha_pr  ls
 470 -9.7548043e+03 1.24e-04 1.45e+06  -6.0 1.29e+02    -  7.04e-03 8.34e-08h  2
 471r-9.7548043e+03 1.24e-04 1.00e+03  -4.5 0.00e+00    -  0.00e+00 8.34e-08R  2
 472r-9.7548042e+03 1.23e-04 1.00e+03  -4.5 9.64e+00    -  1.92e-03 2.24e-03f  1
 473 -9.7548042e+03 1.23e-04 8.04e+05  -6.0 1.30e+02    -  7.04e-03 7.92e-08h  2
 474r-9.7548042e+03 1.23e-04 1.00e+03  -4.5 0.00e+00    -  0.00e+00 8.24e-08R  2
 475r-9.7548041e+03 1.23e-04 1.02e+03  -4.5 1.07e+01    -  1.87e-03 3.29e-03f  1
 476 -9.7548041e+03 1.23e-04 1.88e+05  -6.0 1.30e+02    -  7.04e-03 9.48e-08h  2
 477r-9.7548041e+03 1.23e-04 1.00e+03  -4.5 0.00e+00    -  0.00e+00 8.92e-08R  2
 478r-9.7548041e+03 1.23e-04 1.30e+03  -4.5 9.54e+00    -  6.17e-02 1.93e-03f  1
 479 -9.7548041e+03 1.23e-04 5.74e+05  -6.0 1.30e+02    -  7.04e-03 7.98e-08h  2
iter    objective    inf_pr   inf_du lg(mu)  ||d||  lg(rg) alpha_du alpha_pr  ls
 480r-9.7548041e+03 1.23e-04 1.00e+03  -4.5 0.00e+00    -  0.00e+00 8.39e-08R  2
 481r-9.7548040e+03 1.22e-04 9.97e+02  -4.5 1.04e+01    -  1.44e-02 1.93e-03f  1
 482 -9.7548040e+03 1.22e-04 1.12e+06  -6.0 1.30e+02    -  7.04e-03 7.23e-08h  2
 483r-9.7548040e+03 1.22e-04 1.00e+03  -4.5 0.00e+00    -  0.00e+00 8.15e-08R  2
 484r-9.7548039e+03 1.22e-04 9.98e+02  -4.5 9.82e+00    -  2.38e-03 2.43e-03f  1
 485 -9.7548039e+03 1.22e-04 9.17e+05  -6.0 1.30e+02    -  7.04e-03 7.70e-08h  2
 486r-9.7548039e+03 1.22e-04 1.00e+03  -4.5 0.00e+00    -  0.00e+00 8.38e-08R  2
 487r-9.7548039e+03 1.22e-04 9.96e+02  -4.5 1.05e+01    -  3.15e-02 3.40e-03f  1
 488 -9.7548039e+03 1.22e-04 6.34e+05  -6.0 1.30e+02    -  7.04e-03 9.56e-08h  2
 489r-9.7548039e+03 1.22e-04 1.00e+03  -4.5 0.00e+00    -  0.00e+00 9.17e-08R  2
iter    objective    inf_pr   inf_du lg(mu)  ||d||  lg(rg) alpha_du alpha_pr  ls
 490r-9.7548038e+03 1.21e-04 9.97e+02  -4.5 9.07e+00    -  2.28e-02 1.79e-03f  1
 491 -9.7548038e+03 1.21e-04 7.16e+05  -6.0 1.30e+02    -  7.04e-03 7.80e-08h  2
 492r-9.7548038e+03 1.21e-04 1.00e+03  -4.5 0.00e+00    -  0.00e+00 8.54e-08R  2
 493r-9.7548037e+03 1.21e-04 9.97e+02  -4.5 1.05e+01    -  6.68e-03 2.47e-03f  1
 494 -9.7548037e+03 1.21e-04 9.38e+05  -6.0 1.30e+02    -  7.04e-03 8.04e-08h  2
 495r-9.7548037e+03 1.21e-04 1.00e+03  -4.5 0.00e+00    -  0.00e+00 8.69e-08R  2
 496r-9.7548037e+03 1.21e-04 9.97e+02  -4.5 9.40e+00    -  3.10e-02 2.01e-03f  1
 497 -9.7548037e+03 1.21e-04 8.68e+05  -6.0 1.30e+02    -  7.04e-03 7.39e-08h  2
 498r-9.7548037e+03 1.21e-04 1.00e+03  -4.5 0.00e+00    -  0.00e+00 8.50e-08R  2
 499r-9.7548036e+03 1.21e-04 9.97e+02  -4.5 1.02e+01    -  4.71e-02 2.33e-03f  1
iter    objective    inf_pr   inf_du lg(mu)  ||d||  lg(rg) alpha_du alpha_pr  ls
 500 -9.7548036e+03 1.21e-04 1.18e+06  -6.0 1.30e+02    -  7.04e-03 7.61e-08h  2
 501r-9.7548036e+03 1.21e-04 1.00e+03  -4.5 0.00e+00    -  0.00e+00 8.63e-08R  2
 502r-9.7548036e+03 1.20e-04 9.97e+02  -4.5 9.84e+00    -  4.86e-02 2.04e-03f  1
 503 -9.7548036e+03 1.20e-04 1.08e+06  -6.0 1.30e+02    -  7.04e-03 7.23e-08h  2
 504r-9.7548036e+03 1.20e-04 1.00e+03  -4.5 0.00e+00    -  0.00e+00 8.54e-08R  2
 505r-9.7548035e+03 1.20e-04 9.97e+02  -4.5 1.02e+01    -  5.66e-02 2.13e-03f  1
 506 -9.7548035e+03 1.20e-04 1.24e+06  -6.0 1.30e+02    -  7.04e-03 7.20e-08h  2
 507r-9.7548035e+03 1.20e-04 1.00e+03  -4.5 0.00e+00    -  0.00e+00 8.58e-08R  2
 508r-9.7548035e+03 1.20e-04 1.04e+03  -4.5 9.67e+00    -  6.53e-02 2.18e-03f  1
 509 -9.7548035e+03 1.20e-04 9.79e+05  -6.0 1.30e+02    -  7.04e-03 7.27e-08h  2
iter    objective    inf_pr   inf_du lg(mu)  ||d||  lg(rg) alpha_du alpha_pr  ls
 510r-9.7548035e+03 1.20e-04 1.00e+03  -4.5 0.00e+00    -  0.00e+00 8.65e-08R  2
 511r-9.7548034e+03 1.19e-04 1.01e+03  -4.5 1.02e+01    -  1.79e-03 2.11e-03f  1
 512 -9.7548034e+03 1.19e-04 1.22e+06  -6.0 1.30e+02    -  7.04e-03 7.19e-08h  2
 513r-9.7548034e+03 1.19e-04 1.00e+03  -4.5 0.00e+00    -  0.00e+00 8.67e-08R  2
 514r-9.7548033e+03 1.19e-04 1.19e+03  -4.5 9.67e+00    -  6.41e-02 2.32e-03f  1
 515 -9.7548034e+03 1.19e-04 1.30e+06  -6.0 1.30e+02    -  7.04e-03 7.50e-08h  2
 516r-9.7548034e+03 1.19e-04 1.00e+03  -4.5 0.00e+00    -  0.00e+00 8.83e-08R  2
 517r-9.7548033e+03 1.19e-04 1.16e+03  -4.5 1.03e+01    -  6.53e-02 2.11e-03f  1
 518 -9.7548033e+03 1.19e-04 1.15e+06  -6.0 1.30e+02    -  7.04e-03 7.31e-08h  2
 519r-9.7548033e+03 1.19e-04 1.00e+03  -4.5 0.00e+00    -  0.00e+00 8.81e-08R  2
iter    objective    inf_pr   inf_du lg(mu)  ||d||  lg(rg) alpha_du alpha_pr  ls
 520r-9.7548032e+03 1.18e-04 1.06e+03  -4.5 9.58e+00    -  6.44e-02 2.36e-03f  1
 521 -9.7548032e+03 1.18e-04 1.30e+06  -6.0 1.30e+02    -  7.04e-03 7.63e-08h  2
 522r-9.7548032e+03 1.18e-04 1.00e+03  -4.5 0.00e+00    -  0.00e+00 8.98e-08R  2
 523r-9.7548032e+03 1.18e-04 9.97e+02  -4.5 1.02e+01    -  9.86e-03 2.01e-03f  1
 524 -9.7548032e+03 1.18e-04 1.12e+06  -6.0 1.30e+02    -  7.04e-03 7.20e-08h  2
 525r-9.7548032e+03 1.18e-04 1.00e+03  -4.5 0.00e+00    -  0.00e+00 8.87e-08R  2
 526r-9.7548031e+03 1.18e-04 1.38e+03  -4.5 9.89e+00    -  6.36e-02 2.09e-03f  1
 527 -9.7548031e+03 1.18e-04 9.40e+05  -6.0 1.30e+02    -  7.04e-03 7.12e-08h  2
 528r-9.7548031e+03 1.18e-04 1.00e+03  -4.5 0.00e+00    -  0.00e+00 8.89e-08R  2
 529r-9.7548031e+03 1.18e-04 1.01e+03  -4.5 9.90e+00    -  1.93e-03 2.26e-03f  1
iter    objective    inf_pr   inf_du lg(mu)  ||d||  lg(rg) alpha_du alpha_pr  ls
 530 -9.7548031e+03 1.18e-04 1.27e+06  -6.0 1.30e+02    -  7.04e-03 7.37e-08h  2
 531r-9.7548031e+03 1.18e-04 1.00e+03  -4.5 0.00e+00    -  0.00e+00 9.03e-08R  2
 532r-9.7548030e+03 1.17e-04 1.28e+03  -4.5 9.92e+00    -  6.64e-02 1.86e-03f  1
 533 -9.7548030e+03 1.17e-04 1.96e+06  -6.0 1.30e+02    -  7.04e-03 6.81e-08h  2
 534r-9.7548030e+03 1.17e-04 1.00e+03  -4.5 0.00e+00    -  0.00e+00 8.88e-08R  2
 535r-9.7548030e+03 1.17e-04 2.26e+03  -4.5 9.81e+00    -  1.19e-01 2.23e-03f  1
 536 -9.7548030e+03 1.17e-04 1.36e+06  -6.0 1.30e+02    -  7.04e-03 7.16e-08h  2
 537r-9.7548030e+03 1.17e-04 1.00e+03  -4.5 0.00e+00    -  0.00e+00 9.05e-08R  2
 538r-9.7548029e+03 1.17e-04 1.09e+03  -4.5 9.89e+00    -  6.85e-02 2.23e-03f  1
 539 -9.7548029e+03 1.17e-04 9.41e+05  -6.0 1.30e+02    -  7.04e-03 7.34e-08h  2
iter    objective    inf_pr   inf_du lg(mu)  ||d||  lg(rg) alpha_du alpha_pr  ls
 540r-9.7548029e+03 1.17e-04 1.00e+03  -4.5 0.00e+00    -  0.00e+00 9.16e-08R  2
 541r-9.7548028e+03 1.17e-04 9.97e+02  -4.5 9.98e+00    -  1.09e-02 2.16e-03f  1
 542 -9.7548028e+03 1.17e-04 1.21e+06  -6.0 1.31e+02    -  7.04e-03 7.32e-08h  2
 543r-9.7548028e+03 1.17e-04 1.00e+03  -4.5 0.00e+00    -  0.00e+00 9.20e-08R  2
 544r-9.7548028e+03 1.16e-04 1.48e+03  -4.5 9.76e+00    -  6.71e-02 2.10e-03f  1
 545 -9.7548028e+03 1.16e-04 1.67e+06  -6.0 1.31e+02    -  7.04e-03 7.20e-08h  2
 546r-9.7548028e+03 1.16e-04 1.00e+03  -4.5 0.00e+00    -  0.00e+00 9.20e-08R  2
 547r-9.7548027e+03 1.16e-04 1.51e+03  -4.5 1.01e+01    -  8.17e-02 2.10e-03f  1
 548 -9.7548027e+03 1.16e-04 1.23e+06  -6.0 1.31e+02    -  7.04e-03 7.14e-08h  2
 549r-9.7548027e+03 1.16e-04 1.00e+03  -4.5 0.00e+00    -  0.00e+00 9.23e-08R  2
iter    objective    inf_pr   inf_du lg(mu)  ||d||  lg(rg) alpha_du alpha_pr  ls
 550r-9.7548027e+03 1.16e-04 1.09e+03  -4.5 9.41e+00    -  6.67e-02 2.12e-03f  1
 551 -9.7548027e+03 1.16e-04 9.40e+05  -6.0 1.31e+02    -  7.04e-03 7.15e-08h  2
 552r-9.7548027e+03 1.16e-04 1.00e+03  -4.5 0.00e+00    -  0.00e+00 9.28e-08R  2
 553r-9.7548026e+03 1.15e-04 9.97e+02  -4.5 1.05e+01    -  3.92e-02 2.22e-03f  1
 554 -9.7548026e+03 1.15e-04 1.25e+06  -6.0 1.31e+02    -  7.04e-03 7.32e-08h  2
 555r-9.7548026e+03 1.15e-04 1.00e+03  -4.5 0.00e+00    -  0.00e+00 9.39e-08R  2
 556r-9.7548026e+03 1.15e-04 1.32e+03  -4.5 9.15e+00    -  6.71e-02 2.02e-03f  1
 557 -9.7548026e+03 1.15e-04 1.14e+06  -6.0 1.31e+02    -  7.04e-03 7.07e-08h  2
 558r-9.7548026e+03 1.15e-04 1.00e+03  -4.5 0.00e+00    -  0.00e+00 9.35e-08R  2
 559r-9.7548025e+03 1.15e-04 9.97e+02  -4.5 1.03e+01    -  3.30e-03 2.11e-03f  1
iter    objective    inf_pr   inf_du lg(mu)  ||d||  lg(rg) alpha_du alpha_pr  ls
 560 -9.7548025e+03 1.15e-04 1.26e+06  -6.0 1.31e+02    -  7.04e-03 7.10e-08h  2
 561r-9.7548025e+03 1.15e-04 1.00e+03  -4.5 0.00e+00    -  0.00e+00 9.40e-08R  2
 562r-9.7548025e+03 1.15e-04 1.11e+03  -4.5 9.35e+00    -  6.80e-02 2.05e-03f  1
 563 -9.7548025e+03 1.15e-04 1.26e+06  -6.0 1.31e+02    -  7.04e-03 7.02e-08h  2
 564r-9.7548025e+03 1.15e-04 1.00e+03  -4.5 0.00e+00    -  0.00e+00 9.42e-08R  2
 565r-9.7548024e+03 1.14e-04 9.97e+02  -4.5 1.02e+01    -  1.18e-02 2.26e-03f  1
 566 -9.7548024e+03 1.14e-04 1.30e+06  -6.0 1.31e+02    -  7.04e-03 7.34e-08h  2
 567r-9.7548024e+03 1.14e-04 1.00e+03  -4.5 0.00e+00    -  0.00e+00 9.58e-08R  2
 568r-9.7548024e+03 1.14e-04 1.59e+03  -4.5 9.63e+00    -  6.81e-02 2.06e-03f  1
 569 -9.7548024e+03 1.14e-04 8.91e+05  -6.0 1.31e+02    -  7.04e-03 7.15e-08h  2
iter    objective    inf_pr   inf_du lg(mu)  ||d||  lg(rg) alpha_du alpha_pr  ls
 570r-9.7548024e+03 1.14e-04 1.00e+03  -4.5 0.00e+00    -  0.00e+00 9.56e-08R  2
 571r-9.7548023e+03 1.14e-04 9.97e+02  -4.5 1.00e+01    -  3.89e-02 2.09e-03f  1
 572 -9.7548023e+03 1.14e-04 1.25e+06  -6.0 1.31e+02    -  7.04e-03 7.12e-08h  2
 573r-9.7548023e+03 1.14e-04 1.00e+03  -4.5 0.00e+00    -  0.00e+00 9.60e-08R  2
 574r-9.7548022e+03 1.14e-04 1.24e+03  -4.5 9.40e+00    -  6.76e-02 2.08e-03f  1
 575 -9.7548022e+03 1.14e-04 1.09e+06  -6.0 1.31e+02    -  7.04e-03 7.09e-08h  2
 576r-9.7548022e+03 1.14e-04 1.00e+03  -4.5 0.00e+00    -  0.00e+00 9.63e-08R  2
 577r-9.7548022e+03 1.13e-04 9.97e+02  -4.5 1.02e+01    -  4.91e-02 2.24e-03f  1
 578 -9.7548022e+03 1.13e-04 1.27e+06  -6.0 1.31e+02    -  7.04e-03 7.33e-08h  2
 579r-9.7548022e+03 1.13e-04 1.00e+03  -4.5 0.00e+00    -  0.00e+00 9.77e-08R  2
iter    objective    inf_pr   inf_du lg(mu)  ||d||  lg(rg) alpha_du alpha_pr  ls
 580r-9.7548021e+03 1.13e-04 1.17e+03  -4.5 9.34e+00    -  6.77e-02 2.01e-03f  1
 581 -9.7548021e+03 1.13e-04 1.56e+06  -6.0 1.31e+02    -  7.04e-03 7.07e-08h  2
 582r-9.7548021e+03 1.13e-04 1.00e+03  -4.5 0.00e+00    -  0.00e+00 9.72e-08R  2
 583r-9.7548021e+03 1.13e-04 1.52e+03  -4.5 9.95e+00    -  8.23e-02 2.14e-03f  1
 584 -9.7548021e+03 1.13e-04 1.27e+06  -6.0 1.31e+02    -  7.04e-03 7.16e-08h  2
 585r-9.7548021e+03 1.13e-04 1.00e+03  -4.5 0.00e+00    -  0.00e+00 9.80e-08R  2
 586r-9.7548020e+03 1.12e-04 1.00e+03  -4.5 9.62e+00    -  1.59e-03 2.07e-03f  1
 587 -9.7548020e+03 1.12e-04 9.33e+05  -6.0 1.31e+02    -  7.04e-03 7.09e-08h  2
 588r-9.7548020e+03 1.12e-04 1.00e+03  -4.5 0.00e+00    -  0.00e+00 9.82e-08R  2
 589r-9.7548020e+03 1.12e-04 9.97e+02  -4.5 1.01e+01    -  3.99e-02 2.22e-03f  1
iter    objective    inf_pr   inf_du lg(mu)  ||d||  lg(rg) alpha_du alpha_pr  ls
 590 -9.7548020e+03 1.12e-04 1.28e+06  -6.0 1.31e+02    -  7.04e-03 7.31e-08h  2
 591r-9.7548020e+03 1.12e-04 1.00e+03  -4.5 0.00e+00    -  0.00e+00 9.94e-08R  2
 592r-9.7548019e+03 1.12e-04 9.97e+02  -4.5 9.32e+00    -  1.21e-02 1.99e-03f  1
 593 -9.7548019e+03 1.12e-04 1.11e+06  -6.0 1.31e+02    -  7.04e-03 7.02e-08h  2
 594r-9.7548019e+03 1.12e-04 1.00e+03  -4.5 0.00e+00    -  0.00e+00 9.90e-08R  2
 595r-9.7548019e+03 1.12e-04 1.15e+03  -4.5 1.01e+01    -  5.53e-02 2.13e-03f  1
 596 -9.7548019e+03 1.12e-04 1.29e+06  -6.0 1.31e+02    -  7.04e-03 7.13e-08h  2
 597r-9.7548019e+03 1.12e-04 1.00e+03  -4.5 0.00e+00    -  0.00e+00 9.98e-08R  2
 598r-9.7548018e+03 1.11e-04 1.12e+03  -4.5 9.27e+00    -  6.83e-02 2.03e-03f  1
 599 -9.7548018e+03 1.11e-04 1.27e+06  -6.0 1.31e+02    -  7.04e-03 7.01e-08h  2
iter    objective    inf_pr   inf_du lg(mu)  ||d||  lg(rg) alpha_du alpha_pr  ls
 600r-9.7548018e+03 1.11e-04 1.00e+03  -4.5 0.00e+00    -  0.00e+00 9.98e-08R  2
 601r-9.7548018e+03 1.11e-04 1.30e+03  -4.5 1.00e+01    -  7.09e-02 2.25e-03f  1
 602 -9.7548018e+03 1.11e-04 1.30e+06  -6.0 1.31e+02    -  7.04e-03 7.33e-08h  2
 603r-9.7548018e+03 1.11e-04 1.00e+03  -4.5 0.00e+00    -  0.00e+00 1.01e-07R  2
 604r-9.7548017e+03 1.11e-04 1.10e+03  -4.5 9.57e+00    -  6.83e-02 2.06e-03f  1
 605 -9.7548017e+03 1.11e-04 8.88e+05  -6.0 1.31e+02    -  7.04e-03 7.16e-08h  2
 606r-9.7548017e+03 1.11e-04 1.00e+03  -4.5 0.00e+00    -  0.00e+00 1.01e-07R  2
 607r-9.7548016e+03 1.11e-04 9.97e+02  -4.5 9.85e+00    -  3.85e-02 2.07e-03f  1
 608 -9.7548017e+03 1.11e-04 1.24e+06  -6.0 1.31e+02    -  7.04e-03 7.10e-08h  2
 609r-9.7548017e+03 1.11e-04 1.00e+03  -4.5 0.00e+00    -  0.00e+00 1.02e-07R  2
iter    objective    inf_pr   inf_du lg(mu)  ||d||  lg(rg) alpha_du alpha_pr  ls
 610r-9.7548016e+03 1.10e-04 1.24e+03  -4.5 9.38e+00    -  6.77e-02 2.10e-03f  1
 611 -9.7548016e+03 1.10e-04 1.10e+06  -6.0 1.31e+02    -  7.04e-03 7.11e-08h  2
 612r-9.7548016e+03 1.10e-04 1.00e+03  -4.5 0.00e+00    -  0.00e+00 1.02e-07R  2
 613r-9.7548015e+03 1.10e-04 9.97e+02  -4.5 1.01e+01    -  3.78e-03 2.22e-03f  1
 614 -9.7548015e+03 1.10e-04 1.27e+06  -6.0 1.31e+02    -  7.04e-03 7.32e-08h  2
 615r-9.7548015e+03 1.10e-04 1.00e+03  -4.5 0.00e+00    -  0.00e+00 1.03e-07R  2
 616r-9.7548015e+03 1.10e-04 1.83e+03  -4.5 9.30e+00    -  6.75e-02 2.06e-03f  1
 617 -9.7548015e+03 1.10e-04 1.65e+06  -6.0 1.31e+02    -  7.04e-03 7.16e-08h  2
 618r-9.7548015e+03 1.10e-04 1.00e+03  -4.5 0.00e+00    -  0.00e+00 1.03e-07R  2
 619r-9.7548014e+03 1.10e-04 1.54e+03  -4.5 9.86e+00    -  8.29e-02 2.07e-03f  1
iter    objective    inf_pr   inf_du lg(mu)  ||d||  lg(rg) alpha_du alpha_pr  ls
 620 -9.7548014e+03 1.10e-04 1.24e+06  -6.0 1.32e+02    -  7.04e-03 7.10e-08h  2
 621r-9.7548014e+03 1.10e-04 1.00e+03  -4.5 0.00e+00    -  0.00e+00 1.03e-07R  2
 622r-9.7548014e+03 1.09e-04 1.11e+03  -4.5 9.53e+00    -  6.73e-02 2.05e-03f  1
 623 -9.7548014e+03 1.09e-04 9.84e+05  -6.0 1.32e+02    -  7.04e-03 7.04e-08h  2
 624r-9.7548014e+03 1.09e-04 1.00e+03  -4.5 0.00e+00    -  0.00e+00 1.04e-07R  2
 625r-9.7548013e+03 1.09e-04 9.97e+02  -4.5 9.99e+00    -  4.27e-02 2.24e-03f  1
 626 -9.7548013e+03 1.09e-04 1.29e+06  -6.0 1.32e+02    -  7.04e-03 7.32e-08h  2
 627r-9.7548013e+03 1.09e-04 1.00e+03  -4.5 0.00e+00    -  0.00e+00 1.05e-07R  2
 628r-9.7548013e+03 1.09e-04 1.32e+03  -4.5 9.20e+00    -  6.78e-02 2.03e-03f  1
 629 -9.7548013e+03 1.09e-04 1.01e+06  -6.0 1.32e+02    -  7.04e-03 7.12e-08h  2
iter    objective    inf_pr   inf_du lg(mu)  ||d||  lg(rg) alpha_du alpha_pr  ls
 630r-9.7548013e+03 1.09e-04 1.00e+03  -4.5 0.00e+00    -  0.00e+00 1.05e-07R  2
 631r-9.7548012e+03 1.09e-04 9.97e+02  -4.5 1.00e+01    -  4.68e-02 2.06e-03f  1
 632 -9.7548012e+03 1.09e-04 1.25e+06  -6.0 1.32e+02    -  7.04e-03 7.07e-08h  2
 633r-9.7548012e+03 1.09e-04 1.00e+03  -4.5 0.00e+00    -  0.00e+00 1.05e-07R  2
 634r-9.7548012e+03 1.08e-04 1.12e+03  -4.5 9.22e+00    -  6.78e-02 2.24e-03f  1
 635 -9.7548012e+03 1.08e-04 1.67e+06  -6.0 1.32e+02    -  7.04e-03 7.34e-08h  2
 636r-9.7548012e+03 1.08e-04 1.00e+03  -4.5 0.00e+00    -  0.00e+00 1.07e-07R  2
 637r-9.7548011e+03 1.08e-04 1.33e+03  -4.5 1.01e+01    -  7.31e-02 2.14e-03f  1
 638 -9.7548011e+03 1.08e-04 1.20e+06  -6.0 1.32e+02    -  7.04e-03 7.32e-08h  2
 639r-9.7548011e+03 1.08e-04 1.00e+03  -4.5 0.00e+00    -  0.00e+00 1.07e-07R  2
iter    objective    inf_pr   inf_du lg(mu)  ||d||  lg(rg) alpha_du alpha_pr  ls
 640r-9.7548011e+03 1.08e-04 1.09e+03  -4.5 9.36e+00    -  6.62e-02 1.93e-03f  1
 641 -9.7548011e+03 1.08e-04 1.08e+06  -6.0 1.32e+02    -  7.04e-03 6.95e-08h  2
 642r-9.7548011e+03 1.08e-04 1.00e+03  -4.5 0.00e+00    -  0.00e+00 1.06e-07R  2
 643r-9.7548010e+03 1.08e-04 9.97e+02  -4.5 9.84e+00    -  5.33e-02 2.12e-03f  1
 644 -9.7548010e+03 1.08e-04 1.30e+06  -6.0 1.32e+02    -  7.04e-03 7.09e-08h  2
 645r-9.7548010e+03 1.08e-04 1.00e+03  -4.5 0.00e+00    -  0.00e+00 1.07e-07R  2
 646r-9.7548010e+03 1.07e-04 1.10e+03  -4.5 9.19e+00    -  6.77e-02 2.16e-03f  1
 647 -9.7548010e+03 1.07e-04 9.80e+05  -6.0 1.32e+02    -  7.04e-03 7.22e-08h  2
 648r-9.7548010e+03 1.07e-04 1.00e+03  -4.5 0.00e+00    -  0.00e+00 1.08e-07R  2
 649r-9.7548009e+03 1.07e-04 9.98e+02  -4.5 1.01e+01    -  2.30e-03 2.16e-03f  1
iter    objective    inf_pr   inf_du lg(mu)  ||d||  lg(rg) alpha_du alpha_pr  ls
 650 -9.7548009e+03 1.07e-04 1.24e+06  -6.0 1.32e+02    -  7.04e-03 7.30e-08h  2
 651r-9.7548009e+03 1.07e-04 1.00e+03  -4.5 0.00e+00    -  0.00e+00 1.09e-07R  2
 652r-9.7548008e+03 1.07e-04 1.21e+03  -4.5 9.24e+00    -  6.72e-02 2.03e-03f  1
 653 -9.7548008e+03 1.07e-04 1.09e+06  -6.0 1.32e+02    -  7.04e-03 7.12e-08h  2
 654r-9.7548008e+03 1.07e-04 1.00e+03  -4.5 0.00e+00    -  0.00e+00 1.09e-07R  2
 655r-9.7548008e+03 1.07e-04 9.97e+02  -4.5 9.85e+00    -  3.78e-02 2.06e-03f  1
 656 -9.7548008e+03 1.07e-04 1.25e+06  -6.0 1.32e+02    -  7.04e-03 7.07e-08h  2
 657r-9.7548008e+03 1.07e-04 1.00e+03  -4.5 0.00e+00    -  0.00e+00 1.09e-07R  2
 658r-9.7548007e+03 1.06e-04 1.11e+03  -4.5 9.17e+00    -  6.72e-02 2.09e-03f  1
 659 -9.7548007e+03 1.06e-04 9.60e+05  -6.0 1.32e+02    -  7.04e-03 7.10e-08h  2
iter    objective    inf_pr   inf_du lg(mu)  ||d||  lg(rg) alpha_du alpha_pr  ls
 660r-9.7548007e+03 1.06e-04 1.00e+03  -4.5 0.00e+00    -  0.00e+00 1.10e-07R  2
 661r-9.7548007e+03 1.06e-04 9.97e+02  -4.5 9.95e+00    -  6.46e-03 2.20e-03f  1
 662 -9.7548007e+03 1.06e-04 1.27e+06  -6.0 1.32e+02    -  7.04e-03 7.31e-08h  2
 663r-9.7548007e+03 1.06e-04 1.00e+03  -4.5 0.00e+00    -  0.00e+00 1.11e-07R  2
 664r-9.7548006e+03 1.06e-04 1.33e+03  -4.5 9.40e+00    -  6.75e-02 1.96e-03f  1
 665 -9.7548006e+03 1.06e-04 8.36e+05  -6.0 1.32e+02    -  7.04e-03 7.01e-08h  2
 666r-9.7548006e+03 1.06e-04 1.00e+03  -4.5 0.00e+00    -  0.00e+00 1.10e-07R  2
 667r-9.7548006e+03 1.06e-04 9.97e+02  -4.5 9.55e+00    -  3.82e-03 2.08e-03f  1
 668 -9.7548006e+03 1.06e-04 1.28e+06  -6.0 1.32e+02    -  7.04e-03 7.06e-08h  2
 669r-9.7548006e+03 1.06e-04 1.00e+03  -4.5 0.00e+00    -  0.00e+00 1.11e-07R  2
iter    objective    inf_pr   inf_du lg(mu)  ||d||  lg(rg) alpha_du alpha_pr  ls
 670r-9.7548005e+03 1.05e-04 1.19e+03  -4.5 9.41e+00    -  6.80e-02 2.14e-03f  1
 671 -9.7548005e+03 1.05e-04 1.11e+06  -6.0 1.32e+02    -  7.04e-03 7.18e-08h  2
 672r-9.7548005e+03 1.05e-04 1.00e+03  -4.5 0.00e+00    -  0.00e+00 1.12e-07R  2
 673r-9.7548005e+03 1.05e-04 9.97e+02  -4.5 9.84e+00    -  4.74e-02 2.18e-03f  1
 674 -9.7548005e+03 1.05e-04 1.25e+06  -6.0 1.32e+02    -  7.04e-03 7.31e-08h  2
 675r-9.7548005e+03 1.05e-04 1.00e+03  -4.4 0.00e+00    -  0.00e+00 1.13e-07R  2
 676r-9.7548004e+03 1.05e-04 1.10e+03  -4.4 9.14e+00    -  6.73e-02 2.00e-03f  1
 677 -9.7548004e+03 1.05e-04 9.42e+05  -6.0 1.32e+02    -  7.04e-03 7.08e-08h  2
 678r-9.7548004e+03 1.05e-04 1.00e+03  -4.4 0.00e+00    -  0.00e+00 1.12e-07R  2
 679r-9.7548004e+03 1.05e-04 9.97e+02  -4.4 9.96e+00    -  4.24e-02 2.05e-03f  1
iter    objective    inf_pr   inf_du lg(mu)  ||d||  lg(rg) alpha_du alpha_pr  ls
 680 -9.7548004e+03 1.05e-04 1.26e+06  -6.0 1.32e+02    -  7.04e-03 7.04e-08h  2
 681r-9.7548004e+03 1.05e-04 1.00e+03  -4.4 0.00e+00    -  0.00e+00 1.13e-07R  2
 682r-9.7548003e+03 1.04e-04 1.18e+03  -4.4 8.90e+00    -  6.73e-02 2.04e-03f  1
 683 -9.7548003e+03 1.04e-04 1.23e+06  -6.0 1.32e+02    -  7.04e-03 7.01e-08h  2
 684r-9.7548003e+03 1.04e-04 1.00e+03  -4.4 0.00e+00    -  0.00e+00 1.13e-07R  2
 685r-9.7548003e+03 1.04e-04 9.97e+02  -4.4 1.01e+01    -  3.49e-03 2.24e-03f  1
 686 -9.7548003e+03 1.04e-04 1.30e+06  -6.0 1.32e+02    -  7.04e-03 7.33e-08h  2
 687r-9.7548003e+03 1.04e-04 1.00e+03  -4.4 0.00e+00    -  0.00e+00 1.14e-07R  2
 688r-9.7548002e+03 1.04e-04 1.36e+03  -4.4 8.91e+00    -  6.80e-02 1.85e-03f  1
 689 -9.7548002e+03 1.04e-04 1.37e+06  -6.0 1.32e+02    -  7.04e-03 6.82e-08h  2
iter    objective    inf_pr   inf_du lg(mu)  ||d||  lg(rg) alpha_du alpha_pr  ls
 690r-9.7548002e+03 1.04e-04 1.00e+03  -4.4 0.00e+00    -  0.00e+00 1.13e-07R  2
 691r-9.7548002e+03 1.04e-04 1.51e+03  -4.4 9.65e+00    -  8.09e-02 2.15e-03f  1
 692 -9.7548002e+03 1.04e-04 1.34e+06  -6.0 1.32e+02    -  7.04e-03 7.10e-08h  2
 693r-9.7548002e+03 1.04e-04 1.00e+03  -4.4 0.00e+00    -  0.00e+00 1.15e-07R  2
 694r-9.7548001e+03 1.03e-04 1.12e+03  -4.4 9.40e+00    -  6.85e-02 2.05e-03f  1
 695 -9.7548001e+03 1.03e-04 1.15e+06  -6.0 1.32e+02    -  7.04e-03 7.07e-08h  2
 696r-9.7548001e+03 1.03e-04 1.00e+03  -4.4 0.00e+00    -  0.00e+00 1.15e-07R  2
 697r-9.7548001e+03 1.03e-04 9.97e+02  -4.4 9.72e+00    -  2.86e-03 2.21e-03f  1
 698 -9.7548001e+03 1.03e-04 1.29e+06  -6.0 1.32e+02    -  7.04e-03 7.32e-08h  2
 699r-9.7548001e+03 1.03e-04 1.00e+03  -4.4 0.00e+00    -  0.00e+00 1.16e-07R  2
iter    objective    inf_pr   inf_du lg(mu)  ||d||  lg(rg) alpha_du alpha_pr  ls
 700r-9.7548000e+03 1.03e-04 1.12e+03  -4.4 9.14e+00    -  6.83e-02 1.68e-03f  1
 701 -9.7548000e+03 1.03e-04 1.44e+06  -6.0 1.32e+02    -  7.04e-03 6.53e-08h  2
 702r-9.7548000e+03 1.03e-04 1.00e+03  -4.4 0.00e+00    -  0.00e+00 1.14e-07R  2
 703r-9.7548000e+03 1.03e-04 2.19e+03  -4.4 9.71e+00    -  1.16e-01 2.32e-03f  1
 704 -9.7548000e+03 1.03e-04 1.46e+06  -6.0 1.32e+02    -  7.04e-03 7.24e-08h  2
 705r-9.7548000e+03 1.03e-04 1.00e+03  -4.4 0.00e+00    -  0.00e+00 1.17e-07R  2
 706r-9.7547999e+03 1.02e-04 1.11e+03  -4.4 8.96e+00    -  6.89e-02 2.04e-03f  1
 707 -9.7547999e+03 1.02e-04 8.60e+05  -6.0 1.33e+02    -  7.04e-03 7.11e-08h  2
 708r-9.7547999e+03 1.02e-04 1.00e+03  -4.4 0.00e+00    -  0.00e+00 1.17e-07R  2
 709r-9.7547998e+03 1.02e-04 9.97e+02  -4.4 9.99e+00    -  4.21e-03 2.20e-03f  1
iter    objective    inf_pr   inf_du lg(mu)  ||d||  lg(rg) alpha_du alpha_pr  ls
 710 -9.7547999e+03 1.02e-04 1.30e+06  -6.0 1.33e+02    -  7.04e-03 7.34e-08h  2
 711r-9.7547999e+03 1.02e-04 1.00e+03  -4.4 0.00e+00    -  0.00e+00 1.18e-07R  2
 712r-9.7547998e+03 1.02e-04 1.35e+03  -4.4 8.90e+00    -  6.90e-02 2.06e-03f  1
 713 -9.7547998e+03 1.02e-04 7.65e+05  -6.0 1.33e+02    -  7.04e-03 7.21e-08h  2
 714r-9.7547998e+03 1.02e-04 1.00e+03  -4.4 0.00e+00    -  0.00e+00 1.18e-07R  2
 715r-9.7547997e+03 1.02e-04 9.97e+02  -4.4 9.66e+00    -  3.32e-03 2.00e-03f  1
 716 -9.7547997e+03 1.02e-04 1.22e+06  -6.0 1.33e+02    -  7.04e-03 7.03e-08h  2
 717r-9.7547997e+03 1.02e-04 1.00e+03  -4.4 0.00e+00    -  0.00e+00 1.18e-07R  2
 718r-9.7547997e+03 1.01e-04 1.20e+03  -4.4 9.34e+00    -  6.76e-02 2.14e-03f  1
 719 -9.7547997e+03 1.01e-04 9.55e+05  -6.0 1.33e+02    -  7.04e-03 7.19e-08h  2
iter    objective    inf_pr   inf_du lg(mu)  ||d||  lg(rg) alpha_du alpha_pr  ls
 720r-9.7547997e+03 1.01e-04 1.00e+03  -4.4 0.00e+00    -  0.00e+00 1.19e-07R  2
 721r-9.7547996e+03 1.01e-04 9.97e+02  -4.4 9.71e+00    -  3.73e-02 2.17e-03f  1
 722 -9.7547996e+03 1.01e-04 1.24e+06  -6.0 1.33e+02    -  7.04e-03 7.32e-08h  2
 723r-9.7547996e+03 1.01e-04 1.00e+03  -4.4 0.00e+00    -  0.00e+00 1.20e-07R  2
 724r-9.7547996e+03 1.01e-04 1.33e+03  -4.4 8.99e+00    -  6.68e-02 1.96e-03f  1
 725 -9.7547996e+03 1.01e-04 1.63e+06  -6.0 1.33e+02    -  7.04e-03 7.04e-08h  2
 726r-9.7547996e+03 1.01e-04 1.00e+03  -4.4 0.00e+00    -  0.00e+00 1.20e-07R  2
 727r-9.7547995e+03 1.01e-04 1.65e+03  -4.4 9.76e+00    -  8.80e-02 2.05e-03f  1
 728 -9.7547995e+03 1.01e-04 1.27e+06  -6.0 1.33e+02    -  7.04e-03 7.03e-08h  2
 729r-9.7547995e+03 1.01e-04 1.00e+03  -4.4 0.00e+00    -  0.00e+00 1.20e-07R  2
iter    objective    inf_pr   inf_du lg(mu)  ||d||  lg(rg) alpha_du alpha_pr  ls
 730r-9.7547995e+03 1.01e-04 1.11e+03  -4.4 8.90e+00    -  6.73e-02 2.10e-03f  1
 731 -9.7547995e+03 1.01e-04 1.06e+06  -6.0 1.33e+02    -  7.04e-03 7.13e-08h  2
 732r-9.7547995e+03 1.01e-04 1.00e+03  -4.4 0.00e+00    -  0.00e+00 1.21e-07R  2
 733r-9.7547994e+03 1.00e-04 9.97e+02  -4.4 9.80e+00    -  1.67e-02 2.17e-03f  1
 734 -9.7547994e+03 1.00e-04 1.26e+06  -6.0 1.33e+02    -  7.04e-03 7.30e-08h  2
 735r-9.7547994e+03 1.00e-04 1.00e+03  -4.4 0.00e+00    -  0.00e+00 1.22e-07R  2
 736r-9.7547994e+03 1.00e-04 1.43e+03  -4.4 9.29e+00    -  6.74e-02 1.98e-03f  1
 737 -9.7547994e+03 1.00e-04 8.76e+05  -6.0 1.33e+02    -  7.04e-03 7.06e-08h  2
 738r-9.7547994e+03 1.00e-04 1.00e+03  -4.4 0.00e+00    -  0.00e+00 1.22e-07R  2
 739r-9.7547993e+03 9.99e-05 9.97e+02  -4.4 9.23e+00    -  4.35e-03 2.05e-03f  1
iter    objective    inf_pr   inf_du lg(mu)  ||d||  lg(rg) alpha_du alpha_pr  ls
 740 -9.7547993e+03 9.99e-05 1.26e+06  -6.0 1.33e+02    -  7.04e-03 7.05e-08h  2
 741r-9.7547993e+03 9.99e-05 1.00e+03  -4.4 0.00e+00    -  0.00e+00 1.22e-07R  2
 742r-9.7547993e+03 9.96e-05 1.65e+03  -4.4 9.43e+00    -  6.73e-02 2.03e-03f  1
 743 -9.7547993e+03 9.96e-05 1.08e+06  -6.0 1.33e+02    -  7.04e-03 7.01e-08h  2
 744r-9.7547993e+03 9.96e-05 1.00e+03  -4.4 0.00e+00    -  0.00e+00 1.22e-07R  2
 745r-9.7547992e+03 9.94e-05 9.97e+02  -4.4 9.38e+00    -  4.85e-02 2.21e-03f  1
 746 -9.7547992e+03 9.94e-05 1.30e+06  -6.0 1.33e+02    -  7.04e-03 7.31e-08h  2
 747r-9.7547992e+03 9.94e-05 1.00e+03  -4.4 0.00e+00    -  0.00e+00 1.24e-07R  2
 748r-9.7547992e+03 9.92e-05 1.20e+03  -4.4 9.28e+00    -  6.78e-02 2.03e-03f  1
 749 -9.7547992e+03 9.92e-05 9.76e+05  -6.0 1.33e+02    -  7.04e-03 7.15e-08h  2
iter    objective    inf_pr   inf_du lg(mu)  ||d||  lg(rg) alpha_du alpha_pr  ls
 750r-9.7547992e+03 9.92e-05 1.00e+03  -4.4 0.00e+00    -  0.00e+00 1.24e-07R  2
 751r-9.7547991e+03 9.89e-05 9.97e+02  -4.4 9.38e+00    -  4.33e-02 2.01e-03f  1
 752 -9.7547991e+03 9.89e-05 1.23e+06  -6.0 1.33e+02    -  7.04e-03 7.03e-08h  2
 753r-9.7547991e+03 9.89e-05 1.00e+03  -4.4 0.00e+00    -  0.00e+00 1.24e-07R  2
 754r-9.7547991e+03 9.87e-05 1.13e+03  -4.4 9.15e+00    -  6.74e-02 2.25e-03f  1
 755 -9.7547991e+03 9.87e-05 1.53e+06  -6.0 1.33e+02    -  7.04e-03 7.39e-08h  2
 756r-9.7547991e+03 9.87e-05 1.00e+03  -4.4 0.00e+00    -  0.00e+00 1.25e-07R  2
 757r-9.7547990e+03 9.85e-05 9.97e+02  -4.4 9.81e+00    -  4.55e-03 2.10e-03f  1
 758 -9.7547990e+03 9.85e-05 1.18e+06  -6.0 1.33e+02    -  7.04e-03 7.31e-08h  2
 759r-9.7547990e+03 9.85e-05 1.00e+03  -4.4 0.00e+00    -  0.00e+00 1.25e-07R  2
iter    objective    inf_pr   inf_du lg(mu)  ||d||  lg(rg) alpha_du alpha_pr  ls
 760r-9.7547990e+03 9.82e-05 1.11e+03  -4.4 8.70e+00    -  6.54e-02 2.16e-03f  1
 761 -9.7547990e+03 9.82e-05 8.10e+05  -6.0 1.33e+02    -  7.04e-03 7.37e-08h  2
 762r-9.7547990e+03 9.82e-05 1.00e+03  -4.4 0.00e+00    -  0.00e+00 1.26e-07R  2
 763r-9.7547989e+03 9.80e-05 9.97e+02  -4.4 9.69e+00    -  7.57e-03 1.96e-03f  1
 764 -9.7547989e+03 9.80e-05 1.17e+06  -6.0 1.33e+02    -  7.04e-03 7.06e-08h  2
 765r-9.7547989e+03 9.80e-05 1.00e+03  -4.4 0.00e+00    -  0.00e+00 1.26e-07R  2
 766r-9.7547989e+03 9.78e-05 1.11e+03  -4.4 9.11e+00    -  6.53e-02 2.26e-03f  1
 767 -9.7547989e+03 9.78e-05 1.33e+06  -6.0 1.33e+02    -  7.04e-03 7.43e-08h  2
 768r-9.7547989e+03 9.78e-05 1.00e+03  -4.4 0.00e+00    -  0.00e+00 1.27e-07R  2
 769r-9.7547988e+03 9.75e-05 1.06e+03  -4.4 9.69e+00    -  6.46e-02 2.09e-03f  1
iter    objective    inf_pr   inf_du lg(mu)  ||d||  lg(rg) alpha_du alpha_pr  ls
 770 -9.7547988e+03 9.75e-05 1.17e+06  -6.0 1.33e+02    -  7.04e-03 7.32e-08h  2
 771r-9.7547988e+03 9.75e-05 1.00e+03  -4.4 0.00e+00    -  0.00e+00 1.27e-07R  2
 772r-9.7547988e+03 9.73e-05 1.08e+03  -4.4 8.80e+00    -  6.46e-02 1.91e-03f  1
 773 -9.7547988e+03 9.73e-05 9.85e+05  -6.0 1.33e+02    -  7.04e-03 6.95e-08h  2
 774r-9.7547988e+03 9.73e-05 1.00e+03  -4.4 0.00e+00    -  0.00e+00 1.27e-07R  2
 775r-9.7547987e+03 9.71e-05 9.97e+02  -4.4 9.59e+00    -  3.00e-02 2.08e-03f  1
 776 -9.7547987e+03 9.71e-05 1.30e+06  -6.0 1.33e+02    -  7.04e-03 7.06e-08h  2
 777r-9.7547987e+03 9.71e-05 1.00e+03  -4.4 0.00e+00    -  0.00e+00 1.28e-07R  2
 778r-9.7547987e+03 9.69e-05 1.00e+03  -4.4 8.90e+00    -  1.79e-03 2.15e-03f  1
 779 -9.7547987e+03 9.69e-05 1.20e+06  -6.0 1.33e+02    -  7.04e-03 7.25e-08h  2
iter    objective    inf_pr   inf_du lg(mu)  ||d||  lg(rg) alpha_du alpha_pr  ls
 780r-9.7547987e+03 9.69e-05 1.00e+03  -4.4 0.00e+00    -  0.00e+00 1.29e-07R  2
 781r-9.7547986e+03 9.66e-05 9.97e+02  -4.4 9.80e+00    -  5.00e-02 2.11e-03f  1
 782 -9.7547986e+03 9.66e-05 1.23e+06  -6.0 1.33e+02    -  7.04e-03 7.26e-08h  2
 783r-9.7547986e+03 9.66e-05 1.00e+03  -4.4 0.00e+00    -  0.00e+00 1.29e-07R  2
 784r-9.7547986e+03 9.64e-05 1.11e+03  -4.4 8.72e+00    -  6.67e-02 1.96e-03f  1
 785 -9.7547986e+03 9.64e-05 1.08e+06  -6.0 1.33e+02    -  7.04e-03 7.02e-08h  2
 786r-9.7547986e+03 9.64e-05 1.00e+03  -4.4 0.00e+00    -  0.00e+00 1.29e-07R  2
 787r-9.7547985e+03 9.62e-05 1.10e+03  -4.4 9.51e+00    -  5.86e-02 2.05e-03f  1
 788 -9.7547985e+03 9.62e-05 1.27e+06  -6.0 1.33e+02    -  7.04e-03 7.06e-08h  2
 789r-9.7547985e+03 9.62e-05 1.00e+03  -4.4 0.00e+00    -  0.00e+00 1.30e-07R  2
iter    objective    inf_pr   inf_du lg(mu)  ||d||  lg(rg) alpha_du alpha_pr  ls
 790r-9.7547985e+03 9.60e-05 1.12e+03  -4.4 9.08e+00    -  6.70e-02 1.97e-03f  1
 791 -9.7547985e+03 9.60e-05 1.15e+06  -6.0 1.33e+02    -  7.04e-03 6.94e-08h  2
 792r-9.7547985e+03 9.60e-05 1.00e+03  -4.4 0.00e+00    -  0.00e+00 1.30e-07R  2
 793r-9.7547984e+03 9.58e-05 9.97e+02  -4.4 9.55e+00    -  5.34e-02 2.22e-03f  1
 794 -9.7547984e+03 9.58e-05 1.02e+06  -6.0 1.34e+02    -  7.04e-03 7.30e-08h  2
 795r-9.7547984e+03 9.58e-05 1.00e+03  -4.4 0.00e+00    -  0.00e+00 1.31e-07R  2
 796r-9.7547984e+03 9.55e-05 9.97e+02  -4.4 8.76e+00    -  3.66e-02 2.04e-03f  1
 797 -9.7547984e+03 9.55e-05 1.07e+06  -6.0 1.34e+02    -  7.04e-03 7.18e-08h  2
 798r-9.7547984e+03 9.55e-05 1.00e+03  -4.4 0.00e+00    -  0.00e+00 1.31e-07R  2
 799r-9.7547983e+03 9.53e-05 9.97e+02  -4.4 9.52e+00    -  7.03e-03 1.98e-03f  1
iter    objective    inf_pr   inf_du lg(mu)  ||d||  lg(rg) alpha_du alpha_pr  ls
 800 -9.7547983e+03 9.53e-05 1.22e+06  -6.0 1.34e+02    -  7.04e-03 7.01e-08h  2
 801r-9.7547983e+03 9.53e-05 1.00e+03  -4.4 0.00e+00    -  0.00e+00 1.31e-07R  2
 802r-9.7547983e+03 9.51e-05 1.60e+03  -4.4 9.03e+00    -  6.75e-02 2.33e-03f  1
 803 -9.7547983e+03 9.51e-05 1.35e+06  -6.0 1.34e+02    -  7.04e-03 7.53e-08h  2
 804r-9.7547983e+03 9.51e-05 1.00e+03  -4.4 0.00e+00    -  0.00e+00 1.33e-07R  2
 805r-9.7547982e+03 9.49e-05 9.97e+02  -4.4 9.62e+00    -  5.38e-02 2.06e-03f  1
 806 -9.7547982e+03 9.49e-05 1.15e+06  -6.0 1.34e+02    -  7.04e-03 7.33e-08h  2
 807r-9.7547982e+03 9.49e-05 1.00e+03  -4.4 0.00e+00    -  0.00e+00 1.33e-07R  2
 808r-9.7547982e+03 9.47e-05 1.09e+03  -4.4 8.80e+00    -  6.42e-02 2.05e-03f  1
 809 -9.7547982e+03 9.47e-05 1.07e+06  -6.0 1.34e+02    -  7.04e-03 7.22e-08h  2
iter    objective    inf_pr   inf_du lg(mu)  ||d||  lg(rg) alpha_du alpha_pr  ls
 810r-9.7547982e+03 9.47e-05 1.00e+03  -4.4 0.00e+00    -  0.00e+00 1.33e-07R  2
 811r-9.7547981e+03 9.44e-05 9.97e+02  -4.4 9.44e+00    -  7.65e-03 1.93e-03f  1
 812 -9.7547981e+03 9.44e-05 1.01e+06  -6.0 1.34e+02    -  7.04e-03 6.96e-08h  2
 813r-9.7547981e+03 9.44e-05 1.00e+03  -4.4 0.00e+00    -  0.00e+00 1.33e-07R  2
 814r-9.7547980e+03 9.42e-05 9.97e+02  -4.4 9.14e+00    -  1.58e-02 2.34e-03f  1
 815 -9.7547980e+03 9.42e-05 1.39e+06  -6.0 1.34e+02    -  7.04e-03 7.53e-08h  2
 816r-9.7547980e+03 9.42e-05 1.00e+03  -4.4 0.00e+00    -  0.00e+00 1.35e-07R  2
 817r-9.7547980e+03 9.40e-05 1.14e+03  -4.4 9.40e+00    -  5.58e-02 2.07e-03f  1
 818 -9.7547980e+03 9.40e-05 1.15e+06  -6.0 1.34e+02    -  7.04e-03 7.35e-08h  2
 819r-9.7547980e+03 9.40e-05 1.00e+03  -4.4 0.00e+00    -  0.00e+00 1.35e-07R  2
iter    objective    inf_pr   inf_du lg(mu)  ||d||  lg(rg) alpha_du alpha_pr  ls
 820r-9.7547980e+03 9.38e-05 1.18e+03  -4.4 9.12e+00    -  6.41e-02 1.93e-03f  1
 821 -9.7547980e+03 9.38e-05 1.18e+06  -6.0 1.34e+02    -  7.04e-03 7.03e-08h  2
 822r-9.7547980e+03 9.38e-05 1.00e+03  -4.4 0.00e+00    -  0.00e+00 1.35e-07R  2
 823r-9.7547979e+03 9.35e-05 1.20e+03  -4.4 9.38e+00    -  6.55e-02 2.55e-03f  1
 824 -9.7547979e+03 9.35e-05 1.36e+06  -6.0 1.34e+02    -  7.04e-03 7.93e-08h  2
 825r-9.7547979e+03 9.35e-05 1.00e+03  -4.4 0.00e+00    -  0.00e+00 1.37e-07R  2
 826r-9.7547978e+03 9.33e-05 9.97e+02  -4.4 9.49e+00    -  4.70e-02 2.10e-03f  1
 827 -9.7547978e+03 9.33e-05 1.12e+06  -6.0 1.34e+02    -  7.04e-03 7.61e-08h  2
 828r-9.7547978e+03 9.33e-05 1.00e+03  -4.4 0.00e+00    -  0.00e+00 1.37e-07R  2
 829r-9.7547978e+03 9.31e-05 9.97e+02  -4.4 9.08e+00    -  4.82e-02 1.86e-03f  1
iter    objective    inf_pr   inf_du lg(mu)  ||d||  lg(rg) alpha_du alpha_pr  ls
 830 -9.7547978e+03 9.31e-05 1.13e+06  -6.0 1.34e+02    -  7.04e-03 7.04e-08h  2
 831r-9.7547978e+03 9.31e-05 1.00e+03  -4.4 0.00e+00    -  0.00e+00 1.36e-07R  2
 832r-9.7547977e+03 9.29e-05 9.97e+02  -4.4 9.45e+00    -  5.99e-03 2.06e-03f  1
 833 -9.7547977e+03 9.29e-05 1.29e+06  -6.0 1.34e+02    -  7.04e-03 7.09e-08h  2
 834r-9.7547977e+03 9.29e-05 1.00e+03  -4.4 0.00e+00    -  0.00e+00 1.37e-07R  2
 835r-9.7547977e+03 9.27e-05 1.18e+03  -4.4 9.19e+00    -  6.58e-02 2.16e-03f  1
 836 -9.7547977e+03 9.27e-05 7.48e+05  -6.0 1.34e+02    -  7.04e-03 7.29e-08h  2
 837r-9.7547977e+03 9.27e-05 1.00e+03  -4.4 0.00e+00    -  0.00e+00 1.38e-07R  2
 838r-9.7547976e+03 9.24e-05 9.97e+02  -4.4 9.25e+00    -  1.22e-02 2.20e-03f  1
 839 -9.7547976e+03 9.24e-05 1.28e+06  -6.0 1.34e+02    -  7.04e-03 7.47e-08h  2
iter    objective    inf_pr   inf_du lg(mu)  ||d||  lg(rg) alpha_du alpha_pr  ls
 840r-9.7547976e+03 9.24e-05 1.00e+03  -4.4 0.00e+00    -  0.00e+00 1.39e-07R  2
 841r-9.7547976e+03 9.22e-05 1.16e+03  -4.4 9.30e+00    -  5.45e-02 1.89e-03f  1
 842 -9.7547976e+03 9.22e-05 9.51e+05  -6.0 1.34e+02    -  7.04e-03 7.02e-08h  2
 843r-9.7547976e+03 9.22e-05 1.00e+03  -4.4 0.00e+00    -  0.00e+00 1.38e-07R  2
 844r-9.7547975e+03 9.20e-05 9.97e+02  -4.4 8.99e+00    -  4.36e-02 2.03e-03f  1
 845 -9.7547975e+03 9.20e-05 1.27e+06  -6.0 1.34e+02    -  7.04e-03 7.05e-08h  2
 846r-9.7547975e+03 9.20e-05 1.00e+03  -4.4 0.00e+00    -  0.00e+00 1.39e-07R  2
 847r-9.7547975e+03 9.18e-05 1.21e+03  -4.4 9.21e+00    -  6.67e-02 2.18e-03f  1
 848 -9.7547975e+03 9.18e-05 1.11e+06  -6.0 1.34e+02    -  7.04e-03 7.32e-08h  2
 849r-9.7547975e+03 9.18e-05 1.00e+03  -4.4 0.00e+00    -  0.00e+00 1.40e-07R  2
iter    objective    inf_pr   inf_du lg(mu)  ||d||  lg(rg) alpha_du alpha_pr  ls
 850r-9.7547974e+03 9.16e-05 9.97e+02  -4.4 9.07e+00    -  5.08e-02 2.16e-03f  1
 851 -9.7547974e+03 9.16e-05 7.17e+05  -6.0 1.34e+02    -  7.04e-03 7.41e-08h  2
 852r-9.7547974e+03 9.16e-05 1.00e+03  -4.4 0.00e+00    -  0.00e+00 1.40e-07R  2
 853r-9.7547974e+03 9.14e-05 9.97e+02  -4.4 9.28e+00    -  5.21e-03 1.88e-03f  1
 854 -9.7547974e+03 9.14e-05 1.09e+06  -6.0 1.34e+02    -  7.04e-03 6.97e-08h  2
 855r-9.7547974e+03 9.14e-05 1.00e+03  -4.4 0.00e+00    -  0.00e+00 1.40e-07R  2
 856r-9.7547973e+03 9.12e-05 9.97e+02  -4.4 8.86e+00    -  2.10e-02 2.06e-03f  1
 857 -9.7547973e+03 9.12e-05 1.29e+06  -6.0 1.34e+02    -  7.04e-03 7.07e-08h  2
 858r-9.7547973e+03 9.12e-05 1.00e+03  -4.4 0.00e+00    -  0.00e+00 1.41e-07R  2
 859r-9.7547973e+03 9.10e-05 1.34e+03  -4.4 9.29e+00    -  6.69e-02 2.05e-03f  1
iter    objective    inf_pr   inf_du lg(mu)  ||d||  lg(rg) alpha_du alpha_pr  ls
 860 -9.7547973e+03 9.10e-05 9.17e+05  -6.0 1.34e+02    -  7.04e-03 7.11e-08h  2
 861r-9.7547973e+03 9.10e-05 1.00e+03  -4.4 0.00e+00    -  0.00e+00 1.41e-07R  2
 862r-9.7547972e+03 9.08e-05 9.97e+02  -4.4 8.94e+00    -  2.93e-02 2.19e-03f  1
 863 -9.7547972e+03 9.08e-05 1.30e+06  -6.0 1.34e+02    -  7.04e-03 7.36e-08h  2
 864r-9.7547972e+03 9.08e-05 1.00e+03  -4.4 0.00e+00    -  0.00e+00 1.42e-07R  2
 865r-9.7547972e+03 9.05e-05 1.28e+03  -4.4 9.34e+00    -  6.05e-02 2.05e-03f  1
 866 -9.7547972e+03 9.05e-05 1.17e+06  -6.0 1.34e+02    -  7.04e-03 7.25e-08h  2
 867r-9.7547972e+03 9.05e-05 1.00e+03  -4.4 0.00e+00    -  0.00e+00 1.42e-07R  2
 868r-9.7547971e+03 9.03e-05 1.18e+03  -4.4 8.80e+00    -  6.38e-02 1.97e-03f  1
 869 -9.7547971e+03 9.03e-05 1.21e+06  -6.0 1.34e+02    -  7.04e-03 7.06e-08h  2
iter    objective    inf_pr   inf_du lg(mu)  ||d||  lg(rg) alpha_du alpha_pr  ls
 870r-9.7547971e+03 9.03e-05 1.00e+03  -4.4 0.00e+00    -  0.00e+00 1.43e-07R  2
 871r-9.7547971e+03 9.01e-05 1.19e+03  -4.4 9.34e+00    -  6.61e-02 2.41e-03f  1
 872 -9.7547971e+03 9.01e-05 1.86e+06  -6.0 1.34e+02    -  7.04e-03 7.74e-08h  2
 873r-9.7547971e+03 9.01e-05 1.00e+03  -4.4 0.00e+00    -  0.00e+00 1.44e-07R  2
 874r-9.7547970e+03 8.99e-05 9.97e+02  -4.4 8.74e+00    -  3.76e-03 2.06e-03f  1
 875 -9.7547970e+03 8.99e-05 1.14e+06  -6.0 1.34e+02    -  7.04e-03 7.47e-08h  2
 876r-9.7547970e+03 8.99e-05 1.00e+03  -4.4 0.00e+00    -  0.00e+00 1.44e-07R  2
 877r-9.7547970e+03 8.97e-05 1.12e+03  -4.4 9.49e+00    -  5.76e-02 1.89e-03f  1
 878 -9.7547970e+03 8.97e-05 1.16e+06  -6.0 1.34e+02    -  7.04e-03 7.04e-08h  2
 879r-9.7547970e+03 8.97e-05 1.00e+03  -4.4 0.00e+00    -  0.00e+00 1.44e-07R  2
iter    objective    inf_pr   inf_du lg(mu)  ||d||  lg(rg) alpha_du alpha_pr  ls
 880r-9.7547969e+03 8.95e-05 1.11e+03  -4.4 8.42e+00    -  6.63e-02 2.07e-03f  1
 881 -9.7547969e+03 8.95e-05 1.29e+06  -6.0 1.34e+02    -  7.04e-03 7.13e-08h  2
 882r-9.7547969e+03 8.95e-05 1.00e+03  -4.4 0.00e+00    -  0.00e+00 1.45e-07R  2
 883r-9.7547969e+03 8.93e-05 1.18e+03  -4.4 9.46e+00    -  6.60e-02 2.05e-03f  1
 884 -9.7547969e+03 8.93e-05 1.25e+06  -6.0 1.34e+02    -  7.04e-03 7.14e-08h  2
 885r-9.7547969e+03 8.93e-05 1.00e+03  -4.4 0.00e+00    -  0.00e+00 1.45e-07R  2
 886r-9.7547968e+03 8.91e-05 1.10e+03  -4.4 8.58e+00    -  6.54e-02 2.12e-03f  1
 887 -9.7547968e+03 8.91e-05 7.69e+05  -6.0 1.35e+02    -  7.04e-03 7.28e-08h  2
 888r-9.7547968e+03 8.91e-05 1.00e+03  -4.4 0.00e+00    -  0.00e+00 1.46e-07R  2
 889r-9.7547968e+03 8.89e-05 9.97e+02  -4.4 9.60e+00    -  7.49e-03 2.04e-03f  1
iter    objective    inf_pr   inf_du lg(mu)  ||d||  lg(rg) alpha_du alpha_pr  ls
 890 -9.7547968e+03 8.89e-05 1.20e+06  -6.0 1.35e+02    -  7.04e-03 7.20e-08h  2
 891r-9.7547968e+03 8.89e-05 1.00e+03  -4.4 0.00e+00    -  0.00e+00 1.46e-07R  2
 892r-9.7547967e+03 8.87e-05 9.97e+02  -4.4 8.30e+00    -  2.98e-03 2.00e-03f  1
 893 -9.7547967e+03 8.87e-05 1.22e+06  -6.0 1.35e+02    -  7.04e-03 7.09e-08h  2
 894r-9.7547967e+03 8.87e-05 1.00e+03  -4.4 0.00e+00    -  0.00e+00 1.46e-07R  2
 895r-9.7547967e+03 8.85e-05 1.25e+03  -4.4 9.43e+00    -  6.61e-02 1.78e-03f  1
 896 -9.7547967e+03 8.85e-05 1.32e+06  -6.0 1.35e+02    -  7.04e-03 6.66e-08h  2
 897r-9.7547967e+03 8.85e-05 1.00e+03  -4.4 0.00e+00    -  0.00e+00 1.46e-07R  2
 898r-9.7547966e+03 8.82e-05 1.22e+03  -4.4 8.73e+00    -  7.11e-02 2.51e-03f  1
 899 -9.7547966e+03 8.82e-05 1.50e+06  -6.0 1.35e+02    -  7.04e-03 7.73e-08h  2
iter    objective    inf_pr   inf_du lg(mu)  ||d||  lg(rg) alpha_du alpha_pr  ls
 900r-9.7547966e+03 8.82e-05 1.00e+03  -4.4 0.00e+00    -  0.00e+00 1.49e-07R  2
 901r-9.7547966e+03 8.81e-05 9.97e+02  -4.4 9.44e+00    -  3.32e-03 1.74e-03f  1
 902 -9.7547966e+03 8.81e-05 9.74e+05  -6.0 1.35e+02    -  7.04e-03 6.90e-08h  2
 903r-9.7547966e+03 8.81e-05 1.00e+03  -4.4 0.00e+00    -  0.00e+00 1.47e-07R  2
 904r-9.7547966e+03 8.79e-05 9.97e+02  -4.4 8.37e+00    -  3.73e-03 2.08e-03f  1
 905 -9.7547966e+03 8.79e-05 1.35e+06  -6.0 1.35e+02    -  7.04e-03 7.08e-08h  2
 906r-9.7547966e+03 8.79e-05 1.00e+03  -4.4 0.00e+00    -  0.00e+00 1.48e-07R  2
 907r-9.7547965e+03 8.77e-05 1.24e+03  -4.4 9.53e+00    -  6.85e-02 1.82e-03f  1
 908 -9.7547965e+03 8.77e-05 1.26e+06  -6.0 1.35e+02    -  7.04e-03 6.72e-08h  2
 909r-9.7547965e+03 8.77e-05 1.00e+03  -4.4 0.00e+00    -  0.00e+00 1.48e-07R  2
iter    objective    inf_pr   inf_du lg(mu)  ||d||  lg(rg) alpha_du alpha_pr  ls
 910r-9.7547964e+03 8.74e-05 1.03e+03  -4.4 8.64e+00    -  5.98e-02 2.57e-03f  1
 911 -9.7547964e+03 8.74e-05 1.50e+06  -6.0 1.35e+02    -  7.04e-03 7.86e-08h  2
 912r-9.7547964e+03 8.74e-05 1.00e+03  -4.4 0.00e+00    -  0.00e+00 1.51e-07R  2
 913r-9.7547964e+03 8.73e-05 9.97e+02  -4.4 9.49e+00    -  5.47e-02 1.73e-03f  1
 914 -9.7547964e+03 8.73e-05 9.04e+05  -6.0 1.35e+02    -  7.04e-03 6.95e-08h  2
 915r-9.7547964e+03 8.73e-05 1.00e+03  -4.4 0.00e+00    -  0.00e+00 1.49e-07R  2
 916r-9.7547964e+03 8.71e-05 1.20e+03  -4.4 8.53e+00    -  6.17e-02 2.04e-03f  1
 917 -9.7547964e+03 8.71e-05 1.33e+06  -6.0 1.35e+02    -  7.04e-03 7.05e-08h  2
 918r-9.7547964e+03 8.71e-05 1.00e+03  -4.4 0.00e+00    -  0.00e+00 1.50e-07R  2
 919r-9.7547963e+03 8.69e-05 1.25e+03  -4.4 9.26e+00    -  6.83e-02 1.94e-03f  1
iter    objective    inf_pr   inf_du lg(mu)  ||d||  lg(rg) alpha_du alpha_pr  ls
 920 -9.7547963e+03 8.69e-05 1.01e+06  -6.0 1.35e+02    -  7.04e-03 6.93e-08h  2
 921r-9.7547963e+03 8.69e-05 1.00e+03  -4.4 0.00e+00    -  0.00e+00 1.50e-07R  2
 922r-9.7547963e+03 8.66e-05 1.01e+03  -4.4 8.62e+00    -  1.82e-03 2.48e-03f  1
 923 -9.7547963e+03 8.66e-05 1.43e+06  -6.0 1.35e+02    -  7.04e-03 7.80e-08h  2
 924r-9.7547963e+03 8.66e-05 1.00e+03  -4.4 0.00e+00    -  0.00e+00 1.52e-07R  2
 925r-9.7547962e+03 8.65e-05 9.98e+02  -4.4 9.61e+00    -  1.67e-03 1.32e-03f  1
 926 -9.7547962e+03 8.65e-05 1.63e+06  -6.0 1.35e+02    -  7.04e-03 6.22e-08h  2
 927r-9.7547962e+03 8.65e-05 1.00e+03  -4.4 0.00e+00    -  0.00e+00 1.50e-07R  2
 928r-9.7547962e+03 8.63e-05 1.88e+03  -4.4 8.46e+00    -  9.42e-02 2.68e-03f  1
 929 -9.7547962e+03 8.63e-05 1.64e+06  -6.0 1.35e+02    -  7.04e-03 7.81e-08h  2
iter    objective    inf_pr   inf_du lg(mu)  ||d||  lg(rg) alpha_du alpha_pr  ls
 930r-9.7547962e+03 8.63e-05 1.00e+03  -4.4 0.00e+00    -  0.00e+00 1.53e-07R  2
 931r-9.7547961e+03 8.60e-05 1.24e+03  -4.4 9.51e+00    -  6.62e-02 2.26e-03f  1
 932 -9.7547961e+03 8.60e-05 1.04e+06  -6.0 1.35e+02    -  7.04e-03 7.88e-08h  2
 933r-9.7547961e+03 8.60e-05 1.00e+03  -4.4 0.00e+00    -  0.00e+00 1.54e-07R  2
 934r-9.7547960e+03 8.58e-05 1.00e+03  -4.4 8.32e+00    -  2.14e-03 2.31e-03f  1
 935 -9.7547961e+03 8.58e-05 1.27e+06  -6.0 1.35e+02    -  7.04e-03 7.99e-08h  2
 936r-9.7547961e+03 8.58e-05 1.00e+03  -4.4 0.00e+00    -  0.00e+00 1.55e-07R  2
 937r-9.7547960e+03 8.56e-05 1.07e+03  -4.4 9.61e+00    -  5.29e-02 1.84e-03f  1
 938 -9.7547960e+03 8.56e-05 1.12e+06  -6.0 1.35e+02    -  7.04e-03 7.22e-08h  2
 939r-9.7547960e+03 8.56e-05 1.00e+03  -4.4 0.00e+00    -  0.00e+00 1.54e-07R  2
iter    objective    inf_pr   inf_du lg(mu)  ||d||  lg(rg) alpha_du alpha_pr  ls
 940r-9.7547960e+03 8.55e-05 1.26e+03  -4.4 8.31e+00    -  6.92e-02 1.92e-03f  1
 941 -9.7547960e+03 8.55e-05 1.24e+06  -6.0 1.35e+02    -  7.04e-03 6.98e-08h  2
 942r-9.7547960e+03 8.55e-05 1.00e+03  -4.4 0.00e+00    -  0.00e+00 1.54e-07R  2
 943r-9.7547959e+03 8.52e-05 1.26e+03  -4.4 9.51e+00    -  6.69e-02 2.24e-03f  1
 944 -9.7547959e+03 8.52e-05 1.35e+06  -6.0 1.35e+02    -  7.04e-03 7.42e-08h  2
 945r-9.7547959e+03 8.52e-05 1.00e+03  -4.4 0.00e+00    -  0.00e+00 1.55e-07R  2
 946r-9.7547959e+03 8.50e-05 9.98e+02  -4.4 8.35e+00    -  2.10e-03 2.03e-03f  1
 947 -9.7547959e+03 8.50e-05 7.08e+05  -6.0 1.35e+02    -  7.04e-03 7.29e-08h  2
 948r-9.7547959e+03 8.50e-05 1.00e+03  -4.4 0.00e+00    -  0.00e+00 1.55e-07R  2
 949r-9.7547958e+03 8.49e-05 9.97e+02  -4.4 9.32e+00    -  2.65e-02 1.90e-03f  1
iter    objective    inf_pr   inf_du lg(mu)  ||d||  lg(rg) alpha_du alpha_pr  ls
 950 -9.7547958e+03 8.49e-05 2.00e+06  -6.0 1.35e+02    -  7.04e-03 6.99e-08h  2
 951r-9.7547958e+03 8.49e-05 1.00e+03  -4.4 0.00e+00    -  0.00e+00 1.55e-07R  2
 952r-9.7547958e+03 8.47e-05 9.97e+02  -4.4 8.24e+00    -  8.03e-03 2.06e-03f  1
 953 -9.7547958e+03 8.47e-05 1.16e+06  -6.0 1.35e+02    -  7.04e-03 7.12e-08h  2
 954r-9.7547958e+03 8.47e-05 1.00e+03  -4.4 0.00e+00    -  0.00e+00 1.56e-07R  2
 955r-9.7547957e+03 8.45e-05 9.97e+02  -4.4 9.37e+00    -  5.00e-02 2.12e-03f  1
 956 -9.7547957e+03 8.45e-05 1.26e+06  -6.0 1.35e+02    -  7.04e-03 7.30e-08h  2
 957r-9.7547957e+03 8.45e-05 1.00e+03  -4.4 0.00e+00    -  0.00e+00 1.57e-07R  2
 958r-9.7547957e+03 8.43e-05 1.22e+03  -4.4 8.49e+00    -  6.58e-02 2.07e-03f  1
 959 -9.7547957e+03 8.43e-05 1.25e+06  -6.0 1.35e+02    -  7.04e-03 7.29e-08h  2
iter    objective    inf_pr   inf_du lg(mu)  ||d||  lg(rg) alpha_du alpha_pr  ls
 960r-9.7547957e+03 8.43e-05 1.00e+03  -4.4 0.00e+00    -  0.00e+00 1.57e-07R  2
 961r-9.7547956e+03 8.41e-05 1.14e+03  -4.4 9.19e+00    -  6.08e-02 2.25e-03f  1
 962 -9.7547956e+03 8.41e-05 1.32e+06  -6.0 1.35e+02    -  7.04e-03 7.60e-08h  2
 963r-9.7547956e+03 8.41e-05 1.00e+03  -4.4 0.00e+00    -  0.00e+00 1.58e-07R  2
 964r-9.7547956e+03 8.39e-05 9.97e+02  -4.4 8.43e+00    -  4.92e-02 1.90e-03f  1
 965 -9.7547956e+03 8.39e-05 1.10e+06  -6.0 1.35e+02    -  7.04e-03 7.14e-08h  2
 966r-9.7547956e+03 8.39e-05 1.00e+03  -4.4 0.00e+00    -  0.00e+00 1.58e-07R  2
 967r-9.7547955e+03 8.37e-05 1.17e+03  -4.4 9.31e+00    -  6.27e-02 1.95e-03f  1
 968 -9.7547955e+03 8.37e-05 1.51e+06  -6.0 1.35e+02    -  7.04e-03 7.01e-08h  2
 969r-9.7547955e+03 8.37e-05 1.00e+03  -4.4 0.00e+00    -  0.00e+00 1.58e-07R  2
iter    objective    inf_pr   inf_du lg(mu)  ||d||  lg(rg) alpha_du alpha_pr  ls
 970r-9.7547955e+03 8.35e-05 9.97e+02  -4.4 8.51e+00    -  1.40e-02 1.97e-03f  1
 971 -9.7547955e+03 8.35e-05 1.14e+06  -6.0 1.35e+02    -  7.04e-03 6.98e-08h  2
 972r-9.7547955e+03 8.35e-05 1.00e+03  -4.4 0.00e+00    -  0.00e+00 1.59e-07R  2
 973r-9.7547954e+03 8.33e-05 1.13e+03  -4.4 9.07e+00    -  5.15e-02 2.03e-03f  1
 974 -9.7547954e+03 8.33e-05 1.29e+06  -6.0 1.35e+02    -  7.04e-03 7.06e-08h  2
 975r-9.7547954e+03 8.33e-05 1.00e+03  -4.4 0.00e+00    -  0.00e+00 1.59e-07R  2
 976r-9.7547954e+03 8.31e-05 1.22e+03  -4.4 8.34e+00    -  6.62e-02 2.00e-03f  1
 977 -9.7547954e+03 8.31e-05 1.17e+06  -6.0 1.35e+02    -  7.04e-03 7.06e-08h  2
 978r-9.7547954e+03 8.31e-05 1.00e+03  -4.4 0.00e+00    -  0.00e+00 1.60e-07R  2
 979r-9.7547953e+03 8.29e-05 9.97e+02  -4.4 9.23e+00    -  1.20e-02 2.50e-03f  1
iter    objective    inf_pr   inf_du lg(mu)  ||d||  lg(rg) alpha_du alpha_pr  ls
 980 -9.7547953e+03 8.29e-05 1.32e+06  -6.0 1.35e+02    -  7.04e-03 7.94e-08h  2
 981r-9.7547953e+03 8.29e-05 1.00e+03  -4.4 0.00e+00    -  0.00e+00 1.62e-07R  2
 982r-9.7547953e+03 8.27e-05 9.97e+02  -4.4 8.53e+00    -  4.75e-02 1.99e-03f  1
 983 -9.7547953e+03 8.27e-05 2.31e+06  -6.0 1.35e+02    -  7.04e-03 7.48e-08h  2
 984r-9.7547953e+03 8.27e-05 1.00e+03  -4.4 0.00e+00    -  0.00e+00 1.61e-07R  2
 985r-9.7547952e+03 8.25e-05 1.00e+03  -4.4 8.86e+00    -  1.38e-03 1.76e-03f  1
 986 -9.7547952e+03 8.25e-05 1.13e+06  -6.0 1.35e+02    -  7.04e-03 6.84e-08h  2
 987r-9.7547952e+03 8.25e-05 1.00e+03  -4.4 0.00e+00    -  0.00e+00 1.61e-07R  2
 988r-9.7547952e+03 8.23e-05 1.28e+03  -4.4 8.66e+00    -  6.77e-02 2.28e-03f  1
 989 -9.7547952e+03 8.23e-05 1.45e+06  -6.0 1.36e+02    -  7.04e-03 7.45e-08h  2
iter    objective    inf_pr   inf_du lg(mu)  ||d||  lg(rg) alpha_du alpha_pr  ls
 990r-9.7547952e+03 8.23e-05 1.00e+03  -4.4 0.00e+00    -  0.00e+00 1.62e-07R  2
 991r-9.7547951e+03 8.21e-05 9.97e+02  -4.4 9.13e+00    -  3.58e-03 2.34e-03f  1
 992 -9.7547951e+03 8.21e-05 9.74e+05  -6.0 1.36e+02    -  7.04e-03 7.85e-08h  2
 993r-9.7547951e+03 8.21e-05 1.00e+03  -4.4 0.00e+00    -  0.00e+00 1.63e-07R  2
 994r-9.7547951e+03 8.20e-05 9.97e+02  -4.4 8.49e+00    -  3.36e-03 1.67e-03f  1
 995 -9.7547951e+03 8.20e-05 1.75e+06  -6.0 1.36e+02    -  7.04e-03 6.87e-08h  2
 996r-9.7547951e+03 8.20e-05 1.00e+03  -4.4 0.00e+00    -  0.00e+00 1.62e-07R  2
 997r-9.7547950e+03 8.18e-05 2.27e+03  -4.4 9.04e+00    -  1.15e-01 1.96e-03f  1
 998 -9.7547950e+03 8.18e-05 1.32e+06  -6.0 1.36e+02    -  7.04e-03 6.90e-08h  2
 999r-9.7547950e+03 8.18e-05 1.00e+03  -4.4 0.00e+00    -  0.00e+00 1.63e-07R  2
iter    objective    inf_pr   inf_du lg(mu)  ||d||  lg(rg) alpha_du alpha_pr  ls
1000r-9.7547950e+03 8.16e-05 1.07e+03  -4.4 8.31e+00    -  6.70e-02 1.96e-03f  1

Number of Iterations....: 1000

                                   (scaled)                 (unscaled)
Objective...............:  -9.7547950000234941e+03   -9.7547950000234941e+03
Dual infeasibility......:   1.0711794952051450e+03    1.0711794952051450e+03
Constraint violation....:   3.6733468348448947e-05    8.1601508085782370e-05
Complementarity.........:   9.2646358583393194e+03    9.2646358583393194e+03
Overall NLP error.......:   9.2646358583393194e+03    9.2646358583393194e+03


Number of objective function evaluations             = 2401
Number of objective gradient evaluations             = 796
Number of equality constraint evaluations            = 2401
Number of inequality constraint evaluations          = 2401
Number of equality constraint Jacobian evaluations   = 1225
Number of inequality constraint Jacobian evaluations = 1225
Number of Lagrangian Hessian evaluations             = 1000
Total CPU secs in IPOPT (w/o function evaluations)   =    910.342
Total CPU secs in NLP function evaluations           =     30.912

EXIT: Maximum Number of Iterations Exceeded.
