
List of user-set options:

                                    Name   Value                used
                           compl_inf_tol = 1                     yes
                         constr_viol_tol = 1                     yes
                            dual_inf_tol = 1000                  yes
                           linear_solver = ma97                  yes
                              ma86_small = 1e-30                  no
                                  ma86_u = 0.0001                 no
                              ma97_order = best                  yes
                              ma97_small = 1e-30                 yes
                            ma97_switch1 = at_start              yes
                            ma97_switch2 = od_hd_reuse           yes
                                  ma97_u = 1e-06                 yes
                               ma97_umax = 0.5                   yes
                                max_iter = 1000                  yes
                    max_refinement_steps = 20                    yes
                    min_refinement_steps = 5                     yes
                                 mu_init = 1e-06                 yes
           mu_superlinear_decrease_power = 1.25                  yes
                   nlp_scaling_min_value = 1e-08                 yes
                        option_file_name = Preset_Case_683_pf.opt  yes
                             output_file = ./tmp/Preset_Case_683_pf.output  yes
                      print_user_options = yes                   yes
        required_infeasibility_reduction = 1                      no
                                     tol = 1e-08                 yes
                   warm_start_bound_frac = 1e-20                 yes
                   warm_start_bound_push = 1e-20                 yes
                   warm_start_init_point = yes                   yes
              warm_start_mult_bound_push = 1e-20                 yes
                warm_start_mult_init_max = 1e+40                 yes
             warm_start_slack_bound_frac = 1e-20                 yes
             warm_start_slack_bound_push = 1e-20                 yes

******************************************************************************
This program contains Ipopt, a library for large-scale nonlinear optimization.
 Ipopt is released as open source code under the Eclipse Public License (EPL).
         For more information visit http://projects.coin-or.org/Ipopt
******************************************************************************

This is Ipopt version 3.12.10, running with linear solver ma97.

Number of nonzeros in equality constraint Jacobian...:   123442
Number of nonzeros in inequality constraint Jacobian.:      213
Number of nonzeros in Lagrangian Hessian.............:    49069

Total number of variables............................:    31591
                     variables with only lower bounds:    12912
                variables with lower and upper bounds:    15130
                     variables with only upper bounds:        0
Total number of equality constraints.................:    31483
Total number of inequality constraints...............:       25
        inequality constraints with only lower bounds:        4
   inequality constraints with lower and upper bounds:        0
        inequality constraints with only upper bounds:       21

iter    objective    inf_pr   inf_du lg(mu)  ||d||  lg(rg) alpha_du alpha_pr  ls
   0 -4.9255811e+00 4.08e-03 1.02e+00  -6.0 0.00e+00    -  0.00e+00 0.00e+00   0
   1 -4.9333273e+00 9.58e+00 4.85e+01  -6.0 2.89e+05    -  1.21e-04 1.66e-03h  1
   2 -4.9332855e+00 9.58e+00 4.85e+01  -6.0 1.43e+03    -  1.17e-04 3.30e-05h  1
   3 -4.9279530e+00 9.56e+00 1.39e+02  -6.0 1.48e+04    -  8.63e-05 2.23e-03h  1
   4 -4.9253126e+00 9.54e+00 1.24e+02  -6.0 1.71e+03    -  4.45e-02 2.13e-03h  1
   5 -4.9249797e+00 9.54e+00 1.24e+02  -6.0 1.50e+03    -  2.29e-03 2.66e-04h  8
   6 -4.9248090e+00 9.54e+00 1.24e+02  -6.0 1.70e+03    -  7.53e-03 1.39e-04h 10
   7 -4.9247965e+00 9.54e+00 1.24e+02  -6.0 1.70e+03    -  3.97e-03 1.02e-05h 14
   8r-4.9247965e+00 9.54e+00 9.99e+02   1.0 0.00e+00    -  0.00e+00 3.44e-07R 19
   9r-4.9277772e+00 9.54e+00 2.49e+03   1.0 1.45e+06    -  8.33e-08 9.15e-09f  1
iter    objective    inf_pr   inf_du lg(mu)  ||d||  lg(rg) alpha_du alpha_pr  ls
  10 -4.9277474e+00 9.54e+00 1.26e+03  -6.0 5.20e+02    -  8.06e-04 2.24e-05h  1
  11 -4.9266860e+00 9.53e+00 3.39e+04  -6.0 3.48e+02    -  2.35e-05 6.11e-04h  1
  12 -4.9248094e+00 9.52e+00 3.38e+04  -6.0 3.57e+02    -  6.44e-04 1.09e-03h  1
  13 -4.9233664e+00 9.51e+00 3.38e+04  -6.0 3.54e+02    -  2.03e-03 8.43e-04h  1
  14 -4.9203360e+00 9.49e+00 3.37e+04  -6.0 3.58e+02    -  2.01e-03 1.79e-03h  3
  15 -4.9187870e+00 9.49e+00 3.37e+04  -6.0 3.30e+02    -  1.71e-03 7.40e-04h  6
  16 -4.9179472e+00 9.48e+00 3.37e+04  -6.0 3.31e+02    -  1.50e-03 3.77e-04h  7
  17 -4.9174049e+00 9.48e+00 3.37e+04  -6.0 3.30e+02    -  7.12e-04 2.51e-04h  8
  18 -4.9173681e+00 9.48e+00 3.37e+04  -6.0 3.29e+02    -  9.49e-03 1.67e-05h 12
  19 -4.8108788e+00 9.02e+00 3.20e+04  -6.0 3.33e+02    -  6.87e-04 4.86e-02h  1
iter    objective    inf_pr   inf_du lg(mu)  ||d||  lg(rg) alpha_du alpha_pr  ls
  20 -4.7757575e+00 8.87e+00 3.15e+04  -6.0 3.41e+02    -  6.13e-02 1.73e-02h  1
  21 -4.3280753e+00 7.01e+00 8.54e+04  -6.0 3.36e+02    -  4.41e-02 2.18e-01h  1
  22 -4.2157569e+00 6.58e+00 7.67e+04  -6.0 3.08e+02    -  8.35e-03 6.20e-02h  1
  23 -4.1832527e+00 6.42e+00 7.46e+04  -6.0 3.13e+02    -  3.25e-01 2.37e-02h  1
  24 -4.1301985e+00 6.24e+00 7.17e+04  -6.0 3.16e+02    -  1.85e-01 2.87e-02h  1
  25 -3.1530023e+00 8.14e+00 4.71e+05  -6.0 3.30e+02    -  2.71e-01 1.00e+00H  1
  26 -3.1537256e+00 4.99e+00 2.66e+05  -6.0 7.73e+01    -  3.61e-01 3.93e-01h  1
  27 -3.2755890e+00 1.60e+00 2.71e+09  -6.0 7.80e+01    -  4.95e-01 7.61e-01h  1
  28 -3.8211468e+00 2.22e+00 6.61e+09  -6.0 6.39e+01    -  4.75e-02 7.98e-01h  1
  29 -3.8664825e+00 2.10e+00 6.26e+09  -6.0 4.80e+01  -4.0 2.82e-02 5.22e-02h  1
iter    objective    inf_pr   inf_du lg(mu)  ||d||  lg(rg) alpha_du alpha_pr  ls
  30 -3.9963164e+00 1.91e+00 5.60e+09  -6.0 6.09e+01  -4.5 1.14e-01 1.02e-01h  1
  31 -4.8822900e+00 1.57e+00 1.38e+09  -6.0 5.94e+01    -  1.00e-01 6.74e-01h  1
  32 -4.9688075e+00 1.23e+00 1.03e+09  -6.0 5.79e+01    -  2.99e-01 2.57e-01h  1
  33 -5.0771794e+00 1.12e+00 8.54e+08  -6.0 6.62e+01    -  2.31e-02 1.70e-01h  1
  34 -5.0916814e+00 9.71e-01 7.17e+08  -6.0 8.14e+01    -  3.44e-01 1.61e-01h  1
  35 -5.0482260e+00 5.35e-01 3.76e+08  -6.0 5.94e+01    -  2.47e-01 4.77e-01h  1
  36 -5.0676519e+00 3.36e-01 2.32e+08  -6.0 6.29e+01    -  7.00e-01 3.82e-01h  1
  37 -5.1091443e+00 2.12e-01 9.39e+07  -6.0 1.76e+02    -  4.08e-01 5.90e-01h  1
  38 -5.2228316e+00 4.23e+00 7.00e+05  -6.0 6.90e+01    -  1.20e-01 1.00e+00h  1
  39 -5.2004130e+00 1.60e+00 3.85e+05  -6.0 6.14e+01    -  2.96e-01 6.17e-01h  1
iter    objective    inf_pr   inf_du lg(mu)  ||d||  lg(rg) alpha_du alpha_pr  ls
  40 -5.1931477e+00 1.48e-01 1.12e+05  -6.0 7.36e+01    -  2.62e-01 1.00e+00h  1
  41 -5.2317951e+00 1.47e+01 3.29e+04  -6.0 9.96e+01    -  8.02e-01 7.50e-01h  1
  42 -5.2355481e+00 1.26e+01 7.94e+04  -6.0 2.08e+02    -  1.96e-02 1.44e-01h  1
  43 -5.2366124e+00 1.17e+01 7.69e+04  -6.0 1.77e+02    -  5.23e-01 6.93e-02h  1
  44 -5.2451064e+00 8.19e+00 5.76e+04  -6.0 2.24e+02    -  1.32e-01 3.14e-01h  1
  45 -5.2539508e+00 4.88e+00 3.32e+04  -6.0 2.43e+02    -  4.27e-01 4.24e-01h  1
  46 -5.2626016e+00 2.91e+00 1.88e+04  -6.0 3.66e+02    -  4.79e-01 4.36e-01h  1
  47 -5.2700740e+00 2.25e+00 1.40e+04  -6.0 5.45e+02    -  2.42e-01 2.55e-01h  1
  48 -5.2856542e+00 1.87e+00 4.57e+03  -6.0 6.01e+02    -  3.03e-01 6.80e-01h  1
  49 -5.2944115e+00 1.71e+01 5.17e+03  -6.0 2.33e+03    -  1.58e-02 4.23e-01h  1
iter    objective    inf_pr   inf_du lg(mu)  ||d||  lg(rg) alpha_du alpha_pr  ls
  50 -5.3010124e+00 1.47e-01 8.76e+03  -6.0 5.83e+01  -5.0 1.57e-02 1.00e+00h  1
  51 -5.3013357e+00 1.46e-01 8.72e+03  -6.0 2.62e+03    -  5.70e-01 5.50e-03h  1
  52 -5.3186089e+00 2.97e+00 4.69e+03  -6.0 9.05e+02    -  5.45e-02 4.66e-01h  1
  53 -5.3366518e+00 7.54e+00 3.83e+03  -6.0 6.81e+02    -  7.55e-01 1.00e+00h  1
  54 -5.3394615e+00 6.48e+00 1.92e+04  -6.0 1.83e+03    -  4.67e-01 1.46e-01h  1
  55 -5.3431182e+00 1.60e+01 3.23e+04  -6.0 3.57e+03    -  4.82e-01 1.94e-01h  1
  56 -5.3523833e+00 4.10e+01 2.34e+03  -6.0 2.44e+03    -  3.13e-01 5.10e-01h  1
  57 -5.3569919e+00 4.82e+01 4.61e+04  -6.0 4.76e+03    -  2.65e-02 2.83e-01h  1
  58 -5.3641702e+00 4.54e+01 1.23e+04  -6.0 2.86e+03    -  5.00e-01 4.16e-01h  1
  59 -5.3740543e+00 2.52e+01 2.69e+05  -6.0 1.49e+03    -  2.70e-03 5.54e-01h  1
iter    objective    inf_pr   inf_du lg(mu)  ||d||  lg(rg) alpha_du alpha_pr  ls
  60 -5.3798840e+00 1.92e+01 2.20e+05  -6.0 8.46e+02    -  5.63e-01 2.62e-01h  1
  61 -5.3938040e+00 1.68e+01 8.12e+05  -6.0 1.39e+03    -  9.34e-01 5.18e-01h  1
  62r-5.3938040e+00 1.68e+01 1.00e+03   1.1 0.00e+00    -  0.00e+00 2.53e-07R  2
  63r-5.4075416e+00 1.68e+01 1.00e+03   1.1 7.62e+04    -  2.85e-07 1.20e-07f  1
  64 -5.4072451e+00 1.65e+01 6.10e+03  -6.0 1.52e+01    -  2.89e-06 1.77e-02h  1
  65 -5.3992423e+00 8.53e+00 3.15e+03  -6.0 1.50e+01    -  9.43e-02 4.82e-01h  1
  66 -5.3979013e+00 7.37e+00 2.72e+03  -6.0 7.98e+00    -  2.87e-01 1.37e-01h  1
  67 -5.3963065e+00 6.11e+00 2.25e+03  -6.0 7.33e+00    -  7.49e-01 1.70e-01h  1
  68 -5.3841312e+00 3.43e-01 1.20e+02  -6.0 4.31e+01    -  3.03e-01 1.00e+00h  1
  69 -5.3856448e+00 2.41e-01 7.59e+01  -6.0 8.03e+00    -  5.19e-01 2.94e-01h  1
iter    objective    inf_pr   inf_du lg(mu)  ||d||  lg(rg) alpha_du alpha_pr  ls
  70 -5.3898421e+00 1.34e-02 1.27e+01  -6.0 8.35e+00    -  6.93e-01 1.00e+00f  1
  71 -5.3903803e+00 2.57e-03 7.94e-01  -6.0 5.58e+00    -  9.41e-01 8.76e-01h  1
  72 -5.3914177e+00 1.50e-02 4.07e+00  -6.0 4.93e+01    -  9.17e-01 3.57e-01h  1
  73 -5.3945917e+00 9.42e-02 6.07e+00  -6.0 1.03e+02    -  8.93e-01 4.94e-01f  1
  74 -5.3942821e+00 1.15e-02 2.15e-01  -6.0 5.95e+00  -5.4 9.98e-01 1.00e+00h  1
  75 -5.3985461e+00 6.14e-01 1.86e+01  -6.0 9.61e+02    -  5.65e-01 1.88e-01h  1
  76 -5.3988781e+00 7.47e-01 2.60e+03  -6.0 3.55e+02    -  7.62e-06 1.71e-01H  1
  77 -5.4014656e+00 1.72e+00 6.33e+02  -6.0 3.71e+02    -  9.94e-01 7.57e-01h  1
  78 -5.4019778e+00 1.34e+00 4.92e+02  -6.0 4.56e+02    -  1.00e+00 2.22e-01h  1
  79 -5.4036122e+00 6.19e-01 3.63e+00  -6.0 1.84e+02    -  6.75e-01 1.00e+00h  1
iter    objective    inf_pr   inf_du lg(mu)  ||d||  lg(rg) alpha_du alpha_pr  ls
  80 -5.4035322e+00 5.00e-01 8.14e+00  -6.0 4.39e+02    -  1.00e+00 2.20e-01h  1
  81 -5.4034483e+00 3.84e-01 7.87e+00  -6.0 4.17e+02    -  7.21e-01 2.50e-01h  3
  82 -5.4034103e+00 4.40e-01 1.51e+01  -6.0 6.15e+02    -  1.00e+00 1.25e-01h  4
  83 -5.4033917e+00 4.52e-01 2.18e+01  -6.0 7.49e+02    -  1.00e+00 6.25e-02h  5
  84 -5.4033735e+00 4.68e-01 2.50e+01  -6.0 7.92e+02    -  1.00e+00 6.25e-02h  5
  85 -5.4031495e+00 5.72e-01 2.89e-01  -6.0 1.78e+02    -  1.00e+00 1.00e+00h  1
  86 -5.4030722e+00 6.48e-01 4.47e+02  -6.0 2.62e+02    -  1.00e+00 1.00e+00H  1
  87 -5.4030842e+00 4.27e-01 1.48e-01  -6.0 1.54e+02    -  1.00e+00 1.00e+00h  1
  88 -5.4030831e+00 8.98e-07 1.34e-05  -6.0 2.04e-01    -  1.00e+00 1.00e+00h  1
  89 -5.4033616e+00 8.39e+00 6.94e+01  -7.5 9.73e+02    -  4.26e-01 6.65e-01h  1
iter    objective    inf_pr   inf_du lg(mu)  ||d||  lg(rg) alpha_du alpha_pr  ls
  90 -5.4033628e+00 5.76e+00 1.10e+02  -7.5 5.42e+02    -  2.36e-01 8.25e-01h  1
  91 -5.4033393e+00 9.08e-01 4.25e+01  -7.5 2.00e+02    -  6.66e-01 1.00e+00h  1
  92 -5.4033449e+00 3.76e+00 1.39e+01  -7.5 6.18e+02    -  6.73e-01 5.00e-01h  2
  93 -5.4033389e+00 8.66e-02 1.82e-02  -7.5 6.27e+01    -  1.00e+00 1.00e+00h  1
  94 -5.4033387e+00 1.14e-03 8.57e-05  -7.5 7.13e+00    -  1.00e+00 1.00e+00h  1
  95 -5.4033387e+00 3.30e-08 2.95e-09  -7.5 3.78e-02    -  1.00e+00 1.00e+00h  1
  96 -5.4033406e+00 1.14e-01 9.87e-01  -9.0 8.77e+01    -  9.33e-01 8.25e-01h  1
  97 -5.4033408e+00 1.05e-02 1.75e-03  -9.0 2.18e+01    -  1.00e+00 1.00e+00h  1
  98 -5.4033408e+00 1.26e-06 8.25e-08  -9.0 2.29e-01    -  1.00e+00 1.00e+00h  1
  99 -5.4033408e+00 2.91e-10 4.34e-11  -9.0 6.92e-05    -  1.00e+00 1.00e+00h  1

Number of Iterations....: 99

                                   (scaled)                 (unscaled)
Objective...............:  -4.2213599663337966e+00   -5.4033407569072596e+00
Dual infeasibility......:   4.3391936562749554e-11    5.5541678800319430e-11
Constraint violation....:   2.9149193410578367e-10    2.9149193410578367e-10
Complementarity.........:   9.1849597281681036e-10    1.1756748452055173e-09
Overall NLP error.......:   9.1849597281681036e-10    1.1756748452055173e-09


Number of objective function evaluations             = 206
Number of objective gradient evaluations             = 100
Number of equality constraint evaluations            = 206
Number of inequality constraint evaluations          = 206
Number of equality constraint Jacobian evaluations   = 102
Number of inequality constraint Jacobian evaluations = 102
Number of Lagrangian Hessian evaluations             = 99
Total CPU secs in IPOPT (w/o function evaluations)   =    185.702
Total CPU secs in NLP function evaluations           =      4.296

EXIT: Optimal Solution Found.
