
List of user-set options:

                                    Name   Value                used
                           compl_inf_tol = 1                     yes
                         constr_viol_tol = 1                     yes
                            dual_inf_tol = 1000                  yes
                           linear_solver = ma97                  yes
                              ma86_small = 1e-30                  no
                                  ma86_u = 0.0001                 no
                              ma97_order = best                  yes
                              ma97_small = 1e-30                 yes
                            ma97_switch1 = at_start              yes
                            ma97_switch2 = od_hd_reuse           yes
                                  ma97_u = 1e-06                 yes
                               ma97_umax = 0.5                   yes
                                max_iter = 1000                  yes
                    max_refinement_steps = 20                    yes
                    min_refinement_steps = 5                     yes
                                 mu_init = 1e-06                 yes
           mu_superlinear_decrease_power = 1.25                  yes
                   nlp_scaling_min_value = 1e-08                 yes
                        option_file_name = Preset_Case_876_pf.opt  yes
                             output_file = ./tmp/Preset_Case_876_pf.output  yes
                      print_user_options = yes                   yes
        required_infeasibility_reduction = 1                      no
                                     tol = 1e-08                 yes
                   warm_start_bound_frac = 1e-20                 yes
                   warm_start_bound_push = 1e-20                 yes
                   warm_start_init_point = yes                   yes
              warm_start_mult_bound_push = 1e-20                 yes
                warm_start_mult_init_max = 1e+40                 yes
             warm_start_slack_bound_frac = 1e-20                 yes
             warm_start_slack_bound_push = 1e-20                 yes

******************************************************************************
This program contains Ipopt, a library for large-scale nonlinear optimization.
 Ipopt is released as open source code under the Eclipse Public License (EPL).
         For more information visit http://projects.coin-or.org/Ipopt
******************************************************************************

This is Ipopt version 3.12.10, running with linear solver ma97.

Number of nonzeros in equality constraint Jacobian...:   117285
Number of nonzeros in inequality constraint Jacobian.:      213
Number of nonzeros in Lagrangian Hessian.............:    47506

Total number of variables............................:    30050
                     variables with only lower bounds:    11392
                variables with lower and upper bounds:    15128
                     variables with only upper bounds:        0
Total number of equality constraints.................:    29944
Total number of inequality constraints...............:       25
        inequality constraints with only lower bounds:        4
   inequality constraints with lower and upper bounds:        0
        inequality constraints with only upper bounds:       21

iter    objective    inf_pr   inf_du lg(mu)  ||d||  lg(rg) alpha_du alpha_pr  ls
   0 -1.3391715e+01 2.89e-01 1.01e+02  -6.0 0.00e+00    -  0.00e+00 0.00e+00   0
In iteration 0, 2 Slacks too small, adjusting variable bounds
   1 -1.3391715e+01 2.89e-01 9.94e+03  -6.0 2.73e+12    -  9.94e-13 1.60e-21f  1
   2 -1.3420069e+01 2.71e-01 9.39e+03  -6.0 2.46e+02    -  5.51e-02 5.84e-02f  1
   3 -1.3420067e+01 2.71e-01 1.30e+05  -6.0 1.51e+02    -  3.28e-01 3.74e-05h  1
   4 -1.3421680e+01 1.77e-01 6.36e+04  -6.0 2.00e+02    -  1.84e-01 3.49e-01f  1
   5 -1.3420737e+01 1.76e-01 1.25e+05  -6.0 2.84e+02    -  3.06e-01 1.98e-03h  4
   6 -1.3420596e+01 1.76e-01 1.39e+05  -6.0 2.95e+02    -  2.96e-01 3.26e-04h 10
   7 -1.3420592e+01 1.76e-01 1.37e+05  -6.0 3.11e+02    -  1.34e-01 1.03e-05h 15
   8 -1.3360600e+01 1.46e-01 1.13e+05  -6.0 3.20e+02    -  1.70e-01 1.70e-01s 20
   9 -1.3361752e+01 1.41e-01 1.10e+05  -6.0 3.02e+02    -  3.41e-02 3.41e-02s 20
iter    objective    inf_pr   inf_du lg(mu)  ||d||  lg(rg) alpha_du alpha_pr  ls
  10 -1.3363979e+01 1.37e-01 1.06e+05  -6.0 3.04e+02    -  3.66e-02 3.66e-02s 20
  11 -1.3381998e+01 1.73e-01 8.69e+04  -6.0 3.05e+02    -  1.78e-01 1.78e-01s 20
  12 -1.3468565e+01 2.70e-01 6.78e+04  -6.0 3.09e+02    -  4.33e-01 0.00e+00S 20
  13 -1.3581596e+01 2.69e-01 6.99e+03  -6.0 3.39e+02    -  4.30e-01 9.88e-02h  1
  14 -1.3683281e+01 1.22e+00 4.83e+04  -6.0 2.25e+02    -  4.20e-01 1.96e-01h  1
  15 -1.3864951e+01 1.99e+00 2.68e+04  -6.0 2.56e+02    -  1.30e-01 1.66e-01h  1
  16 -1.3895198e+01 2.36e+00 2.36e+04  -6.0 2.11e+02    -  1.07e-01 9.33e-02h  1
  17 -1.4006032e+01 2.47e+00 2.10e+04  -6.0 2.69e+02    -  1.07e-01 1.11e-01h  1
  18 -1.4177549e+01 2.36e+00 1.66e+04  -6.0 2.83e+02    -  1.22e-01 1.54e-01h  1
  19 -1.4216047e+01 2.30e+00 1.61e+04  -6.0 3.21e+02    -  1.75e-01 2.66e-02h  1
iter    objective    inf_pr   inf_du lg(mu)  ||d||  lg(rg) alpha_du alpha_pr  ls
  20 -1.4500649e+01 2.97e+00 1.29e+04  -6.0 3.48e+02    -  2.31e-01 1.98e-01h  1
  21 -1.4616411e+01 2.81e+00 1.21e+04  -6.0 4.32e+02    -  7.61e-02 6.72e-02h  1
  22 -1.4786692e+01 2.71e+00 9.63e+03  -6.0 3.76e+02    -  4.98e-03 2.01e-01h  1
  23 -1.4807396e+01 2.65e+00 9.38e+03  -6.0 4.05e+02    -  3.41e-01 2.65e-02h  1
  24 -1.5143647e+01 6.68e+00 6.97e+03  -6.0 7.88e+02    -  4.21e-01 2.56e-01h  1
  25 -1.5143693e+01 6.68e+00 1.37e+05  -6.0 1.30e+04    -  3.60e-02 2.74e-06h  1
  26 -1.5439389e+01 9.91e+00 1.49e+05  -6.0 2.43e+03    -  2.25e-01 9.95e-02f  1
  27 -1.5430500e+01 9.82e+00 1.42e+05  -6.0 1.19e+03    -  1.15e-01 1.00e-02h  1
  28 -1.5430988e+01 9.27e+00 6.94e+04  -6.0 1.20e+02  -4.0 9.11e-02 5.72e-02h  1
  29 -1.5423734e+01 8.99e+00 8.81e+04  -6.0 6.69e+01  -4.5 6.98e-02 3.25e-02h  1
iter    objective    inf_pr   inf_du lg(mu)  ||d||  lg(rg) alpha_du alpha_pr  ls
  30 -1.5402226e+01 5.21e+00 1.52e+05  -6.0 1.04e+02  -5.0 1.22e-01 4.29e-01h  1
  31 -1.5379202e+01 3.93e+00 8.74e+04  -6.0 1.35e+02  -5.4 4.00e-01 4.28e-01h  1
  32 -1.5376734e+01 1.29e+00 2.61e+04  -6.0 1.79e+02  -5.9 4.41e-01 7.12e-01h  1
  33 -1.5672733e+01 3.03e+00 3.58e+04  -6.0 6.35e+02  -6.4 1.64e-01 7.02e-01h  1
  34 -1.5673000e+01 3.03e+00 2.32e+04  -6.0 5.41e+03  -6.9 1.05e-01 7.72e-05h  1
  35 -1.6489458e+01 1.39e+01 1.32e+05  -6.0 9.55e+02  -6.4 2.14e-02 1.00e+00f  1
  36 -1.6491117e+01 1.38e+01 1.11e+05  -6.0 5.40e+02  -6.0 4.80e-02 1.92e-03h  1
  37 -1.6657167e+01 8.63e+00 2.17e+05  -6.0 1.51e+02  -5.6 2.21e-02 3.80e-01f  1
  38 -1.6683780e+01 8.38e+00 1.36e+05  -6.0 5.58e+02  -6.1 1.48e-01 2.96e-02h  1
  39 -1.7058494e+01 8.21e+00 1.48e+05  -6.0 1.95e+03  -6.5 1.14e-01 1.42e-01h  1
iter    objective    inf_pr   inf_du lg(mu)  ||d||  lg(rg) alpha_du alpha_pr  ls
  40 -1.7124459e+01 8.10e+00 7.83e+04  -6.0 2.81e+03  -7.0 6.47e-02 1.77e-02h  1
  41 -1.7566850e+01 1.01e+01 6.62e+04  -6.0 5.67e+03  -7.5 8.76e-02 8.28e-02h  1
  42 -1.7703781e+01 9.35e+00 1.10e+05  -6.0 1.19e+03  -7.1 2.97e-01 8.50e-02h  1
  43 -1.8588497e+01 3.37e+01 5.53e+04  -6.0 9.23e+03  -7.5 8.90e-02 2.75e-01h  1
  44 -1.9128358e+01 1.39e+01 1.43e+06  -6.0 9.90e+02  -7.1 8.73e-02 6.10e-01h  1
  45 -1.9777854e+01 2.09e+01 1.00e+06  -6.0 1.77e+03  -7.6 3.29e-02 5.13e-01h  1
  46 -1.9851042e+01 2.03e+01 1.05e+06  -6.0 4.08e+03  -8.1 2.46e-02 4.38e-02h  1
  47 -1.9881500e+01 1.96e+01 7.55e+05  -6.0 1.96e+03  -7.6 1.71e-01 3.62e-02h  1
  48 -2.0042236e+01 1.36e+01 1.15e+06  -6.0 1.52e+03  -7.2 4.81e-02 3.08e-01h  1
  49 -2.0186107e+01 5.84e+01 1.22e+06  -6.0 2.66e+04  -7.7 4.46e-02 5.78e-02h  1
iter    objective    inf_pr   inf_du lg(mu)  ||d||  lg(rg) alpha_du alpha_pr  ls
  50 -2.0290632e+01 5.64e+01 2.21e+06  -6.0 5.36e+03  -8.2 4.93e-06 1.18e-01h  1
  51 -2.0321882e+01 5.21e+01 5.53e+05  -6.0 7.36e+02  -6.8 2.39e-01 7.69e-02h  1
  52 -2.0421717e+01 5.03e+01 1.57e+06  -6.0 4.09e+03  -7.3 1.80e-01 9.70e-02h  1
  53r-2.0421717e+01 5.03e+01 1.00e+03   1.6 0.00e+00  -6.9 0.00e+00 4.34e-08R  2
  54r-2.0428030e+01 5.03e+01 1.00e+03   1.6 3.01e+05    -  3.24e-07 7.44e-08f  1
  55 -2.0428038e+01 5.02e+01 2.38e+02  -6.0 3.64e+01    -  8.83e-07 2.11e-04h  1
  56 -2.0428235e+01 4.98e+01 2.35e+02  -6.0 2.33e+01    -  2.10e-03 9.72e-03h  1
  57 -2.0429723e+01 4.55e+01 2.17e+02  -6.0 2.27e+01    -  4.24e-03 8.49e-02h  1
  58 -2.0429789e+01 4.45e+01 2.12e+02  -6.0 1.89e+01    -  1.07e-01 2.16e-02h  1
  59 -2.0430302e+01 3.75e+01 1.79e+02  -6.0 1.86e+01    -  4.24e-02 1.59e-01h  1
iter    objective    inf_pr   inf_du lg(mu)  ||d||  lg(rg) alpha_du alpha_pr  ls
  60 -2.0431784e+01 1.99e+01 9.50e+01  -6.0 1.58e+01    -  3.36e-01 4.69e-01h  1
  61 -2.0432075e+01 1.87e+01 2.22e+02  -6.0 9.29e+00    -  7.41e-01 5.76e-02h  1
  62 -2.0436540e+01 1.18e+01 1.46e+02  -6.0 1.29e+01    -  7.48e-01 3.70e-01h  1
  63 -2.0447475e+01 8.23e+00 8.51e+01  -6.0 3.10e+01    -  8.73e-01 3.04e-01h  1
  64 -2.0491979e+01 1.94e+00 1.55e+02  -6.0 1.33e+02    -  7.83e-01 7.88e-01h  1
  65 -2.0641415e+01 4.33e+00 3.06e+03  -6.0 6.26e+02    -  7.42e-01 6.87e-01h  1
  66 -2.0665232e+01 4.21e+00 1.62e+04  -6.0 1.73e+03  -7.4 5.11e-02 3.83e-02h  1
  67 -2.0913785e+01 1.45e+01 8.82e+04  -6.0 2.06e+03    -  1.61e-01 3.78e-01h  1
  68 -2.0937858e+01 1.25e+01 8.59e+04  -6.0 5.65e+02  -6.9 2.41e-01 1.42e-01h  1
  69 -2.0937974e+01 1.24e+01 1.20e+05  -6.0 1.04e+01  -3.8 1.82e-01 3.60e-03h  1
iter    objective    inf_pr   inf_du lg(mu)  ||d||  lg(rg) alpha_du alpha_pr  ls
  70 -2.0951183e+01 6.93e+00 1.49e+05  -6.0 1.09e+01  -4.3 6.91e-02 4.43e-01h  1
  71 -2.0951475e+01 6.86e+00 1.64e+05  -6.0 7.29e+00  -4.8 6.02e-01 9.83e-03h  1
  72 -2.0960690e+01 5.24e+00 3.54e+05  -6.0 2.21e+01  -5.2 9.40e-01 2.37e-01h  1
  73 -2.0960855e+01 5.22e+00 3.53e+05  -6.0 6.30e+01  -5.7 2.38e-03 2.29e-03h  1
  74 -2.1023357e+01 3.03e+00 1.67e+05  -6.0 1.62e+02  -6.2 3.45e-01 4.36e-01h  1
  75 -2.1029668e+01 2.95e+00 8.04e+05  -6.0 3.70e+02  -6.7 1.59e-01 2.98e-02h  1
  76 -2.1167117e+01 3.20e+00 8.41e+05  -6.0 2.73e+03  -7.2 7.46e-04 1.94e-01h  1
  77 -2.1231556e+01 7.69e+00 7.46e+05  -6.0 5.42e+03  -7.6 3.63e-02 1.13e-01h  1
  78 -2.1240095e+01 7.24e+00 7.02e+05  -6.0 2.98e+02  -6.3 2.58e-02 5.88e-02h  1
  79 -2.1440656e+01 5.85e+00 3.28e+05  -6.0 7.68e+02  -6.8 2.72e-02 5.31e-01h  1
iter    objective    inf_pr   inf_du lg(mu)  ||d||  lg(rg) alpha_du alpha_pr  ls
  80 -2.1452298e+01 5.26e+00 2.94e+05  -6.0 2.10e+02  -6.4 6.41e-04 1.04e-01h  1
  81 -2.1553598e+01 3.78e+00 1.94e+05  -6.0 5.88e+02  -6.8 5.86e-01 3.41e-01h  1
  82 -2.1610073e+01 4.12e+00 1.73e+05  -6.0 1.52e+03  -7.3 1.22e-01 1.06e-01h  1
  83 -2.1658199e+01 3.61e+00 1.42e+05  -6.0 5.86e+02  -6.9 1.18e-03 1.83e-01h  1
  84 -2.1715962e+01 3.93e+00 1.24e+05  -6.0 1.21e+03  -7.4 3.61e-02 1.23e-01h  1
  85 -2.1743197e+01 3.49e+00 1.06e+05  -6.0 5.02e+02  -6.9 1.55e-02 1.43e-01h  1
  86 -2.1755182e+01 3.15e+00 9.54e+04  -6.0 5.14e+02  -6.5 1.74e-02 1.05e-01h  1
  87 -2.1755221e+01 3.08e+00 9.32e+04  -6.0 9.41e+01  -5.2 1.93e-01 2.23e-02h  1
  88 -2.1761455e+01 2.33e+00 7.06e+04  -6.0 6.41e+01  -5.7 4.32e-04 2.43e-01f  1
  89 -2.1761758e+01 2.14e+00 6.47e+04  -6.0 1.41e+01  -4.3 4.27e-04 8.28e-02h  1
iter    objective    inf_pr   inf_du lg(mu)  ||d||  lg(rg) alpha_du alpha_pr  ls
  90 -2.1763849e+01 2.13e+00 6.45e+04  -6.0 5.82e+03  -4.8 6.53e-04 2.96e-03f  1
  91 -2.1767163e+01 1.66e+00 5.01e+04  -6.0 1.76e+01  -5.3 1.79e-01 2.24e-01h  1
  92 -2.1769686e+01 8.65e-01 2.62e+04  -6.0 2.93e+00  -3.9 1.96e-01 4.77e-01h  1
  93 -2.1772924e+01 5.39e-01 1.62e+04  -6.0 8.17e+00  -4.4 3.38e-01 3.80e-01h  1
  94 -2.1784051e+01 5.76e+00 9.07e+03  -6.0 2.85e+01  -4.9 2.84e-01 4.41e-01h  1
  95 -2.1784433e+01 5.72e+00 9.01e+03  -6.0 6.62e+01  -5.4 2.53e-01 7.08e-03h  1
  96 -2.1804659e+01 1.00e-01 9.12e+01  -6.0 6.87e+01  -5.9 9.98e-01 1.00e+00h  1
  97 -2.1853638e+01 5.38e-01 2.15e+02  -6.0 1.96e+02  -6.3 1.00e+00 8.36e-01h  1
  98 -2.1859254e+01 5.02e-01 3.59e+02  -6.0 4.23e+02  -6.8 1.00e+00 7.16e-02h  1
  99 -2.1894806e+01 4.05e-01 5.20e+02  -6.0 1.02e+03  -7.3 5.32e-01 1.97e-01h  1
iter    objective    inf_pr   inf_du lg(mu)  ||d||  lg(rg) alpha_du alpha_pr  ls
 100 -2.1895852e+01 4.03e-01 6.81e+02  -6.0 1.34e+03  -7.8 4.36e-02 4.53e-03h  1
 101 -2.1897312e+01 4.01e-01 9.21e+02  -6.0 2.17e+03  -8.2 6.13e-02 4.60e-03h  1
 102 -2.1905555e+01 5.54e-01 7.44e+02  -6.0 1.39e+04  -8.7 1.09e-01 2.10e-02h  1
 103 -2.1933511e+01 2.07e+00 6.48e+02  -6.0 7.29e+03    -  1.04e-01 7.94e-02h  1
 104 -2.1947962e+01 2.62e+00 4.25e+03  -6.0 7.09e+03    -  2.47e-01 7.06e-02h  1
 105 -2.1948512e+01 2.59e+00 1.10e+04  -6.0 4.84e+02  -7.4 8.62e-01 1.03e-02h  1
 106 -2.2025218e+01 2.41e+01 4.94e+02  -6.0 6.78e+03    -  2.08e-02 4.08e-01h  1
 107 -2.2025314e+01 2.40e+01 4.92e+02  -6.0 7.44e+02  -7.0 2.03e-02 3.46e-03h  1
 108 -2.2032267e+01 1.57e+01 8.36e+03  -6.0 4.40e+02  -7.4 6.79e-03 3.65e-01f  1
 109 -2.2039450e+01 2.59e+00 1.57e+04  -6.0 2.14e+02  -7.0 5.78e-02 8.60e-01h  1
iter    objective    inf_pr   inf_du lg(mu)  ||d||  lg(rg) alpha_du alpha_pr  ls
 110 -2.2042249e+01 2.36e+00 3.55e+04  -6.0 4.80e+02  -7.5 4.80e-01 1.08e-01h  1
 111 -2.2058607e+01 1.23e+00 6.75e+02  -6.0 2.10e+02  -7.1 1.00e+00 1.00e+00h  1
 112 -2.2067608e+01 1.01e+00 1.39e+04  -6.0 5.17e+02  -7.5 3.20e-01 2.79e-01h  1
 113 -2.2080845e+01 1.13e+00 1.23e+04  -6.0 2.81e+02  -7.1 7.30e-01 5.68e-01h  1
 114r-2.2080845e+01 1.13e+00 1.00e+03   0.0 0.00e+00  -7.6 0.00e+00 3.19e-07R  3
 115r-2.2069982e+01 1.13e+00 1.97e+03   0.0 2.42e+04    -  8.27e-06 2.40e-06f  1
 116 -2.2070146e+01 1.11e+00 6.54e+03  -6.0 2.50e+01    -  2.65e-06 1.73e-02h  1
 117 -2.2072204e+01 8.15e-01 4.81e+03  -6.0 2.46e+01    -  4.11e-02 2.64e-01f  1
 118 -2.2072749e+01 7.49e-01 4.41e+03  -6.0 1.77e+01    -  4.78e-01 8.17e-02h  1
 119 -2.2076955e+01 2.16e-01 1.27e+03  -6.0 1.65e+01    -  7.98e-01 7.13e-01h  1
iter    objective    inf_pr   inf_du lg(mu)  ||d||  lg(rg) alpha_du alpha_pr  ls
 120 -2.2078531e+01 2.24e-03 5.38e+00  -6.0 4.35e+00    -  9.70e-01 1.00e+00h  1
 121 -2.2079552e+01 7.55e-03 1.03e+00  -6.0 1.47e+01    -  9.93e-01 1.00e+00h  1
 122 -2.2085716e+01 4.86e-01 1.15e+00  -6.0 9.04e+01  -7.2 8.98e-01 1.00e+00h  1
 123 -2.2087289e+01 3.46e-01 9.06e+00  -6.0 1.28e+02  -6.7 4.70e-01 3.62e-01h  1
 124 -2.2093254e+01 5.45e-01 1.95e+03  -6.0 3.10e+02  -7.2 9.52e-01 4.52e-01h  1
 125 -2.2098151e+01 6.72e-01 1.14e+03  -6.0 4.85e+02  -6.8 1.13e-02 2.94e-01h  1
 126 -2.2110107e+01 1.40e+00 3.13e+01  -6.0 4.91e+02  -7.3 5.39e-01 5.18e-01h  1
 127 -2.2119761e+01 1.36e+00 1.24e+04  -6.0 5.38e+03    -  2.58e-01 1.42e-01h  1
 128 -2.2123641e+01 1.30e+00 1.45e+04  -6.0 2.33e+03    -  1.83e-01 4.93e-02h  1
 129 -2.2138954e+01 2.52e+00 3.45e+04  -6.0 9.26e+02    -  8.37e-01 3.71e-01h  1
iter    objective    inf_pr   inf_du lg(mu)  ||d||  lg(rg) alpha_du alpha_pr  ls
 130 -2.2154815e+01 3.64e+00 8.83e+03  -6.0 6.59e+02    -  6.25e-01 6.79e-01h  1
 131 -2.2157452e+01 7.92e+00 3.71e+04  -6.0 1.76e+03    -  7.30e-02 4.11e-01h  1
 132 -2.2160433e+01 7.12e+00 2.69e+04  -6.0 1.05e+03    -  3.23e-01 3.39e-01h  1
 133 -2.2162244e+01 3.69e+00 2.40e+02  -6.0 2.75e+02    -  5.97e-01 4.85e-01h  1
 134 -2.2162384e+01 3.30e+00 9.47e+04  -6.0 4.26e+02    -  1.83e-01 1.12e-01h  1
 135 -2.2160691e+01 9.48e-01 1.60e+05  -6.0 2.57e+02    -  8.17e-02 1.00e+00h  1
 136 -2.2160848e+01 9.41e-01 1.53e+05  -6.0 8.29e+02    -  6.10e-01 8.70e-02h  1
 137 -2.2161286e+01 1.42e+00 1.19e+05  -6.0 8.84e+02    -  1.00e+00 2.50e-01h  1
 138r-2.2161286e+01 1.42e+00 9.99e+02  -0.0 0.00e+00    -  0.00e+00 3.16e-07R  5
 139r-2.2142743e+01 1.41e+00 9.99e+02  -0.0 4.30e+06    -  6.03e-07 3.23e-06f  1
iter    objective    inf_pr   inf_du lg(mu)  ||d||  lg(rg) alpha_du alpha_pr  ls
 140r-2.2133632e+01 1.41e+00 9.99e+02  -0.0 9.62e+03    -  7.90e-06 2.41e-06f  1
 141r-2.2116109e+01 1.40e+00 1.15e+03  -0.0 1.13e+04    -  9.14e-06 5.94e-06f  1
 142r-2.2076946e+01 1.38e+00 2.57e+03  -0.0 1.15e+04    -  2.90e-05 1.50e-05f  1
 143r-2.1946229e+01 1.27e+00 9.82e+03  -0.0 1.18e+04    -  1.93e-04 8.40e-05f  1
 144r-2.1776174e+01 9.88e-01 9.61e+03  -0.0 1.02e+04    -  2.68e-04 2.77e-04f  1
 145r-2.1595030e+01 5.35e-01 1.44e+04  -0.0 7.49e+03    -  9.57e-04 6.94e-04f  1
 146r-2.1202325e+01 4.40e-01 2.18e+04  -0.0 3.43e+03    -  2.42e-03 1.74e-03f  1
 147r-2.0535524e+01 6.50e-01 1.03e+04  -0.0 9.88e+02    -  1.58e-03 3.42e-03f  1
 148r-2.0061141e+01 7.05e-01 5.56e+03  -0.0 9.25e+02    -  1.48e-04 1.15e-03f  1
 149r-1.9946021e+01 8.01e-01 1.83e+04  -0.0 2.70e+01   0.0 4.84e-03 2.07e-03f  1
iter    objective    inf_pr   inf_du lg(mu)  ||d||  lg(rg) alpha_du alpha_pr  ls
 150r-1.9080837e+01 1.09e+00 1.17e+03  -0.0 8.02e+02    -  2.85e-03 7.89e-03f  1
 151r-1.8452920e+01 1.27e+00 1.05e+03  -0.0 4.83e+01   0.4 5.50e-03 5.69e-03f  1
 152r-1.6825959e+01 1.40e+00 3.05e+04  -0.0 8.72e+02    -  1.84e-02 4.69e-03f  1
 153r-1.3105033e+01 1.52e+00 3.62e+04  -0.0 1.07e+03    -  9.13e-03 5.84e-03f  1
 154r-1.4590789e+01 1.54e+00 3.47e+04  -0.0 7.21e+02    -  3.46e-05 9.87e-04f  1
 155r-1.3457224e+01 1.55e+00 3.46e+04  -0.0 9.64e+01  -0.1 2.60e-04 3.06e-04f  1
 156r-1.3836205e+01 1.55e+00 3.47e+04  -0.0 1.14e+04    -  2.77e-07 1.00e-05f  2
 157r-1.4264346e+01 1.68e+00 2.59e+04  -0.0 3.22e+01   0.4 6.99e-04 6.30e-03f  1
 158r-1.2173524e+01 1.69e+00 2.66e+04  -0.0 4.53e+02   0.8 3.86e-04 2.37e-04f  1
 159r-6.9122101e+00 2.10e+00 3.69e+04  -0.0 1.11e+01   1.2 2.66e-02 2.04e-02f  1
iter    objective    inf_pr   inf_du lg(mu)  ||d||  lg(rg) alpha_du alpha_pr  ls
 160r-6.8322670e+00 2.42e+00 1.58e+04  -0.0 1.59e+01   0.7 4.93e-04 1.93e-02f  1
 161r-6.2096802e+00 3.50e+00 8.72e+04  -0.0 6.56e-01   2.1 1.30e-01 6.75e-02f  1
 162r-4.7413941e+00 6.91e+00 5.66e+04  -0.0 8.93e-01   1.6 2.76e-01 2.95e-01f  1
 163r 6.9119144e-02 7.86e+00 4.89e+04  -0.0 1.50e+00   1.1 9.72e-02 1.48e-01f  1
 164r-1.5501613e+00 1.11e+01 1.98e+04  -0.0 6.37e-01   1.6 2.74e-01 6.07e-01f  1
 165r 2.3753529e+00 1.14e+01 1.83e+04  -0.0 6.75e-01   2.0 7.20e-02 1.38e-01f  1
 166r 1.7992354e+00 1.24e+01 6.96e+03  -0.0 5.90e-01   1.5 6.29e-01 6.25e-01f  1
 167r 2.7047403e+00 1.25e+01 5.53e+03  -0.0 1.52e-01   2.8 4.05e-01 1.64e-01f  1
 168r 3.3077562e+00 1.25e+01 5.09e+03  -0.0 2.58e-01   2.4 7.76e-02 9.47e-02f  1
 169r 3.9744352e+00 1.26e+01 2.61e+03  -0.0 2.39e-01   1.9 4.48e-01 2.22e-01f  1
iter    objective    inf_pr   inf_du lg(mu)  ||d||  lg(rg) alpha_du alpha_pr  ls
 170r 3.8361942e+00 8.38e+00 1.70e+04  -0.7 3.93e-01   1.4 2.26e-01 4.02e-01f  1
 171r 3.7768591e+00 6.67e+00 6.99e+03  -0.7 1.76e-01   1.8 6.23e-01 2.82e-01f  1
 172r 3.8223345e+00 5.98e+00 1.76e+04  -0.7 2.65e-01   1.3 6.70e-01 1.62e-01f  1
 173r 2.9827478e+00 5.05e+00 9.71e+03  -0.7 1.01e+00   0.9 9.78e-02 2.51e-01f  1
 174r 3.6550560e+00 4.50e+00 2.99e+04  -0.7 2.05e+00   0.4 7.15e-01 1.97e-01f  1
 175r 5.5703365e+00 3.65e+00 1.72e+04  -0.7 1.92e+00  -0.1 3.53e-01 3.58e-01f  1
 176r 4.9077985e+00 3.51e+00 1.50e+04  -0.7 4.84e+00  -0.6 8.22e-02 8.65e-02f  1
 177r 5.1650482e+00 4.69e+00 3.28e+04  -0.7 3.96e-01   0.8 3.82e-01 9.08e-02f  1
 178r 8.3564819e+00 2.55e+00 6.89e+04  -0.7 9.85e-01   0.3 7.40e-01 6.91e-01f  1
 179r 1.2251656e+01 7.94e+00 8.75e+04  -0.7 1.86e+00  -0.2 1.00e+00 9.61e-01f  1
iter    objective    inf_pr   inf_du lg(mu)  ||d||  lg(rg) alpha_du alpha_pr  ls
 180r 1.2407073e+01 2.07e+00 1.99e+04  -0.7 1.03e-01   1.1 1.00e+00 1.00e+00f  1
 181r 1.2710714e+01 3.74e+00 2.31e+04  -0.7 2.46e+02    -  2.28e-01 1.24e-01f  1
 182r 1.3191435e+01 2.75e+00 7.14e+03  -0.7 2.57e-01   0.7 1.00e+00 1.00e+00f  1
 183r 1.3559876e+01 3.21e+00 1.20e+04  -0.7 6.63e-01   0.2 1.00e+00 4.07e-01f  1
 184r 1.4260008e+01 5.74e+00 1.89e+04  -0.7 1.53e+00  -0.3 1.00e+00 5.21e-01f  1
 185r 1.4238961e+01 5.23e+00 4.12e+04  -0.7 2.10e+02    -  3.52e-01 1.02e-01f  1
 186r 1.4175984e+01 4.09e+00 2.83e+04  -0.7 1.89e+02    -  3.74e-01 3.23e-01f  1
 187r 1.4800762e+01 4.69e+00 3.00e+04  -0.7 1.98e+00  -0.8 1.00e+00 1.00e+00f  1
 188r 1.4814784e+01 1.95e+00 8.81e+03  -0.7 4.36e-02   1.5 1.00e+00 1.00e+00H  1
 189r 1.4817854e+01 1.95e+00 1.75e+02  -0.7 6.34e-03   1.9 1.00e+00 1.00e+00h  1
iter    objective    inf_pr   inf_du lg(mu)  ||d||  lg(rg) alpha_du alpha_pr  ls
 190r 1.4950614e+01 4.16e+01 3.46e+04  -1.4 1.94e-01   1.4 7.95e-02 3.06e-01f  1
 191r 1.5138885e+01 2.89e+01 6.15e+03  -1.4 2.36e-01   0.9 4.32e-01 3.17e-01f  1
 192r 1.5194127e+01 1.94e+01 1.46e+03  -1.4 6.06e-01   0.5 3.92e-01 3.58e-01f  1
 193r 1.5129547e+01 1.46e+01 4.33e+03  -1.4 1.47e+00  -0.0 3.49e-01 2.60e-01f  1
 194r 1.4851497e+01 9.45e+00 1.50e+03  -1.4 2.48e+00  -0.5 2.26e-01 3.54e-01f  1
 195r 1.4514048e+01 6.05e+00 4.95e+03  -1.4 2.77e+00  -1.0 6.41e-01 3.81e-01f  1
 196r 1.4166368e+01 4.21e+00 2.86e+03  -1.4 5.53e+00  -1.4 3.18e-01 3.55e-01f  1
 197r 1.4198568e+01 4.08e+00 6.32e+03  -1.4 2.94e+01  -1.9 3.67e-03 3.40e-02f  1
 198r 1.3625091e+01 2.01e+00 2.03e+03  -1.4 1.08e+00  -0.6 1.00e+00 8.26e-01f  1
 199r 1.3254910e+01 2.86e+00 3.57e+02  -1.4 2.47e+00  -1.1 1.00e+00 1.00e+00f  1
iter    objective    inf_pr   inf_du lg(mu)  ||d||  lg(rg) alpha_du alpha_pr  ls
 200r 1.3431167e+01 7.07e-01 1.07e+03  -1.4 4.21e+00  -1.6 9.81e-01 8.98e-01f  1
 201r 1.3791169e+01 5.15e-01 2.96e+02  -1.4 5.07e+00  -2.0 1.00e+00 1.00e+00f  1
 202r 1.3937322e+01 5.37e-01 3.87e+03  -1.4 8.29e+00  -2.5 1.00e+00 5.41e-01f  1
 203r 1.4234766e+01 1.57e+00 5.73e+02  -1.4 1.20e+01  -3.0 1.00e+00 1.00e+00f  1
 204r 1.4295366e+01 4.40e-01 8.21e+01  -1.4 5.68e+00  -3.5 1.00e+00 1.00e+00h  1
 205r 1.4302540e+01 4.41e-01 9.71e-01  -1.4 2.03e+01  -3.9 1.00e+00 1.00e+00h  1
 206r 1.2448184e+01 1.01e+00 2.00e+03  -2.1 4.35e+01  -4.4 3.52e-01 3.10e-01f  1
 207r 1.2153631e+01 4.83e+00 4.49e+03  -2.1 6.59e-01  -0.4 1.79e-01 3.16e-01f  1
 208r 1.1521487e+01 3.59e+00 1.32e+03  -2.1 1.79e+00  -0.9 3.34e-01 2.70e-01f  1
 209r 1.0217437e+01 2.14e+00 2.18e+03  -2.1 1.49e+00  -0.4 3.25e-01 3.97e-01f  1
iter    objective    inf_pr   inf_du lg(mu)  ||d||  lg(rg) alpha_du alpha_pr  ls
 210r 9.7504604e+00 1.94e+00 1.72e+03  -2.1 2.36e+00  -0.0 3.20e-01 9.40e-02f  1
 211r 8.7719490e+00 8.76e-01 5.54e+03  -2.1 6.71e-01   0.4 1.00e+00 5.18e-01f  1
 212r 7.1917655e+00 1.34e-01 3.73e+02  -2.1 4.32e-01   0.9 1.00e+00 9.39e-01f  1
 213r 6.6949810e+00 1.33e-01 1.43e+03  -2.1 2.41e-01   1.3 1.00e+00 2.61e-01f  1
 214r 6.0703549e+00 1.32e-01 1.40e+03  -2.1 5.99e-01   0.8 1.96e-01 1.30e-01f  1
 215r 4.8027584e+00 1.36e-01 9.95e+02  -2.1 5.63e-01   0.3 6.91e-02 1.62e-01f  1
 216r 4.2662731e+00 1.32e-01 7.05e+02  -2.1 5.39e-01  -0.2 9.13e-01 1.65e-01f  1
 217r 3.7623262e+00 1.11e+01 1.68e+03  -2.1 1.31e+00  -0.6 5.71e-02 1.54e-01f  1
 218r 2.9425193e+00 8.84e+00 1.32e+03  -2.1 3.16e+00  -1.1 2.81e-01 2.11e-01f  1
 219r 2.6337411e+00 5.72e+00 7.59e+02  -2.1 1.82e-01   0.2 8.59e-01 3.60e-01f  1
iter    objective    inf_pr   inf_du lg(mu)  ||d||  lg(rg) alpha_du alpha_pr  ls
 220r 2.0867222e+00 2.52e+00 6.88e+02  -2.1 5.02e-01  -0.3 1.00e+00 6.19e-01f  1
 221r 1.9849891e+00 2.45e+00 5.01e+02  -2.1 1.26e+00  -0.7 2.78e-01 1.16e-01f  1
 222r 1.5816042e+00 2.46e+00 2.57e+02  -2.1 5.18e-01  -0.3 1.00e+00 7.94e-01f  1
 223r 9.9143827e-01 1.11e+00 2.78e+02  -2.1 1.27e+00  -0.8 8.35e-01 1.00e+00f  1
 224r 5.5511908e-01 1.34e+00 1.53e+02  -2.1 2.36e+00  -1.3 1.00e+00 1.00e+00f  1
 225r 4.7898215e-01 2.05e+00 1.31e+02  -2.1 7.31e-01  -0.8 6.06e-01 6.05e-01h  1
 226r 3.3770933e-01 1.85e+00 2.40e+02  -2.1 2.20e+02    -  9.19e-02 1.10e-01f  1
 227r 2.5885531e-01 8.42e-01 4.79e+02  -2.1 1.16e+00  -1.3 1.00e+00 1.00e+00h  1
 228r 1.5192884e-01 8.76e-01 2.71e+02  -2.1 1.63e+00  -1.8 1.00e+00 7.57e-01h  1
 229r 1.4322421e-01 3.60e+00 1.49e+03  -2.1 7.25e-01  -1.4 2.13e-01 4.22e-01h  1
iter    objective    inf_pr   inf_du lg(mu)  ||d||  lg(rg) alpha_du alpha_pr  ls
 230r 8.6036255e-02 5.13e-01 1.06e+02  -2.1 1.52e+00  -1.8 1.00e+00 1.00e+00f  1
 231r 8.8314103e-02 9.21e-02 3.09e+01  -2.1 8.65e-03   0.4 1.00e+00 1.00e+00h  1
 232r 8.7329515e-02 2.70e-01 4.14e+02  -2.1 3.48e-02  -0.1 6.80e-01 2.59e-01h  2
 233r 8.6873146e-02 2.75e-01 5.18e+02  -2.1 7.71e-02  -0.6 1.00e+00 4.77e-01h  2
 234r 7.8455736e-02 7.47e-02 1.04e+01  -2.1 2.27e-01  -1.0 1.00e+00 1.00e+00h  1
 235r 4.7962733e-02 7.61e-02 8.24e-01  -2.1 6.28e-01  -1.5 1.00e+00 1.00e+00f  1
 236r-2.4904384e-02 2.59e-01 1.34e+00  -2.1 1.54e+00  -2.0 1.00e+00 1.00e+00h  1
 237r-1.3541302e-01 8.07e-02 3.48e+00  -2.1 2.86e+00  -2.5 1.00e+00 1.00e+00H  1
 238r-1.3354929e-01 8.20e-02 5.27e+00  -2.1 4.32e+00  -2.9 1.00e+00 1.00e+00H  1
 239r-1.3354919e-01 8.20e-02 5.05e+02  -2.1 4.79e+00  -3.4 1.00e+00 9.77e-04h 11
iter    objective    inf_pr   inf_du lg(mu)  ||d||  lg(rg) alpha_du alpha_pr  ls
 240r-1.3354137e-01 8.20e-02 7.04e+02  -2.1 1.21e+01  -3.9 1.00e+00 9.77e-04h 11
 241r-1.3353809e-01 8.20e-02 8.10e+02  -2.1 2.58e+01  -4.4 1.00e+00 4.88e-04h 12
 242r-1.3353845e-01 8.20e-02 8.43e+02  -2.1 4.38e+01  -4.9 1.00e+00 1.22e-04h 14
 243r-1.3353845e-01 8.20e-02 7.21e+02  -2.1 4.59e+02  -5.3 1.00e+00 2.50e-11h 34
 244r-1.4296266e-01 5.38e-01 5.76e+02  -2.1 4.88e+02    -  2.02e-01 2.02e-01s 43
 245r-1.4656705e-01 4.56e-01 4.73e+02  -2.1 2.47e+02    -  1.78e-01 1.78e-01s 43
 246r-1.6260356e-01 9.56e-02 7.30e+00  -2.1 6.65e+01    -  1.00e+00 1.00e+00s 43
 247r-1.6260356e-01 9.56e-02 7.30e+00  -2.1 1.51e+03    -  0.00e+00 0.00e+00R  1
 248r-1.6260594e-01 9.56e-02 1.81e+03  -2.1 1.52e+03    -  9.99e-01 6.28e-04f  9
 249r-1.6256620e-01 9.26e-02 3.37e+01  -2.1 3.46e+01    -  1.00e+00 3.10e-02f  6
iter    objective    inf_pr   inf_du lg(mu)  ||d||  lg(rg) alpha_du alpha_pr  ls
 250r-1.6256337e-01 9.24e-02 3.20e+02  -2.1 2.66e+02  -5.8 1.00e+00 1.89e-03f 10
 251r-1.6256477e-01 9.24e-02 1.34e+03  -2.1 1.13e+03  -6.3 1.00e+00 2.16e-04f 11
 252r-1.6255991e-01 9.21e-02 6.92e+01  -2.1 6.37e+01    -  1.00e+00 3.88e-03f  9
 253r-1.6094052e-01 1.01e+00 9.91e+00  -2.1 2.33e+02  -5.9 1.00e+00 9.93e-01f  1
 254r-1.6090307e-01 2.83e-01 1.22e+02  -2.1 1.22e+02    -  1.85e-01 1.00e+00f  1
 255r-1.5953732e-01 8.24e-02 2.83e-01  -2.1 3.87e+01    -  1.00e+00 1.00e+00h  1
 256r-2.2254134e+00 1.64e+00 1.14e+03  -2.8 2.09e+02    -  2.76e-01 4.36e-01f  1
 257r-2.3933414e+00 1.34e+00 6.36e+02  -2.8 2.53e+02    -  2.76e-01 1.88e-01f  1
 258r-2.5906534e+00 1.17e+00 5.67e+02  -2.8 4.95e+01  -4.5 9.62e-02 1.39e-01f  1
 259r-2.6839774e+00 9.81e-01 3.44e+02  -2.8 5.24e+01  -5.0 2.15e-01 1.92e-01f  1
iter    objective    inf_pr   inf_du lg(mu)  ||d||  lg(rg) alpha_du alpha_pr  ls
 260r-2.7129512e+00 6.04e-01 3.32e+02  -2.8 7.73e-01  -0.1 4.35e-01 3.92e-01f  1
 261r-2.7180878e+00 1.53e-01 1.98e+02  -2.8 4.71e-01   0.4 7.98e-01 7.60e-01f  1
 262r-2.7921619e+00 8.95e-02 3.94e+02  -2.8 1.63e-01  -0.1 2.45e-01 4.19e-01f  1
 263r-2.9372485e+00 4.75e-02 1.89e+02  -2.8 3.28e-01  -0.6 6.38e-01 4.74e-01f  1
 264r-3.1290993e+00 3.03e-02 3.05e+02  -2.8 6.01e-01  -1.1 8.85e-02 3.83e-01f  1
 265r-3.9351480e+00 4.50e-02 2.77e+02  -2.8 1.44e+00  -1.6 6.46e-01 9.00e-01f  1
 266r-3.9963251e+00 1.57e-02 1.16e+02  -2.8 2.64e-01  -1.1 6.12e-01 6.76e-01f  1
 267r-4.0519730e+00 1.27e-02 7.96e+02  -2.8 1.04e-01  -0.7 5.86e-02 7.75e-01h  1
 268r-3.9677720e+00 1.28e-02 6.92e+02  -2.8 1.57e+00  -1.2 8.94e-02 7.64e-02f  2
 269r-3.8273339e+00 1.30e-02 8.28e+00  -2.8 3.21e-02   0.2 1.00e+00 1.00e+00h  1
iter    objective    inf_pr   inf_du lg(mu)  ||d||  lg(rg) alpha_du alpha_pr  ls
 270r-3.6949786e+00 1.31e-02 6.50e+00  -2.8 4.97e-01  -0.3 9.95e-02 1.01e-01H  1
 271r-3.5365467e+00 1.30e-02 1.33e+02  -2.8 9.48e-02   0.1 8.89e-01 6.17e-01f  1
 272r-3.5869649e+00 1.28e-02 1.73e-01  -2.8 2.86e-02   0.5 1.00e+00 1.00e+00f  1
 273r-3.5136181e+00 1.29e-02 2.84e+02  -2.8 1.65e-01   0.0 7.90e-01 3.60e-01f  1
 274r-3.5392522e+00 1.35e-02 2.95e+02  -2.8 6.93e-01  -0.4 2.26e-01 2.06e-01f  1
 275r-3.5821689e+00 1.42e-02 3.77e+02  -2.8 1.37e-01  -0.0 1.00e+00 4.26e-01f  1
 276r-3.7016669e+00 1.44e-02 5.22e+01  -2.8 1.98e-01  -0.5 1.00e+00 8.05e-01f  1
 277r-3.7778379e+00 1.63e-02 1.02e+02  -2.8 4.82e-01  -1.0 9.98e-01 7.65e-01f  1
 278r-3.9692294e+00 2.59e-02 3.19e+02  -2.8 7.81e-01  -1.4 4.88e-01 8.25e-01f  1
 279r-4.2070182e+00 2.66e-02 2.37e+02  -2.8 1.05e+01  -1.9 1.61e-01 9.03e-02f  2
iter    objective    inf_pr   inf_du lg(mu)  ||d||  lg(rg) alpha_du alpha_pr  ls
 280r-4.4631311e+00 5.37e-02 1.37e+02  -2.8 5.98e-01  -1.5 5.56e-01 6.10e-01h  1
 281r-5.1933060e+00 3.34e-02 1.80e+02  -2.8 1.37e+00  -2.0 2.97e-01 4.80e-01F  1
 282r-5.4169542e+00 4.36e-02 5.78e+01  -2.8 4.27e-01  -1.5 7.84e-01 8.76e-01f  1
 283r-5.5761614e+00 1.01e-02 9.42e+01  -2.8 2.68e-01  -0.2 6.46e-01 1.00e+00f  1
 284r-5.6633455e+00 1.01e-02 5.64e+01  -2.8 4.30e-01   0.2 3.87e-01 4.00e-01f  1
 285r-5.9686425e+00 9.74e-03 1.24e+02  -2.8 4.96e-02  -0.3 7.53e-01 8.52e-01f  1
 286r-5.9696848e+00 9.74e-03 5.24e+02  -2.8 2.93e-02   1.1 1.00e+00 9.25e-02f  1
 287r-5.9526990e+00 9.92e-03 2.36e+00  -2.8 1.70e-01   0.6 1.00e+00 1.00e+00f  1
 288r-6.1112117e+00 1.00e-02 7.75e+01  -2.8 2.04e-01   0.1 7.47e-01 9.83e-01f  1
 289r-6.3582085e+00 1.01e-02 1.63e+02  -2.8 3.45e-01  -0.4 3.69e-01 5.04e-01f  1
iter    objective    inf_pr   inf_du lg(mu)  ||d||  lg(rg) alpha_du alpha_pr  ls
 290r-6.5814771e+00 1.03e-02 1.99e+02  -2.8 3.98e+00   0.1 3.65e-02 7.05e-02f  1
 291r-6.7909773e+00 1.03e-02 2.28e+02  -2.8 5.14e-01   0.5 6.72e-01 3.03e-01f  1
 292r-7.1211587e+00 1.01e-02 1.41e+02  -2.8 2.21e-01   0.0 4.12e-01 3.53e-01f  1
 293r-7.3617732e+00 9.53e-03 2.97e+02  -2.8 5.20e-01   0.4 3.81e-01 6.61e-01f  1
 294r-7.5910009e+00 9.90e-03 1.29e+02  -2.8 1.62e-01  -0.0 3.51e-01 2.90e-01f  1
 295r-8.1957499e+00 1.06e-02 1.60e+02  -2.8 2.65e-01  -0.5 5.77e-01 7.59e-01f  1
 296r-8.1975999e+00 1.02e-02 7.43e+01  -2.8 1.77e-01  -1.0 1.00e+00 6.76e-01f  1
 297r-8.4023134e+00 9.98e-03 1.49e+01  -2.8 4.66e-01  -1.5 7.98e-01 7.99e-01f  1
 298r-8.5030767e+00 9.66e-03 9.45e+01  -2.8 2.50e-01  -1.0 8.58e-01 4.17e-01f  1
 299r-8.5674225e+00 9.75e-03 1.01e+02  -2.8 5.20e-01  -1.5 9.09e-01 5.18e-01f  1
iter    objective    inf_pr   inf_du lg(mu)  ||d||  lg(rg) alpha_du alpha_pr  ls
 300r-8.6219669e+00 9.79e-03 1.29e+02  -2.8 1.16e+00  -2.0 1.00e+00 5.64e-01f  1
 301r-8.6871271e+00 1.07e-02 2.38e+02  -2.8 2.03e+00  -2.5 1.00e+00 5.08e-01f  1
 302r-8.7703022e+00 2.79e-02 6.00e+02  -2.8 6.06e+00  -3.0 1.00e+00 3.75e-01f  1
 303r-9.0549778e+00 4.47e-01 3.44e+02  -2.8 1.79e+01  -3.4 1.00e+00 9.59e-01f  1
 304r-9.2304894e+00 3.44e-01 1.21e+03  -2.8 3.61e+01  -3.9 9.60e-01 4.05e-01h  1
 305r-9.2336781e+00 3.37e-01 1.18e+03  -2.8 1.39e+01  -3.5 6.83e-02 1.76e-02h  1
 306r-9.2759616e+00 2.15e-01 3.79e+02  -2.8 2.85e+01  -4.0 6.75e-01 5.00e-01f  1
 307r-9.3195918e+00 1.55e-01 4.54e+02  -2.8 3.27e+01  -4.4 7.10e-01 2.88e-01h  1
 308r-9.3636233e+00 1.97e-01 6.44e+02  -2.8 5.63e+01  -4.9 8.97e-01 3.86e-01f  1
 309r-9.3640805e+00 3.06e-01 4.91e+02  -2.8 8.00e+01  -5.4 8.60e-01 5.53e-01h  1
iter    objective    inf_pr   inf_du lg(mu)  ||d||  lg(rg) alpha_du alpha_pr  ls
 310r-9.3172381e+00 5.44e-01 8.84e+02  -2.8 7.42e+02  -5.9 2.22e-01 4.68e-02H  1
 311r-8.9803066e+00 9.51e-01 9.22e+02  -2.8 1.78e+02    -  2.36e-02 1.00e+00h  1
 312r-8.9475384e+00 1.34e+00 2.52e+02  -2.8 1.66e+02    -  1.00e+00 5.12e-01h  1
 313r-8.8900029e+00 3.47e-01 1.17e+02  -2.8 1.06e+02    -  1.00e+00 7.60e-01h  1
 314r-8.9012613e+00 2.61e-01 8.53e+00  -2.8 5.46e+01    -  1.00e+00 1.00e+00h  1
 315r-8.9079381e+00 1.33e-02 5.42e-01  -2.8 2.23e+01    -  1.00e+00 1.00e+00h  1
 316r-8.9092671e+00 1.26e-02 3.38e-02  -2.8 4.76e+00    -  1.00e+00 1.00e+00h  1
 317r-9.9596871e+00 3.16e-01 1.42e+03  -3.6 1.82e+02    -  1.69e-01 3.04e-01f  1
 318r-9.9661230e+00 2.02e-01 4.16e+02  -3.6 3.57e+01  -4.5 4.47e-01 3.62e-01f  1
 319r-1.0040433e+01 1.03e-01 3.37e+03  -3.6 5.76e+01  -5.0 7.04e-01 5.11e-01f  1
iter    objective    inf_pr   inf_du lg(mu)  ||d||  lg(rg) alpha_du alpha_pr  ls
 320r-1.0334365e+01 1.51e-01 2.49e+03  -3.6 6.59e+01    -  1.00e+00 8.45e-01f  1
 321r-1.0630519e+01 7.08e-02 1.05e+01  -3.6 1.53e+01    -  1.00e+00 1.00e+00h  1
 322r-1.0627824e+01 1.60e-02 2.14e-02  -3.6 9.08e+00  -5.5 1.00e+00 1.00e+00h  1
 323r-1.0624885e+01 1.02e-01 2.26e-01  -3.6 3.14e+01  -6.0 1.00e+00 1.00e+00h  1
 324r-1.0621403e+01 1.33e-02 1.46e-01  -3.6 1.85e+01    -  1.00e+00 1.00e+00h  1
 325r-1.0621873e+01 4.23e-03 4.69e-03  -3.6 4.06e+00    -  1.00e+00 1.00e+00h  1
 326r-1.1157829e+01 2.17e-02 7.70e+03  -4.4 3.49e+01    -  5.61e-01 2.16e-01f  1
 327r-1.1064949e+01 5.66e-01 5.43e+03  -4.4 7.22e+02    -  2.24e-01 2.40e-01f  1
 328r-1.1011081e+01 1.31e+00 5.73e+03  -4.4 1.04e+02    -  3.42e-01 6.79e-01f  1
 329r-1.1321086e+01 2.23e-01 4.38e+02  -4.4 4.37e+01    -  1.00e+00 9.54e-01f  1
iter    objective    inf_pr   inf_du lg(mu)  ||d||  lg(rg) alpha_du alpha_pr  ls
 330r-1.1664724e+01 1.02e-01 1.64e+02  -4.4 2.73e+00    -  7.22e-01 1.00e+00h  1
 331r-1.1680341e+01 2.30e-02 6.18e-01  -4.4 2.26e+00    -  1.00e+00 1.00e+00h  1
 332r-1.1680283e+01 4.09e-03 2.57e-02  -4.4 4.67e-01    -  1.00e+00 1.00e+00h  1
 333r-1.1680244e+01 4.09e-03 2.89e-04  -4.4 4.76e-02    -  1.00e+00 1.00e+00h  1
 334r-1.2675652e+01 3.05e-02 2.25e+03  -5.6 3.24e+01    -  2.86e-01 6.34e-01f  1
 335r-1.2621431e+01 2.35e-01 2.20e+03  -5.6 1.19e+03    -  1.95e-02 1.56e-02h  1
 336r-1.2574937e+01 5.56e-01 1.14e+03  -5.6 4.67e+02    -  2.46e-01 2.76e-02f  1
 337r-1.2121008e+01 9.12e-01 1.55e+03  -5.6 3.65e+02    -  6.99e-03 1.86e-01f  1
 338r-1.1673099e+01 8.31e-01 1.10e+03  -5.6 1.96e+02    -  2.62e-01 2.39e-01h  1
 339r-1.1287619e+01 8.06e-01 1.04e+03  -5.6 1.31e+02    -  1.80e-01 2.77e-01h  1
iter    objective    inf_pr   inf_du lg(mu)  ||d||  lg(rg) alpha_du alpha_pr  ls
 340r-1.0914558e+01 8.86e-01 2.91e+02  -5.6 1.45e+02    -  5.48e-01 3.75e-01h  1
 341r-1.0912216e+01 8.85e-01 2.80e+02  -5.6 8.65e+03    -  1.27e-02 1.21e-03h  1
 342r-1.0859773e+01 8.23e-01 3.24e+02  -5.6 5.65e+02    -  7.31e-03 8.18e-02h  1
 343r-1.0652103e+01 6.77e-01 4.79e+02  -5.6 2.37e+02    -  5.78e-02 3.48e-01h  1
 344r-1.0589857e+01 5.72e-01 1.22e+02  -5.6 1.18e+02    -  5.25e-01 1.79e-01h  1
 345r-1.0424549e+01 3.45e-01 5.04e+01  -5.6 9.69e+01    -  7.96e-01 6.46e-01h  1
 346r-1.0361083e+01 4.51e-02 9.74e-01  -5.6 3.48e+01    -  1.00e+00 1.00e+00h  1
 347r-1.0363829e+01 3.79e-03 3.21e-02  -5.6 1.31e+00    -  1.00e+00 1.00e+00h  1
 348r-1.0363594e+01 3.79e-03 4.89e-03  -5.6 3.58e-01    -  1.00e+00 1.00e+00h  1
 349r-1.0363563e+01 3.79e-03 1.58e-04  -5.6 6.50e-02    -  1.00e+00 1.00e+00h  1
iter    objective    inf_pr   inf_du lg(mu)  ||d||  lg(rg) alpha_du alpha_pr  ls
 350r-1.0363562e+01 3.79e-03 1.82e-07  -5.6 2.22e-03    -  1.00e+00 1.00e+00h  1
 351r-1.0760411e+01 3.80e-03 2.60e+02  -8.7 3.76e+00    -  8.29e-01 4.40e-01f  1
 352r-1.0729665e+01 1.13e-02 2.41e+02  -8.7 3.76e+01  -4.6 7.62e-02 6.21e-02h  1
 353r-1.0729622e+01 1.08e-02 2.36e+02  -8.7 2.18e-02  -0.6 9.77e-03 4.67e-02h  1
 354r-1.0729402e+01 6.73e-03 5.47e+02  -8.7 2.11e-02  -1.1 2.07e-04 3.74e-01f  1
 355r-1.0729358e+01 6.46e-03 6.78e+02  -8.7 1.96e-01  -1.6 8.03e-02 4.03e-02h  1
 356r-1.0730071e+01 5.45e-03 2.81e+02  -8.7 9.51e-02  -2.0 3.84e-01 1.56e-01h  1
 357r-1.0730174e+01 5.40e-03 3.69e+02  -8.7 2.89e-01  -2.5 4.14e-01 8.54e-03h  1
 358r-1.0736009e+01 4.30e-03 2.85e+02  -8.7 8.63e-01  -3.0 2.15e-01 2.20e-01f  1
 359r-1.0738825e+01 4.08e-03 2.67e+02  -8.7 2.60e+00  -3.5 7.01e-02 6.68e-02f  1
iter    objective    inf_pr   inf_du lg(mu)  ||d||  lg(rg) alpha_du alpha_pr  ls
 360r-1.0739394e+01 3.79e-03 2.43e+02  -8.7 7.76e+00  -3.9 1.91e-01 1.44e-01h  1
 361r-1.0707588e+01 2.03e-02 1.75e+02  -8.7 2.29e+01  -4.4 1.16e-02 1.70e-01h  1
 362r-1.0707599e+01 2.02e-02 1.65e+02  -8.7 1.36e-01  -2.2 2.29e-02 4.08e-03h  1
 363r-1.0707954e+01 1.97e-02 1.60e+02  -8.7 4.10e-01  -2.7 2.55e-02 2.40e-02h  1
 364r-1.0718923e+01 1.33e-02 3.48e+02  -8.7 1.23e+00  -3.1 1.00e-02 3.32e-01f  1
 365r-1.0721455e+01 1.24e-02 3.09e+02  -8.7 3.67e+00  -3.6 9.23e-02 6.85e-02f  1
 366r-1.0711972e+01 2.15e-02 4.32e+02  -8.7 1.10e+01  -4.1 3.32e-02 2.98e-01f  1
 367r-1.0713449e+01 2.05e-02 2.92e+02  -8.7 4.11e+00  -3.7 1.83e-01 5.05e-02h  1
 368r-1.0699701e+01 4.65e-02 3.76e+02  -8.7 1.22e+01  -4.1 7.35e-02 2.91e-01f  1
 369r-1.0593093e+01 8.84e-02 4.65e+02  -8.7 3.59e+01  -4.6 2.96e-02 2.85e-01h  1
iter    objective    inf_pr   inf_du lg(mu)  ||d||  lg(rg) alpha_du alpha_pr  ls
 370r-1.0558322e+01 9.26e-02 4.63e+02  -8.7 1.02e+02  -5.1 9.31e-03 2.94e-02h  1
 371r-1.0558557e+01 9.25e-02 4.62e+02  -8.7 1.08e+00  -2.9 1.45e-03 5.02e-04h  1
 372r-1.0558641e+01 9.21e-02 4.63e+02  -8.7 1.92e+00  -3.3 9.90e-04 4.51e-03f  1
 373r-1.0558763e+01 9.16e-02 1.04e+03  -8.7 5.74e+00  -3.8 7.38e-01 5.95e-03f  1
 374r-1.0544731e+01 8.86e-02 7.20e+02  -8.7 1.71e+01  -4.3 4.36e-01 3.62e-01h  1
 375r-1.0399747e+01 2.60e-01 4.72e+02  -8.7 5.01e+01  -4.8 2.32e-01 3.18e-01h  1
 376r-1.0134970e+01 1.30e+00 3.77e+02  -8.7 1.46e+02  -5.3 1.69e-01 2.32e-01h  1
 377r-1.0043533e+01 1.27e+00 3.71e+02  -8.7 1.49e+03  -5.7 2.49e-03 6.97e-03h  1
 378r-1.0044340e+01 1.27e+00 3.69e+02  -8.7 2.16e+01  -4.4 5.47e-06 3.27e-04h  1
 379r-1.0044195e+01 1.27e+00 3.70e+02  -8.7 6.36e+01  -4.9 1.20e-03 1.79e-04h  1
iter    objective    inf_pr   inf_du lg(mu)  ||d||  lg(rg) alpha_du alpha_pr  ls
 380r-9.9775924e+00 1.24e+00 9.79e+02  -8.7 1.04e+02  -5.4 1.04e-04 3.90e-02f  1
 381r-9.9928583e+00 1.20e+00 4.11e+02  -8.7 1.13e+01  -4.0 1.92e-04 3.33e-02h  1
 382r-9.9520290e+00 1.05e+00 3.52e+02  -8.7 2.70e+01  -4.5 1.08e-01 1.44e-01h  1
 383r-9.9414880e+00 1.04e+00 3.46e+02  -8.7 8.15e+01  -5.0 9.17e-02 1.06e-02h  1
 384r-9.9398096e+00 1.04e+00 3.46e+02  -8.7 2.61e+02  -5.5 4.18e-08 3.64e-04h  1
 385r-9.9396779e+00 1.04e+00 3.44e+02  -8.7 9.05e+01  -5.0 5.45e-02 1.03e-04h  1
 386r-9.8647058e+00 1.04e+00 4.56e+02  -8.7 3.47e+02  -5.5 1.13e-04 1.36e-03h  1
 387r-9.8255497e+00 1.03e+00 4.53e+02  -8.7 1.01e+02  -5.1 9.11e-03 9.87e-03h  1
 388r-9.8836197e+00 1.01e+00 9.03e+02  -8.7 1.37e+02  -5.6 1.46e-02 3.16e-02h  1
 389r-9.8584607e+00 1.01e+00 6.77e+02  -8.7 2.76e+02  -6.0 1.39e-02 7.15e-03h  1
iter    objective    inf_pr   inf_du lg(mu)  ||d||  lg(rg) alpha_du alpha_pr  ls
 390r-9.6127285e+00 1.17e+00 1.52e+03  -8.7 4.67e+02  -6.5 1.58e-03 3.98e-02h  1
 391r-9.6087069e+00 1.17e+00 1.52e+03  -8.7 1.36e+02  -5.2 9.15e-03 6.04e-04h  1
 392r-9.6074134e+00 1.16e+00 1.51e+03  -8.7 4.74e+01  -4.8 1.03e-02 3.91e-03h  1
 393r-9.5579422e+00 1.16e+00 1.51e+03  -8.7 1.56e+02  -5.2 1.53e-02 5.24e-03h  1
 394r-9.4359090e+00 1.07e+00 1.20e+03  -8.7 5.35e+01  -4.8 8.74e-02 2.02e-01f  1
 395r-9.1954876e+00 1.07e+00 1.16e+03  -8.7 1.64e+02  -5.3 1.88e-02 3.25e-02h  1
 396r-9.2075196e+00 1.02e+00 1.08e+03  -8.7 5.75e+01  -4.9 1.34e-01 7.46e-02h  1
 397r-9.2074491e+00 1.02e+00 1.08e+03  -8.7 1.71e+02  -5.3 1.65e-02 1.30e-05h  1
 398r-9.2173889e+00 9.77e-01 9.81e+02  -8.7 6.35e+01  -4.9 2.75e-02 8.84e-02f  1
 399r-9.2177400e+00 9.76e-01 9.80e+02  -8.7 6.06e+01  -5.4 3.72e-02 5.78e-04h  1
iter    objective    inf_pr   inf_du lg(mu)  ||d||  lg(rg) alpha_du alpha_pr  ls
 400r-9.2177341e+00 9.72e-01 9.76e+02  -8.7 2.56e+00  -2.3 1.15e-03 4.03e-03h  1
 401r-9.2177325e+00 9.71e-01 9.75e+02  -8.7 1.20e+00  -1.8 4.67e-05 1.57e-03h  1
 402r-9.2177198e+00 9.63e-01 9.67e+02  -8.7 1.19e+00  -2.3 1.96e-02 7.75e-03f  1
 403r-9.2175159e+00 9.52e-01 9.56e+02  -8.7 1.13e+00  -1.9 5.40e-05 1.15e-02h  1
 404r-9.2169263e+00 9.17e-01 9.21e+02  -8.7 1.10e+00  -2.4 1.70e-02 3.67e-02f  1
 405r-9.2164778e+00 8.96e-01 8.99e+02  -8.7 1.09e+00  -1.9 1.98e-02 2.34e-02h  1
 406r-9.2159997e+00 8.79e-01 8.82e+02  -8.7 1.03e+00  -2.4 2.18e-02 1.89e-02h  1
 407r-9.2155222e+00 8.64e-01 8.68e+02  -8.7 1.05e+00  -2.0 2.47e-03 1.67e-02h  1
 408r-9.2138918e+00 8.04e-01 8.07e+02  -8.7 9.84e-01  -2.5 2.73e-01 7.01e-02f  1
 409r-9.2121877e+00 6.68e-01 6.71e+02  -8.7 8.68e-01  -2.9 1.27e-01 1.69e-01h  1
iter    objective    inf_pr   inf_du lg(mu)  ||d||  lg(rg) alpha_du alpha_pr  ls
 410r-9.2122373e+00 6.67e-01 7.59e+02  -8.7 1.35e+00  -3.4 6.40e-05 2.05e-03h  1
 411r-9.2135332e+00 6.55e-01 7.44e+02  -8.7 2.92e+00  -3.9 1.11e-01 1.73e-02h  1
 412r-9.2169227e+00 6.33e-01 7.19e+02  -8.7 8.87e+00  -4.4 2.03e-02 3.39e-02h  1
 413r-9.2083531e+00 5.74e-01 6.49e+02  -8.7 2.58e+01  -4.8 3.34e-02 1.02e-01h  1
 414r-9.1970837e+00 5.67e-01 6.40e+02  -8.7 7.32e+01  -5.3 5.77e-03 1.38e-02h  1
 415r-9.1992058e+00 5.65e-01 6.39e+02  -8.7 1.38e+02  -4.9 1.26e-03 2.38e-03h  1
 416r-9.1923063e+00 5.62e-01 6.35e+02  -8.7 8.25e+01  -5.4 1.40e-04 7.00e-03f  1
 417r-9.1661065e+00 5.08e-01 5.68e+02  -8.7 3.29e+01  -4.9 9.33e-03 1.14e-01h  1
 418r-9.1314359e+00 4.50e-01 5.00e+02  -8.7 1.29e+01  -4.5 1.18e-01 1.19e-01f  1
 419r-9.1172327e+00 4.39e-01 4.88e+02  -8.7 3.97e+01  -5.0 1.41e-02 2.50e-02h  1
iter    objective    inf_pr   inf_du lg(mu)  ||d||  lg(rg) alpha_du alpha_pr  ls
 420r-9.1042397e+00 4.01e-01 4.32e+02  -8.7 1.49e+01  -4.6 6.22e-01 8.99e-02f  1
 421r-9.0474690e+00 3.81e-01 3.97e+02  -8.7 4.74e+01  -5.0 2.64e-01 6.56e-02h  1
 422r-8.9697370e+00 3.59e-01 3.90e+02  -8.7 4.71e+02  -5.5 2.44e-02 7.12e-03h  1
 423r-8.9252446e+00 3.51e-01 3.78e+02  -8.7 7.58e+01  -5.1 2.21e-01 2.64e-02h  1
 424r-8.6881490e+00 2.63e-01 1.71e+02  -8.7 2.29e+01  -4.7 6.33e-02 5.34e-01h  1
 425r-8.5307349e+00 9.75e-02 1.68e+02  -8.7 9.36e+00  -4.2 2.52e-01 7.66e-01h  1
 426r-8.2173913e+00 1.62e-01 1.85e+02  -8.7 2.75e+01  -4.7 4.23e-02 5.49e-01h  1
 427r-8.2158556e+00 1.62e-01 1.29e+02  -8.7 5.84e+01  -5.2 2.48e-01 1.78e-03h  1
 428r-8.2158533e+00 1.62e-01 1.30e+02  -8.7 1.46e+02  -5.7 7.87e-04 1.83e-06h  1
 429r-8.2077695e+00 1.62e-01 2.03e+02  -8.7 4.58e+02  -6.2 8.83e-02 2.26e-03f  1
iter    objective    inf_pr   inf_du lg(mu)  ||d||  lg(rg) alpha_du alpha_pr  ls
 430r-8.1889681e+00 1.61e-01 2.06e+02  -8.7 1.61e+02  -5.7 2.55e-02 1.55e-02h  1
 431r-8.0988290e+00 1.77e-01 2.06e+02  -8.7 5.23e+02  -6.2 3.14e-02 2.52e-02h  1
 432r-7.6208933e+00 1.05e+00 1.48e+02  -8.7 1.84e+02  -5.8 6.91e-02 3.40e-01f  1
 433r-7.2635138e+00 7.67e-01 1.68e+02  -8.7 9.55e+02  -6.3 5.30e-03 4.84e-02h  1
 434r-7.1082854e+00 6.23e-01 1.66e+02  -8.7 1.10e+03  -5.8 1.08e-02 9.99e-03h  1
 435r-6.7349824e+00 6.14e-01 2.90e+02  -8.7 1.92e+03  -5.4 7.87e-05 9.10e-03f  1
 436r-6.6430734e+00 5.93e-01 3.33e+02  -8.7 9.57e+01  -5.0 4.26e-04 4.66e-02f  1
 437r-6.5237396e+00 5.82e-01 2.78e+02  -8.7 1.99e+02  -5.5 8.14e-02 3.67e-02h  1
 438r-6.3381119e+00 6.40e-01 2.83e+02  -8.7 2.88e+02  -5.9 2.39e-02 1.10e-01h  1
 439r-6.0991557e+00 7.45e-01 3.13e+02  -8.7 1.37e+03  -6.4 4.44e-03 2.33e-02h  1
iter    objective    inf_pr   inf_du lg(mu)  ||d||  lg(rg) alpha_du alpha_pr  ls
 440r-6.0679842e+00 7.33e-01 3.14e+02  -8.7 2.32e+02  -6.0 7.94e-03 1.85e-02h  1
 441r-6.0412025e+00 7.22e-01 3.99e+02  -8.7 8.33e+01  -5.6 2.36e-03 1.51e-02h  1
 442r-5.9571668e+00 7.11e-01 6.36e+02  -8.7 2.31e+02  -6.0 1.10e-04 1.54e-02h  1
 443r-5.9122061e+00 6.94e-01 5.38e+02  -8.7 8.52e+01  -5.6 4.98e-02 2.39e-02f  1
 444r-5.7535794e+00 6.73e-01 5.12e+02  -8.7 2.55e+02  -6.1 2.78e-02 2.60e-02h  1
 445r-5.6578008e+00 4.92e-01 3.84e+02  -8.7 1.31e+01  -4.8 2.54e-01 2.64e-01h  1
 446r-5.6034278e+00 3.50e-01 3.93e+02  -8.7 5.79e+00  -4.3 4.63e-02 2.86e-01h  1
 447r-5.6031214e+00 2.77e-01 4.10e+02  -8.7 2.88e+00  -3.9 7.92e-03 2.09e-01h  1
 448r-5.6062896e+00 2.46e-01 5.31e+02  -8.7 1.96e+00  -3.5 1.12e-02 1.12e-01h  1
 449r-5.5908591e+00 2.27e-01 4.91e+02  -8.7 3.79e+00  -4.0 4.37e-02 7.74e-02f  1
iter    objective    inf_pr   inf_du lg(mu)  ||d||  lg(rg) alpha_du alpha_pr  ls
 450r-5.5982113e+00 1.90e-01 4.41e+02  -8.7 1.73e+00  -3.5 2.01e-02 1.63e-01h  1
 451r-5.5873174e+00 1.79e-01 4.15e+02  -8.7 2.47e+00  -4.0 3.14e-03 5.71e-02f  1
 452r-5.5836013e+00 4.87e-02 2.95e+02  -8.7 9.43e-01  -3.6 2.76e-01 7.30e-01h  1
 453r-5.5454570e+00 4.41e-02 2.73e+02  -8.7 3.89e+00  -4.1 3.10e-01 9.51e-02h  1
 454r-5.5437767e+00 4.28e-02 9.49e+02  -8.7 1.39e+00  -3.6 1.81e-05 2.92e-02f  1
 455r-5.4584297e+00 4.00e-02 8.85e+02  -8.7 4.40e+00  -4.1 2.45e-02 6.67e-02h  1
 456r-5.4444310e+00 3.43e-02 6.94e+02  -8.7 1.37e+01  -4.6 1.06e-02 2.16e-01f  1
 457r-5.4503846e+00 2.13e-02 4.30e+02  -8.7 5.55e-01  -3.3 2.08e-01 3.80e-01f  1
 458r-5.4576137e+00 1.69e-02 3.39e+02  -8.7 1.83e+00  -3.7 1.05e-03 2.11e-01h  1
 459r-5.4576623e+00 1.67e-02 3.57e+02  -8.7 5.68e+00  -4.2 1.50e-04 1.27e-02h  1
iter    objective    inf_pr   inf_du lg(mu)  ||d||  lg(rg) alpha_du alpha_pr  ls
 460r-5.4257963e+00 1.90e-02 2.75e+02  -8.7 1.77e+01  -4.7 9.38e-05 2.16e-01f  1
 461r-5.4113030e+00 1.82e-02 2.71e+02  -8.7 5.88e+01  -5.2 4.30e-02 1.49e-02h  1
 462r-5.3569329e+00 2.33e-02 5.45e+02  -8.7 1.99e+01  -4.7 7.88e-06 2.71e-01f  1
 463r-5.3265391e+00 2.37e-02 8.63e+02  -8.7 6.25e+01  -5.2 1.07e-05 3.06e-02f  1
 464r-5.3119415e+00 2.29e-02 8.12e+02  -8.7 2.17e+01  -4.8 6.08e-02 5.96e-02h  1
 465r-5.2405377e+00 2.68e-02 7.92e+02  -8.7 1.07e+02  -5.3 6.71e-05 2.55e-02h  1
 466r-5.2322552e+00 2.67e-02 7.86e+02  -8.7 1.37e+01  -3.9 1.82e-02 6.83e-03h  1
 467r-5.2117356e+00 2.22e-02 3.97e+02  -8.7 1.66e+00  -3.5 5.35e-04 1.73e-01f  1
 468r-5.1748654e+00 2.24e-02 3.96e+02  -8.7 1.46e+02  -4.0 2.54e-03 2.55e-03h  1
 469r-5.1520327e+00 1.98e-02 4.57e+02  -8.7 2.83e+00  -3.6 1.39e-03 1.28e-01h  1
iter    objective    inf_pr   inf_du lg(mu)  ||d||  lg(rg) alpha_du alpha_pr  ls
 470r-5.1492815e+00 1.87e-02 4.32e+02  -8.7 3.84e+00  -4.0 2.56e-03 5.33e-02f  1
 471r-5.1459685e+00 1.84e-02 4.26e+02  -8.7 3.16e+00  -3.6 2.29e-04 1.44e-02h  1
 472r-5.1459496e+00 1.84e-02 4.26e+02  -8.7 4.71e+00  -4.1 8.15e-02 1.40e-04h  1
 473r-5.0657793e+00 2.10e-02 2.90e+02  -8.7 1.36e+01  -4.6 5.15e-01 3.16e-01f  1
 474r-4.9179247e+00 4.26e-02 2.33e+02  -8.7 3.91e+01  -5.0 2.73e-01 1.93e-01h  1
 475r-4.4191454e+00 2.89e+00 1.93e+02  -8.7 1.16e+02  -5.5 3.76e-02 2.01e-01f  1
 476r-4.3994189e+00 2.84e+00 1.87e+02  -8.7 4.74e+01  -5.1 1.26e-01 1.62e-02h  1
 477r-3.5518840e+00 6.27e+00 3.27e+02  -8.7 4.66e+02  -5.6 1.49e-02 4.69e-02h  1
 478r-3.1129778e+00 6.08e+00 4.80e+02  -8.7 4.34e+02  -5.2 4.68e-03 1.54e-02h  1
 479r-3.1423735e+00 6.00e+00 4.57e+02  -8.7 4.79e+01  -4.7 2.66e-02 1.42e-02h  1
iter    objective    inf_pr   inf_du lg(mu)  ||d||  lg(rg) alpha_du alpha_pr  ls
 480r-3.0248022e+00 5.91e+00 5.79e+02  -8.7 2.06e+02  -5.2 7.82e-04 1.33e-02h  1
 481r-3.1485860e+00 5.55e+00 6.09e+02  -8.7 4.32e+01  -4.8 1.01e-02 6.15e-02f  1
 482r-3.1398569e+00 5.54e+00 6.20e+02  -8.7 1.99e+02  -5.3 2.41e-05 1.18e-03h  1
 483r-3.1427747e+00 5.53e+00 6.05e+02  -8.7 4.61e+01  -4.8 1.13e-02 1.81e-03h  1
 484r-3.1220123e+00 5.53e+00 6.23e+02  -8.7 4.24e+02  -5.3 1.63e-04 8.64e-04h  1
 485r-3.1379114e+00 5.50e+00 6.17e+02  -8.7 1.17e+01  -4.0 6.45e-04 5.83e-03h  1
 486r-3.1383956e+00 5.49e+00 6.16e+02  -8.7 1.07e+01  -4.5 9.58e-05 1.93e-03h  1
 487r-3.1382214e+00 5.41e+00 6.08e+02  -8.7 5.02e+00  -4.0 3.41e-03 1.47e-02f  1
 488r-3.1374406e+00 5.40e+00 6.06e+02  -8.7 1.65e+01  -4.5 6.16e-03 4.77e-04h  1
 489r-3.1302953e+00 5.31e+00 5.98e+02  -8.7 5.87e+00  -4.1 7.66e-04 1.78e-02h  1
iter    objective    inf_pr   inf_du lg(mu)  ||d||  lg(rg) alpha_du alpha_pr  ls
 490r-3.1298060e+00 5.31e+00 5.94e+02  -8.7 3.86e+01  -4.6 9.56e-03 1.85e-04h  1
 491r-3.1284932e+00 5.29e+00 5.91e+02  -8.7 6.45e+00  -4.1 1.11e-02 2.74e-03h  1
 492r-3.1272959e+00 5.29e+00 5.90e+02  -8.7 7.39e+01  -4.6 1.62e-03 2.71e-04h  1
 493r-3.1254227e+00 5.27e+00 5.88e+02  -8.7 6.99e+00  -4.2 1.52e-03 3.38e-03h  1
 494r-3.1203381e+00 5.26e+00 5.86e+02  -8.7 2.84e+01  -4.7 3.35e-03 1.76e-03h  1
 495r-3.1047571e+00 5.13e+00 5.75e+02  -8.7 7.62e+00  -4.2 3.57e-03 2.46e-02f  1
 496r-3.0997959e+00 5.12e+00 5.80e+02  -8.7 1.81e+01  -4.7 1.07e-02 3.35e-03h  1
 497r-3.0921102e+00 5.11e+00 5.79e+02  -8.7 7.75e+01  -5.2 9.85e-04 1.04e-03h  1
 498r-3.0903146e+00 5.10e+00 5.78e+02  -8.7 1.97e+01  -4.8 1.18e-03 1.26e-03h  1
 499r-3.0895509e+00 5.09e+00 5.80e+02  -8.7 1.08e+01  -4.3 4.90e-03 2.39e-03h  1
iter    objective    inf_pr   inf_du lg(mu)  ||d||  lg(rg) alpha_du alpha_pr  ls
 500r-3.0829591e+00 5.08e+00 5.87e+02  -8.7 3.28e+01  -4.8 1.30e-02 1.69e-03h  1
 501r-3.0790681e+00 5.08e+00 5.94e+02  -8.7 2.18e+02  -5.3 9.31e-04 2.09e-04h  1
 502r-3.0772249e+00 5.08e+00 5.97e+02  -8.7 3.66e+01  -4.9 1.70e-03 7.84e-04h  1
 503r-3.0753734e+00 5.08e+00 7.92e+02  -8.7 4.54e+02  -5.3 2.21e-03 4.83e-05h  1
 504r-3.0655627e+00 5.07e+00 8.17e+02  -8.7 3.69e+01  -4.9 5.74e-03 2.21e-03h  1
 505r-3.0632620e+00 5.05e+00 8.06e+02  -8.7 1.13e+01  -4.5 1.47e-03 3.18e-03h  1
 506r-3.0617497e+00 5.05e+00 1.01e+03  -8.7 7.55e+01  -5.0 8.85e-03 2.98e-04h  1
 507r-3.0508501e+00 5.01e+00 1.02e+03  -8.7 1.30e+01  -4.5 3.26e-02 8.15e-03h  1
 508r-3.0490990e+00 5.01e+00 1.08e+03  -8.7 1.29e+02  -5.0 2.54e-03 2.07e-04h  1
 509r-3.0466293e+00 4.99e+00 1.21e+03  -8.7 1.39e+01  -4.6 4.90e-02 2.51e-03h  1
iter    objective    inf_pr   inf_du lg(mu)  ||d||  lg(rg) alpha_du alpha_pr  ls
 510r-3.0326354e+00 4.99e+00 1.24e+03  -8.7 6.08e+01  -5.1 4.52e-03 1.71e-03h  1
 511r-3.0310767e+00 4.98e+00 1.56e+03  -8.7 2.19e+01  -4.6 4.45e-02 1.43e-03h  1
 512r-2.8150546e+00 4.79e+00 1.34e+03  -8.7 5.06e+01  -5.1 3.70e-03 3.62e-02h  1
 513r-2.7876158e+00 4.75e+00 1.32e+03  -8.7 1.87e+01  -4.7 1.06e-02 9.88e-03h  1
 514r-2.7841017e+00 4.73e+00 1.32e+03  -8.7 8.31e+00  -4.3 1.37e-02 3.61e-03h  1
 515r-2.7540667e+00 4.69e+00 1.31e+03  -8.7 3.36e+01  -4.7 1.21e-03 8.95e-03h  1
 516r-2.7266010e+00 4.68e+00 1.30e+03  -8.7 1.31e+02  -5.2 6.52e-04 1.17e-03h  1
 517r-2.7258741e+00 4.68e+00 1.30e+03  -8.7 2.79e+01  -4.8 1.30e-02 2.05e-04h  1
 518r-2.6326240e+00 4.67e+00 1.30e+03  -8.7 2.60e+02  -5.3 7.37e-04 2.04e-03h  1
 519r-2.6230849e+00 4.66e+00 1.30e+03  -8.7 6.00e+01  -4.8 1.41e-02 1.18e-03h  1
iter    objective    inf_pr   inf_du lg(mu)  ||d||  lg(rg) alpha_du alpha_pr  ls
 520r-2.6230743e+00 4.66e+00 1.30e+03  -8.7 9.77e+00  -4.4 4.82e-03 1.50e-05h  1
 521r-2.5945996e+00 4.65e+00 1.29e+03  -8.7 3.30e+01  -4.9 1.95e-03 3.88e-03h  1
 522r-2.5550316e+00 4.55e+00 1.26e+03  -8.7 1.05e+01  -4.5 1.03e-02 2.18e-02h  1
 523r-2.5276716e+00 4.53e+00 1.26e+03  -8.7 4.64e+01  -4.9 8.96e-04 3.48e-03h  1
 524r-2.5200865e+00 4.51e+00 1.26e+03  -8.7 1.21e+01  -4.5 3.99e-03 3.83e-03h  1
 525r-2.4682911e+00 4.49e+00 1.25e+03  -8.7 4.89e+01  -5.0 3.18e-03 5.02e-03h  1
 526r-2.4681952e+00 4.49e+00 1.25e+03  -8.7 1.45e+01  -4.6 1.27e-02 5.34e-05h  1
 527r-2.4576387e+00 4.40e+00 1.22e+03  -8.7 7.16e+00  -4.1 4.97e-02 2.08e-02f  1
 528r-2.4286790e+00 4.35e+00 1.20e+03  -8.7 1.73e+01  -4.6 1.68e-02 1.06e-02h  1
 529r-2.3286450e+00 4.33e+00 1.20e+03  -8.7 8.31e+01  -5.1 3.55e-03 4.48e-03h  1
iter    objective    inf_pr   inf_du lg(mu)  ||d||  lg(rg) alpha_du alpha_pr  ls
 530r-2.2075172e+00 4.21e+00 1.17e+03  -8.7 2.16e+01  -4.7 9.33e-07 2.67e-02h  1
 531r-2.1950171e+00 4.10e+00 1.14e+03  -8.7 6.80e+00  -4.2 3.35e-02 2.74e-02h  1
 532r-2.1893036e+00 4.09e+00 1.14e+03  -8.7 3.86e+01  -4.7 6.26e-07 7.96e-04h  1
 533r-2.1890026e+00 4.09e+00 1.14e+03  -8.7 7.54e+00  -4.3 4.89e-03 4.66e-04h  1
 534r-2.1611636e+00 4.08e+00 1.13e+03  -8.7 5.28e+01  -4.8 3.13e-05 2.45e-03h  1
 535r-2.1611403e+00 4.08e+00 1.13e+03  -8.7 8.63e+00  -4.4 4.03e-02 2.54e-05h  1
 536r-2.0068765e+00 4.01e+00 1.11e+03  -8.7 3.42e+01  -4.8 2.70e-03 1.78e-02f  1
 537r-2.0068501e+00 4.01e+00 1.11e+03  -8.7 1.03e+01  -4.4 7.63e-03 1.61e-05h  1
 538r-1.8655941e+00 3.99e+00 1.10e+03  -8.7 5.59e+01  -4.9 2.45e-03 5.84e-03f  1
 539r-1.7188715e+00 3.88e+00 1.08e+03  -8.7 1.65e+01  -4.5 4.98e-03 2.65e-02h  1
iter    objective    inf_pr   inf_du lg(mu)  ||d||  lg(rg) alpha_du alpha_pr  ls
 540r-1.7146852e+00 3.85e+00 1.04e+03  -8.7 4.98e+00  -4.0 1.39e-01 8.58e-03h  1
 541r-1.7150780e+00 3.82e+00 1.02e+03  -8.7 1.97e+00  -3.6 9.77e-02 6.44e-03h  1
 542r-1.6913113e+00 3.79e+00 1.01e+03  -8.7 6.78e+00  -4.1 2.86e-03 9.13e-03h  1
 543r-1.6699860e+00 3.78e+00 1.01e+03  -8.7 1.77e+01  -4.6 8.94e-03 1.99e-03h  1
 544r-1.6552122e+00 3.48e+00 9.26e+02  -8.7 5.28e+00  -4.1 8.25e-02 7.98e-02f  1
 545r-1.6553163e+00 3.46e+00 9.21e+02  -8.7 2.10e+00  -3.7 6.33e-03 4.55e-03h  1
 546r-1.6123783e+00 3.46e+00 9.21e+02  -8.7 4.98e+01  -4.2 7.73e-05 1.27e-03h  1
 547r-1.5059859e+00 3.45e+00 9.20e+02  -8.7 6.42e+01  -4.7 3.59e-04 1.58e-03h  1
 548r-1.4969981e+00 3.42e+00 8.94e+02  -8.7 7.12e+00  -4.2 7.85e-02 1.04e-02h  1
 549r-1.4997465e+00 3.33e+00 8.73e+02  -8.7 2.74e+00  -3.8 1.72e-02 2.63e-02h  1
iter    objective    inf_pr   inf_du lg(mu)  ||d||  lg(rg) alpha_du alpha_pr  ls
 550r-1.4469712e+00 3.20e+00 8.46e+02  -8.7 7.76e+00  -4.3 1.39e-02 3.79e-02h  1
 551r-1.4458301e+00 3.19e+00 8.41e+02  -8.7 2.95e+00  -3.9 6.35e-03 4.34e-03h  1
 552r-1.3764203e+00 3.17e+00 8.38e+02  -8.7 3.36e+01  -4.3 3.75e-04 5.55e-03f  1
 553r-1.3804918e+00 3.02e+00 8.09e+02  -8.7 3.66e+00  -3.9 4.32e-04 4.71e-02f  1
 554r-1.3811547e+00 3.00e+00 8.00e+02  -8.7 1.53e+00  -3.5 2.53e-02 6.49e-03h  1
 555r-1.3763951e+00 2.98e+00 7.93e+02  -8.7 3.99e+00  -4.0 1.28e-02 7.23e-03h  1
 556r-1.3781036e+00 2.91e+00 7.79e+02  -8.7 1.61e+00  -3.5 3.06e-03 2.38e-02h  1
 557r-1.3709031e+00 2.83e+00 7.63e+02  -8.7 4.13e+00  -4.0 7.33e-03 2.67e-02h  1
 558r-1.3704735e+00 2.83e+00 7.59e+02  -8.7 1.50e+01  -4.5 1.01e-02 5.45e-05h  1
 559r-1.3621155e+00 2.80e+00 7.53e+02  -8.7 4.89e+00  -4.1 3.60e-04 1.20e-02f  1
iter    objective    inf_pr   inf_du lg(mu)  ||d||  lg(rg) alpha_du alpha_pr  ls
 560r-1.3513989e+00 2.79e+00 7.52e+02  -8.7 2.26e+01  -4.5 2.45e-03 1.13e-03h  1
 561r-1.3476839e+00 2.78e+00 7.43e+02  -8.7 5.06e+00  -4.1 2.47e-02 6.12e-03f  1
 562r-1.3476677e+00 2.78e+00 7.43e+02  -8.7 3.05e+01  -4.6 1.22e-05 6.79e-07h  1
 563r-1.3104449e+00 2.65e+00 7.21e+02  -8.7 5.75e+00  -4.2 1.37e-06 4.45e-02f  1
 564r-1.2573598e+00 2.65e+00 7.18e+02  -8.7 5.83e+01  -4.6 3.64e-03 1.51e-03h  1
 565r-1.2483022e+00 2.64e+00 7.13e+02  -8.7 1.29e+01  -4.2 1.58e-02 2.61e-03h  1
 566r-1.2432716e+00 2.53e+00 6.90e+02  -8.7 2.64e+00  -3.8 1.05e-02 4.33e-02h  1
 567r-1.2398143e+00 2.53e+00 7.41e+02  -8.7 1.95e+01  -4.3 5.79e-03 5.47e-04h  1
 568r-1.2353033e+00 2.47e+00 7.28e+02  -8.7 3.08e+00  -3.8 3.23e-03 2.12e-02f  1
 569r-1.2339152e+00 2.47e+00 8.27e+02  -8.7 4.40e+01  -4.3 3.52e-03 7.95e-05h  1
iter    objective    inf_pr   inf_du lg(mu)  ||d||  lg(rg) alpha_du alpha_pr  ls
 570r-1.2265586e+00 2.41e+00 8.00e+02  -8.7 3.57e+00  -3.9 8.96e-03 2.29e-02f  1
 571r-1.2235072e+00 2.41e+00 8.89e+02  -8.7 2.13e+02  -4.4 5.12e-04 3.04e-05h  1
 572r-1.2180548e+00 2.39e+00 8.97e+02  -8.7 4.01e+00  -3.9 4.57e-02 1.23e-02f  1
 573r-1.2177332e+00 2.38e+00 1.04e+03  -8.7 2.04e+01  -4.4 1.58e-02 3.99e-05h  1
 574r-1.2076520e+00 2.33e+00 1.03e+03  -8.7 3.88e+00  -4.0 8.60e-03 2.28e-02f  1
 575r-1.0840406e+00 2.29e+00 9.53e+02  -8.7 1.86e+01  -4.5 1.65e-03 1.68e-02h  1
 576r-1.0760651e+00 2.26e+00 9.41e+02  -8.7 4.37e+00  -4.0 3.04e-02 1.26e-02h  1
 577r-9.6114291e-01 2.25e+00 9.33e+02  -8.7 2.86e+01  -4.5 4.29e-03 7.62e-03h  1
 578r-9.3701507e-01 2.19e+00 9.09e+02  -8.7 5.16e+00  -4.1 1.10e-02 2.53e-02h  1
 579r-7.9821707e-01 2.19e+00 9.09e+02  -8.7 2.45e+02  -4.6 1.14e-04 7.19e-04h  1
iter    objective    inf_pr   inf_du lg(mu)  ||d||  lg(rg) alpha_du alpha_pr  ls
 580r-7.9451956e-01 2.18e+00 9.08e+02  -8.7 1.18e+01  -4.1 4.48e-03 1.00e-03h  1
 581r-7.9190358e-01 2.15e+00 8.92e+02  -8.7 2.27e+00  -3.7 3.01e-02 1.73e-02f  1
 582r-7.5295399e-01 2.13e+00 8.87e+02  -8.7 1.85e+01  -4.2 4.21e-03 5.60e-03h  1
 583r-7.4897092e-01 2.10e+00 8.73e+02  -8.7 2.69e+00  -3.8 1.19e-03 1.58e-02f  1
 584r-7.4173517e-01 2.10e+00 8.73e+02  -8.7 6.01e+01  -4.2 1.33e-03 2.51e-04h  1
 585r-7.3961561e-01 2.09e+00 8.68e+02  -8.7 3.17e+00  -3.8 2.27e-03 5.59e-03f  1
 586r-7.3969049e-01 2.08e+00 8.65e+02  -8.7 1.21e+00  -3.4 7.41e-07 3.30e-03f  1
 587r-7.3453471e-01 2.06e+00 8.57e+02  -8.7 3.72e+00  -3.9 3.82e-03 9.78e-03f  1
 588r-7.3453918e-01 2.06e+00 8.56e+02  -8.7 1.26e+00  -3.4 5.19e-03 8.25e-04h  1
 589r-7.0893686e-01 1.99e+00 8.27e+02  -8.7 4.43e+00  -3.9 9.55e-03 3.43e-02f  1
iter    objective    inf_pr   inf_du lg(mu)  ||d||  lg(rg) alpha_du alpha_pr  ls
 590r-7.0891575e-01 1.99e+00 8.26e+02  -8.7 1.30e+00  -3.5 5.89e-03 7.92e-04h  1
 591r-7.0011300e-01 1.97e+00 8.20e+02  -8.7 5.35e+00  -4.0 8.35e-03 8.05e-03f  1
 592r-6.6740827e-01 1.97e+00 8.19e+02  -8.7 3.85e+01  -4.5 5.88e-04 1.23e-03h  1
 593r-6.6168301e-01 1.96e+00 8.14e+02  -8.7 4.57e+00  -4.0 8.43e-03 5.94e-03h  1
 594r-6.3650770e-01 1.96e+00 8.14e+02  -8.7 2.86e+02  -4.5 2.33e-04 1.05e-04h  1
 595r-6.3574958e-01 1.96e+00 1.00e+03  -8.7 5.42e+00  -4.1 3.11e-09 5.70e-04h  1
 596r-6.3424567e-01 1.92e+00 9.84e+02  -8.7 1.94e+00  -3.7 8.22e-04 1.62e-02h  1
 597r-5.9392155e-01 1.88e+00 9.62e+02  -8.7 6.46e+00  -4.1 2.84e-02 2.24e-02h  1
 598r-5.9331272e-01 1.87e+00 9.58e+02  -8.7 2.13e+00  -3.7 1.00e-02 3.91e-03h  1
 599r-5.5252614e-01 1.84e+00 9.43e+02  -8.7 7.97e+00  -4.2 9.83e-03 1.55e-02f  1
iter    objective    inf_pr   inf_du lg(mu)  ||d||  lg(rg) alpha_du alpha_pr  ls
 600r-5.4892367e-01 1.82e+00 9.30e+02  -8.7 2.30e+00  -3.8 2.84e-03 1.42e-02h  1
 601r-5.4155149e-01 1.82e+00 9.29e+02  -8.7 1.84e+01  -4.2 3.96e-03 8.51e-04h  1
 602r-5.4018922e-01 1.81e+00 1.00e+03  -8.7 2.74e+00  -3.8 1.06e-06 3.39e-03h  1
 603r-4.6534518e-01 1.81e+00 9.97e+02  -8.7 4.22e+01  -4.3 1.05e-04 3.08e-03h  1
 604r-3.6570764e-01 1.50e+00 8.25e+02  -8.7 3.31e+00  -3.9 1.20e-02 1.67e-01h  1
 605r-3.6473676e-01 1.48e+00 8.15e+02  -8.7 1.17e+00  -3.4 1.33e-02 1.21e-02h  1
 606r-3.3878219e-01 1.44e+00 7.89e+02  -8.7 3.53e+00  -3.9 2.56e-02 3.20e-02f  1
 607r-3.3833225e-01 1.43e+00 1.00e+03  -8.7 1.31e+00  -3.5 4.63e-07 3.61e-03h  1
 608r-3.2405457e-01 1.42e+00 9.93e+02  -8.7 6.11e+00  -4.0 4.40e-04 8.29e-03h  1
 609r-3.1352624e-01 1.33e+00 9.32e+02  -8.7 1.52e+00  -3.5 8.26e-03 6.12e-02f  1
iter    objective    inf_pr   inf_du lg(mu)  ||d||  lg(rg) alpha_du alpha_pr  ls
 610r-3.1246828e-01 1.33e+00 9.31e+02  -8.7 8.64e+00  -4.0 2.95e-05 3.20e-04h  1
 611r-3.0922477e-01 1.31e+00 9.19e+02  -8.7 1.79e+00  -3.6 1.36e-02 1.35e-02f  1
 612r-3.0742735e-01 1.31e+00 9.18e+02  -8.7 1.06e+01  -4.1 9.25e-04 4.58e-04h  1
 613r-2.6085787e-01 1.12e+00 8.15e+02  -8.7 2.09e+00  -3.6 1.98e-03 1.48e-01f  1
 614r-2.3259452e-01 1.11e+00 8.11e+02  -8.7 1.51e+01  -4.1 1.53e-04 4.55e-03f  1
 615r-2.3068783e-01 1.11e+00 1.00e+03  -8.7 2.55e+00  -3.7 5.81e-08 3.97e-03f  1
 616r-2.2466990e-01 1.11e+00 1.00e+03  -8.7 2.80e+01  -4.2 5.40e-03 4.48e-04h  1
 617r-2.1933656e-01 1.10e+00 9.93e+02  -8.7 2.95e+00  -3.7 6.29e-03 8.48e-03h  1
 618r-2.0309649e-01 1.10e+00 9.91e+02  -8.7 1.31e+01  -4.2 1.80e-03 2.44e-03h  1
 619r-1.9949163e-01 1.09e+00 9.86e+02  -8.7 3.17e+00  -3.8 1.84e-07 4.77e-03f  1
iter    objective    inf_pr   inf_du lg(mu)  ||d||  lg(rg) alpha_du alpha_pr  ls
 620r-1.6976538e-01 1.09e+00 9.86e+02  -8.7 8.94e+01  -4.3 1.65e-04 5.02e-04h  1
 621r-1.6806682e-01 1.09e+00 9.84e+02  -8.7 3.81e+00  -3.8 2.95e-07 1.68e-03f  1
 622r-1.6476638e-01 1.07e+00 9.64e+02  -8.7 1.04e+00  -3.4 7.52e-04 2.13e-02f  1
 623r-1.6070994e-01 1.06e+00 9.61e+02  -8.7 4.56e+00  -3.9 2.92e-03 3.04e-03h  1
 624r-1.5700769e-01 1.04e+00 9.43e+02  -8.7 1.19e+00  -3.5 4.91e-03 1.86e-02f  1
 625r-1.5661126e-01 1.04e+00 9.43e+02  -8.7 5.42e+00  -3.9 6.05e-03 2.22e-04h  1
 626r-1.5501813e-01 1.04e+00 1.00e+03  -8.7 1.39e+00  -3.5 4.42e-06 6.20e-03f  1
 627r-1.5034082e-01 1.03e+00 1.00e+03  -8.7 6.15e+00  -4.0 8.66e-03 2.06e-03h  1
 628r-1.4912254e-01 1.03e+00 9.97e+02  -8.7 1.60e+00  -3.6 5.50e-03 3.63e-03h  1
 629r-1.4067222e-01 1.03e+00 9.95e+02  -8.7 1.20e+01  -4.0 1.30e-03 1.42e-03h  1
iter    objective    inf_pr   inf_du lg(mu)  ||d||  lg(rg) alpha_du alpha_pr  ls
 630r-1.4000837e-01 1.03e+00 9.93e+02  -8.7 1.66e+00  -3.6 3.33e-03 1.92e-03h  1
 631r-1.2931318e-01 1.02e+00 9.90e+02  -8.7 7.68e+00  -4.1 1.56e-02 3.41e-03f  1
 632r-1.2764763e-01 1.02e+00 9.87e+02  -8.7 2.40e+00  -3.7 2.58e-03 3.38e-03h  1
 633r-4.0444741e-02 9.99e-01 9.67e+02  -8.7 9.50e+00  -4.1 1.83e-02 2.02e-02f  1
 634r-3.3838910e-02 9.88e-01 9.56e+02  -8.7 2.46e+00  -3.7 1.22e-03 1.10e-02h  1
 635r 4.7251842e-02 9.84e-01 9.52e+02  -8.7 3.40e+01  -4.2 2.52e-04 3.94e-03f  1
 636r 5.2745321e-02 9.80e-01 9.48e+02  -8.7 2.67e+00  -3.8 1.41e-03 4.14e-03h  1
 637r 5.3719188e-02 9.68e-01 9.37e+02  -8.7 1.09e+00  -3.3 4.08e-03 1.23e-02h  1
 638r 5.6854066e-02 9.66e-01 9.34e+02  -8.7 3.90e+00  -3.8 2.01e-03 2.68e-03h  1
 639r 5.6857240e-02 9.66e-01 9.34e+02  -8.7 1.08e+00  -3.4 9.49e-03 2.63e-05h  1
iter    objective    inf_pr   inf_du lg(mu)  ||d||  lg(rg) alpha_du alpha_pr  ls
 640r 9.0082252e-02 9.41e-01 9.10e+02  -8.7 3.95e+00  -3.9 3.05e-02 2.58e-02f  1
 641r 9.4772300e-02 9.22e-01 8.92e+02  -8.7 1.13e+00  -3.4 3.38e-03 2.02e-02h  1
 642r 1.0976312e-01 9.14e-01 8.84e+02  -8.7 4.83e+00  -3.9 5.46e-03 8.56e-03h  1
 643r 1.1269956e-01 9.05e-01 8.75e+02  -8.7 1.37e+00  -3.5 7.82e-03 9.96e-03h  1
 644r 2.7847429e-01 8.55e-01 9.12e+02  -8.7 7.52e+00  -4.0 1.31e-03 5.49e-02h  1
 645r 3.1803310e-01 7.83e-01 8.40e+02  -8.7 1.99e+00  -3.6 3.37e-02 8.40e-02f  1
 646r 3.1812261e-01 7.82e-01 8.44e+02  -8.7 6.80e-01  -3.1 3.91e-03 1.16e-03h  1
 647r 3.2890694e-01 7.69e-01 8.29e+02  -8.7 2.40e+00  -3.6 9.80e-04 1.69e-02f  1
 648r 3.2896403e-01 7.69e-01 8.29e+02  -8.7 7.53e-01  -3.2 1.84e-08 5.45e-04h  1
 649r 3.5960520e-01 7.40e-01 8.00e+02  -8.7 2.85e+00  -3.7 2.09e-03 3.70e-02f  1
iter    objective    inf_pr   inf_du lg(mu)  ||d||  lg(rg) alpha_du alpha_pr  ls
 650r 3.5980827e-01 7.39e-01 7.98e+02  -8.7 8.36e-01  -3.2 5.18e-02 1.32e-03h  1
 651r 3.6509892e-01 7.36e-01 7.95e+02  -8.7 3.53e+00  -3.7 1.97e-03 4.42e-03f  1
 652r 3.8084949e-01 6.99e-01 7.56e+02  -8.7 9.51e-01  -3.3 6.22e-03 4.96e-02h  1
 653r 3.8372558e-01 6.44e-01 7.00e+02  -8.7 3.74e-01  -2.9 4.61e-06 7.88e-02f  1
 654r 3.8780249e-01 6.35e-01 6.90e+02  -8.7 1.07e+00  -3.3 1.32e-02 1.44e-02h  1
 655r 3.9153405e-01 5.86e-01 6.39e+02  -8.7 4.11e-01  -2.9 8.59e-06 7.78e-02f  1
 656r 3.9781670e-01 5.74e-01 6.26e+02  -8.7 1.30e+00  -3.4 1.08e-02 2.03e-02h  1
 657r 3.9783531e-01 5.73e-01 6.25e+02  -8.7 4.38e-01  -3.0 3.33e-02 2.77e-04h  1
 658r 4.0361077e-01 5.64e-01 6.15e+02  -8.7 1.52e+00  -3.4 1.78e-02 1.60e-02f  1
 659r 4.2229354e-01 5.63e-01 6.14e+02  -8.7 7.77e+00  -3.9 4.11e-04 2.17e-03h  1
iter    objective    inf_pr   inf_du lg(mu)  ||d||  lg(rg) alpha_du alpha_pr  ls
 660r 4.2505245e-01 5.61e-01 6.12e+02  -8.7 1.53e+00  -3.5 4.24e-03 3.60e-03h  1
 661r 4.3134247e-01 5.61e-01 6.11e+02  -8.7 7.01e+01  -4.0 1.68e-04 8.11e-05h  1
 662r 4.3434506e-01 5.59e-01 1.00e+03  -8.7 1.65e+00  -3.5 4.28e-07 3.81e-03f  1
 663r 4.3495920e-01 5.56e-01 9.96e+02  -8.7 6.51e-01  -3.1 5.72e-03 5.97e-03h  1
 664r 4.5397635e-01 5.46e-01 9.78e+02  -8.7 1.89e+00  -3.6 2.73e-02 1.72e-02f  1
 665r 4.5599224e-01 5.38e-01 9.63e+02  -8.7 7.28e-01  -3.2 7.26e-03 1.53e-02h  1
 666r 4.9183857e-01 5.27e-01 9.45e+02  -8.7 2.68e+00  -3.6 2.76e-02 1.94e-02f  1
 667r 5.0743411e-01 4.81e-01 8.63e+02  -8.7 8.13e-01  -3.2 9.04e-02 8.69e-02h  1
 668r 5.3105270e-01 4.74e-01 8.49e+02  -8.7 2.37e+00  -3.7 3.89e-03 1.62e-02h  1
 669r 5.3408250e-01 4.67e-01 8.37e+02  -8.7 9.14e-01  -3.3 4.92e-02 1.37e-02h  1
iter    objective    inf_pr   inf_du lg(mu)  ||d||  lg(rg) alpha_du alpha_pr  ls
 670r 5.4638719e-01 4.65e-01 8.33e+02  -8.7 2.66e+00  -3.7 1.43e-03 5.20e-03h  1
 671r 5.5014820e-01 4.58e-01 8.21e+02  -8.7 1.03e+00  -3.3 2.55e-02 1.39e-02h  1
 672r 5.5229223e-01 4.45e-01 7.97e+02  -8.7 3.94e-01  -2.9 9.89e-03 2.97e-02h  1
 673r 6.1034578e-01 3.99e-01 7.14e+02  -8.7 1.18e+00  -3.4 6.66e-03 1.04e-01f  1
 674r 6.1692137e-01 3.74e-01 6.70e+02  -8.7 4.37e-01  -2.9 2.29e-01 6.19e-02f  1
 675r 6.3391866e-01 3.69e-01 6.61e+02  -8.7 1.73e+00  -3.4 1.39e-02 1.39e-02h  1
 676r 6.4883705e-01 3.68e-01 6.59e+02  -8.7 1.48e+01  -3.9 1.10e-03 1.89e-03h  1
 677r 6.5507749e-01 3.64e-01 6.53e+02  -8.7 1.92e+00  -3.5 8.29e-02 9.86e-03f  1
 678r 6.6759503e-01 3.38e-01 6.05e+02  -8.7 5.39e-01  -3.0 2.48e-02 7.32e-02h  1
 679r 7.5078751e-01 3.02e-01 1.00e+03  -8.7 2.31e+00  -3.5 3.52e-02 1.04e-01h  1
iter    objective    inf_pr   inf_du lg(mu)  ||d||  lg(rg) alpha_du alpha_pr  ls
 680r 7.7106427e-01 2.73e-01 7.85e+02  -8.7 7.08e-01  -3.1 1.28e-01 9.75e-02f  1
 681r 8.0811713e-01 2.64e-01 6.55e+02  -8.7 2.98e+00  -3.6 2.17e-05 3.20e-02f  1
 682r 8.1329833e-01 2.59e-01 5.48e+02  -8.7 8.46e-01  -3.1 4.48e-02 2.00e-02f  1
 683r 8.2418087e-01 2.57e-01 4.61e+02  -8.7 3.77e+00  -3.6 2.89e-02 6.84e-03h  1
 684r 8.2432870e-01 2.57e-01 1.00e+03  -8.7 9.45e-01  -3.2 3.46e-09 4.37e-04h  1
 685r 8.2639962e-01 2.57e-01 9.99e+02  -8.7 5.62e+00  -3.7 1.78e-03 6.40e-04h  1
 686r 8.7871013e-01 2.20e-01 8.56e+02  -8.7 1.14e+00  -3.2 3.25e-03 1.43e-01h  1
 687r 8.8726696e-01 2.20e-01 8.54e+02  -8.7 6.71e+00  -3.7 6.56e-03 2.57e-03h  1
 688r 9.0441973e-01 2.12e-01 8.23e+02  -8.7 1.37e+00  -3.3 5.13e-03 3.65e-02h  1
 689r 9.4459907e-01 2.10e-01 8.17e+02  -8.7 1.01e+01  -3.8 5.24e-03 7.36e-03f  1
iter    objective    inf_pr   inf_du lg(mu)  ||d||  lg(rg) alpha_du alpha_pr  ls
 690r 9.4493991e-01 2.08e-01 8.11e+02  -8.7 1.58e-01  -2.4 3.94e-02 7.12e-03f  1
 691r 9.6108786e-01 1.87e-01 7.29e+02  -8.7 5.06e-01  -2.9 1.43e-03 1.01e-01f  1
 692r 9.6299320e-01 1.81e-01 7.04e+02  -8.7 1.75e-01  -2.5 9.79e-03 3.45e-02f  1
 693r 9.7036475e-01 1.74e-01 6.77e+02  -8.7 5.88e-01  -3.0 4.90e-04 3.89e-02f  1
 694r 9.7403636e-01 1.64e-01 9.66e+02  -8.7 1.94e-01  -2.5 1.79e-06 5.76e-02f  1
 695r 9.8388816e-01 1.59e-01 9.35e+02  -8.7 5.98e-01  -3.0 1.14e-01 3.12e-02h  1
 696r 9.8517330e-01 1.57e-01 9.25e+02  -8.7 1.66e+00  -3.5 8.33e-03 1.09e-02h  1
 697r 9.8600555e-01 1.55e-01 9.14e+02  -8.7 5.59e-01  -3.1 1.84e-02 1.18e-02f  1
 698r 9.9863123e-01 1.45e-01 8.55e+02  -8.7 1.80e+00  -3.6 6.65e-03 6.50e-02h  1
 699r 1.0671964e+00 1.43e-01 8.48e+02  -8.7 9.09e+00  -4.0 1.16e-04 1.53e-02h  1
iter    objective    inf_pr   inf_du lg(mu)  ||d||  lg(rg) alpha_du alpha_pr  ls
 700r 1.0727958e+00 1.35e-01 7.95e+02  -8.7 2.49e-01  -2.7 8.23e-02 5.51e-02f  1
 701r 1.0778112e+00 1.34e-01 7.90e+02  -8.7 1.04e+00  -3.2 4.46e-03 6.99e-03h  1
 702r 1.1578927e+00 1.28e-01 7.55e+02  -8.7 4.50e+00  -3.7 2.04e-02 4.38e-02f  1
 703r 1.1703578e+00 1.25e-01 7.34e+02  -8.7 1.24e+00  -3.2 1.83e-02 2.87e-02f  1
 704r 1.1753435e+00 1.20e-01 7.09e+02  -8.7 3.49e-01  -2.8 5.10e-02 3.33e-02f  1
 705r 1.1899785e+00 1.18e-01 6.96e+02  -8.7 1.07e+00  -3.3 1.12e-03 1.57e-02f  1
 706r 1.1960510e+00 1.15e-01 6.72e+02  -8.7 3.85e-01  -2.9 1.49e-02 3.36e-02f  1
 707r 1.2390947e+00 1.13e-01 7.55e+02  -8.7 3.70e+00  -3.3 4.55e-03 1.51e-02f  1
 708r 1.2758493e+00 9.60e-02 6.97e+02  -8.7 4.07e-01  -2.9 9.63e-02 1.49e-01h  1
 709r 1.2859863e+00 8.33e-02 4.89e+02  -8.7 1.58e-01  -2.5 4.20e-01 1.32e-01f  1
iter    objective    inf_pr   inf_du lg(mu)  ||d||  lg(rg) alpha_du alpha_pr  ls
 710r 1.2918119e+00 8.20e-02 4.82e+02  -8.7 5.84e-01  -3.0 2.77e-02 1.51e-02h  1
 711r 1.3176778e+00 8.01e-02 5.07e+02  -8.7 2.75e+00  -3.4 4.56e-02 2.30e-02h  1
 712r 1.3431871e+00 7.28e-02 4.28e+02  -8.7 7.75e-01  -3.0 2.89e-02 9.08e-02f  1
 713r 1.3539563e+00 6.53e-02 7.95e+02  -8.7 2.00e-01  -2.6 2.16e-01 1.04e-01f  1
 714r 1.3624208e+00 6.48e-02 7.92e+02  -8.7 2.34e+00  -3.1 3.68e-03 6.25e-03f  1
 715r 1.3925977e+00 6.40e-02 7.31e+02  -8.7 5.04e+00  -3.5 2.67e-03 1.35e-02h  1
 716r 1.3935228e+00 6.39e-02 7.37e+02  -8.7 1.53e+00  -3.1 6.08e-03 8.87e-04h  1
 717r 1.4053658e+00 6.37e-02 7.59e+02  -8.7 7.59e+00  -3.6 9.71e-03 3.35e-03h  1
 718r 1.4237582e+00 6.15e-02 7.38e+02  -8.7 1.29e+00  -3.2 3.81e-02 3.42e-02h  1
 719r 1.4268503e+00 6.03e-02 6.98e+02  -8.7 4.14e-01  -2.7 9.83e-02 2.01e-02h  1
iter    objective    inf_pr   inf_du lg(mu)  ||d||  lg(rg) alpha_du alpha_pr  ls
 720r 1.4418386e+00 4.48e-02 5.45e+02  -8.7 1.17e-01  -2.3 3.49e-01 2.58e-01f  1
 721r 1.4674258e+00 3.95e-02 5.20e+02  -8.7 3.84e-01  -2.8 5.21e-02 1.18e-01f  1
 722r 1.4916349e+00 2.56e-02 4.07e+02  -8.7 1.28e-01  -2.4 2.41e-01 3.51e-01f  1
 723r 1.4939532e+00 2.55e-02 4.26e+02  -8.7 6.37e-01  -2.8 5.16e-02 6.01e-03f  1
 724r 1.5138531e+00 1.92e-02 3.19e+02  -8.7 1.44e-01  -2.4 2.36e-01 2.45e-01f  1
 725r 1.5198230e+00 1.88e-02 3.34e+02  -8.7 6.89e-01  -2.9 3.36e-02 2.26e-02h  1
 726r 1.5314093e+00 1.86e-02 3.32e+02  -8.7 3.42e+00  -3.4 1.17e-02 8.26e-03h  1
 727r 1.5503797e+00 1.75e-02 2.57e+02  -8.7 8.14e-01  -2.9 6.34e-03 6.15e-02f  1
 728r 1.5891138e+00 1.08e-02 1.62e+02  -8.7 2.38e-01  -2.5 1.98e-01 3.80e-01h  1
 729r 1.5970136e+00 8.30e-03 2.95e+02  -8.7 8.82e-02  -2.1 3.78e-02 2.34e-01f  1
iter    objective    inf_pr   inf_du lg(mu)  ||d||  lg(rg) alpha_du alpha_pr  ls
 730r 1.5998473e+00 8.11e-03 2.72e+02  -8.7 3.45e-01  -2.6 6.92e-02 2.35e-02f  1
 731r 1.6007270e+00 8.10e-03 3.16e+02  -8.7 2.74e+00  -3.0 3.49e-03 8.64e-04h  1
 732r 1.6233671e+00 8.08e-03 2.90e+02  -8.7 2.56e+01  -3.5 2.15e-03 2.33e-03h  1
 733r 1.6249014e+00 8.06e-03 5.78e+02  -8.7 1.52e+00  -3.1 2.82e-02 2.77e-03f  1
 734r 1.6286468e+00 7.87e-03 4.50e+02  -8.7 4.42e-01  -2.7 1.80e-03 2.32e-02h  1
 735r 1.6716662e+00 1.77e-03 8.14e+02  -8.7 1.24e-01  -2.2 9.17e-02 8.03e-01f  1
 736r 1.6729579e+00 1.77e-03 7.54e+02  -8.7 9.31e-01  -2.7 6.69e-02 6.58e-03f  1
 737r 1.6745703e+00 1.77e-03 7.51e+02  -8.7 2.55e+00  -3.2 4.64e-03 2.00e-03f  1
 738r 1.6759042e+00 1.77e-03 8.99e+02  -8.7 6.31e-01  -2.8 8.40e-02 6.20e-03f  1
 739r 1.7096042e+00 1.77e-03 6.48e+02  -8.7 3.24e+00  -3.2 2.96e-03 3.37e-02f  1
iter    objective    inf_pr   inf_du lg(mu)  ||d||  lg(rg) alpha_du alpha_pr  ls
 740r 1.7213979e+00 1.77e-03 6.74e+02  -8.7 1.98e+00  -2.8 3.09e-02 8.28e-02f  1
 741r 1.7222398e+00 1.77e-03 4.91e+02  -8.7 3.45e-01  -2.4 1.88e-01 2.48e-02f  1
 742r 1.7195999e+00 1.76e-03 4.97e+02  -8.7 2.57e+00  -2.9 1.00e-02 2.41e-02f  1
 743r 1.7202642e+00 1.76e-03 4.86e+02  -8.7 8.27e+00  -3.3 6.06e-03 7.16e-04f  1
 744r 1.7158658e+00 1.76e-03 4.87e+02  -8.7 1.01e+02  -2.9 2.37e-04 2.54e-04f  1
 745r 1.7158593e+00 1.76e-03 4.88e+02  -8.7 1.67e+00  -2.5 2.32e-04 8.70e-05f  1
 746r 1.7165984e+00 1.76e-03 4.50e+02  -8.7 1.58e-01  -2.1 2.82e-01 6.03e-02f  1
 747r 1.7172175e+00 1.76e-03 4.39e+02  -8.7 5.78e-01  -2.5 7.55e-03 3.14e-02h  1
 748r 1.7198983e+00 1.76e-03 4.14e+02  -8.7 1.70e-01  -2.1 2.13e-02 1.43e-01f  1
 749r 1.7202344e+00 1.76e-03 4.11e+02  -8.7 5.80e-01  -2.6 4.59e-03 3.91e-03f  1
iter    objective    inf_pr   inf_du lg(mu)  ||d||  lg(rg) alpha_du alpha_pr  ls
 750r 1.7179454e+00 1.76e-03 4.15e+02  -8.7 8.40e+00  -3.1 1.34e-03 2.19e-03f  1
 751r 1.7181503e+00 1.76e-03 4.28e+02  -8.7 7.60e-01  -2.7 6.56e-03 1.25e-03f  1
 752r 1.7197366e+00 1.76e-03 6.25e+02  -8.7 2.13e+00  -3.1 2.47e-02 5.66e-03f  1
 753r 1.7221702e+00 1.76e-03 6.24e+02  -8.7 5.82e-01  -2.7 1.02e-02 2.09e-02h  1
 754r 1.7362657e+00 1.76e-03 6.06e+02  -8.7 2.79e+00  -3.2 1.02e-02 3.23e-02f  1
 755r 1.7550340e+00 1.75e-03 7.75e+02  -8.7 6.28e-01  -2.8 3.51e-02 1.64e-01f  1
 756r 1.7539193e+00 1.75e-03 1.11e+03  -8.7 3.42e+00  -3.2 6.85e-03 2.81e-02f  1
 757r 1.7510188e+00 1.75e-03 1.15e+03  -8.7 1.28e+00  -2.8 5.15e-02 2.29e-02f  1
 758r 1.7504970e+00 1.75e-03 7.82e+02  -8.7 3.60e-01  -2.4 8.09e-03 1.77e-01f  1
 759r 1.7494730e+00 1.75e-03 8.62e+02  -8.7 1.36e+00  -2.9 5.48e-02 8.44e-03f  1
iter    objective    inf_pr   inf_du lg(mu)  ||d||  lg(rg) alpha_du alpha_pr  ls
 760r 1.7485790e+00 1.75e-03 8.07e+02  -8.7 4.08e-01  -2.4 2.78e-03 1.76e-01f  1
 761r 1.7497907e+00 1.75e-03 8.24e+02  -8.7 1.10e+00  -2.9 1.24e-02 2.47e-02f  1
 762r 1.7474684e+00 1.75e-03 7.89e+02  -8.7 5.17e+00  -3.4 1.13e-02 4.46e-03h  1
 763r 1.7493086e+00 1.75e-03 7.15e+02  -8.7 1.31e+00  -3.0 6.76e-02 5.65e-02h  1
 764r 1.7480872e+00 1.75e-03 6.27e+02  -8.7 6.07e+00  -3.4 2.41e-02 1.70e-03h  1
 765r 1.7228857e+00 1.74e-03 6.97e+02  -8.7 1.85e+00  -3.0 3.13e-02 1.88e-01f  1
 766r 1.7179723e+00 1.74e-03 6.76e+02  -8.7 1.90e+01  -3.5 1.49e-02 1.15e-03f  1
 767r 1.7013495e+00 1.74e-03 5.16e+02  -8.7 1.92e+00  -3.1 2.17e-01 1.80e-01f  1
 768r 1.6560086e+00 1.73e-03 4.86e+02  -8.7 7.04e+00  -3.5 1.38e-02 6.80e-02f  1
 769r 1.9473413e+00 1.73e-03 4.73e+02  -8.7 1.17e+01  -4.0 5.78e-02 2.48e-02f  1
iter    objective    inf_pr   inf_du lg(mu)  ||d||  lg(rg) alpha_du alpha_pr  ls
 770r 2.1155530e+00 1.73e-03 4.68e+02  -8.7 2.70e+01  -4.5 2.03e-02 6.44e-03f  1
 771r 2.1411608e+00 1.73e-03 4.70e+02  -8.7 4.44e+03  -5.0 1.79e-04 6.55e-05f  1
 772r 2.2255275e+00 1.73e-03 4.68e+02  -8.7 2.96e+01  -4.5 5.39e-03 2.91e-03f  1
 773r 2.3268898e+00 1.73e-03 4.60e+02  -8.7 1.37e+01  -4.1 1.69e-04 8.42e-03f  1
 774r 2.3682373e+00 1.73e-03 4.43e+02  -8.7 3.20e+01  -4.6 3.72e-02 1.31e-03h  1
 775r 2.8070039e+00 1.73e-03 4.27e+02  -8.7 1.54e+01  -4.2 7.80e-03 2.83e-02f  1
 776r 2.9287040e+00 1.73e-03 4.27e+02  -8.7 3.87e+01  -4.6 1.49e-03 3.77e-03h  1
 777r 2.9320917e+00 1.73e-03 4.25e+02  -8.7 1.29e+01  -4.2 3.56e-03 1.39e-03f  1
 778r 2.9848625e+00 1.73e-03 4.23e+02  -8.7 6.72e+01  -4.7 1.14e-03 4.29e-03f  1
 779r 3.0390303e+00 1.73e-03 3.94e+02  -8.7 1.49e+01  -4.3 3.56e-03 1.77e-02f  1
iter    objective    inf_pr   inf_du lg(mu)  ||d||  lg(rg) alpha_du alpha_pr  ls
 780r 3.1188274e+00 1.73e-03 3.81e+02  -8.7 8.76e+01  -4.7 1.63e-03 4.90e-03f  1
 781r 3.1256200e+00 1.73e-03 3.79e+02  -8.7 1.74e+01  -4.3 4.96e-03 1.52e-03f  1
 782r 3.3077986e+00 1.72e-03 3.78e+02  -8.7 1.24e+02  -4.8 1.55e-03 7.56e-03f  1
 783r 3.3438637e+00 1.72e-03 3.71e+02  -8.7 2.07e+01  -4.4 2.98e-02 6.48e-03f  1
 784r 3.5308496e+00 1.71e-03 3.37e+02  -8.7 1.77e+02  -4.8 2.52e-02 6.31e-03f  1
 785r 3.6846250e+00 1.71e-03 4.03e+02  -8.7 1.38e+01  -4.4 6.17e-03 2.52e-02h  1
 786r 3.7596185e+00 1.70e-03 4.52e+02  -8.7 8.33e+01  -4.9 1.87e-05 2.94e-03h  1
 787r 3.7867123e+00 1.70e-03 4.45e+02  -8.7 1.78e+01  -4.5 4.18e-03 3.76e-03h  1
 788r 4.0499133e+00 1.69e-03 6.45e+02  -8.7 1.12e+02  -5.0 5.78e-04 7.92e-03f  1
 789r 4.0887712e+00 1.69e-03 6.35e+02  -8.7 2.51e+01  -4.5 6.23e-03 3.58e-03h  1
iter    objective    inf_pr   inf_du lg(mu)  ||d||  lg(rg) alpha_du alpha_pr  ls
 790r 4.1123286e+00 1.69e-03 6.39e+02  -8.7 5.63e+02  -5.0 5.05e-05 1.55e-04h  1
 791r 4.1885766e+00 1.69e-03 6.41e+02  -8.7 2.48e+01  -4.6 1.52e-02 6.93e-03f  1
 792r 4.2436593e+00 1.68e-03 6.41e+02  -8.7 1.00e+03  -5.1 2.44e-04 2.19e-04h  1
 793r 4.3082552e+00 1.68e-03 6.36e+02  -8.7 3.02e+01  -4.6 1.88e-03 4.96e-03f  1
 794r 4.3874148e+00 1.68e-03 6.18e+02  -8.7 8.92e+00  -4.2 1.66e-03 1.79e-02f  1
 795r 4.5210832e+00 1.67e-03 6.09e+02  -8.7 4.09e+01  -4.7 1.62e-03 7.59e-03f  1
 796r 4.6466834e+00 1.67e-03 6.02e+02  -8.7 5.84e+01  -5.2 3.99e-03 1.23e-02f  1
 797r 4.6646261e+00 1.67e-03 6.02e+02  -8.7 1.76e+01  -4.7 1.55e-02 5.26e-03f  1
 798r 4.7591427e+00 1.81e-03 6.01e+02  -8.7 7.48e+02  -5.2 1.39e-03 1.51e-03h  1
 799r 4.7647896e+00 1.81e-03 5.99e+02  -8.7 2.06e+01  -4.8 2.28e-04 1.98e-03f  1
iter    objective    inf_pr   inf_du lg(mu)  ||d||  lg(rg) alpha_du alpha_pr  ls
 800r 4.7668233e+00 1.80e-03 5.98e+02  -8.7 8.69e+00  -4.4 7.03e-03 3.84e-03f  1
 801r 4.8781536e+00 1.67e-03 5.78e+02  -8.7 2.18e+01  -4.8 1.22e-03 2.75e-02f  1
 802r 4.8805047e+00 1.67e-03 5.78e+02  -8.7 9.36e+00  -4.4 5.54e-03 2.30e-03h  1
 803r 5.0154984e+00 1.67e-03 5.53e+02  -8.7 3.26e+01  -4.9 2.50e-03 2.45e-02h  1
 804r 5.0322708e+00 1.67e-03 5.55e+02  -8.7 1.01e+01  -4.5 3.53e-02 1.17e-02f  1
 805r 5.1744404e+00 2.50e-03 5.43e+02  -8.7 9.05e+01  -4.9 3.08e-04 1.92e-02f  1
 806r 5.1869826e+00 2.48e-03 5.51e+02  -8.7 1.26e+01  -4.5 3.74e-02 4.82e-03f  1
 807r 5.3081616e+00 1.94e-03 5.22e+02  -8.7 3.14e+01  -5.0 1.75e-03 3.88e-02h  1
 808r 5.3195171e+00 1.93e-03 5.21e+02  -8.7 8.12e+01  -5.5 1.96e-03 1.76e-03h  1
 809r 5.3400649e+00 2.54e-03 5.22e+02  -8.7 2.36e+02  -5.9 3.48e-04 4.23e-03f  1
iter    objective    inf_pr   inf_du lg(mu)  ||d||  lg(rg) alpha_du alpha_pr  ls
 810r 5.3870253e+00 2.73e-03 7.94e+02  -8.7 7.94e+01  -5.5 1.21e-03 4.90e-03h  1
 811r 5.4257136e+00 1.38e-01 7.80e+02  -8.7 2.94e+02  -6.0 3.45e-03 2.51e-02f  1
 812r 5.4288501e+00 1.38e-01 7.80e+02  -8.7 9.57e+01  -5.6 1.38e-03 3.97e-04h  1
 813r 5.3476829e+00 1.51e-01 7.76e+02  -8.7 1.37e+03  -6.0 2.79e-03 1.62e-03f  1
 814r 5.3998148e+00 1.51e-01 7.69e+02  -8.7 1.18e+02  -5.6 1.40e-03 8.92e-03h  1
 815r 5.4702065e+00 1.49e-01 7.57e+02  -8.7 4.84e+01  -5.2 2.18e-02 1.69e-02h  1
 816r 5.4810604e+00 1.49e-01 7.55e+02  -8.7 1.34e+02  -5.7 4.46e-04 2.05e-03h  1
 817r 5.4991411e+00 1.48e-01 7.53e+02  -8.7 4.99e+01  -5.2 7.27e-05 2.86e-03h  1
 818r 5.6008995e+00 1.61e-01 7.37e+02  -8.7 1.54e+02  -5.7 8.68e-03 2.22e-02f  1
 819r 5.8681583e+00 1.61e-01 6.92e+02  -8.7 5.97e+01  -5.3 3.74e-03 5.71e-02f  1
iter    objective    inf_pr   inf_du lg(mu)  ||d||  lg(rg) alpha_du alpha_pr  ls
 820r 5.8689580e+00 1.61e-01 6.91e+02  -8.7 1.96e+02  -5.8 1.91e-04 9.74e-04h  1
 821r 6.1362415e+00 1.64e-01 6.49e+02  -8.7 6.67e+01  -5.3 1.85e-03 5.74e-02f  1
 822r 6.1167093e+00 1.65e-01 6.48e+02  -8.7 3.17e+02  -5.8 3.03e-03 1.76e-03f  1
 823r 6.1382441e+00 1.64e-01 6.45e+02  -8.7 7.41e+01  -5.4 1.85e-03 4.39e-03h  1
 824r 6.1488717e+00 1.64e-01 6.43e+02  -8.7 2.72e+01  -5.0 6.19e-04 2.08e-03h  1
 825r 6.5399504e+00 1.99e-01 8.11e+02  -8.7 8.45e+01  -5.4 8.32e-03 8.75e-02f  1
 826r 6.5790686e+00 1.97e-01 7.98e+02  -8.7 3.26e+01  -5.0 1.16e-02 1.05e-02f  1
 827r 6.5950843e+00 1.96e-01 8.02e+02  -8.7 8.93e+01  -5.5 1.16e-03 2.59e-03h  1
 828r 6.6405903e+00 1.95e-01 8.08e+02  -8.7 3.45e+01  -5.1 5.50e-03 8.23e-03h  1
 829r 6.6562182e+00 1.94e-01 7.91e+02  -8.7 1.18e+02  -5.5 1.17e-02 8.44e-03f  1
iter    objective    inf_pr   inf_du lg(mu)  ||d||  lg(rg) alpha_du alpha_pr  ls
 830r 6.7196107e+00 1.92e-01 8.19e+02  -8.7 3.69e+01  -5.1 2.35e-03 1.13e-02f  1
 831r 6.9399618e+00 1.91e-01 8.36e+02  -8.7 1.83e+02  -5.6 6.69e-04 9.27e-03h  1
 832r 7.3213471e+00 1.88e-01 8.71e+02  -8.7 3.28e+01  -5.2 7.10e-03 1.71e-02h  1
 833r 7.4210301e+00 1.83e-01 8.75e+02  -8.7 5.03e+02  -5.7 8.41e-03 5.08e-03h  1
 834r 7.4907648e+00 1.82e-01 8.58e+02  -8.7 3.58e+01  -5.2 6.29e-03 3.33e-03h  1
 835r 7.7052228e+00 1.80e-01 8.93e+02  -8.7 1.63e+01  -4.8 3.90e-03 1.33e-02h  1
 836r 7.7632514e+00 1.79e-01 8.93e+02  -8.7 4.27e+01  -5.3 2.41e-03 2.83e-03h  1
 837r 7.8244644e+00 1.79e-01 8.59e+02  -8.7 1.63e+01  -4.8 9.72e-03 3.76e-03h  1
 838r 7.9374579e+00 1.78e-01 8.57e+02  -8.7 4.93e+01  -5.3 4.84e-03 5.56e-03f  1
 839r 8.3008965e+00 1.74e-01 9.08e+02  -8.7 1.77e+01  -4.9 8.38e-03 2.22e-02f  1
iter    objective    inf_pr   inf_du lg(mu)  ||d||  lg(rg) alpha_du alpha_pr  ls
 840r 8.5788981e+00 1.69e-01 9.46e+02  -8.7 6.21e+01  -5.4 7.13e-04 1.58e-02f  1
 841r 8.8886982e+00 1.65e-01 9.20e+02  -8.7 4.32e+01  -5.0 7.63e-03 2.36e-02h  1
 842r 9.6336802e+00 2.30e-01 9.32e+02  -8.7 9.44e+01  -5.4 2.96e-02 4.45e-02h  1
 843r 9.6541866e+00 2.29e-01 8.27e+02  -8.7 2.01e+01  -5.0 2.13e-02 1.41e-03h  1
 844r 9.6740149e+00 2.30e-01 8.27e+02  -8.7 1.59e+02  -5.5 3.31e-05 1.22e-03h  1
 845r 9.6740344e+00 2.30e-01 8.23e+02  -8.7 1.63e+02  -6.0 7.52e-04 1.18e-06h  1
 846r 9.6969791e+00 2.29e-01 8.05e+02  -8.7 4.94e+02  -6.4 3.80e-03 1.43e-03f  1
 847r 9.8007761e+00 2.28e-01 8.40e+02  -8.7 1.89e+02  -6.0 1.91e-04 6.56e-03f  1
 848r 9.8004371e+00 2.27e-01 8.38e+02  -8.7 2.70e+02  -5.6 6.84e-05 5.75e-04h  1
 849r 9.9221726e+00 2.25e-01 8.16e+02  -8.7 2.13e+02  -6.1 1.03e-02 7.76e-03h  1
iter    objective    inf_pr   inf_du lg(mu)  ||d||  lg(rg) alpha_du alpha_pr  ls
 850r 1.0004898e+01 2.23e-01 8.45e+02  -8.7 6.08e+02  -6.5 5.40e-04 5.48e-03h  1
 851r 1.0008625e+01 2.23e-01 8.45e+02  -8.7 1.93e+03  -6.1 5.73e-05 1.26e-04h  1
 852r 1.0139023e+01 2.20e-01 7.92e+02  -8.7 7.69e+02  -6.6 1.51e-02 8.78e-03f  1
 853r 1.0142113e+01 2.20e-01 9.57e+02  -8.7 2.70e+02  -6.2 5.01e-02 1.28e-04h  1
 854r 1.0838122e+01 2.04e-01 8.82e+02  -8.7 1.03e+02  -5.7 1.80e-03 4.82e-02h  1
 855r 1.0939416e+01 2.02e-01 8.84e+02  -8.7 3.05e+02  -6.2 1.65e-03 7.66e-03h  1
 856r 1.0946002e+01 2.01e-01 8.83e+02  -8.7 2.03e+02  -5.8 1.01e-03 4.14e-04h  1
 857r 1.2149718e+01 4.06e-01 1.05e+03  -8.7 3.51e+02  -6.3 5.01e-02 9.42e-02f  1
 858r 1.2605483e+01 4.01e-01 1.19e+03  -8.7 1.35e+02  -5.8 7.99e-03 4.45e-02h  1
 859r 1.2619025e+01 4.00e-01 1.19e+03  -8.7 4.46e+02  -6.3 2.28e-05 2.04e-03h  1
iter    objective    inf_pr   inf_du lg(mu)  ||d||  lg(rg) alpha_du alpha_pr  ls
 860r 1.2613555e+01 4.00e-01 1.19e+03  -8.7 2.24e+02  -5.9 2.73e-05 8.76e-04h  1
 861r 1.2614526e+01 4.00e-01 1.15e+03  -8.7 5.73e+01  -5.5 1.07e-02 1.09e-04h  1
 862r 1.2632032e+01 3.99e-01 1.15e+03  -8.7 1.73e+02  -5.9 8.05e-04 1.91e-03f  1
 863r 1.2735431e+01 3.94e-01 1.19e+03  -8.7 7.77e+01  -5.5 2.60e-04 1.29e-02h  1
 864r 1.3095195e+01 3.76e-01 1.29e+03  -8.7 2.12e+02  -5.1 1.11e-03 4.88e-02h  1
 865r 1.3107436e+01 3.75e-01 1.19e+03  -8.7 2.71e+01  -4.7 2.85e-02 1.93e-03f  1
 866r 1.3317302e+01 3.57e-01 1.28e+03  -8.7 6.72e+00  -4.2 2.01e-03 4.80e-02f  1
 867r 1.3330578e+01 3.56e-01 1.26e+03  -8.7 3.31e+01  -4.7 7.09e-03 2.00e-03h  1
 868r 1.3440829e+01 3.48e-01 1.27e+03  -8.7 7.57e+00  -4.3 1.08e-02 2.31e-02h  1
 869r 1.3538568e+01 3.43e-01 1.25e+03  -8.7 4.04e+01  -4.8 1.43e-03 1.35e-02h  1
iter    objective    inf_pr   inf_du lg(mu)  ||d||  lg(rg) alpha_du alpha_pr  ls
 870r 1.3651510e+01 3.36e-01 1.23e+03  -8.7 8.61e+00  -4.3 1.16e-02 2.13e-02f  1
 871r 1.3749640e+01 3.31e-01 1.21e+03  -8.7 2.39e+01  -4.8 1.90e-03 1.55e-02f  1
 872r 1.3756383e+01 3.30e-01 1.21e+03  -8.7 7.18e+01  -5.3 5.25e-04 1.37e-03h  1
 873r 1.3758955e+01 3.30e-01 1.20e+03  -8.7 2.02e+01  -4.9 1.57e-03 3.27e-04h  1
 874r 1.3768909e+01 3.30e-01 1.20e+03  -8.7 4.29e+01  -5.3 2.80e-03 1.53e-03f  1
 875r 1.3789092e+01 3.29e-01 1.20e+03  -8.7 1.26e+02  -5.8 2.15e-03 2.94e-03f  1
 876r 1.3793254e+01 3.29e-01 1.20e+03  -8.7 4.78e+01  -5.4 9.59e-05 4.27e-04h  1
 877r 1.3862253e+01 3.26e-01 1.19e+03  -8.7 1.42e+02  -5.9 3.21e-02 1.02e-02f  1
 878r 1.4468043e+01 4.13e-01 1.09e+03  -8.7 4.44e+02  -6.4 5.26e-03 7.92e-02h  1
 879r 1.4482970e+01 4.13e-01 1.09e+03  -8.7 1.62e+02  -5.9 1.31e-04 1.29e-03h  1
iter    objective    inf_pr   inf_du lg(mu)  ||d||  lg(rg) alpha_du alpha_pr  ls
 880r 1.4513047e+01 4.11e-01 1.09e+03  -8.7 5.46e+02  -6.4 4.15e-03 4.01e-03h  1
 881r 1.4516079e+01 4.11e-01 1.09e+03  -8.7 1.89e+02  -6.0 4.28e-05 4.31e-04h  1
 882r 1.4519004e+01 4.11e-01 1.09e+03  -8.7 9.59e+01  -5.5 8.38e-06 1.86e-04h  1
 883r 1.4827944e+01 4.06e-01 1.03e+03  -8.7 2.14e+02  -6.0 1.88e-04 4.72e-02f  1
 884r 1.4841006e+01 4.04e-01 1.03e+03  -8.7 1.69e+03  -6.5 1.59e-04 2.25e-03f  1
 885r 1.4841570e+01 4.04e-01 1.03e+03  -8.7 3.18e+01  -5.2 8.02e-03 8.56e-05h  1
 886r 1.5271259e+01 3.85e-01 9.56e+02  -8.7 9.08e+01  -5.7 1.65e-02 7.46e-02f  1
 887r 1.5300088e+01 3.84e-01 9.51e+02  -8.7 2.80e+02  -6.1 1.39e-03 4.57e-03h  1
 888r 1.5313522e+01 3.83e-01 9.54e+02  -8.7 1.04e+02  -5.7 6.54e-04 1.67e-03h  1
 889r 1.5352616e+01 3.81e-01 9.44e+02  -8.7 3.19e+02  -6.2 1.28e-02 6.39e-03f  1
iter    objective    inf_pr   inf_du lg(mu)  ||d||  lg(rg) alpha_du alpha_pr  ls
 890r 1.5361365e+01 3.79e-01 9.39e+02  -8.7 1.16e+02  -5.8 1.27e-04 5.12e-03f  1
 891r 1.5453676e+01 3.74e-01 9.56e+02  -8.7 3.63e+02  -6.2 7.23e-03 1.42e-02f  1
 892r 1.5458333e+01 3.74e-01 9.24e+02  -8.7 1.68e+01  -4.9 1.32e-02 1.06e-03h  1
 893r 1.5558407e+01 3.67e-01 9.37e+02  -8.7 4.93e+01  -5.4 8.96e-03 2.08e-02f  1
 894r 1.5609271e+01 3.63e-01 9.85e+02  -8.7 1.49e+02  -5.9 8.84e-04 9.73e-03h  1
 895r 1.5697258e+01 3.54e-01 8.72e+02  -8.7 7.46e+00  -4.5 4.88e-02 2.68e-02h  1
 896r 1.5729931e+01 3.51e-01 8.66e+02  -8.7 2.12e+01  -5.0 1.24e-03 7.36e-03h  1
 897r 1.5742594e+01 3.50e-01 8.64e+02  -8.7 6.17e+01  -5.5 8.14e-04 2.04e-03f  1
 898r 1.5794552e+01 3.47e-01 8.62e+02  -8.7 1.90e+02  -6.0 3.71e-05 9.58e-03f  1
 899r 1.5868419e+01 3.40e-01 9.03e+02  -8.7 9.27e+00  -4.6 4.59e-05 2.09e-02f  1
iter    objective    inf_pr   inf_du lg(mu)  ||d||  lg(rg) alpha_du alpha_pr  ls
 900r 1.5904533e+01 3.37e-01 8.77e+02  -8.7 2.66e+01  -5.1 1.57e-02 7.88e-03f  1
 901r 1.5952239e+01 3.34e-01 8.84e+02  -8.7 7.92e+01  -5.6 8.60e-04 9.60e-03f  1
 902r 1.5969804e+01 3.33e-01 8.85e+02  -8.7 3.10e+01  -5.2 5.11e-04 3.86e-03h  1
 903r 1.6070272e+01 3.24e-01 9.04e+02  -8.7 1.15e+01  -4.7 1.86e-03 2.76e-02f  1
 904r 1.6084662e+01 3.23e-01 9.06e+02  -8.7 3.40e+01  -5.2 8.00e-05 3.15e-03f  1
 905r 1.6095385e+01 3.22e-01 8.66e+02  -8.7 1.29e+01  -4.8 2.95e-02 2.92e-03h  1
 906r 1.6216407e+01 3.13e-01 8.41e+02  -8.7 3.77e+01  -5.3 4.60e-03 2.86e-02f  1
 907r 1.6219287e+01 3.12e-01 8.39e+02  -8.7 1.15e+02  -5.7 5.49e-04 1.93e-03h  1
 908r 1.6190217e+01 3.12e-01 8.38e+02  -8.7 4.25e+02  -6.2 3.10e-04 1.25e-03h  1
 909r 1.6219711e+01 3.10e-01 8.33e+02  -8.7 1.28e+02  -5.8 3.44e-02 6.18e-03h  1
iter    objective    inf_pr   inf_du lg(mu)  ||d||  lg(rg) alpha_du alpha_pr  ls
 910r 1.6314433e+01 3.05e-01 8.20e+02  -8.7 4.07e+02  -6.3 5.34e-04 1.53e-02f  1
 911r 1.6311455e+01 3.04e-01 8.17e+02  -8.7 1.46e+02  -5.8 1.77e-04 4.47e-03h  1
 912r 1.6312644e+01 3.04e-01 8.16e+02  -8.7 4.67e+02  -6.3 4.11e-03 1.77e-04h  1
 913r 1.6331195e+01 3.02e-01 8.12e+02  -8.7 2.04e+01  -5.0 1.36e-02 5.03e-03h  1
 914r 1.6414857e+01 2.96e-01 7.94e+02  -8.7 6.10e+01  -5.5 1.37e-02 2.29e-02h  1
 915r 1.6468919e+01 2.92e-01 8.36e+02  -8.7 1.85e+02  -5.9 2.33e-03 1.16e-02f  1
 916r 1.6477721e+01 2.92e-01 1.17e+03  -8.7 6.04e+02  -6.4 3.64e-04 7.42e-04h  1
 917r 1.6490768e+01 2.92e-01 1.59e+03  -8.7 2.19e+02  -6.0 2.76e-04 1.04e-03h  1
 918r 1.6516699e+01 2.90e-01 1.60e+03  -8.7 7.90e+01  -5.6 3.03e-03 4.45e-03h  1
 919r 1.6539344e+01 2.89e-01 1.60e+03  -8.7 2.38e+02  -6.0 1.78e-02 4.72e-03f  1
iter    objective    inf_pr   inf_du lg(mu)  ||d||  lg(rg) alpha_du alpha_pr  ls
 920r 1.6549778e+01 2.88e-01 1.58e+03  -8.7 1.14e+01  -4.7 1.15e-03 4.36e-03h  1
 921r 1.6582802e+01 2.85e-01 1.54e+03  -8.7 3.28e+01  -5.2 1.29e-03 1.01e-02h  1
 922r 1.6586483e+01 2.85e-01 1.57e+03  -8.7 9.81e+01  -5.7 1.70e-02 1.02e-03h  1
 923r 1.6637607e+01 2.82e-01 1.56e+03  -8.7 3.05e+02  -6.1 4.87e-03 9.57e-03f  1
 924r 1.6646451e+01 2.81e-01 1.52e+03  -8.7 1.08e+03  -6.6 8.50e-03 7.78e-04h  1
 925r 1.6890333e+01 2.61e-01 1.45e+03  -8.7 3.48e+02  -6.2 3.17e-04 4.36e-02h  1
 926r 1.6879246e+01 2.60e-01 1.44e+03  -8.7 1.29e+02  -5.8 5.71e-04 5.14e-03h  1
 927r 1.7234994e+01 2.21e-01 1.36e+03  -8.7 4.00e+02  -6.2 2.42e-02 5.64e-02f  1
 928r 1.7327844e+01 2.14e-01 1.32e+03  -8.7 1.44e+02  -5.8 1.90e-02 3.06e-02f  1
 929r 1.7446235e+01 2.02e-01 1.29e+03  -8.7 4.65e+02  -6.3 2.84e-04 2.37e-02h  1
iter    objective    inf_pr   inf_du lg(mu)  ||d||  lg(rg) alpha_du alpha_pr  ls
 930r 1.7667250e+01 1.84e-01 1.21e+03  -8.7 1.63e+02  -5.9 3.57e-02 6.06e-02h  1
 931r 1.7697993e+01 1.83e-01 1.20e+03  -8.7 5.29e+02  -6.4 1.40e-03 4.98e-03h  1
 932r 1.7701359e+01 1.83e-01 1.20e+03  -8.7 1.83e+02  -5.9 1.63e-04 9.44e-04h  1
 933r 1.7702764e+01 1.83e-01 1.20e+03  -8.7 5.99e+02  -6.4 3.97e-02 2.09e-04h  1
 934r 1.7791553e+01 1.76e-01 1.17e+03  -8.7 2.07e+02  -6.0 3.64e-03 2.57e-02h  1
 935r 1.7778396e+01 1.75e-01 1.16e+03  -8.7 7.10e+02  -6.5 1.47e-04 3.49e-03h  1
 936r 1.7875266e+01 1.69e-01 1.14e+03  -8.7 2.34e+02  -6.0 3.81e-02 2.35e-02f  1
 937r 1.8060292e+01 1.45e-01 1.11e+03  -8.7 7.79e+02  -6.5 9.30e-03 2.06e-02h  1
 938r 1.8067572e+01 1.45e-01 1.11e+03  -8.7 2.63e+02  -6.1 1.26e-03 1.76e-03h  1
 939r 1.8079178e+01 1.44e-01 1.11e+03  -8.7 8.84e+02  -6.6 4.37e-04 1.34e-03h  1
iter    objective    inf_pr   inf_du lg(mu)  ||d||  lg(rg) alpha_du alpha_pr  ls
 940r 1.8076388e+01 1.44e-01 1.11e+03  -8.7 3.03e+02  -6.1 4.02e-04 2.36e-03f  1
 941r 1.8087409e+01 1.44e-01 1.10e+03  -8.7 1.01e+03  -6.6 2.43e-02 1.02e-03h  1
 942r 1.8257035e+01 1.29e-01 1.07e+03  -8.7 3.36e+02  -6.2 1.95e-02 3.28e-02f  1
 943r 1.8885971e+01 3.48e-01 1.01e+03  -8.7 1.16e+03  -6.7 2.54e-03 5.36e-02h  1
 944r 1.8916470e+01 3.47e-01 1.00e+03  -8.7 3.53e+02  -6.2 1.79e-02 6.74e-03h  1
 945r 1.9173130e+01 3.95e-01 9.76e+02  -8.7 1.10e+03  -6.7 1.17e-03 2.80e-02h  1
 946r 1.9129846e+01 3.93e-01 9.72e+02  -8.7 3.75e+02  -6.3 9.50e-04 3.67e-03h  1
 947r 1.9399228e+01 4.51e-01 1.44e+03  -8.7 1.06e+03  -6.8 8.88e-03 3.07e-02f  1
 948r 1.9403467e+01 4.50e-01 1.26e+03  -8.7 3.82e+02  -6.3 1.25e-02 1.76e-03h  1
 949r 1.9436442e+01 4.50e-01 1.35e+03  -8.7 9.85e+02  -6.8 4.14e-07 5.39e-03h  1
iter    objective    inf_pr   inf_du lg(mu)  ||d||  lg(rg) alpha_du alpha_pr  ls
 950r 1.9513452e+01 4.50e-01 1.44e+03  -8.7 4.22e+02  -6.4 1.19e-02 2.22e-02h  1
 951r 1.9642341e+01 4.40e-01 1.39e+03  -8.7 1.79e+02  -6.0 2.11e-03 3.43e-02h  1
 952r 1.9766741e+01 4.28e-01 1.36e+03  -8.7 1.13e+01  -4.6 5.23e-04 2.70e-02f  1
 953r 1.9864289e+01 4.24e-01 1.34e+03  -8.7 3.59e+01  -5.1 1.40e-02 1.00e-02h  1
 954r 1.9922832e+01 4.19e-01 1.33e+03  -8.7 1.31e+01  -4.7 1.18e-03 1.16e-02f  1
 955r 2.0030780e+01 4.17e-01 1.32e+03  -8.7 6.79e+01  -5.2 4.13e-05 5.76e-03h  1
 956r 2.0104908e+01 4.11e-01 1.30e+03  -8.7 1.61e+01  -4.7 1.90e-07 1.32e-02h  1
 957r 2.0111368e+01 4.11e-01 1.30e+03  -8.7 2.37e+02  -5.2 1.90e-03 1.26e-04h  1
 958r 2.0291263e+01 4.04e-01 1.28e+03  -8.7 7.14e+01  -4.8 3.93e-03 1.61e-02f  1
 959r 2.0378454e+01 3.89e-01 1.23e+03  -8.7 8.34e+00  -4.4 2.91e-04 3.71e-02f  1
iter    objective    inf_pr   inf_du lg(mu)  ||d||  lg(rg) alpha_du alpha_pr  ls
 960r 2.0633078e+01 3.85e-01 1.22e+03  -8.7 1.70e+02  -4.8 8.19e-03 1.07e-02h  1
 961r 2.0692134e+01 3.76e-01 1.19e+03  -8.7 9.96e+00  -4.4 4.48e-02 2.23e-02h  1
 962r 2.0831672e+01 3.36e-01 1.06e+03  -8.7 3.62e+00  -4.0 1.44e-02 1.08e-01h  1
 963r 2.1931604e+01 2.02e-01 6.57e+02  -8.7 1.16e+01  -4.5 3.79e-02 3.83e-01h  1
 964r 2.2004314e+01 1.89e-01 6.15e+02  -8.7 4.09e+00  -4.0 5.28e-02 6.33e-02h  1
 965r 2.2132054e+01 1.81e-01 5.87e+02  -8.7 1.66e+01  -4.5 9.51e-03 4.53e-02f  1
 966r 2.2200836e+01 1.70e-01 5.54e+02  -8.7 4.67e+00  -4.1 3.57e-02 5.70e-02f  1
 967r 2.2209329e+01 1.70e-01 5.52e+02  -8.7 2.22e+01  -4.6 6.65e-03 2.38e-03h  1
 968r 2.2254529e+01 1.65e-01 5.35e+02  -8.7 5.30e+00  -4.1 2.37e-02 3.24e-02h  1
 969r 2.2272983e+01 1.64e-01 5.33e+02  -8.7 2.91e+01  -4.6 3.20e-03 3.82e-03h  1
iter    objective    inf_pr   inf_du lg(mu)  ||d||  lg(rg) alpha_du alpha_pr  ls
 970r 2.2447484e+01 1.47e-01 4.78e+02  -8.7 6.06e+00  -4.2 1.32e-01 1.02e-01h  1
 971r 2.2869996e+01 1.37e-01 4.48e+02  -8.7 4.03e+01  -4.7 1.95e-02 6.32e-02h  1
 972r 2.2870482e+01 1.37e-01 9.99e+02  -8.7 7.87e+00  -4.2 1.93e-07 2.48e-04h  1
 973r 2.2894196e+01 1.36e-01 9.96e+02  -8.7 6.77e+01  -4.7 1.63e-03 2.30e-03h  1
 974r 2.3116025e+01 1.23e-01 9.05e+02  -8.7 9.34e+00  -4.3 1.02e-02 9.84e-02f  1
 975r 2.3169188e+01 1.22e-01 9.03e+02  -8.7 1.39e+02  -4.8 1.12e-03 2.64e-03h  1
 976r 2.3349827e+01 1.15e-01 8.50e+02  -8.7 1.37e+01  -4.3 3.71e-02 5.84e-02f  1
 977r 2.3354425e+01 1.14e-01 8.44e+02  -8.7 3.89e+00  -3.9 1.22e-02 7.15e-03h  1
 978r 2.3415835e+01 1.13e-01 8.32e+02  -8.7 1.94e+01  -4.4 4.36e-02 1.51e-02h  1
 979r 2.3527568e+01 1.04e-01 7.68e+02  -8.7 4.07e+00  -4.0 4.04e-02 7.59e-02h  1
iter    objective    inf_pr   inf_du lg(mu)  ||d||  lg(rg) alpha_du alpha_pr  ls
 980r 2.3559235e+01 1.03e-01 7.64e+02  -8.7 2.70e+01  -4.4 3.82e-03 5.61e-03h  1
 981r 2.3640298e+01 9.84e-02 7.27e+02  -8.7 4.93e+00  -4.0 9.10e-02 4.85e-02h  1
 982r 2.3664583e+01 9.81e-02 7.25e+02  -8.7 5.77e+01  -4.5 1.89e-03 2.58e-03h  1
 983r 2.4570958e+01 4.85e-02 4.76e+02  -8.7 5.96e+00  -4.1 6.38e-02 4.70e-01f  1
 984r 2.4675104e+01 4.35e-02 4.25e+02  -8.7 2.50e+00  -3.6 1.82e-02 1.02e-01h  1
 985r 2.4683409e+01 4.34e-02 4.37e+02  -8.7 4.44e+01  -4.1 7.26e-04 2.75e-03h  1
 986r 2.4709771e+01 4.11e-02 4.86e+02  -8.7 3.90e+00  -3.7 2.14e-03 5.19e-02f  1
 987r 2.4710438e+01 4.10e-02 4.72e+02  -8.7 1.02e+00  -3.3 2.01e-02 2.84e-03h  1
 988r 2.4710331e+01 4.05e-02 4.80e+02  -8.7 4.85e+00  -3.7 1.63e-03 1.17e-02f  1
 989r 2.4711338e+01 4.03e-02 4.70e+02  -8.7 1.19e+00  -3.3 1.41e-02 5.99e-03f  1
iter    objective    inf_pr   inf_du lg(mu)  ||d||  lg(rg) alpha_du alpha_pr  ls
 990r 2.4711264e+01 4.02e-02 4.69e+02  -8.7 6.27e+00  -3.8 1.34e-02 8.43e-04h  1
 991r 2.4716063e+01 3.95e-02 4.90e+02  -8.7 1.42e+00  -3.4 3.82e-02 1.80e-02f  1
 992r 2.4710131e+01 3.92e-02 6.53e+02  -8.7 8.37e+00  -3.8 1.89e-02 9.00e-03h  1
 993r 2.4711167e+01 3.90e-02 6.55e+02  -8.7 1.79e+00  -3.4 5.02e-03 4.17e-03h  1
 994r 2.4710437e+01 3.90e-02 8.37e+02  -8.7 1.25e+01  -3.9 1.05e-02 4.29e-04h  1
 995r 2.4718635e+01 3.75e-02 6.87e+02  -8.7 1.95e+00  -3.5 2.14e-02 3.92e-02h  1
 996r 2.4685771e+01 3.74e-02 5.92e+02  -8.7 1.17e+02  -3.9 3.15e-04 6.12e-04h  1
 997r 2.4684254e+01 3.72e-02 5.90e+02  -8.7 2.59e+00  -3.5 4.46e-03 5.72e-03f  1
 998r 2.4686053e+01 3.50e-02 5.52e+02  -8.7 7.25e-01  -3.1 4.07e-02 6.02e-02f  1
 999r 2.4685885e+01 3.50e-02 1.00e+03  -8.7 3.15e+00  -3.6 7.23e-10 3.63e-04f  1
iter    objective    inf_pr   inf_du lg(mu)  ||d||  lg(rg) alpha_du alpha_pr  ls
1000r 2.4686165e+01 3.40e-02 9.71e+02  -8.7 8.32e-01  -3.1 7.37e-04 2.85e-02h  1

Number of Iterations....: 1000

                                   (scaled)                 (unscaled)
Objective...............:   1.9286066339090684e+01    2.4686164914036077e+01
Dual infeasibility......:   9.7136932913542330e+02    1.2433527412933418e+03
Constraint violation....:   2.5771977901586474e-02    3.3960632558247994e-02
Complementarity.........:   7.5078615135546844e-08    9.6100627373499964e-08
Overall NLP error.......:   9.7136932913542330e+02    1.2433527412933418e+03


Number of objective function evaluations             = 1271
Number of objective gradient evaluations             = 140
Number of equality constraint evaluations            = 1272
Number of inequality constraint evaluations          = 1272
Number of equality constraint Jacobian evaluations   = 1005
Number of inequality constraint Jacobian evaluations = 1005
Number of Lagrangian Hessian evaluations             = 1000
Total CPU secs in IPOPT (w/o function evaluations)   =   2800.976
Total CPU secs in NLP function evaluations           =     36.730

EXIT: Maximum Number of Iterations Exceeded.
