
List of user-set options:

                                    Name   Value                used
                           compl_inf_tol = 1                     yes
                         constr_viol_tol = 1                     yes
                            dual_inf_tol = 1000                  yes
                           linear_solver = ma97                  yes
                              ma86_small = 1e-30                  no
                                  ma86_u = 0.0001                 no
                              ma97_order = best                  yes
                              ma97_small = 1e-30                 yes
                            ma97_switch1 = at_start              yes
                            ma97_switch2 = od_hd_reuse           yes
                                  ma97_u = 1e-06                 yes
                               ma97_umax = 0.5                   yes
                                max_iter = 2000                  yes
                    max_refinement_steps = 20                    yes
                    min_refinement_steps = 5                     yes
                                 mu_init = 1e-06                 yes
           mu_superlinear_decrease_power = 1.25                  yes
                   nlp_scaling_min_value = 1e-08                 yes
                        option_file_name = Preset_Case:_118_NCP.opt  yes
                             output_file = ./tmp/Preset_Case:_118_NCP.output  yes
                      print_user_options = yes                   yes
        required_infeasibility_reduction = 1                      no
                                     tol = 1e-08                 yes
                   warm_start_bound_frac = 1e-20                 yes
                   warm_start_bound_push = 1e-20                 yes
                   warm_start_init_point = yes                   yes
              warm_start_mult_bound_push = 1e-20                 yes
                warm_start_mult_init_max = 1e+40                 yes
             warm_start_slack_bound_frac = 1e-20                 yes
             warm_start_slack_bound_push = 1e-20                 yes

******************************************************************************
This program contains Ipopt, a library for large-scale nonlinear optimization.
 Ipopt is released as open source code under the Eclipse Public License (EPL).
         For more information visit http://projects.coin-or.org/Ipopt
******************************************************************************

This is Ipopt version 3.12.10, running with linear solver ma97.

Number of nonzeros in equality constraint Jacobian...:   117140
Number of nonzeros in inequality constraint Jacobian.:      213
Number of nonzeros in Lagrangian Hessian.............:    47462

Total number of variables............................:    29971
                     variables with only lower bounds:    11312
                variables with lower and upper bounds:    15132
                     variables with only upper bounds:        0
Total number of equality constraints.................:    29864
Total number of inequality constraints...............:       25
        inequality constraints with only lower bounds:        4
   inequality constraints with lower and upper bounds:        0
        inequality constraints with only upper bounds:       21

iter    objective    inf_pr   inf_du lg(mu)  ||d||  lg(rg) alpha_du alpha_pr  ls
   0 -2.0403482e-02 1.66e-01 1.40e+02  -6.0 0.00e+00    -  0.00e+00 0.00e+00   0
In iteration 0, 2 Slacks too small, adjusting variable bounds
   1 -2.0403482e-02 1.66e-01 9.51e+03  -6.0 7.88e+05  -2.0 1.14e-07 5.67e-16f  1
   2 -2.0403483e-02 1.66e-01 9.51e+03  -6.0 2.06e+03  -2.5 5.19e-05 2.45e-08f  1
   3 -2.0403907e-02 1.66e-01 9.51e+03  -6.0 2.06e+03  -2.1 1.76e-08 1.01e-05f  1
   4 -2.0407057e-02 1.66e-01 9.51e+03  -6.0 2.05e+03  -2.5 9.03e-06 4.70e-05f  1
   5 -2.0407321e-02 1.66e-01 9.51e+03  -6.0 2.05e+03  -2.1 6.20e-05 5.95e-06f  1
   6 -2.0429400e-02 1.66e-01 9.51e+03  -6.0 2.04e+03  -2.6 5.60e-06 2.11e-04f  1
   7 -2.0430966e-02 1.66e-01 9.51e+03  -6.0 2.04e+03  -2.2 5.97e-05 3.45e-05f  1
   8 -2.0433098e-02 1.66e-01 9.51e+03  -6.0 2.04e+03  -1.7 7.22e-05 4.86e-05h  1
   9 -2.0439693e-02 1.66e-01 1.21e+04  -6.0 2.04e+03  -2.2 3.99e-04 1.65e-04f  1
iter    objective    inf_pr   inf_du lg(mu)  ||d||  lg(rg) alpha_du alpha_pr  ls
  10 -2.0454993e-02 1.66e-01 9.50e+03  -6.0 2.03e+03  -1.8 2.79e-04 3.81e-04f  1
  11 -2.0548927e-02 1.66e-01 5.12e+04  -6.0 2.01e+03  -2.3 5.49e-04 2.16e-03f  1
  12 -2.0569735e-02 1.66e-01 8.77e+04  -6.0 1.92e+03  -1.8 6.69e-05 5.20e-04f  1
  13 -2.0948716e-02 2.32e-01 1.69e+05  -6.0 1.87e+03  -2.3 4.93e-03 8.38e-03h  1
  14 -2.0960087e-02 2.32e-01 1.34e+05  -6.0 1.52e+03  -1.9 7.03e-03 2.82e-04f  1
  15 -2.1050665e-02 2.58e-01 1.99e+05  -6.0 1.45e+03  -2.4 9.02e-03 1.74e-03h  1
  16 -2.1303122e-02 3.24e-01 7.82e+05  -6.0 1.44e+03  -1.9 2.28e-02 5.90e-03f  1
  17r-2.1303122e-02 3.24e-01 1.00e+03  -0.8 0.00e+00  -2.4 0.00e+00 1.51e-08R  2
  18r-2.0988162e-02 3.24e-01 1.00e+03  -0.8 3.05e+05    -  1.61e-07 4.82e-07f  1
  19r-2.0988162e-02 3.24e-01 9.99e+02  -0.8 0.00e+00    -  0.00e+00 1.29e-07R  2
iter    objective    inf_pr   inf_du lg(mu)  ||d||  lg(rg) alpha_du alpha_pr  ls
  20r-2.0989008e-02 3.24e-01 9.99e+02  -0.8 8.85e+03    -  1.69e-06 1.45e-07f  1
  21 -2.0988837e-02 3.24e-01 1.27e+02  -6.0 7.02e+02    -  3.10e-03 2.42e-05h  1
  22 -2.0989606e-02 3.24e-01 1.67e+03  -6.0 1.24e+03    -  3.19e-04 3.05e-05h  1
  23 -2.1026349e-02 3.23e-01 8.21e+03  -6.0 1.23e+03    -  6.16e-05 1.93e-03h  1
  24 -2.1027412e-02 3.23e-01 1.08e+03  -6.0 1.18e+03    -  2.06e-03 4.68e-05h  1
  25 -2.1136707e-02 3.22e-01 1.84e+03  -6.0 1.18e+03    -  2.83e-03 3.48e-03f  1
  26 -2.1218392e-02 3.21e-01 4.56e+04  -6.0 1.10e+03    -  1.68e-02 2.64e-03f  1
  27 -2.1973332e-02 3.14e-01 2.61e+04  -6.0 1.07e+03    -  9.93e-03 2.65e-02h  1
  28 -2.2044805e-02 3.13e-01 2.14e+05  -6.0 7.29e+02    -  4.94e-02 2.90e-03h  1
  29 -2.2066901e-02 3.10e-01 9.29e+06  -6.0 9.29e+02    -  4.51e-02 7.68e-03h  3
iter    objective    inf_pr   inf_du lg(mu)  ||d||  lg(rg) alpha_du alpha_pr  ls
  30 -2.2062430e-02 3.09e-01 1.90e+07  -6.0 9.18e+02    -  4.84e-02 4.53e-03h  4
  31 -2.2048853e-02 3.07e-01 3.54e+07  -6.0 9.13e+02    -  8.95e-02 4.04e-03h  5
  32 -2.2028421e-02 3.06e-01 4.63e+07  -6.0 9.23e+02    -  7.21e-02 4.17e-03h  6
  33 -2.1998401e-02 3.05e-01 6.03e+07  -6.0 9.35e+02    -  1.06e-01 5.64e-03h  6
  34 -2.1970598e-02 3.03e-01 6.83e+07  -6.0 9.58e+02    -  7.56e-02 4.89e-03h  6
  35 -2.1944343e-02 3.02e-01 8.07e+07  -6.0 9.74e+02    -  1.27e-01 4.46e-03h  6
  36 -2.1918608e-02 3.01e-01 8.75e+07  -6.0 1.01e+03    -  9.23e-02 3.97e-03h  6
  37 -2.1893292e-02 3.00e-01 9.65e+07  -6.0 1.03e+03    -  1.42e-01 3.60e-03h  6
  38 -2.1841752e-02 2.99e-01 1.01e+08  -6.0 1.07e+03    -  1.06e-01 6.18e-03h  5
  39 -2.1043950e-02 2.99e-01 9.39e+07  -6.0 1.09e+03    -  1.21e-01 8.44e-02w  1
iter    objective    inf_pr   inf_du lg(mu)  ||d||  lg(rg) alpha_du alpha_pr  ls
  40 -2.1043941e-02 2.99e-01 9.44e+07  -6.0 8.97e+02    -  3.75e-02 4.06e-06w  1
  41 -2.0806460e-02 1.10e+01 7.10e+07  -6.0 9.15e+02    -  2.36e-06 2.27e-01w  1
  42 -2.1791889e-02 2.97e-01 1.05e+08  -6.0 5.60e+02    -  1.21e-01 5.28e-03h  4
  43 -2.1779580e-02 2.96e-01 1.08e+08  -6.0 1.12e+03    -  1.21e-01 1.11e-03h  7
  44 -2.1766714e-02 2.96e-01 1.11e+08  -6.0 1.16e+03    -  1.40e-01 1.12e-03h  7
  45 -2.1763279e-02 2.96e-01 1.11e+08  -6.0 1.20e+03    -  6.60e-03 2.19e-04h  9
  46 -2.1761561e-02 2.96e-01 1.14e+08  -6.0 1.20e+03    -  1.64e-01 1.27e-04h 10
  47 -2.1749204e-02 2.96e-01 1.14e+08  -6.0 1.26e+03    -  7.62e-04 7.62e-04s 18
  48 -2.0977121e-02 5.00e-01 1.09e+08  -6.0 1.26e+03    -  4.80e-02 4.80e-02s 18
  49r-2.0977121e-02 5.00e-01 1.00e+03  -0.6 0.00e+00    -  0.00e+00 0.00e+00R  1
iter    objective    inf_pr   inf_du lg(mu)  ||d||  lg(rg) alpha_du alpha_pr  ls
  50r-2.0963418e-02 4.99e-01 1.27e+03  -0.6 7.45e+04    -  2.17e-05 3.34e-06f  1
  51 -2.0963420e-02 4.99e-01 7.37e+05  -6.0 5.67e+02    -  1.23e-02 5.88e-07h  4
  52 -2.0964670e-02 4.98e-01 4.19e+07  -6.0 7.94e+02    -  2.31e-06 1.31e-04h  1
  53 -2.0974149e-02 4.98e-01 4.19e+07  -6.0 6.11e+02    -  5.52e-02 5.88e-04h  1
  54 -2.0984575e-02 4.90e-01 4.22e+07  -6.0 7.19e+02    -  7.22e-04 1.76e-02h  2
  55 -2.0984101e-02 4.90e-01 4.21e+07  -6.0 7.04e+02    -  3.27e-02 7.77e-04h  1
  56 -2.0961152e-02 4.84e-01 4.16e+07  -6.0 7.06e+02    -  4.35e-02 1.34e-02h  2
  57 -2.0936583e-02 4.79e-01 4.10e+07  -6.0 7.01e+02    -  1.13e-01 1.46e-02h  1
  58 -2.0943167e-02 4.79e-01 4.06e+07  -6.0 7.07e+02    -  6.47e-02 9.19e-03h  5
  59 -2.0952014e-02 4.80e-01 4.02e+07  -6.0 7.12e+02    -  1.29e-01 9.65e-03h  5
iter    objective    inf_pr   inf_du lg(mu)  ||d||  lg(rg) alpha_du alpha_pr  ls
  60 -2.0963536e-02 4.81e-01 3.98e+07  -6.0 7.27e+02    -  1.11e-01 1.12e-02h  5
  61 -2.0976404e-02 4.82e-01 3.93e+07  -6.0 7.36e+02    -  6.65e-02 1.25e-02h  5
  62 -2.1022385e-02 4.79e-01 4.17e+07  -6.0 7.48e+02    -  1.16e-01 9.94e-03h  5
  63 -2.1041059e-02 4.77e-01 4.19e+07  -6.0 7.45e+02    -  2.49e-02 8.02e-03h  6
  64 -2.1086878e-02 4.73e-01 4.58e+07  -6.0 7.46e+02    -  1.79e-01 1.06e-02h  5
  65 -2.1129415e-02 4.68e-01 4.55e+07  -6.0 7.57e+02    -  2.52e-02 1.03e-02h  5
  66 -2.1172933e-02 4.63e-01 4.69e+07  -6.0 7.47e+02    -  1.95e-01 1.05e-02h  5
  67 -2.1213096e-02 4.58e-01 4.63e+07  -6.0 7.57e+02    -  5.16e-02 1.07e-02h  5
  68 -2.1867009e-02 2.58e+00 3.80e+07  -6.0 7.48e+02    -  2.24e-01 1.76e-01w  1
  69 -2.1867049e-02 2.58e+00 3.33e+07  -6.0 5.30e+02    -  2.57e-01 8.26e-06w  1
iter    objective    inf_pr   inf_du lg(mu)  ||d||  lg(rg) alpha_du alpha_pr  ls
  70 -2.2131664e-02 3.26e+00 2.92e+07  -6.0 5.57e+02    -  1.47e-01 6.65e-02w  1
  71 -2.1253966e-02 4.52e-01 4.52e+07  -6.0 5.53e+02    -  2.24e-01 1.10e-02h  4
  72 -2.1290868e-02 4.45e-01 4.38e+07  -6.0 7.56e+02    -  8.69e-02 1.17e-02h  5
  73 -2.1309398e-02 4.42e-01 3.99e+07  -6.0 7.49e+02    -  2.84e-01 6.08e-03h  6
  74 -2.1309450e-02 4.42e-01 3.74e+07  -6.0 7.66e+02    -  1.30e-01 2.51e-05h 14
  75 -2.1616355e-02 6.34e+00 2.98e+07  -6.0 7.75e+02    -  2.03e-01 2.03e-01s 20
  76r-2.1616355e-02 6.34e+00 1.00e+03   0.2 0.00e+00    -  0.00e+00 0.00e+00R  1
  77r-2.1487746e-02 6.32e+00 1.00e+03   0.2 4.08e+03    -  7.11e-06 3.24e-06f  1
  78 -2.1487952e-02 6.32e+00 6.67e+02  -6.0 3.76e+02    -  2.80e-02 4.22e-05h  1
  79 -2.1510983e-02 6.30e+00 2.49e+04  -6.0 3.84e+02    -  4.32e-05 3.73e-03h  1
iter    objective    inf_pr   inf_du lg(mu)  ||d||  lg(rg) alpha_du alpha_pr  ls
  80 -2.1525129e-02 6.28e+00 1.09e+05  -6.0 4.05e+02    -  6.06e-02 1.94e-03h  1
  81 -2.1664459e-02 6.03e+00 8.34e+05  -6.0 3.97e+02    -  6.08e-03 5.84e-02h  1
  82 -2.1685841e-02 5.98e+00 2.68e+05  -6.0 3.60e+02    -  9.44e-02 7.65e-03h  1
  83 -2.1718129e-02 5.92e+00 1.50e+06  -6.0 3.61e+02    -  1.30e-01 1.03e-02h  1
  84 -2.1924694e-02 5.69e+00 3.52e+09  -6.0 3.41e+02    -  4.96e-05 6.65e-02h  1
  85r-2.1924694e-02 5.69e+00 1.00e+03   0.2 0.00e+00    -  0.00e+00 3.60e-07R  3
  86r-2.1918764e-02 5.69e+00 4.61e+03   0.2 9.38e+03    -  3.29e-06 1.94e-07f  1
  87 -2.1918921e-02 5.69e+00 4.19e+06  -6.0 3.32e+02    -  1.44e-01 3.10e-05h  1
  88 -2.1923710e-02 5.68e+00 2.03e+08  -6.0 3.33e+02    -  3.45e-05 1.67e-03h  1
  89 -2.1981077e-02 5.56e+00 1.98e+08  -6.0 3.31e+02    -  4.78e-03 2.33e-02h  1
iter    objective    inf_pr   inf_du lg(mu)  ||d||  lg(rg) alpha_du alpha_pr  ls
  90 -2.1992707e-02 5.53e+00 1.97e+08  -6.0 3.42e+02    -  3.93e-02 5.34e-03h  1
  91 -2.2084974e-02 5.35e+00 1.89e+08  -6.0 3.47e+02    -  1.73e-02 3.86e-02h  1
  92 -2.2210631e-02 5.16e+00 1.82e+08  -6.0 3.44e+02    -  1.13e-01 4.18e-02h  1
  93 -2.2917512e-02 4.74e+00 1.46e+08  -6.0 3.49e+02    -  8.72e-02 1.94e-01h  1
  94 -2.3072457e-02 4.59e+00 1.41e+08  -6.0 2.97e+02    -  2.04e-03 3.28e-02h  1
  95 -2.3388083e-02 4.35e+00 1.34e+08  -6.0 3.55e+02    -  1.01e-01 5.36e-02h  1
  96r-2.3388083e-02 4.35e+00 1.00e+03   0.1 0.00e+00    -  0.00e+00 3.12e-07R  3
  97r-2.3326496e-02 4.34e+00 1.00e+03   0.1 8.29e+03    -  1.62e-07 2.78e-06f  1
  98 -2.3326792e-02 4.34e+00 3.78e+00  -6.0 2.35e+02    -  1.81e-05 6.85e-05h  1
  99 -2.3327294e-02 4.34e+00 1.31e+03  -6.0 2.36e+02    -  8.02e-02 1.17e-04h  1
iter    objective    inf_pr   inf_du lg(mu)  ||d||  lg(rg) alpha_du alpha_pr  ls
 100 -2.3339744e-02 4.32e+00 1.42e+03  -6.0 2.31e+02    -  1.94e-03 2.87e-03h  1
 101 -2.3350124e-02 4.32e+00 8.50e+05  -6.0 3.39e+02    -  2.74e-02 1.58e-03h  1
 102 -2.3401676e-02 4.28e+00 6.32e+05  -6.0 3.39e+02    -  1.89e-03 8.50e-03h  1
 103r-2.3401676e-02 4.28e+00 1.00e+03   0.1 0.00e+00    -  0.00e+00 4.43e-07R  5
 104r-2.3399162e-02 4.28e+00 3.89e+03   0.1 1.21e+04    -  4.59e-08 1.62e-07f  1
 105 -2.3399460e-02 4.28e+00 3.29e+06  -6.0 2.31e+02    -  1.01e-01 7.43e-05h  1
 106 -2.3400837e-02 4.28e+00 9.40e+06  -6.0 4.93e+02    -  7.99e-05 2.28e-04h  1
 107 -2.3407852e-02 4.27e+00 9.38e+06  -6.0 4.51e+02    -  2.95e-04 1.15e-03h  1
 108 -2.3412685e-02 4.27e+00 9.38e+06  -6.0 4.56e+02    -  4.00e-03 7.88e-04h  1
 109 -2.3420647e-02 4.26e+00 9.36e+06  -6.0 2.27e+02    -  3.57e-02 2.33e-03h  1
iter    objective    inf_pr   inf_du lg(mu)  ||d||  lg(rg) alpha_du alpha_pr  ls
 110 -2.3532926e-02 4.18e+00 9.18e+06  -6.0 3.36e+02    -  3.60e-03 1.88e-02h  1
 111 -2.3553783e-02 4.17e+00 9.14e+06  -6.0 3.15e+02    -  7.73e-02 3.83e-03h  1
 112 -2.4037281e-02 3.66e+00 8.00e+06  -6.0 3.25e+02    -  3.72e-02 1.25e-01h  1
 113 -2.4789349e-02 2.98e+00 6.48e+06  -6.0 2.69e+02    -  2.85e-01 1.90e-01h  1
 114 -2.4963056e-02 2.85e+00 1.47e+07  -6.0 2.32e+02    -  5.64e-01 4.37e-02h  1
 115 -2.5275371e-02 2.80e+00 1.46e+07  -6.0 5.81e+02    -  3.06e-02 2.00e-02h  1
 116 -2.6701924e-02 2.60e+00 1.38e+07  -6.0 6.30e+02    -  1.16e-01 8.59e-02h  1
 117 -2.8064944e-02 2.48e+00 1.33e+07  -6.0 1.35e+03    -  4.69e-02 4.47e-02h  1
 118 -2.8231428e-02 2.45e+00 1.03e+07  -6.0 2.32e+02  -2.9 9.97e-03 1.76e-02h  1
 119 -2.8726540e-02 2.42e+00 2.52e+07  -6.0 2.62e+02  -3.4 1.53e-01 5.19e-02h  1
iter    objective    inf_pr   inf_du lg(mu)  ||d||  lg(rg) alpha_du alpha_pr  ls
 120 -3.1221609e-02 4.96e+00 4.93e+09  -6.0 3.78e+02  -3.8 3.04e-04 2.03e-01f  1
 121 -3.2533119e-02 4.81e+00 4.80e+09  -6.0 1.94e+03  -4.3 5.91e-04 2.69e-02h  1
 122r-3.2533119e-02 4.81e+00 1.00e+03   0.2 0.00e+00    -  0.00e+00 3.21e-07R  2
 123r-3.1456826e-02 4.81e+00 1.00e+03   0.2 7.24e+04    -  1.47e-06 1.94e-06f  1
 124 -3.1459149e-02 4.81e+00 4.37e+01  -6.0 7.74e+01    -  6.00e-06 2.62e-04h  1
 125 -3.1463701e-02 4.81e+00 4.98e+01  -6.0 7.94e+01    -  3.13e-03 5.20e-04h  1
 126 -3.1466041e-02 4.80e+00 4.52e+01  -6.0 7.69e+01    -  7.82e-04 2.91e-04h  1
 127 -3.1470439e-02 4.80e+00 3.63e+04  -6.0 2.60e+02    -  2.56e-03 3.28e-04h  1
 128 -3.1473565e-02 4.80e+00 8.92e+05  -6.0 2.57e+02    -  5.42e-02 2.36e-04h  1
 129 -3.1629645e-02 4.75e+00 9.20e+05  -6.0 2.79e+02    -  1.44e-02 1.19e-02h  1
iter    objective    inf_pr   inf_du lg(mu)  ||d||  lg(rg) alpha_du alpha_pr  ls
 130 -3.1823434e-02 4.69e+00 3.09e+07  -6.0 3.39e+02    -  3.05e-01 1.10e-02h  1
 131 -3.3586932e-02 4.25e+00 2.41e+07  -6.0 3.31e+02    -  1.36e-02 1.01e-01h  1
 132 -3.4501319e-02 4.04e+00 2.62e+07  -6.0 3.04e+02    -  1.16e-01 5.59e-02h  1
 133 -3.4512160e-02 4.03e+00 4.48e+07  -6.0 3.20e+02    -  2.76e-01 6.82e-04h  1
 134 -4.0987156e-02 5.34e+00 1.70e+07  -6.0 3.46e+02    -  4.79e-02 4.17e-01h  1
 135 -4.3501392e-02 3.73e+00 8.05e+06  -6.0 1.32e+02    -  1.85e-01 2.95e-01h  1
 136 -4.5733845e-02 2.47e+00 1.63e+07  -6.0 1.02e+02    -  3.82e-02 3.74e-01h  1
 137 -4.5787207e-02 2.33e+00 1.68e+08  -6.0 2.00e+02    -  3.06e-03 6.03e-02h  1
 138r-4.5787207e-02 2.33e+00 1.00e+03  -0.2 0.00e+00    -  0.00e+00 5.59e-08R  2
 139r-4.5788007e-02 2.33e+00 8.77e+03  -0.2 7.00e+03    -  6.09e-06 1.38e-07f  1
iter    objective    inf_pr   inf_du lg(mu)  ||d||  lg(rg) alpha_du alpha_pr  ls
 140 -4.5789180e-02 2.32e+00 9.32e+01  -6.0 2.78e+01    -  1.21e-05 1.13e-03h  1
 141 -4.5790017e-02 2.32e+00 5.32e+05  -6.0 2.94e+02    -  5.39e-03 1.54e-04f  1
 142 -4.5792530e-02 2.32e+00 5.34e+05  -6.0 4.59e+01    -  1.63e-03 1.47e-03h  1
 143 -4.5860744e-02 2.23e+00 3.67e+04  -6.0 5.58e+01    -  4.94e-03 3.86e-02h  1
 144 -4.5872244e-02 2.22e+00 1.31e+06  -6.0 5.42e+01    -  9.35e-02 6.64e-03h  1
 145 -4.6079284e-02 1.95e+00 8.15e+05  -6.0 5.40e+01    -  9.10e-02 1.20e-01h  1
 146 -4.6654168e-02 9.81e-01 2.54e+09  -6.0 4.29e+01    -  6.05e-04 4.84e-01h  1
 147 -4.6827432e-02 7.78e-01 2.01e+09  -6.0 1.72e+01    -  5.48e-01 2.07e-01h  1
 148 -4.6874686e-02 7.14e-01 1.85e+09  -6.0 9.17e+00    -  6.10e-01 8.18e-02h  1
 149 -4.5828477e-02 6.81e-01 2.72e+10  -6.0 4.72e+01    -  2.10e-04 5.60e-01h  1
iter    objective    inf_pr   inf_du lg(mu)  ||d||  lg(rg) alpha_du alpha_pr  ls
 150 -4.6015546e-02 2.33e-01 8.51e+09  -6.0 1.65e+01    -  2.77e-02 6.87e-01h  1
 151 -4.5706554e-02 2.04e-01 6.41e+09  -6.0 7.68e+01    -  6.73e-04 2.50e-01h  3
 152 -4.5494000e-02 1.87e-01 5.61e+09  -6.0 9.24e+01    -  4.25e-02 1.25e-01h  4
 153 -4.5225579e-02 1.53e-01 4.22e+09  -6.0 5.90e+01    -  2.45e-02 2.50e-01h  3
 154 -4.5984544e-02 4.22e-02 2.87e+08  -6.0 2.63e+01    -  7.03e-02 1.00e+00h  1
 155 -4.6008611e-02 2.42e-05 4.42e+04  -6.0 1.04e+00    -  9.44e-01 1.00e+00h  1
 156 -4.6414397e-02 7.32e-03 2.80e+03  -6.0 7.72e+00    -  8.31e-01 1.00e+00h  1
 157 -4.7837273e-02 3.17e-02 2.70e+03  -6.0 1.11e+03    -  3.60e-02 2.65e-02h  1
 158 -4.9580865e-02 7.14e-02 1.82e+03  -6.0 2.56e+02    -  3.23e-01 1.59e-01F  1
 159 -5.4067207e-02 3.79e-01 8.68e+02  -6.0 3.21e+02    -  5.24e-01 4.11e-01h  1
iter    objective    inf_pr   inf_du lg(mu)  ||d||  lg(rg) alpha_du alpha_pr  ls
 160 -5.4830725e-02 3.04e-01 8.15e+02  -6.0 1.35e+02    -  5.91e-02 2.91e-01h  1
 161 -6.4281638e-02 3.24e+00 1.62e+03  -6.0 1.75e+02    -  2.67e-01 9.21e-01h  1
 162 -6.4083520e-02 3.19e+00 1.06e+03  -6.0 2.68e+02    -  8.84e-02 1.61e-02h  1
 163 -6.5262341e-02 2.86e+00 9.81e+02  -6.0 2.92e+02    -  1.46e-01 1.04e-01f  1
 164 -6.7828740e-02 2.14e+00 7.50e+02  -6.0 3.13e+02    -  2.12e-01 2.49e-01h  1
 165 -6.9640017e-02 1.78e+00 6.21e+02  -6.0 2.56e+02    -  1.93e-01 1.64e-01h  1
 166 -7.5307887e-02 7.94e-01 5.34e+03  -6.0 2.08e+02    -  2.55e-01 5.13e-01h  1
 167 -7.8263797e-02 6.03e-01 7.85e+02  -6.0 1.75e+02    -  3.70e-01 2.13e-01h  1
 168 -7.8785491e-02 5.82e-01 1.40e+04  -6.0 2.30e+02    -  1.17e-01 3.39e-02h  1
 169 -8.2422935e-02 4.50e-01 1.17e+04  -6.0 2.15e+02    -  1.73e-01 2.47e-01h  1
iter    objective    inf_pr   inf_du lg(mu)  ||d||  lg(rg) alpha_du alpha_pr  ls
 170 -8.2955571e-02 4.43e-01 1.17e+04  -6.0 2.15e+03    -  5.49e-02 1.63e-02h  1
 171 -8.6064324e-02 3.58e-01 2.04e+04  -6.0 4.08e+02    -  3.10e-02 1.87e-01h  1
 172 -8.7417101e-02 1.44e+00 1.96e+04  -6.0 2.77e+03    -  1.01e-02 3.29e-02h  1
 173 -8.7841616e-02 1.39e+00 1.89e+04  -6.0 1.06e+03    -  1.78e-03 3.40e-02h  1
 174 -8.8399193e-02 2.91e+00 1.76e+04  -6.0 1.60e+03    -  4.62e-02 6.84e-02h  1
 175 -8.8542660e-02 2.93e+00 1.75e+04  -6.0 7.29e+03    -  2.24e-03 4.24e-03h  1
 176 -8.9362794e-02 5.27e+00 1.64e+04  -6.0 7.62e+02    -  6.66e-02 6.41e-02h  1
 177 -9.2116436e-02 2.33e+01 1.25e+04  -6.0 6.57e+02    -  5.80e-02 2.20e-01h  1
 178 -9.3561508e-02 1.93e+01 1.02e+04  -6.0 8.67e+02    -  1.06e-01 1.72e-01h  1
 179 -9.8389179e-02 6.24e+00 3.58e+03  -6.0 5.22e+02    -  7.95e-02 6.81e-01h  1
iter    objective    inf_pr   inf_du lg(mu)  ||d||  lg(rg) alpha_du alpha_pr  ls
 180 -9.8348088e-02 6.15e+00 3.53e+03  -6.0 5.17e+01  -4.8 2.96e-03 1.60e-02h  1
 181 -9.8330664e-02 6.07e+00 3.48e+03  -6.0 3.85e+01  -5.3 2.54e-02 1.18e-02h  1
 182 -9.7424610e-02 4.12e+00 2.53e+03  -6.0 2.10e+01  -5.7 3.02e-02 3.22e-01h  1
 183 -9.6323636e-02 1.41e+00 9.36e+02  -6.0 1.99e+01  -6.2 3.58e-01 6.60e-01h  1
 184 -9.6104178e-02 8.27e-01 5.49e+02  -6.0 7.64e+00  -5.8 9.51e-01 4.16e-01h  1
 185 -9.6177256e-02 5.04e-01 3.34e+02  -6.0 1.56e+01  -6.3 9.99e-01 3.97e-01h  1
 186 -9.6366481e-02 4.14e-01 2.75e+02  -6.0 3.57e+01  -6.8 1.00e+00 1.80e-01h  1
 187 -9.6799494e-02 3.66e-01 2.42e+02  -6.0 1.53e+02  -7.2 2.66e-01 1.24e-01h  1
 188 -9.7299676e-02 6.38e-01 2.13e+02  -6.0 3.58e+02  -7.7 1.75e-01 1.11e-01h  1
 189 -9.7445943e-02 6.07e-01 2.03e+02  -6.0 1.50e+03  -8.2 2.68e-03 4.91e-02h  1
iter    objective    inf_pr   inf_du lg(mu)  ||d||  lg(rg) alpha_du alpha_pr  ls
 190 -9.7472997e-02 6.04e-01 2.02e+02  -6.0 3.20e+02  -7.8 3.31e-06 3.82e-03h  2
 191 -9.7465849e-02 5.84e-01 1.95e+02  -6.0 1.83e+01  -5.5 3.80e-02 3.47e-02h  1
 192 -9.7472668e-02 5.69e-01 1.90e+02  -6.0 1.28e+01  -6.0 6.03e-06 2.56e-02f  1
 193 -9.7471187e-02 5.69e-01 1.90e+02  -6.0 2.35e+04  -5.6 4.07e-09 8.77e-06f  2
 194 -9.7467218e-02 5.64e-01 1.88e+02  -6.0 1.81e+01  -5.2 3.95e-02 7.47e-03h  1
 195 -9.7432495e-02 1.68e-02 3.78e+02  -6.0 2.90e+00  -5.6 1.79e-05 1.00e+00f  1
 196 -9.7433439e-02 1.49e-02 3.32e+02  -6.0 1.44e-01  -2.5 6.25e-01 1.21e-01h  1
 197 -9.7434220e-02 3.36e-03 9.16e-01  -6.0 1.07e-01  -3.0 1.00e+00 1.00e+00h  1
 198 -9.7435740e-02 2.33e-05 9.03e-02  -6.0 5.93e-02  -3.4 9.05e-01 1.00e+00h  1
 199 -9.7422182e-02 3.65e-04 1.17e+00  -6.0 7.24e-01  -3.9 2.63e-01 2.22e-01h  2
iter    objective    inf_pr   inf_du lg(mu)  ||d||  lg(rg) alpha_du alpha_pr  ls
 200 -9.7414433e-02 5.70e-04 2.01e+01  -6.0 9.27e-01  -4.4 2.05e-01 6.58e-02h  2
 201 -9.7420615e-02 6.95e-04 5.35e+01  -6.0 1.17e+00  -4.9 1.00e+00 3.22e-01h  1
 202 -9.7443221e-02 4.55e-04 6.10e+00  -6.0 2.37e+00  -5.4 1.00e+00 3.55e-01f  1
 203 -9.7534552e-02 6.57e-04 3.75e+00  -6.0 4.02e+00  -5.8 1.00e+00 6.84e-01f  1
 204 -9.7769406e-02 3.30e-03 1.67e+00  -6.0 1.10e+01  -6.3 1.00e+00 6.45e-01f  1
 205 -9.7860631e-02 6.81e-03 7.14e+00  -6.0 1.65e+01  -6.8 1.00e+00 3.71e-01f  1
 206 -9.8564789e-02 5.29e-02 2.12e+00  -6.0 4.40e+01  -7.3 1.00e+00 1.00e+00f  1
 207 -1.0048801e-01 3.77e-01 4.63e+01  -6.0 1.33e+02  -7.7 9.41e-01 1.00e+00h  1
 208 -1.0117710e-01 9.29e-01 1.22e+01  -6.0 2.22e+02  -8.2 3.92e-01 1.00e+00h  1
 209 -1.0232333e-01 1.29e+00 9.20e+00  -6.0 7.94e+02  -8.7 2.44e-01 2.50e-01h  1
iter    objective    inf_pr   inf_du lg(mu)  ||d||  lg(rg) alpha_du alpha_pr  ls
 210 -1.0287626e-01 9.48e-01 2.58e+01  -6.0 2.29e+02  -8.3 1.00e+00 4.10e-01h  1
 211 -1.0615263e-01 1.93e+01 3.24e+01  -6.0 1.04e+03  -8.7 2.90e-01 9.21e-01h  1
 212 -1.0593091e-01 1.10e+01 5.31e+03  -6.0 5.07e+02  -7.4 8.10e-02 4.36e-01h  1
 213 -1.0599850e-01 1.04e+01 5.61e+03  -6.0 4.94e+01  -7.0 3.47e-01 5.81e-02h  1
 214 -1.0632063e-01 6.21e-01 7.49e+02  -6.0 1.53e+01  -6.6 1.54e-01 1.00e+00h  1
 215 -1.0692831e-01 3.76e+00 5.48e+02  -6.0 1.47e+02  -7.0 2.08e-01 3.22e-01h  1
 216 -1.0738332e-01 5.97e+00 3.95e+02  -6.0 1.41e+02  -7.5 3.86e-01 1.73e-01h  1
 217 -1.0846677e-01 2.34e+01 3.57e+02  -6.0 3.65e+02  -8.0 3.84e-02 1.20e-01h  1
 218 -1.0831135e-01 2.40e+01 3.54e+02  -6.0 5.91e+01  -7.6 8.80e-04 2.01e-02H  1
 219 -1.0839516e-01 2.38e+01 3.52e+02  -6.0 1.76e+02  -6.2 4.00e-03 8.90e-03h  1
iter    objective    inf_pr   inf_du lg(mu)  ||d||  lg(rg) alpha_du alpha_pr  ls
 220 -1.0839641e-01 2.38e+01 3.52e+02  -6.0 1.19e+01  -4.9 3.06e-05 8.26e-04h  1
 221 -1.0856426e-01 2.30e+01 3.44e+02  -6.0 6.45e+01  -5.4 5.99e-04 4.44e-02f  1
 222 -1.0856584e-01 2.30e+01 3.44e+02  -6.0 4.76e+04  -5.9 1.16e-07 5.27e-05h  1
 223 -1.0857149e-01 2.28e+01 3.43e+02  -6.0 5.48e+01  -5.4 4.55e-07 6.43e-03f  1
 224 -1.0929254e-01 7.67e+00 2.50e+02  -6.0 1.31e+01  -5.9 6.20e-03 5.17e-01f  1
 225 -1.0934538e-01 7.44e+00 2.46e+02  -6.0 4.27e+01  -6.4 6.97e-03 3.31e-02h  1
 226 -1.0981818e-01 1.05e+01 1.60e+02  -6.0 2.10e+01  -6.9 3.85e-01 2.79e-01h  1
 227 -1.0997865e-01 6.94e+00 1.42e+02  -6.0 3.29e+01  -7.4 1.81e-04 2.81e-01h  1
 228 -1.1065668e-01 6.13e+00 9.84e+01  -6.0 1.01e+02  -7.8 7.45e-01 4.70e-01h  1
 229 -1.1180976e-01 1.58e+00 2.10e+02  -6.0 3.12e+02  -8.3 2.10e-05 6.03e-01f  1
iter    objective    inf_pr   inf_du lg(mu)  ||d||  lg(rg) alpha_du alpha_pr  ls
 230 -1.1201556e-01 1.52e+00 1.85e+02  -6.0 1.04e+03  -8.8 1.55e-01 4.11e-02h  1
 231 -1.1343860e-01 1.54e+01 1.68e+02  -6.0 1.25e+04  -9.3 9.69e-02 6.91e-02h  1
 232 -1.1380612e-01 1.31e+01 3.98e+03  -6.0 5.18e+02  -8.8 9.10e-01 1.49e-01h  1
 233 -1.1593601e-01 1.01e+01 2.85e+03  -6.0 1.82e+03  -9.3 2.57e-01 3.03e-01h  1
Error in an AMPL evaluation. Run with "halt_on_ampl_error yes" to see details.
Warning: Cutting back alpha due to evaluation error
 234 -1.1625519e-01 9.16e+00 2.59e+03  -6.0 6.62e+02  -8.9 9.33e-02 1.01e-01h  2
 235 -1.1634485e-01 9.08e+00 2.54e+03  -6.0 6.73e+03  -9.4 1.97e-02 8.74e-03h  1
 236 -1.1703797e-01 7.53e+00 1.19e+03  -6.0 6.50e+02  -8.9 5.32e-01 2.06e-01h  1
 237 -1.1792757e-01 2.65e+01 1.32e+03  -6.0 2.10e+04  -9.4 2.28e-02 4.86e-02h  1
 238 -1.1805135e-01 2.52e+01 1.11e+03  -6.0 6.05e+02  -9.0 1.36e-01 4.89e-02h  1
 239 -1.1927627e-01 2.22e+01 9.95e+02  -6.0 1.98e+03  -9.5 1.66e-01 1.90e-01h  1
iter    objective    inf_pr   inf_du lg(mu)  ||d||  lg(rg) alpha_du alpha_pr  ls
 240 -1.2180223e-01 2.14e+01 8.99e+02  -6.0 8.37e+03  -9.9 1.03e-01 1.31e-01h  1
 241 -1.2212914e-01 2.12e+01 8.94e+02  -6.0 1.20e+04 -10.4 9.21e-03 1.36e-02h  1
 242 -1.2250742e-01 2.07e+01 9.67e+02  -6.0 5.65e+03 -10.0 1.97e-01 2.53e-02h  1
 243 -1.2371949e-01 2.79e+01 9.04e+02  -6.0 2.13e+04 -10.5 2.49e-02 2.81e-02h  1
 244 -1.2463163e-01 2.59e+01 8.22e+02  -6.0 2.70e+04 -10.9 6.64e-02 7.01e-02h  1
 245 -1.2500989e-01 2.46e+01 1.02e+03  -6.0 1.27e+04 -11.4 1.02e-01 5.21e-02h  1
 246 -1.2567774e-01 2.00e+01 2.25e+03  -6.0 9.61e+02  -9.2 5.94e-02 1.84e-01h  1
 247 -1.2637046e-01 1.08e+01 1.40e+04  -6.0 9.75e+02  -9.7 5.55e-02 4.61e-01h  1
 248 -1.2650456e-01 9.01e+00 1.16e+04  -6.0 7.90e+02 -10.1 2.14e-02 1.67e-01h  1
 249 -1.2717989e-01 6.93e+00 8.90e+03  -6.0 4.48e+03 -10.6 1.68e-01 2.31e-01h  1
iter    objective    inf_pr   inf_du lg(mu)  ||d||  lg(rg) alpha_du alpha_pr  ls
 250 -1.2768338e-01 5.37e+00 6.90e+03  -6.0 1.78e+03 -10.2 7.07e-02 2.25e-01h  1
 251 -1.2799638e-01 3.42e+00 1.17e+04  -6.0 7.75e+02  -8.9 6.91e-02 3.64e-01h  1
 252 -1.2819821e-01 3.02e+00 1.08e+04  -6.0 1.72e+02  -7.5 1.45e-01 1.15e-01h  1
 253 -1.2847723e-01 6.70e+00 7.66e+03  -6.0 8.20e+01  -7.1 1.69e-01 1.90e-01h  1
 254 -1.2864364e-01 8.55e+00 4.26e+03  -6.0 2.00e+02  -7.6 3.44e-01 8.29e-02h  1
 255 -1.2885019e-01 9.72e+00 2.60e+03  -6.0 1.40e+02  -8.1 1.84e-01 1.00e-01h  1
 256 -1.2908004e-01 8.42e+00 4.99e+03  -6.0 2.32e+02  -8.5 7.06e-02 1.34e-01h  1
 257 -1.2932472e-01 7.84e+00 3.63e+04  -6.0 4.95e+02  -9.0 5.58e-01 7.30e-02h  1
 258 -1.3017638e-01 5.89e+00 1.58e+04  -6.0 1.17e+03  -9.5 1.56e-01 2.73e-01h  1
 259 -1.3089648e-01 5.17e+00 3.20e+04  -6.0 3.09e+03 -10.0 2.12e-01 1.55e-01h  1
iter    objective    inf_pr   inf_du lg(mu)  ||d||  lg(rg) alpha_du alpha_pr  ls
 260 -1.3099406e-01 5.11e+00 4.43e+04  -6.0 2.06e+04  -9.6 2.61e-02 1.10e-02h  1
 261 -1.3112009e-01 4.99e+00 6.61e+04  -6.0 1.25e+03 -10.0 5.05e-02 2.54e-02h  1
 262 -1.3114665e-01 4.93e+00 9.46e+06  -6.0 2.28e+02  -7.8 2.72e-04 1.26e-02h  1
 263 -1.3111631e-01 4.92e+00 9.44e+06  -6.0 1.05e+04  -8.3 1.36e-02 2.17e-03h  1
Error in an AMPL evaluation. Run with "halt_on_ampl_error yes" to see details.
Warning: Cutting back alpha due to evaluation error
 264 -1.3131822e-01 4.15e+00 7.94e+06  -6.0 9.93e+01  -8.7 4.52e-02 1.59e-01h  2
 265 -1.3157002e-01 3.13e+00 5.86e+06  -6.0 2.98e+02  -9.2 9.01e-01 2.62e-01h  1
Error in an AMPL evaluation. Run with "halt_on_ampl_error yes" to see details.
Warning: Cutting back alpha due to evaluation error
 266 -1.3175249e-01 2.70e+00 4.99e+06  -6.0 5.94e+02  -9.7 3.14e-01 1.47e-01h  2
 267 -1.3277763e-01 4.49e+00 1.56e+06  -6.0 1.73e+03 -10.2 4.87e-01 6.88e-01h  1
 268 -1.3314276e-01 4.12e+00 6.08e+06  -6.0 2.20e+03 -10.7 1.07e-03 1.28e-01h  1
 269 -1.3348827e-01 3.69e+00 4.34e+06  -6.0 1.46e+03 -10.2 7.09e-02 2.87e-01h  1
iter    objective    inf_pr   inf_du lg(mu)  ||d||  lg(rg) alpha_du alpha_pr  ls
 270 -1.3342459e-01 3.64e+00 4.22e+06  -6.0 3.73e+03 -10.7 1.34e-01 2.69e-02h  3
 271 -1.3354245e-01 3.34e+00 3.58e+06  -6.0 1.63e+03 -10.3 3.24e-01 1.52e-01h  1
 272 -1.3362325e-01 4.97e+00 2.98e+06  -6.0 3.48e+03 -10.8 3.55e-01 1.68e-01h  1
 273 -1.3366785e-01 4.59e+00 2.53e+06  -6.0 1.45e+03 -10.3 1.66e-01 1.50e-01h  1
Error in an AMPL evaluation. Run with "halt_on_ampl_error yes" to see details.
Warning: Cutting back alpha due to evaluation error
 274 -1.3366788e-01 4.59e+00 2.53e+06  -6.0 5.83e+03  -9.9 1.91e-02 1.47e-03h  2
 275 -1.3366779e-01 4.63e+00 2.51e+06  -6.0 1.14e+04 -10.4 2.53e-03 6.33e-03H  1
 276 -1.3365988e-01 4.63e+00 2.50e+06  -6.0 9.61e+03 -10.0 5.37e-03 4.19e-03h  1
Error in an AMPL evaluation. Run with "halt_on_ampl_error yes" to see details.
Warning: Cutting back alpha due to evaluation error
 277 -1.3365886e-01 4.69e+00 2.50e+06  -6.0 3.82e+04 -10.4 2.44e-03 1.85e-03h  2
Error in an AMPL evaluation. Run with "halt_on_ampl_error yes" to see details.
Warning: Cutting back alpha due to evaluation error
 278 -1.3366225e-01 4.71e+00 2.49e+06  -6.0 1.66e+04 -10.0 9.80e-04 2.97e-03h  2
 279 -1.3369772e-01 4.59e+00 2.43e+06  -6.0 1.43e+02  -6.0 1.90e-04 2.51e-02h  1
iter    objective    inf_pr   inf_du lg(mu)  ||d||  lg(rg) alpha_du alpha_pr  ls
 280 -1.3369914e-01 4.20e+00 2.22e+06  -6.0 1.02e+02  -6.4 3.51e-02 8.43e-02h  1
 281 -1.3365804e-01 3.22e+00 1.70e+06  -6.0 1.82e+01  -6.0 1.39e-01 2.34e-01h  1
 282 -1.3354890e-01 2.16e-01 1.14e+05  -6.0 1.05e+01  -5.6 2.93e-01 9.33e-01h  1
 283 -1.3354931e-01 2.07e-01 1.09e+05  -6.0 2.31e+01  -6.1 3.69e-04 4.14e-02h  1
 284 -1.3356306e-01 2.04e-01 1.08e+05  -6.0 1.12e+02  -4.7 3.66e-03 1.45e-02h  1
 285 -1.3356274e-01 2.01e-01 1.06e+05  -6.0 5.61e+01  -5.2 1.41e-01 1.34e-02h  1
 286 -1.3356192e-01 1.52e-01 8.05e+04  -6.0 4.30e+00  -5.7 1.00e+00 2.43e-01f  1
 287 -1.3355394e-01 8.20e-02 4.33e+04  -6.0 2.26e+00  -5.3 7.72e-01 4.61e-01h  1
 288 -1.3354884e-01 8.14e-02 4.30e+04  -6.0 3.20e+02  -4.8 2.83e-03 6.88e-03h  2
 289 -1.3354232e-01 2.25e-04 1.06e+00  -6.0 3.45e-01  -4.4 1.00e+00 1.00e+00h  1
iter    objective    inf_pr   inf_du lg(mu)  ||d||  lg(rg) alpha_du alpha_pr  ls
 290 -1.3354463e-01 3.86e-04 1.00e+00  -6.0 4.99e-01  -4.9 1.00e+00 1.00e+00h  1
 291 -1.3354790e-01 8.17e-04 6.44e+00  -6.0 7.37e-01  -5.4 1.00e+00 6.28e-01h  1
 292 -1.3357156e-01 4.19e-03 4.70e-01  -6.0 2.15e+00  -5.9 1.00e+00 1.00e+00f  1
 293 -1.3361430e-01 1.19e-02 1.10e+00  -6.0 5.82e+00  -6.3 1.00e+00 1.00e+00h  1
 294 -1.3367287e-01 1.39e-02 1.03e+00  -6.0 1.48e+01  -6.8 1.00e+00 1.00e+00h  1
 295 -1.3375588e-01 3.64e-02 5.38e-01  -6.0 3.61e+01  -7.3 1.00e+00 1.00e+00h  1
 296 -1.3386362e-01 8.00e-02 1.15e+00  -6.0 8.67e+01  -7.8 6.81e-01 5.51e-01h  1
 297 -1.3404555e-01 4.22e-01 3.71e+00  -6.0 2.00e+02  -8.2 7.92e-01 5.91e-01h  1
 298 -1.3411642e-01 4.75e-01 2.66e+01  -6.0 5.25e+02  -8.7 7.27e-01 1.16e-01h  1
 299 -1.3412637e-01 4.39e-01 3.96e+02  -6.0 1.53e+02  -9.2 7.13e-01 8.73e-02h  1
iter    objective    inf_pr   inf_du lg(mu)  ||d||  lg(rg) alpha_du alpha_pr  ls
 300 -1.3434011e-01 6.15e-01 1.77e+02  -6.0 4.16e+02  -9.7 1.00e+00 7.45e-01f  1
 301 -1.3471291e-01 6.35e+00 8.11e+02  -6.0 9.25e+02 -10.1 4.26e-01 1.00e+00h  1
 302 -1.3481353e-01 6.16e+00 5.35e+02  -6.0 3.31e+03  -9.7 8.13e-02 3.86e-02h  2
 303 -1.3492801e-01 4.23e+00 1.31e+03  -6.0 3.00e+02  -9.3 6.66e-01 3.18e-01h  1
 304 -1.3510427e-01 3.39e+00 1.34e+03  -6.0 1.15e+03  -9.8 4.97e-01 3.92e-01h  1
 305 -1.3534615e-01 1.01e+01 4.80e+02  -6.0 2.93e+03 -10.2 2.08e-01 2.60e-01h  1
 306 -1.3538560e-01 9.88e+00 5.83e+02  -6.0 1.29e+04    -  2.99e-02 2.30e-02h  1
 307 -1.3542246e-01 9.50e+00 5.29e+03  -6.0 2.09e+03  -9.8 3.87e-01 8.05e-02f  1
 308 -1.3569134e-01 3.09e+01 1.27e+03  -6.0 3.00e+03 -10.3 1.37e-01 4.42e-01h  1
 309 -1.3567572e-01 5.10e+01 1.78e+03  -6.0 9.72e+04    -  7.15e-03 2.05e-02h  1
iter    objective    inf_pr   inf_du lg(mu)  ||d||  lg(rg) alpha_du alpha_pr  ls
 310 -1.3603359e-01 3.50e+01 1.41e+04  -6.0 1.78e+03    -  2.11e-01 5.00e-01h  1
 311 -1.3603796e-01 3.48e+01 2.51e+03  -6.0 1.39e+03 -10.8 1.74e-01 3.83e-03h  1
 312 -1.3619271e-01 3.47e+01 8.36e+06  -6.0 9.11e+04 -11.3 1.59e-05 3.35e-03h  2
 313 -1.3620511e-01 3.46e+01 7.98e+06  -6.0 1.11e+04 -11.7 1.36e-02 4.56e-02h  1
 314 -1.3638717e-01 1.10e+02 3.88e+06  -6.0 5.52e+03    -  4.30e-02 5.14e-01h  1
 315 -1.3647648e-01 8.64e+01 2.79e+06  -6.0 2.75e+03    -  1.64e-01 2.81e-01h  1
 316 -1.3666552e-01 4.00e+01 1.29e+06  -6.0 4.78e+02    -  2.65e-01 5.37e-01h  1
 317 -1.3677104e-01 2.35e+01 7.55e+05  -6.0 3.28e+02    -  6.56e-01 4.16e-01h  1
 318 -1.3697817e-01 6.21e+00 5.65e+02  -6.0 5.87e+02    -  2.57e-01 1.00e+00h  1
 319 -1.3700832e-01 3.59e+01 4.60e+02  -6.0 8.60e+03    -  2.74e-01 1.94e-01h  1
iter    objective    inf_pr   inf_du lg(mu)  ||d||  lg(rg) alpha_du alpha_pr  ls
 320 -1.3700714e-01 3.58e+01 4.58e+02  -6.0 2.17e+04    -  1.51e-04 4.41e-03H  1
 321 -1.3702955e-01 2.81e+01 3.61e+02  -6.0 1.10e+03    -  5.04e-01 2.21e-01h  1
 322 -1.3701470e-01 3.61e-01 2.35e+01  -6.0 1.46e+02  -9.5 3.69e-01 1.00e+00h  1
 323 -1.3701615e-01 8.11e-01 2.08e+01  -6.0 3.40e+02  -8.2 7.74e-01 4.84e-01h  1
 324 -1.3695093e-01 4.60e-01 1.16e+01  -6.0 1.26e+02  -8.6 5.51e-01 1.00e+00h  1
 325 -1.3693605e-01 1.14e+00 5.68e+00  -6.0 3.52e+02  -9.1 4.15e-01 5.02e-01h  1
 326 -1.3691995e-01 5.29e-01 2.42e+01  -6.0 1.78e+02  -9.6 1.00e+00 1.00e+00h  1
 327 -1.3692767e-01 1.07e+00 1.85e+01  -6.0 6.79e+02  -9.2 2.54e-01 2.54e-01h  1
 328 -1.3693529e-01 1.06e+00 3.73e+02  -6.0 3.32e+02  -9.7 1.00e+00 3.13e-01H  1
 329 -1.3695242e-01 1.48e+00 2.87e+02  -6.0 2.31e+02  -9.2 5.63e-01 1.00e+00h  1
iter    objective    inf_pr   inf_du lg(mu)  ||d||  lg(rg) alpha_du alpha_pr  ls
 330 -1.3698397e-01 1.18e+00 2.15e+03  -6.0 5.61e+02  -9.7 9.57e-01 2.92e-01h  1
 331 -1.3704183e-01 1.45e+00 8.06e+02  -6.0 2.51e+02  -9.3 5.52e-01 1.00e+00h  1
 332 -1.3709251e-01 2.78e+00 8.14e+01  -6.0 1.16e+03  -9.8 3.42e-01 2.96e-01h  1
 333 -1.3716697e-01 1.16e+00 1.81e+06  -6.0 2.54e+02  -9.3 5.40e-03 1.00e+00h  1
 334 -1.3719498e-01 3.20e+00 7.52e+01  -6.0 4.22e+02  -9.8 8.00e-01 1.00e+00h  1
 335 -1.3717935e-01 1.33e+00 1.34e+01  -6.0 5.02e+02    -  8.28e-01 8.42e-01h  1
 336 -1.3710207e-01 3.58e-01 2.96e+01  -6.0 1.09e+02    -  2.60e-01 1.00e+00h  1
 337 -1.3710235e-01 2.66e-03 3.49e-02  -6.0 9.87e+00  -9.4 1.00e+00 1.00e+00h  1
 338 -1.3710241e-01 7.49e-03 1.30e+01  -6.0 2.64e+02  -9.9 1.00e+00 1.61e-02h  5
 339 -1.3710310e-01 6.63e-03 2.05e+00  -6.0 8.28e+00    -  1.00e+00 1.25e-01h  4
iter    objective    inf_pr   inf_du lg(mu)  ||d||  lg(rg) alpha_du alpha_pr  ls
 340 -1.3710573e-01 2.92e-03 2.32e-03  -6.0 7.93e+00  -9.4 1.00e+00 1.00e+00H  1
 341 -1.3710638e-01 2.44e-03 1.48e-04  -6.0 3.78e+00  -9.0 1.00e+00 1.00e+00h  1
 342 -1.3710715e-01 3.47e-02 1.23e-03  -6.0 1.67e+01  -9.5 1.00e+00 1.00e+00h  1
 343 -1.3710749e-01 1.31e-01 3.94e-02  -6.0 6.67e+01 -10.0 1.00e+00 1.00e+00H  1
 344 -1.3710745e-01 2.46e-02 1.79e-02  -6.0 3.67e+01    -  1.00e+00 1.00e+00h  1
 345 -1.3710746e-01 5.28e-05 3.02e-05  -6.0 1.73e+00    -  1.00e+00 1.00e+00h  1
 346 -1.3710746e-01 3.07e-08 9.25e-09  -6.0 4.09e-02    -  1.00e+00 1.00e+00h  1
 347 -1.3776475e-01 8.82e+00 3.53e+01  -7.5 3.82e+03    -  1.23e-01 1.97e-01f  1
 348 -1.3798210e-01 9.89e+00 3.51e+01  -7.5 4.01e+03    -  9.52e-02 8.33e-02h  1
 349 -1.3821245e-01 1.03e+01 1.69e+01  -7.5 3.76e+03    -  2.16e-01 1.50e-01h  1
iter    objective    inf_pr   inf_du lg(mu)  ||d||  lg(rg) alpha_du alpha_pr  ls
 350 -1.3841112e-01 1.12e+01 3.35e+01  -7.5 3.58e+03    -  3.57e-01 1.98e-01h  1
 351 -1.3858589e-01 7.41e+00 2.04e+01  -7.5 2.39e+02  -9.5 3.29e-01 3.43e-01h  1
 352 -1.3873220e-01 4.41e+00 6.73e+01  -7.5 1.73e+02  -9.1 7.81e-01 4.06e-01h  1
 353 -1.3898075e-01 1.54e+00 8.61e+00  -7.5 2.27e+02  -9.6 3.12e-01 6.74e-01h  1
 354 -1.3904845e-01 3.64e+00 1.20e+01  -7.5 2.76e+03    -  4.30e-02 1.88e-01h  1
 355 -1.3906565e-01 3.43e+00 1.13e+01  -7.5 2.33e+03    -  3.88e-01 6.10e-02h  1
 356 -1.3917619e-01 6.13e+00 1.03e+01  -7.5 2.26e+03    -  5.52e-02 4.28e-01h  1
 357 -1.3926452e-01 7.57e+00 6.01e+00  -7.5 1.40e+03    -  5.82e-01 6.06e-01h  1
 358 -1.3928237e-01 6.07e+00 1.22e+02  -7.5 1.96e+02 -10.1 1.00e+00 1.98e-01h  1
 359 -1.3934926e-01 7.39e+00 3.27e+01  -7.5 7.86e+02    -  4.71e-01 6.42e-01h  1
iter    objective    inf_pr   inf_du lg(mu)  ||d||  lg(rg) alpha_du alpha_pr  ls
 360 -1.3938304e-01 4.68e+00 4.98e+01  -7.5 4.13e+02 -10.5 1.61e-01 3.69e-01h  1
 361 -1.3941948e-01 2.97e+00 3.71e+01  -7.5 4.31e+02 -11.0 4.96e-01 3.88e-01h  1
 362 -1.3951805e-01 2.94e+00 6.19e+02  -7.5 3.72e+02 -11.5 2.88e-01 1.00e+00h  1
 363 -1.3955065e-01 2.88e+00 2.76e+02  -7.5 6.62e+02 -12.0 4.90e-01 2.88e-01h  1
 364 -1.3956328e-01 2.75e+00 2.14e+02  -7.5 1.76e+03 -12.4 9.32e-02 1.02e-01h  1
 365 -1.3957201e-01 2.61e+00 2.07e+03  -7.5 7.37e+02 -12.0 4.59e-01 6.98e-02h  1
 366 -1.3962398e-01 2.15e+00 3.15e+03  -7.5 5.42e+02 -11.6 1.00e+00 4.10e-01h  1
 367 -1.3967092e-01 1.15e+01 1.65e+03  -7.5 3.34e+03    -  1.61e-01 2.84e-01h  1
 368 -1.3967344e-01 1.32e+01 1.41e+03  -7.5 4.17e+04    -  2.82e-04 1.25e-02h  1
 369 -1.3967369e-01 1.32e+01 1.09e+02  -7.5 2.81e+04    -  2.19e-02 1.04e-03h  2
iter    objective    inf_pr   inf_du lg(mu)  ||d||  lg(rg) alpha_du alpha_pr  ls
 370 -1.3967430e-01 1.32e+01 7.05e+03  -7.5 6.63e+03    -  2.95e-02 2.96e-03h  1
 371 -1.3971268e-01 3.45e+01 7.70e+03  -7.5 1.65e+03    -  8.89e-02 1.00e+00f  1
 372 -1.3971771e-01 3.32e+01 7.42e+03  -7.5 3.80e+03    -  3.21e-01 5.62e-02h  1
 373 -1.3972432e-01 3.09e+01 6.91e+03  -7.5 5.94e+02  -8.5 1.49e-03 6.91e-02h  1
 374 -1.3975526e-01 3.89e+01 3.74e+03  -7.5 2.78e+03    -  5.03e-01 4.57e-01h  1
 375 -1.3979415e-01 6.63e+01 1.13e+03  -7.5 2.98e+03    -  4.60e-02 6.37e-01h  1
 376 -1.3979112e-01 6.11e+01 1.02e+03  -7.5 1.65e+03    -  4.10e-02 8.19e-02h  1
 377 -1.3981928e-01 5.21e+01 3.77e+02  -7.5 1.80e+03    -  4.11e-02 1.00e+00h  1
 378 -1.3982757e-01 5.44e+01 3.71e+02  -7.5 1.85e+04    -  4.80e-02 2.49e-02h  1
 379 -1.3985785e-01 5.36e+01 1.24e+02  -7.5 1.74e+03    -  6.34e-01 1.00e+00h  1
iter    objective    inf_pr   inf_du lg(mu)  ||d||  lg(rg) alpha_du alpha_pr  ls
 380 -1.3985832e-01 5.30e+01 1.23e+02  -7.5 5.80e+03    -  2.17e-02 1.12e-02h  1
 381 -1.3987394e-01 2.17e+01 2.68e+02  -7.5 1.04e+03    -  7.62e-02 1.00e+00h  1
 382 -1.3987481e-01 1.68e+01 2.07e+02  -7.5 4.66e+02    -  8.35e-02 2.29e-01h  1
 383 -1.3988340e-01 2.06e+01 1.97e+02  -7.5 1.01e+04    -  2.20e-01 4.89e-02h  1
 384 -1.3987846e-01 1.59e+00 2.55e+01  -7.5 3.02e+02    -  6.47e-01 1.00e+00h  1
 385 -1.3988488e-01 3.06e+00 1.58e+01  -7.5 5.34e+02    -  1.00e+00 6.72e-01h  1
 386 -1.3988519e-01 4.34e-03 1.77e-01  -7.5 1.46e+01    -  1.00e+00 1.00e+00h  1
 387 -1.3988510e-01 4.29e-04 1.52e-01  -7.5 4.62e+00    -  8.27e-01 1.00e+00h  1
 388 -1.3988511e-01 7.81e-06 1.14e-04  -7.5 6.23e-01    -  1.00e+00 1.00e+00h  1
 389 -1.3988512e-01 2.85e-08 4.09e-07  -7.5 3.76e-02    -  1.00e+00 1.00e+00h  1
iter    objective    inf_pr   inf_du lg(mu)  ||d||  lg(rg) alpha_du alpha_pr  ls
 390 -1.3988512e-01 3.05e-10 9.74e-12  -7.5 1.78e-04    -  1.00e+00 1.00e+00h  1
 391 -1.3988928e-01 1.93e-01 1.91e+00  -9.0 2.25e+02    -  3.70e-01 4.44e-01h  1
 392 -1.3989844e-01 4.67e+01 1.51e+02  -9.0 5.07e+04    -  4.83e-02 3.02e-02h  1
 393 -1.3989998e-01 4.70e+01 1.57e+02  -9.0 4.04e+04    -  2.30e-02 5.39e-03h  1
 394 -1.3991211e-01 5.14e+01 1.72e+02  -9.0 2.53e+03    -  2.11e-02 6.22e-01h  1
 395 -1.3991247e-01 5.10e+01 1.71e+02  -9.0 4.27e+03    -  4.21e-04 7.35e-03h  1
 396 -1.3991801e-01 4.05e+01 8.25e+01  -9.0 1.51e+03    -  1.49e-02 2.73e-01h  1
 397 -1.3991923e-01 3.95e+01 8.03e+01  -9.0 3.04e+03    -  1.57e-02 2.71e-02h  1
 398 -1.3992707e-01 3.26e+01 5.66e+01  -9.0 1.64e+03    -  3.24e-01 2.89e-01h  1
 399 -1.3992965e-01 3.06e+01 5.25e+01  -9.0 1.69e+03    -  4.57e-02 7.18e-02h  1
iter    objective    inf_pr   inf_du lg(mu)  ||d||  lg(rg) alpha_du alpha_pr  ls
 400 -1.3993357e-01 2.82e+01 1.52e+02  -9.0 1.70e+03    -  2.18e-01 9.47e-02h  1
 401 -1.3995125e-01 2.55e+01 5.03e+04  -9.0 1.62e+03    -  5.01e-03 3.95e-01h  1
 402 -1.3995195e-01 2.53e+01 4.98e+04  -9.0 1.72e+03    -  4.28e-01 8.34e-03h  1
 403 -1.3995465e-01 2.44e+01 4.81e+04  -9.0 3.00e+03    -  1.99e-02 3.60e-02h  1
 404 -1.3995569e-01 2.37e+01 4.66e+04  -9.0 5.66e+03    -  5.33e-03 2.94e-02h  1
 405 -1.3995712e-01 2.25e+01 4.42e+04  -9.0 9.35e+02    -  3.21e-02 5.27e-02h  1
 406 -1.3996348e-01 1.76e+01 3.45e+04  -9.0 2.57e+02    -  1.02e-01 2.20e-01h  1
 407 -1.3998160e-01 7.91e+00 1.43e+04  -9.0 2.70e+02    -  8.80e-02 5.85e-01h  1
 408 -1.4002150e-01 1.58e+00 5.67e+02  -9.0 2.56e+02    -  6.52e-01 1.00e+00h  1
 409 -1.4003467e-01 1.25e+00 5.68e+02  -9.0 2.72e+02    -  3.33e-01 1.87e-01h  1
iter    objective    inf_pr   inf_du lg(mu)  ||d||  lg(rg) alpha_du alpha_pr  ls
 410 -1.4005750e-01 1.08e+00 6.99e+03  -9.0 3.21e+02    -  8.57e-01 2.58e-01h  1
 411r-1.4005750e-01 1.08e+00 1.00e+03  -0.2 0.00e+00    -  0.00e+00 5.21e-09R  2
 412r-1.4005788e-01 1.08e+00 6.28e+03  -0.2 4.34e+05    -  8.02e-09 3.51e-09f  1
 413 -1.4005804e-01 1.06e+00 1.61e+04  -9.0 4.09e+01    -  1.10e-06 1.77e-02h  1
 414 -1.4005620e-01 1.05e+00 1.60e+04  -9.0 7.38e+02    -  3.19e-04 8.33e-03h  1
 415 -1.4005599e-01 1.05e+00 1.60e+04  -9.0 1.02e+02    -  1.37e-03 1.55e-03h  1
 416 -1.4005418e-01 1.03e+00 1.57e+04  -9.0 8.61e+01    -  6.16e-03 1.73e-02h  1
 417 -1.4001216e-01 5.54e-01 1.31e+05  -9.0 8.99e+01    -  3.50e-02 4.63e-01h  1
 418 -1.4000397e-01 4.92e-01 1.38e+05  -9.0 1.12e+02    -  1.09e-02 1.13e-01h  1
 419 -1.3998479e-01 3.56e-01 6.82e+04  -9.0 1.12e+02    -  1.46e-04 2.77e-01h  1
iter    objective    inf_pr   inf_du lg(mu)  ||d||  lg(rg) alpha_du alpha_pr  ls
 420 -1.3997469e-01 2.48e-01 5.64e+06  -9.0 7.30e+01    -  1.57e-02 3.03e-01h  1
 421 -1.3996955e-01 1.94e-01 6.33e+06  -9.0 5.82e+01    -  2.27e-01 2.17e-01h  1
 422 -1.3995997e-01 2.03e-02 2.46e+07  -9.0 2.91e+01    -  5.61e-01 1.00e+00h  1
 423 -1.3996038e-01 2.03e-02 2.45e+07  -9.0 3.53e+02    -  1.53e-01 1.61e-03h  1
 424 -1.4003511e-01 8.57e-01 9.93e+07  -9.0 3.59e+02    -  3.14e-02 5.24e-01h  1
 425 -1.4003222e-01 8.32e-01 9.65e+07  -9.0 4.89e+01  -3.5 9.20e-08 2.93e-02h  1
 426 -1.4003228e-01 8.22e-01 9.54e+07  -9.0 1.24e+01  -3.1 5.12e-02 1.17e-02h  1
In iteration 426, 1 Slack too small, adjusting variable bound
 427 -1.4003417e-01 7.61e-01 8.83e+07  -9.0 1.09e+01  -2.7 6.99e-02 7.43e-02f  1
 428 -1.4003439e-01 7.42e-01 8.61e+07  -9.0 1.20e+01  -3.1 5.83e-02 2.49e-02h  1
 429 -1.4003343e-01 7.39e-01 8.57e+07  -9.0 1.03e+02  -3.6 2.68e-08 4.20e-03h  1
iter    objective    inf_pr   inf_du lg(mu)  ||d||  lg(rg) alpha_du alpha_pr  ls
 430 -1.4003344e-01 7.39e-01 8.57e+07  -9.0 1.25e+01  -3.2 2.40e-02 1.34e-04h  1
 431 -1.4003500e-01 6.81e-01 4.79e+10  -9.0 9.76e+00  -2.8 1.61e-09 7.86e-02h  1
 432 -1.4005296e-01 2.85e-01 1.88e+10  -9.0 5.11e+01    -  6.04e-08 6.07e-01f  1
 433 -1.4005188e-01 2.60e-01 1.72e+10  -9.0 4.88e+01    -  4.46e-01 8.75e-02h  1
 434 -1.4005193e-01 1.43e-01 9.13e+09  -9.0 3.09e+01    -  4.63e-01 4.69e-01f  1
 435 -1.4005308e-01 1.07e-01 6.83e+09  -9.0 9.06e+00    -  4.53e-01 2.53e-01h  1
 436 -1.4005407e-01 2.98e-02 1.87e+09  -9.0 6.60e+00    -  4.07e-01 7.26e-01h  1
 437 -1.4005425e-01 1.76e-02 1.10e+09  -9.0 1.77e+00    -  5.51e-01 4.12e-01f  1
 438 -1.4005503e-01 2.38e-05 3.36e+02  -9.0 1.05e+00    -  4.76e-01 1.00e+00h  1
 439 -1.4005663e-01 4.91e-05 1.04e+02  -9.0 1.51e+00    -  6.04e-01 1.00e+00h  1
iter    objective    inf_pr   inf_du lg(mu)  ||d||  lg(rg) alpha_du alpha_pr  ls
 440 -1.4005818e-01 9.55e-05 6.67e+01  -9.0 4.14e+00    -  5.85e-01 4.26e-01h  1
 441 -1.4006584e-01 2.63e-03 4.68e+01  -9.0 1.10e+01    -  1.37e-01 1.00e+00f  1
 442 -1.4007161e-01 3.24e-03 1.07e+01  -9.0 1.41e+01    -  7.58e-01 7.87e-01h  1
 443 -1.4008439e-01 2.52e-02 3.12e+00  -9.0 6.09e+01    -  2.24e-01 5.44e-01f  1
 444 -1.4009257e-01 3.26e-02 1.51e+00  -9.0 6.07e+01    -  7.08e-01 5.00e-01h  1
 445 -1.4011291e-01 1.76e-01 1.28e+00  -9.0 1.15e+02    -  4.07e-01 7.63e-01h  1
 446 -1.4011451e-01 9.92e-02 4.20e-01  -9.0 6.48e+01    -  6.86e-01 6.75e-01h  1
 447 -1.4011484e-01 5.17e-02 4.38e-02  -9.0 4.85e+01    -  8.71e-01 1.00e+00f  1
 448 -1.4011437e-01 3.17e-03 1.59e-02  -9.0 2.89e+01    -  8.40e-01 9.89e-01H  1
 449 -1.4011431e-01 2.03e-03 8.35e-03  -9.0 1.09e+02    -  8.13e-01 1.00e+00H  1
iter    objective    inf_pr   inf_du lg(mu)  ||d||  lg(rg) alpha_du alpha_pr  ls
 450 -1.4011445e-01 9.22e-03 2.43e-05  -9.0 2.19e+01    -  9.96e-01 1.00e+00h  1
 451 -1.4011445e-01 5.83e-05 4.59e-07  -9.0 1.75e+00    -  1.00e+00 1.00e+00h  1
 452 -1.4011445e-01 2.03e-08 2.05e-09  -9.0 1.97e-02    -  1.00e+00 1.00e+00h  1

Number of Iterations....: 452

                                   (scaled)                 (unscaled)
Objective...............:  -1.4011444553765487e-01   -1.4011444553765487e-01
Dual infeasibility......:   2.0539096003938280e-09    2.0539096003938280e-09
Constraint violation....:   4.5522740514485526e-09    2.0308029216598023e-08
Complementarity.........:   9.1380043863351188e-10    9.1380043863351188e-10
Overall NLP error.......:   4.5522740514485526e-09    2.0308029216598023e-08


Number of objective function evaluations             = 770
Number of objective gradient evaluations             = 453
Number of equality constraint evaluations            = 776
Number of inequality constraint evaluations          = 771
Number of equality constraint Jacobian evaluations   = 463
Number of inequality constraint Jacobian evaluations = 463
Number of Lagrangian Hessian evaluations             = 452
Total CPU secs in IPOPT (w/o function evaluations)   =    303.234
Total CPU secs in NLP function evaluations           =      7.842

EXIT: Optimal Solution Found.
