
List of user-set options:

                                    Name   Value                used
                           compl_inf_tol = 1                     yes
                         constr_viol_tol = 1                     yes
                            dual_inf_tol = 1000                  yes
                           linear_solver = ma97                  yes
                              ma86_small = 1e-30                  no
                                  ma86_u = 0.0001                 no
                              ma97_order = best                  yes
                              ma97_small = 1e-30                 yes
                            ma97_switch1 = at_start              yes
                            ma97_switch2 = od_hd_reuse           yes
                                  ma97_u = 1e-06                 yes
                               ma97_umax = 0.5                   yes
                                max_iter = 1000                  yes
                    max_refinement_steps = 20                    yes
                    min_refinement_steps = 5                     yes
                                 mu_init = 1e-06                 yes
           mu_superlinear_decrease_power = 1.25                  yes
                   nlp_scaling_min_value = 1e-08                 yes
                        option_file_name = Preset_Case_138_pf.opt  yes
                             output_file = ./tmp/Preset_Case_138_pf.output  yes
                      print_user_options = yes                   yes
        required_infeasibility_reduction = 1                      no
                                     tol = 1e-08                 yes
                   warm_start_bound_frac = 1e-20                 yes
                   warm_start_bound_push = 1e-20                 yes
                   warm_start_init_point = yes                   yes
              warm_start_mult_bound_push = 1e-20                 yes
                warm_start_mult_init_max = 1e+40                 yes
             warm_start_slack_bound_frac = 1e-20                 yes
             warm_start_slack_bound_push = 1e-20                 yes

******************************************************************************
This program contains Ipopt, a library for large-scale nonlinear optimization.
 Ipopt is released as open source code under the Eclipse Public License (EPL).
         For more information visit http://projects.coin-or.org/Ipopt
******************************************************************************

This is Ipopt version 3.12.10, running with linear solver ma97.

Number of nonzeros in equality constraint Jacobian...:   117285
Number of nonzeros in inequality constraint Jacobian.:      213
Number of nonzeros in Lagrangian Hessian.............:    47506

Total number of variables............................:    30050
                     variables with only lower bounds:    11392
                variables with lower and upper bounds:    15128
                     variables with only upper bounds:        0
Total number of equality constraints.................:    29944
Total number of inequality constraints...............:       25
        inequality constraints with only lower bounds:        4
   inequality constraints with lower and upper bounds:        0
        inequality constraints with only upper bounds:       21

iter    objective    inf_pr   inf_du lg(mu)  ||d||  lg(rg) alpha_du alpha_pr  ls
   0 -1.2669440e+01 1.79e-01 1.01e+02  -6.0 0.00e+00    -  0.00e+00 0.00e+00   0
In iteration 0, 2 Slacks too small, adjusting variable bounds
   1 -1.2669440e+01 1.79e-01 5.80e+02  -6.0 1.35e+10    -  5.80e-14 6.21e-19h  1
   2 -1.2662266e+01 1.78e-01 7.96e+02  -6.0 4.85e+02    -  4.88e-06 2.95e-03h  1
   3 -1.2662302e+01 1.78e-01 7.81e+02  -6.0 5.93e+00    -  7.87e-02 2.46e-04f  1
   4 -1.2662169e+01 1.78e-01 7.75e+02  -6.0 1.82e+02    -  1.98e-02 9.86e-04h  1
   5 -1.2645298e+01 1.77e-01 7.68e+02  -6.0 3.47e+02    -  7.90e-03 9.76e-03h  1
   6 -1.2624176e+01 1.74e-01 7.57e+02  -6.0 3.54e+02    -  2.28e-02 1.21e-02h  2
   7 -1.2581400e+01 1.71e-01 7.42e+02  -6.0 3.36e+02    -  1.63e-02 2.08e-02h  1
   8r-1.2581400e+01 1.71e-01 9.99e+02  -0.8 0.00e+00    -  0.00e+00 3.17e-07R  5
   9r-1.2580589e+01 1.71e-01 1.66e+03  -0.8 1.55e+03    -  9.10e-06 1.80e-06f  1
iter    objective    inf_pr   inf_du lg(mu)  ||d||  lg(rg) alpha_du alpha_pr  ls
  10r-1.2573311e+01 1.66e-01 9.99e+02  -0.8 1.09e+03    -  1.16e-05 3.80e-05f  1
  11 -1.2546166e+01 1.64e-01 1.23e+06  -6.0 3.36e+02    -  3.73e-02 1.51e-02h  3
  12 -1.2526639e+01 1.62e-01 6.50e+05  -6.0 3.27e+02    -  1.51e-02 1.09e-02h  4
  13 -1.2506745e+01 1.60e-01 6.43e+05  -6.0 3.22e+02    -  4.01e-02 1.13e-02h  4
  14 -1.2486436e+01 1.58e-01 6.35e+05  -6.0 3.17e+02    -  1.05e-01 1.18e-02h  4
  15 -1.2465339e+01 1.56e-01 6.27e+05  -6.0 3.10e+02    -  7.63e-02 1.25e-02h  4
  16 -1.2443753e+01 1.54e-01 6.19e+05  -6.0 3.03e+02    -  1.39e-01 1.30e-02h  4
  17 -1.2420878e+01 1.52e-01 6.10e+05  -6.0 2.95e+02    -  1.30e-01 1.41e-02h  4
  18 -1.2396538e+01 1.50e-01 6.01e+05  -6.0 2.88e+02    -  1.94e-01 1.53e-02h  4
  19 -1.2368372e+01 1.47e-01 5.90e+05  -6.0 2.84e+02    -  1.80e-01 1.81e-02h  4
iter    objective    inf_pr   inf_du lg(mu)  ||d||  lg(rg) alpha_du alpha_pr  ls
  20 -1.2335685e+01 1.44e-01 5.77e+05  -6.0 2.85e+02    -  2.53e-01 2.16e-02h  4
  21 -1.1998418e+01 1.30e-01 4.43e+05  -6.0 3.00e+02    -  2.50e-01 2.32e-01w  1
  22 -1.1988270e+01 1.29e-01 4.38e+05  -6.0 2.05e+02    -  3.48e-01 1.29e-02w  1
  23 -1.1935056e+01 1.21e-01 3.97e+05  -6.0 2.54e+02    -  1.27e-01 9.24e-02w  1
  24 -1.2293527e+01 1.40e-01 5.61e+05  -6.0 9.78e+01  -2.0 2.50e-01 2.90e-02h  3
  25 -1.2270060e+01 1.37e-01 5.51e+05  -6.0 3.22e+02    -  3.53e-01 1.74e-02h  4
  26 -1.2249069e+01 1.35e-01 5.41e+05  -6.0 3.85e+02    -  3.18e-01 1.81e-02h  3
  27 -1.2241679e+01 1.34e-01 5.36e+05  -6.0 4.46e+02    -  4.67e-01 8.77e-03h  3
  28 -1.2241070e+01 1.32e-01 5.31e+05  -6.0 5.78e+02    -  3.05e-01 8.82e-03h  2
  29 -1.2239536e+01 1.32e-01 5.30e+05  -6.0 5.71e+02    -  1.89e-01 2.90e-03h  4
iter    objective    inf_pr   inf_du lg(mu)  ||d||  lg(rg) alpha_du alpha_pr  ls
  30 -1.2238868e+01 1.32e-01 5.29e+05  -6.0 6.21e+02    -  1.45e-01 1.18e-03h  7
  31 -1.2236043e+01 1.32e-01 5.29e+05  -6.0 1.24e+02  -2.5 1.36e-02 8.68e-04h  5
  32 -1.2225940e+01 1.31e-01 5.27e+05  -6.0 1.15e+02  -3.0 7.65e-02 2.70e-03h  5
  33 -1.2222664e+01 1.31e-01 5.27e+05  -6.0 1.18e+02  -3.4 6.04e-02 8.61e-04h  8
  34 -1.1420274e+01 3.26e+01 3.98e+05  -6.0 1.27e+02  -3.9 1.34e-01 2.44e-01w  1
  35 -1.1409950e+01 3.24e+01 3.96e+05  -6.0 2.33e+02  -4.4 8.53e-02 4.90e-03w  1
  36 -1.1238595e+01 3.07e+01 3.74e+05  -6.0 7.38e+01  -3.1 7.21e-04 5.55e-02w  1
  37 -1.2221097e+01 1.31e-01 5.27e+05  -6.0 1.09e+03  -3.5 1.34e-01 4.77e-04h  9
  38 -1.2219736e+01 1.31e-01 5.26e+05  -6.0 1.31e+02  -4.0 1.74e-01 4.43e-04h  8
  39 -1.2219332e+01 1.31e-01 5.26e+05  -6.0 1.89e+02  -4.5 1.01e-01 2.27e-04h  7
iter    objective    inf_pr   inf_du lg(mu)  ||d||  lg(rg) alpha_du alpha_pr  ls
  40 -1.2218988e+01 1.31e-01 5.26e+05  -6.0 3.10e+02  -5.0 2.19e-01 1.31e-03h  4
  41 -1.2219864e+01 1.31e-01 5.25e+05  -6.0 7.44e+02  -5.4 2.40e-01 6.08e-04h  5
  42 -1.2219697e+01 1.31e-01 5.25e+05  -6.0 2.58e+02  -4.1 2.36e-02 5.49e-05h 11
  43 -1.2218302e+01 1.31e-01 5.25e+05  -6.0 1.19e+02  -3.7 1.56e-01 4.14e-04h 10
  44 -1.2218186e+01 1.31e-01 5.25e+05  -6.0 3.13e+02  -4.2 2.28e-02 3.86e-05h 11
  45 -1.2216804e+01 1.31e-01 5.25e+05  -6.0 1.20e+02  -3.7 2.75e-01 4.01e-04h 10
  46 -1.2216638e+01 1.31e-01 5.25e+05  -6.0 2.75e+02  -4.2 2.44e-02 4.99e-05h 11
  47 -1.1455514e+01 3.05e+01 4.13e+05  -6.0 1.21e+02  -3.8 3.29e-01 2.12e-01w  1
  48 -1.1455382e+01 3.05e+01 4.13e+05  -6.0 9.16e+01  -3.4 7.67e-02 4.96e-05w  1
  49 -1.1217144e+01 3.08e+01 3.74e+05  -6.0 1.21e+02  -3.8 4.15e-01 9.44e-02w  1
iter    objective    inf_pr   inf_du lg(mu)  ||d||  lg(rg) alpha_du alpha_pr  ls
  50 -1.2215152e+01 1.31e-01 5.25e+05  -6.0 7.59e+01  -3.4 3.29e-01 4.14e-04h  9
  51 -1.2213538e+01 1.31e-01 5.24e+05  -6.0 1.22e+02  -3.9 6.12e-02 4.31e-04h 10
  52 -1.2213291e+01 1.31e-01 5.24e+05  -6.0 2.08e+02  -4.4 2.48e-01 6.98e-05h 11
  53 -1.2208174e+01 1.30e-01 5.24e+05  -6.0 1.31e+02  -3.9 9.55e-02 1.35e-03h  9
  54 -1.2193610e+01 1.30e-01 5.21e+05  -6.0 1.49e+02  -4.4 2.89e-01 4.15e-03h  6
  55 -1.2188558e+01 1.30e-01 5.21e+05  -6.0 1.34e+02  -4.0 9.74e-02 1.36e-03h  9
  56 -1.2178331e+01 1.29e-01 5.19e+05  -6.0 1.67e+02  -4.5 3.21e-01 2.99e-03h  6
  57 -1.2175229e+01 1.29e-01 5.19e+05  -6.0 1.36e+02  -4.0 9.53e-02 8.44e-04h  9
  58 -1.2174582e+01 1.29e-01 5.19e+05  -6.0 3.06e+02  -4.5 9.55e-02 1.93e-04h  9
  59 -1.2173398e+01 1.29e-01 5.18e+05  -6.0 1.29e+02  -4.1 1.33e-01 3.23e-04h 10
iter    objective    inf_pr   inf_du lg(mu)  ||d||  lg(rg) alpha_du alpha_pr  ls
  60 -1.1214808e+01 3.31e+01 3.79e+05  -6.0 1.31e+02  -3.7 4.90e-01 2.69e-01w  1
  61 -1.1214807e+01 3.31e+01 3.79e+05  -6.0 1.31e+02  -3.2 3.56e-01 2.83e-07w  1
  62 -1.0999675e+01 3.51e+01 3.47e+05  -6.0 1.94e+02  -3.7 3.48e-01 8.50e-02w  1
  63 -1.2171526e+01 1.29e-01 5.18e+05  -6.0 8.62e+01  -2.4 4.90e-01 5.26e-04h  9
  64 -1.2169686e+01 1.29e-01 5.18e+05  -6.0 1.31e+02  -2.9 7.89e-02 5.80e-04h  9
  65 -1.2167539e+01 1.29e-01 5.18e+05  -6.0 1.33e+02  -3.3 5.26e-01 6.10e-04h 10
  66 -1.2162599e+01 1.29e-01 5.17e+05  -6.0 1.55e+02  -3.8 1.22e-01 1.25e-03h  7
  67 -1.2161928e+01 1.29e-01 5.17e+05  -6.0 3.26e+02  -4.3 4.43e-02 1.57e-04h  9
  68 -1.2151861e+01 1.28e-01 5.16e+05  -6.0 1.58e+02  -3.9 6.96e-01 2.46e-03h  7
  69 -1.2146209e+01 1.28e-01 5.15e+05  -6.0 1.44e+02  -3.4 1.04e-01 1.52e-03h  9
iter    objective    inf_pr   inf_du lg(mu)  ||d||  lg(rg) alpha_du alpha_pr  ls
  70 -1.2136352e+01 1.28e-01 5.14e+05  -6.0 1.83e+02  -3.9 2.92e-01 2.27e-03h  7
  71 -1.2131004e+01 1.28e-01 5.13e+05  -6.0 1.47e+02  -3.5 1.39e-01 1.40e-03h  9
  72 -1.2128181e+01 1.28e-01 5.13e+05  -6.0 2.18e+02  -4.0 1.91e-01 6.22e-04h  9
  73 -1.0573268e+01 2.31e+01 3.09e+05  -6.0 1.51e+02  -3.6 2.34e-01 3.97e-01w  1
  74 -1.0346430e+01 2.20e+01 2.70e+05  -6.0 7.16e+01  -2.2 1.13e-01 1.25e-01w  1
  75 -1.0122286e+01 1.97e+01 2.41e+05  -6.0 4.94e+01  -1.8 1.11e-02 1.08e-01w  1
  76 -1.2122107e+01 1.28e-01 5.12e+05  -6.0 5.84e+01  -2.3 2.34e-01 1.55e-03h  8
  77 -1.2119652e+01 1.27e-01 5.11e+05  -6.0 1.33e+02  -2.8 3.76e-01 7.72e-04h  9
  78 -1.2118431e+01 1.27e-01 5.11e+05  -6.0 1.60e+02  -3.2 7.44e-02 4.25e-04h  6
  79 -1.2118353e+01 1.27e-01 5.11e+05  -6.0 2.70e+02  -3.7 3.22e-01 6.89e-05h  7
iter    objective    inf_pr   inf_du lg(mu)  ||d||  lg(rg) alpha_du alpha_pr  ls
  80 -1.2117181e+01 1.27e-01 5.11e+05  -6.0 1.63e+02  -3.3 8.06e-02 4.13e-04h  6
  81 -1.2116741e+01 1.27e-01 5.11e+05  -6.0 2.21e+02  -3.8 7.68e-01 1.96e-04h  6
  82 -1.2024790e+01 4.73e+00 5.00e+05  -6.0 4.96e+02  -4.2 2.16e-02 2.16e-02s 17
  83 -1.1647027e+01 4.40e+00 4.64e+05  -6.0 3.91e+02  -4.7 7.21e-02 7.21e-02s 17
  84 -1.1641978e+01 4.39e+00 4.63e+05  -6.0 1.51e+02  -3.4 1.81e-03 1.81e-03s 17
  85r-1.1641978e+01 4.39e+00 1.00e+03   0.3 0.00e+00  -3.9 0.00e+00 0.00e+00R  1
  86r-1.1650599e+01 4.38e+00 8.17e+03   0.3 1.08e+04    -  7.97e-06 1.55e-06f  1
  87r-1.1730157e+01 4.30e+00 7.87e+03   0.3 5.54e+03    -  1.02e-05 1.72e-05f  1
  88r-1.1863990e+01 4.14e+00 7.93e+03   0.3 4.09e+03    -  4.12e-05 3.88e-05f  1
  89r-1.2186472e+01 3.84e+00 9.49e+03   0.3 3.63e+03    -  1.73e-04 7.52e-05f  1
iter    objective    inf_pr   inf_du lg(mu)  ||d||  lg(rg) alpha_du alpha_pr  ls
  90r-1.1944731e+01 2.79e+00 7.84e+03   0.3 2.79e+03    -  1.61e-04 3.45e-04f  1
  91r-1.1770427e+01 2.76e+00 8.08e+03   0.3 8.15e+01   2.0 1.13e-03 1.09e-03f  1
  92r-1.0191032e+01 2.42e+00 3.79e+03   0.3 2.93e+01   1.5 3.10e-03 4.82e-03f  1
  93r-1.0120085e+01 2.41e+00 6.18e+03   0.3 1.45e+00   2.9 3.87e-03 1.81e-03f  1
  94r-8.5634006e+00 3.33e+00 2.00e+04   0.3 4.19e+00   2.4 3.26e-02 1.87e-02f  1
  95r-6.2669414e+00 4.23e+00 4.35e+04   0.3 1.24e+01   1.9 1.14e-01 2.31e-02f  1
  96r-3.6601757e+00 4.25e+00 4.33e+04   0.3 7.88e+02    -  1.35e-03 9.66e-04f  1
  97r-3.3601403e+00 4.41e+00 4.67e+04   0.3 2.58e+01   1.4 3.64e-02 5.86e-03f  1
  98r-3.2570621e+00 4.84e+00 4.63e+04   0.3 6.73e+02    -  2.28e-02 1.74e-02f  1
  99r-2.8641788e+00 5.90e+00 4.70e+04   0.3 6.45e+02    -  8.96e-02 4.50e-02f  1
iter    objective    inf_pr   inf_du lg(mu)  ||d||  lg(rg) alpha_du alpha_pr  ls
 100r-8.4842398e-01 9.52e+00 4.43e+04   0.3 5.78e+02    -  8.34e-02 1.45e-01f  1
 101r 2.4087632e-01 1.15e+01 3.20e+04   0.3 4.41e+02    -  1.72e-01 1.12e-01f  1
 102r 1.5435671e+00 1.35e+01 2.20e+04   0.3 3.07e+02    -  2.00e-01 1.35e-01f  1
 103r 3.8716730e+00 1.59e+01 1.71e+04   0.3 2.52e+02    -  2.63e-01 2.10e-01f  1
 104r 4.2482530e+00 1.68e+01 1.60e+04   0.3 2.37e+02    -  6.86e-02 1.13e-01f  1
 105r 8.0784949e+00 1.89e+01 2.98e+04   0.3 1.66e+02    -  8.57e-02 3.17e-01f  1
 106r 8.1508266e+00 2.18e+01 8.81e+03   0.3 2.41e-01   1.8 5.96e-01 5.02e-01f  1
 107r 8.4741093e+00 1.88e+01 1.15e+04  -0.4 1.50e+02    -  4.53e-01 1.62e-01f  1
 108r 1.0967232e+01 1.38e+01 1.49e+04  -0.4 1.76e+02    -  2.96e-01 3.36e-01f  1
 109r 1.1890640e+01 7.40e+00 1.03e+04  -0.4 2.70e-01   1.4 5.58e-01 7.56e-01f  1
iter    objective    inf_pr   inf_du lg(mu)  ||d||  lg(rg) alpha_du alpha_pr  ls
 110r 1.3565574e+01 4.83e+00 2.47e+04  -0.4 4.47e-01   0.9 4.62e-01 1.00e+00f  1
 111r 1.5756215e+01 4.76e+00 2.10e+03  -0.4 8.09e-01   0.4 9.71e-01 9.39e-01f  1
 112r 1.7741159e+01 4.69e+00 2.70e+03  -0.4 1.59e+00  -0.1 4.40e-01 6.40e-01f  1
 113r 1.7853643e+01 4.69e+00 2.67e+03  -0.4 5.80e+02    -  1.78e-02 1.24e-02f  1
 114r 1.8285671e+01 4.68e+00 2.73e+03  -0.4 9.85e+01    -  1.74e-01 1.00e-01f  1
 115r 1.8548404e+01 4.66e+00 3.73e+03  -0.4 5.70e+01    -  3.00e-01 1.98e-01f  1
 116r 1.9167233e+01 4.64e+00 7.81e+03  -0.4 3.52e+01    -  5.82e-01 2.53e-01f  1
 117r 2.0493881e+01 4.59e+00 8.01e+03  -0.4 2.25e+01    -  1.00e+00 7.78e-01f  1
 118r 2.0850892e+01 4.58e+00 5.46e+03  -0.4 9.61e+00    -  1.00e+00 9.01e-01h  1
 119r 2.0887192e+01 4.58e+00 1.20e+03  -0.4 6.94e-01    -  1.00e+00 1.00e+00f  1
iter    objective    inf_pr   inf_du lg(mu)  ||d||  lg(rg) alpha_du alpha_pr  ls
 120r 2.0887440e+01 4.58e+00 1.46e+04  -0.4 9.46e+00  -0.5 1.26e-02 8.72e-03h  1
 121r 2.0894707e+01 4.58e+00 9.23e+05  -0.4 1.27e+01    -  1.00e+00 1.00e+00F  1
 122r 2.0890002e+01 4.58e+00 3.39e+05  -0.4 7.80e+00    -  8.67e-01 1.00e+00f  1
 123r 2.0890348e+01 4.58e+00 8.79e+04  -0.4 8.17e-02   0.8 1.00e+00 1.00e+00h  1
 124r 2.0891830e+01 4.58e+00 1.02e+04  -0.4 1.67e+00    -  1.00e+00 1.00e+00h  1
 125r 2.0892311e+01 4.58e+00 1.81e+00  -0.4 1.14e-01    -  1.00e+00 1.00e+00h  1
 126r 1.9948665e+01 7.28e+00 5.83e+04  -3.2 2.47e+02    -  3.12e-01 1.10e-01f  1
 127r 2.0698636e+01 4.58e+00 8.32e+04  -3.2 8.63e-01   0.3 4.31e-02 3.61e-01f  1
 128r 2.0799268e+01 2.74e+00 1.80e+04  -3.2 6.40e-01   0.7 2.61e-01 1.61e-01f  1
 129r 2.0901656e+01 7.34e+00 1.70e+04  -3.2 3.14e-01   1.2 1.67e-01 3.16e-01f  1
iter    objective    inf_pr   inf_du lg(mu)  ||d||  lg(rg) alpha_du alpha_pr  ls
 130r 2.1008407e+01 5.88e+00 7.90e+03  -3.2 6.56e-01   0.7 4.45e-01 3.31e-01f  1
 131r 2.1008412e+01 5.88e+00 2.59e+04  -3.2 3.54e-01   2.0 1.27e-01 4.84e-05f  1
 132r 2.1020245e+01 5.35e+00 1.31e+05  -3.2 3.69e-01   1.5 1.43e-01 9.33e-02f  1
 133r 2.1046553e+01 3.55e+00 6.95e+05  -3.2 4.19e-01   1.1 4.56e-02 3.40e-01f  1
 134r 2.0993555e+01 3.03e+00 6.87e+05  -3.2 7.86e-01   0.6 1.98e-02 1.46e-01f  1
 135r 2.0996915e+01 2.71e+00 6.13e+05  -3.2 3.03e-01   1.0 3.80e-01 9.01e-02f  1
 136r 2.0997433e+01 2.69e+00 6.08e+05  -3.2 6.70e-01   0.5 1.29e-01 6.18e-03f  1
 137r 2.1020446e+01 1.89e+00 4.17e+05  -3.2 3.17e-01   1.0 1.65e-01 2.70e-01f  1
 138r 2.1025501e+01 1.73e+00 3.80e+05  -3.2 6.52e-01   0.5 1.62e-01 8.90e-02f  1
 139r 2.1021526e+01 2.04e+00 3.46e+05  -3.2 1.61e+00   0.0 1.30e-01 8.42e-02f  1
iter    objective    inf_pr   inf_du lg(mu)  ||d||  lg(rg) alpha_du alpha_pr  ls
 140r 2.1021458e+01 1.97e+00 3.31e+05  -3.2 5.96e-01   0.4 1.80e-01 4.43e-02f  1
 141r 2.1033236e+01 1.42e+00 1.93e+05  -3.2 2.72e-01   0.9 4.59e-01 4.09e-01f  1
 142r 2.1031764e+01 1.49e+00 1.69e+05  -3.2 7.33e-01   0.4 1.35e-01 1.29e-01f  1
 143r 2.1041149e+01 1.35e+00 1.32e+05  -3.2 2.88e-01   0.8 2.23e-01 2.22e-01f  1
 144r 2.1041323e+01 3.17e+00 1.20e+05  -3.2 8.68e-01   0.3 1.46e-01 8.98e-02f  1
 145r 2.1037839e+01 3.06e+00 1.16e+05  -3.2 9.23e+00  -0.1 1.78e-02 3.27e-02f  1
 146r 2.1073798e+01 2.96e+00 1.13e+05  -3.2 1.67e+00   0.3 3.49e-02 3.24e-02f  1
 147r 2.1076969e+01 2.54e+00 9.70e+04  -3.2 4.79e-02   1.6 1.94e-01 1.39e-01f  1
 148r 2.1077461e+01 2.48e+00 9.47e+04  -3.2 1.31e-01   1.1 1.64e-01 2.36e-02f  1
 149r 2.1085106e+01 1.80e+00 6.90e+04  -3.2 5.09e-02   1.6 1.59e-01 2.74e-01f  1
iter    objective    inf_pr   inf_du lg(mu)  ||d||  lg(rg) alpha_du alpha_pr  ls
 150r 2.1087064e+01 1.62e+00 6.23e+04  -3.2 1.47e-01   1.1 2.24e-01 9.80e-02f  1
 151r 2.1081270e+01 1.37e+00 5.28e+04  -3.2 4.33e-01   0.6 1.56e-01 1.56e-01f  1
 152r 2.1065896e+01 1.29e+00 4.99e+04  -3.2 1.44e+00   0.1 8.02e-02 5.48e-02f  1
 153r 2.1060790e+01 1.21e+00 4.67e+04  -3.2 4.59e-01   0.6 1.68e-01 6.55e-02f  1
 154r 2.1048155e+01 1.16e+00 4.49e+04  -3.2 1.97e+00   0.1 7.18e-02 3.88e-02f  1
 155r 2.1022933e+01 8.84e-01 3.46e+04  -3.2 4.93e-01   0.5 1.85e-01 2.37e-01f  1
 156r 2.1015799e+01 8.67e-01 3.40e+04  -3.2 2.09e+00   0.0 3.34e-02 1.84e-02f  1
 157r 2.1006685e+01 8.15e-01 3.19e+04  -3.2 5.44e-01   0.4 1.40e-01 6.04e-02f  1
 158  2.1003431e+01 8.15e-01 1.01e+02  -6.0 2.96e+03    -  1.68e-04 1.99e-04h  1
 159  2.0985858e+01 8.14e-01 7.98e+02  -6.0 2.92e+03    -  1.95e-03 1.06e-03f  2
iter    objective    inf_pr   inf_du lg(mu)  ||d||  lg(rg) alpha_du alpha_pr  ls
 160  2.0979811e+01 8.14e-01 3.40e+03  -6.0 2.77e+03    -  2.64e-03 3.51e-04h  1
 161  2.0964455e+01 8.13e-01 5.79e+03  -6.0 2.68e+03    -  2.82e-03 9.47e-04f  2
 162  2.0945462e+01 8.12e-01 9.57e+03  -6.0 2.64e+03    -  4.20e-03 1.17e-03f  2
 163  2.0933656e+01 8.12e-01 1.88e+04  -6.0 2.61e+03    -  8.36e-03 7.29e-04h  1
 164  2.0925964e+01 8.12e-01 3.37e+04  -6.0 2.59e+03    -  1.39e-02 4.72e-04h  5
 165  2.0919721e+01 8.11e-01 5.06e+04  -6.0 2.63e+03    -  1.65e-02 3.81e-04h  6
 166  2.0917456e+01 8.11e-01 6.52e+04  -6.0 2.69e+03    -  1.47e-02 1.37e-04h  8
 167  2.0914531e+01 8.11e-01 8.95e+04  -6.0 2.76e+03    -  2.51e-02 1.76e-04h  8
 168  2.0912373e+01 8.11e-01 1.04e+05  -6.0 2.89e+03    -  1.51e-02 1.29e-04h  9
 169  2.0363457e+01 2.26e+00 2.92e+05  -6.0 2.97e+03    -  1.67e-02 3.26e-02f  1
iter    objective    inf_pr   inf_du lg(mu)  ||d||  lg(rg) alpha_du alpha_pr  ls
 170  2.0319887e+01 2.27e+00 2.95e+05  -6.0 2.99e+03    -  2.93e-05 2.72e-03h  1
 171  2.0276253e+01 2.28e+00 2.98e+05  -6.0 3.05e+03    -  3.92e-02 2.86e-03h  1
 172  2.0231819e+01 2.30e+00 3.02e+05  -6.0 3.54e+03    -  5.02e-02 3.34e-03h  1
 173  1.9503885e+01 9.23e+00 1.43e+06  -6.0 4.04e+03    -  6.34e-02 5.69e-02f  1
 174  1.9328397e+01 9.33e+00 1.56e+06  -6.0 5.90e+03    -  7.07e-02 1.96e-02h  1
 175  1.9179150e+01 9.30e+00 1.88e+06  -6.0 6.88e+03    -  3.26e-02 3.25e-02h  1
 176  1.9181820e+01 9.29e+00 1.88e+06  -6.0 7.41e+03    -  6.69e-02 1.39e-03h  1
 177  1.9200401e+01 9.28e+00 1.88e+06  -6.0 7.75e+03    -  1.12e-02 1.07e-03h  1
 178  1.9292246e+01 9.24e+00 1.87e+06  -6.0 7.86e+03    -  7.91e-03 4.67e-03h  4
 179  1.9314438e+01 9.23e+00 1.87e+06  -6.0 7.90e+03    -  1.22e-02 9.05e-04h  6
iter    objective    inf_pr   inf_du lg(mu)  ||d||  lg(rg) alpha_du alpha_pr  ls
 180  1.9327267e+01 9.23e+00 1.87e+06  -6.0 7.94e+03    -  1.77e-02 4.05e-04h  7
 181  1.9327851e+01 9.23e+00 1.87e+06  -6.0 7.95e+03    -  3.57e-02 1.24e-05h 12
 182r 1.9327851e+01 9.23e+00 1.00e+03   0.6 0.00e+00    -  0.00e+00 2.51e-07R 18
 183r 1.9327551e+01 9.22e+00 1.02e+03   0.6 1.01e+04    -  5.36e-06 5.22e-07f  1
 184  1.9327548e+01 9.22e+00 2.44e+04  -6.0 4.13e+03    -  1.54e-02 3.61e-07h  2
 185  1.9288220e+01 9.19e+00 2.35e+05  -6.0 4.92e+03    -  4.05e-02 4.48e-03h  1
 186  1.9240882e+01 9.14e+00 6.20e+05  -6.0 6.13e+03    -  5.08e-02 6.86e-03h  2
 187  1.9152251e+01 9.02e+00 5.95e+05  -6.0 6.83e+03    -  1.76e-02 1.92e-02h  1
 188  1.9139830e+01 8.94e+00 7.46e+05  -6.0 7.28e+03    -  3.11e-02 9.67e-03h  1
 189  1.9146790e+01 8.91e+00 1.02e+06  -6.0 7.54e+03    -  4.70e-02 2.72e-03h  1
iter    objective    inf_pr   inf_du lg(mu)  ||d||  lg(rg) alpha_du alpha_pr  ls
 190  1.9152084e+01 8.91e+00 1.14e+06  -6.0 7.62e+03    -  7.03e-03 3.70e-04h  1
 191  1.9152095e+01 8.91e+00 1.14e+06  -6.0 7.67e+03    -  1.19e-08 5.90e-07h 16
 192r 1.9152095e+01 8.91e+00 1.00e+03   0.6 0.00e+00    -  0.00e+00 2.95e-07R 17
 193r 1.9151930e+01 8.91e+00 7.70e+03   0.6 1.23e+05    -  2.96e-08 3.62e-07f  1
 194r 1.9151860e+01 8.91e+00 8.87e+03   0.6 7.68e+03    -  4.62e-06 1.79e-07f  1
 195r 1.9150163e+01 8.80e+00 8.87e+03   0.6 3.95e+03    -  5.06e-06 1.19e-05f  1
 196  1.9150069e+01 8.80e+00 4.20e+04  -6.0 4.38e+03    -  6.88e-03 9.95e-06h  1
 197  1.9146360e+01 8.80e+00 1.00e+06  -6.0 5.52e+03    -  1.37e-05 3.27e-04h  1
 198  1.9143270e+01 8.79e+00 1.00e+06  -6.0 5.59e+03    -  1.23e-03 2.65e-04h  1
 199  1.9123864e+01 8.78e+00 1.00e+06  -6.0 5.80e+03    -  8.38e-04 1.56e-03h  1
iter    objective    inf_pr   inf_du lg(mu)  ||d||  lg(rg) alpha_du alpha_pr  ls
 200  1.9098536e+01 8.76e+00 1.00e+06  -6.0 6.04e+03    -  5.59e-05 2.48e-03h  1
 201  1.9091544e+01 8.74e+00 9.97e+05  -6.0 6.24e+03    -  6.77e-04 2.58e-03h  1
 202  1.9089243e+01 8.71e+00 9.95e+05  -6.0 6.37e+03    -  2.05e-02 2.64e-03h  1
 203  1.9108338e+01 8.68e+00 9.90e+05  -6.0 6.79e+03    -  8.82e-03 4.12e-03h  2
 204  1.9142131e+01 8.64e+00 9.86e+05  -6.0 7.02e+03    -  9.23e-03 4.29e-03h  1
 205  1.9149544e+01 8.63e+00 9.86e+05  -6.0 6.63e+03    -  9.01e-03 6.61e-04h  1
 206  1.9171218e+01 8.62e+00 9.84e+05  -6.0 6.87e+03    -  1.84e-06 1.45e-03h  4
 207  1.9180956e+01 8.62e+00 9.83e+05  -6.0 6.83e+03    -  4.88e-02 6.43e-04h  5
 208  1.9184862e+01 8.61e+00 9.83e+05  -6.0 7.26e+03    -  1.99e-03 3.86e-05h 10
 209r 1.9184862e+01 8.61e+00 1.00e+03   0.6 0.00e+00    -  0.00e+00 3.12e-07R 17
iter    objective    inf_pr   inf_du lg(mu)  ||d||  lg(rg) alpha_du alpha_pr  ls
 210r 1.9184840e+01 8.61e+00 2.18e+04   0.6 3.49e+03    -  2.38e-06 1.50e-07f  1
 211r 1.9184840e+01 8.61e+00 9.99e+02   0.6 0.00e+00    -  0.00e+00 4.90e-07R  4
 212r 1.9184837e+01 8.61e+00 8.74e+03   0.6 3.47e+03    -  2.20e-05 6.41e-09f  1
 213r 1.9184837e+01 8.61e+00 9.99e+02   0.6 0.00e+00    -  0.00e+00 2.61e-07R  5
 214r 1.9184834e+01 8.61e+00 8.74e+03   0.6 3.46e+03    -  2.20e-05 6.41e-09f  1
 215r 1.9184834e+01 8.61e+00 9.99e+02   0.6 0.00e+00    -  0.00e+00 3.47e-08R  8
 216r 1.9184831e+01 8.61e+00 8.73e+03   0.6 3.45e+03    -  2.20e-05 6.41e-09f  1
 217  1.9184829e+01 8.61e+00 1.83e+05  -6.0 5.27e+03    -  4.20e-03 2.36e-06h  2
 218  1.9185477e+01 8.61e+00 1.13e+07  -6.0 6.24e+03    -  4.54e-06 2.80e-04h  2
 219  1.9186247e+01 8.61e+00 1.13e+07  -6.0 6.25e+03    -  3.21e-04 3.21e-04s 11
iter    objective    inf_pr   inf_du lg(mu)  ||d||  lg(rg) alpha_du alpha_pr  ls
 220r 1.9186247e+01 8.61e+00 9.99e+02   0.5 0.00e+00    -  0.00e+00 0.00e+00R  1
 221r 1.9186245e+01 8.61e+00 8.06e+03   0.5 3.47e+03    -  5.03e-05 1.58e-08f  1
 222r 1.9181913e+01 8.18e+00 8.06e+03   0.5 3.35e+03    -  7.02e-05 5.27e-05f  1
 223  1.9166563e+01 8.15e+00 5.97e+03  -6.0 5.38e+03    -  3.50e-03 3.49e-03h  1
 224  1.9161619e+01 8.14e+00 1.10e+05  -6.0 5.57e+03    -  3.50e-03 1.02e-03h  1
 225  1.9133111e+01 8.10e+00 1.09e+05  -6.0 5.68e+03    -  2.01e-02 5.70e-03h  1
 226  1.9122495e+01 8.08e+00 1.09e+05  -6.0 6.01e+03    -  1.31e-02 2.26e-03h  1
 227  1.9059585e+01 7.99e+00 1.08e+05  -6.0 6.23e+03    -  3.72e-02 1.33e-02h  1
 228  1.9046368e+01 7.98e+00 1.08e+05  -6.0 7.12e+03    -  3.83e-02 1.52e-03h  1
 229  1.8874500e+01 7.75e+00 3.68e+05  -6.0 7.25e+03    -  8.28e-02 2.32e-02h  1
iter    objective    inf_pr   inf_du lg(mu)  ||d||  lg(rg) alpha_du alpha_pr  ls
 230  1.8874479e+01 7.75e+00 3.68e+05  -6.0 7.55e+03    -  7.35e-02 2.86e-06h  1
 231  1.8829261e+01 7.08e+00 2.73e+06  -6.0 7.29e+03    -  2.64e-02 5.34e-02h  1
 232  1.8827095e+01 7.08e+00 2.72e+06  -6.0 8.20e+03    -  3.20e-02 1.29e-04h  1
 233  1.8570163e+01 6.94e+00 2.86e+06  -6.0 8.06e+03    -  1.71e-03 1.59e-02h  1
 234  1.8565055e+01 6.94e+00 2.86e+06  -6.0 7.61e+03  -4.3 1.47e-02 3.00e-04h  1
 235  1.8508429e+01 6.92e+00 2.86e+06  -6.0 8.16e+03    -  3.63e-07 3.28e-03f  1
 236  1.8479759e+01 6.91e+00 2.86e+06  -6.0 1.84e+04  -4.8 1.23e-02 1.27e-03h  1
 237  1.8475900e+01 6.91e+00 3.61e+06  -6.0 5.81e+04    -  7.90e-07 5.07e-04h  1
 238  1.8475875e+01 6.91e+00 3.61e+06  -6.0 8.08e+03    -  1.56e-06 1.39e-06h  1
 239r 1.8475875e+01 6.91e+00 1.00e+03   0.7 0.00e+00    -  0.00e+00 1.24e-12R  8
iter    objective    inf_pr   inf_du lg(mu)  ||d||  lg(rg) alpha_du alpha_pr  ls
 240r 1.8472949e+01 6.91e+00 7.98e+03   0.7 1.60e+07    -  1.31e-07 9.52e-08f  1
 241  1.8472904e+01 6.91e+00 1.01e+02  -6.0 5.05e+03    -  4.17e-07 3.93e-06h  1
 242  1.8472540e+01 6.90e+00 1.01e+02  -6.0 5.10e+03    -  3.14e-05 3.28e-05h  1
 243  1.8472087e+01 6.90e+00 1.01e+02  -6.0 4.87e+03    -  3.91e-05 4.32e-05f  1
 244  1.8469916e+01 6.90e+00 1.01e+02  -6.0 4.87e+03    -  1.15e-04 2.07e-04f  1
 245  1.8466758e+01 6.90e+00 1.23e+02  -6.0 4.88e+03    -  8.98e-04 3.01e-04h  1
 246  1.8453337e+01 6.89e+00 4.18e+02  -6.0 4.90e+03    -  8.06e-04 1.28e-03f  1
 247  1.8416657e+01 6.87e+00 3.18e+03  -6.0 4.95e+03    -  6.75e-03 3.47e-03h  1
 248  1.8353815e+01 6.84e+00 1.06e+04  -6.0 5.18e+03    -  6.70e-03 5.82e-03h  1
 249r 1.8353815e+01 6.84e+00 9.99e+02   0.7 0.00e+00    -  0.00e+00 4.59e-09R  2
iter    objective    inf_pr   inf_du lg(mu)  ||d||  lg(rg) alpha_du alpha_pr  ls
 250r 1.8353735e+01 6.84e+00 6.30e+05   0.7 3.98e+04    -  3.47e-06 2.58e-08f  1
 251  1.8353694e+01 6.84e+00 2.17e+05  -6.0 5.50e+03    -  3.27e-03 3.76e-06h  1
 252  1.8325333e+01 6.82e+00 1.03e+08  -6.0 5.83e+03    -  5.20e-06 2.46e-03h  1
 253r 1.8325333e+01 6.82e+00 9.99e+02   0.7 0.00e+00    -  0.00e+00 2.22e-09R  2
 254r 1.8325327e+01 6.82e+00 5.78e+05   0.7 7.96e+04    -  1.58e-06 1.02e-09f  1
 255  1.8325259e+01 6.82e+00 8.50e+04  -6.0 6.38e+03    -  1.96e-03 5.67e-06h  1
 256  1.8323210e+01 6.82e+00 1.91e+06  -6.0 6.30e+03    -  7.52e-06 1.69e-04f  1
 257r 1.8323210e+01 6.82e+00 9.99e+02   0.7 0.00e+00    -  0.00e+00 1.12e-08R  2
 258r 1.8323210e+01 6.82e+00 5.73e+05   0.7 1.47e+04    -  9.30e-06 4.00e-10f  1
 259  1.8323075e+01 6.82e+00 9.19e+04  -6.0 6.39e+03    -  2.12e-03 1.13e-05h  1
iter    objective    inf_pr   inf_du lg(mu)  ||d||  lg(rg) alpha_du alpha_pr  ls
 260  1.8313209e+01 6.81e+00 6.44e+06  -6.0 3.60e+03    -  1.35e-05 9.40e-04h  1
 261  1.8313066e+01 6.81e+00 6.44e+06  -6.0 3.69e+03    -  3.10e-03 1.33e-05h  1
 262  1.8300049e+01 6.81e+00 6.43e+06  -6.0 3.74e+03    -  1.40e-03 1.22e-03h  1
 263  1.8298808e+01 6.81e+00 6.43e+06  -6.0 4.47e+03    -  2.72e-04 1.03e-04h  1
 264  1.8243222e+01 6.80e+00 6.40e+06  -6.0 3.95e+03    -  1.14e-07 5.31e-03f  1
 265r 1.8243222e+01 6.80e+00 9.99e+02   0.7 0.00e+00    -  0.00e+00 2.05e-08R  2
 266r 1.8243210e+01 6.80e+00 4.01e+04   0.7 4.82e+03    -  1.50e-06 2.60e-08f  1
 267  1.8243171e+01 6.80e+00 1.11e+06  -6.0 7.10e+03    -  1.33e-02 3.08e-06h  1
 268  1.8243085e+01 6.80e+00 1.79e+06  -6.0 6.31e+03    -  4.25e-06 6.83e-06h  1
 269  1.8242321e+01 6.80e+00 6.29e+06  -6.0 4.50e+03    -  4.20e-03 6.94e-05h  1
iter    objective    inf_pr   inf_du lg(mu)  ||d||  lg(rg) alpha_du alpha_pr  ls
 270  1.8241282e+01 6.80e+00 6.21e+06  -6.0 8.11e+03    -  8.06e-05 1.03e-04h  1
 271  1.8222931e+01 6.79e+00 1.83e+06  -6.0 8.12e+03    -  1.08e-04 1.82e-03f  1
 272  1.8219754e+01 6.79e+00 9.03e+06  -6.0 8.23e+03    -  2.69e-03 2.96e-04h  1
 273  1.8127343e+01 6.78e+00 1.21e+07  -6.0 6.59e+03    -  2.70e-06 8.00e-03h  1
 274  1.8127340e+01 6.78e+00 5.95e+06  -6.0 1.82e+04    -  2.83e-03 3.85e-07h  2
 275  1.8085573e+01 6.78e+00 1.39e+07  -6.0 1.73e+04    -  1.30e-08 3.70e-03f  1
 276  1.8085364e+01 6.78e+00 1.29e+07  -6.0 1.70e+04    -  7.40e-04 1.58e-05h  1
 277  1.8072370e+01 6.78e+00 1.42e+07  -6.0 1.60e+04    -  1.55e-07 1.05e-03f  1
 278r 1.8072370e+01 6.78e+00 1.00e+03   0.7 0.00e+00    -  0.00e+00 3.17e-09R  7
 279r 1.8072352e+01 6.78e+00 2.92e+04   0.7 3.74e+04    -  8.49e-08 3.24e-08f  1
iter    objective    inf_pr   inf_du lg(mu)  ||d||  lg(rg) alpha_du alpha_pr  ls
 280  1.8072350e+01 6.78e+00 1.04e+06  -6.0 7.29e+03    -  1.71e-02 1.43e-07h  2
 281  1.8072230e+01 6.78e+00 5.53e+06  -6.0 8.09e+03    -  1.74e-06 9.26e-06h  1
 282  1.8071832e+01 6.78e+00 5.53e+06  -6.0 8.11e+03    -  8.57e-04 3.66e-05h  1
 283  1.8071737e+01 6.78e+00 5.53e+06  -6.0 7.19e+03    -  4.82e-05 9.23e-06h  1
 284  1.8063947e+01 6.77e+00 5.52e+06  -6.0 7.19e+03    -  2.33e-04 7.55e-04f  1
 285  1.8057898e+01 6.77e+00 5.52e+06  -6.0 8.96e+03    -  4.54e-08 5.36e-04h  1
 286  1.8052629e+01 6.77e+00 5.52e+06  -6.0 9.10e+03    -  1.78e-03 4.64e-04f  1
 287r 1.8052629e+01 6.77e+00 1.00e+03   0.7 0.00e+00    -  0.00e+00 5.27e-08R  2
 288r 1.8052629e+01 6.77e+00 2.05e+05   0.7 2.09e+05    -  3.96e-06 9.32e-12f  1
 289r 1.8052629e+01 6.77e+00 9.99e+02   0.7 0.00e+00    -  0.00e+00 1.65e-09R  2
iter    objective    inf_pr   inf_du lg(mu)  ||d||  lg(rg) alpha_du alpha_pr  ls
 290r 1.8052568e+01 6.77e+00 6.15e+05   0.7 4.82e+05    -  6.52e-07 4.43e-09f  1
 291  1.8052530e+01 6.77e+00 8.88e+03  -6.0 5.65e+03    -  1.91e-04 3.09e-06h  1
 292  1.8052289e+01 6.77e+00 3.40e+04  -6.0 6.62e+03    -  5.22e-06 1.98e-05h  1
 293  1.8051894e+01 6.77e+00 9.82e+04  -6.0 8.30e+03    -  1.41e-02 2.99e-05h  1
 294  1.8047709e+01 6.77e+00 3.53e+05  -6.0 8.42e+03    -  5.49e-05 3.15e-04h  1
 295  1.8039879e+01 6.76e+00 3.53e+05  -6.0 8.60e+03    -  2.38e-03 5.87e-04h  1
 296  1.8036653e+01 6.76e+00 3.52e+05  -6.0 8.62e+03    -  1.13e-03 2.41e-04h  1
 297r 1.8036653e+01 6.76e+00 1.00e+03   0.7 0.00e+00    -  0.00e+00 1.48e-08R  4
 298r 1.8036653e+01 6.76e+00 1.01e+04   0.7 4.73e+03    -  3.40e-06 3.77e-12f  2
 299r 1.8036653e+01 6.76e+00 9.99e+02   0.7 0.00e+00    -  0.00e+00 1.94e-09R  2
iter    objective    inf_pr   inf_du lg(mu)  ||d||  lg(rg) alpha_du alpha_pr  ls
 300r 1.8036593e+01 6.76e+00 5.68e+05   0.7 2.10e+05    -  6.01e-07 4.54e-09f  1
 301  1.8036554e+01 6.76e+00 9.36e+02  -6.0 5.63e+03    -  2.13e-05 3.08e-06h  1
 302  1.8036412e+01 6.76e+00 2.16e+03  -6.0 6.44e+03    -  5.50e-06 1.16e-05h  1
 303  1.8036306e+01 6.76e+00 1.67e+04  -6.0 6.60e+03    -  2.45e-03 8.70e-06h  1
 304  1.8035507e+01 6.76e+00 3.67e+04  -6.0 8.36e+03    -  2.55e-05 6.03e-05h  1
 305  1.8020296e+01 6.75e+00 1.48e+05  -6.0 8.58e+03    -  2.05e-02 1.14e-03f  1
 306r 1.8020296e+01 6.75e+00 1.00e+03   0.7 0.00e+00    -  0.00e+00 8.84e-09R  2
 307r 1.8020270e+01 6.75e+00 3.08e+05   0.7 4.91e+03    -  1.62e-05 3.40e-08f  1
 308  1.8020268e+01 6.75e+00 7.81e+03  -6.0 7.37e+03    -  1.29e-04 1.52e-07h  2
 309  1.8019988e+01 6.75e+00 9.22e+04  -6.0 8.34e+03    -  1.79e-06 2.11e-05h  1
iter    objective    inf_pr   inf_du lg(mu)  ||d||  lg(rg) alpha_du alpha_pr  ls
 310  1.8019235e+01 6.75e+00 1.19e+05  -6.0 8.63e+03    -  6.30e-03 5.64e-05f  1
 311  1.8017873e+01 6.75e+00 1.27e+05  -6.0 8.60e+03    -  7.96e-05 1.02e-04h  1
 312r 1.8017873e+01 6.75e+00 1.00e+03   0.7 0.00e+00    -  0.00e+00 2.45e-08R  2
 313r 1.8017873e+01 6.75e+00 1.37e+05   0.7 4.73e+03    -  1.75e-05 1.16e-10f  1
 314r 1.8017873e+01 6.75e+00 9.99e+02   0.7 0.00e+00    -  0.00e+00 9.49e-08R  2
 315r 1.8017843e+01 6.75e+00 5.20e+05   0.7 1.12e+05    -  1.03e-06 4.25e-09f  1
 316  1.8017805e+01 6.75e+00 8.49e+02  -6.0 5.69e+03    -  2.03e-05 3.03e-06h  1
 317  1.8017669e+01 6.75e+00 1.86e+03  -6.0 6.48e+03    -  5.57e-06 1.12e-05h  1
 318  1.8017573e+01 6.75e+00 2.07e+04  -6.0 6.64e+03    -  3.10e-03 7.82e-06h  1
 319  1.8016924e+01 6.75e+00 4.00e+04  -6.0 8.36e+03    -  2.42e-05 4.90e-05h  1
iter    objective    inf_pr   inf_du lg(mu)  ||d||  lg(rg) alpha_du alpha_pr  ls
 320  1.8009674e+01 6.75e+00 1.64e+05  -6.0 8.60e+03    -  2.19e-02 5.43e-04f  1
 321r 1.8009674e+01 6.75e+00 1.00e+03   0.7 0.00e+00    -  0.00e+00 3.65e-08R  2
 322r 1.8009654e+01 6.75e+00 6.87e+04   0.7 4.72e+03    -  1.56e-05 3.32e-08f  1
 323  1.8009652e+01 6.75e+00 4.61e+03  -6.0 7.37e+03    -  7.97e-05 1.52e-07h  2
 324  1.8009540e+01 6.75e+00 2.14e+04  -6.0 8.33e+03    -  1.83e-06 8.46e-06h  1
 325  1.8009112e+01 6.75e+00 8.59e+04  -6.0 8.60e+03    -  6.93e-03 3.20e-05f  1
 326  1.8009109e+01 6.75e+00 1.33e+05  -6.0 6.86e+03    -  4.24e-05 2.37e-07h  2
 327  1.7997291e+01 6.74e+00 1.27e+07  -6.0 6.86e+03    -  5.04e-03 1.02e-03h  1
 328  1.7983817e+01 6.73e+00 1.17e+07  -6.0 7.10e+03    -  8.39e-04 1.15e-03h  1
 329  1.7983483e+01 6.73e+00 1.99e+07  -6.0 7.32e+03    -  2.30e-03 2.77e-05h  1
iter    objective    inf_pr   inf_du lg(mu)  ||d||  lg(rg) alpha_du alpha_pr  ls
 330  1.7883789e+01 6.74e+00 1.17e+06  -6.0 7.43e+03    -  2.64e-03 8.30e-03f  1
 331  1.7871053e+01 6.74e+00 1.50e+07  -6.0 9.85e+03    -  3.37e-03 8.06e-04h  1
 332  1.7751238e+01 6.72e+00 2.56e+07  -6.0 1.00e+04    -  1.03e-07 7.66e-03h  1
 333  1.7695123e+01 6.69e+00 1.89e+07  -6.0 5.09e+03    -  6.57e-03 3.24e-03f  1
 334  1.7695049e+01 6.69e+00 1.52e+07  -6.0 5.93e+03    -  1.44e-03 4.04e-06h  1
 335  1.7651971e+01 6.68e+00 1.08e+07  -6.0 7.83e+03    -  9.81e-03 2.43e-03f  1
 336  1.7603436e+01 6.66e+00 7.54e+06  -6.0 8.82e+03    -  2.09e-03 2.78e-03h  1
 337  1.7600883e+01 6.66e+00 1.72e+07  -6.0 7.98e+03    -  2.93e-03 1.33e-04h  1
 338  1.7507136e+01 6.63e+00 6.99e+06  -6.0 8.24e+03    -  1.20e-08 4.95e-03f  1
 339  1.7469229e+01 6.62e+00 5.38e+06  -6.0 8.71e+03    -  1.04e-03 1.89e-03h  1
iter    objective    inf_pr   inf_du lg(mu)  ||d||  lg(rg) alpha_du alpha_pr  ls
 340r 1.7469229e+01 6.62e+00 1.00e+03   0.7 0.00e+00    -  0.00e+00 7.54e-10R  2
 341r 1.7469101e+01 6.62e+00 3.33e+04   0.7 1.24e+04    -  6.23e-08 5.47e-08f  1
 342  1.7469093e+01 6.62e+00 3.82e+05  -6.0 8.84e+03    -  5.30e-03 4.99e-07h  2
 343  1.7468903e+01 6.62e+00 2.52e+06  -6.0 9.69e+03    -  1.87e-06 1.24e-05h  1
 344  1.7468901e+01 6.62e+00 1.28e+07  -6.0 8.68e+03    -  2.12e-03 1.18e-07h  2
 345  1.7447778e+01 6.61e+00 6.01e+06  -6.0 9.26e+03    -  1.45e-05 1.07e-03h  1
 346  1.7447751e+01 6.61e+00 4.09e+06  -6.0 1.54e+04  -2.6 1.37e-04 1.96e-06h  1
 347  1.7447673e+01 6.61e+00 7.07e+06  -6.0 5.46e+04  -3.1 4.87e-06 2.19e-05f  1
 348  1.7426094e+01 6.60e+00 7.85e+06  -6.0 6.96e+03    -  2.71e-09 9.74e-04f  1
 349r 1.7426094e+01 6.60e+00 1.00e+03   0.7 0.00e+00    -  0.00e+00 6.48e-10R  2
iter    objective    inf_pr   inf_du lg(mu)  ||d||  lg(rg) alpha_du alpha_pr  ls
 350r 1.7425770e+01 6.60e+00 3.09e+04   0.7 1.57e+06    -  7.34e-07 1.49e-08f  1
 351  1.7425750e+01 6.60e+00 1.01e+02  -6.0 7.61e+03    -  8.11e-07 1.18e-06h  1
 352  1.7425720e+01 6.60e+00 1.01e+02  -6.0 6.68e+03    -  4.88e-06 1.62e-06f  1
 353  1.7425696e+01 6.60e+00 1.01e+02  -6.0 6.84e+03    -  2.56e-06 1.34e-06h  1
 354  1.7425676e+01 6.60e+00 1.01e+02  -6.0 7.25e+03    -  2.16e-06 1.07e-06h  1
 355  1.7425657e+01 6.60e+00 2.92e+04  -6.0 3.93e+03    -  1.39e-05 8.27e-07f  1
 356  1.7425329e+01 6.60e+00 7.90e+02  -6.0 3.92e+03    -  1.32e-06 1.41e-05f  1
 357  1.7424840e+01 6.60e+00 2.50e+04  -6.0 3.94e+03    -  9.66e-06 2.11e-05f  1
 358  1.7424384e+01 6.60e+00 1.21e+05  -6.0 2.85e+03    -  1.05e-04 2.08e-05f  1
 359  1.7423553e+01 6.60e+00 9.96e+04  -6.0 2.87e+03    -  2.57e-05 3.78e-05f  1
iter    objective    inf_pr   inf_du lg(mu)  ||d||  lg(rg) alpha_du alpha_pr  ls
 360  1.7423162e+01 6.60e+00 1.80e+06  -6.0 3.18e+03    -  8.70e-04 1.72e-05f  1
 361  1.7421109e+01 6.60e+00 1.80e+06  -6.0 3.27e+03    -  9.49e-05 9.05e-05h  1
 362  1.7418672e+01 6.60e+00 4.03e+06  -6.0 3.92e+03    -  1.00e-03 1.08e-04f  1
 363  1.7408268e+01 6.60e+00 3.94e+06  -6.0 5.19e+03    -  4.34e-04 4.61e-04f  1
 364  1.7407301e+01 6.60e+00 2.85e+07  -6.0 2.32e+04    -  1.65e-03 4.88e-05h  1
 365  1.7406401e+01 6.60e+00 3.32e+07  -6.0 2.92e+04    -  2.88e-04 4.64e-05h  1
 366  1.7398187e+01 6.60e+00 6.50e+07  -6.0 3.21e+04    -  1.93e-03 4.38e-04h  1
 367r 1.7398187e+01 6.60e+00 1.00e+03   0.7 0.00e+00    -  0.00e+00 3.39e-10R  2
 368r 1.7397983e+01 6.60e+00 3.08e+04   0.7 4.41e+06    -  2.10e-08 1.36e-08f  1
 369  1.7397979e+01 6.60e+00 4.74e+05  -6.0 1.11e+04    -  7.08e-03 2.84e-07h  2
iter    objective    inf_pr   inf_du lg(mu)  ||d||  lg(rg) alpha_du alpha_pr  ls
 370  1.7397948e+01 6.60e+00 6.11e+05  -6.0 1.18e+04    -  1.76e-06 2.27e-06h  1
In iteration 370, 1 Slack too small, adjusting variable bound
 371  1.7397883e+01 6.60e+00 3.21e+07  -6.0 2.94e+04    -  1.68e-03 4.02e-06h  1
 372  1.7378392e+01 6.59e+00 8.17e+06  -6.0 3.00e+04    -  8.07e-06 1.23e-03h  1
 373  1.7336554e+01 6.58e+00 8.92e+06  -6.0 1.36e+04    -  6.70e-05 2.01e-03h  1
 374r 1.7336554e+01 6.58e+00 1.00e+03   0.7 0.00e+00    -  0.00e+00 3.22e-08R  2
 375r 1.7336238e+01 6.58e+00 3.01e+04   0.7 4.25e+06    -  1.16e-07 1.62e-08f  1
 376  1.7336234e+01 6.58e+00 5.48e+05  -6.0 1.11e+04    -  8.34e-03 2.79e-07h  2
 377  1.7336197e+01 6.58e+00 8.23e+05  -6.0 1.20e+04    -  1.79e-06 2.68e-06h  1
In iteration 377, 1 Slack too small, adjusting variable bound
 378  1.7336189e+01 6.58e+00 3.33e+07  -6.0 3.68e+04    -  1.35e-03 4.60e-07h  1
 379  1.7317811e+01 6.58e+00 8.09e+06  -6.0 3.74e+04    -  4.95e-06 1.20e-03h  1
iter    objective    inf_pr   inf_du lg(mu)  ||d||  lg(rg) alpha_du alpha_pr  ls
 380  1.7317809e+01 6.58e+00 1.04e+08  -6.0 3.60e+04    -  3.89e-03 9.80e-08h  2
 381  1.7274613e+01 6.56e+00 7.36e+07  -6.0 3.91e+04    -  1.74e-03 2.80e-03h  1
 382  1.7232833e+01 6.55e+00 1.17e+08  -6.0 2.64e+04    -  4.15e-03 1.63e-03h  1
 383  1.7138555e+01 6.54e+00 1.58e+08  -6.0 2.46e+04    -  6.20e-03 3.50e-03h  1
 384  1.7131565e+01 6.53e+00 3.02e+08  -6.0 5.38e+04    -  4.32e-03 7.19e-04h  1
 385  1.7117394e+01 6.52e+00 4.87e+08  -6.0 5.62e+04    -  6.25e-03 1.81e-03h  1
 386  1.7115188e+01 6.51e+00 6.28e+08  -6.0 5.75e+04    -  4.14e-03 8.16e-04h  1
 387  1.7115285e+01 6.51e+00 6.27e+08  -6.0 5.90e+04    -  5.74e-08 1.08e-05h  1
 388  1.7116837e+01 6.51e+00 1.08e+09  -6.0 5.90e+04    -  1.06e-02 1.71e-04h  4
 389  1.7117189e+01 6.51e+00 1.99e+09  -6.0 6.50e+04    -  1.92e-02 2.81e-05h  8
iter    objective    inf_pr   inf_du lg(mu)  ||d||  lg(rg) alpha_du alpha_pr  ls
 390  1.7172154e+01 6.48e+00 1.98e+09  -6.0 6.93e+04    -  3.92e-03 3.92e-03s 14
 391  1.7174893e+01 6.48e+00 1.98e+09  -6.0 6.84e+04    -  1.83e-04 1.83e-04s 14
 392  1.7269516e+01 6.59e+00 1.97e+09  -6.0 6.84e+04    -  6.30e-03 6.30e-03s 14
 393r 1.7269516e+01 6.59e+00 1.00e+03   0.7 0.00e+00    -  0.00e+00 0.00e+00R  1
 394r 1.7269319e+01 6.59e+00 2.57e+04   0.7 5.02e+03    -  1.77e-05 8.76e-08f  1
 395r 1.7217679e+01 6.42e+00 2.56e+04   0.7 4.99e+03    -  2.30e-05 2.61e-05f  1
 396r 1.7111804e+01 6.11e+00 2.65e+04   0.7 4.97e+03    -  9.36e-05 6.46e-05f  1
 397  1.7111687e+01 6.11e+00 6.81e+04  -6.0 2.41e+03    -  1.38e-03 8.57e-06h  1
 398  1.7110297e+01 6.11e+00 6.04e+05  -6.0 1.04e+04    -  1.06e-05 9.34e-05h  1
 399  1.7109007e+01 6.11e+00 6.04e+05  -6.0 1.10e+04    -  3.20e-04 8.72e-05h  1
iter    objective    inf_pr   inf_du lg(mu)  ||d||  lg(rg) alpha_du alpha_pr  ls
 400  1.7107778e+01 6.11e+00 6.04e+05  -6.0 1.13e+04    -  2.83e-04 8.58e-05h  1
 401  1.7107181e+01 6.11e+00 6.04e+05  -6.0 1.16e+04    -  1.68e-03 4.31e-05h  1
 402  1.7105178e+01 6.11e+00 6.04e+05  -6.0 1.23e+04    -  3.83e-04 1.49e-04h  1
 403  1.7102522e+01 6.11e+00 6.05e+05  -6.0 1.26e+04    -  4.22e-03 2.02e-04h  1
 404r 1.7102522e+01 6.11e+00 1.00e+03   0.6 0.00e+00    -  0.00e+00 2.92e-08R  2
 405r 1.7102500e+01 6.11e+00 2.70e+04   0.6 4.35e+03    -  1.75e-06 1.69e-08f  1
 406  1.7102496e+01 6.11e+00 1.18e+05  -6.0 1.19e+04    -  1.80e-03 3.14e-07h  2
 407  1.7102447e+01 6.11e+00 2.43e+05  -6.0 1.35e+04    -  1.83e-06 3.76e-06h  1
 408  1.7102392e+01 6.11e+00 2.43e+05  -6.0 1.42e+04    -  2.37e-05 4.47e-06h  1
 409  1.7101801e+01 6.11e+00 2.45e+05  -6.0 9.51e+03    -  2.17e-06 4.52e-05h  1
iter    objective    inf_pr   inf_du lg(mu)  ||d||  lg(rg) alpha_du alpha_pr  ls
 410  1.7101113e+01 6.11e+00 2.44e+05  -6.0 9.63e+03    -  7.69e-05 5.32e-05f  1
 411  1.7099471e+01 6.11e+00 7.36e+05  -6.0 9.74e+03    -  2.48e-04 1.28e-04f  1
 412  1.7099468e+01 6.11e+00 4.00e+06  -6.0 1.31e+04    -  4.21e-04 2.00e-07h  2
 413  1.7091804e+01 6.10e+00 1.27e+07  -6.0 1.31e+04    -  1.66e-03 5.51e-04h  1
 414  1.7074240e+01 6.10e+00 9.02e+06  -6.0 1.43e+04    -  9.19e-04 1.35e-03f  1
 415  1.7054997e+01 6.09e+00 3.94e+07  -6.0 1.57e+04    -  4.97e-03 1.69e-03h  1
 416  1.7044939e+01 6.08e+00 9.22e+07  -6.0 1.72e+04    -  6.69e-03 1.39e-03h  1
 417  1.7044844e+01 6.08e+00 9.23e+07  -6.0 3.41e+04    -  4.98e-06 2.82e-06h  1
 418  1.7039095e+01 6.07e+00 5.97e+07  -6.0 1.93e+04    -  6.20e-07 2.98e-03f  1
 419  1.7039062e+01 6.07e+00 5.98e+07  -6.0 3.22e+04    -  8.50e-06 1.25e-06h  1
iter    objective    inf_pr   inf_du lg(mu)  ||d||  lg(rg) alpha_du alpha_pr  ls
 420  1.7031887e+01 6.08e+00 4.01e+07  -6.0 1.87e+04    -  1.19e-09 2.26e-03f  1
 421  1.7021824e+01 6.08e+00 1.25e+08  -6.0 1.98e+04    -  9.62e-03 1.17e-03h  1
 422  1.6989427e+01 6.25e+00 2.88e+08  -6.0 2.52e+04    -  1.40e-02 3.69e-03h  1
 423  1.6982646e+01 6.25e+00 2.93e+08  -6.0 8.05e+05    -  8.40e-11 7.63e-06f  1
 424r 1.6982646e+01 6.25e+00 1.00e+03   0.6 0.00e+00    -  0.00e+00 2.34e-07R  2
 425r 1.6982586e+01 6.25e+00 2.98e+04   0.6 4.33e+03    -  1.79e-06 5.15e-08f  1
 426  1.6982581e+01 6.25e+00 7.02e+02  -6.0 1.14e+04    -  1.04e-05 3.30e-07h  2
 427  1.6982533e+01 6.25e+00 1.28e+03  -6.0 1.30e+04    -  2.03e-06 3.66e-06h  1
 428  1.6982532e+01 6.25e+00 9.20e+03  -6.0 1.37e+04    -  4.29e-04 1.02e-07h  2
 429  1.6982489e+01 6.25e+00 6.62e+03  -6.0 1.50e+04    -  5.59e-06 3.76e-06h  1
In iteration 429, 1 Slack too small, adjusting variable bound
iter    objective    inf_pr   inf_du lg(mu)  ||d||  lg(rg) alpha_du alpha_pr  ls
 430  1.6982489e+01 6.25e+00 1.79e+04  -6.0 3.90e+04    -  7.49e-07 4.18e-08h  1
 431r 1.6982489e+01 6.25e+00 1.00e+03   0.6 0.00e+00    -  0.00e+00 4.13e-07R  2
 432r 1.6985962e+01 6.25e+00 2.43e+04   0.6 3.43e+05    -  4.97e-07 6.22e-09f  1
 433r 1.6985062e+01 6.24e+00 2.08e+05   0.6 4.33e+03    -  4.06e-04 7.41e-07f  1
 434  1.6985053e+01 6.24e+00 1.07e+04  -6.0 9.87e+03    -  1.80e-04 6.33e-07h  2
 435  1.6984995e+01 6.24e+00 2.17e+04  -6.0 1.35e+04    -  2.32e-06 4.70e-06h  1
 436  1.6984787e+01 6.24e+00 6.06e+04  -6.0 1.41e+04    -  1.20e-03 1.72e-05h  1
 437  1.6984653e+01 6.24e+00 6.13e+04  -6.0 1.43e+04    -  2.43e-05 1.15e-05h  1
 438r 1.6984653e+01 6.24e+00 1.00e+03   0.6 0.00e+00    -  0.00e+00 4.00e-08R  2
 439r 1.6984653e+01 6.24e+00 8.42e+03   0.6 4.33e+03    -  2.13e-06 7.95e-11f  1
iter    objective    inf_pr   inf_du lg(mu)  ||d||  lg(rg) alpha_du alpha_pr  ls
 440r 1.6984653e+01 6.24e+00 9.99e+02   0.6 0.00e+00    -  0.00e+00 1.10e-08R  2
 441r 1.6984219e+01 6.24e+00 4.42e+05   0.6 8.34e+05    -  2.12e-07 4.61e-09f  1
 442  1.6984196e+01 6.24e+00 6.18e+03  -6.0 7.70e+03    -  1.26e-04 1.58e-06h  1
 443  1.6984014e+01 6.24e+00 2.19e+04  -6.0 1.15e+04    -  3.64e-06 1.28e-05h  1
 444  1.6983966e+01 6.24e+00 3.02e+04  -6.0 1.27e+04    -  1.36e-03 3.71e-06h  1
 445  1.6981397e+01 6.24e+00 1.10e+05  -6.0 1.38e+04    -  2.03e-05 2.16e-04h  1
 446  1.6981015e+01 6.24e+00 1.10e+05  -6.0 1.44e+04    -  1.05e-03 3.38e-05h  1
 447  1.6977754e+01 6.24e+00 1.10e+05  -6.0 1.51e+04    -  3.48e-04 2.92e-04h  1
 448r 1.6977754e+01 6.24e+00 1.00e+03   0.6 0.00e+00    -  0.00e+00 9.17e-10R  2
 449r 1.6977754e+01 6.24e+00 2.29e+04   0.6 3.18e+04    -  4.29e-07 1.77e-12f  2
iter    objective    inf_pr   inf_du lg(mu)  ||d||  lg(rg) alpha_du alpha_pr  ls
 450r 1.6977754e+01 6.24e+00 9.99e+02   0.6 0.00e+00    -  0.00e+00 5.03e-09R  2
 451r 1.6977294e+01 6.24e+00 4.41e+05   0.6 8.04e+05    -  2.12e-07 4.66e-09f  1
 452  1.6977273e+01 6.24e+00 3.51e+03  -6.0 7.94e+03    -  7.19e-05 1.48e-06h  1
 453  1.6977119e+01 6.24e+00 1.09e+04  -6.0 1.13e+04    -  3.56e-06 1.09e-05h  1
 454  1.6977074e+01 6.24e+00 2.55e+04  -6.0 1.24e+04    -  2.09e-03 3.46e-06h  1
 455  1.6974616e+01 6.24e+00 1.85e+05  -6.0 1.38e+04    -  1.80e-05 2.15e-04h  1
 456  1.6974548e+01 6.24e+00 1.86e+05  -6.0 1.43e+04    -  1.82e-03 6.19e-06h  1
 457  1.6970369e+01 6.24e+00 1.86e+05  -6.0 1.51e+04    -  2.74e-04 3.82e-04h  1
 458r 1.6970369e+01 6.24e+00 1.00e+03   0.6 0.00e+00    -  0.00e+00 1.24e-09R  2
 459r 1.6970369e+01 6.24e+00 2.61e+04   0.6 2.37e+04    -  5.85e-07 2.67e-12f  2
iter    objective    inf_pr   inf_du lg(mu)  ||d||  lg(rg) alpha_du alpha_pr  ls
 460r 1.6970369e+01 6.24e+00 9.99e+02   0.6 0.00e+00    -  0.00e+00 6.09e-09R  2
 461r 1.6969621e+01 6.24e+00 4.26e+05   0.6 1.36e+06    -  1.40e-07 6.47e-09f  1
 462  1.6969598e+01 6.24e+00 5.48e+03  -6.0 7.18e+03    -  8.78e-05 1.60e-06h  1
 463  1.6969426e+01 6.24e+00 2.11e+04  -6.0 1.11e+04    -  3.21e-06 1.22e-05h  1
 464  1.6969353e+01 6.24e+00 3.78e+04  -6.0 1.20e+04    -  2.57e-03 5.57e-06h  1
 465  1.6966457e+01 6.23e+00 2.25e+05  -6.0 1.37e+04    -  2.11e-05 2.57e-04h  1
 466  1.6965249e+01 6.23e+00 2.26e+05  -6.0 1.36e+04    -  3.43e-03 1.08e-04h  1
 467  1.6964317e+01 6.23e+00 2.25e+05  -6.0 1.37e+04    -  4.19e-04 8.42e-05h  1
 468  1.6963647e+01 6.23e+00 4.34e+05  -6.0 1.49e+04    -  4.57e-03 6.23e-05h  1
 469  1.6959822e+01 6.23e+00 3.95e+05  -6.0 1.47e+04    -  5.23e-06 3.43e-04h  1
iter    objective    inf_pr   inf_du lg(mu)  ||d||  lg(rg) alpha_du alpha_pr  ls
 470r 1.6959822e+01 6.23e+00 1.00e+03   0.6 0.00e+00    -  0.00e+00 1.43e-08R  2
 471r 1.6959799e+01 6.23e+00 2.83e+04   0.6 1.37e+04    -  1.04e-06 1.96e-08f  1
 472r 1.6959799e+01 6.23e+00 9.99e+02   0.6 0.00e+00    -  0.00e+00 4.11e-09R  8
 473r 1.6959786e+01 6.23e+00 5.30e+05   0.6 2.02e+04    -  1.05e-05 4.62e-09f  1
 474  1.6959766e+01 6.23e+00 3.20e+03  -6.0 7.80e+03    -  6.60e-05 1.45e-06h  1
 475  1.6959636e+01 6.23e+00 8.54e+03  -6.0 1.12e+04    -  3.56e-06 9.37e-06h  1
 476  1.6959586e+01 6.23e+00 1.24e+05  -6.0 1.25e+04    -  2.84e-03 3.92e-06h  1
 477  1.6959532e+01 6.23e+00 1.25e+05  -6.0 1.39e+04    -  1.68e-05 5.05e-06h  1
In iteration 477, 1 Slack too small, adjusting variable bound
 478  1.6959519e+01 6.23e+00 2.62e+07  -6.0 1.45e+04    -  2.94e-03 2.58e-06h  1
 479  1.6959514e+01 6.23e+00 2.65e+07  -6.0 1.89e+04    -  2.46e-05 2.39e-06h  2
iter    objective    inf_pr   inf_du lg(mu)  ||d||  lg(rg) alpha_du alpha_pr  ls
 480  1.6959515e+01 6.23e+00 6.76e+07  -6.0 2.37e+04    -  2.78e-03 1.24e-05h  1
 481  1.6960762e+01 6.23e+00 5.84e+07  -6.0 2.72e+04    -  3.96e-05 5.70e-04h  2
 482  1.6933281e+01 6.25e+00 5.56e+07  -6.0 1.66e+04    -  2.04e-03 2.28e-03h  1
 483  1.6928671e+01 6.26e+00 9.11e+07  -6.0 2.08e+04    -  4.12e-03 1.49e-03h  1
 484r 1.6928671e+01 6.26e+00 1.00e+03   0.6 0.00e+00    -  0.00e+00 1.52e-08R  2
 485r 1.6928671e+01 6.26e+00 3.17e+04   0.6 4.34e+03    -  8.31e-06 9.54e-12f  2
 486r 1.6928671e+01 6.26e+00 9.99e+02   0.6 0.00e+00    -  0.00e+00 1.54e-08R  2
 487r 1.6928149e+01 6.26e+00 4.44e+05   0.6 1.32e+06    -  1.51e-07 4.62e-09f  1
 488  1.6928112e+01 6.26e+00 5.30e+02  -6.0 6.38e+03    -  1.28e-05 2.18e-06h  1
 489  1.6927972e+01 6.26e+00 9.05e+02  -6.0 7.73e+03    -  4.94e-06 7.83e-06h  1
iter    objective    inf_pr   inf_du lg(mu)  ||d||  lg(rg) alpha_du alpha_pr  ls
 490  1.6927736e+01 6.26e+00 1.57e+03  -6.0 8.30e+03    -  9.38e-05 1.36e-05h  1
 491  1.6927611e+01 6.26e+00 9.91e+02  -6.0 8.96e+03    -  2.94e-05 7.51e-06h  1
 492  1.6927210e+01 6.26e+00 1.47e+03  -6.0 9.15e+03    -  1.84e-04 2.43e-05h  1
 493  1.6925238e+01 6.26e+00 1.86e+03  -6.0 9.43e+03    -  7.00e-05 1.20e-04f  1
 494  1.6924510e+01 6.26e+00 6.92e+03  -6.0 1.02e+04    -  2.77e-03 4.62e-05h  1
 495  1.6920843e+01 6.26e+00 6.92e+03  -6.0 1.06e+04    -  2.38e-04 2.37e-04h  1
 496  1.6919319e+01 6.26e+00 3.11e+05  -6.0 1.31e+04    -  4.01e-03 1.10e-04h  1
 497  1.6917704e+01 6.26e+00 3.62e+05  -6.0 1.35e+04    -  6.44e-04 1.24e-04h  1
 498r 1.6917704e+01 6.26e+00 1.00e+03   0.6 0.00e+00    -  0.00e+00 3.20e-08R  2
 499r 1.6917704e+01 6.26e+00 2.57e+04   0.6 4.34e+03    -  2.18e-06 3.12e-12f  2
iter    objective    inf_pr   inf_du lg(mu)  ||d||  lg(rg) alpha_du alpha_pr  ls
 500r 1.6917704e+01 6.26e+00 9.99e+02   0.6 0.00e+00    -  0.00e+00 3.80e-10R  2
 501r 1.6917190e+01 6.26e+00 2.95e+05   0.6 9.26e+05    -  1.28e-07 4.62e-09f  1
 502  1.6917162e+01 6.26e+00 4.76e+03  -6.0 7.32e+03    -  9.76e-05 1.74e-06h  1
 503  1.6916959e+01 6.26e+00 1.66e+04  -6.0 1.02e+04    -  3.82e-06 1.31e-05h  1
 504  1.6916907e+01 6.26e+00 1.83e+04  -6.0 1.14e+04    -  2.99e-04 3.55e-06h  1
 505  1.6915126e+01 6.26e+00 2.72e+04  -6.0 1.26e+04    -  2.16e-05 1.30e-04h  1
 506  1.6913665e+01 6.25e+00 2.78e+04  -6.0 1.32e+04    -  1.02e-03 1.14e-04h  1
 507  1.6913511e+01 6.25e+00 2.72e+04  -6.0 1.41e+04    -  3.10e-04 1.29e-05h  1
 508  1.6912390e+01 6.25e+00 2.72e+04  -6.0 1.48e+04    -  1.43e-04 9.43e-05h  1
 509  1.6911350e+01 6.25e+00 6.21e+04  -6.0 1.56e+04    -  4.36e-04 1.08e-04h  1
iter    objective    inf_pr   inf_du lg(mu)  ||d||  lg(rg) alpha_du alpha_pr  ls
 510  1.6908568e+01 6.25e+00 6.57e+04  -6.0 1.50e+04    -  2.58e-04 2.25e-04h  1
 511r 1.6908568e+01 6.25e+00 1.00e+03   0.6 0.00e+00    -  0.00e+00 8.44e-10R  2
 512r 1.6908551e+01 6.25e+00 3.12e+04   0.6 2.04e+04    -  6.88e-07 9.48e-09f  1
 513r 1.6908551e+01 6.25e+00 9.99e+02   0.6 0.00e+00    -  0.00e+00 1.46e-07R  2
 514r 1.6908535e+01 6.25e+00 1.51e+06   0.6 5.02e+04    -  1.48e-05 4.61e-09f  1
 515  1.6908512e+01 6.25e+00 4.82e+02  -6.0 7.54e+03    -  1.13e-05 1.54e-06h  1
 516  1.6908434e+01 6.25e+00 5.99e+02  -6.0 1.00e+04    -  4.31e-06 5.21e-06h  1
 517  1.6908359e+01 6.25e+00 6.30e+03  -6.0 1.13e+04    -  5.05e-04 5.39e-06h  1
 518  1.6908302e+01 6.25e+00 2.45e+03  -6.0 1.39e+04    -  1.44e-05 4.78e-06h  1
 519  1.6908055e+01 6.25e+00 2.37e+05  -6.0 1.44e+04    -  3.89e-03 2.13e-05h  1
iter    objective    inf_pr   inf_du lg(mu)  ||d||  lg(rg) alpha_du alpha_pr  ls
 520r 1.6908055e+01 6.25e+00 1.00e+03   0.6 0.00e+00    -  0.00e+00 7.05e-09R  7
 521r 1.6908038e+01 6.25e+00 2.97e+04   0.6 4.34e+03    -  7.73e-06 1.18e-08f  1
 522r 1.6908038e+01 6.25e+00 9.99e+02   0.6 0.00e+00    -  0.00e+00 3.97e-09R  8
 523r 1.6908016e+01 6.25e+00 1.63e+05   0.6 3.15e+04    -  1.97e-06 4.61e-09f  1
 524  1.6907993e+01 6.25e+00 1.99e+03  -6.0 7.51e+03    -  4.17e-05 1.54e-06h  1
 525  1.6907880e+01 6.25e+00 4.23e+03  -6.0 1.06e+04    -  3.72e-06 7.75e-06h  1
 526  1.6907813e+01 6.25e+00 3.39e+04  -6.0 1.16e+04    -  3.36e-03 4.91e-06h  1
 527  1.6907576e+01 6.25e+00 4.29e+04  -6.0 1.42e+04    -  1.63e-05 2.11e-05h  1
 528r 1.6907576e+01 6.25e+00 1.00e+03   0.6 0.00e+00    -  0.00e+00 1.58e-08R  2
 529r 1.6907575e+01 6.25e+00 1.67e+04   0.6 5.49e+03    -  5.71e-07 1.37e-10f  1
iter    objective    inf_pr   inf_du lg(mu)  ||d||  lg(rg) alpha_du alpha_pr  ls
 530r 1.6907575e+01 6.25e+00 9.99e+02   0.6 0.00e+00    -  0.00e+00 2.03e-08R  2
 531r 1.6907205e+01 6.25e+00 3.34e+05   0.6 1.11e+06    -  1.40e-07 4.61e-09f  1
 532  1.6907182e+01 6.25e+00 2.81e+03  -6.0 7.51e+03    -  5.84e-05 1.54e-06h  1
 533  1.6907050e+01 6.25e+00 7.16e+03  -6.0 1.07e+04    -  3.66e-06 9.17e-06h  1
 534  1.6906995e+01 6.25e+00 3.71e+04  -6.0 1.18e+04    -  3.81e-03 4.04e-06h  1
 535  1.6905485e+01 6.25e+00 2.43e+05  -6.0 1.34e+04    -  1.68e-05 1.32e-04h  1
 536  1.6904987e+01 6.25e+00 2.44e+05  -6.0 1.33e+04    -  1.09e-03 5.07e-05h  1
 537  1.6902398e+01 6.25e+00 2.44e+05  -6.0 1.28e+04    -  2.31e-04 2.32e-04h  1
 538r 1.6902398e+01 6.25e+00 1.00e+03   0.6 0.00e+00    -  0.00e+00 7.18e-08R  2
 539r 1.6902398e+01 6.25e+00 1.38e+04   0.6 4.33e+03    -  2.01e-06 2.32e-12f  2
iter    objective    inf_pr   inf_du lg(mu)  ||d||  lg(rg) alpha_du alpha_pr  ls
 540r 1.6902398e+01 6.25e+00 9.99e+02   0.6 0.00e+00    -  0.00e+00 1.38e-08R  2
 541r 1.6902112e+01 6.25e+00 4.40e+05   0.6 1.43e+06    -  1.58e-07 4.61e-09f  1
 542  1.6902090e+01 6.25e+00 4.60e+02  -6.0 7.33e+03    -  1.07e-05 1.47e-06h  1
 543  1.6902015e+01 6.25e+00 5.69e+02  -6.0 9.89e+03    -  4.27e-06 5.14e-06h  1
 544  1.6901948e+01 6.25e+00 5.26e+03  -6.0 1.11e+04    -  4.09e-04 4.92e-06h  1
 545  1.6901805e+01 6.25e+00 4.79e+03  -6.0 1.32e+04    -  1.38e-05 1.25e-05h  1
 546r 1.6901805e+01 6.25e+00 9.99e+02   0.6 0.00e+00    -  0.00e+00 6.30e-09R  2
 547r 1.6901804e+01 6.25e+00 1.95e+04   0.6 7.66e+04    -  4.59e-08 2.19e-11f  1
 548r 1.6901804e+01 6.25e+00 9.99e+02   0.6 0.00e+00    -  0.00e+00 3.15e-08R  2
 549r 1.6901710e+01 6.25e+00 1.05e+05   0.6 8.94e+04    -  9.06e-08 4.61e-09f  1
iter    objective    inf_pr   inf_du lg(mu)  ||d||  lg(rg) alpha_du alpha_pr  ls
 550  1.6901689e+01 6.25e+00 1.56e+03  -6.0 7.32e+03    -  3.30e-05 1.47e-06h  1
 551  1.6901590e+01 6.25e+00 2.96e+03  -6.0 1.03e+04    -  3.70e-06 6.88e-06h  1
 552  1.6901522e+01 6.25e+00 2.28e+04  -6.0 1.14e+04    -  2.06e-03 5.10e-06h  1
 553  1.6900450e+01 6.25e+00 1.31e+05  -6.0 1.25e+04    -  1.55e-05 1.00e-04h  1
 554  1.6899973e+01 6.25e+00 1.32e+05  -6.0 1.19e+04    -  1.43e-03 4.97e-05h  1
 555  1.6899914e+01 6.25e+00 1.31e+05  -6.0 1.13e+04    -  1.80e-04 7.54e-06h  1
 556  1.6899841e+01 6.25e+00 1.90e+05  -6.0 1.29e+04    -  5.58e-04 1.03e-05f  1
 557r 1.6899841e+01 6.25e+00 1.00e+03   0.6 0.00e+00    -  0.00e+00 2.48e-07R  2
 558r 1.6899824e+01 6.25e+00 1.21e+06   0.6 4.33e+03    -  3.13e-04 1.18e-08f  1
 559r 1.6899824e+01 6.25e+00 9.99e+02   0.6 0.00e+00    -  0.00e+00 7.48e-09R  7
iter    objective    inf_pr   inf_du lg(mu)  ||d||  lg(rg) alpha_du alpha_pr  ls
 560r 1.6899811e+01 6.25e+00 1.50e+06   0.6 4.06e+04    -  1.81e-05 4.61e-09f  1
 561  1.6899790e+01 6.25e+00 4.67e+02  -6.0 7.08e+03    -  1.09e-05 1.43e-06h  1
 562  1.6899718e+01 6.25e+00 5.60e+02  -6.0 9.64e+03    -  4.21e-06 4.93e-06h  1
 563  1.6899652e+01 6.25e+00 8.85e+03  -6.0 1.09e+04    -  6.98e-04 4.89e-06h  1
 564  1.6899621e+01 6.25e+00 2.37e+03  -6.0 1.28e+04    -  1.34e-05 3.00e-06h  1
 565  1.6899353e+01 6.25e+00 3.68e+05  -6.0 1.30e+04    -  3.70e-03 2.64e-05h  1
 566r 1.6899353e+01 6.25e+00 1.00e+03   0.6 0.00e+00    -  0.00e+00 7.47e-09R  2
 567r 1.6899336e+01 6.25e+00 2.71e+04   0.6 4.33e+03    -  6.93e-06 1.19e-08f  1
 568r 1.6899336e+01 6.25e+00 9.99e+02   0.6 0.00e+00    -  0.00e+00 7.19e-09R  7
 569r 1.6899322e+01 6.25e+00 1.50e+06   0.6 4.01e+04    -  1.83e-05 4.61e-09f  1
iter    objective    inf_pr   inf_du lg(mu)  ||d||  lg(rg) alpha_du alpha_pr  ls
 570  1.6899302e+01 6.25e+00 1.85e+03  -6.0 6.94e+03    -  3.88e-05 1.41e-06h  1
 571  1.6899203e+01 6.25e+00 3.64e+03  -6.0 9.99e+03    -  3.60e-06 6.96e-06h  1
 572  1.6899154e+01 6.25e+00 2.95e+04  -6.0 1.10e+04    -  2.68e-03 3.73e-06h  1
 573  1.6898473e+01 6.25e+00 1.74e+05  -6.0 9.46e+03    -  1.42e-05 9.30e-05h  1
 574  1.6898361e+01 6.25e+00 2.14e+05  -6.0 1.09e+04    -  9.03e-04 2.28e-05h  1
 575  1.6898350e+01 6.25e+00 2.88e+05  -6.0 2.00e+04    -  1.47e-04 2.78e-06h  1
 576  1.6899270e+01 6.25e+00 1.73e+05  -6.0 3.30e+04    -  2.04e-04 4.19e-04h  1
 577  1.6899010e+01 6.25e+00 8.44e+05  -6.0 3.91e+04    -  7.67e-04 2.24e-04h  1
 578  1.6900545e+01 6.26e+00 1.43e+06  -6.0 4.40e+04    -  9.86e-04 6.44e-04h  1
 579  1.6902594e+01 6.27e+00 4.59e+06  -6.0 4.50e+04    -  2.32e-03 5.10e-04h  3
iter    objective    inf_pr   inf_du lg(mu)  ||d||  lg(rg) alpha_du alpha_pr  ls
 580  1.6904011e+01 6.27e+00 8.01e+06  -6.0 4.43e+04    -  2.35e-03 3.59e-04h  4
 581  1.6906481e+01 6.28e+00 1.84e+07  -6.0 4.38e+04    -  6.78e-03 6.22e-04h  3
 582  1.6908411e+01 6.29e+00 3.05e+07  -6.0 4.28e+04    -  7.88e-03 4.57e-04h  3
 583  1.6911625e+01 6.30e+00 3.26e+07  -6.0 4.39e+04    -  2.03e-03 6.76e-04h  2
 584  1.6915153e+01 6.31e+00 3.15e+07  -6.0 4.43e+04    -  1.61e-09 6.58e-04h  3
 585  1.6918276e+01 6.32e+00 3.35e+07  -6.0 4.45e+04    -  1.86e-03 5.62e-04h  5
 586  1.6921267e+01 6.33e+00 3.48e+07  -6.0 4.48e+04    -  1.42e-03 5.20e-04h  5
 587  1.6924114e+01 6.33e+00 4.13e+07  -6.0 4.50e+04    -  4.87e-03 4.82e-04h  5
 588  1.6929851e+01 6.35e+00 4.42e+07  -6.0 4.57e+04    -  2.91e-03 8.87e-04h  4
 589  1.6971479e+01 7.41e+00 4.48e+07  -6.0 4.61e+04    -  6.69e-03 6.10e-03w  1
iter    objective    inf_pr   inf_du lg(mu)  ||d||  lg(rg) alpha_du alpha_pr  ls
 590  1.6971469e+01 7.41e+00 6.18e+07  -6.0 5.42e+04    -  8.80e-03 1.45e-07w  1
 591  1.6991409e+01 7.71e+00 5.70e+07  -6.0 4.62e+04    -  4.80e-08 2.77e-03w  1
 592  1.6935054e+01 6.36e+00 5.26e+07  -6.0 6.84e+04    -  6.69e-03 7.62e-04h  3
 593  1.6945185e+01 6.40e+00 5.91e+07  -6.0 4.70e+04    -  6.08e-03 1.30e-03h  3
 594  1.6953611e+01 6.42e+00 7.08e+07  -6.0 4.80e+04    -  9.78e-03 9.40e-04h  3
 595  1.6968696e+01 6.45e+00 8.19e+07  -6.0 4.94e+04    -  1.01e-02 1.36e-03h  2
 596  1.6986511e+01 6.47e+00 8.12e+07  -6.0 5.07e+04    -  7.95e-04 1.23e-03h  1
 597  1.6985839e+01 6.47e+00 1.08e+08  -6.0 4.26e+04    -  1.55e-02 1.52e-05h  1
 598  1.6418532e+01 9.74e+00 1.03e+08  -6.0 5.28e+04    -  5.50e-03 7.31e-03f  1
 599  1.6228957e+01 9.84e+00 9.87e+07  -6.0 5.76e+04    -  7.13e-08 2.49e-03h  1
iter    objective    inf_pr   inf_du lg(mu)  ||d||  lg(rg) alpha_du alpha_pr  ls
 600  1.6230599e+01 9.84e+00 2.30e+08  -6.0 6.45e+04  -3.5 1.38e-02 1.69e-05h  1
 601  1.6244030e+01 9.84e+00 2.66e+08  -6.0 9.14e+04    -  7.96e-03 1.05e-04h  6
 602  1.6273205e+01 9.84e+00 3.06e+08  -6.0 1.11e+05    -  8.03e-03 1.11e-04h  4
 603  1.6351432e+01 9.84e+00 3.13e+08  -6.0 1.22e+05    -  1.30e-03 6.62e-05h  8
 604  1.6387843e+01 9.84e+00 3.19e+08  -6.0 1.23e+05    -  1.27e-03 1.75e-05h 10
 605r 1.6387843e+01 9.84e+00 1.00e+03   0.8 0.00e+00    -  0.00e+00 2.67e-07R 16
 606r 1.6387577e+01 9.84e+00 1.31e+05   0.8 7.87e+03    -  1.98e-05 8.52e-08f  1
 607r 1.6387577e+01 9.84e+00 9.99e+02   0.8 0.00e+00    -  0.00e+00 1.04e-07R  2
 608r 1.6387569e+01 9.84e+00 7.38e+05   0.8 6.82e+03    -  6.30e-05 2.93e-09f  1
 609  1.6387562e+01 9.84e+00 6.63e+02  -6.0 3.14e+03    -  1.39e-05 5.59e-07h  2
iter    objective    inf_pr   inf_du lg(mu)  ||d||  lg(rg) alpha_du alpha_pr  ls
 610  1.6387522e+01 9.84e+00 7.44e+02  -6.0 5.18e+03    -  2.99e-06 3.34e-06h  1
 611  1.6387493e+01 9.84e+00 1.20e+04  -6.0 6.76e+03    -  6.70e-04 2.49e-06h  1
 612  1.6387489e+01 9.84e+00 3.05e+03  -6.0 1.88e+04    -  8.47e-06 6.53e-07h  2
 613  1.6387456e+01 9.84e+00 7.37e+05  -6.0 2.07e+04    -  1.59e-03 5.19e-06h  1
 614r 1.6387456e+01 9.84e+00 1.00e+03   0.8 0.00e+00    -  0.00e+00 2.22e-07R  2
 615r 1.6387439e+01 9.84e+00 7.46e+05   0.8 6.82e+03    -  1.11e-04 5.82e-09f  1
 616r 1.6387439e+01 9.84e+00 9.99e+02   0.8 0.00e+00    -  0.00e+00 1.19e-07R  2
 617r 1.6387423e+01 9.84e+00 1.31e+06   0.8 4.35e+04    -  1.04e-05 2.93e-09f  1
 618  1.6387415e+01 9.84e+00 8.44e+02  -6.0 3.10e+03    -  1.77e-05 5.91e-07h  2
 619  1.6387374e+01 9.84e+00 1.00e+03  -6.0 5.28e+03    -  2.93e-06 3.46e-06h  1
iter    objective    inf_pr   inf_du lg(mu)  ||d||  lg(rg) alpha_du alpha_pr  ls
 620  1.6387365e+01 9.84e+00 1.25e+04  -6.0 6.81e+03    -  6.97e-04 7.89e-07h  2
 621  1.6387340e+01 9.84e+00 7.01e+03  -6.0 1.89e+04    -  6.90e-06 3.60e-06h  1
 622  1.6387333e+01 9.84e+00 7.30e+05  -6.0 2.07e+04    -  1.51e-03 1.23e-06h  2
 623r 1.6387333e+01 9.84e+00 1.00e+03   0.8 0.00e+00    -  0.00e+00 3.70e-07R  3
 624r 1.6387315e+01 9.84e+00 7.55e+05   0.8 6.82e+03    -  1.11e-04 5.73e-09f  1
 625r 1.6387315e+01 9.84e+00 9.99e+02   0.8 0.00e+00    -  0.00e+00 1.76e-07R  2
 626r 1.6387297e+01 9.84e+00 1.33e+06   0.8 5.92e+04    -  7.80e-06 2.93e-09f  1
 627  1.6387289e+01 9.84e+00 1.21e+03  -6.0 3.07e+03    -  2.51e-05 6.18e-07h  2
 628  1.6387243e+01 9.84e+00 1.66e+03  -6.0 5.39e+03    -  2.85e-06 3.88e-06h  1
 629  1.6387217e+01 9.84e+00 1.23e+04  -6.0 6.71e+03    -  6.92e-04 2.36e-06h  1
iter    objective    inf_pr   inf_du lg(mu)  ||d||  lg(rg) alpha_du alpha_pr  ls
 630  1.6387168e+01 9.84e+00 1.00e+04  -6.0 1.90e+04    -  8.94e-06 7.06e-06h  1
 631r 1.6387168e+01 9.84e+00 1.00e+03   0.8 0.00e+00    -  0.00e+00 7.61e-08R  2
 632r 1.6387168e+01 9.84e+00 2.68e+04   0.8 7.79e+03    -  2.20e-07 3.12e-11f  1
 633r 1.6387168e+01 9.84e+00 9.99e+02   0.8 0.00e+00    -  0.00e+00 6.28e-09R  2
 634r 1.6386806e+01 9.84e+00 5.26e+05   0.8 1.98e+06    -  9.74e-08 2.93e-09f  1
 635  1.6386798e+01 9.84e+00 1.64e+03  -6.0 3.08e+03    -  3.38e-05 6.19e-07h  2
 636  1.6386748e+01 9.84e+00 2.51e+03  -6.0 5.61e+03    -  2.79e-06 4.22e-06h  1
 637  1.6386717e+01 9.84e+00 1.38e+04  -6.0 7.04e+03    -  7.76e-04 2.69e-06h  1
 638  1.6386535e+01 9.84e+00 2.60e+04  -6.0 1.46e+04    -  9.61e-06 1.99e-05h  1
 639  1.6386493e+01 9.84e+00 1.54e+05  -6.0 1.50e+04    -  6.46e-03 3.84e-06h  1
iter    objective    inf_pr   inf_du lg(mu)  ||d||  lg(rg) alpha_du alpha_pr  ls
 640  1.6386267e+01 9.84e+00 1.54e+05  -6.0 2.22e+04    -  3.34e-05 2.54e-05h  1
 641r 1.6386267e+01 9.84e+00 1.00e+03   0.8 0.00e+00    -  0.00e+00 7.30e-08R  6
 642r 1.6386267e+01 9.84e+00 5.11e+04   0.8 6.82e+03    -  6.40e-06 6.44e-11f  1
 643r 1.6386267e+01 9.84e+00 9.99e+02   0.8 0.00e+00    -  0.00e+00 5.48e-09R  2
 644r 1.6385957e+01 9.84e+00 5.29e+05   0.8 1.67e+06    -  1.15e-07 2.93e-09f  1
 645  1.6385949e+01 9.84e+00 7.27e+02  -6.0 3.08e+03    -  1.53e-05 6.19e-07h  2
 646  1.6385910e+01 9.84e+00 8.08e+02  -6.0 5.18e+03    -  3.02e-06 3.34e-06h  1
 647  1.6385881e+01 9.84e+00 1.25e+04  -6.0 6.77e+03    -  7.02e-04 2.57e-06h  1
 648  1.6385778e+01 9.84e+00 1.63e+04  -6.0 1.45e+04    -  8.60e-06 1.13e-05h  1
 649  1.6385645e+01 9.84e+00 1.23e+05  -6.0 1.50e+04    -  5.23e-03 1.22e-05h  1
iter    objective    inf_pr   inf_du lg(mu)  ||d||  lg(rg) alpha_du alpha_pr  ls
 650  1.6385493e+01 9.84e+00 1.24e+05  -6.0 2.15e+04    -  3.22e-05 1.70e-05h  1
 651r 1.6385493e+01 9.84e+00 1.00e+03   0.8 0.00e+00    -  0.00e+00 2.88e-07R  4
 652r 1.6385493e+01 9.84e+00 4.65e+04   0.8 6.82e+03    -  5.92e-06 7.71e-11f  1
 653r 1.6385493e+01 9.84e+00 9.99e+02   0.8 0.00e+00    -  0.00e+00 4.39e-09R  2
 654r 1.6385198e+01 9.84e+00 5.28e+05   0.8 1.58e+06    -  1.21e-07 2.93e-09f  1
 655  1.6385190e+01 9.84e+00 7.10e+02  -6.0 3.10e+03    -  1.49e-05 5.97e-07h  2
 656  1.6385151e+01 9.84e+00 7.86e+02  -6.0 5.22e+03    -  3.00e-06 3.31e-06h  1
 657  1.6385123e+01 9.84e+00 1.24e+04  -6.0 6.82e+03    -  6.90e-04 2.51e-06h  1
 658  1.6385023e+01 9.84e+00 1.60e+04  -6.0 1.45e+04    -  8.49e-06 1.11e-05h  1
 659  1.6384884e+01 9.84e+00 1.17e+05  -6.0 1.50e+04    -  4.92e-03 1.28e-05h  1
iter    objective    inf_pr   inf_du lg(mu)  ||d||  lg(rg) alpha_du alpha_pr  ls
 660  1.6384759e+01 9.84e+00 1.17e+05  -6.0 2.18e+04    -  3.25e-05 1.42e-05h  1
 661r 1.6384759e+01 9.84e+00 1.00e+03   0.8 0.00e+00    -  0.00e+00 3.62e-07R  4
 662r 1.6384759e+01 9.84e+00 4.37e+04   0.8 6.82e+03    -  5.55e-06 7.38e-11f  1
 663r 1.6384759e+01 9.84e+00 9.99e+02   0.8 0.00e+00    -  0.00e+00 4.34e-09R  2
 664r 1.6384457e+01 9.84e+00 5.25e+05   0.8 1.61e+06    -  1.19e-07 2.93e-09f  1
 665  1.6384450e+01 9.84e+00 7.07e+02  -6.0 3.10e+03    -  1.49e-05 5.93e-07h  2
 666  1.6384411e+01 9.84e+00 7.84e+02  -6.0 5.23e+03    -  3.00e-06 3.32e-06h  1
 667  1.6384383e+01 9.84e+00 1.22e+04  -6.0 6.83e+03    -  6.75e-04 2.50e-06h  1
 668  1.6384284e+01 9.84e+00 1.56e+04  -6.0 1.46e+04    -  8.48e-06 1.10e-05h  1
 669  1.6384139e+01 9.84e+00 1.11e+05  -6.0 1.51e+04    -  4.67e-03 1.35e-05h  1
iter    objective    inf_pr   inf_du lg(mu)  ||d||  lg(rg) alpha_du alpha_pr  ls
 670  1.6384017e+01 9.84e+00 1.12e+05  -6.0 2.15e+04    -  3.31e-05 1.39e-05h  1
 671r 1.6384017e+01 9.84e+00 1.00e+03   0.8 0.00e+00    -  0.00e+00 3.36e-07R  4
 672r 1.6384017e+01 9.84e+00 4.11e+04   0.8 6.82e+03    -  5.21e-06 7.04e-11f  1
 673r 1.6384017e+01 9.84e+00 9.99e+02   0.8 0.00e+00    -  0.00e+00 4.22e-09R  2
 674r 1.6383708e+01 9.84e+00 5.22e+05   0.8 1.63e+06    -  1.16e-07 2.93e-09f  1
 675  1.6383701e+01 9.84e+00 7.08e+02  -6.0 3.10e+03    -  1.49e-05 5.92e-07h  2
 676  1.6383662e+01 9.84e+00 7.87e+02  -6.0 5.24e+03    -  3.00e-06 3.32e-06h  1
 677  1.6383634e+01 9.84e+00 1.19e+04  -6.0 6.85e+03    -  6.60e-04 2.49e-06h  1
 678  1.6383537e+01 9.84e+00 1.51e+04  -6.0 1.47e+04    -  8.48e-06 1.09e-05h  1
 679  1.6383386e+01 9.84e+00 1.08e+05  -6.0 1.52e+04    -  4.50e-03 1.42e-05h  1
iter    objective    inf_pr   inf_du lg(mu)  ||d||  lg(rg) alpha_du alpha_pr  ls
 680  1.6383266e+01 9.84e+00 1.08e+05  -6.0 2.14e+04    -  3.36e-05 1.37e-05h  1
 681r 1.6383266e+01 9.84e+00 1.00e+03   0.8 0.00e+00    -  0.00e+00 3.17e-07R  4
 682r 1.6383266e+01 9.84e+00 3.88e+04   0.8 6.82e+03    -  4.89e-06 6.83e-11f  1
 683r 1.6383266e+01 9.84e+00 9.99e+02   0.8 0.00e+00    -  0.00e+00 4.13e-09R  2
 684r 1.6382952e+01 9.84e+00 5.20e+05   0.8 1.65e+06    -  1.14e-07 2.93e-09f  1
 685  1.6382945e+01 9.84e+00 7.10e+02  -6.0 3.10e+03    -  1.49e-05 5.91e-07h  2
 686  1.6382906e+01 9.84e+00 7.91e+02  -6.0 5.25e+03    -  3.00e-06 3.32e-06h  1
 687  1.6382878e+01 9.84e+00 1.17e+04  -6.0 6.86e+03    -  6.45e-04 2.48e-06h  1
 688  1.6382783e+01 9.84e+00 1.47e+04  -6.0 1.47e+04    -  8.47e-06 1.08e-05h  1
 689  1.6382624e+01 9.84e+00 1.05e+05  -6.0 1.52e+04    -  4.38e-03 1.49e-05h  1
iter    objective    inf_pr   inf_du lg(mu)  ||d||  lg(rg) alpha_du alpha_pr  ls
 690  1.6382510e+01 9.84e+00 1.06e+05  -6.0 2.13e+04    -  3.43e-05 1.32e-05h  1
 691r 1.6382510e+01 9.84e+00 1.00e+03   0.8 0.00e+00    -  0.00e+00 3.12e-07R  4
 692r 1.6382510e+01 9.84e+00 3.68e+04   0.8 6.82e+03    -  4.62e-06 6.70e-11f  1
 693r 1.6382510e+01 9.84e+00 9.99e+02   0.8 0.00e+00    -  0.00e+00 4.05e-09R  2
 694r 1.6382191e+01 9.84e+00 5.17e+05   0.8 1.66e+06    -  1.12e-07 2.93e-09f  1
 695  1.6382184e+01 9.84e+00 7.12e+02  -6.0 3.10e+03    -  1.50e-05 5.91e-07h  2
 696  1.6382145e+01 9.84e+00 7.95e+02  -6.0 5.26e+03    -  2.99e-06 3.33e-06h  1
 697  1.6382118e+01 9.84e+00 1.14e+04  -6.0 6.87e+03    -  6.30e-04 2.47e-06h  1
 698  1.6382025e+01 9.83e+00 1.42e+04  -6.0 1.48e+04    -  8.47e-06 1.07e-05h  1
 699  1.6381858e+01 9.83e+00 1.04e+05  -6.0 1.53e+04    -  4.31e-03 1.57e-05f  1
iter    objective    inf_pr   inf_du lg(mu)  ||d||  lg(rg) alpha_du alpha_pr  ls
 700  1.6381750e+01 9.83e+00 1.05e+05  -6.0 2.14e+04    -  3.49e-05 1.25e-05h  1
 701r 1.6381750e+01 9.83e+00 1.00e+03   0.8 0.00e+00    -  0.00e+00 3.16e-07R  4
 702r 1.6381750e+01 9.83e+00 3.51e+04   0.8 6.82e+03    -  4.38e-06 6.62e-11f  1
 703r 1.6381750e+01 9.83e+00 9.99e+02   0.8 0.00e+00    -  0.00e+00 3.98e-09R  2
 704r 1.6381428e+01 9.83e+00 5.15e+05   0.8 1.66e+06    -  1.11e-07 2.93e-09f  1
 705  1.6381420e+01 9.83e+00 7.15e+02  -6.0 3.10e+03    -  1.50e-05 5.90e-07h  2
 706  1.6381382e+01 9.83e+00 7.99e+02  -6.0 5.27e+03    -  2.99e-06 3.33e-06h  1
 707  1.6381354e+01 9.83e+00 1.12e+04  -6.0 6.89e+03    -  6.16e-04 2.46e-06h  1
 708  1.6381263e+01 9.83e+00 1.38e+04  -6.0 1.48e+04    -  8.46e-06 1.06e-05h  1
 709  1.6381089e+01 9.83e+00 1.03e+05  -6.0 1.54e+04    -  4.25e-03 1.65e-05f  1
iter    objective    inf_pr   inf_du lg(mu)  ||d||  lg(rg) alpha_du alpha_pr  ls
 710  1.6380988e+01 9.83e+00 1.04e+05  -6.0 2.15e+04    -  3.57e-05 1.18e-05h  1
 711r 1.6380988e+01 9.83e+00 1.00e+03   0.8 0.00e+00    -  0.00e+00 3.28e-07R  4
 712r 1.6380988e+01 9.83e+00 3.37e+04   0.8 6.82e+03    -  4.18e-06 6.58e-11f  1
 713r 1.6380988e+01 9.83e+00 9.99e+02   0.8 0.00e+00    -  0.00e+00 3.90e-09R  2
 714r 1.6380663e+01 9.83e+00 5.12e+05   0.8 1.67e+06    -  1.10e-07 2.93e-09f  1
 715  1.6380656e+01 9.83e+00 7.17e+02  -6.0 3.09e+03    -  1.51e-05 5.89e-07h  2
 716  1.6380617e+01 9.83e+00 8.03e+02  -6.0 5.28e+03    -  2.99e-06 3.33e-06h  1
 717  1.6380590e+01 9.83e+00 1.09e+04  -6.0 6.90e+03    -  6.01e-04 2.45e-06h  1
 718  1.6380500e+01 9.83e+00 1.33e+04  -6.0 1.49e+04    -  8.46e-06 1.05e-05h  1
 719  1.6380317e+01 9.83e+00 1.03e+05  -6.0 1.55e+04    -  4.22e-03 1.74e-05f  1
iter    objective    inf_pr   inf_du lg(mu)  ||d||  lg(rg) alpha_du alpha_pr  ls
 720  1.6380225e+01 9.83e+00 1.04e+05  -6.0 2.16e+04    -  3.65e-05 1.09e-05h  1
 721r 1.6380225e+01 9.83e+00 1.00e+03   0.8 0.00e+00    -  0.00e+00 3.51e-07R  4
 722r 1.6380225e+01 9.83e+00 3.26e+04   0.8 6.82e+03    -  4.02e-06 6.57e-11f  1
 723r 1.6380225e+01 9.83e+00 9.99e+02   0.8 0.00e+00    -  0.00e+00 3.82e-09R  2
 724r 1.6379897e+01 9.83e+00 5.10e+05   0.8 1.67e+06    -  1.09e-07 2.93e-09f  1
 725  1.6379890e+01 9.83e+00 7.20e+02  -6.0 3.09e+03    -  1.51e-05 5.89e-07h  2
 726  1.6379852e+01 9.83e+00 8.08e+02  -6.0 5.29e+03    -  2.99e-06 3.34e-06h  1
 727  1.6379825e+01 9.83e+00 1.07e+04  -6.0 6.92e+03    -  5.87e-04 2.44e-06h  1
 728  1.6379737e+01 9.83e+00 1.29e+04  -6.0 1.50e+04    -  8.45e-06 1.04e-05h  1
 729  1.6379545e+01 9.83e+00 1.03e+05  -6.0 1.55e+04    -  4.21e-03 1.84e-05f  1
iter    objective    inf_pr   inf_du lg(mu)  ||d||  lg(rg) alpha_du alpha_pr  ls
 730  1.6379462e+01 9.83e+00 1.04e+05  -6.0 2.19e+04    -  3.73e-05 9.87e-06h  1
 731r 1.6379462e+01 9.83e+00 1.00e+03   0.8 0.00e+00    -  0.00e+00 3.86e-07R  4
 732r 1.6379462e+01 9.83e+00 3.17e+04   0.8 6.82e+03    -  3.88e-06 6.59e-11f  1
 733r 1.6379462e+01 9.83e+00 9.99e+02   0.8 0.00e+00    -  0.00e+00 3.73e-09R  2
 734r 1.6379132e+01 9.83e+00 5.08e+05   0.8 1.67e+06    -  1.08e-07 2.93e-09f  1
 735  1.6379125e+01 9.83e+00 7.23e+02  -6.0 3.09e+03    -  1.52e-05 5.88e-07h  2
 736  1.6379086e+01 9.83e+00 8.12e+02  -6.0 5.29e+03    -  2.98e-06 3.34e-06h  1
 737  1.6379060e+01 9.83e+00 1.04e+04  -6.0 6.93e+03    -  5.73e-04 2.43e-06h  1
 738  1.6378973e+01 9.83e+00 1.25e+04  -6.0 1.51e+04    -  8.45e-06 1.03e-05h  1
 739  1.6378772e+01 9.83e+00 1.04e+05  -6.0 1.56e+04    -  4.20e-03 1.94e-05f  1
iter    objective    inf_pr   inf_du lg(mu)  ||d||  lg(rg) alpha_du alpha_pr  ls
 740  1.6378700e+01 9.83e+00 1.05e+05  -6.0 2.22e+04    -  3.82e-05 8.74e-06h  1
 741r 1.6378700e+01 9.83e+00 1.00e+03   0.8 0.00e+00    -  0.00e+00 4.41e-07R  4
 742r 1.6378700e+01 9.83e+00 3.11e+04   0.8 6.82e+03    -  3.78e-06 6.62e-11f  1
 743r 1.6378700e+01 9.83e+00 9.99e+02   0.8 0.00e+00    -  0.00e+00 3.62e-09R  2
 744r 1.6378368e+01 9.83e+00 5.05e+05   0.8 1.66e+06    -  1.08e-07 2.93e-09f  1
 745  1.6378361e+01 9.83e+00 7.25e+02  -6.0 3.09e+03    -  1.52e-05 5.87e-07h  2
 746  1.6378322e+01 9.83e+00 8.17e+02  -6.0 5.30e+03    -  2.98e-06 3.34e-06h  1
 747  1.6378296e+01 9.83e+00 1.02e+04  -6.0 6.95e+03    -  5.60e-04 2.42e-06h  1
 748  1.6378211e+01 9.83e+00 1.21e+04  -6.0 1.51e+04    -  8.44e-06 1.02e-05h  1
 749  1.6377999e+01 9.83e+00 1.05e+05  -6.0 1.57e+04    -  4.21e-03 2.05e-05f  1
iter    objective    inf_pr   inf_du lg(mu)  ||d||  lg(rg) alpha_du alpha_pr  ls
 750  1.6377939e+01 9.83e+00 1.06e+05  -6.0 2.26e+04    -  3.92e-05 7.50e-06h  1
 751r 1.6377939e+01 9.83e+00 1.00e+03   0.8 0.00e+00    -  0.00e+00 2.64e-07R  5
 752r 1.6377938e+01 9.83e+00 3.06e+04   0.8 6.82e+03    -  3.70e-06 6.67e-11f  1
 753r 1.6377938e+01 9.83e+00 9.99e+02   0.8 0.00e+00    -  0.00e+00 3.49e-09R  2
 754r 1.6377605e+01 9.83e+00 5.03e+05   0.8 1.66e+06    -  1.07e-07 2.93e-09f  1
 755  1.6377598e+01 9.83e+00 7.28e+02  -6.0 3.09e+03    -  1.53e-05 5.87e-07h  2
 756  1.6377559e+01 9.83e+00 8.21e+02  -6.0 5.31e+03    -  2.98e-06 3.35e-06h  1
 757  1.6377533e+01 9.83e+00 9.99e+03  -6.0 6.97e+03    -  5.46e-04 2.41e-06h  1
 758  1.6377449e+01 9.83e+00 1.18e+04  -6.0 1.52e+04    -  8.44e-06 1.01e-05h  1
 759  1.6377233e+01 9.83e+00 1.06e+05  -6.0 1.58e+04    -  4.23e-03 2.11e-05f  1
iter    objective    inf_pr   inf_du lg(mu)  ||d||  lg(rg) alpha_du alpha_pr  ls
 760  1.6377179e+01 9.83e+00 1.07e+05  -6.0 2.29e+04    -  3.97e-05 6.76e-06h  1
 761r 1.6377179e+01 9.83e+00 1.00e+03   0.8 0.00e+00    -  0.00e+00 3.02e-07R  5
 762r 1.6377179e+01 9.83e+00 3.03e+04   0.8 6.82e+03    -  3.64e-06 6.74e-11f  1
 763r 1.6377179e+01 9.83e+00 9.99e+02   0.8 0.00e+00    -  0.00e+00 4.00e-09R  2
 764r 1.6376844e+01 9.83e+00 5.01e+05   0.8 1.65e+06    -  1.07e-07 2.93e-09f  1
 765  1.6376837e+01 9.83e+00 7.30e+02  -6.0 3.09e+03    -  1.53e-05 5.86e-07h  2
 766  1.6376799e+01 9.83e+00 8.25e+02  -6.0 5.32e+03    -  2.98e-06 3.35e-06h  1
 767  1.6376772e+01 9.83e+00 9.76e+03  -6.0 6.98e+03    -  5.33e-04 2.40e-06h  1
 768  1.6376690e+01 9.83e+00 1.14e+04  -6.0 1.53e+04    -  8.43e-06 9.98e-06h  1
 769  1.6376476e+01 9.83e+00 1.07e+05  -6.0 1.58e+04    -  4.24e-03 2.09e-05f  1
iter    objective    inf_pr   inf_du lg(mu)  ||d||  lg(rg) alpha_du alpha_pr  ls
 770  1.6376423e+01 9.83e+00 1.08e+05  -6.0 2.30e+04    -  3.94e-05 6.76e-06h  1
 771r 1.6376423e+01 9.83e+00 1.00e+03   0.8 0.00e+00    -  0.00e+00 3.06e-07R  5
 772r 1.6376423e+01 9.83e+00 3.01e+04   0.8 6.81e+03    -  3.59e-06 6.79e-11f  1
 773r 1.6376423e+01 9.83e+00 9.99e+02   0.8 0.00e+00    -  0.00e+00 4.14e-09R  2
 774r 1.6376086e+01 9.83e+00 4.99e+05   0.8 1.65e+06    -  1.06e-07 2.93e-09f  1
 775  1.6376079e+01 9.83e+00 7.32e+02  -6.0 3.09e+03    -  1.54e-05 5.85e-07h  2
 776  1.6376041e+01 9.83e+00 8.29e+02  -6.0 5.33e+03    -  2.98e-06 3.35e-06h  1
 777  1.6376014e+01 9.83e+00 9.54e+03  -6.0 7.00e+03    -  5.19e-04 2.40e-06h  1
 778  1.6375934e+01 9.83e+00 1.11e+04  -6.0 1.53e+04    -  8.43e-06 9.90e-06h  1
 779  1.6375723e+01 9.83e+00 1.07e+05  -6.0 1.59e+04    -  4.22e-03 2.07e-05f  1
iter    objective    inf_pr   inf_du lg(mu)  ||d||  lg(rg) alpha_du alpha_pr  ls
 780  1.6375668e+01 9.83e+00 1.08e+05  -6.0 2.29e+04    -  3.91e-05 6.97e-06h  1
 781r 1.6375668e+01 9.83e+00 1.00e+03   0.8 0.00e+00    -  0.00e+00 2.99e-07R  5
 782r 1.6375668e+01 9.83e+00 2.97e+04   0.8 6.81e+03    -  3.53e-06 6.79e-11f  1
 783r 1.6375668e+01 9.83e+00 9.99e+02   0.8 0.00e+00    -  0.00e+00 4.14e-09R  2
 784r 1.6375329e+01 9.83e+00 4.97e+05   0.8 1.65e+06    -  1.06e-07 2.93e-09f  1
 785  1.6375322e+01 9.83e+00 7.34e+02  -6.0 3.08e+03    -  1.54e-05 5.85e-07h  2
 786  1.6375284e+01 9.83e+00 8.32e+02  -6.0 5.34e+03    -  2.97e-06 3.36e-06h  1
 787  1.6375258e+01 9.83e+00 9.31e+03  -6.0 7.01e+03    -  5.06e-04 2.39e-06h  1
 788  1.6375178e+01 9.83e+00 1.07e+04  -6.0 1.54e+04    -  8.43e-06 9.81e-06h  1
 789  1.6374974e+01 9.83e+00 1.07e+05  -6.0 1.60e+04    -  4.18e-03 2.01e-05f  1
iter    objective    inf_pr   inf_du lg(mu)  ||d||  lg(rg) alpha_du alpha_pr  ls
 790  1.6374914e+01 9.83e+00 1.08e+05  -6.0 2.26e+04    -  3.84e-05 7.62e-06h  1
 791r 1.6374914e+01 9.83e+00 1.00e+03   0.8 0.00e+00    -  0.00e+00 2.68e-07R  5
 792r 1.6374913e+01 9.83e+00 2.94e+04   0.8 6.81e+03    -  3.47e-06 6.77e-11f  1
 793r 1.6374913e+01 9.83e+00 9.99e+02   0.8 0.00e+00    -  0.00e+00 4.17e-09R  2
 794r 1.6374572e+01 9.83e+00 4.95e+05   0.8 1.65e+06    -  1.05e-07 2.93e-09f  1
 795  1.6374565e+01 9.83e+00 7.35e+02  -6.0 3.08e+03    -  1.54e-05 5.85e-07h  2
 796  1.6374526e+01 9.83e+00 8.34e+02  -6.0 5.35e+03    -  2.97e-06 3.36e-06h  1
 797  1.6374501e+01 9.83e+00 9.08e+03  -6.0 7.02e+03    -  4.92e-04 2.39e-06h  1
 798  1.6374422e+01 9.83e+00 1.03e+04  -6.0 1.54e+04    -  8.43e-06 9.73e-06h  1
 799  1.6374227e+01 9.83e+00 1.06e+05  -6.0 1.61e+04    -  4.12e-03 1.94e-05f  1
iter    objective    inf_pr   inf_du lg(mu)  ||d||  lg(rg) alpha_du alpha_pr  ls
 800  1.6374158e+01 9.83e+00 1.07e+05  -6.0 2.23e+04    -  3.76e-05 8.56e-06h  1
 801r 1.6374158e+01 9.83e+00 1.00e+03   0.8 0.00e+00    -  0.00e+00 4.61e-07R  4
 802r 1.6374158e+01 9.83e+00 2.89e+04   0.8 6.81e+03    -  3.40e-06 6.70e-11f  1
 803r 1.6374158e+01 9.83e+00 9.99e+02   0.8 0.00e+00    -  0.00e+00 4.20e-09R  2
 804r 1.6373813e+01 9.83e+00 4.93e+05   0.8 1.65e+06    -  1.04e-07 2.93e-09f  1
 805  1.6373806e+01 9.83e+00 7.37e+02  -6.0 3.08e+03    -  1.55e-05 5.84e-07h  2
 806  1.6373768e+01 9.83e+00 8.37e+02  -6.0 5.35e+03    -  2.97e-06 3.36e-06h  1
 807  1.6373742e+01 9.83e+00 8.83e+03  -6.0 7.03e+03    -  4.78e-04 2.38e-06h  1
 808  1.6373665e+01 9.83e+00 9.98e+03  -6.0 1.55e+04    -  8.43e-06 9.63e-06h  1
 809  1.6373476e+01 9.83e+00 1.04e+05  -6.0 1.62e+04    -  4.04e-03 1.88e-05f  1
iter    objective    inf_pr   inf_du lg(mu)  ||d||  lg(rg) alpha_du alpha_pr  ls
 810  1.6373401e+01 9.83e+00 1.05e+05  -6.0 2.21e+04    -  3.69e-05 9.35e-06h  1
 811r 1.6373401e+01 9.83e+00 1.00e+03   0.8 0.00e+00    -  0.00e+00 4.04e-07R  4
 812r 1.6373400e+01 9.83e+00 2.85e+04   0.8 6.81e+03    -  3.33e-06 6.60e-11f  1
 813r 1.6373400e+01 9.83e+00 9.99e+02   0.8 0.00e+00    -  0.00e+00 4.17e-09R  2
 814r 1.6373052e+01 9.83e+00 4.91e+05   0.8 1.66e+06    -  1.03e-07 2.93e-09f  1
 815  1.6373045e+01 9.83e+00 7.38e+02  -6.0 3.08e+03    -  1.55e-05 5.84e-07h  2
 816  1.6373006e+01 9.83e+00 8.39e+02  -6.0 5.36e+03    -  2.97e-06 3.36e-06h  1
 817  1.6372980e+01 9.83e+00 8.59e+03  -6.0 7.04e+03    -  4.63e-04 2.38e-06h  1
 818  1.6372905e+01 9.83e+00 9.61e+03  -6.0 1.56e+04    -  8.43e-06 9.53e-06h  1
 819  1.6372721e+01 9.83e+00 1.03e+05  -6.0 1.62e+04    -  3.95e-03 1.84e-05f  1
iter    objective    inf_pr   inf_du lg(mu)  ||d||  lg(rg) alpha_du alpha_pr  ls
 820  1.6372640e+01 9.83e+00 1.04e+05  -6.0 2.19e+04    -  3.65e-05 9.97e-06h  1
 821r 1.6372640e+01 9.83e+00 1.00e+03   0.8 0.00e+00    -  0.00e+00 3.59e-07R  4
 822r 1.6372640e+01 9.83e+00 2.80e+04   0.8 6.81e+03    -  3.26e-06 6.50e-11f  1
 823r 1.6372640e+01 9.83e+00 9.99e+02   0.8 0.00e+00    -  0.00e+00 4.11e-09R  2
 824r 1.6372287e+01 9.83e+00 4.88e+05   0.8 1.67e+06    -  1.01e-07 2.93e-09f  1
 825  1.6372280e+01 9.83e+00 7.39e+02  -6.0 3.08e+03    -  1.55e-05 5.84e-07h  2
 826  1.6372241e+01 9.83e+00 8.42e+02  -6.0 5.37e+03    -  2.97e-06 3.37e-06h  1
 827  1.6372216e+01 9.83e+00 8.34e+03  -6.0 7.05e+03    -  4.48e-04 2.37e-06h  1
 828  1.6372142e+01 9.83e+00 9.23e+03  -6.0 1.56e+04    -  8.43e-06 9.43e-06h  1
 829  1.6371960e+01 9.83e+00 1.01e+05  -6.0 1.63e+04    -  3.86e-03 1.82e-05f  1
iter    objective    inf_pr   inf_du lg(mu)  ||d||  lg(rg) alpha_du alpha_pr  ls
 830  1.6371876e+01 9.83e+00 1.02e+05  -6.0 2.18e+04    -  3.61e-05 1.04e-05h  1
 831r 1.6371876e+01 9.83e+00 1.00e+03   0.8 0.00e+00    -  0.00e+00 3.23e-07R  4
 832r 1.6371876e+01 9.83e+00 2.76e+04   0.8 6.81e+03    -  3.20e-06 6.39e-11f  1
 833r 1.6371876e+01 9.83e+00 9.99e+02   0.8 0.00e+00    -  0.00e+00 4.02e-09R  2
 834r 1.6371518e+01 9.83e+00 4.86e+05   0.8 1.68e+06    -  1.00e-07 2.93e-09f  1
 835  1.6371511e+01 9.83e+00 7.41e+02  -6.0 3.08e+03    -  1.56e-05 5.83e-07h  2
 836  1.6371473e+01 9.83e+00 8.46e+02  -6.0 5.37e+03    -  2.97e-06 3.37e-06h  1
 837  1.6371447e+01 9.83e+00 8.08e+03  -6.0 7.06e+03    -  4.33e-04 2.36e-06h  1
 838  1.6371375e+01 9.83e+00 8.86e+03  -6.0 1.57e+04    -  8.43e-06 9.33e-06h  1
 839  1.6371195e+01 9.83e+00 9.94e+04  -6.0 1.64e+04    -  3.78e-03 1.81e-05f  1
iter    objective    inf_pr   inf_du lg(mu)  ||d||  lg(rg) alpha_du alpha_pr  ls
 840  1.6371108e+01 9.83e+00 1.00e+05  -6.0 2.17e+04    -  3.59e-05 1.07e-05h  1
 841r 1.6371108e+01 9.83e+00 1.00e+03   0.8 0.00e+00    -  0.00e+00 4.79e-07R  3
 842r 1.6371108e+01 9.83e+00 2.73e+04   0.8 6.81e+03    -  3.15e-06 6.29e-11f  1
 843r 1.6371108e+01 9.83e+00 9.99e+02   0.8 0.00e+00    -  0.00e+00 3.90e-09R  2
 844r 1.6370747e+01 9.83e+00 4.84e+05   0.8 1.69e+06    -  9.89e-08 2.93e-09f  1
 845  1.6370740e+01 9.83e+00 7.43e+02  -6.0 3.08e+03    -  1.56e-05 5.83e-07h  2
 846  1.6370701e+01 9.83e+00 8.49e+02  -6.0 5.38e+03    -  2.97e-06 3.37e-06h  1
 847  1.6370676e+01 9.83e+00 7.83e+03  -6.0 7.08e+03    -  4.18e-04 2.36e-06h  1
 848  1.6370605e+01 9.83e+00 8.48e+03  -6.0 1.57e+04    -  8.43e-06 9.22e-06h  1
 849  1.6370426e+01 9.83e+00 9.80e+04  -6.0 1.65e+04    -  3.70e-03 1.81e-05f  1
iter    objective    inf_pr   inf_du lg(mu)  ||d||  lg(rg) alpha_du alpha_pr  ls
 850  1.6370338e+01 9.83e+00 9.89e+04  -6.0 2.16e+04    -  3.58e-05 1.09e-05h  1
 851r 1.6370338e+01 9.83e+00 1.00e+03   0.8 0.00e+00    -  0.00e+00 3.41e-07R  3
 852r 1.6370338e+01 9.83e+00 2.71e+04   0.8 6.81e+03    -  3.11e-06 6.19e-11f  1
 853r 1.6370338e+01 9.83e+00 9.99e+02   0.8 0.00e+00    -  0.00e+00 3.76e-09R  2
 854r 1.6369972e+01 9.83e+00 4.82e+05   0.8 1.69e+06    -  9.77e-08 2.93e-09f  1
 855  1.6369965e+01 9.83e+00 7.44e+02  -6.0 3.07e+03    -  1.56e-05 5.82e-07h  2
 856  1.6369927e+01 9.83e+00 8.52e+02  -6.0 5.39e+03    -  2.96e-06 3.38e-06h  1
 857  1.6369901e+01 9.83e+00 7.57e+03  -6.0 7.09e+03    -  4.03e-04 2.35e-06h  1
 858  1.6369832e+01 9.83e+00 8.11e+03  -6.0 1.58e+04    -  8.44e-06 9.12e-06h  1
 859  1.6369656e+01 9.83e+00 9.67e+04  -6.0 1.66e+04    -  3.63e-03 1.79e-05f  1
iter    objective    inf_pr   inf_du lg(mu)  ||d||  lg(rg) alpha_du alpha_pr  ls
 860  1.6369565e+01 9.83e+00 9.76e+04  -6.0 2.16e+04    -  3.55e-05 1.12e-05h  1
 861r 1.6369565e+01 9.83e+00 1.00e+03   0.8 0.00e+00    -  0.00e+00 4.67e-07R  2
 862r 1.6369565e+01 9.83e+00 2.70e+04   0.8 6.81e+03    -  3.09e-06 6.11e-11f  1
 863r 1.6369565e+01 9.83e+00 9.99e+02   0.8 0.00e+00    -  0.00e+00 3.67e-09R  2
 864r 1.6369196e+01 9.83e+00 4.80e+05   0.8 1.70e+06    -  9.67e-08 2.93e-09f  1
 865  1.6369188e+01 9.83e+00 7.46e+02  -6.0 3.07e+03    -  1.56e-05 5.81e-07h  2
 866  1.6369150e+01 9.83e+00 8.55e+02  -6.0 5.40e+03    -  2.96e-06 3.38e-06h  1
 867  1.6369125e+01 9.83e+00 7.31e+03  -6.0 7.10e+03    -  3.87e-04 2.35e-06h  1
 868  1.6369057e+01 9.83e+00 7.75e+03  -6.0 1.58e+04    -  8.44e-06 9.02e-06h  1
 869  1.6368885e+01 9.83e+00 9.54e+04  -6.0 1.67e+04    -  3.55e-03 1.76e-05f  1
iter    objective    inf_pr   inf_du lg(mu)  ||d||  lg(rg) alpha_du alpha_pr  ls
 870  1.6368791e+01 9.83e+00 9.62e+04  -6.0 2.16e+04    -  3.50e-05 1.17e-05h  1
 871r 1.6368791e+01 9.83e+00 1.00e+03   0.8 0.00e+00    -  0.00e+00 3.44e-07R  2
 872r 1.6368791e+01 9.83e+00 2.69e+04   0.8 6.81e+03    -  3.06e-06 6.02e-11f  1
 873r 1.6368791e+01 9.83e+00 9.99e+02   0.8 0.00e+00    -  0.00e+00 3.63e-09R  2
 874r 1.6368417e+01 9.83e+00 4.78e+05   0.8 1.71e+06    -  9.56e-08 2.93e-09f  1
 875  1.6368410e+01 9.83e+00 7.47e+02  -6.0 3.07e+03    -  1.57e-05 5.81e-07h  2
 876  1.6368371e+01 9.83e+00 8.58e+02  -6.0 5.41e+03    -  2.96e-06 3.38e-06h  1
 877  1.6368346e+01 9.83e+00 7.04e+03  -6.0 7.11e+03    -  3.71e-04 2.34e-06h  1
 878  1.6368279e+01 9.83e+00 7.39e+03  -6.0 1.59e+04    -  8.44e-06 8.92e-06h  1
 879  1.6368113e+01 9.83e+00 9.38e+04  -6.0 1.67e+04    -  3.47e-03 1.71e-05f  1
iter    objective    inf_pr   inf_du lg(mu)  ||d||  lg(rg) alpha_du alpha_pr  ls
 880  1.6368015e+01 9.83e+00 9.46e+04  -6.0 2.15e+04    -  3.45e-05 1.22e-05h  1
 881r 1.6368015e+01 9.83e+00 1.00e+03   0.8 0.00e+00    -  0.00e+00 2.25e-08R  6
 882r 1.6368015e+01 9.83e+00 2.68e+04   0.8 6.81e+03    -  3.04e-06 5.92e-11f  1
 883r 1.6368015e+01 9.83e+00 9.99e+02   0.8 0.00e+00    -  0.00e+00 3.59e-09R  2
 884r 1.6367636e+01 9.83e+00 4.76e+05   0.8 1.72e+06    -  9.44e-08 2.93e-09f  1
 885  1.6367629e+01 9.83e+00 7.48e+02  -6.0 3.07e+03    -  1.57e-05 5.80e-07h  2
 886  1.6367591e+01 9.83e+00 8.60e+02  -6.0 5.41e+03    -  2.96e-06 3.39e-06h  1
 887  1.6367566e+01 9.83e+00 6.77e+03  -6.0 7.12e+03    -  3.55e-04 2.34e-06h  1
 888  1.6367500e+01 9.83e+00 7.04e+03  -6.0 1.59e+04    -  8.45e-06 8.82e-06h  1
 889  1.6367340e+01 9.83e+00 9.21e+04  -6.0 1.68e+04    -  3.38e-03 1.67e-05f  1
iter    objective    inf_pr   inf_du lg(mu)  ||d||  lg(rg) alpha_du alpha_pr  ls
 890  1.6367237e+01 9.83e+00 9.29e+04  -6.0 2.15e+04    -  3.40e-05 1.28e-05h  1
 891  1.6367235e+01 9.83e+00 3.14e+06  -6.0 3.33e+04    -  3.39e-03 5.47e-07h  2
 892  1.6367729e+01 9.83e+00 2.90e+06  -6.0 5.12e+04    -  4.78e-05 1.63e-04h  1
 893r 1.6367729e+01 9.83e+00 1.00e+03   0.8 0.00e+00    -  0.00e+00 7.42e-10R  2
 894r 1.6367729e+01 9.83e+00 3.38e+04   0.8 3.95e+04    -  4.96e-09 2.17e-11f  1
 895r 1.6367729e+01 9.83e+00 9.99e+02   0.8 0.00e+00    -  0.00e+00 2.43e-09R  2
 896r 1.6367257e+01 9.83e+00 4.66e+05   0.8 2.13e+06    -  7.49e-08 2.93e-09f  1
 897  1.6367249e+01 9.83e+00 5.14e+02  -6.0 3.86e+03    -  1.09e-05 5.39e-07h  2
 898  1.6367205e+01 9.83e+00 4.63e+02  -6.0 6.77e+03    -  3.11e-06 2.82e-06h  1
 899  1.6367157e+01 9.83e+00 5.73e+02  -6.0 8.82e+03    -  9.15e-06 3.29e-06h  1
iter    objective    inf_pr   inf_du lg(mu)  ||d||  lg(rg) alpha_du alpha_pr  ls
 900  1.6367150e+01 9.83e+00 4.50e+02  -6.0 9.94e+03    -  1.55e-05 5.21e-07h  2
 901  1.6367123e+01 9.83e+00 4.37e+02  -6.0 1.17e+04    -  1.02e-06 3.24e-06h  1
 902  1.6367083e+01 9.83e+00 3.05e+03  -6.0 1.33e+04    -  1.46e-04 5.05e-06h  1
 903  1.6367081e+01 9.83e+00 3.29e+03  -6.0 1.41e+04    -  1.10e-05 2.59e-07h  2
 904r 1.6367081e+01 9.83e+00 1.00e+03   0.8 0.00e+00    -  0.00e+00 4.44e-09R  7
 905r 1.6367043e+01 9.83e+00 3.77e+04   0.8 3.62e+05    -  2.59e-08 3.59e-09f  1
 906r 1.6367043e+01 9.83e+00 9.99e+02   0.8 0.00e+00    -  0.00e+00 4.05e-08R  2
 907r 1.6367035e+01 9.83e+00 9.52e+04   0.8 6.81e+03    -  7.01e-05 2.93e-09f  1
 908  1.6367027e+01 9.83e+00 3.21e+03  -6.0 3.04e+03    -  6.55e-05 6.09e-07h  2
 909  1.6366956e+01 9.83e+00 7.12e+03  -6.0 5.32e+03    -  2.69e-06 5.94e-06h  1
iter    objective    inf_pr   inf_du lg(mu)  ||d||  lg(rg) alpha_du alpha_pr  ls
 910  1.6366951e+01 9.83e+00 1.46e+04  -6.0 8.08e+03    -  6.36e-04 4.85e-07h  2
 911  1.6366836e+01 9.83e+00 1.93e+04  -6.0 1.42e+04    -  9.15e-06 1.50e-05h  1
 912r 1.6366836e+01 9.83e+00 1.00e+03   0.8 0.00e+00    -  0.00e+00 1.75e-09R  2
 913r 1.6366836e+01 9.83e+00 2.92e+04   0.8 1.29e+04    -  1.03e-07 2.19e-11f  1
 914r 1.6366836e+01 9.83e+00 9.99e+02   0.8 0.00e+00    -  0.00e+00 4.29e-09R  8
 915r 1.6366828e+01 9.83e+00 9.53e+04   0.8 6.81e+03    -  7.03e-05 2.93e-09f  1
 916  1.6366819e+01 9.83e+00 1.38e+03  -6.0 2.98e+03    -  2.86e-05 6.61e-07h  2
 917  1.6366769e+01 9.83e+00 2.10e+03  -6.0 4.89e+03    -  2.86e-06 4.32e-06h  1
 918  1.6366740e+01 9.83e+00 1.06e+04  -6.0 6.11e+03    -  5.95e-04 2.57e-06h  1
 919  1.6366683e+01 9.83e+00 8.71e+03  -6.0 1.45e+04    -  9.67e-06 7.55e-06h  1
iter    objective    inf_pr   inf_du lg(mu)  ||d||  lg(rg) alpha_du alpha_pr  ls
 920  1.6366539e+01 9.83e+00 1.19e+05  -6.0 1.68e+04    -  3.85e-03 1.44e-05h  1
 921  1.6366533e+01 9.83e+00 1.21e+05  -6.0 3.66e+04    -  3.16e-05 1.83e-06h  2
 922  1.6366385e+01 9.82e+00 2.75e+06  -6.0 3.68e+04    -  2.60e-03 5.00e-05h  1
 923  1.6369045e+01 9.83e+00 2.25e+06  -6.0 4.44e+04    -  8.44e-05 4.25e-04h  1
 924r 1.6369045e+01 9.83e+00 1.00e+03   0.8 0.00e+00    -  0.00e+00 4.94e-09R  2
 925r 1.6369045e+01 9.83e+00 3.41e+04   0.8 1.49e+05    -  2.28e-10 2.39e-11f  1
 926r 1.6369045e+01 9.83e+00 9.99e+02   0.8 0.00e+00    -  0.00e+00 5.39e-09R  2
 927r 1.6368573e+01 9.83e+00 4.71e+05   0.8 2.12e+06    -  7.53e-08 2.93e-09f  1
 928  1.6368551e+01 9.83e+00 5.41e+02  -6.0 3.24e+03    -  1.23e-05 1.37e-06h  1
 929  1.6368483e+01 9.83e+00 5.09e+02  -6.0 5.17e+03    -  4.03e-06 3.82e-06h  1
iter    objective    inf_pr   inf_du lg(mu)  ||d||  lg(rg) alpha_du alpha_pr  ls
 930  1.6368381e+01 9.83e+00 6.19e+02  -6.0 5.87e+03    -  1.38e-05 5.90e-06h  1
 931  1.6368333e+01 9.83e+00 4.62e+02  -6.0 5.61e+03    -  2.51e-05 2.75e-06h  1
 932  1.6368194e+01 9.83e+00 5.30e+02  -6.0 5.46e+03    -  2.10e-05 8.19e-06h  1
 933  1.6368015e+01 9.83e+00 4.78e+02  -6.0 4.71e+03    -  5.62e-05 1.10e-05h  1
 934  1.6367381e+01 9.83e+00 4.56e+02  -6.0 5.14e+03    -  2.08e-05 4.19e-05h  1
 935  1.6367321e+01 9.83e+00 1.51e+03  -6.0 8.22e+03    -  1.04e-04 5.64e-06h  1
 936  1.6367196e+01 9.83e+00 1.35e+04  -6.0 1.14e+04    -  3.93e-04 2.11e-05h  1
 937r 1.6367196e+01 9.83e+00 1.00e+03   0.8 0.00e+00    -  0.00e+00 3.10e-08R  2
 938r 1.6367177e+01 9.83e+00 3.73e+05   0.8 6.59e+04    -  5.45e-06 4.21e-09f  1
 939r 1.6367177e+01 9.83e+00 9.99e+02   0.8 0.00e+00    -  0.00e+00 2.69e-08R  2
iter    objective    inf_pr   inf_du lg(mu)  ||d||  lg(rg) alpha_du alpha_pr  ls
 940r 1.6367167e+01 9.83e+00 1.37e+06   0.8 7.08e+03    -  5.01e-05 2.93e-09f  1
 941  1.6367159e+01 9.83e+00 7.52e+02  -6.0 3.02e+03    -  1.58e-05 6.14e-07h  2
 942  1.6367101e+01 9.83e+00 1.10e+03  -6.0 4.44e+03    -  3.00e-06 4.33e-06h  1
 943  1.6367092e+01 9.83e+00 3.89e+03  -6.0 5.19e+03    -  1.94e-04 6.83e-07h  2
 944  1.6367072e+01 9.83e+00 1.90e+03  -6.0 9.06e+03    -  7.91e-06 2.29e-06h  1
 945  1.6367051e+01 9.83e+00 2.99e+04  -6.0 1.08e+04    -  1.05e-04 2.76e-06h  1
 946r 1.6367051e+01 9.83e+00 1.00e+03   0.8 0.00e+00    -  0.00e+00 4.75e-09R  2
 947r 1.6367040e+01 9.83e+00 4.65e+05   0.8 1.90e+04    -  5.96e-05 3.78e-09f  1
 948r 1.6367040e+01 9.83e+00 9.99e+02   0.8 0.00e+00    -  0.00e+00 1.29e-08R  6
 949r 1.6367014e+01 9.83e+00 1.44e+06   0.8 8.13e+04    -  5.65e-06 2.93e-09f  1
iter    objective    inf_pr   inf_du lg(mu)  ||d||  lg(rg) alpha_du alpha_pr  ls
 950  1.6367005e+01 9.83e+00 2.82e+03  -6.0 2.97e+03    -  5.75e-05 6.63e-07h  2
 951  1.6366919e+01 9.83e+00 6.80e+03  -6.0 4.73e+03    -  2.76e-06 6.61e-06h  1
 952  1.6366883e+01 9.83e+00 9.27e+03  -6.0 5.36e+03    -  2.33e-04 2.91e-06h  1
 953  1.6366880e+01 9.83e+00 6.85e+03  -6.0 1.22e+04    -  1.27e-05 4.56e-07h  2
 954  1.6366830e+01 9.83e+00 4.11e+04  -6.0 1.30e+04    -  1.20e-04 9.21e-06h  1
 955r 1.6366830e+01 9.83e+00 1.00e+03   0.8 0.00e+00    -  0.00e+00 5.08e-10R  2
 956r 1.6366818e+01 9.83e+00 3.81e+04   0.8 1.43e+04    -  9.17e-07 3.93e-09f  1
 957r 1.6366818e+01 9.83e+00 9.99e+02   0.8 0.00e+00    -  0.00e+00 1.76e-07R  2
 958r 1.6366793e+01 9.83e+00 1.44e+06   0.8 7.17e+04    -  6.40e-06 2.93e-09f  1
 959  1.6366784e+01 9.83e+00 1.35e+04  -6.0 2.96e+03    -  2.73e-04 6.79e-07h  2
iter    objective    inf_pr   inf_du lg(mu)  ||d||  lg(rg) alpha_du alpha_pr  ls
 960  1.6366706e+01 9.83e+00 3.27e+04  -6.0 5.34e+03    -  2.70e-06 6.55e-06h  1
 961  1.6366700e+01 9.83e+00 4.27e+04  -6.0 9.16e+03    -  1.96e-04 7.27e-07h  2
 962  1.6366582e+01 9.83e+00 3.93e+04  -6.0 1.55e+04    -  1.04e-05 3.23e-05h  1
 963r 1.6366582e+01 9.83e+00 1.00e+03   0.8 0.00e+00    -  0.00e+00 2.46e-11R  2
 964r 1.6366582e+01 9.83e+00 3.29e+04   0.8 1.71e+05    -  7.46e-09 6.29e-12f  1
 965r 1.6366582e+01 9.83e+00 9.99e+02   0.8 0.00e+00    -  0.00e+00 1.72e-08R  2
 966r 1.6366058e+01 9.83e+00 4.65e+05   0.8 2.32e+06    -  6.81e-08 2.93e-09f  1
 967  1.6366049e+01 9.83e+00 2.95e+03  -6.0 2.95e+03    -  6.03e-05 6.83e-07h  2
 968  1.6365979e+01 9.83e+00 6.37e+03  -6.0 5.01e+03    -  2.78e-06 5.95e-06h  1
 969  1.6365969e+01 9.83e+00 1.04e+04  -6.0 6.40e+03    -  3.49e-04 9.84e-07h  2
iter    objective    inf_pr   inf_du lg(mu)  ||d||  lg(rg) alpha_du alpha_pr  ls
 970  1.6365892e+01 9.83e+00 1.15e+04  -6.0 1.37e+04    -  9.87e-06 1.25e-05h  1
 971r 1.6365892e+01 9.83e+00 1.00e+03   0.8 0.00e+00    -  0.00e+00 8.56e-10R  2
 972r 1.6365892e+01 9.83e+00 2.83e+04   0.8 1.88e+04    -  6.78e-08 1.19e-11f  1
 973  1.6365888e+01 9.83e+00 4.48e+02  -6.0 4.22e+03    -  9.43e-06 3.80e-07h  2
 974  1.6365883e+01 9.83e+00 1.01e+02  -6.0 8.58e+03    -  3.03e-06 5.05e-07h  2
 975  1.6365876e+01 9.83e+00 1.38e+04  -6.0 1.22e+04    -  3.97e-04 9.61e-07h  2
 976  1.6365874e+01 9.83e+00 7.27e+03  -6.0 1.48e+04    -  3.87e-06 4.41e-07h  2
 977r 1.6365874e+01 9.83e+00 1.00e+03   0.8 0.00e+00    -  0.00e+00 7.29e-09R  7
 978r 1.6365874e+01 9.83e+00 7.71e+03   0.8 6.81e+03    -  5.81e-06 4.04e-11f  1
 979r 1.6365874e+01 9.83e+00 9.99e+02   0.8 0.00e+00    -  0.00e+00 1.14e-07R  2
iter    objective    inf_pr   inf_du lg(mu)  ||d||  lg(rg) alpha_du alpha_pr  ls
 980r 1.6365865e+01 9.83e+00 9.62e+04   0.8 6.81e+03    -  7.24e-05 2.93e-09f  1
 981  1.6365858e+01 9.83e+00 9.27e+02  -6.0 3.02e+03    -  1.93e-05 6.12e-07h  2
 982  1.6365812e+01 9.83e+00 1.26e+03  -6.0 4.88e+03    -  2.92e-06 3.93e-06h  1
 983  1.6365786e+01 9.83e+00 6.79e+03  -6.0 6.12e+03    -  3.64e-04 2.38e-06h  1
 984  1.6365751e+01 9.83e+00 4.69e+03  -6.0 1.42e+04    -  9.09e-06 5.67e-06h  1
 985  1.6365648e+01 9.83e+00 8.06e+04  -6.0 1.74e+04    -  2.46e-03 1.31e-05h  1
 986  1.6365574e+01 9.83e+00 8.12e+04  -6.0 2.26e+04    -  2.79e-05 1.37e-05h  1
 987r 1.6365574e+01 9.83e+00 1.00e+03   0.8 0.00e+00    -  0.00e+00 2.99e-07R  3
 988r 1.6365574e+01 9.83e+00 1.34e+04   0.8 6.81e+03    -  1.42e-06 4.95e-11f  1
 989r 1.6365574e+01 9.83e+00 9.99e+02   0.8 0.00e+00    -  0.00e+00 4.21e-09R  2
iter    objective    inf_pr   inf_du lg(mu)  ||d||  lg(rg) alpha_du alpha_pr  ls
 990r 1.6365159e+01 9.83e+00 4.71e+05   0.8 1.81e+06    -  8.71e-08 2.93e-09f  1
 991  1.6365151e+01 9.83e+00 8.28e+02  -6.0 3.01e+03    -  1.73e-05 6.20e-07h  2
 992  1.6365107e+01 9.83e+00 1.07e+03  -6.0 4.87e+03    -  2.97e-06 3.79e-06h  1
 993  1.6365082e+01 9.83e+00 6.70e+03  -6.0 6.17e+03    -  3.63e-04 2.32e-06h  1
 994  1.6365051e+01 9.83e+00 4.32e+03  -6.0 1.44e+04    -  8.88e-06 5.15e-06h  1
 995  1.6364947e+01 9.83e+00 8.08e+04  -6.0 1.75e+04    -  2.48e-03 1.33e-05h  1
 996  1.6364861e+01 9.83e+00 8.13e+04  -6.0 2.26e+04    -  2.74e-05 1.57e-05h  1
 997r 1.6364861e+01 9.83e+00 1.00e+03   0.8 0.00e+00    -  0.00e+00 4.69e-07R  2
 998r 1.6364861e+01 9.83e+00 1.33e+04   0.8 6.81e+03    -  1.41e-06 5.25e-11f  1
 999r 1.6364861e+01 9.83e+00 9.99e+02   0.8 0.00e+00    -  0.00e+00 4.05e-09R  2
iter    objective    inf_pr   inf_du lg(mu)  ||d||  lg(rg) alpha_du alpha_pr  ls
1000r 1.6364450e+01 9.83e+00 4.70e+05   0.8 1.78e+06    -  8.81e-08 2.93e-09f  1

Number of Iterations....: 1000

                                   (scaled)                 (unscaled)
Objective...............:   1.2784726816935757e+01    1.6364450325677769e+01
Dual infeasibility......:   4.6962049184493761e+05    6.0111422956152016e+05
Constraint violation....:   6.8208636220509478e+00    9.8256691761562251e+00
Complementarity.........:   1.0000002128390477e+04    1.2800002724339811e+04
Overall NLP error.......:   4.6962049184493761e+05    6.0111422956152016e+05


Number of objective function evaluations             = 2221
Number of objective gradient evaluations             = 923
Number of equality constraint evaluations            = 2221
Number of inequality constraint evaluations          = 2221
Number of equality constraint Jacobian evaluations   = 1139
Number of inequality constraint Jacobian evaluations = 1139
Number of Lagrangian Hessian evaluations             = 1000
Total CPU secs in IPOPT (w/o function evaluations)   =   1765.138
Total CPU secs in NLP function evaluations           =     40.771

EXIT: Maximum Number of Iterations Exceeded.
