
List of user-set options:

                                    Name   Value                used
                           compl_inf_tol = 1                     yes
                         constr_viol_tol = 1                     yes
                            dual_inf_tol = 1000                  yes
                           linear_solver = ma97                  yes
                              ma86_small = 1e-30                  no
                                  ma86_u = 0.0001                 no
                              ma97_order = best                  yes
                              ma97_small = 1e-30                 yes
                            ma97_switch1 = at_start              yes
                            ma97_switch2 = od_hd_reuse           yes
                                  ma97_u = 1e-06                 yes
                               ma97_umax = 0.5                   yes
                                max_iter = 1000                  yes
                    max_refinement_steps = 20                    yes
                    min_refinement_steps = 5                     yes
                                 mu_init = 1e-06                 yes
           mu_superlinear_decrease_power = 1.25                  yes
                   nlp_scaling_min_value = 1e-08                 yes
                        option_file_name = Preset_Case_13_pf.opt  yes
                             output_file = ./tmp/Preset_Case_13_pf.output  yes
                      print_user_options = yes                   yes
                                     tol = 0.0001                yes
                   warm_start_bound_frac = 1e-20                 yes
                   warm_start_bound_push = 1e-20                 yes
                   warm_start_init_point = yes                   yes
              warm_start_mult_bound_push = 1e-20                 yes
                warm_start_mult_init_max = 1e+40                 yes
             warm_start_slack_bound_frac = 1e-20                 yes
             warm_start_slack_bound_push = 1e-20                 yes

******************************************************************************
This program contains Ipopt, a library for large-scale nonlinear optimization.
 Ipopt is released as open source code under the Eclipse Public License (EPL).
         For more information visit http://projects.coin-or.org/Ipopt
******************************************************************************

This is Ipopt version 3.12.10, running with linear solver ma97.

Number of nonzeros in equality constraint Jacobian...:   103065
Number of nonzeros in inequality constraint Jacobian.:      145
Number of nonzeros in Lagrangian Hessian.............:    39976

Total number of variables............................:    29159
                     variables with only lower bounds:    11314
                variables with lower and upper bounds:    14309
                     variables with only upper bounds:        0
Total number of equality constraints.................:    29077
Total number of inequality constraints...............:       21
        inequality constraints with only lower bounds:        0
   inequality constraints with lower and upper bounds:        0
        inequality constraints with only upper bounds:       21

iter    objective    inf_pr   inf_du lg(mu)  ||d||  lg(rg) alpha_du alpha_pr  ls
   0 -9.3698500e+03 1.09e+01 1.00e+00  -6.0 0.00e+00    -  0.00e+00 0.00e+00   0
   1 -9.3698500e+03 7.40e+00 8.97e+01  -6.0 1.41e+03    -  9.26e-01 3.29e-01h  1
   2 -9.3698500e+03 7.40e+00 6.81e+04  -6.0 9.08e+02    -  9.58e-01 1.06e-05h  1
In iteration 2, 2 Slacks too small, adjusting variable bounds
   3 -9.3698500e+03 7.40e+00 6.27e+05  -6.0 8.08e+02    -  5.62e-06 9.94e-07h  1
   4 -9.3698499e+03 7.40e+00 6.26e+05  -6.0 8.36e+02    -  2.71e-06 2.10e-05h 16
   5 -9.3698500e+03 7.40e+00 8.48e+05  -6.0 8.36e+02    -  1.00e+00 2.90e-05H  1
   6 -9.3698500e+03 7.40e+00 8.30e+05  -6.0 8.31e+02    -  1.26e-07 3.11e-07h  6
   7 -9.3698499e+03 7.40e+00 8.15e+05  -6.0 8.36e+02    -  6.15e-10 2.90e-05h  7
   8 -9.3698500e+03 7.40e+00 8.94e+05  -6.0 8.36e+02    -  1.00e+00 3.69e-05H  1
   9 -9.3698500e+03 7.40e+00 1.56e+05  -6.0 8.31e+02    -  1.05e-07 1.15e-05h  1
iter    objective    inf_pr   inf_du lg(mu)  ||d||  lg(rg) alpha_du alpha_pr  ls
  10 -9.3698500e+03 7.40e+00 1.22e+06  -6.0 8.36e+02    -  1.44e-02 2.02e-06h 12
  11 -9.3698499e+03 7.40e+00 2.71e+05  -6.0 8.24e+02    -  1.27e-05 1.59e-06f  2
  12r-9.3698499e+03 7.40e+00 1.00e+03   0.6 0.00e+00    -  0.00e+00 3.29e-07R 22
  13r-9.3696733e+03 7.39e+00 2.68e+03   0.6 2.72e+07    -  1.12e-05 8.85e-07f  1
  14r-9.3696714e+03 7.32e+00 2.48e+03   0.6 3.82e+03    -  2.60e-06 1.08e-05f  1
  15r-9.3696665e+03 7.14e+00 3.60e+03   0.6 3.47e+03    -  7.71e-05 2.68e-05f  1
  16r-9.3696366e+03 6.16e+00 7.82e+03   0.6 3.13e+03    -  2.40e-04 1.62e-04f  1
  17r-9.3696299e+03 6.16e+00 4.64e+04   0.6 1.44e+00   4.0 5.92e-03 7.35e-04f  1
  18r-9.3696025e+03 6.15e+00 4.96e+04   0.6 9.09e-01   3.5 1.56e-02 1.00e-02f  1
  19r-9.3695088e+03 7.82e+00 4.68e+04   0.6 9.23e-01   3.0 3.65e-02 4.01e-02f  1
iter    objective    inf_pr   inf_du lg(mu)  ||d||  lg(rg) alpha_du alpha_pr  ls
  20r-9.3695047e+03 7.99e+00 4.74e+04   0.6 2.27e+03    -  1.94e-02 1.39e-03f  1
  21r-9.3694620e+03 8.92e+00 4.67e+04   0.6 2.26e+02    -  2.25e-02 1.40e-02f  1
  22r-9.3694427e+03 9.31e+00 4.64e+04   0.6 2.76e+02    -  4.40e-03 6.19e-03f  1
  23r-9.3692869e+03 1.27e+01 9.48e+05   0.6 2.74e+02    -  1.20e-01 4.97e-02f  1
  24r-9.3684671e+03 1.06e+02 1.20e+06   0.6 2.42e+02    -  2.24e-01 2.26e-01f  1
  25r-9.3669521e+03 1.16e+02 2.10e+05   0.6 2.12e+02    -  8.99e-02 2.96e-01f  1
  26r-9.3659532e+03 5.02e+01 3.21e+05   0.6 3.05e-01   2.6 8.20e-01 6.71e-01f  1
  27r-9.3639026e+03 5.71e+01 6.31e+03   0.6 3.07e-01   2.1 1.00e+00 1.00e+00f  1
  28r-9.3637871e+03 3.94e+01 1.08e+05  -0.8 6.99e-01   1.6 5.21e-01 2.89e-01f  1
  29r-9.3634975e+03 2.54e+01 1.86e+05  -0.8 7.86e-01   1.1 4.90e-01 3.66e-01f  1
iter    objective    inf_pr   inf_du lg(mu)  ||d||  lg(rg) alpha_du alpha_pr  ls
  30r-9.3631667e+03 1.87e+01 9.10e+04  -0.8 1.81e+00   0.7 3.06e-01 2.68e-01f  1
  31r-9.3624404e+03 1.46e+01 4.83e+05  -0.8 3.22e+00   0.2 9.28e-02 2.25e-01f  1
  32r-9.3614036e+03 1.37e+01 6.62e+05  -0.8 1.50e+01   0.6 8.50e-03 6.22e-02f  1
  33r-9.3614034e+03 1.26e+01 2.86e+05  -0.8 3.24e-02   4.6 2.69e-01 1.25e-01f  1
  34r-9.3614034e+03 1.22e+01 8.07e+05  -0.8 9.25e-03   6.0 1.06e-01 3.49e-01f  1
  35r-9.3614034e+03 9.91e+00 1.72e+05  -0.8 3.62e-03   5.5 7.95e-01 5.28e-01f  1
  36r-9.3614033e+03 5.15e+00 9.86e+04  -0.8 6.57e-03   5.0 6.26e-01 5.65e-01f  1
  37r-9.3614032e+03 3.84e+00 8.38e+04  -0.8 1.17e-02   4.5 4.35e-01 3.20e-01f  1
  38r-9.3614030e+03 3.41e+00 5.77e+04  -0.8 2.21e-02   4.1 5.17e-01 2.03e-01f  1
  39r-9.3614022e+03 3.13e+00 3.09e+04  -0.8 4.88e-02   3.6 3.45e-01 1.97e-01f  1
iter    objective    inf_pr   inf_du lg(mu)  ||d||  lg(rg) alpha_du alpha_pr  ls
  40r-9.3613992e+03 2.82e+00 9.41e+03  -0.8 1.27e-01   3.1 4.60e-01 2.82e-01f  1
  41r-9.3613959e+03 2.75e+00 9.52e+03  -0.8 2.35e-01   2.6 2.98e-01 1.05e-01f  1
  42r-9.3613696e+03 2.57e+00 6.90e+03  -0.8 4.05e-01   2.2 2.82e-01 2.76e-01f  1
  43 -9.3614179e+03 2.55e+00 5.34e+05  -6.0 3.94e+03    -  3.02e-03 7.04e-03h  1
  44 -9.3614290e+03 2.54e+00 5.38e+05  -6.0 3.89e+03    -  5.13e-03 7.94e-03h  1
  45 -9.3614721e+03 2.52e+00 6.50e+05  -6.0 3.81e+03    -  1.93e-02 1.72e-02h  2
  46 -9.3614741e+03 2.56e+00 9.66e+05  -6.0 3.01e+03    -  2.19e-03 1.76e-02h  2
  47 -9.3616763e+03 2.58e+00 9.35e+05  -6.0 4.65e+03    -  1.49e-02 5.98e-03f  1
  48r-9.3616763e+03 2.58e+00 9.99e+02  -0.9 0.00e+00    -  0.00e+00 6.21e-08R  2
  49r-9.3592334e+03 2.57e+00 9.99e+02  -0.9 1.35e+07    -  9.64e-05 2.48e-05f  1
iter    objective    inf_pr   inf_du lg(mu)  ||d||  lg(rg) alpha_du alpha_pr  ls
  50r-9.3592324e+03 2.51e+00 8.48e+03  -0.9 6.36e+02    -  4.90e-02 1.95e-04f  1
  51r-9.3591444e+03 2.41e+00 1.49e+04  -0.9 2.14e+02    -  7.23e-02 1.76e-02f  1
  52r-9.3590078e+03 2.39e+00 3.33e+04  -0.9 1.21e+02    -  1.91e-01 2.66e-02f  1
  53r-9.3587761e+03 2.38e+00 5.54e+04  -0.9 9.42e+01    -  2.65e-01 3.89e-02f  1
  54r-9.3574831e+03 2.33e+00 6.13e+04  -0.9 9.39e+01    -  3.97e-01 1.68e-01f  1
  55r-9.3564893e+03 2.24e+00 1.06e+05  -0.9 1.33e+02    -  5.11e-01 9.25e-02f  1
  56r-9.3531470e+03 2.00e+00 1.10e+05  -0.9 1.28e+02    -  5.01e-01 2.46e-01f  1
  57r-9.3519339e+03 1.91e+00 9.29e+04  -0.9 1.36e+02    -  9.91e-02 1.12e-01f  1
  58r-9.3506247e+03 1.83e+00 3.12e+05  -0.9 1.09e+02    -  9.41e-01 1.31e-01f  1
  59r-9.3441347e+03 2.06e+00 7.87e+03  -0.9 1.73e+02    -  9.95e-01 7.24e-01f  1
iter    objective    inf_pr   inf_du lg(mu)  ||d||  lg(rg) alpha_du alpha_pr  ls
  60r-9.3419206e+03 1.28e+00 1.48e+05  -0.9 1.01e+02    -  1.00e+00 1.00e+00f  1
  61r-9.3419860e+03 1.31e+00 7.32e+03  -0.9 1.54e+01    -  1.00e+00 1.00e+00f  1
  62 -9.3419944e+03 1.30e+00 1.45e+02  -6.0 1.85e+03    -  1.57e-04 1.56e-04f  1
  63 -9.3420827e+03 1.30e+00 1.57e+04  -6.0 2.41e+03    -  2.21e-03 1.44e-03f  1
  64 -9.3422213e+03 1.14e+00 6.06e+04  -6.0 1.71e+04    -  2.62e-08 6.83e-04f  1
  65 -9.3422803e+03 1.14e+00 7.10e+04  -6.0 2.58e+04    -  2.24e-03 2.59e-04f  1
  66 -9.3422821e+03 1.14e+00 7.11e+04  -6.0 2.70e+04    -  1.15e-03 1.83e-05h  1
  67r-9.3422821e+03 1.14e+00 9.99e+02  -1.7 0.00e+00    -  0.00e+00 7.76e-08R  2
  68r-9.3418430e+03 1.05e+00 9.97e+02  -1.7 3.46e+04    -  7.96e-03 1.73e-03f  1
  69r-9.3418393e+03 8.83e-01 7.37e+03  -1.7 7.13e+01    -  7.65e-02 6.07e-03f  1
iter    objective    inf_pr   inf_du lg(mu)  ||d||  lg(rg) alpha_du alpha_pr  ls
  70r-9.3417787e+03 4.32e-01 9.58e+03  -1.7 6.10e+01    -  9.31e-02 6.34e-02f  1
  71r-9.3416111e+03 5.17e-01 7.87e+03  -1.7 5.10e+01    -  1.37e-01 1.40e-01f  1
  72r-9.3414006e+03 5.35e-01 2.02e+04  -1.7 4.69e+01    -  3.11e-01 1.43e-01f  1
  73r-9.3409751e+03 4.90e-01 2.95e+04  -1.7 4.28e+01    -  4.23e-01 2.11e-01f  1
  74r-9.3401079e+03 4.18e-01 2.36e+04  -1.7 3.41e+01    -  3.60e-01 3.02e-01f  1
  75r-9.3391449e+03 3.50e-01 2.64e+04  -1.7 2.12e+01    -  6.09e-01 2.89e-01f  1
  76r-9.3370390e+03 3.10e-01 1.62e+04  -1.7 1.61e+01    -  7.52e-01 4.91e-01f  1
  77r-9.3360767e+03 2.65e-01 9.03e+03  -1.7 1.94e+01    -  9.92e-01 2.89e-01f  1
  78r-9.3335706e+03 4.16e-01 8.29e+03  -1.7 2.50e+01    -  1.00e+00 1.00e+00f  1
  79 -9.3336656e+03 4.16e-01 2.74e+04  -6.0 2.50e+04    -  8.46e-04 1.02e-03f  1
iter    objective    inf_pr   inf_du lg(mu)  ||d||  lg(rg) alpha_du alpha_pr  ls
  80 -9.3336667e+03 4.16e-01 2.74e+04  -6.0 4.77e+04    -  9.80e-04 1.79e-05h  1
  81 -9.3337265e+03 4.16e-01 3.72e+04  -6.0 4.70e+04    -  7.98e-04 5.36e-04f  1
  82 -9.3337705e+03 4.15e-01 3.87e+04  -6.0 1.20e+05    -  4.05e-04 2.60e-04f  1
  83r-9.3337705e+03 4.15e-01 9.99e+02  -1.7 0.00e+00    -  0.00e+00 2.66e-07R  9
  84r-9.3337691e+03 3.60e-01 9.98e+02  -1.7 3.64e+01    -  1.15e-03 1.00e-03f  1
  85r-9.3337691e+03 3.60e-01 9.99e+02  -2.3 0.00e+00    -  0.00e+00 3.18e-07R  8
  86r-9.3337691e+03 3.33e-01 9.98e+02  -2.3 2.98e+01    -  1.25e-02 1.66e-04f  1
  87 -9.3341116e+03 3.33e-01 1.66e+03  -6.0 1.43e+05    -  1.58e-04 5.22e-05f  1
  88 -9.3351760e+03 3.33e-01 9.14e+03  -6.0 1.66e+05    -  3.22e-05 1.96e-04f  1
  89 -9.3351894e+03 3.33e-01 9.13e+03  -6.0 3.72e+04    -  3.87e-06 1.45e-06f  1
iter    objective    inf_pr   inf_du lg(mu)  ||d||  lg(rg) alpha_du alpha_pr  ls
  90 -9.3360877e+03 3.33e-01 9.47e+03  -6.0 6.27e+04    -  4.54e-06 9.36e-05f  1
  91 -9.3361097e+03 3.33e-01 9.19e+03  -6.0 3.64e+05    -  1.04e-04 2.44e-06f  1
  92 -9.3369045e+03 3.33e-01 9.29e+03  -6.0 4.72e+05    -  4.37e-05 9.74e-05f  1
  93 -9.3369631e+03 3.33e-01 9.27e+03  -6.0 6.45e+05    -  3.16e-05 1.25e-05f  1
  94 -9.3374034e+03 3.33e-01 9.11e+03  -6.0 6.48e+05    -  2.32e-04 1.03e-04f  1
  95 -9.3374036e+03 3.33e-01 9.06e+03  -6.0 2.50e+05    -  1.01e-04 3.86e-08f  1
  96 -9.3375775e+03 3.33e-01 9.02e+03  -6.0 2.95e+05    -  1.39e-04 2.64e-05f  1
  97 -9.3375823e+03 3.33e-01 9.00e+03  -6.0 2.42e+05    -  6.28e-05 1.25e-06f  1
  98 -9.3376543e+03 3.33e-01 8.98e+03  -6.0 2.96e+05    -  9.36e-05 2.14e-05f  1
  99 -9.3376544e+03 3.33e-01 8.98e+03  -6.0 3.57e+05    -  4.42e-06 4.32e-07h  1
iter    objective    inf_pr   inf_du lg(mu)  ||d||  lg(rg) alpha_du alpha_pr  ls
 100 -9.3376680e+03 3.33e-01 8.98e+03  -6.0 4.58e+05    -  1.30e-06 6.52e-06f  1
 101r-9.3376680e+03 3.33e-01 9.99e+02  -1.0 0.00e+00    -  0.00e+00 4.03e-12R  2
 102r-9.3376556e+03 3.33e-01 9.99e+02  -1.0 3.02e+06    -  9.44e-08 3.31e-08f  1
 103r-9.3376487e+03 3.33e-01 9.99e+02  -1.0 9.98e+02    -  4.44e-05 2.02e-05f  1
 104r-9.3376454e+03 3.32e-01 9.99e+02  -1.0 2.39e+02    -  1.55e-05 1.11e-04f  1
 105 -9.3376476e+03 3.32e-01 5.43e+02  -6.0 3.45e+05    -  7.28e-05 9.35e-07f  1
 106 -9.3376235e+03 3.32e-01 1.07e+03  -6.0 2.93e+05    -  2.93e-06 6.27e-06h  1
 107r-9.3376235e+03 3.32e-01 9.99e+02  -1.0 0.00e+00    -  0.00e+00 3.61e-07R  2
 108r-9.3376224e+03 3.32e-01 9.99e+02  -1.0 1.90e+02    -  4.58e-05 2.74e-05f  1
 109r-9.3376186e+03 3.31e-01 9.99e+02  -1.0 1.81e+02    -  2.87e-05 1.22e-04f  1
iter    objective    inf_pr   inf_du lg(mu)  ||d||  lg(rg) alpha_du alpha_pr  ls
 110r-9.3376186e+03 3.31e-01 9.99e+02  -1.1 0.00e+00    -  0.00e+00 2.91e-07R  3
 111r-9.3376179e+03 3.31e-01 9.99e+02  -1.1 1.74e+02    -  1.32e-04 2.25e-05f  1
 112r-9.3376128e+03 3.29e-01 9.99e+02  -1.1 1.61e+02    -  2.37e-04 1.86e-04f  1
 113r-9.3376128e+03 3.29e-01 9.99e+02  -1.2 0.00e+00    -  0.00e+00 3.46e-07R  2
 114r-9.3376128e+03 3.29e-01 1.18e+03  -1.2 1.24e+02    -  5.19e-03 4.50e-07f  2
 115r-9.3375790e+03 2.77e-01 1.26e+03  -1.2 1.22e+02    -  6.60e-03 6.19e-03f  1
 116 -9.3375899e+03 2.77e-01 1.56e+02  -6.0 7.88e+04    -  4.56e-05 2.97e-05f  1
 117 -9.3376162e+03 2.77e-01 6.57e+03  -6.0 3.14e+04    -  1.58e-05 9.43e-05f  1
 118 -9.3376163e+03 2.77e-01 6.57e+03  -6.0 2.27e+05    -  5.84e-05 1.31e-07f  1
 119 -9.3376163e+03 2.77e-01 6.57e+03  -6.0 3.37e+05    -  3.56e-10 2.61e-09f  2
iter    objective    inf_pr   inf_du lg(mu)  ||d||  lg(rg) alpha_du alpha_pr  ls
 120 -9.3376163e+03 2.77e-01 6.57e+03  -6.0 3.47e+05    -  5.54e-05 2.45e-09h  2
 121r-9.3376163e+03 2.77e-01 9.99e+02  -2.3 0.00e+00    -  0.00e+00 2.55e-07R  3
 122r-9.3376163e+03 2.73e-01 9.98e+02  -2.3 3.83e+01    -  2.04e-02 4.80e-05f  1
 123r-9.3376161e+03 2.68e-01 8.46e+03  -2.3 2.87e+01    -  4.89e-05 4.56e-04f  1
 124r-9.3376076e+03 5.98e-02 9.15e+03  -2.3 2.58e+01    -  1.61e-01 2.15e-02f  1
 125r-9.3376076e+03 5.98e-02 9.99e+02  -2.7 0.00e+00    -  0.00e+00 2.65e-07R  4
 126r-9.3376076e+03 5.98e-02 1.07e+03  -2.7 5.59e+01    -  6.41e-02 1.77e-04f  1
 127r-9.3376036e+03 4.98e-02 1.60e+03  -2.7 5.06e+01    -  7.80e-02 5.59e-02f  1
 128r-9.3375942e+03 4.97e-02 4.27e+03  -2.7 3.86e+01    -  1.60e-01 9.16e-02f  1
 129r-9.3375751e+03 6.35e-02 7.64e+03  -2.7 3.36e+01    -  2.03e-01 1.11e-01f  1
iter    objective    inf_pr   inf_du lg(mu)  ||d||  lg(rg) alpha_du alpha_pr  ls
 130r-9.3375516e+03 6.42e-02 6.27e+03  -2.7 3.48e+01    -  6.12e-02 8.21e-02f  1
 131r-9.3375186e+03 6.59e-02 1.07e+04  -2.7 3.43e+01    -  2.64e-01 1.12e-01f  1
 132r-9.3374273e+03 7.52e-02 7.10e+03  -2.7 3.49e+01    -  1.66e-01 2.16e-01f  1
 133r-9.3373818e+03 7.04e-02 8.85e+03  -2.7 2.92e+01    -  2.13e-01 9.89e-02f  1
 134r-9.3372473e+03 6.21e-02 7.69e+03  -2.7 2.01e+01    -  2.88e-01 2.35e-01f  1
 135r-9.3370957e+03 5.17e-02 8.69e+03  -2.7 1.68e+01    -  4.41e-01 2.21e-01f  1
 136r-9.3369605e+03 5.55e-02 1.01e+04  -2.7 2.58e+01    -  4.65e-01 1.31e-01f  1
 137r-9.3365595e+03 1.21e-01 7.89e+03  -2.7 3.60e+01    -  3.92e-01 2.76e-01f  1
 138r-9.3357976e+03 2.02e-01 4.57e+03  -2.7 4.11e+01    -  5.51e-01 4.73e-01f  1
 139r-9.3350432e+03 2.29e-01 2.49e+03  -2.7 4.84e+01    -  9.51e-01 5.11e-01f  1
iter    objective    inf_pr   inf_du lg(mu)  ||d||  lg(rg) alpha_du alpha_pr  ls
 140r-9.3342971e+03 1.73e-01 2.33e+03  -2.7 5.29e+01    -  9.99e-01 4.70e-01f  1
 141r-9.3343038e+03 3.49e-01 6.28e+03  -2.7 6.48e-02   0.0 3.02e-01 5.60e-01h  1
 142r-9.3342886e+03 3.44e-01 6.03e+03  -2.7 3.11e+01    -  1.01e-04 1.49e-02h  1
 143r-9.3342717e+03 3.39e-01 5.74e+03  -2.7 3.95e+01    -  1.48e-03 1.25e-02h  1
 144r-9.3342538e+03 2.76e-01 2.73e+04  -2.7 1.69e+02    -  1.99e-06 2.40e-02f  1
 145r-9.3342538e+03 2.75e-01 2.71e+04  -2.7 2.90e-03   4.9 6.81e-03 7.06e-03h  1
 146r-9.3342538e+03 2.65e-01 3.73e+05  -2.7 1.43e-03   5.4 3.27e-03 6.92e-02h  1
 147r-9.3342538e+03 2.65e-01 1.03e+05  -2.7 2.54e-03   4.9 5.02e-01 7.83e-01h  1
 148r-9.3342538e+03 2.65e-01 4.16e+04  -2.7 5.51e-04   5.3 8.58e-01 5.59e-01h  1
 149r-9.3342538e+03 2.71e-01 1.87e+03  -2.7 3.00e-04   4.8 1.00e+00 1.00e+00h  1
iter    objective    inf_pr   inf_du lg(mu)  ||d||  lg(rg) alpha_du alpha_pr  ls
 150r-9.3342538e+03 2.70e-01 1.62e+01  -2.7 1.71e-04   4.4 1.00e+00 1.00e+00f  1
 151r-9.3342346e+03 1.65e-01 4.48e+04  -2.7 2.39e+02    -  4.29e-02 4.84e-02f  1
 152r-9.3342346e+03 1.70e-01 4.27e+04  -2.7 5.74e-03   6.6 4.45e-02 4.45e-02h  1
 153r-9.3342346e+03 1.69e-01 4.17e+04  -2.7 5.95e-03   6.1 4.77e-03 4.78e-02h  3
 154r-9.3342346e+03 1.69e-01 4.03e+04  -2.7 5.58e-03   5.6 3.72e-02 1.25e-02h  5
 155r-9.3342346e+03 1.66e-01 3.07e+04  -2.7 6.01e-03   5.2 2.26e-01 1.39e-01f  1
 156r-9.3342346e+03 1.66e-01 7.17e+03  -2.7 6.76e-03   4.7 5.45e-01 1.52e-02f  1
 157r-9.3342346e+03 1.65e-01 1.55e+04  -2.7 4.46e-03   4.2 1.00e+00 3.14e-01f  1
 158r-9.3342346e+03 1.62e-01 6.14e+02  -2.7 3.17e-03   3.7 5.99e-01 1.00e+00f  1
 159r-9.3342346e+03 1.62e-01 9.99e+02  -2.8 0.00e+00    -  0.00e+00 3.07e-07R  8
iter    objective    inf_pr   inf_du lg(mu)  ||d||  lg(rg) alpha_du alpha_pr  ls
 160r-9.3342346e+03 1.62e-01 1.24e+03  -2.8 9.88e+00    -  3.07e-02 1.03e-04f  2
 161r-9.3342246e+03 1.61e-01 3.86e+04  -2.8 9.75e+00    -  8.81e-01 7.17e-02f  1
 162r-9.3337531e+03 4.20e-01 6.91e+04  -2.8 2.56e+01    -  3.94e-01 5.76e-01f  1
 163r-9.3334991e+03 3.67e-01 9.82e+04  -2.8 3.30e+01    -  7.94e-02 2.54e-01f  1
 164r-9.3334991e+03 3.55e-01 9.51e+04  -2.8 1.92e-03   6.0 3.11e-02 3.22e-02f  1
 165r-9.3334991e+03 3.17e-01 8.47e+04  -2.8 3.40e-03   5.5 2.78e-02 1.08e-01f  1
 166r-9.3334991e+03 3.13e-01 8.36e+04  -2.8 1.89e-02   5.0 3.39e-02 1.15e-02f  1
 167r-9.3334991e+03 2.31e-01 6.19e+04  -2.8 2.16e-03   4.6 1.68e-01 2.63e-01h  1
 168r-9.3334991e+03 1.92e-01 5.13e+04  -2.8 2.20e-03   4.1 5.90e-01 1.69e-01f  1
 169r-9.3334991e+03 1.29e-01 3.41e+04  -2.8 3.13e-03   3.6 1.34e-01 3.25e-01f  1
iter    objective    inf_pr   inf_du lg(mu)  ||d||  lg(rg) alpha_du alpha_pr  ls
 170r-9.3334991e+03 1.24e-01 3.25e+04  -2.8 6.95e-03   4.0 3.81e-02 3.98e-02f  1
 171r-9.3334991e+03 1.10e-01 2.86e+04  -2.8 1.84e-03   3.6 8.35e-01 1.15e-01f  1
 172r-9.3334991e+03 1.01e-01 2.64e+04  -2.8 3.25e-03   3.1 1.00e+00 8.01e-02f  1
 173r-9.3334991e+03 5.74e-02 1.53e+04  -2.8 7.15e-03   2.6 1.00e+00 4.33e-01f  1
 174r-9.3334988e+03 2.37e-02 6.53e+03  -2.8 7.99e-03   2.1 1.00e+00 5.87e-01f  1
 175r-9.3334983e+03 1.64e-02 4.54e+03  -2.8 9.76e-03   1.7 1.00e+00 3.07e-01f  1
 176r-9.3334940e+03 1.78e-03 4.90e+01  -2.8 1.35e-02   1.2 1.00e+00 1.00e+00f  1
 177r-9.3334940e+03 1.78e-03 9.99e+02  -3.0 0.00e+00    -  0.00e+00 4.35e-07R  8
 178r-9.3334934e+03 1.33e-03 8.78e+03  -3.0 1.10e+01    -  2.81e-01 1.09e-02f  1
 179r-9.3334644e+03 1.85e-02 1.83e+04  -3.0 9.19e+00    -  6.28e-01 3.29e-01f  1
iter    objective    inf_pr   inf_du lg(mu)  ||d||  lg(rg) alpha_du alpha_pr  ls
 180r-9.3334498e+03 1.93e-02 1.95e+04  -3.0 2.72e+01    -  1.80e-01 6.07e-02f  1
 181r-9.3334190e+03 2.56e-02 2.81e+04  -3.0 1.41e+01    -  7.57e-01 1.09e-01f  1
 182r-9.3331442e+03 7.28e-01 1.88e+04  -3.0 4.56e+01    -  2.31e-01 3.16e-01f  1
 183r-9.3327637e+03 8.36e-01 1.12e+04  -3.0 5.19e+01    -  5.15e-01 4.20e-01f  1
 184r-9.3319768e+03 7.75e-01 3.18e+03  -3.0 7.17e+01    -  8.86e-01 7.36e-01f  1
 185r-9.3312351e+03 5.24e-01 7.42e+02  -3.0 7.72e+01    -  7.78e-01 7.72e-01f  1
 186r-9.3309195e+03 2.88e-01 5.15e+01  -3.0 3.49e+01    -  9.99e-01 9.33e-01f  1
 187r-9.3308814e+03 5.74e-02 2.67e+01  -3.0 3.61e+00    -  1.00e+00 1.00e+00f  1
 188r-9.3308814e+03 5.74e-02 9.99e+02  -3.1 0.00e+00    -  0.00e+00 2.93e-07R  8
 189r-9.3308813e+03 2.32e-03 1.89e+03  -3.1 6.28e+00    -  4.59e-02 1.01e-03f  1
iter    objective    inf_pr   inf_du lg(mu)  ||d||  lg(rg) alpha_du alpha_pr  ls
 190r-9.3308784e+03 2.14e-03 4.25e+04  -3.1 5.47e+00    -  9.30e-01 4.94e-02f  1
 191r-9.3306578e+03 1.33e-01 2.92e+04  -3.1 4.17e+01    -  2.93e-01 3.10e-01f  1
 192r-9.3303064e+03 5.70e-01 1.70e+04  -3.1 4.64e+01    -  4.89e-01 4.32e-01f  1
 193r-9.3300972e+03 4.56e-01 1.55e+04  -3.1 6.72e+01    -  8.00e-01 2.16e-01f  1
 194r-9.3296355e+03 3.74e-01 1.06e+04  -3.1 9.92e+01    -  5.01e-01 3.25e-01f  1
 195r-9.3288311e+03 6.67e-01 2.02e+03  -3.1 9.60e+01    -  9.96e-01 8.18e-01f  1
 196r-9.3286672e+03 5.26e-01 1.23e+03  -3.1 3.06e+01    -  1.00e+00 3.93e-01f  1
 197r-9.3284500e+03 2.89e-02 5.17e+01  -3.1 1.88e+01    -  1.00e+00 1.00e+00f  1
 198r-9.3284529e+03 1.82e-03 6.55e-01  -3.1 2.16e-01    -  1.00e+00 1.00e+00h  1
 199r-9.3284529e+03 1.82e-03 9.99e+02  -3.3 0.00e+00    -  0.00e+00 3.60e-07R  8
iter    objective    inf_pr   inf_du lg(mu)  ||d||  lg(rg) alpha_du alpha_pr  ls
 200r-9.3284526e+03 1.79e-03 2.16e+04  -3.3 5.40e+00    -  5.44e-01 7.74e-03f  1
 201r-9.3283880e+03 3.22e-02 9.89e+03  -3.3 8.10e+00    -  6.15e-01 5.83e-01f  1
 202r-9.3282678e+03 1.43e-01 1.05e+04  -3.3 1.97e+01    -  7.72e-01 4.39e-01f  1
 203r-9.3281195e+03 1.24e-01 9.42e+03  -3.3 5.56e+01    -  4.41e-01 1.92e-01f  1
 204r-9.3277222e+03 1.20e-01 5.62e+03  -3.3 8.28e+01    -  4.59e-01 4.14e-01f  1
 205r-9.3271413e+03 5.17e-01 2.22e+03  -3.3 1.00e+02    -  7.42e-01 6.28e-01f  1
 206r-9.3270284e+03 4.37e-01 2.06e+03  -3.3 9.23e+01    -  8.54e-01 1.65e-01f  1
 207r-9.3265056e+03 2.65e-01 5.61e+02  -3.3 9.98e+01    -  9.98e-01 7.34e-01f  1
 208r-9.3263250e+03 1.39e-02 2.16e+01  -3.3 2.53e+01    -  1.00e+00 1.00e+00f  1
 209r-9.3263274e+03 5.51e-04 4.10e-02  -3.3 9.02e-01    -  1.00e+00 1.00e+00h  1
iter    objective    inf_pr   inf_du lg(mu)  ||d||  lg(rg) alpha_du alpha_pr  ls
 210r-9.3263273e+03 5.51e-04 6.53e-05  -3.3 8.56e-02    -  1.00e+00 1.00e+00h  1
 211r-9.3268660e+03 1.20e-02 1.11e+02  -6.4 6.60e+01    -  3.20e-01 2.70e-01f  1
 212r-9.3268844e+03 2.75e-02 1.58e+02  -6.4 1.08e+00  -2.0 2.32e-01 2.18e-01f  1
 213r-9.3269075e+03 2.21e-01 3.80e+02  -6.4 2.91e+00  -2.5 1.50e-01 1.36e-01f  1
 214r-9.3269634e+03 1.95e-01 2.61e+03  -6.4 1.05e+01  -3.0 1.81e-01 1.21e-01f  1
 215r-9.3269762e+03 1.93e-01 4.48e+03  -6.4 3.46e+01  -3.4 5.56e-02 1.00e-02f  1
 216r-9.3270271e+03 1.90e-01 4.26e+03  -6.4 2.73e+02  -3.9 9.26e-03 1.32e-02f  1
 217r-9.3270202e+03 1.90e-01 4.64e+03  -6.4 1.09e+03  -4.4 1.17e-02 1.97e-03f  1
 218r-9.3270279e+03 1.89e-01 5.78e+03  -6.4 1.90e+01  -4.0 3.60e-02 5.86e-03f  1
 219r-9.3270304e+03 1.88e-01 6.17e+03  -6.4 1.92e+01  -3.5 1.36e-02 2.79e-03f  1
iter    objective    inf_pr   inf_du lg(mu)  ||d||  lg(rg) alpha_du alpha_pr  ls
 220r-9.3270637e+03 1.84e-01 5.36e+03  -6.4 5.00e+01  -4.0 4.24e-03 2.23e-02f  1
 221r-9.3270850e+03 1.82e-01 6.59e+03  -6.4 2.90e+01  -4.5 4.57e-02 1.08e-02f  1
 222r-9.3271148e+03 1.74e-01 7.25e+03  -6.4 1.73e+01  -4.1 7.42e-02 4.70e-02f  1
 223r-9.3272065e+03 1.69e-01 6.33e+03  -6.4 1.81e+02  -4.5 1.57e-02 3.57e-02f  1
 224r-9.3272111e+03 1.67e-01 8.81e+03  -6.4 8.13e+01  -4.1 8.56e-02 7.74e-03f  1
 225r-9.3272041e+03 1.66e-01 9.05e+03  -6.4 6.80e+01  -4.6 2.13e-02 1.01e-02f  1
 226r-9.3271936e+03 1.62e-01 8.57e+03  -6.4 3.07e+01  -4.2 1.69e-02 2.55e-02f  1
 227r-9.3271590e+03 1.57e-01 8.11e+03  -6.4 7.90e+01  -4.6 2.43e-02 3.10e-02f  1
 228r-9.3271540e+03 1.56e-01 9.56e+03  -6.4 2.44e+01  -4.2 5.82e-02 5.10e-03f  1
 229r-9.3271324e+03 1.56e-01 9.27e+03  -6.4 2.88e+02  -4.7 9.59e-04 8.70e-03f  1
iter    objective    inf_pr   inf_du lg(mu)  ||d||  lg(rg) alpha_du alpha_pr  ls
 230r-9.3271324e+03 1.56e-01 9.55e+03  -6.4 6.02e+01  -4.3 1.04e-02 1.05e-05f  1
 231r-9.3271297e+03 1.55e-01 9.78e+03  -6.4 3.05e+02  -4.7 1.07e-02 1.31e-03f  1
 232r-9.3271235e+03 1.55e-01 1.10e+04  -6.4 4.15e+01  -4.3 5.10e-02 3.16e-03f  1
 233r-9.3270494e+03 1.48e-01 1.02e+04  -6.4 1.07e+01  -3.9 3.24e-02 4.39e-02f  1
 234r-9.3270314e+03 1.47e-01 1.09e+04  -6.4 7.20e+01  -4.4 3.81e-02 5.94e-03f  1
 235r-9.3269650e+03 1.42e-01 1.01e+04  -6.4 1.12e+01  -3.9 2.01e-02 3.80e-02f  1
 236r-9.3269680e+03 1.42e-01 1.01e+04  -6.4 5.54e+02  -4.4 2.73e-04 5.78e-04f  1
 237r-9.3269701e+03 1.40e-01 1.02e+04  -6.4 4.91e+01  -4.0 1.96e-02 9.36e-03f  1
 238r-9.3268909e+03 1.36e-01 9.81e+03  -6.4 5.65e+01  -4.5 2.93e-02 3.28e-02f  1
 239r-9.3268685e+03 1.32e-01 9.88e+03  -6.4 1.34e+01  -4.0 4.42e-02 2.80e-02f  1
iter    objective    inf_pr   inf_du lg(mu)  ||d||  lg(rg) alpha_du alpha_pr  ls
 240r-9.3268680e+03 1.32e-01 1.01e+04  -6.4 4.51e+01  -4.5 9.36e-03 6.42e-04f  1
 241r-9.3268634e+03 1.31e-01 1.07e+04  -6.4 1.67e+01  -4.1 4.07e-02 4.89e-03f  1
 242r-9.3268390e+03 1.30e-01 1.04e+04  -6.4 6.56e+01  -4.6 4.33e-03 1.37e-02f  1
 243r-9.3268151e+03 1.27e-01 1.01e+04  -6.4 2.54e+01  -4.1 2.94e-02 2.89e-02f  1
 244r-9.3268111e+03 1.25e-01 1.03e+04  -6.4 1.28e+01  -3.7 3.25e-02 1.42e-02f  1
 245r-9.3267910e+03 1.23e-01 9.93e+03  -6.4 4.32e+01  -4.2 1.07e-02 2.01e-02f  1
 246r-9.3267861e+03 1.20e-01 9.65e+03  -6.4 1.61e+01  -3.8 2.35e-02 2.52e-02f  1
 247r-9.3267866e+03 1.19e-01 1.13e+04  -6.4 6.38e+00  -3.3 1.02e-01 5.19e-03f  1
 248r-9.3267893e+03 1.17e-01 1.16e+04  -6.4 2.27e+01  -3.8 4.43e-02 1.45e-02f  1
 249r-9.3267967e+03 1.17e-01 1.16e+04  -6.4 1.13e+03  -4.3 1.31e-03 7.84e-04f  1
iter    objective    inf_pr   inf_du lg(mu)  ||d||  lg(rg) alpha_du alpha_pr  ls
 250r-9.3267973e+03 1.15e-01 1.16e+04  -6.4 1.72e+01  -3.9 4.28e-02 2.29e-02f  1
 251r-9.3267976e+03 1.14e-01 1.17e+04  -6.4 4.58e+01  -4.4 1.65e-02 5.64e-03f  1
 252r-9.3267937e+03 1.12e-01 1.21e+04  -6.4 1.41e+01  -3.9 5.89e-02 1.66e-02f  1
 253r-9.3267921e+03 1.12e-01 1.31e+04  -6.4 1.94e+01  -4.4 7.80e-02 1.45e-03f  1
 254r-9.3267809e+03 1.11e-01 1.33e+04  -6.4 8.75e+00  -4.0 3.31e-02 1.19e-02f  1
 255r-9.3267349e+03 1.08e-01 1.27e+04  -6.4 3.16e+01  -4.5 2.01e-02 3.26e-02f  1
 256r-9.3266921e+03 1.03e-01 1.22e+04  -6.4 1.41e+01  -4.0 5.17e-02 4.46e-02f  1
 257r-9.3266617e+03 1.01e-01 1.17e+04  -6.4 3.83e+01  -4.5 8.97e-03 2.38e-02f  1
 258r-9.3266288e+03 9.74e-02 1.16e+04  -6.4 2.05e+01  -4.1 5.93e-02 3.56e-02f  1
 259r-9.3266302e+03 9.72e-02 1.17e+04  -6.4 7.07e+01  -4.6 1.49e-02 1.93e-03f  1
iter    objective    inf_pr   inf_du lg(mu)  ||d||  lg(rg) alpha_du alpha_pr  ls
 260r-9.3266156e+03 9.63e-02 1.22e+04  -6.4 1.01e+01  -4.1 7.44e-02 9.96e-03f  1
 261r-9.3265930e+03 1.02e-01 1.15e+04  -6.4 6.49e+01  -4.6 6.84e-03 3.90e-02f  1
 262r-9.3265048e+03 9.83e-02 1.12e+04  -6.4 3.31e+01  -4.2 7.86e-02 4.82e-02f  1
 263r-9.3265141e+03 9.83e-02 1.12e+04  -6.4 3.89e+02  -4.7 1.17e-02 2.05e-03f  1
 264r-9.3263746e+03 9.35e-02 1.01e+04  -6.4 1.51e+01  -4.2 3.38e-02 7.09e-02f  1
 265r-9.3263437e+03 9.27e-02 1.00e+04  -6.4 9.76e+01  -4.7 1.92e-02 1.32e-02f  1
 266r-9.3262605e+03 9.00e-02 1.03e+04  -6.4 1.63e+01  -4.3 9.28e-02 2.91e-02f  1
 267r-9.3262161e+03 9.00e-02 1.02e+04  -6.4 1.19e+03  -4.8 2.70e-04 3.67e-03f  1
 268r-9.3261544e+03 8.89e-02 1.03e+04  -6.4 1.34e+02  -5.2 4.71e-02 1.23e-02f  1
 269r-9.3259579e+03 8.46e-02 9.59e+03  -6.4 4.18e+01  -4.8 3.03e-02 5.53e-02f  1
iter    objective    inf_pr   inf_du lg(mu)  ||d||  lg(rg) alpha_du alpha_pr  ls
 270r-9.3256008e+03 1.02e-01 8.62e+03  -6.4 1.20e+02  -5.3 3.62e-02 7.43e-02f  1
 271r-9.3249692e+03 1.07e-01 8.38e+03  -6.4 4.46e+01  -4.9 3.25e-02 2.99e-02f  1
 272r-9.3247757e+03 1.01e-01 7.66e+03  -6.4 5.99e+00  -3.5 7.04e-02 7.92e-02f  1
 273r-9.3247748e+03 1.01e-01 7.88e+03  -6.4 6.38e+00  -4.0 4.00e-02 1.44e-03h  1
 274r-9.3242740e+03 1.04e-01 5.78e+03  -6.4 1.90e+01  -4.5 1.56e-03 1.55e-01f  1
 275r-9.3242776e+03 9.40e-02 5.32e+03  -6.4 1.37e-01  -1.4 1.06e-01 9.24e-02f  1
 276r-9.3242798e+03 9.20e-02 5.67e+03  -6.4 3.06e-01  -1.8 1.10e-01 2.13e-02f  1
 277r-9.3242928e+03 5.86e-02 2.19e+03  -6.4 1.45e-01  -1.4 3.79e-02 3.63e-01f  1
 278r-9.3243051e+03 5.24e-02 1.93e+03  -6.4 3.17e-01  -1.9 9.96e-02 1.06e-01f  1
 279r-9.3243873e+03 4.05e-02 9.32e+02  -6.4 4.71e-01  -2.4 7.87e-02 2.28e-01f  1
iter    objective    inf_pr   inf_du lg(mu)  ||d||  lg(rg) alpha_du alpha_pr  ls
 280r-9.3244492e+03 3.82e-02 1.30e+03  -6.4 9.77e-01  -2.8 1.78e-01 5.50e-02f  1
 281r-9.3246730e+03 3.41e-02 1.10e+03  -6.4 2.06e+00  -3.3 9.07e-02 1.12e-01f  1
 282r-9.3247161e+03 3.40e-02 1.09e+03  -6.4 9.81e+01  -3.8 2.25e-03 1.78e-03h  1
 283r-9.3247670e+03 3.38e-02 1.15e+03  -6.4 1.99e+01  -4.3 4.10e-02 1.27e-02h  1
 284r-9.3248154e+03 3.33e-02 1.20e+03  -6.4 7.02e+00  -3.8 4.68e-02 1.61e-02f  1
 285r-9.3248413e+03 3.33e-02 1.25e+03  -6.4 3.49e+01  -4.3 3.16e-02 5.50e-03h  1
 286r-9.3249427e+03 3.24e-02 1.18e+03  -6.4 6.33e+00  -3.9 3.02e-02 3.91e-02f  1
 287r-9.3249711e+03 3.28e-02 1.17e+03  -6.4 1.28e+02  -4.4 2.55e-04 3.13e-03f  1
 288r-9.3251531e+03 3.18e-02 8.97e+02  -6.4 6.20e+00  -3.9 1.73e-03 7.88e-02f  1
 289r-9.3251755e+03 3.14e-02 1.17e+03  -6.4 3.10e+00  -3.5 1.31e-01 1.27e-02h  1
iter    objective    inf_pr   inf_du lg(mu)  ||d||  lg(rg) alpha_du alpha_pr  ls
 290r-9.3252029e+03 3.11e-02 1.21e+03  -6.4 8.99e+00  -4.0 3.23e-02 1.08e-02h  1
 291r-9.3253582e+03 2.85e-02 1.06e+03  -6.4 3.43e+00  -3.6 7.36e-02 9.01e-02f  1
 292r-9.3254261e+03 2.78e-02 1.07e+03  -6.4 8.71e+00  -4.0 4.78e-02 3.00e-02f  1
 293r-9.3256324e+03 2.49e-02 8.05e+02  -6.4 3.86e+00  -3.6 7.30e-02 1.35e-01f  1
 294r-9.3256385e+03 2.49e-02 9.26e+02  -6.4 8.64e+00  -4.1 7.14e-02 3.45e-03h  1
 295r-9.3257991e+03 2.22e-02 7.39e+02  -6.4 4.23e+00  -3.7 7.74e-02 1.22e-01f  1
 296r-9.3258652e+03 2.15e-02 6.97e+02  -6.4 1.19e+01  -4.1 4.44e-02 4.84e-02f  1
 297r-9.3259755e+03 2.01e-02 7.20e+02  -6.4 3.24e+00  -3.7 1.29e-01 7.66e-02f  1
 298r-9.3260463e+03 2.05e-02 6.72e+02  -6.4 9.60e+00  -4.2 3.21e-02 4.39e-02f  1
 299r-9.3262397e+03 1.97e-02 4.68e+02  -6.4 4.71e+00  -3.8 8.18e-02 1.59e-01f  1
iter    objective    inf_pr   inf_du lg(mu)  ||d||  lg(rg) alpha_du alpha_pr  ls
 300r-9.3263183e+03 2.49e-02 4.58e+02  -6.4 2.02e+01  -4.3 8.08e-02 6.54e-02f  1
 301r-9.3263907e+03 2.39e-02 4.15e+02  -6.4 4.83e+00  -3.8 6.48e-02 7.35e-02h  1
 302r-9.3263955e+03 2.38e-02 4.07e+02  -6.4 5.06e+01  -4.3 1.62e-03 5.78e-03f  1
 303r-9.3264296e+03 2.32e-02 3.91e+02  -6.4 7.13e+00  -3.9 3.03e-02 3.32e-02f  1
 304r-9.3264613e+03 2.35e-02 4.17e+02  -6.4 1.38e+01  -4.4 7.33e-02 2.93e-02f  1
 305r-9.3265417e+03 2.27e-02 3.19e+02  -6.4 4.89e+00  -3.9 2.41e-03 8.28e-02f  1
 306r-9.3265981e+03 2.66e-02 3.14e+02  -6.4 1.63e+01  -4.4 7.68e-02 5.96e-02h  1
 307r-9.3267657e+03 2.37e-02 3.86e+02  -6.4 5.73e+00  -4.0 3.68e-02 1.93e-01f  1
 308r-9.3267659e+03 2.36e-02 3.52e+02  -6.4 8.19e+01  -4.5 2.62e-02 4.38e-04h  1
 309r-9.3267806e+03 2.32e-02 2.26e+02  -6.4 5.39e+00  -4.0 1.27e-01 2.08e-02f  1
iter    objective    inf_pr   inf_du lg(mu)  ||d||  lg(rg) alpha_du alpha_pr  ls
 310r-9.3268060e+03 2.22e-02 2.38e+02  -6.4 4.08e+00  -3.6 8.65e-02 4.69e-02h  1
 311r-9.3268707e+03 2.17e-02 2.03e+02  -6.4 6.13e+00  -4.1 7.47e-02 9.64e-02f  1
 312r-9.3269182e+03 2.01e-02 2.50e+02  -6.4 2.71e+00  -3.7 2.20e-01 9.21e-02f  1
 313r-9.3269674e+03 1.88e-02 2.38e+02  -6.4 6.83e+00  -4.1 1.14e-01 8.88e-02f  1
 314r-9.3269713e+03 1.84e-02 4.90e+02  -6.4 3.44e-01  -2.8 6.46e-02 2.42e-02h  1
 315r-9.3270106e+03 1.61e-02 4.33e+02  -6.4 1.16e+00  -3.3 7.95e-02 1.27e-01h  1
 316r-9.3271889e+03 1.71e-02 3.04e+02  -6.4 3.31e+00  -3.8 8.24e-02 3.96e-01f  1
 317r-9.3272152e+03 1.89e-02 2.75e+02  -6.4 8.91e+00  -4.2 1.31e-01 8.91e-02f  1
 318r-9.3272269e+03 1.82e-02 2.12e+02  -6.4 3.61e+00  -3.8 2.54e-01 4.19e-02f  1
 319r-9.3272323e+03 1.79e-02 2.24e+02  -6.4 1.00e+01  -4.3 6.51e-02 2.32e-02h  1
iter    objective    inf_pr   inf_du lg(mu)  ||d||  lg(rg) alpha_du alpha_pr  ls
 320r-9.3272617e+03 1.65e-02 2.48e+02  -6.4 3.77e+00  -3.9 1.71e-03 1.12e-01f  1
 321r-9.3272657e+03 1.67e-02 2.47e+02  -6.4 1.29e+01  -4.3 1.80e-02 5.65e-02f  1
 322r-9.3272973e+03 1.56e-02 3.09e+02  -6.4 4.16e+00  -3.9 3.41e-02 1.80e-01f  1
 323r-9.3273190e+03 1.32e-02 2.69e+02  -6.4 1.55e+00  -3.5 1.65e-01 1.77e-01f  1
 324r-9.3273164e+03 1.57e-02 2.98e+02  -6.4 4.93e+00  -4.0 9.97e-02 2.04e-01f  1
 325r-9.3273234e+03 1.31e-02 3.48e+02  -6.4 1.72e+00  -3.5 1.27e-01 1.98e-01f  1
 326r-9.3272955e+03 1.28e-02 3.13e+02  -6.4 8.42e+00  -4.0 8.55e-02 6.11e-02f  1
 327r-9.3272840e+03 1.08e-02 2.82e+02  -6.4 2.18e+00  -3.6 1.30e-01 2.11e-01f  1
 328r-9.3272761e+03 8.63e-03 2.10e+02  -6.4 8.26e-01  -3.2 2.63e-01 2.08e-01f  1
 329r-9.3272724e+03 4.14e-03 1.72e+02  -6.4 3.20e-01  -2.7 2.33e-01 5.31e-01h  1
iter    objective    inf_pr   inf_du lg(mu)  ||d||  lg(rg) alpha_du alpha_pr  ls
 330r-9.3272700e+03 1.88e-03 1.60e+02  -6.4 1.07e-01  -2.3 3.32e-01 5.50e-01f  1
 331r-9.3272680e+03 1.03e-03 1.20e+02  -6.4 6.64e-02  -1.9 3.31e-01 4.53e-01f  1
 332r-9.3272680e+03 1.03e-03 9.99e+02  -3.5 0.00e+00    -  0.00e+00 2.20e-07R  2
 333r-9.3272675e+03 1.03e-03 9.99e+02  -3.5 3.74e+02    -  7.50e-04 1.32e-04f  1
 334r-9.3272672e+03 9.94e-04 9.97e+02  -3.5 1.99e+01    -  2.42e-03 1.76e-03f  1
 335r-9.3272665e+03 9.89e-04 9.93e+02  -3.5 1.58e+01    -  1.10e-02 4.40e-03f  1
 336r-9.3272642e+03 9.72e-04 9.76e+02  -3.5 1.10e+01    -  1.53e-02 1.69e-02f  1
 337r-9.3272600e+03 9.32e-04 9.38e+02  -3.5 9.24e+00    -  4.48e-02 3.87e-02f  1
 338r-9.3272499e+03 8.19e-04 8.36e+02  -3.5 8.22e+00    -  9.79e-02 1.15e-01f  1
 339r-9.3272198e+03 8.96e-04 2.09e+03  -3.5 7.71e+00    -  3.75e-01 4.12e-01f  1
iter    objective    inf_pr   inf_du lg(mu)  ||d||  lg(rg) alpha_du alpha_pr  ls
 340r-9.3271531e+03 2.27e-03 1.04e+04  -3.5 8.97e+00    -  5.10e-01 8.45e-01f  1
 341r-9.3270214e+03 8.93e-03 5.96e+03  -3.5 1.50e+01    -  4.12e-01 1.00e+00f  1
 342r-9.3268771e+03 1.11e-02 2.38e+03  -3.5 2.04e+01    -  4.52e-01 7.54e-01f  1
 343r-9.3266291e+03 2.71e-02 7.95e+02  -3.5 2.87e+01    -  4.94e-01 8.48e-01f  1
 344r-9.3262910e+03 2.75e-02 3.38e+02  -3.5 4.11e+01    -  4.69e-01 8.37e-01f  1
 345r-9.3259723e+03 3.16e-02 7.08e+01  -3.5 4.71e+01    -  8.02e-01 7.08e-01f  1
 346r-9.3253086e+03 6.53e-02 1.48e+01  -3.5 6.21e+01    -  9.41e-01 8.62e-01f  1
 347r-9.3244224e+03 1.39e-02 1.82e+00  -3.5 2.57e+01    -  9.99e-01 1.00e+00f  1
 348r-9.3243756e+03 8.07e-04 2.74e-02  -3.5 6.26e+00    -  1.00e+00 1.00e+00h  1
 349r-9.3243923e+03 3.67e-04 6.02e-05  -3.5 1.18e+00    -  1.00e+00 1.00e+00h  1
iter    objective    inf_pr   inf_du lg(mu)  ||d||  lg(rg) alpha_du alpha_pr  ls
 350r-9.3247129e+03 3.12e-03 1.15e+03  -5.5 3.58e+01    -  3.36e-01 2.57e-01f  1
 351r-9.3247700e+03 1.42e-02 5.73e+03  -5.5 5.29e+00  -4.0 4.27e-02 1.89e-01f  1
 352r-9.3243276e+03 1.08e+00 7.32e+03  -5.5 3.17e+03    -  2.51e-02 7.10e-02f  1
 353r-9.3243490e+03 1.03e+00 9.65e+02  -5.5 1.19e+01  -4.5 1.89e-01 4.74e-02f  1
 354r-9.3243525e+03 9.59e-01 2.25e+03  -5.5 5.25e+01  -5.0 2.64e-02 6.54e-02f  1
 355r-9.3243460e+03 9.11e-01 3.71e+03  -5.5 1.17e+02  -5.4 4.26e-03 5.07e-02f  1
 356r-9.3238701e+03 8.58e-01 3.36e+03  -5.5 4.30e+02    -  1.02e-01 1.04e-01f  1
 357r-9.3234892e+03 9.82e-01 3.28e+03  -5.5 1.66e+03    -  5.14e-02 5.48e-02f  1
 358r-9.3230533e+03 1.14e+00 1.57e+03  -5.5 1.69e+03    -  1.14e-01 6.11e-02f  1
 359r-9.3225928e+03 1.06e+00 4.82e+02  -5.5 2.94e+02    -  1.51e-01 7.54e-02f  1
iter    objective    inf_pr   inf_du lg(mu)  ||d||  lg(rg) alpha_du alpha_pr  ls
 360r-9.3212922e+03 1.73e+00 2.83e+03  -5.5 1.18e+03    -  2.35e-02 1.73e-01f  1
 361r-9.3204624e+03 2.11e+00 2.10e+03  -5.5 1.45e+03    -  1.36e-01 1.17e-01f  1
 362r-9.3203337e+03 2.06e+00 2.44e+03  -5.5 2.07e+02    -  2.72e-01 2.60e-02h  1
 363r-9.3196826e+03 1.86e+00 1.07e+03  -5.5 3.74e+02    -  3.11e-02 1.14e-01f  1
 364r-9.3196832e+03 1.82e+00 2.87e+03  -5.5 1.51e+00  -3.2 1.63e-01 2.04e-02h  1
 365r-9.3197005e+03 1.45e+00 1.58e+03  -5.5 2.03e+00  -3.7 1.40e-01 2.05e-01f  1
 366r-9.3197296e+03 7.76e-01 1.81e+03  -5.5 1.51e+00  -3.3 1.77e-01 4.64e-01f  1
 367r-9.3197571e+03 6.59e-01 1.48e+03  -5.5 1.62e+00  -3.7 1.58e-01 1.50e-01h  1
 368r-9.3197756e+03 5.14e-01 1.14e+03  -5.5 2.82e+00  -4.2 2.23e-01 2.21e-01h  1
 369r-9.3197238e+03 3.74e-01 1.35e+03  -5.5 1.98e+00  -3.8 1.68e-01 2.71e-01h  1
iter    objective    inf_pr   inf_du lg(mu)  ||d||  lg(rg) alpha_du alpha_pr  ls
 370r-9.3197239e+03 3.56e-01 4.54e+02  -5.5 3.88e-01  -2.4 4.14e-01 4.81e-02h  1
 371r-9.3197257e+03 2.13e-01 3.00e+02  -5.5 2.26e-01  -2.0 2.22e-01 4.03e-01h  1
 372r-9.3197278e+03 1.54e-01 3.16e+02  -5.5 2.96e-01  -2.5 2.25e-01 2.77e-01f  1
 373r-9.3197324e+03 1.05e-01 4.52e+02  -5.5 1.31e-01  -2.1 1.62e-01 3.17e-01f  1
 374r-9.3197641e+03 3.85e-02 4.73e+02  -5.5 3.44e-01  -2.6 3.91e-01 6.33e-01f  1
 375r-9.3199374e+03 2.39e-02 4.81e+02  -5.5 7.99e-01  -3.0 1.48e-01 3.78e-01f  1
 376r-9.3199946e+03 2.00e-02 3.10e+02  -5.5 1.43e+00  -3.5 2.97e-01 1.65e-01f  1
 377r-9.3201020e+03 1.38e-02 1.94e+02  -5.5 2.84e+00  -4.0 3.73e-01 3.09e-01f  1
 378r-9.3201869e+03 1.26e-02 1.75e+02  -5.5 1.03e+01  -4.5 9.58e-02 9.17e-02f  1
 379r-9.3202278e+03 1.05e-02 1.48e+02  -5.5 2.24e+00  -4.0 1.48e-01 1.64e-01f  1
iter    objective    inf_pr   inf_du lg(mu)  ||d||  lg(rg) alpha_du alpha_pr  ls
 380r-9.3202703e+03 9.47e-03 2.66e+02  -5.5 1.27e+01  -4.5 4.21e-02 9.92e-02f  1
 381r-9.3202946e+03 8.34e-03 2.32e+02  -5.5 3.88e+00  -4.1 9.18e-02 1.19e-01f  1
 382r-9.3203220e+03 6.54e-03 2.43e+02  -5.5 1.20e+00  -3.7 1.72e-01 2.55e-01f  1
 383r-9.3203249e+03 6.48e-03 1.97e+02  -5.5 7.59e+00  -4.1 4.04e-02 1.49e-02f  1
 384r-9.3203457e+03 5.62e-03 1.63e+02  -5.5 1.42e+00  -3.7 2.12e-01 2.39e-01f  1
 385r-9.3203609e+03 4.48e-03 1.44e+02  -5.5 6.40e-01  -3.3 1.32e-01 2.42e-01f  1
 386r-9.3203698e+03 2.86e-03 6.68e+01  -5.5 2.50e-01  -2.9 7.01e-01 3.77e-01f  1
 387r-9.3203826e+03 2.30e-03 6.06e+01  -5.5 6.95e-01  -3.3 3.89e-01 4.97e-01f  1
 388r-9.3203818e+03 2.25e-03 5.95e+01  -5.5 2.66e+00  -3.8 5.56e-02 7.47e-02f  1
 389r-9.3203822e+03 2.17e-03 1.13e+02  -5.5 1.09e+00  -3.4 5.56e-01 2.52e-01f  1
iter    objective    inf_pr   inf_du lg(mu)  ||d||  lg(rg) alpha_du alpha_pr  ls
 390r-9.3203843e+03 2.38e-03 9.59e+01  -5.5 3.04e+00  -3.9 1.64e-01 1.56e-01f  1
 391r-9.3203772e+03 2.36e-03 8.60e+01  -5.5 1.61e+00  -3.4 1.87e-01 1.65e-01f  1
 392r-9.3203720e+03 2.48e-03 1.05e+02  -5.5 4.63e+00  -3.9 1.51e-01 9.10e-02f  1
 393r-9.3203588e+03 2.57e-03 1.40e+02  -5.5 3.88e+01  -4.4 2.16e-02 1.32e-02h  1
 394r-9.3203325e+03 2.90e-03 1.09e+02  -5.5 1.27e+01  -4.0 2.38e-02 4.08e-02f  1
 395r-9.3203333e+03 2.51e-03 2.57e+02  -5.5 1.64e+00  -3.5 5.13e-01 1.90e-01f  1
 396r-9.3203337e+03 2.50e-03 3.32e+02  -5.5 4.90e+00  -4.0 5.73e-01 1.64e-01f  1
 397r-9.3203046e+03 6.44e-03 2.57e+02  -5.5 1.58e+01  -4.5 2.74e-01 2.54e-01f  1
 398r-9.3202549e+03 7.70e-03 1.84e+02  -5.5 1.71e+02  -5.0 6.60e-03 1.81e-02f  1
 399r-9.3202480e+03 8.32e-03 1.62e+02  -5.5 2.45e+01  -4.5 1.05e-01 8.03e-02f  1
iter    objective    inf_pr   inf_du lg(mu)  ||d||  lg(rg) alpha_du alpha_pr  ls
 400r-9.3203289e+03 1.36e-02 1.32e+02  -5.5 6.93e+00  -4.1 2.41e-01 5.86e-01f  1
 401r-9.3203499e+03 1.65e-02 1.99e+02  -5.5 4.44e+01  -4.6 9.31e-03 4.70e-02f  1
 402r-9.3203770e+03 1.83e-02 2.25e+02  -5.5 1.27e+01  -4.2 8.35e-02 1.25e-01f  1
 403r-9.3203783e+03 1.80e-02 1.80e+02  -5.5 2.01e+01  -4.6 6.66e-02 2.56e-02f  1
 404r-9.3203813e+03 1.82e-02 1.55e+02  -5.5 2.98e+01  -5.1 4.70e-02 2.94e-02f  1
 405r-9.3203048e+03 1.84e-02 1.58e+02  -5.5 4.37e+03    -  4.15e-03 2.23e-03h  1
 406r-9.3203009e+03 1.83e-02 1.52e+02  -5.5 4.80e+01  -5.6 2.25e-02 1.59e-02h  1
 407r-9.3202173e+03 2.16e-02 1.44e+02  -5.5 1.48e+02  -6.1 5.66e-02 7.54e-02f  1
 408r-9.3202015e+03 1.93e-02 1.21e+02  -5.5 7.99e+00  -4.8 1.45e-01 1.26e-01f  1
 409r-9.3201944e+03 1.60e-02 1.00e+02  -5.5 3.19e+00  -4.3 1.56e-01 1.94e-01f  1
iter    objective    inf_pr   inf_du lg(mu)  ||d||  lg(rg) alpha_du alpha_pr  ls
 410r-9.3201704e+03 1.44e-02 7.51e+01  -5.5 9.02e+00  -4.8 2.60e-01 1.52e-01f  1
 411r-9.3201540e+03 1.53e-02 7.26e+01  -5.5 6.44e+01  -5.3 3.31e-02 2.66e-02h  1
 412r-9.3201164e+03 7.89e-03 5.95e+01  -5.5 1.86e+00  -3.9 3.48e-01 7.91e-01f  1
 413r-9.3200951e+03 8.57e-03 6.44e+01  -5.5 7.24e+00  -4.4 1.39e-01 1.96e-01f  1
 414r-9.3199668e+03 6.88e-03 4.48e+00  -5.5 1.75e+00  -4.0 1.00e+00 1.00e+00f  1
 415r-9.3199583e+03 3.64e-04 5.45e-01  -5.5 3.89e-02  -1.8 1.00e+00 1.00e+00h  1
 416r-9.3199541e+03 3.64e-04 1.20e-01  -5.5 2.39e-02  -1.3 1.00e+00 1.00e+00h  1
 417r-9.3199400e+03 3.64e-04 5.99e+01  -5.5 2.43e-01  -1.8 5.52e-01 4.23e-01h  1
 418r-9.3199401e+03 3.64e-04 2.85e+02  -5.5 6.00e-02  -1.4 6.66e-01 2.79e-01f  1
 419r-9.3199514e+03 3.64e-04 9.31e+01  -5.5 4.47e-02  -1.9 9.95e-01 8.10e-01f  1
iter    objective    inf_pr   inf_du lg(mu)  ||d||  lg(rg) alpha_du alpha_pr  ls
 420r-9.3199422e+03 3.64e-04 7.92e+01  -5.5 2.19e-01  -2.3 1.00e+00 5.20e-01f  1
 421r-9.3199691e+03 3.64e-04 4.89e+00  -5.5 2.35e-01  -2.8 1.00e+00 1.00e+00f  1
 422r-9.3199974e+03 3.65e-04 6.60e+01  -5.5 5.48e-01  -3.3 1.00e+00 7.67e-01h  1
 423r-9.3200351e+03 3.65e-04 1.42e+02  -5.5 2.29e+00  -3.8 1.84e-01 1.13e-01f  1
 424r-9.3200848e+03 3.65e-04 1.45e+02  -5.5 9.51e-01  -3.4 8.02e-02 1.79e-01f  1
 425r-9.3201539e+03 7.34e-04 1.56e+02  -5.5 1.19e+00  -3.8 2.57e-01 4.78e-01f  1
 426r-9.3201826e+03 1.18e-03 8.41e+01  -5.5 3.47e+00  -4.3 3.00e-01 1.76e-01f  1
 427r-9.3202179e+03 1.28e-03 4.20e+01  -5.5 1.16e+00  -3.9 6.99e-01 5.01e-01f  1
 428r-9.3202204e+03 1.78e-03 2.70e+02  -5.5 3.45e+00  -4.4 8.86e-01 3.04e-01f  1
 429r-9.3201747e+03 1.79e-03 3.00e+02  -5.5 1.22e+03    -  1.70e-02 6.29e-03f  1
iter    objective    inf_pr   inf_du lg(mu)  ||d||  lg(rg) alpha_du alpha_pr  ls
 430r-9.3200593e+03 5.49e-03 3.99e+02  -5.5 8.64e+02    -  8.45e-02 1.69e-02f  1
 431r-9.3199925e+03 7.01e-03 5.66e+02  -5.5 8.15e+02    -  7.90e-02 1.09e-02f  1
 432r-9.3191672e+03 2.40e-01 4.27e+02  -5.5 7.60e+02    -  1.20e-01 1.42e-01f  1
 433r-9.3190098e+03 2.42e-01 3.86e+02  -5.5 6.11e+02    -  1.77e-02 3.78e-02h  1
 434r-9.3188353e+03 2.27e-01 3.99e+02  -5.5 1.36e+02    -  1.43e-01 6.17e-02h  1
 435r-9.3186246e+03 2.10e-01 3.66e+02  -5.5 1.27e+02    -  6.03e-02 7.69e-02h  1
 436r-9.3182299e+03 1.78e-01 3.10e+02  -5.5 1.20e+02    -  1.32e-01 1.52e-01h  1
 437r-9.3175365e+03 3.56e-01 1.99e+02  -5.5 4.66e+02    -  9.80e-03 2.25e-01h  1
 438r-9.3174632e+03 3.47e-01 1.82e+02  -5.5 3.76e+02    -  9.96e-02 3.23e-02h  1
 439r-9.3173907e+03 3.39e-01 1.83e+02  -5.5 4.29e+02    -  6.18e-02 3.71e-02h  1
iter    objective    inf_pr   inf_du lg(mu)  ||d||  lg(rg) alpha_du alpha_pr  ls
 440r-9.3167270e+03 4.39e-01 2.35e+02  -5.5 3.40e+02    -  7.70e-02 2.97e-01h  1
 441r-9.3164429e+03 3.96e-01 5.71e+02  -5.5 2.39e+02    -  5.43e-01 1.76e-01h  1
 442r-9.3160992e+03 3.83e-01 1.20e+02  -5.5 2.55e+02    -  2.01e-02 2.75e-01h  1
 443r-9.3161006e+03 3.02e-01 1.91e+02  -5.5 1.35e+01  -4.8 3.03e-02 2.11e-01h  1
 444r-9.3159518e+03 2.49e-01 3.25e+02  -5.5 1.44e+02    -  1.56e-01 2.78e-01f  1
 445r-9.3159515e+03 2.41e-01 3.47e+02  -5.5 4.16e+00  -4.4 4.76e-02 3.15e-02f  1
 446r-9.3159521e+03 1.49e-01 5.59e+02  -5.5 4.05e+00  -4.9 6.31e-02 3.84e-01h  1
 447r-9.3159534e+03 1.39e-01 5.62e+02  -5.5 4.90e+00  -4.5 2.21e-01 6.50e-02f  1
 448r-9.3159570e+03 1.28e-01 7.04e+02  -5.5 1.83e+01  -4.9 2.55e-02 7.63e-02h  1
 449r-9.3159584e+03 1.19e-01 5.74e+02  -5.5 5.75e+00  -4.5 2.08e-01 7.14e-02f  1
iter    objective    inf_pr   inf_du lg(mu)  ||d||  lg(rg) alpha_du alpha_pr  ls
 450r-9.3159606e+03 8.35e-02 4.06e+02  -5.5 1.57e+00  -4.1 3.12e-01 3.00e-01h  1
 451r-9.3159616e+03 7.85e-02 3.67e+02  -5.5 6.40e+00  -4.6 8.94e-02 5.98e-02h  1
 452r-9.3159857e+03 7.67e-02 2.90e+02  -5.5 2.13e+02    -  7.02e-02 4.88e-02h  1
 453r-9.3159962e+03 7.53e-02 2.39e+02  -5.5 2.01e+02    -  4.14e-02 2.56e-02h  1
 454r-9.3159889e+03 7.40e-02 2.18e+02  -5.5 1.16e+02    -  3.41e-02 1.89e-02h  1
 455r-9.3159824e+03 7.33e-02 1.06e+02  -5.5 9.69e+01    -  3.40e-01 9.02e-03h  1
 456r-9.3158602e+03 6.31e-02 1.16e+02  -5.5 6.39e+01    -  3.09e-01 1.71e-01h  1
 457r-9.3156056e+03 2.67e-02 3.33e+01  -5.5 1.82e+01    -  4.91e-01 6.02e-01h  1
 458r-9.3154671e+03 9.52e-03 3.92e+01  -5.5 7.28e+00    -  1.00e+00 6.48e-01f  1
 459r-9.3154018e+03 3.65e-04 2.35e-02  -5.5 2.54e+00    -  1.00e+00 1.00e+00h  1
iter    objective    inf_pr   inf_du lg(mu)  ||d||  lg(rg) alpha_du alpha_pr  ls
 460r-9.3153992e+03 3.65e-04 6.21e-05  -5.5 1.43e-01    -  1.00e+00 1.00e+00h  1
 461r-9.3154304e+03 3.67e-04 1.40e+02  -6.8 6.77e+00    -  5.19e-01 3.21e-01f  1
 462r-9.3154271e+03 7.58e-03 2.63e+02  -6.8 4.50e+01  -5.0 1.40e-01 3.29e-02f  1
 463r-9.3154105e+03 2.61e-02 2.01e+02  -6.8 7.00e+01  -5.5 7.59e-03 3.04e-02h  1
 464r-9.3154096e+03 2.62e-02 2.22e+02  -6.8 4.14e+01  -5.1 2.07e-02 4.82e-03h  1
 465r-9.3154097e+03 3.53e-02 1.92e+02  -6.8 2.06e+01  -4.7 4.24e-02 6.08e-02h  1
 466r-9.3154070e+03 6.81e-02 1.74e+02  -6.8 1.35e+02  -5.1 8.70e-03 2.03e-02h  1
 467r-9.3154048e+03 7.83e-02 1.52e+02  -6.8 2.43e+01  -4.7 1.86e-02 5.75e-02h  1
 468r-9.3154039e+03 8.08e-02 2.05e+02  -6.8 8.51e+00  -4.3 8.68e-02 1.78e-01f  1
 469r-9.3154019e+03 8.46e-02 2.32e+02  -6.8 3.76e+01  -4.8 9.29e-03 3.97e-02h  1
iter    objective    inf_pr   inf_du lg(mu)  ||d||  lg(rg) alpha_du alpha_pr  ls
 470r-9.3154011e+03 8.11e-02 1.84e+02  -6.8 1.06e+01  -4.3 1.01e-01 6.29e-02f  1
 471r-9.3153979e+03 9.43e-02 2.08e+02  -6.8 5.47e+01  -4.8 2.44e-02 5.12e-02h  1
 472r-9.3153567e+03 1.08e-01 1.94e+02  -6.8 4.84e+01  -5.3 5.71e-02 9.36e-02h  1
 473r-9.3153269e+03 1.10e-01 1.90e+02  -6.8 1.15e+02  -5.8 2.29e-02 1.96e-02h  1
 474r-9.3152862e+03 1.11e-01 1.87e+02  -6.8 6.47e+02  -6.3 4.04e-03 6.26e-03f  1
 475r-9.3152851e+03 1.11e-01 1.88e+02  -6.8 1.29e+02  -5.8 7.17e-02 6.41e-04h  1
 476r-9.3151955e+03 1.10e-01 1.98e+02  -6.8 2.64e+02  -6.3 3.64e-02 1.75e-02h  1
 477r-9.3145877e+03 1.16e-01 1.68e+02  -6.8 7.62e+02  -6.8 5.08e-03 3.54e-02h  1
 478r-9.3145813e+03 1.21e-01 1.73e+02  -6.8 1.30e+02  -5.4 5.36e-03 1.03e-02f  1
 479r-9.3145773e+03 1.25e-01 1.69e+02  -6.8 1.18e+04  -5.9 2.39e-04 1.32e-04f  1
iter    objective    inf_pr   inf_du lg(mu)  ||d||  lg(rg) alpha_du alpha_pr  ls
 480r-9.3145763e+03 1.25e-01 1.63e+02  -6.8 1.77e+03  -6.4 2.20e-03 4.15e-04h  1
 481r-9.3145734e+03 1.25e-01 1.72e+02  -6.8 3.00e+02  -6.0 4.93e-04 3.05e-03h  1
 482r-9.3145731e+03 1.24e-01 1.76e+02  -6.8 2.52e+01  -4.6 2.14e-04 7.00e-03f  1
 483r-9.3145730e+03 1.24e-01 1.81e+02  -6.8 3.86e+02  -5.1 4.35e-04 2.04e-03f  1
 484r-9.3145712e+03 1.20e-01 4.16e+02  -6.8 2.58e+01  -4.7 1.59e-01 3.05e-02f  1
 485r-9.3145733e+03 2.36e-01 3.62e+02  -6.8 4.83e+03  -5.2 3.99e-04 1.01e-03h  1
 486r-9.3145710e+03 2.36e-01 5.27e+02  -6.8 3.18e+01  -4.8 8.88e-02 3.30e-02h  1
 487r-9.3146983e+03 2.34e-01 5.07e+02  -6.8 1.17e+04    -  5.49e-05 6.41e-03f  1
 488r-9.3146982e+03 2.34e-01 6.00e+02  -6.8 8.41e+00  -4.3 3.92e-02 1.06e-03h  1
 489r-9.3142454e+03 3.68e-01 5.64e+02  -6.8 1.03e+04    -  7.31e-04 1.10e-02f  1
iter    objective    inf_pr   inf_du lg(mu)  ||d||  lg(rg) alpha_du alpha_pr  ls
 490r-9.3142454e+03 3.68e-01 6.37e+02  -6.8 2.94e+01  -4.8 3.31e-02 8.73e-05h  1
 491r-9.3110837e+03 3.43e-01 3.91e+02  -6.8 9.24e+02    -  3.48e-02 8.12e-02f  1
 492r-9.3097835e+03 3.69e-01 3.24e+02  -6.8 1.23e+03    -  7.08e-04 3.63e-02h  1
 493r-9.3092714e+03 5.33e-01 3.99e+02  -6.8 3.23e+04    -  8.14e-04 2.88e-03f  1
 494r-9.3092674e+03 5.27e-01 3.93e+02  -6.8 3.79e+01  -5.3 5.63e-02 1.16e-02h  1
 495r-9.3092656e+03 5.20e-01 3.88e+02  -6.8 1.38e+01  -4.9 1.22e-02 1.30e-02h  1
 496r-9.3092483e+03 4.90e-01 4.39e+02  -6.8 4.76e+01  -5.3 1.36e-02 5.74e-02h  1
 497r-9.3092410e+03 3.77e-01 3.19e+02  -6.8 1.83e+00  -4.0 1.48e-01 2.31e-01f  1
 498r-9.3092251e+03 2.70e-01 4.69e+02  -6.8 5.97e+00  -4.5 6.39e-02 2.83e-01h  1
 499r-9.3092094e+03 1.14e-01 9.29e+02  -6.8 2.15e+00  -4.1 9.63e-02 5.79e-01h  1
iter    objective    inf_pr   inf_du lg(mu)  ||d||  lg(rg) alpha_du alpha_pr  ls
 500r-9.3091892e+03 6.53e-02 1.04e+03  -6.8 6.63e+00  -4.5 6.46e-02 4.28e-01h  1
 501r-9.3091883e+03 6.18e-02 8.42e+02  -6.8 4.02e+00  -4.1 1.88e-01 5.30e-02h  1
 502r-9.3091891e+03 5.71e-02 7.88e+02  -6.8 2.36e+01  -4.6 7.17e-02 7.58e-02f  1
 503r-9.3091860e+03 4.45e-02 8.16e+02  -6.8 4.68e+00  -4.2 7.00e-02 2.59e-01h  1
 504r-9.3091855e+03 3.52e-02 4.64e+02  -6.8 1.71e+00  -3.7 3.59e-01 2.36e-01h  1
 505r-9.3091867e+03 3.28e-02 4.84e+02  -6.8 3.82e+00  -4.2 3.26e-02 9.66e-02f  1
 506r-9.3091848e+03 3.21e-02 4.94e+02  -6.8 1.91e+01  -4.7 2.22e-02 3.47e-02h  1
 507r-9.3091834e+03 3.08e-02 3.75e+02  -6.8 4.94e+00  -4.3 1.57e-01 5.28e-02f  1
 508r-9.3091833e+03 3.07e-02 3.65e+02  -6.8 3.95e+01  -4.7 6.22e-03 3.57e-03h  1
 509r-9.3091822e+03 2.98e-02 3.70e+02  -6.8 5.53e+00  -4.3 2.01e-03 3.59e-02h  1
iter    objective    inf_pr   inf_du lg(mu)  ||d||  lg(rg) alpha_du alpha_pr  ls
 510r-9.3091813e+03 2.94e-02 7.10e+02  -6.8 2.03e+01  -4.8 4.33e-02 1.24e-02h  1
 511r-9.3091796e+03 2.83e-02 6.71e+02  -6.8 4.89e+00  -4.4 1.22e-02 4.29e-02h  1
 512r-9.3091785e+03 2.80e-02 6.71e+02  -6.8 1.49e+01  -4.8 2.51e-02 1.12e-02h  1
 513r-9.3091776e+03 2.74e-02 6.58e+02  -6.8 5.52e+00  -4.4 2.90e-02 2.14e-02h  1
 514r-9.3091765e+03 2.71e-02 6.53e+02  -6.8 1.71e+01  -4.9 1.17e-02 9.45e-03h  1
 515r-9.3091761e+03 2.68e-02 6.44e+02  -6.8 6.73e+00  -4.5 8.21e-03 1.21e-02h  1
 516r-9.3091768e+03 2.83e-02 6.41e+02  -6.8 1.34e+02  -4.9 2.21e-03 3.48e-03h  1
 517r-9.3091746e+03 2.72e-02 6.06e+02  -6.8 6.98e+00  -4.5 1.27e-02 4.06e-02h  1
 518r-9.3091743e+03 2.67e-02 6.15e+02  -6.8 2.72e+00  -4.1 8.37e-02 1.63e-02f  1
 519r-9.3091707e+03 2.67e-02 5.50e+02  -6.8 9.97e+00  -4.6 4.85e-02 8.94e-02h  1
iter    objective    inf_pr   inf_du lg(mu)  ||d||  lg(rg) alpha_du alpha_pr  ls
 520r-9.3091666e+03 2.36e-02 4.30e+02  -6.8 3.16e+00  -4.1 2.42e-01 2.25e-01f  1
 521r-9.3091626e+03 2.37e-02 3.99e+02  -6.8 1.15e+01  -4.6 5.37e-02 6.70e-02h  1
 522r-9.3091626e+03 2.37e-02 4.23e+02  -6.8 6.06e+01  -5.1 1.85e-01 2.55e-04h  1
 523r-9.3091553e+03 3.84e-02 4.55e+02  -6.8 1.65e+01  -4.7 2.70e-01 9.12e-02f  1
 524r-9.3084847e+03 1.01e-01 4.39e+02  -6.8 2.88e+03    -  3.97e-02 1.88e-02h  1
 525r-9.3068229e+03 5.55e-01 4.18e+02  -6.8 1.71e+03    -  4.82e-02 4.41e-02h  1
 526r-9.3068060e+03 5.12e-01 3.91e+02  -6.8 2.50e+01  -5.1 6.22e-02 7.56e-02h  1
 527r-9.3067405e+03 4.43e-01 3.62e+02  -6.8 7.88e+01  -5.6 6.82e-02 1.03e-01h  1
 528r-9.3065900e+03 2.27e-01 3.30e+02  -6.8 3.29e+02  -6.1 9.00e-02 8.36e-02h  1
 529r-9.3064440e+03 1.66e-01 3.28e+02  -6.8 1.11e+03  -6.6 2.32e-03 3.14e-02h  1
iter    objective    inf_pr   inf_du lg(mu)  ||d||  lg(rg) alpha_du alpha_pr  ls
 530r-9.3063721e+03 1.66e-01 3.26e+02  -6.8 7.34e+02    -  5.26e-03 2.50e-03h  1
 531r-9.3062182e+03 1.65e-01 3.08e+02  -6.8 7.34e+02    -  6.09e-02 5.34e-03h  1
 532r-9.3060211e+03 1.64e-01 3.08e+02  -6.8 6.74e+02    -  7.70e-04 6.87e-03h  1
 533r-9.3011668e+03 3.36e-01 2.63e+02  -6.8 7.26e+02    -  1.41e-01 1.70e-01h  1
 534r-9.2973799e+03 5.22e-01 3.19e+02  -6.8 8.30e+02    -  3.25e-02 1.42e-01h  1
 535r-9.2973580e+03 5.09e-01 4.44e+02  -6.8 3.15e+02  -6.1 4.24e-04 2.43e-02h  1
 536r-9.2929010e+03 6.13e-01 3.82e+02  -6.8 5.22e+02    -  8.62e-02 2.19e-01h  1
 537r-9.2928752e+03 4.34e-01 5.69e+02  -6.8 1.07e+01  -4.8 1.51e-02 2.92e-01h  1
 538r-9.2928687e+03 3.74e-01 5.82e+02  -6.8 4.52e+00  -4.4 5.91e-01 1.38e-01h  1
 539r-9.2928598e+03 3.44e-01 5.30e+02  -6.8 1.82e+01  -4.9 9.05e-02 7.91e-02h  1
iter    objective    inf_pr   inf_du lg(mu)  ||d||  lg(rg) alpha_du alpha_pr  ls
 540r-9.2928584e+03 3.41e-01 5.25e+02  -6.8 6.10e+01  -5.3 3.91e-03 1.03e-02h  1
 541r-9.2928572e+03 3.37e-01 5.13e+02  -6.8 1.89e+01  -4.9 3.47e-02 1.24e-02h  1
 542r-9.2928486e+03 2.74e-01 4.35e+02  -6.8 5.78e+00  -4.5 1.43e-01 1.86e-01h  1
 543r-9.2928102e+03 2.07e-01 3.66e+02  -6.8 3.31e+01  -5.0 7.39e-02 2.47e-01h  1
 544r-9.2928106e+03 1.98e-01 3.57e+02  -6.8 1.57e+01  -4.5 2.74e-03 4.01e-02h  1
 545r-9.2928109e+03 1.80e-01 3.14e+02  -6.8 3.15e+00  -4.1 1.30e-01 9.14e-02h  1
 546r-9.2928104e+03 1.62e-01 2.33e+02  -6.8 2.22e-01  -2.8 2.37e-01 1.00e-01h  1
 547r-9.2928091e+03 1.19e-01 2.03e+02  -6.8 4.10e-01  -3.3 1.39e-01 2.63e-01h  1
 548r-9.2928082e+03 9.39e-02 1.91e+02  -6.8 2.05e-01  -2.8 8.75e-02 2.13e-01h  1
 549r-9.2928080e+03 8.77e-02 2.72e+02  -6.8 1.25e+00  -3.3 7.76e-03 6.59e-02h  1
iter    objective    inf_pr   inf_du lg(mu)  ||d||  lg(rg) alpha_du alpha_pr  ls
 550r-9.2928075e+03 7.19e-02 1.32e+02  -6.8 3.34e-01  -2.9 3.13e-01 1.81e-01f  1
 551r-9.2928072e+03 7.04e-02 1.18e+02  -6.8 2.96e+00  -3.4 2.64e-02 1.99e-02h  1
 552r-9.2928065e+03 5.94e-02 1.35e+02  -6.8 4.17e-01  -2.9 2.61e-01 1.56e-01h  1
 553r-9.2928060e+03 5.78e-02 1.26e+02  -6.8 3.53e+00  -3.4 2.61e-02 2.81e-02h  1
 554r-9.2928061e+03 5.77e-02 2.45e+02  -6.8 2.28e+01  -3.9 6.70e-03 1.69e-03h  1
 555r-9.2928062e+03 5.46e-02 2.83e+02  -6.8 8.10e-01  -3.5 1.51e-01 5.34e-02h  1
 556r-9.2928064e+03 5.07e-02 2.22e+02  -6.8 3.90e+00  -4.0 4.54e-02 7.16e-02h  1
 557r-9.2928061e+03 4.43e-02 1.99e+02  -6.8 9.65e-01  -3.5 1.85e-01 1.25e-01h  1
 558r-9.2928048e+03 4.19e-02 2.39e+02  -6.8 4.41e+00  -4.0 7.48e-02 5.53e-02f  1
 559r-9.2928018e+03 6.43e-02 2.71e+02  -6.8 1.05e+00  -3.6 2.27e-01 1.24e-01h  1
iter    objective    inf_pr   inf_du lg(mu)  ||d||  lg(rg) alpha_du alpha_pr  ls
 560r-9.2927987e+03 6.08e-02 2.57e+02  -6.8 5.01e+00  -4.1 2.00e-02 2.29e-02h  1
 561r-9.2927820e+03 2.90e-02 1.92e+02  -6.8 1.81e+00  -3.6 2.12e-03 1.91e-01h  1
 562r-9.2927799e+03 2.89e-02 1.87e+02  -6.8 8.69e+00  -4.1 5.56e-02 3.89e-03h  1
 563r-9.2927812e+03 2.88e-02 1.87e+02  -6.8 3.78e+01  -4.6 9.17e-03 3.48e-03h  1
 564r-9.2927992e+03 2.41e-02 2.08e+02  -6.8 4.15e+00  -4.2 1.09e-01 1.63e-01h  1
 565r-9.2927998e+03 2.40e-02 1.88e+02  -6.8 3.28e+01  -4.6 1.91e-02 1.83e-03h  1
 566r-9.2928031e+03 2.27e-02 1.43e+02  -6.8 6.57e+00  -4.2 1.55e-01 5.74e-02f  1
 567r-9.2928039e+03 2.21e-02 1.40e+02  -6.8 1.68e+01  -4.7 2.26e-02 2.43e-02h  1
 568r-9.2928006e+03 2.19e-02 1.71e+02  -6.8 3.11e+01  -5.2 2.34e-03 3.03e-02h  1
 569r-9.2928018e+03 2.19e-02 1.69e+02  -6.8 4.28e+01  -4.7 3.19e-04 3.99e-03f  1
iter    objective    inf_pr   inf_du lg(mu)  ||d||  lg(rg) alpha_du alpha_pr  ls
 570r-9.2928025e+03 2.16e-02 2.29e+02  -6.8 5.68e+00  -4.3 7.95e-02 1.04e-02f  1
 571r-9.2928023e+03 2.16e-02 2.52e+02  -6.8 4.42e+01  -4.8 5.08e-03 2.36e-03f  1
 572r-9.2928014e+03 2.15e-02 2.71e+02  -6.8 6.56e+01  -5.3 2.04e-02 6.28e-03h  1
 573r-9.2927107e+03 4.21e-02 2.67e+02  -6.8 1.28e+03    -  5.98e-03 6.06e-03f  1
 574r-9.2926516e+03 4.21e-02 2.38e+02  -6.8 1.25e+03    -  2.23e-02 1.96e-03f  1
 575r-9.2923521e+03 4.25e-02 2.35e+02  -6.8 8.08e+02    -  1.31e-02 1.34e-02h  1
 576r-9.2920261e+03 4.30e-02 2.31e+02  -6.8 4.21e+02    -  1.79e-02 1.71e-02h  1
 577r-9.2916161e+03 4.38e-02 2.32e+02  -6.8 3.70e+02    -  5.13e-02 2.42e-02f  1
 578r-9.2906850e+03 4.53e-02 2.21e+02  -6.8 3.72e+02    -  2.46e-02 6.38e-02h  1
 579r-9.2904743e+03 4.40e-02 2.17e+02  -6.8 3.89e+02    -  1.70e-02 3.06e-02h  1
iter    objective    inf_pr   inf_du lg(mu)  ||d||  lg(rg) alpha_du alpha_pr  ls
 580r-9.2897303e+03 4.56e-02 2.07e+02  -6.8 3.90e+02    -  8.15e-02 4.49e-02h  1
 581r-9.2886415e+03 5.44e-02 1.92e+02  -6.8 3.17e+02    -  3.40e-02 8.00e-02f  1
 582r-9.2882198e+03 5.72e-02 1.85e+02  -6.8 2.87e+02    -  3.68e-02 3.58e-02h  1
 583r-9.2881368e+03 5.69e-02 1.83e+02  -6.8 2.86e+02    -  1.09e-02 7.50e-03f  1
 584r-9.2881775e+03 5.60e-02 2.13e+02  -6.8 1.53e+03    -  3.58e-04 1.61e-02f  1
 585r-9.2881738e+03 5.60e-02 1.81e+02  -6.8 3.24e+02    -  4.74e-02 3.94e-04h  1
 586r-9.2879452e+03 5.50e-02 1.79e+02  -6.8 2.85e+02    -  9.12e-04 1.91e-02f  1
 587r-9.2876542e+03 7.80e-01 1.78e+02  -6.8 2.70e+03    -  1.06e-03 2.45e-02h  1
 588r-9.2876070e+03 7.15e-01 2.05e+02  -6.8 1.08e+02  -5.7 6.02e-03 9.16e-02h  1
 589r-9.2876071e+03 7.14e-01 2.05e+02  -6.8 4.16e+01  -5.3 3.08e-03 2.58e-03h  1
iter    objective    inf_pr   inf_du lg(mu)  ||d||  lg(rg) alpha_du alpha_pr  ls
 590r-9.2876047e+03 6.87e-01 1.66e+02  -6.8 1.87e+01  -4.9 9.45e-02 3.71e-02h  1
 591r-9.2876044e+03 6.83e-01 1.62e+02  -6.8 7.81e+01  -5.4 2.07e-02 6.41e-03h  1
 592r-9.2875864e+03 5.48e-01 3.75e+02  -6.8 2.67e+01  -4.9 2.32e-03 2.00e-01f  1
 593r-9.2875864e+03 4.96e-01 3.00e+02  -6.8 1.36e+00  -3.6 1.69e-01 9.60e-02h  1
 594r-9.2875863e+03 4.71e-01 3.03e+02  -6.8 6.31e+00  -4.1 3.16e-02 5.07e-02h  1
 595r-9.2875862e+03 4.43e-01 2.96e+02  -6.8 1.48e+00  -3.7 1.53e-01 5.92e-02h  1
 596r-9.2875859e+03 4.21e-01 2.63e+02  -6.8 2.63e+00  -4.1 6.41e-02 4.92e-02h  1
 597r-9.2875858e+03 4.12e-01 3.32e+02  -6.8 1.82e+00  -3.7 1.18e-01 2.11e-02h  1
 598r-9.2875858e+03 4.12e-01 3.53e+02  -6.8 4.81e+00  -4.2 4.12e-02 1.07e-03h  1
 599r-9.2875856e+03 4.08e-01 2.65e+02  -6.8 4.97e+00  -4.7 7.47e-02 8.96e-03h  1
iter    objective    inf_pr   inf_du lg(mu)  ||d||  lg(rg) alpha_du alpha_pr  ls
 600r-9.2875840e+03 4.00e-01 2.22e+02  -6.8 1.41e+01  -5.1 4.40e-02 1.85e-02h  1
 601r-9.2875727e+03 3.83e-01 2.72e+02  -6.8 5.26e+01  -5.6 7.21e-03 4.28e-02h  1
 602r-9.2875729e+03 3.83e-01 2.71e+02  -6.8 4.00e+03  -6.1 2.86e-04 2.56e-04h  1
 603r-9.2875543e+03 3.79e-01 2.36e+02  -6.8 1.32e+02  -6.6 6.35e-02 1.29e-02h  1
 604r-9.2875129e+03 3.53e-01 2.38e+02  -6.8 2.30e+01  -6.2 3.27e-02 6.70e-02h  1
 605r-9.2874457e+03 3.40e-01 2.48e+02  -6.8 1.24e+02  -6.6 1.79e-02 4.26e-02h  1
 606r-9.2873795e+03 3.04e-01 2.95e+02  -6.8 6.57e+01  -6.2 2.46e-02 1.11e-01h  1
 607r-9.2872416e+03 2.96e-01 3.30e+02  -6.8 2.68e+02  -6.7 5.26e-02 1.21e-01f  1
 608r-9.2871843e+03 2.91e-01 3.52e+02  -6.8 5.56e+02  -7.2 1.85e-03 2.52e-02h  1
 609r-9.2869886e+03 2.89e-01 3.89e+02  -6.8 6.60e+02  -6.7 5.63e-03 6.03e-02f  1
iter    objective    inf_pr   inf_du lg(mu)  ||d||  lg(rg) alpha_du alpha_pr  ls
 610r-9.2869544e+03 2.89e-01 3.46e+02  -6.8 2.72e+03  -7.2 2.66e-02 4.60e-03h  1
 611r-9.2868071e+03 3.05e-01 3.51e+02  -6.8 1.84e+04  -7.7 2.16e-03 3.68e-03h  1
 612r-9.2861455e+03 2.88e-01 4.27e+02  -6.8 5.37e+02    -  1.24e-03 6.73e-02h  1
 613r-9.2861456e+03 2.87e-01 4.07e+02  -6.8 5.76e+03    -  5.61e-03 8.59e-04h  1
 614r-9.2856811e+03 2.79e-01 4.01e+02  -6.8 8.26e+02    -  7.73e-02 9.43e-02h  1
 615r-9.2855596e+03 2.73e-01 3.12e+02  -6.8 4.07e+02    -  7.92e-02 2.68e-02h  1
 616r-9.2854891e+03 2.70e-01 3.42e+02  -6.8 6.24e+02    -  2.32e-03 1.99e-02h  1
 617r-9.2854867e+03 2.70e-01 4.45e+02  -6.8 3.23e+02    -  7.90e-02 5.46e-04h  1
 618r-9.2854807e+03 2.70e-01 4.43e+02  -6.8 2.08e+02    -  9.69e-03 8.78e-04h  1
 619r-9.2853850e+03 2.66e-01 3.92e+02  -6.8 2.09e+02    -  2.63e-01 1.32e-02f  1
iter    objective    inf_pr   inf_du lg(mu)  ||d||  lg(rg) alpha_du alpha_pr  ls
 620r-9.2845484e+03 2.43e-01 3.56e+02  -6.8 2.03e+02    -  6.16e-03 1.09e-01h  1
 621r-9.2827036e+03 2.00e-01 2.58e+02  -6.8 1.86e+02    -  3.07e-01 2.63e-01h  1
 622r-9.2810415e+03 1.50e-01 1.98e+02  -6.8 1.36e+02    -  3.08e-02 3.26e-01h  1
 623r-9.2799446e+03 1.52e-01 2.99e+02  -6.8 9.10e+01    -  3.38e-02 4.31e-01h  1
 624r-9.2785632e+03 1.13e-01 2.25e+02  -6.8 5.52e+01    -  5.32e-01 9.09e-01f  1
 625r-9.2789891e+03 7.55e-01 2.02e+02  -6.8 7.11e+02  -8.2 1.04e-01 9.14e-02h  1
 626r-9.2788611e+03 4.70e-01 1.12e+02  -6.8 7.17e+01  -6.8 1.00e+00 5.00e-01h  2
 627r-9.2790789e+03 6.61e-01 1.62e+02  -6.8 2.04e+02    -  1.24e-01 2.96e-01h  1
 628r-9.2790183e+03 5.25e-01 1.04e+02  -6.8 2.12e+02  -6.4 3.14e-01 2.97e-01h  1
 629r-9.2790211e+03 4.81e-01 8.50e+01  -6.8 1.23e+02  -6.9 5.96e-04 8.50e-02h  1
iter    objective    inf_pr   inf_du lg(mu)  ||d||  lg(rg) alpha_du alpha_pr  ls
 630r-9.2788207e+03 1.42e-02 6.61e+01  -6.8 2.42e+01  -6.5 1.15e-01 1.00e+00h  1
 631r-9.2788066e+03 1.42e-02 3.47e+01  -6.8 2.53e+02  -6.9 7.14e-02 5.91e-03h  6
 632r-9.2787829e+03 1.44e-02 7.17e+01  -6.8 5.43e+01  -6.5 1.53e-01 5.02e-02h  5
 633r-9.2786651e+03 3.32e-02 4.58e+00  -6.8 1.39e+01  -6.1 1.00e+00 1.00e+00h  1
 634r-9.2786544e+03 3.31e-02 1.74e+02  -6.8 1.07e+02  -6.6 1.86e-01 1.14e-02h  6
 635r-9.2785127e+03 2.30e-02 1.16e+02  -6.8 2.11e+01  -6.1 2.57e-01 7.80e-01H  1
 636r-9.2785123e+03 2.30e-02 1.02e+02  -6.8 9.99e+02  -6.6 8.21e-04 4.05e-05h  9
 637r-9.2785051e+03 2.30e-02 3.99e+01  -6.8 4.79e+01  -6.2 2.71e-06 1.80e-02h  1
 638r-9.2784216e+03 2.43e-02 2.34e+01  -6.8 9.76e+00  -5.8 9.25e-01 9.97e-01h  1
 639r-9.2784122e+03 2.41e-02 1.20e+02  -6.8 4.87e+01  -6.2 6.23e-02 2.23e-02h  3
iter    objective    inf_pr   inf_du lg(mu)  ||d||  lg(rg) alpha_du alpha_pr  ls
 640r-9.2783852e+03 2.14e-02 4.95e+01  -6.8 1.30e+01  -5.8 1.61e-01 2.42e-01h  1
 641r-9.2783823e+03 2.13e-02 1.02e+02  -6.8 8.32e+01  -6.3 2.39e-02 4.14e-03h  4
 642r-9.2783686e+03 2.06e-02 1.56e+02  -6.8 1.66e+01  -5.9 2.99e-01 9.67e-02h  3
 643r-9.2783672e+03 2.06e-02 2.87e+02  -6.8 1.47e+02  -6.3 2.68e-02 1.14e-03h  6
 644r-9.2783528e+03 1.99e-02 4.83e+02  -6.8 1.92e+01  -5.9 1.00e+00 8.79e-02h  3
 645r-9.2783420e+03 1.98e-02 5.84e+02  -6.8 6.92e+01  -6.4 2.67e-01 1.77e-02h  4
 646r-9.2783284e+03 1.97e-02 1.10e+03  -6.8 2.15e+02  -6.9 2.71e-01 6.68e-03h  5
 647r-9.2783047e+03 1.96e-02 1.24e+03  -6.8 5.67e+02  -7.3 2.59e-01 3.93e-03h  6
 648r-9.2761543e+03 7.04e-01 1.18e+03  -6.8 1.75e+03  -7.8 6.64e-03 1.05e-01h  1
 649r-9.2753659e+03 7.83e-01 1.17e+03  -6.8 4.72e+03  -8.3 1.27e-02 1.37e-02h  1
iter    objective    inf_pr   inf_du lg(mu)  ||d||  lg(rg) alpha_du alpha_pr  ls
 650r-9.2747906e+03 8.26e-01 1.17e+03  -6.8 3.98e+04  -8.8 3.95e-04 1.16e-03h  1
 651r-9.2746524e+03 8.25e-01 1.16e+03  -6.8 2.60e+03    -  4.87e-03 3.27e-03h  1
 652r-9.2741548e+03 8.57e-01 1.16e+03  -6.8 7.48e+04  -9.3 4.31e-05 5.27e-04f  1
 653r-9.2726852e+03 1.23e+00 7.83e+02  -6.8 4.68e+02    -  1.38e-01 3.90e-01f  1
 654r-9.2719586e+03 1.19e+00 7.51e+02  -6.8 6.00e+02    -  2.34e-02 1.16e-01h  1
 655r-9.2718084e+03 1.13e+00 5.43e+02  -6.8 2.93e+02    -  3.29e-01 5.08e-02h  1
 656r-9.2711762e+03 9.52e-01 1.33e+02  -6.8 2.79e+02    -  1.00e+00 2.60e-01h  1
 657r-9.2711431e+03 9.44e-01 1.48e+03  -6.8 5.03e+02    -  2.47e-03 8.18e-03h  1
 658r-9.2695824e+03 7.86e-01 1.01e+02  -6.8 1.98e+02    -  1.37e-01 9.04e-01h  1
 659r-9.2695175e+03 4.81e-01 6.39e+01  -6.8 1.87e+01    -  3.38e-01 3.90e-01h  1
iter    objective    inf_pr   inf_du lg(mu)  ||d||  lg(rg) alpha_du alpha_pr  ls
 660r-9.2694129e+03 3.07e-03 5.02e-01  -6.8 1.14e+01    -  9.94e-01 1.00e+00h  1
 661r-9.2694127e+03 1.63e-04 6.85e-05  -6.8 1.26e-02    -  1.00e+00 1.00e+00h  1
 662r-9.2694127e+03 1.63e-04 9.99e+02  -3.8 0.00e+00    -  0.00e+00 3.76e-09R  2
 663r-9.2694127e+03 1.63e-04 9.99e+02  -3.8 1.65e+02    -  2.65e-04 8.38e-05f  1
 664r-9.2694125e+03 1.63e-04 9.97e+02  -3.8 1.52e+01    -  3.99e-03 1.63e-03f  1
 665r-9.2694122e+03 1.63e-04 9.88e+02  -3.8 5.25e+00    -  2.52e-02 9.29e-03f  1
 666r-9.2694105e+03 1.63e-04 1.01e+03  -3.8 3.41e+00    -  3.35e-02 5.50e-02f  1
 667r-9.2694073e+03 1.62e-04 9.02e+02  -3.8 2.86e+00    -  1.20e-01 1.22e-01f  1
 668r-9.2693980e+03 1.90e-04 3.62e+03  -3.8 3.27e+00    -  2.20e-01 3.54e-01f  1
 669r-9.2693757e+03 6.80e-04 8.34e+03  -3.8 4.08e+00    -  3.35e-01 6.92e-01f  1
iter    objective    inf_pr   inf_du lg(mu)  ||d||  lg(rg) alpha_du alpha_pr  ls
 670r-9.2693305e+03 2.14e-03 5.46e+03  -3.8 4.51e+00    -  5.92e-01 1.00e+00f  1
 671r-9.2692713e+03 2.09e-03 1.71e+03  -3.8 4.87e+00    -  6.91e-01 5.98e-01f  1
 672r-9.2690113e+03 2.41e-03 1.13e+03  -3.8 5.34e+00    -  3.17e-01 1.00e+00f  1
 673r-9.2687705e+03 6.78e-03 1.93e+02  -3.8 1.16e+01    -  8.28e-01 8.77e-01h  1
 674r-9.2682797e+03 8.12e-03 7.74e+01  -3.8 2.63e+01    -  6.01e-01 7.80e-01f  1
 675r-9.2677342e+03 2.63e-03 4.81e+00  -3.8 1.09e+01    -  9.82e-01 1.00e+00f  1
 676r-9.2674200e+03 7.37e-04 1.86e-01  -3.8 5.91e+00    -  1.00e+00 1.00e+00h  1
 677r-9.2674211e+03 3.42e-04 3.15e-02  -3.8 2.86e-01    -  1.00e+00 1.00e+00h  1
 678r-9.2674213e+03 3.42e-04 1.01e-04  -3.8 1.40e-02    -  1.00e+00 1.00e+00h  1
 679r-9.2674837e+03 1.49e-03 8.10e+03  -5.9 5.35e+01    -  4.29e-01 1.55e-01f  1
iter    objective    inf_pr   inf_du lg(mu)  ||d||  lg(rg) alpha_du alpha_pr  ls
 680r-9.2658509e+03 1.02e-01 7.32e+03  -5.9 7.46e+02    -  1.01e-01 9.98e-02f  1
 681r-9.2632579e+03 1.48e+00 4.30e+03  -5.9 1.65e+03    -  5.75e-02 1.67e-01f  1
 682r-9.2621674e+03 1.33e+00 6.23e+03  -5.9 2.18e+02    -  2.55e-01 1.02e-01f  1
 683r-9.2612701e+03 1.21e+00 8.14e+03  -5.9 1.96e+02    -  3.08e-01 9.36e-02f  1
 684r-9.2595161e+03 1.10e+00 5.48e+03  -5.9 4.34e+02    -  4.27e-02 1.85e-01f  1
 685r-9.2582847e+03 9.11e-01 5.46e+03  -5.9 1.43e+02    -  2.95e-01 1.75e-01f  1
 686r-9.2567245e+03 6.63e-01 3.73e+03  -5.9 1.16e+02    -  2.31e-01 2.73e-01f  1
 687r-9.2564001e+03 6.10e-01 4.02e+03  -5.9 8.39e+01    -  2.20e-01 8.10e-02h  1
 688r-9.2563659e+03 6.04e-01 4.30e+03  -5.9 1.09e+02    -  1.04e-01 9.01e-03h  1
 689r-9.2552174e+03 4.56e-01 2.88e+03  -5.9 1.43e+02    -  2.55e-01 3.00e-01f  1
iter    objective    inf_pr   inf_du lg(mu)  ||d||  lg(rg) alpha_du alpha_pr  ls
 690r-9.2547712e+03 3.87e-01 2.53e+03  -5.9 8.17e+01    -  2.03e-01 1.57e-01h  1
 691r-9.2540952e+03 3.03e-01 2.13e+03  -5.9 8.24e+01    -  3.35e-01 2.31e-01h  1
 692r-9.2535849e+03 2.33e-01 1.50e+03  -5.9 6.16e+01    -  1.32e-01 2.35e-01h  1
 693r-9.2531459e+03 1.73e-01 1.42e+03  -5.9 5.12e+01    -  5.59e-01 2.63e-01h  1
 694r-9.2524169e+03 7.77e-02 5.48e+02  -5.9 4.24e+01    -  4.22e-01 5.66e-01h  1
 695r-9.2522588e+03 6.20e-02 5.91e+02  -5.9 3.16e+01    -  7.30e-01 2.07e-01h  1
 696r-9.2517698e+03 1.27e-02 1.37e+02  -5.9 1.62e+01    -  1.00e+00 8.40e-01h  1
 697r-9.2516850e+03 1.49e-04 3.32e-01  -5.9 1.80e+00    -  1.00e+00 1.00e+00f  1
 698r-9.2516808e+03 1.49e-04 1.90e-02  -5.9 3.49e-01    -  1.00e+00 1.00e+00h  1
 699r-9.2516801e+03 1.49e-04 1.75e-04  -5.9 5.49e-02    -  1.00e+00 1.00e+00h  1

Number of Iterations....: 699

                                   (scaled)                 (unscaled)
Objective...............:  -9.2516800780240374e+03   -9.2516800780240374e+03
Dual infeasibility......:   1.0000000067547581e+00    1.0000000067547581e+00
Constraint violation....:   1.4854654578263390e-04    1.4854654578263390e-04
Complementarity.........:   1.2031288471956042e-06    1.2031288471956042e-06
Overall NLP error.......:   1.0000000067547581e+00    1.0000000067547581e+00


Number of objective function evaluations             = 945
Number of objective gradient evaluations             = 81
Number of equality constraint evaluations            = 945
Number of inequality constraint evaluations          = 945
Number of equality constraint Jacobian evaluations   = 718
Number of inequality constraint Jacobian evaluations = 718
Number of Lagrangian Hessian evaluations             = 700
Total CPU secs in IPOPT (w/o function evaluations)   =    710.409
Total CPU secs in NLP function evaluations           =     17.893

EXIT: Converged to a point of local infeasibility. Problem may be infeasible.
