
List of user-set options:

                                    Name   Value                used
                           compl_inf_tol = 1                     yes
                         constr_viol_tol = 1                     yes
                            dual_inf_tol = 1000                  yes
                           linear_solver = ma97                  yes
                              ma86_small = 1e-30                  no
                                  ma86_u = 0.0001                 no
                              ma97_order = best                  yes
                              ma97_small = 1e-30                 yes
                            ma97_switch1 = at_start              yes
                            ma97_switch2 = od_hd_reuse           yes
                                  ma97_u = 1e-06                 yes
                               ma97_umax = 0.5                   yes
                                max_iter = 1000                  yes
                    max_refinement_steps = 20                    yes
                    min_refinement_steps = 5                     yes
                                 mu_init = 1e-06                 yes
           mu_superlinear_decrease_power = 1.25                  yes
                   nlp_scaling_min_value = 1e-08                 yes
                        option_file_name = Preset_Case_355_pf.opt  yes
                             output_file = ./tmp/Preset_Case_355_pf.output  yes
                      print_user_options = yes                   yes
        required_infeasibility_reduction = 1                      no
                                     tol = 1e-08                 yes
                   warm_start_bound_frac = 1e-20                 yes
                   warm_start_bound_push = 1e-20                 yes
                   warm_start_init_point = yes                   yes
              warm_start_mult_bound_push = 1e-20                 yes
                warm_start_mult_init_max = 1e+40                 yes
             warm_start_slack_bound_frac = 1e-20                 yes
             warm_start_slack_bound_push = 1e-20                 yes

******************************************************************************
This program contains Ipopt, a library for large-scale nonlinear optimization.
 Ipopt is released as open source code under the Eclipse Public License (EPL).
         For more information visit http://projects.coin-or.org/Ipopt
******************************************************************************

This is Ipopt version 3.12.10, running with linear solver ma97.

Number of nonzeros in equality constraint Jacobian...:   123442
Number of nonzeros in inequality constraint Jacobian.:      213
Number of nonzeros in Lagrangian Hessian.............:    49069

Total number of variables............................:    31591
                     variables with only lower bounds:    12912
                variables with lower and upper bounds:    15130
                     variables with only upper bounds:        0
Total number of equality constraints.................:    31483
Total number of inequality constraints...............:       25
        inequality constraints with only lower bounds:        4
   inequality constraints with lower and upper bounds:        0
        inequality constraints with only upper bounds:       21

iter    objective    inf_pr   inf_du lg(mu)  ||d||  lg(rg) alpha_du alpha_pr  ls
   0 -5.1230517e+00 4.06e-03 1.02e+00  -6.0 0.00e+00    -  0.00e+00 0.00e+00   0
   1 -5.1224722e+00 2.16e-02 1.02e+00  -6.0 5.75e+05    -  9.27e-05 4.03e-05h  6
   2 -5.1245648e+00 2.16e-02 2.65e+01  -6.0 1.16e+04    -  1.19e-01 1.89e-03h  1
   3 -5.1281941e+00 1.84e+01 2.69e+01  -6.0 2.69e+05    -  5.27e-03 3.24e-03f  1
   4 -5.2192870e+00 3.55e+01 1.88e+02  -6.0 1.16e+04    -  2.46e-01 8.30e-02h  1
   5 -5.3841862e+00 2.91e+01 7.72e+02  -6.0 9.80e+03    -  3.31e-02 1.80e-01h  1
   6 -5.4187715e+00 2.65e+01 9.02e+02  -6.0 8.82e+03    -  6.27e-01 9.25e-02h  1
   7 -5.5960421e+00 4.92e+01 2.17e+03  -6.0 6.32e+03    -  3.66e-01 3.91e-01h  1
   8 -5.6070212e+00 5.57e+01 2.06e+03  -6.0 1.28e+04    -  1.53e-02 5.58e-02h  1
   9 -5.6317567e+00 4.91e+01 2.67e+04  -6.0 2.43e+03    -  4.53e-01 1.32e-01h  1
iter    objective    inf_pr   inf_du lg(mu)  ||d||  lg(rg) alpha_du alpha_pr  ls
  10 -5.6701187e+00 5.51e+01 1.77e+04  -6.0 4.39e+03    -  1.68e-01 2.25e-01h  1
  11 -5.7495805e+00 2.81e+01 2.35e+05  -6.0 1.03e+03    -  3.03e-02 5.26e-01h  1
  12 -5.7330408e+00 1.68e+01 1.59e+05  -6.0 8.11e+00  -4.0 6.35e-02 4.04e-01h  1
  13 -5.7320932e+00 1.61e+01 1.38e+05  -6.0 2.81e+00  -4.5 4.22e-01 3.94e-02h  1
  14 -5.7199404e+00 7.61e+00 7.26e+04  -6.0 5.21e+00  -5.0 8.64e-02 5.27e-01h  1
  15 -5.7219384e+00 6.49e+00 5.97e+04  -6.0 1.93e+01  -5.4 3.12e-01 1.48e-01h  1
  16 -5.7296067e+00 6.36e-01 1.81e+04  -6.0 4.78e+01  -5.9 2.29e-01 1.00e+00h  1
  17 -5.7320885e+00 6.40e-01 1.56e+04  -6.0 7.59e+02  -4.6 2.83e-03 1.93e-03h  1
  18 -5.7338231e+00 5.19e-02 1.97e+03  -6.0 3.50e+00  -5.1 1.00e+00 1.00e+00h  1
  19 -5.7363989e+00 4.49e-02 8.51e+04  -6.0 9.80e+00  -5.5 2.45e-01 1.62e-01h  1
iter    objective    inf_pr   inf_du lg(mu)  ||d||  lg(rg) alpha_du alpha_pr  ls
  20 -5.7399330e+00 3.92e-02 1.04e+06  -6.0 2.60e+01  -6.0 7.29e-01 1.63e-01h  1
  21r-5.7399330e+00 3.92e-02 1.00e+03  -1.9 0.00e+00  -6.5 0.00e+00 1.24e-07R  2
  22r-5.7385377e+00 3.55e-02 1.17e+03  -1.9 1.26e+03    -  3.10e-04 9.30e-05f  1
  23 -5.7388617e+00 3.04e-02 8.63e+04  -6.0 5.74e-01    -  1.98e-01 1.44e-01h  1
  24 -5.7402233e+00 9.89e-03 1.20e+06  -6.0 4.73e-01    -  1.44e-01 6.75e-01h  1
  25 -5.7408389e+00 3.83e-03 4.66e+05  -6.0 3.02e-01    -  9.13e-01 6.12e-01h  1
  26 -5.7463398e+00 3.46e-03 2.03e+01  -6.0 4.06e+00    -  7.01e-01 1.00e+00f  1
  27 -5.7517077e+00 3.97e-03 3.35e+00  -6.0 1.13e+01    -  8.27e-01 1.00e+00h  1
  28 -5.7545707e+00 2.75e-02 9.18e+01  -6.0 3.95e+01    -  7.36e-02 1.00e+00h  1
  29 -5.7568946e+00 1.67e-02 8.58e+00  -6.0 3.08e+01    -  9.16e-01 1.00e+00h  1
iter    objective    inf_pr   inf_du lg(mu)  ||d||  lg(rg) alpha_du alpha_pr  ls
  30 -5.7664832e+00 1.25e+00 5.47e+00  -6.0 2.31e+02    -  8.10e-01 8.89e-01h  1
  31 -5.7722175e+00 7.47e-01 7.75e+00  -6.0 1.61e+02  -7.0 7.43e-01 1.00e+00h  1
  32 -5.7782074e+00 1.14e+00 8.24e+00  -6.0 2.12e+03  -7.4 8.54e-02 5.75e-02h  1
  33 -5.7884316e+00 4.31e+00 8.40e+04  -6.0 5.98e+02  -7.9 1.81e-01 8.16e-01h  1
  34 -5.8047224e+00 1.40e+00 3.45e+04  -6.0 3.03e+02  -6.6 4.89e-03 6.76e-01h  1
  35 -5.8182805e+00 1.15e+00 2.22e+06  -6.0 2.33e+02  -6.2 8.30e-03 7.80e-01h  1
  36 -5.8168859e+00 1.12e+00 2.12e+06  -6.0 6.79e+02  -6.6 2.61e-01 4.73e-02h  3
  37 -5.8267496e+00 6.41e-01 9.44e+05  -6.0 1.48e+02  -7.1 1.68e-01 5.62e-01h  1
  38 -5.8305177e+00 6.21e-01 9.14e+05  -6.0 1.08e+04    -  6.78e-02 3.13e-02h  1
  39 -5.8443607e+00 1.31e+00 4.64e+05  -6.0 2.03e+03    -  5.61e-01 4.92e-01h  1
iter    objective    inf_pr   inf_du lg(mu)  ||d||  lg(rg) alpha_du alpha_pr  ls
  40 -5.8464287e+00 3.06e+00 1.49e+05  -6.0 7.11e+02    -  4.59e-01 6.81e-01h  1
  41 -5.8460696e+00 5.18e+01 4.16e+03  -6.0 1.56e+03    -  7.68e-02 9.76e-01h  1
  42 -5.8461677e+00 2.11e+01 2.70e+04  -6.0 8.47e+02    -  4.51e-02 7.22e-01h  1
  43 -5.8460071e+00 2.04e+01 2.82e+04  -6.0 5.00e+02    -  8.30e-01 3.12e-02h  6
  44 -5.8433100e+00 1.97e+00 2.40e+04  -6.0 1.21e+03    -  8.16e-02 1.00e+00H  1
  45 -5.8433086e+00 1.14e-01 6.32e-01  -6.0 8.35e+01    -  9.97e-01 1.00e+00h  1
  46 -5.8433033e+00 5.88e-02 6.33e-03  -6.0 3.19e+01    -  1.00e+00 1.00e+00h  1
  47 -5.8433030e+00 6.07e-06 2.21e-04  -6.0 5.73e-01    -  1.00e+00 1.00e+00h  1
  48 -5.8433030e+00 2.88e-08 1.61e-06  -6.0 2.65e-02    -  1.00e+00 1.00e+00h  1
  49 -5.8433940e+00 1.67e+00 1.33e+01  -7.5 5.96e+02    -  4.99e-01 5.39e-01h  1
iter    objective    inf_pr   inf_du lg(mu)  ||d||  lg(rg) alpha_du alpha_pr  ls
  50 -5.8434281e+00 1.28e+00 9.47e+00  -7.5 2.92e+02    -  8.02e-01 8.50e-01h  1
  51 -5.8434206e+00 4.62e-02 1.89e-01  -7.5 5.14e+01    -  1.00e+00 1.00e+00h  1
  52 -5.8434202e+00 1.33e-05 2.22e-06  -7.5 8.15e-01    -  1.00e+00 1.00e+00h  1
  53 -5.8434202e+00 3.37e-10 4.75e-09  -7.5 2.88e-03    -  1.00e+00 1.00e+00h  1
  54 -5.8434217e+00 4.91e-03 8.78e-01  -9.0 2.07e+01    -  9.23e-01 8.27e-01h  1
  55 -5.8434219e+00 2.22e-04 1.16e-03  -9.0 3.64e+00    -  1.00e+00 1.00e+00h  1
  56 -5.8434219e+00 2.85e-10 3.80e-09  -9.0 3.12e-03    -  1.00e+00 1.00e+00h  1

Number of Iterations....: 56

                                   (scaled)                 (unscaled)
Objective...............:  -4.5651733823201974e+00   -5.8434219293698524e+00
Dual infeasibility......:   3.8045210738357325e-09    4.8697869745097378e-09
Constraint violation....:   2.8461362162456733e-10    2.8461362162456733e-10
Complementarity.........:   1.3846275186414767e-09    1.7723232238610903e-09
Overall NLP error.......:   3.8045210738357325e-09    4.8697869745097378e-09


Number of objective function evaluations             = 76
Number of objective gradient evaluations             = 57
Number of equality constraint evaluations            = 76
Number of inequality constraint evaluations          = 76
Number of equality constraint Jacobian evaluations   = 58
Number of inequality constraint Jacobian evaluations = 58
Number of Lagrangian Hessian evaluations             = 56
Total CPU secs in IPOPT (w/o function evaluations)   =    105.818
Total CPU secs in NLP function evaluations           =      2.148

EXIT: Optimal Solution Found.
