
List of user-set options:

                                    Name   Value                used
                           compl_inf_tol = 1                     yes
                         constr_viol_tol = 1                     yes
                            dual_inf_tol = 1000                  yes
                           linear_solver = ma97                  yes
                              ma86_small = 1e-30                  no
                                  ma86_u = 0.0001                 no
                              ma97_order = best                  yes
                              ma97_small = 1e-30                 yes
                            ma97_switch1 = at_start              yes
                            ma97_switch2 = od_hd_reuse           yes
                                  ma97_u = 1e-06                 yes
                               ma97_umax = 0.5                   yes
                                max_iter = 1000                  yes
                    max_refinement_steps = 20                    yes
                    min_refinement_steps = 5                     yes
                                 mu_init = 1e-06                 yes
           mu_superlinear_decrease_power = 1.25                  yes
                   nlp_scaling_min_value = 1e-08                 yes
                        option_file_name = Preset_Case_743_pf.opt  yes
                             output_file = ./tmp/Preset_Case_743_pf.output  yes
                      print_user_options = yes                   yes
        required_infeasibility_reduction = 1                      no
                                     tol = 1e-08                 yes
                   warm_start_bound_frac = 1e-20                 yes
                   warm_start_bound_push = 1e-20                 yes
                   warm_start_init_point = yes                   yes
              warm_start_mult_bound_push = 1e-20                 yes
                warm_start_mult_init_max = 1e+40                 yes
             warm_start_slack_bound_frac = 1e-20                 yes
             warm_start_slack_bound_push = 1e-20                 yes

******************************************************************************
This program contains Ipopt, a library for large-scale nonlinear optimization.
 Ipopt is released as open source code under the Eclipse Public License (EPL).
         For more information visit http://projects.coin-or.org/Ipopt
******************************************************************************

This is Ipopt version 3.12.10, running with linear solver ma97.

Number of nonzeros in equality constraint Jacobian...:   117284
Number of nonzeros in inequality constraint Jacobian.:      213
Number of nonzeros in Lagrangian Hessian.............:    47506

Total number of variables............................:    30050
                     variables with only lower bounds:    11392
                variables with lower and upper bounds:    15128
                     variables with only upper bounds:        0
Total number of equality constraints.................:    29944
Total number of inequality constraints...............:       25
        inequality constraints with only lower bounds:        4
   inequality constraints with lower and upper bounds:        0
        inequality constraints with only upper bounds:       21

iter    objective    inf_pr   inf_du lg(mu)  ||d||  lg(rg) alpha_du alpha_pr  ls
   0 -1.4095557e+01 1.69e-01 1.01e+02  -6.0 0.00e+00    -  0.00e+00 0.00e+00   0
In iteration 0, 3 Slacks too small, adjusting variable bounds
   1 -1.4095557e+01 1.69e-01 1.82e+02  -6.0 1.46e+10    -  1.81e-14 5.21e-19h  1
   2 -1.4068532e+01 1.68e-01 1.82e+02  -6.0 3.34e+02    -  7.82e-03 5.32e-03h  5
   3 -1.4068072e+01 1.68e-01 1.84e+02  -6.0 2.60e+02    -  5.81e-03 1.18e-04h  1
   4 -1.4013689e+01 1.66e-01 1.97e+02  -6.0 2.60e+02    -  5.89e-02 1.47e-02h  1
   5 -1.3976788e+01 1.65e-01 1.93e+02  -6.0 2.78e+02    -  1.59e-03 8.94e-03h  4
   6 -1.3940502e+01 1.63e-01 1.98e+02  -6.0 2.72e+02    -  3.03e-02 9.15e-03h  4
   7 -1.3889727e+01 1.61e-01 1.95e+02  -6.0 2.70e+02    -  1.15e-02 1.28e-02h  4
   8 -1.3842062e+01 1.59e-01 2.01e+02  -6.0 2.67e+02    -  3.79e-02 1.22e-02h  4
   9 -1.3792563e+01 1.57e-01 2.24e+02  -6.0 2.64e+02    -  8.62e-02 1.29e-02h  4
iter    objective    inf_pr   inf_du lg(mu)  ||d||  lg(rg) alpha_du alpha_pr  ls
  10 -1.3761953e+01 1.56e-01 2.43e+02  -6.0 2.63e+02    -  6.87e-02 7.90e-03h  5
  11 -1.3723536e+01 1.54e-01 2.97e+02  -6.0 2.62e+02    -  1.71e-01 9.80e-03h  5
  12 -1.3686937e+01 1.53e-01 3.15e+02  -6.0 2.63e+02    -  6.31e-02 9.10e-03h  5
  13 -1.3653310e+01 1.52e-01 3.84e+02  -6.0 2.63e+02    -  1.95e-01 8.29e-03h  5
  14 -1.3592135e+01 1.49e-01 4.02e+02  -6.0 2.67e+02    -  7.11e-02 1.46e-02h  4
  15 -1.3158673e+01 1.34e-01 4.10e+02  -6.0 2.68e+02    -  2.29e-01 1.03e-01w  1
  16 -1.3158550e+01 1.34e-01 3.96e+02  -6.0 3.14e+02    -  9.20e-02 2.44e-05w  1
  17 -1.2473467e+01 1.44e-01 8.66e+02  -6.0 3.35e+02    -  2.71e-01 1.31e-01w  1
  18 -1.3537952e+01 1.47e-01 4.82e+02  -6.0 4.89e+02    -  2.29e-01 1.29e-02h  3
  19 -1.3487491e+01 1.46e-01 5.15e+02  -6.0 2.81e+02    -  1.12e-01 1.16e-02h  4
iter    objective    inf_pr   inf_du lg(mu)  ||d||  lg(rg) alpha_du alpha_pr  ls
  20 -1.3442050e+01 1.44e-01 5.99e+02  -6.0 2.90e+02    -  2.60e-01 1.04e-02h  4
  21 -1.3399741e+01 1.43e-01 6.61e+02  -6.0 3.26e+02    -  2.17e-01 9.77e-03h  4
  22 -1.3362454e+01 1.41e-01 7.48e+02  -6.0 3.70e+02    -  3.27e-01 8.98e-03h  4
  23 -1.3346201e+01 1.41e-01 8.14e+02  -6.0 4.60e+02    -  2.84e-01 4.21e-03h  5
  24 -1.3329339e+01 1.40e-01 8.71e+02  -6.0 5.52e+02    -  3.79e-01 4.43e-03h  5
  25 -1.3313645e+01 1.40e-01 8.09e+02  -6.0 7.24e+02    -  3.69e-01 3.53e-03h  6
  26 -1.3300040e+01 1.39e-01 6.50e+02  -6.0 9.22e+02    -  3.69e-01 2.53e-03h  6
  27 -1.3272488e+01 1.39e-01 6.68e+02  -6.0 3.65e+02  -4.0 1.47e-01 4.97e-03h  2
  28 -1.3155710e+01 1.36e-01 6.54e+02  -6.0 1.23e+03    -  7.50e-03 1.92e-02w  1
  29 -1.1482196e+01 5.09e+00 1.48e+04  -6.0 4.51e+02  -4.5 2.68e-01 2.95e-01w  1
iter    objective    inf_pr   inf_du lg(mu)  ||d||  lg(rg) alpha_du alpha_pr  ls
  30 -1.1563995e+01 4.99e+00 1.45e+04  -6.0 2.43e+02  -3.1 1.05e-02 2.08e-02w  1
  31 -1.3257891e+01 1.38e-01 6.66e+02  -6.0 2.17e+02  -2.7 7.50e-03 2.40e-03h  3
  32 -1.3251500e+01 1.38e-01 6.84e+02  -6.0 2.68e+02  -3.2 8.34e-02 1.86e-03h  3
  33 -1.3240424e+01 1.38e-01 6.85e+02  -6.0 1.29e+03    -  1.47e-01 1.77e-03h  6
  34 -1.3224001e+01 1.37e-01 7.48e+02  -6.0 3.59e+02  -3.7 1.59e-01 3.11e-03h  4
  35 -1.3215939e+01 1.37e-01 7.48e+02  -6.0 1.46e+03    -  6.76e-04 1.36e-03h  6
  36 -1.3191396e+01 1.37e-01 8.32e+02  -6.0 4.38e+02  -4.2 2.24e-01 3.81e-03h  2
  37 -1.3184829e+01 1.37e-01 8.46e+02  -6.0 6.80e+02  -4.6 2.53e-01 8.72e-04h  1
  38 -1.3180551e+01 1.37e-01 8.26e+02  -6.0 1.82e+03    -  1.51e-01 6.46e-04h  7
  39 -1.3184110e+01 1.37e-01 8.27e+02  -6.0 2.56e+04    -  1.64e-09 2.43e-04f  6
iter    objective    inf_pr   inf_du lg(mu)  ||d||  lg(rg) alpha_du alpha_pr  ls
  40 -1.3165160e+01 1.36e-01 9.11e+02  -6.0 4.73e+02  -4.2 3.12e-01 2.65e-03h  4
  41 -1.3145688e+01 1.36e-01 9.66e+02  -6.0 8.43e+02  -4.7 2.66e-01 2.29e-03h  3
  42 -1.3134515e+01 1.36e-01 9.65e+02  -6.0 1.15e+03  -5.2 3.94e-02 1.32e-03h  7
  43 -1.3128393e+01 1.36e-01 8.99e+02  -6.0 1.47e+03  -5.6 4.81e-01 7.68e-04h  7
  44 -1.3112335e+01 1.35e-01 9.51e+02  -6.0 5.64e+02  -4.3 2.19e-01 1.99e-03h  3
  45 -1.3096350e+01 1.35e-01 1.15e+03  -6.0 9.36e+02  -4.8 4.54e-01 1.82e-03h  5
  46 -1.3087470e+01 1.35e-01 1.29e+03  -6.0 1.26e+03  -5.3 2.70e-01 1.04e-03h  7
  47 -1.3082687e+01 1.35e-01 1.16e+03  -6.0 1.63e+03  -5.7 1.36e-01 6.35e-04h  7
  48 -1.2593019e+01 9.24e-01 1.08e+03  -6.0 1.26e+03  -5.3 2.20e-02 6.00e-02w  1
  49 -1.2307409e+01 2.72e-01 1.01e+03  -6.0 3.41e+03  -5.8 1.93e-02 2.34e-02w  1
iter    objective    inf_pr   inf_du lg(mu)  ||d||  lg(rg) alpha_du alpha_pr  ls
  50 -1.2112934e+01 3.03e-01 1.14e+03  -6.0 1.58e+03  -6.3 1.23e-01 2.48e-02w  1
  51 -1.3075036e+01 1.35e-01 1.17e+03  -6.0 2.00e+03  -6.7 2.20e-02 9.38e-04h  6
  52 -1.3068384e+01 1.35e-01 1.17e+03  -6.0 1.34e+03  -5.4 3.23e-01 8.34e-04h  7
  53 -1.3048046e+01 1.34e-01 1.30e+03  -6.0 9.77e+02  -5.0 1.60e-01 2.22e-03h  1
  54 -1.3041284e+01 1.34e-01 1.29e+03  -6.0 1.35e+03  -5.5 1.78e-02 8.72e-04h  7
  55 -1.3040290e+01 1.34e-01 1.28e+03  -6.0 5.15e+03  -5.9 5.17e-03 1.24e-04h  8
  56 -1.3037160e+01 1.34e-01 8.46e+02  -6.0 2.36e+03  -6.4 2.43e-01 5.80e-04h  7
  57 -1.3022204e+01 1.34e-01 8.86e+02  -6.0 4.79e+02  -4.2 3.56e-01 1.95e-03h  4
  58 -1.3014263e+01 1.34e-01 8.86e+02  -6.0 8.55e+02  -4.7 1.11e-02 9.10e-04h  9
  59 -1.3007063e+01 1.34e-01 8.86e+02  -6.0 1.14e+03  -5.1 1.16e-01 8.39e-04h  8
iter    objective    inf_pr   inf_du lg(mu)  ||d||  lg(rg) alpha_du alpha_pr  ls
  60 -1.2995866e+01 1.33e-01 1.09e+03  -6.0 8.72e+02  -4.7 5.61e-01 1.28e-03h  4
  61 -1.2989239e+01 1.33e-01 1.09e+03  -6.0 1.24e+03  -5.2 1.82e-02 8.12e-04h  8
  62 -1.2985015e+01 1.33e-01 9.27e+02  -6.0 1.71e+03  -5.7 1.35e-01 5.67e-04h  8
  63 -1.2980333e+01 1.33e-01 9.25e+02  -6.0 2.24e+03  -6.1 3.12e-03 7.29e-04h  8
  64 -1.2247734e+01 1.25e+00 1.24e+03  -6.0 1.75e+03  -5.7 3.61e-01 9.97e-02w  1
  65 -1.1839143e+01 1.05e+00 9.37e+02  -6.0 1.78e+03  -6.2 6.25e-02 5.41e-02w  1
  66 -1.1602884e+01 5.11e+00 7.87e+02  -6.0 1.13e+04  -6.7 3.68e-02 4.51e-02w  1
  67 -1.2974610e+01 1.33e-01 8.85e+02  -6.0 2.26e+03  -6.2 3.61e-01 7.79e-04h  7
  68 -1.2968581e+01 1.33e-01 8.92e+02  -6.0 9.40e+02  -4.9 1.19e-01 7.17e-04h  4
  69 -1.2962557e+01 1.33e-01 1.05e+03  -6.0 1.30e+03  -5.4 7.60e-01 7.75e-04h  8
iter    objective    inf_pr   inf_du lg(mu)  ||d||  lg(rg) alpha_du alpha_pr  ls
  70 -1.2958091e+01 1.33e-01 1.12e+03  -6.0 1.90e+03  -5.9 1.04e-01 6.62e-04h 10
  71 -1.2955779e+01 1.33e-01 1.10e+03  -6.0 2.42e+03  -6.4 8.63e-02 4.19e-04h 10
  72 -1.2950356e+01 1.33e-01 1.34e+03  -6.0 1.94e+03  -5.9 4.71e-01 8.14e-04h 10
  73 -1.2946450e+01 1.32e-01 1.32e+03  -6.0 2.80e+03  -6.4 4.60e-02 7.36e-04h  9
  74 -1.2943208e+01 1.32e-01 1.68e+03  -6.0 1.92e+03  -6.0 2.85e-01 4.96e-04h  8
  75 -1.2939664e+01 1.32e-01 1.69e+03  -6.0 3.14e+03  -6.5 4.84e-03 6.47e-04h  9
  76 -1.2935363e+01 1.32e-01 1.74e+03  -6.0 1.96e+03  -6.0 2.31e-02 6.74e-04h  9
  77 -1.2086761e+01 3.69e+00 1.33e+03  -6.0 3.50e+03  -6.5 4.71e-02 1.70e-01w  1
  78 -1.1335821e+01 5.95e+00 1.19e+03  -6.0 2.41e+03  -6.1 3.68e-04 1.40e-01w  1
  79 -1.0968890e+01 5.24e+00 3.01e+03  -6.0 6.72e+03  -6.6 3.08e-01 1.21e-01w  1
iter    objective    inf_pr   inf_du lg(mu)  ||d||  lg(rg) alpha_du alpha_pr  ls
  80 -1.2932048e+01 1.32e-01 1.94e+03  -6.0 8.76e+03  -7.0 4.71e-02 6.64e-04h  8
  81 -1.2929122e+01 1.32e-01 1.95e+03  -6.0 4.03e+03  -6.6 3.12e-03 6.29e-04h  9
  82 -1.2926160e+01 1.32e-01 3.31e+03  -6.0 2.14e+03  -6.2 4.34e-01 4.94e-04h 10
  83 -1.2923431e+01 1.32e-01 3.36e+03  -6.0 4.56e+03  -6.7 7.22e-03 6.16e-04h  9
  84 -1.2918095e+01 1.32e-01 3.85e+03  -6.0 2.40e+03  -6.2 8.67e-02 9.12e-04h  9
  85 -1.2915434e+01 1.32e-01 3.91e+03  -6.0 4.92e+03  -6.7 6.75e-03 6.25e-04h  9
  86 -1.2910474e+01 1.32e-01 7.59e+03  -6.0 2.64e+03  -6.3 5.19e-01 8.73e-04h  9
  87 -1.2909118e+01 1.32e-01 7.77e+03  -6.0 5.50e+03  -6.8 1.08e-02 3.30e-04h 10
  88 -1.2906735e+01 1.31e-01 9.13e+03  -6.0 2.97e+03  -6.3 9.96e-02 4.27e-04h 10
  89 -1.2903921e+01 1.31e-01 9.24e+03  -6.0 5.89e+03  -6.8 6.50e-03 7.02e-04h  9
iter    objective    inf_pr   inf_du lg(mu)  ||d||  lg(rg) alpha_du alpha_pr  ls
  90 -1.1743237e+01 4.66e+00 1.37e+04  -6.0 3.24e+03  -6.4 5.98e-01 2.14e-01w  1
  91 -1.1433025e+01 4.40e+00 1.29e+04  -6.0 1.99e+03  -6.0 6.55e-03 5.99e-02w  1
  92 -1.0449459e+01 6.67e+00 1.01e+04  -6.0 9.82e+02  -5.5 2.81e-01 1.84e-01w  1
  93 -1.2901654e+01 1.31e-01 1.93e+04  -6.0 2.13e+03  -6.0 5.98e-01 4.18e-04h  9
  94 -1.2899311e+01 1.31e-01 2.09e+04  -6.0 3.85e+03  -6.5 5.36e-02 4.47e-04h 10
  95 -1.2896114e+01 1.31e-01 2.82e+04  -6.0 1.83e+03  -6.1 3.49e-01 4.89e-04h  8
  96 -1.2893765e+01 1.31e-01 3.05e+04  -6.0 4.43e+03  -6.5 5.59e-02 4.64e-04h 10
  97 -1.2889222e+01 1.31e-01 5.73e+04  -6.0 2.15e+03  -6.1 8.65e-01 7.15e-04h  9
  98 -1.2886985e+01 1.31e-01 6.22e+04  -6.0 5.36e+03  -6.6 7.97e-02 4.49e-04h 10
  99 -1.2882973e+01 1.31e-01 1.22e+05  -6.0 2.68e+03  -6.2 9.52e-01 6.45e-04h 10
iter    objective    inf_pr   inf_du lg(mu)  ||d||  lg(rg) alpha_du alpha_pr  ls
 100 -1.2880582e+01 1.31e-01 1.25e+05  -6.0 6.31e+03  -6.6 7.24e-02 4.74e-04h 10
 101 -1.2876396e+01 1.31e-01 1.30e+05  -6.0 3.26e+03  -6.2 7.34e-02 6.73e-04h 10
 102 -1.2874202e+01 1.31e-01 1.35e+05  -6.0 6.73e+03  -6.7 1.55e-01 4.44e-04h 10
 103 -1.0542800e+01 1.10e+01 6.74e+04  -6.0 3.47e+03  -6.3 1.40e-01 3.75e-01w  1
 104 -1.0356158e+01 1.05e+01 1.61e+05  -6.0 2.66e+03  -5.8 2.11e-02 4.67e-02w  1
 105 -1.0201166e+01 1.00e+01 2.91e+05  -6.0 5.56e+03  -6.3 2.62e-01 5.74e-02w  1
 106 -1.2869648e+01 1.31e-01 1.46e+05  -6.0 1.65e+02  -3.2 1.40e-01 7.33e-04h  9
 107 -1.2850681e+01 1.30e-01 1.38e+05  -6.0 3.04e+02  -3.7 3.68e-01 2.39e-03h  4
 108 -1.2837969e+01 1.30e-01 1.37e+05  -6.0 4.15e+02  -4.1 2.09e-02 1.58e-03h  7
 109 -1.2829179e+01 1.30e-01 1.39e+05  -6.0 5.81e+02  -4.6 1.78e-01 1.10e-03h  8
iter    objective    inf_pr   inf_du lg(mu)  ||d||  lg(rg) alpha_du alpha_pr  ls
 110 -1.2822041e+01 1.30e-01 1.39e+05  -6.0 8.82e+02  -5.1 1.78e-02 9.37e-04h  9
 111 -1.2816696e+01 1.30e-01 2.16e+05  -6.0 1.45e+03  -5.6 9.19e-01 7.48e-04h 10
 112 -1.2814528e+01 1.30e-01 2.36e+05  -6.0 3.75e+03  -6.0 9.23e-02 3.61e-04h 11
 113 -1.2812588e+01 1.30e-01 2.49e+05  -6.0 7.49e+03  -6.5 1.08e-01 3.90e-04h 10
 114 -1.2810462e+01 1.30e-01 3.99e+05  -6.0 4.04e+03  -6.1 4.53e-01 3.54e-04h 11
 115 -1.2808565e+01 1.30e-01 4.20e+05  -6.0 7.90e+03  -6.6 7.80e-02 3.74e-04h 10
 116 -1.0718287e+01 1.15e+01 5.27e+05  -6.0 4.38e+03  -6.1 1.00e+00 3.43e-01w  1
 117 -1.0718214e+01 1.15e+01 4.92e+05  -6.0 3.50e+03  -5.7 5.66e-02 1.94e-05w  1
 118 -1.0542065e+01 1.10e+01 4.37e+05  -6.0 2.18e+03  -6.2 1.73e-01 4.57e-02w  1
 119 -1.2804482e+01 1.29e-01 8.02e+05  -6.0 7.43e+03  -6.7 1.00e+00 6.69e-04h  9
iter    objective    inf_pr   inf_du lg(mu)  ||d||  lg(rg) alpha_du alpha_pr  ls
 120 -1.2800803e+01 1.29e-01 8.34e+05  -6.0 4.99e+03  -6.3 1.14e-01 6.01e-04h 10
 121 -1.2795346e+01 1.29e-01 8.31e+05  -6.0 7.66e+03  -6.7 1.54e-01 1.10e-03h  8
 122 -1.2791466e+01 1.29e-01 9.16e+05  -6.0 4.65e+03  -6.3 3.21e-01 6.34e-04h 10
 123 -1.2789303e+01 1.29e-01 9.16e+05  -6.0 5.80e+03  -6.8 1.19e-01 4.25e-04h 10
 124 -1.2784846e+01 1.29e-01 1.18e+06  -6.0 3.95e+03  -6.4 1.00e+00 7.24e-04h 10
 125 -1.2784138e+01 1.29e-01 1.17e+06  -6.0 1.09e+04  -6.8 3.08e-02 1.35e-04h 11
 126 -1.2779274e+01 1.29e-01 1.21e+06  -6.0 2.77e+03  -6.4 1.28e-01 7.87e-04h 10
 127 -1.2775932e+01 1.80e-01 1.21e+06  -6.0 3.59e+05  -6.9 3.13e-04 3.13e-04s 13
 128 -1.0361028e+01 1.43e+01 7.23e+05  -6.0 2.71e+03  -6.5 4.01e-01 4.01e-01s 13
 129r-1.0361028e+01 1.43e+01 1.00e+03   1.0 0.00e+00  -4.2 0.00e+00 0.00e+00R  1
iter    objective    inf_pr   inf_du lg(mu)  ||d||  lg(rg) alpha_du alpha_pr  ls
 130r-1.0381605e+01 1.43e+01 2.49e+03   1.0 2.51e+04    -  9.48e-07 3.93e-07f  1
 131r-1.0432229e+01 1.42e+01 1.43e+04   1.0 1.09e+04    -  9.27e-07 2.17e-06f  1
 132r-1.0498631e+01 1.42e+01 1.43e+04   1.0 9.59e+03    -  7.62e-06 4.01e-06f  1
 133r-1.0699703e+01 1.40e+01 1.43e+04   1.0 9.48e+03    -  4.69e-05 1.83e-05f  1
 134r-1.0700452e+01 1.40e+01 1.43e+04   1.0 8.07e+01   2.0 3.75e-05 3.19e-06f  1
 135r-1.1347396e+01 1.22e+01 1.43e+04   1.0 8.90e+03    -  7.81e-05 1.65e-04f  1
 136r-8.8482410e+00 8.57e+00 1.43e+04   1.0 6.99e+03    -  5.78e-05 4.12e-04f  1
 137r-7.8853785e+00 8.55e+00 2.47e+04   1.0 7.10e+01   1.5 4.86e-03 4.60e-04f  1
 138r-6.6595626e+00 6.47e+00 2.45e+04   1.0 4.10e+03    -  1.06e-03 1.23e-03f  1
 139r-5.2501250e+00 6.36e+00 2.94e+04   1.0 1.57e+03    -  7.46e-03 2.54e-03f  1
iter    objective    inf_pr   inf_du lg(mu)  ||d||  lg(rg) alpha_du alpha_pr  ls
 140r-3.8533503e+00 7.70e+00 3.33e+04   1.0 1.57e+03    -  1.28e-02 5.87e-03f  1
 141r-1.7088425e+00 1.31e+01 3.55e+04   1.0 1.49e+03    -  2.71e-02 1.62e-02f  1
 142r 4.9120281e-01 1.81e+01 3.47e+04   1.0 1.26e+03    -  2.40e-02 2.32e-02f  1
 143r 1.5803487e+00 1.92e+01 3.29e+04   0.3 1.88e+02    -  2.56e-01 7.49e-02f  1
 144r 4.5263254e+00 2.12e+01 5.01e+04   0.3 4.35e+02    -  4.75e-01 1.84e-01f  1
 145r 1.1712011e+01 3.32e+01 3.59e+04   0.3 3.26e+02    -  1.80e-01 3.89e-01f  1
 146r 1.1777521e+01 3.23e+01 4.00e+04   0.3 2.10e+02    -  3.13e-02 3.87e-02f  1
 147r 1.1831197e+01 3.14e+01 2.52e+04   0.3 2.48e+02    -  7.01e-02 3.13e-02f  1
 148r 1.2373029e+01 2.52e+01 2.35e+04   0.3 2.24e+00   1.0 2.24e-01 1.96e-01f  1
 149r 1.4984958e+01 2.41e+01 9.92e+04   0.3 2.92e+00   0.6 5.11e-01 6.89e-01f  1
iter    objective    inf_pr   inf_du lg(mu)  ||d||  lg(rg) alpha_du alpha_pr  ls
 150r 1.5480342e+01 2.42e+01 7.79e+04   0.3 4.87e+00   0.1 1.41e-01 1.22e-01f  1
 151r 1.9977764e+01 3.69e+01 5.36e+05   0.3 4.74e+00  -0.4 2.58e-01 9.27e-01f  1
 152r 2.0173927e+01 3.35e+01 3.78e+05   0.3 1.31e+01  -0.9 2.55e-01 9.42e-02f  1
 153r 2.0237274e+01 3.19e+01 3.82e+05   0.3 4.56e+02    -  1.72e-01 4.82e-02f  1
 154r 2.0536209e+01 2.58e+01 1.04e+06   0.3 1.89e+02    -  3.61e-01 2.05e-01f  1
 155r 2.1970728e+01 2.62e+01 1.06e+06   0.3 1.42e+02    -  1.00e+00 1.00e+00f  1
 156r 2.1899074e+01 2.64e+01 2.36e+05   0.3 3.60e+00  -1.3 1.00e+00 1.00e+00f  1
 157r 2.1986516e+01 2.64e+01 1.21e+04   0.3 2.60e+00  -1.8 1.00e+00 1.00e+00f  1
 158r 2.0095693e+01 5.58e+01 1.11e+05  -0.4 5.87e+01  -2.3 3.13e-01 1.89e-01f  1
 159r 1.9731107e+01 5.07e+01 1.63e+05  -0.4 1.44e+02  -2.8 2.28e-01 1.43e-01f  1
iter    objective    inf_pr   inf_du lg(mu)  ||d||  lg(rg) alpha_du alpha_pr  ls
 160r 1.9726943e+01 4.62e+01 3.50e+05  -0.4 2.17e+02  -2.3 2.35e-02 9.80e-02f  1
 161r 1.9834346e+01 4.32e+01 1.38e+05  -0.4 1.78e+02  -1.9 1.08e-01 6.58e-02f  1
 162r 1.9857221e+01 4.31e+01 1.21e+05  -0.4 5.58e+02  -1.5 1.10e-03 3.13e-03f  1
 163r 1.9915733e+01 3.79e+01 2.89e+05  -0.4 2.92e+01  -1.1 1.99e-01 1.42e-01f  1
 164r 1.9971344e+01 3.11e+01 1.97e+05  -0.4 5.84e+00  -0.6 4.84e-01 2.15e-01f  1
 165r 2.0023038e+01 2.96e+01 2.30e+05  -0.4 3.12e+01  -1.1 1.77e-01 5.06e-02f  1
 166r 2.0028567e+01 2.47e+01 1.53e+05  -0.4 1.78e+01  -1.6 4.77e-01 2.13e-01f  1
 167r 2.0051982e+01 2.35e+01 1.43e+05  -0.4 5.61e+00  -0.3 7.19e-02 5.07e-02f  1
 168r 2.0201024e+01 1.32e+01 7.30e+04  -0.4 1.01e+00   0.2 4.94e-01 4.95e-01f  1
 169r 2.0228729e+01 1.13e+01 8.61e+04  -0.4 1.57e-01   1.5 2.56e-01 1.50e-01f  1
iter    objective    inf_pr   inf_du lg(mu)  ||d||  lg(rg) alpha_du alpha_pr  ls
 170r 2.0258511e+01 4.74e+00 2.01e+05  -0.4 2.22e-01   1.0 2.24e-01 1.00e+00f  1
 171r 2.0003473e+01 4.69e+00 3.23e+04  -0.4 7.63e-01   0.5 1.00e+00 5.59e-01f  1
 172r 1.9784225e+01 4.69e+00 2.49e+04  -0.4 2.68e+00   0.1 2.29e-01 2.33e-01f  1
 173r 1.9387495e+01 4.69e+00 3.06e+04  -0.4 5.38e+00  -0.4 1.00e+00 3.77e-01f  1
 174r 1.9011910e+01 4.71e+00 1.45e+04  -0.4 8.61e+00  -0.9 1.00e+00 6.53e-01f  1
 175r 1.9250911e+01 4.71e+00 8.29e+03  -0.4 8.85e+00  -1.4 1.00e+00 6.26e-01f  1
 176r 1.9605955e+01 4.72e+00 1.33e+04  -0.4 1.40e+01  -1.9 1.00e+00 6.56e-01f  1
 177r 2.0058157e+01 4.71e+00 3.12e+03  -0.4 2.08e+01  -2.3 1.00e+00 1.00e+00h  1
 178r 2.0483043e+01 4.72e+00 3.64e+02  -0.4 1.83e+01  -2.8 1.00e+00 1.00e+00h  1
 179r 2.0479308e+01 4.72e+00 4.75e+02  -1.1 2.31e+03  -0.6 1.68e-03 8.89e-04f  1
iter    objective    inf_pr   inf_du lg(mu)  ||d||  lg(rg) alpha_du alpha_pr  ls
 180r 2.0575804e+01 3.52e+00 2.59e+04  -1.1 3.32e+00  -1.1 4.13e-01 2.80e-01f  1
 181r 2.0426370e+01 5.27e+00 1.66e+04  -1.1 1.55e+01  -1.5 2.21e-01 2.58e-01f  1
 182r 2.0123269e+01 3.33e+00 6.93e+03  -1.1 6.09e+00  -1.1 2.46e-01 3.17e-01f  1
 183r 1.9947560e+01 3.09e+00 2.38e+04  -1.1 1.82e+01  -1.6 3.09e-01 6.98e-02f  1
 184r 1.9746954e+01 3.51e+00 2.02e+04  -1.1 1.24e+02  -2.1 6.94e-02 1.00e-01f  1
 185r 1.9522520e+01 2.84e+00 2.79e+04  -1.1 1.14e+01  -1.6 4.72e-01 2.33e-01f  1
 186r 1.9528837e+01 2.55e+00 2.54e+04  -1.1 6.16e-02   1.5 1.64e-01 1.04e-01f  1
 187r 1.9515640e+01 9.56e-01 1.18e+05  -1.1 1.36e-01   1.0 8.00e-02 7.57e-01f  1
 188r 1.9292113e+01 4.10e-01 1.88e+04  -1.1 2.12e-01   0.6 9.36e-01 1.00e+00f  1
 189r 1.8900396e+01 1.32e+00 3.53e+03  -1.1 3.93e-01   0.1 1.00e+00 8.09e-01f  1
iter    objective    inf_pr   inf_du lg(mu)  ||d||  lg(rg) alpha_du alpha_pr  ls
 190r 1.8868991e+01 1.22e+00 3.37e+03  -1.1 3.39e+02    -  1.02e-01 7.25e-02f  1
 191r 1.8237793e+01 7.13e-01 1.74e+03  -1.1 9.96e-01  -0.4 1.00e+00 1.00e+00f  1
 192r 1.8012584e+01 7.27e-01 4.27e+03  -1.1 2.53e+00  -0.9 1.00e+00 6.04e-01f  1
 193r 1.7863953e+01 8.52e-01 9.80e+04  -1.1 5.83e+00  -1.4 6.82e-01 8.34e-01f  1
 194r 1.7878026e+01 1.73e+00 5.60e+04  -1.1 9.66e+00  -1.8 9.36e-02 7.07e-01H  1
 195r 1.7895145e+01 1.31e+00 4.58e+04  -1.1 1.02e+01  -2.3 2.33e-01 2.64e-01h  1
 196r 1.7892458e+01 9.02e-01 1.60e+05  -1.1 1.89e+00  -0.1 1.57e-01 6.29e-01F  1
 197r 1.7892274e+01 4.54e-01 4.03e+04  -1.1 2.44e-02   2.2 2.30e-01 1.00e+00f  1
 198r 1.7891677e+01 4.54e-01 4.94e+03  -1.1 6.99e-03   1.7 1.00e+00 1.00e+00f  1
 199r 1.7890808e+01 4.54e-01 1.05e+03  -1.1 1.61e-02   1.2 1.00e+00 1.00e+00h  1
iter    objective    inf_pr   inf_du lg(mu)  ||d||  lg(rg) alpha_du alpha_pr  ls
 200r 1.7910892e+01 4.54e-01 1.53e+03  -1.1 9.80e+02    -  2.64e-02 6.97e-03f  2
 201r 1.7911224e+01 4.54e-01 8.42e+03  -1.1 2.10e+02    -  1.00e+00 6.19e-03h  8
 202r 1.7911252e+01 4.54e-01 2.46e+04  -1.1 2.06e+02    -  7.84e-02 5.19e-04h  8
 203r 1.7909719e+01 4.54e-01 9.91e+02  -1.1 2.56e-02   0.7 1.00e+00 1.00e+00h  1
 204r 1.7909743e+01 4.54e-01 6.59e+03  -1.1 2.09e+02    -  1.00e+00 6.71e-04h 11
 205r 1.7908753e+01 4.54e-01 8.17e+02  -1.1 7.59e-02   0.2 1.00e+00 1.00e+00H  1
 206r 1.7908766e+01 4.54e-01 6.11e+03  -1.1 2.09e+02    -  1.00e+00 3.21e-04h 12
 207r 1.7908781e+01 4.54e-01 1.68e+04  -1.1 2.06e+02    -  1.00e+00 2.44e-04h 13
 208r 1.7908806e+01 4.54e-01 5.93e+04  -1.1 2.06e+02    -  1.00e+00 3.64e-04h 12
 209r 1.7908822e+01 4.54e-01 3.63e+04  -1.1 2.06e+02    -  1.00e+00 2.44e-04h 13
iter    objective    inf_pr   inf_du lg(mu)  ||d||  lg(rg) alpha_du alpha_pr  ls
 210r 1.7908838e+01 4.54e-01 9.57e+03  -1.1 2.06e+02    -  1.00e+00 2.44e-04h 13
 211r 1.7908854e+01 4.54e-01 9.59e+03  -1.1 2.06e+02    -  1.00e+00 2.44e-04h 13
 212r 1.7908870e+01 4.54e-01 1.16e+04  -1.1 2.06e+02    -  1.00e+00 2.44e-04h 13
 213r 1.7908886e+01 4.54e-01 1.52e+04  -1.1 2.06e+02    -  1.00e+00 2.44e-04h 13
 214r 1.7908902e+01 4.54e-01 1.55e+04  -1.1 2.05e+02    -  1.00e+00 2.44e-04h 13
 215r 1.7908918e+01 4.54e-01 1.47e+04  -1.1 2.05e+02    -  1.00e+00 2.44e-04h 13
 216r 1.7973690e+01 1.75e+00 9.39e+03  -1.1 2.05e+02    -  1.00e+00 1.00e+00w  1
 217r 1.7923745e+01 4.54e-01 1.30e+02  -1.1 1.15e+01    -  1.00e+00 1.00e+00w  1
 218r 1.7923038e+01 4.54e-01 1.03e+01  -1.1 3.33e+00    -  1.00e+00 1.00e+00h  1
 219r 1.5029887e+01 5.69e-01 3.76e+03  -1.8 1.41e+02    -  5.51e-01 5.23e-01f  1
iter    objective    inf_pr   inf_du lg(mu)  ||d||  lg(rg) alpha_du alpha_pr  ls
 220r 1.5376840e+01 5.20e-01 2.88e+03  -1.8 5.37e+01    -  2.39e-01 2.51e-01f  1
 221r 1.5484172e+01 1.14e+00 1.63e+03  -1.8 3.64e+01    -  4.61e-01 4.99e-01f  1
 222r 1.5465916e+01 1.19e+00 6.15e+03  -1.8 6.89e-02   0.7 1.00e+00 6.57e-01f  1
 223r 1.5303435e+01 3.30e-01 8.98e+02  -1.8 8.94e-02   0.2 1.00e+00 9.01e-01f  1
 224r 1.5232946e+01 7.80e-01 9.16e+01  -1.8 3.31e-02   0.6 1.00e+00 1.00e+00f  1
 225r 1.5229570e+01 2.44e-01 1.51e+02  -1.8 5.19e-03   1.9 1.00e+00 1.00e+00h  1
 226  1.5176892e+01 2.43e-01 1.22e+02  -6.0 4.15e+02    -  2.64e-02 4.35e-03f  1
 227  1.5176680e+01 2.43e-01 2.36e+03  -6.0 6.66e+03    -  7.21e-03 2.17e-05h  1
 228  1.5171325e+01 2.43e-01 3.39e+03  -6.0 6.70e+03    -  3.68e-03 5.44e-04h  1
 229  1.5155974e+01 2.43e-01 7.00e+03  -6.0 6.79e+03    -  1.25e-02 1.54e-03h  1
iter    objective    inf_pr   inf_du lg(mu)  ||d||  lg(rg) alpha_du alpha_pr  ls
 230  1.5120800e+01 2.41e-01 1.25e+04  -6.0 7.09e+03    -  1.93e-02 3.42e-03f  1
 231  1.5103244e+01 2.40e-01 1.95e+04  -6.0 7.74e+03    -  2.05e-02 1.61e-03h  3
 232  1.5085787e+01 2.40e-01 2.44e+04  -6.0 8.21e+03    -  1.41e-02 1.54e-03h  4
 233  1.5076052e+01 2.39e-01 3.52e+04  -6.0 8.57e+03    -  2.80e-02 8.48e-04h  4
 234  1.5065504e+01 2.39e-01 4.83e+04  -6.0 9.02e+03    -  3.34e-02 9.02e-04h  6
 235  1.5053327e+01 2.39e-01 6.33e+04  -6.0 9.53e+03    -  3.89e-02 1.03e-03h  6
 236  1.4668240e+01 2.20e+00 1.17e+05  -6.0 1.00e+04    -  6.15e-02 3.22e-02f  1
 237  1.4478386e+01 2.89e+00 1.10e+05  -6.0 1.16e+04    -  9.67e-02 1.60e-02h  1
 238  1.3364091e+01 2.85e+01 1.11e+06  -6.0 1.18e+04    -  8.50e-02 9.29e-02f  1
 239  1.3364061e+01 2.85e+01 1.11e+06  -6.0 9.30e+03    -  3.64e-02 2.68e-06h  1
iter    objective    inf_pr   inf_du lg(mu)  ||d||  lg(rg) alpha_du alpha_pr  ls
 240  1.3355950e+01 2.84e+01 1.11e+06  -6.0 7.88e+03  -2.9 9.64e-04 7.48e-04h  1
 241  1.3331777e+01 2.84e+01 1.09e+06  -6.0 6.80e+03  -2.5 3.83e-03 2.35e-03f  1
 242  1.3287107e+01 2.83e+01 1.07e+06  -6.0 8.20e+03  -2.9 1.32e-08 4.06e-03f  1
 243  1.3165601e+01 2.81e+01 8.31e+05  -6.0 7.08e+03  -2.5 2.57e-03 1.07e-02h  1
 244  1.3165596e+01 2.81e+01 8.31e+05  -6.0 2.57e+03  -1.2 3.95e-04 1.45e-07h  2
 245  1.3165573e+01 2.81e+01 8.31e+05  -6.0 7.39e+03  -1.7 2.56e-04 4.90e-07h  1
 246  1.3135525e+01 2.81e+01 8.27e+05  -6.0 4.50e+03  -2.1 2.43e-04 8.57e-04h  1
 247r 1.3135525e+01 2.81e+01 1.00e+03   1.3 0.00e+00  -2.6 0.00e+00 1.33e-08R  2
 248r 1.3135400e+01 2.81e+01 1.00e+03   1.3 1.13e+07    -  1.47e-09 1.85e-09f  1
 249  1.3135398e+01 2.81e+01 1.01e+02  -6.0 8.00e+03    -  5.30e-07 2.09e-07h  2
iter    objective    inf_pr   inf_du lg(mu)  ||d||  lg(rg) alpha_du alpha_pr  ls
 250  1.3135393e+01 2.81e+01 8.85e+03  -6.0 7.96e+03    -  3.38e-03 4.45e-07h  2
 251  1.3116069e+01 2.81e+01 4.11e+04  -6.0 8.12e+03    -  2.36e-05 1.88e-03h  1
 252  1.3100230e+01 2.80e+01 4.15e+04  -6.0 9.08e+03    -  9.09e-03 1.67e-03h  1
 253  1.3040988e+01 2.79e+01 4.58e+04  -6.0 9.19e+03    -  1.79e-03 6.14e-03h  1
 254  1.3015398e+01 2.79e+01 6.37e+04  -6.0 9.22e+03    -  1.19e-02 2.63e-03h  1
 255  1.3007788e+01 2.78e+01 2.08e+05  -6.0 9.23e+03    -  2.86e-02 7.75e-04h  1
 256  1.2900780e+01 2.78e+01 3.98e+05  -6.0 9.29e+03    -  5.19e-02 1.08e-02h  1
 257  1.2893688e+01 2.78e+01 4.05e+05  -6.0 8.49e+03    -  2.59e-03 6.23e-04h  1
 258  1.2436583e+01 2.93e+01 3.06e+05  -6.0 8.41e+03    -  1.88e-02 3.98e-02f  1
 259  1.2293763e+01 2.91e+01 3.06e+05  -6.0 1.29e+04    -  9.97e-03 6.65e-03h  1
iter    objective    inf_pr   inf_du lg(mu)  ||d||  lg(rg) alpha_du alpha_pr  ls
 260  1.1837543e+01 2.85e+01 2.74e+05  -6.0 1.16e+04    -  1.67e-04 1.96e-02h  1
 261  1.1777676e+01 2.85e+01 2.70e+05  -6.0 8.25e+03    -  1.65e-03 2.33e-03h  1
 262  1.1548890e+01 2.82e+01 2.45e+05  -6.0 8.00e+03    -  3.24e-03 8.89e-03h  1
 263  1.1548750e+01 2.82e+01 2.53e+05  -6.0 8.86e+03    -  2.45e-02 8.59e-06h  1
 264  1.1361466e+01 2.79e+01 2.47e+05  -6.0 8.99e+03    -  1.32e-04 1.19e-02h  1
 265  1.1361433e+01 2.79e+01 2.49e+05  -6.0 9.95e+03  -3.1 4.65e-05 5.61e-07h  1
 266  1.1316944e+01 2.79e+01 2.26e+05  -6.0 2.67e+04  -3.6 2.34e-05 3.45e-04f  1
 267  1.1314433e+01 2.79e+01 2.37e+05  -6.0 4.37e+05    -  5.30e-05 4.71e-06h  1
 268  1.1241500e+01 2.79e+01 2.10e+05  -6.0 1.54e+05    -  1.17e-05 3.64e-04h  1
 269  1.1241434e+01 2.79e+01 1.61e+05  -6.0 1.14e+04    -  1.00e-02 6.25e-06h  1
iter    objective    inf_pr   inf_du lg(mu)  ||d||  lg(rg) alpha_du alpha_pr  ls
 270  1.1240853e+01 2.79e+01 1.44e+05  -6.0 1.14e+04    -  4.48e-02 5.49e-05h  1
 271  1.0790633e+01 2.67e+01 3.50e+05  -6.0 1.15e+04    -  2.83e-02 4.25e-02h  1
 272  1.0790630e+01 2.67e+01 6.82e+05  -6.0 8.92e+03    -  4.64e-02 2.91e-07h  2
 273  1.0745570e+01 2.66e+01 4.63e+05  -6.0 9.30e+03    -  2.78e-03 4.40e-03h  1
 274  1.0745562e+01 2.66e+01 1.45e+06  -6.0 8.59e+03    -  6.45e-03 6.76e-07h  2
 275  1.0705787e+01 2.65e+01 7.26e+05  -6.0 1.05e+04    -  5.50e-09 3.75e-03f  1
 276r 1.0705787e+01 2.65e+01 1.00e+03   1.3 0.00e+00    -  0.00e+00 3.72e-09R  2
 277r 1.0702799e+01 2.64e+01 5.65e+03   1.3 2.62e+04    -  2.73e-08 1.22e-07f  1
 278  1.0702795e+01 2.64e+01 1.01e+02  -6.0 8.19e+03    -  4.96e-06 3.82e-07h  2
 279  1.0702741e+01 2.64e+01 1.60e+03  -6.0 8.78e+03    -  5.42e-04 5.30e-06h  1
iter    objective    inf_pr   inf_du lg(mu)  ||d||  lg(rg) alpha_du alpha_pr  ls
 280  1.0702698e+01 2.64e+01 8.76e+02  -6.0 7.62e+03    -  1.23e-05 3.99e-06h  1
 281  1.0702494e+01 2.64e+01 8.09e+02  -6.0 7.65e+03    -  2.16e-05 1.89e-05h  1
 282  1.0702365e+01 2.64e+01 7.23e+03  -6.0 7.65e+03    -  1.51e-04 1.18e-05h  1
 283  1.0700571e+01 2.64e+01 2.73e+03  -6.0 7.66e+03    -  6.93e-05 1.60e-04h  1
 284  1.0700533e+01 2.64e+01 1.01e+06  -6.0 7.25e+03    -  1.07e-02 3.08e-06h  1
 285  1.0688116e+01 2.64e+01 7.89e+05  -6.0 8.62e+03    -  1.40e-04 1.27e-03h  1
 286  1.0682880e+01 2.64e+01 1.02e+06  -6.0 1.17e+04    -  1.45e-03 6.64e-04h  1
 287  1.0681054e+01 2.64e+01 2.13e+06  -6.0 1.17e+04    -  3.92e-03 2.31e-04h  1
 288  1.0680266e+01 2.64e+01 3.15e+06  -6.0 1.22e+04    -  3.33e-03 1.00e-04h  1
 289  1.0658554e+01 2.63e+01 3.62e+06  -6.0 1.26e+04    -  4.26e-03 2.77e-03h  1
iter    objective    inf_pr   inf_du lg(mu)  ||d||  lg(rg) alpha_du alpha_pr  ls
 290  1.0548560e+01 2.59e+01 1.81e+06  -6.0 1.25e+04    -  8.30e-03 1.38e-02h  1
 291  1.0440398e+01 2.57e+01 7.18e+05  -6.0 6.99e+03    -  1.36e-03 1.03e-02h  1
 292  1.0437357e+01 2.57e+01 3.98e+06  -6.0 1.06e+04    -  1.65e-02 4.97e-04h  1
 293  1.0326243e+01 2.52e+01 4.51e+06  -6.0 1.24e+04    -  2.15e-02 1.88e-02h  1
 294  1.0314915e+01 2.51e+01 4.69e+06  -6.0 2.47e+04    -  4.82e-03 5.14e-03h  1
 295r 1.0314915e+01 2.51e+01 1.00e+03   1.3 0.00e+00    -  0.00e+00 2.35e-08R  5
 296r 1.0314503e+01 2.51e+01 8.98e+04   1.3 2.48e+04    -  5.63e-06 2.34e-08f  1
 297  1.0314499e+01 2.51e+01 1.01e+02  -6.0 7.84e+03    -  9.64e-07 4.40e-07h  2
 298  1.0314490e+01 2.51e+01 1.97e+02  -6.0 7.91e+03    -  1.06e-05 9.21e-07h  2
 299  1.0314472e+01 2.51e+01 1.72e+02  -6.0 7.97e+03    -  2.31e-06 1.81e-06h  1
iter    objective    inf_pr   inf_du lg(mu)  ||d||  lg(rg) alpha_du alpha_pr  ls
 300  1.0314470e+01 2.51e+01 2.24e+02  -6.0 7.91e+03    -  1.73e-05 1.23e-07h  2
 301  1.0314467e+01 2.51e+01 3.84e+02  -6.0 8.08e+03    -  6.91e-06 3.90e-07h  2
 302  1.0314406e+01 2.51e+01 7.07e+02  -6.0 8.11e+03    -  1.87e-05 6.64e-06h  1
 303  1.0314315e+01 2.51e+01 9.09e+02  -6.0 8.11e+03    -  1.75e-05 9.94e-06h  1
 304  1.0313750e+01 2.51e+01 1.13e+03  -6.0 8.12e+03    -  6.97e-05 6.15e-05h  1
 305  1.0313011e+01 2.51e+01 2.10e+03  -6.0 8.12e+03    -  1.16e-04 8.05e-05h  1
 306  1.0312460e+01 2.50e+01 1.60e+04  -6.0 8.13e+03    -  5.79e-04 6.01e-05h  1
 307  1.0303219e+01 2.50e+01 1.13e+04  -6.0 8.07e+03    -  1.93e-04 1.01e-03h  1
 308  1.0301341e+01 2.50e+01 9.16e+04  -6.0 8.14e+03    -  3.87e-03 2.05e-04h  1
 309  1.0248343e+01 2.49e+01 1.03e+05  -6.0 8.18e+03    -  6.25e-03 5.77e-03h  1
iter    objective    inf_pr   inf_du lg(mu)  ||d||  lg(rg) alpha_du alpha_pr  ls
 310  1.0248334e+01 2.49e+01 1.47e+05  -6.0 1.43e+04    -  2.32e-04 9.57e-07h  2
 311  1.0241374e+01 2.49e+01 9.76e+04  -6.0 8.23e+03    -  7.90e-10 7.77e-04f  1
 312  1.0211479e+01 2.48e+01 1.18e+05  -6.0 8.60e+03    -  9.36e-03 3.39e-03h  1
 313r 1.0211479e+01 2.48e+01 1.00e+03   1.2 0.00e+00    -  0.00e+00 3.25e-08R  3
 314r 1.0211405e+01 2.48e+01 9.84e+04   1.2 2.46e+04    -  2.29e-07 8.04e-09f  1
 315r 1.0211405e+01 2.48e+01 9.99e+02   1.2 0.00e+00    -  0.00e+00 9.34e-09R  7
 316r 1.0211417e+01 2.48e+01 7.42e+04   1.2 2.66e+04    -  2.29e-06 1.29e-09f  1
 317  1.0211407e+01 2.48e+01 1.01e+03  -6.0 4.31e+03    -  2.40e-05 8.56e-07h  2
 318  1.0211268e+01 2.48e+01 4.13e+03  -6.0 7.38e+03    -  3.34e-06 1.33e-05h  1
 319  1.0211098e+01 2.48e+01 4.31e+03  -6.0 7.65e+03    -  4.81e-05 1.66e-05h  1
iter    objective    inf_pr   inf_du lg(mu)  ||d||  lg(rg) alpha_du alpha_pr  ls
 320  1.0210545e+01 2.48e+01 4.36e+03  -6.0 7.74e+03    -  4.47e-05 5.39e-05h  1
 321  1.0210527e+01 2.48e+01 4.44e+03  -6.0 7.92e+03    -  1.02e-04 1.80e-06h  1
 322  1.0210420e+01 2.48e+01 9.35e+03  -6.0 7.72e+03    -  8.30e-04 1.14e-05f  1
 323  1.0210317e+01 2.48e+01 9.23e+03  -6.0 6.15e+03    -  7.87e-06 9.40e-06h  1
 324  1.0210276e+01 2.48e+01 3.16e+04  -6.0 6.46e+03    -  2.45e-04 3.72e-06h  1
 325  1.0210067e+01 2.48e+01 6.25e+04  -6.0 6.85e+03    -  2.12e-04 1.82e-05h  1
 326  1.0209205e+01 2.48e+01 6.28e+04  -6.0 8.32e+03    -  8.26e-05 8.13e-05h  1
 327  1.0208419e+01 2.48e+01 1.02e+06  -6.0 8.97e+03    -  3.64e-03 7.08e-05h  1
 328  1.0173976e+01 2.47e+01 1.72e+05  -6.0 9.37e+03    -  1.41e-04 3.11e-03h  1
 329  1.0170724e+01 2.47e+01 4.98e+05  -6.0 1.20e+04    -  1.21e-03 2.87e-04h  1
iter    objective    inf_pr   inf_du lg(mu)  ||d||  lg(rg) alpha_du alpha_pr  ls
 330  1.0143029e+01 2.46e+01 1.32e+06  -6.0 1.25e+04    -  4.67e-03 2.44e-03h  1
 331  1.0141954e+01 2.46e+01 2.39e+06  -6.0 2.09e+04    -  1.83e-03 8.90e-05h  1
 332  1.0141168e+01 2.46e+01 4.14e+06  -6.0 2.76e+04    -  2.17e-03 6.11e-05h  1
 333  1.0130829e+01 2.46e+01 1.22e+07  -6.0 2.82e+04    -  1.04e-02 7.98e-04h  1
 334r 1.0130829e+01 2.46e+01 1.00e+03   1.2 0.00e+00    -  0.00e+00 7.58e-09R  2
 335r 1.0130746e+01 2.46e+01 1.04e+05   1.2 2.44e+04    -  1.13e-05 8.86e-09f  1
 336r 1.0130746e+01 2.46e+01 9.99e+02   1.2 0.00e+00    -  0.00e+00 1.58e-08R  6
 337r 1.0130762e+01 2.46e+01 8.21e+04   1.2 2.65e+04    -  2.41e-06 1.16e-09f  1
 338  1.0130752e+01 2.46e+01 9.80e+02  -6.0 4.66e+03    -  2.09e-05 7.94e-07h  2
 339  1.0130628e+01 2.46e+01 3.87e+03  -6.0 7.99e+03    -  3.12e-06 1.20e-05h  1
iter    objective    inf_pr   inf_du lg(mu)  ||d||  lg(rg) alpha_du alpha_pr  ls
 340  1.0130474e+01 2.46e+01 4.33e+03  -6.0 8.28e+03    -  8.29e-05 1.51e-05h  1
 341  1.0130358e+01 2.46e+01 4.38e+03  -6.0 8.18e+03    -  8.48e-06 1.18e-05h  1
 342  1.0130177e+01 2.46e+01 4.10e+03  -6.0 8.42e+03    -  5.44e-05 1.84e-05h  1
 343  1.0130159e+01 2.46e+01 4.10e+03  -6.0 7.09e+03    -  5.59e-06 1.29e-06h  1
 344  1.0130074e+01 2.46e+01 2.81e+04  -6.0 6.03e+03    -  3.56e-04 6.67e-06h  1
 345  1.0130038e+01 2.46e+01 2.89e+04  -6.0 6.73e+03    -  9.28e-06 3.12e-06h  1
 346  1.0129998e+01 2.46e+01 5.54e+04  -6.0 1.21e+04    -  9.01e-05 2.99e-06h  1
 347  1.0129932e+01 2.46e+01 1.57e+06  -6.0 1.22e+04    -  4.94e-03 4.94e-06h  1
 348  1.0129509e+01 2.46e+01 1.61e+06  -6.0 2.28e+04    -  8.03e-05 3.75e-05h  1
 349  1.0129159e+01 2.46e+01 3.99e+06  -6.0 2.68e+04    -  2.84e-03 2.63e-05h  1
iter    objective    inf_pr   inf_du lg(mu)  ||d||  lg(rg) alpha_du alpha_pr  ls
 350  1.0126729e+01 2.46e+01 3.96e+06  -6.0 2.70e+04    -  1.49e-04 1.82e-04h  1
 351  1.0126724e+01 2.46e+01 1.73e+07  -6.0 3.12e+04    -  1.29e-02 3.90e-07h  2
 352  1.0123566e+01 2.46e+01 1.72e+07  -6.0 3.63e+04    -  1.18e-04 2.53e-04h  1
 353  1.0120839e+01 2.46e+01 1.70e+07  -6.0 4.06e+04    -  5.06e-05 2.09e-04h  1
 354  1.0113624e+01 2.46e+01 1.73e+07  -6.0 4.14e+04    -  8.23e-04 5.56e-04f  1
 355  1.0089183e+01 2.45e+01 1.72e+07  -6.0 4.31e+04    -  1.86e-03 1.91e-03h  1
 356  1.0065764e+01 2.45e+01 2.99e+07  -6.0 4.65e+04    -  1.16e-02 1.90e-03f  1
 357  1.0065757e+01 2.45e+01 4.44e+07  -6.0 9.23e+04    -  3.48e-03 6.05e-07h  2
 358  1.0042281e+01 2.44e+01 3.64e+07  -6.0 9.26e+04    -  8.76e-05 1.99e-03h  1
 359r 1.0042281e+01 2.44e+01 1.00e+03   1.2 0.00e+00    -  0.00e+00 6.75e-10R  2
iter    objective    inf_pr   inf_du lg(mu)  ||d||  lg(rg) alpha_du alpha_pr  ls
 360r 1.0040735e+01 2.44e+01 1.17e+05   1.2 3.85e+06    -  1.36e-08 1.26e-08f  1
 361r 1.0040735e+01 2.44e+01 9.99e+02   1.2 0.00e+00    -  0.00e+00 2.67e-08R  5
 362r 1.0040751e+01 2.44e+01 8.44e+04   1.2 2.63e+04    -  2.42e-06 1.18e-09f  1
 363  1.0040730e+01 2.44e+01 3.80e+03  -6.0 4.28e+03    -  7.73e-05 1.77e-06h  1
 364  1.0040545e+01 2.44e+01 1.80e+04  -6.0 7.40e+03    -  3.84e-06 1.79e-05h  1
 365  1.0040499e+01 2.44e+01 1.82e+04  -6.0 7.68e+03    -  3.88e-05 4.54e-06h  1
 366  1.0040264e+01 2.44e+01 1.82e+04  -6.0 8.01e+03    -  1.89e-05 2.25e-05h  1
 367  1.0040058e+01 2.44e+01 1.82e+04  -6.0 8.04e+03    -  3.54e-06 1.95e-05f  1
 368  1.0040051e+01 2.44e+01 1.82e+04  -6.0 8.21e+03    -  4.48e-05 6.23e-07h  2
 369  1.0040046e+01 2.44e+01 1.82e+04  -6.0 7.59e+03    -  6.72e-05 4.44e-07h  2
iter    objective    inf_pr   inf_du lg(mu)  ||d||  lg(rg) alpha_du alpha_pr  ls
 370  1.0040015e+01 2.44e+01 1.82e+04  -6.0 6.04e+03    -  5.85e-05 2.33e-06h  1
 371  1.0039990e+01 2.44e+01 1.82e+04  -6.0 7.64e+03    -  2.35e-06 2.17e-06h  1
 372  1.0039985e+01 2.44e+01 1.27e+06  -6.0 1.81e+04    -  3.52e-03 3.58e-07h  2
 373  1.0039956e+01 2.44e+01 1.32e+06  -6.0 1.87e+04    -  1.42e-04 2.26e-06h  1
 374  1.0039862e+01 2.44e+01 3.68e+06  -6.0 2.83e+04    -  1.93e-03 1.11e-05h  1
 375  1.0039804e+01 2.44e+01 3.69e+06  -6.0 6.80e+04    -  9.12e-06 6.29e-06h  1
 376  1.0039186e+01 2.44e+01 2.34e+07  -6.0 6.88e+04    -  5.70e-03 6.53e-05f  1
 377  1.0021692e+01 2.44e+01 1.73e+07  -6.0 7.21e+04    -  7.68e-05 1.70e-03h  1
 378  9.9888735e+00 2.43e+01 1.23e+07  -6.0 5.95e+04    -  2.14e-03 3.26e-03h  1
 379  9.9888117e+00 2.43e+01 1.94e+07  -6.0 7.51e+04    -  1.17e-03 6.17e-06h  1
iter    objective    inf_pr   inf_du lg(mu)  ||d||  lg(rg) alpha_du alpha_pr  ls
 380  9.9425206e+00 2.42e+01 3.36e+07  -6.0 7.53e+04    -  6.95e-03 4.62e-03h  1
 381  9.9070951e+00 2.41e+01 1.70e+07  -6.0 8.85e+04    -  2.62e-03 4.56e-03h  1
 382  9.9069724e+00 2.41e+01 1.30e+08  -6.0 9.77e+04    -  6.31e-03 3.50e-05h  1
 383  9.9074609e+00 2.41e+01 2.09e+08  -6.0 9.65e+04  -4.1 4.24e-03 8.87e-04h  2
 384  9.9121158e+00 2.40e+01 4.74e+08  -6.0 8.65e+04  -3.6 7.35e-03 4.95e-04h  3
 385  9.9135060e+00 2.40e+01 5.24e+08  -6.0 7.93e+04    -  2.31e-03 4.65e-04h  3
 386  9.9145650e+00 2.40e+01 5.72e+08  -6.0 7.86e+04    -  1.90e-03 2.32e-04h  4
 387  9.9370940e+00 2.40e+01 1.68e+09  -6.0 7.47e+04  -3.2 1.47e-02 6.14e-04h  3
 388  9.9366936e+00 2.40e+01 1.68e+09  -6.0 7.22e+06  -3.7 1.24e-05 1.48e-06h  7
 389  9.9400190e+00 2.40e+01 2.32e+09  -6.0 8.07e+04  -3.3 7.63e-03 4.85e-05h  7
iter    objective    inf_pr   inf_du lg(mu)  ||d||  lg(rg) alpha_du alpha_pr  ls
 390  9.8947044e+00 2.40e+01 2.34e+09  -6.0 1.85e+07  -3.7 3.75e-06 3.74e-05f  1
 391  9.8880703e+00 2.40e+01 2.34e+09  -6.0 1.12e+06  -4.2 3.62e-05 2.10e-05h  1
 392  9.8201321e+00 2.40e+01 2.36e+09  -6.0 4.90e+06  -3.8 1.43e-05 3.74e-05f  1
 393r 9.8201321e+00 2.40e+01 1.00e+03   1.2 0.00e+00  -3.4 0.00e+00 1.00e-09R  2
 394r 9.8198233e+00 2.40e+01 4.42e+03   1.2 2.48e+08    -  4.55e-10 2.26e-11f  1
 395r 9.8198233e+00 2.40e+01 9.99e+02   1.2 0.00e+00    -  0.00e+00 1.90e-09R  2
 396r 9.8198468e+00 2.40e+01 8.51e+04   1.2 1.08e+05    -  4.81e-07 1.18e-09f  1
 397  9.8198248e+00 2.40e+01 7.52e+02  -6.0 3.88e+03    -  1.70e-05 1.89e-06h  1
 398  9.8197540e+00 2.40e+01 1.10e+03  -6.0 7.29e+03    -  4.37e-06 6.19e-06h  1
 399  9.8196104e+00 2.40e+01 1.44e+03  -6.0 7.68e+03    -  4.65e-05 1.24e-05h  1
iter    objective    inf_pr   inf_du lg(mu)  ||d||  lg(rg) alpha_du alpha_pr  ls
 400  9.8194133e+00 2.40e+01 1.26e+03  -6.0 7.65e+03    -  2.87e-05 1.72e-05h  1
 401  9.8193509e+00 2.40e+01 1.33e+03  -6.0 7.94e+03    -  3.75e-05 6.51e-06h  1
 402  9.8191177e+00 2.40e+01 1.34e+03  -6.0 8.20e+03    -  8.97e-05 2.50e-05f  1
 403r 9.8191177e+00 2.40e+01 1.00e+03   1.2 0.00e+00    -  0.00e+00 1.59e-08R  2
 404r 9.8190704e+00 2.40e+01 9.90e+04   1.2 1.08e+06    -  3.02e-09 1.49e-09f  1
 405r 9.8190704e+00 2.40e+01 9.99e+02   1.2 0.00e+00    -  0.00e+00 6.00e-08R  2
 406r 9.8190642e+00 2.40e+01 8.13e+04   1.2 2.58e+04    -  2.47e-06 1.17e-09f  1
 407  9.8190414e+00 2.40e+01 1.20e+04  -6.0 3.90e+03    -  2.44e-04 1.96e-06h  1
 408  9.8188668e+00 2.40e+01 4.59e+04  -6.0 7.60e+03    -  3.99e-06 1.52e-05h  1
 409  9.8186659e+00 2.40e+01 4.61e+04  -6.0 7.67e+03    -  4.86e-05 1.75e-05f  1
iter    objective    inf_pr   inf_du lg(mu)  ||d||  lg(rg) alpha_du alpha_pr  ls
 410  9.8186633e+00 2.40e+01 4.58e+04  -6.0 7.87e+03    -  6.04e-05 2.33e-07h  2
 411r 9.8186633e+00 2.40e+01 9.99e+02   1.2 0.00e+00    -  0.00e+00 7.93e-09R  6
 412r 9.8186633e+00 2.40e+01 3.89e+04   1.2 5.93e+04    -  5.78e-07 1.69e-13f  2
 413  9.8186582e+00 2.40e+01 4.36e+03  -6.0 6.93e+03    -  4.50e-04 5.17e-07h  2
 414  9.8176787e+00 2.40e+01 4.19e+03  -6.0 8.24e+03    -  9.36e-05 1.06e-04h  1
 415r 9.8176787e+00 2.40e+01 1.00e+03   1.2 0.00e+00    -  0.00e+00 3.56e-09R  7
 416r 9.8183361e+00 2.40e+01 8.75e+04   1.2 2.25e+07    -  2.53e-08 1.79e-09f  1
 417r 9.8179426e+00 2.40e+01 8.75e+04   1.2 2.52e+04    -  3.04e-06 4.62e-08f  1
 418r 9.7685572e+00 2.39e+01 8.75e+04   1.2 2.51e+04    -  5.34e-06 5.85e-06f  1
 419  9.7684084e+00 2.39e+01 1.01e+02  -6.0 1.28e+03    -  9.49e-04 1.06e-05h  1
iter    objective    inf_pr   inf_du lg(mu)  ||d||  lg(rg) alpha_du alpha_pr  ls
 420  9.7676056e+00 2.39e+01 2.71e+02  -6.0 2.66e+03    -  7.94e-04 4.60e-05h  1
 421  9.7674763e+00 2.39e+01 7.54e+03  -6.0 4.22e+03    -  8.71e-04 7.90e-06h  1
 422  9.7668748e+00 2.39e+01 2.58e+04  -6.0 6.19e+03    -  1.20e-03 4.88e-05h  1
 423  9.7651936e+00 2.39e+01 9.15e+04  -6.0 7.45e+03    -  3.40e-03 1.49e-04h  1
 424  9.7558189e+00 2.38e+01 1.34e+05  -6.0 8.12e+03    -  2.86e-03 8.87e-04h  1
 425  9.7466937e+00 2.38e+01 2.76e+05  -6.0 8.38e+03    -  7.81e-03 8.98e-04h  1
 426  9.7387691e+00 2.38e+01 5.08e+05  -6.0 9.50e+03    -  1.22e-02 9.83e-04h  1
 427  9.7007355e+00 2.37e+01 5.63e+05  -6.0 9.44e+03    -  8.00e-03 4.67e-03h  1
 428  9.7003899e+00 2.37e+01 5.72e+05  -6.0 6.50e+03  -2.0 5.55e-07 1.74e-05h  1
 429r 9.7003899e+00 2.37e+01 1.00e+03   1.2 0.00e+00    -  0.00e+00 4.68e-08R  3
iter    objective    inf_pr   inf_du lg(mu)  ||d||  lg(rg) alpha_du alpha_pr  ls
 430r 9.7044145e+00 2.37e+01 1.64e+04   1.2 1.78e+07    -  4.86e-09 1.45e-10f  2
 431r 9.7042672e+00 2.37e+01 6.36e+04   1.2 2.35e+04    -  2.98e-05 2.42e-08f  1
 432r 9.1686114e+00 2.22e+01 6.36e+04   1.2 2.28e+04    -  4.24e-05 6.60e-05f  1
 433  9.1678052e+00 2.22e+01 1.10e+05  -6.0 8.61e+02    -  2.30e-03 6.55e-05h  1
 434  9.1643804e+00 2.22e+01 3.92e+05  -6.0 1.01e+03    -  6.71e-05 2.34e-04h  1
 435  9.1639062e+00 2.22e+01 3.94e+05  -6.0 1.07e+03    -  6.07e-03 3.28e-05h  1
 436  9.1629541e+00 2.22e+01 3.92e+05  -6.0 3.36e+03    -  3.51e-04 7.06e-05h  1
 437  9.1627614e+00 2.22e+01 3.92e+05  -6.0 5.14e+03    -  1.09e-03 1.56e-05h  1
 438  9.1621554e+00 2.22e+01 3.92e+05  -6.0 8.98e+03    -  2.24e-04 1.47e-04h  1
 439  9.1612200e+00 2.22e+01 3.92e+05  -6.0 8.39e+03    -  1.55e-05 2.95e-04h  1
iter    objective    inf_pr   inf_du lg(mu)  ||d||  lg(rg) alpha_du alpha_pr  ls
 440  9.1566612e+00 2.21e+01 3.92e+05  -6.0 7.46e+03    -  8.56e-04 1.42e-03h  1
 441  9.1562643e+00 2.21e+01 3.92e+05  -6.0 4.41e+03    -  1.54e-03 5.47e-05h  1
 442  9.1561285e+00 2.21e+01 3.92e+05  -6.0 9.97e+03    -  1.15e-03 1.56e-05h  1
 443  9.1559919e+00 2.21e+01 3.92e+05  -6.0 1.00e+04    -  1.77e-03 1.60e-05h  1
 444  9.1527447e+00 2.21e+01 3.92e+05  -6.0 1.01e+04    -  1.20e-03 4.04e-04h  1
 445  9.1443943e+00 2.21e+01 3.91e+05  -6.0 1.01e+04    -  7.32e-03 1.06e-03h  1
 446  9.1328685e+00 2.21e+01 3.91e+05  -6.0 1.01e+04    -  3.92e-03 1.59e-03h  1
 447  9.1326275e+00 2.20e+01 6.32e+05  -6.0 1.02e+04    -  1.48e-02 3.55e-05h  1
 448  9.0816450e+00 2.19e+01 8.76e+05  -6.0 1.01e+04    -  1.87e-02 7.73e-03h  1
 449  9.0815008e+00 2.19e+01 9.85e+05  -6.0 3.94e+04    -  1.34e-03 2.68e-05h  1
iter    objective    inf_pr   inf_du lg(mu)  ||d||  lg(rg) alpha_du alpha_pr  ls
 450  9.0770887e+00 2.19e+01 1.20e+06  -6.0 4.00e+04    -  3.40e-03 8.42e-04h  1
 451  9.0667585e+00 2.18e+01 1.41e+06  -6.0 4.25e+04    -  4.34e-03 1.78e-03h  1
 452  9.0667831e+00 2.18e+01 1.52e+06  -6.0 5.75e+04    -  8.73e-04 2.16e-05h  1
 453  9.0680829e+00 2.18e+01 1.39e+06  -6.0 5.69e+04    -  9.67e-10 1.00e-03h  2
 454  9.0692150e+00 2.18e+01 1.70e+06  -6.0 5.11e+04    -  3.72e-03 8.57e-04h  2
 455  9.0701772e+00 2.18e+01 1.72e+06  -6.0 5.10e+04    -  1.05e-03 8.13e-04h  1
 456r 9.0701772e+00 2.18e+01 1.00e+03   1.2 0.00e+00    -  0.00e+00 4.30e-07R  2
 457r 9.0700319e+00 2.18e+01 8.99e+03   1.2 2.16e+04    -  2.23e-04 2.47e-08f  1
 458r 9.0700319e+00 2.18e+01 9.99e+02   1.2 0.00e+00    -  0.00e+00 9.96e-08R  2
 459r 9.0700249e+00 2.18e+01 6.82e+04   1.2 2.34e+04    -  5.92e-06 1.33e-09f  1
iter    objective    inf_pr   inf_du lg(mu)  ||d||  lg(rg) alpha_du alpha_pr  ls
 460  9.0699513e+00 2.18e+01 3.13e+02  -6.0 1.19e+03    -  1.21e-05 5.70e-06h  1
 461  9.0699136e+00 2.18e+01 1.01e+02  -6.0 2.03e+03    -  9.25e-06 3.10e-06h  1
 462  9.0699073e+00 2.18e+01 4.91e+04  -6.0 8.87e+03    -  2.39e-03 4.78e-07h  2
 463r 9.0699073e+00 2.18e+01 1.00e+03   1.2 0.00e+00    -  0.00e+00 2.34e-08R  6
 464r 9.0698929e+00 2.18e+01 8.86e+04   1.2 2.20e+04    -  1.76e-06 2.67e-09f  1
 465r 9.0698929e+00 2.18e+01 9.99e+02   1.2 0.00e+00    -  0.00e+00 5.15e-08R  2
 466r 9.0698860e+00 2.18e+01 6.68e+04   1.2 2.34e+04    -  7.00e-06 1.29e-09f  1
 467  9.0698160e+00 2.18e+01 1.14e+03  -6.0 1.18e+03    -  2.84e-05 5.38e-06h  1
 468  9.0697848e+00 2.18e+01 1.99e+02  -6.0 2.21e+03    -  7.95e-06 2.63e-06h  1
 469  9.0697701e+00 2.18e+01 4.04e+04  -6.0 8.10e+03    -  2.23e-03 1.09e-06f  1
iter    objective    inf_pr   inf_du lg(mu)  ||d||  lg(rg) alpha_du alpha_pr  ls
 470  9.0697449e+00 2.18e+01 4.09e+04  -6.0 3.37e+04    -  1.12e-05 6.72e-06h  1
 471r 9.0697449e+00 2.18e+01 1.00e+03   1.2 0.00e+00    -  0.00e+00 3.97e-07R  5
 472r 9.0697448e+00 2.18e+01 1.41e+04   1.2 2.21e+04    -  4.45e-05 2.87e-11f  1
 473r 9.0697448e+00 2.18e+01 9.99e+02   1.2 0.00e+00    -  0.00e+00 6.93e-08R  2
 474r 9.0697378e+00 2.18e+01 6.64e+04   1.2 2.34e+04    -  7.27e-06 1.29e-09f  1
 475  9.0696676e+00 2.18e+01 1.21e+03  -6.0 1.17e+03    -  2.98e-05 5.40e-06h  1
 476  9.0696360e+00 2.18e+01 2.24e+02  -6.0 2.18e+03    -  7.94e-06 2.65e-06h  1
 477  9.0696206e+00 2.18e+01 3.57e+04  -6.0 7.97e+03    -  2.03e-03 1.13e-06f  1
 478  9.0696160e+00 2.18e+01 3.67e+04  -6.0 3.21e+04    -  1.12e-05 1.32e-06h  2
 479r 9.0696160e+00 2.18e+01 1.00e+03   1.2 0.00e+00    -  0.00e+00 6.07e-08R  7
iter    objective    inf_pr   inf_du lg(mu)  ||d||  lg(rg) alpha_du alpha_pr  ls
 480r 9.0696159e+00 2.18e+01 1.24e+04   1.2 2.21e+04    -  4.04e-05 1.30e-11f  2
 481r 9.0696159e+00 2.18e+01 9.99e+02   1.2 0.00e+00    -  0.00e+00 1.24e-07R  2
 482r 9.0696084e+00 2.18e+01 6.81e+04   1.2 2.34e+04    -  7.60e-06 1.37e-09f  1
 483  9.0695335e+00 2.18e+01 1.17e+03  -6.0 1.17e+03    -  2.88e-05 5.76e-06h  1
 484  9.0694988e+00 2.18e+01 2.26e+02  -6.0 2.15e+03    -  8.19e-06 2.91e-06h  1
 485  9.0694834e+00 2.18e+01 3.20e+04  -6.0 7.82e+03    -  1.87e-03 1.12e-06f  1
 486  9.0694692e+00 2.18e+01 3.28e+04  -6.0 3.32e+04    -  1.17e-05 3.56e-06h  1
 487  9.0694682e+00 2.18e+01 6.09e+04  -6.0 2.38e+04    -  2.01e-04 1.10e-05h  1
 488  9.0692713e+00 2.18e+01 1.99e+04  -6.0 2.45e+04    -  6.88e-07 2.95e-04h  1
 489  9.0691477e+00 2.18e+01 2.01e+04  -6.0 2.69e+04    -  1.09e-04 1.77e-04h  1
iter    objective    inf_pr   inf_du lg(mu)  ||d||  lg(rg) alpha_du alpha_pr  ls
 490r 9.0691477e+00 2.18e+01 1.00e+03   1.2 0.00e+00    -  0.00e+00 4.69e-09R  2
 491r 9.0691351e+00 2.18e+01 7.83e+04   1.2 5.61e+04    -  1.04e-05 2.54e-09f  1
 492r 9.0691351e+00 2.18e+01 9.99e+02   1.2 0.00e+00    -  0.00e+00 1.86e-08R  2
 493r 9.0691295e+00 2.18e+01 7.36e+04   1.2 2.34e+04    -  2.60e-06 1.29e-09f  1
 494  9.0690587e+00 2.18e+01 2.13e+03  -6.0 1.18e+03    -  4.85e-05 5.43e-06h  1
 495  9.0690315e+00 2.18e+01 4.47e+02  -6.0 2.25e+03    -  7.76e-06 2.31e-06h  1
 496  9.0690255e+00 2.18e+01 8.35e+04  -6.0 1.16e+04    -  3.15e-03 4.61e-07f  2
 497  9.0690183e+00 2.18e+01 8.45e+04  -6.0 3.35e+04    -  1.02e-05 2.02e-06h  2
 498  9.0690091e+00 2.18e+01 1.58e+05  -6.0 2.91e+04    -  5.31e-04 4.39e-06h  2
 499  9.0689362e+00 2.17e+01 1.33e+05  -6.0 2.85e+04    -  1.70e-05 1.89e-04h  1
iter    objective    inf_pr   inf_du lg(mu)  ||d||  lg(rg) alpha_du alpha_pr  ls
 500r 9.0689362e+00 2.17e+01 1.00e+03   1.2 0.00e+00    -  0.00e+00 1.61e-08R  2
 501r 9.0689361e+00 2.17e+01 8.11e+03   1.2 2.17e+04    -  8.93e-06 5.75e-12f  1
 502r 9.0689361e+00 2.17e+01 9.99e+02   1.2 0.00e+00    -  0.00e+00 9.53e-08R  2
 503r 9.0689350e+00 2.17e+01 7.68e+04   1.2 9.37e+04    -  5.60e-07 1.29e-09f  1
 504  9.0688641e+00 2.17e+01 1.31e+03  -6.0 1.14e+03    -  3.20e-05 5.45e-06h  1
 505  9.0688340e+00 2.17e+01 2.36e+02  -6.0 2.20e+03    -  7.96e-06 2.55e-06h  1
 506  9.0688205e+00 2.17e+01 6.05e+04  -6.0 7.86e+03    -  3.23e-03 1.08e-06f  1
 507  9.0688221e+00 2.17e+01 6.15e+04  -6.0 2.08e+04    -  1.11e-05 5.18e-07h  5
 508  9.0688803e+00 2.17e+01 1.52e+05  -6.0 1.91e+04    -  8.76e-04 1.54e-05h  1
 509  9.0694097e+00 2.17e+01 1.29e+05  -6.0 2.93e+04    -  2.74e-05 1.92e-04h  1
iter    objective    inf_pr   inf_du lg(mu)  ||d||  lg(rg) alpha_du alpha_pr  ls
 510r 9.0694097e+00 2.17e+01 1.00e+03   1.2 0.00e+00    -  0.00e+00 1.76e-08R  2
 511r 9.0694097e+00 2.17e+01 1.00e+04   1.2 2.17e+04    -  1.54e-05 9.90e-12f  1
 512r 9.0694097e+00 2.17e+01 9.99e+02   1.2 0.00e+00    -  0.00e+00 8.43e-09R  6
 513r 9.0694085e+00 2.17e+01 7.67e+04   1.2 9.36e+04    -  5.73e-07 1.29e-09f  1
 514  9.0693304e+00 2.17e+01 4.07e+03  -6.0 1.21e+03    -  8.81e-05 5.92e-06h  1
 515  9.0692988e+00 2.17e+01 1.06e+03  -6.0 1.87e+03    -  8.11e-06 2.51e-06h  1
 516  9.0692460e+00 2.17e+01 1.06e+04  -6.0 8.59e+03    -  6.83e-04 3.08e-06h  1
 517  9.0692225e+00 2.17e+01 1.10e+04  -6.0 1.68e+04    -  1.37e-05 1.30e-06h  1
 518  9.0654552e+00 2.17e+01 5.28e+04  -6.0 1.43e+04    -  1.30e-03 1.95e-04h  1
 519  9.0570194e+00 2.17e+01 4.71e+04  -6.0 8.12e+03    -  2.12e-04 1.13e-03h  1
iter    objective    inf_pr   inf_du lg(mu)  ||d||  lg(rg) alpha_du alpha_pr  ls
 520r 9.0570194e+00 2.17e+01 1.00e+03   1.2 0.00e+00    -  0.00e+00 1.98e-08R  2
 521r 9.0570193e+00 2.17e+01 7.15e+03   1.2 4.43e+04    -  1.01e-06 1.23e-11f  1
 522  9.0569837e+00 2.17e+01 1.01e+02  -6.0 2.71e+03    -  2.77e-06 2.19e-06h  1
 523  9.0568948e+00 2.17e+01 1.01e+02  -6.0 2.33e+03    -  1.40e-05 5.37e-06h  1
 524  9.0565350e+00 2.17e+01 1.97e+02  -6.0 2.41e+03    -  6.04e-06 2.17e-05f  1
 525  9.0560524e+00 2.17e+01 2.38e+03  -6.0 2.70e+03    -  5.81e-04 2.88e-05f  1
 526  9.0503123e+00 2.17e+01 2.96e+03  -6.0 3.31e+03    -  7.04e-05 3.36e-04h  1
 527  9.0502426e+00 2.17e+01 7.57e+04  -6.0 1.81e+04    -  1.35e-03 2.94e-05h  1
 528  9.0502323e+00 2.17e+01 1.22e+05  -6.0 2.91e+04    -  6.02e-04 1.48e-05h  1
 529r 9.0502323e+00 2.17e+01 1.00e+03   1.2 0.00e+00    -  0.00e+00 4.32e-08R  2
iter    objective    inf_pr   inf_du lg(mu)  ||d||  lg(rg) alpha_du alpha_pr  ls
 530r 9.0502323e+00 2.17e+01 1.19e+05   1.2 2.63e+04    -  1.18e-06 7.61e-13f  1
 531r 9.0502323e+00 2.17e+01 9.99e+02   1.2 0.00e+00    -  0.00e+00 6.33e-09R  2
 532r 9.0502300e+00 2.17e+01 7.63e+04   1.2 7.01e+04    -  7.96e-07 1.29e-09f  1
 533  9.0501612e+00 2.17e+01 1.29e+03  -6.0 1.15e+03    -  3.13e-05 5.31e-06h  1
 534  9.0501336e+00 2.17e+01 2.16e+02  -6.0 2.32e+03    -  7.81e-06 2.41e-06h  1
 535  9.0501292e+00 2.17e+01 8.39e+04  -6.0 9.44e+03    -  3.45e-03 4.12e-07f  2
 536  9.0501880e+00 2.17e+01 8.33e+04  -6.0 1.55e+04    -  1.02e-05 1.71e-05h  1
 537  9.0508098e+00 2.17e+01 1.54e+05  -6.0 2.32e+04    -  6.76e-04 1.60e-04h  1
 538r 9.0508098e+00 2.17e+01 1.00e+03   1.2 0.00e+00    -  0.00e+00 4.26e-08R  2
 539r 9.0507923e+00 2.17e+01 8.80e+04   1.2 2.17e+04    -  9.18e-06 3.23e-09f  1
iter    objective    inf_pr   inf_du lg(mu)  ||d||  lg(rg) alpha_du alpha_pr  ls
 540r 9.0507923e+00 2.17e+01 9.99e+02   1.2 0.00e+00    -  0.00e+00 7.08e-08R  2
 541r 9.0507889e+00 2.17e+01 7.59e+04   1.2 5.62e+04    -  1.02e-06 1.29e-09f  1
 542  9.0507075e+00 2.17e+01 2.30e+03  -6.0 1.22e+03    -  5.26e-05 6.16e-06h  1
 543  9.0506717e+00 2.17e+01 5.29e+02  -6.0 1.56e+03    -  8.49e-06 2.72e-06h  1
 544  9.0506188e+00 2.17e+01 7.52e+03  -6.0 7.89e+03    -  6.20e-04 2.99e-06h  1
 545  9.0504426e+00 2.17e+01 7.61e+03  -6.0 1.24e+04    -  1.41e-05 9.37e-06h  1
 546  9.0484362e+00 2.17e+01 4.89e+04  -6.0 1.30e+04    -  1.41e-03 1.06e-04h  1
 547  9.0481430e+00 2.17e+01 3.74e+04  -6.0 1.39e+04    -  1.31e-04 2.86e-04h  1
 548r 9.0481430e+00 2.17e+01 1.00e+03   1.2 0.00e+00    -  0.00e+00 1.26e-08R  2
 549r 9.0481429e+00 2.17e+01 1.11e+04   1.2 3.97e+04    -  1.31e-06 8.13e-12f  1
iter    objective    inf_pr   inf_du lg(mu)  ||d||  lg(rg) alpha_du alpha_pr  ls
 550  9.0481351e+00 2.17e+01 3.56e+02  -6.0 4.48e+03    -  7.63e-06 4.47e-07h  2
 551  9.0480002e+00 2.17e+01 8.35e+02  -6.0 4.69e+03    -  3.32e-06 7.53e-06h  1
 552  9.0478693e+00 2.17e+01 5.57e+03  -6.0 5.13e+03    -  4.80e-04 7.23e-06h  1
 553  9.0402296e+00 2.17e+01 1.16e+05  -6.0 6.12e+03    -  1.76e-05 4.19e-04h  1
 554  9.0398967e+00 2.17e+01 1.16e+05  -6.0 7.53e+03    -  1.96e-03 3.86e-05h  1
 555  9.0375286e+00 2.17e+01 1.16e+05  -6.0 7.64e+03    -  6.11e-04 2.83e-04h  1
 556  9.0367031e+00 2.17e+01 1.92e+05  -6.0 9.24e+03    -  2.25e-03 1.54e-04h  1
 557  9.0365726e+00 2.17e+01 1.16e+05  -6.0 2.55e+04    -  5.42e-05 5.12e-04h  1
 558r 9.0365726e+00 2.17e+01 1.00e+03   1.2 0.00e+00    -  0.00e+00 5.16e-08R  2
 559r 9.0365498e+00 2.17e+01 4.61e+03   1.2 2.16e+04    -  1.78e-04 3.69e-09f  1
iter    objective    inf_pr   inf_du lg(mu)  ||d||  lg(rg) alpha_du alpha_pr  ls
 560r 9.0365498e+00 2.17e+01 9.99e+02   1.2 0.00e+00    -  0.00e+00 1.27e-08R  5
 561r 9.0365489e+00 2.17e+01 7.64e+04   1.2 9.20e+04    -  6.25e-07 1.29e-09f  1
 562  9.0364595e+00 2.17e+01 5.87e+03  -6.0 1.23e+03    -  1.25e-04 6.57e-06h  1
 563  9.0364087e+00 2.17e+01 2.28e+03  -6.0 1.58e+03    -  8.71e-06 3.66e-06h  1
 564  9.0361301e+00 2.17e+01 7.00e+03  -6.0 3.45e+03    -  5.93e-04 1.62e-05h  1
 565  9.0343469e+00 2.17e+01 1.89e+04  -6.0 4.13e+03    -  2.90e-05 1.00e-04h  1
 566  9.0337482e+00 2.17e+01 7.57e+04  -6.0 1.85e+04    -  1.45e-03 3.59e-05h  1
 567  9.0337456e+00 2.17e+01 9.80e+04  -6.0 3.92e+04    -  1.81e-04 1.59e-05h  1
 568r 9.0337456e+00 2.17e+01 1.00e+03   1.2 0.00e+00    -  0.00e+00 4.11e-08R  2
 569r 9.0337455e+00 2.17e+01 3.10e+04   1.2 2.17e+04    -  2.45e-06 1.58e-12f  1
iter    objective    inf_pr   inf_du lg(mu)  ||d||  lg(rg) alpha_du alpha_pr  ls
 570r 9.0337455e+00 2.17e+01 9.99e+02   1.2 0.00e+00    -  0.00e+00 6.30e-09R  2
 571r 9.0337401e+00 2.17e+01 7.25e+04   1.2 2.33e+04    -  3.11e-06 1.29e-09f  1
 572  9.0336674e+00 2.17e+01 2.46e+03  -6.0 1.18e+03    -  5.53e-05 5.60e-06h  1
 573  9.0336406e+00 2.17e+01 5.18e+02  -6.0 2.16e+03    -  7.89e-06 2.30e-06h  1
 574  9.0336342e+00 2.17e+01 8.21e+04  -6.0 1.00e+04    -  3.17e-03 5.12e-07h  2
 575r 9.0336342e+00 2.17e+01 1.00e+03   1.2 0.00e+00    -  0.00e+00 4.45e-07R  4
 576r 9.0336184e+00 2.17e+01 8.48e+04   1.2 2.18e+04    -  3.18e-06 3.10e-09f  1
 577r 9.0336184e+00 2.17e+01 9.99e+02   1.2 0.00e+00    -  0.00e+00 6.25e-08R  2
 578r 9.0336124e+00 2.17e+01 7.02e+04   1.2 2.33e+04    -  4.70e-06 1.30e-09f  1
 579  9.0335365e+00 2.17e+01 2.93e+03  -6.0 1.16e+03    -  6.49e-05 5.84e-06h  1
iter    objective    inf_pr   inf_du lg(mu)  ||d||  lg(rg) alpha_du alpha_pr  ls
 580  9.0335081e+00 2.17e+01 6.62e+02  -6.0 2.08e+03    -  8.09e-06 2.39e-06h  1
 581  9.0334878e+00 2.17e+01 5.94e+04  -6.0 8.35e+03    -  3.08e-03 1.49e-06f  1
 582  9.0334843e+00 2.17e+01 8.97e+04  -6.0 3.30e+04    -  1.18e-05 3.47e-05h  1
 583r 9.0334843e+00 2.17e+01 1.00e+03   1.2 0.00e+00    -  0.00e+00 2.71e-07R  4
 584r 9.0334841e+00 2.17e+01 2.56e+03   1.2 2.19e+04    -  5.87e-06 3.90e-11f  1
 585r 9.0334841e+00 2.17e+01 9.99e+02   1.2 0.00e+00    -  0.00e+00 6.92e-08R  2
 586r 9.0334781e+00 2.17e+01 7.02e+04   1.2 2.33e+04    -  4.62e-06 1.29e-09f  1
 587  9.0334032e+00 2.17e+01 2.22e+03  -6.0 1.16e+03    -  5.06e-05 5.77e-06h  1
 588  9.0333738e+00 2.17e+01 4.81e+02  -6.0 2.06e+03    -  8.09e-06 2.48e-06h  1
 589  9.0333648e+00 2.17e+01 5.29e+04  -6.0 7.82e+03    -  2.84e-03 6.76e-07h  2
iter    objective    inf_pr   inf_du lg(mu)  ||d||  lg(rg) alpha_du alpha_pr  ls
 590r 9.0333648e+00 2.17e+01 1.00e+03   1.2 0.00e+00    -  0.00e+00 4.52e-07R  4
 591r 9.0333509e+00 2.17e+01 9.11e+04   1.2 2.19e+04    -  1.71e-06 2.81e-09f  1
 592r 9.0333509e+00 2.17e+01 9.99e+02   1.2 0.00e+00    -  0.00e+00 7.55e-08R  2
 593r 9.0333446e+00 2.17e+01 6.83e+04   1.2 2.33e+04    -  5.85e-06 1.29e-09f  1
 594  9.0332682e+00 2.17e+01 2.51e+03  -6.0 1.15e+03    -  5.66e-05 5.87e-06h  1
 595  9.0332385e+00 2.17e+01 5.59e+02  -6.0 2.03e+03    -  8.16e-06 2.48e-06h  1
 596  9.0332164e+00 2.17e+01 4.36e+04  -6.0 7.34e+03    -  2.64e-03 1.61e-06f  1
 597  9.0332988e+00 2.17e+01 6.94e+04  -6.0 3.23e+04    -  1.20e-05 3.24e-05h  1
 598r 9.0332988e+00 2.17e+01 1.00e+03   1.2 0.00e+00    -  0.00e+00 3.05e-07R  6
 599r 9.0332986e+00 2.17e+01 3.02e+03   1.2 2.20e+04    -  7.51e-06 3.30e-11f  1
iter    objective    inf_pr   inf_du lg(mu)  ||d||  lg(rg) alpha_du alpha_pr  ls
 600r 9.0332986e+00 2.17e+01 9.99e+02   1.2 0.00e+00    -  0.00e+00 7.86e-08R  2
 601r 9.0332923e+00 2.17e+01 6.85e+04   1.2 2.33e+04    -  5.73e-06 1.29e-09f  1
 602  9.0332164e+00 2.17e+01 3.11e+03  -6.0 1.16e+03    -  6.86e-05 5.83e-06h  1
 603  9.0331879e+00 2.17e+01 7.20e+02  -6.0 2.06e+03    -  8.07e-06 2.40e-06h  1
 604  9.0331672e+00 2.17e+01 4.21e+04  -6.0 8.35e+03    -  2.14e-03 1.51e-06f  1
 605  9.0331543e+00 2.17e+01 4.18e+04  -6.0 3.40e+04    -  1.18e-05 1.35e-05h  1
 606r 9.0331543e+00 2.17e+01 1.00e+03   1.2 0.00e+00    -  0.00e+00 3.88e-07R  5
 607r 9.0331541e+00 2.17e+01 3.69e+03   1.2 2.20e+04    -  7.61e-06 2.71e-11f  1
 608r 9.0331541e+00 2.17e+01 9.99e+02   1.2 0.00e+00    -  0.00e+00 8.21e-08R  2
 609r 9.0331478e+00 2.17e+01 6.82e+04   1.2 2.33e+04    -  5.89e-06 1.29e-09f  1
iter    objective    inf_pr   inf_du lg(mu)  ||d||  lg(rg) alpha_du alpha_pr  ls
 610  9.0330724e+00 2.17e+01 2.25e+03  -6.0 1.16e+03    -  5.12e-05 5.80e-06h  1
 611  9.0330426e+00 2.17e+01 4.89e+02  -6.0 2.03e+03    -  8.12e-06 2.49e-06h  1
 612  9.0330331e+00 2.17e+01 3.82e+04  -6.0 7.75e+03    -  2.10e-03 7.06e-07h  2
 613r 9.0330331e+00 2.17e+01 1.00e+03   1.2 0.00e+00    -  0.00e+00 4.31e-07R  4
 614r 9.0330268e+00 2.17e+01 1.00e+03   1.2 2.20e+04    -  1.10e-06 1.25e-09f  2
 615r 9.0330268e+00 2.17e+01 9.99e+02   1.2 0.00e+00    -  0.00e+00 7.31e-08R  2
 616r 9.0330203e+00 2.17e+01 6.72e+04   1.2 2.33e+04    -  6.56e-06 1.29e-09f  1
 617  9.0329436e+00 2.17e+01 2.72e+03  -6.0 1.15e+03    -  6.07e-05 5.90e-06h  1
 618  9.0329140e+00 2.17e+01 6.15e+02  -6.0 2.02e+03    -  8.17e-06 2.47e-06h  1
 619  9.0328904e+00 2.17e+01 3.45e+04  -6.0 7.39e+03    -  2.09e-03 1.69e-06f  1
iter    objective    inf_pr   inf_du lg(mu)  ||d||  lg(rg) alpha_du alpha_pr  ls
 620  9.0329158e+00 2.17e+01 4.55e+04  -6.0 3.40e+04    -  1.21e-05 2.70e-05h  1
 621r 9.0329158e+00 2.17e+01 1.00e+03   1.2 0.00e+00    -  0.00e+00 3.56e-07R  3
 622r 9.0329157e+00 2.17e+01 3.82e+03   1.2 2.20e+04    -  8.51e-06 2.61e-11f  1
 623r 9.0329157e+00 2.17e+01 9.99e+02   1.2 0.00e+00    -  0.00e+00 8.39e-08R  2
 624r 9.0329092e+00 2.17e+01 6.73e+04   1.2 2.33e+04    -  6.48e-06 1.29e-09f  1
 625  9.0328337e+00 2.17e+01 2.25e+03  -6.0 1.16e+03    -  5.12e-05 5.81e-06h  1
 626  9.0328038e+00 2.17e+01 4.91e+02  -6.0 2.02e+03    -  8.13e-06 2.50e-06h  1
 627  9.0327941e+00 2.17e+01 3.49e+04  -6.0 7.66e+03    -  1.93e-03 7.11e-07h  2
 628r 9.0327941e+00 2.17e+01 1.00e+03   1.2 0.00e+00    -  0.00e+00 4.30e-07R  4
 629r 9.0327854e+00 2.17e+01 1.00e+03   1.2 2.21e+04    -  9.15e-07 1.74e-09f  2
iter    objective    inf_pr   inf_du lg(mu)  ||d||  lg(rg) alpha_du alpha_pr  ls
 630r 9.0327854e+00 2.17e+01 9.99e+02   1.2 0.00e+00    -  0.00e+00 7.46e-08R  2
 631r 9.0327788e+00 2.17e+01 6.63e+04   1.2 2.33e+04    -  7.21e-06 1.30e-09f  1
 632  9.0327019e+00 2.17e+01 2.71e+03  -6.0 1.15e+03    -  6.06e-05 5.91e-06h  1
 633  9.0326723e+00 2.17e+01 6.15e+02  -6.0 2.02e+03    -  8.18e-06 2.47e-06h  1
 634  9.0326485e+00 2.17e+01 3.20e+04  -6.0 7.32e+03    -  1.96e-03 1.70e-06f  1
 635  9.0326758e+00 2.16e+01 4.87e+04  -6.0 3.45e+04    -  1.21e-05 3.10e-05h  1
 636r 9.0326758e+00 2.16e+01 1.00e+03   1.2 0.00e+00    -  0.00e+00 4.85e-07R  5
 637r 9.0326756e+00 2.16e+01 4.08e+03   1.2 2.21e+04    -  9.35e-06 2.44e-11f  1
 638r 9.0326756e+00 2.16e+01 9.99e+02   1.2 0.00e+00    -  0.00e+00 8.43e-08R  2
 639r 9.0326691e+00 2.16e+01 6.64e+04   1.2 2.33e+04    -  7.05e-06 1.29e-09f  1
iter    objective    inf_pr   inf_du lg(mu)  ||d||  lg(rg) alpha_du alpha_pr  ls
 640  9.0325936e+00 2.16e+01 2.79e+03  -6.0 1.16e+03    -  6.22e-05 5.81e-06h  1
 641  9.0325649e+00 2.16e+01 6.37e+02  -6.0 2.07e+03    -  8.07e-06 2.42e-06h  1
 642  9.0325454e+00 2.16e+01 3.42e+04  -6.0 8.02e+03    -  1.77e-03 1.43e-06f  1
 643  9.0325585e+00 2.16e+01 3.42e+04  -6.0 3.42e+04    -  1.17e-05 1.14e-05h  1
 644r 9.0325585e+00 2.16e+01 1.00e+03   1.2 0.00e+00    -  0.00e+00 4.45e-07R  5
 645r 9.0325584e+00 2.16e+01 4.46e+03   1.2 2.20e+04    -  9.45e-06 2.24e-11f  1
 646r 9.0325584e+00 2.16e+01 9.99e+02   1.2 0.00e+00    -  0.00e+00 8.99e-08R  2
 647r 9.0325519e+00 2.16e+01 6.62e+04   1.2 2.33e+04    -  7.18e-06 1.29e-09f  1
 648  9.0324764e+00 2.16e+01 2.29e+03  -6.0 1.16e+03    -  5.21e-05 5.81e-06h  1
 649  9.0324467e+00 2.16e+01 5.01e+02  -6.0 2.03e+03    -  8.12e-06 2.49e-06h  1
iter    objective    inf_pr   inf_du lg(mu)  ||d||  lg(rg) alpha_du alpha_pr  ls
 650  9.0324370e+00 2.16e+01 3.27e+04  -6.0 7.61e+03    -  1.81e-03 7.17e-07h  2
 651r 9.0324370e+00 2.16e+01 1.00e+03   1.2 0.00e+00    -  0.00e+00 4.20e-07R  4
 652r 9.0324288e+00 2.16e+01 1.00e+03   1.2 2.21e+04    -  9.06e-07 1.60e-09f  2
 653r 9.0324288e+00 2.16e+01 9.99e+02   1.2 0.00e+00    -  0.00e+00 7.44e-08R  2
 654r 9.0324222e+00 2.16e+01 6.53e+04   1.2 2.33e+04    -  7.84e-06 1.30e-09f  1
 655  9.0323453e+00 2.16e+01 2.69e+03  -6.0 1.15e+03    -  6.02e-05 5.91e-06h  1
 656  9.0323157e+00 2.16e+01 6.10e+02  -6.0 2.02e+03    -  8.18e-06 2.47e-06h  1
 657  9.0322918e+00 2.16e+01 3.04e+04  -6.0 7.24e+03    -  1.87e-03 1.71e-06f  1
 658  9.0323189e+00 2.16e+01 4.37e+04  -6.0 3.47e+04    -  1.22e-05 2.91e-05h  1
 659r 9.0323189e+00 2.16e+01 1.00e+03   1.2 0.00e+00    -  0.00e+00 4.37e-07R  5
iter    objective    inf_pr   inf_du lg(mu)  ||d||  lg(rg) alpha_du alpha_pr  ls
 660r 9.0323187e+00 2.16e+01 4.27e+03   1.2 2.21e+04    -  1.03e-05 2.33e-11f  1
 661r 9.0323187e+00 2.16e+01 9.99e+02   1.2 0.00e+00    -  0.00e+00 8.65e-08R  2
 662r 9.0323122e+00 2.16e+01 6.54e+04   1.2 2.33e+04    -  7.68e-06 1.29e-09f  1
 663  9.0322366e+00 2.16e+01 2.80e+03  -6.0 1.16e+03    -  6.24e-05 5.81e-06h  1
 664  9.0322078e+00 2.16e+01 6.39e+02  -6.0 2.07e+03    -  8.07e-06 2.42e-06h  1
 665  9.0321883e+00 2.16e+01 3.27e+04  -6.0 7.97e+03    -  1.70e-03 1.44e-06f  1
 666  9.0321998e+00 2.16e+01 3.29e+04  -6.0 3.44e+04    -  1.17e-05 1.05e-05h  1
 667r 9.0321998e+00 2.16e+01 1.00e+03   1.2 0.00e+00    -  0.00e+00 2.63e-07R  6
 668r 9.0321997e+00 2.16e+01 4.65e+03   1.2 2.21e+04    -  1.04e-05 2.15e-11f  1
 669r 9.0321997e+00 2.16e+01 9.99e+02   1.2 0.00e+00    -  0.00e+00 9.25e-08R  2
iter    objective    inf_pr   inf_du lg(mu)  ||d||  lg(rg) alpha_du alpha_pr  ls
 670r 9.0321931e+00 2.16e+01 6.52e+04   1.2 2.33e+04    -  7.81e-06 1.29e-09f  1
 671  9.0321176e+00 2.16e+01 2.32e+03  -6.0 1.16e+03    -  5.26e-05 5.81e-06h  1
 672  9.0320879e+00 2.16e+01 5.09e+02  -6.0 2.03e+03    -  8.12e-06 2.49e-06h  1
 673  9.0320781e+00 2.16e+01 3.16e+04  -6.0 7.56e+03    -  1.75e-03 7.20e-07h  2
 674r 9.0320781e+00 2.16e+01 1.00e+03   1.2 0.00e+00    -  0.00e+00 4.15e-07R  4
 675r 9.0320698e+00 2.16e+01 1.00e+03   1.2 2.21e+04    -  8.70e-07 1.64e-09f  2
 676r 9.0320698e+00 2.16e+01 9.99e+02   1.2 0.00e+00    -  0.00e+00 7.47e-08R  2
 677r 9.0320631e+00 2.16e+01 6.43e+04   1.2 2.33e+04    -  8.44e-06 1.30e-09f  1
 678  9.0319862e+00 2.16e+01 2.70e+03  -6.0 1.15e+03    -  6.03e-05 5.91e-06h  1
 679  9.0319565e+00 2.16e+01 6.11e+02  -6.0 2.01e+03    -  8.18e-06 2.48e-06h  1
iter    objective    inf_pr   inf_du lg(mu)  ||d||  lg(rg) alpha_du alpha_pr  ls
 680  9.0319325e+00 2.16e+01 2.95e+04  -6.0 7.18e+03    -  1.82e-03 1.71e-06f  1
 681  9.0319605e+00 2.16e+01 4.41e+04  -6.0 3.49e+04    -  1.22e-05 3.02e-05h  1
 682r 9.0319605e+00 2.16e+01 1.00e+03   1.2 0.00e+00    -  0.00e+00 4.42e-07R  5
 683r 9.0319604e+00 2.16e+01 4.39e+03   1.2 2.21e+04    -  1.12e-05 2.27e-11f  1
 684r 9.0319604e+00 2.16e+01 9.99e+02   1.2 0.00e+00    -  0.00e+00 8.65e-08R  2
 685r 9.0319537e+00 2.16e+01 6.46e+04   1.2 2.33e+04    -  8.24e-06 1.29e-09f  1
 686  9.0318782e+00 2.16e+01 2.81e+03  -6.0 1.16e+03    -  6.26e-05 5.81e-06h  1
 687  9.0318494e+00 2.16e+01 6.41e+02  -6.0 2.07e+03    -  8.07e-06 2.42e-06h  1
 688  9.0318300e+00 2.16e+01 3.23e+04  -6.0 7.94e+03    -  1.67e-03 1.43e-06f  1
 689  9.0318415e+00 2.16e+01 3.24e+04  -6.0 3.47e+04    -  1.17e-05 1.06e-05h  1
iter    objective    inf_pr   inf_du lg(mu)  ||d||  lg(rg) alpha_du alpha_pr  ls
 690r 9.0318415e+00 2.16e+01 1.00e+03   1.2 0.00e+00    -  0.00e+00 4.92e-07R  5
 691r 9.0318414e+00 2.16e+01 4.74e+03   1.2 2.21e+04    -  1.13e-05 2.11e-11f  1
 692r 9.0318414e+00 2.16e+01 9.99e+02   1.2 0.00e+00    -  0.00e+00 9.31e-08R  2
 693r 9.0318348e+00 2.16e+01 6.44e+04   1.2 2.33e+04    -  8.35e-06 1.29e-09f  1
 694  9.0317592e+00 2.16e+01 2.35e+03  -6.0 1.16e+03    -  5.32e-05 5.81e-06h  1
 695  9.0317296e+00 2.16e+01 5.17e+02  -6.0 2.03e+03    -  8.12e-06 2.48e-06h  1
 696  9.0317198e+00 2.16e+01 3.13e+04  -6.0 7.53e+03    -  1.73e-03 7.22e-07h  2
 697r 9.0317198e+00 2.16e+01 1.00e+03   1.2 0.00e+00    -  0.00e+00 4.11e-07R  4
 698r 9.0317115e+00 2.16e+01 1.00e+03   1.2 2.21e+04    -  8.64e-07 1.61e-09f  2
 699r 9.0317115e+00 2.16e+01 9.99e+02   1.2 0.00e+00    -  0.00e+00 7.47e-08R  2
iter    objective    inf_pr   inf_du lg(mu)  ||d||  lg(rg) alpha_du alpha_pr  ls
 700r 9.0317048e+00 2.16e+01 6.35e+04   1.2 2.33e+04    -  8.95e-06 1.30e-09f  1
 701  9.0316279e+00 2.16e+01 2.70e+03  -6.0 1.15e+03    -  6.04e-05 5.91e-06h  1
 702  9.0315982e+00 2.16e+01 6.12e+02  -6.0 2.01e+03    -  8.18e-06 2.48e-06h  1
 703  9.0315741e+00 2.16e+01 2.93e+04  -6.0 7.12e+03    -  1.81e-03 1.72e-06f  1
 704  9.0316047e+00 2.16e+01 4.64e+04  -6.0 3.51e+04    -  1.22e-05 3.20e-05h  1
 705r 9.0316047e+00 2.16e+01 1.00e+03   1.2 0.00e+00    -  0.00e+00 2.89e-07R  5
 706r 9.0316046e+00 2.16e+01 4.41e+03   1.2 2.21e+04    -  1.20e-05 2.26e-11f  1
 707r 9.0316046e+00 2.16e+01 9.99e+02   1.2 0.00e+00    -  0.00e+00 8.54e-08R  2
 708r 9.0315979e+00 2.16e+01 6.38e+04   1.2 2.33e+04    -  8.71e-06 1.29e-09f  1
 709  9.0315223e+00 2.16e+01 2.82e+03  -6.0 1.16e+03    -  6.29e-05 5.81e-06h  1
iter    objective    inf_pr   inf_du lg(mu)  ||d||  lg(rg) alpha_du alpha_pr  ls
 710  9.0314936e+00 2.16e+01 6.44e+02  -6.0 2.07e+03    -  8.07e-06 2.42e-06h  1
 711  9.0314743e+00 2.16e+01 3.24e+04  -6.0 7.92e+03    -  1.67e-03 1.43e-06f  1
 712  9.0314790e+00 2.16e+01 3.35e+04  -6.0 3.45e+04    -  1.17e-05 4.07e-06h  2
 713r 9.0314790e+00 2.16e+01 1.00e+03   1.2 0.00e+00    -  0.00e+00 3.98e-07R  5
 714r 9.0314789e+00 2.16e+01 9.48e+03   1.2 2.21e+04    -  1.22e-05 1.05e-11f  2
 715r 9.0314789e+00 2.16e+01 9.99e+02   1.2 0.00e+00    -  0.00e+00 1.47e-07R  2
 716r 9.0314652e+00 2.16e+01 1.03e+05   1.2 2.33e+04    -  8.91e-06 2.64e-09f  1
 717  9.0313422e+00 2.16e+01 2.24e+03  -6.0 1.14e+03    -  3.95e-05 9.48e-06h  1
 718  9.0312652e+00 2.16e+01 8.84e+02  -6.0 1.53e+03    -  1.12e-05 6.04e-06h  1
 719  9.0312389e+00 2.16e+01 3.15e+03  -6.0 2.03e+03    -  3.85e-04 2.19e-06h  1
iter    objective    inf_pr   inf_du lg(mu)  ||d||  lg(rg) alpha_du alpha_pr  ls
 720  9.0312186e+00 2.16e+01 1.33e+03  -6.0 1.61e+04    -  1.99e-05 2.23e-06h  1
 721r 9.0312186e+00 2.16e+01 1.00e+03   1.2 0.00e+00    -  0.00e+00 6.74e-08R  8
 722r 9.0312185e+00 2.16e+01 7.37e+04   1.2 5.29e+04    -  1.02e-08 2.97e-12f  1
 723r 9.0312185e+00 2.16e+01 9.99e+02   1.2 0.00e+00    -  0.00e+00 1.04e-08R  6
 724r 9.0312118e+00 2.16e+01 6.26e+04   1.2 2.33e+04    -  9.46e-06 1.29e-09f  1
 725  9.0311351e+00 2.16e+01 2.94e+03  -6.0 1.15e+03    -  6.53e-05 5.88e-06h  1
 726  9.0311052e+00 2.16e+01 6.93e+02  -6.0 1.99e+03    -  8.13e-06 2.48e-06h  1
 727  9.0310772e+00 2.16e+01 2.80e+04  -6.0 6.90e+03    -  1.82e-03 1.96e-06f  1
 728  9.0310980e+00 2.16e+01 2.77e+04  -6.0 3.55e+04    -  1.24e-05 1.49e-05h  1
 729r 9.0310980e+00 2.16e+01 1.00e+03   1.2 0.00e+00    -  0.00e+00 3.98e-07R  3
iter    objective    inf_pr   inf_du lg(mu)  ||d||  lg(rg) alpha_du alpha_pr  ls
 730r 9.0310978e+00 2.16e+01 4.38e+03   1.2 2.21e+04    -  1.35e-05 2.28e-11f  1
 731r 9.0310978e+00 2.16e+01 9.99e+02   1.2 0.00e+00    -  0.00e+00 1.02e-07R  2
 732r 9.0310911e+00 2.16e+01 6.26e+04   1.2 2.33e+04    -  9.48e-06 1.29e-09f  1
 733  9.0310152e+00 2.16e+01 2.35e+03  -6.0 1.16e+03    -  5.33e-05 5.83e-06h  1
 734  9.0309850e+00 2.16e+01 5.25e+02  -6.0 2.01e+03    -  8.14e-06 2.51e-06h  1
 735  9.0309642e+00 2.16e+01 2.85e+04  -6.0 7.33e+03    -  1.65e-03 1.52e-06h  1
 736  9.0309657e+00 2.16e+01 3.00e+04  -6.0 3.61e+04    -  1.19e-05 1.54e-06h  2
 737r 9.0309657e+00 2.16e+01 1.00e+03   1.2 0.00e+00    -  0.00e+00 3.90e-07R  3
 738r 9.0309656e+00 2.16e+01 9.71e+03   1.2 2.21e+04    -  1.36e-05 1.03e-11f  2
 739r 9.0309656e+00 2.16e+01 9.99e+02   1.2 0.00e+00    -  0.00e+00 1.54e-07R  2
iter    objective    inf_pr   inf_du lg(mu)  ||d||  lg(rg) alpha_du alpha_pr  ls
 740r 9.0309582e+00 2.16e+01 6.93e+04   1.2 2.33e+04    -  9.72e-06 1.42e-09f  1
 741  9.0308750e+00 2.16e+01 2.49e+03  -6.0 1.16e+03    -  5.26e-05 6.40e-06h  1
 742  9.0308416e+00 2.16e+01 5.79e+02  -6.0 2.01e+03    -  8.53e-06 2.78e-06h  1
 743  9.0308229e+00 2.16e+01 2.73e+04  -6.0 7.32e+03    -  1.60e-03 1.35e-06f  1
 744  9.0308251e+00 2.16e+01 2.89e+04  -6.0 3.32e+04    -  1.24e-05 1.56e-06h  3
 745r 9.0308251e+00 2.16e+01 1.00e+03   1.2 0.00e+00    -  0.00e+00 4.69e-07R  5
 746r 9.0308251e+00 2.16e+01 1.06e+04   1.2 2.21e+04    -  1.41e-05 9.40e-12f  2
 747r 9.0308251e+00 2.16e+01 9.99e+02   1.2 0.00e+00    -  0.00e+00 1.95e-08R  5
 748r 9.0308215e+00 2.16e+01 2.30e+03   1.2 2.33e+04    -  9.98e-06 6.78e-10f  2
 749  9.0307807e+00 2.16e+01 1.01e+02  -6.0 1.16e+03    -  1.08e-04 3.15e-06h  1
iter    objective    inf_pr   inf_du lg(mu)  ||d||  lg(rg) alpha_du alpha_pr  ls
 750  9.0307727e+00 2.16e+01 2.44e+04  -6.0 2.42e+03    -  3.43e-03 6.77e-07h  2
 751r 9.0307727e+00 2.16e+01 1.00e+03   1.2 0.00e+00    -  0.00e+00 3.37e-07R  5
 752r 9.0307164e+00 2.16e+01 1.00e+03   1.2 2.22e+04    -  5.96e-07 1.05e-08f  2
 753r 9.0307164e+00 2.16e+01 9.99e+02   1.2 0.00e+00    -  0.00e+00 1.22e-08R  6
 754r 9.0307110e+00 2.16e+01 2.38e+03   1.2 2.33e+04    -  1.21e-05 1.00e-09f  2
 755  9.0306497e+00 2.16e+01 1.01e+02  -6.0 1.15e+03    -  1.63e-04 4.72e-06h  1
 756  9.0306242e+00 2.16e+01 4.10e+03  -6.0 2.18e+03    -  3.26e-03 2.20e-06h  1
 757r 9.0306242e+00 2.16e+01 1.00e+03   1.2 0.00e+00    -  0.00e+00 3.58e-07R  2
 758r 9.0306095e+00 2.16e+01 4.00e+03   1.2 2.27e+04    -  2.01e-05 2.17e-09f  2
 759  9.0306029e+00 2.16e+01 2.34e+03  -6.0 1.65e+03    -  2.42e-03 5.34e-07h  2
iter    objective    inf_pr   inf_du lg(mu)  ||d||  lg(rg) alpha_du alpha_pr  ls
 760  9.0305172e+00 2.16e+01 2.54e+04  -6.0 2.69e+03    -  2.58e-03 7.98e-06h  1
 761  9.0306405e+00 2.16e+01 8.60e+04  -6.0 3.16e+04    -  6.29e-04 1.49e-04h  1
 762  9.0306566e+00 2.16e+01 1.44e+05  -6.0 3.93e+04    -  5.61e-04 1.27e-04h  1
 763r 9.0306566e+00 2.16e+01 1.00e+03   1.2 0.00e+00    -  0.00e+00 4.57e-07R  2
 764r 9.0306449e+00 2.16e+01 2.28e+03   1.2 2.16e+04    -  9.12e-06 2.16e-09f  2
 765r 9.0306449e+00 2.16e+01 9.99e+02   1.2 0.00e+00    -  0.00e+00 1.93e-08R  5
 766r 9.0306382e+00 2.16e+01 2.23e+03   1.2 2.33e+04    -  8.62e-06 1.35e-09f  2
 767  9.0305603e+00 2.16e+01 1.01e+02  -6.0 1.17e+03    -  6.69e-05 5.99e-06h  1
 768  9.0305214e+00 2.16e+01 4.23e+03  -6.0 2.08e+03    -  3.37e-03 3.30e-06h  1
 769r 9.0305214e+00 2.16e+01 1.00e+03   1.2 0.00e+00    -  0.00e+00 2.22e-07R  5
iter    objective    inf_pr   inf_du lg(mu)  ||d||  lg(rg) alpha_du alpha_pr  ls
 770r 9.0305118e+00 2.16e+01 1.00e+03   1.2 2.27e+04    -  7.97e-07 1.82e-09f  2
 771r 9.0305118e+00 2.16e+01 9.99e+02   1.2 0.00e+00    -  0.00e+00 8.40e-08R  2
 772r 9.0305052e+00 2.16e+01 2.26e+03   1.2 2.33e+04    -  9.27e-06 1.31e-09f  2
 773  9.0304268e+00 2.16e+01 1.01e+02  -6.0 1.15e+03    -  6.73e-05 6.03e-06h  1
 774  9.0303965e+00 2.16e+01 1.90e+03  -6.0 2.00e+03    -  1.70e-03 2.52e-06h  1
 775  9.0303782e+00 2.16e+01 2.04e+05  -6.0 2.88e+04    -  2.08e-03 4.02e-06h  1
 776  9.0304087e+00 2.16e+01 2.93e+05  -6.0 3.86e+04    -  6.81e-04 3.14e-05h  1
 777r 9.0304087e+00 2.16e+01 1.00e+03   1.2 0.00e+00    -  0.00e+00 4.65e-09R  2
 778r 9.0303976e+00 2.16e+01 1.00e+03   1.2 2.15e+04    -  1.90e-06 2.01e-09f  2
 779r 9.0303976e+00 2.16e+01 9.99e+02   1.2 0.00e+00    -  0.00e+00 8.85e-08R  2
iter    objective    inf_pr   inf_du lg(mu)  ||d||  lg(rg) alpha_du alpha_pr  ls
 780r 9.0303910e+00 2.16e+01 2.26e+03   1.2 2.33e+04    -  9.31e-06 1.30e-09f  2
 781  9.0303126e+00 2.16e+01 1.01e+02  -6.0 1.15e+03    -  6.43e-05 6.03e-06h  1
 782  9.0302819e+00 2.16e+01 8.49e+02  -6.0 1.96e+03    -  7.73e-04 2.53e-06h  1
 783  9.0302748e+00 2.16e+01 1.06e+05  -6.0 2.55e+04    -  1.20e-03 1.55e-06h  2
 784  9.0303247e+00 2.16e+01 1.94e+05  -6.0 3.85e+04    -  6.74e-04 2.47e-05h  1
 785r 9.0303247e+00 2.16e+01 1.00e+03   1.2 0.00e+00    -  0.00e+00 4.83e-09R  2
 786r 9.0303157e+00 2.16e+01 1.00e+03   1.2 2.16e+04    -  1.76e-06 1.73e-09f  2
 787r 9.0303157e+00 2.16e+01 9.99e+02   1.2 0.00e+00    -  0.00e+00 4.81e-08R  3
 788r 9.0303091e+00 2.16e+01 2.26e+03   1.2 2.33e+04    -  9.45e-06 1.30e-09f  2
 789  9.0302300e+00 2.16e+01 1.01e+02  -6.0 1.15e+03    -  6.79e-05 6.07e-06h  1
iter    objective    inf_pr   inf_du lg(mu)  ||d||  lg(rg) alpha_du alpha_pr  ls
 790  9.0301990e+00 2.16e+01 7.17e+02  -6.0 1.93e+03    -  6.63e-04 2.55e-06h  1
 791  9.0301806e+00 2.16e+01 8.72e+04  -6.0 2.20e+04    -  1.18e-03 2.68e-06h  1
 792  9.0302036e+00 2.16e+01 1.82e+05  -6.0 3.85e+04    -  7.15e-04 2.09e-05h  1
 793r 9.0302036e+00 2.16e+01 1.00e+03   1.2 0.00e+00    -  0.00e+00 7.01e-09R  2
 794r 9.0301946e+00 2.16e+01 1.00e+03   1.2 2.16e+04    -  2.80e-06 1.71e-09f  2
 795r 9.0301946e+00 2.16e+01 9.99e+02   1.2 0.00e+00    -  0.00e+00 4.72e-08R  3
 796r 9.0301880e+00 2.16e+01 2.27e+03   1.2 2.33e+04    -  9.65e-06 1.29e-09f  2
 797  9.0301091e+00 2.16e+01 1.01e+02  -6.0 1.15e+03    -  6.83e-05 6.06e-06h  1
 798  9.0300782e+00 2.16e+01 5.19e+02  -6.0 1.94e+03    -  4.79e-04 2.54e-06h  1
 799  9.0300596e+00 2.16e+01 7.18e+04  -6.0 2.14e+04    -  1.00e-03 2.65e-06h  1
iter    objective    inf_pr   inf_du lg(mu)  ||d||  lg(rg) alpha_du alpha_pr  ls
 800  9.0300814e+00 2.16e+01 1.67e+05  -6.0 3.86e+04    -  7.13e-04 1.57e-05h  1
 801r 9.0300814e+00 2.16e+01 1.00e+03   1.2 0.00e+00    -  0.00e+00 1.16e-08R  2
 802r 9.0300728e+00 2.16e+01 1.00e+03   1.2 2.16e+04    -  4.56e-06 1.66e-09f  2
 803r 9.0300728e+00 2.16e+01 9.99e+02   1.2 0.00e+00    -  0.00e+00 9.04e-08R  2
 804r 9.0300662e+00 2.16e+01 2.28e+03   1.2 2.33e+04    -  9.92e-06 1.29e-09f  2
 805  9.0299875e+00 2.16e+01 1.01e+02  -6.0 1.15e+03    -  6.95e-05 6.04e-06h  1
 806  9.0299570e+00 2.16e+01 4.15e+02  -6.0 1.95e+03    -  3.79e-04 2.51e-06h  1
 807  9.0299380e+00 2.16e+01 6.36e+04  -6.0 2.04e+04    -  9.35e-04 2.54e-06h  1
 808  9.0299524e+00 2.16e+01 1.61e+05  -6.0 3.86e+04    -  7.25e-04 1.10e-05h  1
 809r 9.0299524e+00 2.16e+01 1.00e+03   1.2 0.00e+00    -  0.00e+00 2.81e-08R  2
iter    objective    inf_pr   inf_du lg(mu)  ||d||  lg(rg) alpha_du alpha_pr  ls
 810r 9.0299439e+00 2.16e+01 2.57e+03   1.2 2.16e+04    -  1.29e-05 1.63e-09f  2
 811r 9.0299439e+00 2.16e+01 9.99e+02   1.2 0.00e+00    -  0.00e+00 8.74e-08R  2
 812r 9.0299373e+00 2.16e+01 2.29e+03   1.2 2.33e+04    -  1.03e-05 1.29e-09f  2
 813  9.0298588e+00 2.16e+01 1.01e+02  -6.0 1.15e+03    -  6.97e-05 6.02e-06h  1
 814  9.0298286e+00 2.16e+01 2.92e+02  -6.0 1.96e+03    -  2.62e-04 2.50e-06h  1
 815  9.0298087e+00 2.16e+01 5.41e+04  -6.0 1.82e+04    -  9.07e-04 2.34e-06h  1
 816r 9.0298087e+00 2.16e+01 1.00e+03   1.2 0.00e+00    -  0.00e+00 4.22e-07R  5
 817r 9.0298005e+00 2.16e+01 1.00e+03   1.2 2.19e+04    -  9.65e-08 1.49e-09f  2
 818r 9.0298005e+00 2.16e+01 9.99e+02   1.2 0.00e+00    -  0.00e+00 8.57e-08R  2
 819r 9.0297938e+00 2.16e+01 2.32e+03   1.2 2.33e+04    -  1.08e-05 1.29e-09f  2
iter    objective    inf_pr   inf_du lg(mu)  ||d||  lg(rg) alpha_du alpha_pr  ls
 820  9.0297156e+00 2.16e+01 1.01e+02  -6.0 1.15e+03    -  6.95e-05 6.01e-06h  1
 821  9.0296856e+00 2.16e+01 4.20e+03  -6.0 1.96e+03    -  3.86e-03 2.49e-06h  1
 822r 9.0296856e+00 2.16e+01 1.00e+03   1.2 0.00e+00    -  0.00e+00 1.27e-08R  2
 823r 9.0296737e+00 2.16e+01 3.82e+03   1.2 2.27e+04    -  1.75e-05 1.93e-09f  2
 824  9.0296670e+00 2.16e+01 3.02e+03  -6.0 1.63e+03    -  3.15e-03 5.42e-07h  2
 825  9.0294897e+00 2.16e+01 6.27e+04  -6.0 4.75e+03    -  3.32e-03 1.82e-05h  1
 826  9.0299832e+00 2.16e+01 1.33e+05  -6.0 3.80e+04    -  7.29e-04 2.04e-04h  1
 827r 9.0299832e+00 2.16e+01 1.00e+03   1.2 0.00e+00    -  0.00e+00 3.47e-10R  2
 828r 9.0299683e+00 2.16e+01 1.00e+03   1.2 2.16e+04    -  7.01e-08 2.45e-09f  2
 829r 9.0299683e+00 2.16e+01 9.99e+02   1.2 0.00e+00    -  0.00e+00 7.30e-08R  2
iter    objective    inf_pr   inf_du lg(mu)  ||d||  lg(rg) alpha_du alpha_pr  ls
 830r 9.0299619e+00 2.16e+01 2.22e+03   1.2 2.33e+04    -  8.53e-06 1.29e-09f  2
 831  9.0298813e+00 2.16e+01 1.01e+02  -6.0 1.19e+03    -  5.01e-04 6.15e-06h  1
 832  9.0298556e+00 2.16e+01 2.85e+03  -6.0 2.01e+03    -  2.48e-03 2.16e-06h  1
 833  9.0294808e+00 2.16e+01 7.46e+04  -6.0 2.18e+04    -  1.25e-03 2.16e-05h  1
 834  9.0294495e+00 2.16e+01 1.79e+05  -6.0 3.95e+04    -  8.98e-04 1.14e-04h  1
 835r 9.0294495e+00 2.16e+01 1.00e+03   1.2 0.00e+00    -  0.00e+00 4.47e-07R  5
 836r 9.0294356e+00 2.16e+01 2.26e+03   1.2 2.16e+04    -  8.23e-06 2.12e-09f  2
 837r 9.0294356e+00 2.16e+01 9.99e+02   1.2 0.00e+00    -  0.00e+00 7.21e-08R  2
 838r 9.0294295e+00 2.16e+01 2.17e+03   1.2 2.33e+04    -  7.46e-06 1.30e-09f  2
 839  9.0293536e+00 2.16e+01 1.01e+02  -6.0 1.14e+03    -  5.06e-05 5.84e-06h  1
iter    objective    inf_pr   inf_du lg(mu)  ||d||  lg(rg) alpha_du alpha_pr  ls
 840  9.0293232e+00 2.16e+01 2.08e+02  -6.0 2.02e+03    -  1.83e-04 2.55e-06h  1
 841  9.0293077e+00 2.16e+01 7.02e+04  -6.0 1.42e+04    -  1.38e-03 2.30e-06h  1
 842r 9.0293077e+00 2.16e+01 1.00e+03   1.2 0.00e+00    -  0.00e+00 2.96e-07R  6
 843r 9.0292994e+00 2.16e+01 1.00e+03   1.2 2.18e+04    -  8.33e-08 1.55e-09f  2
 844r 9.0292994e+00 2.16e+01 9.99e+02   1.2 0.00e+00    -  0.00e+00 7.63e-08R  2
 845r 9.0292931e+00 2.16e+01 2.20e+03   1.2 2.33e+04    -  8.10e-06 1.30e-09f  2
 846  9.0292168e+00 2.16e+01 1.01e+02  -6.0 1.14e+03    -  5.05e-05 5.88e-06h  1
 847  9.0291862e+00 2.16e+01 1.26e+03  -6.0 2.02e+03    -  1.14e-03 2.56e-06h  1
 848  9.0291875e+00 2.16e+01 1.40e+05  -6.0 2.51e+04    -  1.46e-03 1.21e-06h  3
 849  9.0294233e+00 2.16e+01 2.72e+05  -6.0 3.17e+04    -  1.15e-03 4.33e-05h  1
iter    objective    inf_pr   inf_du lg(mu)  ||d||  lg(rg) alpha_du alpha_pr  ls
 850  9.0292907e+00 2.16e+01 4.44e+05  -6.0 3.74e+04    -  1.42e-03 8.34e-05h  1
 851  9.0296384e+00 2.16e+01 6.66e+05  -6.0 2.76e+04    -  1.26e-03 5.49e-05h  1
 852  9.0311893e+00 2.16e+01 6.14e+05  -6.0 3.57e+04    -  2.37e-07 3.11e-04h  1
 853r 9.0311893e+00 2.16e+01 1.00e+03   1.2 0.00e+00    -  0.00e+00 1.22e-07R  2
 854r 9.0311763e+00 2.16e+01 6.73e+03   1.2 2.15e+04    -  2.12e-04 2.33e-09f  2
 855r 9.0311763e+00 2.16e+01 9.99e+02   1.2 0.00e+00    -  0.00e+00 8.49e-08R  2
 856r 9.0311747e+00 2.16e+01 1.83e+03   1.2 8.67e+04    -  6.58e-07 1.30e-09f  2
 857  9.0310962e+00 2.16e+01 1.01e+02  -6.0 1.15e+03    -  4.29e-05 6.03e-06h  1
 858  9.0310627e+00 2.16e+01 1.38e+03  -6.0 1.83e+03    -  1.03e-03 2.72e-06h  1
 859  9.0310583e+00 2.16e+01 1.12e+05  -6.0 2.31e+04    -  1.30e-03 6.25e-07h  2
iter    objective    inf_pr   inf_du lg(mu)  ||d||  lg(rg) alpha_du alpha_pr  ls
 860r 9.0310583e+00 2.16e+01 1.00e+03   1.2 0.00e+00    -  0.00e+00 3.15e-07R  5
 861r 9.0310507e+00 2.16e+01 2.16e+03   1.2 2.17e+04    -  4.39e-06 1.68e-09f  2
 862r 9.0310507e+00 2.16e+01 9.99e+02   1.2 0.00e+00    -  0.00e+00 4.87e-08R  3
 863r 9.0310449e+00 2.16e+01 1.97e+03   1.2 2.33e+04    -  3.65e-06 1.30e-09f  2
 864  9.0309654e+00 2.16e+01 1.01e+02  -6.0 1.15e+03    -  6.11e-05 6.10e-06h  1
 865  9.0309330e+00 2.16e+01 2.04e+03  -6.0 1.87e+03    -  1.78e-03 2.64e-06h  1
 866  9.0309266e+00 2.16e+01 1.15e+05  -6.0 2.32e+04    -  1.31e-03 9.67e-07h  2
 867r 9.0309266e+00 2.16e+01 1.00e+03   1.2 0.00e+00    -  0.00e+00 2.58e-07R  5
 868r 9.0309170e+00 2.16e+01 1.00e+03   1.2 2.17e+04    -  1.25e-07 1.80e-09f  2
 869r 9.0309170e+00 2.16e+01 9.99e+02   1.2 0.00e+00    -  0.00e+00 2.70e-08R  4
iter    objective    inf_pr   inf_du lg(mu)  ||d||  lg(rg) alpha_du alpha_pr  ls
 870r 9.0309110e+00 2.16e+01 2.03e+03   1.2 2.33e+04    -  4.76e-06 1.30e-09f  2
 871  9.0308306e+00 2.16e+01 1.01e+02  -6.0 1.14e+03    -  6.97e-05 6.16e-06h  1
 872  9.0307982e+00 2.16e+01 2.60e+03  -6.0 1.87e+03    -  2.53e-03 2.63e-06h  1
 873  9.0307904e+00 2.16e+01 1.20e+05  -6.0 2.29e+04    -  1.38e-03 1.19e-06h  2
 874r 9.0307904e+00 2.16e+01 1.00e+03   1.2 0.00e+00    -  0.00e+00 2.70e-07R  5
 875r 9.0307808e+00 2.16e+01 2.37e+03   1.2 2.16e+04    -  5.98e-06 1.93e-09f  2
 876r 9.0307808e+00 2.16e+01 9.99e+02   1.2 0.00e+00    -  0.00e+00 1.44e-08R  5
 877r 9.0307746e+00 2.16e+01 2.08e+03   1.2 2.33e+04    -  5.78e-06 1.30e-09f  2
 878  9.0306936e+00 2.16e+01 1.01e+02  -6.0 1.14e+03    -  7.07e-05 6.20e-06h  1
 879  9.0306606e+00 2.16e+01 1.01e+02  -6.0 1.84e+03    -  6.24e-05 2.67e-06h  1
iter    objective    inf_pr   inf_du lg(mu)  ||d||  lg(rg) alpha_du alpha_pr  ls
 880  9.0305952e+00 2.16e+01 3.50e+04  -6.0 6.48e+03    -  1.95e-03 4.65e-06f  1
 881r 9.0305952e+00 2.16e+01 1.00e+03   1.2 0.00e+00    -  0.00e+00 6.99e-08R  6
 882r 9.0305871e+00 2.16e+01 1.00e+03   1.2 2.20e+04    -  3.01e-07 1.63e-09f  2
 883r 9.0305871e+00 2.16e+01 9.99e+02   1.2 0.00e+00    -  0.00e+00 7.77e-08R  2
 884r 9.0305808e+00 2.16e+01 2.12e+03   1.2 2.33e+04    -  6.58e-06 1.30e-09f  2
 885  9.0305032e+00 2.16e+01 1.01e+02  -6.0 1.16e+03    -  8.15e-05 5.97e-06h  1
 886  9.0304741e+00 2.16e+01 2.96e+03  -6.0 2.01e+03    -  2.71e-03 2.46e-06h  1
 887r 9.0304741e+00 2.16e+01 1.00e+03   1.2 0.00e+00    -  0.00e+00 2.20e-08R  2
 888r 9.0304630e+00 2.16e+01 1.00e+03   1.2 2.28e+04    -  7.04e-08 1.74e-09f  2
 889  9.0304561e+00 2.16e+01 1.92e+03  -6.0 1.66e+03    -  2.05e-03 5.57e-07h  2
iter    objective    inf_pr   inf_du lg(mu)  ||d||  lg(rg) alpha_du alpha_pr  ls
 890  9.0302178e+00 2.16e+01 2.48e+04  -6.0 2.53e+03    -  2.82e-03 2.22e-05h  1
 891  9.0302416e+00 2.16e+01 1.25e+05  -6.0 3.36e+04    -  8.77e-04 7.02e-05h  1
 892r 9.0302416e+00 2.16e+01 1.00e+03   1.2 0.00e+00    -  0.00e+00 1.03e-09R  2
 893r 9.0302296e+00 2.16e+01 1.00e+03   1.2 2.16e+04    -  2.53e-07 2.22e-09f  2
 894r 9.0302296e+00 2.16e+01 9.99e+02   1.2 0.00e+00    -  0.00e+00 6.87e-08R  2
 895r 9.0302233e+00 2.16e+01 2.15e+03   1.2 2.33e+04    -  7.06e-06 1.30e-09f  2
 896  9.0301460e+00 2.16e+01 1.01e+02  -6.0 1.15e+03    -  7.22e-05 5.94e-06h  1
 897  9.0301173e+00 2.16e+01 2.54e+03  -6.0 2.01e+03    -  2.33e-03 2.41e-06h  1
 898r 9.0301173e+00 2.16e+01 1.00e+03   1.2 0.00e+00    -  0.00e+00 5.66e-08R  2
 899r 9.0301069e+00 2.16e+01 3.13e+03   1.2 2.29e+04    -  1.02e-05 1.68e-09f  2
iter    objective    inf_pr   inf_du lg(mu)  ||d||  lg(rg) alpha_du alpha_pr  ls
 900  9.0301000e+00 2.16e+01 1.66e+03  -6.0 1.68e+03    -  1.77e-03 5.56e-07h  2
 901  9.0298444e+00 2.16e+01 2.13e+04  -6.0 2.54e+03    -  3.06e-03 2.38e-05h  1
 902  9.0299571e+00 2.16e+01 1.36e+05  -6.0 3.37e+04    -  9.90e-04 7.08e-05h  1
 903r 9.0299571e+00 2.16e+01 1.00e+03   1.2 0.00e+00    -  0.00e+00 1.25e-09R  2
 904r 9.0299453e+00 2.16e+01 1.00e+03   1.2 2.16e+04    -  3.28e-07 2.23e-09f  2
 905r 9.0299453e+00 2.16e+01 9.99e+02   1.2 0.00e+00    -  0.00e+00 6.79e-08R  2
 906r 9.0299391e+00 2.16e+01 2.18e+03   1.2 2.33e+04    -  7.47e-06 1.30e-09f  2
 907  9.0298611e+00 2.16e+01 1.01e+02  -6.0 1.16e+03    -  9.66e-05 5.98e-06h  1
 908  9.0298332e+00 2.16e+01 1.02e+03  -6.0 2.01e+03    -  9.27e-04 2.34e-06h  1
 909  9.0297901e+00 2.16e+01 8.43e+04  -6.0 2.61e+04    -  9.25e-04 5.73e-06h  1
iter    objective    inf_pr   inf_du lg(mu)  ||d||  lg(rg) alpha_du alpha_pr  ls
 910  9.0297734e+00 2.16e+01 2.37e+05  -6.0 3.82e+04    -  1.18e-03 1.21e-05h  1
 911r 9.0297734e+00 2.16e+01 1.00e+03   1.2 0.00e+00    -  0.00e+00 1.56e-08R  2
 912r 9.0297638e+00 2.16e+01 1.69e+03   1.2 2.15e+04    -  8.28e-06 1.80e-09f  2
 913r 9.0297638e+00 2.16e+01 9.99e+02   1.2 0.00e+00    -  0.00e+00 7.46e-08R  2
 914r 9.0297576e+00 2.16e+01 2.21e+03   1.2 2.33e+04    -  7.91e-06 1.30e-09f  2
 915  9.0296796e+00 2.16e+01 1.01e+02  -6.0 1.15e+03    -  8.13e-05 5.99e-06h  1
 916  9.0296508e+00 2.16e+01 3.23e+02  -6.0 1.99e+03    -  2.92e-04 2.41e-06h  1
 917  9.0296262e+00 2.16e+01 7.18e+04  -6.0 1.92e+04    -  1.06e-03 3.14e-06h  1
 918r 9.0296262e+00 2.16e+01 1.00e+03   1.2 0.00e+00    -  0.00e+00 3.18e-07R  5
 919r 9.0296191e+00 2.16e+01 1.00e+03   1.2 2.18e+04    -  1.19e-07 1.53e-09f  2
iter    objective    inf_pr   inf_du lg(mu)  ||d||  lg(rg) alpha_du alpha_pr  ls
 920r 9.0296191e+00 2.16e+01 9.99e+02   1.2 0.00e+00    -  0.00e+00 7.42e-08R  2
 921r 9.0296128e+00 2.16e+01 2.24e+03   1.2 2.33e+04    -  8.57e-06 1.30e-09f  2
 922  9.0295348e+00 2.16e+01 1.01e+02  -6.0 1.15e+03    -  8.08e-05 5.99e-06h  1
 923  9.0295060e+00 2.16e+01 2.30e+03  -6.0 1.99e+03    -  2.14e-03 2.41e-06h  1
 924r 9.0295060e+00 2.16e+01 1.00e+03   1.2 0.00e+00    -  0.00e+00 2.34e-08R  2
 925r 9.0294952e+00 2.16e+01 1.00e+03   1.2 2.29e+04    -  7.10e-08 1.65e-09f  2
 926  9.0294881e+00 2.16e+01 1.59e+03  -6.0 1.65e+03    -  1.74e-03 5.72e-07h  2
 927  9.0292154e+00 2.16e+01 1.73e+04  -6.0 2.47e+03    -  2.78e-03 2.52e-05h  1
 928  9.0293295e+00 2.16e+01 1.47e+05  -6.0 3.48e+04    -  1.10e-03 7.87e-05h  1
 929r 9.0293295e+00 2.16e+01 1.00e+03   1.2 0.00e+00    -  0.00e+00 2.56e-07R  3
iter    objective    inf_pr   inf_du lg(mu)  ||d||  lg(rg) alpha_du alpha_pr  ls
 930r 9.0293178e+00 2.16e+01 1.00e+03   1.2 2.16e+04    -  2.86e-07 2.20e-09f  2
 931r 9.0293178e+00 2.16e+01 9.99e+02   1.2 0.00e+00    -  0.00e+00 6.10e-08R  2
 932r 9.0293116e+00 2.16e+01 2.26e+03   1.2 2.33e+04    -  8.69e-06 1.30e-09f  2
 933  9.0292340e+00 2.16e+01 1.01e+02  -6.0 1.16e+03    -  1.04e-04 5.96e-06h  1
 934  9.0292067e+00 2.16e+01 1.45e+03  -6.0 2.03e+03    -  1.31e-03 2.30e-06h  1
 935  9.0291634e+00 2.16e+01 9.69e+04  -6.0 3.00e+04    -  9.44e-04 6.94e-06h  1
 936r 9.0291634e+00 2.16e+01 1.00e+03   1.2 0.00e+00    -  0.00e+00 3.48e-07R  5
 937r 9.0291537e+00 2.16e+01 1.00e+03   1.2 2.17e+04    -  7.28e-08 1.67e-09f  2
 938r 9.0291537e+00 2.16e+01 9.99e+02   1.2 0.00e+00    -  0.00e+00 7.46e-08R  2
 939r 9.0291474e+00 2.16e+01 2.30e+03   1.2 2.33e+04    -  9.31e-06 1.30e-09f  2
iter    objective    inf_pr   inf_du lg(mu)  ||d||  lg(rg) alpha_du alpha_pr  ls
 940  9.0290690e+00 2.16e+01 1.01e+02  -6.0 1.15e+03    -  9.23e-05 6.02e-06h  1
 941  9.0290407e+00 2.16e+01 1.95e+03  -6.0 1.99e+03    -  1.82e-03 2.38e-06h  1
 942r 9.0290407e+00 2.16e+01 1.00e+03   1.2 0.00e+00    -  0.00e+00 4.67e-08R  2
 943r 9.0290303e+00 2.16e+01 1.00e+03   1.2 2.29e+04    -  2.70e-08 1.60e-09f  2
 944  9.0290230e+00 2.16e+01 1.25e+03  -6.0 1.64e+03    -  1.40e-03 5.84e-07h  2
 945  9.0287106e+00 2.16e+01 1.05e+04  -6.0 2.34e+03    -  2.33e-03 2.82e-05h  1
 946  9.0287258e+00 2.16e+01 1.59e+05  -6.0 3.58e+04    -  1.22e-03 4.33e-05h  1
 947  9.0287777e+00 2.16e+01 2.46e+05  -6.0 3.93e+04    -  6.76e-04 3.16e-05h  1
 948  9.0287783e+00 2.16e+01 7.32e+05  -6.0 3.66e+04    -  3.44e-03 2.64e-07h  2
 949  9.0306905e+00 2.16e+01 9.31e+05  -6.0 2.86e+04    -  1.34e-03 2.88e-04h  1
iter    objective    inf_pr   inf_du lg(mu)  ||d||  lg(rg) alpha_du alpha_pr  ls
 950  9.0313986e+00 2.16e+01 9.23e+05  -6.0 3.68e+04    -  8.75e-05 1.35e-04h  1
 951r 9.0313986e+00 2.16e+01 1.00e+03   1.2 0.00e+00    -  0.00e+00 1.94e-07R  2
 952r 9.0313825e+00 2.16e+01 5.93e+03   1.2 2.14e+04    -  2.30e-04 2.97e-09f  2
 953r 9.0313825e+00 2.16e+01 9.99e+02   1.2 0.00e+00    -  0.00e+00 6.18e-08R  2
 954r 9.0313810e+00 2.16e+01 1.82e+03   1.2 8.67e+04    -  6.77e-07 1.30e-09f  2
 955  9.0313040e+00 2.16e+01 1.01e+02  -6.0 1.16e+03    -  4.02e-05 5.92e-06h  1
 956  9.0312720e+00 2.16e+01 1.49e+03  -6.0 1.87e+03    -  1.02e-03 2.62e-06h  1
 957r 9.0312720e+00 2.16e+01 1.00e+03   1.2 0.00e+00    -  0.00e+00 3.48e-08R  6
 958r 9.0312667e+00 2.16e+01 1.00e+03   1.2 2.30e+04    -  6.19e-08 1.47e-09f  2
 959r 9.0312667e+00 2.16e+01 9.99e+02   1.2 0.00e+00    -  0.00e+00 8.94e-08R  2
iter    objective    inf_pr   inf_du lg(mu)  ||d||  lg(rg) alpha_du alpha_pr  ls
 960r 9.0312610e+00 2.16e+01 1.99e+03   1.2 2.33e+04    -  3.89e-06 1.30e-09f  2
 961  9.0311818e+00 2.16e+01 1.01e+02  -6.0 1.15e+03    -  8.76e-05 6.08e-06h  1
 962  9.0311522e+00 2.16e+01 1.17e+03  -6.0 1.96e+03    -  1.13e-03 2.46e-06h  1
 963  9.0311211e+00 2.16e+01 1.25e+05  -6.0 2.38e+04    -  1.43e-03 5.40e-06h  1
 964  9.0311401e+00 2.16e+01 2.83e+05  -6.0 3.79e+04    -  1.22e-03 2.47e-05h  1
 965r 9.0311401e+00 2.16e+01 1.00e+03   1.2 0.00e+00    -  0.00e+00 5.98e-09R  2
 966r 9.0311301e+00 2.16e+01 1.00e+03   1.2 2.15e+04    -  1.96e-06 1.92e-09f  2
 967r 9.0311301e+00 2.16e+01 9.99e+02   1.2 0.00e+00    -  0.00e+00 8.69e-08R  2
 968r 9.0311243e+00 2.16e+01 2.01e+03   1.2 2.33e+04    -  4.32e-06 1.30e-09f  2
 969  9.0310452e+00 2.16e+01 1.01e+02  -6.0 1.14e+03    -  8.66e-05 6.08e-06h  1
iter    objective    inf_pr   inf_du lg(mu)  ||d||  lg(rg) alpha_du alpha_pr  ls
 970  9.0310158e+00 2.16e+01 5.63e+02  -6.0 1.95e+03    -  5.40e-04 2.45e-06h  1
 971  9.0310030e+00 2.16e+01 8.67e+04  -6.0 2.17e+04    -  1.08e-03 2.25e-06h  2
 972  9.0310217e+00 2.16e+01 2.52e+05  -6.0 3.67e+04    -  1.25e-03 1.13e-05h  1
 973r 9.0310217e+00 2.16e+01 1.00e+03   1.2 0.00e+00    -  0.00e+00 3.43e-08R  2
 974r 9.0310128e+00 2.16e+01 2.21e+03   1.2 2.15e+04    -  1.26e-05 1.77e-09f  2
 975r 9.0310128e+00 2.16e+01 9.99e+02   1.2 0.00e+00    -  0.00e+00 9.34e-08R  2
 976r 9.0310070e+00 2.16e+01 2.05e+03   1.2 2.33e+04    -  4.90e-06 1.30e-09f  2
 977  9.0309275e+00 2.16e+01 1.01e+02  -6.0 1.14e+03    -  8.56e-05 6.11e-06h  1
 978  9.0308975e+00 2.16e+01 1.62e+02  -6.0 1.93e+03    -  1.49e-04 2.49e-06h  1
 979  9.0308673e+00 2.16e+01 5.29e+04  -6.0 1.24e+04    -  1.25e-03 2.87e-06f  1
iter    objective    inf_pr   inf_du lg(mu)  ||d||  lg(rg) alpha_du alpha_pr  ls
 980r 9.0308673e+00 2.16e+01 1.00e+03   1.2 0.00e+00    -  0.00e+00 4.10e-07R  4
 981r 9.0308596e+00 2.16e+01 1.00e+03   1.2 2.18e+04    -  1.71e-07 1.54e-09f  2
 982r 9.0308596e+00 2.16e+01 9.99e+02   1.2 0.00e+00    -  0.00e+00 8.37e-08R  2
 983r 9.0308536e+00 2.16e+01 2.09e+03   1.2 2.33e+04    -  5.79e-06 1.30e-09f  2
 984  9.0307750e+00 2.16e+01 1.01e+02  -6.0 1.15e+03    -  8.89e-05 6.04e-06h  1
 985  9.0307460e+00 2.16e+01 1.07e+03  -6.0 1.98e+03    -  1.02e-03 2.43e-06h  1
 986  9.0307362e+00 2.16e+01 1.03e+05  -6.0 2.62e+04    -  1.04e-03 2.99e-06h  2
 987  9.0307679e+00 2.16e+01 2.66e+05  -6.0 3.73e+04    -  1.24e-03 1.81e-05h  1
 988r 9.0307679e+00 2.16e+01 1.00e+03   1.2 0.00e+00    -  0.00e+00 1.24e-08R  2
 989r 9.0307588e+00 2.16e+01 1.00e+03   1.2 2.15e+04    -  3.55e-06 1.84e-09f  2
iter    objective    inf_pr   inf_du lg(mu)  ||d||  lg(rg) alpha_du alpha_pr  ls
 990r 9.0307588e+00 2.16e+01 9.99e+02   1.2 0.00e+00    -  0.00e+00 9.15e-08R  2
 991r 9.0307527e+00 2.16e+01 2.12e+03   1.2 2.33e+04    -  6.23e-06 1.30e-09f  2
 992  9.0306733e+00 2.16e+01 1.01e+02  -6.0 1.14e+03    -  8.71e-05 6.11e-06h  1
 993  9.0306436e+00 2.16e+01 3.44e+02  -6.0 1.94e+03    -  3.29e-04 2.47e-06h  1
 994  9.0306162e+00 2.16e+01 6.17e+04  -6.0 1.73e+04    -  9.98e-04 3.40e-06h  1
 995r 9.0306162e+00 2.16e+01 1.00e+03   1.2 0.00e+00    -  0.00e+00 4.59e-07R  4
 996r 9.0306085e+00 2.16e+01 1.00e+03   1.2 2.18e+04    -  1.26e-07 1.52e-09f  2
 997r 9.0306085e+00 2.16e+01 9.99e+02   1.2 0.00e+00    -  0.00e+00 8.36e-08R  2
 998r 9.0306024e+00 2.16e+01 2.16e+03   1.2 2.33e+04    -  7.01e-06 1.30e-09f  2
 999  9.0305234e+00 2.16e+01 1.01e+02  -6.0 1.15e+03    -  9.06e-05 6.07e-06h  1
iter    objective    inf_pr   inf_du lg(mu)  ||d||  lg(rg) alpha_du alpha_pr  ls
1000  9.0304945e+00 2.16e+01 4.78e+02  -6.0 1.96e+03    -  4.54e-04 2.43e-06h  1

Number of Iterations....: 1000

                                   (scaled)                 (unscaled)
Objective...............:   7.0550737955426976e+00    9.0304944582946529e+00
Dual infeasibility......:   4.7765273024835045e+02    6.1139549471788860e+02
Constraint violation....:   1.5417469670236503e+01    2.1587205381787498e+01
Complementarity.........:   9.9949106965391384e+03    1.2793485691570097e+04
Overall NLP error.......:   9.9949106965391384e+03    1.2793485691570097e+04


Number of objective function evaluations             = 2727
Number of objective gradient evaluations             = 902
Number of equality constraint evaluations            = 2727
Number of inequality constraint evaluations          = 2727
Number of equality constraint Jacobian evaluations   = 1154
Number of inequality constraint Jacobian evaluations = 1154
Number of Lagrangian Hessian evaluations             = 1000
Total CPU secs in IPOPT (w/o function evaluations)   =   1724.886
Total CPU secs in NLP function evaluations           =     42.935

EXIT: Maximum Number of Iterations Exceeded.
