
List of user-set options:

                                    Name   Value                used
                           compl_inf_tol = 1                     yes
                         constr_viol_tol = 1                     yes
                            dual_inf_tol = 1000                  yes
                           linear_solver = ma97                  yes
                              ma86_small = 1e-30                  no
                                  ma86_u = 0.0001                 no
                              ma97_order = best                  yes
                              ma97_small = 1e-30                 yes
                            ma97_switch1 = at_start              yes
                            ma97_switch2 = od_hd_reuse           yes
                                  ma97_u = 1e-06                 yes
                               ma97_umax = 0.5                   yes
                                max_iter = 2000                  yes
                    max_refinement_steps = 20                    yes
                    min_refinement_steps = 5                     yes
                                 mu_init = 1e-06                 yes
           mu_superlinear_decrease_power = 1.25                  yes
                   nlp_scaling_min_value = 1e-08                 yes
                        option_file_name = Preset_Case:_9_NCP.opt  yes
                             output_file = ./tmp/Preset_Case:_9_NCP.output  yes
                      print_user_options = yes                   yes
                                     tol = 0.0001                yes
                   warm_start_bound_frac = 1e-20                 yes
                   warm_start_bound_push = 1e-20                 yes
                   warm_start_init_point = yes                   yes
              warm_start_mult_bound_push = 1e-20                 yes
                warm_start_mult_init_max = 1e+40                 yes
             warm_start_slack_bound_frac = 1e-20                 yes
             warm_start_slack_bound_push = 1e-20                 yes

******************************************************************************
This program contains Ipopt, a library for large-scale nonlinear optimization.
 Ipopt is released as open source code under the Eclipse Public License (EPL).
         For more information visit http://projects.coin-or.org/Ipopt
******************************************************************************

This is Ipopt version 3.12.10, running with linear solver ma97.

Number of nonzeros in equality constraint Jacobian...:   103011
Number of nonzeros in inequality constraint Jacobian.:        0
Number of nonzeros in Lagrangian Hessian.............:    40110

Total number of variables............................:    29058
                     variables with only lower bounds:    11213
                variables with lower and upper bounds:    14309
                     variables with only upper bounds:        0
Total number of equality constraints.................:    29039
Total number of inequality constraints...............:        0
        inequality constraints with only lower bounds:        0
   inequality constraints with lower and upper bounds:        0
        inequality constraints with only upper bounds:        0

iter    objective    inf_pr   inf_du lg(mu)  ||d||  lg(rg) alpha_du alpha_pr  ls
   0 -9.3580666e+03 1.20e+01 1.00e+00  -6.0 0.00e+00    -  0.00e+00 0.00e+00   0
   1 -9.3580695e+03 9.18e+00 1.68e+02  -6.0 1.85e+03    -  8.86e-01 2.40e-01h  1
   2r-9.3580695e+03 9.18e+00 9.99e+02   0.6 0.00e+00    -  0.00e+00 3.27e-07R  4
   3r-9.3580694e+03 9.17e+00 1.13e+03   0.6 9.46e+03    -  2.96e-06 7.73e-07f  1
   4r-9.3580688e+03 9.11e+00 6.78e+03   0.6 4.14e+03    -  1.61e-06 7.31e-06f  1
   5r-9.3580680e+03 9.03e+00 6.78e+03   0.6 4.23e+03    -  1.19e-04 9.31e-06f  1
   6r-9.3580516e+03 7.63e+00 6.78e+03   0.6 3.63e+03    -  1.32e-04 1.86e-04f  1
   7 -9.3580587e+03 9.40e+00 1.41e+04  -6.0 1.35e+03    -  5.07e-03 6.21e-01H  1
   8 -9.3580587e+03 9.40e+00 7.54e+06  -6.0 4.58e+02    -  9.75e-01 1.40e-05h  1
   9 -9.3580586e+03 9.40e+00 7.53e+07  -6.0 5.81e+02    -  1.93e-04 8.29e-05h  1
iter    objective    inf_pr   inf_du lg(mu)  ||d||  lg(rg) alpha_du alpha_pr  ls
  10 -9.3580570e+03 9.39e+00 7.52e+07  -6.0 2.21e+03    -  3.43e-05 1.02e-04h 14
  11 -9.3558587e+03 8.13e+00 6.50e+07  -6.0 2.21e+03    -  1.36e-01 1.36e-01s 22
  12 -9.3539471e+03 7.05e+00 5.64e+07  -6.0 1.94e+03    -  1.32e-01 1.32e-01s 22
  13 -9.3493798e+03 9.76e+00 3.67e+07  -6.0 1.73e+03    -  3.51e-01 3.51e-01s 22
  14 -9.3434009e+03 1.66e+01 1.32e+07  -6.0 1.19e+03    -  6.47e-01 6.47e-01s 22
  15 -9.3446639e+03 1.46e+01 1.10e+07  -6.0 1.04e+03    -  1.55e-01 1.55e-01s 22
  16 -9.3467884e+03 1.37e+01 8.88e+06  -6.0 1.55e+03    -  1.75e-01 1.75e-01s 22
  17r-9.3467884e+03 1.37e+01 1.00e+03   1.0 0.00e+00    -  0.00e+00 0.00e+00R  1
  18r-9.3467883e+03 1.37e+01 2.55e+03   1.0 2.26e+04    -  2.78e-06 4.18e-07f  1
  19r-9.3467867e+03 1.36e+01 5.68e+03   1.0 1.00e+04    -  4.92e-06 5.43e-06f  1
iter    objective    inf_pr   inf_du lg(mu)  ||d||  lg(rg) alpha_du alpha_pr  ls
  20r-9.3467821e+03 1.34e+01 5.68e+03   1.0 9.90e+03    -  4.68e-05 1.49e-05f  1
  21r-9.3467551e+03 1.23e+01 5.68e+03   1.0 9.32e+03    -  1.61e-04 9.15e-05f  1
  22r-9.3466923e+03 9.88e+00 7.02e+03   1.0 7.39e+03    -  5.62e-04 2.36e-04f  1
  23r-9.3465033e+03 4.91e+00 1.83e+04   1.0 4.08e+03    -  3.24e-03 8.95e-04f  1
  24r-9.3461450e+03 9.61e+00 6.45e+04   1.0 1.46e+03    -  1.77e-02 2.82e-03f  1
  25r-9.3449512e+03 2.48e+01 5.61e+04   1.0 6.08e+02    -  2.77e-02 2.03e-02f  1
  26r-9.3433616e+03 4.59e+01 2.62e+05   1.0 4.04e+02    -  1.28e-01 5.28e-02f  1
  27r-9.3424994e+03 2.21e+02 3.62e+05   1.0 2.88e+02    -  1.15e-01 6.89e-02f  1
  28r-9.3420198e+03 2.45e+02 2.35e+05   1.0 2.72e+02    -  1.36e-02 5.66e-02f  1
  29r-9.3415129e+03 2.81e+02 2.95e+05   1.0 2.73e+02    -  1.07e-01 7.57e-02f  1
iter    objective    inf_pr   inf_du lg(mu)  ||d||  lg(rg) alpha_du alpha_pr  ls
  30r-9.3407452e+03 3.05e+02 2.69e+05   1.0 2.79e+02    -  1.67e-01 1.75e-01f  1
  31r-9.3404452e+03 3.99e+02 2.01e+05   1.0 2.31e+02    -  1.01e-01 1.69e-01f  1
  32r-9.3403552e+03 6.01e+02 2.26e+05   1.0 1.80e+02    -  1.66e-01 1.08e-01f  1
  33r-9.3403049e+03 6.01e+02 2.10e+05   1.0 4.00e+03    -  7.91e-04 2.03e-03f  1
  34r-9.3402810e+03 6.04e+02 2.55e+05   1.0 1.54e+02    -  4.04e-01 1.95e-01f  1
  35r-9.3403347e+03 5.18e+02 2.32e+05   1.0 1.31e+02    -  7.40e-02 1.75e-01f  1
  36r-9.3403341e+03 4.66e+02 2.35e+05   1.0 2.09e+01   0.0 1.11e-02 1.10e-01f  1
  37r-9.3403337e+03 4.08e+02 2.06e+05   1.0 1.06e+01   0.4 1.22e-01 1.31e-01f  1
  38r-9.3405215e+03 3.20e+02 2.00e+05   1.0 2.14e+02    -  1.64e-03 2.38e-01f  1
  39r-9.3405196e+03 2.04e+02 1.15e+05   1.0 4.66e+00  -0.1 4.83e-01 4.62e-01f  1
iter    objective    inf_pr   inf_du lg(mu)  ||d||  lg(rg) alpha_du alpha_pr  ls
  40r-9.3405999e+03 1.07e+03 1.04e+05   1.0 9.42e+01    -  2.16e-02 1.06e-01f  1
  41r-9.3412668e+03 6.82e+02 3.68e+04   1.0 8.45e+01    -  3.07e-01 1.00e+00f  1
  42r-9.3409690e+03 4.63e+02 1.06e+05  -0.4 2.74e+02    -  3.53e-01 3.25e-01f  1
  43r-9.3409713e+03 3.45e+02 9.81e+04  -0.4 8.77e+00  -0.5 2.62e-01 2.66e-01f  1
  44r-9.3415846e+03 3.02e+02 9.65e+04  -0.4 3.23e+02    -  1.07e-01 1.23e-01f  1
  45r-9.3415847e+03 2.75e+02 8.88e+04  -0.4 1.10e+01  -0.1 1.11e-01 8.81e-02f  1
  46r-9.3415862e+03 2.28e+02 8.43e+04  -0.4 1.24e+01  -0.6 2.02e-01 1.69e-01f  1
  47r-9.3415866e+03 2.24e+02 8.59e+04  -0.4 1.93e+02  -1.1 9.31e-03 1.46e-02f  1
  48r-9.3415867e+03 2.23e+02 7.98e+04  -0.4 3.22e+01  -0.6 2.30e-02 7.70e-03f  1
  49r-9.3415866e+03 2.10e+02 5.49e+04  -0.4 1.09e+00   1.6 1.54e-01 5.71e-02f  1
iter    objective    inf_pr   inf_du lg(mu)  ||d||  lg(rg) alpha_du alpha_pr  ls
  50r-9.3415862e+03 1.69e+02 6.34e+04  -0.4 1.08e+00   1.1 3.67e-01 1.94e-01f  1
  51r-9.3415861e+03 1.30e+02 7.43e+04  -0.4 1.48e+00   0.6 5.65e-01 2.92e-01f  1
  52r-9.3415863e+03 1.19e+02 8.41e+04  -0.4 3.66e+00   0.2 6.22e-01 1.56e-01f  1
  53r-9.3415863e+03 9.90e+01 7.05e+04  -0.4 1.76e+00   0.6 2.32e-01 1.71e-01f  1
  54r-9.3415863e+03 9.64e+01 6.84e+04  -0.4 3.46e+00   1.0 6.75e-04 2.62e-02f  1
  55r-9.3415864e+03 8.26e+01 5.88e+04  -0.4 1.91e+00   0.5 1.82e-01 1.46e-01f  1
  56r-9.3415863e+03 6.37e+01 4.53e+04  -0.4 8.30e-01   1.0 2.85e-01 2.37e-01f  1
  57r-9.3415863e+03 5.77e+01 4.06e+04  -0.4 4.39e-01   2.3 3.42e-02 9.56e-02f  1
  58r-9.3415862e+03 4.29e+01 5.72e+04  -0.4 2.57e-01   1.8 9.73e-01 2.70e-01f  1
  59r-9.3415861e+03 1.49e+01 3.07e+04  -0.4 3.92e-01   1.3 1.00e+00 7.98e-01f  1
iter    objective    inf_pr   inf_du lg(mu)  ||d||  lg(rg) alpha_du alpha_pr  ls
  60r-9.3415865e+03 6.55e+00 5.46e+03  -0.4 1.01e+00   0.9 1.00e+00 7.77e-01f  1
  61r-9.3415874e+03 9.84e+00 5.67e+04  -0.4 1.72e+00   0.4 1.00e+00 6.32e-01f  1
  62r-9.3415879e+03 7.13e+00 4.82e+03  -0.4 5.63e-01   0.8 1.00e+00 1.00e+00f  1
  63r-9.3415881e+03 3.44e+01 1.36e+04  -0.4 2.81e-01   1.2 2.48e-01 1.00e+00f  1
  64r-9.3415888e+03 8.44e+00 2.12e+03  -0.4 6.00e-01   0.8 1.00e+00 1.00e+00f  1
  65r-9.3415888e+03 8.43e+00 1.94e+03  -0.4 1.69e+01   0.3 1.73e-03 1.05e-03h  1
  66r-9.3415892e+03 1.91e+01 1.24e+05  -0.4 1.04e+00   0.7 2.42e-01 6.54e-01f  1
  67r-9.3415892e+03 6.66e+00 1.22e+05  -0.4 7.05e-01   1.1 5.12e-01 1.15e-01f  1
  68r-9.3415893e+03 6.63e+00 6.87e+04  -0.4 2.41e-01   1.6 9.85e-01 5.86e-01f  1
  69r-9.3415893e+03 6.42e+00 1.48e+04  -0.4 1.81e+00   1.1 8.99e-02 1.61e-01f  1
iter    objective    inf_pr   inf_du lg(mu)  ||d||  lg(rg) alpha_du alpha_pr  ls
  70r-9.3415894e+03 6.36e+00 6.66e+04  -0.4 4.26e-01   1.5 5.74e-01 2.63e-01f  1
  71r-9.3415894e+03 7.47e+00 2.41e+04  -0.4 1.47e-01   1.9 1.00e+00 6.84e-01f  1
  72r-9.3415895e+03 8.40e+00 1.33e+05  -0.4 6.01e-01   1.5 3.07e-01 7.30e-01f  1
  73r-9.3415895e+03 8.69e+00 2.02e+04  -0.4 1.60e-01   1.9 7.62e-01 5.83e-01f  1
  74r-9.3415895e+03 8.68e+00 2.49e+04  -0.4 9.60e-01   1.4 1.33e-01 1.51e-01f  1
  75r-9.3415896e+03 8.33e+00 1.65e+05  -0.4 5.20e+00   0.9 3.03e-02 1.01e-01f  1
  76r-9.3415897e+03 8.33e+00 1.71e+05  -0.4 7.55e-01   1.4 3.13e-01 6.77e-01f  1
  77r-9.3415897e+03 8.17e+00 5.04e+04  -0.4 3.08e+00   0.9 2.21e-01 8.97e-02f  1
  78r-9.3415898e+03 8.11e+00 6.12e+04  -0.4 1.06e+01   0.4 2.22e-02 2.71e-02f  1
  79r-9.3415898e+03 8.00e+00 2.69e+04  -0.4 1.81e+00   0.8 3.08e-01 1.32e-01f  1
iter    objective    inf_pr   inf_du lg(mu)  ||d||  lg(rg) alpha_du alpha_pr  ls
  80r-9.3415898e+03 8.48e+00 2.88e+04  -0.4 2.46e+01   0.4 6.19e-03 1.57e-02f  1
  81r-9.3415899e+03 8.59e+00 2.63e+04  -0.4 2.06e+00   0.8 9.61e-02 4.30e-02f  1
  82r-9.3415900e+03 8.27e+00 2.20e+04  -0.4 3.47e+00   0.3 1.52e-01 9.30e-02f  1
  83r-9.3415902e+03 8.12e+00 1.81e+04  -0.4 1.07e+01  -0.2 5.98e-02 4.41e-02f  1
  84r-9.3415902e+03 6.31e+00 1.29e+04  -0.4 1.02e-01   2.1 1.00e+00 2.81e-01f  1
  85r-9.3415903e+03 1.25e+01 5.49e+03  -0.4 2.41e-01   1.6 6.12e-01 7.85e-01f  1
  86r-9.3415903e+03 2.03e+01 1.16e+03  -0.4 8.38e-02   2.0 9.23e-01 2.88e-01f  1
  87r-9.3415904e+03 2.65e+01 1.25e+03  -0.4 2.45e-01   1.5 1.00e+00 6.92e-01f  1
  88r-9.3415906e+03 1.14e+01 7.98e+02  -0.4 6.57e-01   1.1 5.76e-01 5.96e-01f  1
  89r-9.3415907e+03 1.07e+01 1.78e+05  -1.1 1.93e+00   0.6 3.61e-01 8.05e-02f  1
iter    objective    inf_pr   inf_du lg(mu)  ||d||  lg(rg) alpha_du alpha_pr  ls
  90r-9.3415910e+03 9.55e+00 2.22e+05  -1.1 4.31e+00   0.1 3.10e-01 1.31e-01f  1
  91r-9.3415917e+03 9.37e+00 2.23e+05  -1.1 9.74e+00  -0.4 2.02e-01 8.60e-02f  1
  92 -9.3415649e+03 9.37e+00 1.08e+02  -6.0 1.38e+04    -  2.15e-03 1.72e-04h  5
  93 -9.3415458e+03 9.37e+00 9.43e+01  -6.0 1.42e+04    -  4.08e-03 1.15e-04h  6
  94 -9.3415260e+03 9.36e+00 1.42e+02  -6.0 1.43e+04    -  5.09e-03 1.16e-04h  6
  95 -9.3415095e+03 9.36e+00 4.26e+02  -6.0 2.18e+04    -  8.68e-04 7.26e-05h  6
  96 -9.3414528e+03 9.36e+00 1.19e+04  -6.0 6.81e+03    -  1.66e-03 3.58e-04h  2
  97 -9.3414147e+03 9.36e+00 2.65e+05  -6.0 8.47e+03  -2.0 1.68e-04 2.46e-04h  2
  98 -9.3414076e+03 9.36e+00 2.58e+05  -6.0 5.31e+03  -1.6 3.54e-04 2.08e-04h  1
  99 -9.3413889e+03 9.36e+00 2.58e+05  -6.0 1.46e+04    -  5.72e-03 7.64e-05h  2
iter    objective    inf_pr   inf_du lg(mu)  ||d||  lg(rg) alpha_du alpha_pr  ls
 100 -9.3413674e+03 9.36e+00 2.58e+05  -6.0 1.51e+04    -  6.91e-03 8.18e-05h  7
 101 -9.3413352e+03 9.35e+00 2.58e+05  -6.0 1.54e+04    -  9.46e-03 1.09e-04h  7
 102 -9.3413011e+03 9.35e+00 2.59e+05  -6.0 1.60e+04    -  9.44e-03 1.02e-04h  7
 103 -9.3412661e+03 9.35e+00 2.59e+05  -6.0 1.80e+04    -  8.86e-03 9.61e-05h  7
 104 -9.3412309e+03 9.35e+00 2.59e+05  -6.0 1.95e+04    -  9.06e-03 9.11e-05h  7
 105 -9.3412007e+03 9.35e+00 2.59e+05  -6.0 2.09e+04    -  9.36e-03 7.44e-05h  7
 106 -9.3411749e+03 9.35e+00 2.59e+05  -6.0 2.20e+04    -  9.84e-03 6.16e-05h  7
 107 -9.3411283e+03 9.35e+00 2.60e+05  -6.0 2.30e+04    -  1.02e-02 1.10e-04h  6
 108 -9.3410855e+03 9.35e+00 2.61e+05  -6.0 2.37e+04    -  1.14e-02 1.01e-04h  6
 109 -9.3396815e+03 9.72e+00 1.52e+06  -6.0 2.45e+04    -  1.16e-02 3.40e-03w  1
iter    objective    inf_pr   inf_du lg(mu)  ||d||  lg(rg) alpha_du alpha_pr  ls
 110 -9.3396814e+03 9.72e+00 1.52e+06  -6.0 1.73e+04    -  6.45e-03 1.68e-07w  1
 111 -9.3395744e+03 9.71e+00 3.06e+06  -6.0 7.26e+03  -2.1 2.86e-03 1.55e-03w  1
 112 -9.3410416e+03 9.35e+00 2.62e+05  -6.0 1.47e+04  -2.5 1.16e-02 1.06e-04h  5
 113 -9.3410169e+03 9.35e+00 2.63e+05  -6.0 2.53e+04    -  1.44e-02 6.25e-05h  7
 114 -9.3409853e+03 9.35e+00 2.64e+05  -6.0 2.62e+04    -  1.23e-02 8.22e-05h  7
 115 -9.3409493e+03 9.35e+00 2.66e+05  -6.0 2.66e+04    -  1.02e-02 9.35e-05h  7
 116 -9.3409113e+03 9.35e+00 2.69e+05  -6.0 2.67e+04    -  8.95e-03 9.72e-05h  7
 117 -9.3408709e+03 9.35e+00 2.72e+05  -6.0 2.64e+04    -  7.37e-03 1.01e-04h  7
 118 -9.3408485e+03 9.35e+00 2.73e+05  -6.0 2.63e+04    -  7.69e-03 5.55e-05h  8
 119 -9.3408200e+03 9.35e+00 2.75e+05  -6.0 2.62e+04    -  8.14e-03 7.01e-05h  8
iter    objective    inf_pr   inf_du lg(mu)  ||d||  lg(rg) alpha_du alpha_pr  ls
 120 -9.3407831e+03 9.35e+00 2.78e+05  -6.0 2.62e+04    -  8.29e-03 9.03e-05h  8
 121 -9.3407597e+03 9.35e+00 2.80e+05  -6.0 2.61e+04    -  8.29e-03 5.65e-05h  9
 122 -9.3339824e+03 2.02e+01 1.14e+08  -6.0 2.60e+04    -  9.95e-03 1.61e-02w  1
 123 -9.3289598e+03 2.22e+01 1.13e+08  -6.0 3.54e+04    -  3.36e-06 7.75e-03w  1
 124 -9.3289645e+03 2.22e+01 1.13e+08  -6.0 5.47e+03  -0.3 1.83e-06 4.23e-05w  1
 125 -9.3407332e+03 9.35e+00 2.84e+05  -6.0 5.68e+03  -0.8 9.95e-03 6.29e-05h  8
 126 -9.3407060e+03 9.34e+00 2.90e+05  -6.0 2.59e+04    -  1.83e-02 6.33e-05h  9
 127 -9.3406772e+03 9.34e+00 3.03e+05  -6.0 2.58e+04    -  2.48e-02 6.40e-05h  9
 128 -9.3406456e+03 9.34e+00 3.10e+05  -6.0 2.55e+04    -  4.66e-03 6.55e-05h  9
 129 -9.3406131e+03 9.34e+00 3.56e+05  -6.0 2.54e+04    -  3.71e-02 6.65e-05h  9
iter    objective    inf_pr   inf_du lg(mu)  ||d||  lg(rg) alpha_du alpha_pr  ls
 130 -9.3405930e+03 9.34e+00 3.62e+05  -6.0 2.93e+04    -  2.02e-03 3.64e-05h 10
 131 -9.3405725e+03 9.34e+00 3.63e+05  -6.0 3.00e+04    -  3.40e-04 3.68e-05h 10
 132 -9.3405520e+03 9.34e+00 3.63e+05  -6.0 3.01e+04    -  5.13e-06 3.67e-05h 10
 133 -9.3405317e+03 9.34e+00 3.64e+05  -6.0 3.01e+04    -  5.18e-05 3.63e-05h 10
 134 -9.3405041e+03 9.34e+00 3.64e+05  -6.0 2.86e+04    -  1.87e-06 4.86e-05h  9
 135 -9.3343048e+03 1.33e+01 3.52e+07  -6.0 2.78e+04    -  3.64e-05 1.08e-02w  1
 136 -9.3340991e+03 1.33e+01 6.98e+07  -6.0 9.39e+03  -1.3 9.22e-07 2.72e-03w  1
 137 -9.3341072e+03 1.33e+01 7.06e+07  -6.0 7.95e+03  -0.8 1.67e-05 5.57e-05w  1
 138 -9.3404799e+03 9.34e+00 3.65e+05  -6.0 3.40e+04  -1.3 3.64e-05 4.23e-05h  8
 139 -9.3404568e+03 9.34e+00 3.65e+05  -6.0 2.74e+04    -  8.90e-05 4.02e-05h  9
iter    objective    inf_pr   inf_du lg(mu)  ||d||  lg(rg) alpha_du alpha_pr  ls
 140 -9.3404342e+03 9.34e+00 3.67e+05  -6.0 2.72e+04    -  4.72e-04 3.93e-05h  9
 141 -9.3404117e+03 9.34e+00 3.68e+05  -6.0 2.71e+04    -  2.39e-04 3.89e-05h  9
 142 -9.3403893e+03 9.34e+00 3.69e+05  -6.0 2.70e+04    -  4.50e-04 3.85e-05h  9
 143 -9.3403671e+03 9.34e+00 3.70e+05  -6.0 2.69e+04    -  4.14e-04 3.82e-05h  9
 144 -9.3403451e+03 9.34e+00 3.72e+05  -6.0 2.67e+04    -  5.24e-04 3.78e-05h  9
 145 -9.3403232e+03 9.34e+00 3.73e+05  -6.0 2.66e+04    -  6.16e-04 3.75e-05h  9
 146 -9.3403013e+03 9.34e+00 3.75e+05  -6.0 2.65e+04    -  5.95e-04 3.72e-05h  9
 147 -9.3402796e+03 9.34e+00 3.77e+05  -6.0 2.64e+04    -  8.45e-04 3.69e-05h  9
 148 -9.3347189e+03 1.21e+01 1.35e+07  -6.0 2.64e+04    -  6.63e-04 9.38e-03w  1
 149 -9.3341816e+03 1.24e+01 7.50e+08  -6.0 1.28e+04  -1.8 5.11e-06 5.03e-03w  1
iter    objective    inf_pr   inf_du lg(mu)  ||d||  lg(rg) alpha_du alpha_pr  ls
 150 -9.3341373e+03 1.24e+01 7.46e+08  -6.0 2.16e+04  -2.3 5.33e-05 1.70e-04w  1
 151 -9.3402578e+03 9.34e+00 3.78e+05  -6.0 6.41e+04  -2.7 6.63e-04 3.66e-05h  8
 152 -9.3402362e+03 9.34e+00 3.81e+05  -6.0 2.62e+04    -  1.10e-03 3.64e-05h  9
 153 -9.3402144e+03 9.34e+00 3.83e+05  -6.0 2.62e+04    -  7.28e-04 3.63e-05h  9
 154 -9.3401927e+03 9.34e+00 3.86e+05  -6.0 2.61e+04    -  1.40e-03 3.62e-05h  9
 155 -9.3401708e+03 9.34e+00 3.88e+05  -6.0 2.62e+04    -  7.93e-04 3.62e-05h  9
 156 -9.3401488e+03 9.34e+00 3.92e+05  -6.0 2.61e+04    -  1.74e-03 3.62e-05h  9
 157 -9.3401265e+03 9.34e+00 3.94e+05  -6.0 2.62e+04    -  8.59e-04 3.65e-05h  9
 158 -9.3401040e+03 9.34e+00 3.99e+05  -6.0 2.62e+04    -  2.14e-03 3.66e-05h  9
 159 -9.3400812e+03 9.34e+00 4.01e+05  -6.0 2.65e+04    -  9.29e-04 3.69e-05h  9
iter    objective    inf_pr   inf_du lg(mu)  ||d||  lg(rg) alpha_du alpha_pr  ls
 160 -9.3400593e+03 9.34e+00 4.07e+05  -6.0 2.64e+04    -  2.63e-03 3.52e-05h  9
 161 -9.3350127e+03 1.12e+01 3.38e+06  -6.0 2.69e+04    -  1.00e-03 8.02e-03w  1
 162 -9.3346042e+03 1.12e+01 2.82e+07  -6.0 2.88e+04  -3.2 1.30e-08 9.13e-04w  1
 163 -9.3345925e+03 1.12e+01 2.82e+07  -6.0 1.92e+04  -3.7 7.40e-03 2.44e-05w  1
 164 -9.3400395e+03 9.34e+00 4.09e+05  -6.0 2.05e+04  -3.3 1.00e-03 3.13e-05h  8
 165 -9.3400207e+03 9.34e+00 4.17e+05  -6.0 2.70e+04    -  3.20e-03 2.99e-05h  9
 166 -9.3399870e+03 9.33e+00 4.19e+05  -6.0 2.79e+04    -  1.06e-03 5.26e-05h  8
 167 -9.3399548e+03 9.33e+00 4.29e+05  -6.0 2.78e+04    -  4.06e-03 5.00e-05h  8
 168 -9.3399265e+03 9.33e+00 4.32e+05  -6.0 2.89e+04    -  1.19e-03 4.32e-05h  8
 169 -9.3398994e+03 9.33e+00 4.45e+05  -6.0 2.90e+04    -  5.22e-03 4.11e-05h  8
iter    objective    inf_pr   inf_du lg(mu)  ||d||  lg(rg) alpha_du alpha_pr  ls
 170 -9.3398757e+03 9.33e+00 4.48e+05  -6.0 3.08e+04    -  1.28e-03 3.51e-05h  8
 171 -9.3398529e+03 9.33e+00 4.67e+05  -6.0 3.10e+04    -  6.51e-03 3.36e-05h  8
 172r-9.3398529e+03 9.33e+00 1.00e+03  -0.9 0.00e+00    -  0.00e+00 4.49e-07R 14
 173r-9.3398611e+03 9.31e+00 5.32e+03  -0.9 2.14e+02    -  1.52e-02 1.00e-03f  1
 174 -9.3398558e+03 9.31e+00 2.54e+03  -6.0 6.84e+03    -  1.22e-02 2.35e-04h  6
 175 -9.3398469e+03 9.31e+00 3.31e+03  -6.0 7.52e+03    -  7.92e-03 1.50e-04h  7
 176 -9.3398283e+03 9.30e+00 5.36e+03  -6.0 8.40e+03    -  6.23e-03 1.99e-04h  7
 177 -9.3398163e+03 9.30e+00 6.74e+03  -6.0 8.51e+03    -  6.64e-03 1.08e-04h  8
 178 -9.3398033e+03 9.30e+00 8.73e+03  -6.0 9.59e+03    -  1.39e-02 1.03e-04h  8
 179 -9.3397855e+03 9.30e+00 1.28e+04  -6.0 1.15e+04    -  1.58e-02 1.13e-04h  8
iter    objective    inf_pr   inf_du lg(mu)  ||d||  lg(rg) alpha_du alpha_pr  ls
 180 -9.3397751e+03 9.30e+00 1.43e+04  -6.0 1.46e+04    -  1.46e-02 5.56e-05h  9
 181 -9.3397641e+03 9.30e+00 1.60e+04  -6.0 1.77e+04    -  1.53e-02 5.16e-05h  9
 182 -9.3397522e+03 9.30e+00 1.80e+04  -6.0 2.04e+04    -  1.77e-02 5.06e-05h  9
 183 -9.3397385e+03 9.30e+00 2.06e+04  -6.0 2.30e+04    -  1.55e-02 5.18e-05h  9
 184 -9.3357438e+03 1.56e+01 2.14e+08  -6.0 2.48e+04    -  2.28e-02 1.39e-02w  1
 185 -9.3362744e+03 1.55e+01 1.21e+09  -6.0 1.44e+03  -1.0 2.49e-08 9.47e-03w  1
 186 -9.3363240e+03 1.52e+01 1.16e+09  -6.0 4.41e+03  -0.6 1.85e-08 1.55e-02w  1
 187 -9.3397307e+03 9.30e+00 2.16e+04  -6.0 5.48e+03  -1.1 2.28e-02 2.72e-05h  9
 188 -9.3397211e+03 9.30e+00 2.32e+04  -6.0 2.66e+04    -  1.80e-02 3.00e-05h 10
 189 -9.3397093e+03 9.30e+00 2.60e+04  -6.0 2.74e+04    -  2.36e-02 3.32e-05h 10
iter    objective    inf_pr   inf_du lg(mu)  ||d||  lg(rg) alpha_du alpha_pr  ls
 190 -9.3396933e+03 9.30e+00 3.04e+04  -6.0 2.77e+04    -  2.02e-02 3.88e-05h 10
 191 -9.3396823e+03 9.30e+00 3.46e+04  -6.0 2.72e+04    -  1.71e-02 2.31e-05h 10
 192 -9.3396649e+03 9.30e+00 4.03e+04  -6.0 2.65e+04    -  1.39e-02 3.31e-05h  9
 193 -9.3396493e+03 9.30e+00 4.69e+04  -6.0 2.57e+04    -  1.25e-02 2.79e-05h  9
 194 -9.3396344e+03 9.30e+00 6.01e+04  -6.0 2.50e+04    -  2.01e-02 2.58e-05h  9
 195 -9.3396194e+03 9.30e+00 8.09e+04  -6.0 2.42e+04    -  2.08e-02 2.56e-05h  9
 196 -9.3396024e+03 9.30e+00 1.16e+05  -6.0 2.62e+04    -  2.20e-02 2.99e-05h  9
 197 -9.3342433e+03 1.18e+01 1.34e+08  -6.0 3.01e+04    -  2.58e-02 9.75e-03w  1
 198 -9.3352010e+03 1.18e+01 6.74e+08  -6.0 8.15e+03  -1.6 1.73e-07 7.82e-03w  1
 199 -9.3365052e+03 1.18e+01 6.60e+08  -6.0 6.04e+04  -2.0 1.02e-05 6.75e-04w  1
iter    objective    inf_pr   inf_du lg(mu)  ||d||  lg(rg) alpha_du alpha_pr  ls
 200 -9.3395815e+03 9.30e+00 1.83e+05  -6.0 1.05e+05  -2.5 2.58e-02 3.81e-05h  8
 201 -9.3395708e+03 9.30e+00 2.02e+05  -6.0 3.67e+04    -  4.17e-03 1.98e-05h 10
 202 -9.3395614e+03 9.30e+00 4.17e+05  -6.0 3.84e+04    -  4.34e-02 1.76e-05h 10
 203r-9.3395614e+03 9.30e+00 1.00e+03  -1.1 0.00e+00    -  0.00e+00 3.09e-07R 15
 204r-9.3395615e+03 9.30e+00 2.90e+03  -1.1 3.17e+02    -  9.53e-03 8.54e-06f  2
 205r-9.3396813e+03 8.80e+00 3.03e+03  -1.1 2.00e+02    -  1.50e-02 1.40e-02f  1
 206 -9.3395522e+03 8.80e+00 8.46e+03  -6.0 1.46e+04    -  1.39e-02 5.29e-04h  5
 207 -9.3393243e+03 8.79e+00 7.61e+03  -6.0 1.15e+04    -  3.29e-03 6.90e-04h  4
 208 -9.3399483e+03 8.83e+00 8.51e+05  -6.0 2.00e+05    -  3.46e-04 3.09e-04f  1
 209 -9.3399450e+03 8.83e+00 8.51e+05  -6.0 8.21e+03    -  5.20e-05 9.53e-05h  7
iter    objective    inf_pr   inf_du lg(mu)  ||d||  lg(rg) alpha_du alpha_pr  ls
 210 -9.3399422e+03 8.83e+00 8.52e+05  -6.0 8.10e+03    -  4.48e-04 9.27e-05h  7
 211 -9.3399396e+03 8.82e+00 8.52e+05  -6.0 8.06e+03    -  6.25e-06 9.33e-05h  7
 212 -9.3399363e+03 8.82e+00 8.53e+05  -6.0 7.73e+03    -  2.37e-05 1.84e-04h  6
 213 -9.3400274e+03 8.81e+00 4.80e+06  -6.0 3.75e+03  -2.1 3.57e-06 1.83e-03f  1
 214 -9.3402115e+03 8.80e+00 5.18e+06  -6.0 1.24e+04  -2.6 4.40e-07 1.24e-03f  3
 215 -9.3401530e+03 8.78e+00 1.46e+07  -6.0 3.67e+03  -1.2 1.56e-05 2.16e-03h  2
 216 -9.3400183e+03 8.76e+00 1.45e+07  -6.0 9.54e+03  -1.7 5.86e-03 1.85e-03h  4
 217 -9.3399547e+03 8.74e+00 1.36e+07  -6.0 2.42e+03  -1.3 3.55e-02 2.38e-03h  5
 218 -9.3399038e+03 8.71e+00 9.74e+06  -6.0 1.06e+03  -0.9 1.72e-02 3.32e-03h  5
 219 -9.3398729e+03 8.71e+00 9.66e+06  -6.0 1.48e+03  -1.3 2.56e-02 7.20e-04h  7
iter    objective    inf_pr   inf_du lg(mu)  ||d||  lg(rg) alpha_du alpha_pr  ls
 220r-9.3398729e+03 8.71e+00 9.99e+02  -1.0 0.00e+00  -1.8 0.00e+00 3.31e-07R  7
 221r-9.3398730e+03 8.71e+00 3.85e+03  -1.0 4.11e+02    -  2.07e-02 9.80e-06f  1
 222r-9.3400863e+03 7.76e+00 1.79e+04  -1.0 1.58e+02    -  9.97e-02 2.17e-02f  1
 223r-9.3409294e+03 6.84e+00 3.14e+04  -1.0 1.17e+02    -  1.75e-01 8.01e-02f  1
 224r-9.3420350e+03 9.75e+00 6.13e+04  -1.0 1.13e+02    -  3.58e-01 9.57e-02f  1
 225r-9.3436412e+03 1.13e+01 9.36e+04  -1.0 1.55e+02    -  5.57e-01 1.14e-01f  1
 226r-9.3456661e+03 1.05e+01 1.03e+05  -1.0 2.61e+02    -  6.52e-01 1.16e-01f  1
 227r-9.3477619e+03 9.60e+00 9.50e+04  -1.0 3.83e+02    -  9.17e-01 1.25e-01f  1
 228r-9.3506721e+03 8.32e+00 6.77e+04  -1.0 4.34e+02    -  9.79e-01 2.29e-01f  1
 229r-9.3514858e+03 7.22e+00 4.54e+04  -1.0 1.24e+02    -  1.00e+00 1.96e-01f  1
iter    objective    inf_pr   inf_du lg(mu)  ||d||  lg(rg) alpha_du alpha_pr  ls
 230r-9.3516386e+03 6.71e+00 4.23e+04  -1.0 5.36e+01    -  2.46e-02 7.85e-02f  1
 231r-9.3523180e+03 9.08e+00 3.11e+04  -1.0 4.85e+01    -  4.93e-01 3.62e-01f  1
 232r-9.3523172e+03 6.73e+00 2.21e+04  -1.0 1.04e+00   0.0 1.53e-01 2.67e-01f  1
 233r-9.3523165e+03 2.95e+00 8.65e+03  -1.0 1.48e+00  -0.5 5.55e-01 4.76e-01f  1
 234r-9.3523596e+03 2.88e+00 9.54e+03  -1.0 1.68e+02    -  1.13e-01 2.39e-02f  1
 235r-9.3528083e+03 2.36e+00 1.77e+04  -1.0 7.67e+01    -  2.31e-01 2.53e-01f  1
 236r-9.3538821e+03 7.08e+00 1.29e+04  -1.0 1.87e+01    -  1.00e+00 8.72e-01f  1
 237r-9.3539553e+03 2.90e+02 1.07e+04  -1.0 2.50e+00    -  2.36e-01 8.61e-01f  1
 238r-9.3539553e+03 5.93e+01 5.25e+02  -1.0 6.76e-02   0.9 1.00e+00 1.00e+00f  1
 239 -9.3543509e+03 5.92e+01 7.69e+03  -6.0 6.45e+03    -  1.53e-02 2.01e-03f  1
iter    objective    inf_pr   inf_du lg(mu)  ||d||  lg(rg) alpha_du alpha_pr  ls
 240 -9.3543510e+03 5.92e+01 7.69e+03  -6.0 7.61e+03    -  2.25e-03 1.36e-08h  2
 241 -9.3545638e+03 5.90e+01 1.41e+04  -6.0 7.87e+03    -  1.61e-02 2.41e-03f  1
 242 -9.3546339e+03 5.90e+01 1.51e+04  -6.0 8.83e+03    -  4.61e-03 1.09e-03f  1
 243 -9.3546339e+03 5.90e+01 1.51e+04  -6.0 9.86e+03    -  1.76e-02 1.68e-06h  1
 244 -9.3546336e+03 5.90e+01 1.51e+04  -6.0 1.08e+04    -  5.50e-03 1.42e-04h  7
 245 -9.3546324e+03 5.90e+01 1.51e+04  -6.0 1.13e+04    -  1.87e-02 7.66e-05h  8
 246 -9.3546263e+03 5.90e+01 1.51e+04  -6.0 1.26e+04    -  4.73e-03 1.05e-04h  8
 247 -9.3546182e+03 5.90e+01 1.52e+04  -6.0 1.30e+04    -  1.86e-02 1.17e-04h  8
 248 -9.3546096e+03 5.90e+01 1.52e+04  -6.0 1.41e+04    -  4.43e-03 8.60e-05h  9
 249 -9.3545996e+03 5.89e+01 1.52e+04  -6.0 1.43e+04    -  1.92e-02 9.41e-05h  9
iter    objective    inf_pr   inf_du lg(mu)  ||d||  lg(rg) alpha_du alpha_pr  ls
 250 -9.3545915e+03 5.89e+01 1.52e+04  -6.0 1.50e+04    -  4.31e-03 6.52e-05h 10
 251 -9.3545827e+03 5.89e+01 1.52e+04  -6.0 1.52e+04    -  2.02e-02 6.95e-05h 10
 252 -9.3545766e+03 5.89e+01 1.52e+04  -6.0 1.58e+04    -  4.20e-03 4.50e-05h 11
 253 -9.3545700e+03 5.89e+01 1.52e+04  -6.0 1.60e+04    -  2.15e-02 4.72e-05h 11
 254 -9.3457861e+03 5.55e+01 1.48e+07  -6.0 1.66e+04    -  4.05e-03 5.95e-02w  1
 255 -9.3457567e+03 5.55e+01 1.48e+07  -6.0 2.81e+04  -2.3 1.05e-02 1.52e-04w  1
 256 -9.3439902e+03 5.52e+01 1.54e+07  -6.0 3.39e+04  -2.8 1.09e-02 5.93e-03w  1
 257 -9.3545614e+03 5.89e+01 1.52e+04  -6.0 4.24e+05  -3.2 4.05e-03 5.81e-05h 10
 258 -9.3545524e+03 5.89e+01 1.52e+04  -6.0 1.67e+04    -  2.36e-02 6.01e-05h 11
 259 -9.3545416e+03 5.89e+01 1.53e+04  -6.0 1.75e+04    -  3.90e-03 6.88e-05h 11
iter    objective    inf_pr   inf_du lg(mu)  ||d||  lg(rg) alpha_du alpha_pr  ls
 260 -9.3545307e+03 5.89e+01 1.53e+04  -6.0 1.76e+04    -  2.54e-02 6.89e-05h 11
 261 -9.3545189e+03 5.89e+01 1.53e+04  -6.0 1.85e+04    -  3.78e-03 7.04e-05h 11
 262 -9.3545069e+03 5.89e+01 1.53e+04  -6.0 1.87e+04    -  2.22e-02 7.06e-05h 11
 263 -9.3545004e+03 5.89e+01 1.53e+04  -6.0 1.96e+04    -  3.79e-03 3.62e-05h 12
 264 -9.3544937e+03 5.89e+01 1.53e+04  -6.0 1.98e+04    -  8.27e-03 3.64e-05h 12
 265 -9.3544871e+03 5.89e+01 1.53e+04  -6.0 2.02e+04    -  5.26e-03 3.57e-05h 12
 266 -9.3544804e+03 5.89e+01 1.53e+04  -6.0 2.04e+04    -  2.63e-02 3.53e-05h 12
 267 -9.3478145e+03 5.70e+01 6.65e+06  -6.0 2.16e+04    -  3.48e-03 3.30e-02w  1
 268 -9.3478145e+03 5.70e+01 6.65e+06  -6.0 3.67e+04    -  1.59e-02 5.93e-09w  1
 269 -9.3369006e+03 5.55e+01 7.25e+06  -6.0 3.82e+04    -  3.64e-02 2.59e-02w  1
iter    objective    inf_pr   inf_du lg(mu)  ||d||  lg(rg) alpha_du alpha_pr  ls
 270 -9.3544739e+03 5.89e+01 1.53e+04  -6.0 1.63e+04    -  3.48e-03 3.23e-05h 10
 271 -9.3544625e+03 5.89e+01 1.54e+04  -6.0 2.18e+04    -  7.44e-03 5.59e-05h 10
 272 -9.3544535e+03 5.89e+01 1.54e+04  -6.0 2.22e+04    -  5.19e-03 4.35e-05h 10
 273 -9.3544457e+03 5.89e+01 1.54e+04  -6.0 2.25e+04    -  2.85e-02 3.74e-05h 10
 274 -9.3544361e+03 5.89e+01 1.54e+04  -6.0 2.41e+04    -  3.24e-03 4.29e-05h  9
 275 -9.3544270e+03 5.89e+01 1.54e+04  -6.0 2.43e+04    -  1.25e-02 4.05e-05h  9
 276 -9.3544193e+03 5.89e+01 1.54e+04  -6.0 2.49e+04    -  3.76e-03 3.35e-05h  9
 277 -9.3544119e+03 5.89e+01 1.54e+04  -6.0 2.51e+04    -  2.51e-02 3.17e-05h  9
 278 -9.3544062e+03 5.89e+01 1.54e+04  -6.0 2.63e+04    -  3.15e-03 2.37e-05h  9
 279 -9.3544007e+03 5.89e+01 1.57e+04  -6.0 2.65e+04    -  3.41e-02 2.29e-05h  9
iter    objective    inf_pr   inf_du lg(mu)  ||d||  lg(rg) alpha_du alpha_pr  ls
 280 -9.3532964e+03 5.86e+01 1.61e+04  -6.0 2.79e+04    -  2.92e-03 4.37e-03w  1
 281 -9.3532952e+03 5.86e+01 1.75e+04  -6.0 2.99e+04    -  2.67e-02 3.48e-06w  1
 282 -9.3367840e+03 5.60e+01 4.86e+06  -6.0 3.08e+04    -  8.31e-03 4.62e-02w  1
 283 -9.3543964e+03 5.89e+01 1.59e+04  -6.0 1.09e+04  -3.7 2.92e-03 1.71e-05h  8
 284 -9.3543922e+03 5.89e+01 1.88e+04  -6.0 2.80e+04    -  3.38e-02 1.66e-05h  9
 285r-9.3543922e+03 5.89e+01 1.00e+03  -1.2 0.00e+00    -  0.00e+00 4.12e-07R 14
 286r-9.3543918e+03 5.63e+01 4.65e+03  -1.2 6.06e+01    -  6.31e-02 1.01e-03f  1
 287r-9.3543808e+03 2.40e+01 4.05e+03  -1.2 7.72e+01    -  4.31e-02 4.75e-02f  1
 288r-9.3543653e+03 1.63e+01 1.40e+04  -1.2 8.03e+01    -  1.11e-01 1.14e-01f  1
 289 -9.3547884e+03 1.62e+01 7.24e+03  -6.0 7.65e+03    -  9.28e-03 3.43e-03f  1
iter    objective    inf_pr   inf_du lg(mu)  ||d||  lg(rg) alpha_du alpha_pr  ls
 290 -9.3547938e+03 1.62e+01 7.31e+03  -6.0 1.20e+04    -  8.20e-03 3.52e-04h  1
 291 -9.3547898e+03 1.62e+01 7.31e+03  -6.0 1.81e+04    -  6.55e-03 3.45e-05h  5
 292r-9.3547898e+03 1.62e+01 1.00e+03  -1.3 0.00e+00    -  0.00e+00 4.82e-07R 15
 293r-9.3547899e+03 1.62e+01 3.43e+03  -1.3 4.60e+01    -  4.27e-02 1.17e-04f  1
 294r-9.3547934e+03 7.73e+00 3.35e+04  -1.3 5.72e+01    -  3.92e-01 3.99e-02f  1
 295r-9.3547963e+03 7.42e+00 3.37e+04  -1.3 6.62e+01    -  3.07e-02 1.77e-02f  1
 296r-9.3548727e+03 6.05e-01 8.05e+03  -1.3 6.42e+01    -  2.30e-01 4.39e-01f  1
 297r-9.3551024e+03 1.78e+00 1.32e+04  -1.3 3.06e+01    -  7.42e-01 1.00e+00f  1
 298r-9.3555316e+03 5.54e-01 4.02e+03  -1.3 4.78e+01    -  7.16e-01 1.00e+00f  1
 299r-9.3555308e+03 1.47e+00 4.20e+02  -1.3 2.86e-02   0.0 9.21e-01 1.00e+00h  1
iter    objective    inf_pr   inf_du lg(mu)  ||d||  lg(rg) alpha_du alpha_pr  ls
 300r-9.3559543e+03 8.49e-01 1.34e+02  -1.3 4.73e+01    -  9.99e-01 1.00e+00h  1
 301r-9.3559536e+03 6.52e-01 2.10e+01  -1.3 1.61e-02   0.4 1.00e+00 1.00e+00h  1
 302r-9.3559536e+03 5.99e-01 2.38e+02  -1.3 2.80e-02  -0.1 1.00e+00 1.00e+00h  1
 303r-9.3559428e+03 8.82e-01 8.65e+03  -1.3 3.92e+00    -  5.99e-01 8.56e-02h  2
 304r-9.3558817e+03 9.20e-01 7.73e+03  -1.3 4.77e+00    -  1.00e+00 5.00e-01h  2
 305r-9.3558056e+03 2.52e-01 3.07e+02  -1.3 3.45e+00    -  1.00e+00 1.00e+00h  1
 306 -9.3567894e+03 2.39e-01 4.69e+04  -6.0 8.37e+03    -  7.04e-03 3.52e-03f  1
 307 -9.3574427e+03 2.15e-01 4.66e+04  -6.0 1.58e+04    -  5.44e-03 2.82e-03f  1
 308 -9.3574515e+03 2.15e-01 4.67e+04  -6.0 1.76e+04    -  4.05e-03 9.90e-05f  1
 309 -9.3578341e+03 2.43e-01 5.79e+05  -6.0 1.74e+04    -  8.08e-03 5.35e-03f  1
iter    objective    inf_pr   inf_du lg(mu)  ||d||  lg(rg) alpha_du alpha_pr  ls
 310 -9.3579052e+03 2.46e-01 5.50e+05  -6.0 3.10e+04    -  9.17e-03 3.98e-04f  1
 311 -9.3591506e+03 1.68e+00 1.85e+07  -6.0 3.02e+04    -  5.66e-03 8.64e-03f  1
 312 -9.3591506e+03 1.68e+00 1.85e+07  -6.0 4.21e+04    -  1.68e-02 2.26e-09h  2
 313 -9.3592599e+03 1.68e+00 1.90e+07  -6.0 4.27e+04    -  5.50e-03 3.41e-04f  1
 314 -9.3598316e+03 1.86e+00 1.63e+08  -6.0 3.69e+04    -  1.13e-03 2.52e-03f  1
 315r-9.3598316e+03 1.86e+00 1.00e+03   0.2 0.00e+00    -  0.00e+00 3.17e-07R 11
 316r-9.3598316e+03 1.85e+00 2.21e+05   0.2 1.86e+03    -  1.36e-02 6.26e-06f  1
 317r-9.3598534e+03 1.26e+00 4.88e+05   0.2 2.57e+02    -  3.67e-02 1.46e-02f  1
 318 -9.3598552e+03 1.26e+00 5.16e+01  -6.0 9.62e+03    -  2.28e-03 4.41e-05h  1
 319 -9.3598381e+03 1.26e+00 6.37e+02  -6.0 1.28e+04    -  4.59e-06 3.91e-04h  2
iter    objective    inf_pr   inf_du lg(mu)  ||d||  lg(rg) alpha_du alpha_pr  ls
 320 -9.3598208e+03 1.26e+00 1.02e+03  -6.0 1.30e+04    -  5.37e-03 3.26e-04h  2
 321 -9.3597963e+03 1.26e+00 9.08e+02  -6.0 1.33e+04    -  6.90e-04 4.10e-04h  4
 322 -9.3597813e+03 1.26e+00 1.50e+03  -6.0 1.34e+04    -  6.17e-03 2.24e-04h  5
 323 -9.3597672e+03 1.26e+00 3.09e+03  -6.0 1.35e+04    -  1.39e-03 2.11e-04h  6
 324 -9.3597508e+03 1.26e+00 5.34e+03  -6.0 1.36e+04    -  7.57e-03 2.33e-04h  6
 325 -9.3597396e+03 1.26e+00 6.71e+03  -6.0 1.36e+04    -  1.85e-03 1.56e-04h  7
 326 -9.3597277e+03 1.26e+00 8.24e+03  -6.0 1.37e+04    -  8.41e-03 1.60e-04h  7
 327 -9.3597132e+03 1.26e+00 1.06e+04  -6.0 1.37e+04    -  2.16e-03 1.84e-04h  7
 328 -9.3596970e+03 1.26e+00 1.35e+04  -6.0 1.38e+04    -  1.07e-02 1.93e-04h  7
 329 -9.3582804e+03 1.24e+00 2.06e+07  -6.0 1.38e+04    -  2.33e-03 1.44e-02w  1
iter    objective    inf_pr   inf_du lg(mu)  ||d||  lg(rg) alpha_du alpha_pr  ls
 330 -9.3585674e+03 1.24e+00 2.18e+07  -6.0 5.41e+04    -  6.51e-05 1.04e-03w  1
 331 -9.3580748e+03 1.24e+00 2.15e+07  -6.0 6.61e+05    -  2.30e-08 9.28e-05w  1
 332 -9.3596859e+03 1.26e+00 1.47e+04  -6.0 7.68e+05    -  2.33e-03 1.12e-04h  7
 333 -9.3596746e+03 1.26e+00 1.59e+04  -6.0 1.38e+04    -  1.25e-02 1.08e-04h  8
 334 -9.3596605e+03 1.26e+00 1.76e+04  -6.0 1.39e+04    -  2.42e-03 1.03e-04h  8
 335 -9.3596456e+03 1.26e+00 1.93e+04  -6.0 1.43e+04    -  1.09e-02 1.01e-04h  8
 336 -9.3596255e+03 1.26e+00 2.19e+04  -6.0 1.72e+04    -  2.63e-03 1.00e-04h  8
 337 -9.3596037e+03 1.26e+00 2.48e+04  -6.0 1.95e+04    -  6.61e-03 9.90e-05h  8
 338 -9.3595902e+03 1.26e+00 2.57e+04  -6.0 2.61e+04    -  3.31e-03 4.96e-05h  9
 339 -9.3595749e+03 1.26e+00 4.19e+04  -6.0 3.06e+04    -  1.58e-02 4.98e-05h  9
iter    objective    inf_pr   inf_du lg(mu)  ||d||  lg(rg) alpha_du alpha_pr  ls
 340r-9.3595749e+03 1.26e+00 1.00e+03  -1.2 0.00e+00    -  0.00e+00 4.10e-07R 16
 341r-9.3595749e+03 1.26e+00 4.62e+04  -1.2 6.44e+01    -  8.19e-02 3.16e-05f  1
 342r-9.3595951e+03 1.12e+00 4.59e+04  -1.2 5.40e+01    -  3.32e-01 8.29e-02f  1
 343 -9.3595948e+03 1.12e+00 2.56e+02  -6.0 1.20e+04    -  3.44e-03 1.35e-05h  1
 344 -9.3595843e+03 1.12e+00 4.05e+02  -6.0 2.07e+04    -  1.73e-03 8.28e-05h  5
 345 -9.3595737e+03 1.12e+00 1.37e+03  -6.0 2.12e+04    -  1.03e-02 8.16e-05h  6
 346 -9.3595646e+03 1.12e+00 1.59e+03  -6.0 2.26e+04    -  2.06e-03 6.67e-05h  8
 347 -9.3595540e+03 1.12e+00 2.79e+03  -6.0 2.31e+04    -  1.06e-02 7.62e-05h  8
 348 -9.3595449e+03 1.12e+00 3.06e+03  -6.0 2.41e+04    -  2.09e-03 6.20e-05h  8
 349 -9.3595358e+03 1.12e+00 4.58e+03  -6.0 2.45e+04    -  1.12e-02 6.05e-05h  8
iter    objective    inf_pr   inf_du lg(mu)  ||d||  lg(rg) alpha_du alpha_pr  ls
 350 -9.3595266e+03 1.12e+00 4.92e+03  -6.0 2.49e+04    -  2.15e-03 5.72e-05h  8
 351 -9.3595171e+03 1.12e+00 6.98e+03  -6.0 2.52e+04    -  1.19e-02 5.69e-05h  8
 352 -9.3595063e+03 1.12e+00 7.46e+03  -6.0 2.54e+04    -  2.24e-03 5.78e-05h  8
 353 -9.3594949e+03 1.12e+00 1.09e+04  -6.0 2.56e+04    -  1.31e-02 5.82e-05h  8
 354 -9.3575054e+03 1.11e+00 2.66e+07  -6.0 2.54e+04    -  2.36e-03 7.93e-03w  1
 355 -9.3569750e+03 1.11e+00 2.93e+07  -6.0 9.98e+04    -  2.45e-03 5.27e-04w  1
 356 -9.3541298e+03 2.73e+00 5.32e+07  -6.0 2.36e+05    -  1.29e-03 1.42e-03w  1
 357 -9.3594794e+03 1.12e+00 1.22e+04  -6.0 1.85e+05    -  2.36e-03 6.19e-05h  7
 358 -9.3594708e+03 1.12e+00 1.68e+04  -6.0 2.56e+04    -  6.94e-03 3.15e-05h  9
 359 -9.3594652e+03 1.12e+00 1.97e+04  -6.0 2.69e+04    -  3.01e-03 1.67e-05h 10
iter    objective    inf_pr   inf_du lg(mu)  ||d||  lg(rg) alpha_du alpha_pr  ls
 360r-9.3594652e+03 1.12e+00 1.00e+03  -1.4 0.00e+00    -  0.00e+00 2.68e-07R 16
 361r-9.3594652e+03 1.12e+00 5.49e+04  -1.4 4.62e+01    -  3.19e-01 1.63e-04f  1
 362r-9.3595488e+03 4.85e-01 3.37e+04  -1.4 5.88e+01    -  2.36e-01 3.24e-01f  1
 363r-9.3596596e+03 2.42e-01 1.67e+04  -1.4 4.38e+01    -  2.01e-01 3.34e-01f  1
 364r-9.3600453e+03 7.34e-01 2.79e+04  -1.4 2.98e+01    -  5.26e-01 1.00e+00f  1
 365r-9.3605567e+03 2.19e-01 1.13e+04  -1.4 2.90e+01    -  5.99e-01 1.00e+00f  1
 366r-9.3609928e+03 6.85e-01 4.57e+03  -1.4 3.16e+01    -  5.92e-01 1.00e+00f  1
 367r-9.3610899e+03 3.31e-01 1.72e+03  -1.4 1.88e+01    -  6.24e-01 1.00e+00f  1
 368 -9.3612129e+03 3.31e-01 2.11e+03  -6.0 1.71e+04    -  7.59e-03 1.07e-03f  1
 369 -9.3612958e+03 3.30e-01 1.85e+04  -6.0 1.98e+04    -  8.04e-03 1.18e-03f  1
iter    objective    inf_pr   inf_du lg(mu)  ||d||  lg(rg) alpha_du alpha_pr  ls
 370 -9.3613051e+03 3.30e-01 3.74e+04  -6.0 2.03e+04    -  2.12e-03 4.26e-04f  1
 371r-9.3613051e+03 3.30e-01 9.99e+02  -1.6 0.00e+00    -  0.00e+00 4.72e-07R 14
 372r-9.3613052e+03 3.13e-01 1.76e+03  -1.6 4.48e+01    -  2.38e-02 1.70e-03f  1
 373r-9.3613056e+03 2.79e-01 1.39e+03  -1.6 5.18e+01    -  1.95e-03 6.21e-03f  1
 374r-9.3613077e+03 1.40e-01 4.69e+03  -1.6 5.20e+01    -  6.79e-02 2.87e-02f  1
 375r-9.3613162e+03 1.28e-01 5.47e+03  -1.6 5.36e+01    -  1.23e-01 1.08e-01f  1
 376r-9.3613483e+03 1.04e-01 3.68e+03  -1.6 5.01e+01    -  2.70e-01 3.55e-01f  1
 377r-9.3614666e+03 1.54e-01 4.07e+04  -1.6 3.41e+01    -  3.59e-01 1.00e+00f  1
 378r-9.3616047e+03 1.60e-01 1.20e+04  -1.6 1.65e+01    -  7.02e-01 1.00e+00f  1
 379r-9.3617923e+03 7.89e-02 6.18e+03  -1.6 3.15e+01    -  4.90e-01 1.00e+00f  1
iter    objective    inf_pr   inf_du lg(mu)  ||d||  lg(rg) alpha_du alpha_pr  ls
 380 -9.3619921e+03 7.84e-02 1.52e+05  -6.0 2.17e+04    -  3.87e-03 2.13e-03f  1
 381r-9.3619921e+03 7.84e-02 9.99e+02  -1.7 0.00e+00    -  0.00e+00 3.17e-07R 13
 382r-9.3619921e+03 7.84e-02 4.78e+03  -1.7 4.44e+01    -  5.94e-02 1.14e-03f  1
 383r-9.3619923e+03 7.80e-02 3.49e+03  -1.7 4.94e+01    -  1.07e-03 1.52e-02f  1
 384r-9.3619933e+03 7.65e-02 6.90e+03  -1.7 4.91e+01    -  1.04e-01 6.26e-02f  1
 385r-9.3619987e+03 7.21e-02 4.84e+03  -1.7 4.85e+01    -  1.82e-01 1.90e-01f  1
 386r-9.3620395e+03 5.30e-02 2.34e+04  -1.7 4.09e+01    -  4.15e-01 7.44e-01f  1
 387 -9.3630929e+03 1.02e-01 1.10e+06  -6.0 3.85e+04    -  6.30e-03 1.78e-03f  1
 388 -9.3632110e+03 1.08e-01 1.14e+06  -6.0 2.77e+04    -  5.25e-09 6.69e-04f  1
 389r-9.3632110e+03 1.08e-01 9.99e+02  -1.1 0.00e+00    -  0.00e+00 2.79e-07R  7
iter    objective    inf_pr   inf_du lg(mu)  ||d||  lg(rg) alpha_du alpha_pr  ls
 390r-9.3632105e+03 7.89e-02 9.36e+03  -1.1 2.10e+02    -  2.41e-02 2.69e-04f  1
 391r-9.3632105e+03 7.89e-02 9.99e+02  -1.2 0.00e+00    -  0.00e+00 3.46e-07R  7
 392r-9.3632105e+03 7.88e-02 9.99e+02  -1.2 1.49e+02    -  3.67e-04 1.43e-06f  1
 393r-9.3632094e+03 5.30e-02 9.98e+02  -1.2 1.47e+02    -  4.35e-04 7.32e-04f  1
 394 -9.3632142e+03 5.30e-02 2.87e+04  -6.0 8.36e+03    -  8.22e-04 2.04e-05f  1
 395r-9.3632142e+03 5.30e-02 9.99e+02  -1.6 0.00e+00    -  0.00e+00 2.61e-07R 11
 396r-9.3632142e+03 5.30e-02 1.00e+03  -1.6 7.55e+01    -  3.55e-03 1.30e-06f  1
 397r-9.3632121e+03 5.31e-02 1.55e+04  -1.6 6.57e+01    -  1.21e-01 4.56e-03f  1
 398 -9.3632144e+03 5.31e-02 6.61e+01  -6.0 9.26e+03    -  6.98e-04 1.06e-05f  1
 399r-9.3632144e+03 5.31e-02 9.99e+02  -1.7 0.00e+00    -  0.00e+00 2.51e-07R 12
iter    objective    inf_pr   inf_du lg(mu)  ||d||  lg(rg) alpha_du alpha_pr  ls
 400r-9.3632144e+03 5.31e-02 1.00e+03  -1.7 5.47e+01    -  6.26e-03 1.33e-06f  2
 401r-9.3632109e+03 5.30e-02 1.34e+04  -1.7 5.48e+01    -  1.55e-01 1.22e-02f  1
 402r-9.3631939e+03 5.10e-02 2.08e+03  -1.7 5.19e+01    -  2.20e-02 1.75e-01f  1
 403r-9.3631686e+03 4.75e-02 6.01e+03  -1.7 4.16e+01    -  2.78e-01 3.31e-01f  1
 404r-9.3631132e+03 3.69e-02 2.40e+04  -1.7 2.77e+01    -  5.76e-01 9.44e-01f  1
 405 -9.3632555e+03 3.67e-02 3.17e+04  -6.0 1.16e+04    -  2.01e-03 7.77e-04f  1
 406r-9.3632555e+03 3.67e-02 9.99e+02  -1.8 0.00e+00    -  0.00e+00 3.48e-07R 12
 407r-9.3632555e+03 3.67e-02 3.07e+03  -1.8 4.70e+01    -  3.50e-02 1.81e-05f  1
 408r-9.3632547e+03 3.66e-02 6.19e+04  -1.8 4.44e+01    -  6.89e-01 3.68e-02f  1
 409r-9.3632816e+03 2.78e-02 6.35e+03  -1.8 4.83e+01    -  4.61e-01 7.43e-01f  1
iter    objective    inf_pr   inf_du lg(mu)  ||d||  lg(rg) alpha_du alpha_pr  ls
 410 -9.3632831e+03 2.78e-02 1.66e+02  -6.0 2.16e+04    -  3.93e-03 1.43e-05f  1
 411r-9.3632831e+03 2.78e-02 9.99e+02  -1.9 0.00e+00    -  0.00e+00 1.97e-07R  2
 412r-9.3632820e+03 2.78e-02 2.46e+04  -1.9 3.82e+02    -  2.78e-01 4.11e-04f  1
 413r-9.3632854e+03 2.66e-02 6.41e+04  -1.9 4.31e+01    -  8.93e-01 2.80e-01f  1
 414r-9.3634513e+03 8.10e-02 5.29e+03  -1.9 3.97e+01    -  6.31e-01 1.00e+00f  1
 415r-9.3635257e+03 3.88e-02 2.27e+03  -1.9 3.63e+01    -  6.48e-01 1.00e+00h  1
 416r-9.3634323e+03 2.64e-02 1.08e+03  -1.9 1.58e+01    -  6.76e-01 1.00e+00h  1
 417 -9.3635132e+03 2.15e-02 5.06e+03  -6.0 1.98e+04    -  8.36e-03 6.76e-04f  1
 418r-9.3635132e+03 2.15e-02 9.99e+02  -2.0 0.00e+00    -  0.00e+00 3.39e-10R  2
 419r-9.3566889e+03 1.77e+01 9.99e+02  -2.0 2.92e+06    -  6.06e-04 3.19e-04f  2
iter    objective    inf_pr   inf_du lg(mu)  ||d||  lg(rg) alpha_du alpha_pr  ls
 420r-9.3566892e+03 1.77e+01 1.86e+04  -2.0 4.07e+01    -  2.51e-01 1.66e-03f  1
 421r-9.3567329e+03 1.32e+01 4.19e+04  -2.0 3.50e+01    -  6.33e-01 2.55e-01f  1
 422r-9.3572309e+03 9.76e-02 5.46e+03  -2.0 6.42e+01    -  8.56e-01 1.00e+00f  1
 423r-9.3592750e+03 1.06e+00 6.18e+02  -2.0 2.21e+02    -  9.02e-01 1.00e+00f  1
 424r-9.3620155e+03 2.40e+00 1.02e+02  -2.0 3.36e+02    -  9.83e-01 1.00e+00f  1
 425r-9.3632806e+03 6.09e-01 1.45e+02  -2.0 1.73e+02    -  1.00e+00 1.00e+00h  1
 426r-9.3632762e+03 1.35e-02 1.10e+00  -2.0 1.10e-02   2.0 1.00e+00 1.00e+00h  1
 427 -9.3639575e+03 3.86e-01 9.16e+05  -6.0 1.95e+04    -  9.18e-03 6.53e-03f  1
 428 -9.3639921e+03 3.86e-01 9.17e+05  -6.0 2.18e+04    -  1.17e-03 3.54e-04f  1
 429 -9.3640295e+03 3.86e-01 9.79e+05  -6.0 3.31e+04    -  1.40e-03 1.57e-03f  1
iter    objective    inf_pr   inf_du lg(mu)  ||d||  lg(rg) alpha_du alpha_pr  ls
 430r-9.3640295e+03 3.86e-01 9.99e+02  -0.6 0.00e+00    -  0.00e+00 2.52e-07R 12
 431r-9.3640296e+03 3.85e-01 4.15e+04  -0.6 3.35e+02    -  1.44e-02 9.64e-05f  1
 432r-9.3640379e+03 2.76e-01 5.29e+04  -0.6 1.35e+02    -  3.42e-02 1.54e-02f  1
 433 -9.3640379e+03 2.76e-01 8.83e+02  -6.0 2.32e+04    -  9.57e-03 5.81e-07h  1
In iteration 433, 1 Slack too small, adjusting variable bound
 434 -9.3640422e+03 2.76e-01 8.25e+03  -6.0 1.13e+05    -  1.48e-03 1.14e-04h  1
 435r-9.3640422e+03 2.76e-01 9.99e+02  -1.9 0.00e+00    -  0.00e+00 3.99e-07R 13
 436r-9.3640422e+03 2.76e-01 8.01e+03  -1.9 2.39e+01    -  8.79e-02 3.02e-04f  1
 437r-9.3640422e+03 2.76e-01 9.99e+02  -2.1 0.00e+00    -  0.00e+00 1.20e-09R  2
 438r-9.3640025e+03 2.76e-01 1.12e+03  -2.1 4.78e+04    -  2.35e-02 1.13e-04f  1
 439 -9.3640541e+03 2.76e-01 4.27e+05  -6.0 1.37e+04    -  1.22e-02 3.76e-04f  1
iter    objective    inf_pr   inf_du lg(mu)  ||d||  lg(rg) alpha_du alpha_pr  ls
 440 -9.3641732e+03 2.76e-01 1.84e+06  -6.0 1.00e+05    -  3.78e-04 1.59e-03f  1
 441 -9.3642166e+03 5.09e-01 1.84e+06  -6.0 1.17e+05    -  8.26e-04 1.33e-03f  1
 442r-9.3642166e+03 5.09e-01 9.99e+02  -0.3 0.00e+00    -  0.00e+00 4.76e-07R 11
 443r-9.3642166e+03 5.09e-01 2.37e+03  -0.3 5.06e+02    -  7.66e-04 1.06e-07f  2
 444r-9.3642168e+03 2.66e-01 9.98e+02  -0.3 2.88e+02    -  2.61e-04 8.41e-04f  1
 445 -9.3642168e+03 2.66e-01 6.09e+05  -6.0 2.00e+04    -  2.48e-02 2.69e-08h  2
 446 -9.3642215e+03 4.35e-01 5.01e+08  -6.0 1.05e+05    -  1.46e-06 1.20e-03h  1
 447 -9.3642217e+03 4.35e-01 5.01e+08  -6.0 6.69e+04    -  5.08e-03 1.96e-07h  1
 448 -9.3643498e+03 4.36e-01 5.01e+08  -6.0 1.29e+05    -  3.02e-04 1.48e-04f  1
 449r-9.3643498e+03 4.36e-01 1.00e+03  -0.4 0.00e+00    -  0.00e+00 3.40e-07R  8
iter    objective    inf_pr   inf_du lg(mu)  ||d||  lg(rg) alpha_du alpha_pr  ls
 450r-9.3643498e+03 4.35e-01 4.94e+04  -0.4 4.35e+02    -  1.07e-02 9.77e-07f  1
 451r-9.3643612e+03 1.25e-01 4.52e+04  -0.4 1.63e+02    -  1.91e-02 1.17e-02f  1
 452 -9.3643645e+03 1.25e-01 9.54e+00  -6.0 1.14e+05    -  1.75e-05 5.23e-06f  1
 453 -9.3643722e+03 1.25e-01 8.37e+02  -6.0 1.08e+05    -  1.00e-05 1.30e-05f  1
 454 -9.3643845e+03 1.25e-01 7.14e+02  -6.0 8.51e+04    -  1.12e-05 2.66e-05f  1
 455 -9.3643854e+03 1.25e-01 7.54e+02  -6.0 1.01e+05    -  1.58e-05 6.74e-06h  1
 456 -9.3644000e+03 1.25e-01 6.55e+03  -6.0 1.01e+05    -  2.24e-05 1.30e-04f  1
 457 -9.3644064e+03 1.25e-01 7.89e+03  -6.0 1.02e+05    -  1.56e-04 5.85e-05f  1
 458 -9.3644395e+03 1.24e-01 4.79e+04  -6.0 1.02e+05    -  2.33e-04 3.24e-04f  1
 459 -9.3644924e+03 1.24e-01 1.68e+05  -6.0 1.02e+05    -  3.94e-03 5.67e-04f  1
iter    objective    inf_pr   inf_du lg(mu)  ||d||  lg(rg) alpha_du alpha_pr  ls
 460 -9.3647360e+03 4.04e-01 2.93e+06  -6.0 1.04e+05    -  1.32e-03 5.23e-03f  1
 461 -9.3647714e+03 4.22e-01 2.90e+06  -6.0 1.07e+05    -  1.68e-03 6.77e-04f  1
 462r-9.3647714e+03 4.22e-01 1.00e+03  -0.5 0.00e+00    -  0.00e+00 4.81e-07R  4
 463r-9.3647698e+03 4.21e-01 1.25e+03  -0.5 6.93e+05    -  1.19e-03 3.14e-07f  1
 464r-9.3647698e+03 4.08e-01 8.46e+04  -0.5 2.91e+02    -  9.67e-07 7.20e-05f  1
 465r-9.3647704e+03 1.24e-01 8.48e+04  -0.5 1.51e+02    -  1.92e-02 2.18e-03f  1
 466r-9.3647704e+03 1.24e-01 9.99e+02  -1.3 0.00e+00    -  0.00e+00 1.37e-07R  2
 467r-9.3647704e+03 1.24e-01 1.00e+03  -1.3 7.89e+01    -  2.00e-03 8.79e-07f  1
 468r-9.3647687e+03 1.22e-01 9.56e+03  -1.3 5.17e+01    -  6.69e-02 3.00e-03f  1
 469 -9.3647780e+03 1.22e-01 5.05e+01  -6.0 1.01e+05    -  1.09e-03 2.17e-05f  1
iter    objective    inf_pr   inf_du lg(mu)  ||d||  lg(rg) alpha_du alpha_pr  ls
 470r-9.3647780e+03 1.22e-01 9.99e+02  -2.2 0.00e+00    -  0.00e+00 3.53e-07R  5
 471r-9.3647780e+03 1.22e-01 9.99e+02  -2.2 1.61e+02    -  6.76e-03 1.63e-05f  1
 472r-9.3647760e+03 9.88e-02 1.52e+03  -2.2 3.62e+01    -  6.51e-02 7.79e-03f  1
 473r-9.3647715e+03 5.57e-02 1.20e+04  -2.2 1.72e+01    -  3.30e-01 6.18e-02f  1
 474r-9.3647645e+03 3.30e-02 8.62e+03  -2.2 1.84e+01    -  3.57e-01 3.44e-01f  1
 475r-9.3647661e+03 1.98e-02 6.18e+03  -2.2 1.40e+01    -  3.91e-01 3.79e-01f  1
 476r-9.3647986e+03 1.78e-01 2.24e+04  -2.2 1.20e+01    -  4.61e-01 1.00e+00f  1
 477r-9.3648078e+03 5.37e-01 1.88e+04  -2.2 1.68e+01    -  1.60e-01 1.09e-01f  1
 478r-9.3648833e+03 1.32e-01 6.03e+03  -2.2 1.87e+01    -  6.82e-01 1.00e+00f  1
 479r-9.3649615e+03 1.67e-02 2.00e+03  -2.2 2.83e+01    -  6.66e-01 1.00e+00h  1
iter    objective    inf_pr   inf_du lg(mu)  ||d||  lg(rg) alpha_du alpha_pr  ls
 480r-9.3649070e+03 9.37e-03 2.51e+02  -2.2 2.12e+01    -  8.75e-01 1.00e+00h  1
 481r-9.3647281e+03 5.38e-03 4.59e+00  -2.2 7.21e+00    -  1.00e+00 1.00e+00h  1
 482r-9.3647281e+03 5.38e-03 9.99e+02  -2.3 0.00e+00    -  0.00e+00 4.40e-07R 13
 483r-9.3647282e+03 5.37e-03 5.89e+04  -2.3 1.74e+01    -  8.01e-01 5.75e-03f  1
 484r-9.3648218e+03 2.35e-01 9.50e+03  -2.3 2.27e+01    -  7.97e-01 8.23e-01f  1
 485r-9.3651623e+03 2.67e-01 2.03e+03  -2.3 3.30e+01    -  8.71e-01 1.00e+00f  1
 486r-9.3655469e+03 9.77e-02 3.21e+01  -2.3 3.77e+01    -  9.98e-01 1.00e+00h  1
 487r-9.3656312e+03 3.01e-03 2.27e-01  -2.3 8.66e+00    -  1.00e+00 1.00e+00h  1
 488r-9.3656312e+03 3.01e-03 9.99e+02  -2.5 0.00e+00    -  0.00e+00 2.60e-07R 14
 489r-9.3656313e+03 2.96e-03 2.78e+04  -2.5 1.59e+01    -  4.11e-01 1.31e-03f  1
iter    objective    inf_pr   inf_du lg(mu)  ||d||  lg(rg) alpha_du alpha_pr  ls
 490r-9.3656540e+03 7.88e-02 3.95e+04  -2.5 1.77e+01    -  7.96e-01 4.15e-01f  1
 491r-9.3658236e+03 6.19e-01 7.59e+03  -2.5 2.67e+01    -  8.37e-01 8.20e-01f  1
 492r-9.3661554e+03 1.01e+00 2.31e+03  -2.5 4.36e+01    -  9.98e-01 8.15e-01f  1
 493r-9.3665164e+03 7.01e-02 2.56e+01  -2.5 2.67e+01    -  1.00e+00 1.00e+00f  1
 494r-9.3665390e+03 4.86e-03 1.14e-01  -2.5 2.50e+00    -  1.00e+00 1.00e+00h  1
 495r-9.3665390e+03 4.86e-03 9.99e+02  -2.8 0.00e+00    -  0.00e+00 4.27e-07R 14
 496r-9.3665390e+03 4.86e-03 9.33e+03  -2.8 1.53e+01    -  1.89e-01 3.97e-03f  1
 497r-9.3665443e+03 5.29e-02 2.07e+04  -2.8 1.27e+01    -  4.14e-01 1.97e-01f  1
 498r-9.3665814e+03 1.12e+00 6.14e+03  -2.8 1.80e+01    -  7.77e-01 7.58e-01f  1
 499r-9.3667013e+03 8.15e-01 5.69e+03  -2.8 4.43e+01    -  8.90e-01 7.05e-01f  1
iter    objective    inf_pr   inf_du lg(mu)  ||d||  lg(rg) alpha_du alpha_pr  ls
 500r-9.3669265e+03 7.46e-01 2.95e+03  -2.8 6.63e+01    -  9.98e-01 5.91e-01f  1
 501r-9.3672720e+03 4.65e-01 5.65e+01  -2.8 3.40e+01    -  1.00e+00 1.00e+00f  1
 502r-9.3672967e+03 9.95e-03 1.88e+00  -2.8 2.52e+00    -  1.00e+00 1.00e+00h  1
 503r-9.3672967e+03 9.95e-03 9.99e+02  -3.1 0.00e+00    -  0.00e+00 4.97e-07R 13
 504r-9.3672968e+03 1.01e-02 6.94e+03  -3.1 1.90e+01    -  1.37e-01 6.05e-03f  1
 505r-9.3672988e+03 1.58e-01 3.48e+04  -3.1 1.83e+01    -  6.38e-01 1.49e-01f  1
 506r-9.3673146e+03 1.53e+00 2.50e+04  -3.1 3.91e+01    -  7.56e-01 5.28e-01f  1
 507r-9.3673419e+03 1.20e+00 2.16e+04  -3.1 7.90e+01    -  6.64e-01 3.37e-01f  1
 508r-9.3673847e+03 9.43e-01 1.84e+04  -3.1 8.10e+01    -  8.38e-01 3.05e-01f  1
 509r-9.3675206e+03 2.82e+00 3.27e+03  -3.1 7.35e+01    -  9.88e-01 8.35e-01f  1
iter    objective    inf_pr   inf_du lg(mu)  ||d||  lg(rg) alpha_du alpha_pr  ls
 510r-9.3675862e+03 4.17e-01 1.45e+02  -3.1 1.77e+01    -  1.00e+00 1.00e+00f  1
 511r-9.3675924e+03 5.50e-03 1.02e+00  -3.1 7.25e-01    -  1.00e+00 1.00e+00h  1
 512r-9.3675922e+03 9.14e-04 2.13e-02  -3.1 2.87e-02    -  1.00e+00 1.00e+00h  1
 513r-9.3676192e+03 3.05e-02 3.13e+03  -3.9 2.27e+01    -  4.96e-01 3.49e-01f  1
 514r-9.3675770e+03 1.07e-01 5.51e+03  -3.9 2.71e+02    -  1.68e-01 9.44e-02f  1
 515r-9.3675320e+03 1.91e-01 4.89e+03  -3.9 1.33e+02    -  1.27e-01 1.25e-01f  1
 516r-9.3675038e+03 2.27e-01 2.94e+03  -3.9 9.54e+01    -  9.47e-02 1.31e-01f  1
 517r-9.3674631e+03 2.50e-01 2.97e+03  -3.9 2.32e+02    -  1.34e-01 1.23e-01f  1
 518r-9.3674413e+03 2.44e-01 6.74e+03  -3.9 3.05e+02    -  1.81e-01 5.88e-02f  1
 519r-9.3674358e+03 2.37e-01 7.67e+03  -3.9 2.54e+02    -  8.75e-02 4.33e-02f  1
iter    objective    inf_pr   inf_du lg(mu)  ||d||  lg(rg) alpha_du alpha_pr  ls
 520r-9.3674394e+03 2.18e-01 6.54e+03  -3.9 1.05e+01  -4.0 1.67e-01 1.62e-01f  1
 521r-9.3674458e+03 2.37e-01 2.82e+03  -3.9 2.03e+01  -4.5 2.06e-01 2.89e-01f  1
 522r-9.3674469e+03 2.33e-01 3.51e+03  -3.9 1.05e+02  -5.0 6.18e-02 2.11e-02f  1
 523r-9.3674506e+03 2.10e-01 2.45e+03  -3.9 2.87e+01  -4.5 1.12e-01 1.44e-01f  1
 524r-9.3674524e+03 2.06e-01 3.01e+03  -3.9 1.09e+02  -5.0 6.21e-02 2.23e-02f  1
 525r-9.3674619e+03 1.82e-01 3.44e+03  -3.9 8.22e+01    -  1.83e-01 1.27e-01f  1
 526r-9.3674639e+03 1.57e-01 3.39e+03  -3.9 5.14e+01    -  2.05e-01 1.62e-01f  1
 527r-9.3674474e+03 1.36e-01 5.30e+03  -3.9 1.98e+01    -  4.00e-01 1.47e-01f  1
 528r-9.3674301e+03 1.04e-01 9.55e+03  -3.9 1.69e+01    -  9.93e-01 2.63e-01f  1
 529r-9.3674174e+03 6.59e-02 5.91e+03  -3.9 1.57e+01    -  1.00e+00 3.95e-01f  1
iter    objective    inf_pr   inf_du lg(mu)  ||d||  lg(rg) alpha_du alpha_pr  ls
 530r-9.3673748e+03 4.94e-03 8.51e+00  -3.9 1.06e+01    -  1.00e+00 1.00e+00f  1
 531r-9.3673750e+03 5.22e-04 1.19e-02  -3.9 3.76e-01    -  1.00e+00 1.00e+00h  1
 532r-9.3673750e+03 5.22e-04 9.99e+02  -3.3 0.00e+00    -  0.00e+00 3.46e-07R 11
 533r-9.3673750e+03 5.23e-04 1.52e+04  -3.3 2.90e+01    -  1.53e-01 6.54e-03f  1
 534r-9.3673727e+03 4.13e-03 2.50e+04  -3.3 2.41e+01    -  3.61e-01 2.05e-01f  1
 535r-9.3673665e+03 8.98e-03 1.56e+04  -3.3 1.90e+01    -  2.40e-01 3.00e-01f  1
 536r-9.3673570e+03 1.13e-02 1.43e+04  -3.3 1.84e+01    -  4.91e-01 3.22e-01f  1
 537r-9.3673376e+03 1.46e-02 1.41e+04  -3.3 2.66e+01    -  6.71e-01 3.24e-01f  1
 538r-9.3672810e+03 1.86e-02 1.06e+04  -3.3 2.38e+01    -  9.19e-01 3.79e-01f  1
 539r-9.3668559e+03 4.32e-02 5.26e+01  -3.3 4.41e+01    -  9.98e-01 1.00e+00f  1
iter    objective    inf_pr   inf_du lg(mu)  ||d||  lg(rg) alpha_du alpha_pr  ls
 540r-9.3667082e+03 4.22e-04 5.55e-01  -3.3 2.99e+00    -  1.00e+00 1.00e+00h  1
 541r-9.3667128e+03 4.23e-04 2.25e-04  -3.3 1.99e-01    -  1.00e+00 1.00e+00h  1
 542r-9.3667458e+03 1.09e-02 3.20e+03  -6.4 2.07e+01    -  3.81e-01 3.07e-01f  1
 543r-9.3667467e+03 5.05e-02 1.13e+03  -6.4 1.15e+01  -4.0 1.22e-01 1.58e-01f  1
 544r-9.3667431e+03 1.16e-01 8.72e+02  -6.4 2.67e+01  -4.5 7.83e-02 9.70e-02f  1
 545r-9.3667365e+03 1.78e-01 2.76e+03  -6.4 5.79e+01  -5.0 1.11e-01 5.19e-02f  1
 546r-9.3667331e+03 3.21e-01 1.72e+03  -6.4 3.63e+01  -4.5 9.97e-02 1.17e-01f  1
 547r-9.3667324e+03 3.24e-01 2.14e+03  -6.4 1.94e+02  -5.0 2.45e-02 1.34e-02f  1
 548r-9.3667290e+03 3.13e-01 4.00e+03  -6.4 3.14e+01  -4.6 1.44e-01 9.13e-02f  1
 549r-9.3667295e+03 2.89e-01 2.38e+03  -6.4 1.22e+01  -4.2 6.91e-02 1.04e-01f  1
iter    objective    inf_pr   inf_du lg(mu)  ||d||  lg(rg) alpha_du alpha_pr  ls
 550r-9.3667298e+03 2.89e-01 2.38e+03  -6.4 1.28e+04  -4.6 8.92e-05 5.97e-05f  1
 551r-9.3667298e+03 2.82e-01 4.54e+03  -6.4 1.37e+01  -4.2 9.45e-02 2.72e-02f  1
 552r-9.3667260e+03 2.87e-01 2.52e+03  -6.4 3.80e+01  -4.7 4.92e-02 1.01e-01f  1
 553r-9.3667203e+03 2.91e-01 5.24e+03  -6.4 6.39e+01  -5.2 1.33e-01 3.62e-02f  1
 554r-9.3667095e+03 3.86e-01 5.10e+03  -6.4 2.69e+02  -5.6 1.70e-02 1.87e-02f  1
 555r-9.3666954e+03 3.78e-01 5.30e+03  -6.4 7.62e+01  -5.2 8.43e-02 6.33e-02f  1
 556r-9.3666897e+03 3.74e-01 5.55e+03  -6.4 2.21e+02  -5.7 3.00e-02 1.57e-02f  1
 557r-9.3667181e+03 5.54e-01 4.96e+03  -6.4 6.42e+02  -6.2 2.00e-02 3.73e-02f  1
 558r-9.3666241e+03 6.00e-01 4.92e+03  -6.4 1.71e+03  -6.6 4.81e-02 4.05e-02f  1
 559r-9.3665772e+03 5.99e-01 5.75e+03  -6.4 5.07e+03    -  4.20e-02 2.28e-03h  1
iter    objective    inf_pr   inf_du lg(mu)  ||d||  lg(rg) alpha_du alpha_pr  ls
 560r-9.3659457e+03 5.79e-01 5.10e+03  -6.4 2.21e+03    -  2.65e-02 4.54e-02f  1
 561r-9.3655437e+03 1.04e+00 4.64e+03  -6.4 8.22e+03    -  7.51e-03 2.47e-02f  1
 562r-9.3652780e+03 1.50e+00 4.47e+03  -6.4 8.86e+03    -  1.22e-02 1.68e-02f  1
 563r-9.3652778e+03 1.50e+00 6.15e+03  -6.4 1.22e+03    -  8.71e-02 2.42e-05h  1
 564r-9.3648476e+03 1.46e+00 7.11e+03  -6.4 9.93e+02    -  9.14e-02 2.77e-02f  1
 565r-9.3620830e+03 1.26e+00 3.94e+03  -6.4 8.71e+02    -  8.99e-03 1.43e-01f  1
 566r-9.3615523e+03 1.26e+00 3.86e+03  -6.4 1.33e+03    -  3.74e-02 3.40e-02h  1
 567r-9.3609970e+03 1.97e+00 3.53e+03  -6.4 6.05e+03    -  1.72e-02 3.10e-02h  1
 568r-9.3609614e+03 1.97e+00 4.16e+03  -6.4 3.19e+03    -  4.34e-02 1.78e-03h  1
 569r-9.3609561e+03 1.97e+00 4.92e+03  -6.4 2.97e+02  -7.1 5.34e-02 5.78e-04h  1
iter    objective    inf_pr   inf_du lg(mu)  ||d||  lg(rg) alpha_du alpha_pr  ls
 570r-9.3602822e+03 1.86e+00 3.12e+03  -6.4 6.47e+02  -6.7 2.65e-02 1.16e-01f  1
 571r-9.3594303e+03 2.05e+00 2.87e+03  -6.4 2.19e+03  -7.2 4.84e-02 5.46e-02h  1
 572r-9.3585564e+03 2.30e+00 2.76e+03  -6.4 3.51e+03  -7.6 3.46e-02 3.51e-02h  1
 573r-9.3585556e+03 2.30e+00 2.93e+03  -6.4 5.69e+03  -8.1 1.38e-02 5.94e-05h  1
 574r-9.3584087e+03 2.29e+00 2.86e+03  -6.4 1.53e+04    -  1.38e-04 4.89e-03f  1
 575r-9.3584071e+03 2.29e+00 4.77e+03  -6.4 8.31e+02  -7.7 1.56e-01 1.26e-04h  1
 576r-9.3519137e+03 3.97e+00 1.34e+03  -6.4 1.90e+03    -  3.64e-03 2.29e-01f  1
 577r-9.3505902e+03 3.61e+00 1.08e+03  -6.4 4.72e+02    -  8.01e-02 9.38e-02h  1
 578r-9.3504273e+03 3.57e+00 1.10e+03  -6.4 3.61e+03    -  1.59e-02 1.17e-02h  1
 579r-9.3499627e+03 3.47e+00 9.80e+02  -6.4 4.25e+03    -  1.84e-02 2.83e-02h  1
iter    objective    inf_pr   inf_du lg(mu)  ||d||  lg(rg) alpha_du alpha_pr  ls
 580r-9.3498319e+03 3.44e+00 1.08e+03  -6.4 4.13e+03    -  2.06e-02 8.32e-03h  1
 581r-9.3489924e+03 3.26e+00 1.06e+03  -6.4 6.18e+02    -  5.68e-02 5.28e-02h  1
 582r-9.3482910e+03 3.05e+00 5.74e+02  -6.4 4.34e+02    -  7.13e-03 6.84e-02h  1
 583r-9.3480905e+03 2.99e+00 5.65e+02  -6.4 7.33e+02    -  1.55e-02 1.86e-02h  1
 584r-9.3479000e+03 2.94e+00 7.01e+02  -6.4 1.16e+03    -  4.91e-02 1.65e-02h  1
 585r-9.3477093e+03 2.91e+00 7.59e+02  -6.4 3.50e+03    -  2.04e-02 1.22e-02h  1
 586r-9.3474060e+03 2.87e+00 8.10e+02  -6.4 2.78e+03    -  1.97e-02 1.21e-02h  1
 587r-9.3466188e+03 2.81e+00 7.53e+02  -6.4 3.29e+03    -  1.73e-02 2.24e-02h  1
 588r-9.3464749e+03 2.80e+00 8.22e+02  -6.4 3.64e+03    -  1.34e-02 3.82e-03h  1
 589r-9.3456140e+03 2.73e+00 8.36e+02  -6.4 3.49e+03    -  2.87e-02 2.43e-02h  1
iter    objective    inf_pr   inf_du lg(mu)  ||d||  lg(rg) alpha_du alpha_pr  ls
 590r-9.3453384e+03 2.71e+00 8.95e+02  -6.4 4.66e+03    -  1.49e-02 6.10e-03h  1
 591r-9.3447544e+03 2.56e+00 1.05e+03  -6.4 4.88e+02    -  8.62e-02 5.71e-02h  1
 592r-9.3439649e+03 2.33e+00 9.32e+02  -6.4 3.72e+02    -  5.15e-02 9.32e-02h  1
 593r-9.3436946e+03 2.32e+00 1.12e+03  -6.4 6.17e+03    -  2.11e-03 4.95e-03h  1
 594r-9.3436828e+03 2.14e+00 1.03e+03  -6.4 2.59e+01  -5.5 1.44e-01 7.53e-02h  1
 595r-9.3436708e+03 2.08e+00 1.43e+03  -6.4 6.93e+01  -5.9 1.06e-01 2.67e-02h  1
 596r-9.3435628e+03 1.93e+00 1.21e+03  -6.4 2.72e+02  -6.4 5.25e-02 7.49e-02h  1
 597r-9.3434499e+03 1.89e+00 1.21e+03  -6.4 8.42e+02  -6.9 2.64e-02 2.20e-02h  1
 598r-9.3434062e+03 1.85e+00 1.33e+03  -6.4 4.16e+02  -6.5 5.00e-02 1.84e-02h  1
 599r-9.3433926e+03 1.82e+00 1.47e+03  -6.4 1.40e+02  -6.0 5.93e-02 1.95e-02h  1
iter    objective    inf_pr   inf_du lg(mu)  ||d||  lg(rg) alpha_du alpha_pr  ls
 600r-9.3433165e+03 1.77e+00 1.53e+03  -6.4 4.97e+02  -6.5 5.03e-02 2.59e-02h  1
 601r-9.3433144e+03 1.73e+00 1.95e+03  -6.4 2.03e+01  -5.2 1.41e-01 2.19e-02h  1
 602r-9.3432931e+03 1.58e+00 1.60e+03  -6.4 5.77e+01  -5.7 3.26e-02 8.73e-02h  1
 603r-9.3432830e+03 1.56e+00 1.63e+03  -6.4 1.63e+02  -6.1 2.77e-02 1.21e-02h  1
 604r-9.3432753e+03 1.52e+00 1.78e+03  -6.4 6.57e+01  -5.7 7.98e-02 2.28e-02h  1
 605r-9.3432701e+03 1.48e+00 1.66e+03  -6.4 5.09e+01  -5.3 7.27e-03 2.97e-02h  1
 606r-9.3432622e+03 1.46e+00 1.64e+03  -6.4 8.47e+01  -5.8 1.58e-02 1.35e-02h  1
 607r-9.3432544e+03 1.45e+00 1.67e+03  -6.4 2.33e+02  -6.2 1.80e-02 4.91e-03h  1
 608r-9.3432060e+03 1.44e+00 1.73e+03  -6.4 6.45e+02  -6.7 3.56e-02 9.23e-03h  1
 609r-9.3429358e+03 1.38e+00 1.61e+03  -6.4 1.18e+03  -7.2 2.01e-02 3.84e-02h  1
iter    objective    inf_pr   inf_du lg(mu)  ||d||  lg(rg) alpha_du alpha_pr  ls
 610r-9.3429358e+03 1.38e+00 2.50e+03  -6.4 1.12e+01  -5.0 3.26e-01 4.22e-04h  1
 611r-9.3428943e+03 1.08e+00 1.84e+03  -6.4 3.24e+01  -5.4 1.65e-01 2.21e-01f  1
 612r-9.3427964e+03 8.76e-01 1.28e+03  -6.4 9.44e+01  -5.9 6.19e-02 1.87e-01h  1
 613r-9.3427653e+03 8.64e-01 1.26e+03  -6.4 3.31e+02  -6.4 1.37e-02 1.31e-02h  1
 614r-9.3427403e+03 8.61e-01 1.26e+03  -6.4 1.77e+03    -  6.93e-03 4.29e-03h  1
 615r-9.3427305e+03 8.44e-01 1.21e+03  -6.4 6.80e+01  -6.0 6.99e-03 1.92e-02h  1
 616r-9.3427128e+03 7.88e-01 1.07e+03  -6.4 4.75e+01  -5.6 2.50e-02 6.63e-02f  1
 617r-9.3427117e+03 7.77e-01 1.85e+03  -6.4 1.28e+01  -5.1 5.06e-01 1.41e-02h  1
 618r-9.3426972e+03 7.37e-01 1.78e+03  -6.4 4.40e+01  -5.6 8.36e-02 5.20e-02h  1
 619r-9.3426860e+03 7.25e-01 1.77e+03  -6.4 1.16e+02  -6.1 3.30e-02 1.51e-02h  1
iter    objective    inf_pr   inf_du lg(mu)  ||d||  lg(rg) alpha_du alpha_pr  ls
 620r-9.3426204e+03 7.22e-01 1.76e+03  -6.4 1.06e+03    -  4.42e-03 5.40e-03h  1
 621r-9.3422625e+03 7.06e-01 1.71e+03  -6.4 1.28e+03    -  6.15e-03 2.17e-02h  1
 622r-9.3421671e+03 7.02e-01 1.69e+03  -6.4 1.26e+03    -  2.25e-03 6.20e-03f  1
 623r-9.3418130e+03 6.85e-01 1.63e+03  -6.4 1.30e+03    -  5.68e-06 2.49e-02h  1
 624r-9.3416747e+03 6.78e-01 1.62e+03  -6.4 1.39e+03    -  1.48e-02 1.07e-02f  1
 625r-9.3415441e+03 6.70e-01 1.59e+03  -6.4 1.62e+03    -  7.30e-05 1.12e-02f  1
 626r-9.3410375e+03 6.61e-01 1.51e+03  -6.4 1.77e+03    -  6.37e-03 5.05e-02f  1
 627r-9.3408939e+03 6.70e-01 1.49e+03  -6.4 2.00e+03    -  6.31e-04 1.55e-02h  1
 628r-9.3406208e+03 7.20e-01 1.44e+03  -6.4 2.03e+03    -  4.73e-02 2.91e-02f  1
 629r-9.3405430e+03 7.20e-01 1.42e+03  -6.4 2.61e+03    -  1.84e-02 5.66e-03h  1
iter    objective    inf_pr   inf_du lg(mu)  ||d||  lg(rg) alpha_du alpha_pr  ls
 630r-9.3404684e+03 6.98e-01 1.47e+03  -6.4 2.66e+02    -  8.51e-02 3.09e-02h  1
 631r-9.3403456e+03 6.65e-01 1.43e+03  -6.4 2.33e+02    -  6.99e-02 4.66e-02h  1
 632r-9.3399454e+03 5.68e-01 1.12e+03  -6.4 2.29e+02    -  7.27e-02 1.51e-01h  1
 633r-9.3399434e+03 5.40e-01 1.17e+03  -6.4 5.98e+01  -5.7 1.86e-02 4.92e-02h  1
 634r-9.3399313e+03 4.10e-01 8.99e+02  -6.4 1.02e+01  -5.2 8.67e-02 2.42e-01h  1
 635r-9.3399212e+03 2.45e-01 1.57e+03  -6.4 5.19e+00  -4.8 2.59e-02 4.02e-01h  1
 636r-9.3399176e+03 1.53e-01 9.89e+02  -6.4 2.02e+00  -4.4 3.62e-01 3.75e-01h  1
 637r-9.3399107e+03 1.26e-01 8.32e+02  -6.4 8.80e+00  -4.9 1.02e-01 1.81e-01h  1
 638r-9.3399049e+03 6.79e-02 5.15e+02  -6.4 2.82e+00  -4.4 1.12e-01 4.59e-01h  1
 639r-9.3399024e+03 6.48e-02 4.80e+02  -6.4 1.34e+01  -4.9 9.31e-02 4.62e-02h  1
iter    objective    inf_pr   inf_du lg(mu)  ||d||  lg(rg) alpha_du alpha_pr  ls
 640r-9.3398994e+03 6.01e-02 4.55e+02  -6.4 1.28e+01  -5.4 1.77e-01 7.23e-02h  1
 641r-9.3398993e+03 5.98e-02 4.67e+02  -6.4 2.45e+01  -5.9 9.39e-02 6.00e-03h  1
 642r-9.3398992e+03 5.92e-02 4.30e+02  -6.4 2.53e+00  -4.5 4.93e-01 9.62e-03h  1
 643r-9.3398901e+03 3.42e-02 2.50e+02  -6.4 5.72e+00  -5.0 2.15e-01 4.22e-01f  1
 644r-9.3398137e+03 3.24e-02 5.39e+02  -6.4 2.05e+02    -  2.30e-02 5.67e-02h  1
 645r-9.3397267e+03 3.53e-02 8.48e+02  -6.4 5.88e+02    -  2.47e-03 2.32e-02h  1
 646r-9.3394986e+03 6.16e-02 1.45e+03  -6.4 1.12e+03    -  1.91e-04 3.34e-02f  1
 647r-9.3392167e+03 7.50e-02 1.51e+03  -6.4 1.42e+03    -  1.03e-02 1.92e-02h  1
 648r-9.3392166e+03 7.49e-02 1.37e+03  -6.4 1.39e+02  -5.5 2.56e-03 9.71e-04h  1
 649r-9.3392128e+03 6.74e-02 1.21e+03  -6.4 2.20e+01  -5.1 1.93e-02 1.00e-01f  1
iter    objective    inf_pr   inf_du lg(mu)  ||d||  lg(rg) alpha_du alpha_pr  ls
 650r-9.3392111e+03 5.91e-02 1.04e+03  -6.4 6.12e+00  -4.6 3.09e-01 1.23e-01f  1
 651r-9.3392096e+03 3.94e-02 6.83e+02  -6.4 1.71e+00  -4.2 2.26e-01 3.33e-01h  1
 652r-9.3392086e+03 3.69e-02 6.07e+02  -6.4 8.36e+00  -4.7 1.10e-01 6.41e-02h  1
 653r-9.3392082e+03 3.41e-02 9.77e+02  -6.4 1.94e+00  -4.3 4.55e-07 7.46e-02f  1
 654r-9.3392076e+03 3.30e-02 9.43e+02  -6.4 1.03e+01  -4.7 9.20e-02 3.46e-02h  1
 655r-9.3392062e+03 2.51e-02 1.09e+03  -6.4 2.32e+00  -4.3 2.12e-05 2.39e-01f  1
 656r-9.3392056e+03 2.44e-02 6.20e+02  -6.4 1.03e+01  -4.8 1.66e-01 2.80e-02h  1
 657r-9.3391308e+03 2.87e-02 5.66e+02  -6.4 7.42e+02    -  3.43e-02 2.13e-02h  1
 658r-9.3391321e+03 2.87e-02 5.45e+02  -6.4 7.58e+02    -  1.36e-02 2.27e-03f  1
 659r-9.3391311e+03 2.80e-02 6.34e+02  -6.4 9.45e+00  -5.3 3.25e-01 2.40e-02h  1
iter    objective    inf_pr   inf_du lg(mu)  ||d||  lg(rg) alpha_du alpha_pr  ls
 660r-9.3389226e+03 4.07e-02 6.67e+02  -6.4 7.43e+02    -  9.47e-02 3.56e-02h  1
 661r-9.3379814e+03 2.34e-01 5.22e+02  -6.4 7.54e+02    -  2.39e-02 1.34e-01h  1
 662r-9.3379546e+03 1.96e-01 4.42e+02  -6.4 2.12e+01  -5.7 1.14e-01 1.60e-01h  1
 663r-9.3379531e+03 1.96e-01 1.08e+03  -6.4 7.88e+01  -6.2 3.99e-02 4.72e-03h  1
 664r-9.3379416e+03 1.93e-01 1.08e+03  -6.4 3.10e+02  -6.7 2.35e-03 1.87e-02h  1
 665r-9.3379391e+03 1.91e-01 1.07e+03  -6.4 1.43e+02  -6.3 2.68e-02 1.01e-02h  1
 666r-9.3378888e+03 1.87e-01 1.04e+03  -6.4 2.37e+02  -6.7 2.76e-02 2.37e-02h  1
 667r-9.3378733e+03 1.84e-01 1.03e+03  -6.4 2.25e+02  -6.3 2.22e-03 1.35e-02h  1
 668r-9.3378716e+03 1.76e-01 9.81e+02  -6.4 1.22e+01  -5.0 5.92e-05 4.63e-02h  1
 669r-9.3378713e+03 1.75e-01 9.74e+02  -6.4 6.29e+01  -5.5 3.28e-03 6.46e-03f  1
iter    objective    inf_pr   inf_du lg(mu)  ||d||  lg(rg) alpha_du alpha_pr  ls
 670r-9.3378706e+03 1.71e-01 9.55e+02  -6.4 1.22e+01  -5.0 5.63e-02 1.98e-02h  1
 671r-9.3378671e+03 1.67e-01 9.29e+02  -6.4 1.22e+01  -5.5 1.05e-02 2.73e-02f  1
 672r-9.3378663e+03 1.66e-01 9.25e+02  -6.4 9.85e+01  -5.1 3.47e-03 3.79e-03h  1
 673r-9.3378648e+03 1.51e-01 9.88e+02  -6.4 5.31e+00  -4.7 8.20e-06 8.72e-02f  1
 674r-9.3378648e+03 1.51e-01 9.88e+02  -6.4 7.03e+03  -5.1 4.76e-05 9.95e-09h 14
 675r-9.3378580e+03 1.03e-01 6.71e+02  -6.4 6.47e+00  -4.7 1.90e-01 3.21e-01h  1
 676r-9.3378575e+03 1.03e-01 6.71e+02  -6.4 3.05e+02  -5.2 5.42e-04 5.21e-04h  4
 677r-9.3378507e+03 7.69e-02 5.67e+02  -6.4 7.96e+00  -4.8 5.34e-02 2.52e-01h  1
 678r-9.3378481e+03 7.57e-02 5.56e+02  -6.4 2.88e+01  -5.2 1.24e-02 1.63e-02f  1
 679r-9.3378423e+03 7.34e-02 5.65e+02  -6.4 2.38e+01  -5.7 1.36e-01 3.01e-02f  1
iter    objective    inf_pr   inf_du lg(mu)  ||d||  lg(rg) alpha_du alpha_pr  ls
 680r-9.3378421e+03 7.17e-02 5.63e+02  -6.4 1.47e+00  -4.4 6.23e-04 2.29e-02h  1
 681r-9.3378403e+03 6.72e-02 5.84e+02  -6.4 1.25e+01  -4.9 4.57e-02 6.34e-02f  1
 682r-9.3378385e+03 6.54e-02 5.55e+02  -6.4 1.83e+01  -5.3 3.75e-02 2.58e-02h  1
 683r-9.3378093e+03 5.78e-02 4.99e+02  -6.4 3.19e+01  -5.8 1.57e-02 1.21e-01f  1
 684r-9.3377577e+03 5.48e-02 5.06e+02  -6.4 9.49e+01  -6.3 2.01e-01 6.57e-02f  1
 685r-9.3377503e+03 5.47e-02 4.91e+02  -6.4 3.51e+02  -6.8 1.41e-02 2.23e-02h  1
 686r-9.3377453e+03 3.47e-02 3.58e+02  -6.4 1.82e+00  -4.5 2.56e-01 3.67e-01f  1
 687r-9.3377360e+03 2.66e-02 2.91e+02  -6.4 5.23e+00  -5.0 1.62e-01 2.33e-01f  1
 688r-9.3377268e+03 2.47e-02 3.57e+02  -6.4 1.78e+01  -5.5 6.02e-02 7.20e-02f  1
 689r-9.3377090e+03 2.39e-02 8.43e+02  -6.4 7.56e+01  -6.0 4.49e-04 4.14e-02h  1
iter    objective    inf_pr   inf_du lg(mu)  ||d||  lg(rg) alpha_du alpha_pr  ls
 690r-9.3377078e+03 2.37e-02 7.47e+02  -6.4 2.55e+01  -5.6 8.61e-02 8.00e-03f  1
 691r-9.3376827e+03 2.30e-02 7.12e+02  -6.4 8.58e+01  -6.0 2.73e-02 4.08e-02f  1
 692r-9.3376534e+03 2.30e-02 7.06e+02  -6.4 3.83e+02  -6.5 1.17e-02 9.63e-03h  1
 693r-9.3376455e+03 2.30e-02 7.02e+02  -6.4 2.85e+02  -6.1 9.94e-06 3.79e-03f  1
 694r-9.3376338e+03 1.17e-02 1.29e+03  -6.4 4.47e+00  -4.8 7.70e-03 4.91e-01f  1
 695r-9.3376336e+03 1.15e-02 1.21e+03  -6.4 2.77e+00  -4.3 6.84e-08 1.59e-02f  1
 696r-9.3376256e+03 8.34e-03 1.51e+03  -6.4 1.01e+01  -4.8 9.26e-05 2.80e-01f  1
 697r-9.3376246e+03 7.53e-03 1.41e+03  -6.4 3.28e+00  -4.4 1.88e-01 9.66e-02f  1
 698r-9.3376241e+03 7.41e-03 1.39e+03  -6.4 1.97e+01  -4.9 8.80e-07 1.57e-02f  1
 699r-9.3376225e+03 7.31e-03 1.39e+03  -6.4 2.24e+01  -5.3 1.16e-02 1.36e-02f  1
iter    objective    inf_pr   inf_du lg(mu)  ||d||  lg(rg) alpha_du alpha_pr  ls
 700r-9.3376204e+03 6.91e-03 1.36e+03  -6.4 1.26e+01  -4.9 1.70e-01 5.51e-02f  1
 701r-9.3376158e+03 6.65e-03 1.31e+03  -6.4 2.04e+01  -5.4 5.80e-02 4.01e-02f  1
 702r-9.3376131e+03 3.12e-03 5.56e+02  -6.4 1.04e+00  -4.1 2.43e-01 5.31e-01f  1
 703r-9.3376029e+03 1.04e-03 4.79e+02  -6.4 2.77e+00  -4.5 1.10e-01 6.80e-01f  1
 704r-9.3376011e+03 1.00e-03 3.64e+02  -6.4 1.11e+01  -5.0 2.00e-01 3.86e-02f  1
 705r-9.3375991e+03 3.48e-03 3.76e+02  -6.4 1.01e+01  -5.5 3.97e-03 1.16e-01f  1
 706r-9.3375989e+03 3.47e-03 3.07e+02  -6.4 1.08e+01  -5.1 1.27e-01 8.71e-03h  1
 707r-9.3376014e+03 5.80e-03 3.05e+02  -6.4 1.00e+02  -5.5 6.67e-03 6.38e-03h  1
 708r-9.3375989e+03 8.32e-02 2.16e+02  -6.4 1.24e+01  -5.1 3.03e-01 3.21e-01f  1
 709r-9.3375989e+03 8.20e-02 2.94e+02  -6.4 1.09e+01  -4.7 1.73e-01 1.49e-02h  1
iter    objective    inf_pr   inf_du lg(mu)  ||d||  lg(rg) alpha_du alpha_pr  ls
 710r-9.3375984e+03 6.61e-02 1.87e+02  -6.4 1.53e+00  -4.3 5.55e-02 2.03e-01h  1
 711r-9.3375982e+03 6.48e-02 1.70e+02  -6.4 2.61e+00  -4.7 2.65e-01 2.02e-02h  1
 712r-9.3375937e+03 5.45e-02 1.46e+02  -6.4 2.60e+00  -5.2 1.47e-01 1.60e-01h  1
 713r-9.3375807e+03 4.54e-02 1.14e+02  -6.4 6.85e+00  -5.7 2.01e-01 1.70e-01h  1
 714r-9.3375759e+03 4.41e-02 1.71e+02  -6.4 1.75e+01  -6.2 1.42e-01 2.87e-02h  1
 715r-9.3375829e+03 4.32e-02 1.76e+02  -6.4 6.50e+01  -6.6 4.61e-02 2.31e-02h  1
 716r-9.3375823e+03 3.60e-02 2.16e+02  -6.4 1.18e+00  -4.4 5.00e-01 1.67e-01h  1
 717r-9.3375775e+03 2.02e-02 7.77e+01  -6.4 2.51e+00  -4.9 1.79e-01 4.40e-01f  1
 718r-9.3375647e+03 1.42e-02 3.05e+02  -6.4 4.48e+00  -5.4 1.76e-01 4.98e-01f  1
 719r-9.3375606e+03 1.33e-02 3.54e+02  -6.4 6.23e+00  -5.8 2.30e-02 7.39e-02f  1
iter    objective    inf_pr   inf_du lg(mu)  ||d||  lg(rg) alpha_du alpha_pr  ls
 720r-9.3375597e+03 1.22e-02 3.50e+02  -6.4 7.00e+00  -5.4 1.84e-02 1.09e-01f  1
 721r-9.3375525e+03 1.14e-02 5.83e+02  -6.4 6.62e+00  -5.9 5.43e-01 1.31e-01f  1
 722r-9.3375412e+03 1.06e-02 5.00e+02  -6.4 1.74e+01  -6.4 1.17e-01 1.03e-01f  1
 723r-9.3375471e+03 1.00e-02 4.61e+02  -6.4 7.64e+01  -6.8 2.04e-02 5.27e-02f  1
 724r-9.3374112e+03 1.60e-01 1.90e+02  -6.4 1.42e+02  -7.3 3.75e-01 6.13e-01f  1
 725r-9.3375269e+03 1.65e-01 2.10e+02  -6.4 4.05e+03  -7.8 2.86e-02 4.05e-03h  1
 726r-9.3376273e+03 1.59e-01 1.77e+02  -6.4 1.77e+02  -7.4 1.45e-01 2.03e-01h  1
 727r-9.3385168e+03 5.29e-01 1.47e+02  -6.4 1.31e+03  -7.9 3.72e-02 1.04e-01h  1
 728r-9.3392489e+03 7.36e-01 2.76e+02  -6.4 1.08e+05  -8.3 1.37e-04 9.31e-04h  1
 729r-9.3385604e+03 5.67e-01 2.06e+02  -6.4 1.58e+02    -  2.02e-01 2.88e-01h  1
iter    objective    inf_pr   inf_du lg(mu)  ||d||  lg(rg) alpha_du alpha_pr  ls
 730r-9.3387297e+03 5.08e-01 2.96e+02  -6.4 2.56e+02    -  1.93e-02 1.79e-01f  1
 731r-9.3380925e+03 5.61e-02 2.65e+01  -6.4 3.74e+01    -  1.00e+00 8.90e-01h  1
 732r-9.3380056e+03 5.98e-04 7.53e+01  -6.4 5.15e+00    -  1.39e-02 1.00e+00f  1
 733r-9.3380056e+03 5.98e-04 9.99e+02  -3.4 0.00e+00    -  0.00e+00 3.17e-08R  2
 734r-9.3380055e+03 5.52e-04 6.85e+03  -3.4 5.53e+02    -  9.83e-04 7.71e-05f  1
 735r-9.3380054e+03 3.03e-04 6.91e+03  -3.4 2.99e+01    -  8.27e-04 1.98e-03f  1
 736r-9.3380054e+03 3.03e-04 9.99e+02  -3.5 0.00e+00    -  0.00e+00 3.91e-07R  4
 737r-9.3380054e+03 3.03e-04 2.91e+03  -3.5 1.97e+01    -  2.40e-02 1.29e-04f  2
 738r-9.3380050e+03 3.03e-04 2.53e+03  -3.5 8.98e+00    -  2.51e-02 2.89e-02f  1
 739r-9.3380045e+03 3.02e-04 5.84e+03  -3.5 5.02e+00    -  1.18e-01 6.47e-02f  1
iter    objective    inf_pr   inf_du lg(mu)  ||d||  lg(rg) alpha_du alpha_pr  ls
 740r-9.3380027e+03 3.80e-04 1.75e+03  -3.5 4.92e+00    -  1.77e-01 2.47e-01f  1
 741r-9.3379990e+03 8.90e-04 2.49e+03  -3.5 5.05e+00    -  4.76e-01 5.31e-01f  1
 742r-9.3379918e+03 1.15e-03 7.43e+03  -3.5 6.19e+00    -  4.86e-01 8.49e-01f  1
 743r-9.3379798e+03 3.11e-03 6.53e+03  -3.5 6.05e+00    -  2.76e-01 1.00e+00f  1
 744r-9.3379686e+03 6.15e-03 3.68e+03  -3.5 4.21e+00    -  3.77e-01 1.00e+00h  1
 745r-9.3379573e+03 4.08e-03 1.64e+03  -3.5 7.41e+00    -  5.17e-01 8.33e-01h  1
 746r-9.3379318e+03 2.93e-03 1.71e+02  -3.5 1.31e+01    -  8.94e-01 9.27e-01f  1
 747r-9.3376446e+03 1.95e-02 1.12e+02  -3.5 2.96e+01    -  7.35e-01 1.00e+00f  1
 748r-9.3374051e+03 2.24e-03 3.15e+00  -3.5 1.01e+01    -  9.99e-01 1.00e+00h  1
 749r-9.3373672e+03 5.57e-04 1.05e-01  -3.5 1.17e+00    -  1.00e+00 1.00e+00h  1
iter    objective    inf_pr   inf_du lg(mu)  ||d||  lg(rg) alpha_du alpha_pr  ls
 750r-9.3373672e+03 5.56e-04 2.56e-05  -3.5 4.13e-03    -  1.00e+00 1.00e+00h  1
 751r-9.3372502e+03 5.43e-03 4.61e+03  -5.5 6.19e+01    -  3.41e-01 2.45e-01f  1
 752r-9.3363383e+03 5.36e-02 2.98e+03  -5.5 3.99e+02    -  9.85e-02 1.27e-01f  1
 753r-9.3352886e+03 1.32e-01 1.86e+03  -5.5 4.17e+02    -  1.09e-01 1.61e-01f  1
 754r-9.3345509e+03 1.33e-01 6.93e+03  -5.5 2.35e+02    -  3.36e-01 1.32e-01f  1
 755r-9.3337749e+03 1.56e-01 6.55e+03  -5.5 3.22e+02    -  1.74e-01 1.45e-01f  1
 756r-9.3331600e+03 1.54e-01 8.22e+03  -5.5 2.37e+02    -  2.71e-01 1.28e-01f  1
 757r-9.3324128e+03 1.50e-01 8.40e+03  -5.5 2.02e+02    -  2.91e-01 1.70e-01f  1
 758r-9.3322816e+03 1.45e-01 8.80e+03  -5.5 1.30e+02    -  1.10e-01 3.48e-02f  1
 759r-9.3304919e+03 1.30e-01 1.96e+03  -5.5 1.13e+02    -  1.14e-01 4.56e-01f  1
iter    objective    inf_pr   inf_du lg(mu)  ||d||  lg(rg) alpha_du alpha_pr  ls
 760r-9.3302741e+03 1.16e-01 3.57e+03  -5.5 6.82e+01    -  3.47e-01 1.02e-01f  1
 761r-9.3297163e+03 8.45e-02 3.43e+03  -5.5 6.67e+01    -  4.59e-01 2.78e-01f  1
 762r-9.3291704e+03 5.63e-02 1.94e+03  -5.5 5.57e+01    -  2.76e-01 3.69e-01f  1
 763r-9.3289056e+03 3.93e-02 1.08e+03  -5.5 2.66e+01    -  1.77e-01 3.10e-01f  1
 764r-9.3287032e+03 2.47e-02 5.92e+02  -5.5 1.76e+01    -  2.79e-01 3.72e-01f  1
 765r-9.3285330e+03 1.12e-02 2.80e+02  -5.5 1.48e+01    -  5.69e-01 5.47e-01f  1
 766r-9.3284555e+03 5.25e-03 2.37e+02  -5.5 8.29e+00    -  4.40e-01 6.48e-01f  1
 767r-9.3283689e+03 2.94e-03 2.77e+02  -5.5 1.30e+01    -  5.06e-01 8.46e-01f  1
 768r-9.3283858e+03 1.70e-03 8.63e+00  -5.5 6.43e+00    -  9.87e-01 1.00e+00f  1
 769r-9.3283855e+03 2.53e-04 5.67e-01  -5.5 5.73e-01    -  1.00e+00 1.00e+00h  1
iter    objective    inf_pr   inf_du lg(mu)  ||d||  lg(rg) alpha_du alpha_pr  ls
 770r-9.3283855e+03 2.53e-04 9.99e+02  -3.6 0.00e+00    -  0.00e+00 2.83e-07R  7
 771r-9.3283855e+03 2.53e-04 8.79e+03  -3.6 4.81e+01    -  1.37e-02 2.56e-04f  1
 772r-9.3283853e+03 2.52e-04 8.17e+03  -3.6 4.35e+00    -  2.90e-02 1.60e-02f  1
 773r-9.3283845e+03 2.52e-04 8.90e+03  -3.6 4.35e+00    -  4.00e-02 9.61e-02f  1
 774r-9.3283837e+03 2.51e-04 7.45e+03  -3.6 4.06e+00    -  1.30e-01 1.12e-01f  1
 775r-9.3283807e+03 6.64e-04 7.29e+03  -3.6 4.28e+00    -  2.70e-01 4.48e-01f  1
 776r-9.3283762e+03 1.28e-03 5.31e+03  -3.6 4.65e+00    -  6.00e-01 7.13e-01f  1
 777r-9.3283676e+03 2.78e-03 5.78e+03  -3.6 6.84e+00    -  4.30e-01 1.00e+00f  1
 778r-9.3283527e+03 6.67e-03 1.81e+03  -3.6 4.03e+00    -  6.61e-01 1.00e+00f  1
 779r-9.3283156e+03 1.00e-02 2.17e+02  -3.6 1.02e+01    -  8.85e-01 1.00e+00h  1
iter    objective    inf_pr   inf_du lg(mu)  ||d||  lg(rg) alpha_du alpha_pr  ls
 780r-9.3280836e+03 2.25e-02 1.54e+02  -3.6 3.16e+01    -  6.67e-01 1.00e+00h  1
 781r-9.3278600e+03 5.33e-03 4.12e+00  -3.6 1.54e+01    -  9.99e-01 1.00e+00h  1
 782r-9.3277803e+03 4.21e-04 2.42e-01  -3.6 2.90e+00    -  1.00e+00 1.00e+00h  1
 783r-9.3277811e+03 4.21e-04 1.95e-04  -3.6 2.51e-02    -  1.00e+00 1.00e+00h  1
 784r-9.3276333e+03 5.69e-03 3.12e+03  -5.6 6.35e+01    -  3.22e-01 2.51e-01f  1
 785r-9.3264604e+03 9.05e-02 5.07e+03  -5.6 5.76e+02    -  1.88e-01 1.17e-01f  1
 786r-9.3253580e+03 1.50e-01 4.77e+03  -5.6 5.18e+02    -  1.28e-01 1.17e-01f  1
 787r-9.3242153e+03 2.10e-01 3.55e+03  -5.6 3.77e+02    -  1.18e-01 1.41e-01f  1
 788r-9.3228557e+03 1.80e-01 5.51e+03  -5.6 1.86e+02    -  3.06e-01 1.81e-01f  1
 789r-9.3201698e+03 1.43e-01 8.32e+02  -5.6 1.48e+02    -  1.61e-01 4.09e-01f  1
iter    objective    inf_pr   inf_du lg(mu)  ||d||  lg(rg) alpha_du alpha_pr  ls
 790r-9.3192282e+03 1.11e-01 5.36e+02  -5.6 1.14e+02    -  2.43e-01 2.27e-01f  1
 791r-9.3181048e+03 8.08e-02 1.24e+03  -5.6 7.86e+01    -  2.27e-01 3.31e-01f  1
 792r-9.3175918e+03 6.29e-02 3.21e+02  -5.6 5.17e+01    -  3.46e-01 2.22e-01f  1
 793r-9.3165568e+03 3.66e-02 5.27e+02  -5.6 4.28e+01    -  4.49e-01 5.53e-01f  1
 794r-9.3161856e+03 2.22e-02 2.23e+02  -5.6 2.69e+01    -  4.55e-01 4.26e-01h  1
 795r-9.3160726e+03 1.73e-02 4.97e+02  -5.6 1.90e+01    -  6.11e-01 2.26e-01h  1
 796r-9.3158260e+03 1.02e-02 9.82e+01  -5.6 1.69e+01    -  3.84e-01 6.25e-01h  1
 797r-9.3156914e+03 3.04e-03 8.82e+01  -5.6 9.13e+00    -  1.00e+00 8.56e-01h  1
 798r-9.3156650e+03 1.96e-04 5.28e+00  -5.6 2.18e+00    -  1.00e+00 1.00e+00f  1
 799r-9.3156653e+03 1.41e-04 4.60e-02  -5.6 1.06e-01    -  1.00e+00 1.00e+00h  1
iter    objective    inf_pr   inf_du lg(mu)  ||d||  lg(rg) alpha_du alpha_pr  ls
 800r-9.3156653e+03 1.41e-04 9.99e+02  -3.9 0.00e+00    -  0.00e+00 2.94e-07R  6
 801r-9.3156652e+03 1.40e-04 7.30e+03  -3.9 1.46e+01    -  1.54e-02 5.13e-04f  1
 802r-9.3156650e+03 1.40e-04 6.48e+03  -3.9 2.64e+00    -  6.39e-02 2.42e-02f  1
 803r-9.3156636e+03 1.40e-04 6.07e+03  -3.9 2.30e+00    -  8.68e-02 1.50e-01f  1
 804r-9.3156618e+03 1.40e-04 4.15e+03  -3.9 2.27e+00    -  2.81e-01 2.16e-01f  1
 805r-9.3156551e+03 6.96e-04 1.93e+03  -3.9 2.97e+00    -  5.27e-01 6.40e-01f  1
 806r-9.3156373e+03 1.34e-03 3.15e+03  -3.9 5.13e+00    -  5.93e-01 1.00e+00f  1
 807r-9.3156003e+03 3.39e-03 1.38e+03  -3.9 5.75e+00    -  5.60e-01 1.00e+00f  1
 808r-9.3155232e+03 8.72e-03 1.51e+02  -3.9 4.77e+00    -  8.91e-01 1.00e+00h  1
 809r-9.3151587e+03 1.27e-02 1.65e+02  -3.9 2.36e+01    -  7.85e-01 1.00e+00h  1
iter    objective    inf_pr   inf_du lg(mu)  ||d||  lg(rg) alpha_du alpha_pr  ls
 810r-9.3147827e+03 7.33e-03 1.94e+01  -3.9 1.80e+01    -  9.98e-01 1.00e+00h  1
 811r-9.3146774e+03 2.12e-04 3.17e-01  -3.9 3.00e+00    -  1.00e+00 1.00e+00h  1
 812r-9.3146782e+03 2.12e-04 5.49e-04  -3.9 3.57e-02    -  1.00e+00 1.00e+00h  1
 813r-9.3144793e+03 5.30e-03 1.28e+03  -6.0 5.15e+01    -  2.48e-01 2.97e-01f  1
 814r-9.3117142e+03 2.33e-01 2.43e+03  -6.0 5.45e+02    -  1.01e-01 1.68e-01f  1
 815r-9.3102342e+03 1.95e-01 7.72e+02  -6.0 2.83e+02    -  2.57e-01 9.72e-02f  1
 816r-9.3057468e+03 2.74e-01 1.14e+03  -6.0 3.11e+02    -  1.86e-01 3.08e-01f  1
 817r-9.3052434e+03 2.63e-01 1.34e+03  -6.0 2.45e+02    -  2.34e-01 4.96e-02h  1
 818r-9.3019520e+03 2.06e-01 6.12e+02  -6.0 2.22e+02    -  1.93e-01 3.40e-01f  1
 819r-9.3012922e+03 1.88e-01 4.18e+02  -6.0 1.34e+02    -  1.23e-01 1.04e-01h  1
iter    objective    inf_pr   inf_du lg(mu)  ||d||  lg(rg) alpha_du alpha_pr  ls
 820r-9.2999997e+03 1.63e-01 2.53e+02  -6.0 1.30e+02    -  2.41e-01 2.29e-01h  1
 821r-9.2988241e+03 1.36e-01 1.04e+03  -6.0 1.06e+02    -  9.20e-02 2.74e-01h  1
 822r-9.2985977e+03 1.27e-01 4.79e+02  -6.0 8.08e+01    -  2.65e-01 7.19e-02h  1
 823r-9.2978421e+03 1.06e-01 6.83e+02  -6.0 8.93e+01    -  3.90e-01 2.50e-01h  1
 824r-9.2973367e+03 8.54e-02 5.38e+02  -6.0 7.23e+01    -  2.64e-01 2.44e-01h  1
 825r-9.2969131e+03 6.58e-02 4.75e+02  -6.0 7.21e+01    -  3.85e-01 2.75e-01h  1
 826r-9.2962482e+03 4.19e-02 2.48e+02  -6.0 5.48e+01    -  2.03e-01 5.77e-01h  1
 827r-9.2961907e+03 3.87e-02 2.01e+02  -6.0 2.85e+01    -  1.22e-01 7.96e-02h  1
 828r-9.2957402e+03 2.10e-02 1.30e+02  -6.0 3.17e+01    -  5.65e-01 6.36e-01f  1
 829r-9.2955198e+03 7.75e-03 5.59e+01  -6.0 1.54e+01    -  8.55e-01 7.69e-01h  1
iter    objective    inf_pr   inf_du lg(mu)  ||d||  lg(rg) alpha_du alpha_pr  ls
 830r-9.2954457e+03 5.46e-04 4.36e+00  -6.0 5.06e+00    -  1.00e+00 1.00e+00h  1
 831r-9.2954457e+03 2.36e-04 1.40e-02  -6.0 1.74e-01    -  1.00e+00 1.00e+00h  1
 832r-9.2954457e+03 2.36e-04 2.22e-05  -6.0 2.65e-03    -  1.00e+00 1.00e+00h  1
 833r-9.2954004e+03 4.13e-04 5.35e+01  -7.0 1.05e+01    -  5.68e-01 4.22e-01f  1
 834r-9.2953983e+03 1.26e-03 2.23e+02  -7.0 1.66e+00  -4.0 3.01e-01 1.71e-01h  1
 835r-9.2953927e+03 4.28e-03 2.59e+02  -7.0 3.62e+00  -4.5 1.98e-01 1.48e-01h  1
 836r-9.2953786e+03 1.38e-02 2.13e+02  -7.0 6.42e+00  -5.0 1.48e-01 1.21e-01h  1
 837r-9.2953779e+03 1.52e-02 3.30e+02  -7.0 2.23e+02  -5.4 9.77e-03 2.03e-03h  1
 838r-9.2953703e+03 1.74e-02 4.37e+02  -7.0 8.70e+00  -5.0 1.95e-01 5.78e-02f  1
 839r-9.2953606e+03 1.82e-02 3.07e+02  -7.0 3.47e+00  -4.6 9.77e-02 1.98e-01h  1
iter    objective    inf_pr   inf_du lg(mu)  ||d||  lg(rg) alpha_du alpha_pr  ls
 840r-9.2953567e+03 1.53e-02 2.43e+02  -7.0 1.59e+00  -4.2 2.01e-01 2.11e-01f  1
 841r-9.2953529e+03 1.53e-02 2.80e+02  -7.0 4.03e+00  -4.6 2.13e-01 6.87e-02h  1
 842r-9.2953491e+03 1.34e-02 2.48e+02  -7.0 1.66e+00  -4.2 2.07e-01 1.86e-01h  1
 843r-9.2953420e+03 2.02e-02 2.32e+02  -7.0 8.41e+00  -4.7 1.29e-01 1.13e-01f  1
 844r-9.2953393e+03 1.89e-02 1.93e+02  -7.0 2.27e+00  -4.3 9.60e-02 1.16e-01h  1
 845r-9.2953369e+03 1.42e-02 3.13e+02  -7.0 7.43e-01  -3.8 7.06e-01 2.79e-01f  1
 846r-9.2953335e+03 1.60e-02 3.34e+02  -7.0 4.81e+00  -4.3 3.21e-01 1.28e-01h  1
 847r-9.2953322e+03 1.42e-02 4.03e+02  -7.0 1.11e+00  -3.9 6.73e-01 1.39e-01h  1
 848r-9.2934863e+03 2.78e-02 3.99e+02  -7.0 7.17e+02    -  4.00e-02 5.05e-02h  1
 849r-9.2918869e+03 4.72e-02 4.70e+02  -7.0 6.81e+02    -  1.35e-01 4.57e-02h  1
iter    objective    inf_pr   inf_du lg(mu)  ||d||  lg(rg) alpha_du alpha_pr  ls
 850r-9.2881555e+03 1.53e-01 4.76e+02  -7.0 6.51e+02    -  1.54e-01 1.11e-01h  1
 851r-9.2872807e+03 1.56e-01 4.50e+02  -7.0 5.81e+02    -  2.39e-02 3.19e-02h  1
 852r-9.2868970e+03 1.55e-01 4.40e+02  -7.0 5.60e+02    -  1.09e-02 1.39e-02h  1
 853r-9.2857474e+03 1.60e-01 1.27e+03  -7.0 5.50e+02    -  1.20e-02 4.13e-02h  1
 854r-9.2832768e+03 1.94e-01 1.31e+03  -7.0 5.27e+02    -  2.96e-02 9.08e-02h  1
 855r-9.2799211e+03 2.56e-01 1.20e+03  -7.0 4.79e+02    -  7.48e-02 1.34e-01h  1
 856r-9.2792983e+03 2.52e-01 1.14e+03  -7.0 4.14e+02    -  6.10e-02 2.79e-02h  1
 857r-9.2792306e+03 2.51e-01 1.14e+03  -7.0 5.60e+02    -  3.13e-03 2.77e-03h  1
 858r-9.2785857e+03 2.47e-01 1.11e+03  -7.0 3.90e+02    -  1.93e-02 2.84e-02h  1
 859r-9.2785126e+03 2.46e-01 1.11e+03  -7.0 1.54e+03    -  1.05e-03 1.89e-03h  1
iter    objective    inf_pr   inf_du lg(mu)  ||d||  lg(rg) alpha_du alpha_pr  ls
 860r-9.2784928e+03 7.28e-02 4.14e+02  -7.0 7.93e-01  -4.4 3.04e-01 7.04e-01h  1
 861r-9.2784913e+03 7.07e-02 3.17e+02  -7.0 2.08e+00  -4.8 2.82e-01 2.85e-02h  1
 862r-9.2784762e+03 6.35e-02 2.85e+02  -7.0 5.14e+00  -5.3 1.63e-01 1.02e-01f  1
 863r-9.2784684e+03 6.24e-02 4.31e+02  -7.0 1.37e+01  -5.8 7.95e-02 1.78e-02h  1
 864r-9.2754991e+03 1.23e-01 3.60e+02  -7.0 3.91e+02    -  6.39e-02 1.45e-01h  1
 865r-9.2745248e+03 1.23e-01 2.43e+02  -7.0 3.25e+02    -  1.98e-04 5.22e-02h  1
 866r-9.2742812e+03 1.21e-01 2.28e+02  -7.0 3.19e+02    -  2.96e-01 1.46e-02h  1
 867r-9.2734631e+03 1.21e-01 2.49e+02  -7.0 3.15e+02    -  1.28e-01 5.44e-02h  1
 868r-9.2713685e+03 1.45e-01 1.75e+02  -7.0 2.98e+02    -  1.12e-02 1.46e-01h  1
 869r-9.2710812e+03 1.42e-01 1.71e+02  -7.0 2.53e+02    -  1.20e-02 2.19e-02h  1
iter    objective    inf_pr   inf_du lg(mu)  ||d||  lg(rg) alpha_du alpha_pr  ls
 870r-9.2709388e+03 1.41e-01 1.70e+02  -7.0 2.49e+02    -  1.99e-02 1.16e-02h  1
 871r-9.2706975e+03 1.38e-01 1.69e+02  -7.0 2.46e+02    -  3.37e-02 2.03e-02h  1
 872r-9.2704577e+03 1.36e-01 1.65e+02  -7.0 2.40e+02    -  5.37e-03 1.95e-02h  1
 873r-9.2702585e+03 1.34e-01 1.63e+02  -7.0 2.36e+02    -  2.08e-02 1.73e-02h  1
 874r-9.2699747e+03 1.32e-01 1.62e+02  -7.0 2.33e+02    -  4.06e-02 2.54e-02h  1
 875r-9.2698247e+03 1.30e-01 1.59e+02  -7.0 2.26e+02    -  9.65e-03 1.33e-02h  1
 876r-9.2675228e+03 1.53e-01 1.20e+02  -7.0 2.24e+02    -  1.89e-01 2.15e-01h  1
 877r-9.2656782e+03 1.51e-01 1.81e+02  -7.0 1.74e+02    -  3.16e-02 2.18e-01f  1
 878r-9.2654515e+03 1.47e-01 1.75e+02  -7.0 1.29e+02    -  1.78e-02 3.26e-02h  1
 879r-9.2590526e+03 3.95e-01 4.17e+02  -7.0 1.34e+02    -  3.32e-01 1.00e+00h  1
iter    objective    inf_pr   inf_du lg(mu)  ||d||  lg(rg) alpha_du alpha_pr  ls
 880r-9.2590346e+03 2.52e-01 2.89e+02  -7.0 5.44e+00    -  1.00e+00 3.63e-01h  1
 881r-9.2590160e+03 2.33e-04 5.58e+00  -7.0 4.72e-01    -  8.72e-01 1.00e+00h  1
 882r-9.2590160e+03 2.33e-04 1.18e+01  -7.0 9.11e-02    -  1.00e+00 1.13e-02h  1
 883r-9.2590153e+03 2.33e-04 4.54e-03  -7.0 9.37e-02    -  1.00e+00 1.00e+00f  1

Number of Iterations....: 883

                                   (scaled)                 (unscaled)
Objective...............:  -9.2590153042359489e+03   -9.2590153042359489e+03
Dual infeasibility......:   1.0000000379963190e+00    1.0000000379963190e+00
Constraint violation....:   2.3268986181699218e-04    2.3268986181699218e-04
Complementarity.........:   9.0909186773662103e-08    9.0909186773662103e-08
Overall NLP error.......:   1.0000000379963190e+00    1.0000000379963190e+00


Number of objective function evaluations             = 2667
Number of objective gradient evaluations             = 338
Number of equality constraint evaluations            = 2667
Number of inequality constraint evaluations          = 0
Number of equality constraint Jacobian evaluations   = 921
Number of inequality constraint Jacobian evaluations = 0
Number of Lagrangian Hessian evaluations             = 884
Total CPU secs in IPOPT (w/o function evaluations)   =    414.714
Total CPU secs in NLP function evaluations           =     13.541

EXIT: Converged to a point of local infeasibility. Problem may be infeasible.
