
List of user-set options:

                                    Name   Value                used
                           compl_inf_tol = 1                     yes
                         constr_viol_tol = 1                     yes
                            dual_inf_tol = 1000                  yes
                           linear_solver = ma97                  yes
                              ma86_small = 1e-30                  no
                                  ma86_u = 0.0001                 no
                              ma97_order = best                  yes
                              ma97_small = 1e-30                 yes
                            ma97_switch1 = at_start              yes
                            ma97_switch2 = od_hd_reuse           yes
                                  ma97_u = 1e-06                 yes
                               ma97_umax = 0.5                   yes
                                max_iter = 1000                  yes
                    max_refinement_steps = 20                    yes
                    min_refinement_steps = 5                     yes
                                 mu_init = 1e-06                 yes
           mu_superlinear_decrease_power = 1.25                  yes
                   nlp_scaling_min_value = 1e-08                 yes
                        option_file_name = Preset_Case:_807_NCP.opt  yes
                             output_file = ./tmp/Preset_Case:_807_NCP.output  yes
                      print_user_options = yes                   yes
        required_infeasibility_reduction = 1                      no
                                     tol = 1e-08                 yes
                   warm_start_bound_frac = 1e-20                 yes
                   warm_start_bound_push = 1e-20                 yes
                   warm_start_init_point = yes                   yes
              warm_start_mult_bound_push = 1e-20                 yes
                warm_start_mult_init_max = 1e+40                 yes
             warm_start_slack_bound_frac = 1e-20                 yes
             warm_start_slack_bound_push = 1e-20                 yes

******************************************************************************
This program contains Ipopt, a library for large-scale nonlinear optimization.
 Ipopt is released as open source code under the Eclipse Public License (EPL).
         For more information visit http://projects.coin-or.org/Ipopt
******************************************************************************

This is Ipopt version 3.12.10, running with linear solver ma97.

Number of nonzeros in equality constraint Jacobian...:   117167
Number of nonzeros in inequality constraint Jacobian.:      213
Number of nonzeros in Lagrangian Hessian.............:    47513

Total number of variables............................:    29977
                     variables with only lower bounds:    11312
                variables with lower and upper bounds:    15135
                     variables with only upper bounds:        0
Total number of equality constraints.................:    29864
Total number of inequality constraints...............:       25
        inequality constraints with only lower bounds:        4
   inequality constraints with lower and upper bounds:        0
        inequality constraints with only upper bounds:       21

iter    objective    inf_pr   inf_du lg(mu)  ||d||  lg(rg) alpha_du alpha_pr  ls
   0 -1.0602185e-01 4.16e-01 2.00e+00  -6.0 0.00e+00    -  0.00e+00 0.00e+00   0
In iteration 0, 9 Slacks too small, adjusting variable bounds
   1 -1.0602185e-01 4.16e-01 2.13e+02  -6.0 1.06e+10    -  2.12e-14 2.13e-19h  1
   2 -1.0602297e-01 4.16e-01 2.14e+02  -6.0 6.05e+02    -  1.76e-07 3.24e-05f  1
   3 -1.0602298e-01 4.16e-01 2.21e+02  -6.0 3.88e+02    -  1.91e-02 4.46e-07h  2
   4 -1.0602381e-01 4.16e-01 2.21e+02  -6.0 6.04e+02    -  1.01e-04 2.37e-05h  1
   5 -1.0646998e-01 4.10e-01 2.76e+02  -6.0 5.91e+02    -  1.09e-01 1.36e-02f  1
   6 -1.1010829e-01 3.56e-01 6.05e+02  -6.0 5.95e+02    -  1.34e-02 1.31e-01h  1
   7r-1.1010829e-01 3.56e-01 9.99e+02  -0.4 0.00e+00    -  0.00e+00 4.08e-07R  2
   8r-1.1008905e-01 3.56e-01 3.52e+03  -0.4 3.35e+03    -  2.98e-06 8.93e-07f  1
   9 -1.1009768e-01 3.56e-01 1.44e+07  -6.0 4.49e+02    -  1.46e-01 7.13e-04h  1
iter    objective    inf_pr   inf_du lg(mu)  ||d||  lg(rg) alpha_du alpha_pr  ls
  10 -1.1051864e-01 3.56e-01 7.81e+08  -6.0 4.48e+02    -  7.14e-04 3.87e-02h  1
  11r-1.1051864e-01 3.56e-01 1.00e+03  -0.5 0.00e+00    -  0.00e+00 8.64e-08R  2
  12r-1.1049319e-01 3.55e-01 2.22e+03  -0.5 4.47e+03    -  4.45e-06 1.78e-06f  1
  13 -1.1049915e-01 3.55e-01 1.10e+07  -6.0 4.23e+02    -  1.68e-01 6.37e-04h  1
  14 -1.1060631e-01 3.53e-01 2.18e+08  -6.0 4.29e+02    -  6.39e-04 1.27e-02h  1
  15r-1.1060631e-01 3.53e-01 1.00e+03  -0.5 0.00e+00    -  0.00e+00 4.29e-07R  5
  16r-1.1060502e-01 3.53e-01 1.11e+03  -0.5 5.31e+03    -  7.15e-06 2.28e-07f  1
  17 -1.1060615e-01 3.53e-01 4.28e+06  -6.0 4.18e+02    -  1.71e-01 1.32e-04h  1
  18 -1.1047540e-01 3.51e-01 1.01e+09  -6.0 5.96e+02    -  1.36e-04 3.23e-02h  1
  19 -1.1047121e-01 3.51e-01 1.01e+09  -6.0 5.60e+02    -  6.07e-02 4.71e-04h  1
iter    objective    inf_pr   inf_du lg(mu)  ||d||  lg(rg) alpha_du alpha_pr  ls
  20 -1.1028395e-01 3.47e-01 9.94e+08  -6.0 5.62e+02    -  1.47e-02 2.00e-02h  4
  21 -1.0996620e-01 3.41e-01 9.70e+08  -6.0 5.33e+02    -  1.21e-01 2.42e-02h  4
  22 -1.0953266e-01 3.34e-01 9.44e+08  -6.0 5.11e+02    -  2.60e-02 2.70e-02h  4
  23 -1.0861571e-01 3.22e-01 8.97e+08  -6.0 4.82e+02    -  3.85e-02 5.02e-02h  3
  24 -1.0765199e-01 3.04e-01 8.55e+08  -6.0 4.32e+02    -  1.33e-01 4.59e-02h  3
  25 -1.0650453e-01 2.83e-01 8.12e+08  -6.0 3.93e+02    -  3.70e-02 5.04e-02h  3
  26 -1.0538838e-01 2.63e-01 7.74e+08  -6.0 3.54e+02    -  1.70e-01 4.74e-02h  3
  27 -1.0406557e-01 2.41e-01 7.31e+08  -6.0 3.27e+02    -  1.46e-01 5.56e-02h  3
  28 -1.0191214e-01 2.02e-01 6.64e+08  -6.0 2.97e+02    -  3.60e-01 9.12e-02h  2
  29 -1.0035408e-01 1.99e-01 6.20e+08  -6.0 2.52e+02    -  2.41e-01 6.68e-02h  1
iter    objective    inf_pr   inf_du lg(mu)  ||d||  lg(rg) alpha_du alpha_pr  ls
  30r-1.0035408e-01 1.99e-01 1.00e+03  -0.7 0.00e+00    -  0.00e+00 3.46e-07R  5
  31r-1.0013856e-01 1.95e-01 1.59e+03  -0.7 2.47e+03    -  1.08e-05 9.66e-06f  1
  32r-9.9679315e-02 1.93e-01 1.39e+03  -0.7 1.78e+03    -  3.69e-05 4.52e-05f  1
  33 -9.9672678e-02 1.93e-01 2.68e+03  -6.0 2.14e+02    -  8.03e-05 2.15e-03h  1
  34 -9.9450443e-02 1.93e-01 6.55e+04  -6.0 2.48e+02    -  1.01e-01 1.85e-02h  1
  35 -9.8943292e-02 1.86e-01 5.51e+04  -6.0 2.76e+02    -  2.10e-02 3.57e-02h  1
  36 -9.8754600e-02 1.83e-01 9.58e+04  -6.0 3.06e+02    -  9.83e-02 1.59e-02h  1
  37 -9.7361993e-02 1.64e-01 8.85e+04  -6.0 3.23e+02    -  1.13e-01 1.07e-01h  2
  38 -9.5669496e-02 1.43e-01 7.84e+04  -6.0 3.11e+02    -  1.26e-01 1.24e-01h  2
  39 -9.4341780e-02 1.31e-01 8.13e+04  -6.0 2.79e+02    -  1.55e-01 1.11e-01h  2
iter    objective    inf_pr   inf_du lg(mu)  ||d||  lg(rg) alpha_du alpha_pr  ls
  40 -9.3646856e-02 1.29e-01 9.88e+04  -6.0 2.54e+02    -  2.16e-01 7.37e-02h  2
  41 -9.3636918e-02 1.28e-01 1.20e+05  -6.0 2.41e+02    -  2.81e-01 1.43e-03h  7
  42 -9.3630165e-02 1.28e-01 1.28e+05  -6.0 2.45e+02    -  3.44e-01 1.38e-03h  7
  43 -9.3629412e-02 1.28e-01 1.21e+05  -6.0 2.49e+02    -  4.25e-01 3.64e-04h  9
  44 -9.3699783e-02 1.32e-01 9.04e+04  -6.0 2.55e+02    -  5.25e-01 1.21e-01h  1
  45 -9.3871476e-02 1.28e-01 7.37e+04  -6.0 2.46e+02    -  5.92e-01 6.18e-02h  3
  46 -9.3888157e-02 1.28e-01 1.52e+05  -6.0 6.92e+01  -4.0 1.35e-01 4.38e-03h  5
  47 -9.3950250e-02 1.26e-01 1.52e+05  -6.0 9.35e+01  -4.5 2.42e-02 1.35e-02h  4
  48 -9.3998247e-02 1.33e-01 1.50e+05  -6.0 2.41e+02  -5.0 1.01e-02 1.03e-02h  3
  49 -9.4015874e-02 1.34e-01 1.49e+05  -6.0 1.79e+02  -5.4 3.55e-02 4.77e-03h  6
iter    objective    inf_pr   inf_du lg(mu)  ||d||  lg(rg) alpha_du alpha_pr  ls
  50 -9.4048906e-02 1.42e-01 1.50e+05  -6.0 1.48e+02  -5.0 1.28e-01 8.70e-03h  6
  51 -9.4069021e-02 1.45e-01 1.51e+05  -6.0 1.02e+02  -4.6 2.29e-02 4.95e-03h  7
  52 -9.4070228e-02 1.45e-01 1.60e+05  -6.0 1.42e+02  -5.1 1.62e-01 1.65e-03h  8
  53 -9.4079610e-02 1.46e-01 1.74e+05  -6.0 1.07e+02  -4.6 1.41e-01 2.39e-03h  8
  54 -9.4083235e-02 1.46e-01 1.74e+05  -6.0 1.56e+02  -5.1 4.83e-02 1.69e-03h  8
  55 -9.4990787e-02 1.42e+01 9.43e+04  -6.0 1.11e+02  -4.7 1.34e-02 2.85e-01w  1
  56 -9.5580339e-02 1.39e+01 1.08e+05  -6.0 1.39e+02  -5.2 3.94e-01 1.32e-01w  1
  57 -9.6380325e-02 1.25e+01 1.33e+05  -6.0 1.16e+02  -4.7 4.05e-01 1.39e-01w  1
  58 -9.4097416e-02 1.49e-01 1.75e+05  -6.0 1.02e+02  -4.3 1.34e-02 4.45e-03h  6
  59 -9.4121384e-02 1.58e-01 2.05e+05  -6.0 1.21e+02  -4.8 3.83e-01 8.16e-03h  6
iter    objective    inf_pr   inf_du lg(mu)  ||d||  lg(rg) alpha_du alpha_pr  ls
  60 -9.4137836e-02 1.63e-01 2.15e+05  -6.0 7.97e+01  -4.4 5.18e-02 4.89e-03h  7
  61 -9.4159087e-02 1.71e-01 2.23e+05  -6.0 1.25e+02  -4.8 2.04e-01 7.73e-03h  6
  62 -9.4174264e-02 1.75e-01 2.39e+05  -6.0 8.48e+01  -4.4 8.69e-02 4.64e-03h  7
  63 -9.4195893e-02 1.83e-01 2.45e+05  -6.0 1.31e+02  -4.9 4.07e-01 7.98e-03h  6
  64 -9.4211639e-02 1.88e-01 2.67e+05  -6.0 9.09e+01  -4.5 1.27e-01 4.83e-03h  7
  65 -9.4224274e-02 1.90e-01 2.65e+05  -6.0 1.38e+02  -4.9 1.29e-01 4.29e-03h  7
  66 -9.4240972e-02 1.94e-01 3.47e+05  -6.0 9.72e+01  -4.5 5.16e-01 5.02e-03h  7
  67 -9.4252425e-02 1.95e-01 3.40e+05  -6.0 1.51e+02  -5.0 5.87e-02 3.48e-03h  3
  68 -9.5712026e-02 3.03e+01 2.13e+05  -6.0 1.06e+02  -4.6 4.98e-01 4.04e-01w  1
  69 -9.5828678e-02 2.99e+01 2.09e+05  -6.0 8.55e+02  -5.0 1.56e-02 1.04e-02w  1
iter    objective    inf_pr   inf_du lg(mu)  ||d||  lg(rg) alpha_du alpha_pr  ls
  70 -9.6953916e-02 2.56e+01 1.43e+05  -6.0 1.46e+02  -4.6 8.68e-02 1.72e-01w  1
  71 -9.4275231e-02 2.01e-01 3.91e+05  -6.0 1.12e+02  -5.1 4.98e-01 6.31e-03h  6
  72 -9.4312132e-02 2.13e-01 3.96e+05  -6.0 1.20e+02  -4.7 3.10e-01 9.26e-03h  5
  73 -9.4330082e-02 2.16e-01 5.68e+05  -6.0 8.03e+01  -4.2 4.93e-01 4.91e-03h  7
  74 -9.4355560e-02 2.29e-01 7.47e+05  -6.0 5.81e+01  -3.8 2.17e-01 8.59e-03h  6
  75 -9.4384826e-02 2.35e-01 7.51e+05  -6.0 9.50e+01  -4.3 9.45e-02 7.05e-03h  5
  76 -9.4401636e-02 2.39e-01 9.35e+05  -6.0 6.33e+01  -3.9 2.51e-01 5.03e-03h  6
  77 -9.4414342e-02 2.42e-01 2.49e+06  -6.0 5.72e+01  -3.4 8.76e-01 5.07e-03h  7
  78 -9.4444348e-02 2.48e-01 2.40e+06  -6.0 8.13e+01  -3.9 1.81e-01 6.84e-03h  4
  79 -9.4462075e-02 2.51e-01 3.56e+06  -6.0 5.84e+01  -3.5 8.97e-01 5.52e-03h  5
iter    objective    inf_pr   inf_du lg(mu)  ||d||  lg(rg) alpha_du alpha_pr  ls
  80 -9.4496608e-02 2.58e-01 3.29e+06  -6.0 9.82e+01  -4.0 2.19e-01 7.90e-03h  5
  81 -9.5031494e-02 4.77e+00 3.28e+06  -6.0 7.20e+01  -3.5 5.96e-01 1.74e-01w  1
  82 -9.6035421e-02 7.10e+00 2.69e+06  -6.0 1.48e+02  -4.0 2.20e-01 1.58e-01w  1
  83 -9.6767402e-02 8.16e+00 2.46e+06  -6.0 1.46e+02  -4.5 1.06e-01 6.02e-02w  1
  84 -9.4513323e-02 2.61e-01 4.05e+06  -6.0 1.07e+02  -3.2 5.96e-01 5.44e-03h  5
  85 -9.4538913e-02 2.67e-01 4.11e+06  -6.0 8.41e+01  -3.6 2.13e-01 7.35e-03h  7
  86 -9.4591152e-02 2.78e-01 2.46e+06  -6.0 1.22e+02  -4.1 7.53e-01 1.01e-02h  6
  87 -9.4618343e-02 2.85e-01 2.68e+06  -6.0 8.76e+01  -3.7 2.27e-01 7.57e-03h  7
  88 -9.4668771e-02 2.96e-01 2.01e+06  -6.0 1.29e+02  -4.2 5.87e-01 1.00e-02h  6
  89 -9.4696532e-02 3.02e-01 2.25e+06  -6.0 9.37e+01  -3.7 2.62e-01 7.44e-03h  7
iter    objective    inf_pr   inf_du lg(mu)  ||d||  lg(rg) alpha_du alpha_pr  ls
  90 -9.4739865e-02 3.09e-01 1.60e+06  -6.0 1.37e+02  -4.2 6.34e-01 8.60e-03h  6
  91 -9.4771247e-02 3.16e-01 1.80e+06  -6.0 9.97e+01  -3.8 2.60e-01 8.17e-03h  7
  92 -9.4816576e-02 3.23e-01 1.16e+06  -6.0 1.44e+02  -4.3 6.22e-01 9.07e-03h  5
  93 -9.4853385e-02 3.32e-01 1.30e+06  -6.0 1.06e+02  -3.8 2.72e-01 9.33e-03h  7
  94 -9.5151117e-02 7.15e-01 7.23e+05  -6.0 1.48e+02  -4.3 4.62e-01 5.91e-02w  1
  95 -9.7343494e-02 3.07e+01 2.90e+05  -6.0 1.14e+02  -3.9 1.04e-03 4.87e-01w  1
  96 -9.7343536e-02 3.07e+01 1.12e+05  -6.0 7.46e+01  -2.6 3.27e-02 5.19e-06w  1
  97 -9.4890601e-02 3.36e-01 7.26e+05  -6.0 9.63e+01  -3.0 4.62e-01 7.38e-03h  3
  98 -9.4911823e-02 3.39e-01 1.08e+06  -6.0 8.09e+01  -3.5 2.30e-01 5.85e-03h  7
  99 -9.4946824e-02 3.44e-01 6.36e+05  -6.0 1.24e+02  -4.0 6.77e-01 8.30e-03h  7
iter    objective    inf_pr   inf_du lg(mu)  ||d||  lg(rg) alpha_du alpha_pr  ls
 100 -9.4974237e-02 3.50e-01 8.94e+05  -6.0 9.07e+01  -3.6 2.82e-01 7.58e-03h  7
 101 -9.5034288e-02 3.67e-01 3.03e+05  -6.0 1.31e+02  -4.1 3.27e-01 1.36e-02h  6
 102 -9.5067845e-02 3.74e-01 3.84e+05  -6.0 9.92e+01  -3.6 5.24e-01 8.86e-03h  7
 103 -9.5113204e-02 3.83e-01 3.95e+05  -6.0 1.40e+02  -4.1 6.78e-02 7.79e-03h  5
 104 -9.5141430e-02 3.87e-01 6.19e+05  -6.0 1.08e+02  -3.7 8.26e-01 7.12e-03h  7
 105 -9.5162313e-02 3.89e-01 6.20e+05  -6.0 2.93e+03  -4.2 2.10e-03 2.74e-04h  2
 106 -9.5192911e-02 3.95e-01 6.29e+05  -6.0 1.20e+02  -3.7 1.76e-01 8.30e-03h  6
 107 -9.5356293e-02 6.16e-01 7.31e+05  -6.0 8.61e+01  -3.3 3.32e-01 4.15e-02w  1
 108 -9.5620078e-02 7.60e+00 7.16e+05  -6.0 4.40e+02  -3.8 1.79e-02 2.30e-02w  1
 109 -9.5923206e-02 7.13e+00 6.08e+05  -6.0 1.43e+02  -4.3 8.02e-03 6.88e-02w  1
iter    objective    inf_pr   inf_du lg(mu)  ||d||  lg(rg) alpha_du alpha_pr  ls
 110 -9.5213334e-02 3.97e-01 7.70e+05  -6.0 1.51e+02  -3.8 3.32e-01 5.19e-03h  3
 111 -9.5234176e-02 3.99e-01 7.78e+05  -6.0 9.96e+01  -3.4 4.28e-02 5.80e-03h  7
 112 -9.5247265e-02 3.99e-01 7.71e+05  -6.0 1.55e+02  -3.9 5.54e-02 2.09e-03h  6
 113 -9.5281073e-02 4.07e-01 7.81e+05  -6.0 1.05e+02  -3.5 6.57e-02 8.96e-03h  6
 114 -9.5309843e-02 4.10e-01 1.48e+06  -6.0 7.62e+01  -3.0 1.00e+00 6.47e-03h  3
 115 -9.5324942e-02 4.10e-01 1.48e+06  -6.0 1.26e+02  -3.5 8.04e-03 3.67e-03h  4
 116 -9.5353278e-02 4.16e-01 1.81e+06  -6.0 9.42e+01  -3.1 5.22e-01 8.34e-03h  4
 117 -9.5359936e-02 4.16e-01 1.81e+06  -6.0 1.34e+02  -3.6 1.52e-02 1.40e-03h  7
 118 -9.5380510e-02 4.18e-01 2.05e+06  -6.0 1.05e+02  -3.1 4.98e-01 5.88e-03h  5
 119 -9.5385744e-02 4.18e-01 2.03e+06  -6.0 1.85e+02  -3.6 2.48e-02 7.49e-04h  7
iter    objective    inf_pr   inf_du lg(mu)  ||d||  lg(rg) alpha_du alpha_pr  ls
 120 -9.6092455e-02 5.17e+00 1.81e+06  -6.0 1.12e+02  -3.2 6.95e-01 1.87e-01w  1
 121 -9.6254313e-02 5.01e+00 1.72e+06  -6.0 1.68e+02  -3.7 7.99e-02 3.77e-02w  1
 122 -9.6583879e-02 4.82e+00 1.75e+06  -6.0 1.42e+02  -3.2 4.85e-01 6.73e-02w  1
 123 -9.5396787e-02 4.18e-01 2.24e+06  -6.0 1.66e+02  -3.7 6.95e-01 2.93e-03h  6
 124 -9.5417902e-02 4.19e-01 2.23e+06  -6.0 1.26e+02  -3.3 2.50e-02 5.19e-03h  6
 125 -9.5420320e-02 4.19e-01 2.18e+06  -6.0 2.58e+02  -3.8 3.89e-02 2.57e-04h  8
 126 -9.5422880e-02 4.19e-01 2.14e+06  -6.0 2.15e+02  -4.2 1.81e-02 3.16e-04h  8
 127 -9.5442878e-02 4.19e-01 2.03e+06  -6.0 1.77e+02  -3.8 8.22e-02 5.21e-03h  6
 128 -9.5462589e-02 4.16e-01 2.00e+06  -6.0 2.17e+02  -4.3 1.50e-02 7.46e-03h  4
 129 -9.5494450e-02 4.17e-01 7.37e+05  -6.0 1.83e+02  -3.9 9.68e-01 9.58e-03h  5
iter    objective    inf_pr   inf_du lg(mu)  ||d||  lg(rg) alpha_du alpha_pr  ls
 130 -9.5529204e-02 4.08e-01 7.16e+05  -6.0 2.24e+02  -4.3 2.89e-02 2.82e-02h  2
 131 -9.5719398e-02 4.54e-01 6.43e+05  -6.0 1.82e+02  -3.9 1.74e-01 7.27e-02h  3
 132 -9.5773344e-02 4.44e-01 5.52e+05  -6.0 2.01e+02  -4.4 2.12e-01 2.55e-02h  1
 133 -9.5951956e-02 4.45e-01 4.92e+05  -6.0 1.68e+02  -4.0 4.50e-01 5.31e-02h  3
 134 -9.5988422e-02 4.38e-01 4.15e+05  -6.0 1.87e+02  -4.4 2.85e-01 1.54e-02h  4
 135 -9.6260803e-02 4.15e-01 3.83e+05  -6.0 1.61e+02  -4.0 7.18e-01 7.52e-02h  2
 136 -9.6262360e-02 3.71e-01 3.83e+05  -6.0 1.36e+03  -4.5 1.14e-02 1.34e-03h  5
 137 -9.6488273e-02 3.39e-01 3.60e+05  -6.0 1.53e+02  -4.1 5.91e-01 5.92e-02h  1
 138 -9.6733298e-02 3.48e-01 3.72e+05  -6.0 1.13e+02  -3.6 2.64e-01 4.91e-02h  1
 139 -9.7481761e-02 2.57e-01 2.94e+05  -6.0 1.01e+02  -4.1 1.31e-01 1.80e-01h  3
iter    objective    inf_pr   inf_du lg(mu)  ||d||  lg(rg) alpha_du alpha_pr  ls
 140 -9.8405243e-02 3.11e-01 3.36e+05  -6.0 1.03e+02  -3.7 4.98e-01 1.36e-01h  3
 141 -1.0564901e-01 1.23e+01 1.51e+07  -6.0 1.06e+02  -4.2 1.28e-01 7.66e-01H  1
 142 -1.0717706e-01 9.73e+00 1.17e+07  -6.0 1.88e+01  -3.7 3.95e-01 2.28e-01h  1
 143 -1.0717705e-01 9.73e+00 1.17e+07  -6.0 3.87e+00   1.2 2.11e-04 5.02e-05h  1
 144 -1.0717695e-01 9.73e+00 1.17e+07  -6.0 2.38e+00   1.6 1.14e-04 2.38e-04h  1
 145 -1.0717650e-01 9.72e+00 1.17e+07  -6.0 2.50e+00   1.1 2.21e-04 7.16e-04h  1
 146 -1.0717606e-01 9.72e+00 1.16e+07  -6.0 2.45e+00   1.6 9.24e-04 6.28e-04h  1
 147 -1.0717400e-01 9.67e+00 1.16e+07  -6.0 2.81e+00   1.1 8.56e-04 4.49e-03h  1
In iteration 147, 1 Slack too small, adjusting variable bound
 148 -1.0717258e-01 9.65e+00 1.16e+07  -6.0 2.56e+00   1.5 2.85e-03 2.30e-03h  1
In iteration 148, 1 Slack too small, adjusting variable bound
 149 -1.0717090e-01 9.63e+00 1.15e+07  -6.0 2.53e+00   1.9 4.68e-03 2.10e-03h  1
iter    objective    inf_pr   inf_du lg(mu)  ||d||  lg(rg) alpha_du alpha_pr  ls
 150 -1.0716428e-01 9.54e+00 1.14e+07  -6.0 2.67e+00   1.5 3.61e-03 9.52e-03h  1
 151 -1.0715577e-01 9.45e+00 1.13e+07  -6.0 2.62e+00   1.9 2.20e-02 9.41e-03h  1
 152 -1.0715816e-01 9.42e+00 1.13e+07  -6.0 1.69e+01   1.4 2.57e-03 3.36e-03h  1
 153 -1.0712759e-01 9.06e+00 1.09e+07  -6.0 2.58e+00   1.8 2.77e-02 3.77e-02h  1
 154 -1.0711074e-01 8.88e+00 2.49e+07  -6.0 2.42e+00   2.3 3.77e-02 1.95e-02h  1
 155 -1.0710773e-01 8.82e+00 3.20e+07  -6.0 5.11e+00   1.8 2.90e-02 7.17e-03h  1
 156 -1.0703343e-01 8.00e+00 5.62e+07  -6.0 2.31e+00   2.2 1.19e-01 9.23e-02h  1
 157 -1.0704173e-01 7.78e+00 5.45e+07  -6.0 1.29e+01   1.7 2.04e-02 2.76e-02h  1
 158 -1.0702755e-01 7.64e+00 2.56e+08  -6.0 1.86e+00   2.2 4.02e-01 1.77e-02h  4
 159 -1.0702234e-01 7.58e+00 2.29e+08  -6.0 1.91e+00   1.7 1.29e-01 8.55e-03h  5
iter    objective    inf_pr   inf_du lg(mu)  ||d||  lg(rg) alpha_du alpha_pr  ls
 160 -1.0702161e-01 7.57e+00 3.28e+08  -6.0 1.80e+00   2.1 4.36e-01 9.32e-04h  8
 161 -1.0702149e-01 7.57e+00 2.86e+08  -6.0 2.02e+00   1.6 1.35e-01 2.68e-04h 10
 162 -1.0702147e-01 7.57e+00 3.37e+08  -6.0 1.78e+00   2.1 5.18e-01 3.03e-05h 13
 163 -1.0712152e-01 5.83e+00 3.19e+08  -6.0 3.46e+00   1.6 5.72e-02 2.28e-01h  1
 164 -1.0715353e-01 5.69e+00 4.47e+07  -6.0 1.86e+00   1.1 5.80e-01 2.30e-02h  1
 165 -1.0739577e-01 4.58e+00 4.12e+07  -6.0 1.21e+01   0.6 1.74e-01 1.96e-01h  1
 166 -1.0747988e-01 4.24e+00 1.76e+07  -6.0 1.45e+00   1.1 1.73e-01 7.35e-02h  1
 167 -1.0749986e-01 4.16e+00 1.06e+08  -6.0 1.45e+00   0.6 6.44e-01 1.95e-02h  1
 168 -1.0771437e-01 3.30e+00 7.05e+07  -6.0 1.33e+00   1.0 1.92e-06 2.06e-01h  1
 169r-1.0771437e-01 3.30e+00 1.00e+03  -0.1 0.00e+00   0.5 0.00e+00 3.03e-07R  5
iter    objective    inf_pr   inf_du lg(mu)  ||d||  lg(rg) alpha_du alpha_pr  ls
 170r-1.0761116e-01 3.30e+00 1.01e+03  -0.1 1.26e+05    -  2.28e-07 4.20e-08f  1
 171 -1.0761631e-01 3.26e+00 2.69e+02  -6.0 6.89e+00    -  4.58e-05 1.23e-02h  1
 172 -1.0761966e-01 3.24e+00 3.06e+02  -6.0 6.14e+00    -  5.12e-01 6.41e-03h  1
 173 -1.0784544e-01 1.84e+00 1.62e+03  -6.0 6.09e+00    -  1.14e-02 4.33e-01h  1
 174 -1.0797793e-01 1.07e+00 9.40e+02  -6.0 3.46e+00    -  7.67e-01 4.19e-01h  1
 175 -1.0820156e-01 1.06e-01 8.90e+01  -6.0 2.54e+00    -  8.90e-01 9.05e-01h  1
 176 -1.0861263e-01 1.16e-03 1.58e+01  -6.0 4.62e+00    -  6.89e-01 1.00e+00h  1
 177 -1.1009750e-01 2.92e-02 2.72e+01  -6.0 1.55e+01    -  2.30e-01 9.59e-01h  1
 178 -1.1183531e-01 5.28e-02 1.15e+01  -6.0 1.55e+01    -  5.92e-01 1.00e+00h  1
 179 -1.1654094e-01 3.52e-01 1.28e+01  -6.0 5.38e+01    -  1.09e-01 2.86e-01h  1
iter    objective    inf_pr   inf_du lg(mu)  ||d||  lg(rg) alpha_du alpha_pr  ls
 180 -1.2259416e-01 9.26e-01 1.77e+01  -6.0 5.76e+01    -  2.61e-01 4.77e-01h  1
 181 -1.3467281e-01 3.92e+00 5.21e+01  -6.0 1.22e+02    -  4.29e-01 6.27e-01h  1
 182 -1.4502275e-01 5.19e+00 5.10e+01  -6.0 2.83e+02    -  1.63e-01 1.57e-01h  1
 183 -1.4648220e-01 4.42e+00 6.70e+02  -6.0 7.95e+01    -  2.79e-01 2.02e-01h  1
 184 -1.5535701e-01 4.79e+00 3.30e+03  -6.0 2.98e+02    -  3.49e-01 1.50e-01h  1
 185 -1.5799333e-01 4.61e+00 9.68e+03  -6.0 2.79e+02    -  4.91e-01 6.00e-02h  1
 186 -1.5936529e-01 4.49e+00 6.20e+03  -6.0 4.63e+02    -  5.33e-01 2.88e-02h  1
 187 -1.5937015e-01 4.49e+00 5.32e+04  -6.0 7.67e+00   0.1 8.90e-06 3.00e-04h  1
 188 -1.5937287e-01 4.49e+00 5.51e+04  -6.0 6.58e+00  -0.4 5.73e-05 2.68e-04h  1
 189 -1.5941190e-01 4.46e+00 7.98e+04  -6.0 3.21e+00  -0.9 6.66e-05 8.24e-03h  1
iter    objective    inf_pr   inf_du lg(mu)  ||d||  lg(rg) alpha_du alpha_pr  ls
 190 -1.5941450e-01 4.45e+00 7.97e+04  -6.0 1.45e+00  -1.4 4.19e-03 1.07e-03h  1
 191 -1.5942926e-01 4.42e+00 7.91e+04  -6.0 1.31e+00  -1.9 7.68e-03 7.68e-03h  1
 192 -1.5952234e-01 4.21e+00 7.55e+04  -6.0 1.78e+00  -2.3 1.32e-02 4.55e-02h  1
 193 -1.5961289e-01 4.06e+00 7.27e+04  -6.0 2.91e+00  -2.8 6.41e-02 3.73e-02h  1
 194 -1.5980309e-01 3.71e+00 6.64e+04  -6.0 2.88e+00  -3.3 4.50e-02 8.57e-02h  1
 195 -1.5994400e-01 3.48e+00 6.24e+04  -6.0 4.91e+00  -3.8 1.51e-01 6.13e-02h  1
 196 -1.6094516e-01 2.56e+00 4.58e+04  -6.0 8.37e+00  -4.2 6.23e-01 2.65e-01h  1
 197 -1.6195342e-01 2.09e+00 3.73e+04  -6.0 1.57e+01  -4.7 2.18e-01 1.85e-01h  1
 198 -1.6319989e-01 1.93e+00 3.43e+04  -6.0 3.53e+01  -5.2 1.72e-01 8.19e-02h  1
 199 -1.6321239e-01 1.92e+00 3.42e+04  -6.0 3.97e+01  -5.7 6.50e-01 1.34e-03h  1
iter    objective    inf_pr   inf_du lg(mu)  ||d||  lg(rg) alpha_du alpha_pr  ls
 200 -1.6404099e-01 1.75e+00 3.11e+04  -6.0 5.59e+01  -6.1 8.29e-01 9.13e-02h  1
 201 -1.6431192e-01 1.73e+00 3.07e+04  -6.0 3.15e+02  -6.6 4.42e-02 1.22e-02h  1
 202 -1.6492960e-01 1.57e+00 2.77e+04  -6.0 3.88e+01  -6.2 9.98e-01 9.77e-02h  1
 203 -1.6663833e-01 1.08e+00 1.98e+04  -6.0 8.95e+01  -6.7 6.87e-01 2.85e-01h  1
 204 -1.7335287e-01 5.82e-01 1.21e+03  -6.0 2.37e+01  -6.3 1.00e+00 1.00e+00h  1
 205 -1.7422849e-01 4.75e-01 9.73e+02  -6.0 1.46e+01  -4.9 1.79e-01 1.96e-01h  1
 206 -1.8313266e-01 1.04e+00 5.89e+03  -6.0 7.54e+01  -5.4 1.37e-01 3.07e-01h  1
 207 -1.8488417e-01 1.02e+00 5.36e+03  -6.0 7.10e+01  -5.9 6.09e-02 5.19e-02h  1
 208 -1.8520630e-01 9.77e-01 8.74e+03  -6.0 8.68e+01  -6.4 3.05e-01 4.60e-02h  1
 209 -1.8891096e-01 8.57e-01 7.29e+03  -6.0 1.29e+02  -6.8 2.35e-01 2.11e-01h  1
iter    objective    inf_pr   inf_du lg(mu)  ||d||  lg(rg) alpha_du alpha_pr  ls
 210 -1.8956592e-01 8.53e-01 2.45e+04  -6.0 1.71e+02  -7.3 3.02e-01 5.09e-02h  1
 211 -1.9033226e-01 8.53e-01 2.28e+04  -6.0 3.62e+01  -6.9 1.76e-01 1.24e-01h  1
 212 -1.9115024e-01 1.14e+00 2.66e+04  -6.0 1.34e+02  -7.4 2.39e-01 1.04e-01h  1
 213 -1.9401003e-01 2.23e+00 6.96e+06  -6.0 4.20e+01  -6.9 3.68e-03 5.20e-01h  1
 214 -1.9526830e-01 1.67e+00 4.51e+06  -6.0 1.34e+02  -7.4 2.40e-03 3.51e-01h  1
 215 -1.9539955e-01 1.31e+00 3.52e+06  -6.0 4.21e+01  -7.0 4.12e-01 2.19e-01h  1
 216 -1.9568508e-01 1.14e+00 3.05e+06  -6.0 1.44e+02  -7.5 7.21e-02 1.32e-01h  1
 217 -1.9603394e-01 9.88e-01 1.19e+06  -6.0 4.42e+01  -7.0 1.00e+00 6.09e-01h  1
 218 -1.9663497e-01 7.04e-01 8.36e+05  -6.0 1.53e+02  -7.5 1.00e+00 2.99e-01h  1
 219 -1.9719328e-01 4.05e-01 5.65e+03  -6.0 5.17e+01  -7.1 4.86e-01 1.00e+00h  1
iter    objective    inf_pr   inf_du lg(mu)  ||d||  lg(rg) alpha_du alpha_pr  ls
 220 -1.9809699e-01 1.19e+00 3.88e+03  -6.0 2.58e+02  -7.6 4.84e-01 3.10e-01h  1
 221 -1.9907171e-01 6.62e-01 3.20e+01  -6.0 7.69e+01  -7.1 3.88e-01 1.00e+00h  1
 222 -1.9939973e-01 1.14e+00 3.13e+01  -6.0 2.01e+03  -7.6 7.02e-02 2.31e-02h  1
 223 -1.9965322e-01 1.15e+00 3.06e+01  -6.0 1.22e+03  -8.1 7.55e-02 2.12e-02h  1
 224 -2.0024567e-01 1.19e+00 5.18e+01  -6.0 6.14e+02  -7.7 5.03e-01 1.08e-01f  1
 225 -2.0203730e-01 2.90e-01 1.48e+01  -6.0 1.14e+02  -7.2 6.32e-01 1.00e+00h  1
 226 -2.0257042e-01 3.43e-01 1.07e+02  -6.0 4.27e+02  -7.7 7.43e-01 8.39e-02h  1
 227 -2.0276371e-01 3.44e-01 9.64e+01  -6.0 1.09e+03  -8.2 6.28e-01 1.71e-02h  1
 228 -2.0585046e-01 1.20e+00 1.96e+01  -6.0 3.81e+02  -7.8 1.00e+00 6.95e-01f  1
 229 -2.1254083e-01 1.53e+01 5.16e+01  -6.0 1.27e+03  -8.2 3.87e-01 5.76e-01h  1
iter    objective    inf_pr   inf_du lg(mu)  ||d||  lg(rg) alpha_du alpha_pr  ls
 230 -2.1333897e-01 1.45e+01 3.46e+01  -6.0 4.82e+02  -7.8 5.58e-01 1.57e-01h  1
 231 -2.1414941e-01 1.29e+01 5.56e+01  -6.0 5.96e+02  -8.3 5.21e-01 1.15e-01h  1
 232 -2.1567350e-01 7.13e+00 2.03e+01  -6.0 2.92e+02  -7.9 1.00e+00 5.11e-01h  1
 233 -2.1621093e-01 6.31e+00 2.38e+02  -6.0 4.29e+02  -8.3 4.91e-01 1.16e-01h  1
 234 -2.2027004e-01 6.13e+01 8.57e+01  -6.0 4.84e+03  -8.8 8.26e-02 4.05e-01h  1
 235 -2.2057355e-01 4.68e+01 7.83e+04  -6.0 1.86e+03  -8.4 1.00e+00 3.53e-01h  1
 236 -2.2084168e-01 4.41e+01 8.60e+04  -6.0 3.31e+03  -8.9 9.80e-04 5.70e-02h  1
 237 -2.2797196e-01 2.44e+01 1.20e+05  -6.0 2.98e+03  -9.4 5.88e-03 4.73e-01h  1
 238 -2.3019501e-01 1.39e+01 1.48e+05  -6.0 3.94e+03  -8.9 2.39e-02 4.36e-01h  1
 239 -2.2993722e-01 1.16e+01 1.24e+05  -6.0 4.50e+03  -9.4 1.49e-01 2.01e-01f  1
iter    objective    inf_pr   inf_du lg(mu)  ||d||  lg(rg) alpha_du alpha_pr  ls
 240 -2.3110783e-01 2.63e+00 5.12e+04  -6.0 1.59e+02  -8.1 5.20e-01 1.00e+00h  1
 241 -2.3162104e-01 3.68e+00 4.09e+04  -6.0 2.33e+02  -7.6 2.18e-01 3.36e-02h  1
 242 -2.3242170e-01 1.95e+00 1.09e+04  -6.0 2.01e+02  -8.1 7.86e-01 5.42e-01h  1
 243 -2.3331618e-01 1.80e+00 4.08e+05  -6.0 6.43e+02  -8.6 1.01e-02 2.62e-01h  1
 244 -2.3699496e-01 2.30e+00 6.46e+03  -6.0 5.54e+02  -9.1 4.07e-03 1.00e+00h  1
 245 -2.3691014e-01 7.83e-01 5.57e+03  -6.0 8.33e+00  -5.9 2.52e-01 6.59e-01h  1
 246 -2.3651942e-01 3.78e+00 4.46e+03  -6.0 1.05e+01  -6.4 2.62e-01 1.00e+00h  1
 247 -2.3669264e-01 4.48e-03 1.57e+03  -6.0 1.61e+00  -5.1 6.44e-01 1.00e+00h  1
 248 -2.3674268e-01 6.56e-02 2.55e+00  -6.0 1.26e+00  -5.6 1.00e+00 1.00e+00h  1
 249 -2.3673758e-01 2.88e-01 1.40e+00  -6.0 2.61e+00  -6.0 1.00e+00 1.00e+00h  1
iter    objective    inf_pr   inf_du lg(mu)  ||d||  lg(rg) alpha_du alpha_pr  ls
 250 -2.3674741e-01 1.12e+00 7.01e-01  -6.0 5.01e+00  -6.5 1.00e+00 1.00e+00h  1
 251 -2.3676067e-01 8.94e-01 1.08e+00  -6.0 8.26e+00  -7.0 1.00e+00 2.56e-01h  1
 252 -2.3689807e-01 2.92e-02 1.01e-01  -6.0 2.41e+01  -7.5 1.00e+00 9.87e-01h  1
 253 -2.3717298e-01 3.02e-02 4.41e+00  -6.0 6.13e+01  -8.0 1.00e+00 7.25e-01f  1
 254 -2.3777965e-01 3.18e-01 7.04e+00  -6.0 1.51e+02  -8.4 1.00e+00 7.78e-01h  1
 255 -2.3800721e-01 2.09e-01 3.09e+01  -6.0 3.27e+02  -8.9 3.85e-01 1.51e-01h  1
 256 -2.4061414e-01 5.60e+00 3.57e+01  -6.0 6.52e+02  -9.4 1.48e-01 8.83e-01h  1
 257 -2.4051258e-01 1.94e+00 1.21e+01  -6.0 9.99e+01  -8.1 7.35e-01 6.57e-01h  1
 258 -2.4085312e-01 1.48e+00 6.38e+01  -6.0 1.29e+02  -8.5 6.26e-01 1.00e+00h  1
 259 -2.4095822e-01 1.32e+00 7.28e+01  -6.0 4.62e+02  -9.0 1.71e-01 7.82e-02h  1
iter    objective    inf_pr   inf_du lg(mu)  ||d||  lg(rg) alpha_du alpha_pr  ls
 260 -2.4285130e-01 1.08e+01 2.55e+01  -6.0 1.31e+03  -9.5 1.00e+00 1.00e+00h  1
 261 -2.4354615e-01 1.13e+01 4.48e+02  -6.0 1.63e+03 -10.0 3.09e-02 2.37e-01h  1
 262 -2.4486283e-01 1.46e+01 1.11e+03  -6.0 3.63e+03  -9.5 9.83e-02 1.87e-01h  1
 263 -2.4496845e-01 1.39e+01 1.82e+03  -6.0 5.15e+02  -9.1 4.34e-01 4.43e-02h  1
 264 -2.4546725e-01 1.38e+01 1.46e+03  -6.0 3.12e+03  -9.6 3.79e-02 7.06e-02h  1
 265 -2.4600204e-01 1.23e+01 3.63e+02  -6.0 1.16e+03  -9.2 2.87e-02 1.62e-01h  1
 266 -2.4601364e-01 1.20e+01 3.29e+02  -6.0 1.60e+02  -6.9 2.31e-02 2.22e-02h  1
 267 -2.4654653e-01 3.92e-01 7.46e+03  -6.0 5.28e+01  -7.4 2.67e-01 1.00e+00h  1
 268 -2.4673282e-01 2.65e-01 1.22e+04  -6.0 1.01e+02  -7.9 1.58e-01 6.95e-01h  1
 269 -2.4688769e-01 1.68e-01 8.15e+03  -6.0 1.67e+02  -8.4 1.00e+00 3.66e-01f  1
iter    objective    inf_pr   inf_du lg(mu)  ||d||  lg(rg) alpha_du alpha_pr  ls
 270 -2.4807806e-01 3.09e+00 3.70e+02  -6.0 3.21e+02  -8.8 3.51e-01 1.00e+00h  1
 271 -2.4970789e-01 5.87e+00 3.34e+02  -6.0 4.75e+02  -9.3 3.75e-02 1.00e+00h  1
 272 -2.5208691e-01 2.38e+01 3.29e+02  -6.0 4.45e+04  -9.8 3.01e-03 2.09e-02h  1
 273 -2.5285065e-01 2.20e+01 3.24e+02  -6.0 3.06e+03 -10.3 2.01e-02 1.59e-01h  1
 274 -2.5318166e-01 2.00e+01 2.23e+02  -6.0 1.03e+03  -8.9 3.08e-01 1.03e-01h  1
 275 -2.5332395e-01 1.11e+01 1.02e+02  -6.0 4.94e+02  -9.4 5.41e-01 4.54e-01h  1
 276 -2.5384536e-01 7.18e+00 6.36e+01  -6.0 1.43e+03  -9.9 3.80e-01 3.57e-01h  1
 277 -2.5425539e-01 1.63e+00 9.03e+00  -6.0 4.91e+02  -9.5 1.00e+00 7.77e-01h  1
 278 -2.5445656e-01 1.47e+00 4.53e+01  -6.0 3.89e+03 -10.0 5.97e-01 2.40e-01h  1
 279 -2.5464104e-01 1.92e+00 3.78e+02  -6.0 2.33e+03 -10.4 2.63e-01 1.84e-01h  1
iter    objective    inf_pr   inf_du lg(mu)  ||d||  lg(rg) alpha_du alpha_pr  ls
 280 -2.5471409e-01 2.21e+00 3.59e+03  -6.0 1.93e+03 -10.0 7.38e-01 7.98e-02h  1
 281 -2.5479176e-01 1.86e+00 3.02e+03  -6.0 7.81e+02  -9.6 1.51e-01 1.64e-01h  1
 282 -2.5487376e-01 3.95e+01 2.94e+03  -6.0 7.42e+04    -  3.40e-02 2.29e-02h  1
 283 -2.5508870e-01 3.95e+01 2.96e+03  -6.0 1.51e+05    -  7.16e-03 9.54e-03h  1
 284 -2.5509474e-01 4.10e+01 2.83e+03  -6.0 1.43e+04    -  1.55e-02 3.34e-02h  1
 285 -2.5512301e-01 3.74e+01 5.06e+03  -6.0 1.57e+02  -8.2 5.59e-03 8.61e-02f  1
 286 -2.5511744e-01 3.74e+01 5.06e+03  -6.0 1.88e+04    -  4.31e-02 6.60e-03f  2
 287 -2.5514976e-01 4.60e+01 4.74e+03  -6.0 1.08e+04    -  2.73e-01 9.20e-02h  1
 288 -2.5527732e-01 5.43e+01 3.95e+03  -6.0 7.47e+03  -8.7 1.39e-01 2.60e-01h  1
 289 -2.5532347e-01 4.92e+01 3.65e+03  -6.0 1.45e+03  -9.2 6.91e-02 9.84e-02h  1
iter    objective    inf_pr   inf_du lg(mu)  ||d||  lg(rg) alpha_du alpha_pr  ls
 290 -2.5532456e-01 4.89e+01 3.60e+03  -6.0 2.36e+04    -  9.45e-04 6.29e-03h  1
 291 -2.5532181e-01 4.85e+01 3.63e+03  -6.0 7.81e+04    -  1.91e-02 8.30e-03h  1
 292 -2.5536369e-01 4.39e+01 2.83e+03  -6.0 5.25e+03    -  1.88e-02 1.01e-01h  1
 293 -2.5543843e-01 3.39e+01 2.87e+04  -6.0 1.30e+02  -7.0 6.76e-03 2.27e-01h  1
 294 -2.5553750e-01 7.96e-01 7.30e+03  -6.0 9.81e+01  -7.4 1.24e-01 1.00e+00h  1
 295 -2.5573953e-01 4.68e+00 6.03e+03  -6.0 1.95e+02  -7.0 1.04e-01 1.85e-01h  1
 296 -2.5552246e-01 6.04e-01 5.32e+02  -6.0 6.11e+01  -7.5 8.19e-01 1.00e+00h  1
 297 -2.5577806e-01 6.88e+00 5.82e+00  -6.0 4.51e+01  -7.1 1.00e+00 1.00e+00h  1
 298 -2.5612774e-01 1.25e+01 1.08e+01  -6.0 3.09e+01  -6.6 4.58e-01 5.18e-01h  1
 299 -2.5626770e-01 1.31e+01 1.18e+01  -6.0 2.66e+01  -7.1 1.00e+00 3.00e-01h  1
iter    objective    inf_pr   inf_du lg(mu)  ||d||  lg(rg) alpha_du alpha_pr  ls
 300 -2.5636238e-01 5.93e+00 7.05e+00  -6.0 3.61e+01  -7.6 1.00e+00 5.74e-01h  1
 301 -2.5640757e-01 4.51e+00 5.57e+00  -6.0 1.16e+02  -8.1 4.18e-01 2.39e-01h  1
 302 -2.5656194e-01 2.58e+00 5.27e+00  -6.0 3.79e+02  -8.6 4.96e-01 4.28e-01h  1
 303 -2.5673018e-01 2.38e-01 2.68e+00  -6.0 1.18e+02  -9.0 1.00e+00 1.00e+00h  1
 304 -2.5687235e-01 8.09e-01 3.71e+02  -6.0 4.40e+02  -8.6 3.53e-01 3.96e-01h  1
 305 -2.5695995e-01 7.92e-01 2.92e+03  -6.0 2.24e+02  -9.1 1.00e+00 5.96e-01h  1
 306 -2.5702306e-01 8.01e-01 2.42e+06  -6.0 3.83e+02  -9.6 6.48e-03 1.00e+00h  1
 307 -2.5701114e-01 1.88e-01 9.61e+00  -6.0 1.47e+02  -9.1 9.39e-01 1.00e+00h  1
 308 -2.5703853e-01 5.21e-01 1.12e-01  -6.0 4.32e+02  -9.6 1.00e+00 1.00e+00h  1
 309 -2.5704504e-01 9.76e-02 1.80e-02  -6.0 1.60e+02  -9.2 1.00e+00 1.00e+00h  1
iter    objective    inf_pr   inf_du lg(mu)  ||d||  lg(rg) alpha_du alpha_pr  ls
 310 -2.5706629e-01 6.62e-01 5.03e-01  -6.0 4.67e+02  -9.7 1.00e+00 8.59e-01h  1
 311 -2.5712255e-01 9.44e-01 1.19e+00  -6.0 1.28e+03 -10.1 1.00e+00 1.00e+00h  1
 312 -2.5713445e-01 2.85e-01 2.21e-01  -6.0 4.63e+02  -9.7 1.00e+00 1.00e+00h  1
 313 -2.5718536e-01 1.49e+00 1.44e+00  -6.0 1.26e+03 -10.2 1.00e+00 1.00e+00h  1
 314 -2.5724040e-01 7.80e+00 4.66e+01  -6.0 1.79e+04    -  2.04e-01 6.72e-02h  1
 315 -2.5742869e-01 1.30e+01 4.17e+01  -6.0 5.30e+04    -  9.02e-02 8.15e-02h  1
 316 -2.5752312e-01 1.05e+01 3.73e+01  -6.0 1.94e+03    -  1.78e-03 1.45e-01h  1
 317 -2.5758837e-01 5.59e+00 1.50e+01  -6.0 2.63e+03    -  8.30e-01 4.38e-01h  1
 318 -2.5767941e-01 2.12e+01 2.63e+01  -6.0 3.12e+03    -  2.42e-03 2.15e-01H  1
 319 -2.5790082e-01 1.12e+01 1.04e+03  -6.0 9.30e+02    -  1.65e-01 6.17e-01h  1
iter    objective    inf_pr   inf_du lg(mu)  ||d||  lg(rg) alpha_du alpha_pr  ls
 320 -2.5829041e-01 1.25e+01 6.21e+02  -6.0 5.15e+02  -9.8 1.97e-01 4.28e-01h  1
 321 -2.5834848e-01 8.97e+00 4.96e+01  -6.0 1.68e+02  -9.3 3.68e-01 7.42e-01h  1
 322 -2.5847107e-01 8.47e+00 2.73e+01  -6.0 4.49e+03    -  2.83e-02 5.91e-02h  1
 323 -2.5849859e-01 7.85e+00 9.34e+01  -6.0 4.16e+03    -  2.07e-01 7.85e-02h  1
 324 -2.5857022e-01 2.75e+01 2.50e+02  -6.0 4.92e+03    -  5.30e-01 2.78e-01h  1
 325 -2.5858099e-01 2.69e+01 2.66e+02  -6.0 5.34e+03  -9.8 1.36e-02 2.13e-02h  1
 326 -2.5878451e-01 2.28e+01 4.19e+02  -6.0 2.80e+03  -9.4 7.21e-02 1.50e-01h  1
 327 -2.5878216e-01 2.37e+01 9.10e+02  -6.0 1.64e+05    -  1.69e-02 1.59e-03h  2
 328 -2.5877618e-01 2.97e+01 8.72e+02  -6.0 1.12e+04    -  3.59e-02 7.04e-02h  1
 329 -2.5878437e-01 2.89e+01 8.36e+02  -6.0 3.26e+03    -  1.33e-01 2.03e-01h  1
iter    objective    inf_pr   inf_du lg(mu)  ||d||  lg(rg) alpha_du alpha_pr  ls
 330 -2.5880548e-01 2.88e+01 8.05e+02  -6.0 5.46e+03    -  4.53e-02 7.50e-02h  2
 331 -2.5880573e-01 2.87e+01 6.11e+02  -6.0 6.20e+03    -  2.16e-01 2.88e-03h  2
 332 -2.5880465e-01 2.84e+01 4.14e+02  -6.0 1.07e+03  -9.9 2.70e-01 1.03e-02h  4
 333 -2.5879888e-01 2.60e+01 3.22e+02  -6.0 1.09e+03 -10.3 2.20e-01 8.31e-02h  1
 334 -2.5873983e-01 2.27e+01 2.90e+02  -6.0 6.23e+02  -9.9 9.03e-02 1.29e-01h  1
 335 -2.5855369e-01 1.63e+01 2.10e+02  -6.0 1.13e+03 -10.4 2.68e-01 2.83e-01h  1
 336 -2.5839661e-01 1.41e+01 1.49e+02  -6.0 2.18e+03    -  1.00e+00 1.37e-01h  2
 337 -2.5831352e-01 1.35e+01 1.45e+02  -6.0 1.56e+03    -  2.47e-03 4.45e-02h  2
 338 -2.5829032e-01 1.33e+01 1.41e+02  -6.0 1.24e+03    -  1.01e-01 1.39e-02h  3
Error in an AMPL evaluation. Run with "halt_on_ampl_error yes" to see details.
Warning: Cutting back alpha due to evaluation error
 339 -2.5829030e-01 1.33e+01 1.37e+02  -6.0 7.86e+00  -2.5 1.14e-02 2.36e-04h  2
iter    objective    inf_pr   inf_du lg(mu)  ||d||  lg(rg) alpha_du alpha_pr  ls
 340 -2.5828953e-01 1.33e+01 1.39e+02  -6.0 1.64e+03    -  6.51e-01 5.02e-04h  8
 341 -2.5828951e-01 1.33e+01 2.38e+02  -6.0 3.59e+03    -  5.27e-01 2.93e-05h 12
 342 -2.5808457e-01 1.04e+01 1.86e+02  -6.0 4.32e+03    -  2.20e-01 2.20e-01s 21
 343 -2.5808459e-01 1.04e+01 1.86e+02  -6.0 5.76e+00  -2.1 8.78e-04 8.78e-04s 21
 344 -2.5808464e-01 1.04e+01 1.86e+02  -6.0 2.03e+01  -1.7 3.53e-04 3.53e-04s 21
 345 -2.5808478e-01 1.03e+01 1.85e+02  -6.0 9.15e+00  -2.2 1.79e-03 1.79e-03s 21
 346 -2.5808559e-01 1.02e+01 1.82e+02  -6.0 6.11e+00  -2.7 1.71e-02 1.71e-02s 21
 347 -2.5808295e-01 1.00e+01 1.80e+02  -6.0 4.34e+00  -3.1 1.32e-02 1.32e-02s 21
 348 -2.5803224e-01 9.43e+00 1.69e+02  -6.0 3.94e+00  -3.6 5.95e-02 5.95e-02s 21
 349 -2.5797570e-01 8.66e+00 1.55e+02  -6.0 3.44e+00  -4.1 8.17e-02 8.17e-02s 21
iter    objective    inf_pr   inf_du lg(mu)  ||d||  lg(rg) alpha_du alpha_pr  ls
 350 -2.5784265e-01 6.43e+00 1.57e+02  -6.0 3.12e+00  -4.6 2.58e-01 0.00e+00S 21
 351 -2.5781439e-01 4.52e+00 1.10e+02  -6.0 4.16e+00  -5.0 4.38e-01 2.97e-01h  1
 352 -2.5815321e-01 7.25e-01 1.96e+01  -6.0 7.83e+00  -5.5 3.25e-01 8.40e-01h  1
 353 -2.5816915e-01 7.10e-01 1.92e+01  -6.0 9.23e+00  -6.0 1.91e-01 2.05e-02h  1
 354 -2.5830542e-01 6.12e-01 1.77e+01  -6.0 2.02e+01  -6.5 1.73e-01 1.38e-01h  1
 355 -2.5833700e-01 5.65e-01 2.78e+02  -6.0 1.30e+01  -6.9 3.08e-01 7.74e-02h  1
 356 -2.5847708e-01 3.89e-01 2.08e+02  -6.0 2.73e+01  -7.4 3.28e-01 3.12e-01h  1
 357 -2.5865770e-01 8.09e-01 5.91e+01  -6.0 3.53e+01  -7.9 3.64e-01 4.00e-01h  1
 358 -2.5891651e-01 3.42e-01 9.59e+02  -6.0 5.95e+01  -8.4 8.60e-01 5.37e-01h  1
 359 -2.5899975e-01 1.12e+00 6.96e+02  -6.0 3.27e+03    -  3.68e-02 7.58e-02h  1
iter    objective    inf_pr   inf_du lg(mu)  ||d||  lg(rg) alpha_du alpha_pr  ls
 360 -2.5953476e-01 4.35e+00 2.84e+03  -6.0 1.49e+03    -  7.80e-02 5.63e-01h  1
 361 -2.5960475e-01 3.89e+00 2.59e+03  -6.0 9.27e+02  -8.9 7.50e-02 1.06e-01h  1
 362 -2.5990600e-01 2.44e+00 1.42e+05  -6.0 2.55e+03  -9.3 1.18e-02 3.75e-01h  1
 363 -2.5992657e-01 2.32e+00 1.35e+05  -6.0 2.86e+03  -9.8 5.38e-01 5.08e-02h  1
 364 -2.6001224e-01 2.07e+00 1.12e+05  -6.0 3.17e+03 -10.3 6.13e-02 1.68e-01h  1
 365 -2.6009901e-01 3.12e+00 4.38e+04  -6.0 1.25e+03  -9.9 3.27e-01 6.10e-01h  1
 366 -2.6017640e-01 9.25e-01 9.02e+03  -6.0 1.64e+02  -9.4 5.41e-01 7.93e-01h  1
 367 -2.6015914e-01 1.90e+00 1.78e+03  -6.0 4.01e+02  -9.9 8.21e-01 8.01e-01h  1
 368 -2.6011777e-01 6.01e+00 8.04e+01  -6.0 5.78e+02  -9.5 3.14e-01 1.00e+00h  1
 369 -2.6011829e-01 5.65e+00 7.02e+01  -6.0 7.74e+03    -  3.75e-01 5.99e-02h  1
iter    objective    inf_pr   inf_du lg(mu)  ||d||  lg(rg) alpha_du alpha_pr  ls
 370 -2.6014745e-01 6.71e+00 8.19e+00  -6.0 1.17e+03    -  9.00e-01 8.75e-01h  1
 371 -2.6018606e-01 9.32e-01 5.01e-01  -6.0 3.64e+02    -  1.00e+00 1.00e+00h  1
 372 -2.6017039e-01 1.54e+00 1.35e+00  -6.0 1.97e+02 -10.0 5.41e-01 1.00e+00h  1
 373 -2.6013248e-01 1.17e+00 1.29e-01  -6.0 2.77e+02    -  1.00e+00 1.00e+00h  1
 374 -2.6013189e-01 5.27e-01 4.50e-03  -6.0 6.70e+01    -  1.00e+00 1.00e+00h  1
 375 -2.6013246e-01 9.59e-03 3.02e-04  -6.0 1.62e+01    -  1.00e+00 1.00e+00h  1
 376 -2.6013255e-01 5.81e-04 7.95e-06  -6.0 2.38e+00    -  1.00e+00 1.00e+00h  1
 377 -2.6013253e-01 1.10e-05 2.02e-07  -6.0 3.18e-01    -  1.00e+00 1.00e+00h  1
 378 -2.6013253e-01 3.05e-10 1.65e-11  -6.0 9.97e-04    -  1.00e+00 1.00e+00h  1
 379 -2.6064116e-01 1.57e+00 6.98e+01  -7.5 2.22e+03    -  4.68e-01 2.23e-01f  1
iter    objective    inf_pr   inf_du lg(mu)  ||d||  lg(rg) alpha_du alpha_pr  ls
 380 -2.6075183e-01 1.60e+00 6.45e+01  -7.5 2.42e+03    -  6.40e-02 6.77e-02h  1
 381 -2.6075984e-01 1.59e+00 1.22e+02  -7.5 2.58e+03  -9.5 4.01e-01 5.37e-03h  1
 382 -2.6127541e-01 6.00e+00 6.35e+01  -7.5 2.70e+03    -  5.68e-03 3.65e-01h  1
 383 -2.6135428e-01 5.37e+00 4.88e+01  -7.5 1.95e+03    -  1.88e-01 1.13e-01h  1
 384 -2.6142122e-01 4.79e+00 5.21e+01  -7.5 2.02e+03    -  2.62e-01 1.18e-01h  1
 385 -2.6162092e-01 3.60e+00 4.74e+02  -7.5 1.94e+03    -  4.42e-02 3.84e-01h  1
 386 -2.6170939e-01 2.67e+00 3.36e+02  -7.5 1.59e+03    -  4.44e-01 2.92e-01h  1
 387 -2.6172967e-01 2.44e+00 3.07e+02  -7.5 1.87e+03    -  3.49e-01 8.69e-02h  1
 388 -2.6183551e-01 1.57e+01 1.61e+02  -7.5 2.45e+03    -  4.67e-02 4.76e-01h  1
 389 -2.6184089e-01 1.50e+01 1.54e+02  -7.5 9.76e+02    -  1.06e-01 4.33e-02f  1
iter    objective    inf_pr   inf_du lg(mu)  ||d||  lg(rg) alpha_du alpha_pr  ls
 390 -2.6186684e-01 1.04e+01 1.07e+02  -7.5 9.85e+01 -10.0 5.33e-01 3.04e-01h  1
 391 -2.6190630e-01 2.03e-01 8.97e+00  -7.5 3.87e+01  -9.6 4.91e-01 1.00e+00h  1
 392 -2.6192591e-01 2.61e+00 5.25e+00  -7.5 5.10e+02    -  3.09e-01 9.22e-01h  1
 393 -2.6191019e-01 3.13e-01 4.45e+00  -7.5 1.31e+02 -10.1 7.42e-02 1.00e+00h  1
 394 -2.6191352e-01 3.34e+00 3.23e+00  -7.5 2.11e+03    -  2.76e-01 2.50e-01h  3
 395 -2.6192357e-01 1.84e-01 1.00e+00  -7.5 3.51e+01 -10.5 1.00e+00 1.00e+00h  1
 396 -2.6192399e-01 7.02e-01 2.94e-01  -7.5 1.10e+02 -11.0 1.00e+00 7.84e-01H  1
 397 -2.6192394e-01 6.38e-01 5.53e-03  -7.5 2.27e+02 -11.5 1.00e+00 1.00e+00h  1
 398 -2.6192383e-01 6.96e-01 5.71e-03  -7.5 7.32e+01  -9.3 1.00e+00 8.96e-01h  1
 399 -2.6192413e-01 6.33e-01 1.32e-01  -7.5 1.86e+02  -9.7 3.69e-01 1.00e+00h  1
iter    objective    inf_pr   inf_du lg(mu)  ||d||  lg(rg) alpha_du alpha_pr  ls
 400 -2.6192360e-01 1.25e-02 1.36e-04  -7.5 2.56e+01 -10.2 1.00e+00 1.00e+00h  1
 401 -2.6192370e-01 1.63e-02 2.42e-05  -7.5 3.62e+01 -10.7 1.00e+00 1.00e+00h  1
 402 -2.6192375e-01 1.56e-01 2.80e-04  -7.5 1.12e+02 -11.2 1.00e+00 1.00e+00h  1
 403 -2.6192391e-01 3.53e-02 3.40e-03  -7.5 3.67e+02 -11.6 1.00e+00 1.00e+00H  1
 404 -2.6192477e-01 5.26e+00 8.16e-02  -7.5 1.49e+03 -12.1 1.00e+00 1.00e+00H  1
 405 -2.6192748e-01 5.90e+01 3.06e+00  -7.5 1.11e+04 -12.6 1.86e-02 7.57e-01H  1
 406 -2.6192668e-01 6.28e+01 4.26e+01  -7.5 8.21e+03    -  1.54e-05 9.59e-02h  2
 407 -2.6192690e-01 2.95e-01 5.09e-01  -7.5 2.22e+01  -8.6 8.09e-01 1.00e+00h  1
 408 -2.6192692e-01 4.05e-05 1.27e-04  -7.5 1.31e+00  -9.0 1.00e+00 1.00e+00h  1
 409 -2.6192866e-01 4.52e+01 7.89e-01  -7.5 1.75e+03    -  2.30e-01 1.00e+00h  1
iter    objective    inf_pr   inf_du lg(mu)  ||d||  lg(rg) alpha_du alpha_pr  ls
 410 -2.6192928e-01 4.28e+00 3.34e-02  -7.5 4.72e+02    -  9.64e-01 1.00e+00h  1
 411 -2.6192999e-01 6.99e+00 3.03e-02  -7.5 6.50e+02    -  1.00e+00 1.00e+00h  1
 412 -2.6192991e-01 6.07e-02 1.23e-03  -7.5 6.69e+01    -  1.00e+00 1.00e+00h  1
 413 -2.6192991e-01 1.54e-05 4.21e-07  -7.5 8.96e-01    -  1.00e+00 1.00e+00h  1
 414 -2.6192991e-01 3.05e-10 4.91e-13  -7.5 1.34e-03    -  1.00e+00 1.00e+00h  1
 415 -2.6193232e-01 2.66e+00 2.53e+00  -9.0 1.63e+03    -  5.20e-01 2.44e-01h  1
 416 -2.6193561e-01 5.63e+01 4.27e-01  -9.0 3.09e+03    -  4.08e-01 5.84e-01h  1
 417 -2.6193637e-01 3.87e+01 1.02e+01  -9.0 1.48e+03    -  6.50e-03 5.45e-01h  1
 418 -2.6193740e-01 3.72e+01 2.19e+00  -9.0 1.43e+03    -  1.01e-01 8.87e-01h  1
 419 -2.6193822e-01 2.84e+01 1.28e+00  -9.0 1.13e+03    -  4.52e-01 1.00e+00h  1
iter    objective    inf_pr   inf_du lg(mu)  ||d||  lg(rg) alpha_du alpha_pr  ls
 420 -2.6193874e-01 3.84e+01 1.12e+00  -9.0 9.44e+03    -  1.28e-01 7.79e-02h  1
 421 -2.6193921e-01 2.78e+01 3.36e+00  -9.0 1.66e+03    -  2.29e-01 3.41e-01h  1
 422 -2.6193921e-01 2.78e+01 3.67e+00  -9.0 1.27e+05    -  5.84e-03 9.01e-05h  9
 423 -2.6193967e-01 2.35e-02 4.15e+01  -9.0 5.91e+01  -9.5 1.38e-01 1.00e+00h  1
 424 -2.6193959e-01 5.98e-04 2.23e-03  -9.0 4.97e+00 -10.0 1.00e+00 1.00e+00h  1
 425 -2.6193962e-01 8.30e-03 1.14e-05  -9.0 1.86e+01 -10.5 1.00e+00 1.00e+00h  1
 426 -2.6193963e-01 5.45e-03 1.46e-04  -9.0 1.49e+01 -11.0 1.00e+00 5.15e-01h  1
 427 -2.6193964e-01 2.96e-05 9.00e-07  -9.0 3.27e+01 -11.4 1.00e+00 1.00e+00F  1
 428 -2.6193966e-01 4.71e-03 4.21e-04  -9.0 1.04e+02 -11.9 6.74e-01 1.00e+00H  1
 429 -2.6193974e-01 4.29e+00 1.11e-04  -9.0 3.72e+02 -12.4 1.00e+00 1.00e+00h  1
iter    objective    inf_pr   inf_du lg(mu)  ||d||  lg(rg) alpha_du alpha_pr  ls
 430 -2.6194008e-01 9.92e+01 3.82e-02  -9.0 1.20e+05 -12.9 5.67e-04 2.42e-02h  1
 431 -2.6194003e-01 9.24e+01 5.15e-02  -9.0 5.71e+03 -13.3 8.82e-03 1.11e-01h  3
 432 -2.6194032e-01 9.52e+01 4.81e-02  -9.0 1.06e+04 -12.9 5.87e-02 8.57e-02h  1
 433 -2.6194033e-01 9.32e+01 3.51e-02  -9.0 1.41e+04 -13.4 3.58e-03 2.39e-02h  4
 434 -2.6194043e-01 9.24e+01 8.70e-02  -9.0 1.42e+04 -13.0 1.18e-01 1.84e-02h  1
 435 -2.6194050e-01 9.14e+01 5.28e-01  -9.0 2.95e+04 -13.4 8.31e-02 1.10e-02h  4
 436 -2.6194069e-01 8.33e+01 2.71e+00  -9.0 2.95e+03 -13.0 9.47e-01 1.03e-01h  1
 437 -2.6194077e-01 8.19e+01 3.67e+00  -9.0 1.83e+04 -13.5 1.28e-02 1.70e-02h  4
 438 -2.6194228e-01 8.62e+01 2.30e+00  -9.0 3.03e+03 -13.1 1.55e-01 8.42e-01h  1
 439 -2.6194264e-01 6.22e+01 1.62e+00  -9.0 2.01e+03    -  1.27e-02 2.82e-01h  1
iter    objective    inf_pr   inf_du lg(mu)  ||d||  lg(rg) alpha_du alpha_pr  ls
 440 -2.6194306e-01 4.45e+01 1.14e+00  -9.0 2.16e+03    -  1.65e-02 2.86e-01h  1
 441 -2.6194504e-01 7.01e+01 8.32e-01  -9.0 2.37e+03    -  4.02e-01 8.91e-01h  1
 442 -2.6194547e-01 5.74e+01 9.82e-01  -9.0 1.90e+03    -  1.10e-01 2.00e-01h  1
 443 -2.6194562e-01 5.54e+01 2.90e-01  -9.0 4.20e+03    -  2.04e-01 4.75e-02h  1
 444 -2.6194780e-01 5.87e+01 1.07e+00  -9.0 1.88e+03    -  6.93e-01 1.00e+00h  1
 445 -2.6194839e-01 4.54e+01 1.05e+01  -9.0 1.74e+03    -  1.19e-02 3.32e-01h  1
 446 -2.6195000e-01 5.16e+01 2.81e+01  -9.0 1.66e+03    -  2.29e-02 1.00e+00h  1
 447 -2.6195098e-01 4.20e+01 2.50e+01  -9.0 1.39e+03    -  3.21e-02 1.00e+00h  1
 448 -2.6195125e-01 3.82e+01 2.01e+01  -9.0 2.22e+03    -  3.72e-01 1.99e-01h  1
 449 -2.6195190e-01 2.44e+01 4.96e+00  -9.0 1.92e+03    -  4.85e-02 7.53e-01H  1
iter    objective    inf_pr   inf_du lg(mu)  ||d||  lg(rg) alpha_du alpha_pr  ls
 450 -2.6195192e-01 2.37e+01 3.23e+00  -9.0 2.08e+03    -  2.64e-01 3.50e-01H  1
 451 -2.6195199e-01 2.21e+01 2.96e+00  -9.0 3.30e+03    -  2.90e-01 7.58e-02h  2
 452 -2.6195206e-01 1.17e+01 1.50e+00  -9.0 5.08e+02    -  1.00e+00 4.76e-01h  1
 453 -2.6195205e-01 2.68e-02 3.54e-03  -9.0 2.17e+01    -  9.44e-01 1.00e+00h  1
 454 -2.6195205e-01 1.87e-03 1.52e-06  -9.0 8.84e+00    -  1.00e+00 1.00e+00h  1
 455 -2.6195205e-01 1.56e-06 2.65e-10  -9.0 2.57e-01    -  1.00e+00 1.00e+00h  1
 456 -2.6195205e-01 2.83e-10 2.02e-14  -9.0 1.72e-05    -  1.00e+00 1.00e+00h  1

Number of Iterations....: 456

                                   (scaled)                 (unscaled)
Objective...............:  -2.6195204910963021e-01   -2.6195204910963021e-01
Dual infeasibility......:   2.0201243950422839e-14    2.0201243950422839e-14
Constraint violation....:   2.8257441677358164e-10    2.8257441677358164e-10
Complementarity.........:   9.0909091853754496e-10    9.0909091853754496e-10
Overall NLP error.......:   9.0909091853754496e-10    9.0909091853754496e-10


Number of objective function evaluations             = 1169
Number of objective gradient evaluations             = 456
Number of equality constraint evaluations            = 1170
Number of inequality constraint evaluations          = 1170
Number of equality constraint Jacobian evaluations   = 462
Number of inequality constraint Jacobian evaluations = 462
Number of Lagrangian Hessian evaluations             = 456
Total CPU secs in IPOPT (w/o function evaluations)   =   1137.847
Total CPU secs in NLP function evaluations           =     19.606

EXIT: Optimal Solution Found.
