
List of user-set options:

                                    Name   Value                used
                           compl_inf_tol = 1                     yes
                         constr_viol_tol = 1                     yes
                            dual_inf_tol = 1000                  yes
                           linear_solver = ma97                  yes
                              ma86_small = 1e-30                  no
                                  ma86_u = 0.0001                 no
                              ma97_order = best                  yes
                              ma97_small = 1e-30                 yes
                            ma97_switch1 = at_start              yes
                            ma97_switch2 = od_hd_reuse           yes
                                  ma97_u = 1e-06                 yes
                               ma97_umax = 0.5                   yes
                                max_iter = 2000                  yes
                    max_refinement_steps = 20                    yes
                    min_refinement_steps = 5                     yes
                                 mu_init = 1e-06                 yes
           mu_superlinear_decrease_power = 1.25                  yes
                   nlp_scaling_min_value = 1e-08                 yes
                        option_file_name = Preset_Case:_78_NCP.opt  yes
                             output_file = ./tmp/Preset_Case:_78_NCP.output  yes
                      print_user_options = yes                   yes
                                     tol = 0.0001                yes
                   warm_start_bound_frac = 1e-20                 yes
                   warm_start_bound_push = 1e-20                 yes
                   warm_start_init_point = yes                   yes
              warm_start_mult_bound_push = 1e-20                 yes
                warm_start_mult_init_max = 1e+40                 yes
             warm_start_slack_bound_frac = 1e-20                 yes
             warm_start_slack_bound_push = 1e-20                 yes

******************************************************************************
This program contains Ipopt, a library for large-scale nonlinear optimization.
 Ipopt is released as open source code under the Eclipse Public License (EPL).
         For more information visit http://projects.coin-or.org/Ipopt
******************************************************************************

This is Ipopt version 3.12.10, running with linear solver ma97.

Number of nonzeros in equality constraint Jacobian...:   103002
Number of nonzeros in inequality constraint Jacobian.:        0
Number of nonzeros in Lagrangian Hessian.............:    40110

Total number of variables............................:    29049
                     variables with only lower bounds:    11213
                variables with lower and upper bounds:    14309
                     variables with only upper bounds:        0
Total number of equality constraints.................:    29039
Total number of inequality constraints...............:        0
        inequality constraints with only lower bounds:        0
   inequality constraints with lower and upper bounds:        0
        inequality constraints with only upper bounds:        0

iter    objective    inf_pr   inf_du lg(mu)  ||d||  lg(rg) alpha_du alpha_pr  ls
   0 -5.0521564e+03 1.33e+03 2.57e-01  -6.0 0.00e+00    -  0.00e+00 0.00e+00   0
   1 -5.0565646e+03 6.11e+02 1.08e+05  -6.0 1.33e+03    -  3.04e-01 5.39e-01h  1
   2r-5.0565646e+03 6.11e+02 1.00e+03   2.7 0.00e+00  -4.0 0.00e+00 3.21e-08R  7
   3r-5.0565453e+03 6.12e+02 1.00e+03   2.7 1.52e+08    -  8.17e-08 8.37e-09f  1
   4r-5.0565456e+03 6.12e+02 1.00e+03   1.3 2.99e+05    -  6.55e-06 1.72e-06f  1
   5r-5.0565457e+03 6.06e+02 1.00e+03   1.3 5.12e+05    -  7.02e-06 1.02e-05f  1
   6r-5.0565457e+03 5.91e+02 1.00e+03   1.3 5.06e+05    -  5.20e-05 2.99e-05f  1
   7r-5.0565434e+03 5.44e+02 1.65e+03   1.3 4.80e+05    -  4.65e-04 9.67e-05f  1
   8 -5.0565718e+03 5.38e+02 3.89e+02  -6.0 1.15e+03    -  1.92e-04 1.02e-02h  1
   9 -5.0565930e+03 5.32e+02 9.39e+02  -6.0 1.35e+03    -  1.35e-02 1.13e-02h  1
iter    objective    inf_pr   inf_du lg(mu)  ||d||  lg(rg) alpha_du alpha_pr  ls
  10 -5.0565766e+03 5.32e+02 9.38e+02  -6.0 1.26e+03    -  6.34e-04 1.51e-03h  1
Error in an AMPL evaluation. Run with "halt_on_ampl_error yes" to see details.
Warning: Cutting back alpha due to evaluation error
  11 -5.0564061e+03 5.23e+02 9.96e+02  -6.0 1.25e+03    -  2.71e-02 1.57e-02h  2
Error in an AMPL evaluation. Run with "halt_on_ampl_error yes" to see details.
Warning: Cutting back alpha due to evaluation error
  12 -5.0562643e+03 5.17e+02 1.00e+03  -6.0 1.28e+03    -  1.84e-02 1.27e-02h  2
Error in an AMPL evaluation. Run with "halt_on_ampl_error yes" to see details.
Warning: Cutting back alpha due to evaluation error
  13 -5.0561497e+03 5.11e+02 9.96e+02  -6.0 1.33e+03    -  2.77e-02 9.90e-03h  2
Error in an AMPL evaluation. Run with "halt_on_ampl_error yes" to see details.
Warning: Cutting back alpha due to evaluation error
  14 -5.0560141e+03 5.04e+02 9.74e+02  -6.0 1.37e+03    -  1.72e-02 1.48e-02h  2
Error in an AMPL evaluation. Run with "halt_on_ampl_error yes" to see details.
Warning: Cutting back alpha due to evaluation error
  15 -5.0557634e+03 4.92e+02 1.05e+03  -6.0 1.33e+03    -  2.68e-02 2.38e-02h  2
Error in an AMPL evaluation. Run with "halt_on_ampl_error yes" to see details.
Warning: Cutting back alpha due to evaluation error
  16 -5.0553320e+03 4.73e+02 5.34e+03  -6.0 1.23e+03    -  4.59e-02 3.83e-02h  2
Error in an AMPL evaluation. Run with "halt_on_ampl_error yes" to see details.
Warning: Cutting back alpha due to evaluation error
  17 -5.0547628e+03 4.47e+02 1.61e+04  -6.0 1.15e+03    -  5.98e-02 5.52e-02h  2
Error in an AMPL evaluation. Run with "halt_on_ampl_error yes" to see details.
Warning: Cutting back alpha due to evaluation error
  18 -5.0539429e+03 4.07e+02 5.50e+04  -6.0 1.06e+03    -  2.29e-01 9.00e-02h  2
Error in an AMPL evaluation. Run with "halt_on_ampl_error yes" to see details.
Warning: Cutting back alpha due to evaluation error
  19 -5.0529746e+03 3.62e+02 1.67e+05  -6.0 9.68e+02    -  1.17e-01 1.10e-01h  2
iter    objective    inf_pr   inf_du lg(mu)  ||d||  lg(rg) alpha_du alpha_pr  ls
  20 -5.0529768e+03 3.61e+02 1.67e+05  -6.0 5.19e+02  -1.8 1.11e-03 3.75e-03h  1
Error in an AMPL evaluation. Run with "halt_on_ampl_error yes" to see details.
Warning: Cutting back alpha due to evaluation error
  21 -5.0529666e+03 3.59e+02 1.67e+05  -6.0 3.61e+02  -2.2 1.29e-01 4.35e-03h  2
Error in an AMPL evaluation. Run with "halt_on_ampl_error yes" to see details.
Warning: Cutting back alpha due to evaluation error
  22 -5.0529610e+03 3.58e+02 1.67e+05  -6.0 4.19e+02  -2.7 2.43e-01 3.78e-03h  2
Error in an AMPL evaluation. Run with "halt_on_ampl_error yes" to see details.
Warning: Cutting back alpha due to evaluation error
  23 -5.0528766e+03 3.54e+02 1.63e+05  -6.0 9.38e+02    -  8.56e-02 9.25e-03h  2
Error in an AMPL evaluation. Run with "halt_on_ampl_error yes" to see details.
Warning: Cutting back alpha due to evaluation error
  24 -5.0527487e+03 3.50e+02 1.49e+05  -6.0 1.10e+03    -  3.35e-02 1.18e-02h  2
Error in an AMPL evaluation. Run with "halt_on_ampl_error yes" to see details.
Warning: Cutting back alpha due to evaluation error
  25 -5.0526268e+03 3.47e+02 1.40e+05  -6.0 1.22e+03    -  2.61e-02 1.03e-02h  2
Error in an AMPL evaluation. Run with "halt_on_ampl_error yes" to see details.
Warning: Cutting back alpha due to evaluation error
  26 -5.0525836e+03 3.45e+02 1.55e+05  -6.0 1.08e+03    -  7.48e-02 4.12e-03h  2
Error in an AMPL evaluation. Run with "halt_on_ampl_error yes" to see details.
Warning: Cutting back alpha due to evaluation error
  27 -5.0525133e+03 3.44e+02 2.05e+05  -6.0 1.40e+03    -  2.39e-02 4.78e-03h  2
Error in an AMPL evaluation. Run with "halt_on_ampl_error yes" to see details.
Warning: Cutting back alpha due to evaluation error
  28 -5.0524940e+03 3.43e+02 2.38e+06  -6.0 1.02e+03    -  3.21e-01 1.89e-03h  2
Error in an AMPL evaluation. Run with "halt_on_ampl_error yes" to see details.
Warning: Cutting back alpha due to evaluation error
  29 -5.0523877e+03 3.42e+02 2.56e+06  -6.0 3.04e+03    -  8.40e-03 2.99e-03h  2
Error in an AMPL evaluation. Run with "halt_on_ampl_error yes" to see details.
Warning: Cutting back alpha due to evaluation error
iter    objective    inf_pr   inf_du lg(mu)  ||d||  lg(rg) alpha_du alpha_pr  ls
  30 -5.0523783e+03 3.42e+02 2.23e+07  -6.0 9.44e+02    -  3.13e-01 9.54e-04h  2
Error in an AMPL evaluation. Run with "halt_on_ampl_error yes" to see details.
Warning: Cutting back alpha due to evaluation error
  31 -5.0522073e+03 3.41e+02 2.26e+07  -6.0 1.88e+04    -  3.19e-03 1.37e-03h  1
Error in an AMPL evaluation. Run with "halt_on_ampl_error yes" to see details.
Warning: Cutting back alpha due to evaluation error
  32 -5.0520836e+03 3.41e+02 2.59e+07  -6.0 2.34e+04    -  1.80e-02 7.00e-04h  2
  33 -5.0509890e+03 3.40e+02 2.58e+07  -6.0 8.27e+04    -  1.33e-03 1.77e-03h  1
  34r-5.0509890e+03 3.40e+02 1.00e+03   2.4 0.00e+00  -3.2 0.00e+00 6.19e-08R  2
  35r-5.0508105e+03 3.40e+02 1.97e+05   2.4 1.11e+09    -  6.56e-08 2.71e-08f  1
  36r-5.0508103e+03 3.40e+02 1.97e+05   2.4 2.83e+05    -  1.70e-06 1.27e-07f  1
  37r-5.0508076e+03 3.40e+02 1.97e+05   2.4 2.43e+05    -  8.09e-07 2.47e-06f  1
  38r-5.0508009e+03 3.37e+02 1.97e+05   2.4 2.42e+05    -  2.81e-05 8.82e-06f  1
  39r-5.0507890e+03 3.27e+02 1.97e+05   2.4 2.38e+05    -  8.08e-04 4.52e-05f  1
iter    objective    inf_pr   inf_du lg(mu)  ||d||  lg(rg) alpha_du alpha_pr  ls
  40r-5.0507579e+03 8.45e+01 1.96e+05   1.7 1.64e+05    -  6.55e-03 1.97e-03f  1
  41 -5.0522714e+03 7.47e+01 3.62e+03  -6.0 8.40e+02    -  6.43e-02 1.16e-01h  1
  42 -5.0548200e+03 5.84e+01 1.71e+04  -6.0 8.43e+02    -  6.19e-02 2.18e-01h  1
  43 -5.0575580e+03 4.18e+01 3.77e+04  -6.0 7.63e+02    -  1.35e-01 2.86e-01h  1
  44 -5.0580525e+03 3.98e+01 3.66e+04  -6.0 1.03e+03    -  2.67e-01 4.93e-02h  1
Error in an AMPL evaluation. Run with "halt_on_ampl_error yes" to see details.
Warning: Cutting back alpha due to evaluation error
  45 -5.0582849e+03 3.88e+01 3.57e+04  -6.0 1.18e+03    -  1.55e-01 2.55e-02h  2
Error in an AMPL evaluation. Run with "halt_on_ampl_error yes" to see details.
Warning: Cutting back alpha due to evaluation error
  46 -5.0584224e+03 3.82e+01 3.52e+04  -6.0 1.21e+03    -  1.98e-01 1.60e-02h  2
Error in an AMPL evaluation. Run with "halt_on_ampl_error yes" to see details.
Warning: Cutting back alpha due to evaluation error
  47 -5.0584828e+03 3.78e+01 3.48e+04  -6.0 1.23e+03    -  1.41e-06 1.02e-02h  2
Error in an AMPL evaluation. Run with "halt_on_ampl_error yes" to see details.
Warning: Cutting back alpha due to evaluation error
  48 -5.0585208e+03 3.75e+01 3.46e+04  -6.0 1.21e+03    -  3.94e-01 7.27e-03h  2
Error in an AMPL evaluation. Run with "halt_on_ampl_error yes" to see details.
Warning: Cutting back alpha due to evaluation error
  49 -5.0585231e+03 3.73e+01 3.44e+04  -6.0 1.17e+03    -  6.78e-03 4.83e-03h  2
Error in an AMPL evaluation. Run with "halt_on_ampl_error yes" to see details.
Warning: Cutting back alpha due to evaluation error
iter    objective    inf_pr   inf_du lg(mu)  ||d||  lg(rg) alpha_du alpha_pr  ls
  50 -5.0585238e+03 3.72e+01 3.43e+04  -6.0 1.15e+03    -  3.96e-01 3.60e-03h  2
  51 -5.0583792e+03 3.69e+01 3.40e+04  -6.0 2.60e+03    -  4.75e-03 8.74e-03h  1
Error in an AMPL evaluation. Run with "halt_on_ampl_error yes" to see details.
Warning: Cutting back alpha due to evaluation error
  52 -5.0578773e+03 3.59e+01 3.32e+04  -6.0 2.51e+03    -  8.97e-02 2.52e-02h  2
Error in an AMPL evaluation. Run with "halt_on_ampl_error yes" to see details.
Warning: Cutting back alpha due to evaluation error
  53 -5.0567179e+03 3.46e+01 3.19e+04  -6.0 3.36e+03    -  3.19e-02 3.79e-02h  2
Error in an AMPL evaluation. Run with "halt_on_ampl_error yes" to see details.
Warning: Cutting back alpha due to evaluation error
  54 -5.0558323e+03 3.37e+01 3.11e+04  -6.0 3.45e+03    -  1.97e-01 2.52e-02h  2
Error in an AMPL evaluation. Run with "halt_on_ampl_error yes" to see details.
Warning: SOC step rejected due to evaluation error
  55 -5.0503817e+03 3.02e+01 2.86e+04  -6.0 4.52e+03    -  8.38e-02 1.06e-01h  2
Error in an AMPL evaluation. Run with "halt_on_ampl_error yes" to see details.
Warning: Cutting back alpha due to evaluation error
  56 -5.0488031e+03 2.84e+01 2.69e+04  -6.0 1.70e+03    -  4.62e-01 5.80e-02h  2
  57 -5.0394740e+03 1.96e+01 4.04e+04  -6.0 1.58e+03    -  4.34e-01 3.24e-01h  1
Error in an AMPL evaluation. Run with "halt_on_ampl_error yes" to see details.
Warning: Cutting back alpha due to evaluation error
  58 -5.0391753e+03 1.93e+01 2.99e+05  -6.0 1.65e+03    -  4.00e-01 1.33e-02h  2
  59 -5.0313420e+03 1.39e+01 1.42e+05  -6.0 1.99e+03    -  8.67e-02 2.90e-01h  1
Error in an AMPL evaluation. Run with "halt_on_ampl_error yes" to see details.
Warning: Cutting back alpha due to evaluation error
Error in an AMPL evaluation. Run with "halt_on_ampl_error yes" to see details.
Warning: Cutting back alpha due to evaluation error
Error in an AMPL evaluation. Run with "halt_on_ampl_error yes" to see details.
Warning: Cutting back alpha due to evaluation error
iter    objective    inf_pr   inf_du lg(mu)  ||d||  lg(rg) alpha_du alpha_pr  ls
  60 -5.0313420e+03 1.39e+01 7.39e+04  -6.0 1.17e+02  -1.0 4.20e-06 7.25e-05h  4
Error in an AMPL evaluation. Run with "halt_on_ampl_error yes" to see details.
Warning: Cutting back alpha due to evaluation error
Error in an AMPL evaluation. Run with "halt_on_ampl_error yes" to see details.
Warning: Cutting back alpha due to evaluation error
Error in an AMPL evaluation. Run with "halt_on_ampl_error yes" to see details.
Warning: Cutting back alpha due to evaluation error
Error in an AMPL evaluation. Run with "halt_on_ampl_error yes" to see details.
Warning: Cutting back alpha due to evaluation error
  61 -5.0313420e+03 1.39e+01 7.39e+04  -6.0 1.65e+02  -0.5 3.70e-04 4.52e-05h  5
Error in an AMPL evaluation. Run with "halt_on_ampl_error yes" to see details.
Warning: Cutting back alpha due to evaluation error
Error in an AMPL evaluation. Run with "halt_on_ampl_error yes" to see details.
Warning: Cutting back alpha due to evaluation error
Error in an AMPL evaluation. Run with "halt_on_ampl_error yes" to see details.
Warning: Cutting back alpha due to evaluation error
Error in an AMPL evaluation. Run with "halt_on_ampl_error yes" to see details.
Warning: Cutting back alpha due to evaluation error
Error in an AMPL evaluation. Run with "halt_on_ampl_error yes" to see details.
Warning: Cutting back alpha due to evaluation error
Error in an AMPL evaluation. Run with "halt_on_ampl_error yes" to see details.
Warning: Cutting back alpha due to evaluation error
Error in an AMPL evaluation. Run with "halt_on_ampl_error yes" to see details.
Warning: Cutting back alpha due to evaluation error
  62 -5.0313419e+03 1.39e+01 7.39e+04  -6.0 9.83e+01  -0.1 1.51e-06 1.54e-05h  8
Error in an AMPL evaluation. Run with "halt_on_ampl_error yes" to see details.
Warning: Cutting back alpha due to evaluation error
Error in an AMPL evaluation. Run with "halt_on_ampl_error yes" to see details.
Warning: Cutting back alpha due to evaluation error
Error in an AMPL evaluation. Run with "halt_on_ampl_error yes" to see details.
Warning: Cutting back alpha due to evaluation error
Error in an AMPL evaluation. Run with "halt_on_ampl_error yes" to see details.
Warning: Cutting back alpha due to evaluation error
Error in an AMPL evaluation. Run with "halt_on_ampl_error yes" to see details.
Warning: Cutting back alpha due to evaluation error
Error in an AMPL evaluation. Run with "halt_on_ampl_error yes" to see details.
Warning: Cutting back alpha due to evaluation error
Error in an AMPL evaluation. Run with "halt_on_ampl_error yes" to see details.
Warning: Cutting back alpha due to evaluation error
Error in an AMPL evaluation. Run with "halt_on_ampl_error yes" to see details.
Warning: Cutting back alpha due to evaluation error
  63 -5.0313419e+03 1.39e+01 7.39e+04  -6.0 5.05e+01   0.3 1.12e-04 1.47e-05h  9
Error in an AMPL evaluation. Run with "halt_on_ampl_error yes" to see details.
Warning: Cutting back alpha due to evaluation error
Error in an AMPL evaluation. Run with "halt_on_ampl_error yes" to see details.
Warning: Cutting back alpha due to evaluation error
Error in an AMPL evaluation. Run with "halt_on_ampl_error yes" to see details.
Warning: Cutting back alpha due to evaluation error
Error in an AMPL evaluation. Run with "halt_on_ampl_error yes" to see details.
Warning: Cutting back alpha due to evaluation error
Error in an AMPL evaluation. Run with "halt_on_ampl_error yes" to see details.
Warning: Cutting back alpha due to evaluation error
Error in an AMPL evaluation. Run with "halt_on_ampl_error yes" to see details.
Warning: Cutting back alpha due to evaluation error
Error in an AMPL evaluation. Run with "halt_on_ampl_error yes" to see details.
Warning: Cutting back alpha due to evaluation error
Error in an AMPL evaluation. Run with "halt_on_ampl_error yes" to see details.
Warning: Cutting back alpha due to evaluation error
Error in an AMPL evaluation. Run with "halt_on_ampl_error yes" to see details.
Warning: Cutting back alpha due to evaluation error
Error in an AMPL evaluation. Run with "halt_on_ampl_error yes" to see details.
Warning: Evaluation error during soft restoration phase step.
Error in an AMPL evaluation. Run with "halt_on_ampl_error yes" to see details.
Warning: Evaluation error during soft restoration phase step.
Error in an AMPL evaluation. Run with "halt_on_ampl_error yes" to see details.
Warning: Evaluation error during soft restoration phase step.
  64r-5.0313419e+03 1.39e+01 1.00e+03   0.8 0.00e+00  -0.2 0.00e+00 4.66e-07R 14
  65r-5.0313419e+03 1.39e+01 1.00e+03   0.8 1.86e+06    -  3.03e-09 7.73e-09f  2
  66r-5.0313420e+03 1.39e+01 1.78e+03   0.8 2.20e+04    -  5.22e-05 8.57e-07f  1
  67r-5.0313484e+03 1.41e+01 3.91e+03   0.8 2.15e+04    -  1.13e-03 8.52e-05f  1
  68r-5.0314532e+03 1.59e+01 7.56e+03   0.8 1.83e+04    -  2.39e-03 1.15e-03f  1
Error in an AMPL evaluation. Run with "halt_on_ampl_error yes" to see details.
Warning: Cutting back alpha due to evaluation error
  69 -5.0314596e+03 1.59e+01 9.62e+02  -6.0 1.14e+03    -  7.05e-07 6.78e-04h  2
Error in an AMPL evaluation. Run with "halt_on_ampl_error yes" to see details.
Warning: Cutting back alpha due to evaluation error
iter    objective    inf_pr   inf_du lg(mu)  ||d||  lg(rg) alpha_du alpha_pr  ls
  70 -5.0314626e+03 1.58e+01 9.62e+02  -6.0 1.04e+03    -  3.44e-03 5.18e-04h  2
Error in an AMPL evaluation. Run with "halt_on_ampl_error yes" to see details.
Warning: Cutting back alpha due to evaluation error
  71 -5.0314649e+03 1.58e+01 9.61e+02  -6.0 1.02e+03    -  1.45e-03 3.73e-04h  2
Error in an AMPL evaluation. Run with "halt_on_ampl_error yes" to see details.
Warning: Cutting back alpha due to evaluation error
  72 -5.0314665e+03 1.58e+01 1.60e+03  -6.0 9.73e+02    -  6.93e-02 2.76e-04h  2
Error in an AMPL evaluation. Run with "halt_on_ampl_error yes" to see details.
Warning: Cutting back alpha due to evaluation error
  73 -5.0314830e+03 1.58e+01 1.15e+03  -6.0 1.47e+03    -  1.79e-03 2.06e-03h  2
Error in an AMPL evaluation. Run with "halt_on_ampl_error yes" to see details.
Warning: Cutting back alpha due to evaluation error
  74 -5.0314948e+03 1.58e+01 5.28e+03  -6.0 1.48e+03    -  7.56e-03 1.48e-03h  2
Error in an AMPL evaluation. Run with "halt_on_ampl_error yes" to see details.
Warning: Cutting back alpha due to evaluation error
  75 -5.0315233e+03 1.57e+01 1.10e+04  -6.0 1.54e+03    -  1.05e-02 3.57e-03h  2
Error in an AMPL evaluation. Run with "halt_on_ampl_error yes" to see details.
Warning: Cutting back alpha due to evaluation error
  76 -5.0315603e+03 1.57e+01 8.74e+04  -6.0 1.59e+03    -  4.50e-02 4.80e-03h  2
Error in an AMPL evaluation. Run with "halt_on_ampl_error yes" to see details.
Warning: Cutting back alpha due to evaluation error
  77 -5.0316385e+03 1.54e+01 1.30e+04  -6.0 1.60e+03    -  1.63e-02 1.52e-02h  2
Error in an AMPL evaluation. Run with "halt_on_ampl_error yes" to see details.
Warning: Cutting back alpha due to evaluation error
Error in an AMPL evaluation. Run with "halt_on_ampl_error yes" to see details.
Warning: Cutting back alpha due to evaluation error
  78 -5.0316388e+03 1.54e+01 8.55e+07  -6.0 6.36e+02  -0.6 1.10e-01 5.50e-05h  3
Error in an AMPL evaluation. Run with "halt_on_ampl_error yes" to see details.
Warning: Cutting back alpha due to evaluation error
Error in an AMPL evaluation. Run with "halt_on_ampl_error yes" to see details.
Warning: Cutting back alpha due to evaluation error
Error in an AMPL evaluation. Run with "halt_on_ampl_error yes" to see details.
Warning: Cutting back alpha due to evaluation error
Error in an AMPL evaluation. Run with "halt_on_ampl_error yes" to see details.
Warning: Cutting back alpha due to evaluation error
Error in an AMPL evaluation. Run with "halt_on_ampl_error yes" to see details.
Warning: Cutting back alpha due to evaluation error
Error in an AMPL evaluation. Run with "halt_on_ampl_error yes" to see details.
Warning: Cutting back alpha due to evaluation error
Error in an AMPL evaluation. Run with "halt_on_ampl_error yes" to see details.
Warning: Cutting back alpha due to evaluation error
Error in an AMPL evaluation. Run with "halt_on_ampl_error yes" to see details.
Warning: Cutting back alpha due to evaluation error
Error in an AMPL evaluation. Run with "halt_on_ampl_error yes" to see details.
Warning: Cutting back alpha due to evaluation error
Error in an AMPL evaluation. Run with "halt_on_ampl_error yes" to see details.
Warning: Evaluation error during soft restoration phase step.
Error in an AMPL evaluation. Run with "halt_on_ampl_error yes" to see details.
Warning: Evaluation error during soft restoration phase step.
Error in an AMPL evaluation. Run with "halt_on_ampl_error yes" to see details.
Warning: Evaluation error during soft restoration phase step.
  79r-5.0316388e+03 1.54e+01 1.00e+03   0.5 0.00e+00  -0.2 0.00e+00 3.68e-07R 10
iter    objective    inf_pr   inf_du lg(mu)  ||d||  lg(rg) alpha_du alpha_pr  ls
  80r-5.0316389e+03 1.54e+01 5.74e+03   0.5 1.45e+04    -  3.34e-03 1.21e-06f  2
  81r-5.0318814e+03 1.73e+01 2.31e+04   0.5 9.48e+03    -  1.63e-02 4.13e-03f  1
Error in an AMPL evaluation. Run with "halt_on_ampl_error yes" to see details.
Warning: Cutting back alpha due to evaluation error
  82 -5.0318839e+03 1.73e+01 1.07e+02  -6.0 1.87e+03    -  6.59e-02 3.10e-04h  2
Error in an AMPL evaluation. Run with "halt_on_ampl_error yes" to see details.
Warning: Cutting back alpha due to evaluation error
  83 -5.0318858e+03 1.73e+01 8.68e+03  -6.0 1.71e+03    -  4.83e-02 2.99e-04h  2
Error in an AMPL evaluation. Run with "halt_on_ampl_error yes" to see details.
Warning: Cutting back alpha due to evaluation error
  84 -5.0318774e+03 1.72e+01 3.01e+04  -6.0 3.56e+03    -  3.51e-02 5.51e-03h  2
  85 -5.0317626e+03 1.71e+01 1.36e+05  -6.0 4.88e+03    -  7.02e-02 7.26e-03h  2
  86 -5.0316957e+03 1.71e+01 1.53e+05  -6.0 6.54e+03    -  6.83e-03 1.70e-03h  3
  87 -5.0314375e+03 1.70e+01 6.16e+05  -6.0 6.45e+03    -  1.13e-01 5.59e-03h  1
  88 -5.0299568e+03 1.68e+01 5.85e+05  -6.0 1.02e+04    -  6.56e-03 9.49e-03h  2
  89 -5.0294128e+03 1.68e+01 1.02e+06  -6.0 1.07e+04    -  5.59e-02 3.45e-03h  4
iter    objective    inf_pr   inf_du lg(mu)  ||d||  lg(rg) alpha_du alpha_pr  ls
  90 -5.0288774e+03 1.67e+01 1.05e+06  -6.0 1.16e+04    -  8.50e-03 3.92e-03h  6
  91 -5.0283466e+03 1.66e+01 1.44e+06  -6.0 1.16e+04    -  5.54e-02 3.82e-03h  6
  92 -5.0278214e+03 1.66e+01 1.57e+06  -6.0 1.18e+04    -  2.10e-02 3.68e-03h  6
  93 -5.0273003e+03 1.65e+01 1.94e+06  -6.0 1.18e+04    -  4.93e-02 3.58e-03h  6
  94 -5.0267810e+03 1.64e+01 2.25e+06  -6.0 1.19e+04    -  4.30e-02 3.47e-03h  6
  95 -5.0262715e+03 1.64e+01 3.31e+06  -6.0 1.19e+04    -  1.32e-01 3.33e-03h  6
  96 -5.0257650e+03 1.63e+01 3.59e+06  -6.0 1.19e+04    -  4.44e-02 3.19e-03h  6
  97 -5.0252684e+03 1.63e+01 4.54e+06  -6.0 1.19e+04    -  1.39e-01 3.07e-03h  6
  98 -5.0094819e+03 2.52e+01 6.24e+06  -6.0 1.19e+04    -  6.25e-02 9.48e-02w  1
  99 -5.0094811e+03 2.52e+01 1.22e+07  -6.0 3.87e+04    -  4.29e-02 2.10e-06w  1
iter    objective    inf_pr   inf_du lg(mu)  ||d||  lg(rg) alpha_du alpha_pr  ls
 100 -5.0005217e+03 2.53e+01 1.97e+07  -6.0 4.28e+04    -  6.14e-02 1.96e-02w  1
 101 -5.0242817e+03 1.62e+01 4.86e+06  -6.0 4.76e+04    -  6.25e-02 5.93e-03h  4
 102 -5.0233516e+03 1.61e+01 5.25e+06  -6.0 1.19e+04    -  7.01e-02 5.49e-03h  5
 103 -5.0224762e+03 1.60e+01 6.33e+06  -6.0 1.19e+04    -  1.67e-01 5.10e-03h  5
 104 -5.0216309e+03 1.59e+01 6.69e+06  -6.0 1.17e+04    -  7.01e-02 4.77e-03h  5
 105 -5.0208247e+03 1.59e+01 7.98e+06  -6.0 1.17e+04    -  2.06e-01 4.46e-03h  5
 106 -5.0200125e+03 1.58e+01 9.14e+06  -6.0 1.29e+04    -  2.02e-01 4.24e-03h  5
 107 -5.0191392e+03 1.57e+01 1.04e+07  -6.0 1.44e+04    -  2.02e-01 4.13e-03h  5
 108 -5.0184386e+03 1.57e+01 1.23e+07  -6.0 1.66e+04    -  1.88e-01 2.80e-03h  5
 109 -5.0180124e+03 1.57e+01 1.53e+07  -6.0 2.06e+04    -  1.52e-01 1.51e-03h  5
iter    objective    inf_pr   inf_du lg(mu)  ||d||  lg(rg) alpha_du alpha_pr  ls
 110 -5.0175406e+03 1.56e+01 2.28e+07  -6.0 2.77e+04    -  1.94e-01 1.60e-03h  5
 111 -5.0074205e+03 2.76e+01 3.35e+07  -6.0 4.08e+04    -  1.63e-01 3.11e-02w  1
 112 -5.0074205e+03 2.76e+01 3.61e+07  -6.0 3.63e+04    -  6.72e-03 1.40e-07w  1
 113 -5.0111987e+03 5.77e+01 5.30e+07  -6.0 4.47e+04    -  7.51e-03 2.95e-02w  1
 114 -5.0172244e+03 1.56e+01 3.70e+07  -6.0 4.09e+04    -  1.63e-01 9.71e-04h  5
 115 -5.0170588e+03 1.56e+01 6.18e+07  -6.0 5.33e+04    -  1.51e-01 4.56e-04h  7
 116 -5.0169064e+03 1.56e+01 8.01e+07  -6.0 5.90e+04    -  5.95e-02 3.99e-04h  7
 117 -5.0167487e+03 1.56e+01 1.67e+08  -6.0 5.41e+04    -  1.80e-01 4.28e-04h  7
 118 -5.0164684e+03 1.56e+01 2.37e+08  -6.0 4.04e+04    -  5.37e-02 8.68e-04h  6
 119 -5.0160018e+03 1.56e+01 8.48e+08  -6.0 3.25e+04    -  2.88e-01 1.57e-03h  5
iter    objective    inf_pr   inf_du lg(mu)  ||d||  lg(rg) alpha_du alpha_pr  ls
 120 -5.0156684e+03 1.56e+01 1.53e+09  -6.0 2.33e+04    -  1.38e-01 1.15e-03h  4
 121 -5.0154084e+03 1.55e+01 2.82e+09  -6.0 2.72e+04    -  2.11e-01 8.75e-04h  4
 122 -5.0150446e+03 1.55e+01 4.11e+09  -6.0 1.76e+04    -  1.57e-01 1.50e-03h  4
 123 -5.0141836e+03 1.54e+01 9.09e+09  -6.0 1.41e+04    -  4.50e-01 4.75e-03h  4
 124 -5.0095448e+03 1.50e+01 1.44e+10  -6.0 1.13e+04    -  4.11e-01 2.93e-02w  1
 125 -5.0039156e+03 1.46e+01 3.98e+10  -6.0 1.56e+04    -  2.89e-01 2.59e-02w  1
 126 -5.0034484e+03 1.46e+01 8.86e+10  -6.0 1.29e+05    -  2.13e-02 6.17e-04w  1
 127 -5.0130239e+03 1.53e+01 1.49e+10  -6.0 1.31e+05    -  4.11e-01 7.33e-03h  2
 128 -5.0120317e+03 1.52e+01 2.72e+10  -6.0 1.30e+04    -  4.87e-01 5.99e-03h  3
 129 -5.0111016e+03 1.52e+01 3.38e+10  -6.0 1.36e+04    -  1.94e-01 5.31e-03h  3
iter    objective    inf_pr   inf_du lg(mu)  ||d||  lg(rg) alpha_du alpha_pr  ls
 130 -5.0101146e+03 1.51e+01 6.44e+10  -6.0 1.40e+04    -  5.80e-01 5.30e-03h  3
 131 -5.0091240e+03 1.50e+01 6.71e+10  -6.0 1.42e+04    -  1.75e-01 5.12e-03h  3
 132 -5.0086110e+03 1.50e+01 6.71e+10  -6.0 1.38e+04    -  6.05e-01 2.62e-03h  4
 133 -5.0076369e+03 1.49e+01 6.71e+10  -6.0 1.36e+04    -  1.91e-01 4.98e-03h  3
 134 -5.0067205e+03 1.48e+01 6.71e+10  -6.0 1.35e+04    -  6.16e-01 4.69e-03h  3
 135 -5.0060567e+03 1.48e+01 6.72e+10  -6.0 1.34e+04    -  2.04e-01 3.42e-03h  3
 136 -5.0055665e+03 1.47e+01 6.72e+10  -6.0 1.36e+04    -  3.37e-01 2.53e-03h  3
 137 -5.0040803e+03 1.46e+01 6.75e+10  -6.0 1.43e+04    -  2.68e-01 7.59e-03w  1
 138 -5.0029509e+03 1.46e+01 7.20e+10  -6.0 1.14e+05    -  1.76e-02 1.71e-03w  1
Error in an AMPL evaluation. Run with "halt_on_ampl_error yes" to see details.
Warning: Cutting back alpha due to evaluation error
 139 -5.0048234e+03 1.47e+01 6.73e+10  -6.0 3.54e+05    -  2.68e-01 3.79e-03h  1
iter    objective    inf_pr   inf_du lg(mu)  ||d||  lg(rg) alpha_du alpha_pr  ls
 140 -5.0043929e+03 1.46e+01 6.74e+10  -6.0 1.92e+04    -  1.81e-01 1.99e-03h  2
 141 -5.0040773e+03 1.46e+01 6.75e+10  -6.0 3.16e+04    -  1.30e-01 1.15e-03h  2
 142 -5.0039268e+03 1.46e+01 6.75e+10  -6.0 5.46e+04    -  4.34e-02 3.95e-04h  3
 143 -5.0037793e+03 1.46e+01 6.77e+10  -6.0 6.52e+04    -  1.47e-01 3.42e-04h  3
 144 -5.0036350e+03 1.46e+01 6.79e+10  -6.0 7.65e+04    -  2.68e-02 2.97e-04h  3
 145 -5.0035651e+03 1.46e+01 6.80e+10  -6.0 8.83e+04    -  8.23e-02 1.29e-04h  4
 146 -5.0034979e+03 1.46e+01 6.81e+10  -6.0 9.29e+04    -  2.33e-02 1.19e-04h  4
 147 -5.0034332e+03 1.46e+01 6.82e+10  -6.0 9.76e+04    -  1.22e-01 1.10e-04h  4
 148 -5.0033714e+03 1.46e+01 6.85e+10  -6.0 1.02e+05    -  1.87e-02 1.02e-04h  4
 149 -5.0033123e+03 1.46e+01 8.37e+10  -6.0 1.07e+05    -  1.07e-01 9.41e-05h  4
iter    objective    inf_pr   inf_du lg(mu)  ||d||  lg(rg) alpha_du alpha_pr  ls
 150 -5.0028641e+03 1.46e+01 2.44e+11  -6.0 1.11e+05    -  1.70e-02 6.94e-04w  1
Error in an AMPL evaluation. Run with "halt_on_ampl_error yes" to see details.
Warning: Cutting back alpha due to evaluation error
 151 -5.0032563e+03 1.46e+01 8.89e+10  -6.0 1.64e+05    -  1.70e-02 8.68e-05h  3
 152 -5.0032033e+03 1.46e+01 1.29e+11  -6.0 1.14e+05    -  1.00e-01 8.00e-05h  4
Error in an AMPL evaluation. Run with "halt_on_ampl_error yes" to see details.
Warning: Cutting back alpha due to evaluation error
 153 -5.0031535e+03 1.46e+01 1.36e+11  -6.0 1.17e+05    -  1.58e-02 7.39e-05h  4
Error in an AMPL evaluation. Run with "halt_on_ampl_error yes" to see details.
Warning: Cutting back alpha due to evaluation error
 154 -5.0031098e+03 1.46e+01 1.94e+11  -6.0 1.20e+05    -  9.54e-02 6.40e-05h  4
Error in an AMPL evaluation. Run with "halt_on_ampl_error yes" to see details.
Warning: Cutting back alpha due to evaluation error
 155 -5.0030387e+03 1.46e+01 2.05e+11  -6.0 1.21e+05    -  1.51e-02 1.04e-04h  3
Error in an AMPL evaluation. Run with "halt_on_ampl_error yes" to see details.
Warning: Cutting back alpha due to evaluation error
 156 -5.0029917e+03 1.46e+01 3.06e+11  -6.0 1.21e+05    -  9.63e-02 6.93e-05h  3
Error in an AMPL evaluation. Run with "halt_on_ampl_error yes" to see details.
Warning: Cutting back alpha due to evaluation error
 157 -5.0029347e+03 1.46e+01 3.25e+11  -6.0 1.11e+05    -  1.62e-02 9.25e-05h  2
Error in an AMPL evaluation. Run with "halt_on_ampl_error yes" to see details.
Warning: Cutting back alpha due to evaluation error
Error in an AMPL evaluation. Run with "halt_on_ampl_error yes" to see details.
Warning: Cutting back alpha due to evaluation error
Error in an AMPL evaluation. Run with "halt_on_ampl_error yes" to see details.
Warning: Cutting back alpha due to evaluation error
 158 -5.0029346e+03 1.46e+01 3.76e+11  -6.0 1.55e+03   5.6 3.12e-03 1.37e-05h  4
Error in an AMPL evaluation. Run with "halt_on_ampl_error yes" to see details.
Warning: Cutting back alpha due to evaluation error
Error in an AMPL evaluation. Run with "halt_on_ampl_error yes" to see details.
Warning: Cutting back alpha due to evaluation error
Error in an AMPL evaluation. Run with "halt_on_ampl_error yes" to see details.
Warning: Cutting back alpha due to evaluation error
 159 -5.0029346e+03 1.46e+01 5.62e+12  -6.0 1.11e+03   6.1 3.14e-03 2.44e-05h  4
Error in an AMPL evaluation. Run with "halt_on_ampl_error yes" to see details.
Warning: Cutting back alpha due to evaluation error
Error in an AMPL evaluation. Run with "halt_on_ampl_error yes" to see details.
Warning: Cutting back alpha due to evaluation error
Error in an AMPL evaluation. Run with "halt_on_ampl_error yes" to see details.
Warning: Cutting back alpha due to evaluation error
Error in an AMPL evaluation. Run with "halt_on_ampl_error yes" to see details.
Warning: Cutting back alpha due to evaluation error
Error in an AMPL evaluation. Run with "halt_on_ampl_error yes" to see details.
Warning: Cutting back alpha due to evaluation error
Error in an AMPL evaluation. Run with "halt_on_ampl_error yes" to see details.
Warning: Cutting back alpha due to evaluation error
Error in an AMPL evaluation. Run with "halt_on_ampl_error yes" to see details.
Warning: Cutting back alpha due to evaluation error
Error in an AMPL evaluation. Run with "halt_on_ampl_error yes" to see details.
Warning: Cutting back alpha due to evaluation error
Error in an AMPL evaluation. Run with "halt_on_ampl_error yes" to see details.
Warning: Cutting back alpha due to evaluation error
Error in an AMPL evaluation. Run with "halt_on_ampl_error yes" to see details.
Warning: Cutting back alpha due to evaluation error
Error in an AMPL evaluation. Run with "halt_on_ampl_error yes" to see details.
Warning: Evaluation error during soft restoration phase step.
Error in an AMPL evaluation. Run with "halt_on_ampl_error yes" to see details.
Warning: Evaluation error during soft restoration phase step.
Error in an AMPL evaluation. Run with "halt_on_ampl_error yes" to see details.
Warning: Evaluation error during soft restoration phase step.
iter    objective    inf_pr   inf_du lg(mu)  ||d||  lg(rg) alpha_du alpha_pr  ls
 160r-5.0029346e+03 1.46e+01 1.00e+03   0.1 0.00e+00   6.5 0.00e+00 2.69e-07R 11
 161r-5.0029347e+03 1.46e+01 8.61e+03   0.1 4.23e+03    -  1.39e-02 7.55e-06f  1
 162r-5.0029346e+03 1.50e+01 1.60e+04   0.1 4.87e+02    -  2.24e-02 5.85e-03f  1
Error in an AMPL evaluation. Run with "halt_on_ampl_error yes" to see details.
Warning: Cutting back alpha due to evaluation error
 163 -5.0029344e+03 1.50e+01 2.51e+02  -6.0 2.26e+03    -  7.35e-02 1.47e-04h  2
Error in an AMPL evaluation. Run with "halt_on_ampl_error yes" to see details.
Warning: Cutting back alpha due to evaluation error
 164 -5.0029318e+03 1.50e+01 1.82e+04  -6.0 2.12e+03    -  1.59e-02 1.11e-04h  2
Error in an AMPL evaluation. Run with "halt_on_ampl_error yes" to see details.
Warning: Cutting back alpha due to evaluation error
 165 -5.0028802e+03 1.50e+01 2.24e+06  -6.0 1.17e+04    -  1.28e-01 5.25e-04h  2
 166 -5.0027355e+03 1.50e+01 5.41e+06  -6.0 1.39e+04    -  1.10e-01 1.26e-03h  1
 167 -5.0028748e+03 1.50e+01 1.04e+07  -6.0 1.94e+05    -  1.53e-03 1.40e-04f  1
 168 -5.0049897e+03 1.49e+01 1.86e+07  -6.0 2.21e+05    -  1.82e-03 1.87e-03f  1
Error in an AMPL evaluation. Run with "halt_on_ampl_error yes" to see details.
Warning: Cutting back alpha due to evaluation error
Error in an AMPL evaluation. Run with "halt_on_ampl_error yes" to see details.
Warning: Cutting back alpha due to evaluation error
Error in an AMPL evaluation. Run with "halt_on_ampl_error yes" to see details.
Warning: Evaluation error during soft restoration phase step.
Error in an AMPL evaluation. Run with "halt_on_ampl_error yes" to see details.
Warning: Evaluation error during soft restoration phase step.
Error in an AMPL evaluation. Run with "halt_on_ampl_error yes" to see details.
Warning: Evaluation error during soft restoration phase step.
 169r-5.0049897e+03 1.49e+01 1.00e+03   0.4 0.00e+00    -  0.00e+00 4.59e-07R  7
iter    objective    inf_pr   inf_du lg(mu)  ||d||  lg(rg) alpha_du alpha_pr  ls
 170r-5.0049897e+03 1.49e+01 7.99e+03   0.4 2.56e+03    -  6.99e-03 4.96e-07f  1
 171r-5.0050008e+03 1.71e+01 1.76e+04   0.4 3.97e+02    -  1.89e-02 7.99e-03f  1
 172 -5.0049966e+03 1.71e+01 1.18e+02  -6.0 4.08e+03    -  7.93e-02 6.73e-04h  1
Error in an AMPL evaluation. Run with "halt_on_ampl_error yes" to see details.
Warning: Cutting back alpha due to evaluation error
 173 -5.0049878e+03 1.71e+01 2.73e+03  -6.0 4.69e+03    -  7.96e-03 1.55e-04h  2
 174 -5.0049674e+03 1.71e+01 3.43e+05  -6.0 1.19e+04    -  8.91e-02 2.13e-04h  1
 175 -5.0047017e+03 1.71e+01 8.61e+05  -6.0 1.46e+04    -  9.40e-02 2.61e-03h  2
 176 -5.0044445e+03 1.70e+01 1.40e+06  -6.0 1.45e+04    -  1.00e-01 2.65e-03h  1
 177 -5.0045705e+03 1.70e+01 6.01e+06  -6.0 1.44e+05    -  9.10e-03 1.42e-04f  1
 178 -5.0089458e+03 1.69e+01 9.72e+06  -6.0 1.46e+05    -  3.60e-05 4.84e-03f  2
 179 -5.0100033e+03 1.69e+01 9.71e+06  -6.0 1.61e+05    -  9.70e-07 9.14e-04f  5
iter    objective    inf_pr   inf_du lg(mu)  ||d||  lg(rg) alpha_du alpha_pr  ls
 180 -5.0104705e+03 1.69e+01 9.70e+06  -6.0 1.47e+05    -  3.97e-03 4.70e-04f  6
 181 -5.0109153e+03 1.69e+01 9.69e+06  -6.0 1.40e+05    -  2.06e-03 4.82e-04f  6
 182 -5.0113526e+03 1.69e+01 9.68e+06  -6.0 1.33e+05    -  2.86e-03 5.06e-04f  6
 183 -5.0252095e+03 1.04e+02 7.06e+06  -6.0 1.25e+05    -  1.13e-02 1.70e-02f  1
 184 -5.0252095e+03 1.04e+02 7.06e+06  -6.0 5.85e+04    -  3.23e-02 1.04e-07h  1
 185 -5.0329181e+03 1.14e+02 1.35e+08  -6.0 6.63e+04    -  3.04e-02 1.39e-02f  1
 186 -5.0329195e+03 1.14e+02 3.72e+08  -6.0 2.78e+04    -  9.06e-04 7.92e-06h  1
In iteration 186, 1 Slack too small, adjusting variable bound
 187 -5.0333644e+03 1.14e+02 3.72e+08  -6.0 1.32e+06    -  8.23e-11 8.82e-05f  1
 188r-5.0333644e+03 1.14e+02 1.00e+03   1.9 0.00e+00   6.0 0.00e+00 1.95e-08R  2
 189r-5.0333644e+03 1.14e+02 4.65e+05   1.9 1.06e+05    -  9.66e-04 2.08e-08f  1
iter    objective    inf_pr   inf_du lg(mu)  ||d||  lg(rg) alpha_du alpha_pr  ls
 190r-5.0333409e+03 5.93e+01 4.59e+05   1.9 5.77e+04    -  7.12e-03 9.45e-04f  1
 191 -5.0333406e+03 5.93e+01 4.51e+01  -6.0 8.19e+03    -  1.87e-06 8.44e-05h  1
 192 -5.0333387e+03 5.93e+01 1.67e+02  -6.0 2.38e+04    -  1.83e-03 1.31e-05h  1
Error in an AMPL evaluation. Run with "halt_on_ampl_error yes" to see details.
Warning: Cutting back alpha due to evaluation error
 193 -5.0332791e+03 5.93e+01 3.09e+03  -6.0 2.43e+04    -  3.21e-05 4.10e-04h  2
Error in an AMPL evaluation. Run with "halt_on_ampl_error yes" to see details.
Warning: Cutting back alpha due to evaluation error
 194 -5.0332361e+03 5.92e+01 4.65e+03  -6.0 2.40e+04    -  6.05e-03 2.97e-04h  2
Error in an AMPL evaluation. Run with "halt_on_ampl_error yes" to see details.
Warning: Cutting back alpha due to evaluation error
 195 -5.0331802e+03 5.92e+01 7.24e+03  -6.0 2.43e+04    -  8.09e-04 3.82e-04h  2
Error in an AMPL evaluation. Run with "halt_on_ampl_error yes" to see details.
Warning: Cutting back alpha due to evaluation error
 196 -5.0331250e+03 5.92e+01 9.71e+03  -6.0 2.42e+04    -  5.34e-03 3.79e-04h  2
Error in an AMPL evaluation. Run with "halt_on_ampl_error yes" to see details.
Warning: Cutting back alpha due to evaluation error
 197 -5.0328790e+03 5.91e+01 5.75e+04  -6.0 2.42e+04    -  1.96e-03 1.68e-03h  2
Error in an AMPL evaluation. Run with "halt_on_ampl_error yes" to see details.
Warning: Cutting back alpha due to evaluation error
 198 -5.0326444e+03 5.90e+01 9.67e+04  -6.0 2.30e+04    -  1.69e-02 1.67e-03h  2
Error in an AMPL evaluation. Run with "halt_on_ampl_error yes" to see details.
Warning: Cutting back alpha due to evaluation error
 199 -5.0313641e+03 5.84e+01 1.14e+06  -6.0 2.20e+04    -  6.77e-03 9.43e-03h  2
Error in an AMPL evaluation. Run with "halt_on_ampl_error yes" to see details.
Warning: Cutting back alpha due to evaluation error
iter    objective    inf_pr   inf_du lg(mu)  ||d||  lg(rg) alpha_du alpha_pr  ls
 200 -5.0300792e+03 5.78e+01 1.78e+06  -6.0 1.75e+04    -  3.11e-02 1.16e-02h  2
Error in an AMPL evaluation. Run with "halt_on_ampl_error yes" to see details.
Warning: Cutting back alpha due to evaluation error
 201 -5.0275101e+03 5.61e+01 3.41e+06  -6.0 1.44e+04    -  4.72e-02 2.83e-02h  2
 202 -5.0257902e+03 5.46e+01 3.87e+06  -6.0 1.02e+04    -  5.21e-02 2.74e-02h  2
 203 -5.0239481e+03 5.26e+01 5.39e+06  -6.0 8.37e+03    -  6.29e-02 3.71e-02h  1
 204r-5.0239481e+03 5.26e+01 1.00e+03   1.6 0.00e+00    -  0.00e+00 2.76e-08R  2
 205r-5.0239481e+03 5.26e+01 1.00e+03   1.6 5.10e+04    -  2.53e-06 5.67e-08f  2
 206r-5.0239476e+03 5.22e+01 5.01e+05   1.6 5.09e+04    -  5.90e-03 7.96e-06f  1
 207r-5.0040152e+03 1.95e+02 4.99e+05   1.6 7.98e+06    -  1.29e-04 3.64e-04f  1
 208r-5.0037097e+03 1.58e+02 6.09e+05   1.6 4.24e+03    -  1.96e-02 6.70e-03f  1
 209r-5.0036613e+03 1.52e+02 7.55e+05   1.6 1.75e+03    -  5.53e-02 2.03e-02f  1
iter    objective    inf_pr   inf_du lg(mu)  ||d||  lg(rg) alpha_du alpha_pr  ls
 210r-5.0042465e+03 4.01e+02 7.46e+05   1.6 1.97e+03    -  5.23e-02 6.91e-02f  1
 211r-5.0057088e+03 3.58e+02 6.21e+05   0.9 1.72e+03    -  2.27e-01 1.30e-01f  1
 212r-5.0078132e+03 3.00e+02 4.56e+05   0.9 1.25e+03    -  3.37e-01 2.47e-01f  1
 213r-5.0100289e+03 2.73e+02 3.51e+05   0.9 1.18e+03    -  2.18e-01 2.64e-01f  1
 214r-5.0100218e+03 2.69e+02 3.46e+05   0.9 4.48e+00   4.0 1.03e-02 1.35e-02f  1
 215r-5.0099669e+03 2.55e+02 3.12e+05   0.9 3.75e+00   3.5 7.82e-03 1.06e-01f  1
 216r-5.0098730e+03 2.59e+02 2.49e+05   0.9 3.21e+00   3.0 1.16e-01 2.03e-01f  1
 217r-5.0097711e+03 2.61e+02 1.85e+05   0.9 2.33e+00   2.6 4.85e-01 2.77e-01f  1
 218r-5.0096399e+03 2.58e+02 1.15e+05   0.9 3.79e+00   2.1 9.00e-01 4.94e-01f  1
 219r-5.0096160e+03 2.21e+02 1.12e+05   0.2 1.54e+00   2.5 4.72e-01 1.78e-01f  1
iter    objective    inf_pr   inf_du lg(mu)  ||d||  lg(rg) alpha_du alpha_pr  ls
 220r-5.0095918e+03 1.83e+02 1.04e+05   0.2 3.46e+00   2.0 3.40e-01 2.20e-01f  1
 221r-5.0095831e+03 1.70e+02 8.14e+04   0.2 9.01e+00   1.6 4.54e-02 1.01e-01f  1
 222 -5.0096621e+03 1.70e+02 6.09e+02  -6.0 3.25e+04    -  4.25e-04 3.66e-04h  1
 223 -5.0098025e+03 1.70e+02 1.71e+03  -6.0 4.95e+04    -  4.48e-04 4.55e-04f  1
 224 -5.0101732e+03 1.70e+02 8.45e+03  -6.0 4.67e+04    -  1.64e-03 1.07e-03f  1
 225 -5.0102304e+03 1.70e+02 8.56e+03  -6.0 4.96e+04    -  1.71e-03 1.45e-04h  1
 226r-5.0102304e+03 1.70e+02 9.99e+02   1.4 0.00e+00    -  0.00e+00 4.77e-07R  6
 227r-5.0102304e+03 1.70e+02 1.77e+05   1.4 2.69e+04    -  3.60e-02 1.33e-06f  1
 228r-5.0101318e+03 2.25e+02 3.06e+05   1.4 7.98e+02    -  8.42e-02 3.70e-02f  1
 229r-5.0102807e+03 2.25e+02 4.65e+05   0.7 1.69e+02    -  7.98e-01 1.20e-01f  1
iter    objective    inf_pr   inf_du lg(mu)  ||d||  lg(rg) alpha_du alpha_pr  ls
 230r-5.0135832e+03 2.74e+02 2.59e+04   0.7 4.37e+02    -  7.52e-01 8.43e-01f  1
 231r-5.0151855e+03 2.25e+02 6.35e+04   0.7 1.91e+02    -  9.89e-01 4.81e-01f  1
 232r-5.0151835e+03 1.97e+02 5.71e+04   0.7 1.15e+01   0.0 3.54e-02 1.33e-01f  1
 233r-5.0171487e+03 3.00e+02 1.24e+04   0.7 1.15e+02    -  1.00e+00 1.00e+00f  1
 234r-5.0157351e+03 2.87e+02 1.52e+04   0.0 3.58e+02    -  4.25e-01 3.95e-01f  1
 235r-5.0157336e+03 2.17e+02 4.32e+04   0.0 2.07e+00   0.4 4.86e-01 2.59e-01f  1
 236r-5.0157313e+03 1.16e+02 1.43e+04   0.0 1.12e+00   0.9 2.98e-01 5.16e-01f  1
 237r-5.0157301e+03 6.47e+01 6.01e+03   0.0 3.25e-01   2.2 4.21e-01 5.02e-01f  1
 238 -5.0157077e+03 6.47e+01 6.75e+01  -6.0 4.16e+04    -  3.04e-03 5.39e-05h  6
 239 -5.0156822e+03 6.47e+01 1.38e+02  -6.0 4.17e+04    -  5.36e-03 5.81e-05h  6
iter    objective    inf_pr   inf_du lg(mu)  ||d||  lg(rg) alpha_du alpha_pr  ls
 240 -5.0156649e+03 6.47e+01 1.59e+02  -6.0 4.12e+04    -  6.26e-03 3.56e-05h  7
 241 -5.0156503e+03 6.47e+01 1.69e+02  -6.0 3.92e+04    -  5.11e-03 2.67e-05h  8
 242r-5.0156503e+03 6.47e+01 9.99e+02   1.2 0.00e+00    -  0.00e+00 3.35e-07R 15
 243r-5.0156506e+03 6.45e+01 3.27e+05   1.2 1.62e+04    -  3.43e-02 4.68e-05f  1
 244r-5.0157554e+03 7.40e+01 3.80e+05   1.2 5.93e+02    -  6.19e-02 3.53e-02f  1
 245r-5.0161079e+03 1.24e+02 4.02e+05   1.2 5.53e+02    -  1.51e-01 1.04e-01f  1
 246r-5.0176957e+03 8.20e+02 2.44e+05   1.2 5.25e+02    -  2.07e-01 3.60e-01f  1
 247r-5.0177063e+03 7.79e+02 2.55e+05   1.2 8.86e+01  -2.0 6.27e-03 5.51e-02f  1
 248r-5.0177440e+03 7.30e+02 1.54e+05   1.2 1.49e+03  -2.5 2.42e-01 6.59e-02f  1
 249r-5.0201402e+03 4.17e+02 1.76e+05   1.2 4.33e+02    -  3.12e-01 4.78e-01f  1
iter    objective    inf_pr   inf_du lg(mu)  ||d||  lg(rg) alpha_du alpha_pr  ls
 250r-5.0231428e+03 3.72e+02 9.73e+04   1.2 2.66e+02    -  5.84e-01 1.00e+00f  1
 251r-5.0227348e+03 3.37e+02 8.63e+04   0.5 3.85e+02    -  3.08e-01 1.54e-01f  1
 252r-5.0227342e+03 3.26e+02 8.39e+04   0.5 2.57e-01   3.4 2.44e-02 5.59e-02f  1
 253r-5.0227308e+03 2.59e+02 8.81e+04   0.5 4.65e-01   2.9 8.31e-01 3.43e-01f  1
 254r-5.0227281e+03 1.87e+02 4.88e+04   0.5 6.25e-01   2.4 3.66e-01 4.21e-01f  1
 255r-5.0227281e+03 1.87e+02 9.99e+02   1.1 0.00e+00    -  0.00e+00 4.95e-07R 14
 256r-5.0227292e+03 1.87e+02 1.03e+05   1.1 1.15e+04    -  1.69e-01 1.60e-04f  1
 257r-5.0227292e+03 1.87e+02 9.99e+02   1.0 0.00e+00    -  0.00e+00 4.83e-07R 14
 258r-5.0227292e+03 1.87e+02 2.30e+04   1.0 9.62e+03    -  4.48e-02 2.16e-07f  1
 259r-5.0230936e+03 1.74e+02 6.22e+04   0.3 3.36e+02    -  3.62e-01 4.53e-02f  1
iter    objective    inf_pr   inf_du lg(mu)  ||d||  lg(rg) alpha_du alpha_pr  ls
 260 -5.0228889e+03 1.74e+02 4.38e+01  -6.0 4.30e+04    -  4.67e-03 4.99e-04h  4
 261r-5.0228889e+03 1.74e+02 9.99e+02  -0.3 0.00e+00    -  0.00e+00 3.80e-07R 14
 262r-5.0228891e+03 1.74e+02 1.00e+03  -0.3 1.57e+03    -  1.55e-02 3.83e-06f  1
 263r-5.0236317e+03 1.23e+02 9.84e+02  -0.3 1.09e+03    -  1.04e-02 1.65e-02f  1
 264r-5.0242696e+03 9.21e+01 9.67e+02  -0.3 1.00e+03    -  2.30e-02 1.66e-02f  1
 265r-5.0247700e+03 7.42e+01 4.17e+03  -0.3 7.95e+02    -  6.66e-02 1.75e-02f  1
 266r-5.0261723e+03 6.03e+01 1.91e+03  -0.3 6.01e+02    -  3.69e-02 6.66e-02f  1
 267r-5.0269244e+03 5.36e+01 1.64e+04  -0.3 4.41e+02    -  1.29e-01 4.71e-02f  1
 268r-5.0278068e+03 4.87e+01 6.92e+04  -0.3 3.80e+02    -  2.46e-01 6.62e-02f  1
 269r-5.0303290e+03 3.44e+01 5.51e+04  -0.3 3.49e+02    -  2.55e-01 2.33e-01f  1
iter    objective    inf_pr   inf_du lg(mu)  ||d||  lg(rg) alpha_du alpha_pr  ls
 270r-5.0310969e+03 2.70e+01 1.32e+05  -0.3 3.16e+02    -  3.34e-01 1.32e-01f  1
 271r-5.0327639e+03 1.66e+01 2.57e+05  -0.3 2.48e+02    -  8.11e-01 3.43e-01f  1
 272r-5.0330782e+03 1.42e+01 2.11e+05  -0.3 2.33e+02  -4.0 1.00e+00 2.20e-01f  1
 273r-5.0363515e+03 1.68e+01 1.75e+04  -0.3 1.39e+02    -  9.71e-01 1.00e+00f  1
 274r-5.0362705e+03 1.35e+01 4.02e+03  -0.3 3.86e+02    -  1.00e+00 9.51e-01f  1
 275r-5.0362676e+03 1.69e+01 5.96e+03  -0.3 8.41e+02    -  2.93e-02 1.00e+00f  1
 276r-5.0362716e+03 1.47e+01 2.19e+01  -0.3 7.93e+02    -  1.00e+00 1.00e+00h  1
 277r-5.0362695e+03 1.36e+01 1.00e+02  -0.3 2.23e+02    -  8.94e-01 1.00e+00h  1
 278r-5.0361256e+03 1.21e+01 1.27e+04  -1.0 1.86e+02    -  1.45e-01 1.16e-01f  1
 279r-5.0361471e+03 6.55e+00 6.61e+04  -1.0 1.74e+01  -1.8 3.65e-01 5.45e-01f  1
iter    objective    inf_pr   inf_du lg(mu)  ||d||  lg(rg) alpha_du alpha_pr  ls
 280r-5.0361473e+03 4.18e+00 2.23e+04  -1.0 4.81e-01   0.5 6.20e-01 5.88e-01f  1
 281r-5.0361474e+03 2.86e+00 9.56e+03  -1.0 2.48e-01   0.9 7.01e-01 8.20e-01f  1
 282r-5.0361474e+03 2.86e+00 9.99e+02  -0.4 0.00e+00    -  0.00e+00 3.37e-07R 10
 283r-5.0361500e+03 2.86e+00 2.75e+04  -0.4 6.03e+02    -  1.56e-02 1.94e-04f  1
 284r-5.0361500e+03 2.86e+00 9.99e+02  -0.5 0.00e+00    -  0.00e+00 3.30e-07R 10
 285r-5.0361500e+03 2.86e+00 5.46e+03  -0.5 1.74e+03    -  3.80e-03 1.08e-05f  1
 286r-5.0362233e+03 2.95e+00 1.23e+05  -0.5 5.27e+02    -  8.74e-02 4.79e-03f  1
 287r-5.0362233e+03 2.95e+00 9.99e+02  -0.7 0.00e+00    -  0.00e+00 3.06e-07R 10
 288r-5.0362247e+03 2.95e+00 2.16e+04  -0.7 8.39e+02    -  2.19e-02 6.27e-05f  1
 289r-5.0367606e+03 3.18e+00 1.33e+05  -0.7 4.95e+02    -  1.48e-01 2.90e-02f  1
iter    objective    inf_pr   inf_du lg(mu)  ||d||  lg(rg) alpha_du alpha_pr  ls
 290r-5.0395973e+03 4.24e+00 4.04e+05  -0.7 4.67e+02    -  6.41e-01 1.92e-01f  1
 291r-5.0414261e+03 4.80e+00 3.46e+05  -0.7 3.50e+02    -  1.00e+00 2.37e-01f  1
 292r-5.0433164e+03 5.39e+00 2.16e+05  -0.7 2.55e+02    -  1.00e+00 3.81e-01f  1
 293r-5.0435948e+03 5.70e+00 1.42e+05  -0.7 1.72e+02  -4.0 1.00e+00 3.62e-01f  1
 294r-5.0447250e+03 6.03e+00 5.46e+04  -0.7 1.29e+02    -  1.00e+00 6.05e-01f  1
 295r-5.0450967e+03 6.21e+00 5.53e+03  -0.7 2.65e+02    -  1.00e+00 8.96e-01f  1
 296r-5.0452640e+03 6.24e+00 5.19e+01  -0.7 5.72e+01  -4.5 5.99e-01 1.00e+00f  1
 297r-5.0447546e+03 4.70e+00 1.60e+03  -2.0 1.92e+02    -  2.42e-01 2.54e-01f  1
 298r-5.0447273e+03 3.67e+00 3.43e+04  -2.0 6.53e+01    -  4.69e-01 2.25e-01f  1
 299r-5.0445132e+03 2.44e+00 1.74e+04  -2.0 6.94e+01    -  3.24e-01 3.50e-01f  1
iter    objective    inf_pr   inf_du lg(mu)  ||d||  lg(rg) alpha_du alpha_pr  ls
 300r-5.0445097e+03 1.46e+00 5.57e+03  -2.0 1.38e+01  -4.1 4.06e-01 4.24e-01f  1
 301r-5.0441195e+03 8.34e-01 2.17e+03  -2.0 8.90e+01  -4.5 4.31e-01 4.55e-01f  1
 302r-5.0438988e+03 7.33e-01 1.45e+05  -2.0 9.05e+01    -  8.36e-01 1.43e-01f  1
 303r-5.0427171e+03 2.76e-01 5.41e+04  -2.0 8.39e+01    -  1.00e+00 7.64e-01f  1
 304r-5.0423863e+03 2.24e-01 9.41e+03  -2.0 2.81e+01    -  3.37e-01 7.60e-01f  1
 305r-5.0422580e+03 2.24e-01 3.05e+03  -2.0 7.67e+00    -  6.54e-01 1.00e+00f  1
 306r-5.0422453e+03 2.24e-01 2.30e+03  -2.0 3.56e+00    -  2.35e-01 2.26e-01h  2
 307r-5.0422313e+03 2.24e-01 2.54e+03  -2.0 3.01e+00    -  2.44e-01 4.50e-01f  1
 308r-5.0422372e+03 2.24e-01 2.73e+03  -2.0 2.30e+00    -  3.31e-01 4.42e-01f  1
 309r-5.0422654e+03 2.24e-01 5.03e+03  -2.0 1.73e+00    -  3.41e-01 7.40e-01f  1
iter    objective    inf_pr   inf_du lg(mu)  ||d||  lg(rg) alpha_du alpha_pr  ls
 310r-5.0422718e+03 2.24e-01 1.03e+03  -2.0 1.02e+00    -  7.25e-01 3.41e-01h  1
 311r-5.0422718e+03 2.24e-01 2.31e+03  -2.0 1.06e+00    -  4.64e-01 8.00e-01f  1
 312r-5.0422775e+03 2.24e-01 1.14e+00  -2.0 3.51e-01    -  1.00e+00 1.00e+00f  1
 313r-5.0422777e+03 2.24e-01 7.81e+01  -2.0 1.76e-01    -  8.74e-01 1.00e+00h  1
 314r-5.0422770e+03 2.24e-01 1.54e-01  -2.0 1.60e-01    -  1.00e+00 1.00e+00h  1
 315r-5.0416240e+03 2.25e-01 9.46e+03  -3.4 5.97e+01    -  5.16e-01 6.49e-01f  1
 316r-5.0416237e+03 4.18e-01 1.09e+04  -3.4 1.47e+01  -2.3 1.02e-01 1.71e-01f  1
 317r-5.0416236e+03 4.92e-01 1.19e+04  -3.4 5.10e+01  -1.9 5.94e-03 5.30e-02f  1
 318r-5.0416235e+03 4.46e-01 1.47e+04  -3.4 2.19e+01  -2.3 8.63e-04 8.37e-02f  1
 319r-5.0416235e+03 4.46e-01 1.34e+04  -3.4 1.66e+01  -0.1 3.65e-02 5.87e-04f  1
iter    objective    inf_pr   inf_du lg(mu)  ||d||  lg(rg) alpha_du alpha_pr  ls
 320r-5.0416235e+03 4.46e-01 1.34e+04  -3.4 2.46e+01  -0.6 4.18e-04 6.80e-05f  1
 321r-5.0416235e+03 4.46e-01 1.34e+04  -3.4 8.42e+00  -0.2 3.88e-03 4.70e-03f  1
 322r-5.0416235e+03 4.48e-01 1.36e+04  -3.4 1.49e+01   1.2 7.63e-06 1.00e-02f  1
 323r-5.0416235e+03 4.48e-01 1.60e+04  -3.4 1.42e-02   9.0 4.78e-04 6.48e-04f  1
 324r-5.0416235e+03 4.48e-01 4.79e+04  -3.4 1.62e-02   8.5 7.28e-07 4.96e-04f  1
 325r-5.0416235e+03 4.48e-01 2.77e+04  -3.4 1.59e-02   8.1 1.04e-03 1.50e-04f  1
 326r-5.0416235e+03 4.46e-01 4.20e+05  -3.4 1.49e-02   7.6 1.14e-04 3.79e-03f  1
 327r-5.0416235e+03 4.42e-01 4.16e+05  -3.4 2.12e-02   7.1 3.40e-03 8.28e-03f  1
 328r-5.0416235e+03 4.42e-01 4.16e+05  -3.4 1.82e-02   6.6 1.84e-03 3.48e-06h  2
 329r-5.0416235e+03 4.42e-01 4.16e+05  -3.4 6.89e-02   6.1 1.29e-02 4.60e-04f  1
iter    objective    inf_pr   inf_du lg(mu)  ||d||  lg(rg) alpha_du alpha_pr  ls
 330r-5.0416235e+03 4.42e-01 4.16e+05  -3.4 3.31e-01   5.7 3.77e-04 4.28e-05f  1
 331r-5.0416234e+03 3.88e-01 3.83e+05  -3.4 1.66e-02   5.2 1.62e-03 7.79e-02f  1
 332r-5.0416234e+03 3.88e-01 3.83e+05  -3.4 6.89e-03   7.4 5.07e-03 4.21e-04f  1
 333r-5.0416234e+03 3.77e-01 3.67e+05  -3.4 1.40e-02   6.9 9.07e-03 4.17e-02f  1
 334r-5.0416234e+03 3.75e-01 3.66e+05  -3.4 5.53e-03   7.4 2.13e-02 4.44e-03f  1
 335r-5.0416234e+03 2.91e-01 2.93e+05  -3.4 5.70e-03   6.9 2.72e-02 1.99e-01f  1
 336r-5.0416233e+03 2.25e-01 2.15e+05  -3.4 4.08e-03   6.4 1.76e-01 2.65e-01f  1
 337r-5.0416233e+03 2.25e-01 1.97e+05  -3.4 2.85e-03   5.9 2.68e-01 8.54e-02f  1
 338r-5.0416233e+03 2.25e-01 1.92e+05  -3.4 3.75e-03   5.5 2.24e-02 2.21e-02f  1
 339r-5.0416233e+03 2.25e-01 1.91e+05  -3.4 1.05e-02   5.0 1.63e-01 8.45e-03f  1
iter    objective    inf_pr   inf_du lg(mu)  ||d||  lg(rg) alpha_du alpha_pr  ls
 340r-5.0416233e+03 2.25e-01 1.88e+05  -3.4 2.12e-02   4.5 3.79e-02 1.58e-02f  1
 341r-5.0416233e+03 2.25e-01 1.86e+05  -3.4 5.84e-02   4.0 4.75e-02 8.89e-03f  1
 342r-5.0416233e+03 2.25e-01 1.85e+05  -3.4 1.16e-01   3.6 8.23e-02 4.80e-03f  1
 343r-5.0416233e+03 2.25e-01 1.84e+05  -3.4 2.71e-01   3.1 2.78e-01 8.53e-03f  1
 344r-5.0416233e+03 2.25e-01 1.81e+05  -3.4 3.07e-02   2.6 2.94e-01 1.21e-02f  1
 345r-5.0416233e+03 2.25e-01 1.63e+05  -3.4 2.47e-02   2.1 5.80e-01 1.02e-01f  1
 346r-5.0416232e+03 2.25e-01 1.14e+05  -3.4 4.52e-02   1.6 5.33e-01 3.01e-01f  1
 347r-5.0416232e+03 2.25e-01 1.03e+05  -3.4 1.51e-02   2.1 1.00e+00 9.35e-02f  1
 348r-5.0416232e+03 2.25e-01 6.04e+04  -3.4 2.64e-02   1.6 5.25e-01 4.14e-01f  1
 349r-5.0416232e+03 2.25e-01 4.94e+04  -3.4 3.06e-02   1.1 8.84e-01 1.82e-01f  1
iter    objective    inf_pr   inf_du lg(mu)  ||d||  lg(rg) alpha_du alpha_pr  ls
 350r-5.0416232e+03 2.25e-01 4.27e+04  -3.4 1.26e-02   1.5 1.00e+00 1.35e-01f  1
 351r-5.0416232e+03 2.25e-01 1.24e+04  -3.4 2.57e-02   1.1 1.00e+00 7.10e-01f  1
 352r-5.0416232e+03 2.25e-01 2.63e+03  -3.4 5.35e-02   0.6 1.00e+00 7.88e-01f  1
 353r-5.0416232e+03 2.25e-01 1.41e+03  -3.4 1.01e-01   0.1 1.00e+00 4.67e-01f  1
 354r-5.0416231e+03 2.25e-01 1.12e+03  -3.4 1.81e-01  -0.4 1.00e+00 6.53e-01f  1
 355r-5.0416231e+03 2.25e-01 6.38e+02  -3.4 2.56e-01  -0.8 1.00e+00 8.37e-01f  1
 356r-5.0416230e+03 2.25e-01 5.10e+02  -3.4 3.44e-01  -1.3 1.00e+00 1.00e+00f  1
 357r-5.0400927e+03 1.88e+00 2.55e+04  -3.4 2.61e+02    -  1.67e-01 4.12e-01f  1
 358r-5.0400908e+03 3.28e-01 1.22e+03  -3.4 3.22e-01  -1.8 1.00e+00 1.00e+00f  1
 359r-5.0379844e+03 1.33e+00 1.43e+04  -3.4 1.54e+02    -  2.89e-01 7.56e-01f  1
iter    objective    inf_pr   inf_du lg(mu)  ||d||  lg(rg) alpha_du alpha_pr  ls
 360r-5.0375752e+03 2.95e-01 1.74e+03  -3.4 5.75e+01    -  1.00e+00 1.00e+00f  1
 361r-5.0375011e+03 2.25e-01 9.04e+03  -3.4 1.59e+01    -  1.00e+00 6.80e-01h  1
 362r-5.0369223e+03 2.25e-01 5.14e+01  -3.4 9.07e+01    -  1.00e+00 1.00e+00h  1
 363r-5.0369005e+03 2.25e-01 1.82e+03  -3.4 3.42e+00    -  1.00e+00 9.52e-01h  1
 364r-5.0368914e+03 2.25e-01 1.42e+01  -3.4 1.48e+00    -  1.00e+00 1.00e+00h  1
 365r-5.0368911e+03 2.25e-01 7.75e-03  -3.4 4.76e-02    -  1.00e+00 1.00e+00h  1
 366r-5.0367632e+03 2.26e-01 4.12e+03  -4.3 2.12e+01    -  5.12e-01 4.19e-01f  1
 367r-5.0367625e+03 3.03e+00 1.01e+04  -4.3 1.07e+00  -2.3 5.79e-01 4.73e-01f  1
 368r-5.0367622e+03 1.97e+00 9.85e+03  -4.3 3.78e-01  -1.8 7.56e-01 4.97e-01f  1
 369r-5.0367612e+03 5.25e+00 3.77e+04  -4.3 1.69e+00  -2.3 3.94e-01 6.56e-01f  1
iter    objective    inf_pr   inf_du lg(mu)  ||d||  lg(rg) alpha_du alpha_pr  ls
 370r-5.0367611e+03 2.26e-01 3.26e+03  -4.3 4.73e-01  -1.0 3.76e-01 1.00e+00f  1
 371r-5.0367611e+03 2.26e-01 2.59e+04  -4.3 1.43e-01  -0.6 1.00e+00 1.27e-01h  1
 372r-5.0367611e+03 2.26e-01 2.95e+04  -4.3 2.03e+00  -0.1 1.21e-02 3.32e-03h  1
 373r-5.0367611e+03 2.26e-01 1.26e+04  -4.3 2.12e-02   0.3 5.43e-01 1.00e+00h  1
 374r-5.0367611e+03 1.37e+00 6.71e+03  -4.3 1.27e-01   0.7 2.63e-01 5.57e-01f  1
 375r-5.0367611e+03 1.37e+00 8.02e+03  -4.3 1.08e-02   0.2 4.27e-01 4.21e-03h  1
 376r-5.0367611e+03 1.36e+00 3.14e+04  -4.3 3.12e-02  -0.2 9.92e-01 2.37e-03h  1
 377r-5.0367611e+03 3.94e-01 2.81e+03  -4.3 2.53e-02   0.2 1.00e+00 1.00e+00h  1
 378r-5.0367611e+03 3.39e-01 1.54e+04  -4.3 3.45e-02  -0.3 7.60e-01 1.58e-01h  1
 379r-5.0367611e+03 2.26e-01 4.24e+04  -4.3 9.87e-02  -0.8 1.00e+00 4.68e-01f  2
iter    objective    inf_pr   inf_du lg(mu)  ||d||  lg(rg) alpha_du alpha_pr  ls
 380r-5.0367611e+03 2.26e-01 8.73e+04  -4.3 2.67e-01  -1.3 2.92e-01 4.11e-02h  4
 381r-5.0367611e+03 2.26e-01 8.58e+04  -4.3 8.48e-03   2.8 1.63e-02 9.26e-04h  1
 382r-5.0367611e+03 2.26e-01 6.58e+04  -4.3 8.76e-03   2.3 2.34e-01 1.51e-02h  3
 383r-5.0367611e+03 2.26e-01 1.35e+04  -4.3 1.56e-02   1.8 7.96e-01 1.63e-02h  3
 384r-5.0367611e+03 3.03e-01 1.31e+04  -4.3 8.28e-03   2.3 3.04e-02 2.39e-01f  1
 385r-5.0367611e+03 2.80e-01 1.46e+03  -4.3 1.40e-02   1.8 1.00e+00 5.31e-02f  4
 386r-5.0367611e+03 2.26e-01 7.62e+02  -4.3 1.77e-02   1.3 1.00e+00 4.05e-01h  1
 387r-5.0367611e+03 2.26e-01 1.80e+03  -4.3 2.56e-03   0.8 1.00e+00 7.99e-02f  1
 388r-5.0367611e+03 2.26e-01 2.48e+01  -4.3 7.63e-03   0.4 1.00e+00 1.00e+00f  1
 389r-5.0367611e+03 2.26e-01 5.86e+01  -4.3 2.24e-02  -0.1 1.00e+00 1.00e+00h  1
iter    objective    inf_pr   inf_du lg(mu)  ||d||  lg(rg) alpha_du alpha_pr  ls
 390r-5.0367610e+03 2.26e-01 5.01e+02  -4.3 6.42e-02  -0.6 1.00e+00 1.00e+00h  1
 391r-5.0367610e+03 2.26e-01 3.61e+04  -4.3 1.78e-01  -1.1 1.00e+00 7.69e-01h  1
 392r-5.0367607e+03 2.26e-01 4.13e+03  -4.3 5.03e-01  -1.6 1.00e+00 1.00e+00F  1
 393r-5.0367599e+03 1.78e+00 6.24e+03  -4.3 1.14e+00  -2.0 1.00e+00 1.00e+00f  1
 394r-5.0367595e+03 1.72e+00 7.58e+05  -4.3 1.79e+00  -2.5 1.00e+00 1.44e-01h  1
 395r-5.0367582e+03 3.23e+00 3.21e+05  -4.3 4.11e+00  -3.0 3.77e-01 1.89e-01h  1
 396r-5.0367490e+03 9.26e+01 3.78e+05  -4.3 5.92e+00  -3.5 2.23e-01 4.42e-01h  1
 397r-5.0367487e+03 6.90e+01 2.57e+05  -4.3 2.19e+00  -2.1 3.16e-01 3.15e-01h  1
 398r-5.0367483e+03 7.35e-01 1.01e+05  -4.3 3.40e-01  -1.7 7.89e-01 1.00e+00h  1
 399r-5.0367481e+03 1.55e+01 9.09e+04  -4.3 6.70e+00  -2.2 1.28e-01 1.67e-01h  1
iter    objective    inf_pr   inf_du lg(mu)  ||d||  lg(rg) alpha_du alpha_pr  ls
 400r-5.0367481e+03 5.18e+00 2.35e+04  -4.3 1.43e-01  -0.9 7.40e-01 6.66e-01f  1
 401r-5.0367480e+03 4.00e+00 1.41e+04  -4.3 6.67e-01  -1.3 4.37e-01 4.72e-01f  1
 402r-5.0367479e+03 1.06e+00 1.65e+03  -4.3 2.78e-01  -0.9 1.00e+00 9.12e-01f  1
 403r-5.0367479e+03 2.26e-01 9.18e+01  -4.3 1.34e-01  -0.5 9.89e-01 1.00e+00f  1
 404r-5.0367479e+03 1.66e+00 1.04e+04  -4.3 1.41e+00  -1.0 2.29e-01 3.31e-01f  1
 405r-5.0367479e+03 2.26e-01 1.84e+01  -4.3 6.31e-02   0.4 1.00e+00 1.00e+00f  1
 406r-5.0367479e+03 6.15e-01 9.82e+03  -4.3 4.03e-01  -0.1 3.98e-01 1.00e+00f  1
 407r-5.0367479e+03 3.69e-01 2.29e+03  -4.3 6.13e-02   1.2 7.78e-01 4.01e-01h  1
 408r-5.0367479e+03 3.43e-01 6.46e+03  -4.3 8.50e-02   0.7 1.00e+00 7.11e-02h  1
 409r-5.0367479e+03 2.26e-01 4.77e+03  -4.3 5.44e-02   0.3 1.00e+00 5.62e-01f  1
iter    objective    inf_pr   inf_du lg(mu)  ||d||  lg(rg) alpha_du alpha_pr  ls
 410r-5.0367479e+03 2.26e-01 1.18e+03  -4.3 2.80e-02  -0.2 1.00e+00 9.10e-01f  1
 411r-5.0367478e+03 2.26e-01 1.44e+03  -4.3 3.75e-02  -0.7 1.00e+00 8.38e-01h  1
 412r-5.0367478e+03 2.26e-01 1.44e+04  -4.3 6.55e-02  -1.2 1.00e+00 5.68e-01f  1
 413r-5.0367477e+03 2.26e-01 2.26e+04  -4.3 1.09e-01  -1.6 1.00e+00 3.70e-01f  1
 414r-5.0367472e+03 2.26e-01 9.28e+03  -4.3 1.97e-01  -2.1 1.00e+00 6.09e-01f  1
 415r-5.0367447e+03 1.32e+00 4.28e+02  -4.3 1.22e+00  -2.6 1.00e+00 1.00e+00f  1
 416r-5.0357463e+03 2.69e+00 2.56e+03  -4.3 3.00e+02    -  8.17e-02 1.40e-01h  1
 417r-5.0334447e+03 1.77e+00 8.49e+03  -4.3 2.63e+02    -  1.52e-01 3.35e-01f  1
 418r-5.0334389e+03 2.86e-01 1.04e+03  -4.3 6.83e-01  -3.1 1.00e+00 7.92e-01f  1
 419r-5.0331731e+03 2.75e-01 2.81e+03  -4.3 1.80e+02    -  9.17e-02 5.37e-02h  1
iter    objective    inf_pr   inf_du lg(mu)  ||d||  lg(rg) alpha_du alpha_pr  ls
 420r-5.0283878e+03 5.70e-01 4.40e+03  -4.3 1.71e+02    -  7.25e-01 1.00e+00f  1
 421r-5.0279300e+03 2.26e-01 1.90e+00  -4.3 3.10e+01    -  1.00e+00 1.00e+00h  1
 422r-5.0279252e+03 2.26e-01 2.73e-01  -4.3 5.91e-01    -  1.00e+00 1.00e+00h  1

Number of Iterations....: 422

                                   (scaled)                 (unscaled)
Objective...............:  -5.0279252691194042e+03   -5.0279252691194042e+03
Dual infeasibility......:   1.0000106511713738e+00    1.0000106511713738e+00
Constraint violation....:   2.2586147166309967e-01    2.2586147166309967e-01
Complementarity.........:   4.9018025392446308e-05    4.9018025392446308e-05
Overall NLP error.......:   7.9662319911559609e-01    1.0000106511713738e+00


Number of objective function evaluations             = 901
Number of objective gradient evaluations             = 211
Number of equality constraint evaluations            = 1026
Number of inequality constraint evaluations          = 0
Number of equality constraint Jacobian evaluations   = 436
Number of inequality constraint Jacobian evaluations = 0
Number of Lagrangian Hessian evaluations             = 423
Total CPU secs in IPOPT (w/o function evaluations)   =    185.513
Total CPU secs in NLP function evaluations           =      6.178

EXIT: Converged to a point of local infeasibility. Problem may be infeasible.
