
List of user-set options:

                                    Name   Value                used
                           compl_inf_tol = 1                     yes
                         constr_viol_tol = 1                     yes
                            dual_inf_tol = 1000                  yes
                           linear_solver = ma97                  yes
                              ma86_small = 1e-30                  no
                                  ma86_u = 0.0001                 no
                              ma97_order = best                  yes
                              ma97_small = 1e-30                 yes
                            ma97_switch1 = at_start              yes
                            ma97_switch2 = od_hd_reuse           yes
                                  ma97_u = 1e-06                 yes
                               ma97_umax = 0.5                   yes
                                max_iter = 1000                  yes
                    max_refinement_steps = 20                    yes
                    min_refinement_steps = 5                     yes
                                 mu_init = 1e-06                 yes
           mu_superlinear_decrease_power = 1.25                  yes
                   nlp_scaling_min_value = 1e-08                 yes
                        option_file_name = Preset_Case_577_pf.opt  yes
                             output_file = ./tmp/Preset_Case_577_pf.output  yes
                      print_user_options = yes                   yes
        required_infeasibility_reduction = 1                      no
                                     tol = 1e-08                 yes
                   warm_start_bound_frac = 1e-20                 yes
                   warm_start_bound_push = 1e-20                 yes
                   warm_start_init_point = yes                   yes
              warm_start_mult_bound_push = 1e-20                 yes
                warm_start_mult_init_max = 1e+40                 yes
             warm_start_slack_bound_frac = 1e-20                 yes
             warm_start_slack_bound_push = 1e-20                 yes

******************************************************************************
This program contains Ipopt, a library for large-scale nonlinear optimization.
 Ipopt is released as open source code under the Eclipse Public License (EPL).
         For more information visit http://projects.coin-or.org/Ipopt
******************************************************************************

This is Ipopt version 3.12.10, running with linear solver ma97.

Number of nonzeros in equality constraint Jacobian...:   116830
Number of nonzeros in inequality constraint Jacobian.:      145
Number of nonzeros in Lagrangian Hessian.............:    47112

Total number of variables............................:    30018
                     variables with only lower bounds:    11389
                variables with lower and upper bounds:    15099
                     variables with only upper bounds:        0
Total number of equality constraints.................:    29942
Total number of inequality constraints...............:       21
        inequality constraints with only lower bounds:        0
   inequality constraints with lower and upper bounds:        0
        inequality constraints with only upper bounds:       21

iter    objective    inf_pr   inf_du lg(mu)  ||d||  lg(rg) alpha_du alpha_pr  ls
   0 -6.7863768e+03 1.49e-03 5.54e+01  -6.0 0.00e+00    -  0.00e+00 0.00e+00   0
In iteration 0, 1 Slack too small, adjusting variable bound
   1 -6.7863768e+03 1.49e-03 2.03e+08  -6.0 4.32e+01    -  2.06e-06 4.43e-17H  1
   2 -6.7863734e+03 2.96e-03 5.46e+23  -6.0 4.32e+01    -  4.64e-17 1.25e-01h  4
   3 -6.7863734e+03 2.95e-03 5.45e+23  -6.0 3.33e+01    -  3.46e-02 1.93e-03h  7
   4r-6.7863734e+03 2.95e-03 1.00e+03  -3.0 0.00e+00    -  0.00e+00 4.89e-07R 19
   5r-6.7852809e+03 5.26e-01 9.99e+02  -3.0 1.44e+05    -  2.34e-03 1.34e-03f  1
   6r-6.7852817e+03 5.24e-01 9.97e+02  -3.0 4.87e+02    -  7.08e-03 4.43e-03f  1
   7r-6.7852855e+03 5.17e-01 9.83e+02  -3.0 4.05e+02    -  9.79e-03 1.26e-02f  1
   8r-6.7852952e+03 5.03e-01 2.48e+03  -3.0 3.55e+02    -  3.88e-02 2.76e-02f  1
   9r-6.7852993e+03 4.96e-01 8.43e+03  -3.0 2.11e+02    -  4.52e-02 1.33e-02f  1
iter    objective    inf_pr   inf_du lg(mu)  ||d||  lg(rg) alpha_du alpha_pr  ls
  10r-6.7853182e+03 4.62e-01 2.70e+04  -3.0 1.75e+02    -  1.81e-01 6.94e-02f  1
  11r-6.7854294e+03 3.79e-01 1.72e+04  -3.0 1.64e+02    -  9.66e-02 1.89e-01f  1
  12r-6.7854431e+03 3.58e-01 1.63e+04  -3.0 1.50e+02    -  5.77e-02 5.45e-02f  1
  13r-6.7854354e+03 2.81e-01 1.26e+04  -3.0 2.05e+02    -  2.50e-01 2.16e-01f  1
  14r-6.7854378e+03 2.34e-01 1.05e+04  -3.0 1.35e+02    -  3.31e-01 1.68e-01f  1
  15r-6.7854537e+03 2.09e-01 9.48e+03  -3.0 7.07e+01    -  3.09e-01 1.11e-01f  1
  16r-6.7854385e+03 1.63e-01 6.71e+03  -3.0 6.38e+01    -  2.88e-01 3.53e-01f  1
  17r-6.7852542e+03 1.36e-01 1.46e+04  -3.0 7.17e+01    -  1.75e-01 3.60e-01f  1
  18r-6.7851980e+03 1.29e-01 1.22e+04  -3.0 9.53e+01    -  9.43e-02 5.98e-02f  1
  19r-6.7851816e+03 1.27e-01 9.29e+03  -3.0 1.19e+02    -  8.61e-02 1.59e-02f  1
iter    objective    inf_pr   inf_du lg(mu)  ||d||  lg(rg) alpha_du alpha_pr  ls
  20r-6.7851412e+03 1.24e-01 4.00e+03  -3.0 9.68e+01    -  2.39e-01 3.91e-02f  1
  21r-6.7847812e+03 9.51e-02 2.69e+04  -3.0 8.58e+01    -  9.57e-01 2.33e-01f  1
  22r-6.7728649e+03 5.60e-02 3.07e+04  -3.0 4.62e+01    -  7.85e-02 1.00e+00f  1
  23r-6.7782059e+03 3.00e-02 2.21e+03  -3.0 1.32e+01    -  8.63e-01 9.28e-01h  1
  24r-6.7773301e+03 3.71e-03 7.69e-01  -3.0 1.07e+01    -  1.00e+00 1.00e+00f  1
  25r-6.7773971e+03 5.59e-05 2.05e-03  -3.0 5.47e-01    -  1.00e+00 1.00e+00h  1
  26 -6.7777230e+03 3.80e-04 1.29e+01  -6.0 1.02e+02    -  2.12e-01 3.47e-02f  3
  27 -6.7781861e+03 1.13e-03 2.95e+01  -6.0 9.21e+01    -  4.96e-01 4.97e-02f  2
  28 -6.7783693e+03 1.19e-03 5.09e+01  -6.0 1.18e+02    -  6.54e-01 1.88e-02f  3
  29 -6.7784562e+03 1.20e-03 3.77e+02  -6.0 3.00e+02    -  6.43e-01 8.05e-03f  4
iter    objective    inf_pr   inf_du lg(mu)  ||d||  lg(rg) alpha_du alpha_pr  ls
  30 -6.7793684e+03 4.67e-03 9.14e+02  -6.0 1.49e+02    -  7.01e-01 9.87e-02f  1
  31 -6.7848755e+03 1.14e-01 8.43e+02  -6.0 7.19e+01    -  7.84e-01 7.92e-01f  1
  32 -6.7856961e+03 5.67e-02 3.55e+02  -6.0 2.67e+01    -  8.18e-01 5.61e-01f  1
  33 -6.7856961e+03 5.67e-02 4.64e+05  -6.0 1.71e+01    -  6.75e-01 2.44e-06h  2
  34 -6.7857295e+03 5.63e-02 6.88e+05  -6.0 4.88e+02    -  9.03e-03 6.06e-03h  1
  35 -6.7857612e+03 5.60e-02 8.98e+05  -6.0 5.19e+02    -  7.97e-03 6.72e-03h  1
  36 -6.7857248e+03 5.58e-02 8.99e+05  -6.0 2.04e+03    -  1.31e-03 2.57e-03h  9
  37 -6.7856886e+03 5.57e-02 2.74e+05  -6.0 2.02e+03    -  4.12e-01 2.59e-03h  9
  38 -6.7856466e+03 5.55e-02 2.78e+05  -6.0 2.00e+03    -  6.43e-03 3.04e-03h  9
  39 -6.7856047e+03 5.53e-02 7.43e+05  -6.0 1.97e+03    -  2.97e-01 3.07e-03h  9
iter    objective    inf_pr   inf_du lg(mu)  ||d||  lg(rg) alpha_du alpha_pr  ls
  40 -6.7856018e+03 5.53e-02 7.61e+05  -6.0 2.27e+03    -  1.11e-02 1.83e-04h  1
  41 -6.7855650e+03 5.52e-02 9.46e+05  -6.0 1.94e+03    -  1.80e-01 2.73e-03h  9
  42 -6.7855277e+03 5.50e-02 9.55e+05  -6.0 1.93e+03    -  1.69e-02 2.79e-03h  5
  43 -6.7854894e+03 5.48e-02 1.04e+06  -6.0 1.90e+03    -  1.20e-01 2.90e-03h  8
  44 -6.7854505e+03 5.47e-02 1.05e+06  -6.0 1.88e+03    -  2.55e-02 2.97e-03h  7
  45 -6.7853898e+03 5.44e-02 1.11e+06  -6.0 1.86e+03    -  1.22e-01 4.69e-03h  7
  46 -6.7853911e+03 5.44e-02 1.90e+05  -6.0 4.11e+02  -4.0 2.63e-01 4.35e-04h  1
  47 -6.7853385e+03 5.42e-02 1.84e+05  -6.0 1.80e+03    -  2.86e-04 4.23e-03h  2
  48 -6.7853385e+03 5.42e-02 2.82e+05  -6.0 4.76e+02  -4.5 9.44e-01 3.92e-06h  1
  49 -6.7852895e+03 5.40e-02 2.27e+05  -6.0 1.77e+03    -  3.53e-02 4.01e-03h  7
iter    objective    inf_pr   inf_du lg(mu)  ||d||  lg(rg) alpha_du alpha_pr  ls
  50 -6.7852451e+03 5.38e-02 1.74e+05  -6.0 1.74e+03    -  3.59e-02 3.71e-03h  7
  51r-6.7852451e+03 5.38e-02 1.00e+03  -1.3 0.00e+00  -5.0 0.00e+00 4.67e-08R  2
  52r-6.7839145e+03 8.06e-01 1.00e+03  -1.3 8.24e+07    -  8.45e-06 2.90e-06f  1
  53r-6.7839149e+03 8.06e-01 1.00e+03  -1.3 2.89e+03    -  2.23e-04 9.33e-05f  1
  54r-6.7839160e+03 8.05e-01 1.00e+03  -1.3 2.28e+03    -  3.38e-04 5.77e-04f  1
  55r-6.7839170e+03 8.04e-01 9.98e+02  -1.3 1.70e+03    -  1.29e-03 9.32e-04f  1
  56r-6.7839177e+03 8.03e-01 4.61e+03  -1.3 1.24e+03    -  3.19e-03 1.79e-03f  1
  57r-6.7839173e+03 7.99e-01 8.33e+03  -1.3 8.54e+02    -  6.11e-03 3.78e-03f  1
  58r-6.7839139e+03 7.91e-01 1.23e+04  -1.3 5.94e+02    -  1.32e-02 8.75e-03f  1
  59r-6.7838994e+03 7.68e-01 1.35e+04  -1.3 3.92e+02    -  3.16e-02 2.75e-02f  1
iter    objective    inf_pr   inf_du lg(mu)  ||d||  lg(rg) alpha_du alpha_pr  ls
  60r-6.7838597e+03 7.09e-01 1.27e+04  -1.3 2.24e+02    -  7.95e-02 7.57e-02f  1
  61r-6.7838153e+03 6.70e-01 1.20e+04  -1.3 1.17e+02    -  3.79e-02 5.46e-02f  1
  62r-6.7835811e+03 9.60e-01 9.40e+03  -1.3 1.47e+02    -  1.64e-01 2.22e-01f  1
  63r-6.7835539e+03 9.44e-01 9.25e+03  -1.3 1.65e+02    -  1.57e-02 1.63e-02f  1
  64r-6.7834733e+03 6.00e-01 1.19e+04  -1.3 9.87e-02   2.0 9.31e-02 3.60e-01f  1
  65r-6.7834456e+03 4.40e-01 1.42e+04  -1.3 2.44e-02   2.4 1.25e-01 3.50e-01f  1
  66r-6.7832316e+03 5.65e-01 5.08e+03  -1.3 3.37e-02   1.9 7.52e-01 1.00e+00f  1
  67r-6.7829833e+03 5.48e-01 3.01e+03  -1.3 1.26e+02    -  2.13e-01 2.47e-01f  1
  68r-6.7827640e+03 5.40e-01 1.74e+03  -1.3 7.17e-02   1.5 2.93e-01 4.62e-01f  1
  69r-6.7821205e+03 5.16e-01 1.32e+03  -1.3 1.11e-01   1.0 8.12e-01 7.07e-01f  1
iter    objective    inf_pr   inf_du lg(mu)  ||d||  lg(rg) alpha_du alpha_pr  ls
  70r-6.7814889e+03 4.98e-01 8.99e+02  -1.3 1.55e+02    -  1.19e-01 1.26e-01f  1
  71r-6.7802014e+03 4.50e-01 2.76e+03  -1.3 1.12e-01   0.5 4.66e-01 7.22e-01f  1
  72r-6.7782737e+03 5.41e-01 4.13e+02  -1.3 1.37e+02    -  4.40e-01 3.89e-01f  1
  73r-6.7752745e+03 2.69e-01 1.33e+02  -1.3 1.55e-01   0.0 1.00e+00 1.00e+00f  1
  74r-6.7698532e+03 1.74e+00 2.22e+03  -1.3 7.69e+01    -  8.01e-01 9.58e-01f  1
  75r-6.7698370e+03 7.72e-01 4.84e+04  -1.3 2.42e-01   1.4 5.56e-01 5.57e-01f  1
  76r-6.7698369e+03 7.70e-01 1.55e+05  -1.3 5.45e-02   1.8 1.00e+00 1.67e-03h  1
  77r-6.7698192e+03 3.45e-01 1.14e+05  -1.3 3.62e-01   1.3 5.72e-01 5.52e-01f  1
  78r-6.7698071e+03 7.55e-02 1.74e+03  -1.3 3.16e-02   1.7 1.00e+00 1.00e+00f  1
  79r-6.7697939e+03 7.51e-02 1.11e+03  -1.3 8.62e-03   1.3 1.00e+00 3.77e-01h  2
iter    objective    inf_pr   inf_du lg(mu)  ||d||  lg(rg) alpha_du alpha_pr  ls
  80r-6.7697479e+03 4.88e-01 9.38e+02  -1.3 2.49e-02   0.8 1.00e+00 4.57e-01h  2
  81r-6.7696932e+03 6.03e-01 4.93e+03  -1.3 7.02e-02   0.3 1.00e+00 2.08e-01h  2
  82r-6.7695925e+03 6.95e-01 1.41e+04  -1.3 1.65e-01  -0.2 1.00e+00 1.74e-01h  2
  83r-6.7695239e+03 1.16e+00 1.69e+04  -1.3 6.18e+01    -  6.88e-02 2.99e-02h  2
  84r-6.7693713e+03 1.54e+00 2.87e+04  -1.3 2.05e+01    -  2.31e-01 7.60e-02h  2
  85r-6.7691267e+03 1.44e+00 1.28e+05  -1.3 1.33e+01    -  1.00e+00 1.28e-01h  2
  86r-6.7663018e+03 8.69e-02 3.10e+04  -1.3 6.01e+01    -  8.29e-01 1.00e+00f  1
  87r-6.7666343e+03 1.05e-01 1.16e+03  -1.3 2.04e+01    -  1.00e+00 1.00e+00h  1
  88r-6.7666494e+03 4.60e-02 2.36e+02  -1.3 1.68e+00    -  1.00e+00 1.00e+00h  1
  89r-6.7666498e+03 2.14e-02 4.04e-01  -1.3 2.55e-02    -  1.00e+00 1.00e+00h  1
iter    objective    inf_pr   inf_du lg(mu)  ||d||  lg(rg) alpha_du alpha_pr  ls
  90r-6.7685323e+03 5.82e-01 1.24e+03  -3.4 1.21e+02    -  3.07e-01 2.69e-01f  1
  91r-6.7682060e+03 1.60e+00 2.71e+03  -3.4 1.53e+00  -0.6 3.96e-01 3.22e-01f  1
  92r-6.7681334e+03 1.48e+00 8.23e+03  -3.4 1.02e+00  -0.2 2.65e-01 7.44e-02f  1
  93r-6.7681372e+03 1.21e+00 1.16e+04  -3.4 7.88e-02   1.1 3.71e-01 1.82e-01f  1
  94r-6.7681629e+03 6.29e-01 1.30e+03  -3.4 1.93e-01   0.6 3.49e-01 5.64e-01f  1
  95r-6.7681766e+03 6.17e-01 1.38e+03  -3.4 3.66e+00   0.2 3.52e-02 2.22e-02f  1
  96r-6.7681986e+03 5.11e-01 1.53e+03  -3.4 4.15e-01   0.6 9.51e-02 2.42e-01f  1
  97r-6.7682201e+03 1.36e+00 1.80e+03  -3.4 7.31e-01   0.1 6.40e-02 9.51e-02f  1
  98r-6.7682245e+03 1.71e+00 4.66e+03  -3.4 4.49e-02   1.4 5.28e-02 3.22e-01f  1
  99r-6.7682335e+03 1.23e+00 2.25e+03  -3.4 1.33e-01   1.0 3.74e-01 2.84e-01f  1
iter    objective    inf_pr   inf_du lg(mu)  ||d||  lg(rg) alpha_du alpha_pr  ls
 100r-6.7682526e+03 9.76e-01 1.80e+03  -3.4 3.92e-01   0.5 2.03e-01 2.04e-01f  1
 101r-6.7682870e+03 8.52e-01 1.53e+03  -3.4 9.49e-01   0.0 4.72e-01 1.28e-01f  1
 102r-6.7683477e+03 3.50e-01 1.68e+03  -3.4 4.34e-01   0.4 1.60e-01 5.89e-01f  1
 103r-6.7683728e+03 1.99e-01 4.24e+03  -3.4 1.73e-01   0.9 2.83e-01 6.38e-01f  1
 104r-6.7683785e+03 1.69e-01 9.45e+02  -3.4 6.81e-02   1.3 4.85e-01 3.73e-01f  1
 105r-6.7683818e+03 1.56e-01 3.00e+03  -3.4 2.00e-01   0.8 4.14e-01 7.70e-02f  1
 106r-6.7683919e+03 1.43e-01 3.73e+03  -3.4 5.52e-01   0.3 2.09e-01 8.16e-02f  1
 107r-6.7684154e+03 7.19e-02 1.54e+03  -3.4 2.21e-01   0.8 4.41e-01 4.95e-01f  1
 108 -6.7684836e+03 7.18e-02 4.25e+01  -6.0 1.57e+02    -  3.28e-02 3.36e-03f  1
 109 -6.7686913e+03 7.37e-02 3.52e+03  -6.0 1.20e+03    -  8.10e-02 2.04e-02f  1
In iteration 109, 1 Slack too small, adjusting variable bound
iter    objective    inf_pr   inf_du lg(mu)  ||d||  lg(rg) alpha_du alpha_pr  ls
 110 -6.7686914e+03 7.37e-02 1.12e+04  -6.0 1.10e+03    -  2.82e-03 2.87e-06h  1
 111 -6.7686831e+03 7.35e-02 1.04e+04  -6.0 1.10e+03    -  2.59e-03 4.55e-03h  2
 112 -6.7685880e+03 7.34e-02 1.46e+04  -6.0 1.07e+03    -  1.29e-02 6.28e-03h  1
 113 -6.7685061e+03 7.33e-02 2.64e+04  -6.0 1.05e+03    -  1.43e-02 1.32e-03h  4
 114 -6.7684434e+03 7.32e-02 2.92e+04  -6.0 1.04e+03    -  1.46e-02 9.18e-04h  7
 115 -6.7683812e+03 7.31e-02 6.29e+04  -6.0 1.04e+03    -  1.60e-01 9.06e-04h  7
 116 -6.7683191e+03 7.31e-02 6.76e+04  -6.0 1.04e+03    -  1.76e-02 8.98e-04h  7
 117 -6.7683037e+03 7.31e-02 1.18e+05  -6.0 1.04e+03    -  1.67e-01 2.22e-04h  9
 118 -6.7682879e+03 7.31e-02 1.27e+05  -6.0 1.05e+03    -  1.89e-02 2.25e-04h  9
 119 -6.7682721e+03 7.30e-02 2.02e+05  -6.0 1.06e+03    -  1.46e-01 2.26e-04h  9
iter    objective    inf_pr   inf_du lg(mu)  ||d||  lg(rg) alpha_du alpha_pr  ls
 120 -6.7682547e+03 7.30e-02 2.20e+05  -6.0 1.08e+03    -  2.01e-02 2.42e-04h  9
 121 -6.7682368e+03 7.30e-02 3.05e+05  -6.0 1.14e+03    -  8.37e-02 2.47e-04h  9
 122 -6.7682265e+03 7.30e-02 3.42e+05  -6.0 2.14e+03    -  2.38e-02 1.38e-04h 10
 123 -6.7625689e+03 1.49e+00 6.89e+07  -6.0 2.63e+03    -  3.13e-02 7.39e-02w  1
 124 -6.7586395e+03 1.84e+00 6.92e+07  -6.0 8.54e+02    -  1.21e-01 4.57e-02w  1
 125 -6.7542776e+03 2.14e+00 6.79e+07  -6.0 7.78e+02    -  1.91e-01 4.87e-02w  1
 126 -6.7682154e+03 7.30e-02 3.98e+05  -6.0 1.40e+03    -  3.13e-02 1.44e-04h  9
 127 -6.7682094e+03 7.30e-02 5.06e+05  -6.0 3.39e+03    -  4.95e-02 7.69e-05h 11
 128 -6.7682001e+03 7.30e-02 5.30e+05  -6.0 4.86e+03    -  8.88e-03 1.11e-04h 10
 129 -6.7681953e+03 7.30e-02 6.83e+05  -6.0 5.21e+03    -  5.10e-02 5.62e-05h 11
iter    objective    inf_pr   inf_du lg(mu)  ||d||  lg(rg) alpha_du alpha_pr  ls
 130 -6.7681900e+03 7.30e-02 7.05e+05  -6.0 7.30e+03    -  5.72e-03 5.72e-05h 11
 131 -6.7681847e+03 7.30e-02 9.30e+05  -6.0 7.59e+03    -  5.61e-02 5.79e-05h 11
 132 -6.7681819e+03 7.30e-02 9.50e+05  -6.0 1.05e+04    -  3.91e-03 2.63e-05h 12
 133 -6.7681792e+03 7.30e-02 1.53e+06  -6.0 1.08e+04    -  1.09e-01 2.63e-05h 12
 134r-6.7681792e+03 7.30e-02 1.00e+03  -1.6 0.00e+00    -  0.00e+00 4.10e-07R 18
 135r-6.7681780e+03 5.98e-02 2.15e+04  -1.6 1.34e+03    -  6.51e-03 6.89e-04f  1
 136 -6.7681781e+03 5.98e-02 2.04e+05  -6.0 7.90e+02    -  7.57e-02 4.60e-06h  1
 137 -6.7681655e+03 5.98e-02 7.60e+06  -6.0 1.01e+03    -  5.19e-06 1.94e-04h  7
 138 -6.7681528e+03 5.98e-02 7.60e+06  -6.0 1.01e+03    -  1.91e-02 1.95e-04h  7
 139 -6.7681434e+03 5.98e-02 7.60e+06  -6.0 1.01e+03    -  3.98e-04 1.36e-04h 10
iter    objective    inf_pr   inf_du lg(mu)  ||d||  lg(rg) alpha_du alpha_pr  ls
 140 -6.7681339e+03 5.98e-02 7.60e+06  -6.0 1.01e+03    -  1.88e-02 1.36e-04h 10
 141 -6.7681245e+03 5.98e-02 7.60e+06  -6.0 1.01e+03    -  6.85e-04 1.36e-04h 10
 142 -6.7681150e+03 5.98e-02 7.60e+06  -6.0 1.01e+03    -  7.98e-02 1.35e-04h 10
 143 -6.7681055e+03 5.98e-02 7.60e+06  -6.0 1.01e+03    -  9.45e-04 1.36e-04h 10
 144 -6.7680960e+03 5.98e-02 7.60e+06  -6.0 1.01e+03    -  1.57e-01 1.36e-04h 10
 145 -6.7680864e+03 5.98e-02 7.59e+06  -6.0 1.02e+03    -  1.22e-03 1.40e-04h 10
 146 -6.7680767e+03 5.98e-02 7.59e+06  -6.0 1.02e+03    -  2.30e-02 1.40e-04h 10
 147 -6.7631096e+03 1.49e+00 7.05e+06  -6.0 1.02e+03    -  1.58e-03 7.18e-02w  1
 148 -6.7628670e+03 1.48e+00 7.03e+06  -6.0 6.87e+02    -  1.29e-01 3.26e-03w  1
 149 -6.7551700e+03 2.88e+00 2.55e+07  -6.0 1.02e+03    -  6.25e-02 9.99e-02w  1
iter    objective    inf_pr   inf_du lg(mu)  ||d||  lg(rg) alpha_du alpha_pr  ls
 150 -6.7680670e+03 5.97e-02 7.59e+06  -6.0 4.82e+02    -  1.58e-03 1.40e-04h  9
 151 -6.7680573e+03 5.97e-02 7.59e+06  -6.0 1.02e+03    -  1.72e-01 1.40e-04h 10
 152 -6.7680471e+03 5.97e-02 7.59e+06  -6.0 1.04e+03    -  1.78e-03 1.49e-04h 10
 153 -6.7680369e+03 5.97e-02 7.59e+06  -6.0 1.04e+03    -  2.40e-02 1.49e-04h 10
 154 -6.7680266e+03 5.97e-02 7.59e+06  -6.0 1.04e+03    -  2.24e-03 1.52e-04h 10
 155 -6.7680163e+03 5.97e-02 7.59e+06  -6.0 1.04e+03    -  1.22e-01 1.52e-04h 10
 156 -6.7680049e+03 5.97e-02 7.59e+06  -6.0 1.05e+03    -  2.41e-03 1.67e-04h 10
 157 -6.7679936e+03 5.97e-02 7.58e+06  -6.0 1.05e+03    -  2.81e-02 1.67e-04h 10
 158 -6.7679818e+03 5.97e-02 7.58e+06  -6.0 1.05e+03    -  2.97e-03 1.73e-04h 10
 159 -6.7679700e+03 5.97e-02 7.58e+06  -6.0 1.05e+03    -  1.85e-01 1.73e-04h 10
iter    objective    inf_pr   inf_du lg(mu)  ||d||  lg(rg) alpha_du alpha_pr  ls
 160 -6.7605511e+03 2.57e+00 3.18e+07  -6.0 2.52e+03    -  3.09e-03 1.05e-01w  1
 161 -6.7577074e+03 2.67e+00 3.06e+07  -6.0 5.41e+02    -  1.06e-01 3.90e-02w  1
 162 -6.7511420e+03 3.32e+00 2.90e+07  -6.0 8.72e+02    -  1.20e-01 9.04e-02w  1
 163 -6.7679628e+03 5.97e-02 7.58e+06  -6.0 1.45e+03    -  3.09e-03 1.02e-04h 10
 164 -6.7679555e+03 5.97e-02 7.58e+06  -6.0 2.56e+03    -  2.87e-02 1.03e-04h 11
 165 -6.7679478e+03 5.96e-02 7.58e+06  -6.0 3.02e+03    -  3.65e-03 1.06e-04h 11
 166 -6.7679401e+03 5.96e-02 7.58e+06  -6.0 3.09e+03    -  3.07e-02 1.07e-04h 11
 167 -6.7679327e+03 5.96e-02 7.58e+06  -6.0 3.66e+03    -  3.89e-03 9.94e-05h 11
 168 -6.7679254e+03 5.96e-02 7.58e+06  -6.0 3.74e+03    -  1.71e-01 9.83e-05h 11
 169 -6.7679223e+03 5.96e-02 7.58e+06  -6.0 7.65e+03    -  3.74e-03 3.53e-05h 12
iter    objective    inf_pr   inf_du lg(mu)  ||d||  lg(rg) alpha_du alpha_pr  ls
 170 -6.7679191e+03 5.96e-02 7.58e+06  -6.0 7.78e+03    -  6.24e-03 3.54e-05h 12
 171 -6.7679160e+03 5.96e-02 7.58e+06  -6.0 8.00e+03    -  9.14e-03 3.57e-05h 12
 172 -6.7679127e+03 5.96e-02 7.58e+06  -6.0 8.32e+03    -  1.15e-02 3.60e-05h 12
 173 -6.7609688e+03 5.96e+00 4.81e+07  -6.0 8.74e+03    -  5.64e-03 7.49e-02w  1
 174 -6.7530650e+03 5.34e+00 5.48e+07  -6.0 1.09e+03    -  1.10e-01 1.15e-01w  1
 175 -6.7530412e+03 5.34e+00 5.48e+07  -6.0 6.73e+03    -  3.98e-02 1.59e-04w  1
 176 -6.7679093e+03 5.96e-02 7.58e+06  -6.0 9.94e+03    -  5.64e-03 3.66e-05h 11
 177 -6.7679058e+03 5.96e-02 7.58e+06  -6.0 8.94e+03    -  3.22e-02 3.69e-05h 12
 178 -6.7679039e+03 5.96e-02 7.58e+06  -6.0 1.01e+04    -  4.40e-03 1.92e-05h 13
 179 -6.7679020e+03 5.96e-02 7.58e+06  -6.0 1.03e+04    -  3.91e-02 1.93e-05h 13
iter    objective    inf_pr   inf_du lg(mu)  ||d||  lg(rg) alpha_du alpha_pr  ls
 180r-6.7679020e+03 5.96e-02 1.00e+03  -2.1 0.00e+00    -  0.00e+00 3.21e-07R 19
 181r-6.7679017e+03 4.90e-02 2.20e+04  -2.1 9.57e+01    -  2.18e-02 2.60e-04f  1
 182r-6.7679017e+03 4.90e-02 9.99e+02  -2.2 0.00e+00    -  0.00e+00 2.98e-07R  3
 183r-6.7679017e+03 4.88e-02 1.25e+03  -2.2 9.36e+01    -  2.01e-03 4.89e-06f  1
 184 -6.7679018e+03 4.88e-02 5.00e+06  -6.0 5.85e+02    -  7.96e-02 7.58e-06h  1
 185 -6.7678927e+03 4.88e-02 7.62e+07  -6.0 9.93e+02    -  9.14e-06 1.39e-04h  7
 186 -6.7678838e+03 4.88e-02 7.62e+07  -6.0 9.87e+02    -  2.31e-02 1.39e-04h  7
 187 -6.7678744e+03 4.88e-02 7.61e+07  -6.0 9.87e+02    -  2.89e-04 1.32e-04h 10
 188 -6.7678651e+03 4.88e-02 7.61e+07  -6.0 9.86e+02    -  2.18e-02 1.32e-04h 10
 189 -6.7678557e+03 4.88e-02 7.61e+07  -6.0 9.87e+02    -  5.61e-04 1.32e-04h 10
iter    objective    inf_pr   inf_du lg(mu)  ||d||  lg(rg) alpha_du alpha_pr  ls
 190 -6.7678464e+03 4.87e-02 7.61e+07  -6.0 9.86e+02    -  4.51e-02 1.31e-04h 10
 191 -6.7678370e+03 4.87e-02 7.61e+07  -6.0 9.89e+02    -  8.26e-04 1.32e-04h 10
 192 -6.7678276e+03 4.87e-02 7.61e+07  -6.0 9.88e+02    -  8.45e-02 1.32e-04h 10
 193 -6.7678182e+03 4.87e-02 7.61e+07  -6.0 9.94e+02    -  1.09e-03 1.33e-04h 10
 194 -6.7678088e+03 4.87e-02 7.61e+07  -6.0 9.93e+02    -  3.31e-02 1.33e-04h 10
 195 -6.7629597e+03 1.35e+00 7.10e+07  -6.0 9.95e+02    -  1.39e-03 6.86e-02w  1
 196 -6.7628260e+03 1.34e+00 7.09e+07  -6.0 6.75e+02    -  1.39e-01 1.80e-03w  1
 197 -6.7547783e+03 2.89e+00 6.35e+07  -6.0 1.05e+03    -  5.74e-02 1.04e-01w  1
 198 -6.7677993e+03 4.87e-02 7.61e+07  -6.0 4.87e+02    -  1.39e-03 1.34e-04h  9
 199 -6.7677898e+03 4.87e-02 7.61e+07  -6.0 9.94e+02    -  1.73e-01 1.34e-04h 10
iter    objective    inf_pr   inf_du lg(mu)  ||d||  lg(rg) alpha_du alpha_pr  ls
 200 -6.7677800e+03 4.87e-02 7.60e+07  -6.0 1.01e+03    -  1.62e-03 1.41e-04h 10
 201 -6.7677702e+03 4.87e-02 7.60e+07  -6.0 1.01e+03    -  2.90e-02 1.41e-04h 10
 202 -6.7677603e+03 4.87e-02 7.60e+07  -6.0 1.01e+03    -  2.01e-03 1.43e-04h 10
 203 -6.7677503e+03 4.87e-02 7.60e+07  -6.0 1.01e+03    -  1.84e-01 1.43e-04h 10
 204 -6.7677392e+03 4.87e-02 7.60e+07  -6.0 1.02e+03    -  2.20e-03 1.63e-04h 10
 205 -6.7677280e+03 4.87e-02 7.60e+07  -6.0 1.02e+03    -  3.15e-02 1.63e-04h 10
 206 -6.7677164e+03 4.87e-02 7.60e+07  -6.0 1.02e+03    -  2.70e-03 1.69e-04h 10
 207 -6.7677047e+03 4.86e-02 7.60e+07  -6.0 1.02e+03    -  4.56e-02 1.70e-04h 10
 208 -6.7613547e+03 2.05e+00 6.90e+07  -6.0 1.29e+03    -  3.02e-03 9.22e-02w  1
 209 -6.7556853e+03 2.72e+00 6.37e+07  -6.0 5.18e+02    -  1.73e-01 7.74e-02w  1
iter    objective    inf_pr   inf_du lg(mu)  ||d||  lg(rg) alpha_du alpha_pr  ls
 210 -6.7496323e+03 3.17e+00 5.82e+07  -6.0 8.20e+02    -  1.26e-01 8.55e-02w  1
 211 -6.7676923e+03 4.86e-02 7.59e+07  -6.0 1.34e+03    -  3.02e-03 1.80e-04h  9
 212 -6.7676798e+03 4.86e-02 7.59e+07  -6.0 1.32e+03    -  8.07e-02 1.81e-04h 10
 213 -6.7676729e+03 4.86e-02 7.59e+07  -6.0 2.07e+03    -  3.32e-03 9.95e-05h 11
 214 -6.7676658e+03 4.86e-02 7.59e+07  -6.0 2.11e+03    -  3.17e-02 1.00e-04h 11
 215 -6.7676584e+03 4.86e-02 7.59e+07  -6.0 2.54e+03    -  3.79e-03 1.04e-04h 11
 216 -6.7676509e+03 4.86e-02 7.59e+07  -6.0 2.60e+03    -  2.18e-01 1.05e-04h 11
 217 -6.7676475e+03 4.86e-02 7.59e+07  -6.0 6.51e+03    -  3.67e-03 4.11e-05h 12
 218 -6.7676440e+03 4.86e-02 7.59e+07  -6.0 6.62e+03    -  7.58e-03 4.11e-05h 12
 219 -6.7676405e+03 4.86e-02 7.59e+07  -6.0 6.87e+03    -  7.12e-03 4.12e-05h 12
iter    objective    inf_pr   inf_du lg(mu)  ||d||  lg(rg) alpha_du alpha_pr  ls
 220 -6.7676369e+03 4.86e-02 7.59e+07  -6.0 7.10e+03    -  8.26e-02 4.12e-05h 12
 221 -6.7590941e+03 9.82e+00 7.12e+07  -6.0 9.87e+03    -  3.96e-03 8.51e-02w  1
 222 -6.7505058e+03 8.65e+00 6.83e+07  -6.0 1.32e+03    -  1.26e-01 1.19e-01w  1
 223 -6.7504850e+03 8.65e+00 6.83e+07  -6.0 5.35e+03    -  9.70e-03 1.40e-04w  1
 224 -6.7676348e+03 4.86e-02 7.59e+07  -6.0 6.48e+03    -  3.96e-03 2.08e-05h 12
 225 -6.7676327e+03 4.86e-02 7.59e+07  -6.0 1.00e+04    -  3.54e-02 2.09e-05h 13
 226 -6.7671668e+03 4.86e-02 7.56e+07  -6.0 1.14e+04    -  4.28e-03 4.28e-03s 19
 227r-6.7671668e+03 4.86e-02 1.00e+03  -1.7 0.00e+00    -  0.00e+00 0.00e+00R  1
 228r-6.7671668e+03 4.86e-02 8.60e+03  -1.7 2.23e+02    -  3.97e-05 5.39e-08f  4
 229r-6.7671663e+03 4.47e-02 4.21e+04  -1.7 1.44e+02    -  2.02e-02 3.08e-04f  1
iter    objective    inf_pr   inf_du lg(mu)  ||d||  lg(rg) alpha_du alpha_pr  ls
 230r-6.7671332e+03 2.05e-02 4.08e+04  -1.7 8.04e+01    -  3.47e-02 2.12e-02f  1
 231 -6.7671350e+03 2.05e-02 1.18e+03  -6.0 2.34e+02    -  9.89e-02 8.41e-05f  1
 232 -6.7671281e+03 2.05e-02 1.97e+04  -6.0 9.23e+02    -  2.09e-02 1.30e-04h  6
 233 -6.7671182e+03 2.05e-02 3.48e+04  -6.0 9.26e+02    -  3.07e-02 1.57e-04h  7
 234 -6.7671091e+03 2.05e-02 3.99e+04  -6.0 9.29e+02    -  2.97e-02 1.35e-04h 10
 235 -6.7670994e+03 2.05e-02 4.54e+04  -6.0 9.31e+02    -  3.12e-02 1.43e-04h 10
 236 -6.7670896e+03 2.05e-02 6.56e+04  -6.0 9.33e+02    -  1.07e-01 1.44e-04h 10
 237 -6.7670798e+03 2.05e-02 7.63e+04  -6.0 9.40e+02    -  4.62e-02 1.49e-04h 10
 238 -6.7670698e+03 2.05e-02 1.23e+05  -6.0 9.41e+02    -  1.79e-01 1.52e-04h 10
 239 -6.7670593e+03 2.05e-02 1.39e+05  -6.0 9.44e+02    -  4.16e-02 1.66e-04h 10
iter    objective    inf_pr   inf_du lg(mu)  ||d||  lg(rg) alpha_du alpha_pr  ls
 240 -6.7670486e+03 2.05e-02 2.23e+05  -6.0 9.42e+02    -  1.92e-01 1.71e-04h 10
 241 -6.7670369e+03 2.05e-02 2.53e+05  -6.0 9.29e+02    -  4.47e-02 1.96e-04h 10
 242 -6.7608249e+03 2.20e+00 6.55e+06  -6.0 9.23e+02    -  1.62e-01 1.04e-01w  1
 243 -6.7510230e+03 4.36e+00 1.28e+07  -6.0 8.45e+02    -  1.17e-01 1.61e-01w  1
 244 -6.7510209e+03 4.36e+00 1.28e+07  -6.0 2.74e+04    -  3.88e-03 8.90e-06w  1
 245 -6.7670247e+03 2.05e-02 3.80e+05  -6.0 3.73e+04    -  1.62e-01 2.04e-04h  9
 246 -6.7670106e+03 2.05e-02 4.41e+05  -6.0 1.40e+03    -  5.10e-02 2.31e-04h 10
 247 -6.7669956e+03 2.04e-02 6.04e+05  -6.0 1.82e+03    -  1.15e-01 2.41e-04h 10
 248 -6.7669866e+03 2.04e-02 7.31e+05  -6.0 3.08e+03    -  6.38e-02 1.31e-04h 11
 249 -6.7669764e+03 2.04e-02 8.40e+05  -6.0 4.11e+03    -  4.46e-02 1.39e-04h 11
iter    objective    inf_pr   inf_du lg(mu)  ||d||  lg(rg) alpha_du alpha_pr  ls
 250 -6.7669652e+03 2.04e-02 1.32e+06  -6.0 4.98e+03    -  1.68e-01 1.44e-04h 11
 251 -6.7669630e+03 2.04e-02 1.37e+06  -6.0 8.90e+03    -  1.18e-02 2.08e-05h 14
 252 -6.7669607e+03 2.04e-02 1.75e+06  -6.0 9.26e+03    -  8.57e-02 2.08e-05h 14
 253r-6.7669607e+03 2.04e-02 1.00e+03  -2.6 0.00e+00    -  0.00e+00 3.52e-07R 20
 254r-6.7669603e+03 2.02e-02 2.61e+03  -2.6 1.00e+02    -  1.61e-02 4.10e-04f  1
 255r-6.7669603e+03 2.02e-02 9.99e+02  -2.6 0.00e+00    -  0.00e+00 3.26e-07R  3
 256r-6.7669603e+03 2.02e-02 1.73e+03  -2.6 8.63e+01    -  4.83e-03 3.37e-05f  2
 257 -6.7669607e+03 2.02e-02 5.32e+03  -6.0 2.38e+02    -  1.02e-01 1.91e-05h  1
 258 -6.7669491e+03 2.02e-02 3.13e+04  -6.0 2.35e+02    -  3.36e-02 2.31e-04h  6
 259 -6.7669333e+03 2.02e-02 3.78e+04  -6.0 2.26e+02    -  3.09e-02 2.59e-04h  9
iter    objective    inf_pr   inf_du lg(mu)  ||d||  lg(rg) alpha_du alpha_pr  ls
 260 -6.7669171e+03 2.02e-02 4.36e+04  -6.0 2.22e+02    -  3.36e-02 2.61e-04h  9
 261 -6.7669008e+03 2.02e-02 6.38e+04  -6.0 2.18e+02    -  1.11e-01 2.65e-04h  9
 262 -6.7668922e+03 2.02e-02 7.67e+04  -6.0 2.60e+02    -  5.68e-02 1.41e-04h 10
 263 -6.7668833e+03 2.02e-02 1.25e+05  -6.0 2.97e+02    -  1.83e-01 1.48e-04h 10
 264 -6.7668736e+03 2.02e-02 1.42e+05  -6.0 4.36e+02    -  4.59e-02 1.64e-04h 10
 265 -6.7668636e+03 2.02e-02 2.29e+05  -6.0 4.77e+02    -  1.96e-01 1.70e-04h 10
 266 -6.7668523e+03 2.02e-02 2.60e+05  -6.0 6.60e+02    -  4.46e-02 1.96e-04h 10
 267 -6.7668404e+03 2.02e-02 3.79e+05  -6.0 7.07e+02    -  1.48e-01 2.04e-04h 10
 268 -6.7596713e+03 2.54e+00 1.62e+07  -6.0 1.01e+03    -  5.19e-02 1.17e-01w  1
 269 -6.7492739e+03 4.49e+00 1.61e+07  -6.0 9.39e+02    -  1.78e-01 1.63e-01w  1
iter    objective    inf_pr   inf_du lg(mu)  ||d||  lg(rg) alpha_du alpha_pr  ls
 270 -6.7492700e+03 4.49e+00 1.61e+07  -6.0 3.07e+04    -  4.18e-03 1.29e-05w  1
 271 -6.7668334e+03 2.02e-02 4.42e+05  -6.0 3.58e+04    -  5.19e-02 1.14e-04h 10
 272 -6.7668257e+03 2.02e-02 5.29e+05  -6.0 1.55e+03    -  6.04e-02 1.20e-04h 11
 273 -6.7668170e+03 2.02e-02 7.34e+05  -6.0 2.39e+03    -  1.17e-01 1.27e-04h 11
 274 -6.7668114e+03 2.02e-02 8.76e+05  -6.0 4.23e+03    -  5.80e-02 6.99e-05h 12
 275 -6.7668046e+03 2.02e-02 1.02e+06  -6.0 5.64e+03    -  4.98e-02 7.40e-05h 12
 276 -6.7668005e+03 2.02e-02 1.09e+06  -6.0 7.12e+03    -  1.93e-02 3.91e-05h 13
 277 -6.7667962e+03 2.02e-02 1.69e+06  -6.0 7.75e+03    -  1.65e-01 4.00e-05h 13
 278r-6.7667962e+03 2.02e-02 1.00e+03  -2.6 0.00e+00    -  0.00e+00 3.49e-07R 20
 279r-6.7667960e+03 2.00e-02 5.86e+03  -2.6 1.02e+02    -  4.25e-02 2.98e-04f  1
iter    objective    inf_pr   inf_du lg(mu)  ||d||  lg(rg) alpha_du alpha_pr  ls
 280r-6.7667960e+03 2.00e-02 9.99e+02  -2.6 0.00e+00    -  0.00e+00 3.24e-07R  3
 281r-6.7667960e+03 2.00e-02 1.76e+03  -2.6 8.26e+01    -  5.06e-03 6.16e-05f  1
 282 -6.7667967e+03 2.00e-02 4.41e+06  -6.0 2.40e+02    -  1.04e-01 3.36e-05h  1
 283 -6.7667875e+03 2.00e-02 2.24e+07  -6.0 2.37e+02    -  3.59e-05 1.83e-04h  6
 284 -6.7667786e+03 2.00e-02 2.24e+07  -6.0 2.36e+02    -  2.87e-02 1.79e-04h  6
 285 -6.7667647e+03 2.00e-02 2.24e+07  -6.0 2.29e+02    -  4.00e-04 2.32e-04h  8
 286 -6.7667504e+03 2.00e-02 2.24e+07  -6.0 2.29e+02    -  3.41e-02 2.37e-04h  8
 287 -6.7667338e+03 2.00e-02 2.24e+07  -6.0 2.24e+02    -  8.83e-04 2.65e-04h  9
 288 -6.7667172e+03 2.00e-02 2.24e+07  -6.0 2.24e+02    -  3.51e-02 2.64e-04h  9
 289 -6.7667003e+03 2.00e-02 2.24e+07  -6.0 2.19e+02    -  1.44e-03 2.68e-04h  9
iter    objective    inf_pr   inf_du lg(mu)  ||d||  lg(rg) alpha_du alpha_pr  ls
 290 -6.7666834e+03 2.00e-02 2.24e+07  -6.0 2.19e+02    -  3.73e-02 2.68e-04h  9
 291 -6.7666749e+03 2.00e-02 2.23e+07  -6.0 2.29e+02    -  2.02e-03 1.37e-04h 10
 292 -6.7666663e+03 2.00e-02 2.24e+07  -6.0 2.30e+02    -  1.16e-01 1.37e-04h 10
 293 -6.7620864e+03 1.35e+00 2.09e+07  -6.0 3.00e+02    -  2.24e-03 7.41e-02w  1
 294 -6.7618487e+03 1.35e+00 2.08e+07  -6.0 4.42e+02    -  1.81e-01 3.94e-03w  1
 295 -6.7525992e+03 3.50e+00 1.80e+07  -6.0 7.06e+02    -  1.39e-01 1.47e-01w  1
 296 -6.7666573e+03 2.00e-02 2.23e+07  -6.0 2.02e+04    -  2.24e-03 1.45e-04h  9
 297 -6.7666484e+03 2.00e-02 2.23e+07  -6.0 3.02e+02    -  6.18e-02 1.45e-04h 10
 298 -6.7666392e+03 2.00e-02 2.23e+07  -6.0 3.49e+02    -  2.59e-03 1.50e-04h 10
 299 -6.7666301e+03 2.00e-02 2.23e+07  -6.0 3.51e+02    -  1.86e-01 1.50e-04h 10
iter    objective    inf_pr   inf_du lg(mu)  ||d||  lg(rg) alpha_du alpha_pr  ls
 300 -6.7666200e+03 2.00e-02 2.23e+07  -6.0 5.10e+02    -  2.83e-03 1.69e-04h 10
 301 -6.7666099e+03 2.00e-02 2.23e+07  -6.0 5.13e+02    -  5.58e-02 1.69e-04h 10
 302 -6.7665994e+03 2.00e-02 2.23e+07  -6.0 5.67e+02    -  3.31e-03 1.78e-04h 10
 303 -6.7665888e+03 2.00e-02 2.23e+07  -6.0 5.71e+02    -  2.04e-01 1.79e-04h 10
 304 -6.7665762e+03 2.00e-02 2.23e+07  -6.0 7.76e+02    -  3.55e-03 2.12e-04h 10
 305 -6.7665635e+03 1.99e-02 2.23e+07  -6.0 7.81e+02    -  6.16e-02 2.13e-04h 10
 306 -6.7595232e+03 2.42e+00 1.98e+07  -6.0 8.71e+02    -  4.16e-03 1.16e-01w  1
 307 -6.7491295e+03 4.40e+00 1.65e+07  -6.0 9.03e+02    -  1.75e-01 1.64e-01w  1
 308 -6.7491276e+03 4.40e+00 1.65e+07  -6.0 2.64e+04    -  3.67e-03 7.26e-06w  1
 309 -6.7665497e+03 1.99e-02 2.23e+07  -6.0 3.58e+04    -  4.16e-03 2.26e-04h  9
iter    objective    inf_pr   inf_du lg(mu)  ||d||  lg(rg) alpha_du alpha_pr  ls
 310 -6.7665358e+03 1.99e-02 2.23e+07  -6.0 8.79e+02    -  1.12e-01 2.27e-04h 10
 311 -6.7665274e+03 1.99e-02 2.23e+07  -6.0 2.02e+03    -  4.54e-03 1.25e-04h 11
 312 -6.7665189e+03 1.99e-02 2.23e+07  -6.0 2.08e+03    -  6.98e-02 1.26e-04h 11
 313 -6.7665090e+03 1.99e-02 2.23e+07  -6.0 3.04e+03    -  4.94e-03 1.34e-04h 11
 314 -6.7664990e+03 1.99e-02 2.23e+07  -6.0 3.13e+03    -  1.29e-01 1.35e-04h 11
 315 -6.7664955e+03 1.99e-02 2.23e+07  -6.0 5.77e+03    -  5.09e-03 3.76e-05h 13
 316 -6.7664918e+03 1.99e-02 2.23e+07  -6.0 5.91e+03    -  2.15e-02 3.79e-05h 13
 317 -6.7664879e+03 1.99e-02 2.23e+07  -6.0 6.54e+03    -  6.46e-03 3.88e-05h 13
 318 -6.7664839e+03 1.99e-02 2.23e+07  -6.0 6.73e+03    -  7.39e-02 3.91e-05h 13
 319 -6.7452254e+03 3.46e+01 1.41e+08  -6.0 9.09e+03    -  5.43e-03 1.74e-01w  1
iter    objective    inf_pr   inf_du lg(mu)  ||d||  lg(rg) alpha_du alpha_pr  ls
 320 -6.7380688e+03 3.16e+01 1.28e+08  -6.0 1.84e+03    -  4.71e-02 8.55e-02w  1
 321 -6.7369273e+03 3.13e+01 1.26e+08  -6.0 2.81e+03    -  5.42e-02 1.06e-02w  1
 322 -6.7664813e+03 1.99e-02 2.23e+07  -6.0 3.03e+04    -  5.43e-03 2.12e-05h 13
 323 -6.7664787e+03 1.99e-02 2.23e+07  -6.0 9.29e+03    -  1.73e-02 2.13e-05h 14
 324r-6.7664787e+03 1.99e-02 1.00e+03  -2.6 0.00e+00    -  0.00e+00 3.41e-07R 20
 325r-6.7664785e+03 1.98e-02 3.67e+03  -2.6 9.15e+01    -  2.74e-02 3.27e-04f  1
 326r-6.7664785e+03 1.98e-02 9.99e+02  -2.6 0.00e+00    -  0.00e+00 3.51e-07R  3
 327r-6.7664785e+03 1.98e-02 2.09e+03  -2.6 7.78e+01    -  4.64e-03 3.16e-05f  1
 328 -6.7664788e+03 1.98e-02 3.37e+06  -6.0 2.44e+02    -  1.09e-01 1.78e-05h  1
 329 -6.7664650e+03 1.98e-02 4.07e+07  -6.0 2.38e+02    -  2.10e-05 2.54e-04h  6
iter    objective    inf_pr   inf_du lg(mu)  ||d||  lg(rg) alpha_du alpha_pr  ls
 330 -6.7664515e+03 1.98e-02 4.07e+07  -6.0 2.38e+02    -  3.92e-02 2.51e-04h  6
 331 -6.7664345e+03 1.98e-02 4.07e+07  -6.0 2.29e+02    -  5.30e-04 2.67e-04h  9
 332 -6.7664174e+03 1.97e-02 4.07e+07  -6.0 2.29e+02    -  3.69e-02 2.67e-04h  9
 333 -6.7664003e+03 1.97e-02 4.07e+07  -6.0 2.24e+02    -  1.08e-03 2.66e-04h  9
 334 -6.7663831e+03 1.97e-02 4.07e+07  -6.0 2.24e+02    -  4.17e-02 2.66e-04h  9
 335 -6.7663659e+03 1.97e-02 4.07e+07  -6.0 2.27e+02    -  1.64e-03 2.68e-04h  9
 336 -6.7663487e+03 1.97e-02 4.07e+07  -6.0 2.29e+02    -  1.21e-01 2.67e-04h  9
 337 -6.7663399e+03 1.97e-02 4.07e+07  -6.0 3.04e+02    -  2.16e-03 1.40e-04h 10
 338 -6.7663310e+03 1.97e-02 4.07e+07  -6.0 3.06e+02    -  9.49e-02 1.40e-04h 10
 339 -6.7616316e+03 1.31e+00 3.77e+07  -6.0 3.81e+02    -  2.46e-03 7.53e-02w  1
iter    objective    inf_pr   inf_du lg(mu)  ||d||  lg(rg) alpha_du alpha_pr  ls
 340 -6.7609812e+03 1.31e+00 3.73e+07  -6.0 5.38e+02    -  1.86e-01 1.07e-02w  1
 341 -6.7510610e+03 3.58e+00 3.15e+07  -6.0 8.25e+02    -  6.78e-02 1.56e-01w  1
 342 -6.7663219e+03 1.97e-02 4.07e+07  -6.0 1.43e+04    -  2.46e-03 1.47e-04h  9
 343 -6.7663127e+03 1.97e-02 4.07e+07  -6.0 3.83e+02    -  1.90e-01 1.47e-04h 10
 344 -6.7663024e+03 1.97e-02 4.06e+07  -6.0 5.54e+02    -  2.74e-03 1.68e-04h 10
 345 -6.7662922e+03 1.97e-02 4.06e+07  -6.0 5.58e+02    -  4.53e-02 1.69e-04h 10
 346 -6.7662815e+03 1.97e-02 4.06e+07  -6.0 6.03e+02    -  3.24e-03 1.77e-04h 10
 347 -6.7662708e+03 1.97e-02 4.06e+07  -6.0 6.06e+02    -  1.88e-01 1.78e-04h 10
 348 -6.7662580e+03 1.97e-02 4.06e+07  -6.0 7.99e+02    -  3.45e-03 2.10e-04h 10
 349 -6.7662452e+03 1.97e-02 4.06e+07  -6.0 8.04e+02    -  4.03e-02 2.11e-04h 10
iter    objective    inf_pr   inf_du lg(mu)  ||d||  lg(rg) alpha_du alpha_pr  ls
 350 -6.7662316e+03 1.97e-02 4.06e+07  -6.0 8.60e+02    -  4.19e-03 2.21e-04h 10
 351 -6.7662180e+03 1.97e-02 4.06e+07  -6.0 8.67e+02    -  1.40e-01 2.22e-04h 10
 352 -6.7573734e+03 2.78e+00 3.55e+07  -6.0 2.02e+03    -  4.39e-03 1.29e-01w  1
 353 -6.7469244e+03 4.40e+00 2.98e+07  -6.0 1.01e+03    -  1.89e-01 1.60e-01w  1
 354 -6.7469183e+03 4.40e+00 2.98e+07  -6.0 3.14e+04    -  8.17e-03 1.87e-05w  1
 355 -6.7662093e+03 1.97e-02 4.06e+07  -6.0 3.39e+04    -  4.39e-03 1.26e-04h 10
 356 -6.7662006e+03 1.97e-02 4.06e+07  -6.0 2.07e+03    -  4.62e-02 1.27e-04h 11
 357 -6.7661910e+03 1.97e-02 4.06e+07  -6.0 2.71e+03    -  4.99e-03 1.32e-04h 11
 358 -6.7661812e+03 1.97e-02 4.06e+07  -6.0 2.79e+03    -  1.20e-01 1.33e-04h 11
 359 -6.7661745e+03 1.97e-02 4.06e+07  -6.0 5.05e+03    -  4.98e-03 7.37e-05h 12
iter    objective    inf_pr   inf_du lg(mu)  ||d||  lg(rg) alpha_du alpha_pr  ls
 360 -6.7661676e+03 1.97e-02 4.06e+07  -6.0 5.18e+03    -  4.39e-02 7.42e-05h 12
 361 -6.7661637e+03 1.97e-02 4.06e+07  -6.0 6.36e+03    -  5.56e-03 3.88e-05h 13
 362 -6.7661597e+03 1.97e-02 4.06e+07  -6.0 6.53e+03    -  3.38e-02 3.91e-05h 13
 363 -6.7661551e+03 1.97e-02 4.06e+07  -6.0 7.58e+03    -  5.90e-03 4.06e-05h 13
 364 -6.7661505e+03 1.97e-02 4.06e+07  -6.0 7.77e+03    -  1.56e-01 4.09e-05h 13
 365 -6.7357235e+03 8.39e+01 1.92e+08  -6.0 1.31e+04    -  5.31e-03 1.88e-01w  1
 366 -6.7293128e+03 7.87e+01 1.79e+08  -6.0 2.47e+03    -  3.00e-02 6.38e-02w  1
 367 -6.7264393e+03 7.67e+01 1.75e+08  -6.0 3.03e+03    -  9.29e-02 2.58e-02w  1
 368r-6.7661505e+03 1.97e-02 1.00e+03  -2.6 0.00e+00    -  0.00e+00 3.58e-07R 19
 369r-6.7661503e+03 1.95e-02 5.78e+03  -2.6 1.01e+02    -  4.14e-02 4.37e-04f  1
iter    objective    inf_pr   inf_du lg(mu)  ||d||  lg(rg) alpha_du alpha_pr  ls
 370r-6.7661503e+03 1.95e-02 9.99e+02  -2.6 0.00e+00    -  0.00e+00 3.87e-07R  3
 371r-6.7661503e+03 1.95e-02 1.83e+03  -2.6 7.45e+01    -  4.99e-03 2.17e-05f  1
 372 -6.7661505e+03 1.95e-02 3.10e+06  -6.0 2.47e+02    -  1.14e-01 1.27e-05h  1
 373 -6.7661404e+03 1.95e-02 3.36e+07  -6.0 2.42e+02    -  1.63e-05 1.77e-04h  7
 374 -6.7661304e+03 1.95e-02 3.36e+07  -6.0 2.39e+02    -  4.45e-02 1.75e-04h  7
 375 -6.7661134e+03 1.95e-02 3.36e+07  -6.0 2.29e+02    -  3.70e-04 2.58e-04h  9
 376 -6.7660965e+03 1.95e-02 3.36e+07  -6.0 2.30e+02    -  4.08e-02 2.58e-04h  9
 377 -6.7660795e+03 1.95e-02 3.36e+07  -6.0 2.23e+02    -  8.98e-04 2.58e-04h  9
 378 -6.7660625e+03 1.95e-02 3.36e+07  -6.0 2.23e+02    -  4.63e-02 2.58e-04h  9
 379 -6.7660454e+03 1.94e-02 3.36e+07  -6.0 2.44e+02    -  1.43e-03 2.61e-04h  9
iter    objective    inf_pr   inf_du lg(mu)  ||d||  lg(rg) alpha_du alpha_pr  ls
 380 -6.7660284e+03 1.94e-02 3.36e+07  -6.0 2.46e+02    -  1.27e-01 2.60e-04h  9
 381 -6.7660107e+03 1.94e-02 3.36e+07  -6.0 3.33e+02    -  1.95e-03 2.74e-04h  9
 382 -6.7659930e+03 1.94e-02 3.35e+07  -6.0 3.35e+02    -  9.73e-02 2.74e-04h  9
 383 -6.7612618e+03 1.24e+00 3.12e+07  -6.0 4.19e+02    -  2.52e-03 7.46e-02w  1
 384 -6.7603061e+03 1.24e+00 3.07e+07  -6.0 5.80e+02    -  1.89e-01 1.57e-02w  1
 385 -6.7498853e+03 3.59e+00 2.57e+07  -6.0 8.67e+02    -  5.72e-02 1.61e-01w  1
 386 -6.7659837e+03 1.94e-02 3.35e+07  -6.0 1.19e+04    -  2.52e-03 1.46e-04h  9
 387 -6.7659745e+03 1.94e-02 3.35e+07  -6.0 4.21e+02    -  1.93e-01 1.46e-04h 10
 388 -6.7659640e+03 1.94e-02 3.35e+07  -6.0 6.05e+02    -  2.80e-03 1.71e-04h 10
 389 -6.7659534e+03 1.94e-02 3.35e+07  -6.0 6.08e+02    -  7.59e-02 1.72e-04h 10
iter    objective    inf_pr   inf_du lg(mu)  ||d||  lg(rg) alpha_du alpha_pr  ls
 390 -6.7659420e+03 1.94e-02 3.35e+07  -6.0 6.86e+02    -  3.23e-03 1.87e-04h 10
 391 -6.7659305e+03 1.94e-02 3.35e+07  -6.0 6.90e+02    -  1.44e-01 1.88e-04h 10
 392 -6.7659171e+03 1.94e-02 3.35e+07  -6.0 8.52e+02    -  3.56e-03 2.18e-04h 10
 393 -6.7659036e+03 1.94e-02 3.35e+07  -6.0 8.57e+02    -  1.02e-01 2.19e-04h 10
 394 -6.7658956e+03 1.94e-02 3.35e+07  -6.0 1.28e+03    -  4.06e-03 1.21e-04h 11
 395 -6.7658876e+03 1.94e-02 3.35e+07  -6.0 1.32e+03    -  7.56e-02 1.22e-04h 11
 396 -6.7561452e+03 2.90e+00 3.73e+07  -6.0 2.43e+03    -  4.39e-03 1.35e-01w  1
 397 -6.7457188e+03 4.32e+00 3.01e+07  -6.0 1.06e+03    -  1.71e-01 1.56e-01w  1
 398 -6.7457116e+03 4.32e+00 3.01e+07  -6.0 3.13e+04    -  1.09e-02 2.16e-05w  1
 399 -6.7658781e+03 1.94e-02 3.35e+07  -6.0 3.30e+04    -  4.39e-03 1.31e-04h 10
iter    objective    inf_pr   inf_du lg(mu)  ||d||  lg(rg) alpha_du alpha_pr  ls
 400 -6.7658685e+03 1.94e-02 3.35e+07  -6.0 2.50e+03    -  6.60e-02 1.32e-04h 11
 401 -6.7658628e+03 1.94e-02 3.35e+07  -6.0 3.58e+03    -  4.73e-03 7.02e-05h 12
 402 -6.7658571e+03 1.94e-02 3.35e+07  -6.0 3.68e+03    -  6.87e-02 7.06e-05h 12
 403 -6.7658500e+03 1.94e-02 3.35e+07  -6.0 5.20e+03    -  4.89e-03 7.54e-05h 12
 404 -6.7658429e+03 1.94e-02 3.35e+07  -6.0 5.33e+03    -  4.14e-02 7.58e-05h 12
 405 -6.7658388e+03 1.94e-02 3.35e+07  -6.0 6.46e+03    -  5.31e-03 3.96e-05h 13
 406 -6.7658346e+03 1.94e-02 3.35e+07  -6.0 6.62e+03    -  1.54e-01 3.98e-05h 13
 407r-6.7658346e+03 1.94e-02 1.00e+03  -2.6 0.00e+00    -  0.00e+00 3.66e-07R 20
 408r-6.7658344e+03 1.92e-02 5.76e+03  -2.6 9.56e+01    -  4.13e-02 4.03e-04f  1
 409r-6.7658344e+03 1.92e-02 9.99e+02  -2.6 0.00e+00    -  0.00e+00 4.03e-07R  3
iter    objective    inf_pr   inf_du lg(mu)  ||d||  lg(rg) alpha_du alpha_pr  ls
 410r-6.7658344e+03 1.92e-02 2.03e+03  -2.6 6.93e+01    -  4.89e-03 1.78e-05f  2
 411 -6.7658345e+03 1.92e-02 1.11e+04  -6.0 2.50e+02    -  1.18e-01 1.07e-05h  1
 412 -6.7658212e+03 1.92e-02 3.60e+04  -6.0 2.40e+02    -  4.73e-02 2.26e-04h  7
 413 -6.7658044e+03 1.92e-02 4.35e+04  -6.0 2.30e+02    -  4.40e-02 2.50e-04h  9
 414 -6.7657876e+03 1.92e-02 5.21e+04  -6.0 2.27e+02    -  5.02e-02 2.51e-04h  9
 415 -6.7657706e+03 1.92e-02 7.73e+04  -6.0 2.59e+02    -  1.32e-01 2.55e-04h  9
 416 -6.7657529e+03 1.92e-02 1.05e+05  -6.0 3.55e+02    -  1.11e-01 2.71e-04h  9
 417 -6.7657435e+03 1.92e-02 1.59e+05  -6.0 4.56e+02    -  1.62e-01 1.46e-04h 10
 418 -6.7657330e+03 1.92e-02 2.02e+05  -6.0 6.16e+02    -  8.72e-02 1.70e-04h 10
 419 -6.7657214e+03 1.92e-02 2.81e+05  -6.0 7.07e+02    -  1.22e-01 1.89e-04h 10
iter    objective    inf_pr   inf_du lg(mu)  ||d||  lg(rg) alpha_du alpha_pr  ls
 420 -6.7657080e+03 1.92e-02 3.86e+05  -6.0 8.44e+02    -  1.16e-01 2.16e-04h 10
 421 -6.7657000e+03 1.92e-02 4.93e+05  -6.0 1.22e+03    -  8.31e-02 1.21e-04h 11
 422 -6.7558067e+03 2.89e+00 3.80e+07  -6.0 2.42e+03    -  7.04e-02 1.35e-01w  1
 423 -6.7449431e+03 4.29e+00 3.24e+07  -6.0 1.15e+03    -  1.72e-01 1.57e-01w  1
 424 -6.7449329e+03 4.29e+00 3.24e+07  -6.0 3.15e+04    -  1.26e-02 2.97e-05w  1
 425 -6.7656903e+03 1.92e-02 6.09e+05  -6.0 3.27e+04    -  7.04e-02 1.32e-04h 10
 426 -6.7656846e+03 1.92e-02 7.51e+05  -6.0 3.56e+03    -  6.79e-02 7.06e-05h 12
 427 -6.7656776e+03 1.92e-02 8.32e+05  -6.0 5.02e+03    -  3.21e-02 7.53e-05h 12
 428 -6.7656737e+03 1.92e-02 1.41e+06  -6.0 5.85e+03    -  2.06e-01 3.89e-05h 13
 429r-6.7656737e+03 1.92e-02 1.00e+03  -2.6 0.00e+00    -  0.00e+00 3.60e-07R 20
iter    objective    inf_pr   inf_du lg(mu)  ||d||  lg(rg) alpha_du alpha_pr  ls
 430r-6.7656735e+03 1.90e-02 5.72e+03  -2.6 9.82e+01    -  4.14e-02 4.89e-04f  1
 431r-6.7656735e+03 1.90e-02 9.99e+02  -2.6 0.00e+00    -  0.00e+00 4.24e-07R  3
 432r-6.7656735e+03 1.89e-02 1.91e+03  -2.6 6.56e+01    -  6.11e-03 6.25e-05f  1
 433 -6.7656742e+03 1.89e-02 4.59e+06  -6.0 2.51e+02    -  1.20e-01 3.34e-05h  1
 434 -6.7656648e+03 1.89e-02 2.08e+07  -6.0 2.42e+02    -  3.60e-05 1.63e-04h  6
 435 -6.7656558e+03 1.89e-02 2.08e+07  -6.0 2.42e+02    -  4.66e-03 1.59e-04h  6
 436 -6.7656445e+03 1.89e-02 2.08e+07  -6.0 2.41e+02    -  3.75e-04 1.94e-04h  6
 437 -6.7656330e+03 1.89e-02 2.08e+07  -6.0 2.41e+02    -  4.45e-02 1.97e-04h  6
 438 -6.7656161e+03 1.89e-02 2.08e+07  -6.0 2.31e+02    -  7.58e-04 2.52e-04h  9
 439 -6.7655993e+03 1.89e-02 2.08e+07  -6.0 2.31e+02    -  6.12e-03 2.51e-04h  9
iter    objective    inf_pr   inf_du lg(mu)  ||d||  lg(rg) alpha_du alpha_pr  ls
 440 -6.7655826e+03 1.89e-02 2.08e+07  -6.0 2.30e+02    -  1.50e-03 2.50e-04h  9
 441 -6.7655659e+03 1.89e-02 2.08e+07  -6.0 2.30e+02    -  4.63e-02 2.49e-04h  9
 442 -6.7655493e+03 1.89e-02 2.08e+07  -6.0 2.42e+02    -  1.81e-03 2.45e-04h  9
 443 -6.7655327e+03 1.89e-02 2.08e+07  -6.0 2.43e+02    -  8.04e-03 2.44e-04h  9
 444 -6.7612847e+03 9.17e-01 1.95e+07  -6.0 2.49e+02    -  2.98e-03 6.25e-02w  1
 445 -6.7612206e+03 9.16e-01 1.95e+07  -6.0 3.50e+02    -  1.37e-01 1.08e-03w  1
 446 -6.7553847e+03 1.81e+00 1.76e+07  -6.0 5.56e+02    -  1.25e-01 9.51e-02w  1
 447 -6.7655161e+03 1.89e-02 2.08e+07  -6.0 1.03e+03    -  2.98e-03 2.44e-04h  8
 448 -6.7654995e+03 1.89e-02 2.08e+07  -6.0 2.51e+02    -  5.46e-02 2.44e-04h  9
 449 -6.7654827e+03 1.89e-02 2.08e+07  -6.0 2.90e+02    -  2.85e-03 2.48e-04h  9
iter    objective    inf_pr   inf_du lg(mu)  ||d||  lg(rg) alpha_du alpha_pr  ls
 450 -6.7654659e+03 1.89e-02 2.08e+07  -6.0 2.93e+02    -  1.04e-02 2.48e-04h  9
 451 -6.7654491e+03 1.89e-02 2.07e+07  -6.0 3.02e+02    -  4.50e-03 2.49e-04h  9
 452 -6.7654323e+03 1.89e-02 2.07e+07  -6.0 3.06e+02    -  1.38e-01 2.49e-04h  9
 453 -6.7654144e+03 1.89e-02 2.07e+07  -6.0 4.24e+02    -  3.81e-03 2.70e-04h  9
 454 -6.7653966e+03 1.89e-02 2.07e+07  -6.0 4.28e+02    -  1.06e-02 2.71e-04h  9
 455 -6.7653786e+03 1.89e-02 2.07e+07  -6.0 4.39e+02    -  6.81e-03 2.73e-04h  9
 456 -6.7653605e+03 1.89e-02 2.07e+07  -6.0 4.47e+02    -  1.41e-01 2.75e-04h  9
 457 -6.7601712e+03 1.28e+00 1.91e+07  -6.0 5.90e+02    -  4.96e-03 8.15e-02w  1
 458 -6.7530061e+03 2.41e+00 1.69e+07  -6.0 7.54e+02    -  1.56e-01 1.14e-01w  1
 459 -6.7426837e+03 3.39e+00 1.43e+07  -6.0 1.02e+03    -  5.85e-02 1.56e-01w  1
iter    objective    inf_pr   inf_du lg(mu)  ||d||  lg(rg) alpha_du alpha_pr  ls
 460 -6.7653503e+03 1.89e-02 2.07e+07  -6.0 1.36e+03    -  4.96e-03 1.59e-04h  9
 461 -6.7653401e+03 1.89e-02 2.07e+07  -6.0 5.95e+02    -  1.60e-02 1.61e-04h 10
 462 -6.7653297e+03 1.88e-02 2.07e+07  -6.0 6.13e+02    -  7.43e-03 1.65e-04h 10
 463 -6.7653192e+03 1.88e-02 2.07e+07  -6.0 6.21e+02    -  1.85e-01 1.67e-04h 10
 464 -6.7653062e+03 1.88e-02 2.07e+07  -6.0 8.14e+02    -  5.62e-03 2.09e-04h 10
 465 -6.7652930e+03 1.88e-02 2.07e+07  -6.0 8.21e+02    -  1.60e-02 2.11e-04h 10
 466 -6.7652795e+03 1.88e-02 2.07e+07  -6.0 8.42e+02    -  9.08e-03 2.16e-04h 10
 467 -6.7652657e+03 1.88e-02 2.07e+07  -6.0 8.54e+02    -  1.51e-01 2.19e-04h 10
 468 -6.7652571e+03 1.88e-02 2.07e+07  -6.0 1.40e+03    -  6.58e-03 1.27e-04h 11
 469 -6.7652483e+03 1.88e-02 2.07e+07  -6.0 1.48e+03    -  3.05e-02 1.28e-04h 11
iter    objective    inf_pr   inf_du lg(mu)  ||d||  lg(rg) alpha_du alpha_pr  ls
 470 -6.7555795e+03 2.79e+00 3.60e+07  -6.0 1.92e+03    -  8.33e-03 1.36e-01w  1
 471 -6.7451922e+03 4.11e+00 2.91e+07  -6.0 1.05e+03    -  1.82e-01 1.55e-01w  1
 472 -6.7451858e+03 4.11e+00 2.91e+07  -6.0 3.10e+04    -  8.85e-03 1.92e-05w  1
 473 -6.7652389e+03 1.88e-02 2.07e+07  -6.0 3.27e+04    -  8.33e-03 1.32e-04h 10
 474 -6.7652292e+03 1.88e-02 2.07e+07  -6.0 2.06e+03    -  5.21e-02 1.34e-04h 11
 475 -6.7652181e+03 1.88e-02 2.07e+07  -6.0 3.02e+03    -  7.85e-03 1.41e-04h 11
 476 -6.7652124e+03 1.88e-02 2.07e+07  -6.0 3.16e+03    -  5.53e-02 7.12e-05h 12
 477 -6.7652058e+03 1.88e-02 2.07e+07  -6.0 4.25e+03    -  8.08e-03 7.48e-05h 12
 478 -6.7651990e+03 1.88e-02 2.07e+07  -6.0 4.44e+03    -  4.56e-02 7.55e-05h 12
 479 -6.7651951e+03 1.88e-02 2.07e+07  -6.0 5.56e+03    -  8.55e-03 3.94e-05h 13
iter    objective    inf_pr   inf_du lg(mu)  ||d||  lg(rg) alpha_du alpha_pr  ls
 480 -6.7651911e+03 1.88e-02 2.07e+07  -6.0 5.79e+03    -  6.38e-02 3.98e-05h 13
 481 -6.7651886e+03 1.88e-02 2.07e+07  -6.0 7.65e+03    -  8.24e-03 2.12e-05h 14
 482 -6.7651861e+03 1.88e-02 2.07e+07  -6.0 7.93e+03    -  5.13e-02 2.14e-05h 14
 483 -6.7401167e+03 4.52e+01 1.73e+08  -6.0 9.70e+03    -  8.59e-03 1.86e-01w  1
 484 -6.7381298e+03 4.42e+01 1.69e+08  -6.0 2.24e+03    -  2.73e-02 2.10e-02w  1
 485 -6.7380530e+03 4.42e+01 1.69e+08  -6.0 3.26e+04    -  3.80e-03 1.87e-04w  1
 486r-6.7651861e+03 1.88e-02 1.00e+03  -2.6 0.00e+00    -  0.00e+00 3.55e-07R 19
 487r-6.7651859e+03 1.87e-02 4.96e+03  -2.6 8.83e+01    -  3.62e-02 3.75e-04f  1
 488r-6.7651859e+03 1.87e-02 9.99e+02  -2.6 0.00e+00    -  0.00e+00 4.40e-07R  3
 489r-6.7651859e+03 1.86e-02 1.77e+03  -2.6 6.28e+01    -  3.31e-03 3.41e-05f  1
iter    objective    inf_pr   inf_du lg(mu)  ||d||  lg(rg) alpha_du alpha_pr  ls
 490 -6.7651863e+03 1.86e-02 3.85e+06  -6.0 2.56e+02    -  1.27e-01 1.88e-05h  1
 491 -6.7651705e+03 1.86e-02 4.52e+07  -6.0 2.45e+02    -  2.20e-05 2.58e-04h  6
 492 -6.7651551e+03 1.86e-02 4.52e+07  -6.0 2.43e+02    -  5.56e-02 2.54e-04h  6
 493 -6.7651390e+03 1.86e-02 4.51e+07  -6.0 2.30e+02    -  5.37e-04 2.32e-04h  9
 494 -6.7651228e+03 1.86e-02 4.51e+07  -6.0 2.30e+02    -  5.11e-02 2.31e-04h  9
 495 -6.7651066e+03 1.86e-02 4.51e+07  -6.0 2.57e+02    -  1.01e-03 2.33e-04h  9
 496 -6.7650904e+03 1.86e-02 4.51e+07  -6.0 2.58e+02    -  6.03e-02 2.32e-04h  9
 497 -6.7650740e+03 1.86e-02 4.51e+07  -6.0 3.04e+02    -  1.49e-03 2.38e-04h  9
 498 -6.7650576e+03 1.86e-02 4.51e+07  -6.0 3.05e+02    -  1.44e-01 2.37e-04h  9
 499 -6.7650401e+03 1.86e-02 4.51e+07  -6.0 4.32e+02    -  1.96e-03 2.58e-04h  9
iter    objective    inf_pr   inf_du lg(mu)  ||d||  lg(rg) alpha_du alpha_pr  ls
 500 -6.7650226e+03 1.86e-02 4.51e+07  -6.0 4.35e+02    -  2.01e-01 2.58e-04h  9
 501 -6.7598325e+03 1.19e+00 4.18e+07  -6.0 6.38e+02    -  2.48e-03 7.97e-02w  1
 502 -6.7527452e+03 2.27e+00 3.71e+07  -6.0 7.88e+02    -  1.61e-01 1.12e-01w  1
 503 -6.7424462e+03 3.26e+00 3.13e+07  -6.0 1.04e+03    -  7.29e-02 1.55e-01w  1
 504 -6.7650125e+03 1.86e-02 4.51e+07  -6.0 1.38e+03    -  2.48e-03 1.56e-04h  9
 505 -6.7650023e+03 1.86e-02 4.51e+07  -6.0 6.41e+02    -  1.40e-01 1.56e-04h 10
 506 -6.7649904e+03 1.86e-02 4.50e+07  -6.0 7.81e+02    -  2.82e-03 1.87e-04h 10
 507 -6.7649784e+03 1.86e-02 4.50e+07  -6.0 7.84e+02    -  1.31e-01 1.88e-04h 10
 508 -6.7649642e+03 1.86e-02 4.50e+07  -6.0 9.25e+02    -  3.21e-03 2.20e-04h 10
 509 -6.7649499e+03 1.86e-02 4.50e+07  -6.0 9.29e+02    -  1.29e-01 2.22e-04h 10
iter    objective    inf_pr   inf_du lg(mu)  ||d||  lg(rg) alpha_du alpha_pr  ls
 510 -6.7649410e+03 1.86e-02 4.50e+07  -6.0 1.47e+03    -  3.68e-03 1.26e-04h 11
 511 -6.7649320e+03 1.86e-02 4.50e+07  -6.0 1.52e+03    -  7.07e-02 1.27e-04h 11
 512 -6.7649212e+03 1.86e-02 4.50e+07  -6.0 2.75e+03    -  4.05e-03 1.37e-04h 11
 513 -6.7649102e+03 1.86e-02 4.50e+07  -6.0 2.81e+03    -  6.51e-02 1.38e-04h 11
 514 -6.7516091e+03 5.04e+00 6.23e+07  -6.0 3.99e+03    -  4.38e-03 1.50e-01w  1
 515 -6.7421996e+03 4.40e+00 5.27e+07  -6.0 1.31e+03    -  2.79e-01 1.30e-01w  1
 516 -6.7400119e+03 4.30e+00 5.13e+07  -6.0 2.12e+03    -  2.77e-01 2.60e-02w  1
 517 -6.7649037e+03 1.86e-02 4.50e+07  -6.0 3.01e+04    -  4.38e-03 7.34e-05h 11
 518 -6.7648971e+03 1.86e-02 4.50e+07  -6.0 4.08e+03    -  4.62e-02 7.38e-05h 12
 519 -6.7648896e+03 1.86e-02 4.50e+07  -6.0 5.15e+03    -  4.69e-03 7.72e-05h 12
iter    objective    inf_pr   inf_du lg(mu)  ||d||  lg(rg) alpha_du alpha_pr  ls
 520 -6.7648858e+03 1.86e-02 4.50e+07  -6.0 5.26e+03    -  4.96e-02 3.88e-05h 13
 521 -6.7648813e+03 1.86e-02 4.50e+07  -6.0 6.61e+03    -  4.80e-03 4.08e-05h 13
 522 -6.7648767e+03 1.86e-02 4.50e+07  -6.0 6.76e+03    -  7.14e-02 4.11e-05h 13
 523 -6.7648738e+03 1.86e-02 4.50e+07  -6.0 9.01e+03    -  4.77e-03 2.22e-05h 14
 524r-6.7648738e+03 1.86e-02 1.00e+03  -2.6 0.00e+00    -  0.00e+00 3.49e-07R 20
 525r-6.7648738e+03 1.86e-02 1.00e+03  -2.6 1.13e+02    -  4.88e-06 2.07e-06f  2
 526r-6.7648738e+03 1.86e-02 9.99e+02  -2.6 0.00e+00    -  0.00e+00 2.95e-07R  4
 527r-6.7648738e+03 1.86e-02 2.38e+03  -2.6 6.34e+01    -  5.09e-03 1.52e-05f  1
 528 -6.7648739e+03 1.86e-02 3.33e+06  -6.0 2.58e+02    -  1.30e-01 9.19e-06h  1
 529 -6.7648629e+03 1.86e-02 4.38e+07  -6.0 2.48e+02    -  1.30e-05 1.70e-04h  8
iter    objective    inf_pr   inf_du lg(mu)  ||d||  lg(rg) alpha_du alpha_pr  ls
 530 -6.7648521e+03 1.86e-02 4.39e+07  -6.0 2.44e+02    -  5.69e-02 1.67e-04h  8
 531 -6.7648362e+03 1.86e-02 4.38e+07  -6.0 2.31e+02    -  3.52e-04 2.25e-04h  9
 532 -6.7648203e+03 1.86e-02 4.38e+07  -6.0 2.31e+02    -  5.43e-02 2.25e-04h  9
 533 -6.7648042e+03 1.85e-02 4.38e+07  -6.0 2.69e+02    -  8.09e-04 2.27e-04h  9
 534 -6.7647882e+03 1.85e-02 4.38e+07  -6.0 2.70e+02    -  6.45e-02 2.27e-04h  9
 535 -6.7647719e+03 1.85e-02 4.38e+07  -6.0 3.22e+02    -  1.27e-03 2.34e-04h  9
 536 -6.7647556e+03 1.85e-02 4.38e+07  -6.0 3.23e+02    -  1.50e-01 2.33e-04h  9
 537 -6.7647380e+03 1.85e-02 4.38e+07  -6.0 4.62e+02    -  1.74e-03 2.59e-04h  9
 538 -6.7647204e+03 1.85e-02 4.38e+07  -6.0 4.65e+02    -  2.03e-01 2.59e-04h  9
 539 -6.7593297e+03 1.22e+00 4.05e+07  -6.0 6.76e+02    -  2.26e-03 8.27e-02w  1
iter    objective    inf_pr   inf_du lg(mu)  ||d||  lg(rg) alpha_du alpha_pr  ls
 540 -6.7486431e+03 3.64e+00 3.37e+07  -6.0 8.15e+02    -  1.46e-01 1.68e-01w  1
 541 -6.7486426e+03 3.64e+00 3.37e+07  -6.0 8.15e+03    -  8.18e-03 4.05e-06w  1
 542 -6.7647099e+03 1.85e-02 4.38e+07  -6.0 3.71e+04    -  2.26e-03 1.62e-04h  9
 543 -6.7646993e+03 1.85e-02 4.38e+07  -6.0 6.78e+02    -  1.55e-01 1.62e-04h 10
 544 -6.7646865e+03 1.85e-02 4.37e+07  -6.0 8.36e+02    -  2.60e-03 2.00e-04h 10
 545 -6.7646736e+03 1.85e-02 4.37e+07  -6.0 8.39e+02    -  1.20e-01 2.01e-04h 10
 546 -6.7646583e+03 1.85e-02 4.37e+07  -6.0 9.81e+02    -  3.03e-03 2.32e-04h 10
 547 -6.7646429e+03 1.85e-02 4.37e+07  -6.0 9.85e+02    -  1.51e-01 2.34e-04h 10
 548 -6.7646324e+03 1.85e-02 4.37e+07  -6.0 2.39e+03    -  3.50e-03 1.35e-04h 11
 549 -6.7646218e+03 1.85e-02 4.37e+07  -6.0 2.44e+03    -  5.57e-02 1.36e-04h 11
iter    objective    inf_pr   inf_du lg(mu)  ||d||  lg(rg) alpha_du alpha_pr  ls
 550 -6.7646158e+03 1.85e-02 4.37e+07  -6.0 3.35e+03    -  3.95e-03 7.18e-05h 12
 551 -6.7646096e+03 1.85e-02 4.37e+07  -6.0 3.42e+03    -  5.30e-02 7.22e-05h 12
 552 -6.7500748e+03 6.85e+00 7.19e+07  -6.0 4.50e+03    -  4.14e-03 1.56e-01w  1
 553 -6.7413088e+03 6.05e+00 6.21e+07  -6.0 1.41e+03    -  2.84e-01 1.17e-01w  1
 554 -6.7387536e+03 5.89e+00 6.04e+07  -6.0 2.24e+03    -  1.25e-01 2.93e-02w  1
 555 -6.7646025e+03 1.85e-02 4.37e+07  -6.0 2.98e+04    -  4.14e-03 7.59e-05h 11
 556 -6.7645954e+03 1.85e-02 4.37e+07  -6.0 4.60e+03    -  5.57e-02 7.63e-05h 12
 557 -6.7645911e+03 1.85e-02 4.37e+07  -6.0 5.98e+03    -  4.30e-03 4.03e-05h 13
 558 -6.7645868e+03 1.85e-02 4.37e+07  -6.0 6.10e+03    -  7.15e-02 4.05e-05h 13
 559 -6.7645840e+03 1.85e-02 4.37e+07  -6.0 8.22e+03    -  4.33e-03 2.18e-05h 14
iter    objective    inf_pr   inf_du lg(mu)  ||d||  lg(rg) alpha_du alpha_pr  ls
 560 -6.7645813e+03 1.85e-02 4.37e+07  -6.0 8.37e+03    -  2.06e-02 2.19e-05h 14
 561 -6.7638944e+03 3.09e-02 4.35e+07  -6.0 9.09e+03    -  5.16e-03 5.16e-03s 20
 562r-6.7638944e+03 3.09e-02 1.00e+03  -1.8 0.00e+00    -  0.00e+00 0.00e+00R  1
 563r-6.7638944e+03 3.09e-02 2.70e+03  -1.8 3.72e+02    -  1.60e-05 1.06e-07f  2
 564r-6.7638932e+03 1.86e-02 1.95e+04  -1.8 8.67e+01    -  2.16e-02 8.82e-04f  1
 565r-6.7638615e+03 1.76e-02 1.91e+04  -1.8 7.65e+01    -  2.55e-02 2.28e-02f  1
 566r-6.7637881e+03 1.64e-02 2.04e+04  -1.8 6.68e+01    -  1.15e-01 5.24e-02f  1
 567r-6.7636755e+03 1.58e-02 2.75e+04  -1.8 3.30e+01    -  2.43e-01 7.48e-02f  1
 568r-6.7627672e+03 4.26e-01 1.62e+04  -1.8 3.72e+01    -  6.08e-01 4.93e-01f  1
 569r-6.7608978e+03 8.46e-01 7.36e+03  -1.8 4.96e+01    -  6.89e-01 5.72e-01f  1
iter    objective    inf_pr   inf_du lg(mu)  ||d||  lg(rg) alpha_du alpha_pr  ls
 570r-6.7598968e+03 6.65e-01 7.06e+03  -1.8 5.25e+01    -  7.06e-01 2.22e-01f  1
 571r-6.7552419e+03 1.79e-01 6.58e+02  -1.8 5.24e+01    -  5.84e-01 1.00e+00f  1
 572r-6.7549484e+03 4.35e-02 3.17e+02  -1.8 8.36e+00    -  7.25e-01 1.00e+00f  1
 573r-6.7549481e+03 4.35e-02 2.96e+02  -1.8 1.73e+01   0.0 3.46e-03 1.09e-03f  2
 574r-6.7549508e+03 4.35e-03 6.80e+00  -1.8 3.24e-01   0.4 1.00e+00 1.00e+00H  1
 575r-6.7545358e+03 5.30e-03 9.56e+01  -1.8 1.94e+01    -  7.13e-01 1.00e+00h  1
 576r-6.7544599e+03 4.35e-03 6.79e+00  -1.8 3.12e+00    -  9.83e-01 1.00e+00h  1
 577r-6.7544606e+03 4.35e-03 1.86e-01  -1.8 1.15e-01    -  1.00e+00 1.00e+00h  1
 578r-6.7563770e+03 1.73e+00 1.16e+02  -3.2 7.48e+01    -  3.11e-01 3.06e-01f  1
 579r-6.7567905e+03 1.33e+00 2.30e+02  -3.2 6.26e+01    -  2.48e-01 2.33e-01f  1
iter    objective    inf_pr   inf_du lg(mu)  ||d||  lg(rg) alpha_du alpha_pr  ls
 580r-6.7572565e+03 9.02e-01 1.86e+03  -3.2 5.86e+01    -  4.77e-01 3.25e-01f  1
 581r-6.7572917e+03 6.30e-01 3.89e+02  -3.2 2.96e-01  -0.1 1.84e-01 3.03e-01f  1
 582r-6.7574174e+03 3.78e-01 2.77e+02  -3.2 4.55e-01  -0.5 4.09e-01 4.01e-01f  1
 583r-6.7576652e+03 2.53e-01 2.31e+02  -3.2 7.48e-01  -1.0 3.47e-01 3.33e-01f  1
 584r-6.7581426e+03 1.71e-01 3.01e+02  -3.2 1.93e+00  -1.5 3.86e-01 3.44e-01f  1
 585r-6.7587523e+03 1.31e+00 9.64e+01  -3.2 4.21e+00  -2.0 2.88e-01 3.36e-01f  1
 586r-6.7590663e+03 1.38e+00 1.08e+03  -3.2 8.15e+00  -2.4 3.48e-01 1.82e-01f  1
 587r-6.7591371e+03 1.34e+00 1.92e+03  -3.2 1.26e+01  -2.9 1.86e-01 4.53e-02f  1
 588r-6.7591907e+03 1.50e+00 1.68e+03  -3.2 1.08e+01  -2.5 3.40e-02 5.74e-02f  1
 589r-6.7591947e+03 9.38e-01 7.89e+02  -3.2 3.81e-02   0.6 2.14e-01 3.77e-01f  1
iter    objective    inf_pr   inf_du lg(mu)  ||d||  lg(rg) alpha_du alpha_pr  ls
 590r-6.7592021e+03 7.42e-01 1.34e+03  -3.2 1.22e-01   0.2 4.57e-01 2.09e-01f  1
 591 -6.7592043e+03 7.42e-01 1.39e+02  -6.0 6.71e+02    -  1.04e-02 7.47e-05f  1
 592 -6.7592108e+03 7.39e-01 1.05e+03  -6.0 6.67e+02    -  2.18e-02 4.29e-03h  3
 593 -6.7591767e+03 7.38e-01 1.92e+03  -6.0 6.53e+02    -  1.88e-02 1.99e-03h  4
 594 -6.7591499e+03 7.37e-01 3.27e+03  -6.0 6.38e+02    -  2.81e-02 1.00e-03h  3
 595 -6.7591174e+03 7.36e-01 5.15e+03  -6.0 6.11e+02    -  4.11e-02 9.10e-04h  6
 596 -6.7590784e+03 7.36e-01 7.80e+03  -6.0 5.62e+02    -  6.21e-02 8.90e-04h  7
 597 -6.7590641e+03 7.35e-01 1.08e+04  -6.0 6.91e+02    -  7.05e-02 2.73e-04h  9
 598 -6.7590486e+03 7.35e-01 1.49e+04  -6.0 8.34e+02    -  7.89e-02 2.73e-04h  9
 599 -6.7590408e+03 7.35e-01 1.70e+04  -6.0 9.80e+02    -  3.00e-02 1.29e-04h 10
iter    objective    inf_pr   inf_du lg(mu)  ||d||  lg(rg) alpha_du alpha_pr  ls
 600 -6.7590323e+03 7.35e-01 2.37e+04  -6.0 1.03e+03    -  8.62e-02 1.37e-04h 10
 601 -6.7590232e+03 7.35e-01 2.71e+04  -6.0 1.17e+03    -  3.06e-02 1.39e-04h 10
 602 -6.7542441e+03 7.15e-01 5.95e+06  -6.0 1.21e+03    -  9.35e-02 7.17e-02w  1
 603 -6.7520864e+03 7.02e-01 8.97e+06  -6.0 1.39e+03    -  1.09e-01 2.56e-02w  1
 604 -6.7430585e+03 1.53e+00 3.76e+07  -6.0 1.45e+03    -  1.68e-01 1.03e-01w  1
 605 -6.7590139e+03 7.35e-01 3.90e+04  -6.0 2.74e+04    -  9.35e-02 1.40e-04h  9
 606 -6.7590088e+03 7.35e-01 4.49e+04  -6.0 1.35e+03    -  3.11e-02 7.23e-05h 11
 607 -6.7590034e+03 7.35e-01 7.51e+04  -6.0 1.41e+03    -  1.35e-01 7.36e-05h 11
 608 -6.7589997e+03 7.35e-01 8.32e+04  -6.0 3.40e+03    -  2.06e-02 4.10e-05h 12
 609 -6.7589958e+03 7.35e-01 1.03e+05  -6.0 4.05e+03    -  4.62e-02 4.22e-05h 12
iter    objective    inf_pr   inf_du lg(mu)  ||d||  lg(rg) alpha_du alpha_pr  ls
 610 -6.7589911e+03 7.35e-01 1.14e+05  -6.0 5.73e+03    -  1.85e-02 4.51e-05h 12
 611 -6.7589886e+03 7.35e-01 2.22e+05  -6.0 6.58e+03    -  1.79e-01 2.33e-05h 13
 612r-6.7589886e+03 7.35e-01 1.00e+03  -2.3 0.00e+00    -  0.00e+00 2.52e-07R 20
 613r-6.7589880e+03 7.19e-01 8.29e+03  -2.3 4.88e+01    -  2.99e-02 1.00e-03f  1
 614 -6.7589879e+03 7.19e-01 1.21e+03  -6.0 6.63e+02    -  2.38e-02 1.98e-05h  1
 615 -6.7589848e+03 7.18e-01 2.66e+03  -6.0 6.51e+02    -  2.81e-02 1.40e-04h  7
 616 -6.7589816e+03 7.18e-01 4.33e+03  -6.0 6.31e+02    -  3.40e-02 9.86e-05h  8
 617 -6.7589765e+03 7.18e-01 6.50e+03  -6.0 5.98e+02    -  4.74e-02 1.25e-04h  9
 618 -6.7589700e+03 7.18e-01 8.96e+03  -6.0 5.39e+02    -  5.69e-02 1.35e-04h 10
 619 -6.7589627e+03 7.18e-01 1.27e+04  -6.0 7.25e+02    -  8.03e-02 1.35e-04h 10
iter    objective    inf_pr   inf_du lg(mu)  ||d||  lg(rg) alpha_du alpha_pr  ls
 620 -6.7589551e+03 7.18e-01 1.73e+04  -6.0 8.86e+02    -  8.01e-02 1.30e-04h 10
 621 -6.7589509e+03 7.18e-01 2.40e+04  -6.0 1.03e+03    -  8.74e-02 6.80e-05h 11
 622 -6.7589463e+03 7.18e-01 3.06e+04  -6.0 1.17e+03    -  6.07e-02 6.90e-05h 11
 623 -6.7589415e+03 7.18e-01 4.08e+04  -6.0 1.26e+03    -  7.18e-02 7.01e-05h 11
 624 -6.7589363e+03 7.18e-01 4.96e+04  -6.0 1.37e+03    -  4.48e-02 7.23e-05h 11
 625 -6.7531908e+03 7.12e-01 2.27e+07  -6.0 1.45e+03    -  3.13e-02 7.62e-02w  1
 626 -6.7470499e+03 9.75e-01 3.45e+07  -6.0 1.41e+03    -  1.19e-01 7.36e-02w  1
 627 -6.7379591e+03 1.91e+00 3.23e+07  -6.0 1.37e+03    -  2.15e-01 1.06e-01w  1
 628 -6.7589307e+03 7.18e-01 5.74e+04  -6.0 2.49e+04    -  3.13e-02 7.45e-05h 10
 629 -6.7589247e+03 7.18e-01 8.11e+04  -6.0 1.84e+03    -  8.10e-02 7.66e-05h 11
iter    objective    inf_pr   inf_du lg(mu)  ||d||  lg(rg) alpha_du alpha_pr  ls
 630 -6.7589208e+03 7.18e-01 8.91e+04  -6.0 3.94e+03    -  1.89e-02 4.20e-05h 12
 631 -6.7589166e+03 7.18e-01 1.10e+05  -6.0 4.62e+03    -  4.49e-02 4.32e-05h 12
 632 -6.7589141e+03 7.18e-01 1.22e+05  -6.0 6.41e+03    -  1.91e-02 2.32e-05h 13
 633r-6.7589141e+03 7.18e-01 1.00e+03  -2.9 0.00e+00    -  0.00e+00 3.77e-07R 19
 634r-6.7589138e+03 6.58e-01 1.90e+03  -2.9 3.00e+01    -  2.80e-02 1.00e-03f  1
 635 -6.7589137e+03 6.58e-01 1.49e+03  -6.0 6.64e+02    -  2.95e-02 2.01e-05h  1
 636 -6.7589122e+03 6.57e-01 2.97e+03  -6.0 6.48e+02    -  2.90e-02 6.03e-05h  8
 637 -6.7589095e+03 6.57e-01 4.72e+03  -6.0 6.25e+02    -  3.62e-02 7.50e-05h  9
 638 -6.7589065e+03 6.57e-01 7.27e+03  -6.0 5.87e+02    -  5.68e-02 6.96e-05h 10
 639 -6.7589032e+03 6.57e-01 9.38e+03  -6.0 5.38e+02    -  4.91e-02 6.66e-05h 11
iter    objective    inf_pr   inf_du lg(mu)  ||d||  lg(rg) alpha_du alpha_pr  ls
 640 -6.7588995e+03 6.57e-01 1.32e+04  -6.0 7.56e+02    -  8.06e-02 6.67e-05h 11
 641 -6.7588957e+03 6.57e-01 1.76e+04  -6.0 9.16e+02    -  7.32e-02 6.33e-05h 11
 642 -6.7588914e+03 6.57e-01 2.44e+04  -6.0 1.04e+03    -  8.69e-02 6.75e-05h 11
 643 -6.7588869e+03 6.57e-01 2.79e+04  -6.0 1.18e+03    -  3.16e-02 6.85e-05h 11
 644 -6.7588822e+03 6.57e-01 4.03e+04  -6.0 1.23e+03    -  9.63e-02 6.92e-05h 11
 645 -6.7588770e+03 6.57e-01 4.52e+04  -6.0 1.37e+03    -  2.54e-02 7.18e-05h 11
 646 -6.7533208e+03 6.53e-01 1.90e+07  -6.0 1.42e+03    -  1.31e-01 7.48e-02w  1
 647 -6.7450077e+03 1.38e+00 4.56e+07  -6.0 1.52e+03    -  9.28e-02 9.36e-02w  1
 648 -6.7450039e+03 1.38e+00 4.56e+07  -6.0 2.80e+04    -  1.36e-02 1.37e-05w  1
 649 -6.7588716e+03 6.57e-01 7.46e+04  -6.0 3.14e+04    -  1.31e-01 7.31e-05h 10
iter    objective    inf_pr   inf_du lg(mu)  ||d||  lg(rg) alpha_du alpha_pr  ls
 650 -6.7588679e+03 6.57e-01 8.17e+04  -6.0 3.45e+03    -  1.84e-02 4.10e-05h 12
 651 -6.7588659e+03 6.57e-01 1.01e+05  -6.0 4.05e+03    -  4.62e-02 2.10e-05h 13
 652r-6.7588659e+03 6.57e-01 1.00e+03  -3.0 0.00e+00    -  0.00e+00 3.53e-07R 19
 653r-6.7588647e+03 4.53e-01 2.07e+03  -3.0 2.86e+01    -  3.59e-02 3.68e-03f  1
 654 -6.7588645e+03 4.53e-01 1.69e+03  -6.0 6.66e+02    -  3.37e-02 2.00e-05h  1
 655 -6.7588630e+03 4.53e-01 3.08e+03  -6.0 6.46e+02    -  2.75e-02 5.65e-05h  8
 656 -6.7588599e+03 4.53e-01 4.81e+03  -6.0 6.22e+02    -  3.61e-02 8.45e-05h  9
 657 -6.7588568e+03 4.53e-01 6.67e+03  -6.0 5.81e+02    -  4.16e-02 7.05e-05h 10
 658 -6.7588536e+03 4.53e-01 9.02e+03  -6.0 5.23e+02    -  5.39e-02 6.60e-05h 11
 659 -6.7588499e+03 4.53e-01 1.28e+04  -6.0 7.61e+02    -  8.12e-02 6.61e-05h 11
iter    objective    inf_pr   inf_du lg(mu)  ||d||  lg(rg) alpha_du alpha_pr  ls
 660 -6.7588461e+03 4.53e-01 1.73e+04  -6.0 9.20e+02    -  7.74e-02 6.34e-05h 11
 661 -6.7588418e+03 4.53e-01 2.40e+04  -6.0 1.05e+03    -  8.69e-02 6.69e-05h 11
 662 -6.7588396e+03 4.53e-01 3.07e+04  -6.0 1.18e+03    -  6.16e-02 3.40e-05h 12
 663 -6.7588371e+03 4.53e-01 4.48e+04  -6.0 1.27e+03    -  9.76e-02 3.47e-05h 12
 664 -6.7588344e+03 4.53e-01 5.03e+04  -6.0 1.42e+03    -  2.50e-02 3.63e-05h 12
 665 -6.7529847e+03 4.68e-01 2.44e+07  -6.0 1.47e+03    -  1.01e-01 7.60e-02w  1
 666 -6.7446633e+03 1.43e+00 4.69e+07  -6.0 1.49e+03    -  1.04e-01 9.50e-02w  1
 667 -6.7446594e+03 1.43e+00 4.69e+07  -6.0 2.80e+04    -  1.41e-02 1.43e-05w  1
 668 -6.7588316e+03 4.53e-01 7.60e+04  -6.0 3.12e+04    -  1.01e-01 3.71e-05h 11
 669 -6.7588297e+03 4.53e-01 8.38e+04  -6.0 3.68e+03    -  1.96e-02 2.06e-05h 13
iter    objective    inf_pr   inf_du lg(mu)  ||d||  lg(rg) alpha_du alpha_pr  ls
 670r-6.7588297e+03 4.53e-01 1.00e+03  -3.0 0.00e+00    -  0.00e+00 3.32e-07R 19
 671r-6.7588270e+03 2.61e-01 8.16e+03  -3.0 2.43e+01    -  1.38e-01 7.17e-03f  1
 672 -6.7588269e+03 2.61e-01 1.45e+06  -6.0 6.65e+02    -  3.28e-02 2.01e-05h  1
 673 -6.7588253e+03 2.61e-01 3.86e+06  -6.0 6.45e+02    -  2.17e-05 5.77e-05h  8
 674 -6.7588237e+03 2.61e-01 3.88e+06  -6.0 6.45e+02    -  2.58e-02 5.76e-05h  8
 675 -6.7588223e+03 2.61e-01 3.86e+06  -6.0 6.22e+02    -  1.37e-04 3.92e-05h 10
 676 -6.7588209e+03 2.61e-01 3.87e+06  -6.0 6.21e+02    -  3.05e-02 3.94e-05h 10
 677 -6.7588182e+03 2.61e-01 3.86e+06  -6.0 5.87e+02    -  2.17e-04 6.23e-05h 10
 678 -6.7588155e+03 2.61e-01 3.88e+06  -6.0 5.87e+02    -  4.37e-02 6.27e-05h 10
 679 -6.7588123e+03 2.61e-01 3.87e+06  -6.0 5.26e+02    -  3.43e-04 6.55e-05h 11
iter    objective    inf_pr   inf_du lg(mu)  ||d||  lg(rg) alpha_du alpha_pr  ls
 680 -6.7588091e+03 2.61e-01 3.87e+06  -6.0 5.26e+02    -  4.63e-02 6.54e-05h 11
 681 -6.7588055e+03 2.61e-01 3.87e+06  -6.0 7.07e+02    -  4.76e-04 6.54e-05h 11
 682 -6.7588019e+03 2.61e-01 3.87e+06  -6.0 7.08e+02    -  3.96e-02 6.54e-05h 11
 683 -6.7549398e+03 2.61e-01 4.20e+06  -6.0 8.31e+02    -  6.11e-04 6.71e-02w  1
 684 -6.7548779e+03 2.61e-01 4.19e+06  -6.0 1.17e+03    -  7.08e-02 8.25e-04w  1
 685 -6.7489965e+03 7.26e-01 4.98e+07  -6.0 2.01e+03    -  7.39e-02 6.95e-02w  1
 686 -6.7587981e+03 2.61e-01 3.87e+06  -6.0 1.25e+03    -  6.11e-04 6.55e-05h 10
 687 -6.7587944e+03 2.61e-01 3.88e+06  -6.0 8.33e+02    -  8.14e-02 6.54e-05h 11
 688 -6.7587924e+03 2.61e-01 3.87e+06  -6.0 9.84e+02    -  7.39e-04 3.15e-05h 12
 689 -6.7587904e+03 2.61e-01 3.87e+06  -6.0 9.86e+02    -  4.93e-02 3.17e-05h 12
iter    objective    inf_pr   inf_du lg(mu)  ||d||  lg(rg) alpha_du alpha_pr  ls
 690 -6.7587883e+03 2.61e-01 3.87e+06  -6.0 1.07e+03    -  8.09e-04 3.31e-05h 12
 691 -6.7587862e+03 2.61e-01 3.87e+06  -6.0 1.07e+03    -  8.79e-02 3.31e-05h 12
 692 -6.7587839e+03 2.61e-01 3.87e+06  -6.0 1.20e+03    -  8.71e-04 3.38e-05h 12
 693 -6.7587816e+03 2.61e-01 3.87e+06  -6.0 1.20e+03    -  3.35e-02 3.38e-05h 12
 694 -6.7587792e+03 2.61e-01 3.87e+06  -6.0 1.25e+03    -  9.56e-04 3.42e-05h 12
 695 -6.7587768e+03 2.61e-01 3.87e+06  -6.0 1.25e+03    -  9.86e-02 3.42e-05h 12
 696 -6.7533079e+03 2.86e-01 1.80e+07  -6.0 1.40e+03    -  1.01e-03 7.34e-02w  1
 697 -6.7496425e+03 4.27e-01 2.26e+07  -6.0 1.35e+03    -  1.14e-01 4.49e-02w  1
 698 -6.7399550e+03 1.82e+00 2.98e+07  -6.0 1.36e+03    -  2.11e-01 1.15e-01w  1
 699 -6.7587742e+03 2.61e-01 3.87e+06  -6.0 2.51e+04    -  1.01e-03 3.59e-05h 11
iter    objective    inf_pr   inf_du lg(mu)  ||d||  lg(rg) alpha_du alpha_pr  ls
 700 -6.7587715e+03 2.61e-01 3.87e+06  -6.0 1.41e+03    -  2.67e-02 3.59e-05h 12
 701 -6.7587687e+03 2.61e-01 3.87e+06  -6.0 1.46e+03    -  1.11e-03 3.67e-05h 12
 702 -6.7587658e+03 2.61e-01 3.87e+06  -6.0 1.46e+03    -  1.02e-01 3.68e-05h 12
 703r-6.7587658e+03 2.61e-01 1.00e+03  -3.0 0.00e+00    -  0.00e+00 3.21e-07R 19
 704r-6.7587651e+03 2.42e-01 1.20e+04  -3.0 2.26e+01    -  2.01e-01 2.09e-03f  1
 705 -6.7587649e+03 2.42e-01 2.02e+06  -6.0 6.63e+02    -  3.30e-02 2.02e-05h  1
 706 -6.7587633e+03 2.42e-01 5.45e+06  -6.0 6.43e+02    -  2.15e-05 5.79e-05h  8
 707 -6.7587616e+03 2.42e-01 5.48e+06  -6.0 6.43e+02    -  2.58e-02 5.78e-05h  8
 708 -6.7587602e+03 2.42e-01 5.46e+06  -6.0 6.19e+02    -  1.38e-04 3.94e-05h 10
 709 -6.7587587e+03 2.42e-01 5.47e+06  -6.0 6.19e+02    -  3.07e-02 3.96e-05h 10
iter    objective    inf_pr   inf_du lg(mu)  ||d||  lg(rg) alpha_du alpha_pr  ls
 710 -6.7587560e+03 2.42e-01 5.46e+06  -6.0 5.84e+02    -  2.17e-04 6.28e-05h 10
 711 -6.7587532e+03 2.42e-01 5.47e+06  -6.0 5.84e+02    -  4.42e-02 6.31e-05h 10
 712 -6.7587500e+03 2.42e-01 5.46e+06  -6.0 5.23e+02    -  3.44e-04 6.47e-05h 11
 713 -6.7587467e+03 2.42e-01 5.47e+06  -6.0 5.22e+02    -  4.73e-02 6.46e-05h 11
 714 -6.7587432e+03 2.42e-01 5.46e+06  -6.0 7.15e+02    -  4.75e-04 6.47e-05h 11
 715 -6.7587396e+03 2.42e-01 5.47e+06  -6.0 7.17e+02    -  4.02e-02 6.46e-05h 11
 716 -6.7548774e+03 2.44e-01 5.76e+06  -6.0 8.40e+02    -  6.09e-04 6.63e-02w  1
 717 -6.7548120e+03 2.43e-01 5.76e+06  -6.0 1.16e+03    -  7.24e-02 8.71e-04w  1
 718 -6.7488161e+03 7.15e-01 5.12e+07  -6.0 2.02e+03    -  7.37e-02 7.06e-02w  1
 719 -6.7587358e+03 2.42e-01 5.46e+06  -6.0 1.26e+03    -  6.09e-04 6.47e-05h 10
iter    objective    inf_pr   inf_du lg(mu)  ||d||  lg(rg) alpha_du alpha_pr  ls
 720 -6.7587321e+03 2.42e-01 5.47e+06  -6.0 8.42e+02    -  8.19e-02 6.47e-05h 11
 721 -6.7587301e+03 2.42e-01 5.46e+06  -6.0 9.94e+02    -  7.36e-04 3.18e-05h 12
 722 -6.7587280e+03 2.42e-01 5.47e+06  -6.0 9.95e+02    -  5.07e-02 3.20e-05h 12
 723 -6.7587259e+03 2.42e-01 5.46e+06  -6.0 1.08e+03    -  8.06e-04 3.28e-05h 12
 724 -6.7587238e+03 2.42e-01 5.47e+06  -6.0 1.08e+03    -  8.77e-02 3.28e-05h 12
 725 -6.7587215e+03 2.42e-01 5.46e+06  -6.0 1.21e+03    -  8.67e-04 3.35e-05h 12
 726 -6.7587192e+03 2.42e-01 5.47e+06  -6.0 1.21e+03    -  3.45e-02 3.35e-05h 12
 727 -6.7587168e+03 2.42e-01 5.46e+06  -6.0 1.26e+03    -  9.51e-04 3.39e-05h 12
 728 -6.7587144e+03 2.42e-01 5.47e+06  -6.0 1.27e+03    -  1.00e-01 3.39e-05h 12
 729 -6.7531717e+03 2.69e-01 1.98e+07  -6.0 1.42e+03    -  1.00e-03 7.33e-02w  1
iter    objective    inf_pr   inf_du lg(mu)  ||d||  lg(rg) alpha_du alpha_pr  ls
 730 -6.7491037e+03 4.73e-01 2.50e+07  -6.0 1.35e+03    -  1.15e-01 4.99e-02w  1
 731 -6.7392853e+03 1.85e+00 2.96e+07  -6.0 1.35e+03    -  2.12e-01 1.17e-01w  1
 732 -6.7587117e+03 2.42e-01 5.46e+06  -6.0 2.48e+04    -  1.00e-03 3.58e-05h 11
 733 -6.7587090e+03 2.42e-01 5.46e+06  -6.0 1.42e+03    -  2.71e-02 3.58e-05h 12
 734 -6.7587061e+03 2.42e-01 5.46e+06  -6.0 1.59e+03    -  1.11e-03 3.68e-05h 12
 735 -6.7587047e+03 2.42e-01 5.47e+06  -6.0 1.61e+03    -  9.22e-02 1.84e-05h 13
 736r-6.7587047e+03 2.42e-01 1.00e+03  -3.0 0.00e+00    -  0.00e+00 3.21e-07R 19
 737r-6.7587041e+03 2.29e-01 7.94e+03  -3.0 2.15e+01    -  1.34e-01 1.64e-03f  1
 738 -6.7587039e+03 2.29e-01 1.29e+06  -6.0 6.62e+02    -  3.32e-02 2.03e-05h  1
 739 -6.7587022e+03 2.29e-01 3.35e+06  -6.0 6.41e+02    -  2.25e-05 5.83e-05h  8
iter    objective    inf_pr   inf_du lg(mu)  ||d||  lg(rg) alpha_du alpha_pr  ls
 740 -6.7587005e+03 2.29e-01 3.38e+06  -6.0 6.41e+02    -  2.59e-02 5.82e-05h  8
 741 -6.7586990e+03 2.29e-01 3.36e+06  -6.0 6.17e+02    -  1.39e-04 3.98e-05h 10
 742 -6.7586975e+03 2.29e-01 3.37e+06  -6.0 6.17e+02    -  3.12e-02 4.00e-05h 10
 743 -6.7586947e+03 2.29e-01 3.36e+06  -6.0 5.81e+02    -  2.20e-04 6.36e-05h 10
 744 -6.7586919e+03 2.29e-01 3.37e+06  -6.0 5.81e+02    -  4.54e-02 6.40e-05h 10
 745 -6.7586886e+03 2.29e-01 3.36e+06  -6.0 5.18e+02    -  3.49e-04 6.39e-05h 11
 746 -6.7586854e+03 2.29e-01 3.37e+06  -6.0 5.17e+02    -  4.88e-02 6.39e-05h 11
 747 -6.7586818e+03 2.29e-01 3.36e+06  -6.0 7.32e+02    -  4.78e-04 6.39e-05h 11
 748 -6.7586782e+03 2.29e-01 3.37e+06  -6.0 7.33e+02    -  4.04e-02 6.39e-05h 11
 749 -6.7548125e+03 2.32e-01 3.86e+06  -6.0 8.52e+02    -  6.10e-04 6.55e-02w  1
iter    objective    inf_pr   inf_du lg(mu)  ||d||  lg(rg) alpha_du alpha_pr  ls
 750 -6.7547425e+03 2.31e-01 3.85e+06  -6.0 1.15e+03    -  7.43e-02 9.30e-04w  1
 751 -6.7486026e+03 7.11e-01 5.30e+07  -6.0 2.03e+03    -  7.34e-02 7.21e-02w  1
 752 -6.7586744e+03 2.29e-01 3.36e+06  -6.0 1.26e+03    -  6.10e-04 6.40e-05h 10
 753 -6.7586707e+03 2.29e-01 3.37e+06  -6.0 8.53e+02    -  8.23e-02 6.40e-05h 11
 754 -6.7586686e+03 2.29e-01 3.36e+06  -6.0 1.00e+03    -  7.36e-04 3.22e-05h 12
 755 -6.7586666e+03 2.29e-01 3.37e+06  -6.0 1.01e+03    -  5.12e-02 3.22e-05h 12
 756 -6.7586644e+03 2.29e-01 3.36e+06  -6.0 1.09e+03    -  8.06e-04 3.25e-05h 12
 757 -6.7586623e+03 2.29e-01 3.37e+06  -6.0 1.09e+03    -  8.73e-02 3.25e-05h 12
 758 -6.7586600e+03 2.29e-01 3.36e+06  -6.0 1.22e+03    -  8.67e-04 3.32e-05h 12
 759 -6.7586577e+03 2.29e-01 3.37e+06  -6.0 1.22e+03    -  3.54e-02 3.32e-05h 12
iter    objective    inf_pr   inf_du lg(mu)  ||d||  lg(rg) alpha_du alpha_pr  ls
 760 -6.7586553e+03 2.29e-01 3.36e+06  -6.0 1.28e+03    -  9.49e-04 3.37e-05h 12
 761 -6.7586529e+03 2.29e-01 3.37e+06  -6.0 1.28e+03    -  1.02e-01 3.37e-05h 12
 762 -6.7530247e+03 2.58e-01 2.17e+07  -6.0 1.44e+03    -  1.00e-03 7.33e-02w  1
 763 -6.7485194e+03 5.34e-01 2.75e+07  -6.0 1.36e+03    -  1.17e-01 5.52e-02w  1
 764 -6.7386078e+03 1.88e+00 2.98e+07  -6.0 1.35e+03    -  2.13e-01 1.18e-01w  1
 765 -6.7586502e+03 2.29e-01 3.36e+06  -6.0 2.45e+04    -  1.00e-03 3.58e-05h 11
 766 -6.7586474e+03 2.29e-01 3.37e+06  -6.0 1.44e+03    -  2.74e-02 3.58e-05h 12
 767 -6.7586460e+03 2.29e-01 3.36e+06  -6.0 1.77e+03    -  1.11e-03 1.85e-05h 13
 768 -6.7586445e+03 2.29e-01 3.37e+06  -6.0 1.80e+03    -  8.36e-02 1.85e-05h 13
 769r-6.7586445e+03 2.29e-01 1.00e+03  -3.0 0.00e+00    -  0.00e+00 3.22e-07R 19
iter    objective    inf_pr   inf_du lg(mu)  ||d||  lg(rg) alpha_du alpha_pr  ls
 770r-6.7586439e+03 2.18e-01 8.26e+03  -3.0 2.24e+01    -  1.43e-01 1.67e-03f  1
 771 -6.7586437e+03 2.18e-01 1.25e+06  -6.0 6.60e+02    -  3.34e-02 2.04e-05h  1
 772 -6.7586420e+03 2.18e-01 3.19e+06  -6.0 6.52e+02    -  2.31e-05 5.89e-05h  8
 773 -6.7586402e+03 2.18e-01 3.22e+06  -6.0 6.39e+02    -  2.59e-02 5.87e-05h  8
 774 -6.7586387e+03 2.18e-01 3.20e+06  -6.0 6.15e+02    -  1.40e-04 4.01e-05h 10
 775 -6.7586371e+03 2.18e-01 3.22e+06  -6.0 6.15e+02    -  3.16e-02 4.03e-05h 10
 776 -6.7586343e+03 2.18e-01 3.21e+06  -6.0 5.78e+02    -  2.20e-04 6.44e-05h 10
 777 -6.7586313e+03 2.18e-01 3.22e+06  -6.0 5.78e+02    -  4.67e-02 6.49e-05h 10
 778 -6.7586281e+03 2.18e-01 3.21e+06  -6.0 5.18e+02    -  3.49e-04 6.32e-05h 11
 779 -6.7586248e+03 2.18e-01 3.22e+06  -6.0 5.19e+02    -  5.03e-02 6.31e-05h 11
iter    objective    inf_pr   inf_du lg(mu)  ||d||  lg(rg) alpha_du alpha_pr  ls
 780 -6.7586212e+03 2.18e-01 3.21e+06  -6.0 7.48e+02    -  4.76e-04 6.32e-05h 11
 781 -6.7586176e+03 2.18e-01 3.22e+06  -6.0 7.50e+02    -  2.88e-02 6.32e-05h 11
 782 -6.7548034e+03 2.20e-01 3.52e+06  -6.0 8.31e+02    -  6.08e-04 6.47e-02w  1
 783 -6.7547380e+03 2.20e-01 3.52e+06  -6.0 1.15e+03    -  7.28e-02 8.72e-04w  1
 784 -6.7487576e+03 6.58e-01 5.10e+07  -6.0 2.01e+03    -  6.41e-02 7.05e-02w  1
 785 -6.7586139e+03 2.17e-01 3.21e+06  -6.0 1.25e+03    -  6.08e-04 6.32e-05h 10
 786 -6.7586102e+03 2.17e-01 3.22e+06  -6.0 8.32e+02    -  3.68e-02 6.32e-05h 11
 787 -6.7586082e+03 2.17e-01 3.21e+06  -6.0 9.16e+02    -  7.34e-04 3.17e-05h 12
 788 -6.7586063e+03 2.17e-01 3.21e+06  -6.0 9.18e+02    -  3.35e-02 3.17e-05h 12
 789 -6.7586043e+03 2.17e-01 3.21e+06  -6.0 9.82e+02    -  8.00e-04 3.18e-05h 12
iter    objective    inf_pr   inf_du lg(mu)  ||d||  lg(rg) alpha_du alpha_pr  ls
 790 -6.7586023e+03 2.17e-01 3.22e+06  -6.0 9.84e+02    -  8.28e-02 3.18e-05h 12
 791 -6.7586001e+03 2.17e-01 3.21e+06  -6.0 1.12e+03    -  8.50e-04 3.22e-05h 12
 792 -6.7585980e+03 2.17e-01 3.21e+06  -6.0 1.12e+03    -  2.22e-02 3.22e-05h 12
 793 -6.7585958e+03 2.17e-01 3.21e+06  -6.0 1.15e+03    -  9.41e-04 3.24e-05h 12
 794 -6.7585936e+03 2.17e-01 3.22e+06  -6.0 1.16e+03    -  8.25e-02 3.24e-05h 12
 795 -6.7537104e+03 2.36e-01 9.31e+06  -6.0 1.28e+03    -  9.76e-04 6.85e-02w  1
 796 -6.7519892e+03 2.34e-01 1.09e+07  -6.0 1.30e+03    -  1.12e-01 2.13e-02w  1
 797 -6.7431790e+03 1.37e+00 4.03e+07  -6.0 1.39e+03    -  1.94e-01 1.03e-01w  1
 798 -6.7585912e+03 2.17e-01 3.21e+06  -6.0 2.72e+04    -  9.76e-04 3.34e-05h 11
 799 -6.7585888e+03 2.17e-01 3.21e+06  -6.0 1.28e+03    -  2.23e-02 3.34e-05h 12
iter    objective    inf_pr   inf_du lg(mu)  ||d||  lg(rg) alpha_du alpha_pr  ls
 800 -6.7585864e+03 2.17e-01 3.21e+06  -6.0 1.32e+03    -  1.08e-03 3.39e-05h 12
 801 -6.7585839e+03 2.17e-01 3.22e+06  -6.0 1.32e+03    -  1.04e-01 3.39e-05h 12
 802 -6.7585824e+03 2.17e-01 3.21e+06  -6.0 1.85e+03    -  1.10e-03 1.84e-05h 13
 803 -6.7585809e+03 2.17e-01 3.21e+06  -6.0 1.88e+03    -  2.11e-02 1.84e-05h 13
 804 -6.7585793e+03 2.17e-01 3.21e+06  -6.0 2.39e+03    -  1.19e-03 1.90e-05h 13
 805 -6.7585777e+03 2.17e-01 3.21e+06  -6.0 2.42e+03    -  6.34e-02 1.90e-05h 13
 806r-6.7585777e+03 2.17e-01 1.00e+03  -3.0 0.00e+00    -  0.00e+00 3.28e-07R 19
 807r-6.7585771e+03 2.07e-01 9.04e+03  -3.0 2.13e+01    -  1.54e-01 1.74e-03f  1
 808 -6.7585769e+03 2.07e-01 9.93e+05  -6.0 6.59e+02    -  3.36e-02 2.05e-05h  1
 809 -6.7585752e+03 2.07e-01 2.34e+06  -6.0 6.45e+02    -  2.52e-05 5.93e-05h  8
iter    objective    inf_pr   inf_du lg(mu)  ||d||  lg(rg) alpha_du alpha_pr  ls
 810 -6.7585734e+03 2.07e-01 2.37e+06  -6.0 6.37e+02    -  2.59e-02 5.93e-05h  8
 811 -6.7585718e+03 2.07e-01 2.35e+06  -6.0 6.13e+02    -  1.39e-04 4.05e-05h 10
 812 -6.7585702e+03 2.06e-01 2.37e+06  -6.0 6.12e+02    -  3.20e-02 4.06e-05h 10
 813 -6.7585673e+03 2.06e-01 2.36e+06  -6.0 5.75e+02    -  2.20e-04 6.53e-05h 10
 814 -6.7585643e+03 2.06e-01 2.37e+06  -6.0 5.75e+02    -  4.75e-02 6.56e-05h 10
 815 -6.7585610e+03 2.06e-01 2.36e+06  -6.0 5.26e+02    -  3.48e-04 6.24e-05h 11
 816 -6.7585577e+03 2.06e-01 2.37e+06  -6.0 5.28e+02    -  5.19e-02 6.23e-05h 11
 817 -6.7585541e+03 2.06e-01 2.36e+06  -6.0 7.62e+02    -  4.70e-04 6.24e-05h 11
 818 -6.7585505e+03 2.06e-01 2.37e+06  -6.0 7.64e+02    -  4.10e-02 6.24e-05h 11
 819 -6.7546837e+03 2.10e-01 3.04e+06  -6.0 8.74e+02    -  5.94e-04 6.40e-02w  1
iter    objective    inf_pr   inf_du lg(mu)  ||d||  lg(rg) alpha_du alpha_pr  ls
 820 -6.7546035e+03 2.10e-01 3.04e+06  -6.0 1.14e+03    -  7.82e-02 1.06e-03w  1
 821 -6.7481674e+03 7.07e-01 5.68e+07  -6.0 2.05e+03    -  7.29e-02 7.50e-02w  1
 822 -6.7585468e+03 2.06e-01 2.36e+06  -6.0 1.26e+03    -  5.94e-04 6.25e-05h 10
 823 -6.7585430e+03 2.06e-01 2.37e+06  -6.0 8.75e+02    -  8.33e-02 6.25e-05h 11
 824 -6.7585409e+03 2.06e-01 2.36e+06  -6.0 1.03e+03    -  7.06e-04 3.15e-05h 12
 825 -6.7585389e+03 2.06e-01 2.37e+06  -6.0 1.03e+03    -  5.24e-02 3.15e-05h 12
 826 -6.7585368e+03 2.06e-01 2.36e+06  -6.0 1.11e+03    -  7.68e-04 3.18e-05h 12
 827 -6.7585346e+03 2.06e-01 2.37e+06  -6.0 1.12e+03    -  8.67e-02 3.18e-05h 12
 828 -6.7585323e+03 2.06e-01 2.36e+06  -6.0 1.24e+03    -  8.18e-04 3.26e-05h 12
 829 -6.7585300e+03 2.06e-01 2.37e+06  -6.0 1.24e+03    -  3.74e-02 3.26e-05h 12
iter    objective    inf_pr   inf_du lg(mu)  ||d||  lg(rg) alpha_du alpha_pr  ls
 830 -6.7585276e+03 2.06e-01 2.36e+06  -6.0 1.30e+03    -  8.92e-04 3.33e-05h 12
 831 -6.7585252e+03 2.06e-01 2.37e+06  -6.0 1.30e+03    -  1.05e-01 3.33e-05h 12
 832 -6.7526871e+03 2.39e-01 2.64e+07  -6.0 1.58e+03    -  9.35e-04 7.36e-02w  1
 833 -6.7472317e+03 7.02e-01 3.32e+07  -6.0 1.37e+03    -  1.21e-01 6.70e-02w  1
 834 -6.7374043e+03 1.89e+00 3.17e+07  -6.0 1.34e+03    -  2.15e-01 1.16e-01w  1
 835 -6.7585238e+03 2.06e-01 2.36e+06  -6.0 2.42e+04    -  9.35e-04 1.80e-05h 12
 836 -6.7585223e+03 2.06e-01 2.36e+06  -6.0 1.60e+03    -  2.80e-02 1.80e-05h 13
 837 -6.7585208e+03 2.06e-01 2.36e+06  -6.0 2.20e+03    -  9.93e-04 1.87e-05h 13
 838 -6.7585192e+03 2.06e-01 2.37e+06  -6.0 2.23e+03    -  6.86e-02 1.87e-05h 13
 839r-6.7585192e+03 2.06e-01 1.00e+03  -3.0 0.00e+00    -  0.00e+00 3.24e-07R 19
iter    objective    inf_pr   inf_du lg(mu)  ||d||  lg(rg) alpha_du alpha_pr  ls
 840r-6.7585187e+03 1.98e-01 6.94e+03  -3.0 2.24e+01    -  1.18e-01 1.43e-03f  1
 841 -6.7585185e+03 1.98e-01 1.02e+06  -6.0 6.58e+02    -  3.38e-02 2.06e-05h  1
 842 -6.7585167e+03 1.98e-01 2.57e+06  -6.0 6.48e+02    -  2.39e-05 6.00e-05h  8
 843 -6.7585148e+03 1.98e-01 2.60e+06  -6.0 6.35e+02    -  2.60e-02 5.98e-05h  8
 844 -6.7585132e+03 1.98e-01 2.58e+06  -6.0 6.10e+02    -  1.42e-04 4.08e-05h 10
 845 -6.7585116e+03 1.98e-01 2.59e+06  -6.0 6.10e+02    -  3.26e-02 4.10e-05h 10
 846 -6.7585085e+03 1.98e-01 2.58e+06  -6.0 5.72e+02    -  2.24e-04 6.62e-05h 10
 847 -6.7585054e+03 1.98e-01 2.60e+06  -6.0 5.71e+02    -  4.92e-02 6.68e-05h 10
 848 -6.7585022e+03 1.98e-01 2.58e+06  -6.0 5.40e+02    -  3.57e-04 6.17e-05h 11
 849 -6.7584989e+03 1.98e-01 2.59e+06  -6.0 5.42e+02    -  5.34e-02 6.16e-05h 11
iter    objective    inf_pr   inf_du lg(mu)  ||d||  lg(rg) alpha_du alpha_pr  ls
 850 -6.7584953e+03 1.98e-01 2.58e+06  -6.0 7.81e+02    -  4.79e-04 6.17e-05h 11
 851 -6.7584917e+03 1.98e-01 2.59e+06  -6.0 7.82e+02    -  4.10e-02 6.16e-05h 11
 852 -6.7546232e+03 2.03e-01 3.13e+06  -6.0 8.86e+02    -  6.04e-04 6.33e-02w  1
 853 -6.7545369e+03 2.02e-01 3.13e+06  -6.0 1.13e+03    -  8.04e-02 1.14e-03w  1
 854 -6.7479316e+03 7.13e-01 5.90e+07  -6.0 2.07e+03    -  7.25e-02 7.67e-02w  1
 855 -6.7584879e+03 1.98e-01 2.58e+06  -6.0 1.27e+03    -  6.04e-04 6.18e-05h 10
 856 -6.7584841e+03 1.98e-01 2.60e+06  -6.0 8.87e+02    -  8.37e-02 6.18e-05h 11
 857 -6.7584821e+03 1.98e-01 2.58e+06  -6.0 1.04e+03    -  7.20e-04 3.12e-05h 12
 858 -6.7584800e+03 1.98e-01 2.59e+06  -6.0 1.04e+03    -  5.25e-02 3.12e-05h 12
 859 -6.7584779e+03 1.98e-01 2.58e+06  -6.0 1.13e+03    -  7.85e-04 3.15e-05h 12
iter    objective    inf_pr   inf_du lg(mu)  ||d||  lg(rg) alpha_du alpha_pr  ls
 860 -6.7584758e+03 1.98e-01 2.59e+06  -6.0 1.13e+03    -  8.64e-02 3.15e-05h 12
 861 -6.7584734e+03 1.98e-01 2.58e+06  -6.0 1.25e+03    -  8.39e-04 3.24e-05h 12
 862 -6.7584711e+03 1.98e-01 2.59e+06  -6.0 1.25e+03    -  3.83e-02 3.24e-05h 12
 863 -6.7584687e+03 1.98e-01 2.58e+06  -6.0 1.31e+03    -  9.14e-04 3.32e-05h 12
 864 -6.7584663e+03 1.98e-01 2.59e+06  -6.0 1.32e+03    -  1.06e-01 3.32e-05h 12
 865 -6.7525002e+03 2.44e-01 2.92e+07  -6.0 1.76e+03    -  9.62e-04 7.39e-02w  1
 866 -6.7465551e+03 8.08e-01 3.61e+07  -6.0 1.37e+03    -  1.23e-01 7.30e-02w  1
 867 -6.7370307e+03 1.85e+00 3.35e+07  -6.0 1.34e+03    -  2.15e-01 1.12e-01w  1
 868 -6.7584648e+03 1.98e-01 2.58e+06  -6.0 2.42e+04    -  9.62e-04 1.80e-05h 12
 869 -6.7584634e+03 1.98e-01 2.59e+06  -6.0 1.78e+03    -  2.82e-02 1.81e-05h 13
iter    objective    inf_pr   inf_du lg(mu)  ||d||  lg(rg) alpha_du alpha_pr  ls
 870 -6.7584618e+03 1.98e-01 2.58e+06  -6.0 2.45e+03    -  1.02e-03 1.88e-05h 13
 871 -6.7584602e+03 1.98e-01 2.59e+06  -6.0 2.48e+03    -  6.22e-02 1.88e-05h 13
 872r-6.7584602e+03 1.98e-01 1.00e+03  -3.0 0.00e+00    -  0.00e+00 3.26e-07R 19
 873r-6.7584596e+03 1.90e-01 9.11e+03  -3.0 2.13e+01    -  1.60e-01 1.58e-03f  1
 874 -6.7584594e+03 1.90e-01 1.21e+06  -6.0 6.56e+02    -  3.40e-02 2.07e-05h  1
 875 -6.7584575e+03 1.90e-01 2.99e+06  -6.0 6.41e+02    -  2.44e-05 6.05e-05h  8
 876 -6.7584556e+03 1.90e-01 2.99e+06  -6.0 6.34e+02    -  4.20e-03 6.04e-05h  8
 877 -6.7584542e+03 1.90e-01 2.99e+06  -6.0 6.29e+02    -  1.45e-04 4.04e-05h  9
 878 -6.7584529e+03 1.90e-01 3.00e+06  -6.0 6.29e+02    -  2.74e-02 4.08e-05h  9
 879 -6.7584508e+03 1.90e-01 2.99e+06  -6.0 6.02e+02    -  2.24e-04 4.87e-05h 10
iter    objective    inf_pr   inf_du lg(mu)  ||d||  lg(rg) alpha_du alpha_pr  ls
 880 -6.7584488e+03 1.90e-01 2.99e+06  -6.0 6.01e+02    -  4.62e-03 4.91e-05h 10
 881 -6.7584464e+03 1.90e-01 2.99e+06  -6.0 5.96e+02    -  3.40e-04 5.72e-05h 10
 882 -6.7584439e+03 1.90e-01 3.00e+06  -6.0 5.95e+02    -  4.24e-02 5.78e-05h 10
 883 -6.7584416e+03 1.90e-01 2.99e+06  -6.0 5.41e+02    -  4.36e-04 4.73e-05h 11
 884 -6.7584392e+03 1.90e-01 2.99e+06  -6.0 5.40e+02    -  4.63e-03 4.77e-05h 11
 885 -6.7557364e+03 1.85e-01 2.92e+06  -6.0 5.33e+02    -  5.88e-04 5.35e-02w  1
 886 -6.7549109e+03 1.83e-01 2.89e+06  -6.0 6.19e+02    -  8.57e-02 1.15e-02w  1
 887 -6.7547169e+03 1.83e-01 2.88e+06  -6.0 1.13e+03    -  8.76e-02 2.51e-03w  1
 888 -6.7584365e+03 1.90e-01 2.99e+06  -6.0 2.04e+03    -  5.88e-04 5.22e-05h 10
 889 -6.7584339e+03 1.90e-01 3.00e+06  -6.0 5.32e+02    -  5.46e-02 5.28e-05h 11
iter    objective    inf_pr   inf_du lg(mu)  ||d||  lg(rg) alpha_du alpha_pr  ls
 890 -6.7584304e+03 1.90e-01 2.99e+06  -6.0 6.90e+02    -  6.33e-04 6.08e-05h 11
 891 -6.7584269e+03 1.90e-01 2.99e+06  -6.0 6.92e+02    -  4.77e-03 6.08e-05h 11
 892 -6.7584234e+03 1.90e-01 2.99e+06  -6.0 7.08e+02    -  8.73e-04 6.07e-05h 11
 893 -6.7584199e+03 1.90e-01 3.00e+06  -6.0 7.12e+02    -  4.60e-02 6.07e-05h 11
 894 -6.7584162e+03 1.90e-01 2.99e+06  -6.0 8.70e+02    -  8.78e-04 6.08e-05h 11
 895 -6.7584125e+03 1.90e-01 2.99e+06  -6.0 8.72e+02    -  5.24e-03 6.08e-05h 11
 896 -6.7584088e+03 1.90e-01 2.99e+06  -6.0 8.83e+02    -  1.19e-03 6.08e-05h 11
 897 -6.7584050e+03 1.90e-01 3.00e+06  -6.0 8.86e+02    -  8.45e-02 6.08e-05h 11
 898 -6.7542556e+03 1.99e-01 3.26e+06  -6.0 1.04e+03    -  1.11e-03 6.28e-02w  1
 899 -6.7540115e+03 1.98e-01 3.25e+06  -6.0 1.16e+03    -  7.41e-02 3.11e-03w  1
iter    objective    inf_pr   inf_du lg(mu)  ||d||  lg(rg) alpha_du alpha_pr  ls
 900 -6.7464933e+03 8.99e-01 6.17e+07  -6.0 1.72e+03    -  8.90e-02 8.75e-02w  1
 901 -6.7584030e+03 1.90e-01 2.99e+06  -6.0 2.79e+04    -  1.11e-03 3.07e-05h 11
 902 -6.7584010e+03 1.90e-01 2.99e+06  -6.0 1.04e+03    -  5.13e-03 3.07e-05h 12
 903 -6.7583989e+03 1.90e-01 2.99e+06  -6.0 1.05e+03    -  1.47e-03 3.07e-05h 12
 904 -6.7583969e+03 1.90e-01 3.00e+06  -6.0 1.05e+03    -  7.69e-02 3.07e-05h 12
 905 -6.7583947e+03 1.90e-01 2.99e+06  -6.0 1.17e+03    -  1.22e-03 3.13e-05h 12
 906 -6.7583925e+03 1.90e-01 2.99e+06  -6.0 1.18e+03    -  5.35e-03 3.13e-05h 12
 907 -6.7583904e+03 1.90e-01 2.99e+06  -6.0 1.18e+03    -  1.64e-03 3.14e-05h 12
 908 -6.7583882e+03 1.90e-01 3.00e+06  -6.0 1.19e+03    -  8.20e-02 3.14e-05h 12
 909 -6.7583858e+03 1.90e-01 2.99e+06  -6.0 1.31e+03    -  1.34e-03 3.26e-05h 12
iter    objective    inf_pr   inf_du lg(mu)  ||d||  lg(rg) alpha_du alpha_pr  ls
 910 -6.7583834e+03 1.90e-01 2.99e+06  -6.0 1.31e+03    -  5.46e-03 3.27e-05h 12
 911 -6.7534183e+03 2.10e-01 1.17e+07  -6.0 1.32e+03    -  1.83e-03 6.72e-02w  1
 912 -6.7510197e+03 2.10e-01 1.43e+07  -6.0 1.32e+03    -  1.14e-01 2.96e-02w  1
 913 -6.7418367e+03 1.44e+00 3.42e+07  -6.0 1.37e+03    -  2.10e-01 1.09e-01w  1
 914 -6.7583809e+03 1.90e-01 2.99e+06  -6.0 2.61e+04    -  1.83e-03 3.28e-05h 11
 915 -6.7583785e+03 1.90e-01 2.99e+06  -6.0 1.32e+03    -  4.82e-02 3.28e-05h 12
 916 -6.7583758e+03 1.90e-01 2.99e+06  -6.0 1.41e+03    -  1.48e-03 3.43e-05h 12
 917 -6.7583732e+03 1.90e-01 2.99e+06  -6.0 1.41e+03    -  6.21e-03 3.43e-05h 12
 918 -6.7583705e+03 1.90e-01 2.99e+06  -6.0 1.43e+03    -  1.97e-03 3.46e-05h 12
 919 -6.7583678e+03 1.90e-01 3.00e+06  -6.0 1.43e+03    -  1.09e-01 3.47e-05h 12
iter    objective    inf_pr   inf_du lg(mu)  ||d||  lg(rg) alpha_du alpha_pr  ls
 920r-6.7583678e+03 1.90e-01 1.00e+03  -3.0 0.00e+00    -  0.00e+00 3.13e-07R 19
 921r-6.7583671e+03 1.81e-01 1.08e+04  -3.0 2.20e+01    -  1.85e-01 1.72e-03f  1
 922 -6.7583669e+03 1.81e-01 1.30e+06  -6.0 6.54e+02    -  3.43e-02 2.08e-05h  1
 923 -6.7583649e+03 1.81e-01 3.42e+06  -6.0 6.32e+02    -  2.34e-05 6.15e-05h  8
 924 -6.7583628e+03 1.81e-01 3.45e+06  -6.0 6.31e+02    -  2.63e-02 6.14e-05h  8
 925 -6.7583611e+03 1.81e-01 3.43e+06  -6.0 6.05e+02    -  1.47e-04 4.19e-05h 10
 926 -6.7583594e+03 1.81e-01 3.44e+06  -6.0 6.05e+02    -  3.43e-02 4.21e-05h 10
 927 -6.7583577e+03 1.81e-01 3.43e+06  -6.0 5.63e+02    -  2.32e-04 3.45e-05h 11
 928 -6.7583561e+03 1.81e-01 3.45e+06  -6.0 5.63e+02    -  5.31e-02 3.47e-05h 11
 929 -6.7583528e+03 1.81e-01 3.43e+06  -6.0 5.74e+02    -  3.01e-04 5.99e-05h 11
iter    objective    inf_pr   inf_du lg(mu)  ||d||  lg(rg) alpha_du alpha_pr  ls
 930 -6.7583495e+03 1.81e-01 3.45e+06  -6.0 5.75e+02    -  5.70e-02 5.98e-05h 11
 931 -6.7583459e+03 1.81e-01 3.43e+06  -6.0 8.23e+02    -  4.22e-04 5.99e-05h 11
 932 -6.7583423e+03 1.81e-01 3.44e+06  -6.0 8.24e+02    -  4.12e-02 5.99e-05h 11
 933 -6.7544761e+03 1.87e-01 4.16e+06  -6.0 9.14e+02    -  5.45e-04 6.15e-02w  1
 934 -6.7543724e+03 1.87e-01 4.16e+06  -6.0 1.11e+03    -  8.62e-02 1.36e-03w  1
 935 -6.7473327e+03 7.36e-01 6.46e+07  -6.0 2.11e+03    -  7.16e-02 8.09e-02w  1
 936 -6.7583385e+03 1.81e-01 3.43e+06  -6.0 1.28e+03    -  5.45e-04 6.01e-05h 10
 937 -6.7583347e+03 1.81e-01 3.45e+06  -6.0 9.15e+02    -  8.49e-02 6.01e-05h 11
 938 -6.7583327e+03 1.81e-01 3.43e+06  -6.0 1.07e+03    -  6.64e-04 3.04e-05h 12
 939 -6.7583306e+03 1.81e-01 3.44e+06  -6.0 1.07e+03    -  5.31e-02 3.04e-05h 12
iter    objective    inf_pr   inf_du lg(mu)  ||d||  lg(rg) alpha_du alpha_pr  ls
 940 -6.7583285e+03 1.81e-01 3.43e+06  -6.0 1.15e+03    -  7.30e-04 3.08e-05h 12
 941 -6.7583264e+03 1.81e-01 3.44e+06  -6.0 1.15e+03    -  8.57e-02 3.08e-05h 12
 942 -6.7583240e+03 1.81e-01 3.43e+06  -6.0 1.28e+03    -  7.89e-04 3.19e-05h 12
 943 -6.7583217e+03 1.81e-01 3.44e+06  -6.0 1.28e+03    -  4.04e-02 3.19e-05h 12
 944 -6.7583192e+03 1.81e-01 3.43e+06  -6.0 1.35e+03    -  8.63e-04 3.29e-05h 12
 945 -6.7583168e+03 1.81e-01 3.45e+06  -6.0 1.35e+03    -  1.10e-01 3.29e-05h 12
 946 -6.7519519e+03 4.16e-01 3.74e+07  -6.0 2.29e+03    -  9.19e-04 7.52e-02w  1
 947 -6.7448549e+03 1.10e+00 4.33e+07  -6.0 1.37e+03    -  1.27e-01 8.73e-02w  1
 948 -6.7375574e+03 1.59e+00 4.00e+07  -6.0 1.34e+03    -  2.18e-01 8.49e-02w  1
 949 -6.7583152e+03 1.81e-01 3.43e+06  -6.0 2.51e+04    -  9.19e-04 1.84e-05h 12
iter    objective    inf_pr   inf_du lg(mu)  ||d||  lg(rg) alpha_du alpha_pr  ls
 950 -6.7583137e+03 1.81e-01 3.44e+06  -6.0 2.31e+03    -  2.85e-02 1.84e-05h 13
 951r-6.7583137e+03 1.81e-01 1.00e+03  -3.0 0.00e+00    -  0.00e+00 3.02e-07R 19
 952r-6.7583130e+03 1.74e-01 9.04e+03  -3.0 2.08e+01    -  1.55e-01 1.72e-03f  1
 953 -6.7583128e+03 1.74e-01 1.11e+06  -6.0 6.53e+02    -  3.44e-02 2.09e-05h  1
 954 -6.7583107e+03 1.74e-01 2.86e+06  -6.0 6.39e+02    -  2.42e-05 6.22e-05h  8
 955 -6.7583087e+03 1.74e-01 2.89e+06  -6.0 6.29e+02    -  2.62e-02 6.21e-05h  8
 956 -6.7583069e+03 1.74e-01 2.86e+06  -6.0 6.03e+02    -  1.47e-04 4.20e-05h 10
 957 -6.7583052e+03 1.74e-01 2.88e+06  -6.0 6.03e+02    -  3.43e-02 4.22e-05h 10
 958 -6.7583035e+03 1.74e-01 2.87e+06  -6.0 5.61e+02    -  2.31e-04 3.44e-05h 11
 959 -6.7583018e+03 1.74e-01 2.89e+06  -6.0 5.61e+02    -  5.29e-02 3.46e-05h 11
iter    objective    inf_pr   inf_du lg(mu)  ||d||  lg(rg) alpha_du alpha_pr  ls
 960 -6.7582985e+03 1.74e-01 2.87e+06  -6.0 5.75e+02    -  2.99e-04 5.92e-05h 11
 961 -6.7582953e+03 1.74e-01 2.89e+06  -6.0 5.76e+02    -  5.83e-02 5.92e-05h 11
 962 -6.7582917e+03 1.74e-01 2.87e+06  -6.0 8.30e+02    -  4.16e-04 5.93e-05h 11
 963 -6.7582880e+03 1.74e-01 2.88e+06  -6.0 8.31e+02    -  4.17e-02 5.93e-05h 11
 964 -6.7544318e+03 1.80e-01 3.63e+06  -6.0 9.21e+02    -  5.36e-04 6.09e-02w  1
 965 -6.7543234e+03 1.79e-01 3.63e+06  -6.0 1.10e+03    -  8.78e-02 1.42e-03w  1
 966 -6.7471750e+03 7.37e-01 6.61e+07  -6.0 2.12e+03    -  7.15e-02 8.19e-02w  1
 967 -6.7582843e+03 1.74e-01 2.87e+06  -6.0 1.28e+03    -  5.36e-04 5.95e-05h 10
 968 -6.7582805e+03 1.74e-01 2.89e+06  -6.0 9.22e+02    -  8.53e-02 5.94e-05h 11
 969 -6.7582785e+03 1.74e-01 2.87e+06  -6.0 1.07e+03    -  6.48e-04 3.01e-05h 12
iter    objective    inf_pr   inf_du lg(mu)  ||d||  lg(rg) alpha_du alpha_pr  ls
 970 -6.7582764e+03 1.74e-01 2.88e+06  -6.0 1.07e+03    -  5.40e-02 3.01e-05h 12
 971 -6.7582743e+03 1.74e-01 2.87e+06  -6.0 1.16e+03    -  7.09e-04 3.05e-05h 12
 972 -6.7582722e+03 1.74e-01 2.88e+06  -6.0 1.16e+03    -  8.56e-02 3.05e-05h 12
 973 -6.7582699e+03 1.73e-01 2.87e+06  -6.0 1.29e+03    -  7.62e-04 3.17e-05h 12
 974 -6.7582675e+03 1.73e-01 2.88e+06  -6.0 1.29e+03    -  4.12e-02 3.17e-05h 12
 975 -6.7582650e+03 1.73e-01 2.87e+06  -6.0 1.36e+03    -  8.33e-04 3.28e-05h 12
 976 -6.7582625e+03 1.73e-01 2.89e+06  -6.0 1.36e+03    -  1.11e-01 3.28e-05h 12
 977 -6.7517413e+03 5.00e-01 4.05e+07  -6.0 2.49e+03    -  8.82e-04 7.58e-02w  1
 978 -6.7443157e+03 1.19e+00 4.56e+07  -6.0 1.38e+03    -  1.29e-01 9.14e-02w  1
 979 -6.7383895e+03 1.48e+00 4.27e+07  -6.0 1.34e+03    -  2.19e-01 6.86e-02w  1
iter    objective    inf_pr   inf_du lg(mu)  ||d||  lg(rg) alpha_du alpha_pr  ls
 980r-6.7582625e+03 1.73e-01 1.00e+03  -3.0 0.00e+00    -  0.00e+00 2.89e-07R 18
 981r-6.7582620e+03 1.67e-01 7.00e+03  -3.0 2.17e+01    -  1.23e-01 1.58e-03f  1
 982 -6.7582617e+03 1.67e-01 1.08e+06  -6.0 6.52e+02    -  3.46e-02 2.10e-05h  1
 983 -6.7582595e+03 1.67e-01 2.83e+06  -6.0 6.28e+02    -  2.41e-05 6.29e-05h  8
 984 -6.7582574e+03 1.67e-01 2.83e+06  -6.0 6.28e+02    -  7.10e-03 6.29e-05h  8
 985 -6.7582556e+03 1.67e-01 2.83e+06  -6.0 6.21e+02    -  1.52e-04 5.01e-05h  9
 986 -6.7582537e+03 1.67e-01 2.84e+06  -6.0 6.20e+02    -  2.87e-02 5.05e-05h  9
 987 -6.7582513e+03 1.67e-01 2.83e+06  -6.0 5.90e+02    -  2.52e-04 5.56e-05h 10
 988 -6.7582488e+03 1.67e-01 2.83e+06  -6.0 5.89e+02    -  7.84e-03 5.61e-05h 10
 989 -6.7582458e+03 1.67e-01 2.83e+06  -6.0 5.79e+02    -  3.77e-04 6.45e-05h 10
iter    objective    inf_pr   inf_du lg(mu)  ||d||  lg(rg) alpha_du alpha_pr  ls
 990 -6.7582429e+03 1.67e-01 2.84e+06  -6.0 5.78e+02    -  4.64e-02 6.49e-05h 10
 991 -6.7582398e+03 1.67e-01 2.83e+06  -6.0 5.15e+02    -  4.96e-04 5.84e-05h 11
 992 -6.7582367e+03 1.67e-01 2.83e+06  -6.0 5.14e+02    -  7.49e-03 5.84e-05h 11
 993 -6.7550126e+03 1.65e-01 2.78e+06  -6.0 5.15e+02    -  6.57e-04 5.98e-02w  1
 994 -6.7549878e+03 1.65e-01 2.78e+06  -6.0 1.18e+03    -  6.11e-02 3.56e-04w  1
 995 -6.7504903e+03 3.73e-01 3.37e+07  -6.0 1.84e+03    -  5.70e-02 5.61e-02w  1
 996 -6.7582335e+03 1.67e-01 2.83e+06  -6.0 1.25e+03    -  6.57e-04 5.84e-05h 10
 997 -6.7582304e+03 1.67e-01 2.84e+06  -6.0 5.17e+02    -  5.97e-02 5.83e-05h 11
 998 -6.7582268e+03 1.67e-01 2.83e+06  -6.0 7.86e+02    -  7.33e-04 5.84e-05h 11
 999 -6.7582233e+03 1.67e-01 2.83e+06  -6.0 7.88e+02    -  7.59e-03 5.84e-05h 11
iter    objective    inf_pr   inf_du lg(mu)  ||d||  lg(rg) alpha_du alpha_pr  ls
1000 -6.7582198e+03 1.67e-01 2.83e+06  -6.0 8.10e+02    -  9.39e-04 5.84e-05h 11

Number of Iterations....: 1000

                                   (scaled)                 (unscaled)
Objective...............:  -6.7582197572058458e+03   -6.7582197572058458e+03
Dual infeasibility......:   2.8308991155611626e+06    2.8308991155611626e+06
Constraint violation....:   1.0829610307712123e-03    1.6698553499976754e-01
Complementarity.........:   8.1819061552767325e+03    8.1819061552767325e+03
Overall NLP error.......:   4.3223063162634004e+05    2.8308991155611626e+06


Number of objective function evaluations             = 8702
Number of objective gradient evaluations             = 897
Number of equality constraint evaluations            = 8705
Number of inequality constraint evaluations          = 8706
Number of equality constraint Jacobian evaluations   = 1037
Number of inequality constraint Jacobian evaluations = 1037
Number of Lagrangian Hessian evaluations             = 1000
Total CPU secs in IPOPT (w/o function evaluations)   =   1155.569
Total CPU secs in NLP function evaluations           =    131.832

EXIT: Maximum Number of Iterations Exceeded.
