
List of user-set options:

                                    Name   Value                used
                           compl_inf_tol = 1                     yes
                         constr_viol_tol = 1                     yes
                            dual_inf_tol = 1000                  yes
                           linear_solver = ma97                  yes
                              ma86_small = 1e-30                  no
                                  ma86_u = 0.0001                 no
                              ma97_order = best                  yes
                              ma97_small = 1e-30                 yes
                            ma97_switch1 = at_start              yes
                            ma97_switch2 = od_hd_reuse           yes
                                  ma97_u = 1e-06                 yes
                               ma97_umax = 0.5                   yes
                                max_iter = 1000                  yes
                    max_refinement_steps = 20                    yes
                    min_refinement_steps = 5                     yes
                                 mu_init = 1e-06                 yes
           mu_superlinear_decrease_power = 1.25                  yes
                   nlp_scaling_min_value = 1e-08                 yes
                        option_file_name = Preset_Case:_6_pf.opt  yes
                             output_file = ./tmp/Preset_Case:_6_pf.output  yes
                      print_user_options = yes                   yes
        required_infeasibility_reduction = 1                      no
                                     tol = 1e-08                 yes
                   warm_start_bound_frac = 1e-20                 yes
                   warm_start_bound_push = 1e-20                 yes
                   warm_start_init_point = yes                   yes
              warm_start_mult_bound_push = 1e-20                 yes
                warm_start_mult_init_max = 1e+40                 yes
             warm_start_slack_bound_frac = 1e-20                 yes
             warm_start_slack_bound_push = 1e-20                 yes

******************************************************************************
This program contains Ipopt, a library for large-scale nonlinear optimization.
 Ipopt is released as open source code under the Eclipse Public License (EPL).
         For more information visit http://projects.coin-or.org/Ipopt
******************************************************************************

This is Ipopt version 3.12.10, running with linear solver ma97.

Number of nonzeros in equality constraint Jacobian...:   117285
Number of nonzeros in inequality constraint Jacobian.:      213
Number of nonzeros in Lagrangian Hessian.............:    47506

Total number of variables............................:    30050
                     variables with only lower bounds:    11392
                variables with lower and upper bounds:    15128
                     variables with only upper bounds:        0
Total number of equality constraints.................:    29944
Total number of inequality constraints...............:       25
        inequality constraints with only lower bounds:        4
   inequality constraints with lower and upper bounds:        0
        inequality constraints with only upper bounds:       21

iter    objective    inf_pr   inf_du lg(mu)  ||d||  lg(rg) alpha_du alpha_pr  ls
   0 -1.4177203e+01 2.07e-01 1.01e+02  -6.0 0.00e+00    -  0.00e+00 0.00e+00   0
In iteration 0, 1 Slack too small, adjusting variable bound
   1 -1.4177203e+01 2.07e-01 1.11e+03  -6.0 1.39e+10    -  1.11e-13 9.95e-18h  1
   2 -1.4177208e+01 2.07e-01 1.10e+03  -6.0 2.31e+02    -  7.83e-03 1.41e-05f  1
   3 -1.4175714e+01 2.07e-01 1.03e+03  -6.0 7.28e+01    -  1.14e-01 1.18e-03h  1
   4 -1.4153340e+01 2.03e-01 1.01e+03  -6.0 7.40e+01    -  1.31e-02 1.96e-02h  2
   5 -1.4132858e+01 1.99e-01 9.07e+02  -6.0 6.88e+01    -  1.62e-01 1.98e-02h  1
   6 -1.4053077e+01 1.93e-01 8.83e+02  -6.0 1.24e+02    -  2.32e-02 2.87e-02h  3
   7 -1.3992738e+01 1.88e-01 8.01e+02  -6.0 1.30e+02    -  1.44e-01 2.29e-02h  1
   8 -1.3953932e+01 1.86e-01 7.93e+02  -6.0 1.47e+02    -  4.76e-02 1.45e-02h  4
   9 -1.3916268e+01 1.83e-01 9.47e+02  -6.0 1.57e+02    -  1.68e-01 1.39e-02h  4
iter    objective    inf_pr   inf_du lg(mu)  ||d||  lg(rg) alpha_du alpha_pr  ls
  10 -1.3895370e+01 1.82e-01 1.00e+03  -6.0 1.80e+02    -  2.05e-01 7.33e-03h  5
  11 -1.3878899e+01 1.81e-01 1.03e+03  -6.0 2.06e+02    -  2.43e-01 5.43e-03h  5
  12 -1.3851783e+01 1.79e-01 1.11e+03  -6.0 2.37e+02    -  1.95e-01 8.47e-03h  3
  13 -1.3824399e+01 1.78e-01 1.19e+03  -6.0 2.60e+02    -  2.92e-01 8.55e-03h  2
  14 -1.3816268e+01 1.77e-01 1.68e+03  -6.0 3.16e+02    -  1.68e-01 3.00e-03h  4
  15 -1.3810015e+01 1.77e-01 3.00e+03  -6.0 3.60e+02    -  2.45e-01 2.64e-03h  7
  16 -1.3807429e+01 1.77e-01 4.15e+03  -6.0 4.29e+02    -  2.34e-01 1.30e-03h  9
  17 -1.3804980e+01 1.76e-01 4.76e+03  -6.0 4.96e+02    -  2.48e-01 1.44e-03h  9
  18 -1.3181618e+01 1.92e+01 9.81e+04  -6.0 5.66e+02    -  2.93e-01 4.42e-01w  1
  19 -1.3088619e+01 1.78e+01 1.32e+05  -6.0 6.55e+01  -2.0 6.46e-02 7.28e-02w  1
iter    objective    inf_pr   inf_du lg(mu)  ||d||  lg(rg) alpha_du alpha_pr  ls
  20 -1.2957752e+01 1.65e+01 1.47e+05  -6.0 6.93e+01  -2.5 3.98e-01 8.79e-02w  1
  21 -1.3802545e+01 1.76e-01 4.35e+03  -6.0 1.70e+02  -3.0 2.93e-01 1.73e-03h  8
  22 -1.3800589e+01 1.76e-01 2.29e+03  -6.0 6.46e+02    -  3.22e-01 1.97e-03h  9
  23 -1.3800584e+01 1.75e-01 1.19e+03  -6.0 7.34e+02    -  2.24e-01 2.62e-03h  8
  24 -1.3840997e+01 1.75e-01 1.19e+03  -6.0 2.71e+03    -  2.05e-02 1.84e-03f  4
  25 -1.3836966e+01 1.75e-01 1.19e+03  -6.0 1.24e+02  -3.4 2.11e-01 1.58e-03h  8
  26 -1.3833474e+01 1.74e-01 1.19e+03  -6.0 2.22e+02  -3.9 3.26e-01 1.05e-03h  8
  27 -1.3821547e+01 1.74e-01 1.19e+03  -6.0 4.18e+02  -4.4 2.05e-01 2.49e-03h  6
  28 -1.3818849e+01 1.74e-01 1.19e+03  -6.0 6.26e+02  -4.9 2.35e-01 4.20e-04h  8
  29 -1.3817376e+01 1.74e-01 1.19e+03  -6.0 4.59e+02  -4.4 2.74e-01 2.92e-04h  9
iter    objective    inf_pr   inf_du lg(mu)  ||d||  lg(rg) alpha_du alpha_pr  ls
  30 -1.3816694e+01 1.74e-01 1.19e+03  -6.0 7.07e+02  -4.9 2.46e-02 1.08e-04h 10
  31 -1.3487930e+01 4.13e-01 3.75e+03  -6.0 5.10e+02  -4.5 1.94e-01 6.76e-02w  1
  32 -1.3481963e+01 4.12e-01 7.54e+04  -6.0 2.27e+02  -4.1 3.09e-01 2.41e-03w  1
  33 -1.3085005e+01 1.16e+01 5.34e+04  -6.0 5.31e+02  -4.5 6.59e-02 1.95e-01w  1
  34 -1.3816373e+01 1.74e-01 1.19e+03  -6.0 6.94e+01  -2.3 1.94e-01 6.60e-05h 10
  35 -1.3816278e+01 1.74e-01 1.19e+03  -6.0 8.33e+01  -2.8 1.77e-02 4.60e-05h 12
  36 -1.3813400e+01 1.74e-01 1.19e+03  -6.0 1.26e+02  -3.3 2.13e-01 1.12e-03h  6
  37 -1.3810150e+01 1.73e-01 1.19e+03  -6.0 2.37e+02  -3.7 4.91e-02 9.66e-04h  8
  38 -1.3799667e+01 1.73e-01 1.19e+03  -6.0 4.29e+02  -4.2 1.32e-01 2.37e-03h  6
  39 -1.3789356e+01 1.73e-01 1.19e+03  -6.0 7.27e+02  -4.7 4.56e-03 2.01e-03h  6
iter    objective    inf_pr   inf_du lg(mu)  ||d||  lg(rg) alpha_du alpha_pr  ls
  40 -1.3778895e+01 1.72e-01 2.42e+03  -6.0 4.68e+02  -4.3 2.38e-01 2.35e-03h  6
  41 -1.3773161e+01 1.72e-01 2.57e+03  -6.0 8.11e+02  -4.7 8.66e-03 1.56e-03h  7
  42 -1.4019582e+01 4.34e-01 3.92e+03  -6.0 1.24e+03  -5.2 5.62e-02 8.83e-02f  1
  43 -1.3966320e+01 4.26e-01 3.85e+03  -6.0 2.02e+02  -3.9 6.39e-02 1.76e-02h  4
  44 -1.3917649e+01 4.18e-01 3.78e+03  -6.0 1.12e+02  -3.5 3.65e-02 2.04e-02h  3
  45 -1.3907737e+01 4.16e-01 3.76e+03  -6.0 2.17e+02  -3.9 2.39e-01 3.05e-03h  6
  46 -1.3905142e+01 4.16e-01 3.76e+03  -6.0 4.41e+02  -4.4 7.67e-02 9.06e-04h  7
  47 -1.3928052e+01 4.34e-01 3.71e+03  -6.0 7.53e+02  -4.9 2.75e-02 1.26e-02h  2
  48 -1.3919398e+01 4.52e-01 3.68e+03  -6.0 4.81e+02  -4.5 9.09e-02 8.16e-03h  3
  49 -1.3917796e+01 4.52e-01 3.68e+03  -6.0 2.69e+02  -4.0 2.71e-02 6.44e-04h  8
iter    objective    inf_pr   inf_du lg(mu)  ||d||  lg(rg) alpha_du alpha_pr  ls
  50 -1.3917731e+01 4.52e-01 3.68e+03  -6.0 5.04e+02  -4.5 5.30e-02 4.80e-04h  6
  51 -1.3917702e+01 4.52e-01 3.68e+03  -6.0 3.01e+02  -4.1 3.49e-02 1.16e-05h 14
  52 -1.3917681e+01 4.52e-01 3.68e+03  -6.0 5.53e+02  -4.6 1.29e-01 3.66e-05h 10
  53 -1.3293495e+01 5.18e+00 9.64e+04  -6.0 3.43e+02  -4.1 2.58e-02 2.46e-01w  1
  54 -1.3174418e+01 5.04e+00 9.44e+04  -6.0 1.75e+02  -3.7 3.60e-01 2.70e-02w  1
  55 -1.3174386e+01 5.04e+00 9.44e+04  -6.0 4.15e+02  -4.2 1.99e-02 1.05e-05w  1
  56 -1.3852247e+01 4.93e-01 4.34e+03  -6.0 2.53e+02  -3.8 2.58e-02 2.58e-02s 19
  57 -1.3748660e+01 7.63e-01 6.83e+03  -6.0 3.79e+02  -4.2 4.53e-02 4.53e-02s 19
  58r-1.3748660e+01 7.63e-01 9.99e+02  -0.4 0.00e+00  -3.8 0.00e+00 0.00e+00R  1
  59r-1.3737128e+01 7.60e-01 4.86e+03  -0.4 1.14e+04    -  9.32e-06 6.09e-06f  1
iter    objective    inf_pr   inf_du lg(mu)  ||d||  lg(rg) alpha_du alpha_pr  ls
  60r-1.3720720e+01 7.46e-01 4.57e+03  -0.4 4.34e+03    -  1.58e-05 3.11e-05f  1
  61r-1.3690192e+01 7.12e-01 4.91e+03  -0.4 2.38e+03    -  1.01e-04 7.71e-05f  1
  62r-1.3655215e+01 6.12e-01 4.37e+03  -0.4 1.45e+03    -  1.88e-04 2.52e-04f  1
  63r-1.3572360e+01 4.16e-01 1.13e+04  -0.4 9.18e+02    -  1.95e-03 6.35e-04f  1
  64r-1.3274386e+01 3.39e-01 1.04e+04  -0.4 5.13e+02    -  2.04e-03 2.42e-03f  1
  65r-1.1432742e+01 3.47e-01 1.21e+04  -0.4 5.12e+02    -  6.63e-03 5.35e-03f  1
  66r-9.5083026e+00 3.80e-01 1.25e+04  -0.4 7.80e+02    -  2.73e-03 2.12e-03f  1
  67r-9.2203473e+00 4.42e-01 1.79e+04  -0.4 4.02e+02    -  1.27e-02 4.24e-03f  1
  68r-8.7888231e+00 5.83e-01 2.11e+04  -0.4 3.68e+02    -  2.23e-02 1.22e-02f  1
  69r-8.4761237e+00 1.01e+00 1.92e+04  -0.4 3.41e+02    -  3.67e-02 4.84e-02f  1
iter    objective    inf_pr   inf_du lg(mu)  ||d||  lg(rg) alpha_du alpha_pr  ls
  70r-6.8730115e+00 1.79e+00 1.15e+04  -0.4 5.09e-01   2.0 5.35e-02 1.18e-01f  1
  71r-5.9393111e+00 1.84e+00 1.21e+04  -0.4 2.70e+00   1.5 3.93e-02 1.22e-02f  1
  72r-4.0727044e+00 1.92e+00 1.18e+04  -0.4 2.72e+00   1.9 1.58e-02 1.79e-02f  1
  73r-3.1554695e+00 3.36e+00 8.36e+03  -0.4 1.72e-01   2.4 3.49e-01 3.30e-01f  1
  74r-1.3518019e+00 4.44e+00 7.12e+03  -0.4 2.96e-01   1.9 1.59e-01 4.51e-01f  1
  75r-1.9075393e+00 5.59e+00 1.65e+03  -0.4 1.18e-02   4.1 1.00e+00 9.03e-01f  1
  76r-1.9766799e+00 5.72e+00 1.58e+02  -0.4 3.52e-02   3.7 1.00e+00 1.00e+00f  1
  77r-1.4060185e+00 3.35e+00 8.72e+02  -1.8 5.13e-02   3.2 4.71e-01 4.26e-01f  1
  78r-1.2720094e+00 2.52e+00 8.05e+03  -1.8 5.85e-03   4.5 4.27e-01 2.66e-01f  1
  79r-1.0574596e+00 1.78e+00 3.98e+03  -1.8 1.70e-02   4.0 2.45e-01 3.10e-01f  1
iter    objective    inf_pr   inf_du lg(mu)  ||d||  lg(rg) alpha_du alpha_pr  ls
  80r-6.8080493e-01 1.05e+00 9.87e+03  -1.8 4.12e-02   3.6 2.48e-01 4.43e-01f  1
  81r-4.2784404e-01 7.53e-01 2.48e+03  -1.8 7.85e-02   3.1 4.42e-01 3.30e-01f  1
  82r-2.3841753e-01 5.67e-01 5.60e+03  -1.8 7.87e-02   2.6 3.78e-01 3.08e-01f  1
  83r-2.8137999e-02 2.91e-01 4.89e+03  -1.8 2.45e-02   3.0 5.86e-01 6.64e-01f  1
  84r 5.9530161e-02 2.43e-01 7.24e+03  -1.8 3.79e-02   2.5 6.48e-01 3.43e-01f  1
  85r 1.7303675e-01 2.20e-01 7.50e+03  -1.8 8.68e-02   2.1 4.12e-01 2.51e-01f  1
  86r 2.4014645e-01 2.12e-01 1.00e+04  -1.8 2.00e-01   1.6 3.03e-01 1.03e-01f  1
  87r 3.0261478e-01 2.01e-01 1.02e+04  -1.8 7.19e-02   2.0 6.47e-01 1.77e-01f  1
  88r 3.3910372e-01 1.97e-01 1.36e+04  -1.8 1.73e-01   1.5 4.60e-01 7.75e-02f  1
  89r 4.5340733e-01 1.68e-01 5.48e+03  -1.8 6.83e-02   2.0 5.95e-01 5.95e-01f  1
iter    objective    inf_pr   inf_du lg(mu)  ||d||  lg(rg) alpha_du alpha_pr  ls
  90r 5.1524901e-01 1.54e-01 1.73e+03  -1.8 2.62e-02   2.4 7.23e-01 6.97e-01f  1
  91  5.1053088e-01 1.54e-01 8.28e+02  -6.0 9.01e+03    -  2.87e-02 2.31e-03h  3
  92  4.9686382e-01 1.52e-01 7.82e+02  -6.0 8.49e+03    -  6.43e-02 6.65e-03h  1
  93  4.1411353e-01 4.49e+00 7.14e+02  -6.0 1.23e+04    -  9.39e-02 3.80e-02f  1
  94  3.9071581e-01 4.86e+00 2.33e+03  -6.0 1.21e+04    -  3.25e-02 1.17e-02h  1
  95  3.9070746e-01 4.86e+00 1.34e+04  -6.0 1.13e+04    -  8.91e-03 1.05e-05h  1
  96  3.7228100e-01 5.04e+00 5.33e+04  -6.0 1.13e+04    -  1.42e-02 2.33e-02f  1
  97  3.7239486e-01 5.07e+00 2.50e+04  -6.0 7.85e+03    -  1.40e-02 2.26e-03h  5
  98  3.7259834e-01 5.10e+00 2.48e+04  -6.0 7.87e+03    -  2.11e-03 1.90e-03h  4
  99  3.7291596e-01 5.13e+00 3.51e+04  -6.0 7.85e+03    -  4.00e-02 2.16e-03h  4
iter    objective    inf_pr   inf_du lg(mu)  ||d||  lg(rg) alpha_du alpha_pr  ls
 100  3.7321199e-01 5.14e+00 2.66e+04  -6.0 8.01e+03    -  6.40e-03 1.43e-03h  6
 101  3.7353484e-01 5.15e+00 2.65e+04  -6.0 8.01e+03    -  6.09e-02 1.37e-03h  6
 102  3.7396219e-01 5.16e+00 2.65e+04  -6.0 8.14e+03    -  5.34e-03 1.24e-03h  6
 103  3.7439110e-01 5.17e+00 2.65e+04  -6.0 8.14e+03    -  8.41e-02 1.20e-03h  6
 104  3.7492482e-01 5.18e+00 2.64e+04  -6.0 8.12e+03    -  8.54e-03 1.05e-03h  6
 105  3.7545551e-01 5.19e+00 2.64e+04  -6.0 8.09e+03    -  9.30e-02 1.00e-03h  6
 106  3.7603489e-01 5.19e+00 2.63e+04  -6.0 9.18e+03    -  1.10e-02 8.17e-04h  6
 107  3.9407576e-01 1.46e+01 1.51e+04  -6.0 9.25e+03    -  4.89e-02 2.45e-02w  1
 108  3.9409350e-01 1.46e+01 2.28e+04  -6.0 1.61e+03  -4.3 2.21e-02 1.50e-05w  1
 109  4.1873169e-01 1.41e+01 7.18e+04  -6.0 1.77e+03  -4.8 1.02e-01 3.21e-02w  1
iter    objective    inf_pr   inf_du lg(mu)  ||d||  lg(rg) alpha_du alpha_pr  ls
 110  3.7659867e-01 5.20e+00 2.63e+04  -6.0 1.34e+03  -0.7 4.89e-02 7.67e-04h  5
 111  3.7328468e-01 5.20e+00 2.60e+04  -6.0 3.57e+02  -1.2 6.16e-04 6.04e-04h  1
 112  3.7408759e-01 5.20e+00 2.52e+04  -6.0 4.03e+02  -1.7 3.45e-04 1.36e-03h  1
 113  3.7578432e-01 5.23e+00 2.02e+04  -6.0 4.04e+02  -2.2 1.14e-02 2.78e-03h  4
 114  3.8077092e-01 5.28e+00 2.12e+04  -6.0 4.87e+02  -2.6 4.38e-03 3.03e-03h  4
 115  3.8738423e-01 5.36e+00 2.17e+04  -6.0 5.49e+02  -3.1 1.39e-02 3.67e-03h  4
 116  3.9024404e-01 5.37e+00 2.17e+04  -6.0 6.36e+02  -3.6 1.30e-01 1.48e-03h  5
 117  3.9051957e-01 5.37e+00 2.17e+04  -6.0 8.41e+02  -4.1 2.48e-02 1.54e-04h  7
 118  3.9057289e-01 5.37e+00 2.17e+04  -6.0 1.79e+03  -4.6 8.61e-02 4.98e-05h  8
 119  3.7983507e-01 5.36e+00 2.16e+04  -6.0 7.89e+03  -5.0 3.27e-02 3.75e-03h  1
iter    objective    inf_pr   inf_du lg(mu)  ||d||  lg(rg) alpha_du alpha_pr  ls
 120r 3.7983507e-01 5.36e+00 1.00e+03   0.5 0.00e+00  -5.5 0.00e+00 3.30e-09R  7
 121r 3.5684060e-01 5.35e+00 8.14e+05   0.5 1.28e+05    -  5.96e-05 6.35e-06f  1
 122r 3.5684060e-01 5.35e+00 9.99e+02   0.5 0.00e+00    -  0.00e+00 1.98e-07R  2
 123r 3.5682259e-01 5.35e+00 2.34e+03   0.5 3.76e+03    -  1.45e-04 1.46e-08f  1
 124  3.5686652e-01 5.35e+00 4.25e+05  -6.0 1.92e+03    -  8.29e-03 1.96e-05h  1
 125  3.5830805e-01 5.35e+00 1.56e+07  -6.0 2.47e+03    -  2.13e-05 7.77e-04h  1
 126  3.6544370e-01 5.33e+00 1.55e+07  -6.0 2.49e+03    -  1.16e-02 3.88e-03h  1
 127  3.6858238e-01 5.33e+00 1.55e+07  -6.0 2.60e+03    -  5.02e-03 1.91e-03h  1
 128  3.7232558e-01 5.31e+00 1.54e+07  -6.0 2.61e+03    -  1.76e-02 2.57e-03h  1
 129  3.8730241e-01 5.28e+00 1.53e+07  -6.0 2.61e+03    -  1.46e-02 1.04e-02h  1
iter    objective    inf_pr   inf_du lg(mu)  ||d||  lg(rg) alpha_du alpha_pr  ls
 130  3.8987698e-01 5.27e+00 1.52e+07  -6.0 2.69e+03    -  5.90e-02 1.54e-03h  4
 131  3.9045794e-01 5.27e+00 1.52e+07  -6.0 2.71e+03    -  3.12e-02 3.10e-04h  8
 132  3.9064268e-01 5.27e+00 1.52e+07  -6.0 2.77e+03    -  7.88e-02 9.99e-05h 10
 133r 3.9064268e-01 5.27e+00 1.00e+03   0.5 0.00e+00    -  0.00e+00 3.73e-07R 19
 134r 3.9016713e-01 5.27e+00 3.28e+03   0.5 3.84e+03    -  2.28e-04 3.25e-07f  1
 135r 3.9016713e-01 5.27e+00 9.99e+02   0.5 0.00e+00    -  0.00e+00 2.80e-07R  4
 136r 3.9015889e-01 5.27e+00 1.46e+04   0.5 3.60e+03    -  6.02e-06 6.70e-09f  1
 137  3.9018092e-01 5.27e+00 1.34e+06  -6.0 2.31e+03    -  2.71e-02 1.07e-05h  1
 138  3.9069856e-01 5.27e+00 3.43e+07  -6.0 2.76e+03    -  1.27e-05 3.24e-04h  6
 139  3.9071477e-01 5.27e+00 3.43e+07  -6.0 2.76e+03    -  5.78e-02 1.01e-05h 11
iter    objective    inf_pr   inf_du lg(mu)  ||d||  lg(rg) alpha_du alpha_pr  ls
 140  3.9135592e-01 5.26e+00 3.43e+07  -6.0 2.74e+03    -  3.49e-04 3.49e-04s 18
 141  4.6070092e-01 5.31e+00 3.30e+07  -6.0 2.74e+03    -  3.76e-02 3.76e-02s 18
 142  5.1292859e-01 5.32e+00 3.22e+07  -6.0 3.31e+03    -  2.40e-02 2.40e-02s 18
 143  5.3510970e-01 5.28e+00 3.16e+07  -6.0 3.45e+03    -  1.84e-02 1.84e-02s 18
 144  5.2984687e-01 5.27e+00 3.16e+07  -6.0 2.14e+03    -  7.22e-04 7.22e-04s 18
 145  5.3549384e-01 5.26e+00 3.15e+07  -6.0 4.18e+03    -  2.26e-03 2.26e-03s 18
 146  5.9240927e-01 5.24e+00 3.08e+07  -6.0 4.20e+03    -  2.25e-02 2.25e-02s 18
 147r 5.9240927e-01 5.24e+00 1.00e+03   0.5 0.00e+00    -  0.00e+00 0.00e+00R  1
 148r 5.9191435e-01 5.24e+00 2.01e+04   0.5 4.01e+03    -  1.17e-05 2.58e-07f  1
 149r 5.5705212e-01 5.17e+00 2.01e+04   0.5 4.00e+03    -  2.29e-04 2.00e-05f  1
iter    objective    inf_pr   inf_du lg(mu)  ||d||  lg(rg) alpha_du alpha_pr  ls
 150r 2.6144322e-01 3.99e+00 2.34e+04   0.5 3.83e+03    -  2.94e-03 4.07e-04f  1
 151  2.6133972e-01 3.99e+00 1.11e+06  -6.0 9.19e+02    -  2.36e-02 3.87e-05h  1
 152  2.5991396e-01 3.98e+00 4.37e+07  -6.0 2.67e+03    -  4.07e-05 1.60e-03h  1
 153  2.5985523e-01 3.98e+00 4.37e+07  -6.0 3.23e+03    -  8.95e-03 4.07e-05h  1
 154  2.5813445e-01 3.98e+00 4.36e+07  -6.0 3.27e+03    -  2.06e-03 1.39e-03h  1
 155  2.5383783e-01 3.97e+00 4.35e+07  -6.0 3.44e+03    -  9.60e-03 3.68e-03h  1
 156  2.4341995e-01 3.95e+00 4.30e+07  -6.0 3.72e+03    -  5.10e-03 1.01e-02h  1
 157  2.1835228e-01 3.92e+00 4.23e+07  -6.0 4.15e+03    -  2.98e-02 1.77e-02h  1
 158  1.6735419e-01 3.86e+00 4.17e+07  -6.0 3.57e+03    -  2.47e-02 1.41e-02h  1
 159  1.1729271e-01 3.82e+00 4.14e+07  -6.0 1.78e+03    -  2.21e-02 7.27e-03h  1
iter    objective    inf_pr   inf_du lg(mu)  ||d||  lg(rg) alpha_du alpha_pr  ls
 160  1.1512918e-01 3.82e+00 4.13e+07  -6.0 3.97e+03    -  6.59e-04 4.11e-04h  1
 161  2.7387817e-02 3.74e+00 4.08e+07  -6.0 3.28e+03    -  4.46e-05 1.33e-02f  1
 162r 2.7387817e-02 3.74e+00 1.00e+03   0.4 0.00e+00    -  0.00e+00 8.50e-09R  2
 163r 2.7163337e-02 3.74e+00 1.00e+03   0.4 4.33e+06    -  5.39e-08 2.88e-08f  2
 164  2.7106200e-02 3.74e+00 1.01e+02  -6.0 2.39e+03    -  3.56e-06 7.23e-06h  1
 165  2.6900960e-02 3.74e+00 6.11e+02  -6.0 2.26e+03    -  4.29e-03 2.28e-05f  1
 166 -4.7707463e-03 3.72e+00 6.50e+02  -6.0 2.58e+03    -  1.23e-04 3.94e-03h  1
 167 -3.4994285e-02 3.71e+00 7.56e+02  -6.0 2.71e+03    -  5.02e-03 3.44e-03h  1
 168 -3.8751231e-02 3.70e+00 3.14e+03  -6.0 6.43e+03    -  8.44e-03 1.23e-03h  1
 169 -4.1319389e-02 3.70e+00 6.00e+03  -6.0 8.02e+03    -  7.16e-03 1.47e-03h  1
iter    objective    inf_pr   inf_du lg(mu)  ||d||  lg(rg) alpha_du alpha_pr  ls
 170 -4.1297975e-02 3.70e+00 1.48e+04  -6.0 9.16e+03    -  1.50e-02 4.43e-05h  1
 171 -4.7107276e-02 3.72e+00 3.41e+04  -6.0 9.31e+03    -  2.11e-02 1.69e-02h  1
 172 -4.2397012e-02 3.71e+00 3.42e+04  -6.0 6.79e+03    -  2.31e-04 7.12e-04h  4
 173 -4.1610028e-02 3.71e+00 3.42e+04  -6.0 9.07e+03    -  1.62e-02 2.57e-04h  6
 174 -4.1502857e-02 3.71e+00 3.42e+04  -6.0 9.20e+03    -  3.72e-04 3.56e-05h  9
 175r-4.1502857e-02 3.71e+00 1.00e+03   0.4 0.00e+00    -  0.00e+00 2.76e-07R 16
 176r-4.1668273e-02 3.71e+00 6.22e+03   0.4 4.12e+03    -  9.39e-04 1.55e-07f  1
 177r-4.1668273e-02 3.71e+00 9.99e+02   0.4 0.00e+00    -  0.00e+00 3.81e-07R  3
 178r-4.1675553e-02 3.71e+00 6.33e+04   0.4 4.65e+03    -  8.50e-04 8.50e-09f  1
 179r-4.1675553e-02 3.71e+00 9.99e+02   0.4 0.00e+00    -  0.00e+00 4.82e-07R  3
iter    objective    inf_pr   inf_du lg(mu)  ||d||  lg(rg) alpha_du alpha_pr  ls
 180r-4.1682342e-02 3.71e+00 3.96e+04   0.4 4.66e+03    -  8.42e-04 7.78e-09f  1
 181r-4.1682342e-02 3.71e+00 9.99e+02   0.4 0.00e+00    -  0.00e+00 2.88e-07R  4
 182r-4.1689175e-02 3.71e+00 3.27e+04   0.4 4.66e+03    -  8.40e-04 7.78e-09f  1
 183r-4.1689175e-02 3.71e+00 9.99e+02   0.4 0.00e+00    -  0.00e+00 3.35e-07R  4
 184r-4.1696039e-02 3.71e+00 2.86e+04   0.4 4.66e+03    -  8.38e-04 7.78e-09f  1
 185r-4.1696039e-02 3.71e+00 9.99e+02   0.4 0.00e+00    -  0.00e+00 3.82e-07R  4
 186r-4.1702924e-02 3.71e+00 2.59e+04   0.4 4.66e+03    -  8.37e-04 7.78e-09f  1
 187r-4.1702924e-02 3.71e+00 9.99e+02   0.4 0.00e+00    -  0.00e+00 4.28e-07R  4
 188r-4.1709826e-02 3.71e+00 2.39e+04   0.4 4.66e+03    -  8.36e-04 7.78e-09f  1
 189r-4.1709826e-02 3.71e+00 9.99e+02   0.4 0.00e+00    -  0.00e+00 4.75e-07R  4
iter    objective    inf_pr   inf_du lg(mu)  ||d||  lg(rg) alpha_du alpha_pr  ls
 190r-4.1716741e-02 3.71e+00 2.23e+04   0.4 4.66e+03    -  8.36e-04 7.78e-09f  1
 191r-4.1716741e-02 3.71e+00 9.99e+02   0.4 0.00e+00    -  0.00e+00 2.61e-07R  5
 192r-4.1723668e-02 3.71e+00 2.11e+04   0.4 4.66e+03    -  8.35e-04 7.78e-09f  1
 193r-4.1723668e-02 3.71e+00 9.99e+02   0.4 0.00e+00    -  0.00e+00 2.84e-07R  5
 194r-4.1730605e-02 3.71e+00 2.00e+04   0.4 4.66e+03    -  8.35e-04 7.78e-09f  1
 195r-4.1730605e-02 3.71e+00 9.99e+02   0.4 0.00e+00    -  0.00e+00 7.69e-08R  7
 196r-4.1737551e-02 3.71e+00 1.91e+04   0.4 4.66e+03    -  8.34e-04 7.78e-09f  1
 197r-4.1737551e-02 3.71e+00 9.99e+02   0.4 0.00e+00    -  0.00e+00 4.13e-08R  8
 198r-4.1744504e-02 3.71e+00 1.83e+04   0.4 4.66e+03    -  8.34e-04 7.78e-09f  1
 199 -4.1744968e-02 3.71e+00 2.71e+05  -6.0 1.97e+03    -  5.58e-03 2.83e-06h  2
iter    objective    inf_pr   inf_du lg(mu)  ||d||  lg(rg) alpha_du alpha_pr  ls
 200 -4.1512590e-02 3.71e+00 2.79e+06  -6.0 8.04e+03    -  4.86e-06 5.00e-05h  5
 201 -4.1399393e-02 3.71e+00 2.80e+06  -6.0 8.06e+03    -  9.78e-04 2.44e-05h  6
 202r-4.1399393e-02 3.71e+00 9.99e+02   0.4 0.00e+00    -  0.00e+00 3.58e-07R 13
 203r-4.1411729e-02 3.71e+00 2.50e+04   0.4 4.80e+03    -  1.35e-03 1.41e-08f  2
 204r-4.1411729e-02 3.71e+00 9.99e+02   0.4 0.00e+00    -  0.00e+00 4.44e-07R  4
 205r-4.1415217e-02 3.71e+00 1.89e+04   0.4 4.67e+03    -  8.67e-04 3.90e-09f  2
 206r-4.1415217e-02 3.71e+00 9.99e+02   0.4 0.00e+00    -  0.00e+00 4.67e-07R  4
 207r-4.2029994e-02 3.71e+00 1.85e+04   0.4 4.67e+03    -  8.67e-04 6.87e-07f  1
 208 -4.2102813e-02 3.71e+00 3.25e+05  -6.0 8.97e+02    -  3.83e-03 3.41e-05h  1
 209 -4.2106832e-02 3.71e+00 5.89e+03  -6.0 1.23e+03    -  3.51e-05 9.46e-07h  2
iter    objective    inf_pr   inf_du lg(mu)  ||d||  lg(rg) alpha_du alpha_pr  ls
 210 -4.2108848e-02 3.71e+00 4.96e+04  -6.0 1.23e+03    -  1.58e-02 4.77e-07h  2
 211 -4.2044931e-02 3.71e+00 2.43e+04  -6.0 7.90e+03    -  3.66e-05 1.54e-05h  1
 212 -4.1666022e-02 3.71e+00 3.61e+04  -6.0 8.16e+03    -  6.23e-03 8.59e-05h  3
 213 -4.1398833e-02 3.71e+00 2.96e+04  -6.0 8.25e+03    -  1.39e-04 6.33e-05h  5
 214 -3.6954609e-02 3.71e+00 2.96e+04  -6.0 8.28e+03    -  1.06e-03 1.06e-03s 13
 215r-3.6954609e-02 3.71e+00 9.99e+02   0.4 0.00e+00    -  0.00e+00 0.00e+00R  1
 216r-3.7146399e-02 3.71e+00 1.02e+04   0.4 5.29e+03    -  1.45e-03 2.07e-07f  1
 217r-6.2831169e-01 7.77e+00 2.23e+04   0.4 4.31e+03    -  4.23e-04 1.48e-03f  1
 218r-8.5218531e-01 7.85e+00 4.12e+04   0.4 2.92e+03    -  1.95e-03 1.63e-03f  1
 219r-8.8167001e-01 7.81e+00 4.31e+04   0.4 1.55e+03    -  1.07e-02 4.84e-03f  1
iter    objective    inf_pr   inf_du lg(mu)  ||d||  lg(rg) alpha_du alpha_pr  ls
 220r-6.9031323e-03 7.71e+00 4.07e+04   0.4 3.76e+02    -  8.82e-03 1.18e-02f  1
 221r 1.8351582e+00 7.50e+00 5.17e+04   0.4 3.28e+02    -  4.02e-02 2.31e-02f  1
 222r 1.6546909e+00 7.41e+00 1.03e+05   0.4 1.38e+00   2.0 4.15e-02 3.63e-02f  1
 223r 1.1515222e+00 1.26e+01 3.42e+05   0.4 7.35e-01   2.4 3.06e-01 1.04e-01f  1
 224r 3.9610862e-01 2.40e+01 5.86e+05   0.4 2.64e-01   2.9 7.69e-01 3.84e-01f  1
 225  3.5450287e-01 2.35e+01 1.05e+02  -6.0 4.04e+02    -  2.52e-04 2.10e-02h  1
 226  3.2679846e-01 2.32e+01 1.35e+02  -6.0 3.84e+02    -  1.31e-02 1.23e-02h  1
 227  2.9097470e-01 2.28e+01 2.04e+02  -6.0 3.78e+02    -  1.21e-02 1.61e-02h  1
 228  2.8704763e-01 2.28e+01 2.04e+02  -6.0 3.82e+02    -  7.37e-02 1.56e-03h  1
 229  1.8000432e-01 2.24e+01 2.21e+02  -6.0 5.69e+02    -  1.16e-02 1.80e-02h  1
iter    objective    inf_pr   inf_du lg(mu)  ||d||  lg(rg) alpha_du alpha_pr  ls
 230  1.7215233e-01 2.24e+01 1.02e+03  -6.0 6.77e+02    -  7.47e-02 1.31e-03h  1
 231 -9.6165358e-03 2.16e+01 1.20e+03  -6.0 7.56e+02    -  4.81e-02 3.19e-02h  1
 232 -1.6922673e-01 2.12e+01 2.44e+03  -6.0 6.80e+02    -  1.25e-01 2.22e-02h  1
 233 -1.8566041e-01 2.11e+01 2.70e+03  -6.0 1.13e+03    -  3.92e-02 3.08e-03h  1
 234 -3.8251274e-01 2.03e+01 4.04e+03  -6.0 1.13e+03    -  1.07e-01 3.57e-02h  1
 235 -4.3101948e-01 2.02e+01 4.89e+03  -6.0 1.11e+03    -  5.05e-02 6.48e-03h  1
 236 -6.5330424e-01 1.96e+01 6.13e+03  -6.0 1.12e+03    -  9.66e-02 2.68e-02h  1
 237 -6.9170911e-01 1.96e+01 7.41e+03  -6.0 1.25e+03    -  5.14e-02 5.26e-03h  1
 238 -7.2767388e-01 1.95e+01 8.82e+03  -6.0 1.36e+03    -  4.93e-02 5.97e-03h  1
 239 -7.2805326e-01 1.95e+01 1.12e+04  -6.0 1.46e+03    -  6.64e-02 6.58e-05h  1
iter    objective    inf_pr   inf_du lg(mu)  ||d||  lg(rg) alpha_du alpha_pr  ls
 240 -1.0502959e+00 1.89e+01 3.71e+04  -6.0 1.50e+03    -  9.09e-02 5.68e-02f  1
 241 -1.1976438e+00 1.86e+01 6.32e+04  -6.0 1.66e+03    -  6.61e-04 2.20e-02h  1
 242 -1.2144088e+00 1.85e+01 6.30e+04  -6.0 1.46e+03    -  7.00e-03 4.18e-03h  1
 243 -1.3248163e+00 1.81e+01 6.16e+04  -6.0 1.43e+03    -  3.77e-03 2.50e-02h  1
 244 -1.3278932e+00 1.81e+01 6.16e+04  -6.0 2.10e+03    -  1.77e-02 6.57e-04h  1
 245 -1.4201236e+00 1.79e+01 6.04e+04  -6.0 2.06e+03    -  4.99e-03 1.76e-02h  1
 246 -1.4929538e+00 1.77e+01 5.93e+04  -6.0 2.53e+03    -  3.30e-02 1.33e-02h  1
 247r-1.4929538e+00 1.77e+01 1.00e+03   0.2 0.00e+00    -  0.00e+00 2.09e-08R  2
 248r-1.4920520e+00 1.77e+01 1.60e+03   0.2 7.23e+04    -  8.95e-08 2.41e-06f  1
 249 -1.4921200e+00 1.77e+01 3.25e+02  -6.0 8.82e+02    -  4.32e-03 1.33e-05h  1
iter    objective    inf_pr   inf_du lg(mu)  ||d||  lg(rg) alpha_du alpha_pr  ls
 250 -1.4972758e+00 1.78e+01 9.52e+02  -6.0 9.44e+02    -  8.19e-03 9.34e-04h  1
 251 -1.5101140e+00 1.79e+01 9.25e+02  -6.0 1.26e+03    -  2.33e-03 2.55e-03h  1
 252 -1.5184685e+00 1.80e+01 3.16e+03  -6.0 1.58e+03    -  1.99e-02 1.72e-03h  1
 253 -1.5269068e+00 1.80e+01 5.37e+03  -6.0 2.58e+03    -  1.03e-02 1.96e-03h  1
 254 -1.5320788e+00 1.81e+01 6.49e+03  -6.0 3.91e+03    -  3.71e-03 1.29e-03h  1
 255 -1.5485944e+00 1.83e+01 1.71e+04  -6.0 4.42e+03    -  2.40e-02 4.14e-03h  1
 256 -1.5487592e+00 1.83e+01 2.46e+04  -6.0 9.95e+03    -  4.38e-03 5.33e-05h  1
 257 -1.5519621e+00 1.84e+01 2.32e+04  -6.0 4.80e+03    -  2.93e-08 9.41e-04h  1
 258r-1.5519621e+00 1.84e+01 1.00e+03   0.2 0.00e+00    -  0.00e+00 5.15e-09R  2
 259r-1.5519215e+00 1.84e+01 4.35e+03   0.2 2.69e+03    -  1.36e-05 2.61e-07f  1
iter    objective    inf_pr   inf_du lg(mu)  ||d||  lg(rg) alpha_du alpha_pr  ls
 260 -1.5519287e+00 1.84e+01 2.50e+04  -6.0 1.50e+03    -  7.62e-04 1.67e-06h  2
 261 -1.5536562e+00 1.84e+01 2.74e+06  -6.0 1.83e+03    -  3.87e-06 4.23e-04h  1
 262 -1.5554785e+00 1.84e+01 2.74e+06  -6.0 2.17e+03    -  8.97e-03 4.31e-04h  1
 263 -1.5632802e+00 1.86e+01 2.73e+06  -6.0 4.80e+03    -  9.00e-04 2.19e-03h  1
 264r-1.5632802e+00 1.86e+01 1.00e+03   0.2 0.00e+00    -  0.00e+00 8.10e-10R  2
 265r-1.5632796e+00 1.86e+01 3.36e+03   0.2 1.07e+06    -  2.69e-08 7.38e-11f  1
 266r-1.5632796e+00 1.86e+01 9.99e+02   0.2 0.00e+00    -  0.00e+00 4.73e-07R  3
 267r-1.5632766e+00 1.86e+01 1.71e+03   0.2 1.65e+03    -  2.00e-03 1.93e-08f  1
 268 -1.5632781e+00 1.86e+01 6.20e+05  -6.0 1.83e+03    -  1.60e-02 1.18e-06h  3
 269 -1.5626914e+00 1.86e+01 5.53e+07  -6.0 4.79e+03    -  2.73e-06 2.44e-04h  1
iter    objective    inf_pr   inf_du lg(mu)  ||d||  lg(rg) alpha_du alpha_pr  ls
 270 -1.5630491e+00 1.86e+01 5.53e+07  -6.0 7.06e+03    -  1.80e-03 2.60e-05h  1
 271 -1.5869901e+00 1.91e+01 5.51e+07  -6.0 6.83e+03    -  1.86e-06 4.58e-03f  1
 272 -1.6060574e+00 1.94e+01 5.48e+07  -6.0 5.02e+03    -  5.64e-03 5.68e-03h  1
 273 -1.6085940e+00 1.95e+01 5.47e+07  -6.0 6.73e+03    -  1.06e-02 9.34e-04h  1
 274 -1.6086465e+00 1.95e+01 5.47e+07  -6.0 7.40e+03    -  3.56e-03 1.41e-05h  1
 275 -1.6170405e+00 1.96e+01 5.46e+07  -6.0 7.09e+03    -  2.46e-08 2.28e-03f  1
 276 -1.6191791e+00 1.96e+01 5.46e+07  -6.0 7.06e+03    -  3.25e-03 3.86e-04h  1
 277 -1.6599963e+00 1.97e+01 5.42e+07  -6.0 7.08e+03    -  3.28e-09 7.49e-03f  1
 278 -1.6721286e+00 1.98e+01 5.40e+07  -6.0 7.11e+03    -  1.73e-03 3.45e-03h  1
 279 -1.6721534e+00 1.98e+01 5.40e+07  -6.0 8.88e+03    -  1.18e-03 5.13e-06h  1
iter    objective    inf_pr   inf_du lg(mu)  ||d||  lg(rg) alpha_du alpha_pr  ls
 280 -1.7532032e+00 1.99e+01 5.33e+07  -6.0 8.77e+03    -  2.83e-09 1.23e-02f  1
 281 -1.8679227e+00 1.99e+01 5.29e+07  -6.0 8.18e+03    -  3.31e-03 8.05e-03h  1
 282 -1.8678587e+00 1.99e+01 5.29e+07  -6.0 5.23e+04  -4.2 2.11e-02 2.45e-05h  5
 283 -1.8864084e+00 1.99e+01 5.24e+07  -6.0 9.03e+03    -  2.01e-02 1.00e-02h  1
 284 -1.8839599e+00 1.99e+01 5.23e+07  -6.0 1.06e+04    -  4.08e-02 1.09e-03h  4
 285 -1.8817857e+00 1.99e+01 5.22e+07  -6.0 1.09e+04    -  1.03e-04 9.61e-04h  4
 286 -1.8911919e+00 1.99e+01 5.22e+07  -6.0 1.04e+04  -3.8 7.25e-09 1.03e-03f  1
 287 -1.9092460e+00 1.99e+01 5.21e+07  -6.0 7.92e+03  -3.3 7.62e-03 2.73e-03f  1
 288 -1.9092516e+00 1.99e+01 5.21e+07  -6.0 6.66e+03  -2.9 1.71e-03 1.27e-06h  2
 289 -1.9119767e+00 1.99e+01 5.20e+07  -6.0 1.22e+04  -3.4 4.82e-08 1.14e-04h  1
iter    objective    inf_pr   inf_du lg(mu)  ||d||  lg(rg) alpha_du alpha_pr  ls
 290 -1.9117014e+00 1.99e+01 5.20e+07  -6.0 1.07e+04    -  5.46e-02 1.01e-04h  1
 291 -1.9088821e+00 1.99e+01 5.20e+07  -6.0 1.04e+04    -  3.87e-04 1.02e-03h  6
 292 -1.9034775e+00 1.98e+01 5.19e+07  -6.0 1.04e+04    -  2.28e-02 1.94e-03h  5
 293 -1.8995610e+00 1.98e+01 5.18e+07  -6.0 1.02e+04    -  3.55e-03 1.37e-03h  3
 294 -1.8949460e+00 1.98e+01 5.17e+07  -6.0 1.01e+04    -  1.23e-02 1.60e-03h  5
 295 -1.8907130e+00 1.98e+01 5.17e+07  -6.0 1.00e+04    -  1.00e-02 1.45e-03h  5
 296 -1.8868240e+00 1.98e+01 5.16e+07  -6.0 9.97e+03    -  5.25e-02 1.33e-03h  5
 297 -1.8866039e+00 1.98e+01 5.16e+07  -6.0 9.68e+03    -  1.05e-02 7.57e-05h  9
 298r-1.8866039e+00 1.98e+01 1.00e+03   0.2 0.00e+00    -  0.00e+00 2.95e-07R 17
 299r-1.8864548e+00 1.97e+01 3.24e+03   0.2 1.44e+03    -  2.64e-05 9.11e-07f  1
iter    objective    inf_pr   inf_du lg(mu)  ||d||  lg(rg) alpha_du alpha_pr  ls
 300r-1.8803034e+00 1.97e+01 3.23e+03   0.2 1.41e+03    -  2.83e-03 4.01e-05f  1
 301r-1.4421525e+00 1.76e+01 3.23e+03   0.2 5.59e+02    -  6.07e-04 3.55e-03f  1
 302 -1.4425172e+00 1.76e+01 1.01e+02  -6.0 2.21e+02    -  5.93e-06 2.02e-04h  1
 303 -1.4433238e+00 1.76e+01 1.01e+02  -6.0 9.45e+02    -  1.96e-03 2.29e-04h  1
 304 -1.4432713e+00 1.76e+01 1.20e+02  -6.0 1.15e+03    -  4.89e-04 1.70e-04h  1
 305 -1.4433695e+00 1.76e+01 1.17e+03  -6.0 1.36e+03    -  1.23e-02 1.36e-04h  1
 306 -1.4424471e+00 1.76e+01 1.17e+03  -6.0 1.64e+03    -  7.96e-04 6.42e-04h  1
 307 -1.4344955e+00 1.77e+01 1.12e+03  -6.0 2.40e+03    -  6.42e-04 1.62e-03h  1
 308 -1.4203533e+00 1.77e+01 4.62e+03  -6.0 2.54e+03    -  1.06e-02 2.19e-03h  1
 309 -1.4005918e+00 1.78e+01 4.87e+03  -6.0 3.14e+03    -  3.39e-03 3.35e-03h  2
iter    objective    inf_pr   inf_du lg(mu)  ||d||  lg(rg) alpha_du alpha_pr  ls
 310 -1.3883324e+00 1.78e+01 6.07e+03  -6.0 3.67e+03    -  6.51e-04 2.17e-03h  1
 311 -1.3834157e+00 1.78e+01 6.27e+03  -6.0 3.94e+03    -  4.59e-03 9.00e-04h  1
 312 -1.3695085e+00 1.78e+01 4.15e+04  -6.0 4.14e+03    -  5.23e-02 2.60e-03h  1
 313 -1.3565724e+00 1.78e+01 5.10e+04  -6.0 5.40e+03    -  1.21e-02 2.58e-03h  1
 314r-1.3565724e+00 1.78e+01 1.00e+03  -0.6 0.00e+00    -  0.00e+00 1.23e-07R  2
 315r-1.3565073e+00 1.78e+01 5.55e+03  -0.6 1.41e+03    -  2.05e-03 2.43e-06f  1
 316r-1.3565073e+00 1.78e+01 9.99e+02  -0.6 0.00e+00    -  0.00e+00 4.38e-07R  3
 317r-1.3565042e+00 1.78e+01 1.63e+03  -0.6 1.20e+03    -  4.68e-04 1.09e-07f  1
 318r-1.3565042e+00 1.78e+01 9.99e+02  -0.6 0.00e+00    -  0.00e+00 2.73e-07R  5
 319r-1.3565013e+00 1.78e+01 1.64e+03  -0.6 1.20e+03    -  4.71e-04 1.01e-07f  1
iter    objective    inf_pr   inf_du lg(mu)  ||d||  lg(rg) alpha_du alpha_pr  ls
 320r-1.3565013e+00 1.78e+01 9.99e+02  -0.6 0.00e+00    -  0.00e+00 4.18e-07R  5
 321r-1.3564985e+00 1.78e+01 1.65e+03  -0.6 1.20e+03    -  4.74e-04 9.65e-08f  1
 322r-1.3564985e+00 1.78e+01 9.99e+02  -0.6 0.00e+00    -  0.00e+00 2.79e-07R  6
 323r-1.3564959e+00 1.78e+01 1.66e+03  -0.6 1.20e+03    -  4.77e-04 9.29e-08f  1
 324 -1.3564998e+00 1.78e+01 6.97e+05  -6.0 9.25e+02    -  1.48e-02 1.11e-05h  1
 325 -1.3526616e+00 1.78e+01 3.16e+07  -6.0 4.44e+03    -  1.30e-05 5.89e-04h  1
 326 -1.3501116e+00 1.79e+01 3.16e+07  -6.0 4.07e+03    -  1.60e-03 8.77e-04h  1
 327 -1.3496720e+00 1.79e+01 3.16e+07  -6.0 4.71e+03    -  2.38e-03 8.89e-05h  1
 328 -1.3452899e+00 1.79e+01 3.16e+07  -6.0 5.07e+03    -  4.54e-03 8.56e-04h  1
 329 -1.3248873e+00 1.80e+01 3.14e+07  -6.0 4.75e+03    -  2.91e-06 3.26e-03h  1
iter    objective    inf_pr   inf_du lg(mu)  ||d||  lg(rg) alpha_du alpha_pr  ls
 330 -1.3235575e+00 1.81e+01 3.14e+07  -6.0 8.36e+03    -  4.50e-04 4.53e-04h  1
 331 -1.3236622e+00 1.81e+01 3.14e+07  -6.0 1.15e+04    -  2.39e-04 2.03e-04h  1
 332 -1.3244419e+00 1.81e+01 3.14e+07  -6.0 1.25e+04    -  9.62e-06 8.40e-04f  1
 333 -1.3244553e+00 1.81e+01 3.14e+07  -6.0 1.35e+04    -  5.08e-03 2.35e-05h  1
 334 -1.3248005e+00 1.82e+01 3.14e+07  -6.0 1.36e+04    -  7.37e-04 5.67e-04f  2
 335 -1.3250524e+00 1.82e+01 3.14e+07  -6.0 1.34e+04    -  8.28e-04 5.07e-04h  1
 336 -1.3256195e+00 1.82e+01 3.13e+07  -6.0 1.36e+04    -  4.11e-09 8.80e-04f  2
 337 -1.3260893e+00 1.83e+01 3.13e+07  -6.0 1.33e+04    -  4.10e-03 9.01e-04h  1
 338r-1.3260893e+00 1.83e+01 1.00e+03  -0.6 0.00e+00    -  0.00e+00 1.06e-09R  2
 339r-1.3260444e+00 1.83e+01 1.34e+03  -0.6 9.00e+03    -  7.60e-06 8.81e-07f  1
iter    objective    inf_pr   inf_du lg(mu)  ||d||  lg(rg) alpha_du alpha_pr  ls
 340r-1.3260444e+00 1.83e+01 9.99e+02  -0.6 0.00e+00    -  0.00e+00 1.76e-07R  2
 341r-1.3260421e+00 1.83e+01 1.14e+04  -0.6 1.15e+03    -  2.00e-03 9.00e-08f  1
 342r-1.3260421e+00 1.83e+01 9.99e+02  -0.6 0.00e+00    -  0.00e+00 3.01e-07R  4
 343r-1.3260399e+00 1.83e+01 1.14e+04  -0.6 1.15e+03    -  2.00e-03 9.00e-08f  1
 344 -1.3260442e+00 1.83e+01 5.32e+05  -6.0 1.02e+03    -  1.09e-02 2.25e-06h  2
 345 -1.3260064e+00 1.83e+01 1.73e+06  -6.0 1.43e+04    -  4.27e-06 1.39e-05h  1
 346 -1.3259902e+00 1.83e+01 1.74e+06  -6.0 1.47e+04    -  2.13e-03 5.35e-04h  1
 347 -1.3264834e+00 1.83e+01 1.74e+06  -6.0 1.41e+04    -  5.58e-04 6.46e-04h  3
 348 -1.3267819e+00 1.84e+01 1.74e+06  -6.0 1.40e+04    -  2.22e-03 7.61e-04h  3
 349 -1.3269073e+00 1.84e+01 1.73e+06  -6.0 1.36e+04    -  4.26e-03 5.17e-04h  1
iter    objective    inf_pr   inf_du lg(mu)  ||d||  lg(rg) alpha_du alpha_pr  ls
 350 -1.3270225e+00 1.84e+01 1.73e+06  -6.0 1.34e+04    -  4.30e-03 7.20e-04h  4
 351 -1.3270374e+00 1.84e+01 1.73e+06  -6.0 1.31e+04    -  7.53e-03 3.86e-04h  3
 352 -1.3270260e+00 1.84e+01 1.73e+06  -6.0 1.29e+04    -  1.07e-02 3.25e-04h  5
 353 -1.3269890e+00 1.84e+01 1.73e+06  -6.0 1.28e+04    -  5.87e-03 3.17e-04h  5
 354 -1.3269322e+00 1.84e+01 1.73e+06  -6.0 1.26e+04    -  1.32e-02 3.11e-04h  5
 355 -1.3268438e+00 1.84e+01 1.73e+06  -6.0 1.26e+04    -  6.65e-03 3.26e-04h  5
 356 -1.3267274e+00 1.84e+01 1.73e+06  -6.0 1.27e+04    -  1.38e-02 3.64e-04h  5
 357 -1.3266242e+00 1.84e+01 1.73e+06  -6.0 1.28e+04    -  8.04e-03 2.83e-04h  6
 358 -1.3264640e+00 1.84e+01 1.73e+06  -6.0 1.29e+04    -  2.22e-02 4.18e-04h  6
 359 -1.3262704e+00 1.84e+01 1.73e+06  -6.0 1.27e+04    -  7.86e-03 4.58e-04h  7
iter    objective    inf_pr   inf_du lg(mu)  ||d||  lg(rg) alpha_du alpha_pr  ls
 360 -1.3100477e+00 1.83e+01 1.66e+06  -6.0 1.27e+04    -  2.90e-02 3.67e-02w  1
 361 -1.3022990e+00 1.82e+01 1.64e+06  -6.0 1.28e+04    -  5.49e-02 1.29e-02w  1
 362 -1.3022985e+00 1.82e+01 1.64e+06  -6.0 1.47e+04    -  1.99e-02 6.99e-06w  1
 363 -1.3261436e+00 1.84e+01 1.73e+06  -6.0 1.65e+04    -  2.90e-02 2.87e-04h  7
 364 -1.3259914e+00 1.84e+01 1.73e+06  -6.0 1.26e+04    -  8.52e-03 3.35e-04h  8
 365 -1.3258415e+00 1.84e+01 1.73e+06  -6.0 1.28e+04    -  3.54e-02 3.29e-04h  8
 366 -1.3257194e+00 1.84e+01 1.73e+06  -6.0 1.29e+04    -  9.11e-03 2.92e-04h  8
 367 -1.3256035e+00 1.84e+01 1.73e+06  -6.0 1.30e+04    -  5.47e-02 2.85e-04h  8
 368 -1.3254562e+00 1.84e+01 1.72e+06  -6.0 1.25e+04    -  9.16e-03 4.53e-04h  7
 369 -1.3253124e+00 1.84e+01 1.72e+06  -6.0 1.25e+04    -  5.46e-02 4.45e-04h  7
iter    objective    inf_pr   inf_du lg(mu)  ||d||  lg(rg) alpha_du alpha_pr  ls
 370 -1.3251860e+00 1.84e+01 1.72e+06  -6.0 1.19e+04    -  1.04e-02 3.53e-04h  4
 371 -1.3250963e+00 1.84e+01 1.72e+06  -6.0 1.22e+04    -  4.90e-03 2.25e-04h  7
 372 -1.3249187e+00 1.84e+01 1.72e+06  -6.0 1.24e+04    -  5.95e-02 4.24e-04h  6
 373 -1.3187155e+00 1.83e+01 1.71e+06  -6.0 1.39e+04    -  1.37e-02 7.89e-03w  1
 374 -1.3187154e+00 1.83e+01 1.71e+06  -6.0 2.21e+04    -  8.16e-03 4.18e-08w  1
 375 -1.2768332e+00 1.80e+01 1.68e+06  -6.0 2.21e+04    -  1.66e-02 1.86e-02w  1
 376 -1.3247248e+00 1.84e+01 1.72e+06  -6.0 2.15e+04    -  1.37e-02 2.47e-04h  5
 377 -1.3245230e+00 1.84e+01 1.80e+06  -6.0 1.43e+04    -  4.56e-02 2.18e-04h  6
 378 -1.3239642e+00 1.84e+01 1.86e+06  -6.0 1.54e+04    -  1.31e-02 3.38e-04h  5
 379 -1.3233667e+00 1.84e+01 1.96e+06  -6.0 1.57e+04    -  2.17e-02 3.00e-04h  5
iter    objective    inf_pr   inf_du lg(mu)  ||d||  lg(rg) alpha_du alpha_pr  ls
 380 -1.3226352e+00 1.84e+01 2.05e+06  -6.0 1.61e+04    -  2.11e-02 2.60e-04h  5
 381 -1.3216804e+00 1.84e+01 2.12e+06  -6.0 1.65e+04    -  1.49e-02 2.30e-04h  5
 382 -1.3204472e+00 1.84e+01 2.30e+06  -6.0 1.68e+04    -  3.88e-02 2.10e-04h  5
 383 -1.3136511e+00 1.84e+01 2.33e+06  -6.0 1.83e+04    -  7.14e-03 2.24e-04h  5
 384 -1.2937179e+00 1.84e+01 2.33e+06  -6.0 1.97e+04    -  5.40e-06 2.37e-04h  5
 385 -1.2745057e+00 1.84e+01 2.36e+06  -6.0 1.97e+04    -  4.73e-03 2.17e-04h  5
 386  8.2577744e+01 1.83e+01 2.34e+06  -6.0 2.52e+04    -  1.40e-05 3.32e-03w  1
 387  8.2585234e+01 1.83e+01 2.35e+06  -6.0 2.78e+04    -  3.08e-03 2.70e-07w  1
 388  3.5348734e+02 6.24e+01 2.32e+06  -6.0 2.83e+04    -  8.28e-03 9.57e-03w  1
 389  3.5685669e-02 1.84e+01 2.36e+06  -6.0 3.51e+04    -  1.40e-05 5.19e-05h  6
iter    objective    inf_pr   inf_du lg(mu)  ||d||  lg(rg) alpha_du alpha_pr  ls
 390  3.5803522e-01 1.84e+01 2.36e+06  -6.0 2.53e+04    -  7.05e-05 1.27e-05h  9
 391  1.4530088e+01 1.84e+01 2.36e+06  -6.0 2.53e+04    -  5.60e-04 5.60e-04s 14
 392  3.3481421e+01 1.84e+01 2.35e+06  -6.0 2.58e+04    -  7.33e-04 7.33e-04s 14
 393r 3.3481421e+01 1.84e+01 1.00e+03  -0.7 0.00e+00    -  0.00e+00 0.00e+00R  1
 394r 3.3481627e+01 1.83e+01 3.16e+04  -0.7 6.11e+03    -  2.66e-03 7.52e-06f  1
 395r 3.3584234e+01 1.73e+01 9.73e+05  -0.7 5.13e+03    -  8.35e-02 3.51e-03f  1
 396r 3.4264575e+01 1.35e+01 1.01e+06  -0.7 4.45e+02    -  2.76e-02 2.85e-02f  1
 397r 3.5642126e+01 1.05e+01 1.52e+06  -0.7 1.50e+02    -  7.50e-02 6.25e-02f  1
 398r 3.8388242e+01 6.51e+00 4.68e+06  -0.7 6.83e+01    -  1.13e-01 1.53e-01f  1
 399r 3.9068695e+01 5.83e+00 4.74e+06  -0.7 6.64e+01    -  1.71e-01 5.82e-02f  1
iter    objective    inf_pr   inf_du lg(mu)  ||d||  lg(rg) alpha_du alpha_pr  ls
 400r 4.3269254e+01 3.25e+00 8.15e+05  -0.7 7.59e+01    -  2.75e-01 3.42e-01f  1
 401r 4.2850209e+01 2.87e+00 6.76e+06  -0.7 2.77e-02   2.0 1.80e-01 8.89e-01f  1
 402r 4.3224608e+01 2.96e+00 9.20e+05  -0.7 1.25e-02   2.4 6.42e-01 7.71e-01f  1
 403r 4.3376404e+01 2.96e+00 3.96e+04  -0.7 2.81e-02   1.9 8.24e-01 1.00e+00f  1
 404r 4.3879150e+01 2.94e+00 5.94e+04  -0.7 1.39e+00   1.5 5.07e-01 1.00e+00f  1
 405r 4.5127209e+01 2.90e+00 4.26e+03  -0.7 2.44e-01   1.0 4.52e-01 1.00e+00f  1
 406r 4.7582114e+01 2.81e+00 1.14e+04  -0.7 7.37e-01   0.5 3.80e-01 1.00e+00f  1
 407r 5.1137317e+01 2.69e+00 1.21e+04  -0.7 8.71e-01   0.0 5.55e-01 1.00e+00f  1
 408r 5.4635326e+01 2.56e+00 7.96e+03  -0.7 1.87e+00  -0.4 6.33e-01 1.00e+00f  1
 409r 5.6519127e+01 2.50e+00 8.58e+02  -0.7 4.06e+00  -0.9 1.00e+00 1.00e+00f  1
iter    objective    inf_pr   inf_du lg(mu)  ||d||  lg(rg) alpha_du alpha_pr  ls
 410r 5.6929437e+01 2.49e+00 4.39e+01  -0.7 2.47e+00  -0.5 1.00e+00 1.00e+00f  1
 411r 5.5885571e+01 1.55e+00 2.98e+04  -2.0 9.45e-01  -0.1 4.36e-01 3.21e-01f  1
 412r 5.6353594e+01 1.05e+00 2.58e+04  -2.0 1.83e+00  -0.5 2.45e-01 2.29e-01f  1
 413r 5.6597878e+01 5.58e-01 2.13e+04  -2.0 9.49e-01  -0.1 3.19e-01 2.99e-01f  1
 414r 5.6722531e+01 3.17e-01 1.74e+04  -2.0 1.92e+00  -0.6 2.10e-01 2.05e-01f  1
 415r 5.6742691e+01 3.06e-01 1.72e+04  -2.0 1.82e+01  -1.1 7.44e-02 2.16e-02f  1
 416r 5.6781469e+01 3.06e-01 1.77e+04  -2.0 2.41e+00  -0.6 4.07e-01 1.25e-01f  1
 417r 5.6044649e+01 6.09e-01 1.44e+04  -2.0 7.41e+00  -1.1 2.16e-02 1.87e-01f  1
 418r 5.5976937e+01 8.59e-01 1.37e+04  -2.0 3.15e+00  -0.7 3.27e-03 4.44e-02f  1
 419r 5.5951160e+01 5.15e+00 1.32e+04  -2.0 4.78e+00  -0.3 2.80e-02 3.70e-02f  1
iter    objective    inf_pr   inf_du lg(mu)  ||d||  lg(rg) alpha_du alpha_pr  ls
 420r 5.5688950e+01 4.64e+00 1.03e+04  -2.0 3.57e+00  -0.7 9.13e-02 2.14e-01f  1
 421r 5.5690170e+01 5.44e+00 9.61e+03  -2.0 1.92e-01   2.4 1.78e-03 4.93e-02f  1
 422r 5.5694367e+01 4.65e+00 6.95e+03  -2.0 2.77e-02   1.9 2.67e-01 2.75e-01f  1
 423r 5.5694451e+01 4.76e+00 6.73e+03  -2.0 5.27e-02   4.1 2.40e-03 2.26e-02f  1
 424r 5.5694686e+01 4.66e+00 6.44e+03  -2.0 1.29e-02   3.7 5.35e-02 4.63e-02f  1
 425r 5.5694692e+01 4.76e+00 6.41e+03  -2.0 1.78e-01   5.0 3.04e-05 3.22e-03f  1
 426r 5.5694746e+01 4.67e+00 6.31e+03  -2.0 1.09e-02   4.5 7.40e-02 3.40e-02f  1
 427r 5.5694747e+01 4.67e+00 6.53e+03  -2.0 1.87e-02   5.9 8.53e-02 8.11e-04f  1
 428r 5.5694749e+01 4.67e+00 6.52e+03  -2.0 1.75e-02   5.4 9.48e-03 2.91e-03f  1
 429r 5.5694989e+01 4.66e+00 6.61e+03  -2.0 1.97e-02   4.9 8.48e-04 2.79e-01f  1
iter    objective    inf_pr   inf_du lg(mu)  ||d||  lg(rg) alpha_du alpha_pr  ls
 430r 5.5695294e+01 4.65e+00 1.84e+04  -2.0 1.43e-02   5.3 1.32e-01 7.19e-01f  1
 431r 5.5695289e+01 4.53e+00 1.87e+04  -2.0 4.35e-03   6.7 9.51e-03 5.78e-02f  1
 432r 5.5695290e+01 4.52e+00 1.54e+04  -2.0 1.10e-03   7.1 1.18e-01 1.37e-02f  1
 433r 5.5695281e+01 3.72e+00 2.34e+04  -2.0 1.57e-03   6.6 2.25e-02 8.25e-01f  1
 434  5.5509792e+01 3.70e+00 5.42e+02  -6.0 1.19e+03    -  1.69e-03 4.20e-03f  1
 435  5.5509585e+01 3.70e+00 5.46e+02  -6.0 5.24e+03    -  1.85e-03 4.80e-06h  1
 436  5.5498803e+01 3.70e+00 1.14e+03  -6.0 5.25e+03    -  2.26e-03 2.50e-04f  5
 437  5.5487114e+01 3.70e+00 1.73e+03  -6.0 5.26e+03    -  2.28e-03 2.71e-04f  4
 438  5.5478120e+01 3.70e+00 2.24e+03  -6.0 5.28e+03    -  1.92e-03 2.09e-04f  4
 439  5.5470984e+01 3.70e+00 3.26e+03  -6.0 5.30e+03    -  3.63e-03 1.65e-04f  4
iter    objective    inf_pr   inf_du lg(mu)  ||d||  lg(rg) alpha_du alpha_pr  ls
 440  5.5461081e+01 3.70e+00 5.15e+03  -6.0 5.31e+03    -  6.71e-03 2.29e-04f  5
 441  5.5207845e+01 3.69e+00 6.22e+03  -6.0 5.33e+03    -  9.58e-03 5.86e-03f  1
 442  5.4855606e+01 3.70e+00 1.02e+04  -6.0 5.87e+03    -  2.08e-02 8.20e-03f  1
 443  5.4735797e+01 3.70e+00 1.57e+04  -6.0 6.05e+03    -  2.01e-02 2.79e-03f  1
 444  5.4732251e+01 3.70e+00 1.63e+04  -6.0 6.06e+03    -  2.08e-03 8.22e-05h  1
 445  5.4633914e+01 3.69e+00 1.57e+04  -6.0 6.14e+03    -  2.17e-04 2.28e-03f  1
 446  5.4622966e+01 3.69e+00 2.29e+04  -6.0 6.13e+03    -  2.26e-02 2.54e-04f  1
 447  5.3971659e+01 3.73e+00 1.82e+04  -6.0 6.11e+03    -  1.11e-03 1.51e-02f  1
 448  5.3971632e+01 3.73e+00 2.31e+04  -6.0 6.11e+03    -  1.46e-02 6.37e-07h  1
 449  5.2730101e+01 3.86e+00 5.54e+04  -6.0 6.08e+03    -  3.01e-02 2.88e-02f  1
iter    objective    inf_pr   inf_du lg(mu)  ||d||  lg(rg) alpha_du alpha_pr  ls
 450  5.2224360e+01 3.84e+00 6.52e+04  -6.0 6.60e+03    -  4.69e-05 1.18e-02f  1
 451  5.2224004e+01 3.84e+00 6.52e+04  -6.0 7.25e+03    -  1.12e-04 8.27e-06h  1
 452  5.1051202e+01 3.79e+00 1.44e+05  -6.0 7.24e+03    -  9.06e-06 2.72e-02f  1
 453  5.1048132e+01 3.79e+00 1.44e+05  -6.0 7.11e+03    -  7.83e-03 7.64e-05h  1
 454  5.0943399e+01 3.79e+00 1.51e+05  -6.0 7.82e+03    -  8.10e-03 2.44e-03h  1
 455  5.0832989e+01 3.78e+00 3.06e+05  -6.0 1.91e+04    -  3.29e-03 2.21e-03h  1
 456  5.0832728e+01 3.78e+00 3.06e+05  -6.0 2.21e+04    -  6.75e-03 5.14e-06h  1
 457  5.0439212e+01 3.76e+00 2.90e+06  -6.0 2.21e+04    -  4.12e-04 7.75e-03f  1
 458  5.0329863e+01 3.75e+00 3.03e+06  -6.0 3.03e+04    -  9.75e-08 2.28e-03f  1
 459  4.9886480e+01 3.71e+00 4.94e+06  -6.0 3.23e+04    -  1.38e-03 9.38e-03f  1
iter    objective    inf_pr   inf_du lg(mu)  ||d||  lg(rg) alpha_du alpha_pr  ls
 460  4.9796798e+01 3.70e+00 4.96e+06  -6.0 6.38e+04    -  1.43e-05 1.97e-03h  1
 461r 4.9796798e+01 3.70e+00 1.00e+03   0.2 0.00e+00    -  0.00e+00 5.97e-09R  2
 462r 4.9795848e+01 3.70e+00 6.97e+03   0.2 1.44e+05    -  3.90e-06 2.40e-06f  1
 463  4.9795844e+01 3.70e+00 1.01e+02  -6.0 1.24e+04    -  4.56e-07 1.01e-07h  2
 464  4.9795821e+01 3.70e+00 1.24e+03  -6.0 1.51e+04    -  1.69e-04 5.34e-07h  1
 465  4.9793491e+01 3.70e+00 4.88e+04  -6.0 1.59e+04    -  8.19e-07 5.32e-05h  1
 466  4.9787007e+01 3.70e+00 4.96e+04  -6.0 1.65e+04    -  5.65e-05 1.48e-04h  1
 467  4.9780195e+01 3.70e+00 4.96e+04  -6.0 1.84e+04    -  2.96e-04 1.54e-04h  1
 468  4.9754691e+01 3.70e+00 4.96e+04  -6.0 1.99e+04    -  6.55e-04 5.77e-04f  1
 469  4.9692027e+01 3.73e+00 4.95e+04  -6.0 2.53e+04    -  1.16e-03 1.42e-03f  1
iter    objective    inf_pr   inf_du lg(mu)  ||d||  lg(rg) alpha_du alpha_pr  ls
 470  4.9638668e+01 3.75e+00 5.84e+04  -6.0 3.23e+04    -  3.43e-03 1.24e-03h  1
 471r 4.9638668e+01 3.75e+00 1.00e+03   0.2 0.00e+00    -  0.00e+00 5.95e-10R  7
 472r 4.9638662e+01 3.75e+00 2.46e+04   0.2 1.15e+04    -  1.16e-05 5.10e-08f  1
 473  4.9638658e+01 3.75e+00 2.47e+05  -6.0 2.38e+04    -  4.99e-03 1.01e-07h  2
 474  4.9637796e+01 3.75e+00 2.62e+06  -6.0 1.50e+04    -  1.87e-06 1.99e-05h  1
 475  4.9560541e+01 3.85e+00 2.62e+06  -6.0 1.10e+04    -  2.63e-03 1.76e-03h  1
 476  4.9517633e+01 3.87e+00 2.61e+06  -6.0 1.66e+04    -  1.79e-03 9.23e-04h  1
 477  4.9265561e+01 4.44e+00 2.60e+06  -6.0 1.95e+04    -  2.29e-03 5.30e-03f  1
 478  4.9151747e+01 4.46e+00 2.59e+06  -6.0 2.93e+04    -  6.78e-03 2.29e-03h  1
 479  4.8631304e+01 4.88e+00 2.57e+06  -6.0 3.10e+04    -  8.76e-03 1.06e-02f  1
iter    objective    inf_pr   inf_du lg(mu)  ||d||  lg(rg) alpha_du alpha_pr  ls
 480  4.8586103e+01 4.88e+00 2.56e+06  -6.0 3.34e+04    -  3.26e-04 8.81e-04h  1
 481  4.8567732e+01 4.87e+00 2.56e+06  -6.0 4.49e+04    -  2.25e-09 4.04e-04f  1
 482  4.8498719e+01 4.87e+00 2.60e+06  -6.0 5.34e+04    -  7.88e-04 1.52e-03f  1
 483  4.8500024e+01 4.87e+00 2.56e+06  -6.0 1.01e+05    -  1.22e-03 1.22e-05h  1
 484  4.8514100e+01 4.87e+00 2.56e+06  -6.0 1.04e+05    -  1.27e-03 1.25e-04h  6
 485  4.8523994e+01 4.87e+00 2.56e+06  -6.0 1.26e+05    -  1.54e-03 7.17e-05h  7
 486  4.8529569e+01 4.87e+00 2.56e+06  -6.0 1.49e+05    -  1.59e-03 3.38e-05h  8
 487  4.8535196e+01 4.87e+00 2.56e+06  -6.0 1.66e+05    -  1.55e-03 3.00e-05h  8
 488  4.8540866e+01 4.87e+00 2.56e+06  -6.0 1.87e+05    -  1.62e-03 2.65e-05h  8
 489r 4.8540866e+01 4.87e+00 1.00e+03   0.5 0.00e+00    -  0.00e+00 3.57e-07R 14
iter    objective    inf_pr   inf_du lg(mu)  ||d||  lg(rg) alpha_du alpha_pr  ls
 490r 4.8540841e+01 4.87e+00 1.29e+05   0.5 4.32e+03    -  3.02e-04 8.11e-08f  1
 491r 4.8540841e+01 4.87e+00 9.99e+02   0.5 0.00e+00    -  0.00e+00 1.41e-07R  2
 492r 4.8540839e+01 4.87e+00 1.01e+05   0.5 7.32e+03    -  8.46e-06 7.07e-09f  1
 493  4.8540831e+01 4.87e+00 1.27e+05  -6.0 7.70e+03    -  2.69e-03 3.42e-07h  2
 494r 4.8540831e+01 4.87e+00 9.99e+02   0.5 0.00e+00    -  0.00e+00 2.70e-08R  2
 495r 4.8540699e+01 4.87e+00 3.58e+05   0.5 3.13e+06    -  4.38e-07 1.18e-08f  1
 496  4.8540696e+01 4.87e+00 4.03e+05  -6.0 9.14e+03    -  1.72e-03 1.42e-07h  2
 497  4.8549356e+01 4.87e+00 1.43e+07  -6.0 3.30e+04    -  1.67e-02 3.00e-04h  1
 498  4.8563685e+01 4.86e+00 1.86e+07  -6.0 3.32e+04    -  5.75e-03 3.97e-04h  6
 499  4.8575780e+01 4.86e+00 3.08e+07  -6.0 3.36e+04    -  1.54e-02 2.78e-04h  7
iter    objective    inf_pr   inf_du lg(mu)  ||d||  lg(rg) alpha_du alpha_pr  ls
 500  4.8593477e+01 4.86e+00 3.52e+07  -6.0 3.32e+04    -  6.08e-03 3.54e-04h  7
 501  4.8612766e+01 4.86e+00 5.17e+07  -6.0 3.31e+04    -  2.24e-02 3.52e-04h  7
 502  4.8623967e+01 4.86e+00 5.61e+07  -6.0 3.21e+04    -  6.54e-03 1.80e-04h  8
 503  4.8629851e+01 4.86e+00 6.66e+07  -6.0 3.18e+04    -  1.54e-02 9.04e-05h  9
 504  4.8630642e+01 4.86e+00 7.19e+07  -6.0 3.09e+04    -  8.27e-03 1.15e-05h 12
 505r 4.8630642e+01 4.86e+00 1.00e+03   0.5 0.00e+00    -  0.00e+00 3.64e-07R 17
 506r 4.8630642e+01 4.86e+00 1.21e+04   0.5 4.44e+03    -  2.98e-05 5.23e-11f  2
 507r 4.8630642e+01 4.86e+00 9.99e+02   0.5 0.00e+00    -  0.00e+00 1.08e-09R  2
 508r 4.8630601e+01 4.86e+00 9.55e+04   0.5 3.35e+05    -  2.69e-07 8.39e-09f  1
 509  4.8630581e+01 4.86e+00 2.17e+05  -6.0 6.98e+03    -  3.76e-03 7.91e-07h  1
iter    objective    inf_pr   inf_du lg(mu)  ||d||  lg(rg) alpha_du alpha_pr  ls
 510  4.8631078e+01 4.86e+00 3.88e+06  -6.0 1.51e+04    -  2.50e-06 4.48e-05h  1
 511r 4.8631078e+01 4.86e+00 9.99e+02   0.5 0.00e+00    -  0.00e+00 2.09e-08R  2
 512r 4.8631078e+01 4.86e+00 1.13e+05   0.5 1.28e+04    -  8.87e-06 1.48e-09f  1
 513r 4.8631078e+01 4.86e+00 9.99e+02   0.5 0.00e+00    -  0.00e+00 1.24e-07R  2
 514r 4.8631075e+01 4.86e+00 9.72e+04   0.5 1.91e+04    -  4.69e-06 6.83e-09f  1
 515  4.8631068e+01 4.86e+00 1.12e+05  -6.0 7.82e+03    -  2.31e-03 3.33e-07h  2
 516r 4.8631068e+01 4.86e+00 9.99e+02   0.5 0.00e+00    -  0.00e+00 3.36e-07R  4
 517r 4.8631064e+01 4.86e+00 1.14e+05   0.5 4.22e+03    -  1.64e-04 1.66e-08f  1
 518  4.8631060e+01 4.86e+00 1.18e+05  -6.0 1.00e+04    -  1.62e-03 2.38e-07h  2
 519r 4.8631060e+01 4.86e+00 9.99e+02   0.5 0.00e+00    -  0.00e+00 3.36e-07R  4
iter    objective    inf_pr   inf_du lg(mu)  ||d||  lg(rg) alpha_du alpha_pr  ls
 520r 4.8631057e+01 4.86e+00 1.14e+05   0.5 4.22e+03    -  1.62e-04 1.45e-08f  1
 521  4.8631055e+01 4.86e+00 9.01e+04  -6.0 1.20e+04    -  1.27e-03 1.90e-07h  2
 522r 4.8631055e+01 4.86e+00 9.99e+02   0.5 0.00e+00    -  0.00e+00 3.35e-07R  4
 523r 4.8631052e+01 4.86e+00 1.14e+05   0.5 4.22e+03    -  1.61e-04 1.31e-08f  1
 524r 4.8631052e+01 4.86e+00 9.99e+02   0.5 0.00e+00    -  0.00e+00 1.66e-07R  2
 525r 4.8631051e+01 4.86e+00 9.95e+04   0.5 4.07e+03    -  4.21e-05 6.74e-09f  1
 526  4.8631042e+01 4.86e+00 9.65e+04  -6.0 7.49e+03    -  1.95e-03 3.56e-07h  2
 527r 4.8631042e+01 4.86e+00 9.99e+02   0.5 0.00e+00    -  0.00e+00 3.45e-07R  4
 528r 4.8631039e+01 4.86e+00 1.11e+05   0.5 4.22e+03    -  1.33e-04 1.45e-08f  1
 529  4.8631035e+01 4.86e+00 6.64e+04  -6.0 9.70e+03    -  1.35e-03 2.49e-07h  2
iter    objective    inf_pr   inf_du lg(mu)  ||d||  lg(rg) alpha_du alpha_pr  ls
 530r 4.8631035e+01 4.86e+00 9.99e+02   0.5 0.00e+00    -  0.00e+00 3.47e-07R  4
 531r 4.8631033e+01 4.86e+00 1.11e+05   0.5 4.22e+03    -  1.32e-04 5.75e-09f  2
 532  4.8631031e+01 4.86e+00 2.70e+03  -6.0 1.17e+04    -  1.06e-03 1.96e-07h  2
 533r 4.8631031e+01 4.86e+00 9.99e+02   0.5 0.00e+00    -  0.00e+00 3.39e-07R  4
 534r 4.8631029e+01 4.86e+00 1.11e+05   0.5 4.22e+03    -  1.34e-04 9.53e-09f  2
 535r 4.8631029e+01 4.86e+00 9.99e+02   0.5 0.00e+00    -  0.00e+00 1.69e-07R  2
 536r 4.8631028e+01 4.86e+00 9.96e+04   0.5 4.07e+03    -  4.48e-05 3.90e-09f  2
 537  4.8631023e+01 4.86e+00 2.48e+03  -6.0 8.92e+03    -  1.39e-03 2.79e-07h  2
 538r 4.8631023e+01 4.86e+00 9.99e+02   0.5 0.00e+00    -  0.00e+00 3.45e-07R  4
 539r 4.8631004e+01 4.86e+00 1.10e+05   0.5 4.22e+03    -  1.25e-04 7.86e-08f  1
iter    objective    inf_pr   inf_du lg(mu)  ||d||  lg(rg) alpha_du alpha_pr  ls
 540  1.3724089e+01 4.86e+00 4.82e+03  -6.0 4.39e+04    -  1.85e-03 5.03e-04f  1
 541  3.2674700e+00 4.85e+00 2.18e+04  -6.0 3.57e+04    -  5.12e-04 1.81e-03f  1
 542  1.9101180e+00 4.85e+00 2.19e+04  -6.0 3.48e+04    -  3.53e-03 9.55e-04f  1
 543  1.4137400e+00 4.84e+00 2.19e+04  -6.0 3.42e+04    -  4.15e-03 1.07e-03f  1
 544  1.2965025e+00 4.84e+00 2.19e+04  -6.0 3.34e+04    -  4.72e-03 4.97e-04f  1
 545 -1.9318284e-01 6.39e+00 2.16e+04  -6.0 3.44e+04    -  6.04e-03 9.42e-03f  1
 546 -1.9951636e-01 6.46e+00 2.16e+04  -6.0 3.24e+05    -  8.02e-04 6.20e-04h  1
 547 -1.9982888e-01 6.46e+00 2.16e+04  -6.0 3.43e+04    -  1.21e-02 7.39e-06h  1
 548 -2.8372196e-01 6.68e+00 2.16e+04  -6.0 3.52e+04    -  1.77e-02 3.02e-03f  1
 549 -4.4377774e-01 8.71e+00 2.14e+04  -6.0 3.82e+04    -  6.15e-03 8.21e-03h  1
iter    objective    inf_pr   inf_du lg(mu)  ||d||  lg(rg) alpha_du alpha_pr  ls
 550 -4.4389661e-01 8.71e+00 2.14e+04  -6.0 2.55e+04    -  9.51e-03 7.92e-06h  1
 551 -4.9370349e-01 8.68e+00 2.13e+04  -6.0 3.24e+04    -  1.97e-04 3.74e-03f  1
 552 -5.6187469e-01 8.65e+00 2.63e+04  -6.0 3.26e+04    -  1.73e-02 4.16e-03h  1
 553 -5.8530602e-01 8.63e+00 4.46e+04  -6.0 4.10e+04    -  1.13e-02 1.57e-03h  1
 554 -7.0252247e-01 8.57e+00 4.86e+04  -6.0 4.70e+04    -  1.08e-02 8.25e-03h  1
 555 -7.0312711e-01 8.57e+00 7.04e+04  -6.0 5.27e+04    -  1.40e-02 3.70e-05h  1
 556 -7.8813848e-01 8.52e+00 8.14e+04  -6.0 7.62e+04    -  1.19e-02 6.11e-03f  1
 557 -7.8826781e-01 8.52e+00 1.54e+05  -6.0 6.91e+04    -  1.68e-02 1.12e-05h  1
 558 -1.1032576e+00 8.30e+00 6.44e+04  -6.0 8.36e+04    -  2.86e-03 3.52e-02f  1
 559 -1.1482038e+00 8.29e+00 1.32e+05  -6.0 2.47e+03  -3.9 2.87e-04 1.18e-03h  1
iter    objective    inf_pr   inf_du lg(mu)  ||d||  lg(rg) alpha_du alpha_pr  ls
 560 -1.1489329e+00 8.29e+00 1.03e+05  -6.0 4.29e+03  -4.3 1.37e-03 1.95e-04h  1
 561 -1.1670775e+00 9.56e+00 1.73e+05  -6.0 4.53e+03  -4.8 1.54e-04 4.16e-03h  1
 562 -1.1678407e+00 9.56e+00 5.13e+05  -6.0 2.00e+04  -5.3 4.21e-03 4.78e-05h  1
 563 -1.1715776e+00 9.56e+00 8.25e+05  -6.0 2.52e+04  -5.8 8.54e-03 2.42e-04h  1
 564 -1.1730097e+00 9.56e+00 9.22e+05  -6.0 5.18e+04  -6.2 4.11e-03 8.76e-05h  1
 565 -1.3554193e+00 2.74e+01 8.50e+05  -6.0 7.32e+04  -6.7 4.56e-03 1.03e-02h  1
 566r-1.3554193e+00 2.74e+01 1.00e+03   1.1 0.00e+00    -  0.00e+00 4.75e-08R  2
 567r-1.3575277e+00 2.74e+01 4.47e+04   1.1 1.64e+05    -  1.80e-06 5.07e-08f  1
 568r-1.3575277e+00 2.74e+01 9.99e+02   1.1 0.00e+00    -  0.00e+00 2.18e-08R  5
 569r-1.3575412e+00 2.74e+01 8.76e+04   1.1 2.89e+04    -  4.14e-06 3.20e-09f  1
iter    objective    inf_pr   inf_du lg(mu)  ||d||  lg(rg) alpha_du alpha_pr  ls
 570r-1.3575412e+00 2.74e+01 9.99e+02   1.1 0.00e+00    -  0.00e+00 1.68e-08R  7
 571r-1.3575529e+00 2.74e+01 5.25e+05   1.1 1.55e+04    -  2.14e-05 1.61e-09f  1
 572 -1.3575547e+00 2.74e+01 5.09e+04  -6.0 4.53e+03    -  1.03e-03 7.18e-07h  2
 573 -1.3576034e+00 2.74e+01 2.75e+05  -6.0 1.74e+04    -  2.72e-06 1.47e-05h  1
 574 -1.3576570e+00 2.74e+01 2.75e+05  -6.0 2.25e+04    -  5.26e-05 1.43e-05h  1
 575r-1.3576570e+00 2.74e+01 9.99e+02   1.1 0.00e+00    -  0.00e+00 2.44e-08R  2
 576r-1.3576768e+00 2.74e+01 7.25e+04   1.1 2.63e+04    -  7.92e-09 2.61e-09f  1
 577r-1.3576768e+00 2.74e+01 9.99e+02   1.1 0.00e+00    -  0.00e+00 1.18e-07R  2
 578r-1.3577052e+00 2.74e+01 6.14e+04   1.1 1.47e+05    -  7.11e-07 1.62e-09f  1
 579r-1.3577052e+00 2.74e+01 9.99e+02   1.1 0.00e+00    -  0.00e+00 1.83e-08R  7
iter    objective    inf_pr   inf_du lg(mu)  ||d||  lg(rg) alpha_du alpha_pr  ls
 580r-1.3577170e+00 2.74e+01 4.99e+05   1.1 1.55e+04    -  9.48e-06 1.61e-09f  1
 581 -1.3577189e+00 2.74e+01 5.10e+04  -6.0 4.36e+03    -  1.03e-03 7.68e-07h  2
 582 -1.3578044e+00 2.74e+01 4.71e+05  -6.0 1.73e+04    -  2.77e-06 2.56e-05h  1
 583r-1.3578044e+00 2.74e+01 9.99e+02   1.1 0.00e+00    -  0.00e+00 1.29e-08R  2
 584r-1.3578051e+00 2.74e+01 1.72e+05   1.1 1.56e+04    -  1.84e-06 8.23e-11f  1
 585r-1.3578051e+00 2.74e+01 9.99e+02   1.1 0.00e+00    -  0.00e+00 2.68e-08R  6
 586r-1.3578198e+00 2.74e+01 1.27e+05   1.1 1.56e+04    -  1.37e-06 1.61e-09f  1
 587r-1.3578198e+00 2.74e+01 9.99e+02   1.1 0.00e+00    -  0.00e+00 1.91e-08R  7
 588r-1.3578322e+00 2.74e+01 4.95e+05   1.1 1.54e+04    -  6.65e-06 1.61e-09f  1
 589 -1.3578342e+00 2.74e+01 4.82e+04  -6.0 4.27e+03    -  9.74e-04 7.92e-07h  2
iter    objective    inf_pr   inf_du lg(mu)  ||d||  lg(rg) alpha_du alpha_pr  ls
 590 -1.3578700e+00 2.74e+01 1.83e+05  -6.0 1.74e+04    -  2.80e-06 1.07e-05h  1
 591 -1.3579245e+00 2.74e+01 1.84e+05  -6.0 2.25e+04    -  1.11e-04 1.44e-05h  1
 592 -1.3579819e+00 2.74e+01 1.84e+05  -6.0 2.40e+04    -  3.16e-05 1.39e-05h  1
 593r-1.3579819e+00 2.74e+01 9.99e+02   1.1 0.00e+00    -  0.00e+00 3.63e-08R  2
 594r-1.3579819e+00 2.74e+01 1.03e+05   1.1 1.55e+04    -  1.70e-06 1.37e-12f  1
 595r-1.3579819e+00 2.74e+01 9.99e+02   1.1 0.00e+00    -  0.00e+00 7.65e-09R  2
 596r-1.3580094e+00 2.74e+01 3.73e+05   1.1 1.57e+06    -  2.10e-08 1.97e-10f  1
 597 -1.3580106e+00 2.74e+01 1.01e+02  -6.0 6.23e+03    -  2.97e-07 4.42e-07h  2
 598r-1.3580106e+00 2.74e+01 9.99e+02   1.1 0.00e+00    -  0.00e+00 4.23e-08R  2
 599r-1.3580199e+00 2.74e+01 2.41e+04   1.1 3.82e+07    -  1.18e-09 6.00e-12f  2
iter    objective    inf_pr   inf_du lg(mu)  ||d||  lg(rg) alpha_du alpha_pr  ls
 600r-1.3580199e+00 2.74e+01 9.99e+02   1.1 0.00e+00    -  0.00e+00 7.57e-08R  4
 601r-1.3580273e+00 2.74e+01 3.48e+05   1.1 1.54e+04    -  1.32e-05 9.41e-10f  2
 602r-1.3580273e+00 2.74e+01 9.99e+02   1.1 0.00e+00    -  0.00e+00 5.11e-08R  5
 603r-1.3580831e+00 2.74e+01 4.63e+05   1.1 1.54e+04    -  1.76e-05 7.27e-09f  1
 604 -1.3580861e+00 2.74e+01 8.05e+04  -6.0 3.39e+03    -  9.16e-04 1.23e-06h  2
 605 -1.3581348e+00 2.74e+01 4.79e+05  -6.0 1.70e+04    -  2.35e-06 1.40e-05h  1
 606 -1.3582074e+00 2.74e+01 4.80e+05  -6.0 2.22e+04    -  1.48e-04 1.88e-05h  1
 607 -1.3582157e+00 2.74e+01 4.79e+05  -6.0 2.25e+04    -  3.96e-05 2.18e-06h  2
 608 -1.3582202e+00 2.74e+01 4.81e+05  -6.0 2.14e+04    -  4.55e-04 1.15e-06h  2
 609 -1.3582794e+00 2.74e+01 4.80e+05  -6.0 2.82e+04    -  4.19e-05 1.13e-05h  1
iter    objective    inf_pr   inf_du lg(mu)  ||d||  lg(rg) alpha_du alpha_pr  ls
 610 -1.3583584e+00 2.74e+01 1.24e+06  -6.0 3.26e+04    -  6.15e-04 1.26e-05h  1
 611 -1.3583949e+00 2.74e+01 1.52e+06  -6.0 4.15e+04    -  6.80e-05 3.37e-06h  1
 612 -1.3584892e+00 2.74e+01 2.00e+06  -6.0 4.14e+04    -  1.18e-04 8.79e-06f  1
 613 -1.3584952e+00 2.74e+01 3.14e+06  -6.0 4.38e+04    -  1.69e-04 4.66e-07h  2
 614 -1.3596499e+00 2.74e+01 3.20e+06  -6.0 4.40e+04    -  1.04e-04 9.57e-05h  1
 615r-1.3596499e+00 2.74e+01 9.99e+02   1.1 0.00e+00    -  0.00e+00 4.71e-08R  2
 616r-1.3596734e+00 2.74e+01 4.70e+05   1.1 1.54e+04    -  8.23e-06 3.37e-09f  1
 617r-1.3596734e+00 2.74e+01 9.99e+02   1.1 0.00e+00    -  0.00e+00 1.72e-07R  2
 618r-1.3597143e+00 2.74e+01 2.47e+05   1.1 1.25e+05    -  8.35e-07 1.62e-09f  1
 619r-1.3597143e+00 2.74e+01 9.99e+02   1.1 0.00e+00    -  0.00e+00 2.00e-08R  7
iter    objective    inf_pr   inf_du lg(mu)  ||d||  lg(rg) alpha_du alpha_pr  ls
 620r-1.3597329e+00 2.74e+01 3.77e+05   1.1 6.79e+04    -  4.62e-07 1.62e-09f  1
 621 -1.3597349e+00 2.74e+01 1.35e+04  -6.0 4.18e+03    -  2.74e-04 8.23e-07h  2
 622 -1.3598317e+00 2.74e+01 1.37e+05  -6.0 1.72e+04    -  2.85e-06 2.89e-05h  1
 623 -1.3598343e+00 2.74e+01 1.38e+05  -6.0 1.75e+04    -  2.80e-04 7.53e-07h  2
 624 -1.3598590e+00 2.74e+01 1.37e+05  -6.0 2.20e+04    -  3.66e-05 6.64e-06h  1
 625 -1.3599223e+00 2.74e+01 1.39e+05  -6.0 2.26e+04    -  5.70e-04 1.68e-05h  1
 626 -1.3599524e+00 2.74e+01 1.38e+05  -6.0 2.26e+04    -  6.00e-05 7.18e-06h  1
 627 -1.3599926e+00 2.74e+01 1.44e+06  -6.0 3.31e+04    -  6.79e-04 6.58e-06h  1
 628 -1.3601954e+00 2.74e+01 1.54e+06  -6.0 3.62e+04    -  7.68e-05 3.29e-05h  1
 629 -1.3602744e+00 2.74e+01 4.09e+06  -6.0 4.27e+04    -  8.94e-04 1.26e-05h  1
iter    objective    inf_pr   inf_du lg(mu)  ||d||  lg(rg) alpha_du alpha_pr  ls
 630 -1.3603551e+00 2.74e+01 4.72e+06  -6.0 2.95e+04    -  1.30e-04 1.00e-05h  1
 631 -1.3610301e+00 2.74e+01 7.52e+06  -6.0 5.25e+04    -  3.28e-04 5.35e-05h  1
 632 -1.3614836e+00 2.74e+01 9.96e+06  -6.0 5.59e+04    -  2.89e-04 7.25e-05h  1
 633 -1.3622786e+00 2.74e+01 9.59e+06  -6.0 5.90e+04    -  2.37e-04 2.65e-04h  1
 634 -1.3627157e+00 2.74e+01 1.29e+07  -6.0 6.16e+04    -  5.37e-04 2.87e-04h  1
 635 -1.3643212e+00 2.74e+01 7.80e+06  -6.0 5.93e+04    -  2.56e-08 4.04e-04h  1
 636 -1.3657064e+00 2.74e+01 1.72e+07  -6.0 5.94e+04    -  1.13e-03 3.97e-04h  1
 637 -1.3658638e+00 2.74e+01 1.65e+07  -6.0 6.17e+04    -  1.27e-03 1.31e-03h  1
 638 -1.3548837e+00 2.73e+01 4.36e+07  -6.0 7.61e+04    -  2.30e-03 7.03e-04h  1
 639 -1.3174611e+00 2.74e+01 7.79e+07  -6.0 7.97e+04    -  3.62e-03 1.68e-03h  2
iter    objective    inf_pr   inf_du lg(mu)  ||d||  lg(rg) alpha_du alpha_pr  ls
 640 -1.2173334e+00 2.75e+01 1.63e+08  -6.0 8.67e+04    -  6.61e-03 2.19e-03h  2
 641r-1.2173334e+00 2.75e+01 1.00e+03   1.1 0.00e+00    -  0.00e+00 4.81e-07R 15
 642r-1.2174063e+00 2.75e+01 8.33e+04   1.1 1.56e+04    -  1.90e-07 1.00e-08f  1
 643r-1.2174063e+00 2.75e+01 9.99e+02   1.1 0.00e+00    -  0.00e+00 1.42e-07R  2
 644r-1.2174369e+00 2.75e+01 1.45e+05   1.1 7.96e+04    -  1.45e-06 1.61e-09f  1
 645r-1.2174369e+00 2.75e+01 9.99e+02   1.1 0.00e+00    -  0.00e+00 4.10e-08R  5
 646r-1.2174554e+00 2.75e+01 4.30e+05   1.1 6.86e+04    -  5.22e-07 1.61e-09f  1
 647r-1.2174554e+00 2.75e+01 9.99e+02   1.1 0.00e+00    -  0.00e+00 1.59e-08R  7
 648r-1.2174675e+00 2.75e+01 6.80e+05   1.1 1.55e+04    -  1.71e-05 1.61e-09f  1
 649 -1.2174697e+00 2.75e+01 8.34e+02  -6.0 3.66e+03    -  1.75e-05 6.89e-07h  2
iter    objective    inf_pr   inf_du lg(mu)  ||d||  lg(rg) alpha_du alpha_pr  ls
 650 -1.2174754e+00 2.75e+01 6.03e+02  -6.0 1.62e+04    -  3.04e-06 2.23e-06h  2
 651 -1.2174826e+00 2.75e+01 2.88e+03  -6.0 1.81e+04    -  1.16e-04 3.38e-06h  2
 652 -1.2175387e+00 2.75e+01 9.52e+03  -6.0 1.91e+04    -  8.67e-06 3.32e-05h  1
 653 -1.2175436e+00 2.75e+01 8.64e+04  -6.0 2.02e+04    -  1.07e-04 2.86e-06h  2
 654 -1.2175480e+00 2.75e+01 1.49e+05  -6.0 2.09e+04    -  7.22e-05 2.55e-06h  2
 655 -1.2175514e+00 2.75e+01 2.99e+05  -6.0 1.88e+04    -  1.34e-04 1.94e-06h  2
 656 -1.2175682e+00 2.75e+01 3.28e+05  -6.0 2.87e+04    -  2.79e-05 1.26e-05h  1
 657 -1.2175924e+00 2.75e+01 3.24e+05  -6.0 2.20e+04    -  9.29e-09 2.62e-06h  1
 658 -1.2176002e+00 2.75e+01 6.95e+05  -6.0 4.03e+04    -  1.44e-04 1.54e-05h  1
 659 -1.2176007e+00 2.75e+01 2.12e+06  -6.0 4.02e+04    -  4.52e-04 1.28e-06f  2
iter    objective    inf_pr   inf_du lg(mu)  ||d||  lg(rg) alpha_du alpha_pr  ls
 660r-1.2176007e+00 2.75e+01 9.99e+02   1.1 0.00e+00    -  0.00e+00 4.86e-07R  5
 661r-1.2176099e+00 2.75e+01 3.82e+05   1.1 6.31e+04    -  6.44e-06 1.28e-09f  2
 662r-1.2176099e+00 2.75e+01 9.99e+02   1.1 0.00e+00    -  0.00e+00 6.27e-08R  2
 663r-1.2176437e+00 2.75e+01 5.74e+05   1.1 4.89e+04    -  7.59e-07 1.61e-09f  1
 664r-1.2176437e+00 2.75e+01 9.99e+02   1.1 0.00e+00    -  0.00e+00 2.26e-08R  6
 665r-1.2176564e+00 2.75e+01 6.04e+05   1.1 1.56e+04    -  1.08e-05 1.61e-09f  1
 666r-1.2176564e+00 2.75e+01 9.99e+02   1.1 0.00e+00    -  0.00e+00 1.69e-08R  7
 667r-1.2176689e+00 2.75e+01 9.07e+05   1.1 1.55e+04    -  1.62e-05 1.61e-09f  1
 668 -1.2176711e+00 2.75e+01 1.83e+03  -6.0 3.66e+03    -  3.77e-05 7.20e-07h  2
 669 -1.2176802e+00 2.75e+01 2.17e+03  -6.0 1.71e+04    -  2.87e-06 3.40e-06h  2
iter    objective    inf_pr   inf_du lg(mu)  ||d||  lg(rg) alpha_du alpha_pr  ls
 670 -1.2176890e+00 2.75e+01 6.78e+03  -6.0 1.82e+04    -  2.86e-04 4.09e-06h  2
 671 -1.2177279e+00 2.75e+01 1.16e+04  -6.0 1.90e+04    -  1.04e-05 2.11e-05h  1
 672 -1.2177397e+00 2.75e+01 3.26e+04  -6.0 2.01e+04    -  4.63e-05 6.21e-06h  1
 673 -1.2178163e+00 2.75e+01 1.09e+05  -6.0 2.19e+04    -  1.16e-04 3.69e-05h  1
 674r-1.2178163e+00 2.75e+01 9.99e+02   1.1 0.00e+00    -  0.00e+00 2.83e-08R  2
 675r-1.2178163e+00 2.75e+01 9.38e+04   1.1 2.67e+05    -  9.05e-08 1.50e-13f  2
 676r-1.2178163e+00 2.75e+01 9.99e+02   1.1 0.00e+00    -  0.00e+00 1.56e-09R  2
 677r-1.2178865e+00 2.75e+01 4.47e+05   1.1 4.28e+06    -  8.25e-09 1.91e-10f  1
 678 -1.2178871e+00 2.75e+01 6.49e+03  -6.0 1.16e+04    -  1.33e-04 2.34e-07h  2
 679 -1.2178919e+00 2.75e+01 4.98e+04  -6.0 2.18e+04    -  4.33e-04 2.94e-06h  2
iter    objective    inf_pr   inf_du lg(mu)  ||d||  lg(rg) alpha_du alpha_pr  ls
 680 -1.2179209e+00 2.75e+01 5.36e+04  -6.0 2.30e+04    -  4.21e-05 9.57e-06h  1
 681 -1.2179268e+00 2.75e+01 1.43e+05  -6.0 2.12e+04    -  7.56e-04 9.77e-07h  2
 682r-1.2179268e+00 2.75e+01 9.99e+02   1.1 0.00e+00    -  0.00e+00 3.84e-07R  3
 683r-1.2179462e+00 2.75e+01 1.22e+05   1.1 1.84e+04    -  2.05e-05 2.85e-09f  1
 684r-1.2179462e+00 2.75e+01 9.99e+02   1.1 0.00e+00    -  0.00e+00 1.38e-07R  2
 685r-1.2179698e+00 2.75e+01 8.61e+04   1.1 4.38e+04    -  1.87e-06 1.61e-09f  1
 686r-1.2179698e+00 2.75e+01 9.99e+02   1.1 0.00e+00    -  0.00e+00 2.32e-08R  6
 687r-1.2179821e+00 2.75e+01 1.11e+05   1.1 1.54e+04    -  1.24e-05 1.61e-09f  1
 688r-1.2179821e+00 2.75e+01 9.99e+02   1.1 0.00e+00    -  0.00e+00 1.72e-08R  7
 689r-1.2179942e+00 2.75e+01 1.27e+05   1.1 1.54e+04    -  1.89e-05 1.61e-09f  1
iter    objective    inf_pr   inf_du lg(mu)  ||d||  lg(rg) alpha_du alpha_pr  ls
 690 -1.2179964e+00 2.75e+01 3.19e+03  -6.0 3.68e+03    -  6.52e-05 7.28e-07h  2
 691 -1.2180166e+00 2.75e+01 8.66e+03  -6.0 1.76e+04    -  2.82e-06 7.59e-06h  1
 692 -1.2180459e+00 2.75e+01 1.13e+04  -6.0 1.87e+04    -  2.85e-04 1.56e-05h  1
 693r-1.2180459e+00 2.75e+01 9.99e+02   1.1 0.00e+00    -  0.00e+00 4.80e-08R  6
 694r-1.2180600e+00 2.75e+01 3.66e+03   1.1 8.72e+04    -  2.87e-07 1.86e-09f  2
 695r-1.2180600e+00 2.75e+01 9.99e+02   1.1 0.00e+00    -  0.00e+00 1.41e-07R  2
 696r-1.2180732e+00 2.75e+01 9.81e+04   1.1 1.54e+04    -  7.32e-06 1.61e-09f  1
 697r-1.2180732e+00 2.75e+01 9.99e+02   1.1 0.00e+00    -  0.00e+00 4.01e-08R  5
 698r-1.2180857e+00 2.75e+01 1.24e+05   1.1 1.54e+04    -  1.61e-05 1.61e-09f  1
 699r-1.2180857e+00 2.75e+01 9.99e+02   1.1 0.00e+00    -  0.00e+00 1.56e-08R  7
iter    objective    inf_pr   inf_du lg(mu)  ||d||  lg(rg) alpha_du alpha_pr  ls
 700r-1.2180979e+00 2.75e+01 1.52e+05   1.1 1.54e+04    -  2.12e-05 1.61e-09f  1
 701 -1.2180999e+00 2.75e+01 6.30e+04  -6.0 4.03e+03    -  1.27e-03 6.78e-07h  2
 702 -1.2181453e+00 2.75e+01 5.48e+05  -6.0 1.89e+04    -  2.68e-06 2.33e-05h  1
 703 -1.2181473e+00 2.75e+01 5.50e+05  -6.0 2.04e+04    -  5.35e-04 9.66e-07h  2
 704 -1.2181784e+00 2.75e+01 5.49e+05  -6.0 1.75e+04    -  2.12e-05 4.69e-06h  1
 705 -1.2183861e+00 2.75e+01 5.48e+05  -6.0 1.88e+04    -  3.93e-05 2.96e-05h  1
 706 -1.2183943e+00 2.75e+01 5.49e+05  -6.0 2.07e+04    -  8.70e-05 1.08e-06h  2
 707 -1.2185279e+00 2.75e+01 5.48e+05  -6.0 2.16e+04    -  2.11e-04 1.88e-05h  1
 708 -1.2185353e+00 2.75e+01 5.48e+05  -6.0 2.28e+04    -  7.34e-05 1.40e-06h  2
 709 -1.2185648e+00 2.75e+01 1.41e+06  -6.0 2.69e+04    -  4.78e-04 1.81e-05h  1
iter    objective    inf_pr   inf_du lg(mu)  ||d||  lg(rg) alpha_du alpha_pr  ls
 710r-1.2185648e+00 2.75e+01 9.99e+02   1.1 0.00e+00    -  0.00e+00 3.24e-07R  3
 711r-1.2185796e+00 2.75e+01 4.86e+05   1.1 1.54e+04    -  7.88e-06 2.07e-09f  2
 712r-1.2185796e+00 2.75e+01 9.99e+02   1.1 0.00e+00    -  0.00e+00 1.76e-07R  2
 713r-1.2186235e+00 2.75e+01 5.27e+05   1.1 8.93e+04    -  1.10e-06 1.62e-09f  1
 714r-1.2186235e+00 2.75e+01 9.99e+02   1.1 0.00e+00    -  0.00e+00 1.68e-08R  7
 715r-1.2186365e+00 2.75e+01 1.01e+06   1.1 1.55e+04    -  9.76e-06 1.61e-09f  1
 716 -1.2186386e+00 2.75e+01 3.98e+04  -6.0 3.82e+03    -  8.04e-04 7.16e-07h  2
 717 -1.2186841e+00 2.75e+01 2.56e+05  -6.0 1.84e+04    -  2.72e-06 1.75e-05h  1
 718 -1.2187816e+00 2.75e+01 2.57e+05  -6.0 1.93e+04    -  2.97e-04 3.68e-05f  1
 719 -1.2188114e+00 2.75e+01 2.56e+05  -6.0 2.07e+04    -  6.12e-05 9.11e-06h  1
iter    objective    inf_pr   inf_du lg(mu)  ||d||  lg(rg) alpha_du alpha_pr  ls
 720 -1.2188841e+00 2.75e+01 5.67e+05  -6.0 2.16e+04    -  3.59e-04 2.07e-05f  1
 721 -1.2190055e+00 2.75e+01 6.65e+05  -6.0 2.50e+04    -  1.06e-04 2.56e-05h  1
 722r-1.2190055e+00 2.75e+01 9.99e+02   1.1 0.00e+00    -  0.00e+00 5.35e-08R  4
 723r-1.2190055e+00 2.75e+01 9.46e+04   1.1 2.06e+04    -  1.21e-06 4.86e-13f  2
 724r-1.2190055e+00 2.75e+01 9.99e+02   1.1 0.00e+00    -  0.00e+00 2.51e-09R  2
 725r-1.2190828e+00 2.75e+01 5.40e+05   1.1 2.19e+05    -  1.60e-07 1.63e-09f  2
 726r-1.2190828e+00 2.75e+01 9.99e+02   1.1 0.00e+00    -  0.00e+00 3.12e-08R  6
 727r-1.2190943e+00 2.75e+01 2.83e+05   1.1 1.53e+04    -  2.24e-05 1.60e-09f  2
 728 -1.2190963e+00 2.75e+01 7.37e+02  -6.0 4.02e+03    -  9.97e-04 6.76e-07h  2
 729 -1.2192682e+00 2.75e+01 1.62e+03  -6.0 1.82e+04    -  3.16e-04 6.26e-05h  1
iter    objective    inf_pr   inf_du lg(mu)  ||d||  lg(rg) alpha_du alpha_pr  ls
 730 -1.2194043e+00 2.75e+01 1.43e+04  -6.0 1.92e+04    -  4.57e-04 3.93e-05h  1
 731 -1.2194498e+00 2.75e+01 2.29e+04  -6.0 1.99e+04    -  2.19e-04 7.61e-06h  1
 732 -1.2194653e+00 2.75e+01 2.02e+05  -6.0 2.44e+04    -  1.47e-03 7.89e-06h  1
 733 -1.2195221e+00 2.75e+01 2.38e+06  -6.0 2.70e+04    -  1.65e-03 3.15e-05h  1
 734 -1.2194906e+00 2.75e+01 7.03e+06  -6.0 3.58e+04    -  1.49e-03 3.04e-05h  1
 735 -1.2177508e+00 2.75e+01 1.37e+07  -6.0 8.10e+04    -  4.50e-04 8.89e-05h  1
 736 -1.2111653e+00 2.75e+01 1.82e+07  -6.0 8.22e+04    -  5.66e-04 3.25e-04h  1
 737 -1.2016856e+00 2.75e+01 2.93e+07  -6.0 8.42e+04    -  1.01e-03 4.27e-04h  1
 738 -1.1907687e+00 2.75e+01 7.20e+07  -6.0 8.64e+04    -  2.59e-03 4.23e-04h  2
 739 -1.1801437e+00 2.75e+01 1.74e+08  -6.0 8.87e+04    -  5.37e-03 2.98e-04h  3
iter    objective    inf_pr   inf_du lg(mu)  ||d||  lg(rg) alpha_du alpha_pr  ls
 740 -1.1762560e+00 2.75e+01 2.47e+08  -6.0 9.17e+04    -  3.68e-03 4.79e-05h  5
 741 -1.1733354e+00 2.75e+01 2.85e+08  -6.0 9.31e+04    -  1.90e-03 1.14e-05h  7
 742r-1.1733354e+00 2.75e+01 1.00e+03   1.1 0.00e+00    -  0.00e+00 2.91e-07R 16
 743r-1.1733788e+00 2.75e+01 4.90e+05   1.1 1.54e+04    -  7.95e-06 5.99e-09f  2
 744r-1.1733788e+00 2.75e+01 9.99e+02   1.1 0.00e+00    -  0.00e+00 2.02e-07R  2
In iteration 744, 1 Slack too small, adjusting variable bound
 745r-1.1734205e+00 2.75e+01 2.49e+05   1.1 7.73e+04    -  1.48e-06 1.99e-09f  1
 746r-1.1734205e+00 2.75e+01 9.99e+02   1.1 0.00e+00    -  0.00e+00 1.06e-07R  4
 747r-1.1734648e+00 2.75e+01 4.31e+05   1.1 5.07e+05    -  7.20e-08 1.14e-09f  1
 748 -1.1734665e+00 2.75e+01 1.01e+02  -6.0 4.68e+03    -  2.16e-06 5.52e-07h  2
 749r-1.1734665e+00 2.75e+01 9.99e+02   1.1 0.00e+00    -  0.00e+00 8.58e-09R  2
iter    objective    inf_pr   inf_du lg(mu)  ||d||  lg(rg) alpha_du alpha_pr  ls
 750r-1.1734888e+00 2.75e+01 4.02e+04   1.1 2.62e+07    -  2.04e-09 1.75e-11f  2
 751r-1.1734888e+00 2.75e+01 9.99e+02   1.1 0.00e+00    -  0.00e+00 4.38e-08R  5
 752r-1.1735068e+00 2.75e+01 3.30e+05   1.1 1.53e+04    -  2.26e-05 2.46e-09f  2
 753r-1.1735068e+00 2.75e+01 9.99e+02   1.1 0.00e+00    -  0.00e+00 1.95e-08R  7
 754r-1.1735171e+00 2.75e+01 3.29e+05   1.1 1.52e+04    -  2.27e-05 1.41e-09f  2
 755 -1.1735196e+00 2.75e+01 1.01e+02  -6.0 3.62e+03    -  4.64e-05 7.79e-07h  2
 756 -1.1735298e+00 2.75e+01 1.02e+03  -6.0 1.62e+04    -  3.16e-04 3.40e-06h  2
 757 -1.1735363e+00 2.75e+01 2.30e+03  -6.0 1.78e+04    -  3.72e-04 2.85e-06h  2
 758 -1.1735397e+00 2.75e+01 4.91e+03  -6.0 1.81e+04    -  7.56e-04 1.57e-06h  2
 759 -1.1736331e+00 2.75e+01 1.36e+05  -6.0 1.98e+04    -  2.67e-03 4.80e-05h  1
iter    objective    inf_pr   inf_du lg(mu)  ||d||  lg(rg) alpha_du alpha_pr  ls
 760 -1.1736703e+00 2.75e+01 3.06e+05  -6.0 2.27e+04    -  8.69e-04 2.69e-05h  1
 761 -1.1736755e+00 2.75e+01 9.89e+06  -6.0 3.95e+04    -  3.41e-03 4.02e-05h  1
 762 -1.1731270e+00 2.75e+01 2.06e+07  -6.0 6.50e+04    -  1.41e-03 6.04e-05h  1
 763 -1.1729507e+00 2.75e+01 3.64e+07  -6.0 6.28e+04    -  1.91e-03 1.73e-05h  2
 764r-1.1729507e+00 2.75e+01 1.00e+03   1.1 0.00e+00    -  0.00e+00 4.43e-07R  9
 765r-1.1729810e+00 2.75e+01 5.16e+05   1.1 1.53e+04    -  7.91e-06 4.18e-09f  2
 766r-1.1729810e+00 2.75e+01 9.99e+02   1.1 0.00e+00    -  0.00e+00 2.99e-07R  2
 767r-1.1730071e+00 2.75e+01 4.68e+05   1.1 4.38e+04    -  2.00e-06 1.55e-09f  2
 768r-1.1730071e+00 2.75e+01 9.99e+02   1.1 0.00e+00    -  0.00e+00 1.58e-08R  7
 769r-1.1730205e+00 2.75e+01 5.32e+05   1.1 1.53e+04    -  4.94e-06 1.64e-09f  2
iter    objective    inf_pr   inf_du lg(mu)  ||d||  lg(rg) alpha_du alpha_pr  ls
 770 -1.1730227e+00 2.75e+01 1.01e+02  -6.0 4.00e+03    -  5.67e-05 6.86e-07h  2
 771 -1.1730305e+00 2.75e+01 1.02e+03  -6.0 1.67e+04    -  3.03e-04 2.74e-06h  2
 772r-1.1730305e+00 2.75e+01 9.99e+02   1.1 0.00e+00    -  0.00e+00 3.75e-08R  6
 773r-1.1730435e+00 2.75e+01 4.09e+05   1.1 1.53e+04    -  4.38e-06 1.67e-09f  2
 774r-1.1730435e+00 2.75e+01 9.99e+02   1.1 0.00e+00    -  0.00e+00 4.50e-08R  5
 775r-1.1730563e+00 2.75e+01 5.58e+05   1.1 1.52e+04    -  7.11e-06 1.62e-09f  2
 776r-1.1730563e+00 2.75e+01 9.99e+02   1.1 0.00e+00    -  0.00e+00 1.68e-08R  7
 777r-1.1730688e+00 2.75e+01 5.68e+05   1.1 1.52e+04    -  8.26e-06 1.61e-09f  2
 778 -1.1730710e+00 2.75e+01 3.16e+02  -6.0 3.90e+03    -  4.54e-04 7.16e-07h  2
 779 -1.1731360e+00 2.75e+01 1.01e+03  -6.0 1.77e+04    -  2.28e-04 2.68e-05h  1
iter    objective    inf_pr   inf_du lg(mu)  ||d||  lg(rg) alpha_du alpha_pr  ls
 780 -1.1731615e+00 2.75e+01 2.63e+05  -6.0 1.85e+04    -  3.72e-04 9.87e-06h  1
 781 -1.1732373e+00 2.75e+01 3.12e+05  -6.0 1.63e+04    -  9.21e-05 1.29e-05h  1
 782 -1.1732666e+00 2.75e+01 1.09e+06  -6.0 2.13e+04    -  8.65e-04 1.43e-05h  1
 783 -1.1732922e+00 2.75e+01 3.54e+06  -6.0 2.30e+04    -  1.66e-03 1.57e-05h  1
 784 -1.1732988e+00 2.75e+01 8.19e+06  -6.0 4.18e+04    -  1.57e-03 2.96e-05h  1
 785 -1.1732032e+00 2.74e+01 1.88e+07  -6.0 3.98e+04    -  1.22e-03 1.31e-05h  1
 786r-1.1732032e+00 2.74e+01 9.99e+02   1.1 0.00e+00    -  0.00e+00 4.06e-07R 11
 787r-1.1732241e+00 2.74e+01 4.82e+05   1.1 1.52e+04    -  7.92e-06 2.90e-09f  2
 788r-1.1732241e+00 2.74e+01 9.99e+02   1.1 0.00e+00    -  0.00e+00 2.04e-07R  2
In iteration 788, 1 Slack too small, adjusting variable bound
 789r-1.1732528e+00 2.74e+01 4.67e+05   1.1 7.96e+04    -  1.36e-06 1.08e-09f  1
iter    objective    inf_pr   inf_du lg(mu)  ||d||  lg(rg) alpha_du alpha_pr  ls
 790r-1.1732528e+00 2.74e+01 9.99e+02   1.1 0.00e+00    -  0.00e+00 5.56e-08R  5
 791r-1.1732740e+00 2.74e+01 4.36e+05   1.1 5.06e+05    -  7.21e-08 5.38e-10f  2
 792r-1.1732740e+00 2.74e+01 9.99e+02   1.1 0.00e+00    -  0.00e+00 3.16e-08R  6
 793r-1.1733580e+00 2.74e+01 4.01e+05   1.1 1.52e+04    -  2.32e-05 1.11e-08f  2
 794 -1.1733633e+00 2.74e+01 1.01e+02  -6.0 2.19e+03    -  4.91e-05 1.72e-06h  2
 795 -1.1733870e+00 2.74e+01 9.20e+02  -6.0 1.16e+04    -  3.92e-04 5.08e-06h  1
 796 -1.1733903e+00 2.74e+01 2.85e+03  -6.0 1.77e+04    -  5.58e-04 1.33e-06h  2
 797 -1.1733971e+00 2.74e+01 4.01e+03  -6.0 1.81e+04    -  3.35e-04 3.17e-06h  2
 798 -1.1734955e+00 2.74e+01 2.13e+04  -6.0 1.85e+04    -  1.72e-03 4.77e-05h  1
 799 -1.1735294e+00 2.74e+01 4.24e+05  -6.0 2.10e+04    -  2.05e-03 2.11e-05h  1
iter    objective    inf_pr   inf_du lg(mu)  ||d||  lg(rg) alpha_du alpha_pr  ls
 800 -1.1735278e+00 2.74e+01 5.96e+06  -6.0 4.40e+04    -  1.69e-03 3.09e-05h  1
 801 -1.1729563e+00 2.74e+01 1.63e+07  -6.0 8.57e+04    -  5.56e-04 2.57e-05h  1
 802r-1.1729563e+00 2.74e+01 1.00e+03   1.1 0.00e+00    -  0.00e+00 3.31e-09R 18
 803r-1.1729756e+00 2.74e+01 5.07e+05   1.1 1.51e+04    -  8.04e-06 2.68e-09f  2
 804r-1.1729756e+00 2.74e+01 9.99e+02   1.1 0.00e+00    -  0.00e+00 1.73e-07R  2
 805r-1.1730135e+00 2.74e+01 3.69e+05   1.1 4.69e+04    -  1.11e-06 1.92e-09f  2
 806r-1.1730135e+00 2.74e+01 9.99e+02   1.1 0.00e+00    -  0.00e+00 1.60e-08R  7
 807r-1.1730260e+00 2.74e+01 7.56e+05   1.1 1.51e+04    -  7.39e-06 1.50e-09f  2
 808 -1.1730281e+00 2.74e+01 1.01e+02  -6.0 4.04e+03    -  7.52e-05 6.81e-07h  2
 809 -1.1730315e+00 2.74e+01 9.68e+02  -6.0 1.70e+04    -  2.75e-04 1.25e-06h  2
iter    objective    inf_pr   inf_du lg(mu)  ||d||  lg(rg) alpha_du alpha_pr  ls
 810r-1.1730315e+00 2.74e+01 9.99e+02   1.1 0.00e+00    -  0.00e+00 4.24e-08R  5
 811r-1.1730452e+00 2.74e+01 3.68e+05   1.1 1.51e+04    -  4.05e-06 1.75e-09f  2
 812r-1.1730452e+00 2.74e+01 9.99e+02   1.1 0.00e+00    -  0.00e+00 2.46e-08R  6
 813r-1.1730577e+00 2.74e+01 6.76e+05   1.1 1.51e+04    -  8.60e-06 1.58e-09f  2
 814r-1.1730577e+00 2.74e+01 9.99e+02   1.1 0.00e+00    -  0.00e+00 1.78e-08R  7
 815r-1.1730705e+00 2.74e+01 6.69e+05   1.1 1.51e+04    -  9.49e-06 1.63e-09f  2
 816 -1.1730728e+00 2.74e+01 3.40e+02  -6.0 3.78e+03    -  5.09e-04 7.48e-07h  2
 817 -1.1731431e+00 2.74e+01 9.36e+02  -6.0 1.75e+04    -  2.00e-04 2.66e-05h  1
 818 -1.1731770e+00 2.74e+01 2.97e+05  -6.0 1.82e+04    -  4.33e-04 1.18e-05h  1
 819 -1.1732477e+00 2.74e+01 3.72e+05  -6.0 1.61e+04    -  1.36e-04 1.19e-05h  1
iter    objective    inf_pr   inf_du lg(mu)  ||d||  lg(rg) alpha_du alpha_pr  ls
 820 -1.1733110e+00 2.74e+01 1.01e+06  -6.0 2.03e+04    -  7.89e-04 2.94e-05h  1
 821 -1.1733426e+00 2.74e+01 2.74e+06  -6.0 2.62e+04    -  1.33e-03 1.69e-05h  1
 822 -1.1733774e+00 2.74e+01 5.94e+06  -6.0 3.11e+04    -  1.48e-03 2.66e-05h  1
 823 -1.1733766e+00 2.74e+01 1.22e+07  -6.0 4.88e+04    -  1.72e-03 4.10e-05h  1
 824 -1.1730640e+00 2.74e+01 2.27e+07  -6.0 8.60e+04    -  5.51e-04 1.42e-05h  1
 825r-1.1730640e+00 2.74e+01 1.00e+03   1.1 0.00e+00    -  0.00e+00 1.29e-08R 16
 826r-1.1730857e+00 2.74e+01 4.81e+05   1.1 1.50e+04    -  7.92e-06 3.02e-09f  2
 827r-1.1730857e+00 2.74e+01 9.99e+02   1.1 0.00e+00    -  0.00e+00 2.17e-07R  2
In iteration 827, 1 Slack too small, adjusting variable bound
 828r-1.1731134e+00 2.74e+01 4.26e+05   1.1 7.95e+04    -  1.29e-06 1.05e-09f  1
 829r-1.1731134e+00 2.74e+01 9.99e+02   1.1 0.00e+00    -  0.00e+00 5.62e-08R  5
iter    objective    inf_pr   inf_du lg(mu)  ||d||  lg(rg) alpha_du alpha_pr  ls
 830r-1.1731339e+00 2.74e+01 4.36e+05   1.1 5.06e+05    -  7.23e-08 5.24e-10f  2
 831r-1.1731339e+00 2.74e+01 9.99e+02   1.1 0.00e+00    -  0.00e+00 1.59e-08R  7
 832r-1.1732242e+00 2.74e+01 4.29e+05   1.1 1.50e+04    -  2.42e-05 1.19e-08f  2
 833 -1.1732297e+00 2.74e+01 1.01e+02  -6.0 2.15e+03    -  5.63e-05 1.81e-06h  2
 834 -1.1732532e+00 2.74e+01 9.24e+02  -6.0 1.13e+04    -  3.97e-04 4.55e-06h  1
 835 -1.1732552e+00 2.74e+01 3.10e+03  -6.0 1.75e+04    -  6.31e-04 7.67e-07h  2
 836 -1.1732802e+00 2.74e+01 4.19e+03  -6.0 1.80e+04    -  3.22e-04 1.15e-05h  1
 837 -1.1733631e+00 2.74e+01 2.80e+04  -6.0 1.85e+04    -  1.64e-03 3.94e-05h  1
 838 -1.1733959e+00 2.74e+01 5.01e+05  -6.0 2.19e+04    -  1.93e-03 2.03e-05h  1
 839 -1.1733976e+00 2.74e+01 5.82e+06  -6.0 4.30e+04    -  1.65e-03 2.98e-05h  1
iter    objective    inf_pr   inf_du lg(mu)  ||d||  lg(rg) alpha_du alpha_pr  ls
 840 -1.1730729e+00 2.74e+01 1.49e+07  -6.0 8.49e+04    -  4.90e-04 1.53e-05h  2
 841r-1.1730729e+00 2.74e+01 9.99e+02   1.1 0.00e+00    -  0.00e+00 3.98e-07R 11
 842r-1.1730919e+00 2.74e+01 5.06e+05   1.1 1.49e+04    -  7.84e-06 2.64e-09f  2
 843r-1.1730919e+00 2.74e+01 9.99e+02   1.1 0.00e+00    -  0.00e+00 2.59e-07R  2
 844r-1.1731274e+00 2.74e+01 6.51e+05   1.1 4.60e+04    -  1.72e-06 1.94e-09f  2
 845r-1.1731274e+00 2.74e+01 9.99e+02   1.1 0.00e+00    -  0.00e+00 1.99e-08R  7
 846r-1.1731398e+00 2.74e+01 9.09e+05   1.1 1.50e+04    -  1.01e-05 1.50e-09f  2
 847 -1.1731423e+00 2.74e+01 1.01e+02  -6.0 3.59e+03    -  8.30e-05 8.02e-07h  2
 848r-1.1731423e+00 2.74e+01 9.99e+02   1.1 0.00e+00    -  0.00e+00 1.88e-08R  7
 849r-1.1731598e+00 2.74e+01 9.99e+02   1.1 2.30e+07    -  1.05e-09 1.70e-09f  2
iter    objective    inf_pr   inf_du lg(mu)  ||d||  lg(rg) alpha_du alpha_pr  ls
 850 -1.1731618e+00 2.74e+01 2.02e+02  -6.0 5.32e+03    -  2.01e-04 4.96e-07h  2
 851 -1.1731667e+00 2.74e+01 1.01e+03  -6.0 1.35e+04    -  2.85e-04 7.02e-07h  2
 852 -1.1731703e+00 2.74e+01 3.24e+03  -6.0 1.36e+04    -  7.85e-04 5.08e-07h  2
 853 -1.1734105e+00 2.74e+01 1.28e+04  -6.0 1.39e+04    -  7.65e-04 3.53e-05h  1
 854 -1.1737465e+00 2.74e+01 1.95e+04  -6.0 1.46e+04    -  2.72e-08 6.33e-05h  1
 855r-1.1737465e+00 2.74e+01 9.99e+02   1.1 0.00e+00    -  0.00e+00 8.01e-09R  7
 856r-1.1737610e+00 2.74e+01 4.99e+05   1.1 1.49e+04    -  7.89e-06 1.99e-09f  2
 857r-1.1737610e+00 2.74e+01 9.99e+02   1.1 0.00e+00    -  0.00e+00 2.67e-07R  2
 858r-1.1737868e+00 2.74e+01 2.85e+05   1.1 2.76e+04    -  5.72e-07 1.63e-09f  2
 859 -1.1737888e+00 2.74e+01 2.09e+02  -6.0 5.29e+03    -  2.09e-04 4.99e-07h  2
iter    objective    inf_pr   inf_du lg(mu)  ||d||  lg(rg) alpha_du alpha_pr  ls
 860 -1.1737914e+00 2.74e+01 1.03e+03  -6.0 1.34e+04    -  2.92e-04 3.64e-07h  2
 861 -1.1737943e+00 2.74e+01 3.51e+03  -6.0 1.37e+04    -  8.69e-04 4.21e-07h  2
 862 -1.1739824e+00 2.74e+01 3.27e+04  -6.0 1.42e+04    -  7.94e-04 2.84e-05h  1
 863 -1.1742465e+00 2.74e+01 4.84e+04  -6.0 1.55e+04    -  7.91e-05 5.17e-05h  1
 864 -1.1742983e+00 2.74e+01 1.80e+06  -6.0 1.79e+04    -  1.84e-03 9.72e-06h  1
 865 -1.1748130e+00 2.74e+01 3.06e+06  -6.0 3.12e+04    -  6.45e-04 7.92e-05h  1
 866 -1.1748169e+00 2.74e+01 8.21e+06  -6.0 2.58e+04    -  1.06e-03 3.65e-07h  2
 867 -1.1757519e+00 2.74e+01 1.46e+07  -6.0 2.79e+04    -  1.31e-03 8.92e-05h  1
 868r-1.1757519e+00 2.74e+01 9.99e+02   1.1 0.00e+00    -  0.00e+00 1.70e-09R  2
 869r-1.1761288e+00 2.74e+01 1.16e+04   1.1 4.34e+06    -  1.76e-08 3.01e-09f  2
iter    objective    inf_pr   inf_du lg(mu)  ||d||  lg(rg) alpha_du alpha_pr  ls
 870r-1.1761288e+00 2.74e+01 9.99e+02   1.1 0.00e+00    -  0.00e+00 1.93e-07R  2
 871r-1.1761627e+00 2.74e+01 3.67e+05   1.1 4.42e+04    -  1.11e-06 1.62e-09f  2
 872r-1.1761627e+00 2.74e+01 9.99e+02   1.1 0.00e+00    -  0.00e+00 1.52e-08R  7
 873r-1.1761775e+00 2.74e+01 4.72e+05   1.1 2.44e+04    -  1.56e-06 1.61e-09f  2
 874 -1.1761799e+00 2.74e+01 1.01e+02  -6.0 4.16e+03    -  1.29e-04 6.59e-07h  2
 875 -1.1761830e+00 2.74e+01 1.02e+03  -6.0 1.34e+04    -  3.25e-04 4.59e-07h  2
 876 -1.1761852e+00 2.74e+01 3.61e+03  -6.0 1.37e+04    -  8.98e-04 3.30e-07h  2
 877 -1.1763600e+00 2.74e+01 3.58e+04  -6.0 1.44e+04    -  1.36e-03 2.86e-05h  1
 878 -1.1766174e+00 2.74e+01 3.43e+05  -6.0 1.63e+04    -  5.44e-04 5.25e-05h  1
 879 -1.1767786e+00 2.74e+01 3.70e+06  -6.0 1.93e+04    -  3.36e-03 3.35e-05h  1
iter    objective    inf_pr   inf_du lg(mu)  ||d||  lg(rg) alpha_du alpha_pr  ls
 880 -1.1771575e+00 2.74e+01 9.92e+06  -6.0 3.29e+04    -  2.68e-03 5.99e-05h  1
 881 -1.1774129e+00 2.74e+01 1.93e+07  -6.0 2.93e+04    -  1.71e-03 2.33e-05h  1
 882 -1.1788809e+00 2.74e+01 2.89e+07  -6.0 3.02e+04    -  1.84e-03 1.43e-04h  1
 883r-1.1788809e+00 2.74e+01 1.00e+03   1.1 0.00e+00    -  0.00e+00 4.41e-08R  2
 884r-1.1789245e+00 2.74e+01 8.14e+04   1.1 1.19e+05    -  9.94e-07 4.16e-09f  2
 885r-1.1789245e+00 2.74e+01 9.99e+02   1.1 0.00e+00    -  0.00e+00 3.45e-07R  2
 886r-1.1789537e+00 2.74e+01 3.69e+05   1.1 3.81e+04    -  1.54e-06 1.61e-09f  2
 887 -1.1789558e+00 2.74e+01 1.01e+02  -6.0 4.74e+03    -  1.09e-04 5.54e-07h  2
 888 -1.1789582e+00 2.74e+01 1.05e+03  -6.0 1.39e+04    -  3.27e-04 3.56e-07h  2
 889 -1.1789606e+00 2.74e+01 4.31e+03  -6.0 1.42e+04    -  9.45e-04 3.72e-07h  2
iter    objective    inf_pr   inf_du lg(mu)  ||d||  lg(rg) alpha_du alpha_pr  ls
 890 -1.1790931e+00 2.74e+01 1.73e+05  -6.0 1.50e+04    -  8.49e-04 2.11e-05h  1
 891 -1.1793426e+00 2.74e+01 1.52e+05  -6.0 1.64e+04    -  2.02e-05 5.26e-05h  1
 892 -1.1793977e+00 2.74e+01 3.18e+06  -6.0 2.05e+04    -  3.08e-03 1.16e-05h  1
 893 -1.1797232e+00 2.74e+01 9.54e+06  -6.0 3.31e+04    -  2.73e-03 5.51e-05h  1
 894 -1.1798414e+00 2.74e+01 2.12e+07  -6.0 3.04e+04    -  2.02e-03 1.13e-05h  1
 895 -1.1799668e+00 2.74e+01 3.23e+07  -6.0 3.16e+04    -  1.87e-03 1.33e-05h  1
 896 -1.1801510e+00 2.74e+01 4.34e+07  -6.0 3.73e+04    -  1.78e-03 2.37e-04h  1
 897 -1.1782035e+00 2.74e+01 8.14e+07  -6.0 4.08e+04    -  5.15e-03 3.75e-04h  3
 898 -1.1740942e+00 2.74e+01 1.55e+08  -6.0 4.77e+04    -  7.92e-03 1.60e-04h  4
 899r-1.1740942e+00 2.74e+01 1.00e+03   1.1 0.00e+00    -  0.00e+00 3.39e-07R 13
iter    objective    inf_pr   inf_du lg(mu)  ||d||  lg(rg) alpha_du alpha_pr  ls
 900r-1.1741460e+00 2.74e+01 5.04e+05   1.1 1.49e+04    -  7.86e-06 6.90e-09f  2
 901r-1.1741460e+00 2.74e+01 9.99e+02   1.1 0.00e+00    -  0.00e+00 3.17e-07R  2
In iteration 901, 1 Slack too small, adjusting variable bound
 902r-1.1741770e+00 2.74e+01 3.86e+05   1.1 2.75e+04    -  2.66e-06 1.90e-09f  1
 903r-1.1741770e+00 2.74e+01 9.99e+02   1.1 0.00e+00    -  0.00e+00 1.63e-08R  7
 904r-1.1742041e+00 2.74e+01 4.51e+05   1.1 5.02e+05    -  7.45e-08 6.93e-10f  2
 905 -1.1742061e+00 2.74e+01 1.01e+02  -6.0 4.26e+03    -  7.50e-05 5.97e-07h  2
 906 -1.1742091e+00 2.74e+01 1.06e+03  -6.0 1.47e+04    -  3.34e-04 4.83e-07h  2
 907 -1.1742112e+00 2.74e+01 3.98e+03  -6.0 1.51e+04    -  9.45e-04 3.47e-07h  2
 908 -1.1744976e+00 2.74e+01 1.05e+04  -6.0 1.56e+04    -  6.54e-04 5.30e-05h  1
 909 -1.1745135e+00 2.74e+01 2.31e+04  -6.0 1.90e+04    -  4.59e-09 3.46e-06h  1
iter    objective    inf_pr   inf_du lg(mu)  ||d||  lg(rg) alpha_du alpha_pr  ls
 910 -1.1745663e+00 2.74e+01 2.75e+06  -6.0 1.95e+04    -  3.08e-03 1.22e-05f  1
 911 -1.1746456e+00 2.74e+01 8.48e+06  -6.0 3.00e+04    -  4.05e-03 2.32e-05h  1
 912 -1.1746786e+00 2.74e+01 1.95e+07  -6.0 2.51e+04    -  3.54e-03 6.42e-06h  1
 913 -1.1738593e+00 2.74e+01 4.06e+07  -6.0 4.18e+04    -  2.89e-03 2.42e-04h  3
 914 -1.1731784e+00 2.74e+01 8.40e+07  -6.0 4.66e+04    -  4.68e-03 4.99e-05h  5
 915r-1.1731784e+00 2.74e+01 1.00e+03   1.1 0.00e+00    -  0.00e+00 4.35e-07R 12
 916r-1.1733261e+00 2.74e+01 5.66e+05   1.1 1.49e+04    -  7.70e-06 2.01e-08f  2
 917r-1.1733261e+00 2.74e+01 9.99e+02   1.1 0.00e+00    -  0.00e+00 2.17e-08R  6
 918r-1.1733405e+00 2.74e+01 1.08e+05   1.1 3.45e+04    -  2.16e-06 1.27e-09f  2
 919r-1.1733405e+00 2.74e+01 9.99e+02   1.1 0.00e+00    -  0.00e+00 1.52e-08R  7
iter    objective    inf_pr   inf_du lg(mu)  ||d||  lg(rg) alpha_du alpha_pr  ls
 920r-1.1733561e+00 2.74e+01 1.18e+06   1.1 1.49e+04    -  2.24e-05 1.92e-09f  2
 921 -1.1733584e+00 2.74e+01 1.01e+02  -6.0 3.70e+03    -  5.76e-05 6.92e-07h  2
 922 -1.1733619e+00 2.74e+01 1.05e+03  -6.0 1.47e+04    -  3.40e-04 6.06e-07h  2
 923 -1.1733640e+00 2.74e+01 3.94e+03  -6.0 1.52e+04    -  9.29e-04 3.58e-07h  2
 924 -1.1735145e+00 2.74e+01 1.01e+04  -6.0 1.54e+04    -  6.32e-04 2.97e-05h  1
 925 -1.1735397e+00 2.74e+01 5.88e+03  -6.0 2.46e+04    -  6.44e-09 6.10e-06h  1
 926 -1.1736069e+00 2.74e+01 4.24e+06  -6.0 2.68e+04    -  2.34e-03 1.56e-05h  1
 927 -1.1736386e+00 2.74e+01 1.43e+07  -6.0 3.46e+04    -  1.46e-03 5.08e-06h  1
 928 -1.1731266e+00 2.74e+01 3.31e+07  -6.0 4.23e+04    -  2.36e-03 1.66e-04h  3
 929 -1.1727701e+00 2.74e+01 7.13e+07  -6.0 4.61e+04    -  4.10e-03 3.39e-05h  5
iter    objective    inf_pr   inf_du lg(mu)  ||d||  lg(rg) alpha_du alpha_pr  ls
 930r-1.1727701e+00 2.74e+01 1.00e+03   1.1 0.00e+00    -  0.00e+00 2.98e-07R 12
 931r-1.1727984e+00 2.74e+01 5.13e+05   1.1 1.48e+04    -  7.78e-06 3.87e-09f  2
 932r-1.1727984e+00 2.74e+01 9.99e+02   1.1 0.00e+00    -  0.00e+00 4.73e-08R  5
 933r-1.1728294e+00 2.74e+01 2.13e+05   1.1 3.82e+04    -  8.25e-07 1.68e-09f  2
 934r-1.1728294e+00 2.74e+01 9.99e+02   1.1 0.00e+00    -  0.00e+00 1.75e-08R  7
 935r-1.1728443e+00 2.74e+01 4.85e+05   1.1 2.96e+04    -  1.30e-06 1.59e-09f  2
 936 -1.1728468e+00 2.74e+01 1.01e+02  -6.0 3.50e+03    -  4.79e-05 7.31e-07h  2
 937 -1.1728504e+00 2.74e+01 1.04e+03  -6.0 1.47e+04    -  3.42e-04 6.45e-07h  2
 938r-1.1728504e+00 2.74e+01 9.99e+02   1.1 0.00e+00    -  0.00e+00 1.11e-08R  7
 939r-1.1728635e+00 2.74e+01 1.99e+05   1.1 1.48e+04    -  2.38e-06 1.71e-09f  2
iter    objective    inf_pr   inf_du lg(mu)  ||d||  lg(rg) alpha_du alpha_pr  ls
 940r-1.1728635e+00 2.74e+01 9.99e+02   1.1 0.00e+00    -  0.00e+00 1.34e-08R  7
 941r-1.1728760e+00 2.74e+01 6.11e+05   1.1 1.48e+04    -  8.33e-06 1.61e-09f  2
 942r-1.1728760e+00 2.74e+01 9.99e+02   1.1 0.00e+00    -  0.00e+00 1.87e-08R  7
 943r-1.1728884e+00 2.74e+01 6.21e+05   1.1 1.48e+04    -  9.41e-06 1.62e-09f  2
 944 -1.1728907e+00 2.74e+01 1.18e+02  -6.0 3.51e+03    -  1.82e-04 7.72e-07h  2
 945 -1.1731079e+00 2.74e+01 9.31e+02  -6.0 1.52e+04    -  3.03e-04 3.76e-05h  1
 946 -1.1731444e+00 2.74e+01 4.69e+05  -6.0 1.57e+04    -  8.52e-04 5.98e-06h  1
 947 -1.1732520e+00 2.74e+01 7.35e+05  -6.0 1.81e+04    -  3.48e-04 1.64e-05h  1
 948 -1.1733723e+00 2.74e+01 7.02e+05  -6.0 2.01e+04    -  6.98e-09 3.50e-05h  1
 949r-1.1733723e+00 2.74e+01 9.99e+02   1.1 0.00e+00    -  0.00e+00 1.09e-07R  2
iter    objective    inf_pr   inf_du lg(mu)  ||d||  lg(rg) alpha_du alpha_pr  ls
 950r-1.1733866e+00 2.74e+01 5.57e+05   1.1 1.48e+04    -  7.78e-06 1.95e-09f  2
 951r-1.1733866e+00 2.74e+01 9.99e+02   1.1 0.00e+00    -  0.00e+00 6.92e-08R  2
 952r-1.1734132e+00 2.74e+01 1.90e+05   1.1 4.13e+04    -  3.78e-07 1.62e-09f  2
 953r-1.1734132e+00 2.74e+01 9.99e+02   1.1 0.00e+00    -  0.00e+00 2.14e-08R  6
 954r-1.1734259e+00 2.74e+01 7.89e+05   1.1 1.48e+04    -  1.00e-05 1.62e-09f  2
 955r-1.1734259e+00 2.74e+01 9.99e+02   1.1 0.00e+00    -  0.00e+00 1.61e-08R  7
 956r-1.1734384e+00 2.74e+01 7.47e+05   1.1 1.48e+04    -  1.04e-05 1.62e-09f  2
 957 -1.1734407e+00 2.74e+01 1.01e+02  -6.0 3.74e+03    -  6.46e-05 6.90e-07h  2
 958 -1.1734907e+00 2.74e+01 1.04e+03  -6.0 1.49e+04    -  3.37e-04 8.72e-06h  1
 959 -1.1736106e+00 2.74e+01 3.64e+03  -6.0 1.61e+04    -  8.35e-04 2.44e-05f  1
iter    objective    inf_pr   inf_du lg(mu)  ||d||  lg(rg) alpha_du alpha_pr  ls
 960 -1.1737769e+00 2.74e+01 7.04e+05  -6.0 1.63e+04    -  1.18e-03 3.55e-05h  1
 961 -1.1738404e+00 2.74e+01 7.65e+05  -6.0 1.67e+04    -  8.42e-05 2.06e-05h  1
 962 -1.1738487e+00 2.74e+01 5.02e+06  -6.0 2.84e+04    -  2.19e-03 2.65e-06h  2
 963 -1.1739334e+00 2.74e+01 1.25e+07  -6.0 3.38e+04    -  2.25e-03 2.58e-05h  1
 964 -1.1739865e+00 2.74e+01 2.84e+07  -6.0 3.71e+04    -  2.14e-03 1.18e-05h  1
 965r-1.1739865e+00 2.74e+01 1.00e+03   1.1 0.00e+00    -  0.00e+00 2.76e-07R  6
 966r-1.1740113e+00 2.74e+01 5.14e+05   1.1 1.47e+04    -  7.76e-06 3.42e-09f  2
 967r-1.1740113e+00 2.74e+01 9.99e+02   1.1 0.00e+00    -  0.00e+00 1.98e-07R  2
 968r-1.1740450e+00 2.74e+01 4.89e+05   1.1 6.76e+04    -  1.68e-06 1.62e-09f  2
 969r-1.1740450e+00 2.74e+01 9.99e+02   1.1 0.00e+00    -  0.00e+00 1.36e-08R  7
iter    objective    inf_pr   inf_du lg(mu)  ||d||  lg(rg) alpha_du alpha_pr  ls
 970r-1.1740585e+00 2.74e+01 5.75e+05   1.1 1.48e+04    -  3.10e-06 1.62e-09f  2
 971 -1.1740606e+00 2.74e+01 1.01e+02  -6.0 4.13e+03    -  5.19e-05 6.11e-07h  2
 972 -1.1740651e+00 2.74e+01 1.12e+03  -6.0 1.49e+04    -  3.55e-04 7.77e-07h  2
 973 -1.1740674e+00 2.74e+01 3.99e+03  -6.0 1.51e+04    -  9.08e-04 3.97e-07h  2
 974 -1.1741629e+00 2.74e+01 4.19e+04  -6.0 1.51e+04    -  6.16e-04 2.01e-05h  1
 975 -1.1742646e+00 2.74e+01 1.96e+04  -6.0 1.54e+04    -  4.84e-07 3.03e-05h  1
 976 -1.1742894e+00 2.74e+01 2.82e+06  -6.0 2.09e+04    -  2.33e-03 6.41e-06h  1
 977 -1.1744660e+00 2.74e+01 8.35e+06  -6.0 3.80e+04    -  2.10e-03 5.78e-05h  1
 978 -1.1744763e+00 2.74e+01 2.06e+07  -6.0 3.68e+04    -  1.67e-03 2.17e-06h  2
 979 -1.1744104e+00 2.74e+01 3.57e+07  -6.0 4.38e+04    -  1.71e-03 1.47e-05h  1
iter    objective    inf_pr   inf_du lg(mu)  ||d||  lg(rg) alpha_du alpha_pr  ls
 980 -1.1728760e+00 2.74e+01 5.90e+07  -6.0 5.10e+04    -  2.30e-03 1.12e-04h  3
 981r-1.1728760e+00 2.74e+01 1.00e+03   1.1 0.00e+00    -  0.00e+00 3.98e-07R 12
 982r-1.1729049e+00 2.74e+01 5.16e+05   1.1 1.47e+04    -  7.75e-06 4.01e-09f  2
 983r-1.1729049e+00 2.74e+01 9.99e+02   1.1 0.00e+00    -  0.00e+00 4.36e-08R  5
 984r-1.1729302e+00 2.74e+01 1.44e+05   1.1 3.71e+04    -  5.80e-07 1.62e-09f  2
 985r-1.1729302e+00 2.74e+01 9.99e+02   1.1 0.00e+00    -  0.00e+00 1.64e-08R  7
 986r-1.1729437e+00 2.74e+01 5.95e+05   1.1 1.48e+04    -  4.22e-06 1.62e-09f  2
 987 -1.1729461e+00 2.74e+01 1.01e+02  -6.0 3.59e+03    -  4.13e-05 7.00e-07h  2
 988 -1.1729498e+00 2.74e+01 1.08e+03  -6.0 1.46e+04    -  3.51e-04 6.58e-07h  2
 989r-1.1729498e+00 2.74e+01 9.99e+02   1.1 0.00e+00    -  0.00e+00 1.05e-08R  7
iter    objective    inf_pr   inf_du lg(mu)  ||d||  lg(rg) alpha_du alpha_pr  ls
 990r-1.1729629e+00 2.74e+01 2.32e+05   1.1 1.47e+04    -  2.33e-06 1.69e-09f  2
 991r-1.1729629e+00 2.74e+01 9.99e+02   1.1 0.00e+00    -  0.00e+00 2.55e-08R  6
 992r-1.1729757e+00 2.74e+01 6.67e+05   1.1 1.47e+04    -  7.94e-06 1.62e-09f  2
 993r-1.1729757e+00 2.74e+01 9.99e+02   1.1 0.00e+00    -  0.00e+00 1.82e-08R  7
 994r-1.1729883e+00 2.74e+01 6.80e+05   1.1 1.47e+04    -  9.17e-06 1.62e-09f  2
 995 -1.1729905e+00 2.74e+01 1.18e+02  -6.0 3.56e+03    -  1.79e-04 7.54e-07h  2
 996 -1.1731709e+00 2.74e+01 9.82e+02  -6.0 1.51e+04    -  3.10e-04 3.14e-05h  1
 997 -1.1731758e+00 2.74e+01 8.23e+04  -6.0 1.76e+04    -  7.55e-04 8.04e-07h  2
 998 -1.1732564e+00 2.74e+01 2.33e+05  -6.0 1.69e+04    -  2.98e-04 1.22e-05h  1
 999 -1.1732748e+00 2.74e+01 2.30e+05  -6.0 1.35e+04    -  2.55e-09 3.38e-06h  1
iter    objective    inf_pr   inf_du lg(mu)  ||d||  lg(rg) alpha_du alpha_pr  ls
1000 -1.1734090e+00 2.74e+01 2.55e+06  -6.0 1.89e+04    -  2.21e-03 4.36e-05h  1

Number of Iterations....: 1000

                                   (scaled)                 (unscaled)
Objective...............:  -9.1672581871213232e-01   -1.1734090479515293e+00
Dual infeasibility......:   2.5453138359472766e+06    3.2580017100125141e+06
Constraint violation....:   1.2376620362172289e+01    2.7393945036211555e+01
Complementarity.........:   9.9962313313805844e+03    1.2795176104167149e+04
Overall NLP error.......:   2.5030382073113648e+06    3.2580017100125141e+06


Number of objective function evaluations             = 3027
Number of objective gradient evaluations             = 919
Number of equality constraint evaluations            = 3027
Number of inequality constraint evaluations          = 3027
Number of equality constraint Jacobian evaluations   = 1159
Number of inequality constraint Jacobian evaluations = 1159
Number of Lagrangian Hessian evaluations             = 1000
Total CPU secs in IPOPT (w/o function evaluations)   =   1247.140
Total CPU secs in NLP function evaluations           =     32.694

EXIT: Maximum Number of Iterations Exceeded.
