
List of user-set options:

                                    Name   Value                used
                           compl_inf_tol = 1                     yes
                         constr_viol_tol = 1                     yes
                            dual_inf_tol = 1000                  yes
                           linear_solver = ma97                  yes
                              ma86_small = 1e-30                  no
                                  ma86_u = 0.0001                 no
                              ma97_order = best                  yes
                              ma97_small = 1e-30                 yes
                            ma97_switch1 = at_start              yes
                            ma97_switch2 = od_hd_reuse           yes
                                  ma97_u = 1e-06                 yes
                               ma97_umax = 0.5                   yes
                                max_iter = 1000                  yes
                    max_refinement_steps = 20                    yes
                    min_refinement_steps = 5                     yes
                                 mu_init = 1e-06                 yes
           mu_superlinear_decrease_power = 1.25                  yes
                   nlp_scaling_min_value = 1e-08                 yes
                        option_file_name = Preset_Case_750_pf.opt  yes
                             output_file = ./tmp/Preset_Case_750_pf.output  yes
                      print_user_options = yes                   yes
        required_infeasibility_reduction = 1                      no
                                     tol = 1e-08                 yes
                   warm_start_bound_frac = 1e-20                 yes
                   warm_start_bound_push = 1e-20                 yes
                   warm_start_init_point = yes                   yes
              warm_start_mult_bound_push = 1e-20                 yes
                warm_start_mult_init_max = 1e+40                 yes
             warm_start_slack_bound_frac = 1e-20                 yes
             warm_start_slack_bound_push = 1e-20                 yes

******************************************************************************
This program contains Ipopt, a library for large-scale nonlinear optimization.
 Ipopt is released as open source code under the Eclipse Public License (EPL).
         For more information visit http://projects.coin-or.org/Ipopt
******************************************************************************

This is Ipopt version 3.12.10, running with linear solver ma97.

Number of nonzeros in equality constraint Jacobian...:   116830
Number of nonzeros in inequality constraint Jacobian.:      145
Number of nonzeros in Lagrangian Hessian.............:    47112

Total number of variables............................:    30018
                     variables with only lower bounds:    11389
                variables with lower and upper bounds:    15099
                     variables with only upper bounds:        0
Total number of equality constraints.................:    29942
Total number of inequality constraints...............:       21
        inequality constraints with only lower bounds:        0
   inequality constraints with lower and upper bounds:        0
        inequality constraints with only upper bounds:       21

iter    objective    inf_pr   inf_du lg(mu)  ||d||  lg(rg) alpha_du alpha_pr  ls
   0 -6.8653755e+03 1.72e-03 9.80e+01  -6.0 0.00e+00    -  0.00e+00 0.00e+00   0
   1 -6.8653755e+03 1.72e-03 1.50e+08  -6.0 3.78e+02    -  2.38e-06 3.90e-06h  1
   2 -6.8653756e+03 1.72e-03 5.04e+08  -6.0 1.44e+02    -  3.90e-06 1.48e-05f  1
   3 -6.8653756e+03 1.72e-03 5.04e+08  -6.0 3.43e+02    -  1.46e-05 4.87e-07h  2
   4 -6.8653712e+03 1.72e-03 5.03e+08  -6.0 1.82e+03    -  5.76e-07 3.50e-04h 11
   5 -6.8653707e+03 1.72e-03 5.03e+08  -6.0 1.81e+03    -  3.69e-04 4.38e-05h 14
   6 -6.8653701e+03 1.72e-03 5.03e+08  -6.0 1.81e+03    -  4.19e-04 4.38e-05h 14
   7 -6.8653696e+03 1.72e-03 5.03e+08  -6.0 1.81e+03    -  6.28e-04 4.38e-05h 14
   8 -6.8653691e+03 1.72e-03 5.03e+08  -6.0 1.81e+03    -  7.47e-04 4.38e-05h 14
   9 -6.8653685e+03 1.72e-03 5.03e+08  -6.0 1.81e+03    -  9.48e-04 4.38e-05h 14
iter    objective    inf_pr   inf_du lg(mu)  ||d||  lg(rg) alpha_du alpha_pr  ls
  10 -6.8653680e+03 1.71e-03 5.03e+08  -6.0 1.81e+03    -  4.50e-03 4.38e-05h 14
  11 -6.8653674e+03 1.71e-03 5.03e+08  -6.0 1.81e+03    -  9.32e-04 4.38e-05h 14
  12 -6.8653669e+03 1.71e-03 5.03e+08  -6.0 1.81e+03    -  2.43e-03 4.38e-05h 14
  13 -6.8609083e+03 7.78e+00 3.23e+08  -6.0 1.81e+03    -  1.01e-03 3.59e-01w  1
  14 -6.8604312e+03 5.84e+00 2.39e+08  -6.0 2.55e+02    -  8.24e-02 2.61e-01w  1
  15 -6.8604338e+03 5.16e+00 2.11e+08  -6.0 6.88e+01    -  8.67e-02 1.16e-01w  1
  16 -6.8653663e+03 1.71e-03 5.03e+08  -6.0 1.02e+02    -  1.01e-03 4.38e-05h 13
  17 -6.8653658e+03 1.71e-03 5.03e+08  -6.0 1.81e+03    -  2.69e-03 4.38e-05h 14
  18 -6.8653652e+03 1.71e-03 5.03e+08  -6.0 1.81e+03    -  1.14e-03 4.38e-05h 14
  19 -6.8653647e+03 1.71e-03 5.03e+08  -6.0 1.81e+03    -  2.94e-03 4.38e-05h 14
iter    objective    inf_pr   inf_du lg(mu)  ||d||  lg(rg) alpha_du alpha_pr  ls
  20 -6.8653642e+03 1.71e-03 5.03e+08  -6.0 1.81e+03    -  1.27e-03 4.38e-05h 14
  21 -6.8653636e+03 1.71e-03 5.03e+08  -6.0 1.81e+03    -  3.19e-03 4.38e-05h 14
  22 -6.8653631e+03 1.71e-03 5.03e+08  -6.0 1.81e+03    -  1.41e-03 4.38e-05h 14
  23 -6.8653625e+03 1.71e-03 5.03e+08  -6.0 1.81e+03    -  3.44e-03 4.38e-05h 14
  24 -6.8653620e+03 1.71e-03 5.03e+08  -6.0 1.81e+03    -  1.54e-03 4.38e-05h 14
  25 -6.8653614e+03 1.71e-03 5.03e+08  -6.0 1.81e+03    -  3.68e-03 4.38e-05h 14
  26 -6.8609089e+03 7.76e+00 3.23e+08  -6.0 1.81e+03    -  1.68e-03 3.59e-01w  1
  27 -6.8604325e+03 5.82e+00 2.39e+08  -6.0 2.54e+02    -  8.27e-02 2.61e-01w  1
  28 -6.8604353e+03 5.15e+00 2.11e+08  -6.0 6.88e+01    -  8.69e-02 1.16e-01w  1
  29 -6.8653609e+03 1.71e-03 5.03e+08  -6.0 1.03e+02    -  1.68e-03 4.38e-05h 13
iter    objective    inf_pr   inf_du lg(mu)  ||d||  lg(rg) alpha_du alpha_pr  ls
  30 -6.8653598e+03 1.71e-03 5.03e+08  -6.0 1.81e+03    -  3.92e-03 8.76e-05h 13
  31 -6.8653587e+03 1.71e-03 5.03e+08  -6.0 1.81e+03    -  1.87e-03 8.76e-05h 13
  32 -6.8653576e+03 1.71e-03 5.03e+08  -6.0 1.81e+03    -  4.45e-03 8.76e-05h 13
  33 -6.8653565e+03 1.71e-03 5.03e+08  -6.0 1.81e+03    -  2.14e-03 8.76e-05h 13
  34 -6.8653555e+03 1.71e-03 5.03e+08  -6.0 1.81e+03    -  4.96e-03 8.76e-05h 13
  35 -6.8653544e+03 1.71e-03 5.03e+08  -6.0 1.81e+03    -  2.40e-03 8.76e-05h 13
  36 -6.8653533e+03 1.71e-03 5.03e+08  -6.0 1.80e+03    -  5.48e-03 8.76e-05h 13
  37 -6.8653522e+03 1.71e-03 5.03e+08  -6.0 1.80e+03    -  2.66e-03 8.76e-05h 13
  38 -6.8653511e+03 1.71e-03 5.03e+08  -6.0 1.80e+03    -  5.99e-03 8.77e-05h 13
  39 -6.8609101e+03 7.72e+00 3.22e+08  -6.0 1.80e+03    -  2.93e-03 3.59e-01w  1
iter    objective    inf_pr   inf_du lg(mu)  ||d||  lg(rg) alpha_du alpha_pr  ls
  40 -6.8604349e+03 5.79e+00 2.38e+08  -6.0 2.54e+02    -  8.32e-02 2.61e-01w  1
  41 -6.8604380e+03 5.13e+00 2.11e+08  -6.0 6.88e+01    -  8.74e-02 1.15e-01w  1
  42 -6.8653500e+03 1.71e-03 5.03e+08  -6.0 1.03e+02    -  2.93e-03 8.77e-05h 12
  43 -6.8653490e+03 1.71e-03 5.03e+08  -6.0 1.80e+03    -  6.50e-03 8.77e-05h 13
  44 -6.8653479e+03 1.71e-03 5.03e+08  -6.0 1.80e+03    -  3.20e-03 8.77e-05h 13
  45 -6.8653468e+03 1.71e-03 5.02e+08  -6.0 1.80e+03    -  7.00e-03 8.77e-05h 13
  46 -6.8653457e+03 1.71e-03 5.02e+08  -6.0 1.80e+03    -  3.46e-03 8.77e-05h 13
  47 -6.8653446e+03 1.71e-03 5.02e+08  -6.0 1.80e+03    -  7.50e-03 8.77e-05h 13
  48 -6.8653435e+03 1.71e-03 5.02e+08  -6.0 1.80e+03    -  3.73e-03 8.77e-05h 13
  49 -6.8653425e+03 1.71e-03 5.02e+08  -6.0 1.80e+03    -  8.00e-03 8.77e-05h 13
iter    objective    inf_pr   inf_du lg(mu)  ||d||  lg(rg) alpha_du alpha_pr  ls
  50 -6.8653414e+03 1.71e-03 5.02e+08  -6.0 1.80e+03    -  4.00e-03 8.77e-05h 13
  51 -6.8653403e+03 1.71e-03 5.02e+08  -6.0 1.80e+03    -  8.50e-03 8.77e-05h 13
  52 -6.8609113e+03 7.67e+00 3.22e+08  -6.0 1.80e+03    -  4.27e-03 3.59e-01w  1
  53 -6.8604375e+03 5.76e+00 2.38e+08  -6.0 2.53e+02    -  8.39e-02 2.60e-01w  1
  54 -6.8604409e+03 5.10e+00 2.11e+08  -6.0 6.88e+01    -  8.81e-02 1.15e-01w  1
  55 -6.8653392e+03 1.71e-03 5.02e+08  -6.0 1.03e+02    -  4.27e-03 8.77e-05h 12
  56 -6.8653381e+03 1.70e-03 5.02e+08  -6.0 1.80e+03    -  9.00e-03 8.77e-05h 13
  57 -6.8653371e+03 1.70e-03 5.02e+08  -6.0 1.80e+03    -  4.54e-03 8.77e-05h 13
  58 -6.8653360e+03 1.70e-03 5.02e+08  -6.0 1.79e+03    -  9.49e-03 8.78e-05h 13
  59 -6.8653349e+03 1.70e-03 5.02e+08  -6.0 1.79e+03    -  4.81e-03 8.78e-05h 13
iter    objective    inf_pr   inf_du lg(mu)  ||d||  lg(rg) alpha_du alpha_pr  ls
  60 -6.8653338e+03 1.70e-03 5.02e+08  -6.0 1.79e+03    -  9.98e-03 8.78e-05h 13
  61 -6.8653327e+03 1.70e-03 5.02e+08  -6.0 1.79e+03    -  5.08e-03 8.78e-05h 13
  62 -6.8653317e+03 1.70e-03 5.02e+08  -6.0 1.79e+03    -  1.05e-02 8.78e-05h 13
  63 -6.8653306e+03 1.70e-03 5.02e+08  -6.0 1.79e+03    -  5.35e-03 8.78e-05h 13
  64 -6.8653295e+03 1.70e-03 5.02e+08  -6.0 1.79e+03    -  1.10e-02 8.78e-05h 13
  65 -6.8609125e+03 7.63e+00 3.21e+08  -6.0 1.79e+03    -  5.62e-03 3.60e-01w  1
  66 -6.8604400e+03 5.73e+00 2.38e+08  -6.0 2.53e+02    -  8.48e-02 2.60e-01w  1
  67 -6.8604438e+03 5.07e+00 2.10e+08  -6.0 6.89e+01    -  8.91e-02 1.15e-01w  1
  68 -6.8653284e+03 1.70e-03 5.02e+08  -6.0 1.03e+02    -  5.62e-03 8.78e-05h 12
  69 -6.8653273e+03 1.70e-03 5.02e+08  -6.0 1.79e+03    -  1.14e-02 8.78e-05h 13
iter    objective    inf_pr   inf_du lg(mu)  ||d||  lg(rg) alpha_du alpha_pr  ls
  70 -6.8653263e+03 1.70e-03 5.02e+08  -6.0 1.79e+03    -  5.89e-03 8.78e-05h 13
  71 -6.8653252e+03 1.70e-03 5.02e+08  -6.0 1.79e+03    -  1.19e-02 8.78e-05h 13
  72 -6.8653241e+03 1.70e-03 5.02e+08  -6.0 1.79e+03    -  6.17e-03 8.78e-05h 13
  73 -6.8653230e+03 1.70e-03 5.02e+08  -6.0 1.79e+03    -  1.24e-02 8.78e-05h 13
  74 -6.8653220e+03 1.70e-03 5.01e+08  -6.0 1.79e+03    -  6.44e-03 8.78e-05h 13
  75 -6.8653209e+03 1.70e-03 5.01e+08  -6.0 1.79e+03    -  1.29e-02 8.79e-05h 13
  76 -6.8653198e+03 1.70e-03 5.01e+08  -6.0 1.78e+03    -  6.71e-03 8.79e-05h 13
  77 -6.8653187e+03 1.70e-03 5.01e+08  -6.0 1.78e+03    -  1.34e-02 8.79e-05h 13
  78 -6.8609136e+03 7.59e+00 3.21e+08  -6.0 1.78e+03    -  6.99e-03 3.60e-01w  1
  79 -6.8604425e+03 5.70e+00 2.37e+08  -6.0 2.52e+02    -  8.60e-02 2.60e-01w  1
iter    objective    inf_pr   inf_du lg(mu)  ||d||  lg(rg) alpha_du alpha_pr  ls
  80 -6.8604467e+03 5.05e+00 2.10e+08  -6.0 6.89e+01    -  9.05e-02 1.15e-01w  1
  81 -6.8653176e+03 1.70e-03 5.01e+08  -6.0 1.04e+02    -  6.99e-03 8.79e-05h 12
  82 -6.8653166e+03 1.70e-03 5.01e+08  -6.0 1.78e+03    -  1.39e-02 8.79e-05h 13
  83 -6.8653155e+03 1.70e-03 5.01e+08  -6.0 1.78e+03    -  7.26e-03 8.79e-05h 13
  84 -6.8653144e+03 1.70e-03 5.01e+08  -6.0 1.78e+03    -  1.43e-02 8.79e-05h 13
  85 -6.8653134e+03 1.70e-03 5.01e+08  -6.0 1.78e+03    -  7.54e-03 8.79e-05h 13
  86 -6.8653123e+03 1.70e-03 5.01e+08  -6.0 1.78e+03    -  1.48e-02 8.79e-05h 13
  87 -6.8653112e+03 1.70e-03 5.01e+08  -6.0 1.78e+03    -  7.81e-03 8.79e-05h 13
  88 -6.8653101e+03 1.70e-03 5.01e+08  -6.0 1.78e+03    -  1.53e-02 8.79e-05h 13
  89 -6.8653091e+03 1.70e-03 5.01e+08  -6.0 1.78e+03    -  8.09e-03 8.79e-05h 13
iter    objective    inf_pr   inf_du lg(mu)  ||d||  lg(rg) alpha_du alpha_pr  ls
  90 -6.8653080e+03 1.69e-03 5.01e+08  -6.0 1.78e+03    -  1.58e-02 8.79e-05h 13
  91 -6.8609146e+03 7.55e+00 3.20e+08  -6.0 1.78e+03    -  8.36e-03 3.60e-01w  1
  92 -6.8604450e+03 5.67e+00 2.37e+08  -6.0 2.52e+02    -  8.73e-02 2.60e-01w  1
  93 -6.8604495e+03 5.02e+00 2.10e+08  -6.0 6.89e+01    -  9.20e-02 1.14e-01w  1
  94 -6.8653069e+03 1.69e-03 5.01e+08  -6.0 1.04e+02    -  8.36e-03 8.79e-05h 12
  95 -6.8653058e+03 1.69e-03 5.01e+08  -6.0 1.78e+03    -  1.62e-02 8.80e-05h 13
  96 -6.8653048e+03 1.69e-03 5.01e+08  -6.0 1.78e+03    -  8.64e-03 8.80e-05h 13
  97 -6.8653037e+03 1.69e-03 5.01e+08  -6.0 1.78e+03    -  1.67e-02 8.80e-05h 13
  98 -6.8653026e+03 1.69e-03 5.01e+08  -6.0 1.77e+03    -  8.92e-03 8.80e-05h 13
  99 -6.8653016e+03 1.69e-03 5.01e+08  -6.0 1.77e+03    -  1.72e-02 8.80e-05h 13
iter    objective    inf_pr   inf_du lg(mu)  ||d||  lg(rg) alpha_du alpha_pr  ls
 100 -6.8653005e+03 1.69e-03 5.01e+08  -6.0 1.77e+03    -  9.19e-03 8.80e-05h 13
 101 -6.8652994e+03 1.69e-03 5.01e+08  -6.0 1.77e+03    -  1.77e-02 8.80e-05h 13
 102 -6.8652983e+03 1.69e-03 5.01e+08  -6.0 1.77e+03    -  9.47e-03 8.80e-05h 13
 103 -6.8652973e+03 1.69e-03 5.00e+08  -6.0 1.77e+03    -  1.81e-02 8.80e-05h 13
 104 -6.8609157e+03 7.51e+00 3.20e+08  -6.0 1.77e+03    -  9.75e-03 3.61e-01w  1
 105 -6.8604474e+03 5.64e+00 2.37e+08  -6.0 2.51e+02    -  8.87e-02 2.60e-01w  1
 106 -6.8604523e+03 5.00e+00 2.10e+08  -6.0 6.89e+01    -  9.36e-02 1.14e-01w  1
 107 -6.8652962e+03 1.69e-03 5.00e+08  -6.0 1.04e+02    -  9.75e-03 8.80e-05h 12
 108 -6.8652951e+03 1.69e-03 5.00e+08  -6.0 1.77e+03    -  1.86e-02 8.80e-05h 13
 109 -6.8652941e+03 1.69e-03 5.00e+08  -6.0 1.77e+03    -  1.00e-02 8.80e-05h 13
iter    objective    inf_pr   inf_du lg(mu)  ||d||  lg(rg) alpha_du alpha_pr  ls
 110 -6.8652930e+03 1.69e-03 5.00e+08  -6.0 1.77e+03    -  1.91e-02 8.80e-05h 13
 111 -6.8652919e+03 1.69e-03 5.00e+08  -6.0 1.77e+03    -  1.03e-02 8.80e-05h 13
 112 -6.8652909e+03 1.69e-03 5.00e+08  -6.0 1.77e+03    -  1.95e-02 8.81e-05h 13
 113 -6.8652898e+03 1.69e-03 5.00e+08  -6.0 1.77e+03    -  1.06e-02 8.81e-05h 13
 114 -6.8652887e+03 1.69e-03 5.00e+08  -6.0 1.77e+03    -  2.00e-02 8.81e-05h 13
 115 -6.8652877e+03 1.69e-03 5.00e+08  -6.0 1.77e+03    -  1.09e-02 8.81e-05h 13
 116 -6.8652866e+03 1.69e-03 5.00e+08  -6.0 1.77e+03    -  2.05e-02 8.81e-05h 13
 117 -6.8609166e+03 7.47e+00 3.20e+08  -6.0 1.76e+03    -  1.11e-02 3.61e-01w  1
 118 -6.8604498e+03 5.62e+00 2.37e+08  -6.0 2.50e+02    -  3.66e-05 2.60e-01w  1
 119 -6.8604551e+03 4.98e+00 2.10e+08  -6.0 6.90e+01    -  8.63e-02 1.14e-01w  1
iter    objective    inf_pr   inf_du lg(mu)  ||d||  lg(rg) alpha_du alpha_pr  ls
 120 -6.8652855e+03 1.69e-03 5.00e+08  -6.0 1.04e+02    -  1.11e-02 8.81e-05h 12
 121 -6.8652845e+03 1.69e-03 5.00e+08  -6.0 1.76e+03    -  2.09e-02 8.81e-05h 13
 122 -6.8652834e+03 1.69e-03 5.00e+08  -6.0 1.76e+03    -  1.14e-02 8.81e-05h 13
 123 -6.8652823e+03 1.69e-03 5.00e+08  -6.0 1.76e+03    -  2.14e-02 8.81e-05h 13
 124 -6.8652813e+03 1.69e-03 5.00e+08  -6.0 1.76e+03    -  1.17e-02 8.81e-05h 13
 125 -6.8652802e+03 1.69e-03 5.00e+08  -6.0 1.76e+03    -  2.19e-02 8.81e-05h 13
 126 -6.8652791e+03 1.69e-03 5.00e+08  -6.0 1.76e+03    -  1.20e-02 8.81e-05h 13
 127 -6.8652781e+03 1.68e-03 5.00e+08  -6.0 1.76e+03    -  2.23e-02 8.81e-05h 13
 128 -6.8652770e+03 1.68e-03 5.00e+08  -6.0 1.76e+03    -  1.23e-02 8.81e-05h 13
 129 -6.8652759e+03 1.68e-03 5.00e+08  -6.0 1.76e+03    -  2.28e-02 8.82e-05h 13
iter    objective    inf_pr   inf_du lg(mu)  ||d||  lg(rg) alpha_du alpha_pr  ls
 130 -6.8609176e+03 7.43e+00 3.19e+08  -6.0 1.76e+03    -  1.25e-02 3.61e-01w  1
 131 -6.8604522e+03 5.59e+00 2.36e+08  -6.0 2.50e+02    -  1.13e-05 2.59e-01w  1
 132 -6.8604578e+03 4.95e+00 2.09e+08  -6.0 6.90e+01    -  8.67e-02 1.14e-01w  1
 133 -6.8652749e+03 1.68e-03 5.00e+08  -6.0 1.05e+02    -  1.25e-02 8.82e-05h 12
 134 -6.8652738e+03 1.68e-03 4.99e+08  -6.0 1.76e+03    -  2.33e-02 8.82e-05h 13
 135 -6.8652727e+03 1.68e-03 4.99e+08  -6.0 1.76e+03    -  1.28e-02 8.82e-05h 13
 136 -6.8652717e+03 1.68e-03 4.99e+08  -6.0 1.76e+03    -  2.37e-02 8.82e-05h 13
 137 -6.8652706e+03 1.68e-03 4.99e+08  -6.0 1.76e+03    -  1.31e-02 8.82e-05h 13
 138 -6.8652695e+03 1.68e-03 4.99e+08  -6.0 1.76e+03    -  2.42e-02 8.82e-05h 13
 139 -6.8652685e+03 1.68e-03 4.99e+08  -6.0 1.75e+03    -  1.34e-02 8.82e-05h 13
iter    objective    inf_pr   inf_du lg(mu)  ||d||  lg(rg) alpha_du alpha_pr  ls
 140 -6.8652674e+03 1.68e-03 4.99e+08  -6.0 1.75e+03    -  2.47e-02 8.82e-05h 13
 141 -6.8652664e+03 1.68e-03 4.99e+08  -6.0 1.75e+03    -  1.37e-02 8.82e-05h 13
 142 -6.8652653e+03 1.68e-03 4.99e+08  -6.0 1.75e+03    -  2.51e-02 8.82e-05h 13
 143 -6.8609185e+03 7.39e+00 3.19e+08  -6.0 1.75e+03    -  1.39e-02 3.61e-01w  1
 144 -6.8604545e+03 5.56e+00 2.36e+08  -6.0 2.49e+02    -  7.36e-06 2.59e-01w  1
 145 -6.8604606e+03 4.93e+00 2.09e+08  -6.0 6.90e+01    -  8.70e-02 1.14e-01w  1
 146 -6.8652642e+03 1.68e-03 4.99e+08  -6.0 1.05e+02    -  1.39e-02 8.82e-05h 12
 147 -6.8652632e+03 1.68e-03 4.99e+08  -6.0 1.75e+03    -  2.56e-02 8.82e-05h 13
 148 -6.8652621e+03 1.68e-03 4.99e+08  -6.0 1.75e+03    -  1.42e-02 8.82e-05h 13
 149 -6.8652611e+03 1.68e-03 4.99e+08  -6.0 1.75e+03    -  2.60e-02 8.83e-05h 13
iter    objective    inf_pr   inf_du lg(mu)  ||d||  lg(rg) alpha_du alpha_pr  ls
 150 -6.8652600e+03 1.68e-03 4.99e+08  -6.0 1.75e+03    -  1.45e-02 8.83e-05h 13
 151 -6.8652589e+03 1.68e-03 4.99e+08  -6.0 1.75e+03    -  2.65e-02 8.83e-05h 13
 152 -6.8652579e+03 1.68e-03 4.99e+08  -6.0 1.75e+03    -  1.48e-02 8.83e-05h 13
 153 -6.8652568e+03 1.68e-03 4.99e+08  -6.0 1.75e+03    -  2.70e-02 8.83e-05h 13
 154 -6.8652558e+03 1.68e-03 4.99e+08  -6.0 1.75e+03    -  1.51e-02 8.83e-05h 13
 155 -6.8652547e+03 1.68e-03 4.99e+08  -6.0 1.75e+03    -  2.74e-02 8.83e-05h 13
 156 -6.8609193e+03 7.35e+00 3.18e+08  -6.0 1.75e+03    -  1.53e-02 3.62e-01w  1
 157 -6.8604569e+03 5.53e+00 2.36e+08  -6.0 2.49e+02    -  5.82e-06 2.59e-01w  1
 158 -6.8604633e+03 4.90e+00 2.09e+08  -6.0 6.90e+01    -  8.71e-02 1.13e-01w  1
 159 -6.8652536e+03 1.68e-03 4.99e+08  -6.0 1.05e+02    -  1.53e-02 8.83e-05h 12
iter    objective    inf_pr   inf_du lg(mu)  ||d||  lg(rg) alpha_du alpha_pr  ls
 160 -6.8652526e+03 1.68e-03 4.99e+08  -6.0 1.75e+03    -  2.79e-02 8.83e-05h 13
 161 -6.8652515e+03 1.68e-03 4.99e+08  -6.0 1.75e+03    -  1.56e-02 8.83e-05h 13
 162 -6.8652505e+03 1.68e-03 4.99e+08  -6.0 1.74e+03    -  2.83e-02 8.83e-05h 13
 163 -6.8652494e+03 1.68e-03 4.98e+08  -6.0 1.74e+03    -  1.59e-02 8.83e-05h 13
 164 -6.8652484e+03 1.67e-03 4.98e+08  -6.0 1.74e+03    -  2.88e-02 8.83e-05h 13
 165 -6.8652473e+03 1.67e-03 4.98e+08  -6.0 1.74e+03    -  1.62e-02 8.84e-05h 13
 166 -6.8652462e+03 1.67e-03 4.98e+08  -6.0 1.74e+03    -  2.92e-02 8.84e-05h 13
 167 -6.8652452e+03 1.67e-03 4.98e+08  -6.0 1.74e+03    -  1.65e-02 8.84e-05h 13
 168 -6.8652441e+03 1.67e-03 4.98e+08  -6.0 1.74e+03    -  2.97e-02 8.84e-05h 13
 169 -6.8609202e+03 7.31e+00 3.18e+08  -6.0 1.74e+03    -  1.68e-02 3.62e-01w  1
iter    objective    inf_pr   inf_du lg(mu)  ||d||  lg(rg) alpha_du alpha_pr  ls
 170 -6.8604592e+03 5.50e+00 2.36e+08  -6.0 2.48e+02    -  5.04e-06 2.59e-01w  1
 171 -6.8604659e+03 4.88e+00 2.09e+08  -6.0 6.90e+01    -  5.17e-06 1.13e-01w  1
 172 -6.8652431e+03 1.67e-03 4.98e+08  -6.0 1.06e+02    -  1.68e-02 8.84e-05h 12
 173 -6.8652420e+03 1.67e-03 4.98e+08  -6.0 1.74e+03    -  3.02e-02 8.84e-05h 13
 174 -6.8652410e+03 1.67e-03 4.98e+08  -6.0 1.74e+03    -  1.70e-02 8.84e-05h 13
 175 -6.8652399e+03 1.67e-03 4.98e+08  -6.0 1.74e+03    -  3.06e-02 8.84e-05h 13
 176 -6.8652389e+03 1.67e-03 4.98e+08  -6.0 1.74e+03    -  1.73e-02 8.84e-05h 13
 177 -6.8652378e+03 1.67e-03 4.98e+08  -6.0 1.74e+03    -  3.11e-02 8.84e-05h 13
 178 -6.8652367e+03 1.67e-03 4.98e+08  -6.0 1.74e+03    -  1.76e-02 8.84e-05h 13
 179 -6.8652357e+03 1.67e-03 4.98e+08  -6.0 1.74e+03    -  3.15e-02 8.84e-05h 13
iter    objective    inf_pr   inf_du lg(mu)  ||d||  lg(rg) alpha_du alpha_pr  ls
 180 -6.8652346e+03 1.67e-03 4.98e+08  -6.0 1.74e+03    -  1.79e-02 8.84e-05h 13
 181 -6.8652336e+03 1.67e-03 4.98e+08  -6.0 1.73e+03    -  3.20e-02 8.84e-05h 13
 182 -6.8609209e+03 7.27e+00 3.17e+08  -6.0 1.73e+03    -  1.82e-02 3.62e-01w  1
 183 -6.8604981e+03 5.61e+00 2.42e+08  -6.0 2.47e+02    -  4.59e-06 2.38e-01w  1
 184 -6.8604858e+03 4.85e+00 2.09e+08  -6.0 6.82e+01    -  9.09e-02 1.35e-01w  1
 185 -6.8652325e+03 1.67e-03 4.98e+08  -6.0 1.04e+02    -  1.82e-02 8.85e-05h 12
 186 -6.8652315e+03 1.67e-03 4.98e+08  -6.0 1.73e+03    -  3.24e-02 8.85e-05h 13
 187 -6.8652304e+03 1.67e-03 4.98e+08  -6.0 1.73e+03    -  1.85e-02 8.85e-05h 13
 188 -6.8652294e+03 1.67e-03 4.98e+08  -6.0 1.73e+03    -  3.29e-02 8.85e-05h 13
 189 -6.8652283e+03 1.67e-03 4.98e+08  -6.0 1.73e+03    -  1.87e-02 8.85e-05h 13
iter    objective    inf_pr   inf_du lg(mu)  ||d||  lg(rg) alpha_du alpha_pr  ls
 190 -6.8652273e+03 1.67e-03 4.98e+08  -6.0 1.73e+03    -  3.33e-02 8.85e-05h 13
 191 -6.8652262e+03 1.67e-03 4.98e+08  -6.0 1.73e+03    -  1.90e-02 8.85e-05h 13
 192 -6.8652252e+03 1.67e-03 4.97e+08  -6.0 1.73e+03    -  3.38e-02 8.85e-05h 13
 193 -6.8652241e+03 1.67e-03 4.97e+08  -6.0 1.73e+03    -  1.93e-02 8.85e-05h 13
 194 -6.8652231e+03 1.67e-03 4.97e+08  -6.0 1.73e+03    -  3.25e-02 8.85e-05h 13
 195 -6.8609217e+03 7.24e+00 3.17e+08  -6.0 1.73e+03    -  2.02e-02 3.63e-01w  1
 196 -6.8606338e+03 6.09e+00 2.66e+08  -6.0 2.47e+02    -  4.32e-06 1.63e-01w  1
 197 -6.8605048e+03 4.87e+00 2.12e+08  -6.0 8.60e+01    -  1.05e-01 2.03e-01w  1
 198 -6.8652220e+03 1.67e-03 4.97e+08  -6.0 9.46e+01    -  2.02e-02 8.85e-05h 12
 199 -6.8652210e+03 1.67e-03 4.97e+08  -6.0 1.73e+03    -  2.97e-02 8.85e-05h 13
iter    objective    inf_pr   inf_du lg(mu)  ||d||  lg(rg) alpha_du alpha_pr  ls
 200 -6.8652199e+03 1.67e-03 4.97e+08  -6.0 1.73e+03    -  2.19e-02 8.85e-05h 13
 201 -6.8652189e+03 1.67e-03 4.97e+08  -6.0 1.73e+03    -  2.74e-02 8.86e-05h 13
 202 -6.8652178e+03 1.66e-03 4.97e+08  -6.0 1.73e+03    -  2.40e-02 8.86e-05h 13
 203 -6.8652168e+03 1.66e-03 4.97e+08  -6.0 1.73e+03    -  2.54e-02 8.86e-05h 13
 204 -6.8652157e+03 1.66e-03 4.97e+08  -6.0 1.72e+03    -  2.65e-02 8.86e-05h 13
 205 -6.8652147e+03 1.66e-03 4.97e+08  -6.0 1.72e+03    -  2.38e-02 8.86e-05h 13
 206 -6.8652136e+03 1.66e-03 4.97e+08  -6.0 1.72e+03    -  2.94e-02 8.86e-05h 13
 207 -6.8652126e+03 1.66e-03 4.97e+08  -6.0 1.72e+03    -  2.23e-02 8.86e-05h 13
 208 -6.8609224e+03 7.20e+00 3.17e+08  -6.0 1.72e+03    -  3.31e-02 3.63e-01w  1
 209 -6.8607312e+03 6.43e+00 2.82e+08  -6.0 2.46e+02    -  4.15e-06 1.08e-01w  1
iter    objective    inf_pr   inf_du lg(mu)  ||d||  lg(rg) alpha_du alpha_pr  ls
 210 -6.8604828e+03 4.89e+00 2.13e+08  -6.0 1.40e+02    -  1.04e-01 2.44e-01w  1
 211 -6.8652115e+03 1.66e-03 4.97e+08  -6.0 8.83e+01    -  3.31e-02 8.86e-05h 12
 212 -6.8652105e+03 1.66e-03 4.97e+08  -6.0 1.72e+03    -  2.10e-02 8.86e-05h 13
 213 -6.8652094e+03 1.66e-03 4.97e+08  -6.0 1.72e+03    -  3.77e-02 8.86e-05h 13
 214 -6.8652084e+03 1.66e-03 4.97e+08  -6.0 1.72e+03    -  1.99e-02 8.86e-05h 13
 215 -6.8652073e+03 1.66e-03 4.97e+08  -6.0 1.72e+03    -  4.37e-02 8.86e-05h 13
 216 -6.8652063e+03 1.66e-03 4.97e+08  -6.0 1.72e+03    -  1.88e-02 8.86e-05h 13
 217 -6.8652053e+03 1.66e-03 4.97e+08  -6.0 1.72e+03    -  5.19e-02 8.86e-05h 13
 218 -6.8652042e+03 1.66e-03 4.97e+08  -6.0 1.72e+03    -  1.79e-02 8.87e-05h 13
 219 -6.8652032e+03 1.66e-03 4.97e+08  -6.0 1.72e+03    -  6.37e-02 8.87e-05h 13
iter    objective    inf_pr   inf_du lg(mu)  ||d||  lg(rg) alpha_du alpha_pr  ls
 220 -6.8652021e+03 1.66e-03 4.96e+08  -6.0 1.72e+03    -  1.71e-02 8.87e-05h 13
 221 -6.8609230e+03 7.16e+00 3.16e+08  -6.0 1.72e+03    -  8.21e-02 3.63e-01w  1
 222 -6.8608172e+03 6.74e+00 2.97e+08  -6.0 2.45e+02    -  4.01e-06 6.01e-02w  1
 223 -6.8604390e+03 4.90e+00 2.14e+08  -6.0 1.87e+02    -  5.79e-02 2.81e-01w  1
 224 -6.8652011e+03 1.66e-03 4.96e+08  -6.0 8.64e+01    -  8.21e-02 8.87e-05h 12
 225 -6.8652000e+03 1.66e-03 4.96e+08  -6.0 1.72e+03    -  1.64e-02 8.87e-05h 13
 226 -6.8651990e+03 1.66e-03 4.96e+08  -6.0 1.71e+03    -  1.15e-01 8.87e-05h 13
 227 -6.8651979e+03 1.66e-03 4.96e+08  -6.0 1.71e+03    -  1.57e-02 8.87e-05h 13
 228 -6.8651969e+03 1.66e-03 4.96e+08  -6.0 1.71e+03    -  1.89e-01 8.87e-05h 13
 229 -6.8651959e+03 1.66e-03 4.96e+08  -6.0 1.71e+03    -  1.51e-02 8.87e-05h 13
iter    objective    inf_pr   inf_du lg(mu)  ||d||  lg(rg) alpha_du alpha_pr  ls
 230 -6.8651948e+03 1.66e-03 4.96e+08  -6.0 1.71e+03    -  5.30e-01 8.87e-05h 13
 231 -6.8651938e+03 1.66e-03 4.96e+08  -6.0 1.71e+03    -  1.45e-02 8.87e-05h 13
 232 -6.8651927e+03 1.66e-03 4.96e+08  -6.0 1.71e+03    -  1.00e+00 8.87e-05h 13
 233 -6.8651917e+03 1.66e-03 4.96e+08  -6.0 1.71e+03    -  1.45e-02 8.87e-05h 13
 234 -6.8609236e+03 7.12e+00 3.16e+08  -6.0 1.71e+03    -  3.28e-01 3.64e-01w  1
 235 -6.8609165e+03 7.10e+00 3.14e+08  -6.0 2.45e+02    -  3.88e-06 4.09e-03w  1
 236 -6.8604660e+03 5.33e+00 2.32e+08  -6.0 2.41e+02    -  4.26e-03 2.61e-01w  1
 237 -6.8651906e+03 1.66e-03 4.96e+08  -6.0 6.93e+01    -  3.28e-01 8.88e-05h 12
 238 -6.8651896e+03 1.66e-03 4.96e+08  -6.0 1.71e+03    -  1.51e-02 8.88e-05h 13
 239 -6.8651886e+03 1.66e-03 4.96e+08  -6.0 1.71e+03    -  1.00e+00 8.88e-05h 13
iter    objective    inf_pr   inf_du lg(mu)  ||d||  lg(rg) alpha_du alpha_pr  ls
 240 -6.8651875e+03 1.65e-03 4.96e+08  -6.0 1.71e+03    -  1.48e-02 8.88e-05h 13
 241 -6.8651865e+03 1.65e-03 4.96e+08  -6.0 1.71e+03    -  1.00e+00 8.88e-05h 13
 242 -6.8651854e+03 1.65e-03 4.96e+08  -6.0 1.71e+03    -  1.50e-02 8.88e-05h 13
 243 -6.8651844e+03 1.65e-03 4.96e+08  -6.0 1.71e+03    -  7.47e-02 8.88e-05h 13
 244 -6.8651834e+03 1.65e-03 4.96e+08  -6.0 1.71e+03    -  1.86e-02 8.88e-05h 13
 245 -6.8651823e+03 1.65e-03 4.96e+08  -6.0 1.71e+03    -  3.82e-01 8.88e-05h 13
 246 -6.8651813e+03 1.65e-03 4.96e+08  -6.0 1.70e+03    -  1.57e-02 8.88e-05h 13
 247 -6.8609242e+03 7.09e+00 3.15e+08  -6.0 1.70e+03    -  1.01e-01 3.64e-01w  1
 248 -6.8609239e+03 7.09e+00 3.15e+08  -6.0 2.41e+02    -  3.88e-06 1.50e-04w  1
 249 -6.8606205e+03 5.89e+00 2.61e+08  -6.0 2.44e+02    -  3.42e-04 1.73e-01w  1
iter    objective    inf_pr   inf_du lg(mu)  ||d||  lg(rg) alpha_du alpha_pr  ls
 250 -6.8651792e+03 1.65e-03 4.96e+08  -6.0 7.23e+01    -  1.01e-01 1.78e-04h 11
 251 -6.8651771e+03 1.65e-03 4.95e+08  -6.0 1.70e+03    -  1.80e-02 1.78e-04h 12
 252 -6.8651750e+03 1.65e-03 4.95e+08  -6.0 1.70e+03    -  1.04e-01 1.78e-04h 12
 253 -6.8651730e+03 1.65e-03 4.95e+08  -6.0 1.70e+03    -  1.84e-02 1.78e-04h 12
 254 -6.8651709e+03 1.65e-03 4.95e+08  -6.0 1.70e+03    -  4.26e-01 1.78e-04h 12
 255 -6.8651688e+03 1.65e-03 4.95e+08  -6.0 1.70e+03    -  1.66e-02 1.78e-04h 12
 256 -6.8651667e+03 1.65e-03 4.95e+08  -6.0 1.70e+03    -  4.26e-02 1.78e-04h 12
 257 -6.8651647e+03 1.65e-03 4.95e+08  -6.0 1.70e+03    -  2.62e-02 1.78e-04h 12
 258 -6.8651626e+03 1.65e-03 4.95e+08  -6.0 1.69e+03    -  1.89e-01 1.78e-04h 12
 259 -6.8651605e+03 1.65e-03 4.95e+08  -6.0 1.69e+03    -  1.82e-02 1.78e-04h 12
iter    objective    inf_pr   inf_du lg(mu)  ||d||  lg(rg) alpha_du alpha_pr  ls
 260 -6.8609249e+03 7.02e+00 3.14e+08  -6.0 1.69e+03    -  1.03e-02 3.64e-01w  1
 261 -6.8609249e+03 7.02e+00 3.14e+08  -6.0 1.08e+02    -  3.72e-04 5.23e-05w  1
 262 -6.8608809e+03 6.85e+00 3.07e+08  -6.0 2.63e+02    -  8.55e-05 2.34e-02w  1
 263 -6.8651585e+03 1.65e-03 4.95e+08  -6.0 2.83e+02    -  1.03e-02 1.78e-04h 11
 264 -6.8651564e+03 1.64e-03 4.95e+08  -6.0 1.69e+03    -  4.19e-03 1.78e-04h 12
 265 -6.8651543e+03 1.64e-03 4.94e+08  -6.0 1.69e+03    -  1.88e-03 1.78e-04h 12
 266 -6.8651531e+03 1.64e-03 4.94e+08  -6.0 1.73e+03    -  5.81e-05 9.97e-05h 13
 267 -6.8651514e+03 1.64e-03 4.94e+08  -6.0 1.81e+03    -  3.29e-05 1.39e-04h 13
 268 -6.8651501e+03 1.64e-03 4.94e+08  -6.0 1.91e+03    -  4.37e-04 1.01e-04h 14
 269 -6.8651488e+03 1.64e-03 4.94e+08  -6.0 1.91e+03    -  2.49e-04 1.00e-04h 14
iter    objective    inf_pr   inf_du lg(mu)  ||d||  lg(rg) alpha_du alpha_pr  ls
 270 -6.8651475e+03 1.64e-03 4.94e+08  -6.0 1.91e+03    -  1.62e-03 1.01e-04h 14
 271 -6.8651461e+03 1.64e-03 4.94e+08  -6.0 1.91e+03    -  4.85e-04 1.01e-04h 14
 272 -6.8651448e+03 1.64e-03 4.94e+08  -6.0 1.91e+03    -  2.99e-03 1.01e-04h 14
 273 -6.8543502e+03 4.53e+01 8.70e+07  -6.0 1.91e+03    -  7.17e-04 8.24e-01w  1
 274 -6.8554106e+03 3.67e+01 6.96e+07  -6.0 7.71e+02    -  1.54e-03 2.00e-01w  1
 275 -6.8554311e+03 3.65e+01 6.93e+07  -6.0 6.79e+02    -  5.29e-02 4.41e-03w  1
 276 -6.8651435e+03 1.64e-03 4.94e+08  -6.0 6.57e+02    -  7.17e-04 1.01e-04h 13
 277 -6.8651422e+03 1.64e-03 4.94e+08  -6.0 1.91e+03    -  4.50e-03 1.01e-04h 14
 278 -6.8651409e+03 1.64e-03 4.94e+08  -6.0 1.91e+03    -  9.47e-04 1.01e-04h 14
 279 -6.8651395e+03 1.64e-03 4.94e+08  -6.0 1.91e+03    -  6.12e-03 1.01e-04h 14
iter    objective    inf_pr   inf_du lg(mu)  ||d||  lg(rg) alpha_du alpha_pr  ls
 280 -6.8651382e+03 1.64e-03 4.94e+08  -6.0 1.91e+03    -  1.18e-03 1.01e-04h 14
 281 -6.8651369e+03 1.64e-03 4.94e+08  -6.0 1.90e+03    -  7.83e-03 1.01e-04h 14
 282 -6.8651356e+03 1.64e-03 4.94e+08  -6.0 1.90e+03    -  1.40e-03 1.01e-04h 14
 283 -6.8651343e+03 1.64e-03 4.94e+08  -6.0 1.90e+03    -  9.62e-03 1.01e-04h 14
 284 -6.8651330e+03 1.64e-03 4.94e+08  -6.0 1.90e+03    -  1.63e-03 1.01e-04h 14
 285 -6.8651316e+03 1.64e-03 4.94e+08  -6.0 1.90e+03    -  1.15e-02 1.01e-04h 14
 286 -6.8543805e+03 4.49e+01 8.70e+07  -6.0 1.90e+03    -  1.85e-03 8.24e-01w  1
 287 -6.8554419e+03 3.63e+01 6.94e+07  -6.0 7.65e+02    -  1.64e-03 2.02e-01w  1
 288 -6.8554597e+03 3.61e+01 6.92e+07  -6.0 6.80e+02    -  5.19e-02 3.82e-03w  1
 289 -6.8651303e+03 1.64e-03 4.94e+08  -6.0 6.54e+02    -  1.85e-03 1.01e-04h 13
iter    objective    inf_pr   inf_du lg(mu)  ||d||  lg(rg) alpha_du alpha_pr  ls
 290 -6.8651290e+03 1.64e-03 4.94e+08  -6.0 1.90e+03    -  1.34e-02 1.01e-04h 14
 291 -6.8651277e+03 1.64e-03 4.93e+08  -6.0 1.90e+03    -  2.08e-03 1.01e-04h 14
 292 -6.8651264e+03 1.64e-03 4.93e+08  -6.0 1.90e+03    -  1.54e-02 1.01e-04h 14
 293 -6.8651251e+03 1.64e-03 4.93e+08  -6.0 1.90e+03    -  2.30e-03 1.00e-04h 14
 294 -6.8651238e+03 1.63e-03 4.93e+08  -6.0 1.90e+03    -  1.75e-02 1.01e-04h 14
 295 -6.8651225e+03 1.63e-03 4.93e+08  -6.0 1.90e+03    -  2.53e-03 1.00e-04h 14
 296 -6.8651212e+03 1.63e-03 4.93e+08  -6.0 1.90e+03    -  1.97e-02 1.01e-04h 14
 297 -6.8651199e+03 1.63e-03 4.93e+08  -6.0 1.89e+03    -  2.75e-03 1.00e-04h 14
 298 -6.8651186e+03 1.63e-03 4.93e+08  -6.0 1.89e+03    -  2.18e-02 1.00e-04h 14
 299 -6.8544445e+03 4.43e+01 8.81e+07  -6.0 1.89e+03    -  2.97e-03 8.22e-01w  1
iter    objective    inf_pr   inf_du lg(mu)  ||d||  lg(rg) alpha_du alpha_pr  ls
 300 -6.8555059e+03 3.56e+01 7.00e+07  -6.0 7.51e+02    -  1.87e-03 2.06e-01w  1
 301 -6.8555196e+03 3.55e+01 6.98e+07  -6.0 6.80e+02    -  5.02e-02 2.93e-03w  1
 302 -6.8651173e+03 1.63e-03 4.93e+08  -6.0 6.47e+02    -  2.97e-03 1.00e-04h 13
 303 -6.8651159e+03 1.63e-03 4.93e+08  -6.0 1.89e+03    -  2.41e-02 1.00e-04h 14
 304 -6.8651146e+03 1.63e-03 4.93e+08  -6.0 1.89e+03    -  3.20e-03 1.00e-04h 14
 305 -6.8651133e+03 1.63e-03 4.93e+08  -6.0 1.89e+03    -  2.64e-02 1.00e-04h 14
 306 -6.8651120e+03 1.63e-03 4.93e+08  -6.0 1.89e+03    -  3.42e-03 1.00e-04h 14
 307 -6.8651107e+03 1.63e-03 4.93e+08  -6.0 1.89e+03    -  2.87e-02 1.00e-04h 14
 308 -6.8651095e+03 1.63e-03 4.93e+08  -6.0 1.89e+03    -  3.64e-03 1.00e-04h 14
 309 -6.8651082e+03 1.63e-03 4.93e+08  -6.0 1.89e+03    -  3.11e-02 1.00e-04h 14
iter    objective    inf_pr   inf_du lg(mu)  ||d||  lg(rg) alpha_du alpha_pr  ls
 310 -6.8651069e+03 1.63e-03 4.93e+08  -6.0 1.89e+03    -  3.87e-03 9.99e-05h 14
 311 -6.8651056e+03 1.63e-03 4.93e+08  -6.0 1.89e+03    -  3.36e-02 1.00e-04h 14
 312 -6.8545269e+03 4.35e+01 8.99e+07  -6.0 1.88e+03    -  4.09e-03 8.18e-01w  1
 313 -6.8555877e+03 3.48e+01 7.10e+07  -6.0 7.35e+02    -  2.24e-03 2.10e-01w  1
 314 -6.8555976e+03 3.47e+01 7.09e+07  -6.0 6.81e+02    -  4.85e-02 2.13e-03w  1
 315 -6.8651043e+03 1.63e-03 4.93e+08  -6.0 6.39e+02    -  4.09e-03 9.98e-05h 13
 316 -6.8651030e+03 1.63e-03 4.93e+08  -6.0 1.88e+03    -  3.61e-02 9.99e-05h 14
 317 -6.8651017e+03 1.63e-03 4.92e+08  -6.0 1.88e+03    -  4.31e-03 9.97e-05h 14
 318 -6.8651004e+03 1.63e-03 4.92e+08  -6.0 1.88e+03    -  3.86e-02 9.98e-05h 14
 319 -6.8650991e+03 1.63e-03 4.92e+08  -6.0 1.88e+03    -  4.54e-03 9.96e-05h 14
iter    objective    inf_pr   inf_du lg(mu)  ||d||  lg(rg) alpha_du alpha_pr  ls
 320 -6.8650978e+03 1.63e-03 4.92e+08  -6.0 1.88e+03    -  4.12e-02 9.97e-05h 14
 321 -6.8650965e+03 1.63e-03 4.92e+08  -6.0 1.88e+03    -  4.76e-03 9.95e-05h 14
 322 -6.8650953e+03 1.63e-03 4.92e+08  -6.0 1.88e+03    -  4.38e-02 9.96e-05h 14
 323 -6.8650940e+03 1.63e-03 4.92e+08  -6.0 1.88e+03    -  4.98e-03 9.94e-05h 14
 324 -6.8650927e+03 1.63e-03 4.92e+08  -6.0 1.88e+03    -  4.64e-02 9.95e-05h 14
 325 -6.8546158e+03 4.27e+01 9.19e+07  -6.0 1.88e+03    -  5.20e-03 8.14e-01w  1
 326 -6.8556752e+03 3.39e+01 7.21e+07  -6.0 7.18e+02    -  2.80e-03 2.15e-01w  1
 327 -6.8556824e+03 3.39e+01 7.20e+07  -6.0 6.82e+02    -  4.43e-03 1.53e-03w  1
 328 -6.8650914e+03 1.63e-03 4.92e+08  -6.0 6.15e+02    -  5.20e-03 9.93e-05h 13
 329 -6.8650901e+03 1.62e-03 4.92e+08  -6.0 1.88e+03    -  4.91e-02 9.94e-05h 14
iter    objective    inf_pr   inf_du lg(mu)  ||d||  lg(rg) alpha_du alpha_pr  ls
 330 -6.8650889e+03 1.62e-03 4.92e+08  -6.0 1.87e+03    -  5.43e-03 9.92e-05h 14
 331 -6.8650876e+03 1.62e-03 4.92e+08  -6.0 1.87e+03    -  5.18e-02 9.93e-05h 14
 332 -6.8650863e+03 1.62e-03 4.92e+08  -6.0 1.87e+03    -  5.65e-03 9.91e-05h 14
 333 -6.8650850e+03 1.62e-03 4.92e+08  -6.0 1.87e+03    -  3.61e-02 9.92e-05h 14
 334 -6.8650838e+03 1.62e-03 4.92e+08  -6.0 1.87e+03    -  6.20e-03 9.91e-05h 14
 335 -6.8650825e+03 1.62e-03 4.92e+08  -6.0 1.87e+03    -  5.72e-02 9.91e-05h 14
 336 -6.8650812e+03 1.62e-03 4.92e+08  -6.0 1.87e+03    -  6.09e-03 9.90e-05h 14
 337 -6.8650787e+03 1.62e-03 4.92e+08  -6.0 1.87e+03    -  2.59e-02 1.98e-04h 13
 338 -6.8546866e+03 4.20e+01 9.33e+07  -6.0 1.87e+03    -  7.43e-03 8.11e-01w  1
 339 -6.8557452e+03 3.32e+01 7.28e+07  -6.0 7.04e+02    -  3.45e-03 2.19e-01w  1
iter    objective    inf_pr   inf_du lg(mu)  ||d||  lg(rg) alpha_du alpha_pr  ls
 340 -6.8557506e+03 3.32e+01 7.27e+07  -6.0 6.84e+02    -  1.37e-03 1.16e-03w  1
 341 -6.8650761e+03 1.62e-03 4.91e+08  -6.0 5.77e+02    -  7.43e-03 1.98e-04h 12
 342 -6.8650736e+03 1.62e-03 4.91e+08  -6.0 1.87e+03    -  6.48e-02 1.98e-04h 13
 343 -6.8650711e+03 1.62e-03 4.91e+08  -6.0 1.86e+03    -  6.87e-03 1.98e-04h 13
 344 -6.8650686e+03 1.62e-03 4.91e+08  -6.0 1.86e+03    -  3.59e-02 1.98e-04h 13
 345 -6.8650660e+03 1.62e-03 4.91e+08  -6.0 1.86e+03    -  8.08e-03 1.98e-04h 13
 346 -6.8650635e+03 1.62e-03 4.91e+08  -6.0 1.86e+03    -  7.50e-02 1.98e-04h 13
 347 -6.8650610e+03 1.62e-03 4.91e+08  -6.0 1.86e+03    -  7.75e-03 1.97e-04h 13
 348 -6.8650585e+03 1.62e-03 4.91e+08  -6.0 1.86e+03    -  3.95e-02 1.98e-04h 13
 349 -6.8650560e+03 1.61e-03 4.91e+08  -6.0 1.86e+03    -  9.12e-03 1.97e-04h 13
iter    objective    inf_pr   inf_du lg(mu)  ||d||  lg(rg) alpha_du alpha_pr  ls
 350 -6.8650534e+03 1.61e-03 4.91e+08  -6.0 1.85e+03    -  8.54e-02 1.97e-04h 13
 351 -6.8547739e+03 4.11e+01 9.43e+07  -6.0 1.85e+03    -  8.63e-03 8.08e-01w  1
 352 -6.8558322e+03 3.23e+01 7.31e+07  -6.0 6.87e+02    -  4.65e-03 2.25e-01w  1
 353 -6.8558361e+03 3.22e+01 7.30e+07  -6.0 6.87e+02    -  4.92e-04 8.24e-04w  1
 354 -6.8650509e+03 1.61e-03 4.91e+08  -6.0 5.08e+02    -  8.63e-03 1.97e-04h 12
 355 -6.8650484e+03 1.61e-03 4.90e+08  -6.0 1.85e+03    -  4.91e-02 1.97e-04h 13
 356 -6.8650459e+03 1.61e-03 4.90e+08  -6.0 1.85e+03    -  9.87e-03 1.97e-04h 13
 357 -6.8650434e+03 1.61e-03 4.90e+08  -6.0 1.85e+03    -  9.61e-02 1.97e-04h 13
 358 -6.8650409e+03 1.61e-03 4.90e+08  -6.0 1.85e+03    -  9.50e-03 1.97e-04h 13
 359 -6.8650384e+03 1.61e-03 4.90e+08  -6.0 1.85e+03    -  5.55e-02 1.97e-04h 13
iter    objective    inf_pr   inf_du lg(mu)  ||d||  lg(rg) alpha_du alpha_pr  ls
 360 -6.8650359e+03 1.61e-03 4.90e+08  -6.0 1.84e+03    -  1.08e-02 1.97e-04h 13
 361 -6.8650334e+03 1.61e-03 4.90e+08  -6.0 1.84e+03    -  1.07e-01 1.97e-04h 13
 362 -6.8650309e+03 1.61e-03 4.90e+08  -6.0 1.84e+03    -  1.04e-02 1.97e-04h 13
 363 -6.8650284e+03 1.61e-03 4.90e+08  -6.0 1.84e+03    -  6.61e-02 1.97e-04h 13
 364 -6.8548264e+03 4.05e+01 9.42e+07  -6.0 1.84e+03    -  1.16e-02 8.08e-01w  1
 365 -6.8558857e+03 3.16e+01 7.27e+07  -6.0 6.76e+02    -  6.10e-03 2.29e-01w  1
 366 -6.8558887e+03 3.16e+01 7.26e+07  -6.0 6.89e+02    -  2.17e-04 6.35e-04w  1
 367 -6.8650259e+03 1.61e-03 4.90e+08  -6.0 4.07e+02    -  1.16e-02 1.97e-04h 12
 368 -6.8650234e+03 1.61e-03 4.89e+08  -6.0 1.84e+03    -  1.18e-01 1.97e-04h 13
 369 -6.8650210e+03 1.60e-03 4.89e+08  -6.0 1.84e+03    -  1.12e-02 1.97e-04h 13
iter    objective    inf_pr   inf_du lg(mu)  ||d||  lg(rg) alpha_du alpha_pr  ls
 370 -6.8650185e+03 1.60e-03 4.89e+08  -6.0 1.83e+03    -  7.45e-02 1.97e-04h 13
 371 -6.8650160e+03 1.60e-03 4.89e+08  -6.0 1.83e+03    -  1.24e-02 1.97e-04h 13
 372 -6.8650135e+03 1.60e-03 4.89e+08  -6.0 1.83e+03    -  1.29e-01 1.97e-04h 13
 373 -6.8650110e+03 1.60e-03 4.89e+08  -6.0 1.83e+03    -  1.21e-02 1.97e-04h 13
 374 -6.8650085e+03 1.60e-03 4.89e+08  -6.0 1.83e+03    -  8.64e-02 1.97e-04h 13
 375 -6.8650061e+03 1.60e-03 4.89e+08  -6.0 1.83e+03    -  1.32e-02 1.98e-04h 13
 376 -6.8650036e+03 1.60e-03 4.89e+08  -6.0 1.83e+03    -  1.41e-01 1.98e-04h 13
 377 -6.8548496e+03 4.01e+01 9.32e+07  -6.0 1.83e+03    -  1.29e-02 8.10e-01w  1
 378 -6.8559112e+03 3.13e+01 7.17e+07  -6.0 6.72e+02    -  7.93e-03 2.31e-01w  1
 379 -6.8559137e+03 3.12e+01 7.17e+07  -6.0 6.87e+02    -  9.38e-05 5.21e-04w  1
iter    objective    inf_pr   inf_du lg(mu)  ||d||  lg(rg) alpha_du alpha_pr  ls
 380 -6.8650011e+03 1.60e-03 4.89e+08  -6.0 2.45e+02    -  1.29e-02 1.98e-04h 12
 381 -6.8649986e+03 1.60e-03 4.88e+08  -6.0 1.82e+03    -  9.67e-02 1.98e-04h 13
 382 -6.8649961e+03 1.60e-03 4.88e+08  -6.0 1.82e+03    -  1.40e-02 1.98e-04h 13
 383 -6.8649937e+03 1.60e-03 4.88e+08  -6.0 1.82e+03    -  1.52e-01 1.98e-04h 13
 384 -6.8649912e+03 1.60e-03 4.88e+08  -6.0 1.82e+03    -  1.38e-02 1.98e-04h 13
 385 -6.8649887e+03 1.59e-03 4.88e+08  -6.0 1.82e+03    -  6.73e-02 1.98e-04h 13
 386 -6.8649862e+03 1.59e-03 4.88e+08  -6.0 1.82e+03    -  1.61e-02 1.98e-04h 13
 387 -6.8649838e+03 1.59e-03 4.88e+08  -6.0 1.82e+03    -  1.63e-01 1.98e-04h 13
 388 -6.8649813e+03 1.59e-03 4.88e+08  -6.0 1.82e+03    -  1.46e-02 1.98e-04h 13
 389 -6.8649788e+03 1.59e-03 4.88e+08  -6.0 1.82e+03    -  7.51e-02 1.98e-04h 13
iter    objective    inf_pr   inf_du lg(mu)  ||d||  lg(rg) alpha_du alpha_pr  ls
 390 -6.8548430e+03 3.99e+01 9.11e+07  -6.0 1.81e+03    -  1.69e-02 8.13e-01w  1
 391 -6.8559084e+03 3.11e+01 7.01e+07  -6.0 6.72e+02    -  9.57e-03 2.31e-01w  1
 392 -6.8559107e+03 3.11e+01 7.00e+07  -6.0 6.82e+02    -  4.88e-05 4.86e-04w  1
 393 -6.8649763e+03 1.59e-03 4.88e+08  -6.0 3.01e+02    -  1.69e-02 1.99e-04h 12
 394 -6.8649739e+03 1.59e-03 4.88e+08  -6.0 1.81e+03    -  1.75e-01 1.99e-04h 13
 395 -6.8649714e+03 1.59e-03 4.87e+08  -6.0 1.81e+03    -  1.55e-02 1.99e-04h 13
 396 -6.8649689e+03 1.59e-03 4.87e+08  -6.0 1.81e+03    -  6.30e-02 1.99e-04h 13
 397 -6.8649664e+03 1.59e-03 4.87e+08  -6.0 1.81e+03    -  1.89e-02 1.99e-04h 13
 398 -6.8649640e+03 1.59e-03 4.87e+08  -6.0 1.81e+03    -  1.87e-01 1.99e-04h 13
 399 -6.8649615e+03 1.59e-03 4.87e+08  -6.0 1.81e+03    -  1.63e-02 1.99e-04h 13
iter    objective    inf_pr   inf_du lg(mu)  ||d||  lg(rg) alpha_du alpha_pr  ls
 400 -6.8649590e+03 1.59e-03 4.87e+08  -6.0 1.81e+03    -  7.47e-02 1.99e-04h 13
 401 -6.8649566e+03 1.59e-03 4.87e+08  -6.0 1.80e+03    -  1.93e-02 1.99e-04h 13
 402 -6.8649541e+03 1.58e-03 4.87e+08  -6.0 1.80e+03    -  1.98e-01 2.00e-04h 13
 403 -6.8548253e+03 3.99e+01 8.87e+07  -6.0 1.80e+03    -  1.71e-02 8.18e-01w  1
 404 -6.8558952e+03 3.11e+01 6.82e+07  -6.0 6.75e+02    -  1.13e-02 2.31e-01w  1
 405 -6.8558975e+03 3.11e+01 6.82e+07  -6.0 6.71e+02    -  2.64e-05 5.17e-04w  1
 406 -6.8649516e+03 1.58e-03 4.87e+08  -6.0 3.51e+02    -  1.71e-02 2.00e-04h 12
 407 -6.8649491e+03 1.58e-03 4.87e+08  -6.0 1.80e+03    -  7.31e-02 2.00e-04h 13
 408 -6.8649467e+03 1.58e-03 4.86e+08  -6.0 1.80e+03    -  2.07e-02 2.00e-04h 13
 409 -6.8649442e+03 1.58e-03 4.86e+08  -6.0 1.80e+03    -  2.10e-01 2.00e-04h 13
iter    objective    inf_pr   inf_du lg(mu)  ||d||  lg(rg) alpha_du alpha_pr  ls
 410 -6.8649417e+03 1.58e-03 4.86e+08  -6.0 1.80e+03    -  1.80e-02 2.00e-04h 13
 411 -6.8649392e+03 1.58e-03 4.86e+08  -6.0 1.80e+03    -  7.99e-02 2.00e-04h 13
 412 -6.8649368e+03 1.58e-03 4.86e+08  -6.0 1.80e+03    -  2.14e-02 2.01e-04h 13
 413 -6.8649343e+03 1.58e-03 4.86e+08  -6.0 1.79e+03    -  2.22e-01 2.01e-04h 13
 414 -6.8649318e+03 1.58e-03 4.86e+08  -6.0 1.79e+03    -  1.88e-02 2.01e-04h 13
 415 -6.8649294e+03 1.58e-03 4.86e+08  -6.0 1.79e+03    -  8.20e-02 2.01e-04h 13
 416 -6.8547970e+03 3.99e+01 8.59e+07  -6.0 1.79e+03    -  2.26e-02 8.23e-01w  1
 417 -6.8558718e+03 3.11e+01 6.61e+07  -6.0 6.79e+02    -  1.29e-02 2.31e-01w  1
 418 -6.8558747e+03 3.11e+01 6.60e+07  -6.0 6.59e+02    -  1.80e-05 6.33e-04w  1
 419 -6.8649269e+03 1.58e-03 4.86e+08  -6.0 3.88e+02    -  2.26e-02 2.01e-04h 12
iter    objective    inf_pr   inf_du lg(mu)  ||d||  lg(rg) alpha_du alpha_pr  ls
 420 -6.8649244e+03 1.58e-03 4.86e+08  -6.0 1.79e+03    -  2.34e-01 2.01e-04h 13
 421 -6.8649219e+03 1.57e-03 4.85e+08  -6.0 1.79e+03    -  1.96e-02 2.01e-04h 13
 422 -6.8649195e+03 1.57e-03 4.85e+08  -6.0 1.79e+03    -  8.71e-02 2.01e-04h 13
 423 -6.8649170e+03 1.57e-03 4.85e+08  -6.0 1.79e+03    -  2.34e-02 2.02e-04h 13
 424 -6.8649145e+03 1.57e-03 4.85e+08  -6.0 1.78e+03    -  2.46e-01 2.02e-04h 13
 425 -6.8649120e+03 1.57e-03 4.85e+08  -6.0 1.78e+03    -  2.04e-02 2.02e-04h 13
 426 -6.8649096e+03 1.57e-03 4.85e+08  -6.0 1.78e+03    -  9.07e-02 2.02e-04h 13
 427 -6.8649071e+03 1.57e-03 4.85e+08  -6.0 1.78e+03    -  2.44e-02 2.02e-04h 13
 428 -6.8649046e+03 1.57e-03 4.85e+08  -6.0 1.78e+03    -  2.57e-01 2.02e-04h 13
 429 -6.8547613e+03 4.00e+01 8.28e+07  -6.0 1.78e+03    -  2.13e-02 8.29e-01w  1
iter    objective    inf_pr   inf_du lg(mu)  ||d||  lg(rg) alpha_du alpha_pr  ls
 430 -6.8558414e+03 3.12e+01 6.38e+07  -6.0 6.85e+02    -  1.45e-02 2.30e-01w  1
 431 -6.8558457e+03 3.12e+01 6.37e+07  -6.0 6.46e+02    -  1.41e-05 9.71e-04w  1
 432 -6.8649021e+03 1.57e-03 4.85e+08  -6.0 4.23e+02    -  2.13e-02 2.03e-04h 12
 433 -6.8648997e+03 1.57e-03 4.85e+08  -6.0 1.78e+03    -  9.53e-02 2.03e-04h 13
 434 -6.8648972e+03 1.57e-03 4.85e+08  -6.0 1.78e+03    -  2.53e-02 2.03e-04h 13
 435 -6.8648947e+03 1.57e-03 4.84e+08  -6.0 1.78e+03    -  2.69e-01 2.03e-04h 13
 436 -6.8648922e+03 1.57e-03 4.84e+08  -6.0 1.78e+03    -  2.21e-02 2.03e-04h 13
 437 -6.8648898e+03 1.56e-03 4.84e+08  -6.0 1.77e+03    -  9.43e-02 2.03e-04h 13
 438 -6.8648873e+03 1.56e-03 4.84e+08  -6.0 1.77e+03    -  2.67e-02 2.03e-04h 13
 439 -6.8648848e+03 1.56e-03 4.84e+08  -6.0 1.77e+03    -  2.81e-01 2.03e-04h 13
iter    objective    inf_pr   inf_du lg(mu)  ||d||  lg(rg) alpha_du alpha_pr  ls
 440 -6.8648823e+03 1.56e-03 4.84e+08  -6.0 1.77e+03    -  2.29e-02 2.04e-04h 13
 441 -6.8648798e+03 1.56e-03 4.84e+08  -6.0 1.77e+03    -  8.88e-02 2.04e-04h 13
 442 -6.8547264e+03 4.01e+01 7.98e+07  -6.0 1.77e+03    -  2.85e-02 8.35e-01w  1
 443 -6.8558117e+03 3.13e+01 6.15e+07  -6.0 6.91e+02    -  1.60e-02 2.29e-01w  1
 444 -6.8558182e+03 3.13e+01 6.14e+07  -6.0 6.41e+02    -  1.41e-05 1.48e-03w  1
 445 -6.8648774e+03 1.56e-03 4.84e+08  -6.0 4.50e+02    -  2.85e-02 2.04e-04h 12
 446 -6.8648749e+03 1.56e-03 4.84e+08  -6.0 1.77e+03    -  2.93e-01 2.04e-04h 13
 447 -6.8648724e+03 1.56e-03 4.84e+08  -6.0 1.77e+03    -  2.38e-02 2.04e-04h 13
 448 -6.8648699e+03 1.56e-03 4.83e+08  -6.0 1.77e+03    -  9.64e-02 2.04e-04h 13
 449 -6.8648674e+03 1.56e-03 4.83e+08  -6.0 1.76e+03    -  2.91e-02 2.05e-04h 13
iter    objective    inf_pr   inf_du lg(mu)  ||d||  lg(rg) alpha_du alpha_pr  ls
 450 -6.8648650e+03 1.56e-03 4.83e+08  -6.0 1.76e+03    -  3.05e-01 2.05e-04h 13
 451 -6.8648625e+03 1.56e-03 4.83e+08  -6.0 1.76e+03    -  2.46e-02 2.05e-04h 13
 452 -6.8648575e+03 1.55e-03 4.83e+08  -6.0 1.76e+03    -  9.83e-02 4.10e-04h 12
 453 -6.8648526e+03 1.55e-03 4.83e+08  -6.0 1.76e+03    -  3.05e-02 4.10e-04h 12
 454 -6.8648476e+03 1.55e-03 4.83e+08  -6.0 1.76e+03    -  3.24e-01 4.11e-04h 12
 455 -6.8546883e+03 4.01e+01 7.61e+07  -6.0 1.75e+03    -  2.61e-02 8.43e-01w  1
 456 -6.8557801e+03 3.14e+01 5.87e+07  -6.0 6.97e+02    -  1.78e-02 2.28e-01w  1
 457 -6.8557904e+03 3.13e+01 5.86e+07  -6.0 6.40e+02    -  2.20e-05 2.34e-03w  1
 458 -6.8648426e+03 1.55e-03 4.82e+08  -6.0 4.78e+02    -  2.61e-02 4.11e-04h 11
 459 -6.8648377e+03 1.55e-03 4.82e+08  -6.0 1.75e+03    -  1.06e-01 4.12e-04h 12
iter    objective    inf_pr   inf_du lg(mu)  ||d||  lg(rg) alpha_du alpha_pr  ls
 460 -6.8648327e+03 1.55e-03 4.82e+08  -6.0 1.75e+03    -  3.25e-02 4.12e-04h 12
 461 -6.8648278e+03 1.55e-03 4.82e+08  -6.0 1.75e+03    -  3.53e-01 4.12e-04h 12
 462 -6.8648228e+03 1.54e-03 4.82e+08  -6.0 1.74e+03    -  2.78e-02 4.13e-04h 12
 463 -6.8648179e+03 1.54e-03 4.81e+08  -6.0 1.74e+03    -  1.15e-01 4.13e-04h 12
 464 -6.8648129e+03 1.54e-03 4.81e+08  -6.0 1.74e+03    -  3.45e-02 4.14e-04h 12
 465 -6.8648080e+03 1.54e-03 4.81e+08  -6.0 1.74e+03    -  3.82e-01 4.14e-04h 12
 466 -6.8648030e+03 1.54e-03 4.81e+08  -6.0 1.74e+03    -  2.95e-02 4.15e-04h 12
 467 -6.8647981e+03 1.54e-03 4.81e+08  -6.0 1.73e+03    -  1.23e-01 4.15e-04h 12
 468 -6.8546664e+03 3.99e+01 7.16e+07  -6.0 1.73e+03    -  3.64e-02 8.51e-01w  1
 469 -6.8557667e+03 3.12e+01 5.52e+07  -6.0 6.99e+02    -  2.07e-02 2.29e-01w  1
iter    objective    inf_pr   inf_du lg(mu)  ||d||  lg(rg) alpha_du alpha_pr  ls
 470 -6.8557800e+03 3.11e+01 5.50e+07  -6.0 6.41e+02    -  5.15e-02 3.02e-03w  1
 471 -6.8647931e+03 1.53e-03 4.80e+08  -6.0 6.40e+02    -  3.64e-02 4.16e-04h 11
 472 -6.8647882e+03 1.53e-03 4.80e+08  -6.0 1.73e+03    -  4.11e-01 4.16e-04h 12
 473 -6.8647832e+03 1.53e-03 4.80e+08  -6.0 1.73e+03    -  3.11e-02 4.17e-04h 12
 474 -6.8647783e+03 1.53e-03 4.80e+08  -6.0 1.72e+03    -  1.32e-01 4.18e-04h 12
 475 -6.8647733e+03 1.53e-03 4.80e+08  -6.0 1.72e+03    -  3.83e-02 4.18e-04h 12
 476 -6.8647684e+03 1.53e-03 4.79e+08  -6.0 1.72e+03    -  4.41e-01 4.18e-04h 12
 477 -6.8647634e+03 1.53e-03 4.79e+08  -6.0 1.72e+03    -  3.28e-02 4.20e-04h 12
 478 -6.8647585e+03 1.52e-03 4.79e+08  -6.0 1.72e+03    -  1.41e-01 4.20e-04h 12
 479 -6.8647535e+03 1.52e-03 4.79e+08  -6.0 1.71e+03    -  4.02e-02 4.20e-04h 12
iter    objective    inf_pr   inf_du lg(mu)  ||d||  lg(rg) alpha_du alpha_pr  ls
 480 -6.8647511e+03 1.52e-03 4.79e+08  -6.0 1.71e+03    -  4.72e-01 2.10e-04h 13
 481 -6.8545710e+03 4.03e+01 6.47e+07  -6.0 1.71e+03    -  3.42e-02 8.65e-01w  1
 482 -6.8556823e+03 3.16e+01 5.01e+07  -6.0 7.15e+02    -  2.12e-02 2.26e-01w  1
 483 -6.8557021e+03 3.15e+01 4.99e+07  -6.0 6.48e+02    -  5.14e-02 4.45e-03w  1
 484 -6.8647486e+03 1.52e-03 4.79e+08  -6.0 6.50e+02    -  3.42e-02 2.11e-04h 12
 485 -6.8647461e+03 1.52e-03 4.78e+08  -6.0 1.71e+03    -  1.48e-01 2.11e-04h 13
 486 -6.8647449e+03 1.52e-03 4.78e+08  -6.0 1.71e+03    -  4.12e-02 1.06e-04h 14
 487 -6.8647436e+03 1.52e-03 4.78e+08  -6.0 1.71e+03    -  4.77e-01 1.06e-04h 14
 488 -6.8647424e+03 1.52e-03 4.78e+08  -6.0 1.71e+03    -  3.47e-02 1.06e-04h 14
 489 -6.8647411e+03 1.52e-03 4.78e+08  -6.0 1.71e+03    -  1.52e-01 1.06e-04h 14
iter    objective    inf_pr   inf_du lg(mu)  ||d||  lg(rg) alpha_du alpha_pr  ls
 490 -6.8647399e+03 1.52e-03 4.78e+08  -6.0 1.71e+03    -  4.13e-02 1.06e-04h 14
 491 -6.8647386e+03 1.52e-03 4.78e+08  -6.0 1.71e+03    -  4.76e-01 1.06e-04h 14
 492 -6.8647374e+03 1.52e-03 4.78e+08  -6.0 1.71e+03    -  3.50e-02 1.07e-04h 14
 493 -6.8647361e+03 1.52e-03 4.78e+08  -6.0 1.71e+03    -  1.44e-01 1.07e-04h 14
 494 -6.8544403e+03 4.12e+01 5.89e+07  -6.0 1.71e+03    -  4.24e-02 8.77e-01w  1
 495 -6.8555580e+03 3.26e+01 4.60e+07  -6.0 7.39e+02    -  1.96e-02 2.20e-01w  1
 496 -6.8555893e+03 3.24e+01 4.56e+07  -6.0 6.57e+02    -  5.14e-02 6.93e-03w  1
 497 -6.8647348e+03 1.52e-03 4.78e+08  -6.0 6.63e+02    -  4.24e-02 1.07e-04h 13
 498 -6.8647336e+03 1.52e-03 4.78e+08  -6.0 1.71e+03    -  4.75e-01 1.07e-04h 14
 499 -6.8647323e+03 1.52e-03 4.78e+08  -6.0 1.71e+03    -  3.52e-02 1.08e-04h 14
iter    objective    inf_pr   inf_du lg(mu)  ||d||  lg(rg) alpha_du alpha_pr  ls
 500 -6.8647311e+03 1.52e-03 4.78e+08  -6.0 1.71e+03    -  1.47e-01 1.08e-04h 14
 501 -6.8647298e+03 1.52e-03 4.78e+08  -6.0 1.71e+03    -  4.25e-02 1.08e-04h 14
 502 -6.8647285e+03 1.51e-03 4.78e+08  -6.0 1.71e+03    -  4.74e-01 1.08e-04h 14
 503 -6.8647273e+03 1.51e-03 4.78e+08  -6.0 1.71e+03    -  3.55e-02 1.08e-04h 14
 504 -6.8647260e+03 1.51e-03 4.78e+08  -6.0 1.70e+03    -  1.47e-01 1.08e-04h 14
 505 -6.8647247e+03 1.51e-03 4.78e+08  -6.0 1.70e+03    -  4.29e-02 1.08e-04h 14
 506 -6.8647234e+03 1.51e-03 4.78e+08  -6.0 1.70e+03    -  4.73e-01 1.08e-04h 14
 507 -6.8542571e+03 4.26e+01 5.14e+07  -6.0 1.70e+03    -  3.58e-02 8.93e-01w  1
 508 -6.8553809e+03 3.41e+01 4.05e+07  -6.0 7.73e+02    -  1.76e-02 2.11e-01w  1
 509 -6.8554424e+03 3.36e+01 4.00e+07  -6.0 6.72e+02    -  5.12e-02 1.33e-02w  1
iter    objective    inf_pr   inf_du lg(mu)  ||d||  lg(rg) alpha_du alpha_pr  ls
 510 -6.8647222e+03 1.51e-03 4.77e+08  -6.0 6.84e+02    -  3.58e-02 1.09e-04h 13
 511 -6.8647209e+03 1.51e-03 4.77e+08  -6.0 1.70e+03    -  1.50e-01 1.09e-04h 14
 512 -6.8647196e+03 1.51e-03 4.77e+08  -6.0 1.70e+03    -  4.30e-02 1.09e-04h 14
 513 -6.8647183e+03 1.51e-03 4.77e+08  -6.0 1.70e+03    -  4.72e-01 1.09e-04h 14
 514 -6.8647170e+03 1.51e-03 4.77e+08  -6.0 1.70e+03    -  3.60e-02 1.10e-04h 14
 515 -6.8647158e+03 1.51e-03 4.77e+08  -6.0 1.70e+03    -  1.51e-01 1.10e-04h 14
 516 -6.8647145e+03 1.51e-03 4.77e+08  -6.0 1.70e+03    -  4.33e-02 1.10e-04h 14
 517 -6.8647132e+03 1.51e-03 4.77e+08  -6.0 1.70e+03    -  4.71e-01 1.10e-04h 14
 518 -6.8647119e+03 1.51e-03 4.77e+08  -6.0 1.70e+03    -  3.63e-02 1.11e-04h 14
 519 -6.8647106e+03 1.51e-03 4.77e+08  -6.0 1.70e+03    -  1.52e-01 1.11e-04h 14
iter    objective    inf_pr   inf_du lg(mu)  ||d||  lg(rg) alpha_du alpha_pr  ls
 520 -6.8540826e+03 4.39e+01 4.41e+07  -6.0 1.70e+03    -  4.35e-02 9.08e-01w  1
 521 -6.8552107e+03 3.55e+01 3.52e+07  -6.0 8.07e+02    -  1.51e-02 2.02e-01w  1
 522 -6.8553694e+03 3.43e+01 3.40e+07  -6.0 6.87e+02    -  5.09e-02 3.36e-02w  1
 523 -6.8647093e+03 1.51e-03 4.77e+08  -6.0 7.21e+02    -  4.35e-02 1.11e-04h 13
 524 -6.8647080e+03 1.51e-03 4.77e+08  -6.0 1.70e+03    -  4.69e-01 1.11e-04h 14
 525 -6.8647067e+03 1.51e-03 4.77e+08  -6.0 1.70e+03    -  3.65e-02 1.11e-04h 14
 526 -6.8647054e+03 1.51e-03 4.77e+08  -6.0 1.70e+03    -  1.53e-01 1.12e-04h 14
 527 -6.8647041e+03 1.51e-03 4.77e+08  -6.0 1.70e+03    -  4.38e-02 1.12e-04h 14
 528 -6.8647028e+03 1.51e-03 4.77e+08  -6.0 1.70e+03    -  4.68e-01 1.12e-04h 14
 529 -6.8647015e+03 1.51e-03 4.77e+08  -6.0 1.70e+03    -  3.68e-02 1.12e-04h 14
iter    objective    inf_pr   inf_du lg(mu)  ||d||  lg(rg) alpha_du alpha_pr  ls
 530 -6.8647001e+03 1.51e-03 4.77e+08  -6.0 1.70e+03    -  1.55e-01 1.12e-04h 14
 531 -6.8646988e+03 1.51e-03 4.77e+08  -6.0 1.70e+03    -  4.40e-02 1.13e-04h 14
 532 -6.8646975e+03 1.51e-03 4.76e+08  -6.0 1.70e+03    -  4.67e-01 1.13e-04h 14
 533 -6.8540297e+03 4.42e+01 4.20e+07  -6.0 1.70e+03    -  3.70e-02 9.12e-01w  1
 534 -6.8565918e+03 1.05e+01 7.66e+06  -6.0 4.72e+02    -  6.92e-06 8.18e-01w  1
 535 -6.8575057e+03 3.16e-01 1.87e+04  -6.0 1.37e+02    -  5.93e-01 1.00e+00w  1
 536 -6.8646962e+03 1.50e-03 4.76e+08  -6.0 2.52e+01  -4.0 3.70e-02 1.11e-04h 13
 537 -6.8646949e+03 1.50e-03 4.76e+08  -6.0 1.70e+03    -  1.56e-01 1.11e-04h 14
 538 -6.8646936e+03 1.50e-03 4.76e+08  -6.0 1.70e+03    -  4.42e-02 1.11e-04h 14
 539 -6.8646923e+03 1.50e-03 4.76e+08  -6.0 1.70e+03    -  4.66e-01 1.11e-04h 14
iter    objective    inf_pr   inf_du lg(mu)  ||d||  lg(rg) alpha_du alpha_pr  ls
 540 -6.8646910e+03 1.50e-03 4.76e+08  -6.0 1.70e+03    -  3.73e-02 1.10e-04h 14
 541 -6.8646898e+03 1.50e-03 4.76e+08  -6.0 1.70e+03    -  1.57e-01 1.10e-04h 14
 542 -6.8646885e+03 1.50e-03 4.76e+08  -6.0 1.70e+03    -  4.45e-02 1.09e-04h 14
 543 -6.8646872e+03 1.50e-03 4.76e+08  -6.0 1.70e+03    -  4.04e-01 1.09e-04h 14
 544 -6.8646859e+03 1.50e-03 4.76e+08  -6.0 1.70e+03    -  3.80e-02 1.08e-04h 14
 545 -6.8646847e+03 1.50e-03 4.76e+08  -6.0 1.70e+03    -  1.79e-01 1.08e-04h 14
 546 -6.8543722e+03 4.13e+01 5.58e+07  -6.0 1.70e+03    -  4.33e-02 8.83e-01w  1
 547 -6.8559609e+03 1.82e+01 2.34e+07  -6.0 4.15e+02    -  2.20e-05 5.81e-01w  1
 548 -6.8576240e+03 1.05e+00 1.32e+04  -6.0 2.48e+02    -  2.02e-02 1.00e+00w  1
 549 -6.8646834e+03 1.50e-03 4.76e+08  -6.0 3.25e+01  -3.6 4.33e-02 1.08e-04h 13
iter    objective    inf_pr   inf_du lg(mu)  ||d||  lg(rg) alpha_du alpha_pr  ls
 550 -6.8646822e+03 1.50e-03 4.76e+08  -6.0 1.70e+03    -  3.30e-01 1.08e-04h 14
 551 -6.8646809e+03 1.50e-03 4.76e+08  -6.0 1.70e+03    -  3.92e-02 1.07e-04h 14
 552 -6.8646797e+03 1.50e-03 4.76e+08  -6.0 1.70e+03    -  2.06e-01 1.07e-04h 14
 553 -6.8646784e+03 1.50e-03 4.76e+08  -6.0 1.70e+03    -  4.24e-02 1.07e-04h 14
 554 -6.8646772e+03 1.50e-03 4.76e+08  -6.0 1.70e+03    -  2.78e-01 1.07e-04h 14
 555 -6.8646759e+03 1.50e-03 4.76e+08  -6.0 1.70e+03    -  4.04e-02 1.06e-04h 14
 556 -6.8646747e+03 1.50e-03 4.76e+08  -6.0 1.70e+03    -  2.39e-01 1.06e-04h 14
 557 -6.8646735e+03 1.50e-03 4.75e+08  -6.0 1.70e+03    -  4.16e-02 1.06e-04h 14
 558 -6.8646722e+03 1.50e-03 4.75e+08  -6.0 1.69e+03    -  2.40e-01 1.06e-04h 14
 559 -6.8546319e+03 3.92e+01 6.61e+07  -6.0 1.69e+03    -  4.17e-02 8.61e-01w  1
iter    objective    inf_pr   inf_du lg(mu)  ||d||  lg(rg) alpha_du alpha_pr  ls
 560 -6.8559456e+03 1.90e+01 3.10e+07  -6.0 3.77e+02    -  3.62e-05 5.31e-01w  1
 561 -6.8573764e+03 7.72e-01 1.68e+04  -6.0 2.16e+02    -  1.24e-05 1.00e+00w  1
 562 -6.8646710e+03 1.50e-03 4.75e+08  -6.0 2.82e+01    -  4.17e-02 1.05e-04h 13
 563 -6.8646698e+03 1.50e-03 4.75e+08  -6.0 1.69e+03    -  2.78e-01 1.05e-04h 14
 564 -6.8646686e+03 1.50e-03 4.75e+08  -6.0 1.69e+03    -  4.09e-02 1.05e-04h 14
 565 -6.8646673e+03 1.50e-03 4.75e+08  -6.0 1.69e+03    -  2.11e-01 1.05e-04h 14
 566 -6.8646661e+03 1.50e-03 4.75e+08  -6.0 1.69e+03    -  4.32e-02 1.04e-04h 14
 567 -6.8646649e+03 1.49e-03 4.75e+08  -6.0 1.69e+03    -  3.29e-01 1.04e-04h 14
 568 -6.8646637e+03 1.49e-03 4.75e+08  -6.0 1.69e+03    -  4.04e-02 1.04e-04h 14
 569 -6.8646625e+03 1.49e-03 4.75e+08  -6.0 1.69e+03    -  1.88e-01 1.04e-04h 14
iter    objective    inf_pr   inf_du lg(mu)  ||d||  lg(rg) alpha_du alpha_pr  ls
 570 -6.8646613e+03 1.49e-03 4.75e+08  -6.0 1.69e+03    -  4.47e-02 1.04e-04h 14
 571 -6.8646601e+03 1.49e-03 4.75e+08  -6.0 1.69e+03    -  3.96e-01 1.04e-04h 14
 572 -6.8548483e+03 3.74e+01 7.47e+07  -6.0 1.69e+03    -  3.99e-02 8.43e-01w  1
 573 -6.8559627e+03 1.95e+01 3.79e+07  -6.0 3.47e+02    -  5.57e-05 4.93e-01w  1
 574 -6.8573394e+03 7.14e-01 1.82e+04  -6.0 2.09e+02    -  1.34e-05 1.00e+00w  1
 575 -6.8646589e+03 1.49e-03 4.75e+08  -6.0 2.74e+01    -  3.99e-02 1.03e-04h 13
 576 -6.8646577e+03 1.49e-03 4.75e+08  -6.0 1.69e+03    -  1.68e-01 1.03e-04h 14
 577 -6.8646565e+03 1.49e-03 4.75e+08  -6.0 1.69e+03    -  4.65e-02 1.03e-04h 14
 578 -6.8646553e+03 1.49e-03 4.75e+08  -6.0 1.69e+03    -  4.69e-01 1.03e-04h 14
 579 -6.8646541e+03 1.49e-03 4.75e+08  -6.0 1.69e+03    -  3.96e-02 1.02e-04h 14
iter    objective    inf_pr   inf_du lg(mu)  ||d||  lg(rg) alpha_du alpha_pr  ls
 580 -6.8646529e+03 1.49e-03 4.75e+08  -6.0 1.69e+03    -  1.55e-01 1.02e-04h 14
 581 -6.8646517e+03 1.49e-03 4.75e+08  -6.0 1.69e+03    -  4.81e-02 1.02e-04h 14
 582 -6.8646506e+03 1.49e-03 4.75e+08  -6.0 1.69e+03    -  4.69e-01 1.02e-04h 14
 583 -6.8646494e+03 1.49e-03 4.74e+08  -6.0 1.69e+03    -  4.00e-02 1.02e-04h 14
 584 -6.8646482e+03 1.49e-03 4.74e+08  -6.0 1.69e+03    -  1.61e-01 1.02e-04h 14
 585 -6.8549861e+03 3.63e+01 7.98e+07  -6.0 1.69e+03    -  4.80e-02 8.32e-01w  1
 586 -6.8559768e+03 1.97e+01 4.26e+07  -6.0 3.27e+02    -  8.25e-05 4.66e-01w  1
 587 -6.8573094e+03 6.69e-01 1.93e+04  -6.0 2.03e+02    -  1.52e-05 1.00e+00w  1
 588 -6.8646470e+03 1.49e-03 4.74e+08  -6.0 2.70e+01    -  4.80e-02 1.02e-04h 13
 589 -6.8646458e+03 1.49e-03 4.74e+08  -6.0 1.69e+03    -  4.69e-01 1.02e-04h 14
iter    objective    inf_pr   inf_du lg(mu)  ||d||  lg(rg) alpha_du alpha_pr  ls
 590 -6.8646447e+03 1.49e-03 4.74e+08  -6.0 1.69e+03    -  4.03e-02 1.01e-04h 14
 591 -6.8646435e+03 1.49e-03 4.74e+08  -6.0 1.69e+03    -  1.62e-01 1.01e-04h 14
 592 -6.8646423e+03 1.49e-03 4.74e+08  -6.0 1.69e+03    -  4.85e-02 1.01e-04h 14
 593 -6.8646411e+03 1.49e-03 4.74e+08  -6.0 1.69e+03    -  4.68e-01 1.01e-04h 14
 594 -6.8646400e+03 1.49e-03 4.74e+08  -6.0 1.69e+03    -  4.07e-02 1.01e-04h 14
 595 -6.8646388e+03 1.49e-03 4.74e+08  -6.0 1.68e+03    -  1.64e-01 1.01e-04h 14
 596 -6.8646376e+03 1.49e-03 4.74e+08  -6.0 1.68e+03    -  4.89e-02 1.01e-04h 14
 597 -6.8646365e+03 1.49e-03 4.74e+08  -6.0 1.68e+03    -  4.68e-01 1.01e-04h 14
 598 -6.8550872e+03 3.55e+01 8.34e+07  -6.0 1.68e+03    -  4.12e-02 8.24e-01w  1
 599 -6.8559879e+03 2.00e+01 4.63e+07  -6.0 3.12e+02    -  1.29e-04 4.45e-01w  1
iter    objective    inf_pr   inf_du lg(mu)  ||d||  lg(rg) alpha_du alpha_pr  ls
 600 -6.8572828e+03 6.31e-01 2.03e+04  -6.0 1.98e+02    -  1.80e-05 1.00e+00w  1
 601 -6.8646353e+03 1.49e-03 4.74e+08  -6.0 2.68e+01    -  4.12e-02 1.01e-04h 13
 602 -6.8646341e+03 1.49e-03 4.74e+08  -6.0 1.68e+03    -  1.67e-01 1.01e-04h 14
 603 -6.8646330e+03 1.48e-03 4.74e+08  -6.0 1.68e+03    -  4.93e-02 1.01e-04h 14
 604 -6.8646318e+03 1.48e-03 4.74e+08  -6.0 1.68e+03    -  4.68e-01 1.01e-04h 14
 605 -6.8646306e+03 1.48e-03 4.74e+08  -6.0 1.68e+03    -  4.16e-02 1.01e-04h 14
 606 -6.8646295e+03 1.48e-03 4.74e+08  -6.0 1.68e+03    -  1.69e-01 1.01e-04h 14
 607 -6.8646283e+03 1.48e-03 4.74e+08  -6.0 1.68e+03    -  4.97e-02 1.01e-04h 14
 608 -6.8646271e+03 1.48e-03 4.74e+08  -6.0 1.68e+03    -  4.68e-01 1.01e-04h 14
 609 -6.8646260e+03 1.48e-03 4.74e+08  -6.0 1.68e+03    -  4.20e-02 1.00e-04h 14
iter    objective    inf_pr   inf_du lg(mu)  ||d||  lg(rg) alpha_du alpha_pr  ls
 610 -6.8646248e+03 1.48e-03 4.73e+08  -6.0 1.68e+03    -  1.72e-01 1.01e-04h 14
 611 -6.8551068e+03 3.52e+01 8.35e+07  -6.0 1.68e+03    -  5.01e-02 8.24e-01w  1
 612 -6.8559737e+03 2.03e+01 4.74e+07  -6.0 3.09e+02    -  1.85e-04 4.33e-01w  1
 613 -6.8572654e+03 6.27e-01 2.10e+04  -6.0 1.98e+02    -  2.08e-05 1.00e+00w  1
 614 -6.8646237e+03 1.48e-03 4.73e+08  -6.0 2.67e+01    -  5.01e-02 1.01e-04h 13
 615 -6.8646225e+03 1.48e-03 4.73e+08  -6.0 1.68e+03    -  4.68e-01 1.01e-04h 14
 616 -6.8646213e+03 1.48e-03 4.73e+08  -6.0 1.68e+03    -  4.25e-02 1.00e-04h 14
 617 -6.8646202e+03 1.48e-03 4.73e+08  -6.0 1.68e+03    -  1.74e-01 1.01e-04h 14
 618 -6.8646190e+03 1.48e-03 4.73e+08  -6.0 1.68e+03    -  5.05e-02 1.01e-04h 14
 619 -6.8646178e+03 1.48e-03 4.73e+08  -6.0 1.68e+03    -  4.68e-01 1.01e-04h 14
iter    objective    inf_pr   inf_du lg(mu)  ||d||  lg(rg) alpha_du alpha_pr  ls
 620 -6.8646167e+03 1.48e-03 4.73e+08  -6.0 1.68e+03    -  4.30e-02 1.01e-04h 14
 621 -6.8646155e+03 1.48e-03 4.73e+08  -6.0 1.68e+03    -  1.77e-01 1.01e-04h 14
 622 -6.8646144e+03 1.48e-03 4.73e+08  -6.0 1.67e+03    -  5.09e-02 1.01e-04h 14
 623 -6.8646132e+03 1.48e-03 4.73e+08  -6.0 1.67e+03    -  4.68e-01 1.01e-04h 14
 624 -6.8551121e+03 3.51e+01 8.30e+07  -6.0 1.67e+03    -  4.34e-02 8.25e-01w  1
 625 -6.8559575e+03 2.05e+01 4.78e+07  -6.0 3.08e+02    -  2.80e-04 4.24e-01w  1
 626 -6.8572505e+03 6.29e-01 2.16e+04  -6.0 1.98e+02    -  2.46e-05 1.00e+00w  1
 627 -6.8646120e+03 1.48e-03 4.73e+08  -6.0 2.67e+01    -  4.34e-02 1.01e-04h 13
 628 -6.8646109e+03 1.48e-03 4.73e+08  -6.0 1.67e+03    -  1.80e-01 1.01e-04h 14
 629 -6.8646097e+03 1.48e-03 4.73e+08  -6.0 1.67e+03    -  5.13e-02 1.01e-04h 14
iter    objective    inf_pr   inf_du lg(mu)  ||d||  lg(rg) alpha_du alpha_pr  ls
 630 -6.8646086e+03 1.48e-03 4.73e+08  -6.0 1.67e+03    -  4.68e-01 1.01e-04h 14
 631 -6.8646074e+03 1.48e-03 4.73e+08  -6.0 1.67e+03    -  4.39e-02 1.01e-04h 14
 632 -6.8646062e+03 1.48e-03 4.73e+08  -6.0 1.67e+03    -  1.83e-01 1.01e-04h 14
 633 -6.8646051e+03 1.48e-03 4.73e+08  -6.0 1.67e+03    -  5.18e-02 1.01e-04h 14
 634 -6.8646039e+03 1.48e-03 4.73e+08  -6.0 1.67e+03    -  4.68e-01 1.01e-04h 14
 635 -6.8646028e+03 1.48e-03 4.73e+08  -6.0 1.67e+03    -  4.44e-02 1.01e-04h 14
 636 -6.8646016e+03 1.47e-03 4.73e+08  -6.0 1.67e+03    -  1.86e-01 1.01e-04h 14
 637 -6.8550795e+03 3.53e+01 8.08e+07  -6.0 1.67e+03    -  5.22e-02 8.29e-01w  1
 638 -6.8559273e+03 2.08e+01 4.70e+07  -6.0 3.12e+02    -  3.93e-04 4.19e-01w  1
 639 -6.8572404e+03 6.48e-01 2.22e+04  -6.0 2.01e+02    -  2.81e-05 1.00e+00w  1
iter    objective    inf_pr   inf_du lg(mu)  ||d||  lg(rg) alpha_du alpha_pr  ls
 640 -6.8646004e+03 1.47e-03 4.72e+08  -6.0 2.68e+01    -  5.22e-02 1.01e-04h 13
 641 -6.8645993e+03 1.47e-03 4.72e+08  -6.0 1.67e+03    -  4.68e-01 1.01e-04h 14
 642 -6.8645981e+03 1.47e-03 4.72e+08  -6.0 1.67e+03    -  4.49e-02 1.01e-04h 14
 643 -6.8645969e+03 1.47e-03 4.72e+08  -6.0 1.67e+03    -  1.90e-01 1.01e-04h 14
 644 -6.8645958e+03 1.47e-03 4.72e+08  -6.0 1.67e+03    -  5.26e-02 1.01e-04h 14
 645 -6.8645946e+03 1.47e-03 4.72e+08  -6.0 1.67e+03    -  4.68e-01 1.02e-04h 14
 646 -6.8645935e+03 1.47e-03 4.72e+08  -6.0 1.67e+03    -  4.54e-02 1.02e-04h 14
 647 -6.8645923e+03 1.47e-03 4.72e+08  -6.0 1.66e+03    -  1.93e-01 1.02e-04h 14
 648 -6.8645911e+03 1.47e-03 4.72e+08  -6.0 1.66e+03    -  5.31e-02 1.02e-04h 14
 649 -6.8645900e+03 1.47e-03 4.72e+08  -6.0 1.66e+03    -  4.68e-01 1.02e-04h 14
iter    objective    inf_pr   inf_du lg(mu)  ||d||  lg(rg) alpha_du alpha_pr  ls
 650 -6.8550432e+03 3.54e+01 7.85e+07  -6.0 1.66e+03    -  4.60e-02 8.34e-01w  1
 651 -6.8558973e+03 2.10e+01 4.59e+07  -6.0 3.17e+02    -  5.75e-04 4.15e-01w  1
 652 -6.8572318e+03 6.70e-01 2.27e+04  -6.0 2.04e+02    -  3.25e-05 1.00e+00w  1
 653 -6.8645888e+03 1.47e-03 4.72e+08  -6.0 2.68e+01    -  4.60e-02 1.02e-04h 13
 654 -6.8645876e+03 1.47e-03 4.72e+08  -6.0 1.66e+03    -  1.97e-01 1.02e-04h 14
 655 -6.8645865e+03 1.47e-03 4.72e+08  -6.0 1.66e+03    -  5.35e-02 1.02e-04h 14
 656 -6.8645853e+03 1.47e-03 4.72e+08  -6.0 1.66e+03    -  4.67e-01 1.02e-04h 14
 657 -6.8645841e+03 1.47e-03 4.72e+08  -6.0 1.66e+03    -  4.65e-02 1.02e-04h 14
 658 -6.8645830e+03 1.47e-03 4.72e+08  -6.0 1.66e+03    -  2.00e-01 1.02e-04h 14
 659 -6.8645818e+03 1.47e-03 4.72e+08  -6.0 1.66e+03    -  5.39e-02 1.02e-04h 14
iter    objective    inf_pr   inf_du lg(mu)  ||d||  lg(rg) alpha_du alpha_pr  ls
 660 -6.8645806e+03 1.47e-03 4.72e+08  -6.0 1.66e+03    -  4.67e-01 1.02e-04h 14
 661 -6.8645794e+03 1.47e-03 4.72e+08  -6.0 1.66e+03    -  4.70e-02 1.02e-04h 14
 662 -6.8645783e+03 1.47e-03 4.72e+08  -6.0 1.66e+03    -  2.04e-01 1.03e-04h 14
 663 -6.8549870e+03 3.58e+01 7.52e+07  -6.0 1.66e+03    -  5.43e-02 8.41e-01w  1
 664 -6.8558587e+03 2.13e+01 4.41e+07  -6.0 3.24e+02    -  7.85e-04 4.14e-01w  1
 665 -6.8572255e+03 7.03e-01 2.32e+04  -6.0 2.09e+02    -  3.69e-05 1.00e+00w  1
 666 -6.8645771e+03 1.47e-03 4.72e+08  -6.0 2.70e+01    -  5.43e-02 1.03e-04h 13
 667 -6.8645759e+03 1.47e-03 4.71e+08  -6.0 1.66e+03    -  4.66e-01 1.03e-04h 14
 668 -6.8645748e+03 1.47e-03 4.71e+08  -6.0 1.66e+03    -  4.75e-02 1.03e-04h 14
 669 -6.8645736e+03 1.47e-03 4.71e+08  -6.0 1.66e+03    -  2.08e-01 1.03e-04h 14
iter    objective    inf_pr   inf_du lg(mu)  ||d||  lg(rg) alpha_du alpha_pr  ls
 670 -6.8645724e+03 1.47e-03 4.71e+08  -6.0 1.66e+03    -  5.48e-02 1.03e-04h 14
 671 -6.8645712e+03 1.47e-03 4.71e+08  -6.0 1.65e+03    -  4.66e-01 1.03e-04h 14
 672 -6.8645701e+03 1.46e-03 4.71e+08  -6.0 1.65e+03    -  4.81e-02 1.03e-04h 14
 673 -6.8645689e+03 1.46e-03 4.71e+08  -6.0 1.65e+03    -  2.13e-01 1.03e-04h 14
 674 -6.8645677e+03 1.46e-03 4.71e+08  -6.0 1.65e+03    -  5.52e-02 1.03e-04h 14
 675 -6.8645665e+03 1.46e-03 4.71e+08  -6.0 1.65e+03    -  4.65e-01 1.03e-04h 14
 676 -6.8549301e+03 3.61e+01 7.20e+07  -6.0 1.65e+03    -  4.87e-02 8.48e-01w  1
 677 -6.8558205e+03 2.15e+01 4.23e+07  -6.0 3.31e+02    -  1.10e-03 4.12e-01w  1
 678 -6.8572202e+03 7.37e-01 2.38e+04  -6.0 2.14e+02    -  4.37e-05 1.00e+00w  1
 679 -6.8645654e+03 1.46e-03 4.71e+08  -6.0 2.73e+01    -  4.87e-02 1.03e-04h 13
iter    objective    inf_pr   inf_du lg(mu)  ||d||  lg(rg) alpha_du alpha_pr  ls
 680 -6.8645642e+03 1.46e-03 4.71e+08  -6.0 1.65e+03    -  2.17e-01 1.04e-04h 14
 681 -6.8645630e+03 1.46e-03 4.71e+08  -6.0 1.65e+03    -  5.56e-02 1.04e-04h 14
 682 -6.8645618e+03 1.46e-03 4.71e+08  -6.0 1.65e+03    -  4.64e-01 1.04e-04h 14
 683 -6.8645607e+03 1.46e-03 4.71e+08  -6.0 1.65e+03    -  4.92e-02 1.04e-04h 14
 684 -6.8645595e+03 1.46e-03 4.71e+08  -6.0 1.65e+03    -  2.21e-01 1.04e-04h 14
 685 -6.8645583e+03 1.46e-03 4.71e+08  -6.0 1.65e+03    -  5.60e-02 1.04e-04h 14
 686 -6.8645571e+03 1.46e-03 4.71e+08  -6.0 1.65e+03    -  4.63e-01 1.04e-04h 14
 687 -6.8645559e+03 1.46e-03 4.71e+08  -6.0 1.65e+03    -  4.98e-02 1.04e-04h 14
 688 -6.8645548e+03 1.46e-03 4.71e+08  -6.0 1.65e+03    -  2.26e-01 1.04e-04h 14
 689 -6.8548602e+03 3.65e+01 6.81e+07  -6.0 1.65e+03    -  5.64e-02 8.56e-01w  1
iter    objective    inf_pr   inf_du lg(mu)  ||d||  lg(rg) alpha_du alpha_pr  ls
 690 -6.8557756e+03 2.18e+01 4.01e+07  -6.0 3.40e+02    -  1.45e-03 4.12e-01w  1
 691 -6.8572159e+03 7.81e-01 2.43e+04  -6.0 2.20e+02    -  5.39e-05 1.00e+00w  1
 692 -6.8645536e+03 1.46e-03 4.71e+08  -6.0 2.77e+01    -  5.64e-02 1.04e-04h 13
 693 -6.8645524e+03 1.46e-03 4.70e+08  -6.0 1.65e+03    -  4.62e-01 1.05e-04h 14
 694 -6.8645512e+03 1.46e-03 4.70e+08  -6.0 1.64e+03    -  5.04e-02 1.05e-04h 14
 695 -6.8645500e+03 1.46e-03 4.70e+08  -6.0 1.64e+03    -  2.31e-01 1.05e-04h 14
 696 -6.8645488e+03 1.46e-03 4.70e+08  -6.0 1.64e+03    -  5.69e-02 1.05e-04h 14
 697 -6.8645476e+03 1.46e-03 4.70e+08  -6.0 1.64e+03    -  4.61e-01 1.05e-04h 14
 698 -6.8645465e+03 1.46e-03 4.70e+08  -6.0 1.64e+03    -  5.09e-02 1.05e-04h 14
 699 -6.8645453e+03 1.46e-03 4.70e+08  -6.0 1.64e+03    -  2.36e-01 1.05e-04h 14
iter    objective    inf_pr   inf_du lg(mu)  ||d||  lg(rg) alpha_du alpha_pr  ls
 700 -6.8645441e+03 1.46e-03 4.70e+08  -6.0 1.64e+03    -  5.73e-02 1.05e-04h 14
 701 -6.8645429e+03 1.46e-03 4.70e+08  -6.0 1.64e+03    -  4.59e-01 1.05e-04h 14
 702 -6.8547898e+03 3.70e+01 6.42e+07  -6.0 1.64e+03    -  5.15e-02 8.64e-01w  1
 703 -6.8557307e+03 2.21e+01 3.78e+07  -6.0 3.50e+02    -  1.95e-03 4.11e-01w  1
 704 -6.8572122e+03 8.27e-01 2.50e+04  -6.0 2.26e+02    -  8.57e-05 1.00e+00w  1
 705 -6.8645417e+03 1.46e-03 4.70e+08  -6.0 2.85e+01    -  5.15e-02 1.05e-04h 13
 706 -6.8645405e+03 1.46e-03 4.70e+08  -6.0 1.64e+03    -  2.42e-01 1.06e-04h 14
 707 -6.8645393e+03 1.45e-03 4.70e+08  -6.0 1.64e+03    -  5.77e-02 1.06e-04h 14
 708 -6.8645381e+03 1.45e-03 4.70e+08  -6.0 1.64e+03    -  4.58e-01 1.06e-04h 14
 709 -6.8645369e+03 1.45e-03 4.70e+08  -6.0 1.64e+03    -  5.21e-02 1.06e-04h 14
iter    objective    inf_pr   inf_du lg(mu)  ||d||  lg(rg) alpha_du alpha_pr  ls
 710 -6.8645357e+03 1.45e-03 4.70e+08  -6.0 1.64e+03    -  2.47e-01 1.06e-04h 14
 711 -6.8645345e+03 1.45e-03 4.70e+08  -6.0 1.64e+03    -  5.81e-02 1.06e-04h 14
 712 -6.8645333e+03 1.45e-03 4.70e+08  -6.0 1.64e+03    -  4.56e-01 1.06e-04h 14
 713 -6.8645321e+03 1.45e-03 4.70e+08  -6.0 1.64e+03    -  5.27e-02 1.06e-04h 14
 714 -6.8645309e+03 1.45e-03 4.70e+08  -6.0 1.64e+03    -  2.53e-01 1.06e-04h 14
 715 -6.8547100e+03 3.75e+01 5.99e+07  -6.0 1.63e+03    -  5.85e-02 8.73e-01w  1
 716 -6.8556803e+03 2.24e+01 3.53e+07  -6.0 3.60e+02    -  2.45e-03 4.11e-01w  1
 717 -6.8572087e+03 8.80e-01 2.57e+04  -6.0 2.33e+02    -  4.26e-04 1.00e+00w  1
 718 -6.8645297e+03 1.45e-03 4.70e+08  -6.0 2.95e+01    -  5.85e-02 1.07e-04h 13
 719 -6.8645285e+03 1.45e-03 4.70e+08  -6.0 1.63e+03    -  4.55e-01 1.07e-04h 14
iter    objective    inf_pr   inf_du lg(mu)  ||d||  lg(rg) alpha_du alpha_pr  ls
 720 -6.8645273e+03 1.45e-03 4.69e+08  -6.0 1.63e+03    -  5.33e-02 1.07e-04h 14
 721 -6.8645261e+03 1.45e-03 4.69e+08  -6.0 1.63e+03    -  2.59e-01 1.07e-04h 14
 722 -6.8645249e+03 1.45e-03 4.69e+08  -6.0 1.63e+03    -  5.89e-02 1.07e-04h 14
 723 -6.8645237e+03 1.45e-03 4.69e+08  -6.0 1.63e+03    -  4.53e-01 1.07e-04h 14
 724 -6.8645225e+03 1.45e-03 4.69e+08  -6.0 1.63e+03    -  5.40e-02 1.07e-04h 14
 725 -6.8645213e+03 1.45e-03 4.69e+08  -6.0 1.63e+03    -  2.56e-01 1.07e-04h 14
 726 -6.8645201e+03 1.45e-03 4.69e+08  -6.0 1.63e+03    -  5.97e-02 1.07e-04h 14
 727 -6.8645189e+03 1.45e-03 4.69e+08  -6.0 1.63e+03    -  4.51e-01 1.08e-04h 14
 728 -6.8546305e+03 3.80e+01 5.55e+07  -6.0 1.63e+03    -  5.46e-02 8.82e-01w  1
 729 -6.8556299e+03 2.28e+01 3.27e+07  -6.0 3.70e+02    -  3.09e-03 4.11e-01w  1
iter    objective    inf_pr   inf_du lg(mu)  ||d||  lg(rg) alpha_du alpha_pr  ls
 730 -6.8572052e+03 9.35e-01 2.64e+04  -6.0 2.39e+02    -  5.28e-03 1.00e+00w  1
 731 -6.8645177e+03 1.45e-03 4.69e+08  -6.0 3.15e+01    -  5.46e-02 1.08e-04h 13
 732 -6.8645165e+03 1.45e-03 4.69e+08  -6.0 1.63e+03    -  2.59e-01 1.08e-04h 14
 733 -6.8645153e+03 1.45e-03 4.69e+08  -6.0 1.63e+03    -  6.03e-02 1.08e-04h 14
 734 -6.8645141e+03 1.45e-03 4.69e+08  -6.0 1.63e+03    -  4.49e-01 1.08e-04h 14
 735 -6.8645129e+03 1.45e-03 4.69e+08  -6.0 1.63e+03    -  5.52e-02 1.08e-04h 14
 736 -6.8645117e+03 1.45e-03 4.69e+08  -6.0 1.63e+03    -  2.66e-01 1.08e-04h 14
 737 -6.8645104e+03 1.45e-03 4.69e+08  -6.0 1.63e+03    -  6.07e-02 1.08e-04h 14
 738 -6.8645092e+03 1.45e-03 4.69e+08  -6.0 1.62e+03    -  4.47e-01 1.08e-04h 14
 739 -6.8645080e+03 1.44e-03 4.69e+08  -6.0 1.62e+03    -  5.59e-02 1.09e-04h 14
iter    objective    inf_pr   inf_du lg(mu)  ||d||  lg(rg) alpha_du alpha_pr  ls
 740 -6.8645068e+03 1.44e-03 4.69e+08  -6.0 1.62e+03    -  2.71e-01 1.09e-04h 14
 741 -6.8545460e+03 3.85e+01 5.10e+07  -6.0 1.62e+03    -  6.11e-02 8.92e-01w  1
 742 -6.8555764e+03 2.31e+01 3.00e+07  -6.0 3.81e+02    -  3.67e-03 4.11e-01w  1
 743 -6.8572012e+03 9.95e-01 2.73e+04  -6.0 2.46e+02    -  4.30e-03 1.00e+00w  1
 744 -6.8645056e+03 1.44e-03 4.69e+08  -6.0 3.34e+01    -  6.11e-02 1.09e-04h 13
 745 -6.8645044e+03 1.44e-03 4.68e+08  -6.0 1.62e+03    -  4.45e-01 1.09e-04h 14
 746 -6.8645032e+03 1.44e-03 4.68e+08  -6.0 1.62e+03    -  5.65e-02 1.09e-04h 14
 747 -6.8645019e+03 1.44e-03 4.68e+08  -6.0 1.62e+03    -  2.78e-01 1.09e-04h 14
 748 -6.8645007e+03 1.44e-03 4.68e+08  -6.0 1.62e+03    -  6.15e-02 1.09e-04h 14
 749 -6.8644995e+03 1.44e-03 4.68e+08  -6.0 1.62e+03    -  4.43e-01 1.09e-04h 14
iter    objective    inf_pr   inf_du lg(mu)  ||d||  lg(rg) alpha_du alpha_pr  ls
 750 -6.8644983e+03 1.44e-03 4.68e+08  -6.0 1.62e+03    -  5.72e-02 1.10e-04h 14
 751 -6.8644971e+03 1.44e-03 4.68e+08  -6.0 1.62e+03    -  2.85e-01 1.10e-04h 14
 752 -6.8644958e+03 1.44e-03 4.68e+08  -6.0 1.62e+03    -  6.19e-02 1.10e-04h 14
 753 -6.8644946e+03 1.44e-03 4.68e+08  -6.0 1.62e+03    -  4.41e-01 1.10e-04h 14
 754 -6.8544640e+03 3.91e+01 4.65e+07  -6.0 1.62e+03    -  5.78e-02 9.01e-01w  1
 755 -6.8555243e+03 2.35e+01 2.74e+07  -6.0 3.92e+02    -  4.32e-03 4.10e-01w  1
 756 -6.8571963e+03 1.05e+00 2.83e+04  -6.0 2.53e+02    -  3.59e-03 1.00e+00w  1
 757 -6.8644934e+03 1.44e-03 4.68e+08  -6.0 3.57e+01    -  5.78e-02 1.10e-04h 13
 758 -6.8644922e+03 1.44e-03 4.68e+08  -6.0 1.62e+03    -  2.92e-01 1.10e-04h 14
 759 -6.8644909e+03 1.44e-03 4.68e+08  -6.0 1.62e+03    -  6.23e-02 1.10e-04h 14
iter    objective    inf_pr   inf_du lg(mu)  ||d||  lg(rg) alpha_du alpha_pr  ls
 760 -6.8644897e+03 1.44e-03 4.68e+08  -6.0 1.61e+03    -  4.38e-01 1.10e-04h 14
 761 -6.8644885e+03 1.44e-03 4.68e+08  -6.0 1.61e+03    -  5.85e-02 1.10e-04h 14
 762 -6.8644872e+03 1.44e-03 4.68e+08  -6.0 1.61e+03    -  2.99e-01 1.11e-04h 14
 763 -6.8644860e+03 1.44e-03 4.68e+08  -6.0 1.61e+03    -  6.27e-02 1.11e-04h 14
 764 -6.8644848e+03 1.44e-03 4.68e+08  -6.0 1.61e+03    -  4.35e-01 1.11e-04h 14
 765 -6.8644836e+03 1.44e-03 4.68e+08  -6.0 1.61e+03    -  5.92e-02 1.11e-04h 14
 766 -6.8644823e+03 1.44e-03 4.68e+08  -6.0 1.61e+03    -  3.07e-01 1.11e-04h 14
 767 -6.8543812e+03 3.96e+01 4.19e+07  -6.0 1.61e+03    -  6.31e-02 9.11e-01w  1
 768 -6.8554715e+03 2.38e+01 2.47e+07  -6.0 4.03e+02    -  4.84e-03 4.10e-01w  1
 769 -6.8571906e+03 1.11e+00 2.93e+04  -6.0 2.60e+02    -  3.20e-03 1.00e+00w  1
iter    objective    inf_pr   inf_du lg(mu)  ||d||  lg(rg) alpha_du alpha_pr  ls
 770 -6.8644811e+03 1.44e-03 4.68e+08  -6.0 3.74e+01    -  6.31e-02 1.11e-04h 13
 771 -6.8644799e+03 1.44e-03 4.67e+08  -6.0 1.61e+03    -  4.33e-01 1.11e-04h 14
 772 -6.8644786e+03 1.44e-03 4.67e+08  -6.0 1.61e+03    -  5.99e-02 1.11e-04h 14
 773 -6.8644774e+03 1.43e-03 4.67e+08  -6.0 1.61e+03    -  3.15e-01 1.12e-04h 14
 774 -6.8644762e+03 1.43e-03 4.67e+08  -6.0 1.61e+03    -  6.35e-02 1.12e-04h 14
 775 -6.8644749e+03 1.43e-03 4.67e+08  -6.0 1.61e+03    -  4.30e-01 1.12e-04h 14
 776 -6.8644737e+03 1.43e-03 4.67e+08  -6.0 1.61e+03    -  6.06e-02 1.12e-04h 14
 777 -6.8644724e+03 1.43e-03 4.67e+08  -6.0 1.61e+03    -  3.24e-01 1.12e-04h 14
 778 -6.8644712e+03 1.43e-03 4.67e+08  -6.0 1.61e+03    -  6.38e-02 1.12e-04h 14
 779 -6.8644700e+03 1.43e-03 4.67e+08  -6.0 1.61e+03    -  4.27e-01 1.12e-04h 14
iter    objective    inf_pr   inf_du lg(mu)  ||d||  lg(rg) alpha_du alpha_pr  ls
 780 -6.8543033e+03 4.01e+01 3.76e+07  -6.0 1.61e+03    -  6.13e-02 9.20e-01w  1
 781 -6.8554215e+03 2.42e+01 2.22e+07  -6.0 4.13e+02    -  5.31e-03 4.10e-01w  1
 782 -6.8571838e+03 1.17e+00 3.04e+04  -6.0 2.66e+02    -  2.98e-03 1.00e+00w  1
 783 -6.8644687e+03 1.43e-03 4.67e+08  -6.0 3.83e+01    -  6.13e-02 1.12e-04h 13
 784 -6.8644675e+03 1.43e-03 4.67e+08  -6.0 1.60e+03    -  3.33e-01 1.12e-04h 14
 785 -6.8644662e+03 1.43e-03 4.67e+08  -6.0 1.60e+03    -  6.42e-02 1.13e-04h 14
 786 -6.8644650e+03 1.43e-03 4.67e+08  -6.0 1.60e+03    -  4.24e-01 1.13e-04h 14
 787 -6.8644637e+03 1.43e-03 4.67e+08  -6.0 1.60e+03    -  6.20e-02 1.13e-04h 14
 788 -6.8644625e+03 1.43e-03 4.67e+08  -6.0 1.60e+03    -  3.42e-01 1.13e-04h 14
 789 -6.8644613e+03 1.43e-03 4.67e+08  -6.0 1.60e+03    -  6.45e-02 1.13e-04h 14
iter    objective    inf_pr   inf_du lg(mu)  ||d||  lg(rg) alpha_du alpha_pr  ls
 790 -6.8644600e+03 1.43e-03 4.67e+08  -6.0 1.60e+03    -  4.20e-01 1.13e-04h 14
 791 -6.8644588e+03 1.43e-03 4.67e+08  -6.0 1.60e+03    -  6.27e-02 1.13e-04h 14
 792 -6.8644575e+03 1.43e-03 4.67e+08  -6.0 1.60e+03    -  3.52e-01 1.13e-04h 14
 793 -6.8542278e+03 4.06e+01 3.33e+07  -6.0 1.60e+03    -  6.49e-02 9.29e-01w  1
 794 -6.8553730e+03 2.45e+01 1.97e+07  -6.0 4.23e+02    -  5.60e-03 4.09e-01w  1
 795 -6.8571766e+03 1.23e+00 3.16e+04  -6.0 2.72e+02    -  2.92e-03 1.00e+00w  1
 796 -6.8644563e+03 1.43e-03 4.66e+08  -6.0 3.80e+01    -  6.49e-02 1.13e-04h 13
 797 -6.8644550e+03 1.43e-03 4.66e+08  -6.0 1.60e+03    -  4.17e-01 1.14e-04h 14
 798 -6.8644538e+03 1.43e-03 4.66e+08  -6.0 1.60e+03    -  6.34e-02 1.14e-04h 14
 799 -6.8644525e+03 1.43e-03 4.66e+08  -6.0 1.60e+03    -  3.63e-01 1.14e-04h 14
iter    objective    inf_pr   inf_du lg(mu)  ||d||  lg(rg) alpha_du alpha_pr  ls
 800 -6.8644513e+03 1.43e-03 4.66e+08  -6.0 1.60e+03    -  6.52e-02 1.14e-04h 14
 801 -6.8644500e+03 1.43e-03 4.66e+08  -6.0 1.60e+03    -  4.14e-01 1.14e-04h 14
 802 -6.8644488e+03 1.43e-03 4.66e+08  -6.0 1.60e+03    -  6.42e-02 1.14e-04h 14
 803 -6.8644475e+03 1.42e-03 4.66e+08  -6.0 1.60e+03    -  3.74e-01 1.14e-04h 14
 804 -6.8644462e+03 1.42e-03 4.66e+08  -6.0 1.59e+03    -  6.56e-02 1.14e-04h 14
 805 -6.8644450e+03 1.42e-03 4.66e+08  -6.0 1.59e+03    -  4.10e-01 1.14e-04h 14
 806 -6.8541584e+03 4.11e+01 2.93e+07  -6.0 1.59e+03    -  6.49e-02 9.37e-01w  1
 807 -6.8553283e+03 2.48e+01 1.73e+07  -6.0 4.31e+02    -  5.76e-03 4.09e-01w  1
 808 -6.8571695e+03 1.28e+00 3.27e+04  -6.0 2.78e+02    -  2.98e-03 1.00e+00w  1
 809 -6.8644437e+03 1.42e-03 4.66e+08  -6.0 3.68e+01    -  6.49e-02 1.14e-04h 13
iter    objective    inf_pr   inf_du lg(mu)  ||d||  lg(rg) alpha_du alpha_pr  ls
 810 -6.8644425e+03 1.42e-03 4.66e+08  -6.0 1.59e+03    -  3.85e-01 1.15e-04h 14
 811 -6.8644412e+03 1.42e-03 4.66e+08  -6.0 1.59e+03    -  6.59e-02 1.15e-04h 14
 812 -6.8644400e+03 1.42e-03 4.66e+08  -6.0 1.59e+03    -  4.06e-01 1.15e-04h 14
 813 -6.8644387e+03 1.42e-03 4.66e+08  -6.0 1.59e+03    -  6.57e-02 1.15e-04h 14
 814 -6.8644374e+03 1.42e-03 4.66e+08  -6.0 1.59e+03    -  3.98e-01 1.15e-04h 14
 815 -6.8644362e+03 1.42e-03 4.66e+08  -6.0 1.59e+03    -  6.62e-02 1.15e-04h 14
 816 -6.8644349e+03 1.42e-03 4.66e+08  -6.0 1.59e+03    -  4.02e-01 1.15e-04h 14
 817 -6.8644337e+03 1.42e-03 4.66e+08  -6.0 1.59e+03    -  6.64e-02 1.15e-04h 14
 818 -6.8644324e+03 1.42e-03 4.65e+08  -6.0 1.59e+03    -  4.01e-01 1.15e-04h 14
 819 -6.8540931e+03 4.15e+01 2.55e+07  -6.0 1.59e+03    -  6.68e-02 9.46e-01w  1
iter    objective    inf_pr   inf_du lg(mu)  ||d||  lg(rg) alpha_du alpha_pr  ls
 820 -6.8552862e+03 2.51e+01 1.51e+07  -6.0 4.40e+02    -  5.72e-03 4.09e-01w  1
 821 -6.8571544e+03 1.43e+00 7.08e+04  -6.0 2.83e+02    -  3.12e-03 9.95e-01w  1
 822 -6.8644311e+03 1.42e-03 4.65e+08  -6.0 5.06e+01    -  6.68e-02 1.15e-04h 13
 823 -6.8644299e+03 1.42e-03 4.65e+08  -6.0 1.59e+03    -  3.99e-01 1.16e-04h 14
 824 -6.8644286e+03 1.42e-03 4.65e+08  -6.0 1.59e+03    -  6.72e-02 1.16e-04h 14
 825 -6.8644274e+03 1.42e-03 4.65e+08  -6.0 1.59e+03    -  3.97e-01 1.16e-04h 14
 826 -6.8644261e+03 1.42e-03 4.65e+08  -6.0 1.59e+03    -  6.76e-02 1.16e-04h 14
 827 -6.8644248e+03 1.42e-03 4.65e+08  -6.0 1.58e+03    -  3.95e-01 1.16e-04h 14
 828 -6.8644236e+03 1.42e-03 4.65e+08  -6.0 1.58e+03    -  6.80e-02 1.16e-04h 14
 829 -6.8644223e+03 1.42e-03 4.65e+08  -6.0 1.58e+03    -  3.93e-01 1.16e-04h 14
iter    objective    inf_pr   inf_du lg(mu)  ||d||  lg(rg) alpha_du alpha_pr  ls
 830 -6.8644210e+03 1.42e-03 4.65e+08  -6.0 1.58e+03    -  6.84e-02 1.16e-04h 14
 831 -6.8644198e+03 1.42e-03 4.65e+08  -6.0 1.58e+03    -  3.91e-01 1.16e-04h 14
 832 -6.8540334e+03 4.19e+01 2.19e+07  -6.0 1.58e+03    -  6.88e-02 9.53e-01w  1
 833 -6.8552477e+03 2.53e+01 1.30e+07  -6.0 4.47e+02    -  5.48e-03 4.09e-01w  1
 834 -6.8571212e+03 1.81e+00 2.49e+05  -6.0 2.88e+02    -  3.32e-03 9.81e-01w  1
 835 -6.8644185e+03 1.42e-03 4.65e+08  -6.0 5.38e+01    -  6.88e-02 1.16e-04h 13
 836 -6.8644172e+03 1.41e-03 4.65e+08  -6.0 1.58e+03    -  3.89e-01 1.16e-04h 14
 837 -6.8644160e+03 1.41e-03 4.65e+08  -6.0 1.58e+03    -  6.92e-02 1.17e-04h 14
 838 -6.8644147e+03 1.41e-03 4.65e+08  -6.0 1.58e+03    -  3.87e-01 1.17e-04h 14
 839 -6.8644134e+03 1.41e-03 4.65e+08  -6.0 1.58e+03    -  6.96e-02 1.17e-04h 14
iter    objective    inf_pr   inf_du lg(mu)  ||d||  lg(rg) alpha_du alpha_pr  ls
 840 -6.8644121e+03 1.41e-03 4.65e+08  -6.0 1.58e+03    -  3.85e-01 1.17e-04h 14
 841 -6.8644109e+03 1.41e-03 4.65e+08  -6.0 1.58e+03    -  7.00e-02 1.17e-04h 14
 842 -6.8644096e+03 1.41e-03 4.64e+08  -6.0 1.58e+03    -  3.84e-01 1.17e-04h 14
 843 -6.8644083e+03 1.41e-03 4.64e+08  -6.0 1.58e+03    -  7.04e-02 1.17e-04h 14
 844 -6.8644071e+03 1.41e-03 4.64e+08  -6.0 1.58e+03    -  3.82e-01 1.17e-04h 14
 845 -6.8539783e+03 4.22e+01 1.85e+07  -6.0 1.58e+03    -  7.08e-02 9.61e-01w  1
 846 -6.8552122e+03 2.55e+01 1.10e+07  -6.0 4.54e+02    -  5.07e-03 4.08e-01w  1
 847 -6.8571003e+03 2.05e+00 3.02e+05  -6.0 2.92e+02    -  3.55e-03 9.72e-01w  1
 848 -6.8644058e+03 1.41e-03 4.64e+08  -6.0 5.50e+01    -  7.08e-02 1.17e-04h 13
 849 -6.8644045e+03 1.41e-03 4.64e+08  -6.0 1.58e+03    -  3.80e-01 1.17e-04h 14
iter    objective    inf_pr   inf_du lg(mu)  ||d||  lg(rg) alpha_du alpha_pr  ls
 850 -6.8644032e+03 1.41e-03 4.64e+08  -6.0 1.58e+03    -  7.12e-02 1.17e-04h 14
 851 -6.8644020e+03 1.41e-03 4.64e+08  -6.0 1.57e+03    -  3.78e-01 1.18e-04h 14
 852 -6.8644007e+03 1.41e-03 4.64e+08  -6.0 1.57e+03    -  7.16e-02 1.18e-04h 14
 853 -6.8643994e+03 1.41e-03 4.64e+08  -6.0 1.57e+03    -  3.76e-01 1.18e-04h 14
 854 -6.8643981e+03 1.41e-03 4.64e+08  -6.0 1.57e+03    -  7.20e-02 1.18e-04h 14
 855 -6.8643969e+03 1.41e-03 4.64e+08  -6.0 1.57e+03    -  3.75e-01 1.18e-04h 14
 856 -6.8643956e+03 1.41e-03 4.64e+08  -6.0 1.57e+03    -  7.24e-02 1.18e-04h 14
 857 -6.8643943e+03 1.41e-03 4.64e+08  -6.0 1.57e+03    -  3.73e-01 1.18e-04h 14
 858 -6.8539274e+03 4.25e+01 1.53e+07  -6.0 1.57e+03    -  7.28e-02 9.67e-01w  1
 859 -6.8551795e+03 2.58e+01 9.05e+06  -6.0 4.61e+02    -  4.50e-03 4.08e-01w  1
iter    objective    inf_pr   inf_du lg(mu)  ||d||  lg(rg) alpha_du alpha_pr  ls
 860 -6.8570935e+03 2.14e+00 2.65e+05  -6.0 2.97e+02    -  3.80e-03 9.71e-01w  1
 861 -6.8643930e+03 1.41e-03 4.64e+08  -6.0 5.40e+01    -  7.28e-02 1.18e-04h 13
 862 -6.8643917e+03 1.41e-03 4.64e+08  -6.0 1.57e+03    -  3.71e-01 1.18e-04h 14
 863 -6.8643905e+03 1.41e-03 4.64e+08  -6.0 1.57e+03    -  7.32e-02 1.18e-04h 14
 864 -6.8643892e+03 1.41e-03 4.64e+08  -6.0 1.57e+03    -  3.69e-01 1.18e-04h 14
 865 -6.8643879e+03 1.41e-03 4.64e+08  -6.0 1.57e+03    -  7.37e-02 1.18e-04h 14
 866 -6.8643866e+03 1.40e-03 4.63e+08  -6.0 1.57e+03    -  3.68e-01 1.19e-04h 14
 867 -6.8643853e+03 1.40e-03 4.63e+08  -6.0 1.57e+03    -  7.41e-02 1.19e-04h 14
 868 -6.8643841e+03 1.40e-03 4.63e+08  -6.0 1.57e+03    -  3.66e-01 1.19e-04h 14
 869 -6.8643828e+03 1.40e-03 4.63e+08  -6.0 1.57e+03    -  7.45e-02 1.19e-04h 14
iter    objective    inf_pr   inf_du lg(mu)  ||d||  lg(rg) alpha_du alpha_pr  ls
 870 -6.8643815e+03 1.40e-03 4.63e+08  -6.0 1.57e+03    -  3.64e-01 1.19e-04h 14
 871 -6.8538799e+03 4.28e+01 1.22e+07  -6.0 1.56e+03    -  7.49e-02 9.74e-01w  1
 872 -6.8551491e+03 2.59e+01 7.23e+06  -6.0 4.67e+02    -  3.79e-03 4.08e-01w  1
 873 -6.8571066e+03 2.01e+00 1.58e+05  -6.0 3.01e+02    -  4.06e-03 9.78e-01w  1
 874 -6.8643802e+03 1.40e-03 4.63e+08  -6.0 4.98e+01    -  7.49e-02 1.19e-04h 13
 875 -6.8643789e+03 1.40e-03 4.63e+08  -6.0 1.56e+03    -  3.62e-01 1.19e-04h 14
 876 -6.8643777e+03 1.40e-03 4.63e+08  -6.0 1.56e+03    -  7.54e-02 1.19e-04h 14
 877 -6.8643764e+03 1.40e-03 4.63e+08  -6.0 1.56e+03    -  3.61e-01 1.19e-04h 14
 878 -6.8643751e+03 1.40e-03 4.63e+08  -6.0 1.56e+03    -  7.58e-02 1.19e-04h 14
 879 -6.8643738e+03 1.40e-03 4.63e+08  -6.0 1.56e+03    -  3.59e-01 1.19e-04h 14
iter    objective    inf_pr   inf_du lg(mu)  ||d||  lg(rg) alpha_du alpha_pr  ls
 880 -6.8643725e+03 1.40e-03 4.63e+08  -6.0 1.56e+03    -  7.62e-02 1.19e-04h 14
 881 -6.8643712e+03 1.40e-03 4.63e+08  -6.0 1.56e+03    -  3.57e-01 1.19e-04h 14
 882 -6.8643700e+03 1.40e-03 4.63e+08  -6.0 1.56e+03    -  7.67e-02 1.20e-04h 14
 883 -6.8643687e+03 1.40e-03 4.63e+08  -6.0 1.56e+03    -  3.56e-01 1.20e-04h 14
 884 -6.8538348e+03 4.31e+01 9.22e+06  -6.0 1.56e+03    -  7.71e-02 9.81e-01w  1
 885 -6.8551205e+03 2.61e+01 5.46e+06  -6.0 4.73e+02    -  2.97e-03 4.08e-01w  1
 886 -6.8571524e+03 1.56e+00 3.86e+04  -6.0 3.05e+02    -  4.32e-03 1.00e+00w  1
 887 -6.8643674e+03 1.40e-03 4.63e+08  -6.0 2.58e+01    -  7.71e-02 1.20e-04h 13
 888 -6.8643661e+03 1.40e-03 4.63e+08  -6.0 1.56e+03    -  3.54e-01 1.20e-04h 14
 889 -6.8643648e+03 1.40e-03 4.63e+08  -6.0 1.56e+03    -  7.76e-02 1.20e-04h 14
iter    objective    inf_pr   inf_du lg(mu)  ||d||  lg(rg) alpha_du alpha_pr  ls
 890 -6.8643635e+03 1.40e-03 4.62e+08  -6.0 1.56e+03    -  3.52e-01 1.20e-04h 14
 891 -6.8643622e+03 1.40e-03 4.62e+08  -6.0 1.56e+03    -  7.80e-02 1.20e-04h 14
 892 -6.8643609e+03 1.40e-03 4.62e+08  -6.0 1.56e+03    -  3.51e-01 1.20e-04h 14
 893 -6.8643597e+03 1.40e-03 4.62e+08  -6.0 1.56e+03    -  7.84e-02 1.20e-04h 14
 894 -6.8643584e+03 1.40e-03 4.62e+08  -6.0 1.56e+03    -  3.49e-01 1.20e-04h 14
 895 -6.8643571e+03 1.40e-03 4.62e+08  -6.0 1.55e+03    -  7.89e-02 1.20e-04h 14
 896 -6.8643558e+03 1.39e-03 4.62e+08  -6.0 1.55e+03    -  3.48e-01 1.20e-04h 14
 897 -6.8537913e+03 4.33e+01 6.30e+06  -6.0 1.55e+03    -  7.93e-02 9.87e-01w  1
 898 -6.8547815e+03 3.02e+01 4.35e+06  -6.0 4.78e+02    -  2.04e-03 3.11e-01w  1
 899 -6.8562125e+03 1.24e+01 1.68e+06  -6.0 3.50e+02    -  8.82e-03 6.14e-01w  1
iter    objective    inf_pr   inf_du lg(mu)  ||d||  lg(rg) alpha_du alpha_pr  ls
 900 -6.8643545e+03 1.39e-03 4.62e+08  -6.0 1.75e+02    -  7.93e-02 1.20e-04h 13
 901 -6.8643532e+03 1.39e-03 4.62e+08  -6.0 1.55e+03    -  3.46e-01 1.21e-04h 14
 902 -6.8643519e+03 1.39e-03 4.62e+08  -6.0 1.55e+03    -  7.98e-02 1.21e-04h 14
 903 -6.8643506e+03 1.39e-03 4.62e+08  -6.0 1.55e+03    -  3.45e-01 1.21e-04h 14
 904 -6.8643493e+03 1.39e-03 4.62e+08  -6.0 1.55e+03    -  8.03e-02 1.21e-04h 14
 905 -6.8643480e+03 1.39e-03 4.62e+08  -6.0 1.55e+03    -  3.43e-01 1.21e-04h 14
 906 -6.8643468e+03 1.39e-03 4.62e+08  -6.0 1.55e+03    -  8.07e-02 1.21e-04h 14
 907 -6.8643455e+03 1.39e-03 4.62e+08  -6.0 1.55e+03    -  3.41e-01 1.21e-04h 14
 908 -6.8643442e+03 1.39e-03 4.62e+08  -6.0 1.55e+03    -  8.12e-02 1.21e-04h 14
 909 -6.8643429e+03 1.39e-03 4.62e+08  -6.0 1.55e+03    -  3.40e-01 1.21e-04h 14
iter    objective    inf_pr   inf_du lg(mu)  ||d||  lg(rg) alpha_du alpha_pr  ls
 910 -6.8537488e+03 4.36e+01 3.41e+06  -6.0 1.55e+03    -  8.16e-02 9.93e-01w  1
 911 -6.8542348e+03 3.71e+01 2.90e+06  -6.0 4.84e+02    -  1.02e-03 1.51e-01w  1
 912 -6.8557590e+03 1.80e+01 1.34e+06  -6.0 4.24e+02    -  6.34e-03 5.39e-01w  1
 913 -6.8643416e+03 1.39e-03 4.62e+08  -6.0 2.38e+02    -  8.16e-02 1.21e-04h 13
 914 -6.8643403e+03 1.39e-03 4.61e+08  -6.0 1.55e+03    -  3.38e-01 1.21e-04h 14
 915 -6.8643390e+03 1.39e-03 4.61e+08  -6.0 1.55e+03    -  8.21e-02 1.21e-04h 14
 916 -6.8643377e+03 1.39e-03 4.61e+08  -6.0 1.55e+03    -  3.37e-01 1.21e-04h 14
 917 -6.8643364e+03 1.39e-03 4.61e+08  -6.0 1.55e+03    -  8.26e-02 1.22e-04h 14
 918 -6.8643351e+03 1.39e-03 4.61e+08  -6.0 1.55e+03    -  3.35e-01 1.22e-04h 14
 919 -6.8643338e+03 1.39e-03 4.61e+08  -6.0 1.54e+03    -  8.31e-02 1.22e-04h 14
iter    objective    inf_pr   inf_du lg(mu)  ||d||  lg(rg) alpha_du alpha_pr  ls
 920 -6.8643325e+03 1.39e-03 4.61e+08  -6.0 1.54e+03    -  3.34e-01 1.22e-04h 14
 921 -6.8643312e+03 1.39e-03 4.61e+08  -6.0 1.54e+03    -  8.35e-02 1.22e-04h 14
 922 -6.8643299e+03 1.39e-03 4.61e+08  -6.0 1.54e+03    -  3.33e-01 1.22e-04h 14
 923 -6.8537117e+03 4.38e+01 7.47e+05  -6.0 1.54e+03    -  8.40e-02 9.99e-01w  1
 924 -6.8537615e+03 4.34e+01 7.41e+05  -6.0 8.58e+02    -  1.36e-04 8.36e-03w  1
 925 -6.8549551e+03 3.50e+01 5.88e+05  -6.0 8.36e+02    -  4.27e-03 2.06e-01w  1
 926 -6.8643286e+03 1.39e-03 4.61e+08  -6.0 1.49e+03    -  8.40e-02 1.22e-04h 13
 927 -6.8643273e+03 1.39e-03 4.61e+08  -6.0 1.54e+03    -  3.31e-01 1.22e-04h 14
 928 -6.8643260e+03 1.38e-03 4.61e+08  -6.0 1.54e+03    -  8.45e-02 1.22e-04h 14
 929 -6.8643247e+03 1.38e-03 4.61e+08  -6.0 1.54e+03    -  3.30e-01 1.22e-04h 14
iter    objective    inf_pr   inf_du lg(mu)  ||d||  lg(rg) alpha_du alpha_pr  ls
 930 -6.8643234e+03 1.38e-03 4.61e+08  -6.0 1.54e+03    -  8.50e-02 1.22e-04h 14
 931 -6.8643222e+03 1.38e-03 4.61e+08  -6.0 1.54e+03    -  3.28e-01 1.22e-04h 14
 932 -6.8643209e+03 1.38e-03 4.61e+08  -6.0 1.54e+03    -  8.55e-02 1.22e-04h 14
 933 -6.8643196e+03 1.38e-03 4.61e+08  -6.0 1.54e+03    -  3.27e-01 1.22e-04h 14
 934 -6.8643183e+03 1.38e-03 4.61e+08  -6.0 1.54e+03    -  8.60e-02 1.22e-04h 14
 935 -6.8643170e+03 1.38e-03 4.60e+08  -6.0 1.54e+03    -  3.25e-01 1.22e-04h 14
 936 -6.8537241e+03 4.35e+01 2.24e+05  -6.0 1.54e+03    -  8.65e-02 1.00e+00w  1
 937 -6.8542037e+03 3.98e+01 2.21e+05  -6.0 7.83e+02    -  2.10e-03 8.86e-02w  1
 938 -6.8563292e+03 2.11e+01 2.39e+05  -6.0 6.07e+02    -  4.38e-02 5.13e-01w  1
 939 -6.8643157e+03 1.38e-03 4.60e+08  -6.0 1.53e+02  -3.1 8.65e-02 1.22e-04h 13
iter    objective    inf_pr   inf_du lg(mu)  ||d||  lg(rg) alpha_du alpha_pr  ls
 940 -6.8643144e+03 1.38e-03 4.60e+08  -6.0 1.54e+03    -  3.24e-01 1.22e-04h 14
 941 -6.8643131e+03 1.38e-03 4.60e+08  -6.0 1.54e+03    -  8.70e-02 1.22e-04h 14
 942 -6.8643118e+03 1.38e-03 4.60e+08  -6.0 1.54e+03    -  3.23e-01 1.22e-04h 14
 943 -6.8643105e+03 1.38e-03 4.60e+08  -6.0 1.54e+03    -  8.75e-02 1.22e-04h 14
 944 -6.8643092e+03 1.38e-03 4.60e+08  -6.0 1.53e+03    -  3.21e-01 1.22e-04h 14
 945 -6.8643079e+03 1.38e-03 4.60e+08  -6.0 1.53e+03    -  8.80e-02 1.22e-04h 14
 946 -6.8643066e+03 1.38e-03 4.60e+08  -6.0 1.53e+03    -  3.20e-01 1.22e-04h 14
 947 -6.8643054e+03 1.38e-03 4.60e+08  -6.0 1.53e+03    -  8.85e-02 1.22e-04h 14
 948 -6.8643041e+03 1.38e-03 4.60e+08  -6.0 1.53e+03    -  3.18e-01 1.22e-04h 14
 949 -6.8537483e+03 4.32e+01 2.23e+05  -6.0 1.53e+03    -  8.90e-02 1.00e+00w  1
iter    objective    inf_pr   inf_du lg(mu)  ||d||  lg(rg) alpha_du alpha_pr  ls
 950 -6.8548245e+03 3.44e+01 3.30e+05  -6.0 7.29e+02    -  5.36e-03 2.14e-01w  1
 951 -6.8566125e+03 2.02e+01 1.92e+05  -6.0 5.82e+02    -  1.11e-01 4.49e-01w  1
 952 -6.8643028e+03 1.38e-03 4.60e+08  -6.0 7.42e+01  -3.6 8.90e-02 1.22e-04h 13
 953 -6.8643015e+03 1.38e-03 4.60e+08  -6.0 1.53e+03    -  3.17e-01 1.22e-04h 14
 954 -6.8643002e+03 1.38e-03 4.60e+08  -6.0 1.53e+03    -  8.95e-02 1.22e-04h 14
 955 -6.8642989e+03 1.38e-03 4.60e+08  -6.0 1.53e+03    -  3.16e-01 1.22e-04h 14
 956 -6.8642976e+03 1.38e-03 4.60e+08  -6.0 1.53e+03    -  9.00e-02 1.22e-04h 14
 957 -6.8642963e+03 1.37e-03 4.60e+08  -6.0 1.53e+03    -  3.14e-01 1.22e-04h 14
 958 -6.8642951e+03 1.37e-03 4.60e+08  -6.0 1.53e+03    -  9.05e-02 1.22e-04h 14
 959 -6.8642938e+03 1.37e-03 4.59e+08  -6.0 1.53e+03    -  3.13e-01 1.22e-04h 14
iter    objective    inf_pr   inf_du lg(mu)  ||d||  lg(rg) alpha_du alpha_pr  ls
 960 -6.8642925e+03 1.37e-03 4.59e+08  -6.0 1.53e+03    -  9.10e-02 1.22e-04h 14
 961 -6.8642912e+03 1.37e-03 4.59e+08  -6.0 1.53e+03    -  3.12e-01 1.22e-04h 14
 962 -6.8537725e+03 4.29e+01 2.22e+05  -6.0 1.53e+03    -  9.16e-02 1.00e+00w  1
 963 -6.8554258e+03 2.95e+01 3.50e+05  -6.0 7.14e+02    -  8.62e-03 3.37e-01w  1
 964 -6.8573231e+03 1.55e+01 1.86e+05  -6.0 5.31e+02  -4.1 8.65e-02 5.22e-01w  1
 965 -6.8642899e+03 1.37e-03 4.59e+08  -6.0 1.60e+02    -  9.16e-02 1.22e-04h 13
 966 -6.8642886e+03 1.37e-03 4.59e+08  -6.0 1.53e+03    -  3.11e-01 1.22e-04h 14
 967 -6.8642874e+03 1.37e-03 4.59e+08  -6.0 1.53e+03    -  9.21e-02 1.22e-04h 14
 968 -6.8642861e+03 1.37e-03 4.59e+08  -6.0 1.52e+03    -  3.09e-01 1.22e-04h 14
 969 -6.8642848e+03 1.37e-03 4.59e+08  -6.0 1.52e+03    -  9.26e-02 1.22e-04h 14
iter    objective    inf_pr   inf_du lg(mu)  ||d||  lg(rg) alpha_du alpha_pr  ls
 970 -6.8642835e+03 1.37e-03 4.59e+08  -6.0 1.52e+03    -  3.08e-01 1.22e-04h 14
 971 -6.8642822e+03 1.37e-03 4.59e+08  -6.0 1.52e+03    -  9.32e-02 1.22e-04h 14
 972 -6.8642809e+03 1.37e-03 4.59e+08  -6.0 1.52e+03    -  3.07e-01 1.22e-04h 14
 973 -6.8642797e+03 1.37e-03 4.59e+08  -6.0 1.52e+03    -  9.37e-02 1.22e-04h 14
 974 -6.8642784e+03 1.37e-03 4.59e+08  -6.0 1.52e+03    -  3.06e-01 1.22e-04h 14
 975 -6.8537966e+03 4.26e+01 2.22e+05  -6.0 1.52e+03    -  9.43e-02 1.00e+00w  1
 976 -6.8555555e+03 2.84e+01 2.79e+05  -6.0 7.06e+02    -  1.19e-02 3.62e-01w  1
 977 -6.8555555e+03 2.84e+01 2.81e+05  -6.0 1.90e+03  -4.6 9.71e-03 5.40e-07w  1
 978 -6.8642771e+03 1.37e-03 4.59e+08  -6.0 6.89e+02    -  9.43e-02 1.22e-04h 13
 979 -6.8642758e+03 1.37e-03 4.59e+08  -6.0 1.52e+03    -  3.04e-01 1.22e-04h 14
iter    objective    inf_pr   inf_du lg(mu)  ||d||  lg(rg) alpha_du alpha_pr  ls
 980 -6.8642745e+03 1.37e-03 4.59e+08  -6.0 1.52e+03    -  9.48e-02 1.22e-04h 14
 981 -6.8642733e+03 1.37e-03 4.59e+08  -6.0 1.52e+03    -  3.03e-01 1.22e-04h 14
 982 -6.8642720e+03 1.37e-03 4.59e+08  -6.0 1.52e+03    -  9.54e-02 1.22e-04h 14
 983 -6.8642707e+03 1.37e-03 4.58e+08  -6.0 1.52e+03    -  3.02e-01 1.22e-04h 14
 984 -6.8642694e+03 1.37e-03 4.58e+08  -6.0 1.52e+03    -  9.59e-02 1.22e-04h 14
 985 -6.8642682e+03 1.37e-03 4.58e+08  -6.0 1.52e+03    -  3.01e-01 1.22e-04h 14
 986 -6.8642669e+03 1.36e-03 4.58e+08  -6.0 1.52e+03    -  9.65e-02 1.22e-04h 14
 987 -6.8642656e+03 1.36e-03 4.58e+08  -6.0 1.52e+03    -  2.99e-01 1.22e-04h 14
 988 -6.8538206e+03 4.23e+01 2.21e+05  -6.0 1.52e+03    -  9.70e-02 1.00e+00w  1
 989 -6.8555785e+03 2.81e+01 2.21e+05  -6.0 7.03e+02    -  1.51e-02 3.64e-01w  1
iter    objective    inf_pr   inf_du lg(mu)  ||d||  lg(rg) alpha_du alpha_pr  ls
 990 -6.8585373e+03 4.29e+00 3.45e+05  -6.0 4.51e+02  -4.2 1.32e-01 9.66e-01w  1
 991 -6.8642643e+03 1.36e-03 4.58e+08  -6.0 2.65e+01    -  9.70e-02 1.22e-04h 13
 992 -6.8642631e+03 1.36e-03 4.58e+08  -6.0 1.51e+03    -  2.98e-01 1.22e-04h 14
 993 -6.8642618e+03 1.36e-03 4.58e+08  -6.0 1.51e+03    -  9.76e-02 1.22e-04h 14
 994 -6.8642605e+03 1.36e-03 4.58e+08  -6.0 1.51e+03    -  2.97e-01 1.22e-04h 14
 995 -6.8642592e+03 1.36e-03 4.58e+08  -6.0 1.51e+03    -  9.82e-02 1.22e-04h 14
 996 -6.8642580e+03 1.36e-03 4.58e+08  -6.0 1.51e+03    -  2.96e-01 1.22e-04h 14
 997 -6.8642567e+03 1.36e-03 4.58e+08  -6.0 1.51e+03    -  9.88e-02 1.22e-04h 14
 998 -6.8642554e+03 1.36e-03 4.58e+08  -6.0 1.51e+03    -  2.95e-01 1.22e-04h 14
 999 -6.8642541e+03 1.36e-03 4.58e+08  -6.0 1.51e+03    -  9.94e-02 1.22e-04h 14
iter    objective    inf_pr   inf_du lg(mu)  ||d||  lg(rg) alpha_du alpha_pr  ls
1000 -6.8642529e+03 1.36e-03 4.58e+08  -6.0 1.51e+03    -  2.94e-01 1.22e-04h 14

Number of Iterations....: 1000

                                   (scaled)                 (unscaled)
Objective...............:  -6.8642528780018683e+03   -6.8642528780018683e+03
Dual infeasibility......:   4.5768117914772290e+08    4.5768117914772290e+08
Constraint violation....:   9.8788614395406427e-04    1.3598348919809480e-03
Complementarity.........:   3.6951775646507784e-01    3.6951775646507784e-01
Overall NLP error.......:   1.4438372605249237e+04    4.5768117914772290e+08


Number of objective function evaluations             = 12586
Number of objective gradient evaluations             = 1001
Number of equality constraint evaluations            = 12586
Number of inequality constraint evaluations          = 12587
Number of equality constraint Jacobian evaluations   = 1001
Number of inequality constraint Jacobian evaluations = 1001
Number of Lagrangian Hessian evaluations             = 1000
Total CPU secs in IPOPT (w/o function evaluations)   =   1176.497
Total CPU secs in NLP function evaluations           =    123.878

EXIT: Maximum Number of Iterations Exceeded.
