
List of user-set options:

                                    Name   Value                used
                           compl_inf_tol = 1                     yes
                         constr_viol_tol = 1                     yes
                            dual_inf_tol = 1000                  yes
                           linear_solver = ma97                  yes
                              ma86_small = 1e-30                  no
                                  ma86_u = 0.0001                 no
                              ma97_order = best                  yes
                              ma97_small = 1e-30                 yes
                            ma97_switch1 = at_start              yes
                            ma97_switch2 = od_hd_reuse           yes
                                  ma97_u = 1e-06                 yes
                               ma97_umax = 0.5                   yes
                                max_iter = 1000                  yes
                    max_refinement_steps = 20                    yes
                    min_refinement_steps = 5                     yes
                                 mu_init = 1e-06                 yes
           mu_superlinear_decrease_power = 1.25                  yes
                   nlp_scaling_min_value = 1e-08                 yes
                        option_file_name = Preset_Case:_776_NCP.opt  yes
                             output_file = ./tmp/Preset_Case:_776_NCP.output  yes
                      print_user_options = yes                   yes
        required_infeasibility_reduction = 1                      no
                                     tol = 1e-08                 yes
                   warm_start_bound_frac = 1e-20                 yes
                   warm_start_bound_push = 1e-20                 yes
                   warm_start_init_point = yes                   yes
              warm_start_mult_bound_push = 1e-20                 yes
                warm_start_mult_init_max = 1e+40                 yes
             warm_start_slack_bound_frac = 1e-20                 yes
             warm_start_slack_bound_push = 1e-20                 yes

******************************************************************************
This program contains Ipopt, a library for large-scale nonlinear optimization.
 Ipopt is released as open source code under the Eclipse Public License (EPL).
         For more information visit http://projects.coin-or.org/Ipopt
******************************************************************************

This is Ipopt version 3.12.10, running with linear solver ma97.

Number of nonzeros in equality constraint Jacobian...:   117167
Number of nonzeros in inequality constraint Jacobian.:      213
Number of nonzeros in Lagrangian Hessian.............:    47513

Total number of variables............................:    29977
                     variables with only lower bounds:    11312
                variables with lower and upper bounds:    15135
                     variables with only upper bounds:        0
Total number of equality constraints.................:    29864
Total number of inequality constraints...............:       25
        inequality constraints with only lower bounds:        4
   inequality constraints with lower and upper bounds:        0
        inequality constraints with only upper bounds:       21

iter    objective    inf_pr   inf_du lg(mu)  ||d||  lg(rg) alpha_du alpha_pr  ls
   0 -1.9262586e-01 1.53e-01 2.00e+00  -6.0 0.00e+00    -  0.00e+00 0.00e+00   0
In iteration 0, 9 Slacks too small, adjusting variable bounds
   1 -1.9262586e-01 1.53e-01 4.90e+02  -6.0 1.11e+10    -  4.89e-14 4.68e-19h  1
   2 -1.9262260e-01 1.53e-01 4.91e+02  -6.0 1.18e+03    -  3.35e-08 1.55e-05f  1
   3 -1.9262259e-01 1.53e-01 4.89e+02  -6.0 1.70e+02    -  2.01e-02 2.69e-07h  2
   4 -1.9261245e-01 1.53e-01 4.89e+02  -6.0 1.13e+03    -  4.78e-05 5.13e-05h  1
   5 -1.9251559e-01 1.53e-01 4.88e+02  -6.0 6.18e+02    -  5.12e-03 9.70e-04h  1
   6 -1.9229441e-01 1.53e-01 4.88e+02  -6.0 6.83e+02    -  1.06e-03 1.71e-03h  3
   7 -1.9184211e-01 1.52e-01 4.85e+02  -6.0 4.97e+02    -  3.12e-03 3.92e-03h  2
   8 -1.9151757e-01 1.52e-01 4.85e+02  -6.0 5.47e+02    -  6.41e-03 2.76e-03h  3
   9 -1.9113096e-01 1.52e-01 4.84e+02  -6.0 4.66e+02    -  6.20e-07 3.51e-03h  4
iter    objective    inf_pr   inf_du lg(mu)  ||d||  lg(rg) alpha_du alpha_pr  ls
  10 -1.9074720e-01 1.51e-01 4.81e+02  -6.0 4.71e+02    -  3.27e-02 3.52e-03h  4
  11 -1.9025778e-01 1.50e-01 4.79e+02  -6.0 4.70e+02    -  7.89e-03 4.45e-03h  4
  12 -1.8978042e-01 1.50e-01 4.81e+02  -6.0 4.74e+02    -  6.42e-02 4.39e-03h  4
  13 -1.8924896e-01 1.49e-01 4.79e+02  -6.0 4.72e+02    -  2.16e-02 4.79e-03h  4
  14 -1.8870483e-01 1.48e-01 4.78e+02  -6.0 4.77e+02    -  7.58e-02 4.94e-03h  4
  15 -1.8836802e-01 1.48e-01 5.35e+02  -6.0 4.98e+02    -  5.36e-02 3.02e-03h  5
  16 -1.8199351e-01 2.43e-01 2.11e+03  -6.0 5.13e+02    -  1.63e-01 5.65e-02w  1
  17 -1.8198432e-01 2.43e-01 4.70e+05  -6.0 6.19e+02    -  1.83e-01 9.31e-05w  1
  18 -1.7197903e-01 7.06e-01 7.08e+05  -6.0 6.92e+02    -  2.15e-01 8.60e-02w  1
  19 -1.8796962e-01 1.47e-01 7.81e+02  -6.0 7.83e+02    -  1.63e-01 3.53e-03h  4
iter    objective    inf_pr   inf_du lg(mu)  ||d||  lg(rg) alpha_du alpha_pr  ls
  20 -1.8764374e-01 1.47e-01 8.93e+02  -6.0 5.61e+02    -  1.10e-01 2.71e-03h  6
  21 -1.8722761e-01 1.46e-01 1.03e+03  -6.0 6.00e+02    -  1.63e-01 3.30e-03h  6
  22 -1.8685487e-01 1.46e-01 1.80e+03  -6.0 6.68e+02    -  1.24e-01 2.73e-03h  6
  23 -1.8649579e-01 1.46e-01 3.64e+03  -6.0 7.28e+02    -  2.00e-01 2.49e-03h  6
  24 -1.8601047e-01 1.45e-01 4.52e+03  -6.0 8.38e+02    -  7.47e-02 3.18e-03h  6
  25 -1.8569981e-01 1.45e-01 7.55e+03  -6.0 8.77e+02    -  2.30e-01 2.03e-03h  7
  26 -1.8541491e-01 1.45e-01 8.23e+03  -6.0 1.01e+03    -  5.47e-02 1.85e-03h  8
  27 -1.8512931e-01 1.44e-01 1.07e+04  -6.0 1.04e+03    -  1.92e-01 1.87e-03h  8
  28 -1.8486515e-01 1.44e-01 1.13e+04  -6.0 1.15e+03    -  5.80e-02 1.76e-03h  8
  29 -1.5016774e-01 4.06e+00 3.25e+04  -6.0 1.17e+03    -  2.36e-01 2.33e-01w  1
iter    objective    inf_pr   inf_du lg(mu)  ||d||  lg(rg) alpha_du alpha_pr  ls
  30 -1.3544843e-01 3.79e+00 2.44e+04  -6.0 1.04e+03    -  2.66e-02 1.82e-01w  1
  31 -1.3517716e-01 3.76e+00 2.42e+04  -6.0 6.58e+02    -  2.98e-05 6.72e-03w  1
  32 -1.8459408e-01 1.44e-01 1.35e+04  -6.0 4.10e+01   0.0 2.36e-01 1.82e-03h  7
  33 -1.8441939e-01 1.44e-01 1.35e+04  -6.0 1.31e+03    -  5.38e-02 1.19e-03h  9
  34 -1.8423081e-01 1.43e-01 1.31e+04  -6.0 1.34e+03    -  2.68e-01 1.28e-03h  9
  35 -1.8396522e-01 1.43e-01 1.25e+04  -6.0 1.49e+03    -  4.98e-02 1.81e-03h  9
  36 -1.8370651e-01 1.43e-01 1.07e+04  -6.0 1.50e+03    -  1.28e-01 1.77e-03h  9
  37 -1.8346330e-01 1.43e-01 9.57e+03  -6.0 1.50e+03    -  7.21e-02 1.66e-03h  9
  38 -1.8322743e-01 1.42e-01 8.49e+03  -6.0 1.53e+03    -  7.29e-02 1.62e-03h  9
  39 -1.8299831e-01 1.42e-01 6.55e+03  -6.0 1.55e+03    -  1.37e-01 1.58e-03h  9
iter    objective    inf_pr   inf_du lg(mu)  ||d||  lg(rg) alpha_du alpha_pr  ls
  40 -1.8278104e-01 1.42e-01 5.81e+03  -6.0 1.60e+03    -  6.00e-02 1.51e-03h  9
  41 -1.8256801e-01 1.42e-01 3.15e+03  -6.0 1.62e+03    -  2.35e-01 1.49e-03h  9
  42 -1.3359158e-01 1.29e+01 1.19e+04  -6.0 1.73e+03    -  8.18e-02 3.46e-01w  1
  43 -1.3359150e-01 1.29e+01 1.19e+04  -6.0 8.82e+01  -0.5 5.69e-04 1.52e-06w  1
  44 -1.3355126e-01 1.29e+01 1.19e+04  -6.0 8.50e+01  -1.0 2.13e-07 7.43e-04w  1
  45 -1.8237670e-01 1.42e-01 2.58e+03  -6.0 7.78e+01  -1.4 8.18e-02 1.35e-03h  8
  46 -1.8218598e-01 1.41e-01 2.02e+03  -6.0 1.76e+03    -  9.74e-02 1.36e-03h  9
  47 -1.8200106e-01 1.41e-01 1.48e+03  -6.0 1.82e+03    -  1.21e-01 1.33e-03h  9
  48 -1.8168153e-01 1.41e-01 1.56e+03  -6.0 2.42e+03    -  5.18e-02 2.62e-03h  5
  49 -1.8151095e-01 1.41e-01 1.26e+03  -6.0 2.01e+03    -  1.28e-01 1.29e-03h  9
iter    objective    inf_pr   inf_du lg(mu)  ||d||  lg(rg) alpha_du alpha_pr  ls
  50 -1.8152967e-01 1.41e-01 1.47e+03  -6.0 8.49e+03    -  5.27e-03 2.63e-04h  4
  51 -1.8114961e-01 1.40e-01 1.91e+03  -6.0 1.15e+02  -1.9 1.56e-02 3.36e-03h  2
  52 -1.8042504e-01 1.39e-01 1.74e+03  -6.0 1.38e+02  -2.4 2.38e-07 5.73e-03h  2
  53 -1.7991226e-01 1.39e-01 2.50e+03  -6.0 1.96e+02  -2.9 6.07e-02 3.61e-03h  1
  54 -1.7942404e-01 1.38e-01 3.27e+03  -6.0 4.31e+02  -3.3 5.83e-02 2.88e-03h  7
  55 -1.7904343e-01 1.38e-01 3.34e+03  -6.0 7.14e+02  -3.8 1.59e-02 2.22e-03h  2
  56 -1.7898149e-01 1.38e-01 2.48e+03  -6.0 1.07e+03  -4.3 1.13e-01 3.67e-04h  2
  57 -1.7881825e-01 1.38e-01 2.53e+03  -6.0 7.40e+02  -3.9 2.22e-02 9.55e-04h  1
  58 -1.7872044e-01 1.38e-01 1.50e+03  -6.0 1.13e+03  -4.3 2.78e-01 5.70e-04h 10
  59 -1.7860104e-01 1.38e-01 1.49e+03  -6.0 8.75e+02  -3.9 2.72e-02 6.33e-04h 10
iter    objective    inf_pr   inf_du lg(mu)  ||d||  lg(rg) alpha_du alpha_pr  ls
  60 -1.7842158e-01 1.38e-01 1.55e+03  -6.0 1.44e+03  -4.4 3.27e-01 1.03e-03h  9
  61 -1.7824421e-01 1.38e-01 1.62e+03  -6.0 9.76e+02  -4.0 3.17e-02 9.09e-04h  9
  62 -1.7804225e-01 1.37e-01 1.66e+03  -6.0 1.72e+03  -4.4 9.15e-02 1.20e-03h  9
  63 -1.7789828e-01 1.37e-01 1.76e+03  -6.0 1.04e+03  -4.0 4.57e-02 7.37e-04h  9
  64 -1.7775316e-01 1.37e-01 1.79e+03  -6.0 1.96e+03  -4.5 4.08e-01 9.22e-04h 10
  65 -1.7755497e-01 1.37e-01 1.85e+03  -6.0 1.05e+03  -4.1 3.01e-02 9.81e-04h  8
  66 -1.7740586e-01 1.37e-01 1.79e+03  -6.0 2.45e+03  -4.5 1.10e-01 1.15e-03h  8
  67 -1.7724262e-01 1.37e-01 1.84e+03  -6.0 1.07e+03  -4.1 3.46e-02 7.95e-04h  8
  68 -1.5438703e-01 3.87e+00 3.57e+04  -6.0 7.22e+02  -3.7 1.72e-01 1.14e-01w  1
  69 -1.4420622e-01 6.09e+00 5.35e+04  -6.0 5.63e+02  -3.3 6.21e-02 1.29e-01w  1
iter    objective    inf_pr   inf_du lg(mu)  ||d||  lg(rg) alpha_du alpha_pr  ls
  70 -1.4420544e-01 6.09e+00 7.11e+06  -6.0 6.97e+02  -3.7 1.42e-01 1.77e-05w  1
  71 -1.7706407e-01 1.37e-01 2.46e+03  -6.0 1.29e+03  -4.2 1.72e-01 8.90e-04h  7
  72 -1.7685317e-01 1.36e-01 2.58e+03  -6.0 8.87e+02  -3.8 3.66e-02 9.98e-04h  8
  73 -1.7671471e-01 1.36e-01 2.67e+03  -6.0 1.47e+03  -4.3 1.49e-01 6.97e-04h  8
  74 -1.7652001e-01 1.36e-01 2.82e+03  -6.0 9.65e+02  -3.9 4.41e-02 9.26e-04h  8
  75 -1.7634939e-01 1.36e-01 2.82e+03  -6.0 1.68e+03  -4.3 3.19e-01 9.19e-04h  8
  76 -1.7615429e-01 1.36e-01 2.96e+03  -6.0 1.05e+03  -3.9 4.41e-02 9.46e-04h  8
  77 -1.7598075e-01 1.36e-01 2.89e+03  -6.0 1.94e+03  -4.4 9.17e-02 1.04e-03h  9
  78 -1.7580075e-01 1.36e-01 3.09e+03  -6.0 1.12e+03  -4.0 7.39e-02 8.81e-04h  8
  79 -1.7570231e-01 1.36e-01 3.07e+03  -6.0 2.23e+03  -4.4 1.01e-01 6.55e-04h 10
iter    objective    inf_pr   inf_du lg(mu)  ||d||  lg(rg) alpha_du alpha_pr  ls
  80 -1.7553746e-01 1.36e-01 3.28e+03  -6.0 1.19e+03  -4.0 7.48e-02 8.11e-04h  8
  81 -1.5477531e-01 9.94e+00 7.77e+04  -6.0 2.63e+03  -4.5 6.47e-02 1.64e-01w  1
  82 -1.5477531e-01 9.94e+00 7.77e+04  -6.0 2.21e+02  -2.2 5.83e-02 3.06e-08w  1
  83 -1.5520845e-01 9.87e+00 7.94e+04  -6.0 5.86e+02  -2.7 3.40e-07 6.05e-03w  1
  84 -1.7545636e-01 1.35e-01 3.26e+03  -6.0 7.57e+02  -3.2 6.47e-02 6.39e-04h  8
  85 -1.7520433e-01 1.35e-01 3.77e+03  -6.0 8.51e+02  -3.7 1.10e-01 1.23e-03h  8
  86 -1.7505297e-01 1.35e-01 4.18e+03  -6.0 1.51e+03  -4.2 2.23e-01 7.81e-04h  8
  87 -1.7507059e-01 1.35e-01 4.17e+03  -6.0 6.85e+03  -4.6 1.08e-02 2.03e-04h  7
  88 -1.7489453e-01 1.35e-01 4.28e+03  -6.0 1.65e+03  -4.2 8.43e-02 9.50e-04h  8
  89 -1.7470061e-01 1.35e-01 5.79e+03  -6.0 1.03e+03  -3.8 3.01e-01 9.43e-04h  8
iter    objective    inf_pr   inf_du lg(mu)  ||d||  lg(rg) alpha_du alpha_pr  ls
  90 -1.7454588e-01 1.35e-01 5.77e+03  -6.0 2.02e+03  -4.3 8.97e-02 9.23e-04h  9
  91 -1.7456046e-01 1.35e-01 5.77e+03  -6.0 1.21e+04  -4.7 5.58e-03 5.39e-05h  8
  92 -1.7445154e-01 1.35e-01 5.45e+03  -6.0 2.12e+03  -4.3 3.93e-01 6.76e-04h 10
  93 -1.7427456e-01 1.35e-01 6.04e+03  -6.0 1.22e+03  -3.9 1.28e-01 8.83e-04h  8
  94 -1.3308033e-01 1.59e+01 1.79e+05  -6.0 2.32e+03  -4.4 4.47e-01 2.85e-01w  1
  95 -1.3308012e-01 1.59e+01 1.79e+05  -6.0 9.50e+01  -1.2 6.93e-03 5.16e-06w  1
  96 -1.3266642e-01 1.57e+01 1.77e+05  -6.0 1.05e+02  -1.7 1.57e-07 9.52e-03w  1
  97 -1.7411365e-01 1.34e-01 5.15e+03  -6.0 1.82e+02  -2.2 4.47e-01 1.11e-03h  8
  98 -1.7333053e-01 1.34e-01 5.91e+03  -6.0 2.85e+02  -2.7 7.97e-02 4.90e-03h  3
  99 -1.7310478e-01 1.34e-01 6.59e+03  -6.0 5.66e+02  -3.1 5.81e-02 1.21e-03h  8
iter    objective    inf_pr   inf_du lg(mu)  ||d||  lg(rg) alpha_du alpha_pr  ls
 100 -1.7297760e-01 1.33e-01 8.33e+03  -6.0 9.57e+02  -3.6 1.89e-01 6.32e-04h  9
 101 -1.7286314e-01 1.33e-01 8.38e+03  -6.0 1.78e+03  -4.1 8.98e-02 6.59e-04h  9
 102 -1.7286757e-01 1.33e-01 8.25e+03  -6.0 6.09e+03  -4.6 1.59e-02 2.10e-04h  7
 103 -1.7273657e-01 1.33e-01 7.88e+03  -6.0 1.87e+03  -4.1 6.27e-01 7.81e-04h  9
 104 -1.7274314e-01 1.33e-01 7.75e+03  -6.0 6.48e+03  -4.6 1.39e-02 1.93e-04h  7
 105 -1.7261776e-01 1.33e-01 7.43e+03  -6.0 2.03e+03  -4.2 1.60e-01 8.39e-04h 10
 106 -1.7263022e-01 1.33e-01 7.42e+03  -6.0 2.85e+04  -4.7 2.38e-03 1.36e-05h  8
 107 -1.1604360e-01 2.56e+01 3.07e+05  -6.0 2.13e+03  -4.2 5.88e-01 3.96e-01w  1
 108 -1.1604504e-01 2.56e+01 3.07e+05  -6.0 2.38e+03  -2.0 8.85e-04 7.92e-06w  1
 109 -1.1629570e-01 2.54e+01 5.38e+07  -6.0 2.60e+02  -1.6 1.82e-06 7.52e-03w  1
iter    objective    inf_pr   inf_du lg(mu)  ||d||  lg(rg) alpha_du alpha_pr  ls
 110 -1.7251970e-01 1.33e-01 6.79e+03  -6.0 9.54e+01  -1.2 5.88e-01 7.73e-04h  9
 111 -1.7167819e-01 1.32e-01 6.54e+03  -6.0 9.45e+01  -1.6 3.94e-02 7.70e-03h  1
 112 -1.7137666e-01 1.32e-01 6.54e+03  -6.0 1.75e+02  -2.1 3.77e-07 2.35e-03h  5
 113 -1.7111596e-01 1.31e-01 9.79e+03  -6.0 3.24e+02  -2.6 1.60e-01 1.79e-03h  6
 114 -1.7095121e-01 1.31e-01 1.02e+04  -6.0 6.44e+02  -3.1 2.26e-02 9.65e-04h  1
 115 -1.7090560e-01 1.31e-01 1.24e+04  -6.0 9.56e+02  -3.5 1.51e-01 2.68e-04h 10
 116 -1.7080791e-01 1.31e-01 1.18e+04  -6.0 2.18e+03  -4.0 1.14e-01 7.49e-04h 10
 117 -1.7071797e-01 1.31e-01 1.90e+04  -6.0 1.17e+03  -3.6 5.36e-01 5.07e-04h 10
 118 -1.7064618e-01 1.31e-01 1.80e+04  -6.0 2.72e+03  -4.1 5.22e-02 6.33e-04h  9
 119 -1.7049716e-01 1.31e-01 1.84e+04  -6.0 1.55e+03  -3.6 5.58e-02 8.69e-04h  9
iter    objective    inf_pr   inf_du lg(mu)  ||d||  lg(rg) alpha_du alpha_pr  ls
 120 -1.7043098e-01 1.31e-01 1.67e+04  -6.0 2.99e+03  -4.1 8.48e-02 6.61e-04h  8
 121 -1.7027564e-01 1.31e-01 1.73e+04  -6.0 1.60e+03  -3.7 1.43e-01 9.30e-04h  9
 122 -1.7024183e-01 1.31e-01 1.62e+04  -6.0 3.31e+03  -4.2 5.34e-02 3.99e-04h  8
 123 -1.7004909e-01 1.31e-01 2.13e+04  -6.0 1.70e+03  -3.7 8.86e-01 1.21e-03h  9
 124 -1.7001545e-01 1.30e-01 2.35e+04  -6.0 3.34e+03  -4.2 4.06e-02 3.93e-04h  8
 125 -1.7090916e-01 8.97e-01 2.41e+04  -6.0 2.12e+04  -4.7 4.26e-03 2.93e-03w  1
 126 -1.7090915e-01 8.97e-01 2.69e+04  -6.0 4.26e+03  -4.3 3.04e-02 2.93e-07w  1
 127 -1.5813294e-01 5.46e+00 2.14e+05  -6.0 2.37e+03  -3.9 3.13e-01 1.25e-01w  1
 128 -1.7002243e-01 1.30e-01 2.57e+04  -6.0 2.04e+02  -1.6 4.26e-03 2.29e-05h  7
 129 -1.6946239e-01 1.30e-01 2.40e+04  -6.0 2.54e+02  -2.1 8.89e-02 3.92e-03h  5
iter    objective    inf_pr   inf_du lg(mu)  ||d||  lg(rg) alpha_du alpha_pr  ls
 130 -1.6895021e-01 1.30e-01 2.50e+04  -6.0 5.43e+02  -2.6 8.06e-02 2.99e-03h  7
 131 -1.6884766e-01 1.29e-01 3.63e+04  -6.0 9.86e+02  -3.1 2.69e-01 5.69e-04h 10
 132 -1.6870233e-01 1.29e-01 3.61e+04  -6.0 1.87e+03  -3.5 6.48e-02 9.57e-04h 10
 133 -1.6863189e-01 1.29e-01 3.17e+04  -6.0 3.01e+03  -4.0 9.42e-02 6.90e-04h  8
 134 -1.6863137e-01 1.29e-01 3.46e+04  -6.0 8.02e+03  -4.5 1.90e-02 3.24e-05h  9
 135 -1.6859769e-01 1.29e-01 5.79e+04  -6.0 3.19e+03  -4.1 2.77e-01 3.59e-04h  8
 136 -1.6853087e-01 1.29e-01 5.85e+04  -6.0 1.50e+03  -3.6 1.83e-02 4.29e-04h 10
 137 -1.6852945e-01 1.29e-01 6.57e+04  -6.0 5.84e+03  -4.1 2.35e-02 3.81e-05h  8
 138 -1.4730299e-01 2.94e+01 1.53e+05  -6.0 1.37e+03  -3.7 2.44e-02 1.43e-01w  1
 139 -1.4728863e-01 2.94e+01 1.53e+05  -6.0 8.87e+02  -3.3 5.77e-02 1.59e-04w  1
iter    objective    inf_pr   inf_du lg(mu)  ||d||  lg(rg) alpha_du alpha_pr  ls
 140 -1.1927065e-01 1.92e+01 4.28e+05  -6.0 1.82e+03  -3.7 1.01e-01 3.41e-01w  1
 141 -1.6848799e-01 1.29e-01 6.65e+04  -6.0 4.17e+03  -3.3 2.44e-02 2.78e-04h  9
 142 -1.6843058e-01 1.29e-01 8.47e+04  -6.0 1.64e+03  -3.8 3.64e-01 4.08e-04h 10
 143 -1.6843489e-01 1.29e-01 9.41e+04  -6.0 8.24e+03  -4.3 1.42e-02 7.04e-05h  7
 144 -1.6833415e-01 1.29e-01 1.02e+05  -6.0 1.95e+03  -3.8 8.08e-02 7.50e-04h 10
 145 -1.6824849e-01 1.29e-01 1.11e+05  -6.0 1.19e+03  -3.4 3.24e-01 5.09e-04h 10
 146 -1.6814412e-01 1.29e-01 1.29e+05  -6.0 2.33e+03  -3.9 1.09e-01 8.90e-04h  9
 147 -1.6814476e-01 1.29e-01 1.47e+05  -6.0 6.90e+03  -4.4 2.13e-02 5.18e-05h  8
 148 -1.6806084e-01 1.29e-01 2.62e+05  -6.0 2.39e+03  -3.9 5.00e-01 7.31e-04h  8
 149 -1.6803065e-01 1.29e-01 2.62e+05  -6.0 9.62e+02  -3.5 9.39e-03 2.10e-04h 10
iter    objective    inf_pr   inf_du lg(mu)  ||d||  lg(rg) alpha_du alpha_pr  ls
 150 -1.6797559e-01 1.29e-01 2.56e+05  -6.0 7.71e+02  -3.1 1.43e-01 3.35e-04h 10
 151 -1.3946920e-01 3.15e+01 3.10e+05  -6.0 1.32e+03  -3.6 2.05e-02 1.94e-01w  1
 152 -1.3946479e-01 3.15e+01 3.10e+05  -6.0 6.77e+02  -3.1 9.11e-02 1.03e-04w  1
 153 -1.2612685e-01 2.42e+01 1.22e+05  -6.0 1.56e+03  -3.6 1.33e-01 2.29e-01w  1
 154 -1.6791991e-01 1.29e-01 2.58e+05  -6.0 8.21e+02  -3.2 2.05e-02 3.79e-04h  9
 155 -1.6785353e-01 1.29e-01 3.02e+05  -6.0 1.49e+03  -3.7 2.90e-01 4.75e-04h 10
 156 -1.6783258e-01 1.28e-01 3.99e+05  -6.0 3.48e+03  -4.1 1.18e-01 2.44e-04h  7
 157 -1.6779751e-01 1.28e-01 4.01e+05  -6.0 1.26e+03  -3.7 1.31e-02 2.68e-04h 10
 158 -1.6775124e-01 1.28e-01 4.03e+05  -6.0 9.63e+02  -3.3 1.77e-01 2.96e-04h 10
 159 -1.6765280e-01 1.28e-01 4.44e+05  -6.0 1.82e+03  -3.8 1.09e-01 7.58e-04h 10
iter    objective    inf_pr   inf_du lg(mu)  ||d||  lg(rg) alpha_du alpha_pr  ls
 160 -1.6757977e-01 2.64e-01 4.43e+05  -6.0 1.05e+04  -4.2 2.01e-03 2.01e-03s 13
 161r-1.6757977e-01 2.64e-01 1.00e+03  -0.9 0.00e+00  -3.8 0.00e+00 0.00e+00R  1
 162r-1.6738368e-01 3.16e-01 1.00e+03  -0.9 6.51e+06    -  2.96e-07 1.56e-07f  1
 163r-1.6724312e-01 3.12e-01 1.00e+03  -0.9 1.26e+04    -  1.79e-05 1.95e-05f  1
 164r-1.6677030e-01 2.96e-01 1.00e+03  -0.9 6.04e+03    -  3.78e-05 6.94e-05f  1
 165r-1.6619239e-01 2.72e-01 1.19e+03  -0.9 3.78e+03    -  1.77e-04 1.11e-04f  1
 166r-1.6344093e-01 1.69e-01 1.06e+03  -0.9 2.28e+03    -  4.57e-04 6.26e-04f  1
 167r-1.5889688e-01 1.19e-01 2.04e+03  -0.9 1.34e+03    -  9.52e-04 1.19e-03f  1
 168 -1.5886908e-01 1.19e-01 2.64e+04  -6.0 6.73e+02    -  2.70e-02 3.06e-04h  1
 169 -1.5801965e-01 1.18e-01 8.37e+05  -6.0 6.36e+02    -  3.07e-04 9.64e-03h  1
iter    objective    inf_pr   inf_du lg(mu)  ||d||  lg(rg) alpha_du alpha_pr  ls
 170 -1.5673796e-01 1.16e-01 8.25e+05  -6.0 6.46e+02    -  5.31e-02 1.53e-02h  2
 171 -1.5614862e-01 1.15e-01 8.18e+05  -6.0 6.07e+02    -  3.09e-02 8.00e-03h  2
 172 -1.5558036e-01 1.14e-01 8.12e+05  -6.0 6.32e+02    -  7.21e-02 7.87e-03h  1
 173 -1.5557822e-01 1.14e-01 1.02e+06  -6.0 6.84e+02    -  6.12e-02 1.27e-05h  1
 174 -1.5499226e-01 1.14e-01 3.18e+06  -6.0 7.21e+02    -  1.47e-01 3.30e-03h  5
 175 -1.5456970e-01 1.13e-01 3.97e+06  -6.0 7.61e+02    -  7.09e-02 2.22e-03h  6
 176 -1.5410802e-01 1.13e-01 5.49e+06  -6.0 7.90e+02    -  1.44e-01 2.39e-03h  6
 177 -1.5390061e-01 1.13e-01 6.12e+06  -6.0 8.46e+02    -  7.04e-02 1.07e-03h  7
 178 -1.5370578e-01 1.13e-01 6.82e+06  -6.0 8.71e+02    -  8.50e-02 1.02e-03h  7
 179 -1.5352559e-01 1.13e-01 7.68e+06  -6.0 8.90e+02    -  1.18e-01 9.55e-04h  7
iter    objective    inf_pr   inf_du lg(mu)  ||d||  lg(rg) alpha_du alpha_pr  ls
 180 -1.5334966e-01 1.13e-01 8.81e+06  -6.0 9.32e+02    -  1.76e-01 9.45e-04h  7
 181 -1.5316957e-01 1.12e-01 9.21e+06  -6.0 9.93e+02    -  7.31e-02 9.92e-04h  7
 182 -1.5297916e-01 1.12e-01 1.05e+07  -6.0 1.00e+03    -  2.28e-01 1.07e-03h  7
 183 -1.5284457e-01 1.12e-01 1.09e+07  -6.0 1.08e+03    -  7.01e-02 8.03e-04h  8
 184 -1.3166173e-01 2.32e+00 9.11e+06  -6.0 1.27e+03    -  6.68e-02 1.29e-01w  1
 185 -1.3002215e-01 2.39e+00 8.90e+06  -6.0 1.47e+03    -  3.61e-02 1.88e-02w  1
 186 -1.2997286e-01 2.39e+00 9.61e+06  -6.0 1.62e+03    -  1.08e-01 5.91e-04w  1
 187 -1.5267908e-01 1.12e-01 1.13e+07  -6.0 1.68e+03    -  6.68e-02 1.01e-03h  7
 188 -1.5259487e-01 1.12e-01 1.18e+07  -6.0 1.41e+03    -  7.81e-02 5.25e-04h  9
 189 -1.5251521e-01 1.12e-01 1.25e+07  -6.0 1.54e+03    -  1.20e-01 5.04e-04h  9
iter    objective    inf_pr   inf_du lg(mu)  ||d||  lg(rg) alpha_du alpha_pr  ls
 190 -1.5244030e-01 1.12e-01 1.29e+07  -6.0 1.69e+03    -  8.31e-02 4.80e-04h  9
 191 -1.5236738e-01 1.12e-01 1.29e+07  -6.0 1.75e+03    -  6.00e-03 4.70e-04h  9
 192 -1.5229090e-01 1.12e-01 1.32e+07  -6.0 1.77e+03    -  8.05e-02 5.00e-04h  9
 193 -1.5221889e-01 1.12e-01 1.33e+07  -6.0 1.79e+03    -  4.99e-03 4.69e-04h  9
 194 -1.5214348e-01 1.12e-01 1.37e+07  -6.0 1.81e+03    -  1.12e-01 4.99e-04h  9
 195 -1.5206794e-01 1.12e-01 1.37e+07  -6.0 1.94e+03    -  8.73e-04 5.04e-04h  9
 196 -1.5199249e-01 1.12e-01 1.38e+07  -6.0 1.95e+03    -  6.02e-02 5.05e-04h  9
 197 -1.3250801e-01 2.43e+00 1.16e+07  -6.0 2.04e+03    -  1.76e-03 1.31e-01w  1
 198 -1.3142155e-01 2.43e+00 1.15e+07  -6.0 2.23e+03  -4.3 4.40e-04 2.26e-03w  1
 199 -1.3142136e-01 2.43e+00 1.08e+07  -6.0 1.25e+03    -  9.12e-02 2.52e-06w  1
iter    objective    inf_pr   inf_du lg(mu)  ||d||  lg(rg) alpha_du alpha_pr  ls
 200 -1.5191638e-01 1.12e-01 1.38e+07  -6.0 1.14e+03    -  1.76e-03 5.13e-04h  8
 201 -1.5184039e-01 1.12e-01 1.43e+07  -6.0 2.04e+03    -  1.38e-01 5.13e-04h  9
 202 -1.5176147e-01 1.11e-01 1.42e+07  -6.0 2.26e+03    -  2.29e-03 5.38e-04h  9
 203 -1.5168263e-01 1.11e-01 1.44e+07  -6.0 2.26e+03    -  5.23e-02 5.39e-04h  9
 204 -1.5160201e-01 1.11e-01 1.44e+07  -6.0 2.35e+03    -  3.29e-03 5.54e-04h  9
 205 -1.5152142e-01 1.11e-01 1.49e+07  -6.0 2.36e+03    -  1.80e-01 5.56e-04h  9
 206 -1.5147677e-01 1.11e-01 1.49e+07  -6.0 2.68e+03    -  3.37e-03 3.10e-04h 10
 207 -1.5143206e-01 1.11e-01 1.50e+07  -6.0 2.68e+03    -  4.75e-02 3.11e-04h 10
 208 -1.5138571e-01 1.11e-01 1.50e+07  -6.0 2.76e+03    -  4.01e-03 3.23e-04h 10
 209 -1.5133926e-01 1.11e-01 1.54e+07  -6.0 2.77e+03    -  1.72e-01 3.24e-04h 10
iter    objective    inf_pr   inf_du lg(mu)  ||d||  lg(rg) alpha_du alpha_pr  ls
 210 -1.2365468e-01 9.23e+00 1.20e+07  -6.0 3.07e+03    -  3.66e-03 1.93e-01w  1
 211 -1.2278009e-01 9.17e+00 1.13e+07  -6.0 4.41e+02  -3.0 1.42e-03 4.93e-03w  1
 212 -1.1998551e-01 8.64e+00 1.16e+07  -6.0 5.77e+02  -3.4 7.88e-02 2.75e-02w  1
 213 -1.5128518e-01 1.11e-01 1.54e+07  -6.0 9.37e+02  -3.9 3.66e-03 3.78e-04h  9
 214 -1.5123099e-01 1.11e-01 1.55e+07  -6.0 3.07e+03    -  4.75e-02 3.79e-04h 10
 215 -1.5117421e-01 1.11e-01 1.55e+07  -6.0 3.14e+03    -  4.54e-03 3.98e-04h 10
 216 -1.5111725e-01 1.11e-01 1.58e+07  -6.0 3.14e+03    -  1.69e-01 4.00e-04h 10
 217 -1.5105614e-01 1.11e-01 1.58e+07  -6.0 3.36e+03    -  4.44e-03 4.27e-04h 10
 218 -1.5099577e-01 1.11e-01 1.59e+07  -6.0 3.36e+03    -  4.87e-02 4.23e-04h 10
 219 -1.5093595e-01 1.11e-01 1.59e+07  -6.0 3.39e+03    -  5.60e-03 4.19e-04h 10
iter    objective    inf_pr   inf_du lg(mu)  ||d||  lg(rg) alpha_du alpha_pr  ls
 220 -1.5087679e-01 1.11e-01 1.62e+07  -6.0 3.39e+03    -  3.21e-01 4.15e-04h 10
 221 -1.5081461e-01 1.11e-01 1.62e+07  -6.0 3.51e+03    -  5.12e-03 4.27e-04h 10
 222 -1.5075299e-01 1.11e-01 1.62e+07  -6.0 3.50e+03    -  4.40e-02 4.24e-04h 10
 223 -1.1886717e-01 1.76e+01 1.26e+07  -6.0 3.46e+03    -  6.74e-03 2.19e-01w  1
 224 -1.1886124e-01 1.76e+01 1.22e+07  -6.0 1.79e+03  -4.4 2.31e-02 1.51e-05w  1
 225 -1.1824749e-01 1.70e+01 1.20e+07  -6.0 1.06e+03  -4.0 1.08e-02 3.40e-02w  1
 226 -1.5069071e-01 1.11e-01 1.62e+07  -6.0 1.20e+03  -4.4 6.74e-03 4.27e-04h  9
 227 -1.5062893e-01 1.11e-01 1.63e+07  -6.0 3.45e+03    -  3.55e-01 4.24e-04h 10
 228 -1.5059229e-01 1.11e-01 1.63e+07  -6.0 3.07e+03    -  6.61e-03 2.42e-04h 11
 229 -1.5055585e-01 1.11e-01 1.63e+07  -6.0 3.06e+03    -  7.72e-03 2.41e-04h 11
iter    objective    inf_pr   inf_du lg(mu)  ||d||  lg(rg) alpha_du alpha_pr  ls
 230 -1.5052557e-01 1.11e-01 1.67e+07  -6.0 3.78e+03    -  5.59e-02 2.10e-04h 10
 231 -1.5046087e-01 1.10e-01 1.67e+07  -6.0 2.92e+03    -  2.12e-03 4.30e-04h 10
 232 -1.5043186e-01 1.10e-01 1.69e+07  -6.0 3.86e+03    -  3.08e-02 2.03e-04h 10
 233 -1.5040369e-01 1.10e-01 1.69e+07  -6.0 3.93e+03    -  4.39e-04 1.98e-04h 10
 234 -1.5037582e-01 1.10e-01 1.82e+07  -6.0 3.94e+03    -  2.26e-01 1.96e-04h 10
 235 -1.5027581e-01 1.10e-01 1.82e+07  -6.0 2.31e+03  -4.9 2.40e-03 5.83e-04h  9
 236 -1.3317556e-01 9.04e+00 1.59e+07  -6.0 3.49e+03  -5.4 1.77e-02 1.11e-01w  1
 237 -1.3300592e-01 9.03e+00 1.65e+07  -6.0 1.44e+03  -5.0 8.95e-02 1.16e-03w  1
 238 -1.2709257e-01 8.60e+00 1.68e+07  -6.0 2.69e+03  -5.5 1.84e-01 4.45e-02w  1
 239 -1.5024241e-01 1.10e-01 1.82e+07  -6.0 1.43e+03  -5.0 1.77e-02 2.17e-04h  9
iter    objective    inf_pr   inf_du lg(mu)  ||d||  lg(rg) alpha_du alpha_pr  ls
 240 -1.5021183e-01 1.10e-01 1.82e+07  -6.0 3.72e+03  -5.5 1.41e-03 2.02e-04h 10
 241 -1.5018818e-01 1.10e-01 1.81e+07  -6.0 4.41e+03  -6.0 1.07e-01 1.68e-04h 10
 242 -1.5015918e-01 1.10e-01 1.81e+07  -6.0 3.89e+03  -5.6 1.64e-03 1.94e-04h 10
 243 -1.5013691e-01 1.10e-01 1.81e+07  -6.0 4.59e+03  -6.0 2.07e-02 1.61e-04h 10
 244 -1.5010913e-01 1.10e-01 1.81e+07  -6.0 4.00e+03  -5.6 2.10e-03 1.88e-04h 10
 245 -1.5008767e-01 1.10e-01 1.79e+07  -6.0 4.65e+03  -6.1 1.82e-01 1.57e-04h 10
 246 -1.5005958e-01 1.10e-01 1.79e+07  -6.0 4.07e+03  -5.7 2.26e-03 1.90e-04h 10
 247 -1.5002007e-01 1.10e-01 1.80e+07  -6.0 3.14e+03  -5.2 2.41e-02 2.47e-04h 10
 248 -1.4999282e-01 1.10e-01 1.80e+07  -6.0 4.14e+03  -5.7 2.78e-03 1.86e-04h 10
 249 -1.3082772e-01 9.27e+00 1.58e+07  -6.0 3.26e+03  -5.3 1.33e-01 1.21e-01w  1
iter    objective    inf_pr   inf_du lg(mu)  ||d||  lg(rg) alpha_du alpha_pr  ls
 250 -1.2715153e-01 9.03e+00 1.59e+07  -6.0 1.33e+03  -4.9 9.53e-02 2.55e-02w  1
 251 -1.2582407e-01 8.92e+00 1.64e+07  -6.0 2.14e+03  -5.3 2.79e-01 1.24e-02w  1
 252 -1.4995539e-01 1.10e-01 1.85e+07  -6.0 1.52e+03  -4.9 1.33e-01 2.37e-04h  9
 253 -1.4991879e-01 1.10e-01 1.86e+07  -6.0 3.47e+03  -5.4 3.86e-03 2.34e-04h 10
 254 -1.4989134e-01 1.10e-01 1.85e+07  -6.0 4.19e+03  -5.9 2.19e-02 1.91e-04h 10
 255 -1.4985472e-01 1.10e-01 1.86e+07  -6.0 3.48e+03  -5.4 5.11e-03 2.35e-04h 10
 256 -1.4982244e-01 1.10e-01 1.84e+07  -6.0 4.09e+03  -5.9 3.43e-01 2.27e-04h  9
 257 -1.4978905e-01 1.10e-01 1.85e+07  -6.0 2.77e+03  -5.5 6.93e-03 2.03e-04h 11
 258 -1.4970964e-01 1.10e-01 1.87e+07  -6.0 2.19e+03  -5.1 2.75e-02 4.57e-04h 10
 259 -1.4967521e-01 1.10e-01 1.87e+07  -6.0 2.74e+03  -5.5 9.92e-03 2.10e-04h 11
iter    objective    inf_pr   inf_du lg(mu)  ||d||  lg(rg) alpha_du alpha_pr  ls
 260 -1.4959289e-01 1.10e-01 1.98e+07  -6.0 2.23e+03  -5.1 1.32e-01 4.78e-04h 10
 261 -1.4955056e-01 1.10e-01 1.99e+07  -6.0 2.62e+03  -5.6 8.96e-03 2.58e-04h 11
 262 -1.0145449e-01 1.83e+01 1.23e+07  -6.0 2.22e+03  -5.2 3.66e-02 2.80e-01w  1
 263 -1.0142728e-01 1.81e+01 1.23e+07  -6.0 6.90e+02  -2.9 1.44e-02 1.16e-02w  1
 264 -9.9899362e-02 1.69e+01 1.16e+07  -6.0 7.78e+02  -3.4 7.90e-02 6.78e-02w  1
 265 -1.4950359e-01 1.10e-01 2.01e+07  -6.0 7.69e+02  -3.9 3.66e-02 2.74e-04h 10
 266 -1.4939828e-01 1.10e-01 2.29e+07  -6.0 1.09e+03  -4.4 1.40e-01 5.33e-04h  7
 267 -1.4931268e-01 1.10e-01 2.32e+07  -6.0 1.92e+03  -4.8 2.14e-02 4.87e-04h 10
 268 -1.4926663e-01 1.10e-01 2.33e+07  -6.0 2.50e+03  -5.3 3.07e-02 2.79e-04h 11
 269 -1.4921463e-01 1.10e-01 2.40e+07  -6.0 1.96e+03  -4.9 5.08e-02 2.99e-04h 11
iter    objective    inf_pr   inf_du lg(mu)  ||d||  lg(rg) alpha_du alpha_pr  ls
 270 -1.4916433e-01 1.10e-01 2.41e+07  -6.0 2.55e+03  -5.4 2.40e-02 3.08e-04h 11
 271 -1.4910928e-01 1.10e-01 2.49e+07  -6.0 2.01e+03  -4.9 7.45e-02 3.20e-04h 11
 272 -1.4908144e-01 1.10e-01 2.50e+07  -6.0 2.70e+03  -5.4 2.05e-02 1.72e-04h 12
 273 -1.4902353e-01 1.10e-01 2.63e+07  -6.0 2.06e+03  -5.0 1.14e-01 3.39e-04h 11
 274 -1.4897541e-01 1.09e-01 2.63e+07  -6.0 2.87e+03  -5.5 1.80e-02 3.02e-04h 11
 275 -8.6590594e-02 2.24e+01 1.49e+07  -6.0 2.16e+03  -5.0 2.07e-01 3.70e-01w  1
 276 -8.6590590e-02 2.24e+01 1.28e+07  -6.0 7.18e+02  -3.7 3.11e-02 2.72e-07w  1
 277 -8.8124468e-02 2.04e+01 1.87e+07  -6.0 1.40e+03  -4.2 6.06e-02 7.73e-02w  1
 278 -1.4891449e-01 1.09e-01 2.85e+07  -6.0 5.42e+02  -3.8 2.07e-01 3.61e-04h 10
 279 -1.4877918e-01 1.09e-01 3.15e+07  -6.0 1.10e+03  -4.2 1.05e-01 6.93e-04h  7
iter    objective    inf_pr   inf_du lg(mu)  ||d||  lg(rg) alpha_du alpha_pr  ls
 280 -1.4873628e-01 1.09e-01 3.22e+07  -6.0 1.86e+03  -4.7 3.40e-02 2.48e-04h 11
 281 -1.4870134e-01 1.09e-01 3.23e+07  -6.0 2.80e+03  -5.2 3.00e-02 2.20e-04h 11
 282 -1.4868819e-01 1.09e-01 3.23e+07  -6.0 3.73e+03  -5.7 2.16e-02 9.48e-05h  9
 283 -1.4865503e-01 1.09e-01 3.26e+07  -6.0 2.94e+03  -5.3 5.94e-02 2.13e-04h 11
 284 -1.4833442e-01 6.75e-01 3.25e+07  -6.0 2.14e+04  -5.7 3.24e-03 3.24e-03s 14
 285r-1.4833442e-01 6.75e-01 1.00e+03  -0.2 0.00e+00    -  0.00e+00 0.00e+00R  1
 286r-1.4843914e-01 2.28e-01 1.00e+03  -0.2 1.58e+07    -  4.29e-06 2.77e-06f  1
 287r-1.4875498e-01 2.26e-01 1.64e+03  -0.2 2.22e+04    -  1.65e-05 2.47e-05f  1
 288r-1.4873379e-01 2.22e-01 1.64e+03  -0.2 1.83e+04    -  1.17e-04 5.04e-05f  1
 289r-1.4633331e-01 2.03e-01 1.64e+03  -0.2 1.68e+04    -  2.39e-04 2.81e-04f  1
iter    objective    inf_pr   inf_du lg(mu)  ||d||  lg(rg) alpha_du alpha_pr  ls
 290r-1.3687184e-01 2.53e-01 5.09e+03  -0.2 1.41e+04    -  1.46e-03 7.56e-04f  1
 291r-1.1021788e-01 3.53e-01 7.46e+03  -0.2 6.37e+03    -  2.39e-03 1.54e-03f  1
 292r-8.0622338e-02 4.23e-01 9.40e+03  -0.2 2.77e+03    -  2.68e-03 1.55e-03f  1
 293r-5.3504869e-02 4.90e-01 1.19e+04  -0.2 1.65e+03    -  3.84e-03 1.83e-03f  1
 294r 9.9839903e-03 6.08e-01 1.94e+04  -0.2 1.07e+03    -  1.24e-02 3.85e-03f  1
 295r 3.1682985e-01 1.01e+00 2.50e+04  -0.2 5.61e+02    -  3.36e-02 1.80e-02f  1
 296r 1.1500206e+00 1.64e+00 2.35e+04  -0.2 3.89e+02    -  6.45e-02 4.48e-02f  1
 297r 3.6537836e+00 2.90e+00 2.01e+04  -0.2 3.30e+02    -  2.81e-02 1.23e-01f  1
 298r 3.6602867e+00 4.55e+00 1.62e+04  -0.2 8.59e-02   4.0 1.89e-01 2.17e-01f  1
 299r 3.6652453e+00 2.54e+01 1.66e+04  -0.2 1.92e-01   3.5 1.72e-02 1.06e-01f  1
iter    objective    inf_pr   inf_du lg(mu)  ||d||  lg(rg) alpha_du alpha_pr  ls
 300r 3.6670395e+00 1.82e+01 2.19e+04  -0.2 1.29e-01   4.9 1.52e-01 2.33e-01f  1
 301r 3.6711248e+00 1.10e+01 1.93e+04  -0.2 4.09e-02   4.4 7.61e-01 3.51e-01f  1
 302r 3.6790416e+00 8.32e+00 3.97e+03  -0.2 4.95e-02   3.9 7.02e-01 4.43e-01f  1
 303r 3.6939033e+00 8.79e+00 2.14e+03  -0.2 8.73e-02   3.4 4.85e-01 3.65e-01f  1
 304r 3.7077492e+00 4.50e+00 2.78e+03  -0.9 2.93e-02   2.9 5.20e-01 6.17e-01f  1
 305r 3.7462673e+00 3.04e+00 1.37e+03  -0.9 6.29e-02   2.5 5.33e-01 5.42e-01f  1
 306r 3.8881089e+00 2.23e+00 5.84e+02  -0.9 9.74e-02   2.0 7.26e-01 6.60e-01f  1
 307r 4.2783598e+00 1.93e+00 2.31e+03  -0.9 2.59e-01   1.5 1.00e+00 6.79e-01f  1
 308r 5.1296797e+00 1.81e+00 5.14e+02  -0.9 4.77e-01   1.0 4.62e-01 6.29e-01f  1
 309r 5.7835166e+00 1.79e+00 7.52e+03  -0.9 1.17e+02    -  3.36e-01 1.15e-01f  1
iter    objective    inf_pr   inf_du lg(mu)  ||d||  lg(rg) alpha_du alpha_pr  ls
 310r 1.0140571e+01 4.59e+00 2.43e+03  -0.9 1.06e+02    -  5.48e-01 5.37e-01f  1
 311r 1.1211926e+01 2.21e+00 2.13e+03  -0.9 8.25e-01   0.6 7.93e-01 6.41e-01f  1
 312r 1.1900899e+01 1.97e+00 5.06e+03  -0.9 6.55e+01    -  2.83e-01 1.01e-01f  1
 313r 1.4524432e+01 5.54e+00 7.19e+03  -0.9 6.68e+01    -  5.24e-01 3.83e-01f  1
 314r 1.4539140e+01 3.18e+00 1.66e+04  -0.9 3.60e-02   1.9 6.36e-02 3.31e-01f  1
 315r 1.4674751e+01 2.00e+00 1.96e+04  -0.9 6.90e-02   1.4 1.00e+00 1.00e+00f  1
 316r 1.4680230e+01 2.31e+00 5.93e+03  -0.9 2.28e-02   2.7 1.00e+00 8.59e-01h  1
 317r 1.4684798e+01 1.68e+00 9.02e+04  -0.9 8.66e-02   2.3 8.56e-02 2.38e-01f  2
 318r 1.4741617e+01 1.45e+00 2.02e+05  -0.9 1.25e-01   1.8 1.00e+00 1.00e+00F  1
 319r 1.4744285e+01 1.45e+00 7.47e+03  -0.9 3.15e-03   3.1 1.00e+00 1.00e+00h  1
iter    objective    inf_pr   inf_du lg(mu)  ||d||  lg(rg) alpha_du alpha_pr  ls
 320r 1.4752271e+01 1.45e+00 1.99e+02  -0.9 4.03e-03   2.6 1.00e+00 1.00e+00f  1
 321r 1.4776098e+01 1.45e+00 2.43e+01  -0.9 1.20e-02   2.2 1.00e+00 1.00e+00f  1
 322r 1.4766699e+01 2.02e+00 7.18e+03  -1.6 7.03e-02   1.7 6.21e-01 3.91e-01f  1
 323r 1.4807444e+01 1.17e+00 2.03e+03  -1.6 1.33e-01   1.2 2.69e-01 4.46e-01f  1
 324r 1.4818313e+01 2.40e+00 2.70e+03  -1.6 7.82e-02   1.6 2.53e-01 3.58e-01f  1
 325r 1.4818477e+01 8.15e-01 5.27e+03  -1.6 1.97e-02   3.0 3.60e-01 6.38e-01f  1
 326r 1.4820399e+01 5.01e-02 4.31e+02  -1.6 1.47e-02   2.5 9.70e-01 1.00e+00f  1
 327  1.4640537e+01 4.99e-02 1.83e+03  -6.0 7.94e+02    -  2.67e-02 1.21e-02f  2
 328  1.4430917e+01 1.13e-01 4.15e+03  -6.0 4.77e+02    -  2.63e-02 1.43e-02f  1
 329  1.4380960e+01 1.17e-01 4.22e+03  -6.0 1.78e+02    -  2.92e-02 3.46e-03f  1
iter    objective    inf_pr   inf_du lg(mu)  ||d||  lg(rg) alpha_du alpha_pr  ls
 330  1.4245037e+01 1.47e-01 4.69e+03  -6.0 1.68e+02    -  6.44e-02 9.45e-03f  2
 331  1.4175485e+01 1.53e-01 4.75e+03  -6.0 1.47e+02    -  8.19e-02 4.88e-03f  2
 332  1.4135739e+01 1.54e-01 5.25e+03  -6.0 1.27e+02    -  1.19e-01 2.80e-03f  2
 333  1.4101323e+01 1.55e-01 3.30e+04  -6.0 1.40e+02    -  1.05e-01 2.43e-03f  4
 334  1.4040995e+01 1.57e-01 5.68e+04  -6.0 1.79e+02    -  9.80e-02 4.28e-03f  4
 335  1.3559227e+01 2.97e-01 7.86e+04  -6.0 1.93e+02    -  1.43e-01 3.43e-02f  1
 336  1.1702841e+01 2.17e+00 7.34e+04  -6.0 1.65e+02    -  1.42e-01 1.37e-01f  1
 337  9.1724531e+00 3.92e+00 6.41e+04  -6.0 2.20e+02    -  2.03e-01 2.16e-01f  1
 338  9.1639582e+00 3.91e+00 5.92e+04  -6.0 1.25e+02    -  1.27e-01 9.26e-04h  1
 339  8.2278483e+00 4.48e+00 5.14e+04  -6.0 2.48e+02    -  1.85e-01 1.02e-01f  1
iter    objective    inf_pr   inf_du lg(mu)  ||d||  lg(rg) alpha_du alpha_pr  ls
 340  7.0023210e+00 6.26e+00 4.74e+04  -6.0 4.73e+02    -  1.04e-01 1.49e-01f  1
 341  6.8680906e+00 6.18e+00 3.91e+04  -6.0 1.60e+02    -  1.39e-01 1.92e-02h  1
 342  6.0422182e+00 7.12e+00 3.31e+04  -6.0 2.11e+02    -  1.61e-01 1.21e-01h  1
 343  6.0045741e+00 7.07e+00 1.97e+04  -6.0 9.96e+02    -  1.58e-01 6.25e-03h  1
 344  4.8432831e+00 8.06e+00 4.46e+04  -6.0 1.19e+03    -  2.09e-01 1.94e-01h  1
 345  4.8426351e+00 8.06e+00 4.46e+04  -6.0 1.91e+02  -1.7 1.33e-03 1.40e-04h  1
 346  4.8096183e+00 8.01e+00 4.55e+04  -6.0 2.98e+02  -2.2 2.25e-03 7.09e-03h  1
 347  4.7909254e+00 7.97e+00 4.62e+04  -6.0 1.67e+02  -1.7 7.32e-03 4.20e-03h  1
 348  4.7859547e+00 7.96e+00 4.62e+04  -6.0 3.60e+02  -2.2 1.21e-02 1.08e-03h  1
 349  4.7806514e+00 7.96e+00 4.62e+04  -6.0 1.58e+02  -1.8 3.81e-08 1.22e-03h  1
iter    objective    inf_pr   inf_du lg(mu)  ||d||  lg(rg) alpha_du alpha_pr  ls
 350  4.7070386e+00 7.82e+00 6.47e+04  -6.0 2.30e+02  -2.3 6.83e-03 1.65e-02h  1
 351  4.6742407e+00 7.97e+00 7.96e+04  -6.0 7.78e+02  -2.7 3.78e-03 6.87e-03h  1
 352  4.6666502e+00 7.96e+00 7.93e+04  -6.0 5.29e+02  -2.3 1.72e-05 1.52e-03h  1
 353  4.6665501e+00 7.96e+00 7.93e+04  -6.0 1.49e+02  -0.1 2.88e-04 1.37e-04h  1
 354  4.6669038e+00 7.96e+00 7.93e+04  -6.0 1.47e+02   0.3 1.13e-04 1.26e-04h  1
 355  4.6661057e+00 7.95e+00 7.92e+04  -6.0 1.42e+02  -0.1 7.44e-08 7.40e-04f  1
 356  4.6667502e+00 7.95e+00 7.92e+04  -6.0 1.39e+02   0.3 1.04e-03 3.03e-04h  1
 357  4.6636848e+00 7.93e+00 7.90e+04  -6.0 2.24e+02  -0.2 4.28e-04 2.50e-03f  1
 358  4.6654677e+00 7.92e+00 7.89e+04  -6.0 1.42e+02   0.2 2.47e-03 8.68e-04h  1
 359r 4.6654677e+00 7.92e+00 1.00e+03   0.5 0.00e+00   0.7 0.00e+00 1.01e-07R  2
iter    objective    inf_pr   inf_du lg(mu)  ||d||  lg(rg) alpha_du alpha_pr  ls
 360r 4.6656657e+00 7.91e+00 3.81e+03   0.5 3.49e+03    -  1.44e-04 1.36e-06f  1
 361  4.6655336e+00 7.91e+00 8.43e+03  -6.0 7.52e+02    -  1.26e-03 2.86e-05h  1
 362  4.6647192e+00 7.91e+00 5.14e+04  -6.0 8.08e+02    -  2.96e-05 1.77e-04h  1
 363  4.6624159e+00 7.91e+00 5.15e+04  -6.0 8.87e+02    -  6.02e-03 5.01e-04h  1
 364  4.6418391e+00 7.87e+00 5.24e+04  -6.0 9.12e+02    -  7.32e-04 4.48e-03h  1
 365  4.6247293e+00 7.84e+00 5.22e+04  -6.0 9.15e+02    -  2.65e-02 3.74e-03h  1
 366  4.5797610e+00 7.77e+00 5.17e+04  -6.0 9.99e+02    -  1.11e-02 9.90e-03h  1
 367  4.5396173e+00 7.70e+00 5.13e+04  -6.0 9.70e+02    -  7.94e-02 8.92e-03h  1
 368  4.5297043e+00 7.68e+00 5.11e+04  -6.0 1.11e+03    -  5.93e-03 2.31e-03h  1
 369  4.4823886e+00 7.61e+00 5.06e+04  -6.0 1.13e+03    -  5.21e-03 1.11e-02h  1
iter    objective    inf_pr   inf_du lg(mu)  ||d||  lg(rg) alpha_du alpha_pr  ls
 370  4.4094125e+00 7.50e+00 4.97e+04  -6.0 9.20e+02    -  5.70e-04 1.68e-02h  1
 371  4.3991756e+00 7.48e+00 4.96e+04  -6.0 2.49e+03    -  4.30e-03 2.85e-03h  1
 372  4.3562052e+00 7.43e+00 4.90e+04  -6.0 2.27e+03    -  2.92e-03 1.18e-02h  1
 373  4.3204376e+00 7.37e+00 4.86e+04  -6.0 1.96e+03    -  9.15e-03 9.01e-03h  1
Error in an AMPL evaluation. Run with "halt_on_ampl_error yes" to see details.
Warning: Cutting back alpha due to evaluation error
 374  4.3198545e+00 7.37e+00 4.86e+04  -6.0 5.23e+03    -  1.03e-03 1.11e-04h  2
 375r 4.3198545e+00 7.37e+00 1.00e+03   0.5 0.00e+00   0.2 0.00e+00 2.40e-08R  2
 376r 4.3198602e+00 7.38e+00 1.00e+03   0.5 4.52e+06    -  1.14e-08 1.50e-07f  1
 377r 4.3198601e+00 7.38e+00 2.32e+03   0.5 5.35e+00   4.0 5.84e-05 1.73e-07f  1
 378r 4.3201504e+00 7.38e+00 2.28e+03   0.5 7.88e+00   3.5 4.29e-05 1.39e-04f  1
 379r 4.3201303e+00 7.38e+00 9.23e+03   0.5 1.16e+01   3.0 1.08e-03 1.74e-04f  1
iter    objective    inf_pr   inf_du lg(mu)  ||d||  lg(rg) alpha_du alpha_pr  ls
 380r 4.3201108e+00 7.38e+00 1.01e+04   0.5 2.51e+00   3.5 6.21e-04 3.98e-04f  1
 381r 4.3207075e+00 7.37e+00 1.03e+04   0.5 3.39e+00   3.0 2.66e-03 2.58e-03f  1
 382r 4.3208136e+00 7.37e+00 1.23e+04   0.5 1.36e+00   3.4 9.11e-03 7.87e-03f  1
 383r 4.3198689e+00 9.09e+00 8.87e+03   0.5 4.00e-01   3.8 2.21e-02 2.63e-02f  1
 384  4.3125167e+00 9.08e+00 1.17e+02  -6.0 1.95e+02    -  1.45e-05 1.70e-03h  1
 385  4.3118520e+00 9.07e+00 1.18e+02  -6.0 2.51e+02    -  4.17e-03 1.54e-04h  1
 386  4.2754515e+00 9.00e+00 1.19e+02  -6.0 2.59e+02    -  1.66e-04 8.43e-03f  1
 387  4.2749534e+00 9.00e+00 4.18e+02  -6.0 2.06e+03    -  4.03e-03 1.15e-04h  1
 388  4.2734385e+00 8.99e+00 8.45e+02  -6.0 2.14e+03    -  3.61e-03 3.49e-04h  1
 389  4.2614169e+00 8.97e+00 1.46e+03  -6.0 2.25e+03    -  7.30e-03 2.77e-03h  1
iter    objective    inf_pr   inf_du lg(mu)  ||d||  lg(rg) alpha_du alpha_pr  ls
 390  4.2591622e+00 8.96e+00 3.54e+03  -6.0 2.52e+03    -  1.39e-02 5.20e-04h  1
 391  4.2554351e+00 8.96e+00 5.29e+03  -6.0 2.81e+03    -  1.09e-02 8.60e-04h  1
 392  4.2274436e+00 8.90e+00 5.55e+03  -6.0 3.07e+03    -  7.95e-03 6.47e-03h  1
 393  4.1907014e+00 8.83e+00 5.76e+03  -6.0 3.09e+03    -  4.91e-03 8.60e-03h  1
 394  4.1906555e+00 8.83e+00 1.29e+04  -6.0 3.76e+03    -  1.33e-02 1.09e-05h  1
 395  4.1126272e+00 8.66e+00 1.86e+04  -6.0 3.82e+03    -  2.54e-03 1.85e-02h  1
 396  4.0896177e+00 8.61e+00 1.85e+04  -6.0 3.43e+03    -  5.04e-03 5.50e-03h  1
 397  4.0660929e+00 8.56e+00 1.83e+04  -6.0 3.34e+03    -  2.87e-02 5.64e-03h  1
 398  4.0207739e+00 8.48e+00 1.77e+04  -6.0 3.45e+03    -  1.90e-02 1.10e-02h  1
 399  4.0196207e+00 8.48e+00 1.77e+04  -6.0 4.32e+03    -  2.35e-07 2.85e-04h  1
iter    objective    inf_pr   inf_du lg(mu)  ||d||  lg(rg) alpha_du alpha_pr  ls
 400  3.9817294e+00 8.40e+00 2.46e+04  -6.0 4.87e+03    -  3.83e-02 9.39e-03h  1
 401  3.9236252e+00 8.28e+00 1.93e+04  -6.0 5.70e+03    -  3.53e-03 1.46e-02h  1
 402  3.9178621e+00 8.27e+00 3.14e+04  -6.0 5.20e+03    -  2.69e-02 1.47e-03h  1
 403  3.9128724e+00 8.26e+00 3.20e+04  -6.0 5.61e+03    -  3.49e-03 1.27e-03h  1
 404  3.7901134e+00 8.05e+00 1.79e+04  -6.0 5.22e+03    -  9.34e-07 3.15e-02f  1
 405  3.7901085e+00 8.05e+00 6.59e+04  -6.0 1.04e+04    -  2.33e-02 1.27e-06h  2
 406  3.7348612e+00 8.07e+00 1.05e+05  -6.0 1.06e+04    -  2.85e-02 1.46e-02h  1
 407r 3.7348612e+00 8.07e+00 1.00e+03   0.5 0.00e+00    -  0.00e+00 1.33e-08R  2
 408r 3.7348942e+00 8.07e+00 1.04e+03   0.5 4.90e+03    -  1.45e-04 5.40e-07f  1
 409r 3.7348942e+00 8.07e+00 9.99e+02   0.5 0.00e+00    -  0.00e+00 1.94e-08R  6
iter    objective    inf_pr   inf_du lg(mu)  ||d||  lg(rg) alpha_du alpha_pr  ls
 410r 3.7348950e+00 8.07e+00 1.83e+04   0.5 2.99e+03    -  1.47e-03 9.02e-09f  1
 411  3.7348857e+00 8.07e+00 8.90e+05  -6.0 2.12e+03    -  1.77e-02 2.44e-06h  2
 412  3.7314068e+00 8.06e+00 1.88e+08  -6.0 9.44e+03    -  4.33e-06 9.14e-04h  1
 413  3.7275432e+00 8.06e+00 1.88e+08  -6.0 9.68e+03    -  7.11e-03 1.02e-03h  1
 414  3.7228008e+00 8.05e+00 1.87e+08  -6.0 9.98e+03    -  2.22e-03 1.26e-03h  1
 415  3.6900307e+00 8.03e+00 1.86e+08  -6.0 1.01e+04    -  1.07e-02 8.73e-03h  1
 416  3.6885429e+00 8.02e+00 1.86e+08  -6.0 1.35e+04    -  1.01e-03 4.06e-04h  1
 417  3.6883325e+00 8.02e+00 1.86e+08  -6.0 1.20e+04    -  3.00e-08 5.71e-05h  1
 418  3.6882906e+00 8.02e+00 1.86e+08  -6.0 1.04e+04    -  1.81e-02 1.14e-05h  1
 419  3.6183198e+00 8.10e+00 1.82e+08  -6.0 1.04e+04    -  6.96e-05 1.90e-02f  1
iter    objective    inf_pr   inf_du lg(mu)  ||d||  lg(rg) alpha_du alpha_pr  ls
 420  3.6183147e+00 8.10e+00 1.82e+08  -6.0 1.16e+04    -  2.18e-03 1.42e-06h  2
 421  3.5978746e+00 8.07e+00 1.81e+08  -6.0 1.14e+04    -  5.66e-06 5.67e-03h  1
 422  3.5736135e+00 8.04e+00 1.80e+08  -6.0 1.21e+04    -  8.88e-03 6.77e-03f  1
 423  3.5736078e+00 8.04e+00 1.80e+08  -6.0 1.39e+04    -  1.48e-02 1.60e-06h  2
 424  3.5735827e+00 8.04e+00 1.80e+08  -6.0 1.34e+04    -  4.54e-06 7.01e-06h  1
 425  3.5190649e+00 8.01e+00 1.77e+08  -6.0 1.38e+04    -  4.01e-02 1.53e-02h  1
 426  3.5019913e+00 7.98e+00 1.76e+08  -6.0 1.58e+04    -  1.63e-02 4.86e-03h  1
 427  3.5014579e+00 7.98e+00 1.76e+08  -6.0 2.77e+04    -  6.12e-03 1.55e-04h  1
 428  3.4794966e+00 7.93e+00 1.75e+08  -6.0 2.76e+04    -  8.28e-03 6.37e-03h  1
 429  3.4567665e+00 7.87e+00 1.74e+08  -6.0 2.60e+04    -  5.76e-03 6.62e-03h  1
iter    objective    inf_pr   inf_du lg(mu)  ||d||  lg(rg) alpha_du alpha_pr  ls
 430r 3.4567665e+00 7.87e+00 1.00e+03   0.7 0.00e+00    -  0.00e+00 6.04e-09R  2
 431r 3.4567712e+00 7.87e+00 1.00e+03   0.7 1.04e+06    -  8.05e-08 1.02e-07f  1
 432r 3.4567712e+00 7.87e+00 9.99e+02   0.7 0.00e+00    -  0.00e+00 9.66e-08R  2
 433r 3.4567722e+00 7.87e+00 1.19e+04   0.7 5.11e+03    -  4.61e-04 6.15e-09f  1
 434  3.4567676e+00 7.87e+00 2.40e+03  -6.0 3.78e+03    -  3.78e-05 1.35e-06h  2
 435  3.4567613e+00 7.87e+00 1.44e+03  -6.0 9.60e+03    -  2.97e-06 1.82e-06h  2
 436  3.4567551e+00 7.87e+00 1.58e+03  -6.0 1.39e+04    -  8.25e-06 1.77e-06h  2
 437  3.4567299e+00 7.87e+00 1.62e+03  -6.0 1.81e+04    -  3.87e-06 7.32e-06h  1
 438  3.4567055e+00 7.87e+00 1.59e+03  -6.0 1.98e+04    -  1.88e-05 7.11e-06h  1
 439  3.4566259e+00 7.87e+00 1.58e+03  -6.0 2.02e+04    -  3.66e-07 2.33e-05f  1
iter    objective    inf_pr   inf_du lg(mu)  ||d||  lg(rg) alpha_du alpha_pr  ls
 440  3.4565246e+00 7.87e+00 1.61e+03  -6.0 2.05e+04    -  1.38e-04 2.97e-05h  1
 441  3.4559571e+00 7.87e+00 1.65e+03  -6.0 2.10e+04    -  2.99e-05 1.67e-04h  1
 442  3.4552205e+00 7.87e+00 1.64e+03  -6.0 2.12e+04    -  3.05e-04 2.18e-04h  1
 443  3.4534253e+00 7.87e+00 3.00e+03  -6.0 2.13e+04    -  8.36e-04 5.32e-04h  1
 444  3.4485803e+00 7.85e+00 3.99e+03  -6.0 2.12e+04    -  1.46e-03 1.44e-03h  1
 445  3.4399932e+00 7.84e+00 1.71e+04  -6.0 2.12e+04    -  4.23e-03 2.55e-03h  1
 446  3.4399755e+00 7.84e+00 2.05e+04  -6.0 2.28e+04    -  3.78e-04 5.21e-06h  1
 447  3.4290084e+00 7.81e+00 4.09e+04  -6.0 2.28e+04    -  8.59e-04 3.23e-03h  1
 448r 3.4290084e+00 7.81e+00 1.00e+03   0.7 0.00e+00    -  0.00e+00 2.32e-09R  2
 449r 3.4290099e+00 7.81e+00 3.70e+04   0.7 3.81e+05    -  6.14e-09 1.35e-08f  1
iter    objective    inf_pr   inf_du lg(mu)  ||d||  lg(rg) alpha_du alpha_pr  ls
 450r 3.4290099e+00 7.81e+00 9.99e+02   0.7 0.00e+00    -  0.00e+00 5.29e-08R  2
 451r 3.4290106e+00 7.81e+00 1.95e+04   0.7 5.36e+03    -  6.98e-04 3.75e-09f  1
 452  3.4290069e+00 7.81e+00 4.74e+03  -6.0 4.58e+03    -  9.74e-05 1.07e-06h  2
 453r 3.4290069e+00 7.81e+00 9.99e+02   0.7 0.00e+00    -  0.00e+00 2.58e-08R  5
 454r 3.4290144e+00 7.81e+00 2.77e+04   0.7 1.73e+07    -  3.37e-08 4.37e-09f  1
 455r 3.4290144e+00 7.81e+00 9.99e+02   0.7 0.00e+00    -  0.00e+00 1.16e-08R  8
 456r 3.4290150e+00 7.81e+00 1.73e+04   0.7 5.36e+03    -  6.98e-04 3.76e-09f  1
 457  3.4290104e+00 7.81e+00 2.89e+05  -6.0 3.97e+03    -  5.87e-03 1.34e-06h  2
 458  3.4289728e+00 7.81e+00 9.60e+05  -6.0 1.98e+04    -  3.33e-06 1.11e-05h  1
 459  3.4284284e+00 7.81e+00 9.70e+05  -6.0 1.99e+04    -  1.65e-03 1.60e-04f  1
iter    objective    inf_pr   inf_du lg(mu)  ||d||  lg(rg) alpha_du alpha_pr  ls
 460  3.4244453e+00 7.80e+00 1.03e+06  -6.0 2.04e+04    -  1.76e-04 1.19e-03h  1
 461  3.4178433e+00 7.78e+00 1.03e+06  -6.0 2.03e+04    -  4.00e-03 1.97e-03h  1
 462  3.4087737e+00 7.76e+00 1.03e+06  -6.0 2.01e+04    -  3.43e-03 2.72e-03h  1
 463  3.4059137e+00 7.76e+00 1.03e+06  -6.0 1.98e+04    -  1.01e-02 8.58e-04h  1
 464  3.4039432e+00 7.75e+00 1.03e+06  -6.0 1.97e+04    -  9.30e-04 5.92e-04h  1
 465  3.3965934e+00 7.74e+00 1.03e+06  -6.0 1.92e+04    -  2.83e-09 2.21e-03f  1
 466  3.3959612e+00 7.73e+00 1.03e+06  -6.0 1.89e+04    -  3.37e-04 1.90e-04h  1
 467  3.3907431e+00 7.72e+00 1.02e+06  -6.0 1.80e+04    -  3.16e-06 1.57e-03h  1
 468r 3.3907431e+00 7.72e+00 1.00e+03   0.7 0.00e+00    -  0.00e+00 1.05e-09R  2
 469r 3.3907361e+00 7.72e+00 1.00e+03   0.7 1.09e+08    -  1.17e-09 8.79e-10f  1
iter    objective    inf_pr   inf_du lg(mu)  ||d||  lg(rg) alpha_du alpha_pr  ls
 470r 3.3907361e+00 7.72e+00 9.99e+02   0.7 0.00e+00    -  0.00e+00 7.01e-08R  2
 471r 3.3907368e+00 7.72e+00 1.98e+04   0.7 5.56e+03    -  6.66e-04 3.65e-09f  1
 472  3.3907333e+00 7.72e+00 3.77e+04  -6.0 4.78e+03    -  7.60e-04 1.03e-06h  2
 473  3.3906123e+00 7.72e+00 4.55e+05  -6.0 1.81e+04    -  3.03e-06 3.65e-05h  1
 474  3.3904398e+00 7.72e+00 4.60e+05  -6.0 1.84e+04    -  2.30e-03 5.21e-05h  1
 475  3.3871137e+00 7.71e+00 5.17e+05  -6.0 1.70e+04    -  9.32e-05 1.01e-03h  1
 476  3.3845286e+00 7.71e+00 5.17e+05  -6.0 1.97e+04    -  2.57e-03 7.83e-04h  1
 477  3.3773976e+00 7.69e+00 5.15e+05  -6.0 1.97e+04    -  3.29e-03 2.16e-03h  1
 478  3.3695251e+00 7.67e+00 5.14e+05  -6.0 1.97e+04    -  4.13e-03 2.39e-03h  1
 479  3.3694905e+00 7.67e+00 5.14e+05  -6.0 2.05e+04    -  1.19e-03 1.04e-05h  1
iter    objective    inf_pr   inf_du lg(mu)  ||d||  lg(rg) alpha_du alpha_pr  ls
 480  3.3637339e+00 7.66e+00 5.13e+05  -6.0 2.06e+04    -  1.17e-06 1.74e-03h  1
 481r 3.3637339e+00 7.66e+00 1.00e+03   0.8 0.00e+00    -  0.00e+00 9.12e-10R  2
 482r 3.3637283e+00 7.66e+00 1.00e+03   0.8 3.80e+06    -  9.90e-11 1.68e-08f  1
 483r 3.3637283e+00 7.66e+00 9.99e+02   0.8 0.00e+00    -  0.00e+00 5.92e-08R  2
 484r 3.3637290e+00 7.66e+00 2.03e+04   0.8 5.63e+03    -  6.52e-04 3.77e-09f  1
 485  3.3637260e+00 7.66e+00 6.92e+03  -6.0 4.71e+03    -  1.35e-04 9.01e-07h  2
 486  3.3637219e+00 7.66e+00 2.98e+03  -6.0 1.55e+04    -  2.83e-06 1.23e-06h  2
 487  3.3637157e+00 7.66e+00 8.51e+03  -6.0 1.70e+04    -  2.27e-04 1.90e-06h  2
 488  3.3636088e+00 7.66e+00 3.33e+04  -6.0 2.03e+04    -  6.03e-06 3.29e-05h  1
 489  3.3630239e+00 7.66e+00 3.29e+04  -6.0 2.08e+04    -  1.96e-05 1.79e-04f  1
iter    objective    inf_pr   inf_du lg(mu)  ||d||  lg(rg) alpha_du alpha_pr  ls
 490  3.3628446e+00 7.66e+00 3.29e+04  -6.0 2.10e+04    -  1.01e-05 5.45e-05h  1
 491  3.3621431e+00 7.66e+00 3.31e+04  -6.0 2.09e+04    -  1.39e-03 2.13e-04h  1
 492  3.3567844e+00 7.64e+00 3.36e+04  -6.0 2.09e+04    -  2.47e-04 1.63e-03h  1
 493  3.3563114e+00 7.64e+00 3.36e+04  -6.0 2.07e+04    -  7.95e-04 1.44e-04h  1
 494  3.3543522e+00 7.64e+00 3.36e+04  -6.0 2.07e+04    -  2.94e-08 5.94e-04h  1
 495  3.3542604e+00 7.64e+00 3.35e+04  -6.0 2.07e+04    -  2.23e-03 2.78e-05h  1
 496  3.3431051e+00 7.61e+00 3.40e+04  -6.0 2.06e+04    -  8.12e-04 3.37e-03h  1
 497  3.3371957e+00 7.60e+00 1.24e+05  -6.0 2.14e+04    -  1.95e-02 1.78e-03h  1
 498r 3.3371957e+00 7.60e+00 1.00e+03   0.8 0.00e+00    -  0.00e+00 1.83e-08R  2
 499r 3.3372083e+00 7.60e+00 3.72e+04   0.8 3.07e+04    -  1.26e-06 2.97e-08f  1
iter    objective    inf_pr   inf_du lg(mu)  ||d||  lg(rg) alpha_du alpha_pr  ls
 500r 3.3372083e+00 7.60e+00 9.99e+02   0.8 0.00e+00    -  0.00e+00 6.91e-08R  2
 501r 3.3372089e+00 7.60e+00 2.09e+04   0.8 5.72e+03    -  6.36e-04 3.68e-09f  1
 502  3.3372052e+00 7.60e+00 6.01e+03  -6.0 3.77e+03    -  1.17e-04 1.09e-06h  2
 503  3.3371947e+00 7.60e+00 6.31e+03  -6.0 1.67e+04    -  3.04e-06 3.20e-06h  2
 504  3.3371694e+00 7.60e+00 1.46e+05  -6.0 1.89e+04    -  8.64e-03 7.69e-06h  1
 505  3.3365815e+00 7.60e+00 1.80e+06  -6.0 2.07e+04    -  1.39e-05 1.78e-04h  1
 506  3.3275326e+00 7.58e+00 1.79e+06  -6.0 2.08e+04    -  6.20e-03 2.74e-03f  1
 507  3.3202186e+00 7.57e+00 1.79e+06  -6.0 2.07e+04    -  3.03e-03 2.22e-03h  1
 508  3.3160942e+00 7.56e+00 1.79e+06  -6.0 2.08e+04    -  4.98e-04 1.26e-03h  1
 509  3.2714337e+00 7.49e+00 1.76e+06  -6.0 2.08e+04    -  1.74e-02 1.36e-02f  1
iter    objective    inf_pr   inf_du lg(mu)  ||d||  lg(rg) alpha_du alpha_pr  ls
 510r 3.2714337e+00 7.49e+00 1.00e+03   0.8 0.00e+00    -  0.00e+00 9.73e-09R  7
 511r 3.2714374e+00 7.49e+00 1.12e+03   0.8 7.72e+03    -  1.51e-04 2.90e-08f  1
 512r 3.2714374e+00 7.49e+00 9.99e+02   0.8 0.00e+00    -  0.00e+00 6.94e-08R  2
 513r 3.2714380e+00 7.49e+00 2.19e+04   0.8 8.11e+03    -  5.10e-04 2.83e-09f  1
 514  3.2714353e+00 7.49e+00 7.54e+03  -6.0 5.41e+03    -  1.53e-04 8.28e-07h  2
 515  3.2714250e+00 7.49e+00 8.51e+03  -6.0 1.45e+04    -  2.87e-06 3.23e-06h  2
 516  3.2714169e+00 7.49e+00 4.10e+04  -6.0 1.58e+04    -  1.97e-03 2.55e-06h  2
 517  3.2713466e+00 7.49e+00 9.04e+04  -6.0 1.96e+04    -  8.64e-06 2.18e-05h  1
 518  3.2698535e+00 7.48e+00 9.32e+04  -6.0 2.04e+04    -  1.30e-03 4.61e-04f  1
 519  3.2665370e+00 7.48e+00 9.76e+04  -6.0 2.01e+04    -  5.03e-04 1.03e-03h  1
iter    objective    inf_pr   inf_du lg(mu)  ||d||  lg(rg) alpha_du alpha_pr  ls
 520  3.2611448e+00 7.49e+00 1.29e+05  -6.0 2.02e+04    -  1.59e-02 1.68e-03h  1
 521  3.2610576e+00 7.49e+00 1.45e+05  -6.0 2.00e+04    -  2.61e-03 2.70e-05h  1
 522  3.2431377e+00 7.62e+00 1.08e+05  -6.0 2.00e+04    -  3.35e-09 5.54e-03f  1
 523  3.2430625e+00 7.62e+00 1.87e+05  -6.0 3.46e+04    -  7.29e-04 2.50e-05h  1
 524  3.2421754e+00 7.62e+00 1.40e+05  -6.0 3.41e+04    -  1.60e-07 2.97e-04h  1
 525  3.2420265e+00 7.62e+00 1.60e+05  -6.0 3.43e+04    -  1.79e-04 4.99e-05h  1
 526  3.2140781e+00 7.83e+00 2.30e+05  -6.0 2.44e+04    -  9.16e-10 8.74e-03f  1
 527  3.1983214e+00 7.87e+00 2.74e+05  -6.0 2.37e+04    -  4.70e-03 4.99e-03h  1
 528  3.1886800e+00 7.86e+00 2.90e+05  -6.0 2.30e+04    -  1.47e-03 3.08e-03h  1
 529r 3.1886800e+00 7.86e+00 1.00e+03   0.9 0.00e+00    -  0.00e+00 1.66e-08R  2
iter    objective    inf_pr   inf_du lg(mu)  ||d||  lg(rg) alpha_du alpha_pr  ls
 530r 3.1886492e+00 7.86e+00 1.00e+03   0.9 5.02e+07    -  4.27e-09 3.42e-09f  1
 531r 3.1886492e+00 7.86e+00 9.99e+02   0.9 0.00e+00    -  0.00e+00 5.26e-08R  2
 532r 3.1886498e+00 7.86e+00 2.33e+04   0.9 7.40e+03    -  4.74e-04 2.75e-09f  1
 533  3.1886462e+00 7.86e+00 3.81e+03  -6.0 4.58e+03    -  7.66e-05 1.13e-06h  2
 534  3.1886415e+00 7.86e+00 1.79e+03  -6.0 1.54e+04    -  3.18e-06 1.52e-06h  2
 535  3.1886350e+00 7.86e+00 1.95e+05  -6.0 1.86e+04    -  8.92e-03 2.09e-06h  2
 536  3.1886076e+00 7.86e+00 2.55e+05  -6.0 2.12e+04    -  6.70e-06 8.76e-06h  1
 537  3.1787608e+00 7.86e+00 2.87e+05  -6.0 2.22e+04    -  8.24e-03 3.14e-03h  1
 538  3.1783089e+00 7.86e+00 2.65e+05  -6.0 2.17e+04    -  1.46e-03 1.45e-04h  1
 539  3.1439332e+00 7.98e+00 3.28e+05  -6.0 2.15e+04    -  3.31e-03 1.10e-02h  1
iter    objective    inf_pr   inf_du lg(mu)  ||d||  lg(rg) alpha_du alpha_pr  ls
 540  3.1259821e+00 7.97e+00 3.26e+05  -6.0 2.04e+04    -  3.78e-03 5.74e-03h  1
 541r 3.1259821e+00 7.97e+00 1.00e+03   0.9 0.00e+00    -  0.00e+00 1.35e-08R  2
 542r 3.1259821e+00 7.97e+00 5.78e+04   0.9 1.47e+06    -  2.05e-07 2.34e-08f  1
 543r 3.1259821e+00 7.97e+00 9.99e+02   0.9 0.00e+00    -  0.00e+00 1.63e-07R  2
 544r 3.1259827e+00 7.97e+00 2.40e+04   0.9 7.50e+03    -  4.58e-04 2.66e-09f  1
 545  3.1259794e+00 7.97e+00 9.07e+02  -6.0 4.68e+03    -  1.94e-05 1.05e-06h  2
 546  3.1259751e+00 7.97e+00 3.25e+02  -6.0 6.02e+03    -  3.41e-06 1.34e-06h  2
 547  3.1259700e+00 7.97e+00 6.57e+03  -6.0 6.82e+03    -  2.76e-04 1.63e-06h  2
 548  3.1258119e+00 7.97e+00 5.12e+04  -6.0 6.99e+03    -  6.12e-06 4.95e-05h  1
 549  3.1257138e+00 7.97e+00 5.11e+04  -6.0 1.66e+04    -  1.77e-05 3.04e-05f  1
iter    objective    inf_pr   inf_du lg(mu)  ||d||  lg(rg) alpha_du alpha_pr  ls
 550  3.1256711e+00 7.97e+00 5.13e+04  -6.0 2.02e+04    -  2.83e-04 1.35e-05h  1
 551  3.1246614e+00 7.97e+00 5.17e+04  -6.0 2.10e+04    -  5.75e-05 3.20e-04h  1
 552  3.1235026e+00 7.97e+00 5.17e+04  -6.0 2.13e+04    -  7.07e-04 3.84e-04h  1
 553  3.1232687e+00 7.96e+00 5.17e+04  -6.0 2.26e+04    -  7.30e-08 7.67e-05h  1
 554  3.1200527e+00 7.96e+00 5.16e+04  -6.0 2.27e+04    -  1.46e-03 1.06e-03h  1
 555  3.1147626e+00 7.94e+00 2.06e+05  -6.0 2.26e+04    -  8.43e-03 1.74e-03h  1
 556  3.0751236e+00 9.49e+00 3.88e+05  -6.0 2.23e+04    -  4.61e-03 1.30e-02h  1
 557  3.0435575e+00 1.09e+01 5.19e+05  -6.0 2.10e+04    -  2.57e-03 1.05e-02h  1
 558  3.0418925e+00 1.09e+01 5.19e+05  -6.0 1.90e+04    -  1.00e-02 5.59e-04h  1
 559  3.0416055e+00 1.09e+01 5.19e+05  -6.0 1.89e+04    -  5.54e-03 9.51e-05h  1
iter    objective    inf_pr   inf_du lg(mu)  ||d||  lg(rg) alpha_du alpha_pr  ls
 560  2.9588574e+00 1.87e+01 1.09e+06  -6.0 1.89e+04    -  1.06e-08 2.74e-02f  1
 561  2.9392772e+00 1.89e+01 1.09e+06  -6.0 1.51e+04    -  3.34e-03 6.65e-03h  1
 562  2.9269835e+00 1.89e+01 1.09e+06  -6.0 1.43e+04    -  1.44e-02 4.18e-03h  1
 563  2.8960562e+00 1.93e+01 1.08e+06  -6.0 1.39e+04    -  5.35e-03 1.06e-02h  1
 564  2.8818506e+00 1.94e+01 1.07e+06  -6.0 1.28e+04    -  6.60e-09 4.89e-03f  1
 565  2.8808539e+00 1.94e+01 1.07e+06  -6.0 1.23e+04    -  1.58e-02 3.44e-04h  1
 566  2.8447976e+00 1.99e+01 1.05e+06  -6.0 1.23e+04    -  1.64e-03 1.24e-02h  1
 567  2.7648233e+00 2.23e+01 9.78e+05  -6.0 1.11e+04    -  1.20e-02 2.79e-02h  1
 568  2.7647654e+00 2.23e+01 9.78e+05  -6.0 2.22e+04    -  5.24e-04 2.07e-05h  1
 569  2.7526379e+00 2.22e+01 9.69e+05  -6.0 2.23e+04    -  3.63e-04 4.33e-03h  1
iter    objective    inf_pr   inf_du lg(mu)  ||d||  lg(rg) alpha_du alpha_pr  ls
 570  2.7505748e+00 2.22e+01 9.68e+05  -6.0 2.17e+04    -  2.59e-03 7.42e-04h  1
 571  2.7504628e+00 2.22e+01 9.68e+05  -6.0 2.50e+04    -  1.33e-08 4.03e-05h  1
 572  2.7455515e+00 2.21e+01 9.65e+05  -6.0 2.39e+04    -  8.78e-04 1.76e-03f  1
 573  2.7383904e+00 2.21e+01 9.64e+05  -6.0 1.41e+04    -  2.65e-09 2.49e-03f  1
 574  2.7375406e+00 2.21e+01 9.64e+05  -6.0 1.41e+04    -  2.21e-03 2.92e-04h  1
 575r 2.7375406e+00 2.21e+01 1.00e+03   1.3 0.00e+00    -  0.00e+00 9.74e-10R  2
 576r 2.7375005e+00 2.21e+01 1.00e+03   1.3 5.91e+06    -  1.92e-08 7.66e-09f  1
 577r 2.7375005e+00 2.21e+01 9.99e+02   1.3 0.00e+00    -  0.00e+00 3.69e-08R  2
 578r 2.7375011e+00 2.21e+01 4.77e+04   1.3 1.88e+04    -  3.21e-05 1.24e-09f  1
 579  2.7374972e+00 2.21e+01 7.34e+03  -6.0 5.06e+03    -  1.31e-04 1.50e-06h  2
iter    objective    inf_pr   inf_du lg(mu)  ||d||  lg(rg) alpha_du alpha_pr  ls
 580  2.7374915e+00 2.21e+01 4.50e+03  -6.0 8.33e+03    -  3.29e-06 2.03e-06h  2
 581  2.7374892e+00 2.21e+01 5.44e+03  -6.0 9.86e+03    -  5.06e-05 8.10e-07h  2
 582r 2.7374892e+00 2.21e+01 9.99e+02   1.3 0.00e+00    -  0.00e+00 2.06e-08R  6
 583r 2.7374899e+00 2.21e+01 1.13e+05   1.3 5.61e+04    -  2.93e-08 1.37e-09f  1
 584r 2.7374899e+00 2.21e+01 9.99e+02   1.3 0.00e+00    -  0.00e+00 2.87e-08R  6
 585r 2.7374904e+00 2.21e+01 3.50e+04   1.3 1.88e+04    -  3.15e-05 1.06e-09f  1
 586  2.7374862e+00 2.21e+01 2.39e+04  -6.0 4.86e+03    -  4.86e-04 1.59e-06h  2
 587r 2.7374862e+00 2.21e+01 9.99e+02   1.3 0.00e+00    -  0.00e+00 1.58e-08R  2
 588r 2.7374873e+00 2.21e+01 1.34e+05   1.3 1.90e+08    -  4.12e-06 2.68e-09f  1
 589  2.7374275e+00 2.21e+01 1.73e+06  -6.0 8.51e+03    -  2.36e-02 2.20e-05h  1
iter    objective    inf_pr   inf_du lg(mu)  ||d||  lg(rg) alpha_du alpha_pr  ls
 590  2.7339476e+00 2.21e+01 9.49e+07  -6.0 8.91e+03    -  2.32e-05 1.27e-03h  1
 591  2.7317198e+00 2.21e+01 9.48e+07  -6.0 8.95e+03    -  8.13e-03 8.12e-04h  1
 592  2.7312842e+00 2.20e+01 9.48e+07  -6.0 1.10e+04    -  2.29e-03 1.48e-04h  1
 593  2.7296510e+00 2.20e+01 9.47e+07  -6.0 1.17e+04    -  6.66e-04 5.59e-04h  1
 594  2.7284206e+00 2.20e+01 9.47e+07  -6.0 1.31e+04    -  1.50e-07 4.57e-04h  1
 595  2.7279554e+00 2.20e+01 9.47e+07  -6.0 1.33e+04    -  5.63e-05 1.70e-04h  1
 596  2.7202639e+00 2.20e+01 9.44e+07  -6.0 1.37e+04    -  8.69e-03 2.82e-03h  1
 597  2.6879175e+00 2.25e+01 9.33e+07  -6.0 1.29e+04    -  1.83e-07 1.18e-02h  1
 598  2.6527711e+00 2.29e+01 9.21e+07  -6.0 1.19e+04    -  1.77e-07 1.26e-02h  1
 599r 2.6527711e+00 2.29e+01 1.00e+03   1.3 0.00e+00    -  0.00e+00 4.10e-08R  5
iter    objective    inf_pr   inf_du lg(mu)  ||d||  lg(rg) alpha_du alpha_pr  ls
 600r 2.6527750e+00 2.29e+01 1.28e+05   1.3 1.95e+04    -  5.26e-06 1.30e-08f  1
 601r 2.6527750e+00 2.29e+01 9.99e+02   1.3 0.00e+00    -  0.00e+00 4.16e-08R  2
 602r 2.6527754e+00 2.29e+01 4.32e+04   1.3 1.95e+04    -  2.76e-05 1.04e-09f  1
 603  2.6527711e+00 2.29e+01 7.73e+02  -6.0 5.46e+03    -  1.75e-05 1.63e-06h  2
 604  2.6527679e+00 2.29e+01 1.71e+02  -6.0 5.89e+03    -  4.14e-06 1.22e-06h  2
 605  2.6527656e+00 2.29e+01 3.13e+04  -6.0 7.40e+03    -  1.53e-03 8.70e-07h  2
 606  2.6527619e+00 2.29e+01 1.23e+04  -6.0 1.12e+04    -  5.76e-06 1.37e-06h  2
 607r 2.6527619e+00 2.29e+01 1.00e+03   1.3 0.00e+00    -  0.00e+00 2.15e-08R  7
 608r 2.6527619e+00 2.29e+01 1.07e+03   1.3 1.95e+04    -  9.88e-06 3.23e-11f  1
 609r 2.6561736e+00 2.26e+01 1.78e+03   1.3 1.93e+04    -  1.61e-04 1.14e-05f  1
iter    objective    inf_pr   inf_du lg(mu)  ||d||  lg(rg) alpha_du alpha_pr  ls
 610  2.6561544e+00 2.26e+01 2.85e+04  -6.0 3.10e+03    -  5.76e-04 7.23e-06h  1
 611  2.6560577e+00 2.26e+01 1.13e+05  -6.0 5.09e+03    -  9.23e-06 3.63e-05h  1
 612r 2.6560577e+00 2.26e+01 9.99e+02   1.3 0.00e+00    -  0.00e+00 3.55e-08R  6
 613r 2.6560577e+00 2.26e+01 9.99e+02   1.3 1.93e+04    -  1.43e-05 2.98e-11f  1
 614r 2.6560577e+00 2.26e+01 9.99e+02   1.3 0.00e+00    -  0.00e+00 4.82e-08R  2
 615r 2.6560581e+00 2.26e+01 2.53e+03   1.3 1.93e+04    -  1.77e-04 1.03e-09f  1
 616  2.6560526e+00 2.26e+01 2.20e+04  -6.0 4.18e+03    -  4.46e-04 2.08e-06h  2
 617  2.6560289e+00 2.26e+01 4.77e+04  -6.0 8.23e+03    -  4.09e-06 8.88e-06h  1
 618  2.6559542e+00 2.26e+01 5.78e+04  -6.0 9.26e+03    -  1.33e-03 2.80e-05h  1
 619  2.6557391e+00 2.26e+01 6.76e+04  -6.0 1.08e+04    -  4.13e-05 8.06e-05h  1
iter    objective    inf_pr   inf_du lg(mu)  ||d||  lg(rg) alpha_du alpha_pr  ls
 620r 2.6557391e+00 2.26e+01 1.00e+03   1.3 0.00e+00    -  0.00e+00 1.22e-10R  2
 621r 2.6557391e+00 2.26e+01 8.80e+04   1.3 9.94e+04    -  8.73e-08 1.07e-11f  1
 622r 2.6557391e+00 2.26e+01 9.99e+02   1.3 0.00e+00    -  0.00e+00 4.04e-08R  2
 623r 2.6557395e+00 2.26e+01 5.36e+03   1.3 1.93e+04    -  1.76e-04 1.03e-09f  1
 624  2.6557342e+00 2.26e+01 2.25e+03  -6.0 4.49e+03    -  4.74e-05 1.99e-06h  2
 625  2.6557306e+00 2.26e+01 6.60e+02  -6.0 5.91e+03    -  4.17e-06 1.35e-06h  2
 626  2.6557267e+00 2.26e+01 3.56e+04  -6.0 7.39e+03    -  1.87e-03 1.45e-06h  2
 627  2.6557027e+00 2.26e+01 4.67e+04  -6.0 1.09e+04    -  6.81e-06 8.96e-06h  1
 628r 2.6557027e+00 2.26e+01 1.00e+03   1.3 0.00e+00    -  0.00e+00 4.73e-09R  2
 629r 2.6557028e+00 2.26e+01 4.38e+04   1.3 1.93e+04    -  1.70e-06 3.61e-11f  1
iter    objective    inf_pr   inf_du lg(mu)  ||d||  lg(rg) alpha_du alpha_pr  ls
 630r 2.6557028e+00 2.26e+01 9.99e+02   1.3 0.00e+00    -  0.00e+00 3.83e-08R  5
 631r 2.6557031e+00 2.26e+01 5.62e+03   1.3 1.93e+04    -  1.76e-04 1.03e-09f  1
 632  2.6556980e+00 2.26e+01 7.76e+02  -6.0 4.69e+03    -  1.76e-05 1.91e-06h  2
 633  2.6556942e+00 2.26e+01 1.90e+02  -6.0 5.10e+03    -  4.42e-06 1.45e-06h  2
 634  2.6556915e+00 2.26e+01 3.53e+04  -6.0 6.05e+03    -  1.88e-03 1.01e-06h  2
 635  2.6556884e+00 2.26e+01 1.05e+04  -6.0 1.08e+04    -  6.39e-06 1.13e-06h  2
 636r 2.6556884e+00 2.26e+01 1.00e+03   1.3 0.00e+00    -  0.00e+00 1.80e-08R  7
 637r 2.6556885e+00 2.26e+01 1.00e+03   1.3 1.93e+04    -  2.02e-05 1.81e-11f  2
 638r 2.6556885e+00 2.26e+01 9.99e+02   1.3 0.00e+00    -  0.00e+00 5.11e-08R  5
 639r 2.6556887e+00 2.26e+01 5.69e+03   1.3 1.93e+04    -  1.76e-04 6.05e-10f  2
iter    objective    inf_pr   inf_du lg(mu)  ||d||  lg(rg) alpha_du alpha_pr  ls
 640  6.1296225e-01 2.26e+01 3.56e+02  -6.0 3.68e+04    -  1.80e-03 7.21e-06f  1
 641  1.1331755e-01 2.26e+01 3.55e+02  -6.0 3.00e+04    -  4.26e-03 1.58e-03f  1
 642  5.5685043e-02 2.25e+01 3.49e+02  -6.0 2.31e+04    -  1.60e-02 5.31e-03h  1
 643  5.2126583e-02 2.24e+01 3.41e+02  -6.0 2.69e+04    -  2.71e-02 8.24e-03h  1
 644  4.8642089e-02 2.27e+01 3.32e+02  -6.0 3.05e+04    -  2.64e-02 2.51e-02h  1
 645  4.7180845e-02 2.27e+01 3.30e+02  -6.0 4.90e+04    -  3.49e-03 1.58e-02h  1
 646  4.6790621e-02 2.26e+01 3.29e+02  -6.0 5.34e+04    -  2.15e-03 4.03e-03h  1
 647  4.6428799e-02 2.25e+01 3.26e+02  -6.0 6.62e+04    -  9.95e-03 4.58e-03h  1
 648  4.6443944e-02 2.25e+01 3.26e+02  -6.0 1.07e+05    -  1.55e-03 7.36e-05h  6
 649  4.6488332e-02 2.25e+01 3.25e+02  -6.0 9.81e+04    -  1.05e-03 1.51e-04h  5
iter    objective    inf_pr   inf_du lg(mu)  ||d||  lg(rg) alpha_du alpha_pr  ls
 650  4.6512362e-02 2.25e+01 3.25e+02  -6.0 9.45e+04    -  1.93e-03 1.17e-04h  6
 651  4.6517747e-02 2.25e+01 3.23e+02  -6.0 1.15e+05    -  7.14e-03 9.41e-04h  3
 652  4.5399673e-02 2.40e+01 3.22e+02  -6.0 3.53e+05    -  9.25e-04 1.84e-03h  1
 653  4.5112469e-02 2.44e+01 3.22e+02  -6.0 2.12e+05    -  1.08e-04 7.66e-04h  1
 654r 4.5112469e-02 2.44e+01 9.99e+02   1.3 0.00e+00  -0.3 0.00e+00 5.96e-09R  2
 655r 4.6443935e-02 2.44e+01 1.02e+03   1.3 3.22e+06    -  3.07e-06 3.17e-07f  1
 656r 6.3695757e-02 2.43e+01 9.99e+02   1.3 1.91e+04    -  4.19e-07 4.03e-06f  1
 657r 9.4811370e-02 2.42e+01 1.27e+03   1.3 1.90e+04    -  3.26e-05 7.42e-06f  1
 658r 3.2049306e-01 2.30e+01 9.99e+02   1.3 1.83e+04    -  2.29e-05 7.16e-05f  1
 659r 6.3178563e-01 2.09e+01 2.95e+03   1.3 1.67e+04    -  3.76e-04 1.42e-04f  1
iter    objective    inf_pr   inf_du lg(mu)  ||d||  lg(rg) alpha_du alpha_pr  ls
 660r 1.3045851e+00 1.38e+01 2.40e+03   1.3 1.50e+04    -  5.51e-04 6.48e-04f  1
 661r 1.5593372e+00 1.07e+01 8.51e+03   0.6 1.32e+04    -  1.06e-02 1.96e-03f  1
 662  1.2599416e+00 1.08e+01 3.22e+02  -6.0 6.63e+03    -  8.48e-03 1.22e-02h  1
 663  1.1914755e+00 1.08e+01 3.22e+02  -6.0 1.39e+04    -  3.73e-04 5.20e-03h  1
 664  8.9308743e-01 1.17e+01 3.19e+02  -6.0 7.13e+03    -  7.36e-03 2.57e-02h  1
 665  8.7472559e-01 1.17e+01 3.17e+02  -6.0 4.67e+04    -  7.27e-03 2.28e-03h  1
 666  8.5496395e-01 1.17e+01 3.15e+02  -6.0 1.79e+04    -  6.42e-03 2.65e-03h  1
 667  8.0158835e-01 1.21e+01 3.10e+02  -6.0 3.32e+04    -  1.52e-02 7.69e-03h  1
 668  7.6881097e-01 1.21e+01 3.09e+02  -6.0 1.64e+04    -  2.84e-03 6.91e-03h  2
 669r 7.6881097e-01 1.21e+01 9.99e+02   0.5 0.00e+00    -  0.00e+00 4.29e-07R 10
iter    objective    inf_pr   inf_du lg(mu)  ||d||  lg(rg) alpha_du alpha_pr  ls
 670r 7.7122228e-01 1.21e+01 7.95e+03   0.5 1.33e+04    -  9.01e-03 6.40e-06f  1
 671  7.5186904e-01 1.21e+01 6.63e+03  -6.0 3.34e+04    -  2.20e-06 3.71e-03h  1
 672  7.4195504e-01 1.21e+01 6.62e+03  -6.0 3.14e+04    -  3.97e-05 2.00e-03h  1
 673  7.3853588e-01 1.20e+01 6.62e+03  -6.0 3.24e+04    -  1.31e-02 6.86e-04h  1
 674  7.2352032e-01 1.20e+01 6.60e+03  -6.0 3.51e+04    -  1.27e-03 3.31e-03h  3
 675  7.1591494e-01 1.20e+01 6.58e+03  -6.0 4.02e+04    -  1.91e-02 1.70e-03h  1
 676  7.0236339e-01 1.20e+01 6.57e+03  -6.0 4.61e+04    -  3.24e-02 3.39e-03h  3
 677  6.9888440e-01 1.20e+01 6.55e+03  -6.0 5.67e+04    -  2.26e-02 1.03e-03h  4
 678  6.9553577e-01 1.20e+01 6.55e+03  -6.0 6.06e+04    -  5.26e-02 1.09e-03h  4
 679  6.9395373e-01 1.20e+01 6.54e+03  -6.0 6.46e+04    -  2.39e-02 6.36e-04h  5
iter    objective    inf_pr   inf_du lg(mu)  ||d||  lg(rg) alpha_du alpha_pr  ls
 680  6.9254840e-01 1.20e+01 6.55e+03  -6.0 6.49e+04    -  7.02e-02 6.10e-04h  5
 681  6.6292145e-01 1.97e+01 6.44e+03  -6.0 6.40e+04    -  2.40e-02 1.55e-02h  1
 682  6.5377917e-01 2.11e+01 6.41e+03  -6.0 7.53e+04    -  2.78e-02 4.81e-03h  1
 683  6.0228349e-01 8.62e+01 6.23e+03  -6.0 7.03e+04    -  6.96e-02 2.88e-02h  1
 684  6.0215262e-01 8.62e+01 6.23e+03  -6.0 3.89e+01  -0.8 5.69e-07 8.94e-05h  1
 685  6.0187007e-01 8.62e+01 6.23e+03  -6.0 9.02e+01  -1.2 3.35e-04 1.95e-04h  1
 686  6.0088752e-01 8.61e+01 6.22e+03  -6.0 1.79e+02  -1.7 1.16e-04 6.95e-04h  1
 687  5.9944644e-01 8.60e+01 6.22e+03  -6.0 1.86e+02  -2.2 1.02e-03 1.01e-03h  1
 688  5.9935179e-01 8.60e+01 6.22e+03  -6.0 2.90e+02  -2.7 2.50e-03 6.71e-05h  1
 689  5.9638706e-01 8.58e+01 6.20e+03  -6.0 4.08e+02  -3.2 4.86e-03 2.07e-03f  1
iter    objective    inf_pr   inf_du lg(mu)  ||d||  lg(rg) alpha_du alpha_pr  ls
 690  5.9035632e-01 8.55e+01 6.18e+03  -6.0 5.55e+02  -3.6 9.02e-03 4.14e-03h  1
 691  5.8873262e-01 8.54e+01 6.17e+03  -6.0 8.44e+02  -3.2 6.51e-03 1.17e-03h  1
 692  5.8491717e-01 8.51e+01 6.15e+03  -6.0 9.24e+02  -3.7 5.91e-03 2.66e-03h  1
 693  5.8112271e-01 8.49e+01 6.14e+03  -6.0 8.38e+02  -3.3 1.06e-02 2.80e-03h  1
 694  5.7843012e-01 8.47e+01 6.13e+03  -6.0 1.32e+03  -3.7 1.26e-02 1.96e-03h  1
 695  5.6842167e-01 8.41e+01 6.08e+03  -6.0 2.07e+03  -4.2 1.01e-02 7.71e-03h  1
 696  5.6792867e-01 8.40e+01 6.08e+03  -6.0 5.73e+03  -4.7 2.52e-05 4.73e-04h  1
 697  5.6790683e-01 8.40e+01 6.07e+03  -6.0 1.30e+03  -4.3 9.14e-03 1.70e-05h  1
 698  5.6330831e-01 8.37e+01 6.05e+03  -6.0 1.56e+03  -4.7 3.54e-08 3.62e-03h  1
 699  5.5596629e-01 8.32e+01 6.02e+03  -6.0 6.09e+03  -5.2 2.57e-04 5.88e-03h  1
iter    objective    inf_pr   inf_du lg(mu)  ||d||  lg(rg) alpha_du alpha_pr  ls
 700  5.5429764e-01 8.31e+01 6.01e+03  -6.0 1.91e+03  -4.8 9.78e-03 1.34e-03h  1
 701  5.5250144e-01 8.30e+01 6.00e+03  -6.0 3.18e+03  -5.3 1.44e-02 1.40e-03h  1
 702r 5.5250144e-01 8.30e+01 1.00e+03   1.7 0.00e+00  -5.7 0.00e+00 4.38e-08R  2
 703r 5.5248137e-01 8.30e+01 1.00e+03   1.7 5.40e+06    -  1.69e-10 9.00e-10f  1
 704r 5.5248137e-01 8.30e+01 9.99e+02   1.7 0.00e+00    -  0.00e+00 2.20e-07R  6
 705r 5.5248254e-01 8.30e+01 5.91e+04   1.7 5.31e+04    -  6.21e-05 6.90e-10f  1
 706  5.5247475e-01 8.30e+01 1.32e+03  -6.0 2.10e+03    -  3.34e-05 1.51e-05h  1
 707  5.5236473e-01 8.30e+01 2.85e+04  -6.0 2.37e+03    -  1.72e-05 2.10e-04h  1
 708  5.5234201e-01 8.30e+01 2.86e+04  -6.0 2.38e+03    -  1.98e-04 4.34e-05h  1
 709  5.5220016e-01 8.30e+01 2.89e+04  -6.0 2.38e+03    -  7.13e-03 2.71e-04h  1
iter    objective    inf_pr   inf_du lg(mu)  ||d||  lg(rg) alpha_du alpha_pr  ls
 710  5.5127486e-01 8.28e+01 2.97e+04  -6.0 2.38e+03    -  2.89e-04 1.77e-03h  1
 711  5.5124455e-01 8.28e+01 2.95e+04  -6.0 1.96e+03    -  3.46e-03 5.97e-05h  1
 712  5.4939529e-01 8.25e+01 2.93e+04  -6.0 1.97e+03    -  1.03e-03 3.64e-03h  1
 713  5.4884556e-01 8.24e+01 2.94e+04  -6.0 1.99e+03    -  1.64e-02 1.08e-03h  1
 714  5.4613086e-01 8.20e+01 2.92e+04  -6.0 2.03e+03    -  5.29e-03 5.34e-03h  1
 715r 5.4613086e-01 8.20e+01 1.00e+03   1.7 0.00e+00    -  0.00e+00 3.29e-07R  5
 716r 5.4613727e-01 8.20e+01 1.06e+05   1.7 5.25e+04    -  5.92e-05 3.76e-09f  1
 717r 5.4613727e-01 8.20e+01 9.99e+02   1.7 0.00e+00    -  0.00e+00 3.12e-07R  4
 718r 5.4613792e-01 8.20e+01 1.23e+04   1.7 5.25e+04    -  5.85e-05 3.76e-10f  1
 719r 5.4613792e-01 8.20e+01 9.99e+02   1.7 0.00e+00    -  0.00e+00 1.52e-07R  6
iter    objective    inf_pr   inf_du lg(mu)  ||d||  lg(rg) alpha_du alpha_pr  ls
 720r 5.4613857e-01 8.20e+01 1.14e+04   1.7 5.25e+04    -  5.84e-05 3.76e-10f  1
 721r 5.4613857e-01 8.20e+01 9.99e+02   1.7 0.00e+00    -  0.00e+00 1.15e-07R  7
 722r 5.4613921e-01 8.20e+01 1.07e+04   1.7 5.25e+04    -  5.84e-05 3.76e-10f  1
 723r 5.4613921e-01 8.20e+01 9.99e+02   1.7 0.00e+00    -  0.00e+00 1.55e-07R  7
 724r 5.4613986e-01 8.20e+01 1.01e+04   1.7 5.25e+04    -  5.84e-05 3.76e-10f  1
 725  5.4613350e-01 8.20e+01 2.84e+04  -6.0 1.24e+03    -  5.86e-04 1.25e-05h  1
 726  5.4611145e-01 8.20e+01 8.56e+04  -6.0 1.83e+03    -  1.46e-05 4.33e-05h  1
 727  5.4605502e-01 8.20e+01 1.01e+05  -6.0 1.33e+03    -  9.13e-03 1.10e-04h  1
 728  5.4558378e-01 8.19e+01 1.86e+05  -6.0 1.88e+03    -  1.20e-05 9.20e-04h  1
 729  5.4420889e-01 8.17e+01 2.06e+05  -6.0 2.04e+03    -  1.10e-03 2.68e-03h  1
iter    objective    inf_pr   inf_du lg(mu)  ||d||  lg(rg) alpha_du alpha_pr  ls
 730  5.4369873e-01 8.16e+01 2.06e+05  -6.0 4.52e+03    -  3.01e-03 1.00e-03h  1
 731  5.4148505e-01 8.12e+01 2.05e+05  -6.0 4.42e+03    -  4.59e-03 4.38e-03h  1
 732  5.4093864e-01 8.12e+01 2.05e+05  -6.0 4.09e+03    -  8.86e-04 1.11e-03h  1
 733  5.4092129e-01 8.12e+01 2.05e+05  -6.0 4.10e+03    -  6.84e-03 3.83e-05h  1
 734  5.3994698e-01 8.10e+01 2.05e+05  -6.0 3.99e+03    -  1.16e-03 2.13e-03h  1
 735  5.3965659e-01 8.09e+01 2.05e+05  -6.0 3.95e+03    -  1.96e-03 5.46e-04h  1
 736  5.3756583e-01 8.06e+01 2.04e+05  -6.0 3.91e+03    -  8.56e-03 3.93e-03h  1
 737r 5.3756583e-01 8.06e+01 1.00e+03   1.7 0.00e+00    -  0.00e+00 4.75e-07R  2
 738r 5.3756929e-01 8.06e+01 1.00e+03   1.7 6.26e+05    -  2.79e-07 1.92e-09f  1
 739r 5.3756929e-01 8.06e+01 9.99e+02   1.7 0.00e+00    -  0.00e+00 4.42e-08R  2
iter    objective    inf_pr   inf_du lg(mu)  ||d||  lg(rg) alpha_du alpha_pr  ls
 740r 5.3757001e-01 8.06e+01 2.96e+04   1.7 5.16e+04    -  5.43e-05 4.07e-10f  1
 741r 5.3757001e-01 8.06e+01 9.99e+02   1.7 0.00e+00    -  0.00e+00 4.02e-07R  4
 742r 5.3757069e-01 8.06e+01 2.43e+04   1.7 5.16e+04    -  5.43e-05 3.82e-10f  1
 743r 5.3757069e-01 8.06e+01 9.99e+02   1.7 0.00e+00    -  0.00e+00 3.30e-07R  5
 744r 5.3757137e-01 8.06e+01 2.14e+04   1.7 5.16e+04    -  5.43e-05 3.82e-10f  1
 745r 5.3757137e-01 8.06e+01 9.99e+02   1.7 0.00e+00    -  0.00e+00 2.32e-07R  6
 746r 5.3757205e-01 8.06e+01 1.93e+04   1.7 5.16e+04    -  5.43e-05 3.82e-10f  1
 747r 5.3757205e-01 8.06e+01 9.99e+02   1.7 0.00e+00    -  0.00e+00 1.31e-07R  7
 748r 5.3757273e-01 8.06e+01 1.78e+04   1.7 5.16e+04    -  5.43e-05 3.82e-10f  1
 749r 5.3757273e-01 8.06e+01 9.99e+02   1.7 0.00e+00    -  0.00e+00 1.41e-07R  7
iter    objective    inf_pr   inf_du lg(mu)  ||d||  lg(rg) alpha_du alpha_pr  ls
 750r 5.3757341e-01 8.06e+01 1.66e+04   1.7 5.16e+04    -  5.43e-05 3.82e-10f  1
 751r 5.3757341e-01 8.06e+01 9.99e+02   1.7 0.00e+00    -  0.00e+00 1.50e-07R  7
 752r 5.3757408e-01 8.06e+01 1.56e+04   1.7 5.16e+04    -  5.43e-05 3.82e-10f  1
 753r 6.1849368e-01 7.43e+01 1.56e+04   1.7 4.91e+04    -  1.01e-04 8.38e-05f  1
 754  6.1726106e-01 7.41e+01 7.87e+02  -6.0 6.05e+02    -  3.19e-04 2.01e-03h  1
 755  6.1604045e-01 7.40e+01 7.80e+02  -6.0 9.62e+02    -  5.01e-03 2.03e-03h  1
 756  6.1326271e-01 7.36e+01 7.81e+02  -6.0 1.34e+03    -  2.17e-03 4.72e-03h  1
 757  6.1209504e-01 7.35e+01 7.36e+02  -6.0 1.45e+03    -  2.99e-02 1.99e-03h  1
 758  6.0382814e-01 7.25e+01 7.30e+02  -6.0 1.72e+03    -  1.10e-02 1.41e-02h  1
 759  6.0336423e-01 7.24e+01 7.30e+02  -6.0 3.78e+03    -  9.38e-04 7.36e-04h  1
iter    objective    inf_pr   inf_du lg(mu)  ||d||  lg(rg) alpha_du alpha_pr  ls
 760  6.0028845e-01 7.20e+01 7.24e+02  -6.0 3.77e+03    -  6.24e-03 4.90e-03h  1
 761  5.9231584e-01 7.11e+01 7.27e+02  -6.0 3.78e+03    -  3.65e-03 1.28e-02h  1
 762  5.7936179e-01 6.96e+01 7.31e+02  -6.0 3.77e+03    -  6.68e-03 2.11e-02h  1
 763  5.7384523e-01 6.90e+01 7.23e+02  -6.0 3.76e+03    -  1.04e-02 9.29e-03h  1
 764  5.6822043e-01 6.83e+01 7.12e+02  -6.0 3.75e+03    -  1.24e-02 9.79e-03h  1
 765  5.6665093e-01 6.81e+01 7.00e+02  -6.0 3.81e+03    -  1.14e-02 2.81e-03h  1
 766  5.6573100e-01 6.80e+01 6.45e+02  -6.0 3.83e+03    -  4.80e-02 1.66e-03h  1
 767  5.6416675e-01 6.78e+01 6.42e+02  -6.0 3.93e+03    -  3.88e-03 3.18e-03h  1
 768  5.5853262e-01 6.70e+01 6.42e+02  -6.0 3.84e+03    -  4.84e-03 1.14e-02h  1
 769  5.5725033e-01 6.68e+01 2.12e+03  -6.0 4.27e+03    -  1.43e-06 2.33e-03h  1
iter    objective    inf_pr   inf_du lg(mu)  ||d||  lg(rg) alpha_du alpha_pr  ls
 770  5.5318315e-01 6.64e+01 2.12e+03  -6.0 4.38e+03    -  7.69e-03 7.37e-03h  1
 771  5.5002836e-01 6.60e+01 4.30e+03  -6.0 4.41e+03    -  2.57e-02 5.77e-03h  1
 772  5.5001764e-01 6.60e+01 5.46e+03  -6.0 4.87e+03    -  4.34e-03 1.90e-05h  1
 773  5.4893100e-01 6.58e+01 1.05e+04  -6.0 4.89e+03    -  2.09e-02 1.93e-03h  1
 774  5.4892345e-01 6.58e+01 1.05e+04  -6.0 6.77e+03    -  4.45e-06 1.40e-05h  1
 775  5.4867752e-01 6.58e+01 1.18e+04  -6.0 4.99e+03    -  5.48e-03 4.38e-04h  1
 776  5.4554959e-01 6.54e+01 1.77e+04  -6.0 5.01e+03    -  2.90e-02 5.57e-03f  1
 777  5.4490850e-01 6.54e+01 2.15e+04  -6.0 5.03e+03    -  1.73e-02 1.15e-03h  1
 778  5.2998480e-01 6.36e+01 2.33e+04  -6.0 5.02e+03    -  3.65e-02 2.69e-02h  1
 779  5.2718753e-01 6.33e+01 2.41e+04  -6.0 4.37e+03    -  1.04e-02 5.33e-03h  1
iter    objective    inf_pr   inf_du lg(mu)  ||d||  lg(rg) alpha_du alpha_pr  ls
 780  5.2363116e-01 6.28e+01 2.86e+04  -6.0 4.22e+03    -  3.31e-02 6.91e-03h  1
 781  5.2282516e-01 6.28e+01 2.88e+04  -6.0 4.39e+03    -  2.75e-03 1.42e-03h  1
 782  5.1980606e-01 6.24e+01 2.77e+04  -6.0 4.37e+03    -  3.07e-04 5.62e-03h  1
 783  5.1741981e-01 6.21e+01 3.12e+04  -6.0 4.25e+03    -  2.56e-02 4.58e-03h  1
 784  5.1739239e-01 6.21e+01 1.48e+05  -6.0 7.50e+03    -  2.99e-02 4.11e-05h  1
 785  5.1221879e-01 6.16e+01 1.40e+05  -6.0 7.68e+03    -  1.58e-02 7.49e-03h  1
 786r 5.1221879e-01 6.16e+01 1.00e+03   1.6 0.00e+00    -  0.00e+00 2.23e-08R  2
 787r 5.1218419e-01 6.16e+01 1.00e+03   1.6 1.44e+06    -  4.44e-08 1.39e-08f  1
 788r 5.1218419e-01 6.16e+01 9.99e+02   1.6 0.00e+00    -  0.00e+00 9.70e-08R  2
 789r 5.1218523e-01 6.16e+01 3.54e+04   1.6 3.97e+04    -  6.56e-05 9.33e-10f  1
iter    objective    inf_pr   inf_du lg(mu)  ||d||  lg(rg) alpha_du alpha_pr  ls
 790r 5.1218523e-01 6.16e+01 9.99e+02   1.6 0.00e+00    -  0.00e+00 1.17e-07R  6
 791r 5.1218578e-01 6.16e+01 2.38e+04   1.6 3.97e+04    -  6.56e-05 5.00e-10f  1
 792r 5.1218578e-01 6.16e+01 9.99e+02   1.6 0.00e+00    -  0.00e+00 2.56e-07R  5
 793r 5.1218633e-01 6.16e+01 2.13e+04   1.6 3.97e+04    -  6.56e-05 5.00e-10f  1
 794r 5.1218633e-01 6.16e+01 9.99e+02   1.6 0.00e+00    -  0.00e+00 1.38e-07R  6
 795r 5.1218688e-01 6.16e+01 1.95e+04   1.6 3.97e+04    -  6.56e-05 5.00e-10f  1
 796r 5.1218688e-01 6.16e+01 9.99e+02   1.6 0.00e+00    -  0.00e+00 1.47e-07R  6
 797r 5.1218742e-01 6.16e+01 1.80e+04   1.6 3.97e+04    -  6.56e-05 5.00e-10f  1
 798r 5.1218742e-01 6.16e+01 9.99e+02   1.6 0.00e+00    -  0.00e+00 1.56e-07R  6
 799r 5.1218797e-01 6.16e+01 1.69e+04   1.6 3.97e+04    -  6.56e-05 5.00e-10f  1
iter    objective    inf_pr   inf_du lg(mu)  ||d||  lg(rg) alpha_du alpha_pr  ls
 800r 5.9178573e-01 5.59e+01 1.68e+04   1.6 3.73e+04    -  3.45e-07 9.93e-05f  1
 801  5.9069288e-01 5.58e+01 4.37e+01  -6.0 6.17e+02    -  2.73e-03 1.88e-03h  1
 802  5.8820013e-01 5.56e+01 4.36e+01  -6.0 9.09e+02    -  8.20e-03 4.35e-03h  1
 803  5.8467978e-01 5.53e+01 4.35e+01  -6.0 1.22e+03    -  1.01e-02 6.23e-03h  1
 804  5.7802742e-01 5.46e+01 1.12e+02  -6.0 1.33e+03    -  1.76e-02 1.19e-02h  1
 805  5.7785507e-01 5.46e+01 2.23e+03  -6.0 1.57e+03    -  6.21e-02 3.09e-04h  1
 806  5.6386154e-01 5.32e+01 3.69e+03  -6.0 1.61e+03    -  6.98e-02 2.51e-02h  1
 807  5.5787861e-01 5.26e+01 4.51e+03  -6.0 1.70e+03    -  3.90e-02 1.11e-02h  1
 808  5.5597892e-01 5.24e+01 7.08e+03  -6.0 1.76e+03    -  9.80e-02 3.57e-03h  1
 809  5.4575975e-01 5.14e+01 7.93e+03  -6.0 1.77e+03    -  6.58e-02 1.94e-02h  1
iter    objective    inf_pr   inf_du lg(mu)  ||d||  lg(rg) alpha_du alpha_pr  ls
 810  5.4575152e-01 5.14e+01 8.31e+03  -6.0 2.77e+03    -  4.73e-03 1.79e-05h  1
 811  5.4298405e-01 5.11e+01 8.21e+03  -6.0 2.47e+03    -  5.12e-03 5.79e-03f  1
 812  5.4094610e-01 5.09e+01 7.94e+03  -6.0 3.20e+03    -  2.95e-05 4.35e-03h  1
 813  5.3101106e-01 4.98e+01 7.65e+03  -6.0 2.21e+03    -  1.80e-02 2.10e-02h  1
 814  5.2368861e-01 4.91e+01 7.78e+03  -6.0 2.98e+03    -  1.81e-02 1.43e-02h  1
 815  5.1877108e-01 4.86e+01 8.42e+03  -6.0 4.14e+03    -  1.67e-02 9.68e-03h  1
 816  5.1609804e-01 4.84e+01 1.07e+04  -6.0 3.96e+03    -  2.43e-02 5.21e-03h  1
 817  5.1086683e-01 4.79e+01 1.37e+04  -6.0 4.16e+03    -  3.22e-02 1.01e-02h  1
 818r 5.1086683e-01 4.79e+01 1.00e+03   1.5 0.00e+00    -  0.00e+00 1.97e-07R  6
 819r 5.1091595e-01 4.79e+01 3.64e+03   1.5 3.09e+04    -  3.57e-04 6.93e-08f  1
iter    objective    inf_pr   inf_du lg(mu)  ||d||  lg(rg) alpha_du alpha_pr  ls
 820r 5.1091595e-01 4.79e+01 9.99e+02   1.5 0.00e+00    -  0.00e+00 2.31e-07R  5
 821r 5.1091642e-01 4.79e+01 1.41e+04   1.5 3.09e+04    -  9.53e-05 6.43e-10f  1
 822r 5.1091642e-01 4.79e+01 9.99e+02   1.5 0.00e+00    -  0.00e+00 2.58e-07R  5
 823r 5.1091688e-01 4.79e+01 1.30e+04   1.5 3.09e+04    -  9.53e-05 6.43e-10f  1
 824r 5.1091688e-01 4.79e+01 9.99e+02   1.5 0.00e+00    -  0.00e+00 1.42e-07R  6
 825r 5.1091735e-01 4.79e+01 1.21e+04   1.5 3.09e+04    -  9.54e-05 6.43e-10f  1
 826r 5.1091735e-01 4.79e+01 9.99e+02   1.5 0.00e+00    -  0.00e+00 1.54e-07R  6
 827r 5.1091781e-01 4.79e+01 1.13e+04   1.5 3.09e+04    -  9.54e-05 6.43e-10f  1
 828r 5.1091781e-01 4.79e+01 9.99e+02   1.5 0.00e+00    -  0.00e+00 1.66e-07R  6
 829r 5.1091827e-01 4.79e+01 1.07e+04   1.5 3.09e+04    -  9.54e-05 6.43e-10f  1
iter    objective    inf_pr   inf_du lg(mu)  ||d||  lg(rg) alpha_du alpha_pr  ls
 830r 6.0073737e-01 4.19e+01 1.08e+04   1.5 2.82e+04    -  1.79e-04 1.39e-04f  1
 831  5.9915054e-01 4.17e+01 6.94e+02  -6.0 3.87e+02    -  6.60e-02 2.64e-03h  1
 832  5.9503395e-01 4.15e+01 6.47e+02  -6.0 1.17e+03    -  4.40e-02 6.95e-03h  1
 833  5.8526207e-01 4.08e+01 5.79e+02  -6.0 1.30e+03    -  7.03e-02 1.66e-02h  1
 834  5.7689545e-01 4.02e+01 1.70e+03  -6.0 1.67e+03    -  1.07e-01 1.44e-02h  1
 835  5.6763219e-01 3.95e+01 1.82e+03  -6.0 2.96e+03    -  6.57e-03 1.59e-02h  1
 836  5.5934517e-01 3.90e+01 1.84e+03  -6.0 3.16e+03    -  1.20e-02 1.44e-02h  1
 837  5.5618402e-01 3.88e+01 1.65e+03  -6.0 3.14e+03    -  1.52e-02 5.57e-03h  1
 838r 5.5618402e-01 3.88e+01 1.00e+03   1.4 0.00e+00    -  0.00e+00 1.09e-08R  2
 839r 5.5621108e-01 3.87e+01 2.02e+05   1.4 2.51e+04    -  3.03e-06 7.52e-08f  1
iter    objective    inf_pr   inf_du lg(mu)  ||d||  lg(rg) alpha_du alpha_pr  ls
 840  5.5617582e-01 3.87e+01 2.31e+06  -6.0 1.88e+03    -  2.82e-02 6.33e-05h  1
 841  5.5243491e-01 3.85e+01 2.38e+08  -6.0 3.00e+03    -  6.45e-05 6.64e-03h  1
 842  5.5133110e-01 3.84e+01 2.38e+08  -6.0 3.07e+03    -  4.84e-03 1.97e-03h  1
 843  5.4821945e-01 3.82e+01 2.36e+08  -6.0 2.94e+03    -  1.58e-02 5.53e-03h  1
 844r 5.4821945e-01 3.82e+01 9.99e+02   1.4 0.00e+00    -  0.00e+00 2.33e-07R  5
 845r 5.4821922e-01 3.82e+01 9.99e+02   1.4 4.34e+06    -  1.28e-09 6.02e-09f  2
 846  5.4821251e-01 3.82e+01 3.03e+02  -6.0 2.51e+03    -  3.58e-03 1.18e-05h  1
 847  5.4700327e-01 3.81e+01 1.13e+03  -6.0 3.15e+03    -  1.02e-02 2.11e-03h  1
 848  5.4673414e-01 3.81e+01 2.49e+03  -6.0 3.97e+03    -  4.45e-03 4.79e-04h  1
 849  5.4328554e-01 3.79e+01 2.83e+03  -6.0 3.88e+03    -  7.17e-03 6.15e-03h  1
iter    objective    inf_pr   inf_du lg(mu)  ||d||  lg(rg) alpha_du alpha_pr  ls
 850  5.4254417e-01 3.78e+01 6.90e+03  -6.0 4.07e+03    -  1.31e-02 1.34e-03h  1
 851  5.4240684e-01 3.78e+01 6.91e+03  -6.0 5.15e+03    -  2.92e-04 2.46e-04h  1
 852  5.4214573e-01 3.78e+01 8.21e+03  -6.0 5.29e+03    -  3.89e-03 4.67e-04h  1
 853  5.3434285e-01 3.73e+01 3.79e+03  -6.0 5.36e+03    -  2.57e-03 1.40e-02h  1
 854r 5.3434285e-01 3.73e+01 1.00e+03   1.4 0.00e+00    -  0.00e+00 2.97e-07R  3
 855r 5.3434842e-01 3.73e+01 1.23e+03   1.4 2.41e+04    -  1.19e-04 1.06e-08f  1
 856r 5.3434842e-01 3.73e+01 9.99e+02   1.4 0.00e+00    -  0.00e+00 3.23e-07R  4
 857r 5.3434888e-01 3.73e+01 5.29e+04   1.4 2.41e+04    -  1.55e-04 8.42e-10f  1
 858r 5.3434888e-01 3.73e+01 9.99e+02   1.4 0.00e+00    -  0.00e+00 3.64e-07R  4
 859r 5.3434934e-01 3.73e+01 4.10e+04   1.4 2.41e+04    -  1.52e-04 8.42e-10f  1
iter    objective    inf_pr   inf_du lg(mu)  ||d||  lg(rg) alpha_du alpha_pr  ls
 860r 5.3434934e-01 3.73e+01 9.99e+02   1.4 0.00e+00    -  0.00e+00 2.03e-07R  5
 861r 5.3434980e-01 3.73e+01 3.48e+04   1.4 2.41e+04    -  1.50e-04 8.42e-10f  1
 862r 5.3434980e-01 3.73e+01 9.99e+02   1.4 0.00e+00    -  0.00e+00 2.23e-07R  5
 863r 5.3435025e-01 3.73e+01 3.08e+04   1.4 2.41e+04    -  1.49e-04 8.42e-10f  1
 864r 6.5348356e-01 2.96e+01 3.06e+04   1.4 2.10e+04    -  4.70e-06 2.36e-04f  1
 865  6.5180223e-01 2.96e+01 8.03e+01  -6.0 3.74e+02    -  3.62e-04 2.58e-03h  1
 866  6.5074653e-01 2.95e+01 8.01e+01  -6.0 5.05e+02    -  3.62e-03 1.62e-03h  1
 867  6.4746205e-01 2.94e+01 7.98e+01  -6.0 7.10e+02    -  1.83e-03 5.08e-03h  1
 868  6.4474686e-01 2.92e+01 7.93e+01  -6.0 8.80e+02    -  1.12e-02 4.23e-03h  1
 869  6.4111163e-01 2.91e+01 7.85e+01  -6.0 9.77e+02    -  2.39e-02 5.70e-03h  1
iter    objective    inf_pr   inf_du lg(mu)  ||d||  lg(rg) alpha_du alpha_pr  ls
 870  6.3259534e-01 2.87e+01 1.48e+03  -6.0 1.17e+03    -  7.15e-02 1.34e-02h  1
 871  6.2467701e-01 2.83e+01 4.09e+03  -6.0 1.34e+03    -  9.97e-02 1.26e-02h  1
 872  6.2195255e-01 2.82e+01 4.75e+03  -6.0 1.44e+03    -  3.33e-02 4.40e-03h  1
 873  6.0245392e-01 2.73e+01 4.19e+03  -6.0 1.47e+03    -  1.13e-02 3.16e-02h  1
 874  5.9903265e-01 2.71e+01 5.01e+03  -6.0 1.46e+03    -  5.28e-02 5.71e-03h  1
 875  5.8766417e-01 2.66e+01 4.81e+03  -6.0 1.49e+03    -  1.09e-02 1.90e-02h  1
 876  5.8038790e-01 2.63e+01 4.67e+03  -6.0 1.71e+03    -  3.57e-03 1.22e-02h  1
 877  5.7471204e-01 2.61e+01 4.73e+03  -6.0 2.72e+03    -  6.18e-03 9.55e-03h  1
 878  5.6471942e-01 2.56e+01 4.50e+03  -6.0 2.79e+03    -  2.17e-02 1.70e-02h  1
 879  5.6367613e-01 2.56e+01 4.07e+03  -6.0 2.83e+03    -  2.16e-02 1.80e-03h  1
iter    objective    inf_pr   inf_du lg(mu)  ||d||  lg(rg) alpha_du alpha_pr  ls
 880  5.6152029e-01 2.55e+01 4.09e+03  -6.0 2.63e+03    -  5.58e-04 3.77e-03h  1
 881  5.6087656e-01 2.54e+01 3.70e+03  -6.0 3.09e+03    -  1.31e-02 1.12e-03h  1
 882  5.5993158e-01 2.54e+01 3.58e+03  -6.0 4.16e+03    -  2.52e-03 1.62e-03h  1
 883  5.5585549e-01 2.52e+01 3.90e+03  -6.0 4.61e+03    -  1.99e-02 6.90e-03h  1
 884  5.4899508e-01 2.49e+01 5.00e+03  -6.0 4.62e+03    -  1.66e-02 1.16e-02h  1
 885  5.4453215e-01 2.47e+01 3.41e+03  -6.0 4.64e+03    -  1.23e-07 7.78e-03h  1
 886r 5.4453215e-01 2.47e+01 1.00e+03   1.2 0.00e+00    -  0.00e+00 3.29e-07R  2
 887r 5.4454987e-01 2.47e+01 4.80e+03   1.2 1.60e+04    -  9.13e-04 5.11e-08f  2
 888r 5.4454987e-01 2.47e+01 9.99e+02   1.2 0.00e+00    -  0.00e+00 4.71e-07R  4
 889r 5.4455036e-01 2.47e+01 1.15e+04   1.2 1.60e+04    -  1.46e-04 1.36e-09f  2
iter    objective    inf_pr   inf_du lg(mu)  ||d||  lg(rg) alpha_du alpha_pr  ls
 890r 5.4455036e-01 2.47e+01 9.99e+02   1.2 0.00e+00    -  0.00e+00 2.60e-07R  5
 891r 5.4455078e-01 2.47e+01 1.04e+04   1.2 1.60e+04    -  1.46e-04 1.20e-09f  2
 892  2.9405291e-02 2.47e+01 7.83e+01  -6.0 6.63e+03    -  6.20e-03 3.93e-05f  1
 893 -1.2619800e-02 2.46e+01 7.72e+01  -6.0 6.21e+03    -  1.40e-02 6.01e-03h  1
 894 -1.5823588e-02 2.43e+01 7.65e+01  -6.0 6.85e+03    -  9.09e-03 1.15e-02h  1
 895 -1.8869765e-02 2.41e+01 7.53e+01  -6.0 2.11e+04    -  1.61e-02 1.05e-02h  1
 896 -2.4256241e-02 2.37e+01 7.32e+01  -6.0 2.29e+04    -  2.75e-02 1.74e-02h  1
 897 -2.5406502e-02 2.37e+01 7.05e+01  -6.0 2.17e+04    -  3.77e-02 3.49e-03h  1
 898 -2.5800815e-02 2.39e+01 7.01e+01  -6.0 2.79e+04    -  6.21e-03 6.21e-03h  1
 899 -2.5749015e-02 2.40e+01 6.99e+01  -6.0 1.18e+05    -  2.61e-03 1.66e-04h  4
iter    objective    inf_pr   inf_du lg(mu)  ||d||  lg(rg) alpha_du alpha_pr  ls
 900 -2.5690661e-02 2.39e+01 6.98e+01  -6.0 1.23e+05    -  1.15e-03 1.05e-04h  5
 901 -2.5783666e-02 2.39e+01 6.92e+01  -6.0 2.15e+04    -  9.57e-03 1.03e-03h  1
 902 -2.5725198e-02 2.39e+01 6.91e+01  -6.0 1.39e+05    -  1.26e-03 8.77e-05h  5
 903 -2.5681545e-02 2.39e+01 6.91e+01  -6.0 1.38e+05    -  1.95e-04 4.48e-05h  6
 904 -2.5577694e-02 2.39e+01 6.91e+01  -6.0 1.05e+05    -  1.24e-04 7.35e-05h  5
 905 -2.5526799e-02 2.39e+01 6.91e+01  -6.0 1.06e+05    -  8.52e-05 3.34e-05h  6
 906 -2.5501332e-02 2.39e+01 6.90e+01  -6.0 1.03e+05    -  4.92e-04 1.60e-05h  7
 907r-2.5501332e-02 2.39e+01 9.99e+02   1.2 0.00e+00    -  0.00e+00 4.78e-07R 12
 908r-2.4685064e-02 2.39e+01 1.14e+05   1.2 1.16e+06    -  2.92e-06 2.83e-07f  1
 909r-1.1131510e-02 2.38e+01 1.14e+05   1.2 1.69e+04    -  1.08e-06 4.68e-06f  1
iter    objective    inf_pr   inf_du lg(mu)  ||d||  lg(rg) alpha_du alpha_pr  ls
 910r 7.1871144e-03 2.37e+01 1.14e+05   1.2 1.63e+04    -  1.91e-04 6.46e-06f  1
 911r 4.1147450e-01 1.86e+01 1.14e+05   1.2 1.28e+04    -  6.64e-05 2.53e-04f  1
 912r 4.1184379e-01 1.86e+01 1.12e+05   1.2 3.04e+00   4.0 1.67e-02 3.19e-04f  1
 913r 4.4442077e-01 1.06e+01 1.10e+05   1.2 9.59e+03    -  1.35e-02 1.26e-03f  1
 914  4.3700925e-01 1.06e+01 6.88e+01  -6.0 1.88e+04    -  3.81e-03 1.53e-03h  1
 915  4.0955008e-01 1.06e+01 6.79e+01  -6.0 8.40e+03    -  1.27e-02 6.74e-03f  1
 916  3.9184768e-01 1.05e+01 6.54e+01  -6.0 2.43e+04    -  3.33e-02 5.19e-03h  1
 917  3.5681639e-01 1.07e+01 6.74e+01  -6.0 3.18e+04    -  1.91e-02 1.35e-02h  1
 918  3.5239678e-01 1.07e+01 8.82e+01  -6.0 3.78e+04    -  3.76e-02 2.09e-03h  1
 919  3.1942400e-01 1.31e+01 9.10e+01  -6.0 4.44e+04    -  2.47e-02 1.90e-02h  1
iter    objective    inf_pr   inf_du lg(mu)  ||d||  lg(rg) alpha_du alpha_pr  ls
 920  3.0985960e-01 1.30e+01 9.37e+01  -6.0 6.64e+04    -  1.13e-02 6.13e-03h  1
 921  3.0402769e-01 1.30e+01 9.23e+01  -6.0 3.54e+04    -  3.11e-03 4.18e-03h  1
 922  3.0203957e-01 1.30e+01 8.92e+01  -6.0 1.82e+03  -6.2 1.78e-04 1.57e-03h  1
 923  2.9870662e-01 1.29e+01 1.01e+02  -6.0 1.94e+03  -6.7 8.80e-03 2.71e-03h  1
 924  2.9870233e-01 1.29e+01 1.02e+02  -6.0 4.11e+03  -7.2 3.17e-04 4.09e-06h  2
 925  2.9866137e-01 1.29e+01 1.05e+02  -6.0 7.86e+03  -7.7 1.07e-03 4.06e-05h  1
 926  2.9681796e-01 1.29e+01 1.01e+02  -6.0 1.17e+04  -8.1 1.70e-04 1.78e-03f  1
 927  2.9486160e-01 1.29e+01 1.08e+02  -6.0 1.43e+04  -8.6 4.76e-03 1.87e-03h  1
 928  2.8915773e-01 1.28e+01 1.30e+02  -6.0 1.47e+04  -9.1 1.41e-02 5.80e-03h  1
 929  2.8916037e-01 1.28e+01 1.38e+02  -6.0 6.13e+03  -8.7 4.05e-03 3.51e-04h  4
iter    objective    inf_pr   inf_du lg(mu)  ||d||  lg(rg) alpha_du alpha_pr  ls
 930  2.8786564e-01 1.28e+01 1.46e+02  -6.0 3.01e+04  -9.1 7.30e-03 4.26e-03h  1
 931  2.8751278e-01 1.27e+01 1.57e+02  -6.0 1.98e+04  -8.7 2.68e-03 3.53e-04h  1
 932  2.8551680e-01 1.27e+01 1.46e+02  -6.0 1.02e+04  -8.3 3.17e-04 2.01e-03h  1
 933  2.8491158e-01 1.27e+01 1.68e+02  -6.0 2.38e+04  -8.8 5.24e-03 6.20e-04h  1
 934  2.8222121e-01 1.27e+01 1.70e+02  -6.0 1.47e+04  -8.3 3.26e-03 2.90e-03h  1
 935  2.8077091e-01 1.27e+01 2.70e+02  -6.0 3.31e+04  -8.8 1.34e-02 1.62e-03h  1
 936  2.7736570e-01 1.26e+01 2.27e+02  -6.0 1.58e+04  -8.4 1.31e-03 4.11e-03h  1
 937  2.7530727e-01 1.26e+01 2.52e+02  -6.0 7.20e+04  -8.9 5.07e-03 2.68e-03h  2
 938  2.7168671e-01 1.25e+01 2.65e+02  -6.0 3.93e+04  -8.4 5.78e-03 4.92e-03h  1
 939  2.6997377e-01 1.25e+01 8.52e+02  -6.0 2.61e+04  -8.0 2.33e-02 2.41e-03h  2
iter    objective    inf_pr   inf_du lg(mu)  ||d||  lg(rg) alpha_du alpha_pr  ls
 940  2.6949282e-01 1.25e+01 1.03e+03  -6.0 7.04e+04  -8.5 8.67e-03 8.32e-04h  2
 941  2.6897957e-01 1.25e+01 1.53e+03  -6.0 4.64e+04  -8.1 1.19e-02 9.58e-04h  1
 942  2.6864347e-01 1.25e+01 1.83e+03  -6.0 1.23e+05  -8.5 1.14e-02 4.71e-04h  5
 943  2.6796013e-01 1.24e+01 2.46e+03  -6.0 5.89e+04  -8.1 1.22e-02 1.28e-03h  3
 944  2.6659273e-01 1.24e+01 2.46e+03  -6.0 5.67e+04  -8.6 2.23e-03 1.75e-03h  4
 945  2.6481765e-01 1.24e+01 2.45e+03  -6.0 1.27e+04  -8.2 2.75e-03 2.11e-03h  3
 946  2.6394711e-01 1.24e+01 2.42e+03  -6.0 1.09e+05  -8.6 8.93e-03 8.32e-04h  4
 947  2.5886239e-01 1.23e+01 2.41e+03  -6.0 1.36e+04  -8.2 4.31e-03 5.99e-03h  1
 948  2.5863476e-01 1.23e+01 2.44e+03  -6.0 4.69e+05  -8.7 3.88e-03 1.39e-04h  1
 949  2.5690897e-01 1.23e+01 3.31e+03  -6.0 1.38e+05  -8.3 9.89e-03 1.78e-03h  1
iter    objective    inf_pr   inf_du lg(mu)  ||d||  lg(rg) alpha_du alpha_pr  ls
 950  2.5412183e-01 2.37e+01 3.24e+03  -6.0 4.33e+05  -8.7 7.27e-04 2.26e-03h  1
 951  2.5338383e-01 2.38e+01 3.41e+03  -6.0 1.63e+05  -8.3 1.75e-03 6.28e-04h  1
 952  2.4686890e-01 2.51e+01 3.02e+03  -6.0 9.47e+04  -7.9 4.79e-03 6.47e-03h  1
 953  2.4195949e-01 2.56e+01 2.60e+03  -6.0 1.10e+05  -7.5 2.28e-03 3.74e-03h  1
 954r 2.4195949e-01 2.56e+01 1.00e+03   1.2 0.00e+00  -7.0 0.00e+00 2.45e-08R  2
 955r 2.4267368e-01 2.56e+01 1.00e+03   1.2 2.04e+07    -  4.31e-08 7.22e-08f  1
 956r 2.4293183e-01 2.56e+01 1.01e+03   1.2 1.77e+04    -  1.93e-05 1.99e-07f  1
 957r 2.6003546e-01 2.52e+01 1.00e+03   1.2 3.51e+05    -  1.29e-06 1.76e-05f  1
 958r 2.9846825e-01 2.42e+01 6.20e+03   1.2 1.70e+04    -  1.10e-03 3.88e-05f  1
 959r 4.3237758e-01 2.18e+01 6.07e+03   1.2 7.90e+03    -  1.77e-04 2.11e-04f  1
iter    objective    inf_pr   inf_du lg(mu)  ||d||  lg(rg) alpha_du alpha_pr  ls
 960r 1.1706535e+00 1.31e+01 5.43e+03   1.2 6.57e+03    -  1.06e-03 1.25e-03f  1
 961r 1.9979085e+00 1.56e+01 9.91e+03   1.2 3.95e+03    -  3.91e-03 1.91e-03f  1
 962r 2.4086632e+00 1.70e+01 1.03e+04   0.5 2.67e+03    -  9.01e-03 7.17e-03f  1
 963  2.3866318e+00 1.67e+01 4.12e+00  -6.0 1.12e+02    -  4.67e-02 9.13e-03h  1
 964  2.3860589e+00 1.67e+01 3.77e+02  -6.0 2.65e+02    -  1.34e-02 2.40e-04h  1
 965  2.3834215e+00 1.67e+01 1.18e+03  -6.0 2.80e+02    -  2.83e-02 1.11e-03h  1
 966  2.3670360e+00 1.66e+01 1.60e+03  -6.0 4.54e+02    -  2.00e-02 6.89e-03h  1
 967  2.3259723e+00 1.67e+01 2.31e+03  -6.0 6.45e+02    -  3.65e-02 1.74e-02h  1
 968  2.3174808e+00 1.68e+01 3.05e+03  -6.0 7.79e+02    -  2.05e-02 3.68e-03h  1
 969  2.2590802e+00 1.73e+01 3.34e+03  -6.0 8.08e+02    -  3.32e-02 2.54e-02h  1
iter    objective    inf_pr   inf_du lg(mu)  ||d||  lg(rg) alpha_du alpha_pr  ls
 970  2.2260803e+00 1.73e+01 3.96e+03  -6.0 7.75e+02    -  3.57e-02 1.47e-02h  1
 971  2.2095707e+00 1.73e+01 4.53e+03  -6.0 8.36e+02    -  3.11e-02 7.44e-03h  1
 972  2.1257974e+00 1.69e+01 5.48e+03  -6.0 9.19e+02    -  8.33e-02 3.80e-02h  1
 973  2.0961379e+00 1.67e+01 5.49e+03  -6.0 6.26e+02    -  2.80e-02 1.39e-02h  1
 974  2.0677486e+00 1.65e+01 5.49e+03  -6.0 7.59e+02    -  3.82e-02 1.36e-02h  1
 975  2.0658479e+00 1.65e+01 9.54e+03  -6.0 6.98e+02    -  3.31e-02 9.19e-04h  1
 976  2.0642281e+00 1.65e+01 9.25e+03  -6.0 5.13e+02    -  5.93e-08 7.84e-04h  1
 977  2.0358873e+00 1.63e+01 1.61e+04  -6.0 6.73e+02    -  3.11e-02 1.38e-02h  1
 978  2.0198030e+00 1.62e+01 3.93e+04  -6.0 7.72e+02    -  5.48e-02 7.91e-03h  1
 979  1.9757189e+00 1.59e+01 9.89e+04  -6.0 6.51e+02    -  1.13e-01 2.19e-02h  1
iter    objective    inf_pr   inf_du lg(mu)  ||d||  lg(rg) alpha_du alpha_pr  ls
 980  1.9545464e+00 1.58e+01 8.24e+04  -6.0 1.36e+03    -  9.60e-04 1.07e-02h  1
 981  1.9249488e+00 1.57e+01 8.60e+04  -6.0 1.77e+03    -  1.81e-02 1.51e-02h  1
 982  1.8609090e+00 1.54e+01 1.44e+04  -6.0 1.86e+03    -  1.73e-03 3.31e-02h  1
 983  1.8576668e+00 1.56e+01 1.38e+05  -6.0 1.58e+04    -  8.90e-03 1.78e-03h  1
 984r 1.8576668e+00 1.56e+01 1.00e+03  -0.1 0.00e+00    -  0.00e+00 3.44e-09R  2
 985r 1.8577650e+00 1.56e+01 1.00e+03  -0.1 2.95e+07    -  9.04e-06 6.09e-06f  1
 986r 1.8581156e+00 1.55e+01 1.99e+03  -0.1 8.45e+03    -  1.29e-02 2.01e-05f  1
 987r 2.0465944e+00 1.26e+01 4.45e+03  -0.1 1.95e+03    -  3.62e-02 1.08e-02f  1
 988  2.0462360e+00 1.26e+01 1.35e+02  -6.0 3.63e+02    -  2.39e-02 1.76e-04h  1
 989  2.0459480e+00 1.27e+01 2.86e+02  -6.0 2.01e+03    -  8.61e-04 1.42e-04h  1
iter    objective    inf_pr   inf_du lg(mu)  ||d||  lg(rg) alpha_du alpha_pr  ls
 990  2.0439903e+00 1.31e+01 1.72e+02  -6.0 1.82e+03    -  2.40e-04 9.59e-04h  1
 991  2.0417465e+00 1.36e+01 7.91e+02  -6.0 1.99e+03    -  5.20e-03 1.10e-03h  1
 992  2.0408594e+00 1.37e+01 1.14e+03  -6.0 2.17e+03    -  2.77e-03 4.35e-04h  1
 993r 2.0408594e+00 1.37e+01 9.99e+02  -0.2 0.00e+00    -  0.00e+00 4.45e-08R  5
 994r 2.0408710e+00 1.37e+01 1.87e+03  -0.2 6.96e+02    -  1.50e-02 7.43e-07f  1
 995  2.0408641e+00 1.37e+01 1.02e+05  -6.0 1.79e+03    -  2.40e-03 3.42e-06h  2
 996  2.0408368e+00 1.37e+01 3.32e+05  -6.0 8.05e+03    -  4.26e-06 1.39e-05h  1
 997  2.0407153e+00 1.38e+01 3.32e+05  -6.0 1.14e+04    -  1.90e-04 6.27e-05h  1
 998  2.0406226e+00 1.38e+01 3.32e+05  -6.0 1.18e+04    -  8.94e-05 4.80e-05h  1
 999  2.0399029e+00 1.44e+01 3.32e+05  -6.0 1.32e+04    -  1.09e-03 3.68e-04h  1
iter    objective    inf_pr   inf_du lg(mu)  ||d||  lg(rg) alpha_du alpha_pr  ls
1000  2.0383858e+00 1.50e+01 3.32e+05  -6.0 1.22e+04    -  7.32e-08 7.80e-04f  1

Number of Iterations....: 1000

                                   (scaled)                 (unscaled)
Objective...............:   2.0383858198475400e+00    2.0383858198475400e+00
Dual infeasibility......:   3.3210004357910756e+05    3.3210004357910756e+05
Constraint violation....:   6.9637536519249543e-01    1.5035071805249752e+01
Complementarity.........:   9.9657406234369100e+03    9.9657406234369100e+03
Overall NLP error.......:   8.1187687365923921e+04    3.3210004357910756e+05


Number of objective function evaluations             = 3476
Number of objective gradient evaluations             = 924
Number of equality constraint evaluations            = 3477
Number of inequality constraint evaluations          = 3477
Number of equality constraint Jacobian evaluations   = 1085
Number of inequality constraint Jacobian evaluations = 1085
Number of Lagrangian Hessian evaluations             = 1000
Total CPU secs in IPOPT (w/o function evaluations)   =   1847.025
Total CPU secs in NLP function evaluations           =     46.909

EXIT: Maximum Number of Iterations Exceeded.
