
List of user-set options:

                                    Name   Value                used
                           compl_inf_tol = 1                     yes
                         constr_viol_tol = 1                     yes
                            dual_inf_tol = 1000                  yes
                           linear_solver = ma97                  yes
                              ma86_small = 1e-30                  no
                                  ma86_u = 0.0001                 no
                              ma97_order = best                  yes
                              ma97_small = 1e-30                 yes
                            ma97_switch1 = at_start              yes
                            ma97_switch2 = od_hd_reuse           yes
                                  ma97_u = 1e-06                 yes
                               ma97_umax = 0.5                   yes
                                max_iter = 1000                  yes
                    max_refinement_steps = 20                    yes
                    min_refinement_steps = 5                     yes
                                 mu_init = 1e-06                 yes
           mu_superlinear_decrease_power = 1.25                  yes
                   nlp_scaling_min_value = 1e-08                 yes
                        option_file_name = Preset_Case:_27_pf.opt  yes
                             output_file = ./tmp/Preset_Case:_27_pf.output  yes
                      print_user_options = yes                   yes
        required_infeasibility_reduction = 1                      no
                                     tol = 1e-08                 yes
                   warm_start_bound_frac = 1e-20                 yes
                   warm_start_bound_push = 1e-20                 yes
                   warm_start_init_point = yes                   yes
              warm_start_mult_bound_push = 1e-20                 yes
                warm_start_mult_init_max = 1e+40                 yes
             warm_start_slack_bound_frac = 1e-20                 yes
             warm_start_slack_bound_push = 1e-20                 yes

******************************************************************************
This program contains Ipopt, a library for large-scale nonlinear optimization.
 Ipopt is released as open source code under the Eclipse Public License (EPL).
         For more information visit http://projects.coin-or.org/Ipopt
******************************************************************************

This is Ipopt version 3.12.10, running with linear solver ma97.

Number of nonzeros in equality constraint Jacobian...:   117285
Number of nonzeros in inequality constraint Jacobian.:      213
Number of nonzeros in Lagrangian Hessian.............:    47506

Total number of variables............................:    30050
                     variables with only lower bounds:    11392
                variables with lower and upper bounds:    15128
                     variables with only upper bounds:        0
Total number of equality constraints.................:    29944
Total number of inequality constraints...............:       25
        inequality constraints with only lower bounds:        4
   inequality constraints with lower and upper bounds:        0
        inequality constraints with only upper bounds:       21

iter    objective    inf_pr   inf_du lg(mu)  ||d||  lg(rg) alpha_du alpha_pr  ls
   0 -9.0382365e+00 5.16e-01 1.01e+02  -6.0 0.00e+00    -  0.00e+00 0.00e+00   0
   1 -9.0382365e+00 5.16e-01 1.53e+02  -6.0 1.39e+10    -  1.53e-14 7.81e-17h  1
   2 -9.0375958e+00 5.15e-01 1.64e+02  -6.0 1.24e+03    -  3.58e-07 5.65e-04h  6
   3 -9.0375979e+00 5.15e-01 1.60e+02  -6.0 4.28e+00    -  4.71e-02 1.50e-05h  1
   4 -9.0416814e+00 5.14e-01 1.61e+02  -6.0 2.12e+02    -  7.99e-03 2.79e-03f  1
   5 -9.0472321e+00 5.09e-01 1.58e+02  -6.0 1.97e+02    -  5.19e-03 1.02e-02h  1
   6 -9.0541654e+00 5.06e-01 1.60e+02  -6.0 1.98e+02    -  1.74e-02 5.75e-03h  1
   7 -9.1308527e+00 4.73e-01 1.41e+02  -6.0 1.96e+02    -  1.41e-02 6.48e-02h  1
   8 -9.1308560e+00 4.73e-01 8.30e+04  -6.0 1.83e+02    -  9.37e-02 3.10e-06h  2
   9 -9.2224622e+00 4.34e-01 9.47e+04  -6.0 1.84e+02    -  1.06e-01 8.26e-02h  1
iter    objective    inf_pr   inf_du lg(mu)  ||d||  lg(rg) alpha_du alpha_pr  ls
  10r-9.2224622e+00 4.34e-01 1.00e+03  -0.4 0.00e+00    -  0.00e+00 2.14e-07R  2
  11r-9.2207938e+00 4.34e-01 4.25e+03  -0.4 1.88e+03    -  3.56e-06 1.43e-06f  1
  12 -9.2208783e+00 4.34e-01 5.87e+06  -6.0 1.73e+02    -  5.94e-02 1.04e-04h  1
  13 -9.2506474e+00 4.19e-01 1.93e+09  -6.0 1.74e+02    -  1.05e-04 3.43e-02h  1
  14r-9.2506474e+00 4.19e-01 1.00e+03  -0.4 0.00e+00    -  0.00e+00 1.87e-07R  2
  15r-9.2509310e+00 4.19e-01 2.63e+03  -0.4 5.24e+03    -  3.22e-06 6.35e-07f  1
  16 -9.2509817e+00 4.19e-01 3.94e+06  -6.0 1.66e+02    -  6.30e-02 6.82e-05h  1
  17 -9.2539884e+00 4.17e-01 2.10e+08  -6.0 1.64e+02    -  6.98e-05 3.72e-03h  1
  18 -9.2539733e+00 4.17e-01 2.10e+08  -6.0 2.90e+02    -  1.10e-02 1.78e-04h  1
  19 -9.2537886e+00 4.12e-01 2.07e+08  -6.0 2.91e+02    -  6.12e-03 1.28e-02h  1
iter    objective    inf_pr   inf_du lg(mu)  ||d||  lg(rg) alpha_du alpha_pr  ls
  20 -9.2519907e+00 3.97e-01 2.00e+08  -6.0 2.90e+02    -  5.98e-02 3.50e-02h  1
  21 -9.2522869e+00 3.85e-01 1.94e+08  -6.0 2.84e+02    -  7.10e-02 2.97e-02h  1
  22 -9.2405625e+00 3.67e-01 1.85e+08  -6.0 3.22e+02    -  1.73e-02 4.87e-02h  2
  23 -9.2286234e+00 3.50e-01 1.76e+08  -6.0 2.23e+02    -  2.83e-02 4.62e-02h  2
  24 -9.2084389e+00 3.32e-01 1.67e+08  -6.0 1.84e+02    -  1.04e-01 5.04e-02h  1
  25 -9.1956606e+00 3.28e-01 1.65e+08  -6.0 3.94e+02    -  1.46e-01 1.13e-02h  1
  26 -9.1686737e+00 3.21e-01 1.61e+08  -6.0 3.84e+02    -  6.67e-02 2.31e-02h  3
  27 -9.1117145e+00 3.07e-01 1.55e+08  -6.0 3.49e+02    -  1.86e-01 4.20e-02h  2
  28 -9.0660177e+00 2.98e-01 1.50e+08  -6.0 3.22e+02    -  1.17e-01 3.09e-02h  2
  29 -9.0492136e+00 2.95e-01 1.48e+08  -6.0 2.96e+02    -  2.88e-01 1.05e-02h  3
iter    objective    inf_pr   inf_du lg(mu)  ||d||  lg(rg) alpha_du alpha_pr  ls
  30 -9.0469309e+00 2.94e-01 1.48e+08  -6.0 3.01e+02    -  1.21e-01 1.33e-03h  6
  31 -9.0462594e+00 2.94e-01 1.48e+08  -6.0 3.08e+02    -  2.97e-01 3.82e-04h  8
  32 -9.0460703e+00 2.94e-01 1.48e+08  -6.0 3.38e+02    -  1.25e-01 1.02e-04h 11
  33 -9.0460494e+00 2.94e-01 1.48e+08  -6.0 3.51e+02    -  2.20e-01 1.11e-05h 15
  34 -8.9945817e+00 2.86e-01 1.44e+08  -6.0 3.64e+02    -  1.33e-01 2.63e-02h  4
  35 -8.9463704e+00 2.79e-01 1.41e+08  -6.0 3.39e+02    -  1.75e-01 2.47e-02h  4
  36 -8.5880311e+00 4.36e-01 1.15e+08  -6.0 3.17e+02    -  3.68e-01 1.85e-01w  1
  37 -8.5876268e+00 4.36e-01 1.14e+08  -6.0 3.55e+02    -  9.47e-02 1.32e-03w  1
  38 -8.5717682e+00 4.65e-01 1.09e+08  -6.0 3.70e+02    -  2.60e-01 5.16e-02w  1
  39 -8.9015780e+00 2.73e-01 1.37e+08  -6.0 4.86e+02    -  3.68e-01 2.31e-02h  3
iter    objective    inf_pr   inf_du lg(mu)  ||d||  lg(rg) alpha_du alpha_pr  ls
  40 -8.8603213e+00 2.67e-01 1.34e+08  -6.0 3.16e+02    -  1.61e-01 2.15e-02h  4
  41 -8.7925941e+00 2.56e-01 1.29e+08  -6.0 3.32e+02    -  4.18e-01 4.11e-02h  3
  42 -8.7419849e+00 2.47e-01 1.24e+08  -6.0 3.48e+02    -  6.86e-02 3.58e-02h  3
  43 -8.6803240e+00 2.31e-01 1.16e+08  -6.0 3.11e+02    -  8.62e-02 6.55e-02h  2
  44 -8.6668726e+00 2.23e-01 1.12e+08  -6.0 2.76e+02    -  3.24e-01 3.52e-02h  2
  45 -8.6468301e+00 2.18e-01 1.10e+08  -6.0 7.87e+01  -4.0 1.93e-01 2.04e-02h  1
  46 -8.6226389e+00 2.13e-01 1.07e+08  -6.0 2.09e+02  -4.5 2.35e-01 2.19e-02h  2
  47 -8.6060307e+00 2.08e-01 1.05e+08  -6.0 1.71e+02  -4.1 2.00e-01 2.33e-02h  1
  48 -8.6010732e+00 2.04e-01 1.03e+08  -6.0 3.14e+02  -4.5 7.13e-02 2.04e-02h  4
  49 -8.5975793e+00 2.01e-01 1.01e+08  -6.0 2.33e+02  -4.1 3.17e-02 1.35e-02h  4
iter    objective    inf_pr   inf_du lg(mu)  ||d||  lg(rg) alpha_du alpha_pr  ls
  50 -8.6067049e+00 1.96e-01 9.88e+07  -6.0 3.27e+02  -4.6 7.54e-03 2.45e-02h  5
  51 -8.5914567e+00 1.90e-01 9.57e+07  -6.0 1.96e+02  -4.2 2.74e-02 3.18e-02h  4
  52 -8.6056509e+00 1.89e-01 9.49e+07  -6.0 3.12e+02  -4.6 6.82e-02 8.20e-03h  5
  53 -8.6058388e+00 1.87e-01 9.40e+07  -6.0 1.88e+02  -4.2 1.84e-01 9.36e-03h  6
  54 -8.5965618e+00 1.84e-01 9.26e+07  -6.0 1.19e+02  -3.8 2.54e-01 1.43e-02h  5
  55 -8.6071207e+00 1.83e-01 9.20e+07  -6.0 2.00e+02  -4.3 1.67e-01 6.55e-03h  6
  56 -8.6058800e+00 1.81e-01 9.10e+07  -6.0 1.31e+02  -3.8 2.90e-01 1.10e-02h  6
  57 -8.6253134e+00 1.85e-01 9.10e+07  -6.0 4.10e+03  -4.3 3.32e-03 2.52e-04f  4
  58 -8.7114835e+00 6.17e+00 6.88e+07  -6.0 1.37e+02  -3.9 3.99e-01 2.44e-01w  1
  59 -8.8784890e+00 1.04e+01 3.95e+07  -6.0 4.02e+01  -3.5 5.78e-01 4.25e-01w  1
iter    objective    inf_pr   inf_du lg(mu)  ||d||  lg(rg) alpha_du alpha_pr  ls
  60 -8.8813355e+00 1.04e+01 3.93e+07  -6.0 6.72e+01  -3.9 1.27e-01 5.69e-03w  1
  61 -8.6280062e+00 1.90e-01 9.03e+07  -6.0 2.64e+02  -4.4 3.99e-01 7.64e-03h  5
  62 -8.6349970e+00 1.94e-01 8.98e+07  -6.0 1.49e+02  -4.0 2.63e-01 5.68e-03h  6
  63 -8.6350047e+00 1.97e-01 8.92e+07  -6.0 1.02e+02  -3.6 5.08e-01 6.34e-03h  7
  64 -8.6532874e+00 2.11e-01 8.87e+07  -6.0 1.68e+02  -4.0 1.16e-01 5.79e-03h  5
  65 -8.6579985e+00 2.19e-01 8.79e+07  -6.0 1.12e+02  -3.6 5.60e-01 8.92e-03h  6
  66 -8.6575228e+00 2.21e-01 8.73e+07  -6.0 7.61e+01  -3.2 3.92e-01 6.42e-03h  7
  67 -8.6744465e+00 2.50e-01 8.62e+07  -6.0 1.24e+02  -3.7 5.96e-01 1.33e-02h  5
  68 -8.6771462e+00 2.54e-01 8.55e+07  -6.0 8.31e+01  -3.2 3.17e-01 7.48e-03h  7
  69 -8.6934171e+00 2.72e-01 8.47e+07  -6.0 1.21e+02  -3.7 5.51e-01 9.88e-03h  5
iter    objective    inf_pr   inf_du lg(mu)  ||d||  lg(rg) alpha_du alpha_pr  ls
  70 -8.6986378e+00 2.81e-01 8.38e+07  -6.0 8.67e+01  -3.3 4.35e-01 1.01e-02h  6
  71 -8.9554654e+00 3.93e+00 7.25e+07  -6.0 1.23e+02  -3.8 4.08e-01 1.35e-01w  1
  72 -9.0285545e+00 4.33e+00 6.40e+07  -6.0 5.00e+01  -3.3 7.55e-01 1.17e-01w  1
  73 -9.0917573e+00 2.53e+00 3.61e+07  -6.0 1.23e+02  -3.8 2.89e-01 4.36e-01f  1
  74 -9.1396066e+00 7.56e+00 2.63e+07  -6.0 4.50e+01  -3.4 1.91e-01 2.70e-01h  1
  75 -9.1131400e+00 9.52e+00 2.63e+07  -6.0 2.70e+03  -3.9 2.86e-03 2.86e-03s 14
  76r-9.1131400e+00 9.52e+00 1.00e+03   0.6 0.00e+00  -4.3 0.00e+00 0.00e+00R  1
  77r-9.1000862e+00 9.52e+00 1.00e+03   0.6 2.34e+06    -  2.37e-08 2.18e-08f  1
  78r-9.0956648e+00 9.51e+00 1.04e+03   0.6 1.42e+04    -  1.22e-06 1.07e-06f  1
  79r-9.0806573e+00 9.48e+00 5.51e+03   0.6 7.41e+03    -  2.64e-06 3.26e-06f  1
iter    objective    inf_pr   inf_du lg(mu)  ||d||  lg(rg) alpha_du alpha_pr  ls
  80r-9.0488792e+00 9.39e+00 7.03e+03   0.6 4.86e+03    -  8.97e-06 8.73e-06f  1
  81r-8.9969347e+00 9.14e+00 7.03e+03   0.6 3.66e+03    -  6.11e-05 2.76e-05f  1
  82r-8.9767664e+00 9.07e+00 7.03e+03   0.6 3.20e+03    -  4.79e-05 9.09e-06f  1
  83r-8.7086033e+00 8.16e+00 7.03e+03   0.6 3.05e+03    -  2.18e-04 1.20e-04f  1
  84r-8.6268998e+00 7.98e+00 7.02e+03   0.6 2.36e+03    -  4.69e-04 2.92e-05f  1
  85r-7.1383195e+00 4.55e+00 7.02e+03   0.6 1.74e+03    -  7.48e-04 7.89e-04f  1
  86r-7.1404739e+00 4.55e+00 4.18e+05   0.6 1.36e-01   6.0 5.49e-02 3.14e-03f  1
  87r-7.2661632e+00 1.85e+00 4.14e+05   0.6 7.86e+02    -  1.13e-02 2.55e-03f  1
  88r-8.5132061e+00 2.25e+00 3.98e+05   0.6 7.78e+02    -  3.77e-02 1.44e-02f  1
  89r-1.1778135e+01 4.30e+00 3.65e+05   0.6 7.19e+02    -  8.39e-02 5.75e-02f  1
iter    objective    inf_pr   inf_du lg(mu)  ||d||  lg(rg) alpha_du alpha_pr  ls
  90 -1.1673515e+01 4.02e+00 1.07e+02  -6.0 8.99e+01    -  2.92e-02 8.38e-02h  1
  91 -1.1595854e+01 3.82e+00 1.10e+02  -6.0 7.49e+01    -  5.13e-03 5.93e-02h  1
  92 -1.1518966e+01 3.63e+00 1.15e+02  -6.0 8.47e+01    -  1.73e-01 5.76e-02h  1
  93 -1.1512052e+01 3.60e+00 1.14e+02  -6.0 9.30e+01    -  1.99e-01 6.00e-03h  1
  94 -1.1380461e+01 3.32e+00 1.64e+02  -6.0 8.70e+01    -  1.50e-01 1.01e-01h  1
  95 -1.1359402e+01 3.15e+00 1.67e+02  -6.0 7.22e+01    -  2.00e-01 5.56e-02h  1
  96 -1.1283401e+01 3.04e+00 1.61e+02  -6.0 4.56e+01    -  3.72e-02 3.77e-02h  1
  97 -1.1043813e+01 2.57e+00 3.67e+02  -6.0 3.27e+01    -  3.21e-01 1.76e-01h  1
  98 -1.0771315e+01 2.05e+00 3.97e+02  -6.0 2.57e+01    -  2.30e-01 2.17e-01h  1
  99 -1.0771296e+01 2.05e+00 3.97e+02  -6.0 3.63e+01    -  5.14e-01 1.50e-05h  1
iter    objective    inf_pr   inf_du lg(mu)  ||d||  lg(rg) alpha_du alpha_pr  ls
 100 -1.0362679e+01 1.54e+00 2.18e+02  -6.0 4.63e+01    -  2.54e-03 3.33e-01h  1
 101 -1.0347972e+01 1.51e+00 3.19e+02  -6.0 1.23e+02    -  5.16e-02 2.05e-02h  1
 102 -9.7119218e+00 7.86e-01 1.42e+03  -6.0 9.99e+01    -  6.06e-02 5.59e-01h  1
 103 -9.6860035e+00 7.69e-01 1.40e+03  -6.0 1.60e+02    -  1.16e-01 2.16e-02h  1
 104 -9.6213284e+00 6.34e-01 1.04e+03  -6.0 1.14e+02    -  1.86e-02 2.12e-01h  1
 105 -9.6230981e+00 6.17e-01 1.01e+03  -6.0 7.41e+01    -  9.40e-02 2.66e-02h  1
 106 -9.6628083e+00 5.57e-01 9.02e+02  -6.0 8.09e+01    -  1.07e-01 1.13e-01h  1
 107 -9.8138421e+00 4.75e-01 6.42e+02  -6.0 8.18e+01    -  7.22e-02 3.00e-01h  1
 108 -9.8073025e+00 4.86e-01 5.42e+02  -6.0 6.28e+01    -  1.61e-01 1.48e-01h  1
 109 -9.8157150e+00 4.72e-01 5.24e+02  -6.0 7.20e+01    -  6.41e-04 3.43e-02h  1
iter    objective    inf_pr   inf_du lg(mu)  ||d||  lg(rg) alpha_du alpha_pr  ls
 110 -9.8154450e+00 4.72e-01 5.23e+02  -6.0 9.66e+02    -  7.25e-04 1.58e-04h  1
 111 -9.8948325e+00 4.44e-01 4.23e+02  -6.0 7.52e+01    -  4.80e-04 1.87e-01f  1
 112 -9.9655694e+00 4.48e-01 1.18e+03  -6.0 7.81e+01    -  1.27e-01 2.07e-01h  1
 113 -1.0624948e+01 1.56e+00 9.60e+03  -6.0 6.95e+02  -3.9 6.40e-07 6.10e-02f  1
 114 -1.0601324e+01 1.49e+00 7.21e+03  -6.0 8.75e+01    -  6.13e-05 5.14e-02h  1
 115 -1.1275467e+01 8.56e-01 1.35e+04  -6.0 4.56e+01    -  2.03e-02 4.32e-01h  1
 116 -1.1275470e+01 8.56e-01 1.86e+04  -6.0 3.14e+02    -  1.25e-01 1.42e-06h  2
 117 -1.1292502e+01 8.46e-01 1.79e+04  -6.0 3.65e+02    -  5.33e-04 1.03e-02h  1
 118 -1.1522929e+01 1.28e+00 1.51e+04  -6.0 3.46e+02    -  3.43e-03 1.40e-01f  1
 119 -1.2445360e+01 1.89e+00 1.70e+04  -6.0 6.99e+01    -  2.23e-03 6.85e-01h  1
iter    objective    inf_pr   inf_du lg(mu)  ||d||  lg(rg) alpha_du alpha_pr  ls
 120 -1.2946168e+01 2.19e+00 2.53e+04  -6.0 6.10e+01    -  1.30e-02 4.14e-01h  1
 121 -1.3246141e+01 2.18e+00 2.72e+04  -6.0 5.95e+01    -  1.15e-01 2.85e-01f  1
 122 -1.3666456e+01 2.70e+00 1.61e+04  -6.0 7.40e+01    -  4.31e-01 4.10e-01f  1
Error in an AMPL evaluation. Run with "halt_on_ampl_error yes" to see details.
Warning: Cutting back alpha due to evaluation error
 123 -1.4225613e+01 2.12e+00 1.26e+04  -6.0 1.29e+02    -  2.42e-01 2.12e-01f  2
Error in an AMPL evaluation. Run with "halt_on_ampl_error yes" to see details.
Warning: Cutting back alpha due to evaluation error
 124 -1.4687306e+01 1.80e+00 1.07e+04  -6.0 1.82e+02    -  2.10e-02 1.56e-01h  2
 125 -1.5324997e+01 1.99e+00 8.07e+03  -6.0 1.94e+02    -  2.79e-01 2.45e-01h  1
 126 -1.5472164e+01 1.73e+00 6.89e+03  -6.0 2.55e+02    -  4.36e-01 1.43e-01h  1
 127 -1.5691290e+01 1.40e+00 5.62e+03  -6.0 4.50e+02    -  4.84e-01 1.84e-01h  1
 128 -1.6160216e+01 1.03e+01 4.38e+03  -6.0 9.01e+02    -  1.78e-01 3.51e-01h  1
 129 -1.6336972e+01 2.03e+01 5.31e+03  -6.0 7.32e+03    -  1.06e-05 1.16e-02h  1
iter    objective    inf_pr   inf_du lg(mu)  ||d||  lg(rg) alpha_du alpha_pr  ls
 130 -1.6416185e+01 1.96e+01 5.13e+03  -6.0 1.49e+03    -  6.85e-03 3.32e-02h  1
 131 -1.6467541e+01 1.89e+01 4.92e+03  -6.0 8.41e+02    -  3.61e-02 3.96e-02h  1
 132 -1.6528242e+01 1.80e+01 4.68e+03  -6.0 6.57e+02    -  7.17e-03 5.18e-02h  1
 133 -1.6721014e+01 1.59e+01 3.97e+03  -6.0 6.88e+02    -  2.54e-02 1.53e-01h  1
 134 -1.6822536e+01 1.56e+01 3.90e+03  -6.0 3.27e+03    -  2.18e-04 1.81e-02h  1
 135 -1.6870261e+01 1.53e+01 3.82e+03  -6.0 1.81e+02  -4.4 3.24e-02 2.15e-02h  1
 136 -1.6896980e+01 1.52e+01 3.72e+03  -6.0 1.18e+03    -  4.00e-02 2.44e-02h  1
 137 -1.6909923e+01 1.52e+01 3.70e+03  -6.0 5.23e+02  -4.0 2.81e-02 4.86e-03h  1
 138 -1.6918795e+01 1.50e+01 3.65e+03  -6.0 2.21e+01  -2.6 2.83e-02 1.37e-02h  1
Error in an AMPL evaluation. Run with "halt_on_ampl_error yes" to see details.
Warning: Cutting back alpha due to evaluation error
 139 -1.6922812e+01 1.48e+01 3.61e+03  -6.0 1.77e+01  -2.2 4.34e-03 1.10e-02h  2
Error in an AMPL evaluation. Run with "halt_on_ampl_error yes" to see details.
Warning: Cutting back alpha due to evaluation error
iter    objective    inf_pr   inf_du lg(mu)  ||d||  lg(rg) alpha_du alpha_pr  ls
 140 -1.6924653e+01 1.47e+01 3.59e+03  -6.0 2.16e+01  -2.7 7.87e-03 5.13e-03h  2
 141 -1.6944153e+01 1.36e+01 3.21e+03  -6.0 1.43e+01  -2.3 1.13e-04 1.08e-01h  1
 142 -1.6942280e+01 1.34e+01 3.15e+03  -6.0 1.12e+01  -2.7 6.06e-03 1.69e-02h  1
Error in an AMPL evaluation. Run with "halt_on_ampl_error yes" to see details.
Warning: Cutting back alpha due to evaluation error
 143 -1.6940265e+01 1.32e+01 3.11e+03  -6.0 1.17e+01  -3.2 6.52e-03 1.41e-02h  2
 144 -1.6938912e+01 1.30e+01 3.07e+03  -6.0 7.79e+00  -2.8 1.93e-02 1.19e-02h  1
 145 -1.6932517e+01 1.24e+01 2.92e+03  -6.0 1.33e+01  -3.3 8.24e-02 5.02e-02h  1
Error in an AMPL evaluation. Run with "halt_on_ampl_error yes" to see details.
Warning: Cutting back alpha due to evaluation error
 146 -1.6921779e+01 1.09e+01 2.55e+03  -6.0 2.09e+01  -3.7 1.92e-01 1.25e-01h  2
 147 -1.6900623e+01 8.87e+00 1.98e+03  -6.0 3.18e+01  -4.2 5.32e-01 2.22e-01h  1
 148 -1.6924513e+01 8.52e+00 3.88e+03  -6.0 1.31e+02  -4.7 3.25e-03 4.01e-02h  1
 149 -1.6924555e+01 8.46e+00 3.86e+03  -6.0 3.81e+01  -5.2 2.16e-01 6.20e-03h  1
iter    objective    inf_pr   inf_du lg(mu)  ||d||  lg(rg) alpha_du alpha_pr  ls
 150 -1.7072471e+01 4.94e+00 2.17e+03  -6.0 1.36e+02  -5.7 3.20e-02 4.35e-01h  1
 151 -1.7071260e+01 4.79e+00 2.11e+03  -6.0 2.68e+00  -2.5 1.36e-02 3.02e-02h  1
 152 -1.7061263e+01 3.45e+00 1.52e+03  -6.0 2.84e+00  -3.0 7.35e-02 2.79e-01h  1
 153 -1.7058097e+01 2.88e+00 1.27e+03  -6.0 2.71e+00  -3.5 2.27e-01 1.66e-01h  1
 154 -1.7060368e+01 2.77e+00 1.22e+03  -6.0 4.28e+01  -3.9 4.72e-02 3.58e-02h  1
 155 -1.7060367e+01 2.77e+00 1.22e+03  -6.0 8.40e-01   3.9 2.27e-04 9.65e-05h  1
 156 -1.7060366e+01 2.77e+00 1.22e+03  -6.0 8.17e-01   3.4 3.34e-04 7.55e-05h  1
 157 -1.7060356e+01 2.77e+00 1.77e+03  -6.0 8.14e-01   2.9 1.35e-03 4.15e-04h  1
 158 -1.7060346e+01 2.77e+00 1.89e+03  -6.0 8.49e-01   2.5 7.13e-04 4.06e-04h  1
 159 -1.7060341e+01 2.77e+00 4.03e+03  -6.0 8.84e-01   2.9 1.85e-03 2.02e-04h  1
iter    objective    inf_pr   inf_du lg(mu)  ||d||  lg(rg) alpha_du alpha_pr  ls
 160 -1.7060331e+01 2.77e+00 4.08e+03  -6.0 9.03e-01   2.4 5.16e-04 4.12e-04h  1
 161 -1.7060316e+01 2.77e+00 1.18e+04  -6.0 9.18e-01   2.8 5.40e-03 5.71e-04h  1
 162 -1.7060295e+01 2.77e+00 1.15e+04  -6.0 7.80e-01   2.4 5.47e-04 8.73e-04h  1
 163 -1.7060289e+01 2.76e+00 1.11e+04  -6.0 7.92e-01   2.8 1.27e-04 2.66e-04h  1
 164 -1.7060239e+01 2.76e+00 1.05e+04  -6.0 1.13e+00   2.3 7.56e-04 1.55e-03h  1
 165 -1.7060206e+01 2.76e+00 1.02e+04  -6.0 7.84e-01   2.7 8.25e-04 9.52e-04h  1
 166 -1.7060137e+01 2.75e+00 1.01e+04  -6.0 1.05e+01   2.3 1.67e-04 1.13e-03h  1
 167 -1.7060086e+01 2.75e+00 7.04e+03  -6.0 7.62e-01   2.7 3.56e-08 1.38e-03h  1
 168 -1.7060049e+01 2.75e+00 2.94e+04  -6.0 7.84e-01   3.1 4.70e-03 1.07e-03h  1
 169 -1.7059703e+01 2.72e+00 1.77e+04  -6.0 7.71e-01   2.6 3.74e-03 9.59e-03h  1
iter    objective    inf_pr   inf_du lg(mu)  ||d||  lg(rg) alpha_du alpha_pr  ls
 170 -1.7059414e+01 2.70e+00 3.15e+04  -6.0 7.76e-01   3.1 1.08e-02 8.23e-03h  1
 171 -1.7058290e+01 2.62e+00 1.03e+04  -6.0 7.59e-01   2.6 6.15e-03 3.06e-02h  1
 172 -1.7058318e+01 2.62e+00 1.06e+04  -6.0 1.61e+01   2.1 1.58e-03 3.64e-04h  1
 173 -1.7057678e+01 2.59e+00 2.36e+04  -6.0 7.42e-01   2.5 3.90e-04 9.14e-03h  1
 174 -1.7049529e+01 2.16e+00 7.51e+04  -6.0 1.60e+00   2.1 2.74e-02 1.66e-01h  1
 175 -1.7047007e+01 2.05e+00 4.90e+04  -6.0 7.12e-01   1.6 3.35e-01 5.30e-02h  1
 176 -1.7035621e+01 1.62e+00 8.12e+04  -6.0 5.76e-01   2.0 7.49e-02 2.10e-01h  1
 177 -1.6997609e+01 1.24e-02 2.42e+05  -6.0 4.59e-01   1.5 6.26e-01 9.92e-01h  1
 178 -1.7001117e+01 8.98e-05 1.31e+04  -6.0 3.28e-02   2.0 9.06e-01 1.00e+00f  1
 179 -1.7019797e+01 2.55e-05 1.15e+04  -6.0 2.61e-02   1.5 1.00e+00 7.16e-01h  1
iter    objective    inf_pr   inf_du lg(mu)  ||d||  lg(rg) alpha_du alpha_pr  ls
 180 -1.7014452e+01 9.52e-06 4.35e+03  -6.0 8.53e-03   1.0 1.00e+00 6.27e-01h  1
 181 -1.7017937e+01 2.54e-06 1.16e+03  -6.0 4.73e-03   0.5 1.00e+00 7.33e-01f  1
 182 -1.7018834e+01 1.42e-06 6.53e+02  -6.0 4.89e-03   0.0 1.00e+00 4.43e-01f  1
 183 -1.7019790e+01 5.14e-07 2.03e+02  -6.0 1.48e-02  -0.4 1.00e+00 6.90e-01f  1
 184 -1.7020572e+01 3.27e-06 8.78e+01  -6.0 4.45e-02  -0.9 1.00e+00 5.68e-01f  1
 185 -1.7022719e+01 3.54e-05 3.15e+01  -6.0 1.34e-01  -1.4 1.00e+00 6.45e-01f  1
 186 -1.7028074e+01 2.43e-04 2.55e+01  -6.0 4.04e-01  -1.9 1.00e+00 5.50e-01f  1
 187 -1.7046601e+01 7.00e-03 4.20e+01  -6.0 7.29e-01  -2.3 1.00e+00 1.00e+00f  1
 188 -1.7049263e+01 6.57e-03 8.83e+01  -6.0 1.21e+00  -2.8 1.00e+00 6.96e-02h  1
 189 -1.7060889e+01 6.56e-03 1.63e+02  -6.0 2.80e+00  -3.3 6.69e-01 1.62e-01f  1
iter    objective    inf_pr   inf_du lg(mu)  ||d||  lg(rg) alpha_du alpha_pr  ls
 190 -1.7070559e+01 6.22e-03 1.05e+02  -6.0 9.74e+00  -3.8 7.07e-01 1.81e-01h  1
 191 -1.7104123e+01 8.00e-03 5.78e+01  -6.0 2.30e+01  -4.3 4.44e-01 3.86e-01f  1
 192 -1.7185679e+01 1.04e-01 2.83e+01  -6.0 6.70e+01  -4.7 6.65e-01 4.56e-01f  1
 193 -1.7370534e+01 6.67e-01 3.14e+02  -6.0 1.31e+02  -5.2 2.87e-01 6.03e-01h  1
 194 -1.7382895e+01 5.68e-01 2.70e+02  -6.0 3.85e+01  -4.8 2.53e-01 1.54e-01h  1
 195 -1.7414882e+01 5.05e-01 4.72e+03  -6.0 1.06e+02  -5.3 5.61e-01 1.47e-01h  1
 196 -1.7544785e+01 8.26e-01 3.78e+03  -6.0 8.33e+02  -5.7 2.64e-01 1.37e-01h  1
 197 -1.7545079e+01 8.25e-01 8.76e+03  -6.0 3.80e+02  -6.2 9.46e-01 5.52e-04h  1
 198 -1.7765184e+01 3.56e+00 8.98e+03  -6.0 2.59e+03  -6.7 4.40e-01 1.58e-01h  1
 199 -1.7772398e+01 3.45e+00 3.93e+04  -6.0 5.12e+02  -6.3 6.68e-01 3.30e-02h  1
iter    objective    inf_pr   inf_du lg(mu)  ||d||  lg(rg) alpha_du alpha_pr  ls
 200 -1.8053683e+01 1.62e+01 1.76e+04  -6.0 4.62e+03  -6.7 1.03e-02 1.74e-01h  1
 201 -1.8088683e+01 1.49e+01 1.05e+04  -6.0 5.62e+02  -6.3 1.21e-02 8.17e-02h  1
 202 -1.8112237e+01 1.48e+01 3.91e+04  -6.0 3.49e+03  -6.8 1.36e-01 1.29e-02h  1
 203 -1.8112705e+01 1.47e+01 4.82e+05  -6.0 7.40e+01  -2.8 6.93e-05 3.29e-03h  1
 204 -1.8113677e+01 1.45e+01 5.19e+05  -6.0 1.16e+01  -3.2 5.19e-02 1.45e-02h  1
 205 -1.8114888e+01 1.42e+01 5.69e+05  -6.0 3.70e+01  -3.7 5.91e-03 2.35e-02h  1
 206 -1.8136292e+01 9.94e+00 6.73e+05  -6.0 1.45e+01  -4.2 1.80e-02 2.98e-01h  1
 207 -1.8136399e+01 9.90e+00 6.60e+05  -6.0 3.55e+00  -2.9 1.32e-01 3.97e-03h  1
 208 -1.8156604e+01 6.39e-02 3.75e+04  -6.0 5.14e+00  -3.3 1.79e-01 9.94e-01f  1
 209 -1.8161324e+01 4.45e-02 2.59e+04  -6.0 3.40e+00  -3.8 3.46e-01 3.03e-01h  1
iter    objective    inf_pr   inf_du lg(mu)  ||d||  lg(rg) alpha_du alpha_pr  ls
 210 -1.8175540e+01 2.25e-02 1.20e+04  -6.0 7.69e+00  -4.3 8.89e-01 4.96e-01h  1
 211 -1.8191061e+01 1.35e-02 6.83e+03  -6.0 1.32e+01  -4.8 4.48e-01 4.30e-01h  1
 212 -1.8203401e+01 1.19e-02 4.79e+04  -6.0 3.81e+01  -5.2 1.00e+00 2.51e-01f  1
 213 -1.8234217e+01 4.29e-02 3.64e+04  -6.0 1.17e+02  -5.7 4.88e-01 2.74e-01h  1
 214 -1.8326562e+01 3.15e-01 4.40e+04  -6.0 3.90e+02  -6.2 9.46e-02 2.80e-01h  1
 215 -1.8465838e+01 5.76e-01 1.37e+05  -6.0 1.50e+02  -5.8 2.78e-01 1.00e+00h  1
 216 -1.8554254e+01 9.90e-01 4.84e+04  -6.0 1.10e+02  -5.3 2.24e-01 6.48e-01h  1
 217 -1.8554259e+01 9.90e-01 4.84e+04  -6.0 1.74e+02  -5.8 1.27e-05 1.77e-04h  1
 218 -1.8554295e+01 9.90e-01 4.84e+04  -6.0 3.27e+02  -4.5 8.25e-02 6.01e-05f  1
 219 -1.8636779e+01 2.13e-01 1.77e+02  -6.0 1.91e+01  -5.0 9.23e-01 1.00e+00f  1
iter    objective    inf_pr   inf_du lg(mu)  ||d||  lg(rg) alpha_du alpha_pr  ls
 220 -1.8643202e+01 1.09e+00 1.47e+02  -6.0 5.49e+01  -5.4 2.15e-01 1.08e-01h  1
 221 -1.8693341e+01 7.68e-01 1.05e+02  -6.0 1.61e+02  -5.9 1.00e+00 3.38e-01h  1
 222 -1.8830752e+01 6.39e-01 8.28e+01  -6.0 4.75e+02  -6.4 9.31e-01 3.40e-01f  1
 223 -1.8941179e+01 1.11e+00 7.68e+01  -6.0 1.65e+03  -6.9 7.67e-02 7.40e-02h  1
 224 -1.8970322e+01 1.08e+00 5.06e+05  -6.0 2.78e+03  -7.4 1.84e-01 1.77e-02h  1
 225 -1.9108919e+01 1.40e+00 7.81e+05  -6.0 1.03e+03  -6.9 3.78e-01 2.04e-01h  1
 226 -1.9211762e+01 1.56e+00 6.28e+05  -6.0 9.56e+02  -6.5 2.93e-01 2.69e-01h  1
 227 -1.9302779e+01 1.56e+00 3.25e+06  -6.0 8.08e+02  -7.0 3.97e-01 1.30e-01h  1
 228r-1.9302779e+01 1.56e+00 1.00e+03   0.1 0.00e+00  -7.5 0.00e+00 6.11e-08R  2
 229r-1.9295548e+01 1.56e+00 1.00e+03   0.1 3.30e+04    -  2.44e-06 2.62e-06f  1
iter    objective    inf_pr   inf_du lg(mu)  ||d||  lg(rg) alpha_du alpha_pr  ls
 230 -1.9295890e+01 1.55e+00 4.72e+03  -6.0 2.72e+01    -  8.53e-03 5.60e-03h  1
 231 -1.9302120e+01 1.37e+00 2.80e+05  -6.0 3.31e+01    -  5.60e-03 1.18e-01h  1
 232 -1.9314015e+01 9.66e-01 1.97e+05  -6.0 3.31e+01    -  8.55e-02 2.95e-01h  1
 233 -1.9314674e+01 9.44e-01 1.93e+05  -6.0 2.66e+01    -  6.60e-02 2.32e-02h  1
 234 -1.9319410e+01 6.34e-01 1.29e+05  -6.0 2.60e+01    -  5.73e-01 3.30e-01h  1
 235 -1.9322975e+01 5.51e-01 1.12e+05  -6.0 1.55e+01    -  4.27e-01 1.31e-01h  1
 236 -1.9330780e+01 4.42e-01 9.00e+04  -6.0 1.31e+01    -  7.87e-01 1.98e-01h  1
 237 -1.9353358e+01 2.31e-01 4.71e+04  -6.0 1.70e+01    -  7.36e-01 4.77e-01h  1
 238 -1.9361092e+01 2.15e-01 4.34e+04  -6.0 1.24e+02    -  8.10e-01 7.83e-02h  1
 239 -1.9365817e+01 1.33e-01 2.70e+04  -6.0 3.72e+00  -4.3 9.14e-01 3.79e-01h  1
iter    objective    inf_pr   inf_du lg(mu)  ||d||  lg(rg) alpha_du alpha_pr  ls
 240 -1.9371249e+01 1.13e-01 2.26e+04  -6.0 5.05e+01  -4.8 9.59e-01 1.62e-01h  1
 241 -1.9384933e+01 1.36e-02 1.04e+01  -6.0 5.95e+00  -4.4 6.13e-01 1.00e+00h  1
 242 -1.9388830e+01 4.64e-02 9.10e+00  -6.0 1.10e+01  -4.8 4.33e-01 1.80e-01h  1
 243 -1.9408997e+01 3.64e-01 8.00e+00  -6.0 3.38e+01  -5.3 1.41e-01 5.26e-01h  1
 244 -1.9474612e+01 1.00e+00 3.45e+00  -6.0 9.95e+01  -5.8 6.49e-01 7.16e-01h  1
 245 -1.9570686e+01 9.40e-01 5.07e+00  -6.0 2.55e+02  -6.3 4.60e-01 3.86e-01h  1
 246 -1.9764274e+01 2.01e+00 1.92e+03  -6.0 5.14e+02  -6.8 8.95e-01 5.29e-01h  1
 247 -1.9929009e+01 4.95e+00 3.28e+03  -6.0 1.24e+03  -7.2 6.27e-01 2.19e-01h  1
 248 -2.0116897e+01 2.19e+00 1.25e+03  -6.0 4.72e+02  -6.8 6.02e-01 6.15e-01h  1
 249 -2.0185224e+01 1.92e+00 4.71e+02  -6.0 8.82e+02  -7.3 4.01e-02 1.37e-01h  1
iter    objective    inf_pr   inf_du lg(mu)  ||d||  lg(rg) alpha_du alpha_pr  ls
 250 -2.0262268e+01 1.25e+00 4.24e+03  -6.0 3.65e+02  -6.9 5.87e-01 3.50e-01h  1
 251 -2.0309779e+01 1.12e+00 1.06e+04  -6.0 1.30e+03  -7.3 3.55e-01 1.02e-01h  1
 252 -2.0330815e+01 5.19e+00 6.60e+03  -6.0 8.37e+01  -6.0 1.69e-01 4.02e-01h  1
 253 -2.0394425e+01 2.78e+00 4.82e+03  -6.0 1.75e+02  -6.5 6.01e-01 5.41e-01h  1
 254 -2.0419967e+01 1.27e+01 5.56e+03  -6.0 2.34e+03  -7.0 6.61e-02 5.24e-02h  1
 255 -2.0579285e+01 9.30e+00 1.98e+04  -6.0 1.53e+03  -7.4 4.45e-01 2.82e-01h  1
 256 -2.0792338e+01 2.06e+01 1.59e+04  -6.0 9.01e+03  -7.9 9.11e-02 1.02e-01h  1
 257 -2.1028901e+01 2.83e+01 4.14e+04  -6.0 2.39e+03  -7.5 8.37e-03 3.45e-01h  1
 258 -2.1172626e+01 3.55e+01 4.92e+04  -6.0 3.41e+04  -8.0 7.89e-04 1.72e-02h  1
 259 -2.1135539e+01 3.00e+01 2.08e+05  -6.0 1.32e+03  -7.5 1.65e-01 1.98e-01h  1
iter    objective    inf_pr   inf_du lg(mu)  ||d||  lg(rg) alpha_du alpha_pr  ls
 260 -2.1324785e+01 3.38e+01 5.20e+04  -6.0 5.58e+03  -8.0 1.65e-01 1.31e-01h  1
 261 -2.1324839e+01 3.38e+01 2.08e+06  -6.0 1.59e+03  -7.6 5.39e-02 9.53e-05h  1
 262 -2.1412223e+01 3.29e+01 2.03e+06  -6.0 4.94e+04  -8.1 2.83e-02 2.81e-02h  1
 263 -2.1436468e+01 3.18e+01 1.96e+06  -6.0 2.44e+03  -7.6 4.17e-02 3.37e-02h  1
 264r-2.1436468e+01 3.18e+01 1.00e+03   1.4 0.00e+00  -7.2 0.00e+00 1.68e-08R  2
 265r-2.1448126e+01 3.26e+01 1.00e+03   1.4 7.30e+08    -  3.53e-07 7.16e-08f  1
 266r-2.1454468e+01 3.25e+01 1.00e+03   0.7 3.16e+04    -  1.01e-06 2.76e-06f  1
 267r-2.1414652e+01 3.22e+01 1.00e+03   0.7 3.39e+04    -  3.00e-06 7.47e-06f  1
 268r-2.1352647e+01 3.22e+01 1.00e+03   0.7 1.53e+03   0.0 6.17e-05 1.61e-05f  1
 269r-2.1017938e+01 2.93e+01 1.00e+03   0.7 3.34e+04    -  7.54e-05 8.13e-05f  1
iter    objective    inf_pr   inf_du lg(mu)  ||d||  lg(rg) alpha_du alpha_pr  ls
 270r-1.9637238e+01 2.16e+01 1.50e+03   0.7 2.81e+04    -  3.74e-04 2.58e-04f  1
 271r-1.6698845e+01 1.20e+01 2.88e+03   0.7 1.51e+04    -  1.18e-03 6.00e-04f  1
 272r-1.5203708e+01 9.26e+00 4.05e+03   0.7 4.53e+03    -  1.51e-03 5.85e-04f  1
 273r-8.7291359e+00 5.46e+00 5.44e+03   0.7 2.53e+03    -  3.17e-03 1.92e-03f  1
 274r-6.8999647e+00 6.50e+00 7.71e+03   0.7 2.00e+03    -  4.62e-03 1.63e-03f  1
 275r-4.4142070e+00 9.32e+00 7.33e+03   0.7 1.68e+03    -  4.63e-03 5.20e-03f  1
 276r-1.7588530e+00 1.38e+01 1.23e+04   0.7 1.37e+03    -  2.14e-02 1.05e-02f  1
 277r-5.9465868e-01 2.03e+01 1.35e+04   0.7 9.48e+02    -  3.05e-02 2.48e-02f  1
 278r 4.2188839e+00 4.56e+01 1.52e+04   0.7 8.11e+02    -  2.40e-02 5.74e-02f  1
 279r 6.3794043e+00 5.49e+01 1.62e+04   0.7 7.24e+02    -  4.29e-02 4.47e-02f  1
iter    objective    inf_pr   inf_du lg(mu)  ||d||  lg(rg) alpha_du alpha_pr  ls
 280r 6.3335779e+00 5.50e+01 2.96e+04   0.7 4.14e+03    -  9.61e-04 1.58e-03f  1
 281r 8.6383873e+00 8.70e+01 7.02e+04   0.7 6.65e+02    -  5.86e-02 7.36e-02f  1
 282r 9.8328813e+00 1.12e+02 3.99e+05   0.7 5.46e+02    -  1.77e-01 6.70e-02f  1
 283r 1.3190706e+01 3.07e+02 3.27e+05   0.7 4.73e+02    -  2.21e-01 2.14e-01f  1
 284r 1.4947231e+01 4.57e+02 2.34e+05   0.7 8.14e+00  -0.5 3.55e-01 3.92e-01f  1
 285r 1.1970715e+01 4.18e+02 2.14e+05   0.7 2.97e+00   0.9 9.76e-02 8.59e-02f  1
 286r 1.3149861e+01 2.56e+02 1.60e+05   0.7 1.23e+00   0.4 3.05e-01 8.36e-01f  1
 287r 1.4942036e+00 2.48e+02 1.47e+05   0.7 2.55e+01  -0.1 1.92e-02 4.07e-02h  1
 288r 1.7542920e+01 2.19e+02 1.42e+05   0.7 8.99e+00  -0.6 4.40e-02 1.52e-01f  1
 289r 4.1215500e+00 1.99e+02 1.53e+05   0.7 2.18e+01  -1.1 1.80e-03 1.22e-01f  1
iter    objective    inf_pr   inf_du lg(mu)  ||d||  lg(rg) alpha_du alpha_pr  ls
 290r 1.8441446e+01 6.86e+01 4.40e+04   0.7 3.50e-01   3.0 6.76e-01 1.00e+00f  1
 291r 1.1652622e+01 5.44e+01 3.19e+04  -0.0 3.59e-01   2.5 2.83e-01 2.52e-01f  1
 292r 5.5621496e+00 3.96e+01 1.47e+04  -0.0 7.30e-01   2.0 4.42e-01 3.23e-01f  1
 293r 4.4597052e+00 3.62e+01 8.84e+04  -0.0 1.05e+00   1.6 4.09e-01 1.19e-01f  1
 294r 1.2904165e+00 2.80e+01 1.04e+05  -0.0 6.63e-01   2.0 6.52e-01 3.92e-01f  1
 295r 2.3311115e+00 2.65e+01 9.13e+04  -0.0 2.97e+00   1.5 1.12e-01 1.05e-01f  1
 296r 3.6299261e+00 2.60e+01 1.22e+05  -0.0 3.21e+00   1.0 7.96e-02 4.53e-02f  1
 297r 5.1603529e+00 1.86e+01 7.11e+04  -0.0 8.98e-01   1.4 4.36e-01 5.45e-01f  1
 298r 5.7068633e+00 1.57e+01 4.66e+04  -0.0 3.24e-01   1.9 4.75e-01 5.06e-01f  1
 299r 5.8848672e+00 1.42e+01 2.45e+04  -0.0 1.16e-01   2.3 1.00e+00 5.37e-01f  1
iter    objective    inf_pr   inf_du lg(mu)  ||d||  lg(rg) alpha_du alpha_pr  ls
 300r 7.0793019e+00 1.29e+01 9.50e+03  -0.0 3.15e-01   1.8 7.53e-01 9.80e-01f  1
 301r 8.4590802e+00 1.29e+01 7.65e+03  -0.0 6.68e-01   1.3 4.91e-01 5.75e-01f  1
 302r 8.9082651e+00 1.30e+01 4.09e+03  -0.0 2.10e-01   1.8 4.55e-01 5.25e-01f  1
 303r 9.0029167e+00 1.23e+01 2.96e+04  -0.7 9.06e-01   1.3 1.79e-01 5.84e-02f  1
 304r 9.1479280e+00 9.85e+00 3.79e+04  -0.7 4.24e-01   1.7 3.07e-01 2.32e-01f  1
 305r 9.1628919e+00 4.63e+00 2.43e+04  -0.7 1.88e-01   2.1 4.11e-01 6.34e-01f  1
 306r 9.0251680e+00 4.17e+00 7.75e+03  -0.7 5.18e-01   1.7 3.46e-01 1.57e-01f  1
 307r 8.2573326e+00 4.06e+00 7.42e+03  -0.7 5.53e+00   1.2 4.34e-02 4.34e-02f  1
 308r 8.2044270e+00 1.93e+00 9.42e+04  -0.7 9.22e-02   2.5 4.69e-01 1.00e+00f  1
 309r 8.0563171e+00 1.73e+00 5.49e+04  -0.7 2.47e-01   2.0 3.06e-01 6.53e-01f  1
iter    objective    inf_pr   inf_du lg(mu)  ||d||  lg(rg) alpha_du alpha_pr  ls
 310r 8.0050939e+00 1.74e+00 1.77e+03  -0.7 9.20e-02   2.5 1.00e+00 7.39e-01f  1
 311r 7.7087340e+00 1.74e+00 7.86e+03  -0.7 2.52e-01   2.0 1.00e+00 8.50e-01f  1
 312r 7.3246667e+00 1.74e+00 3.21e+04  -0.7 6.75e-01   1.5 3.66e-01 2.05e-01f  1
 313r 7.2070444e+00 1.74e+00 3.61e+04  -0.7 2.20e-01   1.9 8.00e-01 2.46e-01f  1
 314r 7.0187931e+00 1.75e+00 2.63e+04  -0.7 5.19e-01   1.5 1.72e-01 2.28e-01f  1
 315r 7.0239560e+00 1.75e+00 2.17e+04  -0.7 3.42e-02   2.8 1.94e-01 3.12e-02f  1
 316r 7.1921135e+00 1.75e+00 7.68e+01  -0.7 8.80e-02   2.3 1.00e+00 1.00e+00f  1
 317r 7.1782876e+00 1.50e+00 2.88e+04  -1.4 3.29e-01   1.8 3.83e-01 1.11e-01f  1
 318r 7.0937519e+00 1.45e+00 1.70e+04  -1.4 7.62e-01   1.4 2.03e-01 2.81e-01f  1
 319r 7.0553151e+00 1.16e+00 7.05e+03  -1.4 3.20e-01   1.8 3.03e-01 3.61e-01f  1
iter    objective    inf_pr   inf_du lg(mu)  ||d||  lg(rg) alpha_du alpha_pr  ls
 320r 7.0229320e+00 1.12e+00 8.09e+03  -1.4 7.63e-01   1.3 1.29e-01 6.78e-02f  1
 321r 7.0224020e+00 1.11e+00 6.12e+03  -1.4 2.91e+00   0.8 5.68e-02 1.87e-02f  1
 322r 7.0043027e+00 5.96e-01 2.49e+03  -1.4 1.29e-01   2.2 4.14e-01 4.74e-01f  1
 323r 6.9589777e+00 4.83e-01 4.39e+03  -1.4 2.93e-01   1.7 2.47e-01 3.33e-01f  1
 324r 6.9325951e+00 3.06e-01 2.98e+03  -1.4 1.21e-01   2.1 5.61e-01 5.86e-01f  1
 325r 6.9125049e+00 3.06e-01 2.90e+03  -1.4 3.01e-01   1.6 1.83e-01 2.05e-01f  1
 326r 6.8883979e+00 3.07e-01 1.34e+04  -1.4 1.15e-01   2.1 1.00e+00 4.14e-01f  1
 327r 6.8811732e+00 3.08e-01 1.16e+04  -1.4 4.24e-01   1.6 1.11e-01 1.84e-01f  1
 328r 6.8671041e+00 3.08e-01 7.63e+03  -1.4 1.19e-01   2.0 3.61e-01 2.55e-01f  1
 329r 6.8425458e+00 3.09e-01 3.71e+03  -1.4 3.60e-01   1.5 3.76e-01 1.14e-01f  1
iter    objective    inf_pr   inf_du lg(mu)  ||d||  lg(rg) alpha_du alpha_pr  ls
 330r 6.8129922e+00 3.09e-01 3.32e+03  -1.4 3.10e+00   1.1 1.72e-02 1.92e-02f  1
 331r 6.7296657e+00 3.09e-01 2.18e+04  -1.4 3.05e-01   1.5 7.19e-01 1.39e-01f  1
 332r 6.3986088e+00 7.65e-01 2.02e+04  -1.4 7.75e-01   1.0 1.84e-01 1.45e-01f  1
 333r 6.3154906e+00 7.02e-01 2.73e+04  -1.4 3.06e-01   1.4 8.47e-01 9.42e-02f  1
 334r 5.9506761e+00 1.45e+00 2.27e+04  -1.4 1.04e+00   1.0 1.45e-01 1.60e-01f  1
 335r 5.7640827e+00 1.22e+00 1.78e+04  -1.4 3.39e-01   1.4 8.11e-01 2.17e-01f  1
 336r 5.7044197e+00 1.24e+00 1.76e+04  -1.4 8.21e-01   0.9 1.08e-01 4.63e-02f  1
 337r 5.6259276e+00 1.88e+00 1.87e+04  -1.4 2.99e+00   0.4 7.07e-02 3.84e-02f  1
 338r 5.5441542e+00 1.76e+00 1.66e+04  -1.4 9.83e-01   0.9 1.77e-01 1.08e-01f  1
 339r 5.4344628e+00 2.47e+00 1.40e+04  -1.4 3.71e+00   0.4 4.57e-02 7.11e-02f  1
iter    objective    inf_pr   inf_du lg(mu)  ||d||  lg(rg) alpha_du alpha_pr  ls
 340r 5.3897182e+00 2.30e+00 1.30e+04  -1.4 1.18e+00   0.8 8.52e-02 7.45e-02f  1
 341r 5.3049245e+00 2.31e+00 1.29e+04  -1.4 7.54e+00   0.3 1.64e-02 1.60e-02f  1
 342r 5.2767657e+00 2.24e+00 2.12e+04  -1.4 1.36e+00   0.7 2.58e-01 3.40e-02f  1
 343r 5.1412391e+00 1.22e+00 7.03e+03  -1.4 4.60e-01   1.2 9.89e-01 4.19e-01f  1
 344r 5.1143288e+00 1.15e+00 6.54e+03  -1.4 1.68e+00   0.7 6.17e-02 7.55e-02f  1
 345r 5.0748610e+00 8.61e-01 4.74e+03  -1.4 5.44e-01   1.1 3.71e-01 2.52e-01f  1
 346r 5.1040513e+00 8.50e-01 4.81e+03  -1.4 9.64e+00   0.6 8.25e-03 1.37e-02f  1
 347r 5.1087490e+00 7.82e-01 4.18e+03  -1.4 6.39e-01   1.1 3.08e-01 7.86e-02f  1
 348r 5.0871704e+00 5.24e-01 2.85e+03  -1.4 2.27e-01   1.5 1.00e+00 3.21e-01f  1
 349r 5.1659389e+00 3.98e-01 2.64e+03  -1.4 7.28e-01   1.0 2.94e-01 2.33e-01f  1
iter    objective    inf_pr   inf_du lg(mu)  ||d||  lg(rg) alpha_du alpha_pr  ls
 350r 5.2368311e+00 3.98e-01 2.60e+03  -1.4 2.86e+01   0.5 1.40e-03 1.27e-03f  1
 351r 5.4660132e+00 3.42e-01 2.23e+03  -1.4 8.14e-01   1.0 1.85e-01 1.39e-01f  1
 352r 5.5446814e+00 3.49e-01 2.03e+03  -1.4 7.26e-01   1.4 1.99e-03 5.21e-02f  1
 353r 5.5672846e+00 3.46e-01 2.80e+03  -1.4 8.01e-01   0.9 2.42e-01 1.33e-02f  1
 354r 6.0044316e+00 1.22e+00 4.95e+03  -1.4 9.51e+00   0.4 1.54e-03 2.59e-02f  1
 355r 6.2868582e+00 2.06e+00 3.24e+03  -1.4 1.13e+00   0.9 1.93e-01 1.43e-01f  1
 356r 6.6268594e+00 7.66e+00 3.77e+03  -1.4 3.80e+01   0.4 6.36e-03 7.22e-03f  1
 357r 6.8403878e+00 6.75e+00 3.40e+03  -1.4 1.20e+00   0.8 1.07e-01 1.10e-01f  1
 358r 6.9512227e+00 6.75e+00 1.85e+03  -1.4 6.95e+01   0.3 1.70e-03 4.74e-04f  1
 359r 7.2078279e+00 5.95e+00 1.60e+03  -1.4 1.23e+00   0.8 1.32e-01 1.27e-01f  1
iter    objective    inf_pr   inf_du lg(mu)  ||d||  lg(rg) alpha_du alpha_pr  ls
 360r 7.3319172e+00 4.77e+00 1.06e+03  -1.4 3.59e-01   1.2 4.89e-01 2.07e-01f  1
 361r 8.0177216e+00 4.45e+00 1.58e+03  -1.4 1.61e+00   0.7 1.94e-02 1.60e-01f  1
 362r 8.0745602e+00 4.25e+00 1.45e+03  -1.4 7.24e-01   1.1 5.88e-02 4.43e-02f  1
 363r 8.0696102e+00 3.68e+00 1.16e+03  -1.4 9.60e-02   2.5 1.83e-01 1.34e-01f  1
 364r 8.0751127e+00 1.64e+00 3.67e+03  -1.4 2.28e-02   2.9 1.00e+00 5.52e-01f  1
 365r 8.0717496e+00 1.41e+00 2.08e+03  -1.4 9.28e-02   2.4 3.14e-01 1.37e-01f  1
 366r 8.1500730e+00 4.15e-01 1.18e+03  -1.4 7.18e-02   1.9 1.00e+00 7.98e-01f  1
 367r 8.2850403e+00 3.51e-01 4.18e+03  -1.4 1.86e-01   1.5 9.44e-01 4.55e-01f  1
 368r 8.5194653e+00 5.81e-01 6.43e+03  -1.4 5.85e-01   1.0 5.73e-01 2.73e-01f  1
 369r 9.7136593e+00 7.90e-01 4.61e+03  -1.4 2.30e+00   0.5 3.57e-02 1.43e-01f  1
iter    objective    inf_pr   inf_du lg(mu)  ||d||  lg(rg) alpha_du alpha_pr  ls
 370r 1.0445930e+01 7.39e-01 3.09e+03  -1.4 7.46e-01   0.9 1.47e-01 3.51e-01f  1
 371r 1.0865010e+01 6.41e-01 1.44e+03  -1.4 2.75e-01   1.4 8.49e-01 5.32e-01f  1
 372r 1.1630445e+01 5.68e-01 1.15e+03  -1.4 1.01e+00   0.9 1.92e-01 1.86e-01f  1
 373r 1.2055858e+01 5.05e-01 1.95e+03  -1.4 3.26e-01   1.3 9.98e-01 3.52e-01f  1
 374r 1.2526953e+01 4.59e-01 1.49e+03  -1.4 1.73e+00   0.8 7.62e-02 1.07e-01f  1
 375r 1.3278639e+01 4.36e-01 2.42e+03  -1.4 4.11e-01   1.3 7.97e-01 5.44e-01f  1
 376r 1.4129961e+01 4.02e-01 2.84e+03  -1.4 1.22e+00   0.8 2.39e-01 1.94e-01f  1
 377r 1.4923213e+01 4.10e-01 2.82e+03  -1.4 3.73e+01   0.3 7.52e-03 7.75e-03f  1
 378r 1.5271628e+01 3.83e-01 1.71e+03  -1.4 1.45e+00   0.7 1.20e-01 7.22e-02f  1
 379r 1.5594899e+01 3.83e-01 2.50e+03  -1.4 1.88e+01   0.3 9.15e-03 4.36e-03f  1
iter    objective    inf_pr   inf_du lg(mu)  ||d||  lg(rg) alpha_du alpha_pr  ls
 380r 1.5964562e+01 3.58e-01 9.10e+03  -1.4 1.64e+00   0.7 2.09e-01 7.05e-02f  1
 381r 1.6532779e+01 2.93e-01 5.86e+03  -1.4 5.81e-01   1.1 3.38e-01 3.20e-01f  1
 382r 1.7148078e+01 2.85e-01 5.84e+04  -1.4 1.98e+00   0.6 1.41e-01 7.91e-02f  1
 383r 1.7741036e+01 2.81e-01 9.23e+04  -1.4 6.74e-01   1.1 5.01e-01 2.76e-01f  1
 384r 1.8613860e+01 5.03e-01 8.58e+04  -1.4 2.37e+00   0.6 6.67e-02 8.45e-02f  1
 385r 1.9128055e+01 4.05e-01 2.31e+04  -1.4 7.81e-01   1.0 6.27e-01 1.98e-01f  1
 386r 1.9254698e+01 4.00e-01 1.90e+04  -1.4 2.19e+00   0.5 3.12e-02 1.68e-02f  1
 387r 1.9790496e+01 3.06e-01 7.04e+03  -1.4 8.08e-01   1.0 3.48e-01 2.93e-01f  1
 388r 2.0382516e+01 1.29e+00 9.89e+03  -1.4 2.49e+00   0.5 5.67e-02 6.90e-02f  1
 389r 2.0598048e+01 1.25e+00 1.98e+04  -1.4 8.15e-01   0.9 4.22e-01 1.23e-01f  1
iter    objective    inf_pr   inf_du lg(mu)  ||d||  lg(rg) alpha_du alpha_pr  ls
 390r 2.1093518e+01 6.81e+00 1.19e+04  -1.4 2.78e+00   0.4 3.36e-02 6.75e-02f  1
 391r 2.1471085e+01 5.44e+00 9.06e+03  -1.4 8.89e-01   0.9 2.27e-01 2.28e-01f  1
 392r 2.1539528e+01 5.36e+00 1.91e+04  -1.4 2.75e+00   0.4 8.03e-02 1.49e-02f  1
 393r 2.1888595e+01 4.13e+00 1.58e+04  -1.4 9.83e-01   0.8 2.91e-01 2.44e-01f  1
 394r 2.1898284e+01 3.70e+00 8.25e+03  -1.4 2.23e-02   3.0 4.63e-01 1.93e-01f  1
 395r 2.1901778e+01 3.33e+00 7.88e+03  -1.4 1.07e-01   2.6 3.41e-02 4.88e-02f  1
 396r 2.1916045e+01 3.53e+00 6.45e+03  -1.4 6.75e-02   2.1 5.37e-02 1.27e-01f  1
 397r 2.1918263e+01 3.18e+00 5.64e+03  -1.4 1.67e-01   2.5 1.02e-01 3.30e-02f  1
 398r 2.2030218e+01 4.69e+00 2.23e+04  -1.4 6.19e-02   2.0 1.80e-01 9.87e-01f  1
 399r 2.2104061e+01 2.22e+00 7.67e+03  -1.4 1.71e-01   1.5 1.00e+00 5.77e-01f  1
iter    objective    inf_pr   inf_du lg(mu)  ||d||  lg(rg) alpha_du alpha_pr  ls
 400r 2.2272590e+01 9.07e-01 3.49e+03  -1.4 4.70e-01   1.1 4.78e-01 6.24e-01f  1
 401r 2.2451408e+01 7.91e-01 3.41e+03  -1.4 1.80e+00   0.6 1.66e-01 1.12e-01f  1
 402r 2.2645757e+01 4.98e-01 1.29e+04  -1.4 6.07e-01   1.0 8.75e-01 3.62e-01f  1
 403r 2.3085883e+01 4.43e-01 4.34e+03  -1.4 2.28e+00   0.5 2.77e-02 1.03e-01f  1
 404r 2.3391592e+01 2.79e-01 2.61e+03  -1.4 7.33e-01   1.0 3.16e-01 3.73e-01f  1
 405r 2.3510727e+01 1.57e-01 1.31e+03  -1.4 2.71e-01   1.4 9.27e-01 5.02e-01f  1
 406r 2.3634419e+01 1.50e-01 1.36e+03  -1.4 8.71e-01   0.9 1.78e-01 1.48e-01f  1
 407r 2.3670489e+01 1.48e-01 1.47e+03  -1.4 3.04e+00   0.4 5.48e-02 1.44e-02f  1
 408r 2.3791538e+01 1.73e-01 1.42e+03  -1.4 9.99e-01   0.9 3.44e-01 1.61e-01f  1
 409r 2.3924388e+01 1.47e-01 1.30e+03  -1.4 3.64e-01   1.3 1.00e+00 4.80e-01f  1
iter    objective    inf_pr   inf_du lg(mu)  ||d||  lg(rg) alpha_du alpha_pr  ls
 410r 2.4186051e+01 2.62e-01 9.82e+02  -1.4 1.24e+00   0.8 2.41e-01 2.48e-01f  1
 411r 2.4340536e+01 2.07e-01 1.98e+03  -1.4 4.52e-01   1.2 9.70e-01 3.06e-01f  1
 412r 2.4483110e+01 2.06e-01 2.62e+03  -1.4 1.52e+00   0.8 2.26e-01 8.44e-02f  1
 413r 2.4659899e+01 1.60e-01 1.54e+03  -1.4 5.25e-01   1.2 6.85e-01 2.99e-01f  1
 414r 2.5049651e+01 1.57e-01 1.61e+03  -1.4 1.95e+00   0.7 1.57e-01 1.19e-01f  1
 415r 2.5426573e+01 1.43e-01 1.44e+03  -1.4 6.59e-01   1.1 9.35e-02 1.01e-01f  1
 416r 2.5344752e+01 1.40e-01 1.45e+03  -1.4 1.79e+00   0.7 2.05e-01 1.23e-01f  1
 417r 2.5286660e+01 3.00e+00 1.37e+03  -1.4 5.09e+00   0.2 1.68e-02 3.62e-02f  1
 418r 2.5270447e+01 2.92e+00 1.51e+03  -1.4 1.93e+00   0.6 5.75e-02 2.54e-02f  1
 419r 2.5188706e+01 1.90e+00 9.05e+03  -1.4 7.41e-01   1.0 1.14e-01 3.29e-01f  1
iter    objective    inf_pr   inf_du lg(mu)  ||d||  lg(rg) alpha_du alpha_pr  ls
 420r 2.5145468e+01 1.80e+00 9.52e+03  -1.4 2.17e+00   0.6 2.05e-01 5.72e-02f  1
 421r 2.5063283e+01 1.73e+00 9.13e+03  -1.4 6.45e+00   0.1 4.65e-02 3.92e-02f  1
 422r 2.4936823e+01 1.50e+00 7.86e+03  -1.4 2.38e+00   0.5 1.62e-01 1.48e-01f  1
 423r 2.4885235e+01 1.46e+00 7.57e+03  -1.4 5.31e+00   0.0 6.64e-02 2.77e-02f  1
 424r 2.4779935e+01 1.27e+00 6.71e+03  -1.4 1.87e+00   0.5 3.62e-01 1.40e-01f  1
 425r 2.4649029e+01 7.56e-01 4.00e+03  -1.4 7.31e-01   0.9 8.93e-01 4.44e-01f  1
 426r 2.4535213e+01 6.91e-01 3.96e+03  -1.4 2.05e+00   0.4 3.62e-01 1.36e-01f  1
 427r 2.4274961e+01 3.32e+00 2.86e+03  -1.4 5.14e+00  -0.1 4.97e-02 1.33e-01f  1
 428r 2.4027070e+01 1.02e+01 2.17e+03  -1.4 1.87e+00   0.4 1.26e-01 2.78e-01f  1
 429r 2.3775621e+01 7.61e+00 4.32e+03  -1.4 6.71e-01   0.8 5.63e-01 7.13e-01f  1
iter    objective    inf_pr   inf_du lg(mu)  ||d||  lg(rg) alpha_du alpha_pr  ls
 430r 2.3775570e+01 7.36e+00 4.19e+03  -1.4 7.01e-02   3.0 2.08e-02 3.24e-02f  1
 431r 2.3774498e+01 5.94e+00 3.31e+03  -1.4 1.12e-02   2.5 4.57e-01 1.87e-01f  1
 432r 2.3756255e+01 1.85e+00 3.88e+03  -1.4 3.40e-02   2.1 3.36e-01 1.00e+00f  1
 433r 2.3755309e+01 1.84e+00 6.48e+01  -1.4 1.59e-03   3.4 1.00e+00 1.00e+00f  1
 434r 2.3752703e+01 1.85e+00 3.89e+00  -1.4 4.77e-03   2.9 1.00e+00 1.00e+00f  1
 435r 2.3764493e+01 1.89e+00 1.74e+03  -2.1 2.47e-02   2.4 5.35e-01 4.65e-01f  1
 436r 2.3764209e+01 1.98e+00 1.44e+04  -2.1 7.67e-02   2.0 5.07e-01 3.02e-01f  1
 437r 2.3749442e+01 2.18e+00 3.45e+04  -2.1 2.11e-01   1.5 5.21e-01 2.39e-01f  1
 438r 2.3713400e+01 2.51e+00 3.09e+04  -2.1 5.32e-01   1.0 2.44e-01 1.98e-01f  1
 439r 2.3698310e+01 2.79e+00 3.15e+04  -2.1 1.45e+00   0.5 6.79e-02 3.78e-02f  1
iter    objective    inf_pr   inf_du lg(mu)  ||d||  lg(rg) alpha_du alpha_pr  ls
 440r 2.3667969e+01 2.96e+00 3.90e+04  -2.1 5.59e-01   1.0 3.59e-01 1.71e-01f  1
 441r 2.3606965e+01 3.96e+00 3.29e+04  -2.1 1.51e+00   0.5 1.21e-01 1.36e-01f  1
 442r 2.3532347e+01 4.33e+00 1.32e+04  -2.1 6.78e-01   0.9 2.70e-01 3.95e-01f  1
 443r 2.3526416e+01 4.40e+00 1.40e+04  -2.1 1.61e+00   0.4 2.92e-02 1.07e-02f  1
 444r 2.3497194e+01 4.51e+00 1.22e+04  -2.1 6.69e-01   0.8 1.39e-01 1.36e-01f  1
 445r 2.3480291e+01 4.60e+00 1.41e+04  -2.1 1.93e+00   0.4 7.17e-02 2.61e-02f  1
 446r 2.3474870e+01 4.84e+00 1.39e+04  -2.1 9.72e+00  -0.1 1.23e-03 5.02e-03f  1
 447r 2.3433696e+01 5.02e+00 1.56e+04  -2.1 2.39e+00   0.3 1.08e-01 5.86e-02f  1
 448r 2.3373953e+01 4.99e+00 1.83e+04  -2.1 7.38e-01   0.7 3.62e-01 2.18e-01f  1
 449r 2.3370130e+01 5.41e+00 1.83e+04  -2.1 1.63e+01   0.3 4.16e-03 4.78e-03f  1
iter    objective    inf_pr   inf_du lg(mu)  ||d||  lg(rg) alpha_du alpha_pr  ls
 450r 2.3348106e+01 5.33e+00 1.65e+04  -2.1 7.54e-01   0.7 7.30e-02 8.39e-02f  1
 451r 2.3310259e+01 4.63e+00 1.57e+04  -2.1 2.22e+00   0.2 5.09e-02 4.88e-02f  1
 452r 2.3245444e+01 3.50e+00 1.55e+04  -2.1 5.63e+00  -0.3 3.88e-02 3.23e-02f  1
 453r 2.3149906e+01 1.99e+00 1.42e+04  -2.1 2.31e+00   0.2 1.31e-01 1.13e-01f  1
 454r 2.3084670e+01 1.13e+00 1.63e+04  -2.1 6.73e+00  -0.3 9.92e-02 3.10e-02f  1
 455r 2.2922484e+01 7.53e-01 1.01e+04  -2.1 2.71e+00   0.1 3.82e-02 1.76e-01f  1
 456r 2.2880257e+01 6.70e-01 1.10e+04  -2.1 8.30e+00  -0.4 5.13e-02 1.86e-02f  1
 457r 2.2740717e+01 3.85e-01 9.24e+03  -2.1 3.25e+00   0.1 1.25e-01 1.37e-01f  1
 458r 2.2639526e+01 3.91e-01 8.32e+03  -2.1 9.26e+00  -0.4 2.27e-02 4.07e-02f  1
 459r 2.2509554e+01 3.84e-01 7.12e+03  -2.1 3.98e+00   0.0 9.90e-02 1.12e-01f  1
iter    objective    inf_pr   inf_du lg(mu)  ||d||  lg(rg) alpha_du alpha_pr  ls
 460r 2.2457311e+01 4.19e-01 6.98e+03  -2.1 8.25e+00  -0.5 1.19e-02 2.07e-02f  1
 461r 2.2381780e+01 4.04e-01 6.55e+03  -2.1 4.03e+00  -0.0 6.01e-02 6.05e-02f  1
 462r 2.2006689e+01 4.52e-01 3.48e+03  -2.1 1.13e+01  -0.5 5.33e-02 1.30e-01f  1
 463r 2.1862647e+01 4.14e-01 5.69e+03  -2.1 4.45e+00  -0.1 2.78e-01 1.12e-01f  1
 464r 2.1575452e+01 1.16e+00 3.85e+03  -2.1 1.09e+01  -0.6 2.66e-02 9.53e-02f  1
 465r 2.1459493e+01 1.46e+00 5.60e+03  -2.1 4.77e+00  -0.1 3.01e-01 8.35e-02f  1
 466r 2.1285379e+01 4.91e+00 3.29e+03  -2.1 1.97e+00   0.3 2.57e-01 3.09e-01f  1
 467r 2.1080459e+01 4.29e+00 2.45e+03  -2.1 5.79e+00  -0.2 8.84e-02 1.38e-01f  1
 468r 2.0897230e+01 4.08e+00 2.29e+03  -2.1 1.93e+01  -0.7 5.85e-02 5.78e-02f  1
 469r 2.0573458e+01 3.31e+00 1.77e+03  -2.1 6.54e+00  -0.2 1.64e-01 2.04e-01f  1
iter    objective    inf_pr   inf_du lg(mu)  ||d||  lg(rg) alpha_du alpha_pr  ls
 470r 2.0567925e+01 3.29e+00 4.65e+03  -2.1 2.44e+00   0.2 3.82e-01 8.16e-03f  1
 471r 2.0446662e+01 3.44e+00 5.09e+03  -2.1 7.26e+00  -0.3 3.28e-01 7.09e-02f  1
 472r 2.0381192e+01 4.20e+00 3.52e+03  -2.1 2.69e+01  -0.8 5.74e-02 2.86e-02f  1
 473r 2.0175273e+01 5.16e+00 6.03e+03  -2.1 8.54e+00  -0.3 3.02e-01 1.17e-01f  1
 474r 2.0151293e+01 5.26e+00 9.82e+03  -2.1 3.10e+00   0.1 9.01e-01 3.06e-02f  1
 475r 1.9819252e+01 6.83e+00 1.03e+04  -2.1 9.76e+00  -0.4 3.91e-01 1.70e-01f  1
 476r 1.9783377e+01 7.13e+00 1.07e+04  -2.1 5.34e+01  -0.9 3.37e-02 1.14e-02f  1
 477r 1.9546432e+01 8.60e+00 1.04e+04  -2.1 1.07e+01  -0.4 2.34e-01 1.17e-01f  1
 478r 1.9325937e+01 1.10e+01 9.28e+03  -2.1 4.01e+01  -0.9 3.86e-02 5.73e-02f  1
 479r 1.9291055e+01 1.12e+01 1.34e+04  -2.1 1.26e+01  -0.5 3.21e-01 1.64e-02f  1
iter    objective    inf_pr   inf_du lg(mu)  ||d||  lg(rg) alpha_du alpha_pr  ls
 480r 1.9083601e+01 1.17e+01 1.29e+04  -2.1 3.60e+01  -1.0 5.77e-02 5.05e-02f  1
 481r 1.8947514e+01 1.21e+01 1.45e+04  -2.1 1.35e+01  -0.5 2.27e-01 6.06e-02f  1
 482r 1.8830502e+01 1.23e+01 1.31e+04  -2.1 3.18e+01  -1.0 2.68e-03 2.71e-02f  1
 483r 1.8722539e+01 1.23e+01 1.58e+04  -2.1 1.10e+01  -0.6 1.66e-01 4.17e-02f  1
 484r 1.8706679e+01 1.25e+01 1.54e+04  -2.1 1.38e+02  -1.1 1.06e-03 8.44e-03f  1
 485r 1.8681870e+01 1.25e+01 1.87e+04  -2.1 1.20e+01  -0.7 1.37e-01 8.99e-03f  1
 486r 1.8521780e+01 1.24e+01 1.72e+04  -2.1 2.05e+01  -1.1 1.68e-02 3.43e-02f  1
 487r 1.8417401e+01 1.22e+01 2.81e+04  -2.1 3.07e+01  -1.6 1.56e-01 1.72e-02f  1
 488r 1.8315244e+01 9.79e+00 2.91e+04  -2.1 9.83e+01  -2.1 3.58e-02 1.81e-02f  1
 489r 1.8172264e+01 9.19e+00 4.02e+04  -2.1 1.94e+01  -1.7 1.97e-01 2.44e-02f  1
iter    objective    inf_pr   inf_du lg(mu)  ||d||  lg(rg) alpha_du alpha_pr  ls
 490r 1.8152205e+01 9.12e+00 3.97e+04  -2.1 6.25e+01  -1.2 2.13e-03 8.51e-03f  1
 491r 1.7850832e+01 7.69e+00 4.67e+04  -2.1 1.81e+01  -1.7 2.11e-01 5.06e-02f  1
 492r 1.7675157e+01 2.17e+00 4.34e+04  -2.1 1.18e+02  -2.2 2.04e-03 2.95e-02f  1
 493r 1.7340070e+01 1.45e+00 4.26e+04  -2.1 1.70e+01  -1.8 9.76e-02 5.97e-02f  1
 494r 1.6919112e+01 1.34e+00 5.67e+04  -2.1 3.09e+01  -2.2 3.41e-01 7.21e-02f  1
 495r 1.5823651e+01 1.02e+00 3.72e+04  -2.1 1.36e+01  -1.8 4.52e-02 2.34e-01f  1
 496r 1.5677543e+01 9.89e-01 4.26e+04  -2.1 3.10e+01  -2.3 1.60e-01 3.25e-02f  1
 497r 1.5309129e+01 8.96e-01 3.89e+04  -2.1 1.42e+01  -1.9 1.06e-01 9.31e-02f  1
 498r 1.5090919e+01 8.45e-01 3.64e+04  -2.1 4.69e+02    -  6.33e-02 6.24e-02f  1
 499r 1.4903618e+01 1.40e+00 3.59e+03  -2.1 4.40e-01   0.4 9.44e-01 7.99e-01f  1
iter    objective    inf_pr   inf_du lg(mu)  ||d||  lg(rg) alpha_du alpha_pr  ls
 500r 1.4295820e+01 2.77e+00 1.08e+02  -2.1 5.92e-01  -0.1 1.00e+00 1.00e+00f  1
 501r 1.3183658e+01 3.62e+00 7.59e+02  -2.1 8.08e-01  -0.6 9.77e-01 1.00e+00f  1
 502r 1.2997620e+01 3.20e+00 4.86e+02  -2.1 2.27e+00  -1.1 1.41e-01 1.33e-01f  1
 503r 1.2828070e+01 3.02e+00 5.05e+03  -2.1 3.82e+02    -  1.41e-01 5.91e-02f  1
 504r 1.2732531e+01 2.60e+00 3.80e+03  -2.1 2.19e+00  -0.6 3.44e-02 1.46e-01f  1
 505r 1.2732482e+01 2.48e+00 3.73e+03  -2.1 1.40e-02   4.3 2.70e-02 4.57e-02f  1
 506r 1.2732209e+01 1.40e+00 2.71e+03  -2.1 3.05e-03   3.8 3.20e-01 4.34e-01h  1
 507r 1.2732364e+01 8.98e-01 1.75e+03  -2.1 1.89e-03   3.4 3.55e-01 3.61e-01f  1
 508r 1.2731736e+01 8.14e-01 2.83e+03  -2.1 5.34e-02   2.9 2.26e-02 9.33e-02f  1
 509r 1.2731718e+01 7.60e-01 2.45e+03  -2.1 3.18e-03   5.1 2.25e-01 6.65e-02f  1
iter    objective    inf_pr   inf_du lg(mu)  ||d||  lg(rg) alpha_du alpha_pr  ls
 510r 1.2731606e+01 2.63e-01 1.07e+03  -2.1 8.67e-04   4.6 1.00e+00 6.54e-01f  1
 511r 1.2732028e+01 5.22e-03 2.52e+01  -2.1 8.05e-04   4.2 1.00e+00 1.00e+00f  1
 512r 1.2732796e+01 5.56e-03 1.01e+01  -2.1 6.15e-04   3.7 1.00e+00 1.00e+00f  1
 513r 1.2733222e+01 6.15e-03 2.50e+00  -2.1 1.58e-03   3.2 1.00e+00 1.00e+00f  1
 514r 1.2732799e+01 7.17e-03 1.53e+00  -2.1 2.91e-03   2.7 1.00e+00 1.00e+00f  1
 515r 1.2451823e+01 9.02e-02 6.26e+03  -2.1 3.12e+02    -  2.13e-01 1.12e-01f  1
 516r 1.2407863e+01 9.01e-02 1.12e+04  -2.1 3.16e+02    -  1.22e-01 1.53e-02h  2
 517r 1.2370679e+01 9.05e-02 1.83e+04  -2.1 2.56e+02    -  2.03e-01 1.84e-02h  4
 518r 1.2341241e+01 9.07e-02 1.91e+04  -2.1 2.33e+02    -  5.54e-02 1.74e-02h  5
 519r 1.2315244e+01 9.00e-02 1.98e+04  -2.1 2.18e+02    -  4.42e-02 1.03e-02h  5
iter    objective    inf_pr   inf_du lg(mu)  ||d||  lg(rg) alpha_du alpha_pr  ls
 520r 1.2285288e+01 8.98e-02 2.02e+04  -2.1 2.05e+02    -  4.49e-02 1.60e-02h  5
 521r 1.2282385e+01 5.68e-02 6.09e+02  -2.1 7.18e-03   2.2 1.00e+00 3.67e-01h  1
 522r 1.2250183e+01 5.67e-02 3.28e+03  -2.1 2.39e+02    -  6.39e-02 8.77e-03h  5
 523r 1.2232434e+01 5.66e-02 3.64e+03  -2.1 3.13e+02    -  1.01e-02 1.97e-03f  6
 524r 1.2211421e+01 5.65e-02 4.10e+03  -2.1 2.37e+02    -  1.37e-02 3.37e-03h  6
 525r 1.2191246e+01 5.64e-02 4.67e+03  -2.1 2.43e+02    -  1.60e-02 2.75e-03h  6
 526r 1.2169314e+01 5.62e-02 5.47e+03  -2.1 2.13e+02    -  2.15e-02 2.99e-03h  6
 527r 1.2146004e+01 5.61e-02 6.75e+03  -2.1 1.79e+02    -  3.42e-02 3.42e-03h  6
 528r 1.2124900e+01 5.60e-02 8.83e+03  -2.1 1.57e+02    -  5.58e-02 2.90e-03h  6
 529r 1.2120349e+01 2.86e-02 2.39e+02  -2.1 5.88e-03   1.8 1.00e+00 4.90e-01h  1
iter    objective    inf_pr   inf_du lg(mu)  ||d||  lg(rg) alpha_du alpha_pr  ls
 530r 1.2108367e+01 6.48e-03 3.36e+01  -2.1 8.81e-03   1.3 1.00e+00 9.21e-01f  1
 531r 1.1896150e+01 6.93e-03 2.52e+02  -2.1 1.61e+03    -  2.90e-03 1.39e-03f  3
 532r 1.1823207e+01 6.76e-03 9.66e-01  -2.1 2.93e-02   0.8 1.00e+00 1.00e+00f  1
 533r 1.1745819e+01 3.07e-02 3.33e+00  -2.1 8.03e-02   0.3 1.00e+00 1.00e+00f  1
 534r 1.1520091e+01 1.71e-01 2.53e+01  -2.1 2.11e-01  -0.1 1.00e+00 1.00e+00f  1
 535r 1.0837857e+01 5.02e-01 1.41e+02  -2.1 6.16e-01  -0.6 1.00e+00 1.00e+00f  1
 536r 1.0231167e+01 2.67e-01 1.10e+03  -2.1 7.06e-01  -0.2 1.00e+00 4.68e-01h  2
 537r 9.2031821e+00 1.27e-01 2.08e+02  -2.1 6.05e-01   0.2 1.00e+00 5.50e-01f  1
 538r 8.0651760e+00 1.03e-01 8.34e+02  -2.1 5.67e-01  -0.2 8.21e-01 4.80e-01f  1
 539r 7.4789021e+00 7.72e-02 5.21e+02  -2.1 2.69e-01   0.2 1.00e+00 3.95e-01f  1
iter    objective    inf_pr   inf_du lg(mu)  ||d||  lg(rg) alpha_du alpha_pr  ls
 540r 6.9451687e+00 8.75e-03 1.77e+01  -2.1 7.55e-02   0.6 1.00e+00 9.68e-01f  1
 541r 6.6720934e+00 6.10e-03 1.77e+02  -2.1 4.00e-01   0.1 4.80e-01 6.15e-01f  1
 542r 6.6440776e+00 6.01e-03 3.56e+02  -2.1 1.07e+00  -0.3 2.40e-01 6.55e-02f  1
 543r 5.5088282e+00 4.94e-02 1.22e+03  -2.1 2.00e+00  -0.8 1.00e+00 7.92e-01f  1
 544r 4.9189065e+00 6.74e-02 1.42e+03  -2.1 1.87e+01  -1.3 7.99e-02 3.01e-02f  1
 545r 4.5721872e+00 6.54e-02 1.41e+03  -2.1 1.36e+01  -1.8 4.24e-02 3.86e-02f  1
 546r 4.5742739e+00 6.53e-02 6.82e+03  -2.1 3.31e+02    -  2.24e-01 2.21e-03h  6
 547r 4.5798731e+00 6.52e-02 9.22e+03  -2.1 3.12e+02    -  1.36e-01 1.52e-03h  7
 548r 4.5845604e+00 6.51e-02 1.28e+04  -2.1 2.99e+02    -  2.39e-01 1.35e-03h  8
 549r 4.5864240e+00 6.49e-02 1.40e+04  -2.1 2.64e+02    -  1.23e-01 2.53e-03h  8
iter    objective    inf_pr   inf_du lg(mu)  ||d||  lg(rg) alpha_du alpha_pr  ls
 550r 4.2291152e+00 4.36e+00 9.68e+03  -2.1 7.70e+00  -2.3 4.07e-01 3.06e-01f  1
 551r 4.2267554e+00 4.31e+00 1.09e+04  -2.1 2.89e+02    -  1.60e-01 1.11e-02h  6
 552r 3.5837492e+00 2.75e+00 3.87e+03  -2.1 4.65e+00  -1.8 8.56e-01 5.94e-01f  1
 553r 3.2269119e+00 2.69e+00 3.99e+03  -2.1 4.86e+02    -  4.34e-02 1.89e-02f  2
 554r 2.6510452e+00 2.50e+00 3.74e+03  -2.1 2.10e+01  -2.3 9.27e-02 7.23e-02f  1
 555r 2.4435494e+00 1.76e+00 1.57e+03  -2.1 1.63e+00  -1.0 1.00e+00 2.93e-01f  1
 556r 1.9215524e+00 5.57e-01 1.04e+03  -2.1 2.86e+00  -1.5 1.00e+00 7.02e-01f  1
 557r 1.9327573e+00 5.50e-01 7.11e+02  -2.1 1.43e+01  -1.9 2.01e-02 1.35e-02h  2
 558r 1.9567583e+00 2.85e-03 9.52e+00  -2.1 5.48e-02   0.3 1.00e+00 1.00e+00h  1
 559r 1.9159380e+00 2.87e-03 2.91e+01  -2.1 1.64e-01  -0.2 1.00e+00 1.00e+00f  1
iter    objective    inf_pr   inf_du lg(mu)  ||d||  lg(rg) alpha_du alpha_pr  ls
 560r 1.8997111e+00 2.88e-03 1.37e-01  -2.1 6.09e-02   0.3 1.00e+00 1.00e+00h  1
 561r 1.4745828e+00 7.10e-03 1.91e+03  -3.5 4.10e-01  -0.2 3.76e-01 3.02e-01f  1
 562r 1.4476788e+00 7.36e-03 1.84e+03  -3.5 2.06e-01   0.2 2.68e-01 2.01e-01f  1
 563r 1.3174421e+00 6.04e-03 2.68e+03  -3.5 3.99e-01  -0.3 2.60e-01 2.09e-01f  1
 564r 1.2690935e+00 5.54e-03 8.73e+03  -3.5 9.23e-01  -0.8 2.28e-01 8.36e-02f  1
 565r 1.2018223e+00 4.22e-03 5.92e+03  -3.5 4.65e-01  -0.3 1.83e-01 3.57e-01f  1
 566r 1.1128611e+00 4.85e-03 1.42e+03  -3.5 9.47e-01  -0.8 2.05e-01 1.42e-01f  1
 567r 1.0157663e+00 4.87e-03 2.62e+03  -3.5 3.47e+00  -1.3 4.59e-02 1.84e-02f  1
 568r 8.4504252e-01 1.02e-02 8.85e+03  -3.5 1.05e+00  -0.9 3.12e-01 2.25e-01f  1
 569r 7.1914543e-01 7.00e-03 5.54e+03  -3.5 5.07e-01  -0.4 1.28e-01 3.25e-01f  1
iter    objective    inf_pr   inf_du lg(mu)  ||d||  lg(rg) alpha_du alpha_pr  ls
 570r 6.5457836e-01 5.54e-03 3.11e+03  -3.5 2.13e-01  -0.0 3.91e-01 2.64e-01f  1
 571r 6.2090512e-01 5.22e-03 1.14e+04  -3.5 9.72e-02   0.4 2.68e-01 5.95e-01f  1
 572r 5.0984283e-01 3.52e-03 8.83e+03  -3.5 2.10e-01  -0.1 2.90e-01 3.28e-01f  1
 573r 4.7755614e-01 3.43e-03 6.18e+03  -3.5 3.47e-01  -0.5 1.45e-01 5.00e-02f  1
 574r 3.9080969e-01 3.83e-03 6.95e+03  -3.5 1.27e+00  -1.0 9.57e-03 6.86e-02f  1
 575r 3.4503955e-01 3.85e-03 2.83e+03  -3.5 4.09e-01  -0.6 4.32e-01 7.78e-02f  1
 576r 2.0904272e-01 3.40e-03 1.82e+03  -3.5 2.03e-01  -0.2 5.33e-01 4.97e-01f  1
 577r 1.7763520e-01 3.38e-03 1.96e+03  -3.5 6.92e-02   0.3 2.82e-01 1.96e-01f  1
 578r 1.3921283e-01 3.34e-03 2.21e+03  -3.5 3.03e-02   0.7 6.43e-01 4.00e-01f  1
 579r-1.9304584e-02 3.12e-03 1.54e+03  -3.5 3.88e-01   0.2 5.18e-02 1.98e-01f  1
iter    objective    inf_pr   inf_du lg(mu)  ||d||  lg(rg) alpha_du alpha_pr  ls
 580r-6.2633109e-02 3.08e-03 1.57e+03  -3.5 5.48e-02   0.6 4.09e-01 1.93e-01f  1
 581r-8.4560428e-02 3.06e-03 1.76e+03  -3.5 3.13e-02   1.1 1.00e+00 2.81e-01f  1
 582r-1.9296788e-01 2.99e-03 1.14e+03  -3.5 7.70e-02   0.6 2.42e-01 3.51e-01f  1
 583r-2.4966470e-01 3.00e-03 8.91e+02  -3.5 1.27e-01   0.1 2.65e-01 2.20e-01f  1
 584r-3.4990799e-01 3.00e-03 7.56e+02  -3.5 2.65e-01  -0.4 1.08e-01 1.51e-01f  1
 585r-4.3744425e-01 3.00e-03 6.55e+02  -3.5 4.77e-01  -0.8 1.70e-01 1.34e-01f  1
 586r-5.0819338e-01 3.86e-03 3.97e+03  -3.5 1.92e-01  -0.4 1.00e+00 2.50e-01f  1
 587r-7.2626930e-01 2.09e-02 2.78e+03  -3.5 4.74e-01  -0.9 1.00e+00 3.62e-01f  1
 588r-8.7697725e-01 2.27e-02 1.80e+03  -3.5 1.08e+00  -1.4 3.19e-01 1.18e-01f  1
 589r-1.3502913e+00 2.69e-02 2.68e+02  -3.5 3.71e-01  -0.9 8.19e-01 6.60e-01f  1
iter    objective    inf_pr   inf_du lg(mu)  ||d||  lg(rg) alpha_du alpha_pr  ls
 590r-1.6008289e+00 2.32e-02 2.96e+02  -3.5 1.54e+00  -1.4 2.62e-01 2.08e-01f  1
 591r-1.6452597e+00 1.46e-02 5.09e+02  -3.5 5.70e-02  -0.1 7.47e-01 3.79e-01f  1
 592r-1.7346430e+00 9.38e-03 3.23e+02  -3.5 3.48e-01  -0.6 3.75e-01 4.01e-01f  1
 593r-2.6424186e+00 1.07e-02 1.27e+02  -3.5 6.32e-01  -1.0 1.00e+00 9.70e-01f  1
 594r-2.9981313e+00 2.97e-02 4.78e+02  -3.5 1.61e+01  -1.5 1.73e-01 9.06e-02f  1
 595r-3.3365580e+00 3.22e-03 5.28e+01  -3.5 2.32e-01  -0.2 9.52e-01 1.00e+00h  1
 596r-3.6493976e+00 5.08e-03 5.32e+02  -3.5 1.44e+00  -0.7 5.13e-01 2.80e-01f  1
 597r-3.8610924e+00 3.78e-03 5.75e+02  -3.5 3.98e-01  -0.2 7.00e-01 3.79e-01f  1
 598r-3.9462653e+00 3.82e-03 5.74e+02  -3.5 3.25e+00  -0.7 2.93e-02 2.11e-02f  1
 599r-4.0792191e+00 3.28e-03 6.84e+02  -3.5 4.18e-01  -0.3 6.47e-01 1.84e-01f  1
iter    objective    inf_pr   inf_du lg(mu)  ||d||  lg(rg) alpha_du alpha_pr  ls
 600r-4.5124771e+00 4.59e-03 4.26e+02  -3.5 1.31e+00  -0.8 9.54e-02 2.02e-01f  1
 601r-4.5421473e+00 3.44e-03 4.43e+02  -3.5 3.45e-01  -0.3 5.42e-01 2.49e-01h  1
 602r-4.5945732e+00 3.30e-03 3.42e+02  -3.5 4.95e-01   0.1 2.21e-01 2.28e-01f  1
 603r-4.6486387e+00 3.31e-03 2.46e+02  -3.5 1.98e-01   0.5 8.35e-01 3.89e-01f  1
 604r-4.7104035e+00 3.31e-03 2.97e+00  -3.5 5.54e-02   0.9 1.00e+00 1.00e+00f  1
 605r-4.7620954e+00 3.32e-03 1.32e+01  -3.5 3.34e-01   0.5 3.77e-01 3.51e-01f  1
 606r-4.8272551e+00 3.33e-03 1.24e+00  -3.5 8.64e-02   0.9 1.00e+00 1.00e+00f  1
 607r-4.8964058e+00 3.33e-03 4.49e+01  -3.5 3.22e-01   0.4 2.56e-01 2.95e-01f  1
 608r-4.9012605e+00 3.33e-03 4.06e+02  -3.5 6.86e-01  -0.1 1.25e-01 1.97e-02f  1
 609r-4.8991799e+00 3.30e-03 3.42e+02  -3.5 2.26e-01   0.4 4.89e-01 3.42e-01f  1
iter    objective    inf_pr   inf_du lg(mu)  ||d||  lg(rg) alpha_du alpha_pr  ls
 610r-4.9088041e+00 3.24e-03 2.86e+02  -3.5 6.28e-01  -0.1 1.01e-01 2.25e-01f  1
 611r-4.9214335e+00 3.23e-03 2.16e+02  -3.5 8.30e-01  -0.6 1.66e-01 4.73e-02f  1
 612r-4.9854178e+00 3.20e-03 2.32e+02  -3.5 1.13e+00  -1.1 2.95e-02 8.90e-02f  1
 613r-5.1280097e+00 3.16e-03 2.12e+02  -3.5 2.15e+00  -1.6 9.63e-02 9.11e-02f  1
 614r-5.1785018e+00 1.10e-02 2.11e+02  -3.5 4.14e+02  -2.0 2.00e-03 1.93e-03f  1
 615r-5.3936849e+00 1.15e-02 4.95e+02  -3.5 2.56e+00  -1.6 7.74e-02 1.55e-01f  1
 616r-5.5500276e+00 9.59e-03 5.91e+02  -3.5 8.73e-01  -1.2 1.53e-01 2.13e-01f  1
 617r-5.5910136e+00 3.24e-03 1.75e+02  -3.5 2.42e-01   0.1 1.00e+00 7.38e-01f  1
 618r-5.5930761e+00 3.23e-03 5.43e+02  -3.5 5.78e+00  -0.3 1.52e-02 3.87e-03f  1
 619r-5.6171725e+00 3.13e-03 2.94e+02  -3.5 2.77e-01   0.1 8.35e-01 3.04e-01f  1
iter    objective    inf_pr   inf_du lg(mu)  ||d||  lg(rg) alpha_du alpha_pr  ls
 620r-5.6512879e+00 2.95e-03 2.37e+02  -3.5 9.03e-01  -0.4 8.27e-02 1.63e-01f  1
 621r-5.9361925e+00 2.90e-03 2.44e+02  -3.5 3.98e-01  -0.9 4.77e-01 6.62e-01f  1
 622r-6.0919967e+00 2.89e-03 1.21e+02  -3.5 1.37e+00  -1.3 2.55e-01 1.93e-01f  1
 623r-6.4360566e+00 2.89e-03 1.32e+03  -3.5 4.77e-01  -0.9 4.66e-01 8.88e-01f  1
 624r-6.4501980e+00 2.89e-03 9.70e+02  -3.5 1.81e-01  -0.5 4.53e-01 9.91e-02f  1
 625r-6.8359553e+00 3.97e-03 3.05e+01  -3.5 5.66e-01  -1.0 1.00e+00 1.00e+00f  1
 626r-7.0207856e+00 6.97e-03 4.25e+02  -3.5 2.10e+00  -1.4 1.03e-01 2.41e-01f  1
 627r-7.0678963e+00 6.18e-03 3.63e+03  -3.5 1.37e+00  -1.0 9.45e-02 1.27e-01f  1
 628r-7.1329130e+00 3.16e-03 5.22e+03  -3.5 3.62e-01  -0.6 4.10e-01 5.31e-01f  1
 629r-7.1445340e+00 2.91e-03 3.91e+03  -3.5 2.20e-01  -0.2 2.68e-01 2.93e-01f  1
iter    objective    inf_pr   inf_du lg(mu)  ||d||  lg(rg) alpha_du alpha_pr  ls
 630r-7.1512382e+00 2.92e-03 2.09e+03  -3.5 5.67e-02   0.3 3.72e-01 4.98e-01f  1
 631r-7.1781220e+00 2.93e-03 1.64e+03  -3.5 1.23e-01  -0.2 4.76e-01 6.23e-01f  1
 632r-7.1984072e+00 2.93e-03 2.53e+03  -3.5 8.35e-01  -0.7 9.98e-02 1.47e-01f  1
 633r-7.2089307e+00 2.94e-03 1.09e+03  -3.5 2.26e-01  -0.3 2.95e-01 1.98e-01f  1
 634r-7.2163580e+00 2.94e-03 1.38e+03  -3.5 6.70e-02   0.2 2.12e-01 3.75e-01f  1
 635r-7.2290903e+00 2.94e-03 1.62e+03  -3.5 4.09e-01  -0.3 1.65e-01 2.24e-01f  1
 636r-7.2399393e+00 2.94e-03 6.49e+02  -3.5 1.37e-01   0.1 6.18e-01 5.86e-01f  1
 637r-7.2421197e+00 2.94e-03 4.60e+02  -3.5 4.85e-02   0.5 2.85e-01 3.22e-01f  1
 638r-7.2416322e+00 2.95e-03 7.06e+02  -3.5 5.27e-01   0.1 3.88e-02 1.73e-01f  1
 639r-7.2408610e+00 2.95e-03 5.85e+02  -3.5 2.26e-01   0.5 2.30e-01 1.11e-01f  1
iter    objective    inf_pr   inf_du lg(mu)  ||d||  lg(rg) alpha_du alpha_pr  ls
 640r-7.2446450e+00 2.95e-03 4.42e+02  -3.5 2.34e-01   0.0 1.98e-01 2.32e-01f  1
 641r-7.2439222e+00 2.95e-03 2.89e+02  -3.5 9.71e-02   0.4 5.80e-01 3.15e-01f  1
 642r-7.2387224e+00 2.95e-03 2.84e+02  -3.5 1.58e+00  -0.0 2.81e-02 3.14e-02f  1
 643r-7.2379472e+00 2.95e-03 8.66e+02  -3.5 1.13e-01   0.4 1.00e+00 2.58e-01f  1
 644r-7.2207091e+00 2.95e-03 3.55e+02  -3.5 8.30e-01  -0.1 1.74e-01 3.03e-01f  1
 645r-7.2181188e+00 2.95e-03 2.36e+02  -3.5 1.13e+00  -0.6 3.25e-01 4.04e-01f  1
 646r-7.1923506e+00 5.81e-03 2.16e+02  -3.5 4.65e+00  -1.0 8.79e-02 8.54e-02f  1
 647r-7.3358586e+00 3.98e-03 6.13e+02  -3.5 1.00e+00  -1.5 3.21e-01 2.29e-01f  1
 648r-7.6768667e+00 1.96e-02 1.94e+02  -3.5 2.54e+00  -2.0 2.35e-01 3.06e-01f  1
 649r-7.7434309e+00 1.94e-02 1.68e+02  -3.5 1.30e+01  -2.5 5.31e-02 1.40e-02f  1
iter    objective    inf_pr   inf_du lg(mu)  ||d||  lg(rg) alpha_du alpha_pr  ls
 650r-7.9942017e+00 6.28e-03 2.55e+02  -3.5 4.79e-01  -1.1 1.00e+00 9.17e-01f  1
 651r-8.0669274e+00 5.84e-03 8.16e+02  -3.5 1.06e+00  -1.6 4.29e-01 1.42e-01f  1
 652r-8.2870271e+00 5.42e-03 1.48e+01  -3.5 4.56e-01  -1.2 1.00e+00 1.00e+00f  1
 653r-8.3211501e+00 5.34e-03 2.55e+02  -3.5 2.12e+00  -1.7 2.35e-01 5.68e-02h  1
 654r-8.4712286e+00 1.10e-02 9.12e+01  -3.5 3.06e+00  -2.2 1.96e-01 2.69e-01f  1
 655r-8.5192677e+00 1.25e-02 9.83e+02  -3.5 1.66e+01  -2.6 2.42e-02 2.00e-02f  1
 656r-8.5191857e+00 1.10e-02 9.73e+02  -3.5 3.65e-04   5.2 1.66e-01 1.20e-01h  1
 657r-8.5190905e+00 1.04e-02 9.50e+02  -3.5 3.57e-04   6.5 1.64e-02 5.60e-02h  1
 658r-8.5190706e+00 1.02e-02 1.25e+03  -3.5 9.52e-05   7.9 6.33e-02 1.96e-02h  1
 659r-8.5190544e+00 9.95e-03 1.07e+03  -3.5 2.59e-04   7.4 2.23e-02 2.43e-02f  1
iter    objective    inf_pr   inf_du lg(mu)  ||d||  lg(rg) alpha_du alpha_pr  ls
 660r-8.5189772e+00 9.19e-03 1.31e+03  -3.5 1.50e-04   6.9 4.42e-02 7.64e-02h  1
 661r-8.5189118e+00 7.99e-03 1.00e+03  -3.5 6.85e-05   7.3 1.44e-01 1.30e-01h  1
 662r-8.5188591e+00 7.33e-03 8.86e+02  -3.5 8.66e-05   6.9 9.57e-02 8.22e-02h  1
 663r-8.5182038e+00 3.78e-03 1.09e+03  -3.5 2.52e-04   6.4 1.64e-01 4.85e-01f  1
 664r-8.5181318e+00 3.67e-03 9.24e+02  -3.5 1.32e-03   5.9 9.42e-02 2.94e-02f  1
 665r-8.5180883e+00 3.42e-03 1.69e+03  -3.5 2.42e-04   5.4 7.90e-01 6.65e-02f  1
 666r-8.5181715e+00 3.00e-03 9.14e+02  -3.5 4.52e-04   5.0 8.73e-02 2.32e-01f  1
 667r-8.5181706e+00 3.00e-03 1.75e+04  -3.5 5.70e-04   6.3 3.72e-01 2.90e-03f  1
 668r-8.5181228e+00 3.00e-03 1.88e+04  -3.5 7.91e-04   5.8 5.35e-01 3.11e-01f  1
 669r-8.5181292e+00 3.00e-03 2.90e+04  -3.5 2.27e-03   5.3 4.75e-01 2.14e-01f  1
iter    objective    inf_pr   inf_du lg(mu)  ||d||  lg(rg) alpha_du alpha_pr  ls
 670r-8.5180458e+00 3.00e-03 3.12e+04  -3.5 1.26e-05   7.6 1.15e-01 5.32e-01h  1
 671r-8.5179840e+00 3.00e-03 2.01e+04  -3.5 3.78e-06   8.0 5.78e-01 1.00e+00h  1
 672r-8.5179678e+00 3.00e-03 1.41e+04  -3.5 3.00e-05   7.5 1.00e+00 2.86e-01f  1
 673r-8.5179410e+00 3.00e-03 3.71e+03  -3.5 3.99e-06   7.0 1.00e+00 8.36e-01f  1
 674r-8.5179432e+00 3.00e-03 3.50e+01  -3.5 9.64e-06   6.6 1.00e+00 1.00e+00f  1
 675r-8.5180233e+00 3.00e-03 2.68e+02  -3.5 2.09e-05   6.1 1.00e+00 6.98e-01f  1
 676r-8.5183192e+00 3.00e-03 1.97e+01  -3.5 4.94e-05   5.6 1.00e+00 9.77e-01f  1
 677r-8.5186040e+00 3.00e-03 2.21e+02  -3.5 1.02e-04   5.1 1.00e+00 6.55e-01f  1
 678r-8.5191860e+00 3.00e-03 5.18e+02  -3.5 2.57e-04   4.7 1.00e+00 5.23e-01f  1
 679r-8.5195928e+00 3.00e-03 1.28e+03  -3.5 3.73e-04   4.2 1.00e+00 2.37e-01f  1
iter    objective    inf_pr   inf_du lg(mu)  ||d||  lg(rg) alpha_du alpha_pr  ls
 680r-8.5217206e+00 2.99e-03 1.07e+00  -3.5 2.15e-04   3.7 1.00e+00 1.00e+00f  1
 681r-8.5222243e+00 2.99e-03 2.02e-01  -3.5 1.22e-04   3.2 1.00e+00 1.00e+00f  1
 682r-8.5219522e+00 2.99e-03 8.85e-02  -3.5 1.60e-04   2.7 1.00e+00 1.00e+00f  1
 683r-8.5213161e+00 2.99e-03 3.91e-02  -3.5 2.12e-04   2.3 1.00e+00 1.00e+00h  1
 684r-8.5209431e+00 2.99e-03 2.71e-02  -3.5 4.40e-04   1.8 1.00e+00 1.00e+00h  1
 685r-8.5214483e+00 2.99e-03 3.74e-02  -3.5 1.17e-03   1.3 1.00e+00 1.00e+00f  1
 686r-8.5233748e+00 2.99e-03 3.58e-01  -3.5 3.56e-03   0.8 1.00e+00 1.00e+00f  1
 687r-8.5285316e+00 2.99e-03 3.12e+00  -3.5 1.05e-02   0.4 1.00e+00 1.00e+00f  1
 688r-8.5426005e+00 3.00e-03 2.45e+01  -3.5 2.91e-02  -0.1 1.00e+00 1.00e+00f  1
 689r-8.5785244e+00 3.00e-03 1.28e+02  -3.5 8.46e-02  -0.6 1.00e+00 1.00e+00f  1
iter    objective    inf_pr   inf_du lg(mu)  ||d||  lg(rg) alpha_du alpha_pr  ls
 690r-8.6597917e+00 3.00e-03 2.14e+02  -3.5 2.54e-01  -1.1 1.00e+00 1.00e+00f  1
 691r-8.8290274e+00 8.60e-03 5.41e+01  -3.5 7.61e-01  -1.6 1.00e+00 1.00e+00f  1
 692r-8.9225681e+00 1.18e-02 7.39e+02  -3.5 2.68e+00  -2.0 1.00e+00 2.07e-01f  1
 693r-8.9355299e+00 1.17e-02 8.72e+02  -3.5 7.47e+00  -2.5 4.48e-01 2.86e-02f  1
 694r-8.9585459e+00 2.70e-02 8.51e+02  -3.5 3.97e+01  -3.0 3.19e-02 2.55e-02f  1
 695r-9.0691447e+00 2.70e-02 7.93e+02  -3.5 1.02e+01  -2.6 5.43e-02 6.75e-02f  1
 696r-9.1209448e+00 2.37e-02 4.21e+02  -3.5 2.76e+00  -2.1 5.01e-01 4.69e-01f  1
 697r-9.3125023e+00 3.33e-02 4.05e+02  -3.5 1.26e+01  -2.6 1.85e-01 9.38e-02f  1
 698r-9.3589265e+00 3.27e-02 3.51e+02  -3.5 3.60e+00  -2.2 3.66e-01 1.68e-01f  1
 699r-9.2814051e+00 3.32e-02 5.38e+02  -3.5 8.99e+00  -2.7 3.64e-01 7.82e-02f  1
iter    objective    inf_pr   inf_du lg(mu)  ||d||  lg(rg) alpha_du alpha_pr  ls
 700r-9.1892513e+00 4.44e-02 3.32e+02  -3.5 2.25e+01  -3.1 7.47e-02 1.35e-01f  1
 701r-9.1751525e+00 2.62e-02 2.38e+02  -3.5 1.37e+00  -1.8 9.62e-01 5.18e-01f  1
 702r-9.1407857e+00 2.75e-02 1.99e+02  -3.5 3.87e+00  -2.3 3.15e-01 2.48e-01f  1
 703r-9.2394369e+00 2.87e-02 1.85e+02  -3.5 9.70e+01  -2.8 1.85e-02 7.30e-03f  1
 704r-9.3050468e+00 3.29e-02 1.81e+02  -3.5 4.72e+02  -3.2 3.27e-03 3.46e-03f  1
 705r-9.3130447e+00 3.56e-02 4.38e+02  -3.5 1.08e+01  -2.8 3.57e-01 1.43e-01f  1
 706r-9.3429024e+00 6.05e-02 1.98e+02  -3.5 2.80e+01  -3.3 5.65e-02 9.27e-02f  1
 707r-9.3481104e+00 5.85e-02 2.51e+02  -3.5 1.17e+01  -2.9 8.86e-02 6.08e-02f  1
 708r-9.3630611e+00 6.22e-02 3.00e+02  -3.5 2.92e+01  -3.3 1.37e-01 8.26e-02f  1
 709r-9.4011670e+00 9.30e-02 2.87e+02  -3.5 5.87e+01  -3.8 6.95e-02 6.51e-02f  1
iter    objective    inf_pr   inf_du lg(mu)  ||d||  lg(rg) alpha_du alpha_pr  ls
 710r-9.5163606e+00 2.73e-01 2.35e+02  -3.5 2.18e+02  -4.3 2.57e-02 8.14e-02f  1
 711r-9.5859136e+00 2.98e-01 4.18e+02  -3.5 9.23e+01  -3.9 5.17e-03 4.69e-02f  1
 712r-9.6119887e+00 2.94e-01 2.70e+02  -3.5 3.26e+01  -3.4 1.03e-01 3.54e-02f  1
 713r-9.6118529e+00 2.93e-01 4.88e+02  -3.5 1.08e+03    -  8.70e-02 4.43e-03f  1
 714r-9.5691319e+00 2.64e-01 1.24e+03  -3.5 7.48e+02    -  2.57e-01 6.85e-02f  1
 715r-9.5199055e+00 2.37e-01 1.65e+03  -3.5 5.47e+02    -  2.31e-01 6.43e-02f  1
 716r-9.3108081e+00 8.46e-01 1.03e+03  -3.5 4.00e+02    -  2.13e-01 2.79e-01f  1
 717r-9.4104863e+00 7.73e-01 9.48e+02  -3.5 4.82e+02    -  1.40e-01 1.01e-01f  1
 718r-9.4404139e+00 7.33e-01 9.52e+02  -3.5 1.93e+02    -  1.15e-01 5.75e-02h  1
 719r-9.5078768e+00 6.62e-01 1.17e+03  -3.5 1.76e+02    -  4.44e-01 1.18e-01f  1
iter    objective    inf_pr   inf_du lg(mu)  ||d||  lg(rg) alpha_du alpha_pr  ls
 720r-9.7162361e+00 7.18e-01 8.74e+02  -3.5 1.66e+02    -  7.41e-02 2.60e-01h  1
 721r-9.7055095e+00 7.84e-01 8.04e+02  -3.5 1.32e+02    -  2.92e-01 4.78e-02h  1
 722r-9.7134364e+00 7.64e-01 7.82e+02  -3.5 1.23e+02    -  2.21e-02 2.76e-02h  1
 723r-9.7302194e+00 7.17e-01 7.19e+02  -3.5 1.11e+02    -  1.33e-01 7.60e-02h  1
 724r-9.7734203e+00 6.23e-01 5.56e+02  -3.5 9.53e+01    -  8.28e-01 1.75e-01h  1
 725r-9.9702540e+00 2.22e-01 4.30e+01  -3.5 8.04e+01    -  1.00e+00 9.18e-01h  1
 726r-9.9512601e+00 1.47e-02 2.29e+00  -3.5 5.30e+00    -  1.00e+00 1.00e+00h  1
 727r-9.9504508e+00 4.53e-03 1.01e-01  -3.5 1.65e+00    -  1.00e+00 1.00e+00h  1
 728r-9.9505414e+00 4.53e-03 2.33e-04  -3.5 1.65e-01    -  1.00e+00 1.00e+00h  1
 729r-1.0625763e+01 1.33e-02 4.54e+02  -5.5 6.08e+01    -  2.20e-01 2.40e-01f  1
iter    objective    inf_pr   inf_du lg(mu)  ||d||  lg(rg) alpha_du alpha_pr  ls
 730r-1.0626506e+01 8.06e-03 3.84e+03  -5.5 3.01e-01  -1.2 3.12e-01 3.95e-01f  1
 731r-1.0613536e+01 4.58e-03 7.71e+03  -5.5 1.84e-02   1.0 2.66e-01 4.52e-01f  1
 732r-1.0609883e+01 4.58e-03 7.89e+03  -5.5 1.59e-02   1.4 1.38e-01 2.24e-01f  1
 733r-1.0609472e+01 4.58e-03 8.07e+03  -5.5 2.09e-02   1.0 7.24e-04 1.77e-02f  1
 734r-1.0609473e+01 4.58e-03 8.08e+03  -5.5 1.63e-02   5.0 3.71e-04 1.59e-03f  1
 735r-1.0609473e+01 4.58e-03 8.08e+03  -5.5 7.16e-04   9.0 7.35e-04 7.35e-04f  1
 736r-1.0609474e+01 4.58e-03 8.10e+03  -5.5 5.71e-04   8.6 1.73e-03 5.61e-03f  1
 737r-1.0609474e+01 4.58e-03 8.12e+03  -5.5 5.68e-04   8.1 1.12e-03 3.39e-03f  1
 738r-1.0609476e+01 4.58e-03 8.10e+03  -5.5 5.65e-04   7.6 1.27e-02 2.01e-02f  1
 739r-1.0609482e+01 4.58e-03 8.09e+03  -5.5 5.38e-04   7.1 2.36e-02 4.12e-02f  1
iter    objective    inf_pr   inf_du lg(mu)  ||d||  lg(rg) alpha_du alpha_pr  ls
 740r-1.0609485e+01 4.58e-03 7.08e+03  -5.5 4.68e-04   6.7 6.88e-02 2.34e-02f  1
 741r-1.0609525e+01 4.58e-03 6.77e+03  -5.5 4.84e-04   6.2 1.34e-01 1.99e-01f  1
 742r-1.0609534e+01 4.58e-03 5.60e+03  -5.5 1.63e-03   5.7 9.09e-02 1.94e-02f  1
 743r-1.0609543e+01 4.58e-03 4.84e+03  -5.5 9.57e-03   5.2 1.04e-01 1.55e-02f  1
 744r-1.0609556e+01 4.58e-03 4.77e+03  -5.5 8.59e-03   4.8 4.09e-02 1.52e-02f  1
 745r-1.0609561e+01 4.58e-03 4.97e+03  -5.5 1.75e-02   4.3 5.27e-02 5.56e-03f  1
 746r-1.0609561e+01 4.58e-03 4.53e+03  -5.5 6.05e-04   3.8 5.35e-02 1.57e-03h  1
 747r-1.0609653e+01 4.58e-03 4.34e+03  -5.5 6.03e-04   4.2 4.71e-02 1.06e-01f  1
 748r-1.0609732e+01 4.58e-03 3.35e+03  -5.5 5.37e-04   3.7 2.29e-01 2.32e-01f  1
 749r-1.0610190e+01 4.58e-03 3.47e+03  -5.5 4.12e-04   4.2 2.15e-01 5.19e-01f  1
iter    objective    inf_pr   inf_du lg(mu)  ||d||  lg(rg) alpha_du alpha_pr  ls
 750r-1.0610492e+01 4.58e-03 3.36e+03  -5.5 1.98e-04   3.7 2.05e-01 4.38e-01f  1
 751r-1.0610854e+01 4.58e-03 2.35e+03  -5.5 4.56e-04   3.2 3.75e-01 5.39e-01f  1
 752r-1.0610896e+01 4.58e-03 1.65e+03  -5.5 1.36e-03   2.7 2.91e-01 2.73e-01f  1
 753r-1.0610857e+01 4.58e-03 1.03e+03  -5.5 3.91e-03   2.3 3.08e-01 7.05e-02f  1
 754r-1.0611106e+01 4.58e-03 9.02e+02  -5.5 1.45e-03   2.7 2.47e-01 5.41e-01f  1
 755r-1.0611213e+01 4.58e-03 7.11e+02  -5.5 3.47e-03   2.2 2.28e-01 2.97e-01f  1
 756r-1.0610060e+01 4.58e-03 5.21e+02  -5.5 8.11e-03   1.7 2.33e-01 7.85e-02f  1
 757r-1.0608940e+01 4.58e-03 4.39e+02  -5.5 4.95e-03   2.2 1.56e-01 1.49e-01f  1
 758r-1.0608778e+01 4.58e-03 4.24e+02  -5.5 7.26e-02   1.7 2.65e-02 4.35e-03f  1
 759r-1.0608579e+01 4.58e-03 4.23e+02  -5.5 2.65e-02   2.1 5.87e-03 1.79e-02f  1
iter    objective    inf_pr   inf_du lg(mu)  ||d||  lg(rg) alpha_du alpha_pr  ls
 760r-1.0608566e+01 4.58e-03 4.32e+02  -5.5 1.91e-02   1.6 3.11e-01 5.89e-04f  1
 761r-1.0604574e+01 4.57e-03 2.31e+02  -5.5 3.55e-03   2.1 3.21e-01 3.94e-01f  1
 762r-1.0604354e+01 4.57e-03 3.34e+02  -5.5 1.73e-02   1.6 4.72e-02 1.73e-02f  1
 763r-1.0603613e+01 4.57e-03 7.00e+02  -5.5 3.81e-02   1.1 8.93e-02 2.31e-02f  1
 764r-1.0603020e+01 4.57e-03 9.57e+02  -5.5 8.30e-03   1.5 1.62e-01 6.93e-02f  1
 765r-1.0602674e+01 4.57e-03 8.46e+02  -5.5 2.09e-02   1.1 1.17e-01 1.11e-01f  1
 766r-1.0602363e+01 4.57e-03 7.56e+02  -5.5 8.58e-03   1.5 1.61e-01 1.18e-01f  1
 767r-1.0602792e+01 4.58e-03 6.20e+02  -5.5 2.51e-02   1.0 5.27e-02 1.51e-01f  1
 768r-1.0602610e+01 4.58e-03 5.47e+02  -5.5 9.29e-03   1.4 1.60e-01 1.20e-01f  1
 769r-1.0602735e+01 4.58e-03 5.20e+02  -5.5 2.49e-02   1.0 6.33e-02 5.07e-02f  1
iter    objective    inf_pr   inf_du lg(mu)  ||d||  lg(rg) alpha_du alpha_pr  ls
 770r-1.0603443e+01 4.58e-03 4.25e+02  -5.5 7.89e-03   1.4 3.60e-01 1.88e-01f  1
 771r-1.0603698e+01 4.58e-03 3.68e+02  -5.5 1.79e-02   0.9 4.41e-01 1.50e-01f  1
 772r-1.0599356e+01 4.58e-03 3.43e+02  -5.5 8.76e-02   0.4 5.91e-02 6.77e-02f  1
 773r-1.0598175e+01 4.58e-03 3.11e+02  -5.5 2.10e-02   0.9 1.37e-01 9.48e-02f  1
 774r-1.0596748e+01 4.58e-03 2.95e+02  -5.5 5.38e-02   0.4 1.36e-01 5.45e-02f  1
 775r-1.0596795e+01 4.58e-03 2.90e+02  -5.5 1.96e-02   0.8 1.35e-01 1.37e-02f  1
 776r-1.0595680e+01 4.58e-03 2.71e+02  -5.5 5.33e-02   0.3 2.24e-01 7.47e-02f  1
 777r-1.0595050e+01 4.58e-03 2.84e+02  -5.5 1.89e-02   0.7 2.29e-01 7.77e-02f  1
 778r-1.0591107e+01 4.58e-03 2.83e+02  -5.5 4.83e-02   0.3 2.29e-01 1.32e-01f  1
 779r-1.0590448e+01 4.58e-03 3.64e+02  -5.5 1.91e-02   0.7 3.08e-01 5.55e-02f  1
iter    objective    inf_pr   inf_du lg(mu)  ||d||  lg(rg) alpha_du alpha_pr  ls
 780r-1.0583540e+01 4.58e-03 2.97e+02  -5.5 5.31e-02   0.2 1.31e-01 1.59e-01f  1
 781r-1.0580876e+01 4.58e-03 2.76e+02  -5.5 2.15e-02   0.6 1.81e-01 1.38e-01f  1
 782r-1.0577857e+01 4.58e-03 3.41e+02  -5.5 5.62e-02   0.2 2.67e-01 5.58e-02f  1
 783r-1.0577652e+01 4.58e-03 3.07e+02  -5.5 1.61e-02   0.6 1.26e-01 2.34e-01f  1
 784r-1.0577234e+01 4.58e-03 3.35e+02  -5.5 3.52e-02   0.1 6.29e-03 1.10e-01f  1
 785r-1.0578136e+01 4.58e-03 2.43e+02  -5.5 1.41e-02   0.5 7.54e-01 4.02e-01f  1
 786r-1.0576800e+01 4.58e-03 1.80e+02  -5.5 3.46e-02   0.1 4.63e-02 1.69e-01f  1
 787r-1.0576654e+01 4.58e-03 1.94e+02  -5.5 1.30e-02   0.5 2.29e-01 4.38e-01f  1
 788r-1.0576727e+01 4.58e-03 2.62e+02  -5.5 3.56e-02   0.0 4.82e-01 8.70e-02f  1
 789r-1.0566633e+01 4.58e-03 1.66e+02  -5.5 3.91e-01  -0.5 7.32e-02 1.57e-01f  1
iter    objective    inf_pr   inf_du lg(mu)  ||d||  lg(rg) alpha_du alpha_pr  ls
 790r-1.0564143e+01 4.58e-03 1.66e+02  -5.5 2.76e-01  -0.0 1.90e-02 1.75e-02f  1
 791r-1.0559304e+01 4.57e-03 1.14e+02  -5.5 2.38e-02   0.4 1.62e-01 2.26e-01f  1
 792r-1.0558930e+01 4.57e-03 6.34e+02  -5.5 6.94e-03   0.8 1.00e+00 3.77e-02f  1
 793r-1.0558514e+01 4.57e-03 5.42e+02  -5.5 2.15e-02   0.3 4.36e-01 5.61e-02h  1
 794r-1.0557175e+01 4.57e-03 5.17e+02  -5.5 9.87e-02  -0.1 3.83e-02 4.38e-02h  1
 795r-1.0556585e+01 4.57e-03 4.19e+02  -5.5 2.73e-02   0.3 2.61e-01 1.82e-01f  1
 796r-1.0551624e+01 4.56e-03 3.49e+02  -5.5 1.61e-01  -0.2 1.39e-01 1.56e-01f  1
 797r-1.0551775e+01 4.56e-03 4.73e+02  -5.5 3.81e-02   0.2 7.23e-01 4.54e-02f  1
 798r-1.0549348e+01 4.56e-03 4.09e+02  -5.5 1.55e-01  -0.2 5.71e-02 7.86e-02f  1
 799r-1.0551231e+01 4.56e-03 3.32e+02  -5.5 4.23e-02   0.2 1.00e+00 6.71e-01f  1
iter    objective    inf_pr   inf_du lg(mu)  ||d||  lg(rg) alpha_du alpha_pr  ls
 800r-1.0551460e+01 4.56e-03 3.73e+02  -5.5 1.56e-01  -0.3 1.37e-01 1.79e-02f  1
 801r-1.0553812e+01 4.56e-03 2.39e+02  -5.5 4.15e-02   0.1 1.00e+00 3.83e-01f  1
 802r-1.0556571e+01 4.55e-03 2.40e+02  -5.5 1.52e-01  -0.3 1.66e-01 9.44e-02f  1
 803r-1.0559881e+01 4.55e-03 6.34e+02  -5.5 4.85e-02   0.1 1.00e+00 2.95e-01f  1
 804r-1.0561375e+01 4.55e-03 6.21e+02  -5.5 1.67e-01  -0.4 3.40e-02 2.56e-02f  1
 805r-1.0564303e+01 4.55e-03 8.78e+02  -5.5 4.40e-02   0.0 1.00e+00 1.21e-01f  1
 806r-1.0577421e+01 4.55e-03 7.68e+02  -5.5 1.59e-01  -0.4 6.43e-02 1.38e-01f  1
 807r-1.0581545e+01 4.55e-03 7.66e+02  -5.5 4.66e+00  -0.9 2.20e-03 2.00e-03f  1
 808r-1.0583567e+01 4.55e-03 7.51e+02  -5.5 1.77e-01  -0.5 4.55e-02 1.98e-02f  1
 809r-1.0586680e+01 4.55e-03 9.73e+02  -5.5 5.59e-01  -1.0 3.38e-03 3.36e-02f  1
iter    objective    inf_pr   inf_du lg(mu)  ||d||  lg(rg) alpha_du alpha_pr  ls
 810r-1.0586833e+01 4.56e-03 7.17e+02  -5.5 1.31e+01  -1.5 2.05e-03 4.48e-04f  1
 811r-1.0587335e+01 4.56e-03 7.03e+02  -5.5 4.94e-01  -1.0 3.63e-02 2.43e-02f  1
 812r-1.0587448e+01 4.56e-03 7.02e+02  -5.5 2.29e-01  -0.6 1.25e-02 8.33e-04f  1
 813r-1.0592477e+01 4.57e-03 6.39e+02  -5.5 6.27e-01  -1.1 3.06e-03 6.72e-02f  1
 814r-1.0592526e+01 4.57e-03 6.45e+02  -5.5 2.85e+00  -1.6 1.48e-02 6.05e-04h  1
 815r-1.0595214e+01 4.58e-03 6.08e+02  -5.5 6.12e-01  -1.1 4.89e-02 5.56e-02f  1
 816r-1.0596064e+01 4.60e-03 6.03e+02  -5.5 2.79e+00  -1.6 9.47e-03 7.97e-03f  1
 817r-1.0596713e+01 4.60e-03 6.02e+02  -5.5 7.20e-01  -1.2 1.89e-03 2.21e-03h  1
 818r-1.0596659e+01 4.60e-03 5.97e+02  -5.5 1.04e+00  -1.7 1.17e-02 9.15e-03f  1
 819r-1.0598952e+01 4.60e-03 6.07e+02  -5.5 2.68e+00  -2.1 3.75e-02 1.57e-02f  1
iter    objective    inf_pr   inf_du lg(mu)  ||d||  lg(rg) alpha_du alpha_pr  ls
 820r-1.0600826e+01 4.59e-03 6.21e+02  -5.5 1.05e+00  -1.7 1.23e-01 1.87e-02f  1
 821r-1.0609946e+01 4.59e-03 5.98e+02  -5.5 2.45e+00  -2.2 9.58e-03 2.20e-02f  1
 822r-1.0618702e+01 4.59e-03 5.68e+02  -5.5 1.11e+00  -1.8 4.74e-02 5.02e-02f  1
 823r-1.0636369e+01 4.59e-03 5.57e+02  -5.5 2.79e+00  -2.2 3.75e-02 2.43e-02f  1
 824r-1.0642431e+01 4.59e-03 5.57e+02  -5.5 1.81e+01  -2.7 7.58e-03 4.34e-03f  1
 825r-1.0659089e+01 4.59e-03 5.46e+02  -5.5 3.04e+00  -2.3 3.52e-02 1.88e-02f  1
 826r-1.0663099e+01 4.59e-03 5.45e+02  -5.5 8.79e+00  -2.8 1.31e-02 2.52e-03f  1
 827r-1.0680847e+01 4.59e-03 5.36e+02  -5.5 2.06e+00  -2.3 1.89e-02 1.72e-02f  1
 828r-1.0725859e+01 4.59e-03 5.22e+02  -5.5 6.69e+00  -2.8 7.25e-03 2.51e-02f  1
 829r-1.0749288e+01 4.59e-03 5.09e+02  -5.5 3.27e+00  -2.4 3.45e-02 2.24e-02f  1
iter    objective    inf_pr   inf_du lg(mu)  ||d||  lg(rg) alpha_du alpha_pr  ls
 830r-1.0800416e+01 5.56e-03 1.05e+03  -5.5 7.07e+00  -2.9 4.63e-03 2.78e-02f  1
 831r-1.0817902e+01 5.61e-03 7.47e+02  -5.5 1.06e+01  -3.3 1.48e-02 6.81e-03f  1
 832r-1.0838266e+01 5.61e-03 7.87e+02  -5.5 3.76e+01  -3.8 4.70e-03 7.11e-03f  1
 833r-1.0844194e+01 5.59e-03 7.86e+02  -5.5 2.87e+02  -4.3 1.16e-03 1.18e-03f  1
 834r-1.0846028e+01 5.58e-03 7.97e+02  -5.5 4.94e+01  -3.9 8.76e-03 7.65e-04f  1
 835r-1.0857589e+01 1.84e-02 7.92e+02  -5.5 3.30e+02  -4.3 9.45e-04 2.73e-03f  1
 836r-1.0860257e+01 1.84e-02 7.96e+02  -5.5 4.00e+01  -3.9 4.93e-03 1.00e-03h  1
 837r-1.0868794e+01 2.37e-02 7.96e+02  -5.5 5.72e+02  -4.4 1.05e-03 9.55e-04f  1
 838r-1.0878083e+01 2.37e-02 7.93e+02  -5.5 6.75e+01  -4.0 3.65e-03 3.87e-03f  1
 839r-1.0909698e+01 2.34e-02 7.66e+02  -5.5 3.11e+01  -3.5 1.07e-03 1.27e-02f  1
iter    objective    inf_pr   inf_du lg(mu)  ||d||  lg(rg) alpha_du alpha_pr  ls
 840r-1.0972700e+01 2.27e-02 7.53e+02  -5.5 1.35e+01  -3.1 4.61e-02 3.13e-02f  1
 841r-1.0974969e+01 2.27e-02 7.54e+02  -5.5 3.94e+01  -3.6 4.72e-03 1.48e-03h  1
 842r-1.0983653e+01 2.26e-02 7.76e+02  -5.5 1.23e+01  -3.2 7.34e-02 4.66e-03f  1
 843r-1.0989736e+01 2.25e-02 7.73e+02  -5.5 1.77e+01  -3.6 5.84e-03 3.06e-03h  1
 844r-1.1008421e+01 2.23e-02 7.66e+02  -5.5 1.34e+01  -3.2 1.67e-02 9.86e-03f  1
 845r-1.1068819e+01 2.14e-02 7.37e+02  -5.5 2.50e+00  -2.8 8.72e-02 3.88e-02f  1
 846r-1.1092348e+01 2.11e-02 7.27e+02  -5.5 2.87e+01  -3.3 1.06e-02 1.44e-02h  1
 847r-1.1194121e+01 1.97e-02 6.71e+02  -5.5 2.91e+00  -2.8 2.02e-01 6.64e-02h  1
 848r-1.1217456e+01 1.95e-02 6.64e+02  -5.5 8.52e+00  -3.3 6.07e-02 1.31e-02f  1
 849r-1.1261958e+01 1.90e-02 6.43e+02  -5.5 2.13e+01  -3.8 2.44e-02 2.70e-02f  1
iter    objective    inf_pr   inf_du lg(mu)  ||d||  lg(rg) alpha_du alpha_pr  ls
 850r-1.1262058e+01 1.89e-02 6.57e+02  -5.5 2.41e-01  -1.6 3.17e-02 5.52e-04h  1
 851r-1.1268684e+01 1.87e-02 9.94e+02  -5.5 4.22e-01  -2.0 5.88e-02 1.41e-02f  1
 852r-1.1375260e+01 1.67e-02 8.75e+02  -5.5 1.25e+00  -2.5 1.29e-01 1.07e-01f  1
 853r-1.1568636e+01 2.83e-02 7.01e+02  -5.5 3.66e+00  -3.0 6.19e-02 1.32e-01f  1
 854r-1.1592413e+01 2.82e-02 6.92e+02  -5.5 1.25e+01  -3.5 5.32e-02 1.73e-02h  1
 855r-1.1592558e+01 2.81e-02 8.00e+02  -5.5 9.21e-02  -1.2 3.69e-02 1.88e-03h  1
 856r-1.1644802e+01 2.31e-02 6.54e+02  -5.5 2.34e-01  -1.7 1.32e-01 2.48e-01f  1
 857r-1.1722326e+01 2.34e-02 5.69e+02  -5.5 7.17e-01  -2.2 2.03e-01 1.56e-01f  1
 858r-1.1845346e+01 2.95e-02 4.92e+02  -5.5 2.12e+00  -2.7 1.60e-01 1.36e-01f  1
 859r-1.1951979e+01 3.59e-02 4.40e+02  -5.5 6.09e+00  -3.2 1.41e-01 9.79e-02f  1
iter    objective    inf_pr   inf_du lg(mu)  ||d||  lg(rg) alpha_du alpha_pr  ls
 860r-1.1983860e+01 3.59e-02 4.13e+02  -5.5 1.71e+01  -3.6 1.04e-01 3.63e-02f  1
 861r-1.2002189e+01 3.56e-02 4.92e+02  -5.5 6.53e+00  -3.2 1.92e-01 1.97e-02f  1
 862r-1.2068816e+01 3.91e-02 4.30e+02  -5.5 1.91e+01  -3.7 1.32e-01 8.99e-02f  1
 863r-1.2078600e+01 1.43e-01 4.08e+02  -5.5 5.36e+01  -4.2 3.23e-02 7.15e-02f  1
 864r-1.2075544e+01 1.52e-01 4.49e+02  -5.5 9.55e+02  -4.6 4.05e-03 4.46e-04h  1
 865r-1.2072690e+01 1.63e-01 4.38e+02  -5.5 4.35e+01  -4.2 2.59e-02 2.43e-02h  1
 866r-1.2097205e+01 1.55e-01 3.84e+02  -5.5 1.85e+01  -3.8 1.33e-01 6.27e-02h  1
 867r-1.2067103e+01 1.87e-01 3.68e+02  -5.5 3.03e+01  -4.3 6.75e-02 7.90e-02f  1
 868r-1.2076562e+01 1.77e-01 3.03e+02  -5.5 1.66e+01  -3.8 1.09e-01 5.45e-02h  1
 869r-1.2061468e+01 1.79e-01 3.01e+02  -5.5 2.56e+01  -4.3 2.73e-02 3.09e-02h  1
iter    objective    inf_pr   inf_du lg(mu)  ||d||  lg(rg) alpha_du alpha_pr  ls
 870r-1.2062441e+01 1.77e-01 4.22e+02  -5.5 1.56e+01  -3.9 4.10e-02 8.77e-03h  1
 871r-1.2052160e+01 1.78e-01 3.29e+02  -5.5 2.67e+01  -4.4 9.98e-03 2.72e-02h  1
 872r-1.2054608e+01 1.72e-01 3.17e+02  -5.5 1.54e+01  -3.9 4.05e-02 3.26e-02f  1
 873r-1.2043809e+01 1.73e-01 3.09e+02  -5.5 3.99e+01  -4.4 4.72e-02 2.19e-02f  1
 874r-1.2046714e+01 1.66e-01 7.29e+02  -5.5 1.36e+01  -4.0 2.84e-01 3.98e-02h  1
 875r-1.2045914e+01 1.66e-01 6.23e+02  -5.5 6.83e+02  -4.5 6.36e-03 1.38e-04h  1
 876r-1.2055111e+01 1.56e-01 6.62e+02  -5.5 1.11e+01  -4.0 1.14e-01 8.49e-02f  1
 877r-1.2084793e+01 1.42e-01 8.83e+02  -5.5 5.48e+00  -3.6 7.87e-01 8.94e-02h  1
 878r-1.2099576e+01 4.55e-01 6.15e+02  -5.5 1.22e+01  -4.1 3.04e-01 3.40e-01h  1
 879r-1.2151533e+01 3.59e-01 4.56e+02  -5.5 4.75e+00  -3.7 1.03e-01 4.74e-01h  1
iter    objective    inf_pr   inf_du lg(mu)  ||d||  lg(rg) alpha_du alpha_pr  ls
 880r-1.2191818e+01 1.98e-01 3.24e+02  -5.5 1.78e+00  -3.2 1.00e+00 5.10e-01f  1
 881r-1.2069830e+01 2.77e+00 3.86e+02  -5.5 8.51e+00  -3.7 1.71e-01 7.14e-01f  1
 882r-1.2068566e+01 2.73e+00 5.08e+02  -5.5 3.10e+00  -3.3 9.42e-01 1.70e-02h  1
 883r-1.1944705e+01 1.59e+00 6.49e+02  -5.5 1.06e+01  -3.8 2.20e-02 3.55e-01h  1
 884r-1.1843852e+01 1.44e+00 5.26e+02  -5.5 4.51e+01  -4.2 7.85e-02 1.78e-01h  1
 885r-1.1787656e+01 1.01e+00 3.73e+02  -5.5 7.72e+00  -3.8 1.00e+00 2.88e-01h  1
 886r-1.1715060e+01 8.24e-01 4.79e+02  -5.5 1.86e+01  -4.3 5.99e-01 1.86e-01h  1
 887r-1.1703895e+01 8.06e-01 4.80e+02  -5.5 7.24e+01  -4.8 5.72e-04 2.15e-02h  1
 888r-1.1702602e+01 7.90e-01 7.86e+02  -5.5 2.03e+00  -3.4 1.00e+00 1.96e-02h  1
 889r-1.1635210e+01 4.60e-01 3.65e+02  -5.5 6.04e+00  -3.9 1.00e+00 4.17e-01h  1
iter    objective    inf_pr   inf_du lg(mu)  ||d||  lg(rg) alpha_du alpha_pr  ls
 890r-1.1530434e+01 3.01e-01 2.15e+02  -5.5 1.56e+01  -4.4 1.67e-01 3.46e-01h  1
 891r-1.1526354e+01 2.97e-01 2.15e+02  -5.5 4.46e+01  -4.9 3.18e-02 1.20e-02h  1
 892r-1.1506785e+01 2.77e-01 5.21e+02  -5.5 1.66e+01  -4.5 1.99e-01 6.83e-02h  1
 893r-1.1500659e+01 2.74e-01 5.29e+02  -5.5 5.58e+01  -4.9 1.07e-02 1.01e-02h  1
 894r-1.1488541e+01 2.73e-01 5.25e+02  -5.5 3.80e+03    -  2.47e-02 2.15e-03h  1
 895r-1.1395594e+01 2.53e-01 5.16e+02  -5.5 6.91e+02    -  2.31e-01 7.46e-02h  1
 896r-1.1131685e+01 4.78e-01 3.36e+02  -5.5 5.12e+02    -  4.01e-01 2.28e-01h  1
 897r-1.0870254e+01 5.63e-01 2.81e+02  -5.5 5.45e+02    -  2.33e-01 1.49e-01h  1
 898r-1.0713423e+01 4.98e-01 8.70e+02  -5.5 2.66e+02    -  1.10e-03 3.92e-01h  1
 899r-1.0730590e+01 4.28e-01 7.07e+02  -5.5 1.30e+02    -  3.72e-01 1.45e-01h  1
iter    objective    inf_pr   inf_du lg(mu)  ||d||  lg(rg) alpha_du alpha_pr  ls
 900r-1.0733186e+01 3.95e-01 6.26e+02  -5.5 1.10e+02    -  6.48e-01 7.92e-02h  1
 901r-1.0718241e+01 3.73e-01 2.12e+02  -5.5 1.05e+02    -  4.78e-01 1.00e+00h  1
 902r-1.0679301e+01 1.29e-01 3.25e+01  -5.5 1.77e+01    -  1.00e+00 6.93e-01h  1
 903r-1.0690425e+01 5.27e-03 7.88e-02  -5.5 8.33e+00    -  1.00e+00 1.00e+00h  1
 904r-1.0689945e+01 3.86e-03 7.33e-06  -5.5 3.64e-01    -  1.00e+00 1.00e+00h  1
 905r-1.1273990e+01 3.87e-03 2.30e+01  -6.9 6.00e+00    -  6.05e-01 6.47e-01f  1
 906r-1.1245676e+01 4.83e-03 5.83e+01  -6.9 1.61e+01  -4.5 1.73e-01 9.89e-02h  1
 907r-1.1020051e+01 2.79e-01 6.64e+01  -6.9 4.51e+01  -5.0 1.57e-01 2.33e-01h  1
 908r-1.1019229e+01 3.31e-01 5.79e+01  -6.9 2.77e+01  -4.6 2.27e-01 1.46e-01f  1
 909r-9.4409346e+00 1.31e+01 4.74e+02  -6.9 1.93e+03    -  3.13e-02 1.22e-01h  1
iter    objective    inf_pr   inf_du lg(mu)  ||d||  lg(rg) alpha_du alpha_pr  ls
 910r-9.1373785e+00 1.37e+01 5.10e+02  -6.9 3.95e+03    -  1.16e-02 1.20e-02h  1
 911r-8.9901681e+00 1.09e+01 6.84e+02  -6.9 5.52e+01  -5.0 2.44e-02 2.16e-01h  1
 912r-8.8739875e+00 1.02e+01 6.41e+02  -6.9 1.32e+02  -5.5 4.96e-02 6.38e-02h  1
 913r-8.7419339e+00 9.80e+00 6.52e+02  -6.9 2.49e+02  -6.0 5.21e-02 4.98e-02f  1
 914r-8.7053304e+00 9.78e+00 6.07e+02  -6.9 8.10e+02  -6.5 1.06e-02 2.92e-03h  1
 915r-8.5547175e+00 8.03e+00 5.08e+02  -6.9 6.18e+01  -5.1 1.18e-01 1.93e-01h  1
 916r-8.4138474e+00 7.92e+00 3.12e+02  -6.9 1.53e+02  -5.6 8.53e-03 6.09e-02h  1
 917r-8.2979442e+00 7.02e+00 2.78e+02  -6.9 7.13e+01  -5.2 1.00e-01 1.25e-01h  1
 918r-8.1272555e+00 7.28e+00 6.62e+02  -6.9 1.85e+02  -5.7 1.06e-02 5.70e-02h  1
 919r-7.9997028e+00 6.81e+00 5.95e+02  -6.9 8.26e+01  -5.2 2.18e-02 1.01e-01h  1
iter    objective    inf_pr   inf_du lg(mu)  ||d||  lg(rg) alpha_du alpha_pr  ls
 920r-7.9499535e+00 5.79e+00 5.03e+02  -6.9 3.05e+01  -4.8 9.60e-02 1.55e-01h  1
 921r-7.9447221e+00 5.74e+00 4.60e+02  -6.9 4.43e+01  -4.4 5.12e-03 8.08e-03h  1
 922r-7.7784028e+00 3.76e+00 3.34e+02  -6.9 3.42e+01  -4.9 3.48e-01 4.18e-01h  1
 923r-7.7721319e+00 3.49e+00 2.77e+02  -6.9 1.30e+01  -4.4 1.49e-01 7.33e-02h  1
 924r-7.6821361e+00 3.36e+00 3.57e+02  -6.9 5.36e+01  -4.9 2.14e-02 1.31e-01h  1
 925r-7.6736612e+00 2.37e+00 2.52e+02  -6.9 1.39e+01  -4.5 3.89e-01 2.90e-01h  1
 926r-7.4548318e+00 1.44e+00 1.83e+02  -6.9 4.18e+01  -5.0 3.91e-01 5.03e-01h  1
 927r-7.3793199e+00 1.35e+00 2.35e+02  -6.9 1.18e+02  -5.4 1.37e-01 6.20e-02h  1
 928r-7.2753692e+00 1.30e+00 2.21e+02  -6.9 3.07e+02  -5.9 5.27e-02 3.44e-02h  1
 929r-7.1649812e+00 1.23e+00 1.86e+02  -6.9 4.61e+02  -6.4 1.55e-01 4.47e-02h  1
iter    objective    inf_pr   inf_du lg(mu)  ||d||  lg(rg) alpha_du alpha_pr  ls
 930r-7.0461981e+00 9.37e-01 1.82e+02  -6.9 1.77e+03  -6.9 2.60e-02 1.27e-02h  1
 931r-6.6262122e+00 9.29e+00 1.77e+02  -6.9 5.04e+02  -6.4 2.64e-02 1.54e-01h  1
 932r-6.4933931e+00 8.14e+00 1.75e+02  -6.9 1.40e+02  -6.0 2.69e-02 1.78e-01h  1
 933r-6.4446952e+00 5.80e+00 1.75e+02  -6.9 1.03e+01  -4.7 4.71e-03 2.88e-01h  1
 934r-6.1780140e+00 4.66e+00 2.09e+02  -6.9 7.39e+01  -5.2 3.17e-02 1.72e-01h  1
 935r-6.1535258e+00 4.39e+00 3.80e+02  -6.9 5.30e+01  -5.6 1.47e-01 5.94e-02h  1
 936r-6.0281971e+00 4.01e+00 1.74e+02  -6.9 1.57e+02  -6.1 8.83e-04 9.32e-02h  1
 937r-5.6923171e+00 3.75e+00 2.67e+02  -6.9 2.22e+02  -5.7 3.21e-03 8.67e-02h  1
 938r-5.6080318e+00 3.71e+00 2.84e+02  -6.9 4.13e+02  -6.2 4.37e-03 1.31e-02h  1
 939r-4.6337430e+00 3.47e+00 5.14e+02  -6.9 1.37e+02  -5.7 1.01e-01 3.92e-01h  1
iter    objective    inf_pr   inf_du lg(mu)  ||d||  lg(rg) alpha_du alpha_pr  ls
 940r-4.5185941e+00 3.00e+00 6.28e+02  -6.9 4.33e+01  -5.3 4.82e-02 1.34e-01h  1
 941r-4.4533787e+00 2.39e+00 5.42e+02  -6.9 2.07e+01  -4.9 1.78e-01 2.00e-01h  1
 942r-4.4520720e+00 2.39e+00 5.41e+02  -6.9 2.36e+02  -5.4 1.05e-03 8.57e-04h  1
 943r-4.4512067e+00 2.39e+00 5.30e+02  -6.9 2.92e+02  -5.8 2.07e-03 5.06e-04h  1
 944r-4.4507520e+00 2.38e+00 5.13e+02  -6.9 5.47e+01  -5.4 1.71e-02 3.08e-03h  1
 945r-4.4521399e+00 2.35e+00 4.91e+02  -6.9 2.42e+01  -5.0 5.75e-02 1.48e-02h  1
 946r-4.4538061e+00 2.31e+00 4.85e+02  -6.9 2.09e+01  -4.6 6.02e-02 1.72e-02h  1
 947r-4.4502234e+00 2.29e+00 4.90e+02  -6.9 6.70e+01  -5.0 1.15e-03 8.44e-03f  1
 948r-4.4595754e+00 2.08e+00 6.30e+02  -6.9 1.84e+01  -4.6 1.41e-02 8.90e-02f  1
 949r-4.4572115e+00 2.07e+00 5.93e+02  -6.9 5.04e+01  -5.1 9.80e-03 7.07e-03h  1
iter    objective    inf_pr   inf_du lg(mu)  ||d||  lg(rg) alpha_du alpha_pr  ls
 950r-4.4570763e+00 2.04e+00 6.39e+02  -6.9 1.15e+01  -4.7 5.77e-03 1.58e-02f  1
 951r-4.4558241e+00 1.98e+00 6.38e+02  -6.9 4.70e+01  -5.2 1.87e-03 2.61e-02h  1
 952r-4.4562014e+00 1.94e+00 6.21e+02  -6.9 1.97e+01  -4.7 6.12e-02 2.32e-02f  1
 953r-4.4538987e+00 1.74e+00 6.40e+02  -6.9 7.24e+01  -5.2 2.18e-02 1.02e-01h  1
 954r-4.4549737e+00 1.65e+00 6.28e+02  -6.9 2.51e+01  -4.8 1.05e-02 5.35e-02f  1
 955r-4.4519888e+00 1.51e+00 6.62e+02  -6.9 1.12e+02  -5.3 1.73e-02 8.94e-02h  1
 956r-4.4514896e+00 1.50e+00 6.62e+02  -6.9 5.37e+01  -5.7 3.45e-02 1.88e-03h  1
 957r-4.4489171e+00 1.50e+00 6.62e+02  -6.9 3.19e+02  -6.2 1.93e-07 2.02e-03f  1
 958r-4.4488765e+00 1.50e+00 6.62e+02  -6.9 5.62e+01  -5.8 1.73e-04 1.44e-04h  1
 959r-4.4479400e+00 1.50e+00 9.98e+02  -6.9 1.74e+02  -6.3 3.00e-09 1.45e-03f  1
iter    objective    inf_pr   inf_du lg(mu)  ||d||  lg(rg) alpha_du alpha_pr  ls
 960r-4.4458070e+00 1.49e+00 9.91e+02  -6.9 6.16e+01  -5.8 2.58e-02 7.08e-03h  1
 961r-4.4380020e+00 1.48e+00 9.75e+02  -6.9 2.88e+02  -6.3 1.61e-05 7.96e-03f  1
 962r-4.4360228e+00 1.47e+00 9.70e+02  -6.9 6.97e+01  -5.9 1.35e-02 5.82e-03h  1
 963r-4.4358243e+00 1.46e+00 9.61e+02  -6.9 1.07e+02  -6.4 5.31e-02 8.89e-03h  1
 964r-4.4365989e+00 1.39e+00 9.17e+02  -6.9 2.49e+01  -5.9 4.48e-02 4.58e-02h  1
 965r-4.4301777e+00 1.22e+00 8.06e+02  -6.9 1.31e+02  -6.4 2.80e-02 1.21e-01f  1
 966r-4.4301994e+00 1.09e+00 7.18e+02  -6.9 3.28e+01  -6.0 2.21e-02 1.09e-01h  1
 967r-4.4201581e+00 1.06e+00 7.03e+02  -6.9 1.42e+02  -6.5 2.17e-03 2.11e-02f  1
 968r-4.4157293e+00 1.04e+00 6.90e+02  -6.9 6.49e+01  -6.0 4.79e-02 1.91e-02h  1
 969r-4.4135888e+00 1.04e+00 6.88e+02  -6.9 3.46e+02  -6.5 4.89e-03 2.43e-03h  1
iter    objective    inf_pr   inf_du lg(mu)  ||d||  lg(rg) alpha_du alpha_pr  ls
 970r-4.4038117e+00 1.00e+00 6.61e+02  -6.9 7.20e+01  -6.1 5.91e-02 3.87e-02h  1
 971r-4.3879086e+00 9.73e-01 6.42e+02  -6.9 1.70e+02  -6.6 7.60e-03 2.89e-02h  1
 972r-4.3851181e+00 9.71e-01 6.41e+02  -6.9 7.02e+01  -4.3 1.28e-04 1.74e-03h  1
 973r-4.3828373e+00 9.46e-01 6.24e+02  -6.9 5.58e+00  -3.9 2.19e-02 2.65e-02h  1
 974r-4.3783783e+00 9.39e-01 6.20e+02  -6.9 4.44e+01  -4.4 3.07e-03 6.37e-03h  1
 975r-4.3709516e+00 8.94e-01 5.90e+02  -6.9 9.41e+00  -4.0 2.16e-07 4.79e-02f  1
 976r-4.3664071e+00 8.92e-01 5.89e+02  -6.9 9.46e+01  -4.4 2.00e-03 2.83e-03h  1
 977r-4.3601727e+00 8.50e-01 5.61e+02  -6.9 7.40e+00  -4.0 4.32e-02 4.68e-02f  1
 978r-4.3528942e+00 7.49e-01 4.95e+02  -6.9 3.56e+00  -3.6 5.47e-02 1.19e-01f  1
 979r-4.3500610e+00 7.35e-01 4.85e+02  -6.9 1.08e+01  -4.1 3.89e-03 1.86e-02f  1
iter    objective    inf_pr   inf_du lg(mu)  ||d||  lg(rg) alpha_du alpha_pr  ls
 980r-4.3480575e+00 7.16e-01 4.73e+02  -6.9 3.66e+00  -3.6 5.28e-02 2.59e-02h  1
 981r-4.3480085e+00 7.09e-01 4.68e+02  -6.9 1.93e+00  -3.2 3.92e-02 1.04e-02h  1
 982r-4.3402684e+00 6.47e-01 4.27e+02  -6.9 4.27e+00  -3.7 1.88e-03 8.78e-02h  1
 983r-4.3398412e+00 6.42e-01 4.24e+02  -6.9 3.02e+00  -3.3 6.23e-03 7.64e-03f  1
 984r-4.3398465e+00 6.31e-01 4.17e+02  -6.9 1.74e+00  -2.8 4.94e-02 1.63e-02f  1
 985r-4.3368052e+00 6.23e-01 4.11e+02  -6.9 7.78e+00  -3.3 1.31e-03 1.29e-02h  1
 986r-4.3363380e+00 6.04e-01 3.99e+02  -6.9 2.03e+00  -2.9 5.24e-02 3.11e-02h  1
 987r-4.3354863e+00 6.03e-01 3.98e+02  -6.9 6.87e+01  -3.4 7.88e-04 3.64e-04h  1
 988r-4.3351305e+00 5.89e-01 3.88e+02  -6.9 1.83e+00  -2.9 2.85e-02 2.48e-02h  1
 989r-4.3340370e+00 5.84e-01 3.85e+02  -6.9 4.79e+00  -3.4 6.02e-03 8.47e-03h  1
iter    objective    inf_pr   inf_du lg(mu)  ||d||  lg(rg) alpha_du alpha_pr  ls
 990r-4.3333075e+00 5.83e-01 3.85e+02  -6.9 2.52e+02  -3.9 3.42e-04 1.37e-04h  1
 991r-4.3310906e+00 5.54e-01 3.66e+02  -6.9 2.95e+00  -3.5 2.81e-02 4.99e-02f  1
 992r-4.3309258e+00 5.52e-01 3.65e+02  -6.9 2.69e+00  -3.0 3.81e-02 3.34e-03h  1
 993r-4.3283590e+00 5.52e-01 3.64e+02  -6.9 5.93e+01  -3.5 1.76e-04 1.22e-03h  1
 994r-4.3245221e+00 5.05e-01 3.33e+02  -6.9 2.51e+00  -3.1 2.27e-02 8.46e-02f  1
 995r-4.3245068e+00 4.96e-01 3.28e+02  -6.9 1.40e+00  -2.7 7.23e-02 1.71e-02h  1
 996r-4.3238444e+00 4.90e-01 3.23e+02  -6.9 2.47e+00  -3.1 2.69e-02 1.29e-02f  1
 997r-4.3229516e+00 4.87e-01 3.21e+02  -6.9 6.04e+00  -3.6 1.10e-02 7.07e-03h  1
 998r-4.3224567e+00 4.75e-01 3.14e+02  -6.9 1.50e+00  -3.2 4.41e-02 2.31e-02h  1
 999r-4.3223204e+00 4.70e-01 3.10e+02  -6.9 1.51e+00  -2.8 2.43e-02 1.14e-02h  1
iter    objective    inf_pr   inf_du lg(mu)  ||d||  lg(rg) alpha_du alpha_pr  ls
1000r-4.3205486e+00 4.61e-01 3.04e+02  -6.9 3.45e+00  -3.2 3.87e-03 1.89e-02h  1

Number of Iterations....: 1000

                                   (scaled)                 (unscaled)
Objective...............:  -3.3754285900242458e+00   -4.3205485952310347e+00
Dual infeasibility......:   3.0431513436821615e+02    3.8952337199131671e+02
Constraint violation....:   1.2107450563107940e-01    4.6101004454918493e-01
Complementarity.........:   1.6222423027253055e-06    2.0764701474883909e-06
Overall NLP error.......:   3.0431513436821615e+02    3.8952337199131671e+02


Number of objective function evaluations             = 1374
Number of objective gradient evaluations             = 254
Number of equality constraint evaluations            = 1380
Number of inequality constraint evaluations          = 1374
Number of equality constraint Jacobian evaluations   = 1006
Number of inequality constraint Jacobian evaluations = 1006
Number of Lagrangian Hessian evaluations             = 1000
Total CPU secs in IPOPT (w/o function evaluations)   =   1885.509
Total CPU secs in NLP function evaluations           =     25.967

EXIT: Maximum Number of Iterations Exceeded.
