
List of user-set options:

                                    Name   Value                used
                           compl_inf_tol = 1                     yes
                         constr_viol_tol = 1                     yes
                            dual_inf_tol = 1000                  yes
                           linear_solver = ma97                  yes
                              ma86_small = 1e-30                  no
                                  ma86_u = 0.0001                 no
                              ma97_order = best                  yes
                              ma97_small = 1e-30                 yes
                            ma97_switch1 = at_start              yes
                            ma97_switch2 = od_hd_reuse           yes
                                  ma97_u = 1e-06                 yes
                               ma97_umax = 0.5                   yes
                                max_iter = 1000                  yes
                    max_refinement_steps = 20                    yes
                    min_refinement_steps = 5                     yes
                                 mu_init = 1e-06                 yes
           mu_superlinear_decrease_power = 1.25                  yes
                   nlp_scaling_min_value = 1e-08                 yes
                        option_file_name = Preset_Case_681_pf.opt  yes
                             output_file = ./tmp/Preset_Case_681_pf.output  yes
                      print_user_options = yes                   yes
        required_infeasibility_reduction = 1                      no
                                     tol = 1e-08                 yes
                   warm_start_bound_frac = 1e-20                 yes
                   warm_start_bound_push = 1e-20                 yes
                   warm_start_init_point = yes                   yes
              warm_start_mult_bound_push = 1e-20                 yes
                warm_start_mult_init_max = 1e+40                 yes
             warm_start_slack_bound_frac = 1e-20                 yes
             warm_start_slack_bound_push = 1e-20                 yes

******************************************************************************
This program contains Ipopt, a library for large-scale nonlinear optimization.
 Ipopt is released as open source code under the Eclipse Public License (EPL).
         For more information visit http://projects.coin-or.org/Ipopt
******************************************************************************

This is Ipopt version 3.12.10, running with linear solver ma97.

Number of nonzeros in equality constraint Jacobian...:   123443
Number of nonzeros in inequality constraint Jacobian.:      213
Number of nonzeros in Lagrangian Hessian.............:    49069

Total number of variables............................:    31591
                     variables with only lower bounds:    12912
                variables with lower and upper bounds:    15130
                     variables with only upper bounds:        0
Total number of equality constraints.................:    31483
Total number of inequality constraints...............:       25
        inequality constraints with only lower bounds:        4
   inequality constraints with lower and upper bounds:        0
        inequality constraints with only upper bounds:       21

iter    objective    inf_pr   inf_du lg(mu)  ||d||  lg(rg) alpha_du alpha_pr  ls
   0 -5.1919726e+00 4.02e-03 1.02e+00  -6.0 0.00e+00    -  0.00e+00 0.00e+00   0
   1 -5.1960191e+00 9.13e+00 4.66e+01  -6.0 4.05e+05    -  8.12e-05 1.15e-03h  1
   2 -5.1959761e+00 9.13e+00 4.66e+01  -6.0 2.11e+03    -  1.08e-04 3.53e-05h  1
   3 -5.1934502e+00 9.12e+00 4.65e+01  -6.0 1.43e+04    -  1.07e-04 1.10e-03h  3
   4 -5.1918712e+00 9.11e+00 1.12e+02  -6.0 3.18e+03    -  2.12e-01 1.30e-03h  4
   5 -5.1918203e+00 9.11e+00 1.26e+02  -6.0 8.01e+04    -  1.44e-03 4.43e-05h  9
   6 -5.1912947e+00 9.10e+00 1.27e+02  -6.0 2.88e+03    -  3.01e-03 4.35e-04h  9
   7r-5.1912947e+00 9.10e+00 9.99e+02   1.0 0.00e+00    -  0.00e+00 4.29e-07R 19
   8r-5.1965802e+00 9.10e+00 9.99e+02   1.0 1.07e+05    -  6.09e-07 3.51e-08f  1
   9 -5.1965548e+00 9.10e+00 1.01e+02  -6.0 5.29e+02    -  1.23e-06 2.11e-05h  1
iter    objective    inf_pr   inf_du lg(mu)  ||d||  lg(rg) alpha_du alpha_pr  ls
  10 -5.1963837e+00 9.10e+00 1.01e+02  -6.0 5.15e+02    -  8.11e-04 1.37e-04h  1
  11 -5.1947826e+00 9.09e+00 3.61e+02  -6.0 3.48e+02    -  1.64e-04 9.62e-04h  1
  12 -5.1943691e+00 9.09e+00 1.14e+02  -6.0 3.48e+02    -  9.88e-04 2.51e-04h  1
  13 -5.1896771e+00 9.06e+00 2.92e+02  -6.0 3.51e+02    -  2.56e-03 2.86e-03h  1
  14 -5.1854194e+00 9.05e+00 3.42e+02  -6.0 3.30e+02    -  3.49e-03 1.91e-03h  4
  15 -5.1834807e+00 9.04e+00 3.45e+02  -6.0 3.25e+02    -  2.98e-03 8.94e-04h  6
  16 -5.1833510e+00 9.04e+00 3.45e+02  -6.0 3.27e+02    -  1.29e-03 5.97e-05h 10
  17 -5.1832811e+00 9.04e+00 5.44e+02  -6.0 3.28e+02    -  4.27e-03 3.22e-05h 11
  18 -5.1832472e+00 9.04e+00 6.38e+02  -6.0 3.33e+02    -  1.75e-03 1.58e-05h 11
  19 -5.1468602e+00 8.89e+00 1.44e+03  -6.0 3.33e+02    -  2.34e-03 1.69e-02h  1
iter    objective    inf_pr   inf_du lg(mu)  ||d||  lg(rg) alpha_du alpha_pr  ls
  20 -5.1115471e+00 8.74e+00 1.40e+03  -6.0 3.29e+02    -  7.10e-04 1.66e-02h  1
  21 -5.1111429e+00 8.74e+00 1.40e+03  -6.0 4.06e+02    -  2.15e-03 2.25e-04h  1
  22 -5.0883630e+00 8.64e+00 1.75e+03  -6.0 3.30e+02    -  4.56e-02 1.09e-02h  1
  23 -4.9329267e+00 8.01e+00 1.58e+04  -6.0 3.25e+02    -  5.86e-02 7.35e-02h  1
  24 -4.9160095e+00 7.95e+00 1.57e+04  -6.0 2.99e+02    -  4.00e-02 7.92e-03h  1
  25 -4.8810594e+00 7.82e+00 1.54e+04  -6.0 2.94e+02    -  4.17e-03 1.61e-02h  1
  26 -4.5877721e+00 6.73e+00 1.11e+04  -6.0 2.94e+02    -  3.56e-02 1.42e-01h  1
  27 -4.4595809e+00 6.22e+00 1.01e+04  -6.0 2.77e+02    -  3.14e-01 7.73e-02h  1
  28 -3.4133220e+00 2.57e+00 9.53e+04  -6.0 2.75e+02    -  3.73e-01 7.26e-01h  1
  29 -3.8048228e+00 2.19e+00 7.80e+04  -6.0 1.43e+02    -  4.96e-01 1.00e+00h  1
iter    objective    inf_pr   inf_du lg(mu)  ||d||  lg(rg) alpha_du alpha_pr  ls
  30 -3.8051450e+00 2.19e+00 9.72e+04  -6.0 6.87e+01  -2.0 2.51e-02 6.40e-04h  1
  31 -3.8501657e+00 1.72e+00 6.05e+04  -6.0 2.86e+01  -2.5 2.27e-07 2.13e-01f  1
  32 -3.9175336e+00 9.12e-01 3.20e+04  -6.0 7.94e+00  -3.0 4.88e-02 4.69e-01h  1
  33 -4.3366437e+00 5.64e-01 5.37e+03  -6.0 1.69e+01    -  7.28e-01 8.48e-01h  1
  34 -4.8083111e+00 1.09e+00 3.78e+03  -6.0 6.60e+01    -  1.69e-01 2.84e-01f  1
  35 -5.2922211e+00 1.73e+00 2.21e+03  -6.0 7.51e+01    -  1.23e-01 3.15e-01h  1
  36 -5.3884823e+00 1.72e+00 1.04e+03  -6.0 6.09e+01    -  4.55e-01 2.44e-01h  1
  37 -5.3820511e+00 3.86e-01 1.77e+03  -6.0 4.54e+01    -  2.27e-01 7.51e-01h  1
  38 -5.4460952e+00 4.14e-01 7.30e+02  -6.0 3.79e+01    -  5.82e-01 3.92e-01h  1
  39 -5.4539865e+00 2.70e-01 8.22e+02  -6.0 8.39e+01    -  4.91e-01 6.15e-01h  1
iter    objective    inf_pr   inf_du lg(mu)  ||d||  lg(rg) alpha_du alpha_pr  ls
  40 -5.4731773e+00 6.24e-01 1.50e+03  -6.0 1.41e+04    -  1.77e-03 4.96e-03h  1
  41 -5.5337113e+00 8.32e-01 1.71e+04  -6.0 2.28e+02    -  7.70e-01 9.15e-01h  1
  42 -5.5488869e+00 1.14e+00 1.53e+04  -6.0 6.42e+02    -  1.42e-02 2.62e-01h  1
  43 -5.5451237e+00 6.70e-01 5.78e+03  -6.0 1.16e+02    -  5.53e-01 4.44e-01h  1
  44 -5.5540185e+00 3.47e-01 1.60e+03  -6.0 1.81e+02    -  4.46e-01 7.43e-01h  1
  45 -5.5583478e+00 2.35e-01 1.04e+03  -6.0 2.58e+02    -  4.99e-01 4.24e-01h  1
  46 -5.5665073e+00 2.93e-01 1.09e+03  -6.0 4.53e+02    -  9.32e-01 5.95e-01h  1
  47 -5.5667451e+00 2.84e-01 5.51e+04  -6.0 6.24e+01  -3.4 3.71e-03 3.10e-02h  1
  48 -5.5656167e+00 2.78e-01 4.24e+04  -6.0 1.05e+03    -  1.41e-02 7.15e-02H  1
  49 -5.5650005e+00 5.90e-04 8.20e+03  -6.0 2.24e+00  -3.9 1.28e-01 1.00e+00h  1
iter    objective    inf_pr   inf_du lg(mu)  ||d||  lg(rg) alpha_du alpha_pr  ls
  50 -5.5654534e+00 2.23e-02 8.01e+03  -6.0 1.48e+03    -  7.86e-03 2.41e-02h  1
  51 -5.5657532e+00 1.40e-04 2.16e+00  -6.0 1.75e+00  -4.4 1.00e+00 1.00e+00f  1
  52 -5.5666192e+00 2.34e-03 1.46e+01  -6.0 5.59e+00  -4.9 1.00e+00 1.00e+00h  1
  53 -5.5687220e+00 8.79e-03 3.62e+01  -6.0 1.45e+01  -5.3 4.52e-01 1.00e+00h  1
  54 -5.5735761e+00 5.47e-02 2.07e+01  -6.0 3.63e+01  -5.8 1.00e+00 1.00e+00h  1
  55 -5.5803437e+00 1.46e-01 4.69e+01  -6.0 8.50e+01  -6.3 5.06e-01 6.52e-01h  1
  56 -5.5799788e+00 5.41e-02 1.37e+01  -6.0 4.17e+01  -6.8 1.00e+00 1.00e+00h  1
  57 -5.5868395e+00 1.78e-01 2.31e+04  -6.0 4.45e+02  -7.2 3.09e-01 1.47e-01h  1
  58 -5.6011006e+00 6.57e-01 2.67e+02  -6.0 2.27e+02  -7.7 1.00e+00 1.00e+00h  1
  59 -5.6062733e+00 1.50e+00 1.34e+04  -6.0 5.27e+02  -8.2 3.20e-01 3.70e-01h  1
iter    objective    inf_pr   inf_du lg(mu)  ||d||  lg(rg) alpha_du alpha_pr  ls
  60 -5.6165430e+00 1.36e+01 2.51e+05  -6.0 2.12e+03  -8.7 1.80e-02 4.02e-01h  1
  61 -5.6178636e+00 1.18e+01 1.98e+05  -6.0 1.20e+03  -7.4 9.93e-02 1.55e-01h  1
  62 -5.6189458e+00 1.08e+01 3.11e+05  -6.0 4.58e+02  -7.8 2.94e-01 8.53e-02h  1
  63 -5.6222892e+00 6.64e+00 3.15e+05  -6.0 7.59e+02  -8.3 1.18e-01 4.12e-01h  1
  64 -5.6245859e+00 6.37e+00 2.96e+05  -6.0 4.65e+03    -  2.06e-01 6.07e-02h  1
  65 -5.6271255e+00 5.22e+00 2.42e+05  -6.0 1.98e+03    -  2.75e-01 1.81e-01h  1
  66 -5.6296264e+00 4.24e+00 1.97e+05  -6.0 1.58e+03    -  5.42e-01 1.88e-01h  1
  67 -5.6351245e+00 6.84e+00 1.14e+05  -6.0 1.30e+03    -  1.00e+00 4.21e-01h  1
  68 -5.6415075e+00 5.37e+00 6.42e+04  -6.0 9.77e+02    -  7.62e-01 4.41e-01h  1
  69 -5.6441572e+00 4.79e+00 5.69e+04  -6.0 7.83e+02    -  5.07e-02 1.15e-01h  1
iter    objective    inf_pr   inf_du lg(mu)  ||d||  lg(rg) alpha_du alpha_pr  ls
  70 -5.6441589e+00 4.77e+00 5.67e+04  -6.0 9.13e+03    -  1.08e-02 3.15e-03h  1
  71 -5.6549584e+00 1.53e+01 3.08e+04  -6.0 9.49e+02    -  1.57e-02 9.69e-01h  1
  72 -5.6595057e+00 1.46e+01 1.94e+04  -6.0 1.48e+03    -  3.96e-02 3.67e-01h  1
  73 -5.6653071e+00 1.01e+01 1.14e+04  -6.0 6.42e+02    -  3.62e-01 3.79e-01h  1
  74 -5.6851457e+00 3.90e+00 1.61e+04  -6.0 4.70e+02    -  7.89e-01 1.00e+00h  1
  75 -5.6892711e+00 3.05e+00 2.12e+05  -6.0 2.12e+02    -  8.72e-01 2.20e-01h  1
  76 -5.7090182e+00 1.34e+00 3.74e+03  -6.0 2.18e+02    -  1.00e+00 1.00e+00h  1
  77 -5.7189958e+00 1.18e+00 4.16e+04  -6.0 3.08e+02    -  2.92e-01 3.14e-01h  1
  78 -5.7193996e+00 1.17e+00 1.03e+06  -6.0 4.78e+02    -  3.62e-01 9.77e-03h  1
  79r-5.7193996e+00 1.17e+00 1.00e+03   0.1 0.00e+00    -  0.00e+00 3.44e-07R  3
iter    objective    inf_pr   inf_du lg(mu)  ||d||  lg(rg) alpha_du alpha_pr  ls
  80r-5.7981264e+00 1.16e+00 1.00e+03   0.1 1.80e+04    -  4.13e-06 1.58e-06f  1
  81 -5.7968494e+00 1.15e+00 1.25e+04  -6.0 1.05e+01    -  2.34e-02 1.57e-02h  1
  82 -5.7748670e+00 8.32e-01 6.31e+05  -6.0 1.07e+01    -  1.57e-02 2.74e-01h  1
  83 -5.7696193e+00 7.57e-01 5.74e+05  -6.0 8.36e+00    -  2.17e-01 8.98e-02h  1
  84 -5.7686788e+00 7.43e-01 5.63e+05  -6.0 8.08e+00    -  5.13e-01 1.82e-02h  1
  85 -5.7165626e+00 3.00e-03 5.63e+02  -6.0 8.30e+00    -  6.20e-01 9.99e-01h  1
  86 -5.7168108e+00 1.79e-03 4.46e+02  -6.0 8.29e-01    -  9.73e-01 4.05e-01h  1
  87 -5.7185623e+00 3.00e-03 1.38e+03  -6.0 9.76e+00    -  3.57e-01 1.00e+00h  1
  88 -5.7200570e+00 1.96e-02 2.31e+00  -6.0 2.66e+01    -  9.31e-01 1.00e+00h  1
  89 -5.7248129e+00 6.16e-01 2.65e+00  -6.0 1.02e+02    -  8.82e-01 6.92e-01h  1
iter    objective    inf_pr   inf_du lg(mu)  ||d||  lg(rg) alpha_du alpha_pr  ls
  90 -5.7305920e+00 3.94e-01 1.94e+00  -6.0 1.11e+02    -  9.12e-01 1.00e+00h  1
  91 -5.7340907e+00 5.21e-01 8.47e+00  -6.0 3.19e+02    -  4.13e-01 2.68e-01h  1
  92 -5.7315456e+00 7.62e-02 9.53e+00  -6.0 4.97e+01    -  9.96e-01 1.00e+00h  1
  93 -5.7316406e+00 4.94e-02 7.50e+00  -6.0 3.46e+01    -  1.00e+00 1.00e+00h  1
  94 -5.7315492e+00 3.83e-04 1.04e+03  -6.0 3.10e+00    -  7.32e-01 1.00e+00h  1
  95 -5.7314241e+00 1.49e-05 5.93e-01  -6.0 7.89e-01    -  1.00e+00 1.00e+00h  1
  96 -5.7314232e+00 4.51e-07 6.53e-05  -6.0 1.05e-01    -  1.00e+00 1.00e+00h  1
  97 -5.7314232e+00 2.84e-10 8.11e-11  -6.0 1.57e-04    -  1.00e+00 1.00e+00h  1
  98 -5.7315893e+00 3.46e+00 7.86e+01  -7.5 6.21e+02    -  4.99e-01 7.66e-01f  1
  99 -5.7315714e+00 7.90e-01 9.32e+00  -7.5 1.33e+02    -  9.68e-01 8.30e-01h  1
iter    objective    inf_pr   inf_du lg(mu)  ||d||  lg(rg) alpha_du alpha_pr  ls
 100 -5.7315638e+00 1.27e-02 1.78e-01  -7.5 2.76e+01    -  1.00e+00 1.00e+00h  1
 101 -5.7315637e+00 1.12e-06 8.93e-07  -7.5 2.79e-01    -  1.00e+00 1.00e+00h  1
 102 -5.7315637e+00 2.85e-10 4.73e-12  -7.5 1.50e-04    -  1.00e+00 1.00e+00h  1
 103 -5.7315652e+00 3.97e-03 8.53e-01  -9.0 1.90e+01    -  9.28e-01 8.35e-01h  1
 104 -5.7315654e+00 1.59e-04 2.28e-03  -9.0 3.17e+00    -  1.00e+00 1.00e+00h  1
 105 -5.7315654e+00 2.84e-10 3.55e-09  -9.0 2.59e-03    -  1.00e+00 1.00e+00h  1

Number of Iterations....: 105

                                   (scaled)                 (unscaled)
Objective...............:  -4.4777855004654823e+00   -5.7315654405958174e+00
Dual infeasibility......:   3.5527010255958594e-09    4.5474573127626998e-09
Constraint violation....:   2.8421944745643524e-10    2.8421944745643524e-10
Complementarity.........:   1.1552749236605969e-09    1.4787519022855640e-09
Overall NLP error.......:   3.5527010255958594e-09    4.5474573127626998e-09


Number of objective function evaluations             = 191
Number of objective gradient evaluations             = 106
Number of equality constraint evaluations            = 191
Number of inequality constraint evaluations          = 191
Number of equality constraint Jacobian evaluations   = 108
Number of inequality constraint Jacobian evaluations = 108
Number of Lagrangian Hessian evaluations             = 105
Total CPU secs in IPOPT (w/o function evaluations)   =    212.914
Total CPU secs in NLP function evaluations           =      4.363

EXIT: Optimal Solution Found.
