
List of user-set options:

                                    Name   Value                used
                           compl_inf_tol = 1                     yes
                         constr_viol_tol = 1                     yes
                            dual_inf_tol = 1000                  yes
                           linear_solver = ma97                  yes
                              ma86_small = 1e-30                  no
                                  ma86_u = 0.0001                 no
                              ma97_order = best                  yes
                              ma97_small = 1e-30                 yes
                            ma97_switch1 = at_start              yes
                            ma97_switch2 = od_hd_reuse           yes
                                  ma97_u = 1e-06                 yes
                               ma97_umax = 0.5                   yes
                                max_iter = 1000                  yes
                    max_refinement_steps = 20                    yes
                    min_refinement_steps = 5                     yes
                                 mu_init = 1e-06                 yes
           mu_superlinear_decrease_power = 1.25                  yes
                   nlp_scaling_min_value = 1e-08                 yes
                        option_file_name = Preset_Case_232_pf.opt  yes
                             output_file = ./tmp/Preset_Case_232_pf.output  yes
                      print_user_options = yes                   yes
        required_infeasibility_reduction = 1                      no
                                     tol = 1e-08                 yes
                   warm_start_bound_frac = 1e-20                 yes
                   warm_start_bound_push = 1e-20                 yes
                   warm_start_init_point = yes                   yes
              warm_start_mult_bound_push = 1e-20                 yes
                warm_start_mult_init_max = 1e+40                 yes
             warm_start_slack_bound_frac = 1e-20                 yes
             warm_start_slack_bound_push = 1e-20                 yes

******************************************************************************
This program contains Ipopt, a library for large-scale nonlinear optimization.
 Ipopt is released as open source code under the Eclipse Public License (EPL).
         For more information visit http://projects.coin-or.org/Ipopt
******************************************************************************

This is Ipopt version 3.12.10, running with linear solver ma97.

Number of nonzeros in equality constraint Jacobian...:   117285
Number of nonzeros in inequality constraint Jacobian.:      213
Number of nonzeros in Lagrangian Hessian.............:    47506

Total number of variables............................:    30050
                     variables with only lower bounds:    11392
                variables with lower and upper bounds:    15128
                     variables with only upper bounds:        0
Total number of equality constraints.................:    29944
Total number of inequality constraints...............:       25
        inequality constraints with only lower bounds:        4
   inequality constraints with lower and upper bounds:        0
        inequality constraints with only upper bounds:       21

iter    objective    inf_pr   inf_du lg(mu)  ||d||  lg(rg) alpha_du alpha_pr  ls
   0 -1.4543386e+01 1.67e-01 1.01e+02  -6.0 0.00e+00    -  0.00e+00 0.00e+00   0
In iteration 0, 1 Slack too small, adjusting variable bound
   1 -1.4543386e+01 1.67e-01 1.94e+03  -6.0 1.37e+10    -  1.93e-13 7.33e-19h  1
   2 -1.4550113e+01 1.66e-01 1.93e+03  -6.0 3.49e+02    -  7.84e-03 3.30e-03f  1
   3 -1.4550315e+01 1.66e-01 1.95e+03  -6.0 3.21e+02    -  2.51e-02 1.29e-04f  1
   4 -1.4608497e+01 1.61e-01 1.92e+03  -6.0 3.29e+02    -  8.81e-02 3.37e-02h  1
   5 -1.4692434e+01 2.52e-01 5.14e+03  -6.0 3.26e+02    -  1.53e-01 8.07e-02h  1
   6r-1.4692434e+01 2.52e-01 1.00e+03  -0.8 0.00e+00    -  0.00e+00 2.95e-07R  5
   7r-1.4689848e+01 2.51e-01 1.40e+03  -0.8 1.34e+03    -  1.96e-05 3.75e-06f  1
   8 -1.4689645e+01 2.51e-01 4.46e+06  -6.0 2.88e+02    -  4.60e-02 9.42e-04h  1
   9 -1.4689463e+01 2.51e-01 5.80e+06  -6.0 2.89e+02    -  9.43e-04 1.22e-03h  1
iter    objective    inf_pr   inf_du lg(mu)  ||d||  lg(rg) alpha_du alpha_pr  ls
  10 -1.4727396e+01 3.20e-01 5.53e+06  -6.0 3.78e+02    -  2.25e-03 4.71e-02h  1
  11 -1.4726843e+01 3.20e-01 5.52e+06  -6.0 3.64e+02    -  5.79e-02 1.64e-03h  1
  12 -1.4722994e+01 3.23e-01 5.45e+06  -6.0 3.69e+02    -  1.12e-01 1.19e-02h  4
  13 -1.4716496e+01 3.25e-01 5.38e+06  -6.0 3.72e+02    -  1.18e-01 1.26e-02h  4
  14 -1.4708061e+01 3.25e-01 5.32e+06  -6.0 3.78e+02    -  1.25e-01 1.12e-02h  4
  15 -1.4698100e+01 3.24e-01 5.27e+06  -6.0 3.90e+02    -  1.34e-01 9.90e-03h  4
  16 -1.4691816e+01 3.23e-01 5.24e+06  -6.0 4.06e+02    -  1.38e-01 5.11e-03h  5
  17 -1.4691024e+01 3.23e-01 5.24e+06  -6.0 4.42e+02    -  1.71e-01 6.74e-04h  8
  18 -1.4690745e+01 3.23e-01 5.24e+06  -6.0 5.21e+02    -  2.87e-01 4.17e-04h  9
  19 -1.4747479e+01 4.85e+00 4.30e+06  -6.0 6.68e+02    -  2.47e-01 1.79e-01h  1
iter    objective    inf_pr   inf_du lg(mu)  ||d||  lg(rg) alpha_du alpha_pr  ls
  20 -1.4736593e+01 4.81e+00 4.27e+06  -6.0 1.06e+03    -  1.24e-01 7.09e-03h  1
  21 -1.4730973e+01 4.79e+00 4.25e+06  -6.0 1.25e+03    -  2.15e-01 4.05e-03h  6
  22 -1.4729124e+01 4.79e+00 4.25e+06  -6.0 1.51e+03    -  1.87e-01 8.25e-04h  9
  23 -1.4729052e+01 4.79e+00 4.25e+06  -6.0 1.72e+03    -  1.28e-01 1.13e-05h 14
  24 -1.4049170e+01 8.63e+00 4.22e+06  -6.0 9.44e+03    -  5.43e-03 5.43e-03s 15
  25r-1.4049170e+01 8.63e+00 1.00e+03   0.5 0.00e+00    -  0.00e+00 0.00e+00R  1
  26r-1.4035706e+01 8.66e+00 1.00e+03   0.5 1.19e+06    -  1.15e-07 1.92e-07f  1
  27r-1.4003806e+01 8.63e+00 1.05e+03   0.5 6.48e+03    -  7.44e-06 2.76e-06f  1
  28r-1.3929066e+01 8.51e+00 1.23e+03   0.5 4.21e+03    -  1.94e-05 1.38e-05f  1
  29r-1.3715981e+01 8.01e+00 1.00e+03   0.5 3.08e+03    -  3.27e-05 5.73e-05f  1
iter    objective    inf_pr   inf_du lg(mu)  ||d||  lg(rg) alpha_du alpha_pr  ls
  30r-1.3394252e+01 7.11e+00 3.56e+03   0.5 2.94e+03    -  1.25e-05 1.19e-04f  1
  31r-1.3330139e+01 7.10e+00 1.81e+04   0.5 3.22e+01   2.0 1.89e-03 1.45e-04f  1
  32r-1.2794100e+01 7.07e+00 1.03e+04   0.5 8.09e+00   2.4 4.31e-04 3.56e-03f  1
  33r-1.2390380e+01 8.41e+00 4.77e+03   0.5 2.51e+00   2.9 2.08e-03 5.30e-03f  1
  34r-1.1328089e+01 1.66e+01 9.02e+04   0.5 8.65e+00   2.4 2.63e-03 8.52e-03f  1
  35r-8.6846572e+00 1.90e+01 8.89e+04   0.5 1.26e+01   1.9 1.62e-02 1.49e-02f  1
  36r-8.6822273e+00 1.99e+01 8.89e+04   0.5 1.93e+02   2.3 1.44e-04 1.25e-04f  1
  37r-8.8081658e+00 3.06e+01 8.58e+04   0.5 8.68e-02   4.6 1.04e-01 4.68e-02f  1
  38r-9.0792641e+00 5.78e+01 6.57e+04   0.5 3.48e-02   5.0 3.04e-01 2.50e-01f  1
  39r-1.0498088e+01 9.64e+01 2.18e+04   0.5 3.37e-02   4.5 5.86e-01 6.94e-01f  1
iter    objective    inf_pr   inf_du lg(mu)  ||d||  lg(rg) alpha_du alpha_pr  ls
  40r-1.0446796e+01 6.48e+01 2.26e+04  -0.2 1.20e-02   4.9 5.90e-01 7.36e-01f  1
  41r-1.0187804e+01 4.99e+01 3.66e+04  -0.2 3.54e-02   4.5 6.35e-01 3.44e-01f  1
  42r-1.0011818e+01 4.04e+01 2.23e+05  -0.2 1.33e-02   4.9 8.83e-01 3.91e-01f  1
  43r-9.5834581e+00 3.37e+01 8.01e+04  -0.2 3.98e-02   4.4 2.05e-01 3.42e-01f  1
  44r-9.2963607e+00 3.19e+01 6.50e+04  -0.2 1.19e-01   3.9 1.06e-01 1.38e-01f  1
  45r-9.0374084e+00 3.10e+01 8.60e+04  -0.2 3.58e-01   3.4 6.99e-01 7.33e-02f  1
  46r-8.4565754e+00 3.02e+01 1.16e+05  -0.2 1.07e+00   3.0 6.09e-01 8.31e-02f  1
  47r-7.7019867e+00 2.83e+01 4.03e+05  -0.2 4.02e-01   3.4 1.00e+00 2.21e-01f  1
  48r-4.9336797e+00 2.54e+01 3.43e+05  -0.2 1.20e+00   2.9 5.52e-01 4.52e-01f  1
  49r-4.7763656e+00 2.24e+01 1.94e+05  -0.2 5.65e-02   4.2 1.00e+00 8.31e-01f  1
iter    objective    inf_pr   inf_du lg(mu)  ||d||  lg(rg) alpha_du alpha_pr  ls
  50r-4.5955805e+00 2.20e+01 8.15e+05  -0.2 1.69e-01   3.8 1.93e-01 5.05e-01f  1
  51r-4.2403474e+00 2.19e+01 1.73e+06  -0.2 5.08e-01   3.3 1.00e+00 4.69e-01f  1
  52r-4.1320842e+00 2.19e+01 8.82e+05  -0.2 1.52e+00   2.8 1.00e+00 7.18e-02f  1
  53r-4.0331335e+00 2.19e+01 1.96e+06  -0.2 5.70e-01   3.2 1.00e+00 1.63e-01f  1
  54r-3.7726952e+00 2.18e+01 1.48e+06  -0.2 1.71e+00   2.8 5.41e-01 2.17e-01f  1
  55r-3.7655567e+00 2.18e+01 2.37e+05  -0.2 8.01e-02   4.1 5.10e-01 7.91e-02f  1
  56r-3.7281609e+00 2.17e+01 2.79e+05  -0.2 3.01e-02   4.5 1.00e+00 1.00e+00f  1
  57r-3.7198918e+00 2.17e+01 2.59e+06  -0.2 1.78e-02   4.9 7.19e-02 5.70e-01f  1
  58r-3.6786461e+00 2.17e+01 6.46e+05  -0.2 3.38e-02   4.5 5.98e-01 1.00e+00f  1
  59r-3.6637782e+00 2.17e+01 6.37e+04  -0.2 1.27e-02   4.9 8.40e-01 1.00e+00f  1
iter    objective    inf_pr   inf_du lg(mu)  ||d||  lg(rg) alpha_du alpha_pr  ls
  60r-3.6216143e+00 2.17e+01 4.20e+05  -0.2 3.80e-02   4.4 3.37e-01 1.00e+00f  1
  61r-3.6196763e+00 2.17e+01 2.17e+05  -0.2 1.78e-03   5.7 4.86e-01 1.00e+00f  1
  62r-3.6189462e+00 2.17e+01 9.63e+03  -0.2 6.68e-04   6.2 1.00e+00 1.00e+00f  1
  63r-3.6167615e+00 2.17e+01 9.97e+02  -0.2 2.00e-03   5.7 1.00e+00 1.00e+00f  1
  64r-3.4100510e+00 1.00e+01 4.81e+03  -0.9 6.02e-03   5.2 6.64e-01 7.51e-01f  1
  65r-3.1043540e+00 5.85e+00 2.24e+03  -0.9 1.81e-02   4.7 5.10e-01 4.98e-01f  1
  66r-2.9549110e+00 5.04e+00 6.68e+03  -0.9 5.44e-02   4.3 7.67e-01 2.19e-01f  1
  67r-2.7781239e+00 3.89e+00 3.86e+03  -0.9 2.04e-02   4.7 5.62e-01 4.48e-01f  1
  68r-2.6542233e+00 3.00e+00 1.24e+03  -0.9 7.65e-03   5.1 7.22e-01 6.75e-01f  1
  69r-2.4379434e+00 2.60e+00 1.46e+03  -0.9 2.29e-02   4.6 7.06e-01 8.84e-01f  1
iter    objective    inf_pr   inf_du lg(mu)  ||d||  lg(rg) alpha_du alpha_pr  ls
  70r-2.3573189e+00 2.56e+00 1.05e+04  -0.9 6.89e-02   4.2 1.00e+00 5.00e-01f  1
  71r-2.2936741e+00 2.54e+00 1.00e+03  -0.9 2.58e-02   4.6 1.00e+00 1.00e+00f  1
  72r-2.2584083e+00 2.53e+00 3.36e+03  -0.9 7.75e-02   4.1 1.00e+00 5.24e-01f  1
  73r-2.2562608e+00 2.53e+00 6.20e+03  -0.9 2.32e-01   3.6 1.00e+00 1.42e-02f  1
  74r-2.1827019e+00 2.53e+00 1.00e+03  -0.9 8.71e-02   4.1 1.00e+00 1.00e+00f  1
  75r-2.0909857e+00 2.54e+00 1.00e+03  -0.9 2.61e-01   3.6 6.03e-01 6.13e-01f  1
  76r-2.0895172e+00 2.54e+00 1.08e+04  -0.9 4.05e-01   3.1 8.92e-01 3.95e-03f  1
  77r-1.9812515e+00 2.54e+00 1.23e+02  -0.9 3.20e-02   3.5 1.00e+00 1.00e+00f  1
  78r-1.7404068e+00 2.55e+00 1.62e+03  -0.9 5.97e-02   3.1 6.20e-01 7.24e-01f  1
  79r-1.7228114e+00 3.02e+00 5.52e+04  -0.9 1.15e-02   4.4 3.88e-01 6.17e-01f  1
iter    objective    inf_pr   inf_du lg(mu)  ||d||  lg(rg) alpha_du alpha_pr  ls
  80r-1.6672593e+00 2.55e+00 1.39e+04  -0.9 5.70e-03   3.9 1.00e+00 1.00e+00f  1
  81r-1.5186944e+00 2.55e+00 2.38e+03  -0.9 8.54e-03   3.4 1.00e+00 1.00e+00f  1
  82r-1.5147510e+00 2.55e+00 6.70e+03  -0.9 2.76e-03   4.8 1.00e+00 4.66e-01f  1
  83r-1.5114818e+00 2.55e+00 1.38e+04  -0.9 1.91e-03   5.2 2.52e-01 1.00e+00f  1
  84r-1.5032770e+00 2.55e+00 3.35e+03  -0.9 7.31e-04   4.7 1.00e+00 1.00e+00f  1
  85r-1.4804349e+00 2.56e+00 7.88e+02  -0.9 1.17e-03   4.2 1.00e+00 1.00e+00f  1
  86r-1.4131259e+00 2.56e+00 4.99e+02  -0.9 3.58e-03   3.8 1.00e+00 1.00e+00f  1
  87r-1.2037718e+00 2.56e+00 3.07e+01  -0.9 1.06e-02   3.3 1.00e+00 1.00e+00f  1
  88r-5.3247318e-01 1.28e+00 9.21e+02  -1.6 4.66e-02   2.8 4.58e-01 3.89e-01f  1
  89r-2.9344979e-01 8.78e-01 3.27e+03  -1.6 1.93e-02   3.2 4.45e-01 3.11e-01f  1
iter    objective    inf_pr   inf_du lg(mu)  ||d||  lg(rg) alpha_du alpha_pr  ls
  90r 2.5624959e-02 6.87e-01 1.36e+04  -1.6 4.57e-02   2.7 8.14e-01 3.25e-01f  1
  91r-5.5983927e-02 6.56e-01 1.32e+04  -1.6 3.73e-01   2.3 1.18e-01 7.71e-02f  1
  92r-5.6381094e-02 6.11e-01 2.60e+04  -1.6 5.24e-02   2.7 1.00e+00 1.25e-01f  1
  93r-6.1719839e-02 5.56e-01 2.20e+04  -1.6 1.13e-01   2.2 3.87e-01 1.70e-01f  1
  94r-1.1959407e-01 5.28e-01 1.95e+04  -1.6 2.33e-01   1.7 6.49e-02 1.06e-01f  1
  95r-7.7596033e-02 4.58e-01 1.72e+04  -1.6 6.51e-02   2.2 9.00e-01 2.90e-01f  1
  96r-3.9528491e-02 4.36e-01 1.65e+04  -1.6 1.21e-01   1.7 3.05e-01 1.25e-01f  1
  97r 2.6595136e-03 4.02e-01 1.49e+04  -1.6 5.26e-02   2.1 1.00e+00 2.30e-01f  1
  98r 1.5164862e-01 3.67e-01 1.41e+04  -1.6 8.35e-02   1.6 1.00e+00 2.83e-01f  1
  99r 3.2344747e-01 2.87e-01 8.42e+02  -1.6 4.12e-02   2.1 1.00e+00 9.44e-01f  1
iter    objective    inf_pr   inf_du lg(mu)  ||d||  lg(rg) alpha_du alpha_pr  ls
 100  3.2064674e-01 2.85e-01 1.01e+02  -6.0 3.46e+02    -  2.19e-03 4.10e-03h  1
 101  3.2048991e-01 2.85e-01 1.01e+02  -6.0 3.11e+02    -  1.04e-02 2.30e-04h  1
 102  3.2054128e-01 2.85e-01 3.23e+02  -6.0 1.93e+03    -  3.19e-03 2.42e-04h  3
 103  3.2057797e-01 2.85e-01 8.38e+02  -6.0 1.94e+03    -  6.13e-03 2.03e-04h  3
 104  3.2059730e-01 2.85e-01 1.20e+03  -6.0 1.99e+03    -  4.36e-03 1.86e-04h  3
 105  3.2061331e-01 2.85e-01 1.88e+03  -6.0 2.02e+03    -  8.09e-03 3.40e-04h  2
 106  3.2060814e-01 2.85e-01 2.53e+03  -6.0 2.07e+03    -  7.69e-03 3.08e-04h  2
 107  3.2059426e-01 2.85e-01 3.49e+03  -6.0 2.12e+03    -  1.11e-02 3.78e-04h  4
 108  3.2034320e-01 2.87e-01 3.97e+03  -6.0 2.17e+03    -  1.42e-02 8.33e-03h  1
 109  3.2026122e-01 2.88e-01 4.04e+03  -6.0 2.95e+03    -  2.15e-03 1.55e-03h  1
iter    objective    inf_pr   inf_du lg(mu)  ||d||  lg(rg) alpha_du alpha_pr  ls
 110  3.2022952e-01 2.88e-01 6.62e+03  -6.0 3.05e+03    -  2.23e-02 2.09e-04h  1
 111  3.2023371e-01 2.88e-01 7.11e+03  -6.0 3.31e+03    -  4.64e-03 2.18e-04h  6
 112  3.2023768e-01 2.89e-01 7.83e+03  -6.0 3.37e+03    -  6.74e-03 1.34e-04h  6
 113  3.2025364e-01 2.89e-01 9.17e+03  -6.0 3.58e+03    -  1.19e-02 1.30e-04h  7
 114  3.2028688e-01 2.89e-01 9.16e+03  -6.0 3.72e+03    -  1.43e-04 1.64e-04h  7
 115  3.2030289e-01 2.89e-01 1.59e+04  -6.0 3.72e+03    -  5.99e-02 8.20e-05h  8
 116  3.2042601e-01 2.89e-01 1.59e+04  -6.0 4.13e+03    -  2.30e-04 2.30e-04s 17
 117r 3.2042601e-01 2.89e-01 1.00e+03  -2.1 0.00e+00    -  0.00e+00 0.00e+00R  1
 118r 3.2118339e-01 2.78e-01 1.06e+03  -2.1 3.31e+02    -  2.99e-02 1.00e-03f  1
 119r 3.3857849e-01 2.29e-01 7.88e+03  -2.1 1.58e+02    -  2.15e-01 2.64e-02f  1
iter    objective    inf_pr   inf_du lg(mu)  ||d||  lg(rg) alpha_du alpha_pr  ls
 120  3.3857932e-01 2.29e-01 4.77e+02  -6.0 1.69e+03    -  5.99e-03 1.25e-05h  1
 121  3.3861543e-01 2.29e-01 8.64e+02  -6.0 2.71e+03    -  3.07e-03 1.16e-04h  5
 122  3.3864405e-01 2.29e-01 8.90e+02  -6.0 2.78e+03    -  3.16e-04 1.19e-04h  5
 123  3.3867571e-01 2.29e-01 1.21e+03  -6.0 2.79e+03    -  2.54e-03 1.38e-04h  5
 124  3.3869262e-01 2.29e-01 1.79e+03  -6.0 2.84e+03    -  4.47e-03 9.24e-05h  5
 125  3.3871201e-01 2.29e-01 2.46e+03  -6.0 2.89e+03    -  5.28e-03 1.29e-04h  2
 126  3.3872906e-01 2.29e-01 3.50e+03  -6.0 2.96e+03    -  8.01e-03 1.13e-04h  1
 127  3.3875522e-01 2.29e-01 5.31e+03  -6.0 3.11e+03    -  1.43e-02 1.49e-04h  7
 128  3.3878308e-01 2.29e-01 7.05e+03  -6.0 3.35e+03    -  1.39e-02 1.16e-04h  7
 129  3.3883291e-01 2.29e-01 7.41e+03  -6.0 3.67e+03    -  2.99e-03 1.39e-04h  7
iter    objective    inf_pr   inf_du lg(mu)  ||d||  lg(rg) alpha_du alpha_pr  ls
 130  3.3886050e-01 2.29e-01 9.76e+03  -6.0 3.72e+03    -  1.85e-02 7.33e-05h  8
 131  3.3891125e-01 2.29e-01 9.93e+03  -6.0 3.92e+03    -  1.47e-03 1.05e-04h  8
 132  3.3896504e-01 2.29e-01 1.39e+04  -6.0 3.93e+03    -  3.15e-02 1.10e-04h  8
 133  3.3902541e-01 2.29e-01 1.40e+04  -6.0 4.16e+03    -  1.28e-03 9.76e-05h  9
 134  3.3908714e-01 2.29e-01 1.56e+04  -6.0 4.16e+03    -  1.29e-02 9.92e-05h  9
 135  3.3912734e-01 2.29e-01 1.58e+04  -6.0 4.23e+03    -  1.49e-03 6.05e-05h 10
 136  3.3916876e-01 2.29e-01 2.26e+04  -6.0 4.24e+03    -  5.64e-02 6.19e-05h 10
 137  3.9969493e-01 7.50e+00 5.84e+05  -6.0 4.43e+03    -  1.40e-03 7.19e-02w  1
 138  3.9952885e-01 7.50e+00 5.84e+05  -6.0 6.37e+01   2.0 2.15e-05 2.83e-05w  1
 139  3.9952085e-01 7.50e+00 5.84e+05  -6.0 7.87e+01   1.5 8.34e-06 1.28e-06w  1
iter    objective    inf_pr   inf_du lg(mu)  ||d||  lg(rg) alpha_du alpha_pr  ls
 140  3.3922787e-01 2.29e-01 2.27e+04  -6.0 6.36e+01   1.9 1.40e-03 7.02e-05h 10
 141  3.3928824e-01 2.29e-01 2.43e+04  -6.0 4.43e+03    -  1.45e-02 7.14e-05h 11
 142  3.3936406e-01 2.30e-01 2.45e+04  -6.0 4.46e+03    -  1.69e-03 8.63e-05h 11
 143  3.3944164e-01 2.30e-01 2.98e+04  -6.0 4.46e+03    -  4.86e-02 8.80e-05h 11
 144  3.3950057e-01 2.30e-01 2.99e+04  -6.0 4.53e+03    -  1.85e-03 6.01e-05h 12
 145  3.3955959e-01 2.30e-01 3.20e+04  -6.0 4.53e+03    -  2.04e-02 6.01e-05h 12
 146  3.3961991e-01 2.30e-01 3.22e+04  -6.0 4.53e+03    -  2.15e-03 6.02e-05h 12
 147  3.3968033e-01 2.30e-01 3.84e+04  -6.0 4.53e+03    -  6.39e-02 6.02e-05h 12
 148  3.3974433e-01 2.30e-01 3.86e+04  -6.0 4.52e+03    -  2.31e-03 6.08e-05h 12
 149  3.3980838e-01 2.30e-01 4.06e+04  -6.0 4.52e+03    -  2.26e-02 6.08e-05h 12
iter    objective    inf_pr   inf_du lg(mu)  ||d||  lg(rg) alpha_du alpha_pr  ls
 150  4.7291701e-01 1.42e+01 2.52e+06  -6.0 4.49e+03    -  2.72e-03 1.25e-01w  1
 151  4.7250326e-01 1.42e+01 2.52e+06  -6.0 9.11e+01   1.5 2.27e-06 7.55e-05w  1
 152  4.7250257e-01 1.42e+01 2.52e+06  -6.0 9.09e+01   1.9 9.10e-05 1.44e-07w  1
 153  3.3987338e-01 2.30e-01 4.08e+04  -6.0 9.13e+01   1.4 2.72e-03 6.11e-05h 11
 154  3.3993843e-01 2.30e-01 4.73e+04  -6.0 4.49e+03    -  7.45e-02 6.12e-05h 12
 155  3.4000639e-01 2.30e-01 4.75e+04  -6.0 4.39e+03    -  2.97e-03 6.24e-05h 12
 156  3.4007439e-01 2.30e-01 4.95e+04  -6.0 4.38e+03    -  2.49e-02 6.24e-05h 12
 157  3.4014318e-01 2.30e-01 4.98e+04  -6.0 4.32e+03    -  3.54e-03 6.29e-05h 12
 158  3.4021203e-01 2.30e-01 5.67e+04  -6.0 4.31e+03    -  8.52e-02 6.30e-05h 12
 159  3.4028365e-01 2.30e-01 5.70e+04  -6.0 4.05e+03    -  3.87e-03 6.46e-05h 12
iter    objective    inf_pr   inf_du lg(mu)  ||d||  lg(rg) alpha_du alpha_pr  ls
 160  3.4035534e-01 2.29e-01 5.92e+04  -6.0 4.04e+03    -  2.64e-02 6.47e-05h 12
 161  3.4042793e-01 2.29e-01 5.96e+04  -6.0 3.91e+03    -  4.72e-03 6.52e-05h 12
 162  3.4050064e-01 2.29e-01 6.76e+04  -6.0 3.89e+03    -  9.43e-02 6.53e-05h 12
 163  4.8548601e-01 2.31e+01 2.13e+06  -6.0 4.02e+03    -  5.14e-03 1.28e-01w  1
 164  4.8519629e-01 2.31e+01 2.12e+06  -6.0 5.21e+03    -  3.75e-02 4.04e-04w  1
 165  4.6747360e-01 2.25e+01 2.13e+06  -6.0 4.41e+03    -  6.54e-02 3.86e-02w  1
 166  3.4057143e-01 2.29e-01 6.81e+04  -6.0 8.50e+03    -  5.14e-03 6.24e-05h 11
 167  3.4064307e-01 2.29e-01 7.09e+04  -6.0 4.03e+03    -  2.77e-02 6.31e-05h 12
 168  3.4071433e-01 2.29e-01 7.15e+04  -6.0 4.09e+03    -  6.52e-03 6.24e-05h 12
 169  3.4078633e-01 2.29e-01 7.76e+04  -6.0 4.10e+03    -  5.65e-02 6.30e-05h 12
iter    objective    inf_pr   inf_du lg(mu)  ||d||  lg(rg) alpha_du alpha_pr  ls
 170  3.4082135e-01 2.29e-01 7.84e+04  -6.0 4.24e+03    -  6.75e-03 3.03e-05h 13
 171  3.4085645e-01 2.29e-01 8.36e+04  -6.0 4.27e+03    -  4.20e-02 3.04e-05h 13
 172  3.4089066e-01 2.29e-01 8.47e+04  -6.0 4.46e+03    -  7.86e-03 2.96e-05h 13
 173  3.4092491e-01 2.29e-01 9.68e+04  -6.0 4.50e+03    -  8.55e-02 2.96e-05h 13
 174  3.4095741e-01 2.29e-01 9.83e+04  -6.0 4.94e+03    -  8.72e-03 2.85e-05h 13
 175  3.4098997e-01 2.29e-01 1.05e+05  -6.0 4.99e+03    -  3.61e-02 2.87e-05h 13
 176  4.7240825e-01 1.76e+01 1.70e+06  -6.0 5.21e+03    -  1.15e-02 1.18e-01w  1
 177  4.7144725e-01 1.75e+01 1.69e+06  -6.0 3.89e+03    -  2.05e-02 2.44e-03w  1
 178  4.4551779e-01 1.77e+01 1.98e+06  -6.0 3.93e+03    -  8.66e-02 8.14e-02w  1
 179  3.4102206e-01 2.29e-01 1.07e+05  -6.0 8.43e+03    -  1.15e-02 2.88e-05h 12
iter    objective    inf_pr   inf_du lg(mu)  ||d||  lg(rg) alpha_du alpha_pr  ls
 180  3.4105418e-01 2.29e-01 1.28e+05  -6.0 5.28e+03    -  1.11e-01 2.90e-05h 13
 181  3.4107406e-01 2.29e-01 1.31e+05  -6.0 5.96e+03    -  1.25e-02 1.96e-05h 12
 182r 3.4107406e-01 2.29e-01 1.00e+03  -2.2 0.00e+00    -  0.00e+00 4.68e-07R 17
 183r 3.4177726e-01 2.27e-01 5.38e+03  -2.2 5.37e+01    -  1.78e-01 1.00e-03f  1
 184r 3.4177726e-01 2.27e-01 9.99e+02  -2.3 0.00e+00    -  0.00e+00 2.56e-07R  6
 185r 3.4181269e-01 2.26e-01 9.99e+02  -2.3 5.24e+01    -  1.80e-02 3.79e-05f  1
 186r 3.5388585e-01 1.78e-01 5.72e+03  -2.3 4.84e+01    -  1.64e-01 2.11e-02f  1
 187r 4.0208930e-01 2.56e-01 6.28e+03  -2.3 3.03e+01    -  1.49e-01 1.21e-01f  1
 188r 4.5356144e-01 2.30e-01 2.57e+04  -2.3 2.34e+01    -  5.98e-01 1.07e-01f  1
 189r 7.4201213e-01 1.82e-01 2.38e+04  -2.3 2.24e+01    -  3.93e-01 2.03e-01f  1
iter    objective    inf_pr   inf_du lg(mu)  ||d||  lg(rg) alpha_du alpha_pr  ls
 190r 1.4336038e+00 1.37e-01 2.02e+04  -2.3 2.31e+01    -  5.03e-01 2.60e-01f  1
 191r 3.8599331e+00 1.71e-01 1.14e+04  -2.3 3.13e+01    -  3.63e-01 4.45e-01f  1
 192r 6.0257934e+00 2.51e-01 7.33e+03  -2.3 4.49e+01    -  4.09e-01 4.72e-01f  1
 193r 6.0112216e+00 1.26e-01 3.56e+03  -2.3 4.38e-02   2.0 4.44e-01 4.98e-01f  1
 194r 6.0045883e+00 7.79e-03 4.17e+00  -2.3 3.03e-02   1.5 1.00e+00 1.00e+00f  1
 195  5.9972772e+00 7.77e-03 1.01e+02  -6.0 4.32e+02    -  2.34e-02 1.57e-03h  1
 196  5.9966455e+00 7.77e-03 5.30e+02  -6.0 2.03e+03    -  5.89e-03 1.97e-04h  1
 197  5.9791482e+00 1.41e-02 6.13e+02  -6.0 2.09e+03    -  5.69e-03 5.49e-03f  1
 198  5.9695560e+00 2.03e-02 1.28e+03  -6.0 2.34e+03    -  1.06e-02 3.11e-03h  1
 199r 5.9695560e+00 2.03e-02 9.99e+02  -2.3 0.00e+00    -  0.00e+00 9.12e-09R  2
iter    objective    inf_pr   inf_du lg(mu)  ||d||  lg(rg) alpha_du alpha_pr  ls
 200r 5.9705614e+00 9.42e-02 9.99e+02  -2.3 7.53e+04    -  1.06e-04 8.69e-05f  1
 201r 5.9707413e+00 9.23e-02 6.45e+03  -2.3 1.91e+01    -  1.11e-01 6.98e-04f  1
 202r 6.0117162e+00 7.76e-02 4.29e+04  -2.3 1.50e+01    -  8.72e-01 1.12e-01f  1
 203r 7.7543290e+00 1.06e-01 1.62e+04  -2.3 2.39e+01    -  4.61e-01 6.03e-01f  1
 204r 7.9830690e+00 9.83e-02 1.49e+04  -2.3 5.16e+01    -  1.23e-01 8.57e-02f  1
 205r 8.8163412e+00 8.58e-02 1.21e+04  -2.3 5.32e+01    -  6.27e-01 2.63e-01f  1
 206r 9.7299867e+00 7.63e-02 9.37e+03  -2.3 5.49e+01    -  3.99e-01 2.38e-01f  1
 207r 1.3109979e+01 1.39e-01 5.08e+02  -2.3 5.15e+01    -  7.06e-01 1.00e+00f  1
 208r 1.3298540e+01 8.59e-02 1.56e+02  -2.3 4.34e+01    -  8.24e-01 5.98e-01h  1
 209r 1.3352609e+01 5.01e-02 3.22e+02  -2.3 2.41e+01    -  1.00e+00 4.87e-01f  1
iter    objective    inf_pr   inf_du lg(mu)  ||d||  lg(rg) alpha_du alpha_pr  ls
 210r 1.3422504e+01 1.12e-02 1.49e+00  -2.3 6.82e+00    -  1.00e+00 1.00e+00f  1
 211  1.3386113e+01 1.11e-02 1.01e+02  -6.0 3.14e+02    -  2.48e-02 3.53e-03f  1
 212  1.3386110e+01 1.11e-02 8.88e+02  -6.0 1.12e+03    -  2.37e-02 2.73e-07h  2
 213  1.3373035e+01 1.11e-02 2.99e+03  -6.0 1.14e+03    -  5.97e-02 1.41e-03f  5
 214  1.3371509e+01 1.11e-02 4.31e+03  -6.0 1.27e+03    -  3.95e-02 1.63e-04h  6
 215  1.3369212e+01 1.11e-02 6.48e+03  -6.0 1.30e+03    -  6.74e-02 2.44e-04h  7
 216  1.3367159e+01 1.11e-02 8.72e+03  -6.0 1.35e+03    -  7.23e-02 2.16e-04h  7
 217  1.3366168e+01 1.11e-02 1.12e+04  -6.0 1.40e+03    -  7.91e-02 1.03e-04h  8
 218  1.3236924e+01 5.33e-02 1.38e+04  -6.0 1.46e+03    -  9.25e-02 1.34e-02f  1
 219  1.3235207e+01 5.33e-02 1.76e+04  -6.0 1.83e+03    -  9.15e-02 1.71e-04h  1
iter    objective    inf_pr   inf_du lg(mu)  ||d||  lg(rg) alpha_du alpha_pr  ls
 220  1.2655723e+01 1.30e+00 1.16e+05  -6.0 1.98e+03    -  1.14e-01 5.74e-02f  1
 221  1.2242387e+01 2.41e+00 1.82e+05  -6.0 1.59e+03    -  6.66e-02 4.02e-02f  1
 222  1.2241689e+01 2.41e+00 1.82e+05  -6.0 3.77e+03    -  2.09e-02 5.80e-05h  1
 223  1.2141988e+01 2.41e+00 1.81e+05  -6.0 3.91e+03    -  7.41e-02 8.34e-03h  1
 224  1.1293238e+01 3.58e+00 1.82e+05  -6.0 4.44e+03    -  4.99e-02 7.07e-02f  1
 225  1.1074783e+01 3.74e+00 3.43e+05  -6.0 2.74e+03    -  5.68e-05 1.04e-02h  1
 226r 1.1074783e+01 3.74e+00 1.00e+03   0.2 0.00e+00    -  0.00e+00 9.23e-09R  2
 227r 1.1074829e+01 3.74e+00 1.00e+03   0.2 1.83e+06    -  6.11e-08 4.22e-08f  2
 228r 1.1072217e+01 3.72e+00 7.23e+03   0.2 3.87e+03    -  3.90e-04 6.30e-06f  1
 229  1.1072134e+01 3.72e+00 1.96e+05  -6.0 1.60e+03    -  2.69e-02 6.49e-06h  1
iter    objective    inf_pr   inf_du lg(mu)  ||d||  lg(rg) alpha_du alpha_pr  ls
 230  1.1026327e+01 3.71e+00 8.87e+07  -6.0 1.75e+03    -  7.20e-06 3.27e-03h  1
 231  1.0946675e+01 3.70e+00 8.82e+07  -6.0 2.59e+03    -  4.21e-03 5.70e-03h  1
 232  1.0888804e+01 3.69e+00 8.78e+07  -6.0 2.72e+03    -  1.02e-02 3.92e-03h  1
 233  1.0710886e+01 3.71e+00 8.68e+07  -6.0 2.74e+03    -  2.80e-02 1.20e-02h  1
 234  1.0546952e+01 3.73e+00 8.58e+07  -6.0 2.77e+03    -  1.36e-03 1.09e-02h  1
 235  1.0546873e+01 3.73e+00 8.58e+07  -6.0 1.72e+03    -  1.24e-02 4.58e-06h  1
 236  1.0455969e+01 3.73e+00 8.54e+07  -6.0 1.80e+03    -  2.39e-04 5.38e-03h  1
 237  9.9784720e+00 4.18e+00 8.30e+07  -6.0 1.72e+03    -  3.46e-02 2.73e-02h  1
 238  9.9643601e+00 4.17e+00 8.29e+07  -6.0 4.57e+03    -  7.86e-03 1.78e-03h  1
 239  9.9633925e+00 4.17e+00 8.29e+07  -6.0 4.84e+03    -  1.19e-02 1.22e-04h  1
iter    objective    inf_pr   inf_du lg(mu)  ||d||  lg(rg) alpha_du alpha_pr  ls
 240  9.9599422e+00 4.17e+00 8.29e+07  -6.0 5.97e+03    -  7.25e-04 4.45e-04h  1
 241  9.9596028e+00 4.17e+00 8.29e+07  -6.0 6.75e+03    -  1.93e-02 4.25e-05h  1
 242  9.9053909e+00 4.16e+00 8.23e+07  -6.0 9.08e+03    -  1.82e-02 7.01e-03h  1
 243  9.9042786e+00 4.16e+00 8.23e+07  -6.0 8.76e+03    -  3.97e-02 1.42e-04h  1
 244  9.8473852e+00 4.15e+00 8.16e+07  -6.0 1.23e+04    -  3.75e-02 8.21e-03h  1
 245  9.8473806e+00 4.15e+00 8.16e+07  -6.0 1.18e+04    -  2.63e-02 6.10e-07h  2
 246  9.6452675e+00 4.02e+00 7.93e+07  -6.0 1.27e+04    -  5.83e-02 2.80e-02h  1
 247  9.6459983e+00 4.02e+00 7.93e+07  -6.0 9.50e+02   0.9 2.79e-05 5.90e-05h  1
 248  9.6460021e+00 4.02e+00 7.93e+07  -6.0 1.78e+03   0.5 8.48e-10 1.81e-07h  3
 249r 9.6460021e+00 4.02e+00 1.00e+03   0.4 0.00e+00  -0.0 0.00e+00 2.70e-07R  2
iter    objective    inf_pr   inf_du lg(mu)  ||d||  lg(rg) alpha_du alpha_pr  ls
 250r 9.6459825e+00 4.02e+00 1.23e+04   0.4 4.14e+03    -  3.50e-04 2.48e-08f  1
 251r 9.6459825e+00 4.02e+00 9.99e+02   0.4 0.00e+00    -  0.00e+00 7.45e-08R  2
 252r 9.6459841e+00 4.02e+00 1.20e+04   0.4 4.41e+03    -  3.62e-05 2.62e-08f  1
 253  9.6458919e+00 4.02e+00 1.40e+05  -6.0 1.28e+03    -  4.34e-03 1.52e-05h  1
 254  9.6456709e+00 4.02e+00 2.43e+05  -6.0 1.99e+03    -  1.74e-05 3.01e-05h  1
 255  9.6448742e+00 4.02e+00 2.50e+05  -6.0 2.87e+03    -  4.79e-03 9.64e-05h  1
 256  9.6384921e+00 4.01e+00 2.76e+05  -6.0 3.03e+03    -  1.45e-04 6.67e-04h  1
 257  9.6246508e+00 4.01e+00 2.76e+05  -6.0 3.18e+03    -  3.83e-03 1.39e-03f  1
 258  9.5850644e+00 3.99e+00 2.75e+05  -6.0 3.40e+03    -  3.23e-05 4.15e-03h  1
 259  9.5229910e+00 3.98e+00 2.74e+05  -6.0 2.95e+03    -  8.08e-03 6.22e-03h  1
iter    objective    inf_pr   inf_du lg(mu)  ||d||  lg(rg) alpha_du alpha_pr  ls
 260  9.5195094e+00 3.98e+00 2.73e+05  -6.0 1.19e+04    -  2.21e-03 5.91e-04h  1
 261  9.5183593e+00 3.98e+00 3.07e+05  -6.0 1.20e+04    -  7.73e-03 1.93e-04h  1
 262  9.4904004e+00 3.96e+00 8.84e+05  -6.0 1.24e+04    -  2.41e-02 4.81e-03h  1
 263  9.4697307e+00 3.95e+00 2.14e+06  -6.0 1.27e+04    -  4.67e-02 3.60e-03h  1
 264  9.4120634e+00 3.90e+00 2.00e+06  -6.0 1.39e+04    -  6.92e-03 1.10e-02h  1
 265  9.3604827e+00 4.04e+00 2.38e+06  -6.0 1.39e+04    -  2.46e-02 1.02e-02h  1
 266r 9.3604827e+00 4.04e+00 1.00e+03   0.5 0.00e+00    -  0.00e+00 2.47e-08R  2
 267r 9.3617625e+00 4.04e+00 1.00e+03   0.5 1.08e+07    -  1.02e-07 1.09e-08f  1
 268r 9.3612725e+00 4.03e+00 1.46e+04   0.5 3.31e+03    -  1.36e-05 5.22e-07f  1
 269  9.3612706e+00 4.03e+00 3.96e+04  -6.0 1.90e+03    -  6.50e-04 3.85e-07h  2
iter    objective    inf_pr   inf_du lg(mu)  ||d||  lg(rg) alpha_du alpha_pr  ls
 270  9.3612351e+00 4.03e+00 1.39e+05  -6.0 1.44e+04    -  1.70e-06 5.99e-06h  1
 271  9.3611261e+00 4.03e+00 1.89e+05  -6.0 1.45e+04    -  4.73e-03 1.88e-05f  1
 272  9.3427326e+00 4.06e+00 6.64e+06  -6.0 1.43e+04    -  2.65e-05 3.46e-03h  1
 273  9.3246884e+00 4.07e+00 6.61e+06  -6.0 1.60e+04    -  5.12e-03 4.05e-03h  1
 274  9.2925798e+00 4.16e+00 6.57e+06  -6.0 1.27e+04    -  9.82e-03 6.28e-03h  1
 275  9.1883726e+00 5.36e+00 6.44e+06  -6.0 1.32e+04    -  3.74e-02 2.10e-02h  1
 276  8.8875077e+00 1.69e+01 6.01e+06  -6.0 1.34e+04    -  1.51e-02 6.58e-02h  1
 277  8.9419864e+00 1.69e+01 6.01e+06  -6.0 4.30e+03  -0.5 1.90e-05 3.24e-05h  1
 278  9.1452695e+00 1.69e+01 6.01e+06  -6.0 4.82e+03  -1.0 1.05e-03 2.48e-04h  1
 279  9.1762752e+00 1.69e+01 6.50e+06  -6.0 4.48e+03  -1.4 2.52e-04 1.60e-05h  9
iter    objective    inf_pr   inf_du lg(mu)  ||d||  lg(rg) alpha_du alpha_pr  ls
 280  9.1860105e+00 1.69e+01 6.76e+06  -6.0 7.61e+03  -1.9 7.89e-04 1.11e-04h  6
 281r 9.1860105e+00 1.69e+01 1.00e+03   1.1 0.00e+00  -1.5 0.00e+00 3.22e-07R 15
 282r 9.1858522e+00 1.69e+01 7.88e+04   1.1 1.99e+04    -  3.95e-06 3.32e-08f  1
 283r 9.1858522e+00 1.69e+01 9.99e+02   1.1 0.00e+00    -  0.00e+00 1.55e-07R  2
 284r 9.1858497e+00 1.69e+01 5.26e+04   1.1 2.10e+04    -  4.17e-06 1.74e-09f  1
 285  9.1857808e+00 1.69e+01 1.18e+05  -6.0 1.27e+03    -  2.51e-03 1.30e-05h  1
 286  9.1857500e+00 1.69e+01 5.66e+04  -6.0 8.29e+03    -  1.49e-05 7.22e-06h  1
 287  9.1854987e+00 1.69e+01 7.37e+04  -6.0 1.16e+04    -  2.51e-03 6.92e-05h  1
 288  9.1851343e+00 1.69e+01 7.37e+04  -6.0 1.15e+04    -  9.21e-05 9.37e-05h  1
 289  9.1820944e+00 1.69e+01 2.22e+05  -6.0 1.15e+04    -  5.79e-03 7.82e-04f  1
iter    objective    inf_pr   inf_du lg(mu)  ||d||  lg(rg) alpha_du alpha_pr  ls
 290  9.1597480e+00 1.68e+01 8.87e+04  -6.0 1.13e+04    -  9.99e-04 5.59e-03h  1
 291  9.1227668e+00 1.68e+01 2.38e+05  -6.0 1.11e+04    -  1.44e-02 9.08e-03h  1
 292  9.1099692e+00 1.68e+01 4.04e+05  -6.0 1.14e+04    -  8.98e-03 3.14e-03h  4
 293  9.0981398e+00 1.67e+01 5.24e+05  -6.0 1.24e+04    -  6.99e-03 3.07e-03h  4
 294  9.0762581e+00 1.67e+01 5.29e+05  -6.0 1.15e+04    -  5.55e-03 5.24e-03h  3
 295  9.0413539e+00 1.66e+01 4.06e+05  -6.0 8.59e+03    -  3.14e-07 6.84e-03h  2
 296  9.0377578e+00 1.66e+01 3.99e+05  -6.0 1.21e+04    -  1.14e-03 8.43e-04h  1
 297  9.0358744e+00 1.66e+01 8.07e+05  -6.0 8.38e+03    -  2.12e-02 3.18e-04h  1
 298  8.9794929e+00 1.66e+01 1.49e+06  -6.0 9.46e+03    -  4.36e-02 1.07e-02h  1
 299  8.9792042e+00 1.66e+01 1.82e+06  -6.0 1.04e+04    -  9.77e-03 4.29e-05h  1
iter    objective    inf_pr   inf_du lg(mu)  ||d||  lg(rg) alpha_du alpha_pr  ls
 300  8.9672378e+00 1.66e+01 1.76e+06  -6.0 1.03e+04    -  1.05e-08 1.81e-03h  1
 301  8.9671706e+00 1.66e+01 2.57e+06  -6.0 1.20e+04    -  2.32e-02 1.83e-05h  1
 302  8.8696938e+00 1.80e+01 5.33e+06  -6.0 1.17e+04    -  1.52e-04 3.40e-02h  1
 303  8.8018593e+00 1.82e+01 6.40e+06  -6.0 8.93e+03    -  2.44e-03 1.58e-02h  1
 304  8.8019873e+00 1.82e+01 6.40e+06  -6.0 1.20e+04    -  1.03e-02 3.56e-05h  1
 305  8.8646294e+00 1.82e+01 6.36e+06  -6.0 1.58e+04    -  1.07e-08 7.21e-03h  1
 306  8.8688815e+00 1.82e+01 6.36e+06  -6.0 3.66e+04    -  1.68e-03 4.93e-05h  5
 307r 8.8688815e+00 1.82e+01 1.00e+03   1.1 0.00e+00    -  0.00e+00 2.83e-07R  8
 308r 8.8688748e+00 1.82e+01 1.69e+03   1.1 2.33e+04    -  3.24e-06 2.74e-09f  1
 309r 8.8688748e+00 1.82e+01 9.99e+02   1.1 0.00e+00    -  0.00e+00 1.21e-08R  2
iter    objective    inf_pr   inf_du lg(mu)  ||d||  lg(rg) alpha_du alpha_pr  ls
 310r 8.8688743e+00 1.82e+01 6.24e+04   1.1 2.53e+04    -  3.16e-06 1.75e-09f  1
 311  8.8688438e+00 1.82e+01 1.19e+03  -6.0 1.08e+03    -  3.35e-05 9.93e-06h  1
 312  8.8688430e+00 1.82e+01 4.61e+02  -6.0 2.24e+03    -  1.26e-05 3.23e-07h  2
 313r 8.8688430e+00 1.82e+01 9.99e+02   1.1 0.00e+00    -  0.00e+00 8.58e-08R  6
 314r 8.8688430e+00 1.82e+01 5.99e+04   1.1 1.56e+05    -  5.07e-09 2.76e-12f  1
 315r 8.8688430e+00 1.82e+01 9.99e+02   1.1 0.00e+00    -  0.00e+00 1.43e-07R  2
 316r 8.8688376e+00 1.82e+01 5.78e+04   1.1 2.46e+04    -  3.18e-06 1.62e-09f  1
 317  8.8688070e+00 1.82e+01 5.37e+03  -6.0 1.08e+03    -  1.24e-04 9.92e-06h  1
 318  8.8688036e+00 1.82e+01 6.68e+02  -6.0 6.27e+03    -  1.22e-05 2.38e-06h  2
 319r 8.8688036e+00 1.82e+01 9.99e+02   1.1 0.00e+00    -  0.00e+00 3.18e-07R  4
iter    objective    inf_pr   inf_du lg(mu)  ||d||  lg(rg) alpha_du alpha_pr  ls
 320r 8.8688035e+00 1.82e+01 6.07e+04   1.1 8.15e+04    -  1.00e-08 9.46e-12f  1
 321r 8.8686769e+00 1.82e+01 7.76e+04   1.1 2.40e+04    -  2.46e-06 2.94e-08f  1
 322r 8.8686769e+00 1.82e+01 9.99e+02   1.1 0.00e+00    -  0.00e+00 5.83e-08R  2
 323r 8.8686700e+00 1.82e+01 5.94e+04   1.1 2.37e+04    -  3.37e-06 1.57e-09f  1
 324  8.8686383e+00 1.82e+01 3.25e+04  -6.0 1.07e+03    -  6.79e-04 9.72e-06h  1
 325  8.8686322e+00 1.82e+01 1.23e+04  -6.0 6.37e+03    -  1.17e-05 4.53e-06h  2
 326r 8.8686322e+00 1.82e+01 9.99e+02   1.1 0.00e+00    -  0.00e+00 2.98e-07R  5
 327r 8.8686320e+00 1.82e+01 6.27e+04   1.1 2.80e+04    -  4.77e-08 5.18e-11f  1
 328r 8.8686320e+00 1.82e+01 9.99e+02   1.1 0.00e+00    -  0.00e+00 2.22e-08R  2
 329r 8.8686251e+00 1.82e+01 5.94e+04   1.1 2.37e+04    -  3.39e-06 1.57e-09f  1
iter    objective    inf_pr   inf_du lg(mu)  ||d||  lg(rg) alpha_du alpha_pr  ls
 330  8.8685954e+00 1.82e+01 3.93e+04  -6.0 1.10e+03    -  8.18e-04 9.40e-06h  1
 331  8.8685931e+00 1.82e+01 1.13e+04  -6.0 6.49e+03    -  1.14e-05 3.37e-06h  2
 332r 8.8685931e+00 1.82e+01 9.99e+02   1.1 0.00e+00    -  0.00e+00 4.93e-07R  4
 333r 8.8685929e+00 1.82e+01 6.27e+04   1.1 2.72e+04    -  5.73e-08 6.25e-11f  1
 334r 8.8685929e+00 1.82e+01 9.99e+02   1.1 0.00e+00    -  0.00e+00 2.11e-08R  2
 335r 8.8685859e+00 1.82e+01 5.94e+04   1.1 2.37e+04    -  3.40e-06 1.57e-09f  1
 336  8.8685565e+00 1.82e+01 4.62e+04  -6.0 1.10e+03    -  9.60e-04 9.36e-06h  1
 337r 8.8685565e+00 1.82e+01 9.99e+02   1.1 0.00e+00    -  0.00e+00 3.52e-07R  5
 338r 8.8685458e+00 1.82e+01 7.00e+04   1.1 2.66e+04    -  6.66e-08 2.51e-09f  1
 339r 8.8685458e+00 1.82e+01 9.99e+02   1.1 0.00e+00    -  0.00e+00 8.89e-08R  2
iter    objective    inf_pr   inf_du lg(mu)  ||d||  lg(rg) alpha_du alpha_pr  ls
 340r 8.8685388e+00 1.82e+01 5.94e+04   1.1 2.36e+04    -  3.43e-06 1.57e-09f  1
 341  8.8685089e+00 1.82e+01 8.19e+04  -6.0 1.10e+03    -  1.69e-03 9.52e-06h  1
 342r 8.8685089e+00 1.82e+01 9.99e+02   1.1 0.00e+00    -  0.00e+00 4.97e-07R  5
 343r 8.8685012e+00 1.82e+01 7.22e+04   1.1 2.33e+04    -  3.45e-06 2.79e-09f  1
 344r 8.8685012e+00 1.82e+01 9.99e+02   1.1 0.00e+00    -  0.00e+00 6.44e-08R  2
 345r 8.8684942e+00 1.82e+01 5.99e+04   1.1 2.35e+04    -  3.46e-06 1.55e-09f  1
 346  8.8684651e+00 1.82e+01 8.35e+04  -6.0 1.10e+03    -  1.71e-03 9.33e-06h  1
 347  8.8684575e+00 1.82e+01 7.38e+04  -6.0 6.76e+03    -  1.13e-05 1.00e-05h  1
 348r 8.8684575e+00 1.82e+01 9.99e+02   1.1 0.00e+00    -  0.00e+00 2.76e-07R  3
 349r 8.8684571e+00 1.82e+01 3.32e+04   1.1 2.32e+04    -  3.48e-06 1.30e-10f  1
iter    objective    inf_pr   inf_du lg(mu)  ||d||  lg(rg) alpha_du alpha_pr  ls
 350r 8.8684571e+00 1.82e+01 9.99e+02   1.1 0.00e+00    -  0.00e+00 7.52e-09R  2
 351r 8.8684502e+00 1.82e+01 5.99e+04   1.1 2.35e+04    -  3.47e-06 1.55e-09f  1
 352  8.8684215e+00 1.82e+01 8.25e+04  -6.0 1.12e+03    -  1.69e-03 9.18e-06h  1
 353r 8.8684215e+00 1.82e+01 9.99e+02   1.1 0.00e+00    -  0.00e+00 3.85e-07R  4
 354r 8.8684131e+00 1.82e+01 8.20e+04   1.1 2.32e+04    -  3.49e-06 2.97e-09f  1
 355r 8.8684131e+00 1.82e+01 9.99e+02   1.1 0.00e+00    -  0.00e+00 6.37e-08R  2
 356r 8.8684061e+00 1.82e+01 6.01e+04   1.1 2.34e+04    -  3.50e-06 1.55e-09f  1
 357  8.8683773e+00 1.82e+01 8.44e+04  -6.0 1.12e+03    -  1.72e-03 9.24e-06h  1
 358r 8.8683773e+00 1.82e+01 9.99e+02   1.1 0.00e+00    -  0.00e+00 2.99e-07R  5
 359r 8.8683682e+00 1.82e+01 8.58e+04   1.1 2.31e+04    -  3.52e-06 3.18e-09f  1
iter    objective    inf_pr   inf_du lg(mu)  ||d||  lg(rg) alpha_du alpha_pr  ls
 360r 8.8683682e+00 1.82e+01 9.99e+02   1.1 0.00e+00    -  0.00e+00 6.66e-08R  2
 361r 8.8683612e+00 1.82e+01 6.02e+04   1.1 2.33e+04    -  3.54e-06 1.54e-09f  1
 362  8.8683324e+00 1.82e+01 8.60e+04  -6.0 1.12e+03    -  1.75e-03 9.23e-06h  1
 363r 8.8683324e+00 1.82e+01 9.99e+02   1.1 0.00e+00    -  0.00e+00 4.16e-07R  5
 364r 8.8683242e+00 1.82e+01 7.13e+04   1.1 2.30e+04    -  3.55e-06 2.84e-09f  1
 365r 8.8683242e+00 1.82e+01 9.99e+02   1.1 0.00e+00    -  0.00e+00 6.10e-08R  2
 366r 8.8683172e+00 1.82e+01 6.03e+04   1.1 2.33e+04    -  3.57e-06 1.55e-09f  1
 367  8.8682885e+00 1.82e+01 8.74e+04  -6.0 1.12e+03    -  1.77e-03 9.23e-06h  1
 368r 8.8682885e+00 1.82e+01 9.99e+02   1.1 0.00e+00    -  0.00e+00 1.35e-07R  7
 369r 8.8682801e+00 1.82e+01 7.42e+04   1.1 2.29e+04    -  3.59e-06 2.84e-09f  1
iter    objective    inf_pr   inf_du lg(mu)  ||d||  lg(rg) alpha_du alpha_pr  ls
 370r 8.8682801e+00 1.82e+01 9.99e+02   1.1 0.00e+00    -  0.00e+00 6.05e-08R  2
 371r 8.8682731e+00 1.82e+01 6.02e+04   1.1 2.32e+04    -  3.60e-06 1.55e-09f  1
 372  8.8682445e+00 1.82e+01 8.86e+04  -6.0 1.13e+03    -  1.80e-03 9.22e-06h  1
 373  8.8682348e+00 1.82e+01 8.40e+04  -6.0 7.41e+03    -  1.12e-05 1.06e-05h  1
 374r 8.8682348e+00 1.82e+01 9.99e+02   1.1 0.00e+00    -  0.00e+00 4.62e-07R  2
 375r 8.8682344e+00 1.82e+01 3.37e+04   1.1 2.29e+04    -  3.62e-06 1.37e-10f  1
 376r 8.8682344e+00 1.82e+01 9.99e+02   1.1 0.00e+00    -  0.00e+00 7.46e-09R  2
 377r 8.8682274e+00 1.82e+01 6.01e+04   1.1 2.32e+04    -  3.61e-06 1.54e-09f  1
 378  8.8681993e+00 1.82e+01 8.70e+04  -6.0 1.14e+03    -  1.77e-03 9.06e-06h  1
 379r 8.8681993e+00 1.82e+01 9.99e+02   1.1 0.00e+00    -  0.00e+00 3.75e-07R  4
iter    objective    inf_pr   inf_du lg(mu)  ||d||  lg(rg) alpha_du alpha_pr  ls
 380r 8.8681909e+00 1.82e+01 7.71e+04   1.1 2.28e+04    -  3.63e-06 2.83e-09f  1
 381r 8.8681909e+00 1.82e+01 9.99e+02   1.1 0.00e+00    -  0.00e+00 5.77e-08R  2
 382r 8.8681839e+00 1.82e+01 6.01e+04   1.1 2.31e+04    -  3.64e-06 1.54e-09f  1
 383  8.8681555e+00 1.82e+01 8.87e+04  -6.0 1.14e+03    -  1.80e-03 9.14e-06h  1
 384r 8.8681555e+00 1.82e+01 9.99e+02   1.1 0.00e+00    -  0.00e+00 2.90e-07R  5
 385r 8.8681463e+00 1.82e+01 8.39e+04   1.1 2.28e+04    -  3.66e-06 3.10e-09f  1
 386r 8.8681463e+00 1.82e+01 9.99e+02   1.1 0.00e+00    -  0.00e+00 6.14e-08R  2
 387r 8.8681393e+00 1.82e+01 6.01e+04   1.1 2.30e+04    -  3.67e-06 1.54e-09f  1
 388  8.8681109e+00 1.82e+01 9.01e+04  -6.0 1.14e+03    -  1.83e-03 9.14e-06h  1
 389r 8.8681109e+00 1.82e+01 9.99e+02   1.1 0.00e+00    -  0.00e+00 4.04e-07R  5
iter    objective    inf_pr   inf_du lg(mu)  ||d||  lg(rg) alpha_du alpha_pr  ls
 390r 8.8681023e+00 1.82e+01 7.59e+04   1.1 2.27e+04    -  3.69e-06 2.85e-09f  1
 391r 8.8681023e+00 1.82e+01 9.99e+02   1.1 0.00e+00    -  0.00e+00 5.73e-08R  2
 392r 8.8680953e+00 1.82e+01 6.01e+04   1.1 2.29e+04    -  3.70e-06 1.55e-09f  1
 393  8.8680670e+00 1.82e+01 9.15e+04  -6.0 1.15e+03    -  1.85e-03 9.14e-06h  1
 394r 8.8680670e+00 1.82e+01 9.99e+02   1.1 0.00e+00    -  0.00e+00 2.62e-07R  6
 395r 8.8680578e+00 1.82e+01 8.11e+04   1.1 2.26e+04    -  3.72e-06 3.03e-09f  1
 396r 8.8680578e+00 1.82e+01 9.99e+02   1.1 0.00e+00    -  0.00e+00 5.94e-08R  2
 397r 8.8680508e+00 1.82e+01 6.01e+04   1.1 2.29e+04    -  3.74e-06 1.55e-09f  1
 398  8.8680225e+00 1.82e+01 9.27e+04  -6.0 1.15e+03    -  1.88e-03 9.14e-06h  1
 399  8.8680137e+00 1.82e+01 8.60e+04  -6.0 8.06e+03    -  1.11e-05 1.03e-05h  1
iter    objective    inf_pr   inf_du lg(mu)  ||d||  lg(rg) alpha_du alpha_pr  ls
 400r 8.8680137e+00 1.82e+01 9.99e+02   1.1 0.00e+00    -  0.00e+00 4.80e-07R  2
 401r 8.8680132e+00 1.82e+01 3.38e+04   1.1 2.25e+04    -  3.76e-06 1.44e-10f  1
 402r 8.8680132e+00 1.82e+01 9.99e+02   1.1 0.00e+00    -  0.00e+00 7.34e-09R  2
 403r 8.8680062e+00 1.82e+01 5.99e+04   1.1 2.28e+04    -  3.75e-06 1.54e-09f  1
 404  8.8679785e+00 1.82e+01 9.10e+04  -6.0 1.17e+03    -  1.85e-03 8.98e-06h  1
 405r 8.8679785e+00 1.82e+01 9.99e+02   1.1 0.00e+00    -  0.00e+00 3.74e-07R  4
 406r 8.8679698e+00 1.82e+01 7.42e+04   1.1 2.25e+04    -  3.77e-06 2.84e-09f  1
 407r 8.8679698e+00 1.82e+01 9.99e+02   1.1 0.00e+00    -  0.00e+00 5.45e-08R  2
 408r 8.8679628e+00 1.82e+01 5.99e+04   1.1 2.28e+04    -  3.78e-06 1.54e-09f  1
 409  8.8679348e+00 1.82e+01 9.27e+04  -6.0 1.17e+03    -  1.88e-03 9.07e-06h  1
iter    objective    inf_pr   inf_du lg(mu)  ||d||  lg(rg) alpha_du alpha_pr  ls
 410r 8.8679348e+00 1.82e+01 9.99e+02   1.1 0.00e+00    -  0.00e+00 2.86e-07R  5
 411r 8.8679255e+00 1.82e+01 8.12e+04   1.1 2.25e+04    -  3.80e-06 3.01e-09f  1
 412r 8.8679255e+00 1.82e+01 9.99e+02   1.1 0.00e+00    -  0.00e+00 5.68e-08R  2
 413r 8.8679185e+00 1.82e+01 5.99e+04   1.1 2.27e+04    -  3.81e-06 1.54e-09f  1
 414  8.8678905e+00 1.82e+01 9.40e+04  -6.0 1.17e+03    -  1.91e-03 9.07e-06h  1
 415r 8.8678905e+00 1.82e+01 9.99e+02   1.1 0.00e+00    -  0.00e+00 3.97e-07R  5
 416r 8.8678816e+00 1.82e+01 7.34e+04   1.1 2.24e+04    -  3.83e-06 2.88e-09f  1
 417r 8.8678816e+00 1.82e+01 9.99e+02   1.1 0.00e+00    -  0.00e+00 5.46e-08R  2
 418r 8.8678746e+00 1.82e+01 5.98e+04   1.1 2.26e+04    -  3.84e-06 1.54e-09f  1
 419  8.8678467e+00 1.82e+01 9.51e+04  -6.0 1.17e+03    -  1.93e-03 9.06e-06h  1
iter    objective    inf_pr   inf_du lg(mu)  ||d||  lg(rg) alpha_du alpha_pr  ls
 420r 8.8678467e+00 1.82e+01 9.99e+02   1.1 0.00e+00    -  0.00e+00 2.57e-07R  6
 421r 8.8678369e+00 1.82e+01 6.53e+04   1.1 2.23e+04    -  3.86e-06 3.15e-09f  1
 422r 8.8678369e+00 1.82e+01 9.99e+02   1.1 0.00e+00    -  0.00e+00 5.77e-08R  2
 423r 8.8678298e+00 1.82e+01 5.99e+04   1.1 2.26e+04    -  3.88e-06 1.55e-09f  1
 424  8.8678019e+00 1.82e+01 9.65e+04  -6.0 1.17e+03    -  1.96e-03 9.08e-06h  1
 425  8.8677938e+00 1.82e+01 8.83e+04  -6.0 8.68e+03    -  1.11e-05 1.01e-05h  1
 426r 8.8677938e+00 1.82e+01 9.99e+02   1.1 0.00e+00    -  0.00e+00 2.59e-07R  3
 427r 8.8677933e+00 1.82e+01 3.36e+04   1.1 2.22e+04    -  3.90e-06 1.50e-10f  1
 428r 8.8677933e+00 1.82e+01 9.99e+02   1.1 0.00e+00    -  0.00e+00 7.29e-09R  2
 429r 8.8677863e+00 1.82e+01 5.97e+04   1.1 2.25e+04    -  3.89e-06 1.54e-09f  1
iter    objective    inf_pr   inf_du lg(mu)  ||d||  lg(rg) alpha_du alpha_pr  ls
 430  8.8677589e+00 1.82e+01 9.47e+04  -6.0 1.19e+03    -  1.92e-03 8.93e-06h  1
 431r 8.8677589e+00 1.82e+01 9.99e+02   1.1 0.00e+00    -  0.00e+00 3.80e-07R  4
 432r 8.8677499e+00 1.82e+01 7.47e+04   1.1 2.22e+04    -  3.91e-06 2.88e-09f  1
 433r 8.8677499e+00 1.82e+01 9.99e+02   1.1 0.00e+00    -  0.00e+00 5.23e-08R  2
 434r 8.8677429e+00 1.82e+01 5.96e+04   1.1 2.25e+04    -  3.92e-06 1.55e-09f  1
 435  8.8677152e+00 1.82e+01 9.61e+04  -6.0 1.19e+03    -  1.96e-03 9.02e-06h  1
 436r 8.8677152e+00 1.82e+01 9.99e+02   1.1 0.00e+00    -  0.00e+00 2.86e-07R  5
 437r 8.8677106e+00 1.82e+01 9.99e+02   1.1 2.22e+04    -  3.94e-06 1.45e-09f  2
 438r 8.8677106e+00 1.82e+01 9.99e+02   1.1 0.00e+00    -  0.00e+00 3.42e-08R  2
 439r 8.8677036e+00 1.82e+01 5.96e+04   1.1 2.24e+04    -  3.94e-06 1.55e-09f  1
iter    objective    inf_pr   inf_du lg(mu)  ||d||  lg(rg) alpha_du alpha_pr  ls
 440  8.8676760e+00 1.82e+01 9.71e+04  -6.0 1.19e+03    -  1.97e-03 8.99e-06h  1
 441r 8.8676760e+00 1.82e+01 9.99e+02   1.1 0.00e+00    -  0.00e+00 3.92e-07R  5
 442r 8.8676669e+00 1.82e+01 7.57e+04   1.1 2.21e+04    -  3.96e-06 2.91e-09f  1
 443r 8.8676669e+00 1.82e+01 9.99e+02   1.1 0.00e+00    -  0.00e+00 5.23e-08R  2
 444r 8.8676598e+00 1.82e+01 5.97e+04   1.1 2.24e+04    -  3.97e-06 1.54e-09f  1
 445  8.8676323e+00 1.82e+01 9.84e+04  -6.0 1.19e+03    -  2.00e-03 8.99e-06h  1
 446r 8.8676323e+00 1.82e+01 9.99e+02   1.1 0.00e+00    -  0.00e+00 2.53e-07R  6
 447r 8.8676276e+00 1.82e+01 9.99e+02   1.1 2.21e+04    -  4.00e-06 1.48e-09f  2
 448r 8.8676276e+00 1.82e+01 9.99e+02   1.1 0.00e+00    -  0.00e+00 3.44e-08R  2
 449r 8.8676206e+00 1.82e+01 5.97e+04   1.1 2.23e+04    -  4.00e-06 1.54e-09f  1
iter    objective    inf_pr   inf_du lg(mu)  ||d||  lg(rg) alpha_du alpha_pr  ls
 450  8.8675932e+00 1.82e+01 9.93e+04  -6.0 1.19e+03    -  2.01e-03 8.96e-06h  1
 451  8.8675897e+00 1.82e+01 4.46e+04  -6.0 9.27e+03    -  1.10e-05 4.96e-06h  2
 452r 8.8675897e+00 1.82e+01 9.99e+02   1.1 0.00e+00    -  0.00e+00 3.49e-07R  5
 453r 8.8675892e+00 1.82e+01 3.34e+04   1.1 2.20e+04    -  4.02e-06 1.54e-10f  1
 454r 8.8675892e+00 1.82e+01 9.99e+02   1.1 0.00e+00    -  0.00e+00 1.64e-08R  2
 455r 8.8675822e+00 1.82e+01 5.96e+04   1.1 2.23e+04    -  4.01e-06 1.54e-09f  1
 456  8.8675550e+00 1.82e+01 9.87e+04  -6.0 1.20e+03    -  2.00e-03 8.89e-06h  1
 457r 8.8675550e+00 1.82e+01 9.99e+02   1.1 0.00e+00    -  0.00e+00 4.43e-07R  5
 458r 8.8675440e+00 1.82e+01 8.80e+04   1.1 2.20e+04    -  4.03e-06 3.49e-09f  1
 459r 8.8675440e+00 1.82e+01 9.99e+02   1.1 0.00e+00    -  0.00e+00 5.80e-08R  2
iter    objective    inf_pr   inf_du lg(mu)  ||d||  lg(rg) alpha_du alpha_pr  ls
 460r 8.8675370e+00 1.82e+01 5.95e+04   1.1 2.22e+04    -  4.05e-06 1.54e-09f  1
 461  8.8675095e+00 1.82e+01 1.00e+05  -6.0 1.20e+03    -  2.03e-03 8.99e-06h  1
 462r 8.8675095e+00 1.82e+01 9.99e+02   1.1 0.00e+00    -  0.00e+00 1.40e-07R  7
 463r 8.8675046e+00 1.82e+01 9.99e+02   1.1 2.19e+04    -  4.07e-06 1.56e-09f  2
 464r 8.8675046e+00 1.82e+01 9.99e+02   1.1 0.00e+00    -  0.00e+00 3.45e-08R  2
 465r 8.8674975e+00 1.82e+01 5.95e+04   1.1 2.22e+04    -  4.07e-06 1.55e-09f  1
 466  8.8674703e+00 1.82e+01 1.01e+05  -6.0 1.20e+03    -  2.05e-03 8.94e-06h  1
 467  8.8674616e+00 1.82e+01 9.92e+04  -6.0 9.56e+03    -  1.09e-05 1.08e-05h  1
 468r 8.8674616e+00 1.82e+01 9.99e+02   1.1 0.00e+00    -  0.00e+00 2.67e-07R  3
 469r 8.8674611e+00 1.82e+01 3.33e+04   1.1 2.19e+04    -  4.09e-06 1.56e-10f  1
iter    objective    inf_pr   inf_du lg(mu)  ||d||  lg(rg) alpha_du alpha_pr  ls
 470r 8.8674611e+00 1.82e+01 9.99e+02   1.1 0.00e+00    -  0.00e+00 7.41e-09R  2
 471r 8.8674541e+00 1.82e+01 5.95e+04   1.1 2.22e+04    -  4.08e-06 1.54e-09f  1
 472  8.8674272e+00 1.82e+01 9.89e+04  -6.0 1.22e+03    -  2.01e-03 8.84e-06h  1
 473r 8.8674272e+00 1.82e+01 9.99e+02   1.1 0.00e+00    -  0.00e+00 3.97e-07R  4
 474r 8.8674187e+00 1.82e+01 9.99e+02   1.1 2.19e+04    -  4.10e-06 2.67e-09f  2
 475r 8.8674187e+00 1.82e+01 9.99e+02   1.1 0.00e+00    -  0.00e+00 4.64e-08R  2
 476r 8.8674117e+00 1.82e+01 5.95e+04   1.1 2.21e+04    -  4.11e-06 1.55e-09f  1
 477  8.8673845e+00 1.82e+01 1.01e+05  -6.0 1.22e+03    -  2.04e-03 8.93e-06h  1
 478r 8.8673845e+00 1.82e+01 9.99e+02   1.1 0.00e+00    -  0.00e+00 2.89e-07R  5
 479r 8.8673790e+00 1.82e+01 9.99e+02   1.1 2.18e+04    -  4.14e-06 1.74e-09f  2
iter    objective    inf_pr   inf_du lg(mu)  ||d||  lg(rg) alpha_du alpha_pr  ls
 480r 8.8673790e+00 1.82e+01 9.99e+02   1.1 0.00e+00    -  0.00e+00 3.54e-08R  2
 481r 8.8673720e+00 1.82e+01 5.95e+04   1.1 2.21e+04    -  4.14e-06 1.55e-09f  1
 482  8.8673449e+00 1.82e+01 1.01e+05  -6.0 1.22e+03    -  2.06e-03 8.89e-06h  1
 483r 8.8673449e+00 1.82e+01 9.99e+02   1.1 0.00e+00    -  0.00e+00 3.92e-07R  5
 484r 8.8673383e+00 1.82e+01 9.99e+02   1.1 2.18e+04    -  4.16e-06 2.06e-09f  2
 485r 8.8673383e+00 1.82e+01 9.99e+02   1.1 0.00e+00    -  0.00e+00 3.91e-08R  2
 486r 8.8673313e+00 1.82e+01 5.94e+04   1.1 2.20e+04    -  4.16e-06 1.55e-09f  1
 487  8.8673043e+00 1.82e+01 1.02e+05  -6.0 1.22e+03    -  2.08e-03 8.90e-06h  1
 488r 8.8673043e+00 1.82e+01 9.99e+02   1.1 0.00e+00    -  0.00e+00 2.51e-07R  6
 489r 8.8672982e+00 1.82e+01 9.99e+02   1.1 2.17e+04    -  4.19e-06 1.88e-09f  2
iter    objective    inf_pr   inf_du lg(mu)  ||d||  lg(rg) alpha_du alpha_pr  ls
 490r 8.8672982e+00 1.82e+01 9.99e+02   1.1 0.00e+00    -  0.00e+00 3.69e-08R  2
 491r 8.8672912e+00 1.82e+01 5.94e+04   1.1 2.20e+04    -  4.19e-06 1.55e-09f  1
 492  8.8672643e+00 1.82e+01 1.03e+05  -6.0 1.22e+03    -  2.09e-03 8.89e-06h  1
 493r 8.8672643e+00 1.82e+01 9.99e+02   1.1 0.00e+00    -  0.00e+00 1.54e-07R  7
 494r 8.8672579e+00 1.82e+01 9.99e+02   1.1 2.17e+04    -  4.21e-06 1.97e-09f  2
 495r 8.8672579e+00 1.82e+01 9.99e+02   1.1 0.00e+00    -  0.00e+00 3.77e-08R  2
 496r 8.8672509e+00 1.82e+01 5.94e+04   1.1 2.19e+04    -  4.22e-06 1.55e-09f  1
 497  8.8672240e+00 1.82e+01 1.04e+05  -6.0 1.22e+03    -  2.11e-03 8.89e-06h  1
 498  8.8672147e+00 1.82e+01 1.11e+05  -6.0 1.02e+04    -  1.09e-05 1.17e-05h  1
 499r 8.8672147e+00 1.82e+01 9.99e+02   1.1 0.00e+00    -  0.00e+00 2.67e-07R  3
iter    objective    inf_pr   inf_du lg(mu)  ||d||  lg(rg) alpha_du alpha_pr  ls
 500r 8.8672142e+00 1.82e+01 3.30e+04   1.1 2.16e+04    -  4.24e-06 1.61e-10f  1
 501r 8.8672142e+00 1.82e+01 9.99e+02   1.1 0.00e+00    -  0.00e+00 7.53e-09R  2
 502r 8.8672072e+00 1.82e+01 5.93e+04   1.1 2.19e+04    -  4.23e-06 1.54e-09f  1
 503  8.8671807e+00 1.82e+01 1.02e+05  -6.0 1.24e+03    -  2.07e-03 8.78e-06h  1
 504r 8.8671807e+00 1.82e+01 9.99e+02   1.1 0.00e+00    -  0.00e+00 4.18e-07R  4
 505r 8.8671737e+00 1.82e+01 9.99e+02   1.1 2.16e+04    -  4.25e-06 2.17e-09f  2
 506r 8.8671737e+00 1.82e+01 9.99e+02   1.1 0.00e+00    -  0.00e+00 3.87e-08R  2
 507r 8.8671667e+00 1.82e+01 5.93e+04   1.1 2.19e+04    -  4.26e-06 1.55e-09f  1
 508  8.8671400e+00 1.82e+01 1.03e+05  -6.0 1.24e+03    -  2.10e-03 8.85e-06h  1
 509r 8.8671400e+00 1.82e+01 9.99e+02   1.1 0.00e+00    -  0.00e+00 2.95e-07R  5
iter    objective    inf_pr   inf_du lg(mu)  ||d||  lg(rg) alpha_du alpha_pr  ls
 510r 8.8671340e+00 1.82e+01 9.99e+02   1.1 2.15e+04    -  4.28e-06 1.85e-09f  2
 511r 8.8671340e+00 1.82e+01 9.99e+02   1.1 0.00e+00    -  0.00e+00 3.51e-08R  2
 512r 8.8671271e+00 1.82e+01 5.93e+04   1.1 2.18e+04    -  4.28e-06 1.55e-09f  1
 513  8.8671004e+00 1.82e+01 1.04e+05  -6.0 1.24e+03    -  2.12e-03 8.84e-06h  1
 514r 8.8671004e+00 1.82e+01 9.99e+02   1.1 0.00e+00    -  0.00e+00 3.96e-07R  5
 515r 8.8670939e+00 1.82e+01 9.99e+02   1.1 2.15e+04    -  4.31e-06 2.00e-09f  2
 516r 8.8670939e+00 1.82e+01 9.99e+02   1.1 0.00e+00    -  0.00e+00 3.67e-08R  2
 517r 8.8670870e+00 1.82e+01 5.92e+04   1.1 2.18e+04    -  4.31e-06 1.55e-09f  1
 518  8.8670603e+00 1.82e+01 1.05e+05  -6.0 1.24e+03    -  2.13e-03 8.84e-06h  1
 519r 8.8670603e+00 1.82e+01 9.99e+02   1.1 0.00e+00    -  0.00e+00 2.52e-07R  6
iter    objective    inf_pr   inf_du lg(mu)  ||d||  lg(rg) alpha_du alpha_pr  ls
 520r 8.8670541e+00 1.82e+01 9.99e+02   1.1 2.15e+04    -  4.33e-06 1.92e-09f  2
 521r 8.8670541e+00 1.82e+01 9.99e+02   1.1 0.00e+00    -  0.00e+00 3.57e-08R  2
 522r 8.8670471e+00 1.82e+01 5.92e+04   1.1 2.17e+04    -  4.33e-06 1.55e-09f  1
 523  8.8670205e+00 1.82e+01 1.06e+05  -6.0 1.24e+03    -  2.15e-03 8.83e-06h  1
 524r 8.8670205e+00 1.82e+01 9.99e+02   1.1 0.00e+00    -  0.00e+00 3.08e-07R  6
 525r 8.8670142e+00 1.82e+01 9.99e+02   1.1 2.14e+04    -  4.36e-06 1.96e-09f  2
 526r 8.8670142e+00 1.82e+01 9.99e+02   1.1 0.00e+00    -  0.00e+00 3.61e-08R  2
 527r 8.8670072e+00 1.82e+01 5.92e+04   1.1 2.17e+04    -  4.36e-06 1.55e-09f  1
 528  8.8669806e+00 1.82e+01 1.07e+05  -6.0 1.25e+03    -  2.17e-03 8.83e-06h  1
 529  8.8669736e+00 1.82e+01 1.15e+05  -6.0 1.08e+04    -  1.08e-05 1.17e-05h  1
iter    objective    inf_pr   inf_du lg(mu)  ||d||  lg(rg) alpha_du alpha_pr  ls
 530r 8.8669736e+00 1.82e+01 9.99e+02   1.1 0.00e+00    -  0.00e+00 3.09e-07R  3
 531r 8.8669731e+00 1.82e+01 3.26e+04   1.1 2.14e+04    -  4.39e-06 1.66e-10f  1
 532r 8.8669731e+00 1.82e+01 9.99e+02   1.1 0.00e+00    -  0.00e+00 7.59e-09R  2
 533r 8.8669661e+00 1.82e+01 5.91e+04   1.1 2.17e+04    -  4.37e-06 1.54e-09f  1
 534  8.8669400e+00 1.82e+01 1.04e+05  -6.0 1.27e+03    -  2.12e-03 8.72e-06h  1
 535r 8.8669400e+00 1.82e+01 9.99e+02   1.1 0.00e+00    -  0.00e+00 4.44e-07R  4
 536r 8.8669329e+00 1.82e+01 9.99e+02   1.1 2.13e+04    -  4.40e-06 2.20e-09f  2
 537r 8.8669329e+00 1.82e+01 9.99e+02   1.1 0.00e+00    -  0.00e+00 3.75e-08R  2
 538r 8.8669259e+00 1.82e+01 5.91e+04   1.1 2.16e+04    -  4.40e-06 1.55e-09f  1
 539  8.8668996e+00 1.82e+01 1.06e+05  -6.0 1.26e+03    -  2.15e-03 8.79e-06h  1
iter    objective    inf_pr   inf_du lg(mu)  ||d||  lg(rg) alpha_du alpha_pr  ls
 540r 8.8668996e+00 1.82e+01 9.99e+02   1.1 0.00e+00    -  0.00e+00 3.04e-07R  5
 541r 8.8668936e+00 1.82e+01 9.99e+02   1.1 2.13e+04    -  4.43e-06 1.85e-09f  2
 542r 8.8668936e+00 1.82e+01 9.99e+02   1.1 0.00e+00    -  0.00e+00 3.38e-08R  2
 543r 8.8668866e+00 1.82e+01 5.91e+04   1.1 2.16e+04    -  4.43e-06 1.55e-09f  1
 544  8.8668603e+00 1.82e+01 1.07e+05  -6.0 1.26e+03    -  2.17e-03 8.78e-06h  1
 545r 8.8668603e+00 1.82e+01 9.99e+02   1.1 0.00e+00    -  0.00e+00 4.03e-07R  5
 546r 8.8668538e+00 1.82e+01 9.99e+02   1.1 2.13e+04    -  4.45e-06 2.01e-09f  2
 547r 8.8668538e+00 1.82e+01 9.99e+02   1.1 0.00e+00    -  0.00e+00 3.54e-08R  2
 548r 8.8668468e+00 1.82e+01 5.90e+04   1.1 2.15e+04    -  4.46e-06 1.55e-09f  1
 549  8.8668206e+00 1.82e+01 1.08e+05  -6.0 1.26e+03    -  2.19e-03 8.78e-06h  1
iter    objective    inf_pr   inf_du lg(mu)  ||d||  lg(rg) alpha_du alpha_pr  ls
 550r 8.8668206e+00 1.82e+01 9.99e+02   1.1 0.00e+00    -  0.00e+00 2.55e-07R  6
 551r 8.8668143e+00 1.82e+01 9.99e+02   1.1 2.12e+04    -  4.48e-06 1.93e-09f  2
 552r 8.8668143e+00 1.82e+01 9.99e+02   1.1 0.00e+00    -  0.00e+00 3.44e-08R  2
 553r 8.8668073e+00 1.82e+01 5.90e+04   1.1 2.15e+04    -  4.48e-06 1.55e-09f  1
 554  8.8667811e+00 1.82e+01 1.09e+05  -6.0 1.27e+03    -  2.21e-03 8.77e-06h  1
 555r 8.8667811e+00 1.82e+01 9.99e+02   1.1 0.00e+00    -  0.00e+00 3.10e-07R  6
 556r 8.8667747e+00 1.82e+01 9.99e+02   1.1 2.12e+04    -  4.51e-06 1.98e-09f  2
 557r 8.8667747e+00 1.82e+01 9.99e+02   1.1 0.00e+00    -  0.00e+00 3.48e-08R  2
 558r 8.8667677e+00 1.82e+01 5.90e+04   1.1 2.15e+04    -  4.51e-06 1.55e-09f  1
 559  8.8667416e+00 1.82e+01 1.10e+05  -6.0 1.27e+03    -  2.22e-03 8.77e-06h  1
iter    objective    inf_pr   inf_du lg(mu)  ||d||  lg(rg) alpha_du alpha_pr  ls
 560  8.8667372e+00 1.82e+01 1.19e+05  -6.0 1.13e+04    -  1.08e-05 1.17e-05h  1
 561r 8.8667372e+00 1.82e+01 9.99e+02   1.1 0.00e+00    -  0.00e+00 3.58e-07R  3
 562r 8.8667367e+00 1.82e+01 3.21e+04   1.1 2.11e+04    -  4.54e-06 1.70e-10f  1
 563r 8.8667367e+00 1.82e+01 9.99e+02   1.1 0.00e+00    -  0.00e+00 7.68e-09R  2
 564r 8.8667297e+00 1.82e+01 5.89e+04   1.1 2.14e+04    -  4.52e-06 1.54e-09f  1
 565  8.8667040e+00 1.82e+01 1.07e+05  -6.0 1.29e+03    -  2.17e-03 8.67e-06h  1
 566r 8.8667040e+00 1.82e+01 9.99e+02   1.1 0.00e+00    -  0.00e+00 4.76e-07R  4
 567r 8.8666968e+00 1.82e+01 9.99e+02   1.1 2.11e+04    -  4.55e-06 2.22e-09f  2
 568r 8.8666968e+00 1.82e+01 9.99e+02   1.1 0.00e+00    -  0.00e+00 3.63e-08R  2
 569r 8.8666898e+00 1.82e+01 5.89e+04   1.1 2.14e+04    -  4.55e-06 1.55e-09f  1
iter    objective    inf_pr   inf_du lg(mu)  ||d||  lg(rg) alpha_du alpha_pr  ls
 570  8.8666639e+00 1.82e+01 1.09e+05  -6.0 1.28e+03    -  2.20e-03 8.73e-06h  1
 571r 8.8666639e+00 1.82e+01 9.99e+02   1.1 0.00e+00    -  0.00e+00 3.15e-07R  5
 572r 8.8666578e+00 1.82e+01 9.99e+02   1.1 2.11e+04    -  4.58e-06 1.86e-09f  2
 573r 8.8666578e+00 1.82e+01 9.99e+02   1.1 0.00e+00    -  0.00e+00 3.26e-08R  2
 574r 8.8666509e+00 1.82e+01 5.89e+04   1.1 2.14e+04    -  4.58e-06 1.55e-09f  1
 575  8.8666250e+00 1.82e+01 1.10e+05  -6.0 1.28e+03    -  2.22e-03 8.72e-06h  1
 576r 8.8666250e+00 1.82e+01 9.99e+02   1.1 0.00e+00    -  0.00e+00 4.13e-07R  5
 577r 8.8666184e+00 1.82e+01 9.99e+02   1.1 2.10e+04    -  4.60e-06 2.02e-09f  2
 578r 8.8666184e+00 1.82e+01 9.99e+02   1.1 0.00e+00    -  0.00e+00 3.42e-08R  2
 579r 8.8666114e+00 1.82e+01 5.88e+04   1.1 2.13e+04    -  4.61e-06 1.55e-09f  1
iter    objective    inf_pr   inf_du lg(mu)  ||d||  lg(rg) alpha_du alpha_pr  ls
 580  8.8665856e+00 1.82e+01 1.11e+05  -6.0 1.29e+03    -  2.24e-03 8.72e-06h  1
 581r 8.8665856e+00 1.82e+01 9.99e+02   1.1 0.00e+00    -  0.00e+00 2.60e-07R  6
 582r 8.8665792e+00 1.82e+01 9.99e+02   1.1 2.10e+04    -  4.63e-06 1.94e-09f  2
 583r 8.8665792e+00 1.82e+01 9.99e+02   1.1 0.00e+00    -  0.00e+00 3.33e-08R  2
 584r 8.8665723e+00 1.82e+01 5.88e+04   1.1 2.13e+04    -  4.63e-06 1.55e-09f  1
 585  8.8665464e+00 1.82e+01 1.11e+05  -6.0 1.29e+03    -  2.26e-03 8.72e-06h  1
 586  8.8665481e+00 1.82e+01 1.05e+05  -6.0 1.18e+04    -  1.07e-05 1.01e-05h  1
 587r 8.8665481e+00 1.82e+01 9.99e+02   1.1 0.00e+00    -  0.00e+00 2.76e-07R  4
 588r 8.8665476e+00 1.82e+01 3.17e+04   1.1 2.10e+04    -  4.66e-06 1.73e-10f  1
 589r 8.8665476e+00 1.82e+01 9.99e+02   1.1 0.00e+00    -  0.00e+00 7.67e-09R  2
iter    objective    inf_pr   inf_du lg(mu)  ||d||  lg(rg) alpha_du alpha_pr  ls
 590r 8.8665407e+00 1.82e+01 5.87e+04   1.1 2.13e+04    -  4.65e-06 1.55e-09f  1
 591  8.8665152e+00 1.82e+01 1.09e+05  -6.0 1.30e+03    -  2.22e-03 8.62e-06h  1
 592r 8.8665152e+00 1.82e+01 9.99e+02   1.1 0.00e+00    -  0.00e+00 2.53e-07R  5
 593r 8.8665078e+00 1.82e+01 9.99e+02   1.1 2.09e+04    -  4.67e-06 2.26e-09f  2
 594r 8.8665078e+00 1.82e+01 9.99e+02   1.1 0.00e+00    -  0.00e+00 3.56e-08R  2
 595r 8.8665009e+00 1.82e+01 5.88e+04   1.1 2.12e+04    -  4.68e-06 1.55e-09f  1
 596  8.8664753e+00 1.82e+01 1.11e+05  -6.0 1.30e+03    -  2.25e-03 8.69e-06h  1
 597r 8.8664753e+00 1.82e+01 9.99e+02   1.1 0.00e+00    -  0.00e+00 3.27e-07R  5
 598r 8.8664692e+00 1.82e+01 9.99e+02   1.1 2.09e+04    -  4.70e-06 1.86e-09f  2
 599r 8.8664692e+00 1.82e+01 9.99e+02   1.1 0.00e+00    -  0.00e+00 3.17e-08R  2
iter    objective    inf_pr   inf_du lg(mu)  ||d||  lg(rg) alpha_du alpha_pr  ls
 600r 8.8664623e+00 1.82e+01 5.87e+04   1.1 2.12e+04    -  4.70e-06 1.55e-09f  1
 601  8.8664367e+00 1.82e+01 1.12e+05  -6.0 1.30e+03    -  2.27e-03 8.68e-06h  1
 602r 8.8664367e+00 1.82e+01 9.99e+02   1.1 0.00e+00    -  0.00e+00 4.23e-07R  5
 603r 8.8664300e+00 1.82e+01 9.99e+02   1.1 2.09e+04    -  4.73e-06 2.04e-09f  2
 604r 8.8664300e+00 1.82e+01 9.99e+02   1.1 0.00e+00    -  0.00e+00 3.34e-08R  2
 605r 8.8664231e+00 1.82e+01 5.87e+04   1.1 2.11e+04    -  4.73e-06 1.55e-09f  1
 606  8.8663975e+00 1.82e+01 1.13e+05  -6.0 1.30e+03    -  2.29e-03 8.68e-06h  1
 607r 8.8663975e+00 1.82e+01 9.99e+02   1.1 0.00e+00    -  0.00e+00 2.65e-07R  6
 608r 8.8663911e+00 1.82e+01 9.99e+02   1.1 2.08e+04    -  4.76e-06 1.95e-09f  2
 609r 8.8663911e+00 1.82e+01 9.99e+02   1.1 0.00e+00    -  0.00e+00 3.24e-08R  2
iter    objective    inf_pr   inf_du lg(mu)  ||d||  lg(rg) alpha_du alpha_pr  ls
 610r 8.8663842e+00 1.82e+01 5.86e+04   1.1 2.11e+04    -  4.76e-06 1.55e-09f  1
 611  8.8663587e+00 1.82e+01 1.14e+05  -6.0 1.30e+03    -  2.30e-03 8.67e-06h  1
 612  8.8663628e+00 1.82e+01 1.09e+05  -6.0 1.22e+04    -  1.07e-05 1.03e-05h  1
 613r 8.8663628e+00 1.82e+01 9.99e+02   1.1 0.00e+00    -  0.00e+00 3.16e-07R  4
 614r 8.8663622e+00 1.82e+01 3.13e+04   1.1 2.08e+04    -  4.79e-06 1.76e-10f  1
 615r 8.8663622e+00 1.82e+01 9.99e+02   1.1 0.00e+00    -  0.00e+00 7.78e-09R  2
 616r 8.8663554e+00 1.82e+01 5.85e+04   1.1 2.11e+04    -  4.77e-06 1.55e-09f  1
 617  8.8663303e+00 1.82e+01 1.12e+05  -6.0 1.32e+03    -  2.26e-03 8.58e-06h  1
 618r 8.8663303e+00 1.82e+01 9.99e+02   1.1 0.00e+00    -  0.00e+00 2.71e-07R  5
 619r 8.8663228e+00 1.82e+01 9.99e+02   1.1 2.08e+04    -  4.80e-06 2.27e-09f  2
iter    objective    inf_pr   inf_du lg(mu)  ||d||  lg(rg) alpha_du alpha_pr  ls
 620r 8.8663228e+00 1.82e+01 9.99e+02   1.1 0.00e+00    -  0.00e+00 3.48e-08R  2
 621r 8.8663159e+00 1.82e+01 5.86e+04   1.1 2.10e+04    -  4.80e-06 1.55e-09f  1
 622  8.8662906e+00 1.82e+01 1.13e+05  -6.0 1.32e+03    -  2.29e-03 8.65e-06h  1
 623r 8.8662906e+00 1.82e+01 9.99e+02   1.1 0.00e+00    -  0.00e+00 3.41e-07R  5
 624r 8.8662844e+00 1.82e+01 9.99e+02   1.1 2.07e+04    -  4.83e-06 1.87e-09f  2
 625r 8.8662844e+00 1.82e+01 9.99e+02   1.1 0.00e+00    -  0.00e+00 3.09e-08R  2
 626r 8.8662775e+00 1.82e+01 5.85e+04   1.1 2.10e+04    -  4.83e-06 1.55e-09f  1
 627  8.8662522e+00 1.82e+01 1.14e+05  -6.0 1.32e+03    -  2.31e-03 8.63e-06h  1
 628r 8.8662522e+00 1.82e+01 9.99e+02   1.1 0.00e+00    -  0.00e+00 4.36e-07R  5
 629r 8.8662455e+00 1.82e+01 9.99e+02   1.1 2.07e+04    -  4.86e-06 2.05e-09f  2
iter    objective    inf_pr   inf_du lg(mu)  ||d||  lg(rg) alpha_du alpha_pr  ls
 630r 8.8662455e+00 1.82e+01 9.99e+02   1.1 0.00e+00    -  0.00e+00 3.25e-08R  2
 631r 8.8662386e+00 1.82e+01 5.85e+04   1.1 2.10e+04    -  4.86e-06 1.55e-09f  1
 632  8.8662133e+00 1.82e+01 1.15e+05  -6.0 1.32e+03    -  2.33e-03 8.64e-06h  1
 633r 8.8662133e+00 1.82e+01 9.99e+02   1.1 0.00e+00    -  0.00e+00 2.71e-07R  6
 634r 8.8662069e+00 1.82e+01 9.99e+02   1.1 2.06e+04    -  4.89e-06 1.96e-09f  2
 635r 8.8662069e+00 1.82e+01 9.99e+02   1.1 0.00e+00    -  0.00e+00 3.16e-08R  2
 636r 8.8662000e+00 1.82e+01 5.85e+04   1.1 2.09e+04    -  4.89e-06 1.55e-09f  1
 637  8.8661748e+00 1.82e+01 1.16e+05  -6.0 1.32e+03    -  2.35e-03 8.63e-06h  1
 638  8.8661815e+00 1.82e+01 1.14e+05  -6.0 1.26e+04    -  1.06e-05 1.05e-05h  1
 639r 8.8661815e+00 1.82e+01 9.99e+02   1.1 0.00e+00    -  0.00e+00 3.63e-07R  4
iter    objective    inf_pr   inf_du lg(mu)  ||d||  lg(rg) alpha_du alpha_pr  ls
 640r 8.8661809e+00 1.82e+01 3.10e+04   1.1 2.06e+04    -  4.92e-06 1.80e-10f  1
 641r 8.8661809e+00 1.82e+01 9.99e+02   1.1 0.00e+00    -  0.00e+00 7.90e-09R  2
 642r 8.8661741e+00 1.82e+01 5.84e+04   1.1 2.09e+04    -  4.90e-06 1.55e-09f  1
 643  8.8661493e+00 1.82e+01 1.14e+05  -6.0 1.34e+03    -  2.31e-03 8.55e-06h  1
 644r 8.8661493e+00 1.82e+01 9.99e+02   1.1 0.00e+00    -  0.00e+00 2.90e-07R  5
 645r 8.8661417e+00 1.82e+01 9.99e+02   1.1 2.06e+04    -  4.93e-06 2.29e-09f  2
 646r 8.8661417e+00 1.82e+01 9.99e+02   1.1 0.00e+00    -  0.00e+00 3.41e-08R  2
 647r 8.8661348e+00 1.82e+01 5.84e+04   1.1 2.09e+04    -  4.93e-06 1.55e-09f  1
 648  8.8661098e+00 1.82e+01 1.15e+05  -6.0 1.34e+03    -  2.34e-03 8.61e-06h  1
 649r 8.8661098e+00 1.82e+01 9.99e+02   1.1 0.00e+00    -  0.00e+00 3.56e-07R  5
iter    objective    inf_pr   inf_du lg(mu)  ||d||  lg(rg) alpha_du alpha_pr  ls
 650r 8.8661036e+00 1.82e+01 9.99e+02   1.1 2.05e+04    -  4.96e-06 1.88e-09f  2
 651r 8.8661036e+00 1.82e+01 9.99e+02   1.1 0.00e+00    -  0.00e+00 3.01e-08R  2
 652r 8.8660967e+00 1.82e+01 5.84e+04   1.1 2.08e+04    -  4.96e-06 1.55e-09f  1
 653  8.8660718e+00 1.82e+01 1.16e+05  -6.0 1.34e+03    -  2.36e-03 8.60e-06h  1
 654r 8.8660718e+00 1.82e+01 9.99e+02   1.1 0.00e+00    -  0.00e+00 4.51e-07R  5
 655r 8.8660650e+00 1.82e+01 9.99e+02   1.1 2.05e+04    -  4.99e-06 2.06e-09f  2
 656r 8.8660650e+00 1.82e+01 9.99e+02   1.1 0.00e+00    -  0.00e+00 3.18e-08R  2
 657r 8.8660581e+00 1.82e+01 5.83e+04   1.1 2.08e+04    -  4.99e-06 1.55e-09f  1
 658  8.8660331e+00 1.82e+01 1.17e+05  -6.0 1.34e+03    -  2.38e-03 8.60e-06h  1
 659r 8.8660331e+00 1.82e+01 9.99e+02   1.1 0.00e+00    -  0.00e+00 2.79e-07R  6
iter    objective    inf_pr   inf_du lg(mu)  ||d||  lg(rg) alpha_du alpha_pr  ls
 660r 8.8660266e+00 1.82e+01 9.99e+02   1.1 2.05e+04    -  5.02e-06 1.96e-09f  2
 661r 8.8660266e+00 1.82e+01 9.99e+02   1.1 0.00e+00    -  0.00e+00 3.09e-08R  2
 662r 8.8660198e+00 1.82e+01 5.83e+04   1.1 2.08e+04    -  5.02e-06 1.55e-09f  1
 663  8.8659949e+00 1.82e+01 1.18e+05  -6.0 1.34e+03    -  2.39e-03 8.59e-06h  1
 664  8.8660043e+00 1.82e+01 1.20e+05  -6.0 1.29e+04    -  1.06e-05 1.08e-05h  1
 665r 8.8660043e+00 1.82e+01 9.99e+02   1.1 0.00e+00    -  0.00e+00 4.17e-07R  4
 666r 8.8660037e+00 1.82e+01 3.06e+04   1.1 2.04e+04    -  5.05e-06 1.83e-10f  1
 667r 8.8660037e+00 1.82e+01 9.99e+02   1.1 0.00e+00    -  0.00e+00 8.03e-09R  2
 668r 8.8659969e+00 1.82e+01 5.82e+04   1.1 2.07e+04    -  5.03e-06 1.55e-09f  1
 669  8.8659723e+00 1.82e+01 1.16e+05  -6.0 1.35e+03    -  2.35e-03 8.51e-06h  1
iter    objective    inf_pr   inf_du lg(mu)  ||d||  lg(rg) alpha_du alpha_pr  ls
 670r 8.8659723e+00 1.82e+01 9.99e+02   1.1 0.00e+00    -  0.00e+00 3.12e-07R  5
 671r 8.8659647e+00 1.82e+01 9.99e+02   1.1 2.04e+04    -  5.06e-06 2.31e-09f  2
 672r 8.8659647e+00 1.82e+01 9.99e+02   1.1 0.00e+00    -  0.00e+00 3.34e-08R  2
 673r 8.8659579e+00 1.82e+01 5.83e+04   1.1 2.07e+04    -  5.06e-06 1.55e-09f  1
 674  8.8659331e+00 1.82e+01 1.18e+05  -6.0 1.35e+03    -  2.38e-03 8.57e-06h  1
 675r 8.8659331e+00 1.82e+01 9.99e+02   1.1 0.00e+00    -  0.00e+00 3.74e-07R  5
 676r 8.8659269e+00 1.82e+01 9.99e+02   1.1 2.04e+04    -  5.09e-06 1.88e-09f  2
 677r 8.8659269e+00 1.82e+01 9.99e+02   1.1 0.00e+00    -  0.00e+00 2.95e-08R  2
 678r 8.8659201e+00 1.82e+01 5.82e+04   1.1 2.07e+04    -  5.09e-06 1.55e-09f  1
 679  8.8658954e+00 1.82e+01 1.19e+05  -6.0 1.35e+03    -  2.40e-03 8.56e-06h  1
iter    objective    inf_pr   inf_du lg(mu)  ||d||  lg(rg) alpha_du alpha_pr  ls
 680r 8.8658954e+00 1.82e+01 9.99e+02   1.1 0.00e+00    -  0.00e+00 4.68e-07R  5
 681r 8.8658885e+00 1.82e+01 9.99e+02   1.1 2.03e+04    -  5.12e-06 2.07e-09f  2
 682r 8.8658885e+00 1.82e+01 9.99e+02   1.1 0.00e+00    -  0.00e+00 3.11e-08R  2
 683r 8.8658817e+00 1.81e+01 5.82e+04   1.1 2.06e+04    -  5.12e-06 1.55e-09f  1
 684  8.8658570e+00 1.81e+01 1.20e+05  -6.0 1.35e+03    -  2.42e-03 8.56e-06h  1
 685r 8.8658570e+00 1.81e+01 9.99e+02   1.1 0.00e+00    -  0.00e+00 2.88e-07R  6
 686r 8.8658504e+00 1.81e+01 1.00e+03   1.1 2.03e+04    -  5.15e-06 1.97e-09f  2
 687r 8.8658504e+00 1.81e+01 9.99e+02   1.1 0.00e+00    -  0.00e+00 3.02e-08R  2
 688r 8.8658436e+00 1.81e+01 5.81e+04   1.1 2.06e+04    -  5.15e-06 1.55e-09f  1
 689  8.8658190e+00 1.81e+01 1.20e+05  -6.0 1.35e+03    -  2.44e-03 8.55e-06h  1
iter    objective    inf_pr   inf_du lg(mu)  ||d||  lg(rg) alpha_du alpha_pr  ls
 690  8.8658312e+00 1.81e+01 1.26e+05  -6.0 1.31e+04    -  1.06e-05 1.11e-05h  1
 691r 8.8658312e+00 1.81e+01 9.99e+02   1.1 0.00e+00    -  0.00e+00 4.81e-07R  4
 692r 8.8658306e+00 1.81e+01 3.02e+04   1.1 2.03e+04    -  5.18e-06 1.87e-10f  1
 693r 8.8658306e+00 1.81e+01 9.99e+02   1.1 0.00e+00    -  0.00e+00 8.16e-09R  2
 694r 8.8658238e+00 1.81e+01 5.80e+04   1.1 2.06e+04    -  5.16e-06 1.55e-09f  1
 695  8.8657996e+00 1.81e+01 1.18e+05  -6.0 1.37e+03    -  2.40e-03 8.47e-06h  1
 696r 8.8657996e+00 1.81e+01 9.99e+02   1.1 0.00e+00    -  0.00e+00 3.36e-07R  5
 697r 8.8657918e+00 1.81e+01 1.01e+03   1.1 2.03e+04    -  5.19e-06 2.32e-09f  2
 698r 8.8657918e+00 1.81e+01 9.99e+02   1.1 0.00e+00    -  0.00e+00 3.27e-08R  2
 699r 8.8657850e+00 1.81e+01 5.81e+04   1.1 2.05e+04    -  5.19e-06 1.55e-09f  1
iter    objective    inf_pr   inf_du lg(mu)  ||d||  lg(rg) alpha_du alpha_pr  ls
 700  8.8657606e+00 1.81e+01 1.20e+05  -6.0 1.37e+03    -  2.43e-03 8.54e-06h  1
 701r 8.8657606e+00 1.81e+01 9.99e+02   1.1 0.00e+00    -  0.00e+00 3.94e-07R  5
 702r 8.8657543e+00 1.81e+01 1.01e+03   1.1 2.02e+04    -  5.23e-06 1.89e-09f  2
 703r 8.8657543e+00 1.81e+01 9.99e+02   1.1 0.00e+00    -  0.00e+00 2.89e-08R  2
 704r 8.8657475e+00 1.81e+01 5.80e+04   1.1 2.05e+04    -  5.22e-06 1.55e-09f  1
 705  8.8657231e+00 1.81e+01 1.21e+05  -6.0 1.37e+03    -  2.45e-03 8.52e-06h  1
 706r 8.8657231e+00 1.81e+01 9.99e+02   1.1 0.00e+00    -  0.00e+00 4.88e-07R  5
 707r 8.8657161e+00 1.81e+01 1.02e+03   1.1 2.02e+04    -  5.25e-06 2.08e-09f  2
 708r 8.8657161e+00 1.81e+01 9.99e+02   1.1 0.00e+00    -  0.00e+00 3.05e-08R  2
 709r 8.8657094e+00 1.81e+01 5.80e+04   1.1 2.05e+04    -  5.25e-06 1.55e-09f  1
iter    objective    inf_pr   inf_du lg(mu)  ||d||  lg(rg) alpha_du alpha_pr  ls
 710  8.8656849e+00 1.81e+01 1.22e+05  -6.0 1.37e+03    -  2.47e-03 8.53e-06h  1
 711r 8.8656849e+00 1.81e+01 9.99e+02   1.1 0.00e+00    -  0.00e+00 2.99e-07R  6
 712r 8.8656783e+00 1.81e+01 1.02e+03   1.1 2.01e+04    -  5.28e-06 1.98e-09f  2
 713r 8.8656783e+00 1.81e+01 9.99e+02   1.1 0.00e+00    -  0.00e+00 2.96e-08R  2
 714r 8.8656716e+00 1.81e+01 5.79e+04   1.1 2.04e+04    -  5.28e-06 1.55e-09f  1
 715  8.8656472e+00 1.81e+01 1.23e+05  -6.0 1.37e+03    -  2.48e-03 8.52e-06h  1
 716  8.8656623e+00 1.81e+01 1.33e+05  -6.0 1.33e+04    -  1.05e-05 1.14e-05h  1
 717r 8.8656623e+00 1.81e+01 1.00e+03   1.1 0.00e+00    -  0.00e+00 2.79e-07R  5
 718r 8.8656617e+00 1.81e+01 2.99e+04   1.1 2.01e+04    -  5.31e-06 1.90e-10f  1
 719r 8.8656617e+00 1.81e+01 9.99e+02   1.1 0.00e+00    -  0.00e+00 8.30e-09R  2
iter    objective    inf_pr   inf_du lg(mu)  ||d||  lg(rg) alpha_du alpha_pr  ls
 720r 8.8656549e+00 1.81e+01 5.78e+04   1.1 2.04e+04    -  5.30e-06 1.55e-09f  1
 721  8.8656309e+00 1.81e+01 1.21e+05  -6.0 1.39e+03    -  2.45e-03 8.44e-06h  1
 722r 8.8656309e+00 1.81e+01 9.99e+02   1.1 0.00e+00    -  0.00e+00 3.62e-07R  5
 723r 8.8656231e+00 1.81e+01 1.03e+03   1.1 2.01e+04    -  5.33e-06 2.34e-09f  2
 724r 8.8656231e+00 1.81e+01 9.99e+02   1.1 0.00e+00    -  0.00e+00 3.21e-08R  2
 725r 8.8656164e+00 1.81e+01 5.79e+04   1.1 2.04e+04    -  5.33e-06 1.55e-09f  1
 726  8.8655922e+00 1.81e+01 1.22e+05  -6.0 1.38e+03    -  2.48e-03 8.50e-06h  1
 727r 8.8655922e+00 1.81e+01 9.99e+02   1.1 0.00e+00    -  0.00e+00 4.16e-07R  5
 728r 8.8655858e+00 1.81e+01 1.03e+03   1.1 2.01e+04    -  5.36e-06 1.90e-09f  2
 729r 8.8655858e+00 1.81e+01 9.99e+02   1.1 0.00e+00    -  0.00e+00 2.83e-08R  2
iter    objective    inf_pr   inf_du lg(mu)  ||d||  lg(rg) alpha_du alpha_pr  ls
 730r 8.8655791e+00 1.81e+01 5.78e+04   1.1 2.03e+04    -  5.36e-06 1.55e-09f  1
 731  8.8655549e+00 1.81e+01 1.23e+05  -6.0 1.38e+03    -  2.50e-03 8.49e-06h  1
 732r 8.8655549e+00 1.81e+01 9.99e+02   1.1 0.00e+00    -  0.00e+00 2.55e-07R  6
 733r 8.8655479e+00 1.81e+01 1.04e+03   1.1 2.00e+04    -  5.39e-06 2.09e-09f  2
 734r 8.8655479e+00 1.81e+01 9.99e+02   1.1 0.00e+00    -  0.00e+00 2.99e-08R  2
 735r 8.8655412e+00 1.81e+01 5.78e+04   1.1 2.03e+04    -  5.39e-06 1.55e-09f  1
 736  8.8655170e+00 1.81e+01 1.24e+05  -6.0 1.38e+03    -  2.52e-03 8.49e-06h  1
 737r 8.8655170e+00 1.81e+01 9.99e+02   1.1 0.00e+00    -  0.00e+00 3.10e-07R  6
 738r 8.8655104e+00 1.81e+01 1.04e+03   1.1 2.00e+04    -  5.42e-06 1.99e-09f  2
 739r 8.8655104e+00 1.81e+01 9.99e+02   1.1 0.00e+00    -  0.00e+00 2.90e-08R  2
iter    objective    inf_pr   inf_du lg(mu)  ||d||  lg(rg) alpha_du alpha_pr  ls
 740r 8.8655036e+00 1.81e+01 5.78e+04   1.1 2.03e+04    -  5.42e-06 1.55e-09f  1
 741  8.8654795e+00 1.81e+01 1.25e+05  -6.0 1.38e+03    -  2.53e-03 8.49e-06h  1
 742  8.8654975e+00 1.81e+01 1.41e+05  -6.0 1.35e+04    -  1.05e-05 1.19e-05h  1
 743r 8.8654975e+00 1.81e+01 1.00e+03   1.1 0.00e+00    -  0.00e+00 3.24e-07R  5
 744r 8.8654969e+00 1.81e+01 2.95e+04   1.1 2.00e+04    -  5.45e-06 1.94e-10f  1
 745r 8.8654969e+00 1.81e+01 9.99e+02   1.1 0.00e+00    -  0.00e+00 8.46e-09R  2
 746r 8.8654901e+00 1.81e+01 5.77e+04   1.1 2.03e+04    -  5.43e-06 1.55e-09f  1
 747  8.8654664e+00 1.81e+01 1.23e+05  -6.0 1.40e+03    -  2.50e-03 8.41e-06h  1
 748r 8.8654664e+00 1.81e+01 9.99e+02   1.1 0.00e+00    -  0.00e+00 3.89e-07R  5
 749r 8.8654586e+00 1.81e+01 1.05e+03   1.1 1.99e+04    -  5.47e-06 2.35e-09f  2
iter    objective    inf_pr   inf_du lg(mu)  ||d||  lg(rg) alpha_du alpha_pr  ls
 750r 8.8654586e+00 1.81e+01 9.99e+02   1.1 0.00e+00    -  0.00e+00 3.16e-08R  2
 751r 8.8654518e+00 1.81e+01 5.77e+04   1.1 2.02e+04    -  5.47e-06 1.55e-09f  1
 752  8.8654279e+00 1.81e+01 1.25e+05  -6.0 1.40e+03    -  2.53e-03 8.47e-06h  1
 753r 8.8654279e+00 1.81e+01 9.99e+02   1.1 0.00e+00    -  0.00e+00 4.40e-07R  5
 754r 8.8654215e+00 1.81e+01 1.05e+03   1.1 1.99e+04    -  5.50e-06 1.91e-09f  2
 755r 8.8654215e+00 1.81e+01 9.99e+02   1.1 0.00e+00    -  0.00e+00 2.78e-08R  2
 756r 8.8654148e+00 1.81e+01 5.77e+04   1.1 2.02e+04    -  5.50e-06 1.55e-09f  1
 757  8.8653909e+00 1.81e+01 1.26e+05  -6.0 1.40e+03    -  2.55e-03 8.46e-06h  1
 758r 8.8653909e+00 1.81e+01 9.99e+02   1.1 0.00e+00    -  0.00e+00 2.67e-07R  6
 759r 8.8653838e+00 1.81e+01 1.06e+03   1.1 1.99e+04    -  5.53e-06 2.10e-09f  2
iter    objective    inf_pr   inf_du lg(mu)  ||d||  lg(rg) alpha_du alpha_pr  ls
 760r 8.8653838e+00 1.81e+01 9.99e+02   1.1 0.00e+00    -  0.00e+00 2.94e-08R  2
 761r 8.8653771e+00 1.81e+01 5.76e+04   1.1 2.02e+04    -  5.53e-06 1.55e-09f  1
 762  8.8653532e+00 1.81e+01 1.27e+05  -6.0 1.40e+03    -  2.57e-03 8.46e-06h  1
 763  8.8653749e+00 1.81e+01 1.25e+05  -6.0 1.35e+04    -  1.05e-05 1.04e-05h  1
 764  8.8654873e+00 1.81e+01 1.26e+05  -6.0 1.52e+04    -  1.52e-04 1.12e-05h  1
 765  8.8659600e+00 1.81e+01 1.26e+05  -6.0 1.52e+04    -  3.72e-05 4.03e-05h  1
 766  8.8664888e+00 1.81e+01 1.26e+05  -6.0 1.68e+04    -  5.98e-05 3.46e-05h  1
 767  8.8701898e+00 1.81e+01 1.26e+05  -6.0 1.95e+04    -  6.92e-04 1.99e-04h  1
 768  8.8708989e+00 1.81e+01 2.32e+05  -6.0 3.09e+04    -  6.29e-04 2.30e-05h  4
 769r 8.8708989e+00 1.81e+01 1.00e+03   1.1 0.00e+00    -  0.00e+00 4.06e-07R 11
iter    objective    inf_pr   inf_du lg(mu)  ||d||  lg(rg) alpha_du alpha_pr  ls
 770r 8.8708989e+00 1.81e+01 1.24e+05   1.1 3.29e+04    -  7.86e-07 3.04e-13f  2
 771r 8.8708989e+00 1.81e+01 9.99e+02   1.1 0.00e+00    -  0.00e+00 4.62e-09R  2
 772r 8.8708946e+00 1.81e+01 1.16e+04   1.1 2.04e+04    -  5.43e-06 1.51e-09f  2
 773  8.8708694e+00 1.81e+01 5.41e+02  -6.0 1.29e+03    -  4.68e-03 8.65e-06h  1
 774r 8.8708694e+00 1.81e+01 9.99e+02   1.1 0.00e+00    -  0.00e+00 2.62e-07R  5
 775r 8.8708608e+00 1.81e+01 1.14e+03   1.1 1.99e+04    -  5.58e-06 2.46e-09f  2
 776r 8.8708608e+00 1.81e+01 9.99e+02   1.1 0.00e+00    -  0.00e+00 3.17e-08R  2
 777r 8.8708547e+00 1.81e+01 2.50e+03   1.1 2.01e+04    -  5.40e-06 1.54e-09f  2
 778  8.8708283e+00 1.81e+01 5.44e+02  -6.0 1.28e+03    -  4.83e-03 8.89e-06h  1
 779r 8.8708283e+00 1.81e+01 9.99e+02   1.1 0.00e+00    -  0.00e+00 3.55e-07R  5
iter    objective    inf_pr   inf_du lg(mu)  ||d||  lg(rg) alpha_du alpha_pr  ls
 780r 8.8708197e+00 1.81e+01 1.16e+03   1.1 1.98e+04    -  5.61e-06 2.47e-09f  2
 781r 8.8708197e+00 1.81e+01 9.99e+02   1.1 0.00e+00    -  0.00e+00 3.27e-08R  2
 782r 8.8708135e+00 1.81e+01 2.01e+03   1.1 2.01e+04    -  5.39e-06 1.54e-09f  2
 783  8.8707867e+00 1.81e+01 5.50e+02  -6.0 1.28e+03    -  4.92e-03 8.95e-06h  1
 784r 8.8707867e+00 1.81e+01 9.99e+02   1.1 0.00e+00    -  0.00e+00 4.69e-07R  5
 785r 8.8707779e+00 1.81e+01 1.14e+03   1.1 1.98e+04    -  5.65e-06 2.49e-09f  2
 786r 8.8707779e+00 1.81e+01 9.99e+02   1.1 0.00e+00    -  0.00e+00 3.32e-08R  2
 787r 8.8707717e+00 1.81e+01 1.71e+03   1.1 2.00e+04    -  5.37e-06 1.54e-09f  2
 788  8.8707447e+00 1.81e+01 5.56e+02  -6.0 1.28e+03    -  4.98e-03 8.97e-06h  1
 789r 8.8707447e+00 1.81e+01 9.99e+02   1.1 0.00e+00    -  0.00e+00 2.95e-07R  6
iter    objective    inf_pr   inf_du lg(mu)  ||d||  lg(rg) alpha_du alpha_pr  ls
 790r 8.8707359e+00 1.81e+01 1.11e+03   1.1 1.97e+04    -  5.68e-06 2.50e-09f  2
 791r 8.8707359e+00 1.81e+01 9.99e+02   1.1 0.00e+00    -  0.00e+00 3.34e-08R  2
 792r 8.8707296e+00 1.81e+01 1.51e+03   1.1 2.00e+04    -  5.35e-06 1.55e-09f  2
 793  8.8707026e+00 1.81e+01 5.60e+02  -6.0 1.28e+03    -  5.03e-03 8.98e-06h  1
 794  8.8706882e+00 1.81e+01 2.35e+04  -6.0 7.68e+03    -  5.58e-04 1.15e-05h  1
 795  8.8710212e+00 1.81e+01 1.96e+05  -6.0 2.86e+04    -  8.25e-04 1.16e-05h  3
 796r 8.8710212e+00 1.81e+01 1.00e+03   1.1 0.00e+00    -  0.00e+00 2.80e-07R 12
 797r 8.8710112e+00 1.81e+01 1.08e+03   1.1 1.97e+04    -  5.72e-06 2.77e-09f  2
 798r 8.8710112e+00 1.81e+01 9.99e+02   1.1 0.00e+00    -  0.00e+00 1.48e-08R  2
 799r 8.8710050e+00 1.81e+01 1.84e+03   1.1 2.00e+04    -  5.19e-06 1.55e-09f  2
iter    objective    inf_pr   inf_du lg(mu)  ||d||  lg(rg) alpha_du alpha_pr  ls
 800  8.8709782e+00 1.81e+01 5.65e+02  -6.0 1.30e+03    -  5.04e-03 8.93e-06h  1
 801r 8.8709782e+00 1.81e+01 9.99e+02   1.1 0.00e+00    -  0.00e+00 2.78e-07R  5
 802r 8.8709694e+00 1.81e+01 1.14e+03   1.1 1.97e+04    -  5.75e-06 2.51e-09f  2
 803r 8.8709694e+00 1.81e+01 9.99e+02   1.1 0.00e+00    -  0.00e+00 3.25e-08R  2
 804r 8.8709631e+00 1.81e+01 1.58e+03   1.1 1.99e+04    -  5.17e-06 1.55e-09f  2
 805  8.8709362e+00 1.81e+01 5.70e+02  -6.0 1.29e+03    -  5.10e-03 8.95e-06h  1
 806r 8.8709362e+00 1.81e+01 9.99e+02   1.1 0.00e+00    -  0.00e+00 3.66e-07R  5
 807r 8.8709274e+00 1.81e+01 1.10e+03   1.1 1.96e+04    -  5.79e-06 2.52e-09f  2
 808r 8.8709274e+00 1.81e+01 9.99e+02   1.1 0.00e+00    -  0.00e+00 3.29e-08R  2
 809r 8.8709211e+00 1.81e+01 1.41e+03   1.1 1.99e+04    -  5.15e-06 1.55e-09f  2
iter    objective    inf_pr   inf_du lg(mu)  ||d||  lg(rg) alpha_du alpha_pr  ls
 810  8.8708941e+00 1.81e+01 5.74e+02  -6.0 1.29e+03    -  5.13e-03 8.95e-06h  1
 811r 8.8708941e+00 1.81e+01 9.99e+02   1.1 0.00e+00    -  0.00e+00 4.77e-07R  5
 812r 8.8708852e+00 1.81e+01 1.10e+03   1.1 1.96e+04    -  5.83e-06 2.53e-09f  2
 813r 8.8708852e+00 1.81e+01 9.99e+02   1.1 0.00e+00    -  0.00e+00 3.31e-08R  2
 814r 8.8708788e+00 1.81e+01 1.28e+03   1.1 1.99e+04    -  5.14e-06 1.55e-09f  2
 815  8.8708519e+00 1.81e+01 5.77e+02  -6.0 1.29e+03    -  5.16e-03 8.95e-06h  1
 816r 8.8708519e+00 1.81e+01 9.99e+02   1.1 0.00e+00    -  0.00e+00 2.98e-07R  6
 817r 8.8708429e+00 1.81e+01 1.10e+03   1.1 1.96e+04    -  5.86e-06 2.53e-09f  2
 818r 8.8708429e+00 1.81e+01 9.99e+02   1.1 0.00e+00    -  0.00e+00 3.32e-08R  2
 819r 8.8708366e+00 1.81e+01 1.17e+03   1.1 1.98e+04    -  5.12e-06 1.55e-09f  2
iter    objective    inf_pr   inf_du lg(mu)  ||d||  lg(rg) alpha_du alpha_pr  ls
 820  8.8708096e+00 1.81e+01 5.79e+02  -6.0 1.29e+03    -  5.19e-03 8.95e-06h  1
 821  8.8707976e+00 1.81e+01 2.01e+04  -6.0 7.96e+03    -  4.62e-04 1.15e-05h  1
 822r 8.8707976e+00 1.81e+01 1.00e+03   1.1 0.00e+00    -  0.00e+00 2.91e-07R  8
 823r 8.8707883e+00 1.81e+01 1.11e+03   1.1 1.95e+04    -  5.90e-06 2.62e-09f  2
 824r 8.8707883e+00 1.81e+01 9.99e+02   1.1 0.00e+00    -  0.00e+00 1.53e-08R  2
 825r 8.8707819e+00 1.81e+01 1.18e+03   1.1 1.98e+04    -  4.95e-06 1.55e-09f  2
 826  8.8707554e+00 1.81e+01 5.74e+02  -6.0 1.31e+03    -  5.10e-03 8.89e-06h  1
 827r 8.8707554e+00 1.81e+01 9.99e+02   1.1 0.00e+00    -  0.00e+00 2.92e-07R  5
 828r 8.8707465e+00 1.81e+01 1.11e+03   1.1 1.95e+04    -  5.94e-06 2.52e-09f  2
 829r 8.8707465e+00 1.81e+01 9.99e+02   1.1 0.00e+00    -  0.00e+00 3.20e-08R  2
iter    objective    inf_pr   inf_du lg(mu)  ||d||  lg(rg) alpha_du alpha_pr  ls
 830r 8.8707401e+00 1.81e+01 1.09e+03   1.1 1.97e+04    -  4.94e-06 1.55e-09f  2
 831  8.8707134e+00 1.81e+01 5.77e+02  -6.0 1.31e+03    -  5.14e-03 8.90e-06h  1
 832r 8.8707134e+00 1.81e+01 9.99e+02   1.1 0.00e+00    -  0.00e+00 3.74e-07R  5
 833r 8.8707045e+00 1.81e+01 1.12e+03   1.1 1.95e+04    -  5.97e-06 2.53e-09f  2
 834r 8.8707045e+00 1.81e+01 9.99e+02   1.1 0.00e+00    -  0.00e+00 3.22e-08R  2
 835r 8.8706981e+00 1.81e+01 1.02e+03   1.1 1.97e+04    -  4.92e-06 1.55e-09f  2
 836  8.8706715e+00 1.81e+01 5.80e+02  -6.0 1.31e+03    -  5.16e-03 8.90e-06h  1
 837r 8.8706715e+00 1.81e+01 9.99e+02   1.1 0.00e+00    -  0.00e+00 4.80e-07R  5
 838r 8.8706625e+00 1.81e+01 1.12e+03   1.1 1.94e+04    -  6.01e-06 2.53e-09f  2
 839r 8.8706625e+00 1.81e+01 9.99e+02   1.1 0.00e+00    -  0.00e+00 3.23e-08R  2
iter    objective    inf_pr   inf_du lg(mu)  ||d||  lg(rg) alpha_du alpha_pr  ls
 840r 8.8706561e+00 1.81e+01 9.99e+02   1.1 1.97e+04    -  4.91e-06 1.55e-09f  2
 841  8.8706295e+00 1.81e+01 5.82e+02  -6.0 1.31e+03    -  5.18e-03 8.90e-06h  1
 842r 8.8706295e+00 1.81e+01 9.99e+02   1.1 0.00e+00    -  0.00e+00 2.99e-07R  6
 843r 8.8706205e+00 1.81e+01 1.13e+03   1.1 1.94e+04    -  6.05e-06 2.54e-09f  2
 844r 8.8706205e+00 1.81e+01 9.99e+02   1.1 0.00e+00    -  0.00e+00 3.24e-08R  2
 845r 8.8706141e+00 1.81e+01 9.99e+02   1.1 1.96e+04    -  4.89e-06 1.55e-09f  2
 846  8.8705875e+00 1.81e+01 5.84e+02  -6.0 1.31e+03    -  5.20e-03 8.90e-06h  1
 847  8.8705795e+00 1.81e+01 1.81e+04  -6.0 8.37e+03    -  3.98e-04 1.15e-05h  1
 848  8.8709592e+00 1.81e+01 9.39e+04  -6.0 2.49e+04    -  4.10e-04 1.48e-05h  2
 849r 8.8709592e+00 1.81e+01 1.00e+03   1.1 0.00e+00    -  0.00e+00 2.72e-07R 11
iter    objective    inf_pr   inf_du lg(mu)  ||d||  lg(rg) alpha_du alpha_pr  ls
 850r 8.8709495e+00 1.81e+01 1.13e+03   1.1 1.93e+04    -  6.09e-06 2.69e-09f  2
 851r 8.8709495e+00 1.81e+01 9.99e+02   1.1 0.00e+00    -  0.00e+00 1.50e-08R  2
 852r 8.8709433e+00 1.81e+01 1.33e+03   1.1 1.96e+04    -  4.72e-06 1.55e-09f  2
 853  8.8709170e+00 1.81e+01 5.89e+02  -6.0 1.32e+03    -  5.21e-03 8.85e-06h  1
 854r 8.8709170e+00 1.81e+01 9.99e+02   1.1 0.00e+00    -  0.00e+00 3.04e-07R  5
 855r 8.8709081e+00 1.81e+01 1.14e+03   1.1 1.93e+04    -  6.12e-06 2.54e-09f  2
 856r 8.8709081e+00 1.81e+01 9.99e+02   1.1 0.00e+00    -  0.00e+00 3.14e-08R  2
 857r 8.8709018e+00 1.81e+01 1.20e+03   1.1 1.96e+04    -  4.71e-06 1.55e-09f  2
 858  8.8708755e+00 1.81e+01 5.93e+02  -6.0 1.32e+03    -  5.25e-03 8.87e-06h  1
 859r 8.8708755e+00 1.81e+01 9.99e+02   1.1 0.00e+00    -  0.00e+00 3.81e-07R  5
iter    objective    inf_pr   inf_du lg(mu)  ||d||  lg(rg) alpha_du alpha_pr  ls
 860r 8.8708665e+00 1.81e+01 1.14e+03   1.1 1.93e+04    -  6.16e-06 2.55e-09f  2
 861r 8.8708665e+00 1.81e+01 9.99e+02   1.1 0.00e+00    -  0.00e+00 3.17e-08R  2
 862r 8.8708601e+00 1.81e+01 1.10e+03   1.1 1.96e+04    -  4.69e-06 1.55e-09f  2
 863  8.8708338e+00 1.81e+01 5.96e+02  -6.0 1.32e+03    -  5.29e-03 8.87e-06h  1
 864r 8.8708338e+00 1.81e+01 9.99e+02   1.1 0.00e+00    -  0.00e+00 4.87e-07R  5
 865r 8.8708248e+00 1.81e+01 1.15e+03   1.1 1.92e+04    -  6.20e-06 2.56e-09f  2
 866r 8.8708248e+00 1.81e+01 9.99e+02   1.1 0.00e+00    -  0.00e+00 3.18e-08R  2
 867r 8.8708184e+00 1.81e+01 1.02e+03   1.1 1.96e+04    -  4.67e-06 1.55e-09f  2
 868  8.8707921e+00 1.81e+01 5.99e+02  -6.0 1.32e+03    -  5.31e-03 8.87e-06h  1
 869r 8.8707921e+00 1.81e+01 9.99e+02   1.1 0.00e+00    -  0.00e+00 3.01e-07R  6
iter    objective    inf_pr   inf_du lg(mu)  ||d||  lg(rg) alpha_du alpha_pr  ls
 870r 8.8707830e+00 1.81e+01 1.15e+03   1.1 1.92e+04    -  6.24e-06 2.56e-09f  2
 871r 8.8707830e+00 1.81e+01 9.99e+02   1.1 0.00e+00    -  0.00e+00 3.18e-08R  2
 872r 8.8707766e+00 1.81e+01 9.99e+02   1.1 1.96e+04    -  4.66e-06 1.55e-09f  2
 873  8.8707503e+00 1.81e+01 6.01e+02  -6.0 1.32e+03    -  5.33e-03 8.86e-06h  1
 874  8.8707442e+00 1.81e+01 2.00e+04  -6.0 8.53e+03    -  4.31e-04 1.16e-05h  1
 875  8.8712423e+00 1.81e+01 7.71e+04  -6.0 2.37e+04    -  3.29e-04 2.01e-05h  2
 876r 8.8712423e+00 1.81e+01 1.00e+03   1.1 0.00e+00    -  0.00e+00 2.53e-07R 11
 877r 8.8712327e+00 1.81e+01 1.16e+03   1.1 1.92e+04    -  6.27e-06 2.71e-09f  2
 878r 8.8712327e+00 1.81e+01 9.99e+02   1.1 0.00e+00    -  0.00e+00 1.49e-08R  2
 879r 8.8712265e+00 1.81e+01 1.50e+03   1.1 1.96e+04    -  4.49e-06 1.55e-09f  2
iter    objective    inf_pr   inf_du lg(mu)  ||d||  lg(rg) alpha_du alpha_pr  ls
 880  8.8712005e+00 1.81e+01 6.10e+02  -6.0 1.33e+03    -  5.38e-03 8.82e-06h  1
 881r 8.8712005e+00 1.81e+01 9.99e+02   1.1 0.00e+00    -  0.00e+00 3.15e-07R  5
 882r 8.8711914e+00 1.81e+01 1.17e+03   1.1 1.92e+04    -  6.31e-06 2.57e-09f  2
 883r 8.8711914e+00 1.81e+01 9.99e+02   1.1 0.00e+00    -  0.00e+00 3.10e-08R  2
 884r 8.8711852e+00 1.81e+01 1.31e+03   1.1 1.96e+04    -  4.47e-06 1.55e-09f  2
 885  8.8711590e+00 1.81e+01 6.15e+02  -6.0 1.33e+03    -  5.43e-03 8.85e-06h  1
 886r 8.8711590e+00 1.81e+01 9.99e+02   1.1 0.00e+00    -  0.00e+00 3.90e-07R  5
 887r 8.8711500e+00 1.81e+01 1.17e+03   1.1 1.91e+04    -  6.35e-06 2.58e-09f  2
 888r 8.8711500e+00 1.81e+01 9.99e+02   1.1 0.00e+00    -  0.00e+00 3.13e-08R  2
 889r 8.8711437e+00 1.81e+01 1.17e+03   1.1 1.96e+04    -  4.46e-06 1.55e-09f  2
iter    objective    inf_pr   inf_du lg(mu)  ||d||  lg(rg) alpha_du alpha_pr  ls
 890  8.8711175e+00 1.81e+01 6.18e+02  -6.0 1.33e+03    -  5.47e-03 8.85e-06h  1
 891r 8.8711175e+00 1.81e+01 9.99e+02   1.1 0.00e+00    -  0.00e+00 4.94e-07R  5
 892r 8.8711084e+00 1.81e+01 1.17e+03   1.1 1.91e+04    -  6.39e-06 2.59e-09f  2
 893r 8.8711084e+00 1.81e+01 9.99e+02   1.1 0.00e+00    -  0.00e+00 3.15e-08R  2
 894r 8.8711021e+00 1.81e+01 1.07e+03   1.1 1.96e+04    -  4.44e-06 1.55e-09f  2
 895  8.8710759e+00 1.81e+01 6.21e+02  -6.0 1.33e+03    -  5.49e-03 8.85e-06h  1
 896r 8.8710759e+00 1.81e+01 9.99e+02   1.1 0.00e+00    -  0.00e+00 3.05e-07R  6
 897r 8.8710668e+00 1.81e+01 1.18e+03   1.1 1.91e+04    -  6.43e-06 2.60e-09f  2
 898r 8.8710668e+00 1.81e+01 9.99e+02   1.1 0.00e+00    -  0.00e+00 3.15e-08R  2
 899r 8.8710605e+00 1.81e+01 9.99e+02   1.1 1.96e+04    -  4.43e-06 1.55e-09f  2
iter    objective    inf_pr   inf_du lg(mu)  ||d||  lg(rg) alpha_du alpha_pr  ls
 900  8.8710343e+00 1.81e+01 6.23e+02  -6.0 1.33e+03    -  5.51e-03 8.84e-06h  1
 901  8.8710302e+00 1.81e+01 2.07e+04  -6.0 8.58e+03    -  4.42e-04 1.17e-05h  1
 902  8.8713064e+00 1.81e+01 7.08e+04  -6.0 2.27e+04    -  2.90e-04 1.14e-05h  3
 903r 8.8713064e+00 1.81e+01 1.00e+03   1.1 0.00e+00    -  0.00e+00 2.57e-07R 11
 904r 8.8712967e+00 1.81e+01 1.18e+03   1.1 1.90e+04    -  6.47e-06 2.74e-09f  2
 905r 8.8712967e+00 1.81e+01 9.99e+02   1.1 0.00e+00    -  0.00e+00 1.55e-08R  2
 906r 8.8712905e+00 1.81e+01 1.22e+03   1.1 1.96e+04    -  4.26e-06 1.55e-09f  2
 907  8.8712647e+00 1.81e+01 6.26e+02  -6.0 1.35e+03    -  5.51e-03 8.80e-06h  1
 908r 8.8712647e+00 1.81e+01 9.99e+02   1.1 0.00e+00    -  0.00e+00 3.31e-07R  5
 909r 8.8712555e+00 1.81e+01 1.19e+03   1.1 1.90e+04    -  6.51e-06 2.60e-09f  2
iter    objective    inf_pr   inf_du lg(mu)  ||d||  lg(rg) alpha_du alpha_pr  ls
 910r 8.8712555e+00 1.81e+01 9.99e+02   1.1 0.00e+00    -  0.00e+00 3.06e-08R  2
 911r 8.8712493e+00 1.81e+01 1.10e+03   1.1 1.96e+04    -  4.24e-06 1.55e-09f  2
 912  8.8712233e+00 1.81e+01 6.30e+02  -6.0 1.34e+03    -  5.55e-03 8.81e-06h  1
 913r 8.8712233e+00 1.81e+01 9.99e+02   1.1 0.00e+00    -  0.00e+00 4.00e-07R  5
 914r 8.8712142e+00 1.81e+01 1.19e+03   1.1 1.90e+04    -  6.55e-06 2.61e-09f  2
 915r 8.8712142e+00 1.81e+01 9.99e+02   1.1 0.00e+00    -  0.00e+00 3.09e-08R  2
 916r 8.8712079e+00 1.81e+01 1.00e+03   1.1 1.96e+04    -  4.23e-06 1.55e-09f  2
 917  8.8711819e+00 1.81e+01 6.34e+02  -6.0 1.34e+03    -  5.59e-03 8.82e-06h  1
 918r 8.8711819e+00 1.81e+01 9.99e+02   1.1 0.00e+00    -  0.00e+00 2.51e-07R  6
 919r 8.8711728e+00 1.81e+01 1.20e+03   1.1 1.90e+04    -  6.59e-06 2.61e-09f  2
iter    objective    inf_pr   inf_du lg(mu)  ||d||  lg(rg) alpha_du alpha_pr  ls
 920r 8.8711728e+00 1.81e+01 9.99e+02   1.1 0.00e+00    -  0.00e+00 3.10e-08R  2
 921r 8.8711665e+00 1.81e+01 9.99e+02   1.1 1.96e+04    -  4.21e-06 1.55e-09f  2
 922  8.8711405e+00 1.81e+01 6.36e+02  -6.0 1.34e+03    -  5.61e-03 8.81e-06h  1
 923r 8.8711405e+00 1.81e+01 9.99e+02   1.1 0.00e+00    -  0.00e+00 3.08e-07R  6
 924r 8.8711313e+00 1.81e+01 1.20e+03   1.1 1.90e+04    -  6.63e-06 2.62e-09f  2
 925r 8.8711313e+00 1.81e+01 9.99e+02   1.1 0.00e+00    -  0.00e+00 3.11e-08R  2
 926r 8.8711250e+00 1.81e+01 9.99e+02   1.1 1.96e+04    -  4.19e-06 1.55e-09f  2
 927  8.8710991e+00 1.81e+01 6.39e+02  -6.0 1.34e+03    -  5.62e-03 8.81e-06h  1
 928  8.8710978e+00 1.81e+01 1.96e+04  -6.0 8.76e+03    -  4.10e-04 1.18e-05h  1
 929  8.8713406e+00 1.81e+01 6.21e+04  -6.0 2.14e+04    -  2.58e-04 1.05e-05h  3
iter    objective    inf_pr   inf_du lg(mu)  ||d||  lg(rg) alpha_du alpha_pr  ls
 930r 8.8713406e+00 1.81e+01 1.00e+03   1.1 0.00e+00    -  0.00e+00 4.78e-07R 10
 931r 8.8713309e+00 1.81e+01 1.21e+03   1.1 1.88e+04    -  6.67e-06 2.75e-09f  2
 932r 8.8713309e+00 1.81e+01 9.99e+02   1.1 0.00e+00    -  0.00e+00 1.56e-08R  2
 933r 8.8713246e+00 1.81e+01 1.06e+03   1.1 1.96e+04    -  4.03e-06 1.55e-09f  2
 934  8.8712990e+00 1.81e+01 6.41e+02  -6.0 1.36e+03    -  5.61e-03 8.77e-06h  1
 935r 8.8712990e+00 1.81e+01 9.99e+02   1.1 0.00e+00    -  0.00e+00 3.47e-07R  5
 936r 8.8712898e+00 1.81e+01 1.21e+03   1.1 1.90e+04    -  6.71e-06 2.62e-09f  2
 937r 8.8712898e+00 1.81e+01 9.99e+02   1.1 0.00e+00    -  0.00e+00 3.02e-08R  2
 938r 8.8712836e+00 1.81e+01 9.99e+02   1.1 1.96e+04    -  4.01e-06 1.55e-09f  2
 939  8.8712579e+00 1.81e+01 6.45e+02  -6.0 1.35e+03    -  5.66e-03 8.78e-06h  1
iter    objective    inf_pr   inf_du lg(mu)  ||d||  lg(rg) alpha_du alpha_pr  ls
 940r 8.8712579e+00 1.81e+01 9.99e+02   1.1 0.00e+00    -  0.00e+00 4.12e-07R  5
 941r 8.8712487e+00 1.81e+01 1.22e+03   1.1 1.90e+04    -  6.75e-06 2.63e-09f  2
 942r 8.8712487e+00 1.81e+01 9.99e+02   1.1 0.00e+00    -  0.00e+00 3.04e-08R  2
 943r 8.8712424e+00 1.81e+01 9.99e+02   1.1 1.96e+04    -  4.00e-06 1.55e-09f  2
 944  8.8712167e+00 1.81e+01 6.48e+02  -6.0 1.35e+03    -  5.69e-03 8.78e-06h  1
 945r 8.8712167e+00 1.81e+01 9.99e+02   1.1 0.00e+00    -  0.00e+00 2.56e-07R  6
 946r 8.8712075e+00 1.81e+01 1.22e+03   1.1 1.90e+04    -  6.79e-06 2.63e-09f  2
 947r 8.8712075e+00 1.81e+01 9.99e+02   1.1 0.00e+00    -  0.00e+00 3.05e-08R  2
 948r 8.8712012e+00 1.81e+01 9.99e+02   1.1 1.96e+04    -  3.98e-06 1.55e-09f  2
 949  8.8711755e+00 1.81e+01 6.51e+02  -6.0 1.35e+03    -  5.71e-03 8.78e-06h  1
iter    objective    inf_pr   inf_du lg(mu)  ||d||  lg(rg) alpha_du alpha_pr  ls
 950r 8.8711755e+00 1.81e+01 9.99e+02   1.1 0.00e+00    -  0.00e+00 3.12e-07R  6
 951r 8.8711662e+00 1.81e+01 1.23e+03   1.1 1.90e+04    -  6.83e-06 2.64e-09f  2
 952r 8.8711662e+00 1.81e+01 9.99e+02   1.1 0.00e+00    -  0.00e+00 3.06e-08R  2
 953r 8.8711599e+00 1.81e+01 9.99e+02   1.1 1.96e+04    -  3.96e-06 1.55e-09f  2
 954  8.8711343e+00 1.81e+01 6.53e+02  -6.0 1.35e+03    -  5.73e-03 8.78e-06h  1
 955  8.8711358e+00 1.81e+01 1.92e+04  -6.0 8.94e+03    -  3.95e-04 1.19e-05h  1
 956  8.8713676e+00 1.81e+01 5.58e+04  -6.0 2.02e+04    -  2.34e-04 1.05e-05h  3
 957r 8.8713676e+00 1.81e+01 1.00e+03   1.1 0.00e+00    -  0.00e+00 4.38e-07R 10
 958r 8.8713578e+00 1.81e+01 1.24e+03   1.1 1.87e+04    -  6.88e-06 2.76e-09f  2
 959r 8.8713578e+00 1.81e+01 9.99e+02   1.1 0.00e+00    -  0.00e+00 1.58e-08R  2
iter    objective    inf_pr   inf_du lg(mu)  ||d||  lg(rg) alpha_du alpha_pr  ls
 960r 8.8713516e+00 1.81e+01 9.99e+02   1.1 1.96e+04    -  3.80e-06 1.55e-09f  2
 961  8.8713263e+00 1.81e+01 6.55e+02  -6.0 1.37e+03    -  5.72e-03 8.74e-06h  1
 962r 8.8713263e+00 1.81e+01 9.99e+02   1.1 0.00e+00    -  0.00e+00 3.65e-07R  5
 963r 8.8713170e+00 1.81e+01 1.24e+03   1.1 1.90e+04    -  6.92e-06 2.64e-09f  2
 964r 8.8713170e+00 1.81e+01 9.99e+02   1.1 0.00e+00    -  0.00e+00 2.97e-08R  2
 965r 8.8713108e+00 1.81e+01 9.99e+02   1.1 1.96e+04    -  3.78e-06 1.55e-09f  2
 966  8.8712853e+00 1.81e+01 6.59e+02  -6.0 1.37e+03    -  5.76e-03 8.75e-06h  1
 967r 8.8712853e+00 1.81e+01 9.99e+02   1.1 0.00e+00    -  0.00e+00 4.24e-07R  5
 968r 8.8712761e+00 1.81e+01 1.25e+03   1.1 1.90e+04    -  6.96e-06 2.65e-09f  2
 969r 8.8712761e+00 1.81e+01 9.99e+02   1.1 0.00e+00    -  0.00e+00 3.00e-08R  2
iter    objective    inf_pr   inf_du lg(mu)  ||d||  lg(rg) alpha_du alpha_pr  ls
 970r 8.8712698e+00 1.81e+01 9.99e+02   1.1 1.96e+04    -  3.77e-06 1.55e-09f  2
 971  8.8712444e+00 1.81e+01 6.62e+02  -6.0 1.37e+03    -  5.79e-03 8.75e-06h  1
 972r 8.8712444e+00 1.81e+01 9.99e+02   1.1 0.00e+00    -  0.00e+00 2.61e-07R  6
 973r 8.8712351e+00 1.81e+01 1.25e+03   1.1 1.90e+04    -  7.00e-06 2.65e-09f  2
 974r 8.8712351e+00 1.81e+01 9.99e+02   1.1 0.00e+00    -  0.00e+00 3.01e-08R  2
 975r 8.8712288e+00 1.81e+01 9.99e+02   1.1 1.96e+04    -  3.75e-06 1.55e-09f  2
 976  8.8712034e+00 1.81e+01 6.65e+02  -6.0 1.37e+03    -  5.81e-03 8.75e-06h  1
 977  8.8712171e+00 1.81e+01 1.97e+04  -6.0 9.05e+03    -  3.57e-04 1.01e-05h  1
 978  8.8714702e+00 1.81e+01 5.29e+04  -6.0 1.93e+04    -  2.22e-04 1.17e-05h  3
 979r 8.8714702e+00 1.81e+01 1.00e+03   1.1 0.00e+00    -  0.00e+00 4.39e-07R 10
iter    objective    inf_pr   inf_du lg(mu)  ||d||  lg(rg) alpha_du alpha_pr  ls
 980r 8.8714604e+00 1.81e+01 1.26e+03   1.1 1.86e+04    -  7.04e-06 2.77e-09f  2
 981r 8.8714604e+00 1.81e+01 9.99e+02   1.1 0.00e+00    -  0.00e+00 1.58e-08R  2
 982r 8.8714542e+00 1.81e+01 9.99e+02   1.1 1.96e+04    -  3.61e-06 1.55e-09f  2
 983  8.8714290e+00 1.81e+01 6.70e+02  -6.0 1.38e+03    -  5.84e-03 8.72e-06h  1
 984r 8.8714290e+00 1.81e+01 9.99e+02   1.1 0.00e+00    -  0.00e+00 3.78e-07R  5
 985r 8.8714197e+00 1.81e+01 1.26e+03   1.1 1.90e+04    -  7.09e-06 2.66e-09f  2
 986r 8.8714197e+00 1.81e+01 9.99e+02   1.1 0.00e+00    -  0.00e+00 2.95e-08R  2
 987r 8.8714135e+00 1.81e+01 9.99e+02   1.1 1.96e+04    -  3.60e-06 1.55e-09f  2
 988  8.8713882e+00 1.81e+01 6.74e+02  -6.0 1.37e+03    -  5.88e-03 8.73e-06h  1
 989r 8.8713882e+00 1.81e+01 9.99e+02   1.1 0.00e+00    -  0.00e+00 4.34e-07R  5
iter    objective    inf_pr   inf_du lg(mu)  ||d||  lg(rg) alpha_du alpha_pr  ls
 990r 8.8713789e+00 1.81e+01 1.27e+03   1.1 1.90e+04    -  7.13e-06 2.67e-09f  2
 991r 8.8713789e+00 1.81e+01 9.99e+02   1.1 0.00e+00    -  0.00e+00 2.98e-08R  2
 992r 8.8713727e+00 1.81e+01 9.99e+02   1.1 1.96e+04    -  3.58e-06 1.55e-09f  2
 993  8.8713474e+00 1.81e+01 6.78e+02  -6.0 1.37e+03    -  5.91e-03 8.73e-06h  1
 994r 8.8713474e+00 1.81e+01 9.99e+02   1.1 0.00e+00    -  0.00e+00 2.65e-07R  6
 995r 8.8713380e+00 1.81e+01 1.27e+03   1.1 1.90e+04    -  7.17e-06 2.68e-09f  2
 996r 8.8713380e+00 1.81e+01 9.99e+02   1.1 0.00e+00    -  0.00e+00 2.99e-08R  2
 997r 8.8713317e+00 1.81e+01 9.99e+02   1.1 1.96e+04    -  3.57e-06 1.55e-09f  2
 998  8.8713065e+00 1.81e+01 6.80e+02  -6.0 1.37e+03    -  5.94e-03 8.73e-06h  1
 999  8.8713221e+00 1.81e+01 2.00e+04  -6.0 9.08e+03    -  3.61e-04 1.03e-05h  1
iter    objective    inf_pr   inf_du lg(mu)  ||d||  lg(rg) alpha_du alpha_pr  ls
1000  8.8715878e+00 1.81e+01 5.09e+04  -6.0 1.86e+04    -  2.14e-04 1.26e-05h  3

Number of Iterations....: 1000

                                   (scaled)                 (unscaled)
Objective...............:   6.9309279649943534e+00    8.8715877951927720e+00
Dual infeasibility......:   5.0867001525265070e+04    6.5109761952339293e+04
Constraint violation....:   1.2935903944826142e+01    1.8126445116817195e+01
Complementarity.........:   9.9369924304237848e+03    1.2719350310942444e+04
Overall NLP error.......:   5.0867001525265070e+04    6.5109761952339293e+04


Number of objective function evaluations             = 3088
Number of objective gradient evaluations             = 905
Number of equality constraint evaluations            = 3088
Number of inequality constraint evaluations          = 3088
Number of equality constraint Jacobian evaluations   = 1273
Number of inequality constraint Jacobian evaluations = 1273
Number of Lagrangian Hessian evaluations             = 1000
Total CPU secs in IPOPT (w/o function evaluations)   =   1326.119
Total CPU secs in NLP function evaluations           =     42.812

EXIT: Maximum Number of Iterations Exceeded.
