
List of user-set options:

                                    Name   Value                used
                           compl_inf_tol = 1                     yes
                         constr_viol_tol = 1                     yes
                            dual_inf_tol = 1000                  yes
                           linear_solver = ma97                  yes
                              ma86_small = 1e-30                  no
                                  ma86_u = 0.0001                 no
                              ma97_order = best                  yes
                              ma97_small = 1e-30                 yes
                            ma97_switch1 = at_start              yes
                            ma97_switch2 = od_hd_reuse           yes
                                  ma97_u = 1e-06                 yes
                               ma97_umax = 0.5                   yes
                                max_iter = 1000                  yes
                    max_refinement_steps = 20                    yes
                    min_refinement_steps = 5                     yes
                                 mu_init = 1e-06                 yes
           mu_superlinear_decrease_power = 1.25                  yes
                   nlp_scaling_min_value = 1e-08                 yes
                        option_file_name = Preset_Case_119_pf.opt  yes
                             output_file = ./tmp/Preset_Case_119_pf.output  yes
                      print_user_options = yes                   yes
        required_infeasibility_reduction = 1                      no
                                     tol = 1e-08                 yes
                   warm_start_bound_frac = 1e-20                 yes
                   warm_start_bound_push = 1e-20                 yes
                   warm_start_init_point = yes                   yes
              warm_start_mult_bound_push = 1e-20                 yes
                warm_start_mult_init_max = 1e+40                 yes
             warm_start_slack_bound_frac = 1e-20                 yes
             warm_start_slack_bound_push = 1e-20                 yes

******************************************************************************
This program contains Ipopt, a library for large-scale nonlinear optimization.
 Ipopt is released as open source code under the Eclipse Public License (EPL).
         For more information visit http://projects.coin-or.org/Ipopt
******************************************************************************

This is Ipopt version 3.12.10, running with linear solver ma97.

Number of nonzeros in equality constraint Jacobian...:   123443
Number of nonzeros in inequality constraint Jacobian.:      213
Number of nonzeros in Lagrangian Hessian.............:    49069

Total number of variables............................:    31591
                     variables with only lower bounds:    12912
                variables with lower and upper bounds:    15130
                     variables with only upper bounds:        0
Total number of equality constraints.................:    31483
Total number of inequality constraints...............:       25
        inequality constraints with only lower bounds:        4
   inequality constraints with lower and upper bounds:        0
        inequality constraints with only upper bounds:       21

iter    objective    inf_pr   inf_du lg(mu)  ||d||  lg(rg) alpha_du alpha_pr  ls
   0 -4.7022306e+00 4.06e-03 1.02e+00  -6.0 0.00e+00    -  0.00e+00 0.00e+00   0
   1 -4.7017580e+00 6.53e+00 1.31e+02  -6.0 2.53e+05    -  1.60e-04 1.73e-03h  1
   2 -4.7019177e+00 6.52e+00 1.07e+02  -6.0 4.69e+03    -  2.34e-01 9.56e-04f  1
   3 -4.7016550e+00 6.52e+00 4.56e+03  -6.0 1.97e+04    -  4.80e-03 1.19e-04h  6
   4 -4.7014758e+00 6.48e+00 4.52e+03  -6.0 4.57e+03    -  6.52e-03 5.96e-03h  6
   5 -4.7014465e+00 6.48e+00 4.86e+03  -6.0 2.58e+03    -  6.51e-03 1.49e-04h 12
   6 -4.7014342e+00 6.48e+00 5.32e+03  -6.0 3.56e+03    -  3.44e-02 1.13e-04h 12
   7 -4.7014327e+00 6.48e+00 5.42e+03  -6.0 3.55e+03    -  7.96e-03 1.43e-05h 15
   8 -4.6760315e+00 4.98e+00 1.83e+03  -6.0 3.55e+03    -  5.41e-02 2.36e-01h  1
   9 -4.7939020e+00 5.73e+00 5.50e+03  -6.0 2.90e+03    -  3.25e-01 7.21e-01h  1
iter    objective    inf_pr   inf_du lg(mu)  ||d||  lg(rg) alpha_du alpha_pr  ls
  10 -4.8371538e+00 4.85e+00 6.10e+03  -6.0 7.47e+02    -  6.62e-02 1.81e-01h  1
  11 -4.8956717e+00 9.60e+00 3.79e+03  -6.0 1.97e+03    -  3.46e-01 3.19e-01h  1
  12 -4.9284098e+00 1.32e+01 4.98e+03  -6.0 2.10e+03    -  7.28e-02 3.09e-01h  1
  13 -4.9710329e+00 6.49e+01 5.19e+03  -6.0 2.46e+03    -  3.43e-01 6.69e-01h  1
  14 -4.9716604e+00 7.00e+01 5.21e+03  -6.0 1.56e+04    -  2.26e-02 3.94e-02h  1
  15 -4.9744361e+00 5.37e+01 4.11e+03  -6.0 1.80e+03    -  2.36e-01 2.52e-01h  1
  16 -4.9756001e+00 4.81e+01 4.87e+03  -6.0 2.11e+03    -  4.86e-01 1.28e-01h  1
  17 -4.9776349e+00 3.67e+01 3.71e+03  -6.0 1.37e+03    -  2.80e-01 2.37e-01h  1
  18 -4.9834022e+00 2.37e+01 2.39e+03  -6.0 1.35e+03    -  8.82e-01 7.32e-01h  1
  19 -4.9837899e+00 2.28e+01 3.18e+04  -6.0 1.09e+03    -  1.00e+00 3.99e-02h  1
iter    objective    inf_pr   inf_du lg(mu)  ||d||  lg(rg) alpha_du alpha_pr  ls
  20 -4.9922585e+00 1.90e+00 2.67e+02  -6.0 3.24e+02    -  1.00e+00 1.00e+00h  1
  21 -5.0009208e+00 3.24e+00 2.08e+04  -6.0 5.15e+02    -  1.00e+00 7.94e-01h  1
  22 -5.0120670e+00 7.04e-01 2.67e+05  -6.0 1.75e+02    -  1.62e-02 1.00e+00h  1
  23 -5.0144633e+00 4.90e-01 9.37e+05  -6.0 2.14e+02    -  8.63e-01 1.18e-01h  1
  24 -5.0169786e+00 4.46e-01 1.77e+06  -6.0 2.48e+02    -  1.00e+00 1.04e-01h  1
  25r-5.0169786e+00 4.46e-01 1.00e+03  -0.5 0.00e+00    -  0.00e+00 2.85e-07R  2
  26r-5.0222691e+00 4.44e-01 1.00e+03  -0.5 1.10e+04    -  1.34e-05 4.13e-06f  1
  27 -5.0217149e+00 4.08e-01 8.51e+04  -6.0 1.62e+01    -  2.91e-02 8.18e-02h  1
  28 -5.0201943e+00 3.08e-01 2.97e+04  -6.0 1.36e+01    -  8.18e-02 2.45e-01h  1
  29 -5.0189598e+00 2.23e-01 2.15e+04  -6.0 8.15e+00    -  5.71e-01 2.75e-01h  1
iter    objective    inf_pr   inf_du lg(mu)  ||d||  lg(rg) alpha_du alpha_pr  ls
  30 -5.0167675e+00 6.30e-02 6.08e+03  -6.0 2.65e+00    -  7.72e-01 7.18e-01h  1
  31 -5.0166698e+00 2.91e-02 2.81e+03  -6.0 2.18e+00    -  9.56e-01 5.38e-01h  1
  32 -5.0166550e+00 1.66e-02 1.60e+03  -6.0 1.09e+00  -4.0 9.93e-01 4.29e-01h  1
  33 -5.0172435e+00 5.97e-04 6.94e+00  -6.0 2.76e+00  -4.5 9.31e-01 1.00e+00h  1
  34 -5.0307974e+00 3.07e-01 4.02e+01  -6.0 7.39e+02    -  2.84e-01 1.25e-01h  1
  35 -5.0311594e+00 2.16e-01 2.22e+01  -6.0 2.24e+02    -  3.98e-01 4.37e-01h  1
  36 -5.0364048e+00 7.92e-01 6.42e+01  -6.0 5.50e+02    -  5.07e-01 2.63e-01h  1
  37 -5.0378903e+00 6.55e-01 5.03e+02  -6.0 6.37e+01  -5.0 6.20e-02 1.73e-01h  1
  38 -5.0382525e+00 3.60e-01 1.02e+03  -6.0 1.77e+01  -5.4 1.00e+00 4.52e-01h  1
  39 -5.0389234e+00 3.19e-01 5.85e+02  -6.0 3.64e+01  -5.9 3.95e-01 1.12e-01h  1
iter    objective    inf_pr   inf_du lg(mu)  ||d||  lg(rg) alpha_du alpha_pr  ls
  40 -5.0392099e+00 3.07e-01 4.47e+02  -6.0 4.58e+01  -6.4 2.80e-01 3.87e-02h  1
  41 -5.0394354e+00 2.99e-01 3.87e+02  -6.0 5.67e+01  -6.9 2.23e-01 2.55e-02h  1
  42 -5.0499558e+00 5.42e-01 1.73e+01  -6.0 1.35e+02  -7.3 8.67e-01 1.00e+00f  1
  43 -5.0547995e+00 2.54e-01 9.89e+01  -6.0 8.47e+01  -6.9 1.00e+00 6.85e-01h  1
  44 -5.0621099e+00 1.40e+00 8.53e+01  -6.0 5.56e+02  -7.4 3.94e-01 3.69e-01h  1
  45 -5.0653479e+00 8.43e-01 2.84e+04  -6.0 2.32e+02    -  1.00e+00 3.97e-01h  1
  46 -5.0744562e+00 1.10e+00 1.75e+04  -6.0 3.18e+02    -  5.32e-01 4.77e-01h  1
  47 -5.0846808e+00 9.01e-01 6.50e+04  -6.0 2.15e+02    -  1.00e+00 5.75e-01h  1
  48 -5.0882246e+00 3.33e+00 3.14e+05  -6.0 2.03e+03    -  8.32e-02 1.86e-01h  1
  49 -5.0882393e+00 3.33e+00 3.22e+05  -6.0 1.29e+03    -  1.85e-01 2.19e-04h  1
iter    objective    inf_pr   inf_du lg(mu)  ||d||  lg(rg) alpha_du alpha_pr  ls
  50 -5.1034616e+00 2.29e+01 3.25e+05  -6.0 1.70e+03    -  3.58e-01 5.81e-01f  1
  51 -5.0940676e+00 2.03e+01 3.05e+05  -6.0 1.12e+03    -  6.79e-02 1.29e-01h  2
  52 -5.1102674e+00 1.52e+01 4.11e+05  -6.0 1.92e+02    -  1.74e-01 2.58e-01h  1
  53 -5.1159497e+00 1.28e+01 3.48e+05  -6.0 3.20e+02    -  4.74e-01 1.60e-01h  1
  54 -5.1219455e+00 1.03e+01 2.65e+06  -6.0 4.40e+02    -  1.00e+00 1.91e-01h  1
  55r-5.1219455e+00 1.03e+01 1.00e+03   0.9 0.00e+00    -  0.00e+00 4.33e-07R  3
  56r-5.1281189e+00 1.03e+01 1.00e+03   0.9 4.11e+07    -  3.41e-07 1.29e-07f  1
  57 -5.1275391e+00 9.55e+00 6.74e+04  -6.0 3.37e+01    -  1.14e-06 7.70e-02h  1
  58 -5.1270031e+00 8.94e+00 6.31e+04  -6.0 2.13e+01    -  4.96e-02 6.38e-02h  1
  59 -5.1269893e+00 8.88e+00 6.27e+04  -6.0 1.24e+01    -  1.85e-01 6.39e-03h  1
iter    objective    inf_pr   inf_du lg(mu)  ||d||  lg(rg) alpha_du alpha_pr  ls
  60 -5.1253604e+00 7.33e+00 5.17e+04  -6.0 6.14e+00    -  1.84e-01 1.75e-01h  1
  61 -5.1238110e+00 5.78e+00 4.08e+04  -6.0 5.15e+00    -  1.62e-01 2.11e-01h  1
  62 -5.1217647e+00 3.78e+00 2.67e+04  -6.0 4.04e+00    -  7.04e-01 3.46e-01h  1
  63 -5.1180036e+00 2.41e-04 1.38e+01  -6.0 2.67e+00    -  8.29e-01 1.00e+00h  1
  64 -5.1181690e+00 1.51e-04 1.33e+01  -6.0 2.86e+00    -  9.68e-01 4.59e-01h  1
  65 -5.1211044e+00 6.01e-02 8.04e+00  -6.0 4.33e+01    -  9.44e-01 1.00e+00f  1
  66 -5.1265828e+00 3.55e-01 7.65e+00  -6.0 1.60e+02    -  9.41e-01 6.38e-01h  1
  67 -5.1258915e+00 1.59e-01 9.31e+01  -6.0 7.11e+01    -  9.95e-01 1.00e+00h  1
  68 -5.1261325e+00 9.76e-02 2.07e+03  -6.0 5.63e+01    -  1.00e+00 4.22e-01h  1
  69 -5.1255286e+00 6.34e-02 9.48e+03  -6.0 3.45e+01    -  7.30e-01 1.00e+00h  1
iter    objective    inf_pr   inf_du lg(mu)  ||d||  lg(rg) alpha_du alpha_pr  ls
  70 -5.1256426e+00 7.08e-04 4.51e+01  -6.0 3.28e+00    -  1.00e+00 1.00e+00h  1
  71 -5.1256472e+00 2.21e-05 4.92e-02  -6.0 5.98e-01    -  1.00e+00 1.00e+00h  1
  72 -5.1256466e+00 3.67e-08 1.21e-06  -6.0 2.29e-02    -  1.00e+00 1.00e+00h  1
  73 -5.1257664e+00 2.61e+00 1.03e+01  -7.5 7.62e+02    -  4.03e-01 4.39e-01h  1
  74 -5.1257898e+00 2.25e+00 6.98e+01  -7.5 4.40e+02    -  6.80e-01 2.31e-01h  1
  75 -5.1258350e+00 4.52e+00 1.29e+01  -7.5 4.89e+02    -  1.00e+00 8.97e-01h  1
  76 -5.1258195e+00 4.13e-03 4.10e-02  -7.5 1.36e+01    -  1.00e+00 1.00e+00h  1
  77 -5.1258184e+00 5.49e-05 3.31e-05  -7.5 1.66e+00    -  1.00e+00 1.00e+00h  1
  78 -5.1258184e+00 3.05e-10 2.57e-11  -7.5 1.86e-03    -  1.00e+00 1.00e+00h  1
  79 -5.1258204e+00 1.83e-02 8.72e-01  -9.0 3.35e+01    -  9.30e-01 8.35e-01h  1
iter    objective    inf_pr   inf_du lg(mu)  ||d||  lg(rg) alpha_du alpha_pr  ls
  80 -5.1258207e+00 8.24e-04 8.08e-04  -9.0 5.91e+00    -  1.00e+00 1.00e+00h  1
  81 -5.1258207e+00 1.46e-09 9.65e-10  -9.0 8.71e-03    -  1.00e+00 1.00e+00h  1

Number of Iterations....: 81

                                   (scaled)                 (unscaled)
Objective...............:  -4.0045473882493710e+00   -5.1258206569591946e+00
Dual infeasibility......:   9.6509800016187810e-10    1.2353254402072041e-09
Constraint violation....:   1.2018778591402423e-09    1.4624674804508686e-09
Complementarity.........:   1.0345762627558683e-09    1.3242576163275113e-09
Overall NLP error.......:   1.2018778591402423e-09    1.4624674804508686e-09


Number of objective function evaluations             = 136
Number of objective gradient evaluations             = 82
Number of equality constraint evaluations            = 136
Number of inequality constraint evaluations          = 136
Number of equality constraint Jacobian evaluations   = 84
Number of inequality constraint Jacobian evaluations = 84
Number of Lagrangian Hessian evaluations             = 81
Total CPU secs in IPOPT (w/o function evaluations)   =    145.141
Total CPU secs in NLP function evaluations           =      3.658

EXIT: Optimal Solution Found.
