
List of user-set options:

                                    Name   Value                used
                           compl_inf_tol = 1                     yes
                         constr_viol_tol = 1                     yes
                            dual_inf_tol = 1000                  yes
                           linear_solver = ma97                  yes
                              ma86_small = 1e-30                  no
                                  ma86_u = 0.0001                 no
                              ma97_order = best                  yes
                              ma97_small = 1e-30                 yes
                            ma97_switch1 = at_start              yes
                            ma97_switch2 = od_hd_reuse           yes
                                  ma97_u = 1e-06                 yes
                               ma97_umax = 0.5                   yes
                                max_iter = 1000                  yes
                    max_refinement_steps = 20                    yes
                    min_refinement_steps = 5                     yes
                                 mu_init = 1e-06                 yes
           mu_superlinear_decrease_power = 1.25                  yes
                   nlp_scaling_min_value = 1e-08                 yes
                        option_file_name = Preset_Case_614_pf.opt  yes
                             output_file = ./tmp/Preset_Case_614_pf.output  yes
                      print_user_options = yes                   yes
        required_infeasibility_reduction = 1                      no
                                     tol = 1e-08                 yes
                   warm_start_bound_frac = 1e-20                 yes
                   warm_start_bound_push = 1e-20                 yes
                   warm_start_init_point = yes                   yes
              warm_start_mult_bound_push = 1e-20                 yes
                warm_start_mult_init_max = 1e+40                 yes
             warm_start_slack_bound_frac = 1e-20                 yes
             warm_start_slack_bound_push = 1e-20                 yes

******************************************************************************
This program contains Ipopt, a library for large-scale nonlinear optimization.
 Ipopt is released as open source code under the Eclipse Public License (EPL).
         For more information visit http://projects.coin-or.org/Ipopt
******************************************************************************

This is Ipopt version 3.12.10, running with linear solver ma97.

Number of nonzeros in equality constraint Jacobian...:   123442
Number of nonzeros in inequality constraint Jacobian.:      213
Number of nonzeros in Lagrangian Hessian.............:    49069

Total number of variables............................:    31591
                     variables with only lower bounds:    12912
                variables with lower and upper bounds:    15130
                     variables with only upper bounds:        0
Total number of equality constraints.................:    31483
Total number of inequality constraints...............:       25
        inequality constraints with only lower bounds:        4
   inequality constraints with lower and upper bounds:        0
        inequality constraints with only upper bounds:       21

iter    objective    inf_pr   inf_du lg(mu)  ||d||  lg(rg) alpha_du alpha_pr  ls
   0 -5.1721575e+00 4.06e-03 1.02e+00  -6.0 0.00e+00    -  0.00e+00 0.00e+00   0
   1 -5.1714280e+00 1.41e-01 3.25e+00  -6.0 4.45e+05    -  7.27e-05 1.30e-04h  4
   2 -5.1728777e+00 1.41e-01 3.79e+01  -6.0 2.23e+03    -  1.68e-01 1.95e-03h  1
   3 -5.3137518e+00 3.21e+00 4.18e+02  -6.0 2.23e+03    -  1.19e-01 1.90e-01f  1
   4 -5.3714616e+00 5.35e+00 5.36e+02  -6.0 2.96e+03    -  4.21e-01 1.97e-01h  1
   5 -5.4701139e+00 1.45e+01 8.03e+02  -6.0 2.43e+03    -  3.06e-01 3.28e-01h  1
   6 -5.5135362e+00 1.11e+01 3.53e+04  -6.0 9.13e+02    -  2.44e-01 3.59e-01h  1
   7 -5.5389848e+00 1.33e+01 9.78e+03  -6.0 2.39e+03    -  3.61e-01 2.20e-01h  1
   8 -5.5697196e+00 9.58e+00 5.86e+04  -6.0 6.85e+02    -  8.93e-02 3.45e-01h  1
   9 -5.5703358e+00 9.42e+00 1.42e+04  -6.0 1.21e+02  -4.0 2.53e-03 1.65e-02h  1
iter    objective    inf_pr   inf_du lg(mu)  ||d||  lg(rg) alpha_du alpha_pr  ls
  10 -5.5777792e+00 7.24e+00 3.21e+04  -6.0 1.33e+02  -4.5 3.98e-02 2.31e-01f  1
  11 -5.5798342e+00 2.11e+00 7.75e+04  -6.0 1.27e+01  -5.0 2.58e-01 7.09e-01h  1
  12 -5.5877667e+00 1.77e+00 1.68e+05  -6.0 3.22e+01  -5.4 9.30e-02 1.60e-01h  1
  13 -5.5992947e+00 1.03e+00 8.56e+04  -6.0 5.19e+01  -5.9 1.95e-01 4.16e-01f  1
  14 -5.6284327e+00 5.10e-01 2.07e+04  -6.0 1.10e+02  -6.4 5.66e-01 7.94e-01h  1
  15 -5.6552159e+00 6.83e-01 1.81e+03  -6.0 1.91e+02  -6.9 2.41e-01 1.00e+00h  1
  16 -5.6580535e+00 4.44e-01 1.30e+03  -6.0 2.99e+02  -7.3 2.57e-01 3.77e-01h  1
  17 -5.6558982e+00 3.94e-01 5.63e+02  -6.0 1.17e+02  -6.9 4.25e-01 1.00e+00h  1
  18 -5.6699699e+00 2.86e+00 3.61e+02  -6.0 5.26e+02  -7.4 3.50e-01 5.32e-01h  1
  19 -5.6777259e+00 2.73e+00 3.50e+02  -6.0 5.83e+03    -  3.07e-02 2.82e-02h  1
iter    objective    inf_pr   inf_du lg(mu)  ||d||  lg(rg) alpha_du alpha_pr  ls
  20 -5.6921899e+00 2.41e+00 2.72e+02  -6.0 3.67e+03    -  2.22e-01 2.27e-01h  1
  21 -5.6957108e+00 2.24e+00 5.33e+03  -6.0 1.11e+03    -  2.93e-01 7.36e-02h  1
  22 -5.7033470e+00 1.94e+00 1.07e+04  -6.0 1.13e+03    -  1.00e+00 3.65e-01h  1
  23 -5.7150460e+00 5.88e+00 6.54e+03  -6.0 6.53e+02    -  6.26e-01 1.00e+00h  1
  24 -5.7188968e+00 3.34e+00 5.30e+04  -6.0 2.08e+02    -  9.88e-01 4.42e-01h  1
  25 -5.7254922e+00 1.43e+00 2.17e+04  -6.0 2.08e+02    -  5.76e-01 5.77e-01h  1
  26 -5.7278008e+00 1.20e+00 4.17e+05  -6.0 2.72e+02  -7.9 5.49e-02 1.64e-01h  1
  27 -5.7278119e+00 1.20e+00 4.42e+05  -6.0 8.54e+02  -8.3 4.17e-01 1.73e-04h  1
  28 -5.7378717e+00 1.02e+00 4.16e+05  -6.0 4.50e+02  -8.8 1.80e-01 4.22e-01h  1
  29 -5.7255050e+00 8.06e-01 1.97e+05  -6.0 3.38e+02    -  8.52e-01 3.69e-01H  1
iter    objective    inf_pr   inf_du lg(mu)  ||d||  lg(rg) alpha_du alpha_pr  ls
  30 -5.7343311e+00 7.65e-01 6.83e+04  -6.0 2.97e+02  -9.3 2.40e-01 2.69e-01h  1
  31 -5.7435990e+00 7.66e-01 3.49e+05  -6.0 6.13e+02    -  8.89e-02 2.04e-01h  1
  32r-5.7435990e+00 7.66e-01 1.00e+03  -0.1 0.00e+00    -  0.00e+00 1.01e-07R  2
  33r-5.7909700e+00 7.64e-01 1.00e+03  -0.1 1.26e+04    -  6.78e-06 2.12e-06f  1
  34 -5.7869705e+00 6.97e-01 2.74e+03  -6.0 9.77e+01    -  8.61e-02 8.78e-02h  1
  35 -5.7826222e+00 6.28e-01 1.70e+04  -6.0 9.12e+00    -  8.78e-02 1.00e-01h  1
  36 -5.7616603e+00 3.00e-01 8.12e+03  -6.0 6.31e+00    -  3.69e-01 5.22e-01h  1
  37 -5.7451184e+00 6.16e-02 1.66e+03  -6.0 3.06e+00    -  7.90e-01 7.95e-01h  1
  38 -5.7420976e+00 9.69e-03 2.61e+02  -6.0 3.17e+00    -  9.88e-01 8.43e-01h  1
  39 -5.7538181e+00 4.23e-02 1.40e+02  -6.0 9.01e+01    -  8.58e-01 4.63e-01h  1
iter    objective    inf_pr   inf_du lg(mu)  ||d||  lg(rg) alpha_du alpha_pr  ls
  40 -5.7553731e+00 3.90e-02 5.74e+00  -6.0 3.49e+01    -  9.66e-01 1.00e+00h  1
  41 -5.7597441e+00 2.82e-01 8.57e+00  -6.0 1.47e+02    -  9.64e-01 6.23e-01h  1
  42 -5.7571517e+00 1.48e-01 4.19e+03  -6.0 6.59e+01    -  6.46e-01 5.00e-01h  2
  43 -5.7605332e+00 7.14e-02 1.33e+01  -6.0 4.41e+01    -  9.98e-01 1.00e+00h  1
  44 -5.7596102e+00 2.43e-02 1.13e+02  -6.0 2.43e+01    -  1.00e+00 1.00e+00h  1
  45 -5.7586906e+00 7.50e-04 3.58e+02  -6.0 4.30e+00    -  8.58e-01 1.00e+00h  1
  46 -5.7585832e+00 6.28e-04 1.74e+00  -6.0 3.91e+00    -  1.00e+00 1.00e+00h  1
  47 -5.7585735e+00 1.10e-05 3.49e-03  -6.0 5.17e-01    -  1.00e+00 1.00e+00h  1
  48 -5.7585731e+00 2.46e-08 1.69e-06  -6.0 2.45e-02    -  1.00e+00 1.00e+00h  1
  49 -5.7586976e+00 3.10e+00 6.76e+01  -7.5 5.70e+02    -  5.36e-01 7.69e-01h  1
iter    objective    inf_pr   inf_du lg(mu)  ||d||  lg(rg) alpha_du alpha_pr  ls
  50 -5.7586891e+00 7.91e-01 6.21e+01  -7.5 1.45e+02    -  4.50e-01 8.23e-01h  1
  51 -5.7586842e+00 3.52e-02 4.07e-02  -7.5 4.53e+01    -  1.00e+00 1.00e+00h  1
  52 -5.7586838e+00 2.21e-04 9.89e-05  -7.5 3.61e+00    -  1.00e+00 1.00e+00h  1
  53 -5.7586838e+00 2.85e-10 4.51e-11  -7.5 8.26e-04    -  1.00e+00 1.00e+00h  1
  54 -5.7586853e+00 4.94e-03 9.01e-01  -9.0 2.09e+01    -  9.25e-01 8.27e-01h  1
  55 -5.7586856e+00 2.24e-04 3.65e-04  -9.0 3.66e+00    -  1.00e+00 1.00e+00h  1
  56 -5.7586856e+00 2.91e-10 3.64e-09  -9.0 3.46e-03    -  1.00e+00 1.00e+00h  1

Number of Iterations....: 56

                                   (scaled)                 (unscaled)
Objective...............:  -4.4989731200879497e+00   -5.7586855937125758e+00
Dual infeasibility......:   3.6369201192050071e-09    4.6552577525824095e-09
Constraint violation....:   2.9119096532897321e-10    2.9119096532897321e-10
Complementarity.........:   1.0966574301311347e-09    1.4037215105678526e-09
Overall NLP error.......:   3.6369201192050071e-09    4.6552577525824095e-09


Number of objective function evaluations             = 65
Number of objective gradient evaluations             = 57
Number of equality constraint evaluations            = 65
Number of inequality constraint evaluations          = 65
Number of equality constraint Jacobian evaluations   = 58
Number of inequality constraint Jacobian evaluations = 58
Number of Lagrangian Hessian evaluations             = 56
Total CPU secs in IPOPT (w/o function evaluations)   =    115.734
Total CPU secs in NLP function evaluations           =      2.260

EXIT: Optimal Solution Found.
