
List of user-set options:

                                    Name   Value                used
                           compl_inf_tol = 1                     yes
                         constr_viol_tol = 1                     yes
                            dual_inf_tol = 1000                  yes
                           linear_solver = ma97                  yes
                              ma86_small = 1e-30                  no
                                  ma86_u = 0.0001                 no
                              ma97_order = best                  yes
                              ma97_small = 1e-30                 yes
                            ma97_switch1 = at_start              yes
                            ma97_switch2 = od_hd_reuse           yes
                                  ma97_u = 1e-06                 yes
                               ma97_umax = 0.5                   yes
                                max_iter = 1000                  yes
                    max_refinement_steps = 20                    yes
                    min_refinement_steps = 5                     yes
                                 mu_init = 1e-06                 yes
           mu_superlinear_decrease_power = 1.25                  yes
                   nlp_scaling_min_value = 1e-08                 yes
                        option_file_name = Preset_Case_513_pf.opt  yes
                             output_file = ./tmp/Preset_Case_513_pf.output  yes
                      print_user_options = yes                   yes
                                     tol = 0.0001                yes
                   warm_start_bound_frac = 1e-20                 yes
                   warm_start_bound_push = 1e-20                 yes
                   warm_start_init_point = yes                   yes
              warm_start_mult_bound_push = 1e-20                 yes
                warm_start_mult_init_max = 1e+40                 yes
             warm_start_slack_bound_frac = 1e-20                 yes
             warm_start_slack_bound_push = 1e-20                 yes

******************************************************************************
This program contains Ipopt, a library for large-scale nonlinear optimization.
 Ipopt is released as open source code under the Eclipse Public License (EPL).
         For more information visit http://projects.coin-or.org/Ipopt
******************************************************************************

This is Ipopt version 3.12.10, running with linear solver ma97.

Number of nonzeros in equality constraint Jacobian...:   103066
Number of nonzeros in inequality constraint Jacobian.:      145
Number of nonzeros in Lagrangian Hessian.............:    39976

Total number of variables............................:    29160
                     variables with only lower bounds:    11314
                variables with lower and upper bounds:    14309
                     variables with only upper bounds:        0
Total number of equality constraints.................:    29077
Total number of inequality constraints...............:       21
        inequality constraints with only lower bounds:        0
   inequality constraints with lower and upper bounds:        0
        inequality constraints with only upper bounds:       21

iter    objective    inf_pr   inf_du lg(mu)  ||d||  lg(rg) alpha_du alpha_pr  ls
   0 -9.8382562e+03 1.19e+00 9.97e+03  -6.0 0.00e+00    -  0.00e+00 0.00e+00   0
   1 -9.8377349e+03 1.12e+00 9.39e+03  -6.0 5.77e+02    -  1.00e+00 5.84e-02h  1
   2r-9.8377349e+03 1.12e+00 1.00e+03  -0.5 0.00e+00    -  0.00e+00 3.11e-08R  2
   3r-9.8377348e+03 1.11e+00 2.67e+03  -0.5 3.38e+03    -  1.86e-05 9.39e-06f  1
   4r-9.8377346e+03 1.06e+00 1.90e+03  -0.5 2.05e+03    -  2.01e-05 4.67e-05f  1
   5r-9.8377342e+03 9.66e-01 5.99e+03  -0.5 1.40e+03    -  3.38e-04 1.01e-04f  1
   6 -9.8377338e+03 9.66e-01 5.57e+05  -6.0 3.67e+02    -  5.61e-01 6.54e-05h  1
   7 -9.8372846e+03 9.15e-01 4.41e+08  -6.0 5.46e+02    -  6.70e-05 5.31e-02h  1
   8r-9.8372846e+03 9.15e-01 1.00e+03  -0.6 0.00e+00    -  0.00e+00 8.07e-08R  2
   9r-9.8372846e+03 9.13e-01 1.46e+03  -0.6 1.43e+03    -  1.00e-04 2.00e-06f  1
iter    objective    inf_pr   inf_du lg(mu)  ||d||  lg(rg) alpha_du alpha_pr  ls
  10r-9.8372832e+03 7.65e-01 1.00e+03  -0.6 1.78e+03    -  1.66e-05 1.86e-04f  1
  11 -9.8372828e+03 7.65e-01 8.67e+06  -6.0 3.99e+02    -  5.72e-01 6.67e-05h  1
  12 -9.8372691e+03 7.64e-01 2.11e+08  -6.0 5.19e+02    -  6.98e-05 1.70e-03h  1
  13 -9.8372690e+03 7.64e-01 2.11e+08  -6.0 5.10e+02    -  3.62e-05 1.11e-05h  1
  14 -9.8365372e+03 7.16e-01 1.98e+08  -6.0 5.18e+02    -  7.35e-05 6.33e-02h  4
  15 -9.8351912e+03 6.28e-01 1.73e+08  -6.0 4.88e+02    -  8.40e-02 1.24e-01h  3
  16 -9.8339474e+03 5.47e-01 1.51e+08  -6.0 4.32e+02    -  7.01e-01 1.29e-01h  3
  17 -9.8323811e+03 4.47e-01 1.23e+08  -6.0 3.80e+02    -  4.13e-01 1.84e-01h  3
  18 -9.8276996e+03 4.51e-01 4.23e+07  -6.0 3.14e+02    -  7.61e-01 6.56e-01H  1
  19r-9.8276996e+03 4.51e-01 1.00e+03  -0.4 0.00e+00    -  0.00e+00 2.61e-07R  5
iter    objective    inf_pr   inf_du lg(mu)  ||d||  lg(rg) alpha_du alpha_pr  ls
  20r-9.8276995e+03 4.47e-01 3.22e+03  -0.4 3.04e+03    -  9.26e-05 8.31e-06f  1
  21r-9.8276974e+03 3.75e-01 2.26e+03  -0.4 2.39e+03    -  1.08e-04 1.77e-04f  1
  22 -9.8276973e+03 3.75e-01 8.71e+06  -6.0 5.16e+01    -  6.25e-01 1.08e-04h  1
  23 -9.8276973e+03 3.75e-01 3.82e+06  -6.0 9.28e+01    -  1.11e-04 4.88e-05h  1
In iteration 23, 1 Slack too small, adjusting variable bound
  24 -9.8276973e+03 3.75e-01 3.82e+06  -6.0 2.88e+02    -  1.01e-04 1.22e-05h  1
  25 -9.8276974e+03 3.75e-01 3.82e+06  -6.0 3.10e+02    -  2.65e-05 6.42e-06h  1
  26r-9.8276974e+03 3.75e-01 1.00e+03  -0.5 0.00e+00    -  0.00e+00 3.60e-07R  4
  27r-9.8276973e+03 3.71e-01 8.57e+03  -0.5 1.72e+03    -  6.11e-04 9.30e-06f  1
  28r-9.8276887e+03 1.96e-01 1.33e+04  -0.5 1.02e+03    -  1.64e-03 7.58e-04f  1
  29 -9.8276886e+03 1.96e-01 7.15e+06  -6.0 2.26e+01    -  5.73e-01 2.91e-04h  1
iter    objective    inf_pr   inf_du lg(mu)  ||d||  lg(rg) alpha_du alpha_pr  ls
  30 -9.8276886e+03 1.96e-01 4.57e+06  -6.0 4.56e+02    -  1.08e-04 1.44e-06h  2
  31 -9.8276887e+03 1.96e-01 4.12e+06  -6.0 5.79e+02    -  3.51e-05 6.15e-06h  1
  32r-9.8276887e+03 1.96e-01 1.00e+03  -0.8 0.00e+00    -  0.00e+00 4.41e-07R  5
  33r-9.8276885e+03 1.93e-01 1.36e+04  -0.8 7.25e+02    -  3.30e-03 1.82e-05f  1
  34r-9.8276664e+03 1.43e-01 2.13e+04  -0.8 4.24e+02    -  8.06e-03 3.95e-03f  1
  35 -9.8276666e+03 1.43e-01 5.18e+06  -6.0 2.68e+01    -  4.16e-01 7.18e-04h  1
  36r-9.8276666e+03 1.43e-01 9.99e+02  -1.8 0.00e+00    -  0.00e+00 2.81e-07R  5
  37r-9.8276664e+03 1.43e-01 6.79e+03  -1.8 1.37e+02    -  2.40e-02 1.21e-04f  1
  38 -9.8276664e+03 1.43e-01 1.32e+07  -6.0 6.15e+01    -  2.47e-01 2.34e-06h  2
  39r-9.8276664e+03 1.43e-01 1.00e+03  -1.8 0.00e+00    -  0.00e+00 2.62e-07R  5
iter    objective    inf_pr   inf_du lg(mu)  ||d||  lg(rg) alpha_du alpha_pr  ls
  40r-9.8276664e+03 1.43e-01 5.02e+03  -1.8 1.35e+02    -  2.15e-02 8.05e-05f  1
  41r-9.8276538e+03 1.48e-01 5.78e+03  -1.8 6.00e+01    -  3.25e-02 2.13e-02f  1
  42 -9.8276538e+03 1.48e-01 1.08e+03  -6.0 3.63e+01    -  3.99e-01 3.70e-04h  1
  43 -9.8276538e+03 1.48e-01 5.14e+04  -6.0 5.37e+02    -  9.28e-04 2.06e-05h  1
  44r-9.8276538e+03 1.48e-01 1.00e+03  -2.9 0.00e+00    -  0.00e+00 4.79e-07R  6
  45r-9.8276535e+03 1.43e-01 9.91e+02  -2.9 2.93e+02    -  1.80e-02 1.00e-03f  1
  46 -9.8276535e+03 1.43e-01 5.40e+04  -6.0 3.37e+02    -  1.82e-01 1.68e-06h  2
  47r-9.8276535e+03 1.43e-01 1.00e+03  -3.2 0.00e+00    -  0.00e+00 4.29e-07R  5
  48r-9.8276531e+03 1.22e-01 9.95e+02  -3.2 3.01e+02    -  7.83e-03 1.71e-03f  1
  49 -9.8276531e+03 1.22e-01 5.72e+04  -6.0 2.89e+02    -  1.99e-01 1.75e-06h  2
iter    objective    inf_pr   inf_du lg(mu)  ||d||  lg(rg) alpha_du alpha_pr  ls
  50r-9.8276531e+03 1.22e-01 1.00e+03  -3.6 0.00e+00    -  0.00e+00 2.64e-07R  6
  51r-9.8276531e+03 9.47e-02 9.96e+02  -3.6 1.85e+02    -  6.06e-03 1.36e-03f  1
  52 -9.8276531e+03 9.47e-02 5.77e+04  -6.0 3.34e+02    -  1.62e-01 1.40e-06h  2
  53r-9.8276531e+03 9.47e-02 1.00e+03  -4.0 0.00e+00    -  0.00e+00 3.72e-07R  5
  54r-9.8276531e+03 8.21e-02 9.96e+02  -4.0 1.31e+02    -  4.51e-03 7.86e-04f  1
  55 -9.8276531e+03 8.21e-02 4.33e+04  -6.0 2.69e+02    -  5.25e-01 3.56e-07h  2
  56 -9.8276523e+03 8.21e-02 2.16e+04  -6.0 4.03e+03    -  1.46e-05 2.93e-05h  1
  57r-9.8276523e+03 8.21e-02 1.00e+03  -4.3 0.00e+00    -  0.00e+00 3.16e-07R  5
  58r-9.8276523e+03 6.85e-02 9.97e+02  -4.3 2.00e+02    -  5.56e-03 7.06e-04f  1
  59r-9.8276523e+03 6.85e-02 9.99e+02  -4.5 0.00e+00    -  0.00e+00 1.05e-07R  2
iter    objective    inf_pr   inf_du lg(mu)  ||d||  lg(rg) alpha_du alpha_pr  ls
  60r-9.8276523e+03 6.69e-02 9.99e+02  -4.5 1.41e+02    -  4.88e-03 7.68e-05f  1
  61 -9.8276523e+03 6.69e-02 6.92e+04  -6.0 3.26e+01    -  1.95e-01 1.41e-06f  2
  62r-9.8276523e+03 6.69e-02 1.00e+03  -4.5 0.00e+00    -  0.00e+00 4.16e-07R  4
  63r-9.8276523e+03 6.66e-02 1.00e+03  -4.5 1.49e+02    -  7.46e-04 1.44e-05f  1
  64 -9.8276523e+03 6.66e-02 3.28e+05  -6.0 2.10e+01    -  4.89e-01 7.48e-07h  2
  65r-9.8276523e+03 6.66e-02 1.00e+03  -4.5 0.00e+00    -  0.00e+00 3.53e-07R  8
  66r-9.8276524e+03 4.40e-02 9.98e+02  -4.5 1.60e+02    -  5.01e-03 1.10e-03f  1
  67 -9.8276524e+03 4.40e-02 5.72e+05  -6.0 4.71e+01    -  5.24e-01 4.59e-07h  2
  68r-9.8276524e+03 4.40e-02 1.00e+03  -4.5 0.00e+00    -  0.00e+00 2.51e-07R 10
  69r-9.8276525e+03 3.08e-02 1.21e+03  -4.5 1.42e+02    -  1.06e-02 2.36e-03f  1
iter    objective    inf_pr   inf_du lg(mu)  ||d||  lg(rg) alpha_du alpha_pr  ls
  70r-9.8276525e+03 3.08e-02 9.99e+02  -4.2 0.00e+00    -  0.00e+00 3.61e-07R  2
  71r-9.8276525e+03 4.27e-02 3.23e+03  -4.2 6.83e+01    -  4.34e-02 6.95e-04f  1
  72 -9.8276524e+03 4.27e-02 7.18e+03  -6.0 5.75e+01    -  5.83e-01 8.13e-05h  1
  73r-9.8276524e+03 4.27e-02 1.00e+03  -4.5 0.00e+00    -  0.00e+00 2.93e-07R  4
  74r-9.8276525e+03 2.37e-02 9.98e+02  -4.5 1.02e+02    -  2.25e-02 1.44e-03f  1
  75r-9.8276525e+03 2.37e-02 9.99e+02  -4.5 0.00e+00    -  0.00e+00 5.76e-08R  2
  76r-9.8276525e+03 2.02e-02 9.99e+02  -4.5 7.93e+01    -  2.18e-02 6.66e-04f  1
  77 -9.8276525e+03 2.02e-02 1.34e+04  -6.0 5.11e+01    -  6.00e-01 4.49e-05h  1
  78r-9.8276525e+03 2.02e-02 1.00e+03  -4.5 0.00e+00    -  0.00e+00 4.69e-07R  4
  79r-9.8276526e+03 1.75e-02 2.46e+03  -4.5 1.06e+02    -  2.31e-02 2.84e-03f  1
iter    objective    inf_pr   inf_du lg(mu)  ||d||  lg(rg) alpha_du alpha_pr  ls
  80r-9.8276526e+03 1.75e-02 9.99e+02  -4.5 0.00e+00    -  0.00e+00 1.08e-07R  2
  81r-9.8276526e+03 2.48e-02 2.12e+03  -4.5 7.00e+01    -  2.71e-02 1.25e-03f  1
  82 -9.8276526e+03 2.48e-02 6.30e+03  -6.0 3.88e+01    -  6.19e-01 9.84e-05h  1
  83r-9.8276526e+03 2.48e-02 1.00e+03  -4.5 0.00e+00    -  0.00e+00 4.81e-07R  3
  84r-9.8276527e+03 1.19e-02 9.95e+02  -4.5 1.07e+02    -  2.58e-02 4.44e-03f  1
  85r-9.8276527e+03 1.19e-02 9.99e+02  -4.5 0.00e+00    -  0.00e+00 1.93e-07R  2
  86r-9.8276527e+03 1.13e-02 9.98e+02  -4.5 6.56e+01    -  4.01e-02 1.58e-03f  1
  87 -9.8276527e+03 1.13e-02 4.46e+03  -6.0 3.91e+01    -  6.36e-01 1.43e-04h  1
  88r-9.8276527e+03 1.13e-02 1.00e+03  -4.5 0.00e+00    -  0.00e+00 3.60e-07R  3
  89r-9.8276528e+03 9.45e-03 9.94e+02  -4.5 9.74e+01    -  3.29e-02 5.89e-03f  1
iter    objective    inf_pr   inf_du lg(mu)  ||d||  lg(rg) alpha_du alpha_pr  ls
  90r-9.8276528e+03 9.45e-03 9.99e+02  -4.4 0.00e+00    -  0.00e+00 2.89e-07R  2
  91r-9.8276528e+03 9.21e-03 9.99e+02  -4.4 5.36e+01    -  5.81e-02 1.16e-03f  1
  92 -9.8276529e+03 9.21e-03 5.36e+03  -6.0 3.91e+01    -  6.50e-01 1.22e-04h  1
  93r-9.8276529e+03 9.21e-03 1.00e+03  -4.4 0.00e+00    -  0.00e+00 4.50e-07R  3
  94r-9.8276529e+03 8.33e-03 9.95e+02  -4.4 8.37e+01    -  4.84e-02 4.57e-03f  1
  95r-9.8276529e+03 8.33e-03 9.99e+02  -4.5 0.00e+00    -  0.00e+00 2.53e-07R  2
  96r-9.8276530e+03 7.92e-03 9.97e+02  -4.5 4.63e+01    -  7.27e-02 2.51e-03f  1
  97 -9.8276530e+03 7.92e-03 2.40e+03  -6.0 3.92e+01    -  6.48e-01 2.70e-04h  1
  98r-9.8276530e+03 7.92e-03 1.00e+03  -4.4 0.00e+00    -  0.00e+00 2.96e-07R  3
  99r-9.8276532e+03 6.66e-03 9.91e+02  -4.4 7.98e+01    -  6.42e-02 8.67e-03f  1
iter    objective    inf_pr   inf_du lg(mu)  ||d||  lg(rg) alpha_du alpha_pr  ls
 100r-9.8276532e+03 6.66e-03 9.99e+02  -4.4 0.00e+00    -  0.00e+00 4.99e-07R  2
 101r-9.8276532e+03 6.57e-03 1.20e+03  -4.4 4.10e+01    -  9.03e-02 1.00e-03f  1
 102 -9.8276532e+03 6.57e-03 5.05e+03  -6.0 3.91e+01    -  6.45e-01 1.28e-04h  1
 103r-9.8276532e+03 6.57e-03 1.00e+03  -4.4 0.00e+00    -  0.00e+00 3.17e-07R  4
 104r-9.8276533e+03 6.21e-03 9.96e+02  -4.4 7.25e+01    -  9.75e-02 3.78e-03f  1
 105r-9.8276533e+03 6.21e-03 9.99e+02  -4.4 0.00e+00    -  0.00e+00 2.32e-07R  2
 106r-9.8276533e+03 6.07e-03 9.98e+02  -4.4 3.97e+01    -  8.23e-02 1.56e-03f  1
 107 -9.8276533e+03 6.07e-03 1.08e+08  -6.0 3.91e+01    -  6.45e-01 1.88e-04h  1
 108r-9.8276533e+03 6.07e-03 1.00e+03  -4.4 0.00e+00    -  0.00e+00 2.85e-07R  4
 109r-9.8276534e+03 5.53e-03 1.61e+03  -4.4 6.89e+01    -  1.10e-01 6.67e-03f  1
iter    objective    inf_pr   inf_du lg(mu)  ||d||  lg(rg) alpha_du alpha_pr  ls
 110r-9.8276534e+03 5.53e-03 9.99e+02  -4.4 0.00e+00    -  0.00e+00 4.21e-07R  2
 111r-9.8276534e+03 5.50e-03 9.99e+02  -4.4 3.73e+01    -  1.39e-02 4.53e-04f  1
 112 -9.8276535e+03 5.50e-03 2.02e+07  -6.0 3.87e+01    -  6.43e-01 5.80e-05h  1
 113r-9.8276535e+03 5.50e-03 1.00e+03  -4.4 0.00e+00    -  0.00e+00 2.76e-07R  5
 114r-9.8276535e+03 5.33e-03 1.26e+03  -4.4 6.38e+01    -  1.32e-01 2.69e-03f  1
 115r-9.8276535e+03 5.33e-03 9.99e+02  -4.4 0.00e+00    -  0.00e+00 1.81e-07R  2
 116r-9.8276535e+03 5.27e-03 9.98e+02  -4.4 3.48e+01    -  2.84e-03 9.87e-04f  1
 117 -9.8276535e+03 5.27e-03 6.41e+07  -6.0 3.90e+01    -  6.43e-01 1.27e-04h  1
 118r-9.8276535e+03 5.27e-03 1.00e+03  -4.4 0.00e+00    -  0.00e+00 3.89e-07R  4
 119r-9.8276537e+03 4.72e-03 1.64e+03  -4.4 6.15e+01    -  1.34e-01 9.46e-03f  1
iter    objective    inf_pr   inf_du lg(mu)  ||d||  lg(rg) alpha_du alpha_pr  ls
 120r-9.8276537e+03 4.72e-03 9.99e+02  -4.4 0.00e+00    -  0.00e+00 3.16e-07R  3
 121r-9.8276537e+03 4.70e-03 9.99e+02  -4.4 3.21e+01    -  1.39e-02 4.33e-04f  1
 122 -9.8276537e+03 4.70e-03 1.95e+07  -6.0 3.87e+01    -  6.43e-01 5.96e-05h  1
 123r-9.8276537e+03 4.70e-03 1.00e+03  -4.4 0.00e+00    -  0.00e+00 2.97e-07R  5
 124r-9.8276537e+03 4.61e-03 1.47e+03  -4.4 5.47e+01    -  1.53e-01 1.95e-03f  1
 125r-9.8276537e+03 4.61e-03 9.99e+02  -4.4 0.00e+00    -  0.00e+00 1.44e-07R  2
 126r-9.8276537e+03 4.57e-03 9.98e+02  -4.4 2.99e+01    -  2.67e-03 9.32e-04f  1
 127 -9.8276537e+03 4.57e-03 8.08e+07  -6.0 3.89e+01    -  6.44e-01 1.27e-04h  1
 128r-9.8276537e+03 4.57e-03 1.00e+03  -4.4 0.00e+00    -  0.00e+00 4.37e-07R  4
 129r-9.8276538e+03 4.21e-03 1.96e+03  -4.4 5.31e+01    -  1.62e-01 8.48e-03f  1
iter    objective    inf_pr   inf_du lg(mu)  ||d||  lg(rg) alpha_du alpha_pr  ls
 130r-9.8276538e+03 4.21e-03 9.99e+02  -4.4 0.00e+00    -  0.00e+00 2.99e-07R  3
 131r-9.8276538e+03 4.19e-03 9.98e+02  -4.4 2.80e+01    -  1.57e-02 5.47e-04f  1
 132 -9.8276539e+03 4.19e-03 2.03e+07  -6.0 3.87e+01    -  6.46e-01 7.79e-05h  1
 133r-9.8276539e+03 4.19e-03 1.00e+03  -4.4 0.00e+00    -  0.00e+00 2.86e-07R  5
 134r-9.8276539e+03 4.08e-03 1.93e+03  -4.4 4.83e+01    -  2.07e-01 2.96e-03f  1
 135r-9.8276539e+03 4.08e-03 9.99e+02  -4.4 0.00e+00    -  0.00e+00 2.22e-07R  2
 136r-9.8276539e+03 4.05e-03 9.98e+02  -4.4 2.57e+01    -  2.74e-03 9.53e-04f  1
 137 -9.8276539e+03 4.05e-03 6.18e+07  -6.0 3.88e+01    -  6.47e-01 1.35e-04h  1
 138r-9.8276539e+03 4.05e-03 1.00e+03  -4.4 0.00e+00    -  0.00e+00 4.78e-07R  4
 139r-9.8276541e+03 3.70e-03 2.17e+03  -4.4 4.68e+01    -  2.23e-01 1.07e-02f  1
iter    objective    inf_pr   inf_du lg(mu)  ||d||  lg(rg) alpha_du alpha_pr  ls
 140r-9.8276541e+03 3.70e-03 9.99e+02  -4.4 0.00e+00    -  0.00e+00 3.89e-07R  3
 141r-9.8276541e+03 3.69e-03 9.99e+02  -4.4 2.40e+01    -  1.67e-02 4.84e-04f  1
 142 -9.8276541e+03 3.69e-03 2.06e+07  -6.0 3.86e+01    -  6.51e-01 7.18e-05h  1
 143r-9.8276541e+03 3.69e-03 1.00e+03  -4.4 0.00e+00    -  0.00e+00 3.29e-07R  5
 144r-9.8276541e+03 3.62e-03 2.04e+03  -4.4 4.29e+01    -  2.18e-01 2.57e-03f  1
 145r-9.8276541e+03 3.62e-03 9.99e+02  -4.4 0.00e+00    -  0.00e+00 2.01e-07R  2
 146r-9.8276541e+03 3.60e-03 9.98e+02  -4.4 2.18e+01    -  2.27e-03 9.51e-04f  1
 147 -9.8276542e+03 3.60e-03 6.85e+07  -6.0 3.88e+01    -  6.53e-01 1.39e-04h  1
 148r-9.8276542e+03 3.60e-03 1.00e+03  -4.4 0.00e+00    -  0.00e+00 2.69e-07R  5
 149r-9.8276543e+03 3.34e-03 2.25e+03  -4.4 4.21e+01    -  2.12e-01 1.00e-02f  1
iter    objective    inf_pr   inf_du lg(mu)  ||d||  lg(rg) alpha_du alpha_pr  ls
 150r-9.8276543e+03 3.34e-03 9.99e+02  -4.4 0.00e+00    -  0.00e+00 3.78e-07R  3
 151r-9.8276543e+03 3.33e-03 9.98e+02  -4.4 2.12e+01    -  1.47e-02 5.38e-04f  1
 152 -9.8276543e+03 3.33e-03 2.02e+07  -6.0 3.86e+01    -  6.60e-01 8.12e-05h  1
 153r-9.8276543e+03 3.33e-03 1.00e+03  -4.4 0.00e+00    -  0.00e+00 3.47e-07R  5
 154r-9.8276543e+03 3.26e-03 1.82e+03  -4.4 3.97e+01    -  1.95e-01 3.41e-03f  1
 155r-9.8276543e+03 3.26e-03 9.99e+02  -4.4 0.00e+00    -  0.00e+00 2.68e-07R  2
 156r-9.8276543e+03 3.23e-03 9.98e+02  -4.4 1.90e+01    -  2.35e-03 9.95e-04f  1
 157 -9.8276544e+03 3.23e-03 6.39e+07  -6.0 3.87e+01    -  6.62e-01 1.48e-04h  1
 158r-9.8276544e+03 3.23e-03 1.00e+03  -4.4 0.00e+00    -  0.00e+00 2.98e-07R  5
 159r-9.8276545e+03 2.99e-03 1.94e+03  -4.4 3.90e+01    -  1.88e-01 1.19e-02f  1
iter    objective    inf_pr   inf_du lg(mu)  ||d||  lg(rg) alpha_du alpha_pr  ls
 160r-9.8276545e+03 2.99e-03 9.99e+02  -4.4 0.00e+00    -  0.00e+00 4.54e-07R  3
 161r-9.8276545e+03 2.98e-03 9.99e+02  -4.4 1.90e+01    -  1.50e-02 4.78e-04f  1
 162 -9.8276545e+03 2.98e-03 2.04e+07  -6.0 3.84e+01    -  6.71e-01 7.32e-05h  1
 163r-9.8276545e+03 2.98e-03 1.00e+03  -4.4 0.00e+00    -  0.00e+00 4.02e-07R  5
 164r-9.8276545e+03 2.93e-03 1.59e+03  -4.4 3.65e+01    -  1.70e-01 2.90e-03f  1
 165r-9.8276545e+03 2.93e-03 9.99e+02  -4.4 0.00e+00    -  0.00e+00 2.32e-07R  2
 166r-9.8276546e+03 2.92e-03 9.98e+02  -4.4 1.68e+01    -  1.91e-03 9.86e-04f  1
 167 -9.8276546e+03 2.92e-03 7.48e+07  -6.0 3.86e+01    -  6.73e-01 1.48e-04h  1
 168r-9.8276546e+03 2.92e-03 1.00e+03  -4.4 0.00e+00    -  0.00e+00 3.39e-07R  5
 169r-9.8276547e+03 2.72e-03 1.93e+03  -4.4 3.57e+01    -  1.66e-01 1.16e-02f  1
iter    objective    inf_pr   inf_du lg(mu)  ||d||  lg(rg) alpha_du alpha_pr  ls
 170r-9.8276547e+03 2.72e-03 9.99e+02  -4.4 0.00e+00    -  0.00e+00 4.47e-07R  3
 171r-9.8276547e+03 2.71e-03 9.98e+02  -4.4 1.70e+01    -  1.58e-02 6.06e-04f  1
 172 -9.8276547e+03 2.71e-03 2.01e+07  -6.0 3.84e+01    -  6.62e-01 9.22e-05h  1
 173r-9.8276547e+03 2.71e-03 1.00e+03  -4.4 0.00e+00    -  0.00e+00 4.16e-07R  5
 174r-9.8276548e+03 2.67e-03 1.44e+03  -4.4 3.14e+01    -  1.56e-01 3.04e-03f  1
 175r-9.8276548e+03 2.67e-03 9.99e+02  -4.4 0.00e+00    -  0.00e+00 2.43e-07R  2
 176r-9.8276548e+03 2.65e-03 9.98e+02  -4.4 1.49e+01    -  1.82e-03 1.04e-03f  1
 177 -9.8276548e+03 2.65e-03 6.06e+07  -6.0 3.85e+01    -  6.61e-01 1.55e-04h  1
 178r-9.8276548e+03 2.65e-03 1.00e+03  -4.4 0.00e+00    -  0.00e+00 3.78e-07R  5
 179r-9.8276549e+03 2.48e-03 1.72e+03  -4.4 3.06e+01    -  1.53e-01 1.21e-02f  1
iter    objective    inf_pr   inf_du lg(mu)  ||d||  lg(rg) alpha_du alpha_pr  ls
 180r-9.8276549e+03 2.48e-03 9.99e+02  -4.4 0.00e+00    -  0.00e+00 4.61e-07R  3
 181r-9.8276549e+03 2.48e-03 9.98e+02  -4.4 1.56e+01    -  1.52e-02 5.17e-04f  1
 182 -9.8276549e+03 2.48e-03 1.92e+07  -6.0 3.82e+01    -  6.57e-01 7.84e-05h  1
 183r-9.8276549e+03 2.48e-03 1.00e+03  -4.4 0.00e+00    -  0.00e+00 4.79e-07R  5
 184r-9.8276550e+03 2.44e-03 1.33e+03  -4.4 2.84e+01    -  1.46e-01 2.85e-03f  1
 185r-9.8276550e+03 2.44e-03 9.99e+02  -4.4 0.00e+00    -  0.00e+00 2.27e-07R  2
 186r-9.8276550e+03 2.43e-03 9.98e+02  -4.4 1.34e+01    -  1.52e-03 1.05e-03f  1
 187 -9.8276550e+03 2.43e-03 6.72e+07  -6.0 3.83e+01    -  6.58e-01 1.56e-04h  1
 188r-9.8276550e+03 2.43e-03 1.00e+03  -4.4 0.00e+00    -  0.00e+00 4.22e-07R  5
 189r-9.8276551e+03 2.29e-03 1.76e+03  -4.4 2.81e+01    -  1.45e-01 1.17e-02f  1
iter    objective    inf_pr   inf_du lg(mu)  ||d||  lg(rg) alpha_du alpha_pr  ls
 190r-9.8276551e+03 2.29e-03 9.99e+02  -4.4 0.00e+00    -  0.00e+00 4.43e-07R  3
 191r-9.8276551e+03 2.28e-03 9.98e+02  -4.4 1.43e+01    -  1.48e-02 6.50e-04f  1
 192 -9.8276551e+03 2.28e-03 1.91e+07  -6.0 3.82e+01    -  6.61e-01 9.66e-05h  1
 193r-9.8276551e+03 2.28e-03 1.00e+03  -4.4 0.00e+00    -  0.00e+00 5.00e-07R  5
 194r-9.8276551e+03 2.24e-03 1.26e+03  -4.4 2.70e+01    -  1.40e-01 3.53e-03f  1
 195r-9.8276551e+03 2.24e-03 9.99e+02  -4.4 0.00e+00    -  0.00e+00 2.74e-07R  2
 196r-9.8276551e+03 2.23e-03 9.98e+02  -4.4 1.23e+01    -  1.59e-03 1.13e-03f  1
 197 -9.8276552e+03 2.23e-03 5.85e+07  -6.0 3.82e+01    -  6.62e-01 1.65e-04h  1
 198r-9.8276552e+03 2.23e-03 1.00e+03  -4.4 0.00e+00    -  0.00e+00 4.63e-07R  5
 199r-9.8276553e+03 2.09e-03 1.59e+03  -4.4 2.68e+01    -  1.37e-01 1.35e-02f  1
iter    objective    inf_pr   inf_du lg(mu)  ||d||  lg(rg) alpha_du alpha_pr  ls
 200r-9.8276553e+03 2.09e-03 9.99e+02  -4.4 0.00e+00    -  0.00e+00 2.52e-07R  4
 201r-9.8276553e+03 2.09e-03 9.98e+02  -4.4 1.34e+01    -  1.59e-02 5.71e-04f  1
 202 -9.8276553e+03 2.09e-03 1.89e+07  -6.0 3.80e+01    -  6.68e-01 8.32e-05h  1
 203r-9.8276553e+03 2.09e-03 1.00e+03  -4.4 0.00e+00    -  0.00e+00 2.85e-07R  6
 204r-9.8276553e+03 2.06e-03 1.18e+03  -4.4 2.60e+01    -  1.32e-01 3.27e-03f  1
 205r-9.8276553e+03 2.06e-03 9.99e+02  -4.4 0.00e+00    -  0.00e+00 2.49e-07R  2
 206r-9.8276553e+03 2.05e-03 9.98e+02  -4.4 1.13e+01    -  1.30e-03 1.18e-03f  1
 207 -9.8276554e+03 2.05e-03 7.37e+07  -6.0 3.81e+01    -  6.70e-01 1.68e-04h  1
 208r-9.8276554e+03 2.05e-03 1.00e+03  -4.4 0.00e+00    -  0.00e+00 2.57e-07R  6
 209r-9.8276554e+03 1.93e-03 1.61e+03  -4.4 2.59e+01    -  1.31e-01 1.30e-02f  1
iter    objective    inf_pr   inf_du lg(mu)  ||d||  lg(rg) alpha_du alpha_pr  ls
 210r-9.8276554e+03 1.93e-03 9.99e+02  -4.4 0.00e+00    -  0.00e+00 4.71e-07R  3
 211r-9.8276554e+03 1.92e-03 9.98e+02  -4.4 1.24e+01    -  1.55e-02 7.25e-04f  1
 212 -9.8276554e+03 1.92e-03 1.87e+07  -6.0 3.79e+01    -  6.77e-01 1.01e-04h  1
 213r-9.8276554e+03 1.92e-03 1.00e+03  -4.4 0.00e+00    -  0.00e+00 3.00e-07R  6
 214r-9.8276555e+03 1.88e-03 1.12e+03  -4.4 2.54e+01    -  1.29e-01 4.60e-03f  1
 215r-9.8276555e+03 1.88e-03 9.99e+02  -4.4 0.00e+00    -  0.00e+00 3.33e-07R  2
 216r-9.8276555e+03 1.87e-03 9.98e+02  -4.4 1.05e+01    -  1.51e-03 1.33e-03f  1
 217 -9.8276555e+03 1.87e-03 5.40e+07  -6.0 3.79e+01    -  6.80e-01 1.80e-04h  1
 218r-9.8276555e+03 1.87e-03 1.00e+03  -4.4 0.00e+00    -  0.00e+00 2.81e-07R  6
 219r-9.8276556e+03 1.75e-03 1.47e+03  -4.4 2.52e+01    -  1.30e-01 1.56e-02f  1
iter    objective    inf_pr   inf_du lg(mu)  ||d||  lg(rg) alpha_du alpha_pr  ls
 220r-9.8276556e+03 1.75e-03 9.99e+02  -4.4 0.00e+00    -  0.00e+00 2.71e-07R  4
 221r-9.8276556e+03 1.75e-03 9.98e+02  -4.4 1.16e+01    -  1.70e-02 6.50e-04f  1
 222 -9.8276556e+03 1.75e-03 1.85e+07  -6.0 3.76e+01    -  6.89e-01 8.67e-05h  1
 223r-9.8276556e+03 1.75e-03 1.00e+03  -4.4 0.00e+00    -  0.00e+00 3.41e-07R  6
 224r-9.8276556e+03 1.72e-03 1.14e+03  -4.4 2.48e+01    -  1.36e-01 3.95e-03f  1
 225r-9.8276556e+03 1.72e-03 9.99e+02  -4.5 0.00e+00    -  0.00e+00 2.73e-07R  2
 226r-9.8276556e+03 1.71e-03 9.98e+02  -4.5 9.79e+00    -  1.17e-03 1.44e-03f  1
 227 -9.8276557e+03 1.71e-03 7.03e+07  -6.0 3.77e+01    -  6.92e-01 1.85e-04h  1
 228r-9.8276557e+03 1.71e-03 1.00e+03  -4.5 0.00e+00    -  0.00e+00 3.11e-07R  6
 229r-9.8276557e+03 1.60e-03 1.53e+03  -4.5 2.48e+01    -  1.39e-01 1.54e-02f  1
iter    objective    inf_pr   inf_du lg(mu)  ||d||  lg(rg) alpha_du alpha_pr  ls
 230r-9.8276557e+03 1.60e-03 9.99e+02  -4.5 0.00e+00    -  0.00e+00 2.53e-07R  4
 231r-9.8276557e+03 1.59e-03 9.98e+02  -4.5 1.07e+01    -  1.74e-02 8.46e-04f  1
 232 -9.8276557e+03 1.59e-03 1.82e+07  -6.0 3.75e+01    -  7.03e-01 1.05e-04h  1
 233r-9.8276557e+03 1.59e-03 1.00e+03  -4.5 0.00e+00    -  0.00e+00 3.62e-07R  6
 234r-9.8276557e+03 1.56e-03 1.13e+03  -4.5 2.45e+01    -  1.44e-01 4.61e-03f  1
 235r-9.8276557e+03 1.56e-03 9.99e+02  -4.5 0.00e+00    -  0.00e+00 2.98e-07R  2
 236r-9.8276557e+03 1.55e-03 9.97e+02  -4.5 9.11e+00    -  1.17e-03 1.65e-03f  1
 237 -9.8276558e+03 1.55e-03 6.14e+07  -6.0 3.75e+01    -  7.07e-01 1.99e-04h  1
 238 -9.8276557e+03 1.55e-03 3.32e+06  -6.0 8.21e+02    -  2.01e-04 1.09e-05h  1
 239r-9.8276557e+03 1.55e-03 1.00e+03  -4.5 0.00e+00    -  0.00e+00 4.91e-07R  5
iter    objective    inf_pr   inf_du lg(mu)  ||d||  lg(rg) alpha_du alpha_pr  ls
 240r-9.8276557e+03 1.45e-03 2.13e+03  -4.5 2.44e+01    -  1.33e-01 1.66e-02f  1
 241r-9.8276557e+03 1.45e-03 9.99e+02  -4.5 0.00e+00    -  0.00e+00 2.55e-07R  4
 242r-9.8276557e+03 1.45e-03 9.98e+02  -4.5 1.00e+01    -  1.77e-02 7.46e-04f  1
 243 -9.8276557e+03 1.45e-03 1.84e+07  -6.0 3.73e+01    -  7.20e-01 8.93e-05h  1
 244r-9.8276557e+03 1.45e-03 1.00e+03  -4.5 0.00e+00    -  0.00e+00 4.46e-07R  3
 245r-9.8276557e+03 1.42e-03 1.35e+03  -4.5 2.41e+01    -  1.80e-01 4.01e-03f  1
 246r-9.8276557e+03 1.42e-03 9.99e+02  -4.5 0.00e+00    -  0.00e+00 2.49e-07R  2
 247r-9.8276557e+03 1.41e-03 9.97e+02  -4.5 8.38e+00    -  8.49e-04 1.67e-03f  1
 248 -9.8276558e+03 1.41e-03 6.99e+07  -6.0 3.74e+01    -  7.24e-01 1.93e-04h  1
 249r-9.8276558e+03 1.41e-03 1.00e+03  -4.5 0.00e+00    -  0.00e+00 4.29e-07R  2
iter    objective    inf_pr   inf_du lg(mu)  ||d||  lg(rg) alpha_du alpha_pr  ls
 250r-9.8276558e+03 1.33e-03 1.68e+03  -4.5 2.40e+01    -  1.96e-01 1.62e-02f  1
 251r-9.8276558e+03 1.33e-03 9.99e+02  -4.5 0.00e+00    -  0.00e+00 4.79e-07R  3
 252r-9.8276558e+03 1.32e-03 9.98e+02  -4.5 9.24e+00    -  1.80e-02 9.14e-04f  1
 253 -9.8276558e+03 1.32e-03 1.79e+07  -6.0 3.71e+01    -  7.37e-01 1.04e-04h  1
 254r-9.8276558e+03 1.32e-03 1.00e+03  -4.5 0.00e+00    -  0.00e+00 3.22e-07R  4
 255r-9.8276558e+03 1.30e-03 2.10e+03  -4.5 2.37e+01    -  3.03e-01 4.35e-03f  1
 256r-9.8276558e+03 1.30e-03 9.99e+02  -4.5 0.00e+00    -  0.00e+00 2.58e-07R  2
 257r-9.8276558e+03 1.29e-03 9.97e+02  -4.5 7.70e+00    -  6.93e-04 1.74e-03f  1
 258 -9.8276558e+03 1.29e-03 7.16e+07  -6.0 3.71e+01    -  7.42e-01 1.92e-04h  1
 259r-9.8276558e+03 1.29e-03 1.00e+03  -4.5 0.00e+00    -  0.00e+00 4.75e-07R  3
iter    objective    inf_pr   inf_du lg(mu)  ||d||  lg(rg) alpha_du alpha_pr  ls
 260r-9.8276558e+03 1.21e-03 2.12e+03  -4.5 2.37e+01    -  3.21e-01 1.68e-02f  1
 261r-9.8276558e+03 1.21e-03 9.99e+02  -4.5 0.00e+00    -  0.00e+00 4.75e-07R  3
 262r-9.8276558e+03 1.21e-03 9.98e+02  -4.5 8.35e+00    -  2.55e-02 1.11e-03f  1
 263 -9.8276558e+03 1.21e-03 1.85e+07  -6.0 3.69e+01    -  7.58e-01 1.20e-04h  1
 264r-9.8276558e+03 1.21e-03 1.00e+03  -4.5 0.00e+00    -  0.00e+00 4.27e-07R  4
 265r-9.8276558e+03 1.19e-03 2.13e+03  -4.5 2.35e+01    -  3.24e-01 4.52e-03f  1
 266r-9.8276558e+03 1.19e-03 9.99e+02  -4.6 0.00e+00    -  0.00e+00 2.54e-07R  2
 267r-9.8276558e+03 1.18e-03 9.97e+02  -4.6 7.04e+00    -  3.96e-04 2.00e-03f  1
 268 -9.8276559e+03 1.18e-03 8.95e+07  -6.0 3.69e+01    -  7.63e-01 2.09e-04h  1
 269r-9.8276559e+03 1.18e-03 1.00e+03  -4.6 0.00e+00    -  0.00e+00 3.59e-07R  4
iter    objective    inf_pr   inf_du lg(mu)  ||d||  lg(rg) alpha_du alpha_pr  ls
 270r-9.8276558e+03 1.11e-03 2.04e+03  -4.6 2.35e+01    -  3.25e-01 1.71e-02f  1
 271r-9.8276558e+03 1.11e-03 9.99e+02  -4.6 0.00e+00    -  0.00e+00 4.57e-07R  3
 272r-9.8276558e+03 1.10e-03 9.98e+02  -4.6 7.79e+00    -  1.93e-02 1.07e-03f  1
 273 -9.8276558e+03 1.10e-03 1.54e+07  -6.0 3.65e+01    -  7.81e-01 1.08e-04h  1
 274r-9.8276558e+03 1.10e-03 1.00e+03  -4.6 0.00e+00    -  0.00e+00 2.99e-07R  5
 275r-9.8276558e+03 1.09e-03 2.07e+03  -4.6 2.48e+01    -  3.32e-01 4.29e-03f  1
 276r-9.8276558e+03 1.09e-03 9.99e+02  -4.6 0.00e+00    -  0.00e+00 2.28e-07R  2
 277r-9.8276558e+03 1.08e-03 9.97e+02  -4.6 6.41e+00    -  3.06e-04 2.22e-03f  1
 278 -9.8276559e+03 1.08e-03 6.45e+07  -6.0 3.66e+01    -  7.87e-01 2.17e-04h  1
 279r-9.8276559e+03 1.08e-03 1.00e+03  -4.6 0.00e+00    -  0.00e+00 4.98e-07R  4
iter    objective    inf_pr   inf_du lg(mu)  ||d||  lg(rg) alpha_du alpha_pr  ls
 280r-9.8276558e+03 1.01e-03 1.98e+03  -4.6 2.53e+01    -  3.35e-01 1.70e-02f  1
 281r-9.8276558e+03 1.01e-03 9.99e+02  -4.6 0.00e+00    -  0.00e+00 4.26e-07R  3
 282r-9.8276558e+03 1.01e-03 9.98e+02  -4.6 7.01e+00    -  2.33e-02 1.11e-03f  1
 283 -9.8276558e+03 1.01e-03 1.60e+07  -6.0 3.61e+01    -  8.05e-01 1.06e-04h  1
 284r-9.8276558e+03 1.01e-03 1.00e+03  -4.6 0.00e+00    -  0.00e+00 3.78e-07R  5
 285r-9.8276558e+03 9.94e-04 2.03e+03  -4.6 2.60e+01    -  3.43e-01 4.48e-03f  1
 286r-9.8276558e+03 9.94e-04 9.99e+02  -4.6 0.00e+00    -  0.00e+00 2.24e-07R  2
 287r-9.8276557e+03 9.85e-04 9.96e+02  -4.6 5.70e+00    -  4.18e-03 2.56e-03f  1
 288 -9.8276558e+03 9.85e-04 8.47e+07  -6.0 3.62e+01    -  8.09e-01 2.38e-04h  1
 289r-9.8276558e+03 9.85e-04 1.00e+03  -4.6 0.00e+00    -  0.00e+00 3.18e-07R  5
iter    objective    inf_pr   inf_du lg(mu)  ||d||  lg(rg) alpha_du alpha_pr  ls
 290r-9.8276557e+03 9.26e-04 1.92e+03  -4.6 2.57e+01    -  3.40e-01 1.76e-02f  1
 291r-9.8276557e+03 9.26e-04 9.99e+02  -4.6 0.00e+00    -  0.00e+00 4.18e-07R  3
 292r-9.8276557e+03 9.23e-04 9.98e+02  -4.6 6.31e+00    -  1.80e-02 1.12e-03f  1
 293 -9.8276557e+03 9.23e-04 1.50e+07  -6.0 3.57e+01    -  8.15e-01 1.03e-04h  1
 294r-9.8276557e+03 9.23e-04 1.00e+03  -4.6 0.00e+00    -  0.00e+00 4.77e-07R  5
 295r-9.8276556e+03 9.09e-04 1.96e+03  -4.6 2.08e+01    -  3.43e-01 4.50e-03f  1
 296r-9.8276556e+03 9.09e-04 9.99e+02  -4.6 0.00e+00    -  0.00e+00 2.17e-07R  2
 297r-9.8276556e+03 9.01e-04 9.96e+02  -4.6 4.94e+00    -  4.43e-03 2.64e-03f  1
 298 -9.8276557e+03 9.01e-04 7.52e+07  -6.0 3.58e+01    -  8.17e-01 2.36e-04h  1
 299r-9.8276557e+03 9.01e-04 1.00e+03  -4.6 0.00e+00    -  0.00e+00 4.13e-07R  5
iter    objective    inf_pr   inf_du lg(mu)  ||d||  lg(rg) alpha_du alpha_pr  ls
 300r-9.8276555e+03 8.45e-04 1.88e+03  -4.6 2.04e+01    -  3.44e-01 1.91e-02f  1
 301r-9.8276555e+03 8.45e-04 9.99e+02  -4.6 0.00e+00    -  0.00e+00 4.37e-07R  3
 302r-9.8276555e+03 8.41e-04 9.98e+02  -4.6 5.38e+00    -  2.42e-02 1.28e-03f  1
 303 -9.8276555e+03 8.41e-04 1.56e+07  -6.0 3.53e+01    -  8.26e-01 1.13e-04h  1
 304r-9.8276555e+03 8.41e-04 1.00e+03  -4.6 0.00e+00    -  0.00e+00 2.83e-07R  6
 305r-9.8276554e+03 8.28e-04 1.93e+03  -4.6 1.93e+01    -  3.50e-01 5.14e-03f  1
 306r-9.8276554e+03 8.28e-04 9.99e+02  -4.6 0.00e+00    -  0.00e+00 2.36e-07R  2
 307r-9.8276554e+03 8.20e-04 9.96e+02  -4.6 4.14e+00    -  4.44e-03 2.95e-03f  1
 308 -9.8276555e+03 8.20e-04 9.71e+07  -6.0 3.53e+01    -  8.30e-01 2.52e-04h  1
 309r-9.8276555e+03 8.20e-04 1.00e+03  -4.6 0.00e+00    -  0.00e+00 2.54e-07R  6
iter    objective    inf_pr   inf_du lg(mu)  ||d||  lg(rg) alpha_du alpha_pr  ls
 310r-9.8276552e+03 7.69e-04 1.81e+03  -4.6 1.92e+01    -  3.46e-01 1.97e-02f  1
 311r-9.8276552e+03 7.69e-04 9.99e+02  -4.7 0.00e+00    -  0.00e+00 4.32e-07R  3
 312r-9.8276552e+03 7.66e-04 9.98e+02  -4.7 4.69e+00    -  1.82e-02 1.24e-03f  1
 313 -9.8276552e+03 7.66e-04 1.49e+07  -6.0 3.66e+01    -  8.41e-01 1.04e-04h  1
 314r-9.8276552e+03 7.66e-04 1.00e+03  -4.7 0.00e+00    -  0.00e+00 3.50e-07R  6
 315r-9.8276552e+03 7.55e-04 1.80e+03  -4.7 1.61e+01    -  3.40e-01 4.96e-03f  1
 316r-9.8276552e+03 7.55e-04 9.99e+02  -4.7 0.00e+00    -  0.00e+00 2.18e-07R  2
 317r-9.8276551e+03 7.48e-04 9.96e+02  -4.7 3.39e+00    -  4.70e-03 3.12e-03f  1
 318 -9.8276552e+03 7.47e-04 7.45e+07  -6.0 3.48e+01    -  8.44e-01 2.54e-04h  1
 319 -9.8276552e+03 7.47e-04 2.92e+06  -6.0 1.97e+02    -  2.55e-04 1.01e-05h  1
iter    objective    inf_pr   inf_du lg(mu)  ||d||  lg(rg) alpha_du alpha_pr  ls
 320r-9.8276552e+03 7.47e-04 1.00e+03  -4.7 0.00e+00    -  0.00e+00 2.87e-07R  5
 321r-9.8276549e+03 7.04e-04 1.87e+03  -4.7 1.50e+01    -  1.66e-01 1.93e-02f  1
 322r-9.8276549e+03 7.04e-04 9.99e+02  -4.7 0.00e+00    -  0.00e+00 4.01e-07R  3
 323r-9.8276549e+03 7.01e-04 9.98e+02  -4.7 3.64e+00    -  2.57e-02 1.46e-03f  1
 324 -9.8276549e+03 7.01e-04 1.53e+07  -6.0 3.48e+01    -  8.53e-01 1.17e-04h  1
 325r-9.8276549e+03 7.01e-04 1.00e+03  -4.7 0.00e+00    -  0.00e+00 3.52e-07R  3
 326r-9.8276548e+03 6.89e-04 1.79e+03  -4.7 9.08e+00    -  3.52e-01 5.95e-03f  1
 327r-9.8276548e+03 6.89e-04 9.99e+02  -4.7 0.00e+00    -  0.00e+00 2.47e-07R  2
 328r-9.8276547e+03 6.82e-04 9.96e+02  -4.7 2.37e+00    -  4.71e-03 3.25e-03f  1
 329 -9.8276548e+03 6.82e-04 8.38e+07  -6.0 3.41e+01    -  8.55e-01 2.55e-04h  1
iter    objective    inf_pr   inf_du lg(mu)  ||d||  lg(rg) alpha_du alpha_pr  ls
 330r-9.8276548e+03 6.82e-04 1.00e+03  -4.7 0.00e+00    -  0.00e+00 2.66e-07R  2
 331r-9.8276545e+03 6.49e-04 1.75e+03  -4.7 7.70e+00    -  3.56e-01 1.69e-02f  1
 332r-9.8276545e+03 6.49e-04 9.99e+02  -4.7 0.00e+00    -  0.00e+00 3.39e-07R  3
 333r-9.8276545e+03 6.46e-04 9.98e+02  -4.7 2.71e+00    -  1.78e-02 1.38e-03f  1
 334 -9.8276545e+03 6.46e-04 1.46e+07  -6.0 3.83e+01    -  8.61e-01 1.08e-04h  1
 335r-9.8276545e+03 6.46e-04 1.00e+03  -4.7 0.00e+00    -  0.00e+00 4.24e-07R  4
 336r-9.8276543e+03 6.36e-04 1.75e+03  -4.7 5.01e+00    -  3.49e-01 5.53e-03f  1
 337r-9.8276543e+03 6.36e-04 9.99e+02  -4.7 0.00e+00    -  0.00e+00 2.26e-07R  2
 338r-9.8276543e+03 6.30e-04 9.96e+02  -4.7 2.27e+00    -  4.86e-03 3.26e-03f  1
 339 -9.8276544e+03 6.30e-04 8.23e+07  -6.0 3.34e+01    -  8.62e-01 2.50e-04h  1
iter    objective    inf_pr   inf_du lg(mu)  ||d||  lg(rg) alpha_du alpha_pr  ls
 340r-9.8276544e+03 6.30e-04 1.00e+03  -4.7 0.00e+00    -  0.00e+00 2.94e-07R  4
 341r-9.8276539e+03 5.90e-04 1.75e+03  -4.7 4.47e+00    -  3.71e-01 2.31e-02f  1
 342r-9.8276539e+03 5.90e-04 9.99e+02  -4.7 0.00e+00    -  0.00e+00 4.52e-07R  3
 343r-9.8276539e+03 5.88e-04 9.98e+02  -4.7 2.30e+00    -  3.32e-02 1.05e-03f  1
 344 -9.8276539e+03 5.88e-04 1.08e+04  -6.0 4.63e+01    -  8.68e-01 8.07e-05h  1
 345r-9.8276539e+03 5.88e-04 1.00e+03  -4.7 0.00e+00    -  0.00e+00 3.92e-07R  5
 346r-9.8276538e+03 5.80e-04 1.85e+03  -4.7 4.34e+00    -  3.82e-01 5.69e-03f  1
 347r-9.8276538e+03 5.80e-04 9.99e+02  -4.7 0.00e+00    -  0.00e+00 2.26e-07R  2
 348r-9.8276537e+03 5.67e-04 1.16e+03  -4.7 2.64e+00    -  2.62e-01 8.06e-03f  1
 349 -9.8276539e+03 5.67e-04 9.89e+07  -6.0 3.30e+01    -  6.53e-01 5.01e-04f  1
iter    objective    inf_pr   inf_du lg(mu)  ||d||  lg(rg) alpha_du alpha_pr  ls
 350r-9.8276539e+03 5.67e-04 1.00e+03  -4.7 0.00e+00    -  0.00e+00 2.77e-07R  5
 351r-9.8277602e+03 4.05e-03 1.24e+03  -4.7 4.77e+02    -  1.88e-01 2.72e-02f  1
 352r-9.8277578e+03 3.29e-03 1.25e+03  -4.7 3.97e+00    -  3.17e-01 1.88e-01f  1
 353r-9.8277557e+03 2.92e-03 2.98e+03  -4.7 5.00e+00    -  8.85e-01 1.12e-01f  1
 354r-9.8277417e+03 5.03e-03 2.71e+03  -4.7 9.64e+00    -  7.32e-01 9.98e-02f  1
 355r-9.8277049e+03 6.84e-03 2.18e+03  -4.7 2.01e+01    -  2.84e-01 1.21e-01f  1
 356r-9.8276350e+03 3.06e-02 1.58e+03  -4.7 1.87e+01    -  4.86e-01 2.51e-01f  1
 357r-9.8270507e+03 5.18e-02 8.44e+02  -4.7 1.08e+02    -  5.65e-01 4.66e-01f  1
 358r-9.8264006e+03 3.06e-02 4.47e+02  -4.7 7.04e+01    -  4.66e-01 4.71e-01f  1
 359r-9.8257789e+03 1.81e-02 2.57e+02  -4.7 9.66e+00    -  6.09e-01 4.29e-01f  1
iter    objective    inf_pr   inf_du lg(mu)  ||d||  lg(rg) alpha_du alpha_pr  ls
 360r-9.8247245e+03 9.65e-03 1.35e+02  -4.7 1.75e+01    -  5.55e-01 4.77e-01f  1
 361r-9.8231755e+03 6.97e-04 2.45e-01  -4.7 4.91e+00    -  1.00e+00 1.00e+00f  1
 362r-9.8230805e+03 9.78e-06 7.52e-03  -4.7 6.89e-01    -  1.00e+00 1.00e+00h  1
 363 -9.8231129e+03 9.93e-06 9.93e+01  -6.0 4.27e+01    -  5.14e-01 7.17e-03f  1
 364 -9.8231412e+03 2.21e-05 7.98e+03  -6.0 1.26e+02    -  8.73e-01 7.19e-03f  1
In iteration 364, 1 Slack too small, adjusting variable bound
 365 -9.8231412e+03 2.21e-05 9.21e+04  -6.0 4.17e+02    -  3.54e-02 4.93e-07h  1
 366 -9.8231325e+03 3.72e-05 9.20e+04  -6.0 4.69e+03    -  2.47e-04 2.47e-04s 19
 367r-9.8231325e+03 3.72e-05 1.00e+03  -4.5 0.00e+00    -  0.00e+00 0.00e+00R  1
 368r-9.8231325e+03 1.71e-05 3.56e+03  -4.5 1.09e+00    -  6.30e-01 1.00e-03f  1
 369 -9.8231326e+03 1.71e-05 1.30e+05  -6.0 6.18e+02    -  7.52e-01 5.60e-07f  1
iter    objective    inf_pr   inf_du lg(mu)  ||d||  lg(rg) alpha_du alpha_pr  ls
 370 -9.8231323e+03 1.71e-05 1.30e+05  -6.0 5.10e+03    -  4.42e-04 5.67e-06h 16
 371r-9.8231323e+03 1.71e-05 1.00e+03  -5.2 0.00e+00    -  0.00e+00 3.39e-07R 20
 372r-9.8231323e+03 1.71e-05 1.18e+03  -5.2 7.86e+00    -  9.02e-01 1.00e-03f  1
 373 -9.8231323e+03 1.71e-05 1.12e+04  -6.0 4.39e+02    -  6.24e-03 3.05e-07h  2
 374 -9.8231574e+03 2.38e-04 2.58e+05  -6.0 6.32e+02    -  1.05e-01 5.12e-03f  1
 375r-9.8231574e+03 2.38e-04 1.00e+03  -3.7 0.00e+00    -  0.00e+00 2.86e-07R 14
 376r-9.8231574e+03 4.68e-05 4.54e+03  -3.7 9.19e+00    -  1.27e-01 1.00e-03f  1
 377 -9.8231574e+03 4.68e-05 3.71e+05  -6.0 7.20e+01    -  9.45e-01 3.50e-07h  2
 378 -9.8231568e+03 4.68e-05 3.71e+05  -6.0 5.19e+03    -  9.89e-04 1.44e-05h 12
 379r-9.8231568e+03 4.68e-05 1.00e+03  -4.5 0.00e+00    -  0.00e+00 4.61e-07R 17
iter    objective    inf_pr   inf_du lg(mu)  ||d||  lg(rg) alpha_du alpha_pr  ls
 380r-9.8231568e+03 3.51e-05 3.00e+03  -4.5 1.42e+00    -  4.32e-01 1.00e-03f  1
 381r-9.8231568e+03 3.51e-05 9.99e+02  -5.1 0.00e+00    -  0.00e+00 2.96e-07R  3
 382r-9.8231568e+03 3.50e-05 1.46e+03  -5.1 5.65e+00    -  9.41e-01 1.00e-03f  1
 383 -9.8231572e+03 3.50e-05 1.18e+04  -6.0 4.09e+01    -  9.45e-01 8.07e-05f  1
 384r-9.8231572e+03 3.50e-05 1.00e+03  -5.7 0.00e+00    -  0.00e+00 3.16e-07R 16
 385r-9.8231571e+03 3.50e-05 9.99e+02  -5.7 4.56e+00    -  6.72e-01 1.00e-03f  1
 386 -9.8231571e+03 3.50e-05 2.27e+04  -6.0 6.60e+02    -  8.86e-03 2.42e-07h  2
 387 -9.8231576e+03 3.57e-04 2.67e+05  -6.0 1.12e+03    -  6.19e-02 3.53e-03h  2
 388r-9.8231576e+03 3.57e-04 1.00e+03  -3.6 0.00e+00    -  0.00e+00 2.53e-07R 14
 389r-9.8231576e+03 4.13e-05 5.02e+03  -3.6 1.29e+01    -  9.36e-02 1.00e-03f  1
iter    objective    inf_pr   inf_du lg(mu)  ||d||  lg(rg) alpha_du alpha_pr  ls
 390 -9.8231576e+03 4.13e-05 2.59e+05  -6.0 3.81e+01    -  9.45e-01 5.21e-07h  2
 391 -9.8231574e+03 4.13e-05 2.61e+05  -6.0 5.09e+03    -  1.76e-03 4.81e-06h 14
 392r-9.8231574e+03 4.13e-05 1.00e+03  -4.7 0.00e+00    -  0.00e+00 3.13e-07R 18
 393r-9.8231574e+03 4.12e-05 3.45e+03  -4.7 6.29e-01    -  9.88e-01 1.00e-03f  1
 394 -9.8231575e+03 4.12e-05 7.52e+02  -6.0 2.58e+03    -  3.55e-03 1.27e-06f  1
 395 -9.8231692e+03 6.13e-04 6.23e+04  -6.0 4.91e+03    -  2.46e-01 1.06e-03f  4
 396 -9.8230845e+03 5.23e-03 6.21e+04  -6.0 4.99e+03    -  2.86e-03 2.86e-03s 20
 397r-9.8230845e+03 5.23e-03 1.00e+03  -2.4 0.00e+00    -  0.00e+00 0.00e+00R  1
 398r-9.8230857e+03 1.22e-04 9.99e+02  -2.4 5.07e+02    -  1.13e-03 1.00e-03f  1
 399r-9.8230886e+03 6.84e-04 6.57e+03  -2.4 3.15e+02    -  1.23e-02 4.19e-03f  1
iter    objective    inf_pr   inf_du lg(mu)  ||d||  lg(rg) alpha_du alpha_pr  ls
 400r-9.8230936e+03 6.12e-03 4.75e+03  -2.4 1.17e+02    -  2.69e-02 2.93e-02f  1
 401r-9.8230853e+03 1.98e-02 3.86e+03  -2.4 6.05e+01    -  6.38e-02 8.29e-02f  1
 402r-9.8230107e+03 3.78e-02 2.78e+03  -2.4 4.57e+01    -  1.82e-01 2.02e-01f  1
 403r-9.8225811e+03 5.25e-02 4.88e+03  -2.4 3.33e+01    -  4.21e-01 5.35e-01f  1
 404r-9.8206522e+03 3.53e-02 2.34e+03  -2.4 1.59e+01    -  7.45e-01 1.00e+00f  1
 405r-9.8156675e+03 2.20e-03 6.99e+02  -2.4 1.03e+01    -  9.65e-01 1.00e+00f  1
 406r-9.8156381e+03 7.30e-02 8.67e+02  -2.4 1.62e+01    -  4.71e-02 1.94e-02f  2
 407r-9.8151553e+03 1.48e-01 1.59e+03  -2.4 6.72e+00    -  4.49e-01 2.91e-01h  2
 408r-9.8143083e+03 3.17e-02 6.09e+02  -2.4 6.88e-01  -2.0 1.00e+00 1.00e+00h  1
 409r-9.8141536e+03 1.50e-02 1.18e+02  -2.4 6.28e+00    -  9.64e-01 1.00e+00h  1
iter    objective    inf_pr   inf_du lg(mu)  ||d||  lg(rg) alpha_du alpha_pr  ls
 410r-9.8176680e+03 4.61e+00 6.87e+02  -2.4 4.37e+02    -  7.04e-01 1.00e+00f  1
 411r-9.8157066e+03 1.40e+00 2.89e+02  -2.4 2.40e+02    -  1.00e+00 1.00e+00h  1
 412r-9.8150077e+03 1.94e-01 6.22e+01  -2.4 8.49e+01    -  1.00e+00 1.00e+00h  1
 413r-9.8146872e+03 3.71e-02 1.29e+01  -2.4 3.92e+01    -  1.00e+00 1.00e+00h  1
 414r-9.8145664e+03 5.24e-03 1.37e+00  -2.4 1.48e+01    -  1.00e+00 1.00e+00h  1
 415r-9.8145425e+03 4.54e-04 3.58e-02  -2.4 2.91e+00    -  1.00e+00 1.00e+00h  1
 416r-9.8156605e+03 3.81e-02 9.54e+02  -3.9 4.08e+01    -  3.88e-01 2.50e-01f  1
 417r-9.8159845e+03 4.60e-02 1.12e+03  -3.9 1.36e+01    -  2.76e-01 2.30e-01f  1
 418r-9.8163261e+03 4.20e-02 1.78e+03  -3.9 1.15e+01    -  3.89e-01 2.38e-01f  1
 419r-9.8167116e+03 3.24e-02 2.72e+03  -3.9 1.41e+01    -  5.60e-01 2.40e-01f  1
iter    objective    inf_pr   inf_du lg(mu)  ||d||  lg(rg) alpha_du alpha_pr  ls
 420r-9.8174505e+03 1.61e-02 3.74e+03  -3.9 1.72e+01    -  6.91e-01 4.16e-01f  1
 421r-9.8180447e+03 1.44e-02 9.79e+03  -3.9 1.55e+01    -  1.00e+00 3.12e-01f  1
 422r-9.8191797e+03 3.92e-02 7.22e+03  -3.9 1.51e+01    -  1.00e+00 6.32e-01f  1
 423r-9.8194451e+03 2.43e-02 8.86e+03  -3.9 2.01e+01    -  1.00e+00 3.86e-01f  1
 424r-9.8198473e+03 3.94e-03 2.98e+01  -3.9 1.04e+01    -  1.00e+00 1.00e+00f  1
 425r-9.8198288e+03 6.84e-05 6.97e-02  -3.9 1.82e+00    -  1.00e+00 1.00e+00h  1
 426r-9.8198292e+03 1.59e-05 1.22e-05  -3.9 5.83e-02    -  1.00e+00 1.00e+00h  1
 427r-9.8207329e+03 3.52e-03 2.24e+03  -6.0 2.53e+01    -  5.95e-01 5.06e-01f  1
 428r-9.8204959e+03 3.00e-02 1.33e+03  -6.0 8.06e+01    -  4.69e-01 4.58e-01f  1
 429r-9.8205692e+03 1.78e-02 1.76e+03  -6.0 1.75e+01    -  6.21e-01 4.47e-01f  1
iter    objective    inf_pr   inf_du lg(mu)  ||d||  lg(rg) alpha_du alpha_pr  ls
 430r-9.8207992e+03 1.07e-02 1.99e+03  -6.0 1.01e+01    -  8.41e-01 4.12e-01f  1
 431r-9.8214812e+03 4.55e-03 6.72e+02  -6.0 1.19e+01    -  9.80e-01 7.11e-01f  1
 432r-9.8219709e+03 1.51e-03 1.37e+02  -6.0 6.80e+00    -  1.00e+00 8.05e-01f  1
 433r-9.8221393e+03 8.15e-05 2.94e-02  -6.0 1.99e+00    -  1.00e+00 1.00e+00f  1
 434 -9.8221452e+03 8.15e-05 5.57e+02  -6.0 1.08e+04    -  7.75e-02 5.44e-05f  2
 435 -9.8221448e+03 8.15e-05 5.57e+02  -6.0 1.82e+03    -  2.77e-04 2.77e-04s 11
 436r-9.8221448e+03 8.15e-05 9.99e+02  -4.2 0.00e+00    -  0.00e+00 0.00e+00R  1
 437r-9.8221448e+03 1.42e-05 9.87e+02  -4.2 2.26e+01    -  1.19e-02 1.00e-03f  1
 438 -9.8221448e+03 1.42e-05 1.87e+05  -6.0 8.61e+01    -  4.58e-01 1.23e-06h  2
 439r-9.8221448e+03 1.42e-05 1.00e+03  -5.0 0.00e+00    -  0.00e+00 2.72e-07R 15
iter    objective    inf_pr   inf_du lg(mu)  ||d||  lg(rg) alpha_du alpha_pr  ls
 440r-9.8221448e+03 1.42e-05 9.97e+02  -5.0 5.05e-01    -  2.39e-01 1.00e-03f  1
 441 -9.8221454e+03 1.42e-05 3.68e+04  -6.0 5.78e+03    -  2.55e-01 1.32e-06f  1
 442 -9.8221477e+03 1.42e-05 3.99e+04  -6.0 5.15e+03    -  1.71e-02 1.40e-04f  7
 443 -9.8221493e+03 2.74e-05 8.30e+04  -6.0 5.09e+03    -  2.42e-01 1.63e-04f  7
 444r-9.8221493e+03 2.74e-05 1.00e+03  -4.7 0.00e+00    -  0.00e+00 3.92e-07R 18
 445r-9.8221493e+03 1.42e-05 9.90e+02  -4.7 2.02e+00    -  1.74e-01 1.00e-03f  1
 446r-9.8221493e+03 1.42e-05 9.99e+02  -5.3 0.00e+00    -  0.00e+00 2.69e-07R  2
 447r-9.8221494e+03 1.42e-05 9.97e+02  -5.3 1.80e+01    -  1.62e-01 1.00e-03f  1
 448 -9.8221504e+03 1.42e-05 4.52e+03  -6.0 4.21e+01    -  8.82e-01 1.96e-04f  1
 449 -9.8221503e+03 1.42e-05 3.83e+04  -6.0 3.18e+03    -  2.62e-02 4.43e-06h  9
iter    objective    inf_pr   inf_du lg(mu)  ||d||  lg(rg) alpha_du alpha_pr  ls
 450 -9.8221502e+03 1.42e-05 1.40e+05  -6.0 4.67e+03    -  5.77e-02 2.40e-06h 14
 451 -9.8221501e+03 1.42e-05 1.80e+05  -6.0 4.83e+03    -  2.44e-02 1.89e-06h 16
 452r-9.8221501e+03 1.42e-05 1.00e+03  -5.7 0.00e+00    -  0.00e+00 2.61e-07R 19
 453r-9.8221501e+03 1.42e-05 9.97e+02  -5.7 6.22e-02    -  9.64e-01 1.91e-03f  1
 454r-9.8221501e+03 1.42e-05 9.99e+02  -5.7 0.00e+00    -  0.00e+00 1.09e-07R  2
 455r-9.8221501e+03 1.40e-05 9.91e+02  -5.7 5.85e-02    -  4.69e-01 7.70e-03f  1
 456 -9.8221504e+03 1.40e-05 1.50e+04  -6.0 4.19e+01    -  8.82e-01 5.90e-05f  1
 457 -9.8221504e+03 1.40e-05 4.75e+04  -6.0 4.42e+03    -  1.87e-02 1.66e-06h 13
 458r-9.8221504e+03 1.40e-05 1.00e+03  -5.7 0.00e+00    -  0.00e+00 3.72e-07R 17
 459r-9.8221504e+03 1.35e-05 9.68e+02  -5.7 6.39e-02    -  9.58e-01 3.13e-02f  1
iter    objective    inf_pr   inf_du lg(mu)  ||d||  lg(rg) alpha_du alpha_pr  ls
 460 -9.8221504e+03 1.35e-05 1.65e+05  -6.0 3.02e+02    -  8.12e-01 2.51e-07h  1
 461r-9.8221504e+03 1.35e-05 1.00e+03  -5.7 0.00e+00    -  0.00e+00 3.45e-07R 18
 462r-9.8221503e+03 1.15e-05 8.66e+02  -5.7 7.15e-02    -  9.84e-01 1.33e-01f  1
 463 -9.8221503e+03 1.15e-05 1.22e+05  -6.0 6.59e+02    -  7.76e-01 5.38e-07f  2
 464 -9.8221502e+03 1.15e-05 1.24e+05  -6.0 4.88e+03    -  1.81e-02 7.10e-07h 19
 465r-9.8221502e+03 1.15e-05 1.00e+03  -5.7 0.00e+00    -  0.00e+00 3.55e-07R 20
 466r-9.8221493e+03 7.19e-06 6.54e+02  -5.7 2.60e-01    -  9.98e-01 3.45e-01f  2
 467 -9.8221494e+03 7.19e-06 1.26e+04  -6.0 4.69e+03    -  1.62e-01 1.62e-06f  1
 468r-9.8221494e+03 7.19e-06 1.00e+03  -5.7 0.00e+00    -  0.00e+00 3.55e-07R 20
 469r-9.8221494e+03 7.07e-06 9.83e+02  -5.7 3.99e-01    -  1.00e+00 1.56e-02f  1
iter    objective    inf_pr   inf_du lg(mu)  ||d||  lg(rg) alpha_du alpha_pr  ls
 470 -9.8221494e+03 7.07e-06 2.79e+05  -6.0 9.78e+02    -  8.72e-02 3.15e-07h  1
 471r-9.8221494e+03 7.07e-06 1.00e+03  -5.7 0.00e+00    -  0.00e+00 4.30e-07R 13
 472r-9.8221493e+03 3.39e-06 4.95e+02  -5.7 6.83e-02    -  7.37e-01 5.04e-01f  1
 473 -9.8221493e+03 3.39e-06 6.53e+04  -6.0 4.48e+01    -  8.92e-01 3.86e-06f  1
 474 -9.8221493e+03 3.39e-06 9.19e+04  -6.0 4.81e+03    -  1.72e-02 8.74e-07h 17
 475r-9.8221493e+03 3.39e-06 1.00e+03  -5.7 0.00e+00    -  0.00e+00 4.91e-07R 18
 476r-9.8221492e+03 3.09e-06 9.12e+02  -5.7 5.09e-02    -  1.00e+00 8.72e-02f  1
 477 -9.8221492e+03 3.09e-06 1.19e+05  -6.0 3.62e+02    -  8.41e-01 3.36e-07f  2
 478r-9.8221492e+03 3.09e-06 1.00e+03  -5.7 0.00e+00    -  0.00e+00 3.85e-07R 18
 479r-9.8221487e+03 2.21e-06 5.78e+02  -5.7 1.02e-01    -  1.00e+00 4.22e-01f  1
iter    objective    inf_pr   inf_du lg(mu)  ||d||  lg(rg) alpha_du alpha_pr  ls
 480 -9.8221488e+03 2.21e-06 1.48e+04  -6.0 2.08e+03    -  3.04e-01 2.50e-06f  1
 481 -9.8221488e+03 2.21e-06 1.94e+04  -6.0 4.88e+03    -  1.70e-02 5.67e-07h 19
 482 -9.8221487e+03 2.21e-06 8.58e+04  -6.0 4.88e+03    -  2.49e-01 6.15e-07h 19
 483r-9.8221487e+03 2.21e-06 1.00e+03  -5.7 0.00e+00    -  0.00e+00 3.56e-07R 20
 484r-9.8221486e+03 2.21e-06 9.31e+02  -5.7 2.20e-01    -  1.00e+00 6.81e-02f  1
 485 -9.8221486e+03 2.21e-06 1.23e+05  -6.0 4.38e+02    -  7.89e-01 5.77e-07h  1
 486r-9.8221486e+03 2.21e-06 1.00e+03  -5.7 0.00e+00    -  0.00e+00 3.56e-07R 20
 487r-9.8221439e+03 5.82e-06 3.37e+02  -5.7 7.63e-01    -  1.00e+00 6.62e-01f  1
 488r-9.8214837e+03 8.11e-04 2.62e-01  -5.7 6.26e+00    -  1.00e+00 1.00e+00f  1
 489r-9.8212780e+03 1.07e-05 2.54e-04  -5.7 7.21e-01    -  1.00e+00 1.00e+00h  1
Restoration phase converged to a feasible point that is
unacceptable to the filter for the original problem.
Restoration phase in the restoration phase failed.

Number of Iterations....: 489

                                   (scaled)                 (unscaled)
Objective...............:  -9.8212854319132493e+03   -9.8212854319132493e+03
Dual infeasibility......:   1.0000000064659320e+00    1.0000000064659320e+00
Constraint violation....:   2.2126737771274650e-06    2.2126737771274650e-06
Complementarity.........:   2.2078058232432995e-06    2.2078058232432995e-06
Overall NLP error.......:   1.0000000064659320e+00    1.0000000064659320e+00


Number of objective function evaluations             = 1653
Number of objective gradient evaluations             = 435
Number of equality constraint evaluations            = 1653
Number of inequality constraint evaluations          = 1653
Number of equality constraint Jacobian evaluations   = 643
Number of inequality constraint Jacobian evaluations = 643
Number of Lagrangian Hessian evaluations             = 490
Total CPU secs in IPOPT (w/o function evaluations)   =    350.555
Total CPU secs in NLP function evaluations           =     18.390

EXIT: Restoration Failed!
