
List of user-set options:

                                    Name   Value                used
                           compl_inf_tol = 1                     yes
                         constr_viol_tol = 1                     yes
                            dual_inf_tol = 1000                  yes
                           linear_solver = ma97                  yes
                              ma86_small = 1e-30                  no
                                  ma86_u = 0.0001                 no
                              ma97_order = best                  yes
                              ma97_small = 1e-30                 yes
                            ma97_switch1 = at_start              yes
                            ma97_switch2 = od_hd_reuse           yes
                                  ma97_u = 1e-06                 yes
                               ma97_umax = 0.5                   yes
                                max_iter = 1000                  yes
                    max_refinement_steps = 20                    yes
                    min_refinement_steps = 5                     yes
                                 mu_init = 1e-06                 yes
           mu_superlinear_decrease_power = 1.25                  yes
                   nlp_scaling_min_value = 1e-08                 yes
                        option_file_name = Preset_Case_771_pf.opt  yes
                             output_file = ./tmp/Preset_Case_771_pf.output  yes
                      print_user_options = yes                   yes
        required_infeasibility_reduction = 1                      no
                                     tol = 1e-08                 yes
                   warm_start_bound_frac = 1e-20                 yes
                   warm_start_bound_push = 1e-20                 yes
                   warm_start_init_point = yes                   yes
              warm_start_mult_bound_push = 1e-20                 yes
                warm_start_mult_init_max = 1e+40                 yes
             warm_start_slack_bound_frac = 1e-20                 yes
             warm_start_slack_bound_push = 1e-20                 yes

******************************************************************************
This program contains Ipopt, a library for large-scale nonlinear optimization.
 Ipopt is released as open source code under the Eclipse Public License (EPL).
         For more information visit http://projects.coin-or.org/Ipopt
******************************************************************************

This is Ipopt version 3.12.10, running with linear solver ma97.

Number of nonzeros in equality constraint Jacobian...:   123443
Number of nonzeros in inequality constraint Jacobian.:      213
Number of nonzeros in Lagrangian Hessian.............:    49069

Total number of variables............................:    31591
                     variables with only lower bounds:    12912
                variables with lower and upper bounds:    15130
                     variables with only upper bounds:        0
Total number of equality constraints.................:    31483
Total number of inequality constraints...............:       25
        inequality constraints with only lower bounds:        4
   inequality constraints with lower and upper bounds:        0
        inequality constraints with only upper bounds:       21

iter    objective    inf_pr   inf_du lg(mu)  ||d||  lg(rg) alpha_du alpha_pr  ls
   0 -5.2858499e+00 4.05e-03 1.02e+00  -6.0 0.00e+00    -  0.00e+00 0.00e+00   0
   1 -5.2852285e+00 1.60e-01 1.02e+00  -6.0 3.80e+05    -  9.19e-05 8.02e-05h  5
   2 -5.2868398e+00 1.60e-01 4.91e+01  -6.0 5.77e+03    -  2.18e-01 1.92e-03h  1
   3 -5.3113724e+00 5.54e+01 5.63e+01  -6.0 1.35e+05    -  2.10e-03 1.35e-02f  1
   4 -5.3730721e+00 5.78e+01 1.05e+02  -6.0 9.72e+03    -  1.99e-01 7.54e-02h  1
   5 -5.4146728e+00 5.48e+01 1.41e+02  -6.0 5.32e+03    -  1.74e-01 5.74e-02h  1
   6 -5.5996399e+00 4.17e+01 8.27e+02  -6.0 4.95e+03    -  3.84e-01 2.80e-01h  1
   7 -5.6115505e+00 5.45e+01 8.08e+02  -6.0 6.37e+04    -  8.18e-06 2.74e-02h  1
   8 -5.6097467e+00 5.17e+01 1.74e+05  -6.0 8.61e+00  -2.0 4.79e-03 5.11e-02h  1
   9 -5.6087857e+00 4.98e+01 1.72e+05  -6.0 8.17e+00  -2.5 5.11e-02 3.65e-02h  1
iter    objective    inf_pr   inf_du lg(mu)  ||d||  lg(rg) alpha_du alpha_pr  ls
  10 -5.6067789e+00 4.60e+01 1.59e+05  -6.0 7.87e+00  -3.0 1.10e-01 7.57e-02h  1
  11 -5.5818686e+00 1.78e-01 9.78e+01  -6.0 7.27e+00  -3.4 2.95e-01 1.00e+00h  1
  12 -5.6149412e+00 1.69e-01 1.09e+02  -6.0 8.72e+00  -3.9 5.20e-01 1.00e+00h  1
  13 -5.6581551e+00 4.49e-01 7.64e+01  -6.0 1.36e+01  -4.4 3.96e-01 1.00e+00h  1
  14 -5.6872033e+00 5.83e-01 1.17e+02  -6.0 2.66e+01  -4.9 4.11e-01 4.34e-01h  1
  15 -5.7034141e+00 5.72e-01 7.71e+03  -6.0 2.86e+01  -5.3 7.30e-01 2.51e-01f  1
  16 -5.7240007e+00 6.04e-01 5.77e+03  -6.0 6.46e+01  -5.8 3.88e-01 3.14e-01h  1
  17 -5.7509486e+00 5.34e-01 4.88e+03  -6.0 1.15e+02  -6.3 5.43e-01 4.46e-01h  1
  18 -5.7557997e+00 4.76e-01 3.90e+04  -6.0 1.30e+02  -6.8 1.00e+00 1.12e-01h  1
  19 -5.7693384e+00 1.87e+00 3.48e+04  -6.0 3.87e+03    -  9.92e-03 8.08e-02h  1
iter    objective    inf_pr   inf_du lg(mu)  ||d||  lg(rg) alpha_du alpha_pr  ls
  20 -5.8172313e+00 1.83e+00 1.04e+04  -6.0 2.17e+02  -7.2 5.25e-01 9.65e-01h  1
  21 -5.8251993e+00 5.18e+01 2.39e+04  -6.0 2.12e+04    -  1.01e-02 7.63e-02h  1
  22 -5.8266276e+00 5.11e+01 9.86e+03  -6.0 3.13e+03    -  7.54e-02 1.41e-02h  1
  23 -5.8285414e+00 4.86e+01 5.07e+03  -6.0 2.26e+03    -  7.46e-02 4.91e-02h  1
  24 -5.8337886e+00 4.13e+01 3.28e+04  -6.0 2.18e+03    -  3.85e-01 1.54e-01h  1
  25 -5.8396669e+00 3.20e+01 2.37e+04  -6.0 1.87e+03    -  1.97e-01 2.32e-01h  1
  26 -5.8396902e+00 3.17e+01 7.44e+03  -6.0 5.21e+02  -7.7 1.55e-02 6.50e-03h  1
  27 -5.8395701e+00 2.97e+01 1.33e+07  -6.0 3.23e+03  -8.2 7.34e-04 6.56e-02h  4
  28 -5.8346092e+00 6.19e+00 2.73e+06  -6.0 2.07e+02  -6.0 2.97e-02 7.92e-01h  1
  29 -5.8395743e+00 1.92e-01 4.03e+04  -6.0 8.17e+01  -6.4 1.45e-02 1.00e+00h  1
iter    objective    inf_pr   inf_du lg(mu)  ||d||  lg(rg) alpha_du alpha_pr  ls
  30 -5.8449722e+00 2.99e-01 8.91e+01  -6.0 1.01e+02  -6.9 1.00e+00 1.00e+00h  1
  31 -5.8551718e+00 1.27e+00 7.67e+01  -6.0 2.32e+03  -7.4 1.66e-01 7.99e-02h  1
  32 -5.8569644e+00 3.57e-02 9.69e+01  -6.0 4.14e+01  -7.0 1.00e+00 1.00e+00h  1
  33 -5.8649145e+00 6.93e-01 4.07e+02  -6.0 1.23e+02  -6.5 1.00e+00 9.99e-01h  1
  34 -5.8630271e+00 6.14e-02 7.64e+04  -6.0 4.67e+01  -7.0 6.04e-01 1.00e+00h  1
  35 -5.8674472e+00 1.42e-01 2.43e+03  -6.0 5.95e+01  -5.7 1.00e+00 9.66e-01h  1
  36 -5.8720759e+00 8.80e-02 8.04e+00  -6.0 5.58e+01  -6.2 9.55e-01 1.00e+00h  1
  37 -5.8845009e+00 6.21e-01 3.67e+00  -6.0 1.48e+02  -6.7 1.00e+00 1.00e+00h  1
  38 -5.8997627e+00 1.01e+00 3.61e+01  -6.0 2.83e+02  -7.1 1.00e+00 5.79e-01h  1
  39 -5.9060614e+00 3.16e+00 2.35e+02  -6.0 4.16e+02  -7.6 3.21e-01 9.98e-01h  1
iter    objective    inf_pr   inf_du lg(mu)  ||d||  lg(rg) alpha_du alpha_pr  ls
  40 -5.9105201e+00 2.93e+00 1.01e+04  -6.0 2.66e+03    -  3.35e-01 7.33e-02h  1
  41 -5.9115295e+00 2.85e+00 4.11e+03  -6.0 3.44e+03    -  4.79e-01 2.68e-02h  1
  42 -5.9212605e+00 3.41e+00 1.83e+03  -6.0 2.39e+03    -  9.33e-01 2.92e-01h  1
  43 -5.9281015e+00 7.97e+00 1.01e+03  -6.0 1.73e+03    -  5.10e-02 4.73e-01h  1
  44 -5.9321332e+00 2.79e+01 1.33e+02  -6.0 1.26e+03    -  1.35e-01 1.00e+00h  1
  45 -5.9320060e+00 2.53e+01 1.20e+02  -6.0 3.51e+03    -  2.92e-01 1.03e-01h  1
  46 -5.9315886e+00 2.49e+01 2.44e+02  -6.0 3.22e+03    -  1.98e-01 2.86e-01H  1
  47 -5.9314169e+00 2.73e+01 2.11e+02  -6.0 4.40e+03    -  1.65e-01 1.37e-01h  2
  48 -5.9306008e+00 1.30e+01 9.99e+01  -6.0 4.84e+02    -  9.72e-01 5.27e-01h  1
  49 -5.9297244e+00 8.24e+00 2.77e+01  -6.0 7.66e+02    -  6.32e-01 7.22e-01h  1
iter    objective    inf_pr   inf_du lg(mu)  ||d||  lg(rg) alpha_du alpha_pr  ls
  50 -5.9293406e+00 1.09e+00 2.23e+00  -6.0 1.73e+02    -  1.00e+00 9.20e-01h  1
  51 -5.9292962e+00 6.77e-03 4.06e-03  -6.0 1.99e+01    -  1.00e+00 1.00e+00h  1
  52 -5.9292963e+00 6.07e-06 3.75e-04  -6.0 3.85e-01    -  1.00e+00 1.00e+00h  1
  53 -5.9292963e+00 1.93e-08 1.23e-06  -6.0 2.17e-02    -  1.00e+00 1.00e+00h  1
  54 -5.9294177e+00 2.92e+00 8.04e+01  -7.5 5.61e+02    -  5.01e-01 7.78e-01h  1
  55 -5.9294091e+00 6.19e-01 8.82e+00  -7.5 1.12e+02    -  9.82e-01 8.38e-01h  1
  56 -5.9294050e+00 5.56e-03 2.15e-02  -7.5 1.82e+01    -  1.00e+00 1.00e+00h  1
  57 -5.9294049e+00 5.39e-06 2.66e-06  -7.5 5.91e-01    -  1.00e+00 1.00e+00h  1
  58 -5.9294049e+00 1.56e-10 9.47e-11  -7.5 2.90e-03    -  1.00e+00 1.00e+00h  1
  59 -5.9294065e+00 2.77e-03 8.16e-01  -9.0 1.59e+01    -  9.24e-01 8.35e-01h  1
iter    objective    inf_pr   inf_du lg(mu)  ||d||  lg(rg) alpha_du alpha_pr  ls
  60 -5.9294067e+00 9.38e-05 4.48e-04  -9.0 2.44e+00    -  1.00e+00 1.00e+00h  1
  61 -5.9294067e+00 1.06e-09 3.85e-09  -9.0 8.36e-03    -  1.00e+00 1.00e+00h  1

Number of Iterations....: 61

                                   (scaled)                 (unscaled)
Objective...............:  -4.6323490108267178e+00   -5.9294067338581984e+00
Dual infeasibility......:   3.8472819798669386e-09    4.9245209342296814e-09
Constraint violation....:   6.7325245380422740e-10    1.0586518328636885e-09
Complementarity.........:   1.1488305341072464e-09    1.4705030836572754e-09
Overall NLP error.......:   3.8472819798669386e-09    4.9245209342296814e-09


Number of objective function evaluations             = 77
Number of objective gradient evaluations             = 62
Number of equality constraint evaluations            = 77
Number of inequality constraint evaluations          = 77
Number of equality constraint Jacobian evaluations   = 62
Number of inequality constraint Jacobian evaluations = 62
Number of Lagrangian Hessian evaluations             = 61
Total CPU secs in IPOPT (w/o function evaluations)   =    164.325
Total CPU secs in NLP function evaluations           =      2.347

EXIT: Optimal Solution Found.
