
List of user-set options:

                                    Name   Value                used
                           compl_inf_tol = 1                     yes
                         constr_viol_tol = 1                     yes
                            dual_inf_tol = 1000                  yes
                           linear_solver = ma97                  yes
                              ma86_small = 1e-30                  no
                                  ma86_u = 0.0001                 no
                              ma97_order = best                  yes
                              ma97_small = 1e-30                 yes
                            ma97_switch1 = at_start              yes
                            ma97_switch2 = od_hd_reuse           yes
                                  ma97_u = 1e-06                 yes
                               ma97_umax = 0.5                   yes
                                max_iter = 1000                  yes
                    max_refinement_steps = 20                    yes
                    min_refinement_steps = 5                     yes
                                 mu_init = 1e-06                 yes
           mu_superlinear_decrease_power = 1.25                  yes
                   nlp_scaling_min_value = 1e-08                 yes
                        option_file_name = Preset_Case:_717_NCP.opt  yes
                             output_file = ./tmp/Preset_Case:_717_NCP.output  yes
                      print_user_options = yes                   yes
        required_infeasibility_reduction = 1                      no
                                     tol = 1e-08                 yes
                   warm_start_bound_frac = 1e-20                 yes
                   warm_start_bound_push = 1e-20                 yes
                   warm_start_init_point = yes                   yes
              warm_start_mult_bound_push = 1e-20                 yes
                warm_start_mult_init_max = 1e+40                 yes
             warm_start_slack_bound_frac = 1e-20                 yes
             warm_start_slack_bound_push = 1e-20                 yes

******************************************************************************
This program contains Ipopt, a library for large-scale nonlinear optimization.
 Ipopt is released as open source code under the Eclipse Public License (EPL).
         For more information visit http://projects.coin-or.org/Ipopt
******************************************************************************

This is Ipopt version 3.12.10, running with linear solver ma97.

Number of nonzeros in equality constraint Jacobian...:   117167
Number of nonzeros in inequality constraint Jacobian.:      213
Number of nonzeros in Lagrangian Hessian.............:    47513

Total number of variables............................:    29977
                     variables with only lower bounds:    11312
                variables with lower and upper bounds:    15135
                     variables with only upper bounds:        0
Total number of equality constraints.................:    29864
Total number of inequality constraints...............:       25
        inequality constraints with only lower bounds:        4
   inequality constraints with lower and upper bounds:        0
        inequality constraints with only upper bounds:       21

iter    objective    inf_pr   inf_du lg(mu)  ||d||  lg(rg) alpha_du alpha_pr  ls
   0 -1.6823324e-01 1.56e-01 2.00e+00  -6.0 0.00e+00    -  0.00e+00 0.00e+00   0
In iteration 0, 9 Slacks too small, adjusting variable bounds
   1 -1.6823324e-01 1.56e-01 1.01e+02  -6.0 1.14e+10    -  1.00e-14 2.15e-18h  1
   2 -1.6822939e-01 1.56e-01 1.01e+02  -6.0 7.82e+02    -  7.41e-07 3.62e-05f  1
   3 -1.6822937e-01 1.56e-01 1.04e+02  -6.0 1.36e+02    -  1.36e-02 1.34e-06h  2
   4 -1.6821465e-01 1.56e-01 1.04e+02  -6.0 6.79e+02    -  2.26e-04 1.67e-04h  1
   5 -1.6802802e-01 1.56e-01 1.04e+02  -6.0 6.66e+02    -  1.91e-03 1.97e-03h  1
   6 -1.6794842e-01 1.56e-01 1.04e+02  -6.0 3.12e+02    -  4.10e-03 9.23e-04h  1
   7 -1.6581312e-01 1.51e-01 8.18e+02  -6.0 1.92e+02    -  2.25e-03 3.36e-02h  1
   8 -1.6569166e-01 1.50e-01 8.17e+02  -6.0 1.47e+02    -  6.45e-02 1.54e-03h  1
   9 -1.6228334e-01 1.44e-01 1.06e+03  -6.0 1.45e+02    -  3.40e-02 4.31e-02h  2
iter    objective    inf_pr   inf_du lg(mu)  ||d||  lg(rg) alpha_du alpha_pr  ls
  10 -1.5719104e-01 1.34e-01 1.55e+03  -6.0 1.19e+02    -  9.05e-02 6.88e-02h  1
  11 -1.5719016e-01 1.34e-01 1.02e+05  -6.0 1.14e+02    -  7.15e-02 1.29e-05h  1
  12 -1.5278374e-01 1.25e-01 2.80e+05  -6.0 1.07e+02    -  2.15e-01 6.48e-02h  3
  13 -1.4848040e-01 1.17e-01 3.28e+05  -6.0 9.42e+01    -  1.66e-01 6.86e-02h  3
  14 -1.4102631e-01 1.16e-01 2.98e+05  -6.0 9.68e+01    -  1.58e-01 1.29e-01h  2
  15 -1.3162575e-01 9.81e-02 2.40e+05  -6.0 1.06e+02    -  1.33e-01 1.85e-01h  1
  16 -1.3162506e-01 9.81e-02 2.46e+05  -6.0 1.33e+02    -  1.20e-01 2.03e-05h  1
  17 -1.3061358e-01 1.01e-01 2.39e+05  -6.0 1.42e+02    -  6.17e-02 2.99e-02h  6
  18 -1.2876334e-01 9.93e-02 2.19e+05  -6.0 9.71e+01    -  1.90e-01 3.90e-02h  5
  19 -9.1805085e-02 1.73e-01 2.16e+05  -6.0 1.10e+02    -  1.14e-01 9.92e-01H  1
iter    objective    inf_pr   inf_du lg(mu)  ||d||  lg(rg) alpha_du alpha_pr  ls
  20 -9.2182916e-02 6.71e-02 4.79e+04  -6.0 2.95e+01    -  3.08e-01 1.00e+00h  1
  21 -8.9888099e-02 4.18e-02 5.90e+05  -6.0 1.81e+01    -  3.05e-01 1.00e+00h  1
  22 -8.9855705e-02 4.14e-02 3.07e+05  -6.0 1.27e+01    -  4.89e-02 8.58e-03h  1
  23 -8.6780463e-02 4.05e-02 4.23e+05  -6.0 1.40e+01    -  6.54e-02 1.00e+00h  1
  24 -8.6436979e-02 3.58e-02 5.23e+05  -6.0 1.58e+01    -  2.37e-02 1.27e-01h  1
  25 -8.7163664e-02 5.17e-04 1.00e+04  -6.0 1.18e+00    -  2.66e-01 1.00e+00h  1
  26 -8.9214528e-02 6.92e-03 2.24e+03  -6.0 3.15e+00    -  7.74e-01 1.00e+00h  1
  27 -9.4493342e-02 3.82e-02 1.51e+03  -6.0 8.23e+00    -  3.35e-01 1.00e+00h  1
  28 -9.5041673e-02 3.53e-02 5.90e+02  -6.0 1.10e+01    -  6.15e-01 8.90e-02h  1
  29 -1.0004408e-01 1.59e-02 4.85e+02  -6.0 2.45e+01    -  1.64e-01 6.08e-01f  1
iter    objective    inf_pr   inf_du lg(mu)  ||d||  lg(rg) alpha_du alpha_pr  ls
  30 -1.0134986e-01 1.12e-02 6.04e+03  -6.0 2.97e+01    -  4.75e-01 1.79e-01f  1
  31 -1.1134949e-01 7.25e-02 5.51e+03  -6.0 4.45e+01    -  1.82e-01 8.16e-01H  1
  32 -1.1571445e-01 8.66e-02 2.57e+03  -6.0 6.09e+01    -  4.82e-01 4.52e-01f  1
  33 -1.3317773e-01 5.96e-02 5.66e+02  -6.0 1.56e+02    -  2.81e-03 1.00e+00H  1
  34 -1.3534272e-01 6.44e-02 5.90e+02  -6.0 3.19e+02    -  2.21e-01 9.65e-02h  3
  35 -1.3707334e-01 6.89e-02 1.15e+03  -6.0 1.35e+03    -  6.80e-02 1.19e-02h  3
  36 -1.3711817e-01 6.47e-02 3.67e+02  -6.0 5.16e-01  -4.0 3.38e-01 6.05e-02h  1
  37 -1.3810919e-01 9.81e-03 5.23e+02  -6.0 2.08e+00  -4.5 6.11e-01 1.00e+00f  1
  38 -1.3924805e-01 7.69e-02 1.07e+02  -6.0 5.32e+00  -5.0 3.95e-01 1.00e+00h  1
  39 -1.4319517e-01 2.36e-02 5.56e+01  -6.0 1.96e+01  -5.4 4.27e-01 1.00e+00H  1
iter    objective    inf_pr   inf_du lg(mu)  ||d||  lg(rg) alpha_du alpha_pr  ls
  40 -1.4514287e-01 9.47e-02 2.41e+01  -6.0 9.13e+00  -5.0 5.91e-01 1.00e+00h  1
  41 -1.4588795e-01 8.90e-02 2.24e+01  -6.0 6.08e+01  -5.5 1.95e-02 5.01e-02h  1
  42 -1.4617170e-01 8.85e-02 1.75e+01  -6.0 4.40e+01  -6.0 1.52e-01 4.21e-02f  1
  43 -1.4689414e-01 8.66e-02 1.47e+01  -6.0 9.76e+01  -6.4 1.19e-01 4.63e-02h  1
  44 -1.4854481e-01 1.67e-01 2.52e+01  -6.0 4.48e+01  -6.0 2.08e-01 2.38e-01f  1
  45 -1.4966141e-01 1.94e-01 2.61e+01  -6.0 7.78e+01  -6.5 8.93e-02 9.91e-02h  1
  46 -1.5038498e-01 1.88e-01 2.63e+01  -6.0 1.95e+02  -7.0 3.63e-01 3.31e-02h  3
  47 -1.5070206e-01 1.87e-01 1.21e+02  -6.0 4.01e+02  -7.4 2.59e-01 7.15e-03h  5
  48 -1.5136977e-01 1.82e-01 1.58e+02  -6.0 2.03e+02  -7.0 1.82e-01 3.01e-02h  1
  49 -1.5150550e-01 1.81e-01 3.44e+02  -6.0 4.13e+02  -7.5 3.68e-01 3.16e-03h  6
iter    objective    inf_pr   inf_du lg(mu)  ||d||  lg(rg) alpha_du alpha_pr  ls
  50 -1.5205635e-01 1.77e-01 4.94e+02  -6.0 2.02e+02  -7.1 8.23e-01 2.57e-02h  4
  51 -1.5219027e-01 1.76e-01 5.31e+02  -6.0 5.02e+02  -7.5 1.62e-01 3.26e-03h  7
  52 -1.5303461e-01 1.69e-01 5.10e+02  -6.0 1.86e+02  -7.1 9.65e-01 4.17e-02h  4
  53 -1.5323075e-01 1.68e-01 5.24e+02  -6.0 7.34e+02  -7.6 1.15e-01 4.33e-03h  6
  54 -1.6257509e-01 3.74e+00 4.00e+02  -6.0 1.95e+02  -7.2 9.99e-01 4.60e-01h  1
  55 -1.6564152e-01 2.35e+00 1.29e+02  -6.0 8.07e+01  -6.7 1.00e+00 4.43e-01h  1
  56 -1.7137901e-01 2.70e+00 1.32e+02  -6.0 2.11e+02  -7.2 4.84e-01 3.69e-01h  1
  57 -1.7500413e-01 3.87e+00 2.98e+02  -6.0 5.48e+02  -7.7 2.84e-01 1.03e-01h  1
  58 -1.8050600e-01 7.51e+00 7.24e+02  -6.0 2.40e+02  -7.3 1.00e+00 3.47e-01h  1
  59 -1.8486608e-01 8.58e+00 7.00e+02  -6.0 8.54e+02  -7.7 1.21e-01 8.68e-02h  1
iter    objective    inf_pr   inf_du lg(mu)  ||d||  lg(rg) alpha_du alpha_pr  ls
  60 -1.8552109e-01 5.98e+00 7.40e+02  -6.0 9.55e+01  -7.3 7.03e-01 2.70e-01h  1
  61 -1.8913845e-01 3.04e+00 8.61e+02  -6.0 2.95e+02  -7.8 9.10e-01 4.12e-01h  1
  62 -1.9092843e-01 1.43e+00 1.37e+03  -6.0 1.13e+02  -7.4 1.00e+00 5.09e-01h  1
  63 -1.9223517e-01 1.51e+00 1.28e+03  -6.0 3.60e+02  -7.9 1.61e-01 1.34e-01h  1
  64 -1.9411733e-01 1.71e+00 3.43e+03  -6.0 1.28e+02  -7.4 1.00e+00 5.04e-01h  1
  65 -1.9574055e-01 1.88e+00 1.37e+04  -6.0 3.75e+02  -7.9 1.00e+00 1.77e-01h  1
  66 -2.0044137e-01 9.90e+00 1.33e+04  -6.0 1.20e+03  -8.4 4.61e-01 1.87e-01h  1
  67 -2.0290425e-01 1.47e+01 2.03e+04  -6.0 3.71e+02  -8.0 1.00e+00 2.60e-01h  1
  68 -2.0669403e-01 2.02e+01 1.95e+04  -6.0 1.71e+03  -8.4 2.01e-01 1.32e-01h  1
  69 -2.1085248e-01 2.09e+01 2.03e+04  -6.0 2.39e+03  -8.9 1.53e-01 1.14e-01h  1
iter    objective    inf_pr   inf_du lg(mu)  ||d||  lg(rg) alpha_du alpha_pr  ls
  70 -2.1088109e-01 2.08e+01 5.58e+04  -6.0 8.52e+02  -8.5 5.04e-01 2.29e-03h  1
  71 -2.1715698e-01 1.49e+01 3.55e+04  -6.0 1.75e+03  -9.0 9.00e-02 2.67e-01h  1
  72 -2.2202642e-01 8.13e+00 5.50e+04  -6.0 7.61e+02  -8.5 4.92e-04 4.90e-01h  1
  73 -2.2315528e-01 1.02e+01 3.66e+03  -6.0 2.12e+03  -9.0 1.23e-01 8.55e-02h  1
  74r-2.2315528e-01 1.02e+01 1.00e+03   0.6 0.00e+00  -8.6 0.00e+00 2.51e-07R  5
  75r-2.2284128e-01 1.02e+01 1.02e+03   0.6 1.64e+04    -  7.69e-08 8.60e-07f  1
  76 -2.2286410e-01 1.01e+01 1.85e+03  -6.0 5.69e+01    -  8.64e-03 9.79e-03h  1
  77 -2.2287747e-01 9.92e+00 1.20e+04  -6.0 5.11e+01    -  9.79e-03 1.95e-02h  1
  78 -2.2289954e-01 9.56e+00 1.15e+04  -6.0 3.54e+01    -  3.28e-02 3.75e-02h  1
  79 -2.2298752e-01 7.72e+00 9.31e+03  -6.0 5.34e+00    -  3.72e-02 1.92e-01h  1
iter    objective    inf_pr   inf_du lg(mu)  ||d||  lg(rg) alpha_du alpha_pr  ls
  80 -2.2301364e-01 7.13e+00 8.59e+03  -6.0 4.23e+00    -  2.49e-01 7.71e-02h  1
  81 -2.2303836e-01 4.42e+00 5.33e+03  -6.0 4.52e+00    -  2.68e-01 3.79e-01h  1
  82 -2.2304225e-01 2.92e-02 1.97e+03  -6.0 2.18e+00    -  5.67e-01 1.00e+00h  1
  83 -2.2305036e-01 9.32e-05 1.19e+01  -6.0 1.04e-01    -  9.75e-01 1.00e+00h  1
  84 -2.2318679e-01 3.52e-04 1.85e+01  -6.0 6.89e+00    -  9.05e-01 4.55e-01h  1
  85 -2.2333585e-01 3.75e-03 1.56e+01  -6.0 3.35e+01    -  8.14e-01 1.98e-01f  1
  86 -2.2422712e-01 4.49e-01 8.49e+00  -6.0 1.48e+02    -  8.96e-01 5.28e-01f  1
  87 -2.2649163e-01 2.74e+00 1.54e+01  -6.0 3.55e+02  -9.1 2.58e-01 5.53e-01h  1
  88 -2.2825634e-01 1.40e+00 1.56e+01  -6.0 4.34e+02    -  7.48e-01 4.86e-01h  1
  89 -2.2874104e-01 1.12e+00 2.16e+01  -6.0 4.15e+02  -8.6 8.42e-01 1.92e-01h  1
iter    objective    inf_pr   inf_du lg(mu)  ||d||  lg(rg) alpha_du alpha_pr  ls
  90 -2.3316292e-01 8.74e+00 3.02e+01  -6.0 8.92e+02  -9.1 7.33e-01 7.50e-01h  1
  91 -2.3342380e-01 8.28e+00 2.88e+01  -6.0 1.43e+03  -9.6 3.43e-02 5.23e-02h  1
  92 -2.3423642e-01 7.12e+00 2.62e+01  -6.0 8.37e+02  -9.2 1.28e-02 1.43e-01h  1
  93 -2.3619275e-01 1.61e+01 4.89e+01  -6.0 3.37e+03  -9.6 2.85e-02 2.28e-01h  1
  94 -2.3625971e-01 1.57e+01 4.78e+01  -6.0 3.98e+03 -10.1 1.50e-01 2.29e-02h  1
  95 -2.3695959e-01 1.55e+01 4.68e+01  -6.0 2.19e+03  -9.7 2.05e-01 1.20e-01h  1
  96 -2.3829475e-01 8.09e+00 2.67e+01  -6.0 1.40e+03  -9.3 3.47e-01 4.79e-01h  1
  97 -2.3835234e-01 1.24e+00 2.03e+01  -6.0 1.18e+02  -7.9 1.68e-02 8.48e-01h  1
  98 -2.3842010e-01 6.33e-01 1.40e+01  -6.0 4.18e+01  -7.5 4.53e-01 1.00e+00h  1
  99 -2.3849345e-01 5.09e-01 1.92e+00  -6.0 1.85e+01  -7.1 1.00e+00 7.55e-01h  1
iter    objective    inf_pr   inf_du lg(mu)  ||d||  lg(rg) alpha_du alpha_pr  ls
 100 -2.3854452e-01 4.38e-01 4.84e+00  -6.0 3.55e+01  -7.6 5.85e-01 4.20e-01f  1
 101 -2.3863841e-01 3.28e-01 9.23e+00  -6.0 4.50e+01  -8.0 1.00e+00 5.42e-01h  1
 102 -2.3878785e-01 4.84e-01 8.82e+01  -6.0 1.30e+02  -8.5 4.17e-01 3.75e-01h  1
 103 -2.3892509e-01 6.72e-02 6.99e+00  -6.0 6.04e+00  -6.3 1.00e+00 9.67e-01h  1
 104 -2.3909266e-01 1.75e-01 4.86e+01  -6.0 2.56e+01  -6.8 9.66e-01 5.15e-01f  1
 105 -2.3911105e-01 1.55e-01 4.67e+01  -6.0 8.77e+00  -7.2 7.11e-02 1.19e-01h  1
 106 -2.3916368e-01 9.55e-02 2.02e+01  -6.0 2.15e+01  -7.7 1.00e+00 3.84e-01f  1
 107 -2.3942633e-01 6.00e-02 5.67e+00  -6.0 5.83e+01  -8.2 1.00e+00 1.00e+00f  1
 108 -2.3981257e-01 3.41e-01 1.46e+01  -6.0 1.58e+02  -8.7 1.00e+00 1.00e+00h  1
 109 -2.4080280e-01 3.29e+00 1.30e+02  -6.0 4.89e+02  -9.1 1.00e+00 1.00e+00h  1
iter    objective    inf_pr   inf_du lg(mu)  ||d||  lg(rg) alpha_du alpha_pr  ls
 110 -2.4121186e-01 7.37e-01 6.29e+00  -6.0 1.70e+02  -8.7 1.00e+00 8.83e-01h  1
 111 -2.4142543e-01 1.51e-01 1.22e+01  -6.0 9.35e+01  -8.3 7.59e-01 1.00e+00h  1
 112 -2.4176408e-01 1.28e+00 8.23e+00  -6.0 5.62e+02  -8.8 3.70e-01 3.63e-01h  1
 113 -2.4215637e-01 2.23e+00 2.30e+02  -6.0 6.38e+02  -9.2 1.00e+00 6.38e-01h  1
 114 -2.4378045e-01 7.44e+00 1.08e+02  -6.0 4.77e+03  -9.7 4.91e-01 5.01e-01h  1
 115 -2.4406433e-01 7.13e+00 1.29e+02  -6.0 2.66e+04 -10.2 5.73e-02 3.99e-02h  1
 116 -2.4519724e-01 4.57e+00 1.88e+02  -6.0 8.45e+02  -8.9 1.01e-01 4.71e-01h  1
 117 -2.4630161e-01 7.11e+00 1.99e+01  -6.0 1.25e+03  -9.4 3.59e-01 2.87e-01h  1
 118 -2.4717998e-01 9.85e+00 9.85e+01  -6.0 5.24e+02  -8.9 2.62e-01 2.76e-01h  1
 119 -2.4782182e-01 8.86e+00 3.43e+02  -6.0 1.35e+03  -8.5 5.14e-02 1.33e-01h  1
iter    objective    inf_pr   inf_du lg(mu)  ||d||  lg(rg) alpha_du alpha_pr  ls
 120 -2.4782336e-01 8.84e+00 3.53e+02  -6.0 1.63e+03  -9.0 2.23e-01 2.06e-03h  1
 121 -2.4801790e-01 8.68e+00 3.60e+02  -6.0 9.48e+03  -9.5 2.11e-02 1.84e-02h  1
 122 -2.4808173e-01 8.47e+00 1.08e+03  -6.0 8.75e+02  -9.0 3.22e-01 2.37e-02h  1
 123 -2.4809747e-01 8.42e+00 1.08e+03  -6.0 2.30e+03  -9.5 9.24e-03 5.90e-03h  1
 124 -2.4891086e-01 3.70e+00 2.75e+02  -6.0 6.31e+02  -9.1 9.55e-03 5.46e-01h  1
 125 -2.4900623e-01 3.02e+00 5.57e+01  -6.0 2.55e+02  -8.7 1.38e-01 1.83e-01h  1
 126 -2.4987588e-01 2.33e+00 2.58e+02  -6.0 3.08e+03  -9.1 4.70e-02 2.26e-01h  1
 127 -2.4999398e-01 2.15e+00 1.54e+03  -6.0 1.56e+02  -7.8 5.81e-02 8.09e-02h  1
 128 -2.5027278e-01 1.93e+00 1.67e+03  -6.0 7.33e+02  -8.3 3.26e-01 1.00e-01f  1
 129 -2.5115200e-01 1.39e+01 1.64e+03  -6.0 2.14e+05    -  3.83e-03 5.59e-03h  1
iter    objective    inf_pr   inf_du lg(mu)  ||d||  lg(rg) alpha_du alpha_pr  ls
 130 -2.5123239e-01 1.37e+01 1.40e+03  -6.0 6.44e+02  -8.8 9.11e-02 1.61e-02h  1
 131 -2.5210697e-01 1.03e+01 1.04e+03  -6.0 1.10e+03  -9.2 2.71e-01 2.49e-01h  1
 132 -2.5286370e-01 8.69e+00 8.77e+02  -6.0 2.32e+03  -9.7 1.71e-01 1.57e-01h  1
 133 -2.5316125e-01 8.09e+00 8.43e+02  -6.0 4.95e+03    -  3.90e-01 7.35e-02h  1
 134 -2.5491930e-01 1.01e+01 2.23e+02  -6.0 1.36e+03  -9.3 1.55e-02 7.32e-01h  1
 135 -2.5482100e-01 8.66e+00 1.91e+02  -6.0 8.07e+01  -8.0 1.02e-01 1.43e-01h  1
 136 -2.5479648e-01 8.34e+00 1.84e+02  -6.0 1.68e+02  -8.4 7.60e-02 3.67e-02h  1
 137 -2.5450649e-01 2.74e+00 6.49e+01  -6.0 4.66e+02  -8.9 4.49e-02 6.89e-01h  1
 138 -2.5469576e-01 3.24e+00 6.53e+01  -6.0 6.98e+04    -  1.38e-02 6.95e-03h  2
 139 -2.5534824e-01 4.56e+01 6.33e+01  -6.0 1.78e+05    -  8.77e-03 1.02e-02h  1
iter    objective    inf_pr   inf_du lg(mu)  ||d||  lg(rg) alpha_du alpha_pr  ls
 140 -2.5668090e-01 7.14e+01 1.82e+02  -6.0 7.14e+03    -  1.11e-02 2.25e-01h  1
 141 -2.5669856e-01 6.97e+01 4.08e+02  -6.0 2.77e+03  -8.5 4.96e-02 2.47e-02h  1
 142 -2.5674943e-01 6.64e+01 1.16e+03  -6.0 3.66e+02  -8.1 2.37e-03 4.73e-02h  1
 143 -2.5680096e-01 5.55e+01 1.73e+03  -6.0 3.24e+02  -8.5 3.85e-02 1.65e-01h  1
 144 -2.5693398e-01 5.00e+01 1.59e+03  -6.0 3.41e+02  -9.0 8.53e-02 9.83e-02h  1
 145 -2.5748762e-01 4.83e+01 1.57e+03  -6.0 1.41e+03  -8.6 1.41e-03 3.35e-02h  1
 146 -2.5745599e-01 4.20e+01 1.26e+03  -6.0 2.32e+01  -6.4 2.33e-01 1.31e-01h  1
 147 -2.5740009e-01 3.98e+01 1.20e+03  -6.0 4.20e+01  -6.8 6.36e-03 5.08e-02h  1
 148 -2.5740474e-01 3.94e+01 1.19e+03  -6.0 4.24e+01  -7.3 1.59e-03 1.08e-02h  1
 149 -2.5740150e-01 3.94e+01 1.19e+03  -6.0 1.30e+03  -7.8 2.99e-06 2.57e-04h  1
iter    objective    inf_pr   inf_du lg(mu)  ||d||  lg(rg) alpha_du alpha_pr  ls
 150 -2.5740417e-01 3.94e+01 1.19e+03  -6.0 8.05e+03  -8.3 1.47e-07 3.70e-05h  1
 151 -2.5740296e-01 3.94e+01 1.19e+03  -6.0 3.77e+03  -7.8 4.49e-07 3.83e-05h  1
 152 -2.5740397e-01 3.94e+01 1.19e+03  -6.0 3.12e+03  -8.3 1.05e-06 3.70e-05h  1
 153 -2.5740351e-01 3.94e+01 1.19e+03  -6.0 1.61e+03  -7.9 3.05e-06 3.57e-05h  1
 154 -2.5740387e-01 3.94e+01 1.19e+03  -6.0 1.01e+03  -8.4 8.65e-06 3.72e-05h  1
 155 -2.5740366e-01 3.94e+01 1.19e+03  -6.0 3.63e+02  -7.9 4.10e-05 4.26e-05h  1
 156 -2.5740386e-01 3.94e+01 1.19e+03  -6.0 1.17e+03  -8.4 2.01e-02 1.34e-04f  1
 157 -2.5752426e-01 3.40e+01 1.05e+03  -6.0 1.71e+02  -8.9 7.27e-03 1.37e-01f  1
 158 -2.5752262e-01 3.38e+01 1.05e+03  -6.0 2.09e+01  -6.7 2.46e-04 5.69e-03h  1
 159 -2.5752197e-01 3.37e+01 9.74e+02  -6.0 1.46e+01  -6.2 4.02e-01 2.84e-03h  1
iter    objective    inf_pr   inf_du lg(mu)  ||d||  lg(rg) alpha_du alpha_pr  ls
 160 -2.5744717e-01 3.16e+01 9.16e+02  -6.0 1.07e+02  -6.7 1.94e-03 6.17e-02h  1
 161 -2.5744308e-01 3.15e+01 9.01e+02  -6.0 2.94e+02  -7.2 2.91e-01 3.71e-03h  1
 162 -2.5745600e-01 2.98e+01 8.46e+02  -6.0 4.61e+02  -7.7 4.13e-01 5.37e-02h  1
 163 -2.5829634e-01 7.23e+01 7.23e+02  -6.0 1.54e+04    -  2.44e-02 1.45e-01h  1
 164 -2.5827611e-01 7.15e+01 7.15e+02  -6.0 2.36e+03  -8.1 4.37e-03 1.11e-02h  1
 165 -2.5833242e-01 6.98e+01 6.98e+02  -6.0 7.02e+02  -8.6 1.34e-02 2.45e-02h  2
 166 -2.5841550e-01 6.70e+01 6.69e+02  -6.0 2.17e+03    -  4.06e-02 4.07e-02h  1
 167 -2.5813966e-01 5.21e+01 5.22e+02  -6.0 3.04e+02  -7.3 3.14e-02 2.22e-01h  1
 168 -2.5816269e-01 4.88e+01 4.88e+02  -6.0 2.70e+02  -7.8 9.49e-03 6.42e-02h  1
 169 -2.5812313e-01 4.64e+01 4.64e+02  -6.0 3.15e+02  -8.2 2.82e-05 4.96e-02h  1
iter    objective    inf_pr   inf_du lg(mu)  ||d||  lg(rg) alpha_du alpha_pr  ls
 170 -2.5818612e-01 4.63e+01 4.64e+02  -6.0 4.75e+04  -8.7 1.84e-03 1.17e-03f  1
 171 -2.5815077e-01 4.06e+01 4.07e+02  -6.0 9.80e+02  -9.2 1.26e-01 1.23e-01h  1
 172 -2.5811305e-01 2.20e+01 2.21e+02  -6.0 1.17e+03  -9.7 2.09e-01 4.59e-01h  1
 173 -2.5809139e-01 2.14e+01 2.15e+02  -6.0 1.37e+03 -10.2 1.05e-01 2.61e-02h  1
 174 -2.5821442e-01 2.91e+01 1.19e+02  -6.0 1.36e+03  -9.7 1.35e-01 8.98e-01h  1
 175 -2.5821221e-01 2.90e+01 1.26e+02  -6.0 6.19e+02  -7.5 2.71e-02 2.36e-03h  1
 176 -2.5821988e-01 2.89e+01 1.41e+02  -6.0 3.27e+02  -7.1 1.33e-01 5.19e-03h  1
 177 -2.5826516e-01 2.68e+01 1.77e+02  -6.0 1.04e+03  -7.5 1.44e-01 7.76e-02h  1
 178 -2.5826889e-01 2.66e+01 2.25e+02  -6.0 1.02e+03  -8.0 2.41e-02 6.34e-03h  1
 179 -2.5828115e-01 2.61e+01 1.53e+02  -6.0 5.08e+03    -  1.67e-01 2.02e-02h  2
iter    objective    inf_pr   inf_du lg(mu)  ||d||  lg(rg) alpha_du alpha_pr  ls
 180 -2.5827734e-01 2.54e+01 1.34e+02  -6.0 1.42e+03  -8.5 9.02e-02 2.65e-02h  1
 181 -2.5828667e-01 2.52e+01 4.19e+02  -6.0 9.25e+02  -7.2 3.42e-02 9.98e-03h  1
 182 -2.5829544e-01 2.38e+01 5.37e+02  -6.0 1.28e+03  -7.6 2.87e-02 5.80e-02h  1
 183 -2.5829770e-01 2.38e+01 7.30e+02  -6.0 8.18e+02  -6.3 9.85e-04 3.04e-03h  1
 184r-2.5829770e-01 2.38e+01 1.00e+03   1.2 0.00e+00   1.5 0.00e+00 3.37e-07R  4
 185r-2.5829394e-01 2.38e+01 1.00e+03   1.2 2.97e+06    -  1.27e-07 4.32e-08f  1
 186 -2.5829610e-01 2.37e+01 1.19e+02  -6.0 2.11e+02    -  4.12e-06 4.90e-04h  1
 187 -2.5829609e-01 2.37e+01 1.19e+02  -6.0 4.58e+01    -  7.57e-04 8.67e-04h  1
 188 -2.5829623e-01 2.37e+01 1.19e+02  -6.0 1.14e+03    -  1.05e-03 4.12e-04h  1
 189 -2.5829653e-01 2.37e+01 3.64e+02  -6.0 1.21e+03    -  6.08e-03 1.12e-03h  1
iter    objective    inf_pr   inf_du lg(mu)  ||d||  lg(rg) alpha_du alpha_pr  ls
 190 -2.5829275e-01 2.36e+01 3.94e+02  -6.0 1.34e+03    -  3.18e-03 5.55e-03h  1
 191 -2.5828746e-01 2.34e+01 8.58e+02  -6.0 1.39e+03    -  2.28e-03 6.48e-03h  1
 192 -2.5828390e-01 2.33e+01 1.26e+03  -6.0 1.47e+03    -  2.11e-02 3.69e-03h  1
 193 -2.5824653e-01 2.26e+01 1.06e+04  -6.0 1.47e+03    -  5.98e-03 3.23e-02h  1
 194 -2.5818632e-01 2.18e+01 2.48e+04  -6.0 1.47e+03    -  1.77e-02 3.97e-02h  1
 195 -2.5802846e-01 2.06e+01 6.02e+04  -6.0 1.47e+03    -  1.19e-01 6.27e-02h  1
 196 -2.5791458e-01 1.97e+01 7.80e+04  -6.0 1.46e+03    -  1.31e-01 4.89e-02h  1
 197 -2.5789575e-01 1.90e+01 1.59e+05  -6.0 1.47e+03    -  2.56e-01 3.88e-02h  1
 198 -2.5786715e-01 1.81e+01 2.62e+05  -6.0 1.46e+03    -  3.28e-01 5.44e-02h  1
 199 -2.5723196e-01 1.85e+01 7.32e+05  -6.0 1.46e+03    -  3.00e-01 4.08e-01h  1
iter    objective    inf_pr   inf_du lg(mu)  ||d||  lg(rg) alpha_du alpha_pr  ls
 200 -2.5723057e-01 1.85e+01 7.31e+05  -6.0 1.51e+03    -  8.45e-02 9.47e-04h  1
 201 -2.5683589e-01 1.64e+01 7.80e+05  -6.0 1.36e+03    -  2.47e-01 2.15e-01h  1
 202 -2.5683254e-01 1.64e+01 7.80e+05  -6.0 1.43e+03    -  2.65e-02 4.67e-04h  1
 203 -2.5647399e-01 1.59e+01 7.59e+05  -6.0 1.28e+03    -  3.99e-03 3.34e-02h  1
 204 -2.5649086e-01 1.53e+01 7.32e+05  -6.0 1.45e+03    -  1.10e-04 4.19e-02h  1
 205 -2.5648846e-01 1.53e+01 7.32e+05  -6.0 1.34e+03    -  8.56e-02 3.65e-04h  1
 206 -2.5640283e-01 1.46e+01 6.99e+05  -6.0 1.48e+03    -  4.80e-01 5.27e-02h  1
 207 -2.5621221e-01 1.36e+01 6.48e+05  -6.0 1.67e+03    -  1.18e-01 1.13e-01h  3
 208 -2.5614993e-01 1.31e+01 6.24e+05  -6.0 1.43e+03    -  2.38e-01 4.10e-02h  3
 209 -2.5613988e-01 1.30e+01 6.22e+05  -6.0 1.41e+03    -  8.92e-02 4.54e-03h  7
iter    objective    inf_pr   inf_du lg(mu)  ||d||  lg(rg) alpha_du alpha_pr  ls
 210r-2.5613988e-01 1.30e+01 1.00e+03   0.9 0.00e+00   1.0 0.00e+00 2.62e-07R 10
 211r-3.6029031e-04 1.30e+01 1.00e+03   0.9 5.81e+05    -  5.83e-07 4.40e-07f  1
 212r-1.5342138e-04 1.30e+01 1.00e+03   0.9 1.34e+04    -  1.01e-06 1.09e-06f  1
 213r-1.2619156e-04 1.30e+01 2.95e+04   0.9 3.26e+00   6.0 1.24e-04 2.53e-06f  1
 214r-5.1906574e-03 1.09e+01 2.88e+04   0.9 7.84e+03    -  1.85e-05 1.65e-04f  1
 215r-8.9631644e-03 9.00e+00 3.03e+04   0.9 6.43e+03    -  3.81e-04 1.76e-04f  1
 216r-1.7729629e-02 1.96e+00 2.84e+04   0.9 3.88e+03    -  7.60e-04 1.10e-03f  1
 217r-8.1366922e-03 3.35e+00 3.13e+04   0.9 1.55e+03    -  1.27e-03 1.50e-03f  1
 218r 6.3682379e-03 3.84e+00 3.19e+04   0.9 1.49e+03    -  1.36e-03 1.04e-03f  1
 219r 7.4071147e-02 5.56e+00 3.17e+04   0.9 1.47e+03    -  9.14e-03 4.92e-03f  1
iter    objective    inf_pr   inf_du lg(mu)  ||d||  lg(rg) alpha_du alpha_pr  ls
 220r 8.4257192e-02 9.68e+00 2.42e+05   0.9 7.75e-02   5.5 1.00e-01 2.83e-02f  1
 221r 1.3515604e-01 2.64e+01 1.77e+05   0.9 4.38e-02   5.0 2.99e-01 2.83e-01f  1
 222r 2.4511343e-01 5.71e+01 1.43e+05   0.9 4.80e-02   4.6 5.48e-01 6.69e-01f  1
 223r 2.6716610e-01 4.98e+01 5.02e+04   0.2 1.03e-02   5.0 9.35e-01 1.00e+00f  1
 224r 2.7562225e-01 4.74e+01 3.37e+04   0.2 3.69e-02   4.5 3.33e-01 1.12e-01f  1
 225r 3.3731031e-01 3.72e+01 2.78e+04   0.2 9.12e-02   4.0 9.54e-01 3.90e-01f  1
 226r 4.0269445e-01 3.44e+01 3.57e+04   0.2 2.71e-01   3.6 8.61e-01 1.96e-01f  1
 227r 4.3138349e-01 2.88e+01 6.22e+03   0.2 1.28e-02   4.9 1.00e+00 9.69e-01f  1
 228r 4.4261139e-01 2.05e+01 9.57e+04  -0.5 3.85e-02   4.4 6.57e-01 3.72e-01f  1
 229r 4.4876363e-01 1.46e+01 4.45e+04  -0.5 1.44e-02   4.8 3.32e-01 4.64e-01f  1
iter    objective    inf_pr   inf_du lg(mu)  ||d||  lg(rg) alpha_du alpha_pr  ls
 230r 4.4878675e-01 1.46e+01 4.44e+04  -0.5 4.23e-03   6.2 1.50e-02 3.54e-02f  1
 231r 4.4889492e-01 1.44e+01 4.03e+04  -0.5 2.42e-03   5.7 2.53e-02 5.43e-02f  1
 232r 4.4889792e-01 1.44e+01 4.02e+04  -0.5 1.37e-02   6.1 1.10e-03 3.95e-03f  1
 233r 4.4889817e-01 1.44e+01 1.44e+04  -0.5 2.81e-02   6.5 8.72e-02 1.24e-03f  1
 234r 4.4963450e-01 1.27e+01 1.07e+05  -0.5 8.56e-04   6.1 4.52e-01 1.00e+00f  1
 235r 4.5248166e-01 8.54e+00 9.43e+03  -0.5 2.57e-03   5.6 3.21e-01 1.00e+00f  1
 236r 4.5328905e-01 7.61e+00 5.79e+03  -0.5 9.65e-04   6.0 1.00e+00 7.42e-01f  1
 237r 4.5527408e-01 6.34e+00 1.13e+04  -0.5 2.90e-03   5.5 1.00e+00 6.81e-01f  1
 238r 4.5867069e-01 5.56e+00 1.85e+04  -0.5 8.69e-03   5.1 1.00e+00 5.07e-01f  1
 239r 4.5903259e-01 5.39e+00 1.26e+03  -0.5 5.11e-04   6.4 1.00e+00 1.00e+00f  1
iter    objective    inf_pr   inf_du lg(mu)  ||d||  lg(rg) alpha_du alpha_pr  ls
 240r 4.6005051e-01 5.09e+00 1.00e+03  -0.5 1.22e-03   5.9 1.00e+00 1.00e+00f  1
 241r 4.6273373e-01 4.82e+00 1.00e+03  -0.5 3.66e-03   5.4 1.00e+00 1.00e+00f  1
 242r 4.6648495e-01 4.76e+00 4.04e+03  -0.5 1.10e-02   5.0 1.00e+00 5.72e-01f  1
 243r 4.7274903e-01 4.74e+00 1.22e+04  -0.5 3.29e-02   4.5 1.00e+00 3.84e-01f  1
 244r 4.7693507e-01 4.74e+00 1.10e+04  -0.5 9.84e-02   4.0 6.78e-02 8.73e-02f  1
 245r 4.7947758e-01 4.74e+00 9.25e+03  -0.5 3.70e-02   4.4 9.13e-02 1.47e-01f  1
 246r 4.7948499e-01 4.74e+00 9.25e+03  -0.5 3.22e-01   4.0 6.18e-05 8.57e-05f  2
 247r 4.7948575e-01 4.74e+00 8.30e+03  -0.5 1.44e-02   6.2 1.20e-01 2.23e-03f  2
 248r 4.8045683e-01 4.72e+00 4.35e+04  -0.5 1.95e-03   5.7 4.97e-01 1.00e+00f  1
 249r 4.8200463e-01 4.72e+00 2.10e+04  -0.5 5.86e-03   5.2 5.13e-01 5.26e-01f  1
iter    objective    inf_pr   inf_du lg(mu)  ||d||  lg(rg) alpha_du alpha_pr  ls
 250r 4.8536995e-01 4.72e+00 3.37e+04  -0.5 1.76e-02   4.8 1.00e+00 3.97e-01f  1
 251r 4.9936644e-01 4.72e+00 4.21e+03  -0.5 5.25e-02   4.3 1.00e+00 6.24e-01f  1
 252r 5.0489191e-01 4.72e+00 1.09e+04  -0.5 1.56e-01   3.8 1.00e+00 9.24e-02f  1
 253r 5.2661707e-01 4.72e+00 1.25e+04  -0.5 4.43e-01   3.3 1.00e+00 1.35e-01f  1
 254r 5.3667521e-01 4.72e+00 9.13e+03  -0.5 9.78e-02   3.8 1.00e+00 1.49e-01f  1
 255r 6.3066935e-01 4.72e+00 4.97e+03  -0.5 1.77e-01   3.3 7.51e-01 5.05e-01f  1
 256r 6.6841783e-01 4.72e+00 2.43e+03  -0.5 6.65e-02   3.7 1.00e+00 5.35e-01f  1
 257r 7.1568903e-01 4.71e+00 2.10e+03  -0.5 1.98e-01   3.2 7.57e-01 2.41e-01f  1
 258r 7.5651333e-01 4.71e+00 2.30e+03  -0.5 5.66e-01   2.7 2.02e-01 8.04e-02f  1
 259r 7.7191167e-01 4.71e+00 6.43e+03  -0.5 8.10e-01   2.3 6.64e-01 3.07e-02f  1
iter    objective    inf_pr   inf_du lg(mu)  ||d||  lg(rg) alpha_du alpha_pr  ls
 260r 7.7200608e-01 4.71e+00 1.50e+03  -0.5 8.35e-04   5.4 7.67e-01 1.00e+00f  1
 261r 7.7330181e-01 4.71e+00 1.42e+02  -0.5 1.68e-03   4.9 1.00e+00 1.00e+00f  1
 262r 7.7295710e-01 3.15e+00 5.02e+02  -1.2 7.10e-03   4.4 4.40e-01 4.25e-01f  1
 263r 7.7295335e-01 3.11e+00 5.03e+02  -1.2 5.83e-02   4.9 1.83e-02 1.80e-02f  1
 264r 7.7229826e-01 2.43e+00 6.97e+03  -1.2 7.95e-03   4.4 5.45e-01 3.12e-01f  1
 265r 7.7167720e-01 1.75e+00 4.38e+03  -1.2 1.99e-02   3.9 6.42e-01 4.44e-01f  1
 266r 7.7453414e-01 1.51e+00 3.57e+03  -1.2 4.08e-02   3.4 5.90e-01 2.81e-01f  1
 267r 7.8879945e-01 1.35e+00 2.85e+03  -1.2 8.10e-02   3.0 3.48e-01 2.70e-01f  1
 268r 8.0940809e-01 1.29e+00 2.91e+03  -1.2 1.04e-01   2.5 2.69e-01 1.47e-01f  1
 269r 8.1181174e-01 1.18e+00 3.88e+03  -1.2 1.28e-02   3.8 6.64e-01 2.95e-01f  1
iter    objective    inf_pr   inf_du lg(mu)  ||d||  lg(rg) alpha_du alpha_pr  ls
 270r 8.2961555e-01 9.74e-01 1.03e+03  -1.2 2.41e-02   3.3 8.44e-01 7.77e-01f  1
 271r 8.3806735e-01 9.67e-01 1.95e+03  -1.2 3.85e-02   2.9 5.35e-01 1.25e-01f  1
 272r 8.8376268e-01 9.51e-01 4.10e+03  -1.2 7.68e-02   2.4 1.00e+00 2.79e-01f  1
 273r 9.6752138e-01 9.37e-01 3.09e+03  -1.2 2.11e-01   1.9 3.60e-01 2.81e-01f  1
 274r 1.0293785e+00 9.24e-01 2.94e+03  -1.2 6.67e-02   2.3 1.00e+00 3.98e-01f  1
 275r 1.1350989e+00 9.16e-01 4.12e+03  -1.2 1.30e-01   1.9 8.19e-01 2.86e-01f  1
 276r 1.1534064e+00 9.15e-01 4.42e+03  -1.2 1.59e+01   1.4 8.35e-03 2.01e-02f  1
 277r 1.3640698e+00 1.22e+00 7.11e+03  -1.2 6.51e-01   0.9 5.34e-01 1.66e-01f  1
 278r 1.6851415e+00 8.93e-01 9.82e+03  -1.2 2.49e-01   1.3 9.29e-01 3.16e-01f  1
 279r 2.1515030e+00 8.76e-01 7.31e+03  -1.2 5.88e-01   0.9 4.84e-01 2.94e-01f  1
iter    objective    inf_pr   inf_du lg(mu)  ||d||  lg(rg) alpha_du alpha_pr  ls
 280r 2.7771672e+00 8.66e-01 6.23e+03  -1.2 1.95e+00   0.4 8.59e-02 1.25e-01f  1
 281r 2.7909084e+00 8.64e-01 4.29e+03  -1.2 1.58e-02   2.6 3.41e-01 2.65e-01f  1
 282r 2.7907913e+00 8.63e-01 3.27e+03  -1.2 2.63e-03   4.8 2.66e-01 5.19e-01f  1
 283r 2.7912852e+00 8.61e-01 1.50e+03  -1.2 4.29e-03   4.4 5.50e-01 9.61e-01f  1
 284r 2.7933925e+00 8.61e-01 7.07e+02  -1.2 2.99e-03   3.9 3.77e-01 1.00e+00f  1
 285r 2.8001692e+00 8.61e-01 1.07e+01  -1.2 4.17e-03   3.4 1.00e+00 1.00e+00f  1
 286r 2.8030181e+00 5.32e-01 1.34e+03  -1.9 1.96e-02   2.9 4.96e-01 4.34e-01f  1
 287r 2.8116382e+00 3.33e-01 2.33e+03  -1.9 4.24e-02   2.5 5.90e-01 4.67e-01f  1
 288r 2.8261485e+00 2.65e-01 1.73e+03  -1.9 9.70e-02   2.0 3.11e-01 2.93e-01f  1
 289r 2.8615674e+00 1.25e+00 2.03e+03  -1.9 3.03e-01   1.5 2.87e-01 2.40e-01f  1
iter    objective    inf_pr   inf_du lg(mu)  ||d||  lg(rg) alpha_du alpha_pr  ls
 290r 2.8839992e+00 7.38e-01 3.90e+03  -1.9 1.15e-01   1.9 3.42e-01 3.88e-01f  1
 291r 2.9187433e+00 9.00e-01 8.99e+03  -1.9 3.50e-01   1.4 6.35e-01 2.07e-01f  1
 292r 2.9984466e+00 7.45e-01 7.43e+03  -1.9 9.02e-01   1.0 1.50e-01 1.44e-01f  1
 293r 3.0024066e+00 6.27e-01 1.34e+04  -1.9 4.84e-02   2.3 2.38e-01 1.55e-01f  1
 294r 3.0026866e+00 4.54e-01 1.38e+04  -1.9 7.40e-03   3.6 6.64e-01 2.76e-01f  1
 295r 3.0029598e+00 1.05e-01 3.50e+04  -1.9 3.94e-03   4.1 1.91e-01 8.04e-01f  1
 296r 3.0029565e+00 1.00e-01 9.01e+03  -1.9 9.95e-04   5.4 6.82e-01 7.81e-01f  1
 297r 3.0030287e+00 9.88e-02 5.89e+01  -1.9 6.72e-04   4.9 1.00e+00 1.00e+00f  1
 298r 3.0032235e+00 9.88e-02 2.76e+02  -1.9 2.49e-03   4.4 1.00e+00 8.46e-01f  1
 299r 3.0034713e+00 9.88e-02 2.01e+03  -1.9 6.49e-03   4.0 1.00e+00 4.13e-01f  1
iter    objective    inf_pr   inf_du lg(mu)  ||d||  lg(rg) alpha_du alpha_pr  ls
 300r 3.0050998e+00 9.88e-02 1.81e+03  -1.9 3.11e-03   3.5 6.25e-01 1.00e+00f  1
 301r 3.0086687e+00 9.86e-02 3.41e+02  -1.9 9.60e-03   3.0 1.00e+00 7.69e-01f  1
 302r 3.0228889e+00 9.81e-02 1.66e+02  -1.9 2.92e-02   2.5 1.00e+00 1.00e+00f  1
 303r 3.0510230e+00 9.71e-02 2.60e+03  -1.9 8.66e-02   2.0 1.00e+00 6.41e-01f  1
 304r 3.1112724e+00 9.50e-02 1.90e+03  -1.9 2.39e-01   1.6 5.30e-01 4.62e-01f  1
 305r 3.2571292e+00 8.99e-02 1.79e+03  -1.9 5.80e-01   1.1 2.53e-01 3.98e-01f  1
 306r 3.3172732e+00 8.78e-02 4.34e+03  -1.9 1.21e+00   0.6 2.04e-01 6.82e-02f  1
 307r 3.4534310e+00 8.30e-02 9.49e+03  -1.9 2.47e+00   0.1 1.55e-01 7.47e-02f  1
 308r 3.5218790e+00 8.07e-02 1.63e+04  -1.9 9.47e-01   0.6 4.05e-01 7.24e-02f  1
 309r 3.9244176e+00 6.66e-02 1.05e+04  -1.9 1.34e+00   0.1 1.05e-01 2.05e-01f  1
iter    objective    inf_pr   inf_du lg(mu)  ||d||  lg(rg) alpha_du alpha_pr  ls
 310r 4.2049078e+00 5.59e-02 1.04e+04  -1.9 3.56e+00  -0.4 1.15e-01 9.43e-02f  1
 311r 4.6750969e+00 1.07e-01 8.72e+03  -1.9 1.05e+00   0.0 2.58e-01 2.39e-01f  1
 312r 4.9159359e+00 1.01e-01 1.46e+04  -1.9 2.21e+00  -0.4 2.18e-01 7.67e-02f  1
 313r 5.9266177e+00 6.77e-02 4.93e+03  -1.9 9.35e-01  -0.0 3.58e-01 5.08e-01f  1
 314r 6.7157143e+00 8.17e-02 1.24e+04  -1.9 1.42e+00  -0.5 5.59e-01 2.63e-01f  1
 315r 8.1230785e+00 2.02e-01 2.37e+03  -1.9 6.15e-01  -0.1 1.00e+00 8.39e-01f  1
 316r 8.5925407e+00 4.74e-02 8.53e+02  -1.9 1.91e-01   0.4 1.00e+00 7.98e-01f  1
 317r 9.8425862e+00 5.28e-02 2.50e+02  -1.9 5.30e-01  -0.1 1.00e+00 1.00e+00f  1
 318r 1.1619267e+01 1.20e-01 1.16e+03  -1.9 1.08e+00  -0.6 8.20e-01 1.00e+00f  1
 319r 1.2171405e+01 1.02e-01 9.13e+02  -1.9 2.26e+00  -1.1 3.51e-01 3.79e-01f  1
iter    objective    inf_pr   inf_du lg(mu)  ||d||  lg(rg) alpha_du alpha_pr  ls
 320r 1.2476805e+01 2.46e-01 1.96e+03  -1.9 4.75e+00  -1.6 3.71e-01 2.31e-01f  1
 321r 1.2798020e+01 3.86e-01 2.00e+03  -1.9 8.76e+00  -2.0 3.42e-01 2.73e-01f  1
 322r 1.2923520e+01 4.72e+00 1.73e+03  -1.9 1.92e+01  -2.5 1.12e-01 1.44e-01f  1
 323r 1.3313517e+01 1.35e+00 1.60e+03  -1.9 2.11e+00  -1.2 9.38e-01 6.53e-01f  1
 324r 1.3546949e+01 8.78e-01 1.66e+03  -1.9 3.87e+00  -1.7 8.11e-01 6.49e-01f  1
 325r 1.3556709e+01 1.33e+00 4.23e+03  -1.9 2.38e+02    -  6.38e-02 4.19e-02f  1
 326r 1.3667899e+01 6.05e-01 7.77e+03  -1.9 4.62e+00  -2.1 1.00e+00 6.47e-01f  1
 327r 1.3714700e+01 8.95e-02 1.21e+03  -1.9 1.52e+00  -1.7 6.81e-01 1.00e+00f  1
 328r 1.3718444e+01 1.96e-01 5.26e+03  -1.9 3.47e+00  -2.2 1.00e+00 7.02e-01f  1
 329r 1.3718510e+01 1.77e-01 4.80e+03  -1.9 7.57e-01   0.1 8.69e-02 9.90e-02h  1
iter    objective    inf_pr   inf_du lg(mu)  ||d||  lg(rg) alpha_du alpha_pr  ls
 330r 1.3718470e+01 2.49e-02 3.55e+02  -1.9 9.78e-02  -0.4 1.00e+00 1.00e+00f  1
 331r 1.3718506e+01 2.49e-02 6.12e+02  -1.9 1.91e-01  -0.9 1.00e+00 4.84e-01f  1
 332r 1.3718831e+01 2.48e-02 1.71e+01  -1.9 5.52e-01  -1.4 1.00e+00 1.00e+00f  1
 333r 1.3719793e+01 1.17e-01 1.05e+02  -1.9 1.47e+00  -1.9 1.00e+00 1.00e+00f  1
 334r 1.3720219e+01 2.47e-02 1.27e+02  -1.9 5.30e-01  -1.4 1.00e+00 1.00e+00h  1
 335r 1.3720314e+01 2.47e-02 1.30e+02  -1.9 5.42e-02  -0.1 1.00e+00 1.00e+00h  1
 336r 1.3720316e+01 2.47e-02 1.60e+01  -1.9 1.10e-02   1.2 1.00e+00 1.00e+00f  1
 337r 1.3720346e+01 2.47e-02 2.42e+02  -1.9 4.81e-01   0.7 1.54e-01 1.25e-01f  2
 338r 1.3720344e+01 2.47e-02 1.85e+02  -1.9 1.56e-02   2.1 1.00e+00 4.43e-01f  1
 339r 1.3720380e+01 2.46e-02 8.33e+01  -1.9 7.93e-03   1.6 1.00e+00 1.00e+00f  1
iter    objective    inf_pr   inf_du lg(mu)  ||d||  lg(rg) alpha_du alpha_pr  ls
 340r 1.3720425e+01 2.45e-02 1.90e+00  -1.9 7.89e-03   1.1 1.00e+00 1.00e+00f  1
 341r 1.3720487e+01 2.44e-02 9.85e-01  -1.9 2.07e-02   0.6 1.00e+00 1.00e+00f  1
 342r 1.3464279e+01 2.01e-02 6.36e+03  -2.6 2.34e-01   0.2 7.17e-01 3.68e-01f  1
 343r 1.3383479e+01 3.07e-02 6.06e+03  -2.6 4.68e-01  -0.3 5.15e-01 3.07e-01f  1
 344r 1.3308573e+01 3.21e-02 6.40e+03  -2.6 1.41e+00  -0.8 2.07e-01 4.31e-02f  1
 345r 1.3007690e+01 1.37e-01 2.30e+03  -2.6 6.01e-01  -0.4 3.69e-01 6.29e-01f  1
 346r 1.2820100e+01 7.80e-02 1.03e+03  -2.6 2.44e-01   0.1 4.36e-01 5.91e-01f  1
 347r 1.2787917e+01 5.28e-02 6.06e+02  -2.6 1.86e-01   0.5 6.31e-01 3.32e-01f  1
 348r 1.2776529e+01 3.78e-02 1.31e+03  -2.6 9.62e-02   0.9 1.00e+00 2.92e-01f  1
 349r 1.2670594e+01 1.21e-02 8.88e+01  -2.6 1.13e-01   0.4 7.85e-01 9.96e-01f  1
iter    objective    inf_pr   inf_du lg(mu)  ||d||  lg(rg) alpha_du alpha_pr  ls
 350r 1.2567639e+01 1.74e-02 4.45e+02  -2.6 2.95e-01  -0.0 1.00e+00 3.48e-01f  1
 351r 1.2276427e+01 3.04e-02 9.41e+02  -2.6 7.40e-01  -0.5 3.65e-02 3.92e-01f  1
 352r 1.2146613e+01 2.94e-02 9.79e+02  -2.6 2.27e+00  -1.0 8.46e-02 8.85e-02f  1
 353r 1.1893857e+01 2.71e-02 9.67e+02  -2.6 7.15e-01  -0.6 2.76e-01 3.52e-01f  1
 354r 1.1679439e+01 1.46e-02 3.23e+02  -2.6 2.84e-01  -0.1 6.76e-01 7.45e-01f  1
 355r 1.1564453e+01 1.34e-02 5.20e+02  -2.6 8.47e-01  -0.6 9.02e-02 1.74e-01f  1
 356r 1.1529117e+01 1.19e-02 6.50e+02  -2.6 3.73e-01  -0.2 4.81e-02 1.25e-01f  1
 357r 1.1512897e+01 1.16e-02 5.12e+02  -2.6 3.63e+00  -0.7 3.92e-02 2.30e-02f  1
 358r 1.1004368e+01 3.96e-02 5.69e+03  -2.6 1.95e+00  -1.1 8.30e-01 3.88e-01f  1
 359r 1.0056793e+01 3.52e-01 4.44e+03  -2.6 4.20e+00  -1.6 3.35e-01 6.53e-01f  1
iter    objective    inf_pr   inf_du lg(mu)  ||d||  lg(rg) alpha_du alpha_pr  ls
 360r 9.8004470e+00 1.71e-01 7.95e+02  -2.6 1.70e+00  -1.2 7.31e-01 5.16e-01f  1
 361r 9.7539835e+00 1.34e-01 6.18e+02  -2.6 2.81e+00  -0.8 1.67e-01 2.18e-01f  1
 362r 9.7221826e+00 9.05e-02 5.23e+02  -2.6 1.56e+00  -0.3 4.75e-01 3.25e-01f  1
 363r 9.7104154e+00 6.63e-02 1.85e+02  -2.6 8.28e-01   0.1 5.35e-01 2.68e-01f  1
 364r 9.6999010e+00 2.81e-02 2.79e+02  -2.6 2.48e-01   0.5 1.00e+00 5.81e-01f  1
 365r 9.6822714e+00 2.11e-02 4.91e+02  -2.6 1.55e+00   0.0 1.28e-01 3.07e-01f  1
 366r 9.6728525e+00 1.31e-02 9.52e+02  -2.6 2.44e-01   0.5 9.16e-02 4.03e-01f  1
 367r 9.6647717e+00 1.13e-02 7.42e+02  -2.6 3.23e-01  -0.0 2.36e-01 1.51e-01f  1
 368r 9.6605077e+00 1.19e-02 9.51e+02  -2.6 3.91e+01  -0.5 1.56e-03 4.26e-03f  1
 369r 9.6541140e+00 3.78e-03 5.91e+02  -2.6 1.24e-01   0.8 4.66e-01 9.21e-01f  1
iter    objective    inf_pr   inf_du lg(mu)  ||d||  lg(rg) alpha_du alpha_pr  ls
 370r 9.6508435e+00 3.73e-03 8.43e-01  -2.6 4.78e-02   1.3 1.00e+00 9.98e-01f  1
 371r 9.6453706e+00 3.53e-03 1.30e+03  -2.6 1.94e-01   0.8 1.17e-01 5.58e-01f  1
 372r 9.6392080e+00 3.32e-03 1.04e+03  -2.6 4.22e-01   0.3 5.05e-01 2.42e-01f  1
 373r 9.6098217e+00 3.62e-03 5.44e+02  -2.6 3.53e-01  -0.2 6.45e-01 5.02e-01f  1
 374r 9.5997108e+00 3.59e-03 1.61e+03  -2.6 1.42e+02    -  1.14e-01 2.61e-02f  1
 375r 9.5800546e+00 1.52e-02 7.91e+03  -2.6 1.36e+02    -  5.07e-01 5.32e-02f  1
 376r 9.4425767e+00 3.26e-01 2.35e+03  -2.6 1.33e+02    -  8.96e-01 4.08e-01f  1
 377r 9.3373871e+00 3.64e-01 1.44e+03  -2.6 7.70e+01    -  1.00e+00 5.19e-01h  1
 378r 9.2285143e+00 2.16e-01 5.23e+01  -2.6 3.84e+01    -  1.00e+00 1.00e+00h  1
 379r 9.2255751e+00 4.03e-03 2.49e-01  -2.6 2.08e+00    -  1.00e+00 1.00e+00h  1
iter    objective    inf_pr   inf_du lg(mu)  ||d||  lg(rg) alpha_du alpha_pr  ls
 380r 9.2255841e+00 2.95e-03 1.80e-02  -2.6 3.32e-01    -  1.00e+00 1.00e+00h  1
 381r 7.5334768e+00 6.82e-01 1.22e+04  -4.1 1.24e+02    -  4.93e-01 3.71e-01f  1
 382r 7.4802930e+00 4.62e-01 7.36e+03  -4.1 5.59e-01  -0.6 4.11e-01 3.21e-01f  1
 383r 7.4118907e+00 3.63e-01 5.73e+03  -4.1 1.08e+00  -1.1 2.23e-01 2.16e-01f  1
 384r 7.3354057e+00 3.05e-01 4.63e+03  -4.1 2.45e+00  -1.6 1.91e-01 1.66e-01f  1
 385r 6.7633038e+00 1.89e-01 4.51e+03  -4.1 4.02e+00  -2.1 2.42e-01 4.86e-01f  1
 386r 6.6520039e+00 1.76e-01 6.13e+03  -4.1 5.08e+00  -2.6 4.17e-01 6.99e-02f  1
 387r 6.6413117e+00 1.68e-01 7.18e+03  -4.1 1.29e+00  -1.2 1.05e-01 4.48e-02f  1
 388r 6.6138829e+00 1.45e-01 3.48e+03  -4.1 4.45e-01  -0.8 4.50e-03 1.37e-01f  1
 389r 6.5770250e+00 1.27e-01 7.34e+02  -4.1 8.14e-01  -1.3 1.78e-02 1.29e-01f  1
iter    objective    inf_pr   inf_du lg(mu)  ||d||  lg(rg) alpha_du alpha_pr  ls
 390r 6.5211277e+00 9.46e-02 4.06e+03  -4.1 4.32e-01  -0.9 4.41e-02 2.58e-01f  1
 391r 6.2905451e+00 5.95e-02 9.84e+03  -4.1 7.70e-01  -1.3 7.24e-01 4.37e-01f  1
 392r 6.0594472e+00 5.38e-02 7.60e+03  -4.1 1.44e+00  -1.8 1.59e-01 1.96e-01f  1
 393r 5.1110021e+00 1.14e-01 2.69e+03  -4.1 3.45e+00  -2.3 4.79e-01 5.66e-01f  1
 394r 4.8924021e+00 1.16e-01 2.95e+03  -4.1 5.45e+00  -2.8 3.73e-01 1.80e-01h  1
 395r 4.6837624e+00 1.02e-01 2.39e+03  -4.1 6.89e+00  -3.2 1.88e-01 1.89e-01h  1
 396r 4.6175294e+00 9.42e-02 3.18e+03  -4.1 2.05e+01  -3.7 1.59e-01 7.10e-02h  1
 397r 4.6163669e+00 9.32e-02 3.51e+03  -4.1 2.58e+03    -  1.22e-02 1.20e-03f  1
 398r 4.6045786e+00 7.27e-01 3.39e+03  -4.1 3.92e+03    -  8.51e-03 1.27e-02f  1
 399r 4.5104132e+00 6.45e-01 2.01e+03  -4.1 7.61e+00  -3.3 2.03e-02 1.13e-01h  1
iter    objective    inf_pr   inf_du lg(mu)  ||d||  lg(rg) alpha_du alpha_pr  ls
 400r 4.3343533e+00 4.86e-01 3.91e+03  -4.1 2.82e+00  -2.9 4.98e-01 2.50e-01f  1
 401r 4.0970479e+00 5.02e-01 9.39e+02  -4.1 8.83e+00  -3.3 2.05e-01 4.10e-01h  1
 402r 4.0941975e+00 4.96e-01 1.35e+03  -4.1 2.69e+03    -  3.12e-02 9.53e-03f  1
 403r 4.0921067e+00 4.91e-01 1.48e+03  -4.1 1.76e+03    -  1.75e-02 1.02e-02f  1
 404r 4.0867213e+00 8.79e-01 2.10e+03  -4.1 1.49e+03    -  7.13e-02 3.18e-02f  1
 405r 4.0738006e+00 1.13e+00 2.89e+03  -4.1 5.26e+02    -  1.26e-01 5.63e-02h  1
 406r 4.0569302e+00 1.09e+00 2.96e+03  -4.1 2.21e+02    -  8.60e-02 5.31e-02h  1
 407r 4.0274921e+00 1.01e+00 2.50e+03  -4.1 1.75e+02    -  3.08e-02 7.53e-02h  1
 408r 3.9837095e+00 8.50e-01 2.09e+03  -4.1 1.63e+01  -3.8 1.87e-01 1.75e-01h  1
 409r 3.9658378e+00 8.01e-01 1.69e+03  -4.1 1.27e+02    -  4.78e-03 6.02e-02f  1
iter    objective    inf_pr   inf_du lg(mu)  ||d||  lg(rg) alpha_du alpha_pr  ls
 410r 3.9598880e+00 7.79e-01 1.63e+03  -4.1 3.27e+01  -4.3 2.68e-02 2.83e-02f  1
 411r 3.9234714e+00 6.73e-01 1.19e+03  -4.1 6.04e+01  -4.8 9.73e-02 1.41e-01h  1
 412r 3.8671361e+00 4.79e-01 2.11e+03  -4.1 2.90e+01  -4.3 6.68e-01 3.65e-01f  1
 413r 3.8450205e+00 3.46e-01 1.13e+03  -4.1 5.14e+01    -  2.76e-03 2.83e-01h  1
 414r 3.7782648e+00 2.10e-01 8.53e+02  -4.1 3.19e+01    -  5.39e-01 3.99e-01h  1
 415r 3.7630043e+00 7.76e-02 3.60e+02  -4.1 2.73e+01    -  1.00e+00 8.47e-01f  1
 416r 3.7413675e+00 3.58e-03 7.54e+01  -4.1 3.05e+00    -  5.27e-01 1.00e+00h  1
 417r 3.7408927e+00 3.58e-03 2.09e+00  -4.1 7.56e-02  -1.2 1.00e+00 1.00e+00h  1
 418r 3.7409238e+00 3.58e-03 1.18e+01  -4.1 2.80e-02  -0.8 8.59e-01 1.00e+00h  1
 419r 3.7350083e+00 3.58e-03 3.82e+01  -4.1 1.13e-01  -1.3 8.53e-01 7.60e-01H  1
iter    objective    inf_pr   inf_du lg(mu)  ||d||  lg(rg) alpha_du alpha_pr  ls
 420r 3.7361377e+00 3.59e-03 3.68e-01  -4.1 8.81e-02  -1.7 1.00e+00 1.00e+00f  1
 421r 3.7369382e+00 3.59e-03 4.75e-01  -4.1 5.13e-02  -2.2 1.00e+00 1.00e+00h  1
 422r 3.7373923e+00 3.59e-03 9.77e-01  -4.1 1.27e-01  -2.7 1.00e+00 1.00e+00h  1
 423r 3.7374599e+00 3.59e-03 5.42e-01  -4.1 3.86e-01  -3.2 1.00e+00 1.00e+00h  1
 424r 3.7371650e+00 3.58e-03 2.96e+02  -4.1 5.53e+02    -  1.73e-02 6.15e-03f  1
 425r 3.7435582e+00 3.58e-03 3.17e+02  -4.1 3.67e+01    -  2.22e-01 1.58e-01f  1
 426r 3.7450261e+00 5.33e-03 2.97e+02  -4.1 1.45e+01    -  1.00e+00 4.84e-01f  1
 427r 3.7357551e+00 3.58e-03 1.18e-01  -4.1 3.29e+00    -  1.00e+00 1.00e+00f  1
 428r 3.7372972e+00 3.58e-03 1.98e-03  -4.1 1.08e-01    -  1.00e+00 1.00e+00h  1
 429r 3.2465787e+00 2.00e-02 8.36e+03  -5.2 1.55e+01    -  6.32e-01 2.77e-01f  1
iter    objective    inf_pr   inf_du lg(mu)  ||d||  lg(rg) alpha_du alpha_pr  ls
 430r 3.2030111e+00 2.77e-02 9.75e+03  -5.2 4.46e+02    -  2.32e-01 8.32e-02f  1
 431r 3.1404765e+00 6.96e-02 1.37e+04  -5.2 4.37e+02    -  5.32e-01 1.13e-01f  1
 432r 3.1402426e+00 6.92e-02 1.48e+04  -5.2 1.71e-01  -0.9 1.44e-01 5.95e-03h  1
 433r 2.9118577e+00 4.54e-01 8.40e+03  -5.2 3.30e+02    -  1.03e-01 3.35e-01f  1
 434r 2.9107998e+00 4.53e-01 9.04e+03  -5.2 2.13e+02    -  1.00e-01 2.61e-03h  1
 435r 2.9100802e+00 4.52e-01 9.95e+03  -5.2 2.06e+02    -  1.58e-01 1.15e-03h  1
 436r 2.8242425e+00 4.08e-01 9.50e+03  -5.2 2.06e+02    -  3.08e-01 1.33e-01f  1
 437r 2.8240970e+00 4.08e-01 1.10e+04  -5.2 3.02e-01  -1.4 3.38e-01 2.10e-03h  1
 438r 2.5969471e+00 3.37e-01 7.10e+03  -5.2 1.75e+02    -  2.70e-01 3.36e-01f  1
 439r 2.2509122e+00 2.67e-01 2.44e+03  -5.2 1.05e+02    -  8.45e-01 6.99e-01h  1
iter    objective    inf_pr   inf_du lg(mu)  ||d||  lg(rg) alpha_du alpha_pr  ls
 440r 2.2437476e+00 2.39e-01 2.20e+03  -5.2 4.03e-01  -1.9 1.33e-01 1.08e-01h  1
 441r 2.2035587e+00 1.60e-01 1.27e+03  -5.2 5.86e-01  -2.4 3.21e-02 3.30e-01h  1
 442r 2.0585861e+00 3.40e-03 1.57e+02  -5.2 9.32e-01  -2.8 7.51e-01 1.00e+00h  1
 443r 2.0580408e+00 3.40e-03 2.19e+02  -5.2 2.45e+01    -  6.02e-01 1.46e-02h  1
 444r 2.0556509e+00 3.40e-03 7.50e+02  -5.2 2.04e+01    -  1.00e+00 6.08e-02f  1
 445r 2.0374090e+00 7.40e-03 1.89e+02  -5.2 1.87e+01    -  8.34e-01 4.87e-01f  1
 446r 2.0191944e+00 3.16e-02 2.43e+02  -5.2 1.13e+01    -  1.35e-01 1.00e+00f  1
 447r 2.0205853e+00 1.25e-02 8.97e-01  -5.2 7.27e+00    -  1.00e+00 1.00e+00h  1
 448r 2.0208894e+00 3.36e-03 1.59e-02  -5.2 1.79e-01    -  1.00e+00 1.00e+00h  1
 449r 2.0209006e+00 3.36e-03 1.65e-04  -5.2 1.21e-02    -  1.00e+00 1.00e+00h  1
iter    objective    inf_pr   inf_du lg(mu)  ||d||  lg(rg) alpha_du alpha_pr  ls
 450r 1.4907500e+00 3.37e-03 2.28e+02  -6.4 6.66e+00    -  5.66e-01 5.19e-01f  1
 451r 1.4413487e+00 3.37e-03 2.46e+02  -6.4 1.70e+00  -3.3 1.44e-01 3.56e-01h  1
 452r 1.4211693e+00 5.15e-03 1.56e+02  -6.4 8.15e-01  -2.9 2.01e-01 1.70e-01h  1
 453r 1.3958502e+00 5.09e-03 2.34e+02  -6.4 2.03e+00  -3.4 4.77e-01 1.65e-01h  1
 454r 1.3197027e+00 1.29e-02 5.33e+01  -6.4 6.26e+00  -3.9 8.92e-02 3.65e-01f  1
 455r 1.2519857e+00 9.97e-02 1.07e+02  -6.4 1.91e+01  -4.3 6.48e-01 3.54e-01f  1
 456r 1.2482324e+00 3.48e-01 1.03e+02  -6.4 9.77e+02    -  4.90e-03 3.51e-02h  1
 457r 1.2354475e+00 3.50e-01 2.05e+02  -6.4 5.90e+01  -4.8 5.35e-01 7.47e-02h  1
 458r 1.2168039e+00 6.01e-01 3.79e+02  -6.4 1.57e+02  -5.3 5.16e-01 9.16e-02h  1
 459r 1.2133471e+00 6.44e-01 3.58e+02  -6.4 3.79e+02  -5.8 1.26e-02 1.72e-02h  1
iter    objective    inf_pr   inf_du lg(mu)  ||d||  lg(rg) alpha_du alpha_pr  ls
 460r 1.2071767e+00 8.50e-01 3.27e+02  -6.4 2.49e+03    -  6.81e-03 8.49e-03h  1
 461r 1.1140911e+00 6.46e-01 2.87e+02  -6.4 2.58e+01  -4.4 1.00e+00 4.20e-01h  1
 462r 1.0907319e+00 7.26e-01 2.30e+02  -6.4 7.36e+01  -4.9 9.25e-01 1.64e-01h  1
 463r 1.0723248e+00 1.71e+00 1.53e+02  -6.4 1.94e+02  -5.4 6.66e-02 1.54e-01h  1
 464r 9.7907882e-01 6.22e+00 3.58e+01  -6.4 7.85e+01  -5.0 5.99e-01 8.71e-01h  1
 465r 9.7576303e-01 4.96e+00 1.12e+02  -6.4 2.59e+01  -4.5 1.00e+00 2.11e-01h  1
 466r 9.7011639e-01 4.07e+00 6.58e+01  -6.4 6.53e+01  -5.0 4.52e-01 4.26e-01h  1
 467r 9.6984673e-01 3.89e+00 9.57e+01  -6.4 2.37e+01  -4.6 1.02e-01 4.56e-02h  1
 468r 9.6026757e-01 3.70e-01 1.37e+01  -6.4 9.43e+00  -4.2 8.32e-01 9.57e-01h  1
 469r 9.5910330e-01 5.57e-02 7.13e+00  -6.4 3.50e+00  -3.7 1.00e+00 9.12e-01h  1
iter    objective    inf_pr   inf_du lg(mu)  ||d||  lg(rg) alpha_du alpha_pr  ls
 470r 9.5898729e-01 3.14e-02 4.05e+01  -6.4 1.31e+00  -3.3 8.02e-01 4.49e-01h  1
 471r 9.5942156e-01 5.09e-03 8.46e-03  -6.4 6.09e-02  -2.0 1.00e+00 1.00e+00f  1
 472r 9.5942208e-01 5.08e-03 1.90e-02  -6.4 1.85e-01  -2.5 1.00e+00 1.00e+00h  1
 473r 9.5964317e-01 5.08e-03 4.67e-03  -6.4 6.95e-02  -2.0 1.00e+00 1.00e+00h  1
 474r 9.6000637e-01 5.08e-03 1.19e+01  -6.4 2.08e-01  -2.5 3.85e-01 3.25e-01h  1
 475r 9.6014110e-01 5.08e-03 1.45e-02  -6.4 7.81e-02  -2.1 1.00e+00 1.00e+00f  1
 476r 9.6040781e-01 5.08e-03 3.93e+01  -6.4 2.34e-01  -2.6 5.02e-01 3.03e-01h  1
 477r 9.6071264e-01 5.08e-03 2.12e-02  -6.4 8.77e-02  -2.1 1.00e+00 1.00e+00f  1
 478r 9.6049931e-01 5.08e-03 7.72e+01  -6.4 2.63e-01  -2.6 4.61e-01 2.54e-01h  1
 479r 9.6057458e-01 5.08e-03 5.36e+01  -6.4 9.86e-02  -2.2 1.00e+00 6.12e-01f  1
iter    objective    inf_pr   inf_du lg(mu)  ||d||  lg(rg) alpha_du alpha_pr  ls
 480r 9.6006267e-01 5.08e-03 9.61e+01  -6.4 2.95e-01  -2.7 2.14e-01 1.43e-01f  1
 481r 9.5973274e-01 5.08e-03 8.29e+01  -6.4 1.11e-01  -2.2 1.00e+00 5.97e-01f  1
 482r 9.5877658e-01 5.08e-03 1.91e+02  -6.4 3.32e-01  -2.7 2.79e-01 1.41e-01f  1
 483r 9.5831932e-01 5.08e-03 1.65e+02  -6.4 1.24e-01  -2.3 1.00e+00 3.29e-01f  1
 484r 9.5723296e-01 5.08e-03 3.14e+02  -6.4 3.73e-01  -2.8 3.22e-01 1.30e-01f  1
 485r 9.5642719e-01 5.08e-03 1.98e+02  -6.4 1.40e-01  -2.3 1.00e+00 3.85e-01f  1
 486r 9.5492828e-01 5.08e-03 3.48e+02  -6.4 4.19e-01  -2.8 2.93e-01 1.43e-01f  1
 487r 9.5344683e-01 5.08e-03 7.70e+02  -6.4 2.10e+00  -3.3 1.09e-01 3.36e-02f  1
 488r 9.5281029e-01 5.08e-03 6.41e+02  -6.4 1.03e+01  -3.8 4.54e-03 9.12e-03f  1
 489r 9.5173285e-01 5.08e-03 3.75e+02  -6.4 1.77e-01  -2.4 1.00e+00 3.36e-01f  1
iter    objective    inf_pr   inf_du lg(mu)  ||d||  lg(rg) alpha_du alpha_pr  ls
 490r 9.5151871e-01 5.07e-03 5.52e+02  -6.4 3.69e+02    -  7.92e-02 1.42e-02f  1
 491r 9.4337111e-01 5.07e-03 2.45e+02  -6.4 5.23e-01  -2.9 1.26e-01 1.00e+00f  1
 492r 9.4211340e-01 5.07e-03 2.20e+02  -6.4 1.55e+00  -3.4 2.41e-01 1.56e-01h  1
 493r 9.4565325e-01 3.88e-01 1.69e+02  -6.4 3.70e+02    -  4.72e-01 2.30e-01f  1
 494r 9.4797419e-01 8.20e-01 2.66e+02  -6.4 3.39e+02    -  1.00e+00 1.81e-01h  1
 495r 9.4903350e-01 9.26e-01 2.53e+02  -6.4 2.94e+02    -  6.42e-01 6.40e-02h  1
 496r 9.5726278e-01 1.23e+01 2.08e+02  -6.4 2.90e+02    -  1.00e+00 4.86e-01h  1
 497r 9.5664459e-01 1.10e+01 1.90e+02  -6.4 4.50e+00  -3.9 6.63e-02 1.04e-01h  1
 498r 9.5305607e-01 4.59e+00 8.81e+01  -6.4 7.40e+00  -4.3 1.00e+00 5.76e-01h  1
 499r 9.5042734e-01 7.37e-02 1.85e-01  -6.4 7.31e+00  -4.8 1.00e+00 1.00e+00h  1
iter    objective    inf_pr   inf_du lg(mu)  ||d||  lg(rg) alpha_du alpha_pr  ls
 500r 9.5164622e-01 2.12e-01 3.63e+00  -6.4 2.10e+01  -5.3 1.00e+00 9.20e-01h  1
 501r 9.5387144e-01 2.96e-01 2.48e+00  -6.4 5.77e+01  -5.8 1.00e+00 9.33e-01h  1
 502r 9.6061300e-01 3.22e+00 4.35e+00  -6.4 1.76e+02  -6.3 1.00e+00 1.00e+00h  1
 503r 9.6238350e-01 3.29e+00 5.66e+01  -6.4 4.99e+03    -  3.46e-02 1.05e-02h  1
 504r 9.6285629e-01 3.24e+00 1.21e+02  -6.4 5.92e+02    -  2.13e-02 1.87e-02h  1
 505r 9.6758925e-01 3.14e+00 1.08e+02  -6.4 7.42e+02    -  3.47e-01 1.67e-01h  1
 506r 9.6911364e-01 2.08e+00 1.07e+02  -6.4 1.09e+02    -  5.22e-02 3.47e-01h  1
 507r 9.7125398e-01 5.66e-01 7.88e+01  -6.4 7.55e+01    -  5.31e-01 1.00e+00f  1
 508r 9.7101772e-01 5.87e-01 1.05e+02  -6.4 6.24e+01    -  1.46e-02 6.82e-01h  1
 509r 9.7110814e-01 2.76e-01 7.80e+01  -6.4 2.02e+01    -  1.00e+00 5.78e-01h  1
iter    objective    inf_pr   inf_du lg(mu)  ||d||  lg(rg) alpha_du alpha_pr  ls
 510r 9.7124334e-01 2.29e-02 8.70e+03  -6.4 1.07e+01    -  7.47e-02 1.00e+00h  1
 511r 9.7130678e-01 5.01e-03 2.28e+00  -6.4 4.35e+00    -  9.51e-01 1.00e+00h  1
 512r 9.7132689e-01 3.19e-03 7.45e-04  -6.4 6.64e-01    -  1.00e+00 1.00e+00h  1
 513r 9.7132707e-01 3.19e-03 4.97e-08  -6.4 4.09e-03    -  1.00e+00 1.00e+00h  1
 514r 6.1333045e-01 3.19e-03 8.53e+00  -9.0 1.44e+00    -  6.92e-01 7.00e-01f  1
 515r 6.1636548e-01 9.24e-01 8.34e+00  -9.0 6.25e+02  -6.7 6.56e-02 5.64e-02h  1
 516r 6.2944759e-01 1.10e+00 7.76e+00  -9.0 6.48e+02  -7.2 2.65e-02 3.60e-02h  1
 517r 6.3466343e-01 1.09e+00 9.04e+00  -9.0 7.67e+02  -7.7 5.06e-03 3.57e-03h  1
 518r 6.3463104e-01 1.09e+00 5.62e+01  -9.0 1.90e+00  -3.6 4.28e-03 1.97e-04h  1
 519r 6.3432657e-01 1.09e+00 2.19e+02  -9.0 4.40e+00  -4.1 3.05e-03 2.26e-03h  1
iter    objective    inf_pr   inf_du lg(mu)  ||d||  lg(rg) alpha_du alpha_pr  ls
 520r 6.3188845e-01 1.04e+00 2.09e+02  -9.0 1.28e+01  -4.6 9.29e-04 4.63e-02f  1
 521r 6.3201443e-01 1.02e+00 2.06e+02  -9.0 3.33e+01  -5.1 1.86e-02 1.55e-02h  1
 522r 6.3190773e-01 1.02e+00 3.61e+02  -9.0 8.08e+00  -3.8 2.67e-02 1.84e-04h  1
 523r 6.3019979e-01 9.87e-01 3.49e+02  -9.0 6.02e+00  -4.2 2.54e-03 3.51e-02f  1
 524r 6.2916528e-01 9.65e-01 5.63e+02  -9.0 1.56e+01  -4.7 7.61e-02 2.15e-02f  1
 525r 6.2929996e-01 8.69e-01 5.07e+02  -9.0 4.01e+01  -5.2 6.33e-02 9.97e-02f  1
 526r 6.2911963e-01 8.66e-01 4.94e+02  -9.0 1.65e+01  -4.8 6.61e-02 3.60e-03h  1
 527r 6.3061596e-01 7.35e-01 4.26e+02  -9.0 4.26e+01  -5.2 2.63e-02 1.51e-01f  1
 528r 6.5331290e-01 6.43e-01 4.58e+02  -9.0 9.77e+01  -5.7 2.44e-03 1.25e-01h  1
 529r 6.5089992e-01 6.26e-01 4.22e+02  -9.0 1.32e+00  -3.5 6.71e-02 2.64e-02h  1
iter    objective    inf_pr   inf_du lg(mu)  ||d||  lg(rg) alpha_du alpha_pr  ls
 530r 6.8620117e-01 1.14e+01 4.28e+02  -9.0 1.16e+04    -  1.58e-06 2.15e-02f  1
 531r 6.8555202e-01 1.12e+01 3.42e+02  -9.0 2.85e+00  -4.0 2.85e-01 2.20e-02h  1
 532r 6.6961624e-01 9.20e+00 2.86e+02  -9.0 7.22e+00  -4.4 1.85e-03 1.79e-01h  1
 533r 6.4374204e-01 5.45e+00 8.82e+04  -9.0 3.06e+00  -4.0 4.81e-03 4.08e-01h  1
 534r 6.3382060e-01 3.50e+00 5.67e+04  -9.0 1.20e+00  -3.6 5.75e-01 3.57e-01h  1
 535r 6.3273249e-01 3.41e+00 5.53e+04  -9.0 3.00e+00  -4.1 3.42e-02 2.53e-02h  1
 536r 6.2885938e-01 2.18e+00 3.53e+04  -9.0 1.23e+00  -3.6 2.83e-01 3.62e-01h  1
 537r 6.3548923e-01 2.12e+00 3.43e+04  -9.0 3.29e+00  -4.1 3.65e-02 2.74e-02h  1
 538r 6.3363467e-01 1.36e+00 2.20e+04  -9.0 1.32e+00  -3.7 4.21e-02 3.60e-01h  1
 539r 6.5185738e-01 1.34e+00 2.17e+04  -9.0 6.45e+00  -4.2 2.24e-02 1.16e-02h  1
iter    objective    inf_pr   inf_du lg(mu)  ||d||  lg(rg) alpha_du alpha_pr  ls
 540r 6.6038001e-01 7.71e-01 1.24e+04  -9.0 1.43e+00  -3.7 4.43e-01 4.27e-01h  1
 541r 6.6193362e-01 4.39e-01 7.09e+03  -9.0 5.48e-01  -3.3 4.44e-01 4.30e-01h  1
 542r 6.7640605e-01 3.13e-01 5.04e+03  -9.0 1.54e+00  -3.8 6.62e-01 2.89e-01h  1
 543r 6.8475476e-01 9.93e-02 1.59e+03  -9.0 5.88e-01  -3.4 8.77e-01 6.84e-01h  1
 544r 7.5644094e-01 2.80e-02 4.02e+02  -9.0 1.69e+00  -3.8 9.13e-01 7.47e-01h  1
 545r 7.9710979e-01 3.13e-03 3.72e+01  -9.0 6.30e-01  -3.4 5.47e-01 9.09e-01f  1
 546r 8.2315990e-01 5.38e-03 1.21e+01  -9.0 1.83e+00  -3.9 7.68e-01 1.00e+00f  1
 547r 8.4066753e-01 5.19e-03 1.19e+01  -9.0 5.07e+00  -4.4 2.96e-02 6.67e-02h  1
 548r 9.1395208e-01 5.37e-03 4.75e+01  -9.0 1.38e+01  -4.8 1.48e-02 4.23e-02f  1
 549r 9.3437489e-01 5.20e-03 4.41e+01  -9.0 5.60e+00  -4.4 6.90e-02 7.28e-02f  1
iter    objective    inf_pr   inf_du lg(mu)  ||d||  lg(rg) alpha_du alpha_pr  ls
 550r 9.5137247e-01 5.19e-03 4.40e+01  -9.0 4.19e+01  -4.9 8.03e-03 2.57e-03f  1
 551r 1.0074625e+00 5.90e-03 3.61e+01  -9.0 6.21e+00  -4.5 2.00e-01 1.78e-01f  1
 552r 1.0086351e+00 5.87e-03 3.58e+01  -9.0 1.68e+01  -4.9 1.29e-02 8.77e-03h  1
 553r 1.0134826e+00 6.63e-03 3.50e+01  -9.0 4.51e+01  -5.4 2.58e-02 2.27e-02h  1
 554r 1.0132271e+00 8.01e-03 3.46e+01  -9.0 1.19e+02  -5.9 5.95e-03 1.21e-02h  1
 555r 1.0111552e+00 8.02e-03 3.46e+01  -9.0 2.83e+02  -6.4 1.07e-03 4.36e-04h  1
 556r 1.0111586e+00 8.02e-03 1.71e+02  -9.0 2.06e+01  -5.0 1.51e-01 9.51e-06h  1
 557r 1.0412342e+00 2.37e-02 9.50e+01  -9.0 5.55e+01  -5.5 1.61e-02 8.10e-02f  1
 558r 1.0429619e+00 2.39e-02 9.79e+01  -9.0 1.44e+02  -6.0 8.10e-03 4.34e-03h  1
 559r 1.0551224e+00 2.55e-02 9.35e+01  -9.0 1.02e+03    -  8.09e-04 7.19e-03h  1
iter    objective    inf_pr   inf_du lg(mu)  ||d||  lg(rg) alpha_du alpha_pr  ls
 560r 1.0598473e+00 2.56e-02 8.63e+01  -9.0 6.04e+01  -5.6 5.60e-03 1.22e-02h  1
 561r 1.0765283e+00 5.02e-02 4.99e+01  -9.0 1.57e+02  -6.1 3.94e-04 3.87e-02f  1
 562r 1.0766006e+00 5.02e-02 4.97e+01  -9.0 3.51e+02  -6.5 2.51e-04 3.58e-04h  1
 563r 1.0766075e+00 5.02e-02 5.01e+01  -9.0 1.01e+03    -  3.27e-04 6.66e-06h  1
 564r 1.0763664e+00 5.02e-02 4.97e+01  -9.0 4.06e+04    -  1.00e-10 4.91e-06h  1
 565r 1.0765247e+00 5.03e-02 4.90e+01  -9.0 6.12e+02  -7.0 1.87e-04 9.81e-04f  1
 566r 1.0768102e+00 5.03e-02 4.90e+01  -9.0 8.18e+02  -7.5 3.80e-05 3.40e-04h  1
 567r 1.0770748e+00 5.46e-01 9.65e+01  -9.0 1.01e+03    -  1.22e-01 7.43e-02f  1
 568r 1.0818414e+00 2.06e+00 6.06e+01  -9.0 1.11e+03    -  3.24e-02 6.53e-02h  1
 569r 1.0822499e+00 2.05e+00 5.37e+01  -9.0 7.69e+02    -  6.99e-03 1.40e-02h  1
iter    objective    inf_pr   inf_du lg(mu)  ||d||  lg(rg) alpha_du alpha_pr  ls
 570r 1.0826360e+00 2.05e+00 5.30e+01  -9.0 6.50e+02    -  4.53e-03 5.05e-03h  1
 571r 1.0827785e+00 2.05e+00 5.30e+01  -9.0 1.42e+02  -6.2 3.04e-04 2.93e-04h  1
 572r 1.0835784e+00 2.06e+00 5.26e+01  -9.0 6.34e+02    -  3.49e-03 1.33e-02h  1
 573r 1.0837117e+00 2.06e+00 5.19e+01  -9.0 6.22e+02    -  1.54e-03 7.53e-04h  1
 574r 1.0842220e+00 2.06e+00 5.22e+01  -9.0 6.21e+02    -  9.11e-03 1.01e-02h  1
 575r 1.0844440e+00 2.06e+00 5.22e+01  -9.0 5.01e+03    -  9.67e-05 5.26e-05h  1
 576r 1.0850946e+00 2.06e+00 8.06e+01  -9.0 6.17e+02    -  5.94e-02 1.36e-02h  1
 577r 1.0853473e+00 2.06e+00 8.08e+01  -9.0 6.12e+02    -  2.54e-03 1.92e-03h  1
 578r 1.0897273e+00 3.28e+00 4.97e+01  -9.0 6.10e+02    -  4.12e-02 9.22e-02h  1
 579r 1.0899601e+00 3.28e+00 4.97e+01  -9.0 3.45e+02  -6.6 6.63e-05 4.39e-05h  1
iter    objective    inf_pr   inf_du lg(mu)  ||d||  lg(rg) alpha_du alpha_pr  ls
 580r 1.0900014e+00 3.28e+00 4.89e+01  -9.0 5.77e+02    -  1.00e-02 9.14e-04h  1
 581r 1.0905538e+00 3.26e+00 4.89e+01  -9.0 5.77e+02    -  3.04e-03 7.17e-03h  1
 582r 1.0913647e+00 3.22e+00 4.92e+01  -9.0 5.73e+02    -  4.56e-03 1.47e-02h  1
 583r 1.0916142e+00 3.21e+00 4.80e+01  -9.0 5.67e+02    -  1.36e-02 5.40e-03h  1
 584r 1.0917011e+00 3.20e+00 4.81e+01  -9.0 1.76e+02  -5.3 3.63e-03 1.20e-03h  1
 585r 1.0896929e+00 3.19e+00 4.79e+01  -9.0 1.76e+02  -4.9 3.59e-03 3.46e-03h  1
 586r 1.0911534e+00 3.13e+00 4.48e+01  -9.0 5.68e+02    -  2.87e-04 3.03e-02h  1
 587r 1.0918013e+00 3.12e+00 4.45e+01  -9.0 1.90e+02  -5.4 5.71e-03 4.79e-03h  1
 588r 1.0920862e+00 3.10e+00 5.00e+01  -9.0 5.45e+02    -  5.63e-02 6.60e-03h  1
 589r 1.0933332e+00 3.06e+00 5.27e+01  -9.0 5.42e+02    -  3.19e-02 2.59e-02h  1
iter    objective    inf_pr   inf_du lg(mu)  ||d||  lg(rg) alpha_du alpha_pr  ls
 590r 1.0951780e+00 3.00e+00 4.12e+01  -9.0 5.34e+02    -  6.65e-03 3.36e-02h  1
 591r 1.0957633e+00 2.97e+00 6.28e+01  -9.0 5.19e+02    -  5.82e-02 1.23e-02h  1
 592r 1.0959834e+00 2.97e+00 6.30e+01  -9.0 5.13e+02    -  2.15e-03 1.60e-03h  1
 593r 1.0991750e+00 2.90e+00 5.60e+01  -9.0 5.12e+02    -  5.67e-02 6.18e-02h  1
 594r 1.1012066e+00 2.82e+00 3.84e+01  -9.0 4.84e+02    -  7.37e-03 3.54e-02h  1
 595r 1.1053679e+00 2.70e+00 3.95e+01  -9.0 4.67e+02    -  8.87e-02 8.13e-02f  1
 596r 1.1074253e+00 2.56e+00 3.80e+01  -9.0 4.34e+02    -  1.59e-02 7.25e-02h  1
 597r 1.1074821e+00 2.56e+00 3.78e+01  -9.0 4.17e+02    -  1.76e-03 9.65e-04h  1
 598r 1.1072958e+00 2.49e+00 4.17e+01  -9.0 4.09e+02    -  4.47e-03 2.71e-02h  1
 599r 1.1063970e+00 2.48e+00 3.86e+01  -9.0 4.40e+02    -  1.93e-02 5.08e-03h  1
iter    objective    inf_pr   inf_du lg(mu)  ||d||  lg(rg) alpha_du alpha_pr  ls
 600r 1.1065716e+00 2.47e+00 1.22e+02  -9.0 4.01e+02  -5.8 8.13e-02 5.13e-03h  1
 601r 1.1067575e+00 2.46e+00 1.22e+02  -9.0 4.07e+02  -6.3 4.24e-03 3.13e-03h  1
 602r 1.0942460e+00 2.46e+00 1.23e+02  -9.0 6.20e+03    -  3.53e-04 2.02e-03h  1
 603r 1.0928890e+00 2.44e+00 1.23e+02  -9.0 5.00e+02    -  2.12e-03 4.52e-03h  1
 604r 1.0857283e+00 2.26e+00 1.54e+02  -9.0 4.35e+02    -  1.76e-02 1.01e-01h  1
 605r 1.0858227e+00 2.26e+00 1.52e+02  -9.0 5.09e+02    -  1.06e-02 1.77e-03h  1
 606r 1.0863171e+00 2.22e+00 1.49e+02  -9.0 5.10e+02    -  1.56e-02 1.54e-02h  1
 607r 1.0862875e+00 2.22e+00 1.49e+02  -9.0 5.22e+02    -  2.17e-03 3.85e-04h  1
 608r 1.0862801e+00 2.22e+00 1.42e+02  -9.0 5.22e+02    -  5.66e-02 1.80e-03h  1
 609r 1.0861855e+00 2.22e+00 1.44e+02  -9.0 1.52e+03    -  1.04e-02 6.02e-05h  1
iter    objective    inf_pr   inf_du lg(mu)  ||d||  lg(rg) alpha_du alpha_pr  ls
 610r 1.0860781e+00 2.22e+00 1.44e+02  -9.0 1.18e+03    -  7.18e-04 1.49e-04h  1
 611r 1.0840643e+00 2.20e+00 1.42e+02  -9.0 1.12e+03    -  3.04e-03 8.62e-03h  1
 612r 1.0840739e+00 2.20e+00 1.40e+02  -9.0 5.33e+02    -  1.45e-02 1.85e-04h  1
 613r 1.0880902e+00 2.07e+00 1.35e+02  -9.0 5.33e+02    -  3.50e-02 8.33e-02f  1
 614r 1.0881292e+00 2.07e+00 1.34e+02  -9.0 6.19e+02    -  1.04e-02 4.53e-04h  1
 615r 1.1127630e+00 2.31e+00 1.34e+02  -9.0 6.19e+02    -  8.47e-02 2.59e-01f  1
 616r 1.1129071e+00 2.31e+00 1.31e+02  -9.0 9.33e+02    -  1.34e-02 6.45e-04h  1
 617r 1.1527516e+00 2.49e+00 1.42e+02  -9.0 9.34e+02    -  2.28e-02 1.77e-01f  1
 618r 1.1527516e+00 2.49e+00 9.95e+02  -9.0 1.24e+03    -  0.00e+00 1.06e-09R  2
In iteration 618, 1 Slack too small, adjusting variable bound
 619r 1.1527516e+00 2.49e+00 9.95e+02  -9.0 8.88e+04    -  7.51e-04 1.55e-10f  1
iter    objective    inf_pr   inf_du lg(mu)  ||d||  lg(rg) alpha_du alpha_pr  ls
 620r 1.1526077e+00 2.47e+00 9.95e+02  -9.0 9.44e+04    -  6.75e-04 8.76e-05f  1
 621r 1.1525769e+00 2.47e+00 9.95e+02  -9.0 9.04e+04    -  1.43e-04 1.68e-05f  6
 622r 1.1525489e+00 2.46e+00 9.95e+02  -9.0 8.97e+04    -  6.81e-05 1.49e-05f  6
 623r 1.1525368e+00 2.46e+00 9.95e+02  -9.0 8.92e+04    -  5.95e-05 6.39e-06f  6
 624r 1.1525288e+00 2.46e+00 9.95e+02  -9.0 8.94e+04    -  6.62e-06 4.12e-06f  4
 625r 1.1525192e+00 2.46e+00 9.95e+02  -9.0 8.92e+04    -  1.73e-05 4.96e-06f  4
 626r 1.1524078e+00 2.44e+00 9.95e+02  -9.0 8.89e+04    -  2.88e-05 5.72e-05f  1
 627r 1.1522343e+00 2.42e+00 9.95e+02  -9.0 8.68e+04    -  7.69e-05 8.60e-05f  1
 628r 1.1520016e+00 2.39e+00 9.95e+02  -9.0 8.35e+04    -  6.36e-05 1.08e-04f  1
 629r 1.1518543e+00 2.37e+00 9.95e+02  -9.0 8.01e+04    -  2.40e-04 6.45e-05f  1
iter    objective    inf_pr   inf_du lg(mu)  ||d||  lg(rg) alpha_du alpha_pr  ls
 630r 1.1513512e+00 2.34e+00 9.94e+02  -9.0 7.69e+04    -  6.83e-04 2.18e-04f  1
 631r 1.1510104e+00 2.28e+00 9.94e+02  -9.0 5.08e+04    -  1.29e-05 2.01e-04f  1
 632r 1.1509874e+00 2.27e+00 9.94e+02  -9.0 4.92e+04    -  8.97e-03 1.56e-05f  1
 633r 1.1486449e+00 1.84e+00 9.94e+02  -9.0 4.76e+04    -  2.08e-05 1.54e-03f  1
In iteration 633, 1 Slack too small, adjusting variable bound
 634r 1.1346232e+00 1.70e+00 9.92e+02  -9.0 3.76e+04    -  2.64e-03 5.57e-03f  1
In iteration 634, 1 Slack too small, adjusting variable bound
 635r 1.1343819e+00 1.70e+00 9.92e+02  -9.0 1.66e+04    -  5.40e-05 3.83e-05f  1
In iteration 635, 1 Slack too small, adjusting variable bound
 636r 1.1243590e+00 1.69e+00 9.91e+02  -9.0 1.62e+04    -  2.55e-04 2.17e-03f  1
In iteration 636, 1 Slack too small, adjusting variable bound
 637r 1.1246114e+00 1.69e+00 9.91e+02  -9.0 1.74e+04  -6.8 1.84e-04 4.50e-05f  1
In iteration 637, 1 Slack too small, adjusting variable bound
 638r 1.1230902e+00 1.68e+00 9.91e+02  -9.0 1.78e+04    -  1.23e-05 3.55e-04f  1
In iteration 638, 1 Slack too small, adjusting variable bound
 639r 1.1226898e+00 1.68e+00 9.91e+02  -9.0 2.42e+04    -  4.99e-06 2.30e-05f  1
In iteration 639, 1 Slack too small, adjusting variable bound
iter    objective    inf_pr   inf_du lg(mu)  ||d||  lg(rg) alpha_du alpha_pr  ls
 640r 1.1180196e+00 1.68e+00 9.90e+02  -9.0 1.83e+04    -  1.50e-03 1.12e-03f  1
In iteration 640, 1 Slack too small, adjusting variable bound
 641r 1.1118337e+00 1.67e+00 9.84e+02  -9.0 1.89e+04    -  5.99e-03 1.60e-03f  1
In iteration 641, 1 Slack too small, adjusting variable bound
 642r 1.1127254e+00 1.86e+00 9.73e+02  -9.0 1.76e+04    -  1.04e-02 1.26e-02f  1
In iteration 642, 1 Slack too small, adjusting variable bound
 643r 1.0864388e+00 1.90e+00 9.69e+02  -9.0 2.56e+04    -  4.25e-03 2.05e-03f  1
In iteration 643, 1 Slack too small, adjusting variable bound
 644r 1.0867231e+00 1.90e+00 9.68e+02  -9.0 2.52e+04    -  1.82e-03 9.55e-05f  1
In iteration 644, 1 Slack too small, adjusting variable bound
 645r 1.0947644e+00 1.96e+00 9.58e+02  -9.0 2.47e+04    -  1.00e-02 2.59e-03f  1
In iteration 645, 1 Slack too small, adjusting variable bound
 646r 1.1278328e+00 2.69e+00 9.54e+02  -9.0 2.27e+04    -  4.03e-03 9.76e-03f  1
In iteration 646, 1 Slack too small, adjusting variable bound
 647r 1.1270241e+00 2.69e+00 9.53e+02  -9.0 1.42e+04  -6.4 1.13e-03 1.90e-04f  1
In iteration 647, 1 Slack too small, adjusting variable bound
 648r 1.1356547e+00 2.69e+00 9.52e+02  -9.0 3.44e+04    -  4.44e-04 9.57e-04f  1
In iteration 648, 2 Slacks too small, adjusting variable bounds
 649r 1.1485588e+00 2.71e+00 9.52e+02  -9.0 2.51e+04    -  1.41e-04 1.45e-03f  1
In iteration 649, 1 Slack too small, adjusting variable bound
iter    objective    inf_pr   inf_du lg(mu)  ||d||  lg(rg) alpha_du alpha_pr  ls
 650r 1.1493645e+00 2.71e+00 9.52e+02  -9.0 2.53e+04    -  1.62e-05 8.47e-05f  1
In iteration 650, 1 Slack too small, adjusting variable bound
 651r 1.1713862e+00 2.76e+00 9.42e+02  -9.0 2.53e+04    -  1.08e-02 2.31e-03f  1
In iteration 651, 1 Slack too small, adjusting variable bound
 652r 1.1713885e+00 2.76e+00 9.42e+02  -9.0 1.12e+04  -6.8 3.42e-04 6.60e-07f  1
In iteration 652, 1 Slack too small, adjusting variable bound
 653r 1.1725641e+00 2.75e+00 9.40e+02  -9.0 1.93e+04    -  1.65e-03 3.22e-04f  1
In iteration 653, 1 Slack too small, adjusting variable bound
 654r 1.1725694e+00 2.75e+00 9.40e+02  -9.0 9.94e+03  -6.4 3.32e-04 8.93e-07f  1
In iteration 654, 1 Slack too small, adjusting variable bound
 655r 1.2031304e+00 6.56e+00 9.40e+02  -9.0 1.94e+04    -  1.30e-04 8.56e-03f  1
In iteration 655, 1 Slack too small, adjusting variable bound
 656r 1.2031304e+00 6.56e+00 9.37e+02  -9.0 4.36e+04    -  3.42e-03 2.30e-09h  1
In iteration 656, 1 Slack too small, adjusting variable bound
 657r 1.2066606e+00 6.81e+00 9.36e+02  -9.0 3.42e+04    -  6.00e-04 1.17e-03f  1
In iteration 657, 1 Slack too small, adjusting variable bound
 658r 1.2077541e+00 6.79e+00 9.30e+02  -9.0 2.64e+03    -  6.15e-03 2.26e-03f  1
In iteration 658, 1 Slack too small, adjusting variable bound
 659r 1.2096183e+00 6.77e+00 9.28e+02  -9.0 1.56e+03    -  2.55e-03 3.04e-03f  1
In iteration 659, 1 Slack too small, adjusting variable bound
iter    objective    inf_pr   inf_du lg(mu)  ||d||  lg(rg) alpha_du alpha_pr  ls
 660r 1.2246724e+00 6.68e+00 9.28e+02  -9.0 2.09e+03    -  4.30e-09 3.12e-02f  1
In iteration 660, 1 Slack too small, adjusting variable bound
 661r 1.2253157e+00 6.68e+00 9.00e+02  -9.0 1.23e+03    -  1.19e-01 1.03e-03f  1
In iteration 661, 1 Slack too small, adjusting variable bound
 662r 1.2270229e+00 6.66e+00 8.78e+02  -9.0 9.53e+02    -  1.11e-08 2.51e-03f  1
In iteration 662, 1 Slack too small, adjusting variable bound
 663r 1.2270307e+00 6.66e+00 9.81e+02  -9.0 1.15e+03    -  2.50e-02 1.21e-05f  1
In iteration 663, 1 Slack too small, adjusting variable bound
 664r 1.2274305e+00 6.65e+00 9.76e+02  -9.0 9.49e+02    -  2.18e-06 5.84e-04f  1
In iteration 664, 1 Slack too small, adjusting variable bound
 665r 1.2320381e+00 6.60e+00 9.34e+02  -9.0 9.48e+02    -  2.19e-03 6.72e-03f  1
In iteration 665, 1 Slack too small, adjusting variable bound
 666r 1.2488266e+00 6.44e+00 8.31e+02  -9.0 9.38e+02    -  1.72e-04 2.43e-02f  1
In iteration 666, 1 Slack too small, adjusting variable bound
 667r 1.2631507e+00 6.27e+00 8.82e+02  -9.0 9.43e+02    -  6.84e-06 2.38e-02f  1
In iteration 667, 1 Slack too small, adjusting variable bound
 668r 1.2914148e+00 5.92e+00 9.00e+02  -9.0 9.38e+02    -  1.05e-02 5.20e-02f  1
 669r 1.3601887e+00 5.25e+00 8.16e+02  -9.0 8.15e+02    -  4.79e-02 1.05e-01f  1
iter    objective    inf_pr   inf_du lg(mu)  ||d||  lg(rg) alpha_du alpha_pr  ls
 670r 1.3642549e+00 5.24e+00 8.83e+02  -9.0 9.10e+02  -6.9 7.54e-02 1.41e-03f  1
 671r 1.4271995e+00 5.02e+00 7.55e+02  -9.0 9.40e+02  -7.4 1.30e-03 4.43e-02f  1
 672r 1.4264660e+00 5.01e+00 7.53e+02  -9.0 3.20e+03    -  2.00e-03 1.85e-03f  1
 673r 1.4265587e+00 5.01e+00 7.20e+02  -9.0 2.85e+03    -  2.61e-02 9.42e-04f  1
 674r 1.4268702e+00 5.01e+00 7.19e+02  -9.0 9.98e+02  -6.9 4.67e-04 7.34e-05f  1
 675r 1.4283208e+00 5.00e+00 7.19e+02  -9.0 9.13e+02  -6.5 9.35e-05 2.59e-04f  1
 676r 1.4370299e+00 5.00e+00 7.23e+02  -9.0 1.01e+03  -7.0 3.38e-04 1.81e-03f  1
 677r 1.4439728e+00 4.99e+00 7.24e+02  -9.0 9.32e+02  -6.6 6.78e-04 1.77e-03f  1
 678r 1.4451174e+00 4.99e+00 7.23e+02  -9.0 2.23e+03  -7.0 2.91e-04 1.04e-04f  1
 679r 1.4460397e+00 4.98e+00 7.21e+02  -9.0 9.53e+02  -6.6 7.03e-04 1.87e-04f  1
iter    objective    inf_pr   inf_du lg(mu)  ||d||  lg(rg) alpha_du alpha_pr  ls
 680r 1.4467147e+00 4.98e+00 7.14e+02  -9.0 8.08e+03  -7.1 4.35e-04 1.32e-05f  1
 681r 1.4486539e+00 4.98e+00 7.14e+02  -9.0 9.72e+02  -6.7 3.08e-05 2.50e-04f  1
 682r 1.4491688e+00 4.98e+00 7.08e+02  -9.0 1.92e+04  -7.1 1.91e-04 5.00e-06f  1
 683r 1.4500836e+00 4.98e+00 7.06e+02  -9.0 9.96e+02  -6.7 3.93e-04 8.07e-05f  1
 684r 1.4712406e+00 4.98e+00 7.14e+02  -9.0 7.98e+03  -7.2 2.79e-04 8.64e-04f  1
 685r 1.4721062e+00 4.98e+00 7.14e+02  -9.0 3.31e+03  -6.8 3.40e-05 2.56e-05f  1
 686r 1.4920635e+00 4.97e+00 7.14e+02  -9.0 5.94e+02  -5.4 1.31e-04 1.68e-03f  1
 687r 1.4932523e+00 4.96e+00 7.17e+02  -9.0 1.35e+02  -4.1 1.70e-03 1.20e-03f  1
 688r 1.4945859e+00 4.96e+00 7.19e+02  -9.0 3.42e+01  -3.7 1.92e-03 1.52e-03f  1
 689r 1.4932583e+00 4.96e+00 7.18e+02  -9.0 9.89e+01  -4.2 2.79e-04 3.39e-04f  1
iter    objective    inf_pr   inf_du lg(mu)  ||d||  lg(rg) alpha_du alpha_pr  ls
 690r 1.4930117e+00 4.94e+00 7.04e+02  -9.0 3.79e+01  -3.7 3.63e-04 2.17e-03f  1
 691r 1.4890574e+00 4.94e+00 7.03e+02  -9.0 1.06e+02  -4.2 1.07e-03 1.08e-03f  1
 692r 1.4870432e+00 4.91e+00 6.93e+02  -9.0 4.21e+01  -3.8 5.28e-03 6.16e-03f  1
 693r 1.4885754e+00 4.90e+00 6.93e+02  -9.0 1.07e+02  -4.3 1.12e-04 2.30e-03f  1
 694r 1.4873468e+00 4.87e+00 6.92e+02  -9.0 4.73e+01  -3.8 5.28e-05 5.91e-03f  1
 695r 1.4873379e+00 4.87e+00 6.91e+02  -9.0 1.17e+02  -4.3 1.57e-03 1.12e-05f  1
 696r 1.4864752e+00 4.85e+00 6.86e+02  -9.0 5.28e+01  -3.9 7.50e-03 3.23e-03f  1
 697r 1.4866646e+00 4.85e+00 6.86e+02  -9.0 1.23e+02  -4.4 5.59e-04 2.61e-04f  1
 698r 1.4866714e+00 4.85e+00 6.86e+02  -9.0 5.84e+01  -3.9 3.98e-04 2.79e-05f  1
 699r 1.4868702e+00 4.85e+00 6.85e+02  -9.0 1.24e+02  -4.4 1.81e-04 6.87e-05f  1
iter    objective    inf_pr   inf_du lg(mu)  ||d||  lg(rg) alpha_du alpha_pr  ls
 700r 1.4871128e+00 4.85e+00 6.85e+02  -9.0 6.36e+01  -4.0 4.31e-06 9.91e-04f  1
 701r 1.4870710e+00 4.84e+00 6.84e+02  -9.0 1.44e+02  -4.5 2.37e-03 1.73e-03f  1
 702r 1.4870808e+00 4.84e+00 6.84e+02  -9.0 6.95e+01  -4.0 2.00e-04 1.06e-05f  1
 703r 1.4871549e+00 4.83e+00 6.82e+02  -9.0 1.53e+02  -4.5 2.46e-03 1.70e-03f  1
 704r 1.4871563e+00 4.83e+00 7.37e+02  -9.0 7.59e+01  -4.1 6.55e-03 2.18e-06f  1
 705r 1.4870288e+00 4.82e+00 7.15e+02  -9.0 1.59e+02  -4.6 4.92e-05 2.47e-03f  1
 706r 1.4876771e+00 4.81e+00 7.05e+02  -9.0 8.21e+01  -4.1 5.91e-04 1.50e-03f  1
 707r 1.4883808e+00 4.80e+00 7.03e+02  -9.0 1.69e+02  -4.6 8.57e-04 1.03e-03f  1
 708r 1.4896649e+00 4.79e+00 7.08e+02  -9.0 8.95e+01  -4.2 2.67e-03 1.98e-03f  1
 709r 1.4897985e+00 4.79e+00 6.99e+02  -9.0 1.79e+02  -4.7 1.25e-05 9.65e-04f  1
iter    objective    inf_pr   inf_du lg(mu)  ||d||  lg(rg) alpha_du alpha_pr  ls
 710r 1.4939643e+00 4.76e+00 7.16e+02  -9.0 6.51e+01  -4.2 8.05e-06 7.23e-03f  1
 711r 1.4940170e+00 4.75e+00 7.13e+02  -9.0 1.32e+02  -4.7 1.28e-03 3.14e-04f  1
 712r 1.4941385e+00 4.75e+00 7.02e+02  -9.0 7.02e+01  -4.3 3.93e-03 2.99e-04f  1
 713r 1.4942939e+00 4.73e+00 7.08e+02  -9.0 1.42e+02  -4.8 4.03e-04 4.01e-03f  1
 714r 1.4948758e+00 4.73e+00 6.99e+02  -9.0 7.58e+01  -4.3 3.93e-03 1.23e-03f  1
 715r 1.4951511e+00 4.72e+00 6.64e+02  -9.0 1.50e+02  -4.8 1.82e-02 2.35e-03f  1
 716r 1.4955728e+00 4.71e+00 6.47e+02  -9.0 8.14e+01  -4.4 1.31e-02 1.16e-03f  1
 717r 1.4960039e+00 4.70e+00 6.43e+02  -9.0 1.59e+02  -4.9 7.26e-03 2.94e-03f  1
 718r 1.4959190e+00 4.70e+00 6.43e+02  -9.0 3.41e+02  -5.4 2.96e-04 2.43e-04f  1
 719r 1.4972225e+00 4.68e+00 6.40e+02  -9.0 1.68e+02  -4.9 3.48e-03 3.73e-03f  1
iter    objective    inf_pr   inf_du lg(mu)  ||d||  lg(rg) alpha_du alpha_pr  ls
 720r 1.4978563e+00 4.68e+00 6.40e+02  -9.0 1.11e+04  -5.4 5.00e-05 8.11e-06f  1
 721r 1.4981126e+00 4.68e+00 6.38e+02  -9.0 1.78e+02  -5.0 3.57e-03 3.17e-04f  1
 722r 1.4973884e+00 4.67e+00 6.38e+02  -9.0 1.18e+02  -5.5 5.57e-05 7.66e-04f  1
 723r 1.4954466e+00 4.64e+00 6.37e+02  -9.0 1.61e+02  -5.9 8.33e-04 6.02e-03f  1
 724r 1.4952452e+00 4.64e+00 6.25e+02  -9.0 1.20e+03  -6.4 2.00e-02 1.12e-03f  1
 725r 1.4934155e+00 4.60e+00 6.17e+02  -9.0 1.90e+02  -6.0 1.24e-02 7.92e-03f  1
 726r 1.4863323e+00 4.54e+00 6.13e+02  -9.0 9.91e+01  -5.6 6.25e-03 1.46e-02f  1
 727r 1.4864567e+00 4.51e+00 6.05e+02  -9.0 2.44e+02  -6.0 1.27e-02 6.14e-03f  1
 728r 1.4822808e+00 4.45e+00 6.05e+02  -9.0 1.10e+02  -5.6 3.43e-04 1.45e-02f  1
 729r 1.4826355e+00 4.44e+00 6.05e+02  -9.0 4.68e+01  -4.3 4.85e-04 4.33e-04f  1
iter    objective    inf_pr   inf_du lg(mu)  ||d||  lg(rg) alpha_du alpha_pr  ls
 730r 1.4827695e+00 4.44e+00 6.04e+02  -9.0 4.25e+01  -3.9 7.07e-04 1.32e-04f  1
 731r 1.4837858e+00 4.44e+00 6.04e+02  -9.0 4.77e+01  -4.3 5.65e-05 9.64e-04f  1
 732r 1.4858324e+00 4.44e+00 6.04e+02  -9.0 7.42e+01  -4.8 1.66e-04 3.67e-04f  1
 733r 1.4859979e+00 4.44e+00 6.04e+02  -9.0 4.86e+01  -4.4 1.63e-04 1.26e-04f  1
 734r 1.4873147e+00 4.44e+00 6.04e+02  -9.0 8.91e+01  -4.9 3.80e-05 1.60e-04f  1
 735r 1.4873518e+00 4.44e+00 6.04e+02  -9.0 4.94e+01  -4.4 2.00e-04 1.42e-04f  1
 736r 1.4884391e+00 4.43e+00 6.04e+02  -9.0 4.43e+01  -4.0 1.10e-04 1.04e-03f  1
 737r 1.4887347e+00 4.43e+00 6.04e+02  -9.0 9.36e+01  -4.5 1.07e-04 1.06e-04f  1
 738r 1.4888425e+00 4.43e+00 6.04e+02  -9.0 4.53e+01  -4.1 1.71e-04 9.82e-05f  1
 739r 1.4893119e+00 4.43e+00 6.04e+02  -9.0 1.32e+02  -4.5 2.90e-04 1.39e-04f  1
iter    objective    inf_pr   inf_du lg(mu)  ||d||  lg(rg) alpha_du alpha_pr  ls
 740r 1.4938720e+00 4.43e+00 6.04e+02  -9.0 5.13e+01  -4.1 1.36e-04 9.08e-04f  1
 741r 1.4962261e+00 4.42e+00 2.12e+03  -9.0 5.68e+01  -4.6 2.05e-05 7.03e-04f  1
 742r 1.5015583e+00 4.42e+00 2.12e+03  -9.0 5.34e+01  -4.2 6.81e-04 1.07e-03f  1
 743r 1.5019846e+00 4.42e+00 2.11e+03  -9.0 6.45e+01  -4.6 1.42e-04 1.86e-04f  1
 744r 1.5047836e+00 4.41e+00 2.11e+03  -9.0 5.49e+01  -4.2 1.31e-04 4.90e-04f  1
 745r 1.5052665e+00 4.41e+00 2.12e+03  -9.0 5.55e+01  -4.7 1.75e-04 5.82e-05f  1
 746r 1.5084781e+00 4.41e+00 2.12e+03  -9.0 5.54e+01  -4.3 1.29e-04 5.45e-04f  1
 747r 1.5093909e+00 4.41e+00 2.12e+03  -9.0 6.04e+01  -4.7 1.18e-04 1.02e-04f  1
 748r 1.5099533e+00 4.41e+00 2.11e+03  -9.0 5.48e+01  -4.3 1.30e-05 1.81e-04f  1
 749r 1.5100294e+00 4.41e+00 2.10e+03  -9.0 1.76e+02  -4.8 3.68e-05 7.32e-05f  1
iter    objective    inf_pr   inf_du lg(mu)  ||d||  lg(rg) alpha_du alpha_pr  ls
 750r 1.5102010e+00 4.41e+00 2.15e+03  -9.0 5.34e+01  -4.4 6.95e-04 9.05e-05f  1
 751r 1.5108601e+00 4.41e+00 2.15e+03  -9.0 5.00e+01  -3.9 2.44e-04 1.91e-04f  1
 752r 1.5120956e+00 4.41e+00 2.10e+03  -9.0 5.42e+01  -4.4 5.70e-05 6.87e-04f  1
 753r 1.5133966e+00 4.40e+00 2.10e+03  -9.0 5.11e+01  -4.0 2.26e-04 2.77e-04f  1
 754r 1.5139267e+00 4.40e+00 2.10e+03  -9.0 5.41e+01  -4.5 5.77e-05 7.63e-05f  1
 755r 1.5158640e+00 4.40e+00 2.09e+03  -9.0 5.21e+01  -4.0 1.33e-03 4.08e-04f  1
 756r 1.5180360e+00 4.40e+00 2.09e+03  -9.0 1.37e+02  -4.5 1.15e-04 2.84e-04f  1
 757r 1.5185015e+00 4.40e+00 2.12e+03  -9.0 1.73e+03  -5.0 1.74e-05 3.02e-06f  1
 758r 1.5188010e+00 4.40e+00 2.11e+03  -9.0 5.67e+01  -4.6 1.50e-04 2.61e-04f  1
 759r 1.5276899e+00 4.39e+00 2.11e+03  -9.0 5.37e+01  -4.1 6.55e-04 1.86e-03f  1
iter    objective    inf_pr   inf_du lg(mu)  ||d||  lg(rg) alpha_du alpha_pr  ls
 760r 1.5279817e+00 4.39e+00 2.10e+03  -9.0 5.77e+01  -4.6 3.50e-04 4.29e-04f  1
 761r 1.5290169e+00 4.39e+00 2.08e+03  -9.0 5.22e+01  -4.2 2.24e-05 3.11e-04f  1
 762r 1.5292522e+00 4.39e+00 2.05e+03  -9.0 5.89e+01  -4.7 2.67e-04 6.45e-04f  1
 763r 1.5294195e+00 4.39e+00 2.04e+03  -9.0 5.51e+01  -4.2 1.26e-03 3.91e-05f  1
 764r 1.5303430e+00 4.38e+00 2.04e+03  -9.0 7.11e+02  -4.7 3.56e-06 3.35e-04f  1
 765r 1.5306484e+00 4.38e+00 2.03e+03  -9.0 5.37e+01  -4.3 2.30e-04 3.06e-04f  1
 766r 1.5305768e+00 4.38e+00 2.04e+03  -9.0 6.02e+01  -4.8 2.96e-04 2.05e-04f  1
 767r 1.5307663e+00 4.38e+00 2.05e+03  -9.0 5.36e+01  -4.3 2.44e-04 3.59e-05f  1
 768r 1.5312361e+00 4.38e+00 2.02e+03  -9.0 6.92e+01  -4.8 1.03e-05 4.54e-04f  1
 769r 1.5319257e+00 4.38e+00 2.01e+03  -9.0 5.51e+01  -4.4 9.00e-04 1.05e-03f  1
iter    objective    inf_pr   inf_du lg(mu)  ||d||  lg(rg) alpha_du alpha_pr  ls
 770r 1.5319207e+00 4.38e+00 2.02e+03  -9.0 1.04e+02  -4.9 1.06e-04 2.70e-06f  1
 771r 1.5326777e+00 4.37e+00 2.18e+03  -9.0 5.58e+01  -4.5 5.59e-03 1.70e-03f  1
 772r 1.5333455e+00 4.37e+00 2.18e+03  -9.0 1.14e+02  -4.9 1.08e-04 1.38e-04f  1
 773r 1.5328238e+00 4.35e+00 2.10e+03  -9.0 5.65e+01  -4.5 2.58e-03 4.83e-03f  1
 774r 1.5333513e+00 4.35e+00 2.14e+03  -9.0 8.74e+01  -5.0 1.36e-03 1.33e-04f  1
 775r 1.5334212e+00 4.33e+00 2.08e+03  -9.0 5.78e+01  -4.6 1.48e-03 3.85e-03f  1
 776r 1.5379858e+00 4.32e+00 2.19e+03  -9.0 8.05e+01  -5.0 5.13e-03 1.35e-03f  1
 777r 1.5391641e+00 4.29e+00 2.10e+03  -9.0 5.91e+01  -4.6 3.27e-03 7.55e-03f  1
 778r 1.5514234e+00 4.27e+00 2.71e+03  -9.0 6.03e+01  -5.1 4.59e-02 4.65e-03f  1
 779r 1.5536670e+00 4.27e+00 2.70e+03  -9.0 6.18e+01  -4.7 7.01e-05 6.54e-04f  1
iter    objective    inf_pr   inf_du lg(mu)  ||d||  lg(rg) alpha_du alpha_pr  ls
 780r 1.6305479e+00 4.12e+00 2.44e+03  -9.0 6.59e+01  -5.1 1.86e-02 3.44e-02f  1
 781r 1.6357656e+00 4.12e+00 2.41e+03  -9.0 7.26e+01  -4.7 1.20e-02 1.86e-03f  1
 782r 1.6377871e+00 4.11e+00 2.41e+03  -9.0 9.47e+01  -5.2 1.33e-04 2.08e-03f  1
 783r 1.6379939e+00 4.11e+00 2.38e+03  -9.0 7.36e+01  -4.8 1.80e-02 1.03e-04f  1
 784r 1.6550578e+00 4.03e+00 2.37e+03  -9.0 1.06e+02  -5.2 6.69e-06 1.96e-02f  1
 785r 1.6463035e+00 4.01e+00 2.36e+03  -9.0 6.93e+01  -4.8 2.34e-05 3.38e-03f  1
 786r 1.6320514e+00 4.00e+00 2.36e+03  -9.0 3.01e+02  -5.3 2.26e-03 2.94e-03f  1
 787r 1.6281459e+00 4.00e+00 1.49e+03  -9.0 9.04e+01  -4.9 1.67e-02 3.94e-04f  1
 788r 1.5859142e+00 3.99e+00 1.65e+03  -9.0 6.40e+02  -5.3 3.52e-04 3.09e-03f  1
 789r 1.5682126e+00 3.98e+00 1.55e+03  -9.0 1.77e+02  -4.9 2.58e-03 1.67e-03f  1
iter    objective    inf_pr   inf_du lg(mu)  ||d||  lg(rg) alpha_du alpha_pr  ls
 790r 1.5769531e+00 3.97e+00 1.44e+03  -9.0 6.50e+01  -4.5 4.25e-03 2.88e-03f  1
 791r 1.5769409e+00 3.97e+00 1.32e+03  -9.0 8.95e+02  -5.0 2.92e-04 2.66e-07h  1
 792r 1.5771451e+00 3.97e+00 1.10e+03  -9.0 9.51e+01  -4.5 2.54e-03 4.80e-05f  1
 793r 1.5910863e+00 3.91e+00 9.86e+02  -9.0 6.69e+01  -4.1 1.26e-03 1.58e-02f  1
 794r 1.5927211e+00 3.90e+00 9.84e+02  -9.0 6.97e+01  -4.6 1.55e-03 1.36e-03f  1
 795r 1.6019584e+00 3.88e+00 9.85e+02  -9.0 6.84e+01  -4.2 9.96e-04 5.37e-03f  1
 796r 1.5997380e+00 3.87e+00 9.85e+02  -9.0 4.87e+01  -3.7 8.47e-04 1.95e-03f  1
 797r 1.6004072e+00 3.87e+00 1.06e+03  -9.0 5.57e+01  -4.2 1.39e-05 6.27e-04f  1
 798r 1.6005211e+00 3.87e+00 1.05e+03  -9.0 4.98e+01  -3.8 1.76e-04 2.62e-05f  1
 799r 1.6053310e+00 3.87e+00 1.05e+03  -9.0 1.16e+02  -4.3 6.45e-04 7.03e-04f  1
iter    objective    inf_pr   inf_du lg(mu)  ||d||  lg(rg) alpha_du alpha_pr  ls
 800r 1.6064711e+00 3.87e+00 1.04e+03  -9.0 4.83e+01  -3.8 2.38e-03 2.56e-04f  1
 801r 1.6094620e+00 3.87e+00 1.53e+03  -9.0 1.29e+02  -4.3 1.91e-04 2.29e-04f  1
 802r 1.6174758e+00 3.86e+00 1.53e+03  -9.0 4.78e+01  -3.9 5.47e-03 1.66e-03f  1
 803r 1.6196213e+00 3.86e+00 1.54e+03  -9.0 7.02e+02  -4.4 6.19e-05 4.26e-05f  1
 804r 1.6240472e+00 3.86e+00 1.54e+03  -9.0 4.97e+01  -3.9 4.08e-05 9.20e-04f  1
 805r 1.6283891e+00 3.85e+00 1.54e+03  -9.0 4.02e+01  -3.5 1.40e-03 2.17e-03f  1
 806r 1.6291052e+00 3.85e+00 1.53e+03  -9.0 1.62e+02  -4.0 2.51e-04 8.96e-05f  1
 807r 1.6322714e+00 3.84e+00 1.53e+03  -9.0 4.08e+01  -3.6 1.31e-03 1.33e-03f  1
 808r 1.6323794e+00 3.84e+00 1.53e+03  -9.0 2.53e+01  -3.1 1.27e-04 2.13e-04f  1
 809r 1.6324812e+00 3.84e+00 1.53e+03  -9.0 3.81e+01  -3.6 9.22e-05 2.35e-05f  1
iter    objective    inf_pr   inf_du lg(mu)  ||d||  lg(rg) alpha_du alpha_pr  ls
 810r 1.6412509e+00 3.83e+00 1.53e+03  -9.0 2.67e+01  -3.2 4.19e-05 2.54e-03f  1
 811r 1.6418282e+00 3.83e+00 1.54e+03  -9.0 4.14e+01  -3.7 1.90e-04 1.07e-04f  1
 812r 1.6467414e+00 3.83e+00 1.54e+03  -9.0 2.80e+01  -3.2 9.46e-04 1.30e-03f  1
 813r 1.6481031e+00 3.82e+00 1.51e+03  -9.0 4.50e+01  -3.7 1.34e-05 2.20e-04f  1
 814r 1.6515354e+00 3.82e+00 1.51e+03  -9.0 2.86e+01  -3.3 1.07e-03 8.36e-04f  1
 815r 1.6537299e+00 3.82e+00 1.51e+03  -9.0 1.59e+01  -2.9 2.79e-05 1.07e-03f  1
 816r 1.6537695e+00 3.82e+00 1.51e+03  -9.0 3.06e+01  -3.3 2.16e-05 9.67e-06f  1
 817r 1.6538669e+00 3.82e+00 1.51e+03  -9.0 3.85e+02  -3.8 1.68e-06 2.75e-06f  1
 818r 1.6551200e+00 3.82e+00 1.51e+03  -9.0 2.98e+01  -3.4 9.82e-06 2.36e-04f  1
 819r 1.6599935e+00 3.81e+00 1.51e+03  -9.0 1.86e+01  -3.0 7.87e-04 2.00e-03f  1
iter    objective    inf_pr   inf_du lg(mu)  ||d||  lg(rg) alpha_du alpha_pr  ls
 820r 1.6615191e+00 3.81e+00 1.48e+03  -9.0 4.15e+01  -3.4 2.28e-05 2.49e-04f  1
 821r 1.6646313e+00 3.80e+00 1.48e+03  -9.0 1.53e+01  -3.0 5.53e-04 9.91e-04f  1
 822r 1.6649942e+00 3.80e+00 1.48e+03  -9.0 1.19e+03  -3.5 1.39e-05 2.96e-06f  1
 823r 1.6657358e+00 3.80e+00 1.48e+03  -9.0 1.81e+01  -3.1 1.57e-04 2.40e-04f  1
 824r 1.6665191e+00 3.80e+00 1.47e+03  -9.0 9.02e+00  -2.6 3.00e-04 5.40e-04f  1
 825r 1.6707676e+00 3.80e+00 1.47e+03  -9.0 2.32e+01  -3.1 2.60e-04 1.01e-03f  1
 826r 1.6711721e+00 3.80e+00 1.47e+03  -9.0 9.06e+00  -2.7 1.79e-04 2.63e-04f  1
 827r 1.6715468e+00 3.80e+00 1.47e+03  -9.0 2.83e+01  -3.2 6.99e-05 8.09e-05f  1
 828r 1.6721595e+00 3.79e+00 1.47e+03  -9.0 9.43e+00  -2.7 1.56e-03 3.56e-04f  1
 829r 1.6747931e+00 3.79e+00 1.47e+03  -9.0 4.44e+01  -3.2 1.28e-04 4.16e-04f  1
iter    objective    inf_pr   inf_du lg(mu)  ||d||  lg(rg) alpha_du alpha_pr  ls
 830r 1.6754373e+00 3.79e+00 1.47e+03  -9.0 9.93e+00  -2.8 5.42e-04 3.31e-04f  1
 831r 1.6758880e+00 3.79e+00 1.47e+03  -9.0 6.76e+01  -3.3 3.31e-05 6.52e-05f  1
 832r 1.6767308e+00 3.79e+00 1.47e+03  -9.0 1.15e+01  -2.9 2.75e-04 3.81e-04f  1
 833r 1.6788343e+00 3.78e+00 1.45e+03  -9.0 5.72e+00  -2.4 5.07e-04 2.41e-03f  1
 834r 1.6826862e+00 3.77e+00 1.45e+03  -9.0 1.51e+01  -2.9 6.13e-05 1.49e-03f  1
 835r 1.6836287e+00 3.77e+00 1.46e+03  -9.0 6.04e+00  -2.5 4.54e-05 1.08e-03f  1
 836r 1.6836337e+00 3.77e+00 1.44e+03  -9.0 2.33e+01  -3.0 5.19e-04 1.64e-06f  1
 837r 1.6836948e+00 3.77e+00 1.44e+03  -9.0 6.62e+00  -2.5 3.49e-05 5.10e-05f  1
 838r 1.6843942e+00 3.77e+00 1.44e+03  -9.0 2.99e+01  -3.0 1.39e-04 2.08e-04f  1
 839r 1.6844911e+00 3.77e+00 1.44e+03  -9.0 7.09e+00  -2.6 6.28e-04 1.16e-04f  1
iter    objective    inf_pr   inf_du lg(mu)  ||d||  lg(rg) alpha_du alpha_pr  ls
 840r 1.6847310e+00 3.77e+00 1.44e+03  -9.0 5.51e+01  -3.1 4.71e-05 7.11e-05f  1
 841r 1.6849167e+00 3.77e+00 1.44e+03  -9.0 9.91e+00  -2.6 8.08e-04 3.56e-04f  1
 842r 1.6851424e+00 3.76e+00 1.44e+03  -9.0 3.74e+00  -2.2 2.31e-04 1.23e-03f  1
 843r 1.6851687e+00 3.76e+00 1.44e+03  -9.0 1.13e+01  -2.7 2.33e-04 3.61e-05f  1
 844r 1.6852086e+00 3.76e+00 1.44e+03  -9.0 3.93e+00  -2.3 2.13e-04 2.03e-04f  1
 845r 1.6853429e+00 3.76e+00 1.44e+03  -9.0 1.37e+01  -2.7 3.44e-04 1.61e-04f  1
 846r 1.6855280e+00 3.76e+00 1.44e+03  -9.0 4.50e+00  -2.3 1.17e-04 7.92e-04f  1
 847r 1.6856140e+00 3.76e+00 1.44e+03  -9.0 1.68e+01  -2.8 1.43e-04 1.93e-04f  1
 848r 1.6856861e+00 3.76e+00 1.44e+03  -9.0 4.88e+00  -2.4 3.37e-04 6.00e-04f  1
 849r 1.6857155e+00 3.76e+00 1.44e+03  -9.0 1.92e+01  -2.8 6.60e-05 1.16e-04f  1
iter    objective    inf_pr   inf_du lg(mu)  ||d||  lg(rg) alpha_du alpha_pr  ls
 850r 1.6859072e+00 3.75e+00 1.44e+03  -9.0 5.27e+00  -2.4 7.34e-05 1.28e-03f  1
 851r 1.6858208e+00 3.75e+00 1.47e+03  -9.0 5.69e+01  -2.9 6.13e-05 3.51e-04f  1
 852r 1.6858189e+00 3.75e+00 1.47e+03  -9.0 6.46e+00  -2.5 7.88e-05 2.75e-05f  1
 853r 1.6858268e+00 3.75e+00 1.47e+03  -9.0 2.69e+00  -2.0 3.32e-04 4.22e-04f  1
 854r 1.6858267e+00 3.75e+00 1.46e+03  -9.0 8.38e+00  -2.5 2.77e-04 5.07e-07h  1
 855r 1.6858826e+00 3.74e+00 1.46e+03  -9.0 2.94e+00  -2.1 5.24e-04 9.18e-04f  1
 856r 1.6858678e+00 3.74e+00 1.46e+03  -9.0 7.97e+00  -2.6 5.81e-05 2.70e-05f  1
 857r 1.6858818e+00 3.74e+00 1.46e+03  -9.0 3.30e+00  -2.1 4.14e-04 2.60e-04f  1
 858r 1.6857866e+00 3.74e+00 1.46e+03  -9.0 9.71e+00  -2.6 5.48e-05 1.26e-04f  1
 859r 1.6857892e+00 3.74e+00 1.45e+03  -9.0 3.55e+00  -2.2 3.46e-04 9.75e-05f  1
iter    objective    inf_pr   inf_du lg(mu)  ||d||  lg(rg) alpha_du alpha_pr  ls
 860r 1.6852321e+00 3.74e+00 1.44e+03  -9.0 1.50e+01  -2.7 1.78e-05 5.62e-04f  1
 861r 1.6852084e+00 3.74e+00 1.43e+03  -9.0 4.10e+00  -2.2 1.07e-03 2.98e-04f  1
 862r 1.6851970e+00 3.74e+00 1.42e+03  -9.0 8.29e+00  -2.7 8.15e-04 1.93e-05f  1
 863r 1.6852600e+00 3.74e+00 1.43e+03  -9.0 4.18e+00  -2.3 3.94e-04 8.18e-04f  1
 864r 1.6848618e+00 3.73e+00 1.42e+03  -9.0 9.17e+00  -2.8 8.60e-04 7.68e-04f  1
 865r 1.6850272e+00 3.73e+00 1.43e+03  -9.0 4.55e+00  -2.3 7.54e-04 1.18e-03f  1
 866r 1.6851129e+00 3.73e+00 1.42e+03  -9.0 3.20e+01  -2.8 1.59e-04 4.74e-05f  1
 867r 1.6851777e+00 3.73e+00 1.42e+03  -9.0 4.73e+00  -2.4 2.00e-04 1.02e-04f  1
 868r 1.6854099e+00 3.72e+00 1.42e+03  -9.0 2.27e+00  -2.0 4.20e-05 7.81e-04f  1
 869r 1.6865621e+00 3.72e+00 1.42e+03  -9.0 5.13e+00  -2.4 2.81e-04 1.87e-03f  1
iter    objective    inf_pr   inf_du lg(mu)  ||d||  lg(rg) alpha_du alpha_pr  ls
 870r 1.6865874e+00 3.72e+00 1.41e+03  -9.0 2.51e+00  -2.0 7.76e-04 8.10e-05f  1
 871r 1.6867928e+00 3.72e+00 1.40e+03  -9.0 6.08e+00  -2.5 1.24e-03 3.56e-04f  1
 872r 1.6868342e+00 3.72e+00 1.40e+03  -9.0 2.73e+00  -2.1 7.95e-04 1.24e-04f  1
 873r 1.6876092e+00 3.71e+00 1.40e+03  -9.0 7.51e+00  -2.5 3.73e-04 1.27e-03f  1
 874r 1.6877207e+00 3.70e+00 1.40e+03  -9.0 3.03e+00  -2.1 3.03e-04 3.91e-03f  1
 875r 1.6877279e+00 3.70e+00 1.40e+03  -9.0 1.20e+01  -2.6 1.24e-05 7.58e-05f  1
 876r 1.6877287e+00 3.70e+00 1.40e+03  -9.0 3.28e+00  -2.2 2.89e-04 2.99e-06f  1
 877r 1.6877139e+00 3.70e+00 1.40e+03  -9.0 2.10e+01  -2.6 2.80e-04 6.98e-05f  1
 878r 1.6882983e+00 3.69e+00 1.40e+03  -9.0 3.62e+00  -2.2 5.60e-04 1.04e-03f  1
 879r 1.6882210e+00 3.69e+00 1.40e+03  -9.0 2.89e+02  -2.7 4.90e-05 1.05e-05f  1
iter    objective    inf_pr   inf_du lg(mu)  ||d||  lg(rg) alpha_du alpha_pr  ls
 880r 1.6890298e+00 3.69e+00 1.40e+03  -9.0 3.92e+00  -2.3 2.81e-04 1.31e-03f  1
 881r 1.6892156e+00 3.69e+00 1.40e+03  -9.0 1.98e+00  -1.8 4.93e-04 4.55e-04f  1
 882r 1.6894556e+00 3.68e+00 1.40e+03  -9.0 4.22e+00  -2.3 4.07e-04 3.69e-04f  1
 883r 1.6895535e+00 3.68e+00 1.40e+03  -9.0 2.06e+00  -1.9 4.29e-04 2.32e-04f  1
 884r 1.6896448e+00 3.68e+00 1.39e+03  -9.0 5.13e+00  -2.4 1.69e-03 1.14e-04f  1
 885r 1.6899431e+00 3.68e+00 1.39e+03  -9.0 1.14e+01  -2.9 1.59e-03 2.60e-04f  1
 886r 1.6942359e+00 3.67e+00 1.39e+03  -9.0 2.20e+01  -3.3 2.24e-03 2.27e-03f  1
 887r 1.6931663e+00 3.66e+00 1.39e+03  -9.0 3.45e+01  -3.8 7.10e-04 2.59e-03f  1
 888r 1.6932734e+00 3.66e+00 1.38e+03  -9.0 4.76e+01  -4.3 1.39e-03 3.47e-04f  1
 889r 1.6929497e+00 3.66e+00 1.38e+03  -9.0 3.54e+01  -3.9 6.07e-04 1.80e-03f  1
iter    objective    inf_pr   inf_du lg(mu)  ||d||  lg(rg) alpha_du alpha_pr  ls
 890r 1.6929915e+00 3.66e+00 1.38e+03  -9.0 5.68e+01  -4.3 8.92e-04 1.16e-05f  1
 891r 1.6926122e+00 3.63e+00 1.42e+03  -9.0 3.63e+01  -3.9 1.24e-04 6.18e-03f  1
 892r 1.6926059e+00 3.63e+00 1.42e+03  -9.0 5.89e+01  -4.4 1.84e-03 6.28e-05f  1
 893r 1.6926348e+00 3.63e+00 1.40e+03  -9.0 3.68e+01  -4.0 3.14e-03 1.14e-03f  1
 894r 1.6926036e+00 3.63e+00 1.40e+03  -9.0 6.56e+01  -4.4 1.01e-03 6.11e-04f  1
 895r 1.6926856e+00 3.62e+00 1.39e+03  -9.0 3.74e+01  -4.0 2.27e-03 1.21e-03f  1
 896r 1.6928371e+00 3.61e+00 1.39e+03  -9.0 7.33e+01  -4.5 9.67e-04 3.01e-03f  1
 897r 1.6936972e+00 3.61e+00 1.41e+03  -9.0 3.79e+01  -4.1 6.89e-03 1.74e-03f  1
 898r 1.6953306e+00 3.59e+00 1.41e+03  -9.0 8.34e+01  -4.5 1.62e-03 4.53e-03f  1
 899r 1.6957878e+00 3.59e+00 1.41e+03  -9.0 3.80e+01  -4.1 1.93e-03 8.81e-04f  1
iter    objective    inf_pr   inf_du lg(mu)  ||d||  lg(rg) alpha_du alpha_pr  ls
 900r 1.6965549e+00 3.57e+00 1.40e+03  -9.0 9.51e+01  -4.6 3.68e-03 3.83e-03f  1
 901r 1.6969053e+00 3.57e+00 1.40e+03  -9.0 4.17e+01  -4.2 1.28e-03 1.05e-03f  1
 902r 1.6994689e+00 3.56e+00 1.40e+03  -9.0 1.11e+02  -4.6 3.19e-04 2.70e-03f  1
 903r 1.7008431e+00 3.55e+00 1.40e+03  -9.0 4.59e+01  -4.2 1.55e-03 1.56e-03f  1
 904r 1.7015191e+00 3.55e+00 1.40e+03  -9.0 1.29e+02  -4.7 1.76e-03 4.23e-04f  1
 905r 1.7067771e+00 3.54e+00 1.39e+03  -9.0 5.05e+01  -4.3 5.58e-04 2.63e-03f  1
 906r 1.7070475e+00 3.54e+00 1.39e+03  -9.0 1.46e+02  -4.7 1.33e-03 6.61e-05f  1
 907r 1.7109119e+00 3.54e+00 1.39e+03  -9.0 5.57e+01  -4.3 2.53e-05 1.96e-03f  1
 908r 1.7216949e+00 3.53e+00 1.39e+03  -9.0 1.76e+02  -4.8 6.98e-04 1.10e-03f  1
 909r 1.7232782e+00 3.53e+00 1.38e+03  -9.0 6.17e+01  -4.4 1.89e-03 8.42e-04f  1
iter    objective    inf_pr   inf_du lg(mu)  ||d||  lg(rg) alpha_du alpha_pr  ls
 910r 1.7250531e+00 3.53e+00 1.38e+03  -9.0 2.13e+02  -4.8 7.18e-04 7.66e-04f  1
 911r 1.7286480e+00 3.52e+00 1.38e+03  -9.0 6.85e+01  -4.4 1.71e-03 2.22e-03f  1
 912r 1.7335065e+00 3.52e+00 1.38e+03  -9.0 2.88e+02  -4.9 1.10e-04 3.42e-04f  1
 913r 1.7335089e+00 3.52e+00 1.38e+03  -9.0 7.66e+01  -4.5 1.32e-03 1.19e-06f  1
 914r 1.7335133e+00 3.52e+00 1.38e+03  -9.0 3.40e+00  -2.2 9.47e-05 2.16e-05f  1
 915r 1.7334219e+00 3.52e+00 1.38e+03  -9.0 7.94e+00  -2.7 4.69e-04 2.90e-04f  1
 916r 1.7334236e+00 3.51e+00 1.38e+03  -9.0 1.64e+01  -3.2 5.23e-05 1.11e-03f  1
 917r 1.7345105e+00 3.51e+00 1.37e+03  -9.0 2.82e+01  -3.7 7.19e-03 1.64e-03f  1
 918r 1.7344836e+00 3.51e+00 1.37e+03  -9.0 5.98e+01  -4.1 4.05e-04 2.25e-05f  1
 919r 1.7344836e+00 3.51e+00 1.36e+03  -9.0 9.13e+00  -2.8 1.19e-03 6.66e-08h  1
iter    objective    inf_pr   inf_du lg(mu)  ||d||  lg(rg) alpha_du alpha_pr  ls
 920r 1.7350691e+00 3.50e+00 1.36e+03  -9.0 1.86e+01  -3.3 4.54e-03 1.39e-03f  1
 921r 1.7361082e+00 3.50e+00 1.36e+03  -9.0 3.06e+01  -3.8 1.43e-03 1.22e-03f  1
 922r 1.7392234e+00 3.48e+00 1.35e+03  -9.0 5.11e+01  -4.2 9.91e-04 3.59e-03f  1
 923r 1.7416527e+00 3.48e+00 1.35e+03  -9.0 1.54e+02  -4.7 3.91e-05 7.27e-04f  1
 924r 1.7416816e+00 3.48e+00 1.35e+03  -9.0 5.66e+01  -4.3 4.82e-04 6.40e-05f  1
 925r 1.7447760e+00 3.48e+00 1.35e+03  -9.0 1.86e+02  -4.8 1.15e-03 6.27e-04f  1
 926r 1.7453289e+00 3.48e+00 1.35e+03  -9.0 6.26e+01  -4.4 2.43e-04 8.77e-04f  1
 927r 1.7493630e+00 3.47e+00 1.35e+03  -9.0 2.39e+02  -4.8 1.07e-03 4.37e-04f  1
 928r 1.7513071e+00 3.47e+00 1.35e+03  -9.0 6.94e+01  -4.4 1.32e-03 1.06e-03f  1
 929r 1.7513010e+00 3.47e+00 1.35e+03  -9.0 3.42e+01  -4.0 1.68e-04 1.75e-04f  1
iter    objective    inf_pr   inf_du lg(mu)  ||d||  lg(rg) alpha_du alpha_pr  ls
 930r 1.7549074e+00 3.46e+00 1.34e+03  -9.0 7.77e+01  -4.5 5.85e-03 1.63e-03f  1
 931r 1.7571451e+00 3.46e+00 1.33e+03  -9.0 3.54e+01  -4.0 1.20e-02 1.84e-03f  1
 932r 1.7619719e+00 3.45e+00 1.32e+03  -9.0 8.83e+01  -4.5 5.13e-03 2.19e-03f  1
 933r 1.7665772e+00 3.44e+00 1.32e+03  -9.0 3.91e+01  -4.1 1.08e-03 3.62e-03f  1
 934r 1.7681294e+00 3.43e+00 1.32e+03  -9.0 1.01e+02  -4.6 1.60e-03 1.10e-03f  1
 935r 1.7689559e+00 3.43e+00 1.31e+03  -9.0 4.30e+01  -4.1 2.16e-03 1.16e-03f  1
 936r 1.7903112e+00 3.41e+00 1.31e+03  -9.0 1.17e+02  -4.6 9.03e-04 5.40e-03f  1
 937r 1.7916011e+00 3.41e+00 1.31e+03  -9.0 4.76e+01  -4.2 4.93e-03 8.19e-04f  1
 938r 1.7996161e+00 3.40e+00 1.30e+03  -9.0 1.38e+02  -4.7 3.94e-04 1.99e-03f  1
 939r 1.8001816e+00 3.40e+00 1.30e+03  -9.0 5.27e+01  -4.2 6.18e-04 5.08e-04f  1
iter    objective    inf_pr   inf_du lg(mu)  ||d||  lg(rg) alpha_du alpha_pr  ls
 940r 1.8008112e+00 3.39e+00 1.29e+03  -9.0 2.44e+01  -3.8 1.82e-03 3.56e-03f  1
 941r 1.8073560e+00 3.37e+00 1.29e+03  -9.0 6.00e+01  -4.3 2.35e-03 3.99e-03f  1
 942r 1.8105393e+00 3.36e+00 1.28e+03  -9.0 2.69e+01  -3.9 2.78e-03 3.12e-03f  1
 943r 1.8126161e+00 3.36e+00 1.28e+03  -9.0 6.83e+01  -4.3 4.09e-04 1.68e-03f  1
 944r 1.8135582e+00 3.36e+00 1.28e+03  -9.0 2.96e+01  -3.9 1.94e-03 8.04e-04f  1
 945r 1.8161657e+00 3.35e+00 1.28e+03  -9.0 7.76e+01  -4.4 4.36e-03 1.00e-03f  1
 946r 1.8172897e+00 3.34e+00 1.27e+03  -9.0 3.26e+01  -4.0 2.46e-03 3.18e-03f  1
 947r 1.8186477e+00 3.34e+00 1.27e+03  -9.0 8.98e+01  -4.4 1.69e-03 4.15e-04f  1
 948r 1.8195949e+00 3.33e+00 1.26e+03  -9.0 3.62e+01  -4.0 1.37e-03 3.35e-03f  1
 949r 1.8223241e+00 3.33e+00 1.27e+03  -9.0 1.61e+02  -4.5 3.59e-04 2.27e-04f  1
iter    objective    inf_pr   inf_du lg(mu)  ||d||  lg(rg) alpha_du alpha_pr  ls
 950r 1.8238844e+00 3.32e+00 1.26e+03  -9.0 4.01e+01  -4.1 1.60e-03 1.74e-03f  1
 951r 1.8226941e+00 3.31e+00 1.26e+03  -9.0 1.85e+01  -3.6 8.07e-04 3.55e-03f  1
 952r 1.8237383e+00 3.31e+00 1.25e+03  -9.0 4.49e+01  -4.1 6.97e-03 1.05e-03f  1
 953r 1.8233355e+00 3.30e+00 1.25e+03  -9.0 2.03e+01  -3.7 5.94e-04 8.15e-04f  1
 954r 1.8251051e+00 3.30e+00 1.25e+03  -9.0 2.19e+02  -4.2 5.69e-04 6.37e-04f  1
 955r 1.8253614e+00 3.28e+00 1.25e+03  -9.0 2.40e+01  -3.7 3.81e-03 7.00e-03f  1
 956r 1.8254403e+00 3.28e+00 1.25e+03  -9.0 1.64e+01  -3.3 6.70e-04 5.07e-04f  1
 957r 1.8266129e+00 3.25e+00 1.25e+03  -9.0 2.63e+01  -3.8 1.40e-03 8.76e-03f  1
 958r 1.8272179e+00 3.25e+00 1.24e+03  -9.0 1.73e+01  -3.4 5.26e-03 1.07e-03f  1
 959r 1.8272874e+00 3.25e+00 1.24e+03  -9.0 3.01e+01  -3.8 1.14e-03 4.02e-04f  1
iter    objective    inf_pr   inf_du lg(mu)  ||d||  lg(rg) alpha_du alpha_pr  ls
 960r 1.8273952e+00 3.24e+00 1.24e+03  -9.0 1.81e+01  -3.4 6.55e-04 9.61e-04f  1
 961r 1.8285593e+00 3.24e+00 1.24e+03  -9.0 3.46e+01  -3.9 2.45e-04 1.16e-03f  1
 962r 1.8294936e+00 3.23e+00 1.21e+03  -9.0 1.90e+01  -3.5 1.83e-02 1.58e-03f  1
 963r 1.8302800e+00 3.23e+00 1.21e+03  -9.0 5.01e+01  -3.9 1.21e-03 9.82e-04f  1
 964r 1.8304311e+00 3.23e+00 1.20e+03  -9.0 2.01e+01  -3.5 3.12e-05 1.38e-03f  1
 965r 1.8304555e+00 3.23e+00 1.20e+03  -9.0 1.51e+01  -3.1 6.98e-04 1.04e-04f  1
 966r 1.8304456e+00 3.22e+00 1.20e+03  -9.0 2.41e+01  -3.6 6.95e-05 1.80e-04f  1
 967r 1.8354338e+00 3.22e+00 1.20e+03  -9.0 1.42e+02  -4.0 7.76e-04 2.11e-03f  1
 968r 1.8348032e+00 3.21e+00 1.20e+03  -9.0 2.27e+01  -3.6 1.08e-03 2.61e-03f  1
 969r 1.8366906e+00 3.21e+00 1.20e+03  -9.0 4.54e+02  -4.1 6.41e-04 5.71e-04f  1
iter    objective    inf_pr   inf_du lg(mu)  ||d||  lg(rg) alpha_du alpha_pr  ls
 970r 1.8364053e+00 3.20e+00 1.20e+03  -9.0 2.43e+01  -3.7 4.10e-03 1.30e-03f  1
 971r 1.8362216e+00 3.20e+00 1.19e+03  -9.0 1.65e+01  -3.2 2.89e-03 2.11e-03f  1
 972r 1.8363038e+00 3.19e+00 1.19e+03  -9.0 3.22e+00  -1.9 1.38e-03 6.53e-04f  1
 973r 1.8364721e+00 3.19e+00 1.19e+03  -9.0 7.01e+00  -2.4 2.48e-04 1.26e-03f  1
 974r 1.8364942e+00 3.19e+00 1.19e+03  -9.0 3.53e+00  -2.0 2.89e-05 1.64e-04f  1
 975r 1.8365044e+00 3.19e+00 1.19e+03  -9.0 7.53e+00  -2.4 7.66e-04 7.00e-05f  1
 976r 1.8368386e+00 3.18e+00 1.19e+03  -9.0 3.87e+00  -2.0 1.11e-04 2.74e-03f  1
 977r 1.8377644e+00 3.15e+00 1.20e+03  -9.0 8.08e+00  -2.5 1.52e-03 8.90e-03f  1
 978r 1.8379701e+00 3.14e+00 1.21e+03  -9.0 4.26e+00  -2.1 7.82e-04 5.01e-03f  1
 979r 1.8379699e+00 3.14e+00 1.21e+03  -9.0 1.01e+01  -2.5 7.08e-04 1.58e-04f  1
iter    objective    inf_pr   inf_du lg(mu)  ||d||  lg(rg) alpha_du alpha_pr  ls
 980r 1.8379383e+00 3.14e+00 1.21e+03  -9.0 5.27e+00  -2.1 3.01e-04 4.51e-04f  1
 981r 1.8378818e+00 3.13e+00 1.21e+03  -9.0 1.08e+01  -2.6 4.30e-04 3.51e-04f  1
 982r 1.8379051e+00 3.13e+00 1.21e+03  -9.0 5.75e+00  -2.2 1.13e-03 8.48e-04f  1
 983r 1.8379650e+00 3.13e+00 1.20e+03  -9.0 1.16e+01  -2.6 8.41e-04 2.01e-03f  1
 984r 1.8380320e+00 3.11e+00 1.16e+03  -9.0 6.27e+00  -2.2 3.46e-04 4.13e-03f  1
 985r 1.8379699e+00 3.11e+00 1.16e+03  -9.0 1.26e+01  -2.7 7.89e-04 3.06e-04f  1
 986r 1.8378160e+00 3.11e+00 1.16e+03  -9.0 6.84e+00  -2.3 9.44e-04 1.35e-03f  1
 987r 1.8378883e+00 3.10e+00 1.15e+03  -9.0 7.25e+01  -2.8 4.10e-04 1.62e-03f  1
 988r 1.8378858e+00 3.10e+00 1.15e+03  -9.0 7.43e+00  -2.3 7.06e-04 3.36e-04f  1
 989r 1.8378298e+00 3.10e+00 1.15e+03  -9.0 3.57e+00  -1.9 9.95e-04 9.79e-04f  1
iter    objective    inf_pr   inf_du lg(mu)  ||d||  lg(rg) alpha_du alpha_pr  ls
 990r 1.8377255e+00 3.09e+00 1.15e+03  -9.0 8.03e+00  -2.4 8.63e-04 1.41e-03f  1
 991r 1.8377342e+00 3.09e+00 1.15e+03  -9.0 3.92e+00  -2.0 2.02e-04 3.65e-04f  1
 992r 1.8377420e+00 3.09e+00 1.15e+03  -9.0 8.68e+00  -2.4 8.80e-04 5.43e-04f  1
 993r 1.8377257e+00 3.09e+00 1.15e+03  -9.0 4.34e+00  -2.0 1.92e-03 2.87e-04f  1
 994r 1.8377847e+00 3.08e+00 1.15e+03  -9.0 9.35e+00  -2.5 7.60e-04 3.62e-03f  1
 995r 1.8378021e+00 3.08e+00 1.15e+03  -9.0 4.76e+00  -2.1 4.76e-04 5.18e-04f  1
 996r 1.8378261e+00 3.07e+00 1.15e+03  -9.0 1.01e+01  -2.5 1.42e-03 1.76e-03f  1
 997r 1.8377698e+00 3.07e+00 1.15e+03  -9.0 5.24e+00  -2.1 2.98e-04 1.01e-03f  1
 998r 1.8378407e+00 3.06e+00 1.14e+03  -9.0 1.09e+01  -2.6 2.14e-03 2.20e-03f  1
 999r 1.8380121e+00 3.06e+00 1.13e+03  -9.0 5.73e+00  -2.2 4.22e-04 1.75e-03f  1
iter    objective    inf_pr   inf_du lg(mu)  ||d||  lg(rg) alpha_du alpha_pr  ls
1000r 1.8380319e+00 3.06e+00 1.14e+03  -9.0 1.16e+01  -2.6 6.25e-04 1.66e-04f  1

Number of Iterations....: 1000

                                   (scaled)                 (unscaled)
Objective...............:   1.8380318640655229e+00    1.8380318640655229e+00
Dual infeasibility......:   1.1360734062797976e+03    1.1360734062797976e+03
Constraint violation....:   1.5929762219802797e+00    3.0558995271294807e+00
Complementarity.........:   1.3158378488724258e-06    1.3158378488724258e-06
Overall NLP error.......:   1.1360734062797976e+03    1.1360734062797976e+03


Number of objective function evaluations             = 1167
Number of objective gradient evaluations             = 212
Number of equality constraint evaluations            = 1168
Number of inequality constraint evaluations          = 1169
Number of equality constraint Jacobian evaluations   = 1005
Number of inequality constraint Jacobian evaluations = 1005
Number of Lagrangian Hessian evaluations             = 1000
Total CPU secs in IPOPT (w/o function evaluations)   =   2183.493
Total CPU secs in NLP function evaluations           =     34.850

EXIT: Maximum Number of Iterations Exceeded.
