
List of user-set options:

                                    Name   Value                used
                           compl_inf_tol = 1                     yes
                         constr_viol_tol = 1                     yes
                            dual_inf_tol = 1000                  yes
                           linear_solver = ma97                  yes
                              ma86_small = 1e-30                  no
                                  ma86_u = 0.0001                 no
                              ma97_order = best                  yes
                              ma97_small = 1e-30                 yes
                            ma97_switch1 = at_start              yes
                            ma97_switch2 = od_hd_reuse           yes
                                  ma97_u = 1e-06                 yes
                               ma97_umax = 0.5                   yes
                                max_iter = 1000                  yes
                    max_refinement_steps = 20                    yes
                    min_refinement_steps = 5                     yes
                                 mu_init = 1e-06                 yes
           mu_superlinear_decrease_power = 1.25                  yes
                   nlp_scaling_min_value = 1e-08                 yes
                        option_file_name = Preset_Case:_232_NCP.opt  yes
                             output_file = ./tmp/Preset_Case:_232_NCP.output  yes
                      print_user_options = yes                   yes
        required_infeasibility_reduction = 1                      no
                                     tol = 1e-08                 yes
                   warm_start_bound_frac = 1e-20                 yes
                   warm_start_bound_push = 1e-20                 yes
                   warm_start_init_point = yes                   yes
              warm_start_mult_bound_push = 1e-20                 yes
                warm_start_mult_init_max = 1e+40                 yes
             warm_start_slack_bound_frac = 1e-20                 yes
             warm_start_slack_bound_push = 1e-20                 yes

******************************************************************************
This program contains Ipopt, a library for large-scale nonlinear optimization.
 Ipopt is released as open source code under the Eclipse Public License (EPL).
         For more information visit http://projects.coin-or.org/Ipopt
******************************************************************************

This is Ipopt version 3.12.10, running with linear solver ma97.

Number of nonzeros in equality constraint Jacobian...:   117167
Number of nonzeros in inequality constraint Jacobian.:      213
Number of nonzeros in Lagrangian Hessian.............:    47513

Total number of variables............................:    29977
                     variables with only lower bounds:    11312
                variables with lower and upper bounds:    15135
                     variables with only upper bounds:        0
Total number of equality constraints.................:    29864
Total number of inequality constraints...............:       25
        inequality constraints with only lower bounds:        4
   inequality constraints with lower and upper bounds:        0
        inequality constraints with only upper bounds:       21

iter    objective    inf_pr   inf_du lg(mu)  ||d||  lg(rg) alpha_du alpha_pr  ls
   0 -1.5959193e-01 3.16e-01 2.00e+00  -6.0 0.00e+00    -  0.00e+00 0.00e+00   0
In iteration 0, 9 Slacks too small, adjusting variable bounds
   1 -1.5959193e-01 3.16e-01 1.52e+03  -6.0 1.20e+10    -  1.52e-13 7.48e-19h  1
   2 -1.5959185e-01 3.16e-01 1.52e+03  -6.0 3.03e+02    -  5.24e-08 1.11e-05f  1
   3 -1.5959185e-01 3.16e-01 1.52e+03  -6.0 7.09e+01    -  3.28e-02 4.97e-07h  2
   4 -1.5959045e-01 3.16e-01 1.52e+03  -6.0 3.03e+02    -  1.54e-04 9.23e-05h  1
   5 -1.5984545e-01 3.14e-01 1.51e+03  -6.0 2.41e+02    -  9.75e-03 5.03e-03f  1
   6 -1.6086366e-01 3.07e-01 1.48e+03  -6.0 1.95e+02    -  4.93e-03 2.36e-02h  1
   7 -1.6189411e-01 2.97e-01 1.47e+03  -6.0 1.85e+02    -  4.21e-03 2.98e-02h  1
   8r-1.6189411e-01 2.97e-01 1.00e+03  -0.5 0.00e+00    -  0.00e+00 4.07e-07R  4
   9r-1.6188831e-01 2.97e-01 2.96e+03  -0.5 8.68e+03    -  2.75e-06 4.29e-07f  1
iter    objective    inf_pr   inf_du lg(mu)  ||d||  lg(rg) alpha_du alpha_pr  ls
  10 -1.6196965e-01 2.97e-01 2.79e+06  -6.0 1.97e+02    -  3.07e-02 2.55e-03h  1
  11 -1.6388289e-01 2.85e-01 4.74e+07  -6.0 2.58e+02    -  2.55e-03 4.01e-02h  1
  12 -1.6397691e-01 2.84e-01 4.73e+07  -6.0 2.31e+02    -  1.25e-02 2.40e-03h  1
  13 -1.6577668e-01 2.69e-01 4.47e+07  -6.0 1.04e+02    -  2.94e-02 5.44e-02h  1
  14 -1.6744855e-01 2.51e-01 4.18e+07  -6.0 1.01e+02    -  5.44e-02 6.45e-02h  1
  15 -1.6892774e-01 3.16e-01 3.86e+07  -6.0 9.58e+01    -  1.28e-01 7.56e-02f  1
  16r-1.6892774e-01 3.16e-01 1.00e+03  -0.6 0.00e+00    -  0.00e+00 2.94e-07R  6
  17r-1.6887085e-01 3.15e-01 1.68e+03  -0.6 1.39e+03    -  1.15e-05 5.13e-06f  1
  18 -1.6887181e-01 3.15e-01 3.71e+06  -6.0 7.26e+01    -  4.88e-02 6.82e-05h  1
  19 -1.6911284e-01 3.13e-01 7.41e+08  -6.0 9.10e+01    -  6.96e-05 1.39e-02h  1
iter    objective    inf_pr   inf_du lg(mu)  ||d||  lg(rg) alpha_du alpha_pr  ls
  20 -1.6911367e-01 3.13e-01 7.41e+08  -6.0 1.50e+02    -  1.57e-02 4.41e-04h  1
  21 -1.6914281e-01 3.08e-01 7.29e+08  -6.0 1.46e+02    -  2.91e-02 1.64e-02h  1
  22 -1.6904904e-01 3.08e-01 7.12e+08  -6.0 8.53e+01    -  6.89e-02 2.24e-02h  1
  23 -1.6904740e-01 3.08e-01 7.12e+08  -6.0 1.19e+02    -  6.02e-02 1.21e-04h  1
  24 -1.6892315e-01 3.04e-01 7.06e+08  -6.0 1.14e+02    -  6.64e-02 9.23e-03h  4
  25 -1.6879364e-01 3.00e-01 6.98e+08  -6.0 1.24e+02    -  6.94e-02 1.15e-02h  4
  26 -1.6871331e-01 2.95e-01 6.90e+08  -6.0 1.27e+02    -  3.08e-02 1.06e-02h  4
  27 -1.6823726e-01 2.86e-01 6.78e+08  -6.0 1.20e+02    -  2.23e-02 1.75e-02h  4
  28 -1.6813000e-01 2.82e-01 6.71e+08  -6.0 1.27e+02    -  6.08e-02 1.03e-02h  4
  29 -1.6791946e-01 2.76e-01 6.63e+08  -6.0 1.24e+02    -  9.81e-02 1.27e-02h  4
iter    objective    inf_pr   inf_du lg(mu)  ||d||  lg(rg) alpha_du alpha_pr  ls
  30 -1.6748938e-01 2.71e-01 6.54e+08  -6.0 1.18e+02    -  1.75e-02 1.34e-02h  4
  31 -1.6707478e-01 2.66e-01 6.46e+08  -6.0 1.18e+02    -  1.46e-02 1.19e-02h  4
  32 -1.6631156e-01 2.62e-01 6.37e+08  -6.0 1.52e+02    -  5.06e-02 1.42e-02h  3
  33 -1.6565123e-01 2.65e-01 6.36e+08  -6.0 2.26e+03    -  1.44e-03 6.23e-04h  3
  34 -1.6581271e-01 2.63e-01 5.99e+08  -6.0 1.20e+02  -2.0 3.43e-02 5.87e-02w  1
  35 -1.6322728e-01 3.19e-01 5.90e+08  -6.0 4.79e+02    -  2.33e-03 1.47e-02w  1
  36 -1.6322727e-01 3.19e-01 5.90e+08  -6.0 1.15e+02    -  1.26e-01 8.39e-07w  1
  37 -1.6569160e-01 2.57e-01 6.27e+08  -6.0 1.13e+02    -  3.43e-02 1.47e-02h  2
  38 -1.6571981e-01 2.50e-01 6.19e+08  -6.0 1.20e+02  -2.5 1.46e-01 1.22e-02h  3
  39 -1.6558509e-01 2.36e-01 6.07e+08  -6.0 1.15e+02  -3.0 1.58e-02 1.95e-02h  3
iter    objective    inf_pr   inf_du lg(mu)  ||d||  lg(rg) alpha_du alpha_pr  ls
  40 -1.6562714e-01 2.30e-01 6.00e+08  -6.0 1.15e+02  -2.5 2.16e-01 1.23e-02h  3
  41 -1.6550762e-01 2.30e-01 5.99e+08  -6.0 9.37e+01  -3.0 6.39e-03 1.40e-03h  5
  42 -1.6554522e-01 2.25e-01 5.93e+08  -6.0 1.11e+02  -2.6 2.98e-01 9.98e-03h  5
  43 -1.6566860e-01 2.22e-01 5.87e+08  -6.0 1.12e+02  -2.2 5.81e-02 1.00e-02h  5
  44 -1.6578863e-01 2.10e-01 5.77e+08  -6.0 1.12e+02  -2.6 2.82e-01 1.68e-02h  4
  45 -1.6604620e-01 2.02e-01 5.67e+08  -6.0 1.11e+02  -2.2 1.01e-02 1.71e-02h  4
  46 -1.6652136e-01 1.98e-01 5.57e+08  -6.0 1.15e+02  -2.7 1.58e-01 1.87e-02h  3
  47 -1.6811219e-01 3.35e-01 5.18e+08  -6.0 1.08e+02  -2.3 2.47e-02 7.06e-02w  1
  48 -1.6816922e-01 3.86e-01 4.91e+08  -6.0 8.94e+01  -2.7 2.47e-01 5.16e-02w  1
  49 -1.6917922e-01 5.18e-01 4.67e+08  -6.0 1.58e+02  -3.2 1.70e-02 4.89e-02w  1
iter    objective    inf_pr   inf_du lg(mu)  ||d||  lg(rg) alpha_du alpha_pr  ls
  50 -1.6672021e-01 1.95e-01 5.52e+08  -6.0 1.96e+02  -3.7 2.47e-02 8.82e-03h  3
  51 -1.6811306e-01 2.72e-01 5.20e+08  -6.0 1.08e+02  -2.4 2.70e-01 5.84e-02h  1
  52 -1.6830824e-01 2.97e-01 5.02e+08  -6.0 8.31e+01  -2.8 6.11e-02 3.38e-02h  2
  53 -1.6909332e-01 4.27e-01 4.78e+08  -6.0 1.64e+02  -3.3 4.22e-02 4.89e-02h  1
  54 -1.6886836e-01 4.23e-01 4.74e+08  -6.0 2.45e+02  -3.8 2.38e-07 6.73e-03h  3
  55 -1.6874802e-01 4.21e-01 4.73e+08  -6.0 1.67e+02  -3.4 1.08e-02 2.92e-03h  6
  56 -1.6873436e-01 4.21e-01 4.73e+08  -6.0 1.01e+03  -3.8 1.17e-02 1.88e-04h  6
  57 -1.6872765e-01 4.21e-01 4.73e+08  -6.0 1.60e+02  -3.4 1.11e-01 1.66e-04h 10
  58 -1.6901679e-01 4.17e-01 4.70e+08  -6.0 9.68e+02  -3.9 7.53e-03 6.43e-03h  2
  59 -1.6885857e-01 4.15e-01 4.68e+08  -6.0 1.21e+02  -3.5 6.76e-02 4.22e-03h  6
iter    objective    inf_pr   inf_du lg(mu)  ||d||  lg(rg) alpha_du alpha_pr  ls
  60 -1.6834891e-01 4.12e-01 4.60e+08  -6.0 9.74e+01  -3.0 5.15e-02 1.68e-02h  4
  61 -1.6783422e-01 4.07e-01 4.55e+08  -6.0 9.24e+01  -2.6 3.25e-08 9.60e-03h  1
  62 -1.6696501e-01 4.02e-01 4.47e+08  -6.0 1.06e+02  -3.1 5.63e-02 1.93e-02h  3
  63 -1.6632254e-01 3.98e-01 4.43e+08  -6.0 1.55e+02  -3.6 1.24e-01 9.32e-03h  3
  64 -1.6597573e-01 3.97e-01 4.41e+08  -6.0 2.60e+02  -4.0 1.62e-01 3.19e-03h  4
  65 -1.6562604e-01 3.95e-01 4.40e+08  -6.0 5.92e+02  -4.5 2.33e-02 3.59e-03h  6
  66 -1.6527415e-01 3.92e-01 4.35e+08  -6.0 3.27e+02  -4.1 5.12e-02 1.07e-02h  4
  67r-1.6527415e-01 3.92e-01 1.00e+03  -0.8 0.00e+00  -4.6 0.00e+00 2.95e-07R 12
  68r-1.6508671e-01 3.87e-01 1.22e+03  -0.8 1.39e+04    -  1.27e-05 1.22e-05f  1
  69 -1.6508671e-01 3.87e-01 5.70e+06  -6.0 3.04e+01    -  5.73e-02 1.87e-04h  1
iter    objective    inf_pr   inf_du lg(mu)  ||d||  lg(rg) alpha_du alpha_pr  ls
  70 -1.6510121e-01 3.86e-01 1.07e+08  -6.0 5.05e+01    -  1.88e-04 3.51e-03h  1
  71 -1.6509857e-01 3.86e-01 1.07e+08  -6.0 7.58e+01    -  6.14e-02 1.85e-04h  1
  72 -1.6475545e-01 3.81e-01 1.05e+08  -6.0 7.67e+01    -  4.14e-03 2.12e-02h  2
  73 -1.6437856e-01 3.75e-01 1.02e+08  -6.0 7.46e+01    -  2.56e-01 2.22e-02h  1
  74 -1.6416162e-01 3.70e-01 9.96e+07  -6.0 8.62e+01    -  5.16e-02 2.53e-02h  3
  75 -1.6396320e-01 3.64e-01 9.71e+07  -6.0 9.45e+01    -  1.55e-01 2.47e-02h  2
  76 -1.6382522e-01 3.59e-01 9.47e+07  -6.0 1.23e+02    -  1.72e-01 2.49e-02h  2
  77 -1.6371053e-01 3.53e-01 9.26e+07  -6.0 1.48e+02    -  2.94e-01 2.23e-02h  1
  78 -1.6340017e-01 3.49e-01 9.12e+07  -6.0 2.25e+02    -  2.23e-01 1.51e-02h  5
  79 -1.6321655e-01 3.46e-01 9.05e+07  -6.0 2.58e+02    -  2.57e-01 7.59e-03h  6
iter    objective    inf_pr   inf_du lg(mu)  ||d||  lg(rg) alpha_du alpha_pr  ls
  80 -1.6293926e-01 3.43e-01 8.97e+07  -6.0 2.97e+02    -  2.89e-01 9.49e-03h  6
  81 -1.6271938e-01 3.41e-01 8.91e+07  -6.0 3.24e+02    -  2.88e-01 6.37e-03h  7
  82 -1.6248591e-01 3.39e-01 8.85e+07  -6.0 3.33e+02    -  3.16e-01 6.25e-03h  7
  83 -1.6224682e-01 3.36e-01 8.80e+07  -6.0 4.27e+02    -  3.42e-01 6.17e-03h  7
  84 -1.6200545e-01 3.34e-01 8.75e+07  -6.0 5.72e+02    -  3.96e-01 6.12e-03h  7
  85 -1.6176070e-01 3.32e-01 8.69e+07  -6.0 7.99e+02    -  3.02e-01 6.08e-03h  7
  86 -1.6151179e-01 3.30e-01 8.64e+07  -6.0 9.94e+02    -  4.68e-01 6.04e-03h  7
  87 -1.6124896e-01 3.28e-01 8.59e+07  -6.0 1.41e+03    -  2.91e-01 5.97e-03h  7
  88 -1.4356855e-01 8.84e+00 5.33e+07  -6.0 1.66e+03    -  5.58e-01 3.79e-01w  1
  89 -1.4348976e-01 8.82e+00 5.32e+07  -6.0 1.07e+03    -  5.84e-02 2.23e-03w  1
iter    objective    inf_pr   inf_du lg(mu)  ||d||  lg(rg) alpha_du alpha_pr  ls
  90 -1.3734401e-01 7.91e+00 4.64e+07  -6.0 1.42e+03    -  2.31e-02 1.29e-01w  1
  91 -1.6097270e-01 3.26e-01 8.54e+07  -6.0 9.85e+02    -  5.58e-01 5.92e-03h  6
  92 -1.6063053e-01 3.25e-01 8.49e+07  -6.0 2.43e+03    -  2.48e-01 5.92e-03h  7
  93 -1.6043087e-01 3.24e-01 8.46e+07  -6.0 2.88e+03    -  4.67e-01 2.99e-03h  8
  94 -1.6003765e-01 3.21e-01 8.39e+07  -6.0 1.90e+02  -5.1 3.24e-01 8.55e-03h  6
  95 -1.5969297e-01 3.19e-01 8.34e+07  -6.0 5.19e+02  -5.5 6.44e-01 6.21e-03h  7
  96 -1.5920956e-01 3.17e-01 8.27e+07  -6.0 1.19e+03  -6.0 2.10e-01 7.61e-03h  7
  97 -1.5884722e-01 3.15e-01 8.24e+07  -6.0 2.54e+03  -6.5 2.39e-01 4.22e-03h  8
  98 -1.5825393e-01 3.13e-01 8.18e+07  -6.0 1.36e+03  -6.1 8.14e-03 7.50e-03h  5
  99 -1.5790604e-01 3.12e-01 8.15e+07  -6.0 2.98e+03  -6.5 4.59e-02 3.44e-03h  8
iter    objective    inf_pr   inf_du lg(mu)  ||d||  lg(rg) alpha_du alpha_pr  ls
 100 -1.5730593e-01 3.09e-01 8.08e+07  -6.0 1.35e+03  -6.1 4.85e-01 8.60e-03h  7
 101 -1.4346815e-01 2.69e+00 7.56e+07  -6.0 5.53e+03  -6.6 1.40e-02 6.44e-02w  1
 102 -1.0719085e-01 1.59e+01 2.95e+07  -6.0 1.25e+03  -6.2 1.93e-01 6.10e-01w  1
 103 -1.0912901e-01 1.50e+01 2.77e+07  -6.0 5.00e+02  -6.6 3.98e-03 5.97e-02w  1
 104 -1.5719782e-01 3.09e-01 8.07e+07  -6.0 4.81e+02  -6.2 1.40e-02 5.03e-04h  7
 105 -1.5668467e-01 3.06e-01 8.01e+07  -6.0 7.71e+02  -5.8 5.08e-01 8.50e-03h  7
 106 -1.5636247e-01 3.04e-01 7.94e+07  -6.0 3.49e+02  -5.4 1.20e-01 8.12e-03h  6
 107 -1.5593149e-01 3.04e-01 7.84e+07  -6.0 1.55e+02  -4.9 3.88e-01 1.23e-02h  5
 108 -1.5554973e-01 3.07e-01 7.76e+07  -6.0 4.01e+02  -5.4 3.93e-02 1.06e-02h  5
 109 -1.5516981e-01 3.12e-01 7.68e+07  -6.0 1.69e+02  -5.0 9.59e-02 1.10e-02h  5
iter    objective    inf_pr   inf_du lg(mu)  ||d||  lg(rg) alpha_du alpha_pr  ls
 110 -1.5489127e-01 3.12e-01 7.61e+07  -6.0 4.69e+02  -5.5 6.10e-02 8.13e-03h  5
 111 -1.5447228e-01 3.17e-01 7.52e+07  -6.0 1.88e+02  -5.0 7.25e-01 1.17e-02h  5
 112 -1.5428258e-01 3.17e-01 7.48e+07  -6.0 6.66e+02  -5.5 3.28e-02 6.40e-03h  4
 113 -1.5376671e-01 3.25e-01 7.37e+07  -6.0 2.61e+02  -5.1 1.01e-01 1.47e-02h  4
 114 -1.5325930e-01 3.32e-01 7.23e+07  -6.0 7.49e+02  -5.6 5.26e-02 1.85e-02w  1
 115 -1.5161976e-01 4.68e-01 6.90e+07  -6.0 2.75e+02  -5.1 4.95e-03 4.61e-02w  1
 116 -1.5136690e-01 4.69e-01 6.83e+07  -6.0 7.59e+02  -5.6 2.01e-01 9.79e-03w  1
 117 -1.5363986e-01 3.24e-01 7.33e+07  -6.0 2.59e+02  -5.2 5.26e-02 4.63e-03h  2
 118 -1.5360180e-01 3.23e-01 7.32e+07  -6.0 1.04e+03  -5.7 1.31e-01 2.00e-03h  3
 119 -1.5319451e-01 3.25e-01 7.24e+07  -6.0 2.94e+02  -5.2 1.67e-01 1.03e-02h  4
iter    objective    inf_pr   inf_du lg(mu)  ||d||  lg(rg) alpha_du alpha_pr  ls
 120 -1.5316809e-01 3.25e-01 7.23e+07  -6.0 1.14e+03  -5.7 3.45e-02 1.32e-03h  1
 121 -1.5276529e-01 3.27e-01 7.16e+07  -6.0 3.25e+02  -5.3 1.14e-02 1.03e-02h  5
 122 -1.5275162e-01 3.26e-01 7.15e+07  -6.0 1.38e+03  -5.8 1.47e-01 7.46e-04h  1
 123 -1.5208954e-01 3.32e-01 7.04e+07  -6.0 3.56e+02  -5.3 1.92e-01 1.55e-02h  6
 124 -1.5208726e-01 3.31e-01 7.04e+07  -6.0 2.57e+03  -5.8 1.53e-02 4.00e-04h  7
 125 -1.5140660e-01 3.36e-01 6.92e+07  -6.0 3.91e+02  -5.4 5.11e-01 1.65e-02h  6
 126 -1.5141136e-01 3.36e-01 6.92e+07  -6.0 6.11e+03  -5.9 6.33e-03 5.51e-05h  1
 127 -1.5088497e-01 3.42e-01 6.83e+07  -6.0 4.31e+02  -5.4 4.19e-02 1.38e-02h  6
 128 -1.5039864e-01 3.50e-01 6.73e+07  -6.0 1.86e+02  -5.0 1.25e-01 1.42e-02h  6
 129 -1.4971533e-01 3.61e-01 6.60e+07  -6.0 4.72e+02  -5.5 3.02e-01 1.91e-02h  5
iter    objective    inf_pr   inf_du lg(mu)  ||d||  lg(rg) alpha_du alpha_pr  ls
 130 -1.4910876e-01 3.72e-01 6.48e+07  -6.0 2.08e+02  -5.1 6.42e-03 1.77e-02h  6
 131 -1.4863480e-01 3.75e-01 6.40e+07  -6.0 5.13e+02  -5.5 2.76e-02 1.35e-02h  5
 132 -1.4812974e-01 3.80e-01 6.30e+07  -6.0 2.29e+02  -5.1 9.02e-02 1.52e-02h  6
 133 -1.4779280e-01 3.80e-01 6.23e+07  -6.0 5.53e+02  -5.6 1.76e-01 1.03e-02h  5
 134 -1.4734930e-01 3.84e-01 6.15e+07  -6.0 2.51e+02  -5.2 8.07e-02 1.39e-02h  6
 135 -1.4708697e-01 3.82e-01 6.10e+07  -6.0 5.93e+02  -5.6 3.54e-01 8.40e-03h  5
 136 -1.4659745e-01 3.87e-01 6.00e+07  -6.0 2.70e+02  -5.2 4.00e-01 1.62e-02h  6
 137 -1.4363826e-01 7.72e-01 5.38e+07  -6.0 6.75e+02  -5.7 1.18e-01 1.03e-01w  1
 138 -1.3076895e-01 5.94e+00 2.85e+07  -6.0 2.85e+02  -5.3 1.03e-01 4.71e-01w  1
 139 -1.2818964e-01 5.31e+00 2.54e+07  -6.0 6.11e+02  -5.7 1.52e-01 1.08e-01w  1
iter    objective    inf_pr   inf_du lg(mu)  ||d||  lg(rg) alpha_du alpha_pr  ls
 140 -1.4641250e-01 3.85e-01 5.96e+07  -6.0 1.85e+02  -5.3 1.18e-01 6.42e-03h  4
 141 -1.4638729e-01 3.85e-01 5.95e+07  -6.0 1.49e+03  -5.8 1.29e-01 1.28e-03h  6
 142 -1.4542062e-01 4.06e-01 5.76e+07  -6.0 3.58e+02  -5.4 5.06e-01 3.18e-02h  4
 143 -1.4496488e-01 4.09e-01 5.66e+07  -6.0 1.58e+02  -4.9 6.04e-02 1.71e-02h  6
 144 -1.4414257e-01 4.18e-01 5.51e+07  -6.0 3.97e+02  -5.4 1.00e-01 2.69e-02h  4
 145 -1.4336593e-01 4.35e-01 5.34e+07  -6.0 1.75e+02  -5.0 3.60e-01 3.15e-02h  5
 146 -1.4246036e-01 4.43e-01 5.16e+07  -6.0 4.34e+02  -5.5 2.86e-01 3.34e-02h  3
 147 -1.4147989e-01 4.71e-01 4.93e+07  -6.0 1.97e+02  -5.1 3.82e-01 4.36e-02h  4
 148 -1.4057645e-01 4.73e-01 4.76e+07  -6.0 4.69e+02  -5.5 5.84e-01 3.64e-02h  3
 149 -1.3954945e-01 4.98e-01 4.51e+07  -6.0 2.18e+02  -5.1 4.13e-01 5.17e-02h  4
iter    objective    inf_pr   inf_du lg(mu)  ||d||  lg(rg) alpha_du alpha_pr  ls
 150 -1.2884283e-01 2.08e+00 2.53e+07  -6.0 5.01e+02  -5.6 5.23e-01 4.38e-01w  1
 151 -1.2856299e-01 1.94e+00 2.35e+07  -6.0 1.71e+02  -5.2 5.69e-01 7.20e-02w  1
 152 -1.2423351e-01 1.40e+00 1.66e+07  -6.0 3.33e+02  -5.6 2.60e-01 2.95e-01w  1
 153 -1.3821112e-01 4.99e-01 4.26e+07  -6.0 4.03e+02  -6.1 5.23e-01 5.48e-02h  3
 154 -1.3665409e-01 4.92e-01 4.01e+07  -6.0 5.41e+02  -5.7 5.98e-01 6.00e-02h  4
 155 -1.3538694e-01 5.18e-01 3.66e+07  -6.0 2.53e+02  -5.3 6.32e-01 8.62e-02h  3
 156 -1.3538293e-01 5.18e-01 3.66e+07  -6.0 5.46e+02  -5.7 7.10e-01 1.68e-04h  1
 157 -1.3374397e-01 5.87e-01 2.99e+07  -6.0 2.42e+02  -5.3 1.74e-01 1.84e-01H  1
 158 -1.3362706e-01 5.84e-01 2.97e+07  -6.0 5.76e+02  -5.8 1.00e-01 5.55e-03h  5
 159 -1.3278055e-01 5.83e-01 2.39e+07  -6.0 2.46e+02  -5.4 4.19e-01 1.96e-01h  2
iter    objective    inf_pr   inf_du lg(mu)  ||d||  lg(rg) alpha_du alpha_pr  ls
 160 -1.3283351e-01 5.97e-01 1.84e+07  -6.0 1.19e+02  -4.9 1.44e-02 2.30e-01h  1
 161 -1.3099332e-01 4.65e-01 1.27e+07  -6.0 2.39e+02  -5.4 2.18e-01 3.09e-01h  1
 162 -1.3060392e-01 3.73e-01 8.38e+06  -6.0 1.22e+02  -5.0 4.74e-01 3.40e-01h  1
 163 -1.2978438e-01 3.21e-01 7.23e+06  -6.0 1.56e+02  -5.5 1.93e-02 1.37e-01h  1
 164 -1.2943077e-01 2.71e-01 6.07e+06  -6.0 1.01e+02  -5.0 4.51e-01 1.60e-01h  1
 165 -1.2882646e-01 2.23e-01 4.99e+06  -6.0 1.18e+02  -5.5 6.27e-01 1.78e-01h  1
 166 -1.2809407e-01 8.09e-02 2.17e+06  -6.0 9.72e+01  -6.0 5.29e-01 9.66e-01H  1
 167r-1.2809407e-01 8.09e-02 1.00e+03  -1.3 0.00e+00  -6.5 0.00e+00 3.84e-07R  3
 168r-1.2790267e-01 7.80e-02 9.99e+02  -1.3 5.86e+03    -  2.77e-05 4.25e-05f  1
 169 -1.2793812e-01 2.92e-02 6.39e+06  -6.0 3.97e-01    -  5.61e-01 6.25e-01h  1
iter    objective    inf_pr   inf_du lg(mu)  ||d||  lg(rg) alpha_du alpha_pr  ls
 170 -1.2798830e-01 5.37e-03 1.58e+07  -6.0 2.32e-01    -  6.26e-01 8.16e-01h  1
 171 -1.2812246e-01 1.32e-04 3.36e+05  -6.0 5.41e-01    -  7.79e-01 9.79e-01h  1
 172 -1.2884695e-01 4.66e-03 3.24e+01  -6.0 2.30e+00    -  1.90e-01 1.00e+00f  1
 173 -1.2972879e-01 6.53e-03 1.14e+01  -6.0 2.51e+00    -  6.44e-01 1.00e+00h  1
 174 -1.3081956e-01 1.12e-02 4.79e+00  -6.0 5.41e+00    -  5.70e-01 6.58e-01h  1
 175 -1.3213623e-01 4.27e-02 2.24e+00  -6.0 9.47e+00    -  5.11e-01 6.09e-01f  1
 176 -1.3276881e-01 5.83e-02 4.03e+00  -6.0 1.70e+01    -  7.61e-01 2.00e-01f  1
 177 -1.3309737e-01 6.95e-02 8.19e+00  -6.0 8.16e+01    -  3.59e-01 3.20e-02h  1
 178 -1.3655060e-01 4.53e-01 6.21e+00  -6.0 1.43e+02    -  4.65e-01 3.86e-01H  1
 179 -1.3696549e-01 4.43e-01 9.60e+00  -6.0 2.57e+02    -  4.13e-01 4.03e-02h  1
iter    objective    inf_pr   inf_du lg(mu)  ||d||  lg(rg) alpha_du alpha_pr  ls
 180 -1.3830080e-01 4.35e-01 1.29e+01  -6.0 4.55e+02    -  7.70e-01 9.41e-02h  4
 181 -1.3930115e-01 4.43e-01 1.60e+01  -6.0 1.21e+03    -  2.18e-01 2.44e-02h  4
 182 -1.3977319e-01 4.42e-01 2.13e+01  -6.0 1.62e+03    -  1.86e-01 9.91e-03h  5
 183 -1.4024104e-01 4.42e-01 4.61e+01  -6.0 4.23e+03    -  1.91e-01 8.11e-03h  5
 184 -1.4025135e-01 4.41e-01 3.52e+01  -6.0 5.99e+01  -6.9 2.39e-01 1.79e-03h  1
 185 -1.4710972e-01 7.04e-02 5.25e+01  -6.0 1.77e+02  -7.4 2.29e-01 1.00e+00F  1
 186 -1.4726613e-01 5.99e-02 4.08e+01  -6.0 8.79e+00  -5.2 2.51e-01 1.49e-01h  1
 187 -1.4760148e-01 1.71e-02 1.06e+03  -6.0 3.24e+00  -5.7 9.99e-01 7.01e-01h  1
 188 -1.4789848e-01 1.21e-02 3.47e+03  -6.0 1.02e+01  -6.1 4.88e-01 2.46e-01h  1
 189 -1.4941042e-01 3.07e-01 2.16e+03  -6.0 3.14e+01  -6.6 6.23e-01 8.59e-01h  1
iter    objective    inf_pr   inf_du lg(mu)  ||d||  lg(rg) alpha_du alpha_pr  ls
 190 -1.5061661e-01 4.09e-01 1.49e+03  -6.0 8.23e+01  -7.1 3.29e-01 3.23e-01h  1
 191 -1.5143131e-01 3.57e-01 3.40e+03  -6.0 2.18e+02  -7.6 9.38e-02 1.24e-01h  2
 192 -1.5198111e-01 3.46e-01 4.98e+03  -6.0 7.65e+02  -8.1 3.92e-01 3.20e-02h  3
 193 -1.5298699e-01 2.95e-01 7.42e+03  -6.0 2.62e+02  -7.6 5.31e-02 1.44e-01h  3
 194 -1.5346661e-01 2.88e-01 7.26e+03  -6.0 8.21e+02  -8.1 1.27e-01 2.65e-02h  4
 195 -1.5347608e-01 2.62e-01 6.68e+03  -6.0 4.74e+00  -5.9 6.59e-01 8.78e-02h  1
 196 -1.5382816e-01 6.63e-03 1.97e+02  -6.0 1.42e+01  -6.3 6.91e-01 9.79e-01f  1
 197 -1.5492632e-01 3.69e-02 5.33e+01  -6.0 4.24e+01  -6.8 2.07e-01 1.00e+00f  1
 198 -1.5807279e-01 7.40e-03 1.18e+01  -6.0 1.26e+02  -7.3 7.66e-01 1.00e+00H  1
 199 -1.5826079e-01 8.23e-02 2.14e-01  -6.0 6.03e+00  -6.0 1.00e+00 1.00e+00h  1
iter    objective    inf_pr   inf_du lg(mu)  ||d||  lg(rg) alpha_du alpha_pr  ls
 200 -1.5878799e-01 3.45e-01 4.84e+00  -6.0 1.82e+01  -6.4 3.41e-01 1.00e+00h  1
 201 -1.6043406e-01 2.30e-01 6.77e+00  -6.0 5.69e+01  -6.9 6.73e-01 9.69e-01H  1
 202 -1.6578144e-01 5.61e-01 5.88e+00  -6.0 1.77e+02  -7.4 7.90e-01 1.00e+00F  1
 203 -1.6799139e-01 4.60e-01 1.52e+00  -6.0 6.73e+01  -7.0 1.00e+00 1.00e+00h  1
 204 -1.6863636e-01 5.45e-01 1.06e+01  -6.0 3.05e+02  -7.5 9.74e-01 7.29e-02h  1
 205 -1.6968019e-01 5.00e-01 2.81e+01  -6.0 2.37e+03  -7.9 5.69e-01 2.94e-02h  4
 206 -1.7958015e-01 2.57e+00 3.62e+01  -6.0 3.02e+02  -7.5 1.00e+00 1.00e+00H  1
 207 -1.8635686e-01 4.96e+00 2.60e+01  -6.0 3.05e+02  -7.1 1.00e+00 8.75e-01h  1
 208 -1.9367785e-01 1.93e+01 6.65e+01  -6.0 1.91e+02  -6.7 1.00e+00 5.76e-01h  1
 209 -1.9398916e-01 1.91e+01 6.57e+01  -6.0 1.80e+02  -6.2 2.00e-01 1.26e-02h  1
iter    objective    inf_pr   inf_du lg(mu)  ||d||  lg(rg) alpha_du alpha_pr  ls
 210 -1.9398865e-01 1.91e+01 6.57e+01  -6.0 2.46e+02  -6.7 1.38e-01 4.97e-04h  1
 211 -1.9416156e-01 1.90e+01 8.74e+01  -6.0 6.74e+02  -7.2 5.87e-02 3.96e-03h  1
 212 -1.9429222e-01 1.82e+01 8.33e+01  -6.0 4.00e+02  -7.7 4.88e-02 4.56e-02h  1
 213 -1.9505635e-01 1.75e+01 8.07e+01  -6.0 7.84e+02  -8.1 1.49e-01 3.83e-02h  1
 214 -1.9704276e-01 1.09e+01 6.82e+01  -6.0 2.15e+02  -7.7 1.12e-01 3.77e-01h  1
 215 -1.9778450e-01 1.05e+01 6.13e+01  -6.0 8.88e+02  -8.2 2.03e-01 4.10e-02h  1
 216 -1.9907007e-01 9.16e+00 5.61e+01  -6.0 3.53e+02  -7.8 3.73e-02 1.30e-01h  1
 217 -2.1402853e-01 1.89e+01 1.22e+02  -6.0 1.15e+03  -8.2 3.98e-02 8.35e-01h  1
 218 -2.1924462e-01 1.76e+01 4.07e+03  -6.0 1.11e+03  -7.8 6.13e-01 7.15e-01h  1
 219 -2.2550053e-01 1.54e+01 1.73e+03  -6.0 1.26e+03  -8.3 1.55e-04 1.76e-01h  1
iter    objective    inf_pr   inf_du lg(mu)  ||d||  lg(rg) alpha_du alpha_pr  ls
 220 -2.2555613e-01 1.49e+01 1.49e+03  -6.0 4.96e+03  -7.9 3.25e-02 3.67e-02h  1
 221 -2.2556828e-01 1.49e+01 1.48e+03  -6.0 1.28e+03  -8.3 1.12e-05 6.55e-04h  1
 222 -2.2555591e-01 1.49e+01 1.48e+03  -6.0 7.77e+03  -7.9 1.04e-07 1.96e-05h  1
 223 -2.2555489e-01 1.49e+01 1.48e+03  -6.0 8.74e+03  -8.4 3.84e-07 1.63e-05h  1
 224 -2.2555388e-01 1.49e+01 1.48e+03  -6.0 3.36e+03  -8.0 1.21e-05 2.82e-05h  1
 225 -2.2587624e-01 1.48e+01 1.34e+03  -6.0 3.10e+03  -8.4 1.88e-05 5.70e-03f  1
 226 -2.3407854e-01 1.34e+01 3.07e+03  -6.0 3.28e+03  -8.0 8.03e-03 1.26e-01f  1
 227 -2.3006630e-01 9.51e+00 7.67e+03  -6.0 5.91e+02  -7.6 7.92e-02 3.43e-01h  1
 228 -2.3056121e-01 8.15e+00 1.21e+04  -6.0 1.97e+02  -6.3 2.20e-03 2.28e-01h  1
 229 -2.3066314e-01 8.06e+00 1.21e+04  -6.0 1.97e+02  -5.8 6.49e-03 1.10e-02h  1
iter    objective    inf_pr   inf_du lg(mu)  ||d||  lg(rg) alpha_du alpha_pr  ls
 230 -2.2592768e-01 3.46e+00 1.83e+04  -6.0 2.19e+02  -6.3 2.28e-01 9.15e-01h  1
 231 -2.2656828e-01 3.40e+00 1.73e+04  -6.0 1.08e+02  -5.9 5.99e-02 1.75e-02h  1
 232 -2.2744054e-01 3.24e+00 1.71e+04  -6.0 6.08e+01  -5.5 3.56e-03 4.61e-02h  1
 233 -2.2780292e-01 3.18e+00 1.62e+04  -6.0 7.53e+01  -5.0 6.04e-02 1.69e-02h  1
 234 -2.2817350e-01 3.12e+00 1.52e+04  -6.0 8.95e+01  -4.6 6.82e-02 1.79e-02h  1
 235 -2.2828557e-01 2.90e+00 1.47e+04  -6.0 5.32e+01  -5.1 2.62e-02 6.86e-02h  1
 236 -2.3317618e-01 2.97e+00 1.40e+04  -6.0 8.94e+01  -5.6 6.93e-04 3.57e-01h  1
 237 -2.3130263e-01 2.87e+00 1.37e+04  -6.0 3.41e+02  -6.0 2.35e-02 3.56e-02h  1
 238 -2.3222722e-01 3.32e+00 1.36e+04  -6.0 1.29e+02  -5.6 1.21e-04 5.53e-02f  1
 239 -2.3239021e-01 3.13e+00 1.22e+04  -6.0 1.25e+02  -5.2 1.14e-01 5.07e-02h  1
iter    objective    inf_pr   inf_du lg(mu)  ||d||  lg(rg) alpha_du alpha_pr  ls
 240 -2.3403208e-01 2.72e+00 9.31e+03  -6.0 1.37e+02  -5.7 2.46e-01 1.17e-01f  1
 241 -2.3485961e-01 2.70e+00 9.03e+03  -6.0 2.67e+02  -6.1 3.31e-02 1.31e-02h  1
 242 -2.3503709e-01 2.67e+00 8.90e+03  -6.0 3.71e+02  -5.7 1.47e-02 1.31e-02h  1
 243 -2.3504507e-01 2.66e+00 8.89e+03  -6.0 6.93e+01  -3.5 1.37e-06 3.60e-03h  1
 244 -2.3505053e-01 2.65e+00 8.88e+03  -6.0 3.04e+01  -3.1 5.40e-04 3.30e-03h  1
 245 -2.3505851e-01 2.63e+00 8.82e+03  -6.0 1.56e+01  -3.5 7.40e-03 8.52e-03h  1
 246 -2.3505899e-01 2.62e+00 8.53e+03  -6.0 3.39e+01  -4.0 4.15e-02 1.15e-03h  1
 247 -2.3505946e-01 2.62e+00 8.04e+03  -6.0 3.48e+01  -4.5 6.70e-02 1.10e-04h  1
 248 -2.3407417e-01 2.56e+00 7.94e+03  -6.0 2.70e+02  -5.0 7.97e-03 2.74e-02h  1
 249 -2.3421453e-01 2.30e+00 7.53e+03  -6.0 2.12e+02  -5.4 4.41e-02 8.52e-02h  1
iter    objective    inf_pr   inf_du lg(mu)  ||d||  lg(rg) alpha_du alpha_pr  ls
 250 -2.3421771e-01 2.30e+00 7.51e+03  -6.0 1.20e+02  -2.3 2.87e-03 3.44e-04h  1
 251 -2.3422132e-01 2.30e+00 7.51e+03  -6.0 1.31e+02  -1.9 6.64e-04 5.06e-04h  1
 252 -2.3425553e-01 2.29e+00 7.47e+03  -6.0 1.52e+02  -2.4 6.59e-03 3.93e-03h  1
 253 -2.3428245e-01 2.25e+00 7.42e+03  -6.0 1.76e+02  -2.8 2.48e-03 1.85e-02h  1
 254 -2.3423334e-01 2.19e+00 7.25e+03  -6.0 1.89e+02  -3.3 2.34e-02 2.36e-02h  1
 255 -2.3391822e-01 1.93e+00 6.78e+03  -6.0 1.90e+02  -3.8 5.75e-02 9.56e-02h  1
 256 -2.3468824e-01 1.59e+00 5.92e+03  -6.0 1.81e+02  -4.3 7.00e-02 3.91e-01h  1
 257 -2.3464377e-01 1.59e+00 5.92e+03  -6.0 2.50e+03  -4.7 8.60e-09 4.78e-05h  3
 258 -2.3463748e-01 1.58e+00 5.92e+03  -6.0 5.21e+01  -1.6 1.23e-04 7.75e-03h  1
 259 -2.3464582e-01 1.57e+00 5.89e+03  -6.0 6.75e+00  -2.1 4.01e-03 3.56e-03h  1
iter    objective    inf_pr   inf_du lg(mu)  ||d||  lg(rg) alpha_du alpha_pr  ls
 260 -2.3463169e-01 1.54e+00 5.87e+03  -6.0 1.94e+01  -2.6 4.23e-06 1.92e-02f  1
 261 -2.3465963e-01 1.50e+00 5.79e+03  -6.0 5.44e+00  -2.1 1.25e-02 2.65e-02f  1
 262 -2.3466079e-01 1.50e+00 5.78e+03  -6.0 4.08e+00  -1.7 1.69e-04 3.10e-03h  1
 263 -2.3466078e-01 1.50e+00 5.78e+03  -6.0 4.18e+00  -2.2 4.86e-06 6.09e-04f  1
 264 -2.3466086e-01 1.50e+00 5.78e+03  -6.0 5.55e+01  -1.8 5.23e-08 1.26e-05h  1
 265 -2.3466086e-01 1.50e+00 5.78e+03  -6.0 4.69e+00  -2.2 7.97e-07 1.51e-05f  1
 266 -2.3466087e-01 1.50e+00 5.78e+03  -6.0 5.20e+00  -1.8 4.99e-06 1.90e-05h  1
 267 -2.3465344e-01 1.47e+00 5.77e+03  -6.0 5.02e+00  -2.3 7.27e-06 1.46e-02f  1
 268 -2.3465086e-01 1.46e+00 5.73e+03  -6.0 2.13e+00  -1.0 5.49e-03 1.28e-02h  1
 269 -2.3465085e-01 1.45e+00 5.73e+03  -6.0 2.14e+00  -1.4 2.57e-06 2.60e-03f  1
iter    objective    inf_pr   inf_du lg(mu)  ||d||  lg(rg) alpha_du alpha_pr  ls
 270 -2.3464976e-01 1.45e+00 5.72e+03  -6.0 9.92e+00  -1.0 7.55e-04 2.86e-04h  1
 271 -2.3459322e-01 9.62e-01 1.38e+04  -6.0 2.14e+00  -1.5 6.49e-05 3.46e-01f  1
 272 -2.3457936e-01 9.42e-01 1.36e+04  -6.0 3.19e+00  -2.0 6.37e-02 2.10e-02h  1
 273 -2.3452839e-01 6.37e-01 8.96e+03  -6.0 2.38e+00  -2.4 6.22e-02 3.24e-01h  1
 274 -2.3452316e-01 5.67e-01 7.97e+03  -6.0 1.67e+00  -2.9 1.68e-02 1.10e-01h  1
 275 -2.3452630e-01 5.15e-01 7.24e+03  -6.0 1.42e+00  -3.4 9.08e-02 9.03e-02f  1
 276 -2.3454113e-01 4.33e-01 6.08e+03  -6.0 1.36e+00  -3.9 4.62e-01 1.60e-01f  1
 277 -2.3467167e-01 1.46e-01 1.99e+03  -6.0 3.21e+00  -4.4 2.49e-01 6.55e-01f  1
 278 -2.3509884e-01 8.74e-02 1.17e+03  -6.0 4.57e+00  -4.8 9.20e-01 4.10e-01h  1
 279 -2.3563253e-01 6.54e-02 8.61e+02  -6.0 8.21e+00  -5.3 1.00e+00 2.65e-01h  1
iter    objective    inf_pr   inf_du lg(mu)  ||d||  lg(rg) alpha_du alpha_pr  ls
 280 -2.3618659e-01 4.43e-02 3.38e+02  -6.0 3.51e+00  -5.8 1.00e+00 8.93e-01h  1
 281 -2.3701197e-01 3.09e-01 2.28e+02  -6.0 1.13e+01  -6.3 6.72e-01 4.51e-01h  1
 282 -2.3742306e-01 2.30e-01 1.70e+02  -6.0 3.92e+01  -6.7 3.33e-01 2.36e-01h  1
 283 -2.3905968e-01 1.61e-01 1.03e+02  -6.0 1.02e+02  -7.2 5.73e-01 3.19e-01h  1
 284 -2.3983234e-01 1.49e-01 3.06e+01  -6.0 1.55e+02  -7.7 4.02e-01 5.43e-01h  1
 285 -2.4155089e-01 6.11e-01 9.25e+00  -6.0 4.31e+02  -8.2 2.96e-01 3.78e-01f  1
 286 -2.4451324e-01 3.69e+00 1.27e+01  -6.0 1.12e+03  -8.6 1.24e-01 3.69e-01h  1
 287 -2.4554493e-01 2.40e+00 9.61e+00  -6.0 3.07e+02  -8.2 3.60e-01 4.40e-01h  1
 288 -2.4573431e-01 2.42e+00 7.92e+00  -6.0 9.50e+02  -8.7 1.60e-01 1.47e-01h  1
 289 -2.4733086e-01 2.94e+01 7.71e+00  -6.0 1.67e+04  -9.2 5.21e-02 7.23e-02h  1
iter    objective    inf_pr   inf_du lg(mu)  ||d||  lg(rg) alpha_du alpha_pr  ls
 290 -2.4743200e-01 2.74e+01 1.15e+03  -6.0 7.95e+02  -8.8 1.36e-01 6.90e-02h  1
 291 -2.4827858e-01 2.37e+01 8.58e+01  -6.0 1.21e+03  -9.2 3.79e-01 1.40e-01h  1
 292 -2.5015813e-01 2.08e+00 1.92e+03  -6.0 3.45e+02  -8.8 3.21e-01 1.00e+00h  1
 293 -2.5027132e-01 2.16e+00 1.90e+03  -6.0 2.36e+04  -9.3 2.16e-02 5.94e-03h  1
 294 -2.5141077e-01 6.71e+00 1.80e+03  -6.0 9.24e+03  -9.8 4.72e-02 5.49e-02h  1
 295 -2.5219656e-01 7.09e+00 1.52e+03  -6.0 1.66e+03  -9.3 4.93e-01 1.57e-01h  1
 296 -2.5306233e-01 5.39e+00 9.67e+02  -6.0 6.05e+02  -8.9 4.54e-01 3.65e-01h  1
 297 -2.5366413e-01 3.14e+00 1.60e+04  -6.0 5.25e+02  -6.7 3.80e-03 4.21e-01h  1
 298 -2.5352397e-01 1.37e+00 1.52e+04  -6.0 5.48e+01  -7.1 9.89e-02 5.71e-01h  1
 299 -2.5372245e-01 4.45e-01 3.74e+01  -6.0 6.66e+01  -7.6 5.91e-01 1.00e+00h  1
iter    objective    inf_pr   inf_du lg(mu)  ||d||  lg(rg) alpha_du alpha_pr  ls
 300 -2.5424553e-01 9.63e-01 1.46e+01  -6.0 1.49e+02  -8.1 5.89e-01 6.67e-01h  1
 301 -2.5490889e-01 9.51e-01 9.55e+03  -6.0 2.19e+02  -8.6 1.21e-01 6.71e-01h  1
 302 -2.5516468e-01 1.00e+00 9.03e+03  -6.0 5.27e+03  -8.2 2.02e-02 1.73e-02h  1
 303 -2.5550240e-01 8.59e-01 2.80e+03  -6.0 4.49e+02  -8.6 2.94e-01 2.02e-01h  1
 304 -2.5559400e-01 8.41e-01 8.28e+04  -6.0 1.26e+03  -9.1 4.11e-03 2.28e-02h  1
 305 -2.5852969e-01 2.53e+01 6.72e+04  -6.0 5.82e+03  -9.6 4.11e-02 1.82e-01f  1
 306 -2.5860814e-01 4.31e+01 6.54e+04  -6.0 6.17e+04 -10.1 8.81e-03 2.62e-02h  1
 307 -2.5940108e-01 3.94e+01 5.98e+04  -6.0 1.61e+04    -  3.08e-02 8.57e-02h  1
 308 -2.5969818e-01 3.53e+01 5.37e+04  -6.0 8.57e+02  -8.7 2.13e-01 1.03e-01h  1
 309 -2.6036753e-01 2.89e+01 4.39e+04  -6.0 7.56e+03    -  9.24e-02 1.82e-01h  1
iter    objective    inf_pr   inf_du lg(mu)  ||d||  lg(rg) alpha_du alpha_pr  ls
 310 -2.6050690e-01 2.59e+01 3.94e+04  -6.0 5.40e+02  -9.2 3.80e-01 1.03e-01h  1
 311 -2.6054864e-01 2.52e+01 3.83e+04  -6.0 4.54e+03  -9.7 2.51e-02 2.71e-02h  1
 312 -2.6058973e-01 2.32e+01 3.52e+04  -6.0 5.67e+03 -10.2 1.60e-01 7.96e-02h  1
 313 -2.6079756e-01 1.61e+01 2.43e+04  -6.0 1.72e+03  -9.7 3.15e-01 3.09e-01h  1
 314 -2.6098807e-01 1.58e+01 2.38e+04  -6.0 2.34e+04 -10.2 7.03e-02 2.32e-02h  1
 315 -2.6117662e-01 3.01e+01 1.49e+04  -6.0 4.23e+03    -  1.45e-01 3.72e-01h  1
 316 -2.6117721e-01 3.01e+01 1.47e+04  -6.0 2.74e+04    -  1.20e-04 1.35e-02H  1
 317 -2.6118910e-01 2.25e+01 9.39e+03  -6.0 2.36e+03    -  3.35e-01 3.62e-01h  1
 318 -2.6112885e-01 3.21e+00 5.37e+02  -6.0 1.83e+03    -  1.00e+00 9.43e-01h  1
 319 -2.6110219e-01 1.01e+00 4.88e+02  -6.0 4.25e+02    -  7.07e-01 1.00e+00h  1
iter    objective    inf_pr   inf_du lg(mu)  ||d||  lg(rg) alpha_du alpha_pr  ls
 320 -2.6112022e-01 8.41e-01 2.56e+02  -6.0 3.88e+02    -  3.00e-01 2.13e-01h  1
 321 -2.6115551e-01 9.49e-01 5.14e+03  -6.0 4.04e+02    -  1.00e+00 4.98e-01h  1
 322 -2.6123285e-01 4.43e-01 1.20e+06  -6.0 2.65e+02    -  1.17e-02 1.00e+00h  1
 323 -2.6122709e-01 5.68e-01 1.04e+06  -6.0 7.70e+02 -10.7 9.44e-01 1.32e-01h  3
 324 -2.6116416e-01 2.63e-01 7.55e+02  -6.0 2.41e+02    -  1.00e+00 1.00e+00h  1
 325 -2.6117256e-01 6.66e-01 4.17e+02  -6.0 3.89e+02 -10.3 7.97e-01 4.42e-01h  2
 326 -2.6118179e-01 1.15e+00 3.59e+02  -6.0 3.83e+03 -10.7 4.90e-01 1.34e-01h  2
 327 -2.6121967e-01 3.89e+00 3.13e+02  -6.0 4.51e+03 -10.3 2.20e-01 1.28e-01h  2
 328 -2.6124940e-01 4.29e+00 2.49e+02  -6.0 8.01e+02    -  3.71e-01 2.04e-01h  1
 329 -2.6123327e-01 1.42e+00 7.91e+01  -6.0 2.60e+02  -9.9 5.87e-01 6.81e-01h  1
iter    objective    inf_pr   inf_du lg(mu)  ||d||  lg(rg) alpha_du alpha_pr  ls
 330 -2.6124338e-01 1.23e+00 6.00e+01  -6.0 9.05e+02    -  3.48e-01 2.43e-01h  1
 331 -2.6124771e-01 2.32e-02 1.63e-01  -6.0 4.01e+01  -9.5 1.00e+00 1.00e+00h  1
 332 -2.6125978e-01 2.38e+00 2.27e-01  -6.0 3.78e+02    -  1.00e+00 1.00e+00H  1
 333 -2.6126053e-01 5.05e-01 4.48e-02  -6.0 1.75e+02    -  1.00e+00 1.00e+00h  1
 334 -2.6125457e-01 1.04e-01 7.34e-02  -6.0 7.74e+01  -9.9 1.00e+00 1.00e+00h  1
 335 -2.6126177e-01 2.50e-01 6.33e-01  -6.0 4.08e+02 -10.4 9.35e-01 1.00e+00H  1
 336 -2.6126303e-01 1.13e+00 1.16e-01  -6.0 2.70e+02 -10.0 1.00e+00 1.00e+00H  1
 337 -2.6125080e-01 9.97e-02 6.99e-03  -6.0 7.68e+01  -9.6 1.00e+00 1.00e+00h  1
 338 -2.6126357e-01 6.05e-01 6.24e-01  -6.0 6.16e+02 -10.0 1.00e+00 1.00e+00H  1
 339 -2.6125354e-01 4.62e-01 2.76e-01  -6.0 2.21e+02  -9.6 1.00e+00 1.00e+00H  1
iter    objective    inf_pr   inf_du lg(mu)  ||d||  lg(rg) alpha_du alpha_pr  ls
 340 -2.6127253e-01 2.00e+00 2.95e-01  -6.0 1.16e+03 -10.1 1.00e+00 1.00e+00H  1
 341 -2.6125514e-01 8.03e-01 3.66e+00  -6.0 2.12e+02  -9.7 1.00e+00 5.00e-01h  2
 342 -2.6125010e-01 2.28e-01 1.61e+01  -6.0 1.07e+04    -  3.09e-02 1.66e-02h  4
 343 -2.6124228e-01 2.63e-02 1.61e-02  -6.0 3.82e+01  -9.2 1.00e+00 1.00e+00h  1
 344 -2.6125215e-01 6.61e-02 3.20e-02  -6.0 7.45e+01    -  1.00e+00 1.00e+00h  1
 345 -2.6125196e-01 1.55e-05 5.23e-05  -6.0 9.81e-01    -  1.00e+00 1.00e+00h  1
 346 -2.6125195e-01 2.78e-09 5.37e-09  -6.0 1.23e-02    -  1.00e+00 1.00e+00h  1
 347 -2.6179697e-01 1.91e+00 2.67e+01  -7.5 2.65e+03    -  1.98e-01 2.50e-01f  1
 348 -2.6186622e-01 1.86e+00 5.86e+01  -7.5 2.47e+03    -  3.68e-01 4.88e-02h  1
 349 -2.6206346e-01 2.16e+00 6.84e+01  -7.5 2.11e+03    -  2.93e-01 1.61e-01h  1
iter    objective    inf_pr   inf_du lg(mu)  ||d||  lg(rg) alpha_du alpha_pr  ls
 350 -2.6206720e-01 1.88e+00 5.43e+01  -7.5 1.24e+00  -5.2 7.96e-02 1.30e-01h  1
 351 -2.6206720e-01 1.88e+00 5.43e+01  -7.5 1.47e+00  -1.2 2.21e-07 3.79e-07h  2
 352 -2.6206720e-01 1.88e+00 1.41e+02  -7.5 2.87e-01   1.1 2.37e-02 1.05e-05h  1
 353 -2.6206587e-01 1.80e+00 1.99e+02  -7.5 2.86e-01   0.6 2.88e-02 4.13e-02h  1
 354 -2.6206574e-01 1.79e+00 2.02e+02  -7.5 2.75e-01   0.1 1.01e-01 6.40e-03h  1
 355 -2.6206465e-01 1.71e+00 2.02e+02  -7.5 2.72e-01  -0.4 1.34e-02 4.47e-02h  1
 356 -2.6206300e-01 1.57e+00 1.85e+02  -7.5 2.62e-01  -0.8 3.74e-01 8.37e-02h  1
 357 -2.6206046e-01 1.47e+00 1.74e+02  -7.5 2.90e-01  -1.3 6.96e-02 5.88e-02h  1
 358 -2.6206022e-01 1.47e+00 1.73e+02  -7.5 2.72e-01  -1.8 1.72e-01 5.03e-03h  1
 359 -2.6205452e-01 1.30e+00 5.86e+02  -7.5 2.70e-01  -2.3 2.04e-02 1.17e-01h  1
iter    objective    inf_pr   inf_du lg(mu)  ||d||  lg(rg) alpha_du alpha_pr  ls
 360 -2.6205402e-01 1.20e+00 5.50e+02  -7.5 2.73e-01  -2.8 2.36e-01 6.98e-02h  1
 361 -2.6205390e-01 1.20e+00 8.88e+02  -7.5 8.47e-01  -3.2 5.61e-02 1.08e-03h  1
 362 -2.6205682e-01 1.05e+00 9.68e+02  -7.5 2.56e-01  -2.8 2.99e-01 1.24e-01h  1
 363 -2.6195356e-01 9.69e-01 9.92e+02  -7.5 5.57e-01  -3.3 1.74e-03 8.02e-02h  1
 364 -2.6205251e-01 9.66e-01 9.77e+02  -7.5 1.79e-01  -0.1 2.03e-02 3.44e-03h  1
 365 -2.6205105e-01 9.11e-01 8.45e+02  -7.5 1.78e-01  -0.6 2.35e-01 5.66e-02h  1
 366 -2.6204922e-01 8.22e-01 7.83e+02  -7.5 1.68e-01  -1.1 4.01e-02 9.79e-02h  1
 367 -2.6204754e-01 7.29e-01 3.41e+02  -7.5 1.51e-01  -1.6 1.00e+00 1.13e-01h  1
 368 -2.6203496e-01 2.49e-01 1.33e+02  -7.5 1.34e-01  -2.1 2.68e-01 6.59e-01h  1
 369 -2.6202710e-01 9.61e-05 7.74e+00  -7.5 8.31e-02  -2.5 1.00e+00 1.00e+00h  1
iter    objective    inf_pr   inf_du lg(mu)  ||d||  lg(rg) alpha_du alpha_pr  ls
 370 -2.6203709e-01 3.38e-05 2.73e+00  -7.5 8.48e-02  -3.0 9.78e-01 6.47e-01h  1
 371 -2.6203918e-01 3.25e-05 2.64e+00  -7.5 4.76e-01  -3.5 3.62e-01 3.24e-02f  1
 372 -2.6204569e-01 3.04e-05 2.48e+00  -7.5 6.00e-01  -4.0 9.86e-01 6.07e-02f  1
 373 -2.6204833e-01 1.63e-05 2.15e+00  -7.5 2.58e-01  -4.4 1.00e+00 1.36e-01f  1
 374 -2.6205833e-01 6.44e-05 1.53e+00  -7.5 6.94e-01  -4.9 8.98e-01 2.88e-01f  1
 375 -2.6206135e-01 6.17e-05 7.01e+01  -7.5 6.42e-01  -5.4 1.00e+00 1.23e-01f  1
 376 -2.6206690e-01 5.03e-04 6.61e+01  -7.5 1.46e+00  -5.9 1.73e-01 1.91e-01f  1
 377 -2.6206690e-01 5.03e-04 3.10e+02  -7.5 1.65e-01  -3.6 5.27e-01 3.10e-04h  1
 378 -2.6206741e-01 3.23e-04 1.61e+02  -7.5 3.94e-02  -4.1 4.51e-01 3.60e-01f  1
 379 -2.6206928e-01 1.39e-04 4.45e+01  -7.5 9.79e-02  -4.6 7.51e-01 6.99e-01f  1
iter    objective    inf_pr   inf_du lg(mu)  ||d||  lg(rg) alpha_du alpha_pr  ls
 380 -2.6206928e-01 1.39e-04 9.61e+01  -7.5 7.74e-02  -3.3 7.15e-01 1.49e-03h  1
 381 -2.6206926e-01 1.39e-04 7.60e+01  -7.5 1.55e+01  -3.7 5.89e-03 1.05e-04h  1
 382 -2.6207005e-01 2.02e-05 1.69e+01  -7.5 6.84e-02  -4.2 6.51e-01 1.00e+00f  1
 383 -2.6207005e-01 2.02e-05 2.64e+01  -7.5 1.22e-01  -4.7 1.00e+00 1.79e-03h  1
 384 -2.6207411e-01 3.12e-04 7.24e+00  -7.5 3.54e-01  -5.2 1.00e+00 5.92e-01f  1
 385 -2.6207723e-01 3.28e-04 1.10e+01  -7.5 8.40e-01  -5.7 1.00e+00 2.21e-01f  1
 386 -2.6208029e-01 3.54e-04 9.41e+00  -7.5 1.46e+00  -6.1 1.00e+00 1.32e-01f  1
 387 -2.6210160e-01 5.00e-04 1.98e+00  -7.5 4.85e+00  -6.6 1.00e+00 8.03e-01f  1
 388 -2.6214824e-01 4.69e-03 9.20e-01  -7.5 1.49e+01  -7.1 1.00e+00 8.54e-01f  1
 389 -2.6226824e-01 5.01e-02 7.73e-01  -7.5 4.17e+01  -7.6 1.00e+00 1.00e+00f  1
iter    objective    inf_pr   inf_du lg(mu)  ||d||  lg(rg) alpha_du alpha_pr  ls
 390 -2.6242693e-01 1.38e-01 1.30e+00  -7.5 1.12e+02  -8.0 9.95e-01 5.83e-01h  1
 391 -2.6244400e-01 1.33e-01 3.03e+00  -7.5 2.52e+02  -8.5 1.00e+00 3.68e-02h  1
 392 -2.6262742e-01 6.55e-01 2.80e+00  -7.5 1.74e+03    -  6.06e-02 1.43e-01h  1
 393 -2.6275112e-01 1.10e+00 2.10e+00  -7.5 2.34e+03    -  2.96e-01 1.76e-01h  1
 394 -2.6280894e-01 1.18e+00 1.72e+00  -7.5 1.88e+03    -  1.80e-01 1.73e-01h  1
 395 -2.6287158e-01 1.43e+00 1.62e+00  -7.5 1.83e+03    -  8.74e-01 2.64e-01h  1
 396 -2.6292156e-01 6.75e+00 9.91e-01  -7.5 1.73e+03    -  8.44e-01 4.42e-01h  1
 397 -2.6292034e-01 2.99e+00 1.57e+00  -7.5 2.27e+01  -9.0 9.00e-02 5.58e-01h  1
 398 -2.6292400e-01 1.74e-02 5.99e-02  -7.5 6.08e+01  -9.5 1.00e+00 1.00e+00h  1
 399 -2.6293248e-01 1.24e-01 6.69e-02  -7.5 1.70e+02  -9.9 1.00e+00 1.00e+00h  1
iter    objective    inf_pr   inf_du lg(mu)  ||d||  lg(rg) alpha_du alpha_pr  ls
 400 -2.6294840e-01 3.43e-01 2.19e-01  -7.5 4.01e+02 -10.4 1.00e+00 1.00e+00h  1
 401 -2.6296902e-01 8.48e-01 6.89e-01  -7.5 7.05e+02 -10.9 1.00e+00 1.00e+00h  1
 402 -2.6296947e-01 8.45e-01 6.89e-01  -7.5 5.15e+02  -8.7 1.76e-02 3.71e-03h  1
 403 -2.6303054e-01 1.24e+00 3.19e+00  -7.5 1.01e+03    -  7.28e-01 9.77e-01f  1
 404 -2.6303777e-01 1.22e+00 3.07e+00  -7.5 5.11e+02  -8.2 5.35e-02 1.18e-02h  1
 405 -2.6303398e-01 1.10e+00 2.75e+00  -7.5 2.92e+03    -  7.29e-03 1.06e-01h  1
 406 -2.6302971e-01 9.90e-01 2.49e+00  -7.5 5.87e+02    -  3.80e-01 9.67e-02h  3
 407 -2.6301801e-01 1.39e-01 7.31e-01  -7.5 3.43e+02    -  1.95e-01 8.71e-01h  1
 408 -2.6300108e-01 1.35e-01 3.75e-01  -7.5 1.38e+02    -  4.03e-01 1.00e+00H  1
 409 -2.6300181e-01 6.74e-02 3.25e-04  -7.5 3.15e+01    -  1.00e+00 1.00e+00h  1
iter    objective    inf_pr   inf_du lg(mu)  ||d||  lg(rg) alpha_du alpha_pr  ls
 410 -2.6300238e-01 2.55e-03 6.51e-05  -7.5 9.63e+00    -  1.00e+00 1.00e+00h  1
 411 -2.6300253e-01 1.69e-04 5.65e-06  -7.5 3.04e+00    -  1.00e+00 1.00e+00h  1
 412 -2.6300254e-01 1.44e-06 4.71e-08  -7.5 2.80e-01    -  1.00e+00 1.00e+00h  1
 413 -2.6300254e-01 2.83e-10 2.97e-12  -7.5 2.34e-03    -  1.00e+00 1.00e+00h  1
 414 -2.6300414e-01 3.80e-03 3.63e+00  -9.0 2.45e+02    -  4.71e-01 7.66e-02h  1
In iteration 414, 1 Slack too small, adjusting variable bound
 415 -2.6300483e-01 5.96e-04 9.35e-01  -9.0 3.78e-03  -2.4 9.18e-01 8.43e-01h  1
 416 -2.6300506e-01 4.40e-05 4.07e-01  -9.0 2.94e-03  -2.9 3.83e-01 9.26e-01h  1
 417 -2.6300507e-01 4.19e-05 4.01e-01  -9.0 8.79e-03  -3.4 2.22e-02 4.87e-02f  1
 418 -2.6300507e-01 4.19e-05 4.01e-01  -9.0 2.96e-02  -3.8 1.84e-04 3.90e-04h  1
 419 -2.6300531e-01 3.41e-05 1.25e+02  -9.0 7.43e-02  -4.3 4.05e-03 1.86e-01f  1
iter    objective    inf_pr   inf_du lg(mu)  ||d||  lg(rg) alpha_du alpha_pr  ls
 420 -2.6300531e-01 3.40e-05 1.25e+02  -9.0 7.23e-03  -0.3 3.50e-03 3.42e-03f  2
 421 -2.6300531e-01 3.33e-05 1.22e+02  -9.0 3.38e-05   0.2 1.00e+00 1.93e-02h  1
 422 -2.6300532e-01 2.83e-10 3.60e-03  -9.0 3.32e-05   0.6 1.00e+00 1.00e+00f  1
 423 -2.6300532e-01 3.15e-10 1.20e-05  -9.0 9.35e-06   0.1 1.00e+00 1.00e+00h  1
 424 -2.6300532e-01 3.15e-10 6.25e-06  -9.0 1.46e-05  -0.4 1.00e+00 1.00e+00h  1
 425 -2.6300532e-01 1.86e-10 5.85e-06  -9.0 2.92e-05  -0.8 1.00e+00 1.00e+00h  1
 426 -2.6300532e-01 1.91e-10 1.32e-05  -9.0 7.60e-05  -1.3 1.00e+00 1.00e+00h  1
 427 -2.6300533e-01 2.82e-10 2.00e-05  -9.0 2.20e-04  -1.8 1.00e+00 1.00e+00h  1
 428 -2.6300535e-01 2.03e-09 9.60e-05  -9.0 6.53e-04  -2.3 1.00e+00 1.00e+00h  1
 429 -2.6300541e-01 1.80e-08 8.02e-04  -9.0 1.90e-03  -2.8 1.00e+00 1.00e+00h  1
iter    objective    inf_pr   inf_du lg(mu)  ||d||  lg(rg) alpha_du alpha_pr  ls
 430 -2.6300548e-01 6.07e-08 7.44e-03  -9.0 4.73e-03  -3.2 1.00e+00 6.13e-01h  1
 431 -2.6300551e-01 5.38e-08 4.85e-02  -9.0 5.50e-03  -3.7 1.00e+00 2.81e-01f  1
 432 -2.6300556e-01 4.55e-08 1.75e-03  -9.0 1.25e-02  -4.2 1.00e+00 1.00e+00f  1
 433 -2.6300629e-01 4.64e-02 2.03e-01  -9.0 3.71e+03    -  5.01e-01 7.05e-03h  1
 434 -2.6300634e-01 8.65e-03 9.31e-04  -9.0 4.62e-02  -4.7 1.00e+00 8.14e-01h  1
 435 -2.6300658e-01 8.59e-03 1.23e-01  -9.0 2.45e+02    -  6.43e-01 7.77e-03h  1
 436 -2.6300662e-01 3.05e-04 8.49e-03  -9.0 2.17e-02  -5.1 1.00e+00 9.64e-01h  1
 437 -2.6300721e-01 2.08e-02 4.45e-02  -9.0 2.05e+02    -  9.01e-01 2.36e-01f  1
 438 -2.6300714e-01 1.72e-07 7.13e-02  -9.0 1.29e-02  -5.6 1.00e+00 1.00e+00h  1
 439 -2.6300798e-01 8.95e-01 3.75e-02  -9.0 1.60e+02    -  1.00e+00 5.58e-01h  1
iter    objective    inf_pr   inf_du lg(mu)  ||d||  lg(rg) alpha_du alpha_pr  ls
 440 -2.6300811e-01 1.58e-01 1.35e-01  -9.0 7.29e+01    -  1.00e+00 1.00e+00h  1
 441 -2.6300797e-01 3.72e-07 1.49e-03  -9.0 1.59e-01  -6.1 9.15e-01 1.00e+00h  1
 442 -2.6300806e-01 8.01e-05 4.78e-03  -9.0 1.78e+02    -  1.00e+00 1.00e+00H  1
 443 -2.6300835e-01 4.09e+00 3.02e-02  -9.0 1.29e+04    -  2.27e-01 4.57e-02h  1
 444 -2.6300830e-01 1.29e-01 2.53e-02  -9.0 1.02e+02    -  2.35e-01 1.00e+00h  1
 445 -2.6300835e-01 2.23e-01 6.37e-03  -9.0 3.96e+02    -  1.00e+00 2.67e-01h  1
 446 -2.6300835e-01 4.79e-05 4.65e-08  -9.0 1.82e+00    -  1.00e+00 1.00e+00h  1
 447 -2.6300835e-01 3.97e-08 3.01e-11  -9.0 5.88e-02    -  1.00e+00 1.00e+00h  1
 448 -2.6300835e-01 3.05e-10 1.81e-14  -9.0 2.13e-06    -  1.00e+00 1.00e+00h  1

Number of Iterations....: 448

                                   (scaled)                 (unscaled)
Objective...............:  -2.6300834520370109e-01   -2.6300834520370109e-01
Dual infeasibility......:   1.8091683884270093e-14    1.8091683884270093e-14
Constraint violation....:   3.0547626299164132e-10    3.0547626299164132e-10
Complementarity.........:   9.0909091638253774e-10    9.0909091638253774e-10
Overall NLP error.......:   9.0909091638253774e-10    9.0909091638253774e-10


Number of objective function evaluations             = 1136
Number of objective gradient evaluations             = 449
Number of equality constraint evaluations            = 1136
Number of inequality constraint evaluations          = 1137
Number of equality constraint Jacobian evaluations   = 453
Number of inequality constraint Jacobian evaluations = 453
Number of Lagrangian Hessian evaluations             = 448
Total CPU secs in IPOPT (w/o function evaluations)   =    724.921
Total CPU secs in NLP function evaluations           =     15.888

EXIT: Optimal Solution Found.
