
List of user-set options:

                                    Name   Value                used
                           compl_inf_tol = 1                     yes
                         constr_viol_tol = 1                     yes
                            dual_inf_tol = 1000                  yes
                           linear_solver = ma97                  yes
                              ma86_small = 1e-30                  no
                                  ma86_u = 0.0001                 no
                              ma97_order = best                  yes
                              ma97_small = 1e-30                 yes
                            ma97_switch1 = at_start              yes
                            ma97_switch2 = od_hd_reuse           yes
                                  ma97_u = 1e-06                 yes
                               ma97_umax = 0.5                   yes
                                max_iter = 1000                  yes
                    max_refinement_steps = 20                    yes
                    min_refinement_steps = 5                     yes
                                 mu_init = 1e-06                 yes
           mu_superlinear_decrease_power = 1.25                  yes
                   nlp_scaling_min_value = 1e-08                 yes
                        option_file_name = Preset_Case:_21_pf.opt  yes
                             output_file = ./tmp/Preset_Case:_21_pf.output  yes
                      print_user_options = yes                   yes
        required_infeasibility_reduction = 1                      no
                                     tol = 1e-08                 yes
                   warm_start_bound_frac = 1e-20                 yes
                   warm_start_bound_push = 1e-20                 yes
                   warm_start_init_point = yes                   yes
              warm_start_mult_bound_push = 1e-20                 yes
                warm_start_mult_init_max = 1e+40                 yes
             warm_start_slack_bound_frac = 1e-20                 yes
             warm_start_slack_bound_push = 1e-20                 yes

******************************************************************************
This program contains Ipopt, a library for large-scale nonlinear optimization.
 Ipopt is released as open source code under the Eclipse Public License (EPL).
         For more information visit http://projects.coin-or.org/Ipopt
******************************************************************************

This is Ipopt version 3.12.10, running with linear solver ma97.

Number of nonzeros in equality constraint Jacobian...:   123442
Number of nonzeros in inequality constraint Jacobian.:      213
Number of nonzeros in Lagrangian Hessian.............:    49069

Total number of variables............................:    31591
                     variables with only lower bounds:    12912
                variables with lower and upper bounds:    15130
                     variables with only upper bounds:        0
Total number of equality constraints.................:    31483
Total number of inequality constraints...............:       25
        inequality constraints with only lower bounds:        4
   inequality constraints with lower and upper bounds:        0
        inequality constraints with only upper bounds:       21

iter    objective    inf_pr   inf_du lg(mu)  ||d||  lg(rg) alpha_du alpha_pr  ls
   0 -1.3995638e+00 4.04e-03 1.02e+00  -6.0 0.00e+00    -  0.00e+00 0.00e+00   0
   1 -1.3991705e+00 4.03e-03 1.02e+00  -6.0 4.00e+05    -  1.60e-04 2.70e-05h  7
   2 -1.3993204e+00 3.30e-03 3.84e+01  -6.0 3.61e+03    -  1.70e-01 1.98e-03h  1
   3 -1.4142010e+00 1.90e-01 1.13e+02  -6.0 3.61e+03    -  1.21e-01 1.97e-01f  1
   4 -1.4466151e+00 1.36e+00 8.11e+02  -6.0 3.45e+03    -  4.36e-01 5.47e-01f  1
   5 -1.4535738e+00 1.13e+00 6.41e+02  -6.0 2.73e+03    -  9.48e-01 3.52e-01h  1
   6 -1.4575455e+00 9.24e+00 3.71e+02  -6.0 2.21e+03    -  7.56e-01 9.71e-01h  1
   7 -1.4555586e+00 3.79e+00 1.53e+02  -6.0 2.22e+00  -4.0 2.18e-01 5.90e-01h  1
   8 -1.4539034e+00 5.07e-03 2.42e+00  -6.0 9.18e-01  -4.5 9.92e-01 1.00e+00h  1
   9 -1.4565259e+00 7.08e-01 3.01e+01  -6.0 2.24e+03    -  1.00e+00 2.72e-01h  1
iter    objective    inf_pr   inf_du lg(mu)  ||d||  lg(rg) alpha_du alpha_pr  ls
  10 -1.4584047e+00 3.46e-01 3.18e+01  -6.0 9.39e+02    -  1.00e+00 5.12e-01h  1
  11 -1.4584080e+00 3.35e-01 2.83e+01  -6.0 7.39e+01  -5.0 1.05e-01 3.30e-02h  1
  12 -1.4584143e+00 3.35e-01 2.83e+01  -6.0 3.43e+01  -5.4 5.17e-01 3.54e-04h  1
  13 -1.4582296e+00 3.22e-04 1.89e-01  -6.0 4.83e+00  -5.9 9.99e-01 1.00e+00h  1
  14 -1.4583849e+00 2.46e-03 7.05e-03  -6.0 1.29e+01  -6.4 1.00e+00 1.00e+00h  1
  15 -1.4586245e+00 1.63e-02 2.40e-02  -6.0 3.32e+01  -6.9 1.00e+00 1.00e+00h  1
  16 -1.4590563e+00 8.26e-02 2.46e-01  -6.0 7.50e+01  -7.3 1.00e+00 1.00e+00h  1
  17 -1.4598982e+00 2.97e-01 2.53e+01  -6.0 1.43e+02  -7.8 4.52e-01 1.00e+00h  1
  18 -1.4628535e+00 1.65e+00 4.48e+01  -6.0 6.47e+02  -8.3 4.25e-01 8.43e-01h  1
  19 -1.4622825e+00 1.64e+00 4.60e+01  -6.0 6.81e+03  -8.8 1.22e-05 1.03e-02h  4
iter    objective    inf_pr   inf_du lg(mu)  ||d||  lg(rg) alpha_du alpha_pr  ls
  20 -1.4628399e+00 1.62e+00 5.51e+01  -6.0 2.55e+03  -8.3 1.48e-01 2.61e-02h  1
  21 -1.4736460e+00 2.51e+00 4.86e+01  -6.0 3.37e+03  -8.8 6.67e-01 3.93e-01f  1
  22 -1.4812566e+00 2.27e+00 3.22e+04  -6.0 9.37e+02    -  2.56e-01 3.50e-01h  1
  23 -1.4883367e+00 2.23e+00 3.66e+04  -6.0 1.63e+04    -  4.34e-02 2.41e-02h  1
  24 -1.4966927e+00 2.34e+00 7.19e+05  -6.0 1.30e+03  -7.5 2.74e-02 1.30e-01h  1
  25 -1.4966957e+00 2.34e+00 7.19e+05  -6.0 1.53e+03  -4.4 8.84e-06 2.92e-05h  1
  26 -1.4966958e+00 2.34e+00 7.19e+05  -6.0 1.56e+03  -4.8 1.42e-07 1.15e-07f  2
  27 -1.4966957e+00 2.34e+00 7.19e+05  -6.0 1.41e+03  -3.5 4.02e-05 1.64e-07h  2
  28 -1.4992039e+00 1.22e+00 2.51e+06  -6.0 3.25e+00  -4.0 1.36e-03 4.79e-01h  1
  29 -1.4992107e+00 1.22e+00 2.50e+06  -6.0 2.59e+01  -4.5 4.86e-02 1.39e-03h  1
iter    objective    inf_pr   inf_du lg(mu)  ||d||  lg(rg) alpha_du alpha_pr  ls
  30 -1.5012431e+00 6.53e-01 1.33e+06  -6.0 6.09e+00  -4.9 4.83e-01 4.65e-01h  1
  31 -1.5019149e+00 6.53e-02 2.94e+03  -6.0 6.91e+00  -5.4 8.65e-02 1.00e+00f  1
  32 -1.5036865e+00 9.15e-02 2.46e+03  -6.0 3.93e+01  -5.9 1.28e-01 2.48e-01h  1
  33 -1.5023430e+00 8.96e-02 2.30e+03  -6.0 1.35e+02  -6.4 9.12e-02 2.11e-02h  4
  34 -1.5053433e+00 7.91e-02 1.37e+03  -6.0 2.28e+02  -6.8 5.88e-01 1.17e-01h  1
  35 -1.5045432e+00 7.96e-02 1.26e+03  -6.0 8.13e+00  -4.6 5.49e-02 1.46e-01H  1
  36 -1.5054353e+00 7.30e-02 8.20e+02  -6.0 5.96e+00  -5.1 3.92e-01 2.49e-01f  1
  37 -1.4960372e+00 5.61e-02 6.71e+02  -6.0 8.41e+01  -5.6 1.51e-01 2.31e-01h  1
  38 -1.5065311e+00 3.71e-02 5.71e+02  -6.0 5.78e+01  -6.0 5.64e-02 3.37e-01h  1
  39 -1.5070814e+00 3.37e-02 1.72e+02  -6.0 1.01e+02  -6.5 1.00e+00 8.99e-02h  1
iter    objective    inf_pr   inf_du lg(mu)  ||d||  lg(rg) alpha_du alpha_pr  ls
  40 -1.5239541e+00 1.04e+00 8.33e+00  -6.0 2.73e+02  -7.0 1.00e+00 1.00e+00f  1
  41 -1.5428076e+00 1.22e+00 1.85e+01  -6.0 7.79e+02  -7.5 2.64e-01 3.72e-01h  1
  42 -1.5463423e+00 1.07e+00 1.53e+02  -6.0 3.17e+02  -7.1 1.00e+00 1.32e-01h  1
  43 -1.5542989e+00 1.06e+00 7.12e+03  -6.0 5.52e+02  -7.5 1.52e-01 2.38e-01h  1
  44 -1.5580756e+00 1.07e+00 2.45e+04  -6.0 2.06e+03    -  1.45e-01 3.42e-02h  1
  45 -1.5601115e+00 9.38e-01 2.25e+04  -6.0 2.84e+02  -7.1 1.36e-01 1.40e-01h  1
  46 -1.5682741e+00 9.96e-01 2.10e+05  -6.0 5.43e+02  -7.6 4.60e-02 2.64e-01f  1
  47 -1.5877451e+00 2.91e+00 2.03e+05  -6.0 9.63e+02  -8.1 5.02e-02 4.03e-01f  1
  48 -1.6407733e+00 2.84e+01 3.15e+05  -6.0 1.34e+03  -8.5 1.90e-02 1.00e+00f  1
  49 -1.6411229e+00 2.81e+01 3.21e+05  -6.0 1.90e+02  -6.3 1.37e-01 8.95e-03h  1
iter    objective    inf_pr   inf_du lg(mu)  ||d||  lg(rg) alpha_du alpha_pr  ls
  50 -1.6411150e+00 2.81e+01 3.16e+05  -6.0 5.26e+01  -6.8 1.30e-01 8.43e-04h  1
  51 -1.6317629e+00 3.99e-01 1.99e+04  -6.0 1.38e+02  -7.3 3.90e-01 1.00e+00h  1
  52 -1.6340924e+00 5.54e-01 1.23e+04  -6.0 3.62e+02  -7.7 4.15e-01 3.17e-01h  1
  53 -1.6455214e+00 2.10e+01 1.09e+04  -6.0 4.51e+03  -8.2 6.22e-02 2.78e-01h  1
  54 -1.6423967e+00 1.73e-01 4.56e+03  -6.0 1.09e+02  -6.9 4.54e-01 1.00e+00h  1
  55 -1.6513214e+00 7.36e-01 4.17e+00  -6.0 2.01e+02  -7.4 1.00e+00 1.00e+00h  1
  56 -1.6619098e+00 1.51e+00 2.45e+01  -6.0 8.43e+03    -  7.82e-02 7.51e-02h  1
  57 -1.6755401e+00 6.26e+00 1.04e+02  -6.0 4.99e+03    -  4.38e-01 2.60e-01h  1
  58 -1.6788373e+00 5.47e+00 9.95e+01  -6.0 3.63e+03    -  1.67e-02 1.34e-01h  1
  59 -1.6831127e+00 5.52e+00 9.85e+01  -6.0 3.79e+03    -  6.52e-01 1.47e-01h  1
iter    objective    inf_pr   inf_du lg(mu)  ||d||  lg(rg) alpha_du alpha_pr  ls
  60 -1.6917214e+00 1.67e+00 1.91e+02  -6.0 2.80e+03    -  5.37e-01 7.67e-01h  1
  61 -1.6910138e+00 1.37e+00 1.56e+02  -6.0 1.53e+02  -6.0 2.40e-01 1.83e-01h  1
  62 -1.6910197e+00 1.37e+00 1.56e+02  -6.0 6.79e+02  -6.5 2.38e-01 6.22e-05h  1
  63 -1.6891902e+00 7.23e-01 1.44e+01  -6.0 1.09e+02  -7.0 1.00e+00 9.05e-01h  1
  64 -1.6899661e+00 5.73e-01 1.33e+01  -6.0 8.90e+02    -  1.82e-01 2.79e-01h  1
  65 -1.6915018e+00 7.02e-01 1.03e+01  -6.0 4.72e+02  -7.5 8.54e-01 2.25e-01h  1
  66 -1.6926328e+00 4.45e-01 2.14e+01  -6.0 1.20e+03    -  2.50e-02 1.24e-01h  1
  67 -1.6945118e+00 5.06e-01 2.72e+01  -6.0 1.12e+03    -  1.00e+00 1.48e-01h  1
  68 -1.6955439e+00 5.49e-01 3.14e+01  -6.0 1.08e+03    -  2.90e-01 8.43e-02h  1
  69 -1.6972870e+00 7.47e-01 5.13e+01  -6.0 1.15e+03    -  6.30e-01 1.32e-01h  1
iter    objective    inf_pr   inf_du lg(mu)  ||d||  lg(rg) alpha_du alpha_pr  ls
  70r-1.6972870e+00 7.47e-01 9.99e+02  -0.3 0.00e+00  -7.9 0.00e+00 2.75e-07R  4
  71r-1.7062598e+00 7.45e-01 9.99e+02  -0.3 2.03e+05    -  1.31e-05 3.11e-06f  1
  72 -1.7121758e+00 4.06e+01 2.88e+02  -6.0 1.02e+05    -  3.01e-02 4.18e-02h  1
  73 -1.7498862e+00 4.08e+01 2.81e+04  -6.0 7.15e+04    -  6.27e-02 1.05e-02h  1
  74 -1.7766166e+00 4.02e+01 3.18e+04  -6.0 4.60e+04    -  3.77e-03 1.89e-02h  1
  75 -1.7836170e+00 3.97e+01 2.92e+04  -6.0 2.40e+04    -  6.50e-04 1.41e-02h  1
  76 -1.7921104e+00 3.79e+01 1.01e+03  -6.0 1.63e+04    -  3.72e-01 4.46e-02h  1
  77 -1.7803645e+00 2.91e+01 4.80e+03  -6.0 5.37e+03    -  2.87e-02 2.92e-01h  1
  78r-1.7803645e+00 2.91e+01 9.99e+02   1.3 0.00e+00    -  0.00e+00 1.05e-07R  2
  79r-1.7789405e+00 2.91e+01 9.99e+02   1.3 2.33e+08    -  1.55e-08 1.54e-09f  1
iter    objective    inf_pr   inf_du lg(mu)  ||d||  lg(rg) alpha_du alpha_pr  ls
  80r-1.8022911e+00 2.91e+01 9.99e+02   1.3 2.73e+05    -  1.26e-07 1.75e-07f  1
  81 -1.8425198e+00 2.90e+01 3.57e+02  -6.0 4.19e+05    -  1.27e-04 3.60e-03h  1
  82 -1.8596618e+00 2.89e+01 3.57e+02  -6.0 8.43e+04    -  8.59e-06 2.04e-03h  1
  83 -1.8796640e+00 2.86e+01 3.61e+02  -6.0 1.11e+05    -  2.30e-02 1.16e-02h  1
  84 -1.8787812e+00 2.82e+01 3.54e+02  -6.0 1.57e+04    -  3.04e-03 1.41e-02h  2
  85 -1.8748540e+00 2.73e+01 3.46e+02  -6.0 3.43e+03    -  8.05e-02 3.19e-02h  1
  86 -1.8605830e+00 2.47e+01 4.02e+02  -6.0 2.17e+03    -  2.01e-01 9.61e-02h  2
  87 -1.8605377e+00 2.47e+01 5.21e+02  -6.0 2.45e+03    -  2.19e-01 3.44e-04h 10
  88 -1.8605263e+00 2.47e+01 9.89e+02  -6.0 2.45e+03    -  1.00e+00 8.64e-05h 12
  89 -1.8605202e+00 2.47e+01 9.94e+02  -6.0 2.45e+03    -  1.53e-01 4.63e-05h 13
iter    objective    inf_pr   inf_du lg(mu)  ||d||  lg(rg) alpha_du alpha_pr  ls
  90 -1.8531925e+00 2.33e+01 9.39e+02  -6.0 2.45e+03    -  5.55e-02 5.55e-02s 21
  91 -1.8444149e+00 2.16e+01 8.69e+02  -6.0 2.64e+03    -  7.40e-02 7.40e-02s 21
  92 -1.8111795e+00 1.45e+01 5.10e+02  -6.0 2.89e+03    -  3.28e-01 0.00e+00S 21
  93 -1.8064884e+00 1.53e+01 3.89e+02  -6.0 3.98e+03    -  3.84e-01 1.12e-01h  3
  94 -1.8028945e+00 1.65e+01 3.40e+02  -6.0 4.42e+03    -  2.44e-01 1.06e-01h  3
  95 -1.7992177e+00 1.78e+01 3.03e+02  -6.0 4.83e+03    -  8.94e-02 1.02e-01h  3
  96 -1.7959020e+00 1.81e+01 2.84e+02  -6.0 5.21e+03    -  1.14e-01 6.57e-02h  3
  97 -1.7916013e+00 1.79e+01 2.71e+02  -6.0 4.06e+03    -  4.97e-02 7.44e-02h  4
  98 -1.7869478e+00 1.71e+01 2.63e+02  -6.0 4.77e+03    -  4.95e-02 6.26e-02h  4
  99 -1.7156741e+00 6.65e+00 2.74e+02  -6.0 6.16e+02    -  2.11e-01 1.00e+00h  1
iter    objective    inf_pr   inf_du lg(mu)  ||d||  lg(rg) alpha_du alpha_pr  ls
 100 -1.7131780e+00 4.98e-01 1.98e+01  -6.0 1.78e+02    -  8.85e-01 1.00e+00h  1
 101 -1.7125786e+00 1.72e-01 2.38e+02  -6.0 9.87e+01  -8.4 2.78e-01 1.00e+00h  1
 102 -1.7125968e+00 2.02e-01 2.35e+02  -6.0 3.76e+02  -8.9 2.32e-01 1.50e-01h  1
 103 -1.7126322e+00 6.56e-01 1.92e+02  -6.0 1.06e+03  -9.4 1.42e-01 1.57e-01h  3
 104 -1.7125591e+00 1.15e-02 4.56e-01  -6.0 1.05e+02    -  1.00e+00 1.00e+00h  1
 105 -1.7125509e+00 6.85e-04 8.06e-03  -6.0 9.62e+00    -  1.00e+00 1.00e+00h  1
 106 -1.7125510e+00 7.34e-08 2.97e-05  -6.0 4.01e-01    -  1.00e+00 1.00e+00h  1
 107 -1.7125510e+00 3.02e-10 2.50e-10  -6.0 5.52e-04    -  1.00e+00 1.00e+00h  1
 108 -1.7129120e+00 6.48e-03 2.62e+01  -7.5 1.52e+02    -  6.38e-01 5.48e-01f  1
 109 -1.7129946e+00 2.97e-02 3.64e+01  -7.5 1.58e+02    -  1.00e+00 7.23e-01h  1
iter    objective    inf_pr   inf_du lg(mu)  ||d||  lg(rg) alpha_du alpha_pr  ls
 110 -1.7130368e+00 1.57e-01 1.23e+01  -7.5 1.48e+02    -  1.00e+00 8.88e-01h  1
 111 -1.7130446e+00 1.41e-01 4.03e+01  -7.5 1.19e+02    -  9.45e-01 5.13e-01h  1
 112 -1.7130594e+00 1.37e-01 1.79e+01  -7.5 1.05e+02    -  1.00e+00 7.00e-01h  1
 113 -1.7130667e+00 1.63e-02 2.41e-02  -7.5 3.07e+01    -  1.00e+00 1.00e+00h  1
 114 -1.7130668e+00 3.76e-08 1.50e-06  -7.5 3.99e-02    -  1.00e+00 1.00e+00h  1
 115 -1.7130668e+00 3.05e-10 3.57e-12  -7.5 1.16e-04    -  1.00e+00 1.00e+00h  1
 116 -1.7130685e+00 1.27e-05 1.19e+00  -9.0 1.15e+00    -  9.55e-01 8.26e-01h  1
 117 -1.7130689e+00 5.65e-07 2.55e-04  -9.0 2.00e-01    -  1.00e+00 1.00e+00f  1
 118 -1.7130689e+00 2.86e-10 3.12e-09  -9.0 6.05e-05    -  1.00e+00 1.00e+00h  1

Number of Iterations....: 118

                                   (scaled)                 (unscaled)
Objective...............:  -1.3383350433208461e+00   -1.7130688554506830e+00
Dual infeasibility......:   3.1232848288108255e-09    3.9978045808778567e-09
Constraint violation....:   2.8567038535057265e-10    2.8567038535057265e-10
Complementarity.........:   1.0334283226555860e-09    1.3227882529991501e-09
Overall NLP error.......:   3.1232848288108255e-09    3.9978045808778567e-09


Number of objective function evaluations             = 229
Number of objective gradient evaluations             = 118
Number of equality constraint evaluations            = 229
Number of inequality constraint evaluations          = 229
Number of equality constraint Jacobian evaluations   = 121
Number of inequality constraint Jacobian evaluations = 121
Number of Lagrangian Hessian evaluations             = 118
Total CPU secs in IPOPT (w/o function evaluations)   =    190.640
Total CPU secs in NLP function evaluations           =      3.322

EXIT: Optimal Solution Found.
