
List of user-set options:

                                    Name   Value                used
                           compl_inf_tol = 1                     yes
                         constr_viol_tol = 1                     yes
                            dual_inf_tol = 1000                  yes
                           linear_solver = ma97                  yes
                              ma86_small = 1e-30                  no
                                  ma86_u = 0.0001                 no
                              ma97_order = best                  yes
                              ma97_small = 1e-30                 yes
                            ma97_switch1 = at_start              yes
                            ma97_switch2 = od_hd_reuse           yes
                                  ma97_u = 1e-06                 yes
                               ma97_umax = 0.5                   yes
                                max_iter = 1000                  yes
                    max_refinement_steps = 20                    yes
                    min_refinement_steps = 5                     yes
                                 mu_init = 1e-06                 yes
           mu_superlinear_decrease_power = 1.25                  yes
                   nlp_scaling_min_value = 1e-08                 yes
                        option_file_name = Preset_Case_473_pf.opt  yes
                             output_file = ./tmp/Preset_Case_473_pf.output  yes
                      print_user_options = yes                   yes
                                     tol = 0.0001                yes
                   warm_start_bound_frac = 1e-20                 yes
                   warm_start_bound_push = 1e-20                 yes
                   warm_start_init_point = yes                   yes
              warm_start_mult_bound_push = 1e-20                 yes
                warm_start_mult_init_max = 1e+40                 yes
             warm_start_slack_bound_frac = 1e-20                 yes
             warm_start_slack_bound_push = 1e-20                 yes

******************************************************************************
This program contains Ipopt, a library for large-scale nonlinear optimization.
 Ipopt is released as open source code under the Eclipse Public License (EPL).
         For more information visit http://projects.coin-or.org/Ipopt
******************************************************************************

This is Ipopt version 3.12.10, running with linear solver ma97.

Number of nonzeros in equality constraint Jacobian...:   103062
Number of nonzeros in inequality constraint Jacobian.:      145
Number of nonzeros in Lagrangian Hessian.............:    39976

Total number of variables............................:    29156
                     variables with only lower bounds:    11314
                variables with lower and upper bounds:    14309
                     variables with only upper bounds:        0
Total number of equality constraints.................:    29077
Total number of inequality constraints...............:       21
        inequality constraints with only lower bounds:        0
   inequality constraints with lower and upper bounds:        0
        inequality constraints with only upper bounds:       21

iter    objective    inf_pr   inf_du lg(mu)  ||d||  lg(rg) alpha_du alpha_pr  ls
   0 -7.8887050e+03 3.82e+00 1.00e+00  -6.0 0.00e+00    -  0.00e+00 0.00e+00   0
   1 -7.8887111e+03 2.75e+00 9.22e+01  -6.0 1.26e+03    -  9.34e-01 2.83e-01h  1
   2r-7.8887111e+03 2.75e+00 9.99e+02   0.3 0.00e+00    -  0.00e+00 4.74e-07R  4
   3r-7.8887109e+03 2.75e+00 9.99e+02   0.3 9.07e+03    -  1.69e-06 1.67e-06f  1
   4r-7.8887105e+03 2.74e+00 2.98e+03   0.3 6.17e+03    -  4.08e-06 5.78e-06f  1
   5r-7.8887094e+03 2.72e+00 4.75e+03   0.3 4.22e+03    -  1.19e-04 1.33e-05f  1
   6r-7.8886891e+03 2.34e+00 5.43e+03   0.3 2.29e+03    -  1.73e-04 2.44e-04f  1
   7 -7.8887108e+03 6.74e+00 3.64e+03  -6.0 8.54e+02    -  9.61e-01 6.25e-01h  1
   8 -7.8887108e+03 6.73e+00 6.14e+05  -6.0 2.71e+02    -  8.48e-02 2.47e-05h  1
   9 -7.8887111e+03 6.73e+00 2.76e+08  -6.0 3.23e+02    -  9.69e-04 1.15e-04h  1
In iteration 9, 1 Slack too small, adjusting variable bound
iter    objective    inf_pr   inf_du lg(mu)  ||d||  lg(rg) alpha_du alpha_pr  ls
  10 -7.8887114e+03 6.73e+00 6.27e+08  -6.0 4.79e+03    -  5.61e-05 2.65e-05h  1
  11 -7.8887111e+03 6.73e+00 5.26e+08  -6.0 3.88e+03    -  1.98e-05 2.21e-05h  1
  12 -7.8887020e+03 6.73e+00 5.25e+08  -6.0 1.18e+04    -  5.57e-06 1.00e-04h 11
  13 -7.8886975e+03 6.73e+00 9.83e+08  -6.0 1.18e+04    -  1.45e-01 5.01e-05h 12
  14 -7.8886952e+03 6.73e+00 9.83e+08  -6.0 1.18e+04    -  1.56e-04 2.50e-05h 13
  15 -7.8867302e+03 6.59e+00 9.62e+08  -6.0 1.18e+04    -  2.16e-02 2.16e-02s 19
  16 -7.8824264e+03 6.30e+00 9.19e+08  -6.0 6.77e+03    -  4.41e-02 4.41e-02s 19
  17 -7.8806800e+03 6.18e+00 9.03e+08  -6.0 6.06e+03    -  1.81e-02 1.81e-02s 19
  18r-7.8806800e+03 6.18e+00 1.00e+03   0.7 0.00e+00    -  0.00e+00 0.00e+00R  1
  19r-7.8806799e+03 6.18e+00 1.27e+04   0.7 6.86e+07    -  7.35e-06 8.16e-07f  1
iter    objective    inf_pr   inf_du lg(mu)  ||d||  lg(rg) alpha_du alpha_pr  ls
  20r-7.8806776e+03 6.08e+00 1.27e+04   0.7 1.59e+04    -  2.35e-04 1.51e-05f  1
  21r-7.8805424e+03 4.35e+00 1.58e+04   0.7 1.55e+04    -  1.11e-04 3.53e-04f  1
  22r-7.8805424e+03 4.35e+00 2.66e+05   0.7 7.77e-01   6.0 1.62e-02 6.00e-04f  1
  23r-7.8805370e+03 1.30e+00 2.65e+05   0.7 2.94e+03    -  1.12e-02 1.36e-03f  1
  24r-7.8805678e+03 4.02e+00 2.58e+05   0.7 1.37e+03    -  5.04e-02 1.32e-02f  1
  25r-7.8806135e+03 8.36e+00 2.48e+05   0.7 6.64e+02    -  4.28e-02 2.63e-02f  1
  26r-7.8806552e+03 2.20e+01 2.21e+05   0.7 5.86e+02    -  1.08e-01 1.13e-01f  1
  27r-7.8796161e+03 8.49e+01 1.86e+05   0.7 3.67e+02    -  1.27e-01 2.83e-01f  1
  28r-7.8796159e+03 8.24e+01 1.88e+05   0.7 7.37e-02   5.5 6.28e-02 2.93e-02f  1
  29r-7.8796094e+03 4.92e+01 1.00e+05   0.7 1.15e-01   5.0 3.41e-01 4.29e-01f  1
iter    objective    inf_pr   inf_du lg(mu)  ||d||  lg(rg) alpha_du alpha_pr  ls
  30r-7.8795689e+03 6.42e+01 3.36e+04   0.7 5.37e-02   4.6 5.77e-01 1.00e+00f  1
  31r-7.8795522e+03 3.02e+01 1.18e+04  -0.0 4.51e-02   4.1 7.38e-01 7.66e-01f  1
  32r-7.8795277e+03 2.35e+01 9.75e+04  -0.0 1.05e-01   3.6 7.28e-01 3.84e-01f  1
  33r-7.8794987e+03 2.16e+01 1.07e+05  -0.0 2.34e-01   3.1 1.00e+00 1.66e-01f  1
  34r-7.8794562e+03 2.07e+01 1.01e+05  -0.0 3.03e-01   2.7 6.87e-01 9.68e-02f  1
  35r-7.8794401e+03 1.60e+01 3.34e+04  -0.0 1.23e-02   4.0 1.00e+00 5.94e-01f  1
  36r-7.8794000e+03 1.41e+01 2.34e+05  -0.0 2.85e-02   3.5 1.00e+00 5.18e-01f  1
  37r-7.8791937e+03 1.24e+01 1.68e+05  -0.0 6.88e-02   3.0 2.39e-01 1.00e+00f  1
  38r-7.8791189e+03 1.24e+01 2.58e+03  -0.0 1.66e-02   3.5 1.00e+00 1.00e+00f  1
  39r-7.8791007e+03 8.14e+00 4.65e+04  -0.7 1.05e-01   3.0 7.59e-01 4.30e-01f  1
iter    objective    inf_pr   inf_du lg(mu)  ||d||  lg(rg) alpha_du alpha_pr  ls
  40r-7.8790713e+03 6.83e+00 2.06e+04  -0.7 1.99e-01   2.5 4.74e-01 2.29e-01f  1
  41r-7.8790040e+03 5.93e+00 2.39e+04  -0.7 3.13e-01   2.0 4.60e-01 2.03e-01f  1
  42r-7.8788534e+03 5.20e+00 3.09e+04  -0.7 5.99e-01   1.6 3.52e-01 2.03e-01f  1
  43r-7.8787157e+03 4.92e+00 1.95e+05  -0.7 1.35e+00   1.1 2.86e-02 9.56e-02f  1
  44r-7.8784140e+03 3.95e+00 1.23e+05  -0.7 4.96e-01   1.5 3.38e-01 3.69e-01f  1
  45r-7.8783570e+03 3.70e+00 1.27e+05  -0.7 1.29e-01   1.9 4.46e-01 1.58e-01f  1
  46r-7.8782660e+03 3.55e+00 7.96e+04  -0.7 2.69e-01   1.5 2.87e-01 1.06e-01f  1
  47r-7.8782660e+03 3.55e+00 7.95e+04  -0.7 1.30e+02   1.9 1.24e-05 2.77e-05f  2
  48r-7.8782510e+03 3.44e+00 1.93e+05  -0.7 6.33e-02   2.3 1.00e+00 9.49e-02f  1
  49r-7.8778683e+03 2.47e+00 1.67e+05  -0.7 1.22e-01   1.8 1.00e+00 8.96e-01f  1
iter    objective    inf_pr   inf_du lg(mu)  ||d||  lg(rg) alpha_du alpha_pr  ls
  50r-7.8775243e+03 2.42e+00 2.16e+05  -0.7 3.19e-01   1.3 3.63e-01 3.63e-01f  1
  51r-7.8770888e+03 2.39e+00 1.77e+05  -0.7 7.94e-01   0.9 3.37e-01 2.36e-01f  1
  52r-7.8762483e+03 2.34e+00 1.33e+05  -0.7 2.37e+00   0.4 2.50e-01 2.70e-01f  1
  53r-7.8759240e+03 2.29e+00 1.94e+04  -0.7 1.27e-01   1.7 8.51e-01 9.32e-01f  1
  54r-7.8750544e+03 2.26e+00 5.33e+04  -0.7 3.08e-01   1.2 3.11e-01 1.00e+00f  1
  55r-7.8750448e+03 2.26e+00 1.46e+04  -0.7 1.08e-01   2.6 6.10e-01 2.30e-01f  1
  56r-7.8750138e+03 2.26e+00 3.29e+05  -0.7 6.62e-02   2.1 1.00e+00 2.54e-01f  1
  57r-7.8746816e+03 2.24e+00 4.50e+05  -0.7 1.29e-01   1.6 6.06e-01 9.47e-01f  1
  58r-7.8742893e+03 2.23e+00 5.41e+05  -0.7 3.45e-01   1.1 1.73e-01 4.38e-01f  1
  59r-7.8742433e+03 2.23e+00 9.49e+03  -0.7 1.85e-02   2.5 1.00e+00 1.00e+00f  1
iter    objective    inf_pr   inf_du lg(mu)  ||d||  lg(rg) alpha_du alpha_pr  ls
  60r-7.8741081e+03 2.22e+00 3.99e+03  -0.7 5.07e-02   2.0 1.00e+00 1.00e+00f  1
  61r-7.8737277e+03 2.21e+00 7.75e+03  -0.7 1.49e-01   1.5 8.92e-01 1.00e+00f  1
  62r-7.8735878e+03 3.41e+00 5.64e+04  -0.7 6.67e-02   1.9 1.00e+00 1.00e+00f  1
  63r-7.8731943e+03 2.19e+00 1.85e+04  -0.7 1.64e-01   1.5 1.00e+00 1.00e+00f  1
  64r-7.8727117e+03 2.28e+00 6.24e+03  -0.7 4.63e-01   1.0 4.60e-01 4.83e-01f  1
  65r-7.8726973e+03 2.17e+00 2.25e+03  -0.7 5.05e-02   2.3 1.00e+00 2.80e-01f  1
  66r-7.8726598e+03 2.17e+00 3.22e+05  -0.7 6.68e-02   1.8 1.00e+00 2.50e-01f  1
  67r-7.8722304e+03 1.74e+01 1.98e+05  -0.7 1.96e-01   1.4 8.38e-01 1.00e+00f  1
  68r-7.8718294e+03 1.85e+02 1.94e+05  -0.7 6.14e-01   0.9 6.43e-02 3.73e-01f  1
  69r-7.8718193e+03 1.44e+01 1.16e+05  -0.7 8.20e-01   2.2 4.07e-01 1.78e-01h  1
iter    objective    inf_pr   inf_du lg(mu)  ||d||  lg(rg) alpha_du alpha_pr  ls
  70r-7.8717827e+03 1.13e+01 8.26e+04  -0.7 8.04e-02   1.7 2.98e-01 2.20e-01f  1
  71r-7.8717471e+03 1.16e+01 7.45e+04  -0.7 2.38e-01   1.3 1.05e-01 7.57e-02f  1
  72r-7.8708603e+03 1.33e+02 9.23e+04  -0.7 6.78e-01   0.8 7.77e-02 7.22e-01f  1
  73r-7.8707991e+03 1.32e+01 7.00e+03  -0.7 3.25e-02   2.1 8.92e-01 9.99e-01f  1
  74r-7.8706302e+03 1.32e+01 1.17e+04  -0.7 9.58e-02   1.6 8.13e-01 9.45e-01f  1
  75r-7.8705637e+03 1.31e+01 3.64e+03  -0.7 3.58e-02   2.1 1.00e+00 1.00e+00f  1
  76r-7.8703704e+03 1.30e+01 1.01e+02  -0.7 1.06e-01   1.6 1.00e+00 1.00e+00f  1
  77r-7.8703501e+03 1.30e+01 7.28e+03  -1.4 4.53e-01   1.1 2.69e-01 5.16e-01f  1
  78r-7.8703500e+03 1.29e+01 8.42e+03  -1.4 8.84e-03   4.2 5.55e-01 1.73e-01f  1
  79r-7.8703499e+03 1.29e+01 7.24e+03  -1.4 1.33e-02   3.8 2.66e-01 2.20e-01f  1
iter    objective    inf_pr   inf_du lg(mu)  ||d||  lg(rg) alpha_du alpha_pr  ls
  80r-7.8703490e+03 1.29e+01 4.35e+03  -1.4 2.06e-02   3.3 5.11e-01 6.86e-01f  1
  81r-7.8703486e+03 1.28e+01 3.17e+04  -1.4 6.78e-03   3.7 2.99e-01 1.00e+00f  1
  82r-7.8703474e+03 1.28e+01 7.81e+03  -1.4 7.72e-03   3.2 7.62e-01 1.00e+00f  1
  83 -7.8703110e+03 1.28e+01 2.51e+01  -6.0 7.38e+03    -  1.10e-03 2.79e-04h  3
  84 -7.8702972e+03 1.28e+01 5.62e+01  -6.0 7.56e+03    -  2.75e-03 9.69e-05h  1
  85 -7.8702555e+03 1.28e+01 1.45e+02  -6.0 7.66e+03    -  4.55e-03 2.65e-04h  2
  86 -7.8702047e+03 1.28e+01 1.76e+02  -6.0 9.13e+03    -  1.85e-03 2.58e-04h  5
  87 -7.8701502e+03 1.28e+01 1.79e+02  -6.0 9.46e+03    -  3.50e-04 2.31e-04h  5
  88 -7.8700955e+03 1.28e+01 2.33e+02  -6.0 9.65e+03    -  3.11e-03 2.23e-04h  5
  89 -7.8700486e+03 1.28e+01 2.45e+02  -6.0 1.13e+04    -  6.98e-04 1.61e-04h  5
iter    objective    inf_pr   inf_du lg(mu)  ||d||  lg(rg) alpha_du alpha_pr  ls
  90 -7.8700011e+03 1.28e+01 2.77e+02  -6.0 1.18e+04    -  1.56e-03 1.55e-04h  5
  91 -7.8699723e+03 1.28e+01 3.08e+02  -6.0 1.27e+04    -  1.39e-03 8.36e-05h  6
  92 -7.8699336e+03 1.28e+01 3.35e+02  -6.0 1.36e+04    -  1.15e-03 1.02e-04h  6
  93 -7.8698992e+03 1.28e+01 4.02e+02  -6.0 1.44e+04    -  2.56e-03 8.56e-05h  6
  94 -7.8698642e+03 1.28e+01 4.10e+02  -6.0 1.63e+04    -  3.15e-04 7.85e-05h  3
  95 -7.8697174e+03 1.28e+01 4.54e+02  -6.0 1.65e+04    -  1.75e-03 3.28e-04w  1
  96 -7.8693870e+03 1.28e+01 7.61e+02  -6.0 1.74e+04    -  2.77e-03 7.18e-04w  1
  97 -7.8675970e+03 1.27e+01 1.77e+04  -6.0 1.88e+04    -  5.29e-03 3.79e-03w  1
  98 -7.8698459e+03 1.28e+01 4.63e+02  -6.0 2.31e+04    -  1.75e-03 4.10e-05h  3
  99 -7.8698244e+03 1.28e+01 5.31e+02  -6.0 1.76e+04    -  2.08e-03 4.58e-05h  5
iter    objective    inf_pr   inf_du lg(mu)  ||d||  lg(rg) alpha_du alpha_pr  ls
 100 -7.8698050e+03 1.28e+01 6.45e+02  -6.0 1.89e+04    -  3.20e-03 3.90e-05h  7
 101 -7.8697845e+03 1.28e+01 6.86e+02  -6.0 2.04e+04    -  1.07e-03 3.90e-05h  8
 102 -7.8697618e+03 1.28e+01 8.55e+02  -6.0 2.09e+04    -  4.25e-03 4.24e-05h  8
 103 -7.8697487e+03 1.28e+01 8.96e+02  -6.0 2.23e+04    -  9.77e-04 2.32e-05h  9
 104 -7.8697358e+03 1.28e+01 1.10e+03  -6.0 2.26e+04    -  4.69e-03 2.28e-05h  9
 105 -7.8697219e+03 1.28e+01 1.14e+03  -6.0 2.38e+04    -  9.30e-04 2.36e-05h  9
 106 -7.8697067e+03 1.28e+01 1.39e+03  -6.0 2.41e+04    -  5.47e-03 2.57e-05h  9
 107r-7.8697067e+03 1.28e+01 1.00e+03  -1.1 0.00e+00    -  0.00e+00 2.83e-07R 15
 108r-7.8697067e+03 1.29e+01 5.63e+03  -1.1 2.01e+02    -  2.39e-02 1.18e-04f  1
 109r-7.8696889e+03 1.22e+01 1.58e+04  -1.1 1.96e+02    -  1.22e-01 2.69e-02f  1
iter    objective    inf_pr   inf_du lg(mu)  ||d||  lg(rg) alpha_du alpha_pr  ls
 110r-7.8695633e+03 8.79e+00 1.44e+04  -1.1 1.90e+02    -  8.48e-02 1.20e-01f  1
 111r-7.8694804e+03 8.20e+00 2.66e+04  -1.1 1.52e+02    -  3.16e-01 5.52e-02f  1
 112r-7.8693034e+03 7.68e+00 3.07e+04  -1.1 1.32e+02    -  2.74e-01 7.33e-02f  1
 113r-7.8687908e+03 6.26e+00 2.86e+04  -1.1 1.55e+02    -  2.93e-01 1.47e-01f  1
 114r-7.8681235e+03 3.98e+00 2.49e+04  -1.1 1.57e+02    -  1.07e-01 1.26e-01f  1
 115r-7.8681230e+03 1.31e+00 2.53e+04  -1.1 1.02e+00   2.0 5.43e-02 8.53e-03f  1
 116r-7.8675565e+03 1.19e+00 2.66e+04  -1.1 1.26e+02    -  7.22e-01 7.73e-02f  1
 117r-7.8655490e+03 9.11e-01 2.31e+04  -1.1 1.38e+02    -  9.62e-01 2.01e-01f  1
 118r-7.8603528e+03 1.09e+00 7.66e+03  -1.1 1.12e+02    -  9.98e-01 6.67e-01f  1
 119r-7.8578177e+03 4.88e+00 5.78e+02  -1.1 4.10e+01    -  1.00e+00 1.00e+00f  1
iter    objective    inf_pr   inf_du lg(mu)  ||d||  lg(rg) alpha_du alpha_pr  ls
 120r-7.8577820e+03 2.03e+00 7.16e+02  -1.1 2.06e+00    -  1.00e+00 1.00e+00f  1
 121r-7.8577820e+03 2.03e+00 9.99e+02  -2.3 0.00e+00    -  0.00e+00 4.27e-07R  8
 122r-7.8577821e+03 1.92e+00 9.98e+02  -2.3 5.99e+02    -  2.57e-02 7.68e-04f  1
 123r-7.8577808e+03 1.21e+00 9.84e+02  -2.3 8.73e+01    -  3.58e-02 1.44e-02f  1
 124r-7.8577773e+03 7.29e-01 9.56e+02  -2.3 8.31e+01    -  2.64e-02 2.83e-02f  1
 125r-7.8577749e+03 5.82e-01 1.16e+03  -2.3 7.41e+01    -  4.44e-02 1.93e-02f  1
 126r-7.8577641e+03 2.30e-01 1.29e+03  -2.3 6.81e+01    -  8.66e-02 8.08e-02f  1
 127r-7.8577490e+03 2.19e-01 3.34e+03  -2.3 5.06e+01    -  1.45e-01 9.56e-02f  1
 128r-7.8577255e+03 2.14e-01 2.80e+03  -2.3 3.84e+01    -  1.15e-01 1.19e-01f  1
 129r-7.8577012e+03 1.99e-01 9.76e+03  -2.3 3.01e+01    -  2.97e-01 1.03e-01f  1
iter    objective    inf_pr   inf_du lg(mu)  ||d||  lg(rg) alpha_du alpha_pr  ls
 130r-7.8576277e+03 1.76e-01 8.46e+03  -2.3 2.36e+01    -  2.38e-01 2.10e-01f  1
 131r-7.8575423e+03 1.52e-01 7.17e+03  -2.3 2.26e+01    -  2.02e-01 1.88e-01f  1
 132r-7.8574618e+03 1.34e-01 1.01e+04  -2.3 2.29e+01    -  3.72e-01 1.44e-01f  1
 133r-7.8573105e+03 1.60e-01 1.27e+04  -2.3 2.82e+01    -  4.81e-01 1.91e-01f  1
 134r-7.8571724e+03 1.65e-01 1.59e+04  -2.3 4.21e+01    -  7.46e-01 1.24e-01f  1
 135r-7.8569108e+03 1.70e-01 1.42e+04  -2.3 8.02e+01    -  8.27e-01 1.65e-01f  1
 136r-7.8562907e+03 2.47e-01 7.66e+03  -2.3 1.02e+02    -  9.95e-01 4.72e-01f  1
 137r-7.8560611e+03 6.58e-01 3.90e+03  -2.3 1.07e+02    -  1.00e+00 4.57e-01f  1
 138r-7.8558153e+03 2.75e-01 1.83e+02  -2.3 1.06e+02    -  1.00e+00 1.00e+00f  1
 139r-7.8558482e+03 9.60e-03 1.12e+02  -2.3 2.01e+01    -  4.25e-01 1.00e+00h  1
iter    objective    inf_pr   inf_du lg(mu)  ||d||  lg(rg) alpha_du alpha_pr  ls
 140r-7.8558463e+03 1.16e-03 3.92e-02  -2.3 2.79e+01    -  1.00e+00 1.00e+00H  1
 141 -7.8559885e+03 3.02e-02 5.92e+03  -6.0 2.57e+04    -  8.58e-04 1.48e-03f  1
 142r-7.8559885e+03 3.02e-02 9.99e+02  -1.7 0.00e+00    -  0.00e+00 2.43e-09R  2
 143r-7.8495516e+03 1.58e+01 9.99e+02  -1.7 5.06e+06    -  2.33e-04 1.74e-04f  1
 144r-7.8495499e+03 1.57e+01 2.67e+03  -1.7 7.16e+01    -  1.16e-02 1.23e-03f  1
 145r-7.8495286e+03 1.55e+01 4.99e+03  -1.7 6.27e+01    -  2.83e-02 1.50e-02f  1
 146r-7.8494579e+03 1.48e+01 2.71e+04  -1.7 5.18e+01    -  2.18e-01 4.75e-02f  1
 147r-7.8488486e+03 1.01e+01 2.15e+04  -1.7 5.11e+01    -  4.36e-01 3.16e-01f  1
 148r-7.8477941e+03 6.03e+00 1.90e+04  -1.7 7.31e+01    -  9.32e-01 4.05e-01f  1
 149r-7.8434411e+03 3.14e+00 7.00e+02  -1.7 3.87e+02    -  8.71e-01 1.00e+00f  1
iter    objective    inf_pr   inf_du lg(mu)  ||d||  lg(rg) alpha_du alpha_pr  ls
 150r-7.8454008e+03 1.29e+00 5.70e+01  -1.7 2.50e+02    -  9.88e-01 1.00e+00h  1
 151r-7.8462409e+03 2.76e-01 2.20e+00  -1.7 1.16e+02    -  1.00e+00 1.00e+00h  1
 152r-7.8501993e+03 4.00e-01 1.98e+03  -2.4 7.23e+01    -  4.33e-01 5.92e-01f  1
 153r-7.8505264e+03 2.62e-01 1.92e+03  -2.4 3.50e+00  -2.0 6.68e-01 3.43e-01f  1
 154r-7.8508200e+03 2.27e-01 2.45e+03  -2.4 8.18e+01    -  4.64e-01 1.90e-01f  1
 155r-7.8508804e+03 2.20e-01 1.94e+03  -2.4 5.16e+01    -  1.63e-01 1.87e-01f  1
 156r-7.8513125e+03 2.61e-01 1.03e+03  -2.4 4.18e+01    -  6.29e-01 5.57e-01f  1
 157r-7.8518450e+03 1.20e-01 7.34e+02  -2.4 1.82e+01    -  1.00e+00 6.89e-01f  1
 158r-7.8524081e+03 1.77e-02 8.11e+00  -2.4 5.78e+00    -  1.00e+00 1.00e+00f  1
 159 -7.8524321e+03 1.76e-02 6.80e+02  -6.0 1.68e+04    -  1.38e-03 4.60e-04f  1
iter    objective    inf_pr   inf_du lg(mu)  ||d||  lg(rg) alpha_du alpha_pr  ls
 160 -7.8524454e+03 1.76e-02 7.92e+02  -6.0 2.01e+04    -  8.97e-04 1.71e-04f  1
 161 -7.8525259e+03 1.76e-02 1.12e+03  -6.0 3.52e+04    -  6.12e-04 5.01e-04f  1
 162 -7.8525405e+03 1.76e-02 1.13e+03  -6.0 3.61e+04    -  2.12e-03 8.44e-05f  1
In iteration 162, 1 Slack too small, adjusting variable bound
 163 -7.8525405e+03 1.76e-02 1.13e+03  -6.0 3.85e+04    -  2.10e-03 2.87e-08h  1
 164 -7.8526120e+03 1.76e-02 1.20e+03  -6.0 4.02e+04    -  2.33e-03 2.28e-04f  1
 165 -7.8526122e+03 1.76e-02 1.20e+03  -6.0 4.40e+04    -  1.97e-03 3.98e-07f  1
 166 -7.8527075e+03 1.76e-02 1.42e+03  -6.0 4.56e+04    -  4.32e-03 2.31e-04f  2
 167 -7.8528050e+03 1.76e-02 1.83e+03  -6.0 5.50e+04    -  1.78e-03 2.02e-04f  1
 168 -7.8528054e+03 1.76e-02 1.83e+03  -6.0 8.36e+04    -  3.57e-03 1.23e-06f  1
 169 -7.8528502e+03 1.76e-02 2.06e+03  -6.0 9.20e+04    -  8.48e-04 1.17e-04f  1
iter    objective    inf_pr   inf_du lg(mu)  ||d||  lg(rg) alpha_du alpha_pr  ls
 170r-7.8528502e+03 1.76e-02 1.00e+03  -2.0 0.00e+00    -  0.00e+00 4.34e-07R  2
 171r-7.8528501e+03 1.68e-02 4.21e+03  -2.0 2.50e+02    -  3.24e-02 4.49e-05f  1
 172r-7.8528175e+03 4.25e-03 2.23e+04  -2.0 2.42e+01    -  2.64e-01 3.34e-02f  1
 173 -7.8528509e+03 6.30e-03 9.62e+02  -6.0 2.70e+04    -  2.20e-03 6.46e-04f  1
 174r-7.8528509e+03 6.30e-03 9.99e+02  -2.3 0.00e+00    -  0.00e+00 3.50e-07R 10
 175r-7.8528505e+03 5.27e-03 1.58e+04  -2.3 1.44e+01    -  4.07e-01 1.00e-03f  1
 176r-7.8528505e+03 5.27e-03 9.99e+02  -3.1 0.00e+00    -  0.00e+00 3.51e-09R  2
 177r-7.8528030e+03 5.27e-03 9.99e+02  -3.1 1.46e+04    -  3.86e-02 4.43e-04f  1
 178r-7.8528039e+03 5.10e-03 1.80e+03  -3.1 5.95e+01    -  1.42e-01 3.00e-02f  1
 179r-7.8528038e+03 1.08e-02 3.39e+03  -3.1 5.10e+01    -  1.39e-01 7.23e-02f  1
iter    objective    inf_pr   inf_du lg(mu)  ||d||  lg(rg) alpha_du alpha_pr  ls
 180r-7.8527960e+03 2.87e-02 8.18e+03  -3.1 4.35e+01    -  3.15e-01 1.40e-01f  1
 181r-7.8527901e+03 2.80e-02 1.63e+04  -3.1 3.47e+01    -  3.62e-01 6.44e-02f  1
 182r-7.8527683e+03 4.36e-02 1.95e+04  -3.1 3.11e+01    -  3.83e-01 1.37e-01f  1
 183r-7.8527264e+03 4.95e-02 2.19e+04  -3.1 4.26e+01    -  5.21e-01 1.68e-01f  1
 184r-7.8525937e+03 1.63e-01 1.87e+04  -3.1 9.37e+01    -  6.07e-01 2.88e-01f  1
 185r-7.8523948e+03 2.19e-01 1.62e+04  -3.1 1.03e+02    -  6.02e-01 2.40e-01f  1
 186r-7.8519955e+03 3.08e-01 1.11e+04  -3.1 1.22e+02    -  5.69e-01 3.52e-01f  1
 187r-7.8512293e+03 5.76e-01 2.72e+03  -3.1 1.26e+02    -  3.81e-01 7.09e-01f  1
 188r-7.8509737e+03 3.02e-01 1.55e+03  -3.1 6.55e+01    -  9.03e-01 5.71e-01f  1
 189r-7.8506933e+03 1.73e-01 5.30e+01  -3.1 1.44e+01    -  9.99e-01 1.00e+00f  1
iter    objective    inf_pr   inf_du lg(mu)  ||d||  lg(rg) alpha_du alpha_pr  ls
 190r-7.8506971e+03 7.01e-03 7.55e+00  -3.1 1.51e+01    -  1.00e+00 1.00e+00h  1
 191r-7.8506966e+03 8.03e-04 5.87e-01  -3.1 4.14e+00    -  1.00e+00 1.00e+00h  1
 192r-7.8506965e+03 8.03e-04 3.08e-03  -3.1 3.77e-01    -  1.00e+00 1.00e+00h  1
 193r-7.8510378e+03 2.38e-03 8.46e+02  -4.8 4.77e+01    -  3.52e-01 1.53e-01f  1
 194r-7.8511048e+03 4.05e-01 2.95e+02  -4.8 2.32e+01  -4.0 1.59e-01 1.94e-01f  1
 195r-7.8511037e+03 6.00e-01 1.69e+02  -4.8 7.75e+01  -4.5 1.26e-01 1.35e-01f  1
 196r-7.8510831e+03 5.02e-01 1.45e+02  -4.8 1.52e+00  -2.2 1.67e-01 1.67e-01f  1
 197r-7.8509839e+03 4.89e-01 2.04e+02  -4.8 3.44e+00  -1.8 1.89e-02 2.56e-02f  1
 198r-7.8510219e+03 3.34e-01 5.76e+03  -4.8 1.99e-01  -0.5 8.33e-03 3.17e-01f  1
 199r-7.8510269e+03 3.04e-01 5.32e+03  -4.8 2.84e-01  -1.0 2.49e-02 8.84e-02f  1
iter    objective    inf_pr   inf_du lg(mu)  ||d||  lg(rg) alpha_du alpha_pr  ls
 200r-7.8510271e+03 2.76e-01 5.82e+03  -4.8 6.88e-02   0.4 2.69e-01 9.45e-02f  1
 201r-7.8510283e+03 2.25e-01 6.29e+03  -4.8 1.39e-01  -0.1 2.25e-01 1.83e-01f  1
 202r-7.8510300e+03 2.08e-01 7.85e+03  -4.8 2.42e-01  -0.6 1.49e-01 7.64e-02f  1
 203r-7.8510336e+03 1.08e-01 2.94e+03  -4.8 1.50e-01  -0.2 1.95e-01 4.79e-01f  1
 204r-7.8510384e+03 8.48e-02 2.30e+03  -4.8 2.31e-01  -0.6 2.17e-01 2.17e-01f  1
 205r-7.8510425e+03 7.81e-02 3.14e+03  -4.8 3.64e-01  -1.1 1.40e-02 8.05e-02f  1
 206r-7.8510462e+03 7.60e-02 1.38e+03  -4.8 6.33e-01  -1.6 2.78e-01 2.66e-02f  1
 207r-7.8511078e+03 6.22e-02 1.26e+03  -4.8 1.15e+00  -2.1 1.10e-02 1.84e-01f  1
 208r-7.8511180e+03 6.13e-02 1.11e+03  -4.8 2.41e+00  -2.6 1.93e-01 1.51e-02f  1
 209r-7.8511879e+03 5.80e-02 1.14e+03  -4.8 5.64e+00  -3.0 1.15e-01 6.79e-02f  1
iter    objective    inf_pr   inf_du lg(mu)  ||d||  lg(rg) alpha_du alpha_pr  ls
 210r-7.8512217e+03 5.74e-02 1.62e+03  -4.8 1.35e+01  -3.5 9.30e-02 2.71e-02f  1
 211r-7.8513143e+03 7.44e-02 1.28e+03  -4.8 2.70e+01  -4.0 3.36e-02 6.58e-02f  1
 212r-7.8513294e+03 7.37e-02 1.22e+03  -4.8 1.37e+01  -3.6 7.41e-03 1.35e-02f  1
 213r-7.8513583e+03 7.20e-02 1.46e+03  -4.8 6.33e+00  -3.1 7.32e-02 3.14e-02f  1
 214r-7.8513893e+03 6.88e-02 2.13e+03  -4.8 2.68e+00  -2.7 1.67e-01 4.83e-02f  1
 215r-7.8514615e+03 6.52e-02 2.01e+03  -4.8 5.05e+00  -3.2 9.28e-02 8.15e-02f  1
 216r-7.8515129e+03 6.05e-02 1.81e+03  -4.8 2.49e+00  -2.8 7.61e-02 8.28e-02f  1
 217r-7.8515146e+03 4.88e-02 2.22e+03  -4.8 9.40e-02  -0.5 3.72e-01 1.94e-01f  1
 218r-7.8515189e+03 4.05e-02 2.63e+03  -4.8 1.46e-01  -1.0 4.63e-01 1.71e-01f  1
 219r-7.8515283e+03 3.51e-02 2.30e+03  -4.8 2.50e-01  -1.5 1.46e-01 1.32e-01f  1
iter    objective    inf_pr   inf_du lg(mu)  ||d||  lg(rg) alpha_du alpha_pr  ls
 220r-7.8515655e+03 2.83e-02 2.03e+03  -4.8 5.45e-01  -2.0 3.50e-01 1.99e-01f  1
 221r-7.8516308e+03 2.49e-02 1.74e+03  -4.8 1.34e+00  -2.4 2.03e-01 1.61e-01f  1
 222r-7.8517303e+03 3.26e-02 1.45e+03  -4.8 3.52e+00  -2.9 1.22e-01 1.52e-01f  1
 223r-7.8517848e+03 4.33e-02 1.36e+03  -4.8 7.94e+00  -3.4 7.87e-02 6.89e-02f  1
 224r-7.8518360e+03 4.77e-02 1.26e+03  -4.8 4.09e+00  -3.0 1.26e-01 8.83e-02f  1
 225r-7.8518980e+03 7.18e-02 1.15e+03  -4.8 1.08e+01  -3.4 7.94e-02 8.59e-02f  1
 226r-7.8519553e+03 8.00e-02 1.08e+03  -4.8 4.19e+00  -3.0 2.22e-01 1.09e-01f  1
 227r-7.8520028e+03 8.94e-02 1.03e+03  -4.8 1.43e+01  -3.5 1.68e-01 7.50e-02f  1
 228r-7.8520076e+03 3.23e-01 1.02e+03  -4.8 2.29e+02  -4.0 2.69e-03 6.12e-03f  1
 229r-7.8520101e+03 3.44e-01 1.02e+03  -4.8 2.03e+02  -4.4 2.20e-03 2.86e-03f  1
iter    objective    inf_pr   inf_du lg(mu)  ||d||  lg(rg) alpha_du alpha_pr  ls
 230r-7.8520197e+03 3.47e-01 1.01e+03  -4.8 4.42e+01  -4.0 1.79e-02 1.35e-02f  1
 231r-7.8520193e+03 3.47e-01 1.00e+03  -4.8 1.12e+03    -  3.77e-03 6.12e-04f  1
 232r-7.8520331e+03 3.41e-01 9.88e+02  -4.8 7.20e+01  -4.5 1.44e-02 1.58e-02f  1
 233r-7.8520620e+03 3.31e-01 9.58e+02  -4.8 1.59e+02  -5.0 2.51e-02 2.96e-02f  1
 234r-7.8520889e+03 3.17e-01 9.07e+02  -4.8 3.53e+02  -5.4 1.96e-02 4.86e-02f  1
 235r-7.8520833e+03 3.11e-01 8.93e+02  -4.8 4.35e+02  -5.9 2.54e-02 1.69e-02f  1
 236r-7.8519936e+03 3.06e-01 8.75e+02  -4.8 5.07e+02  -6.4 1.53e-02 1.99e-02f  1
 237r-7.8519638e+03 2.98e-01 8.54e+02  -4.8 3.91e+02  -6.0 3.48e-02 2.52e-02f  1
 238r-7.8519181e+03 2.96e-01 8.49e+02  -4.8 5.03e+02  -6.5 2.40e-02 7.69e-03f  1
 239r-7.8518953e+03 2.91e-01 8.35e+02  -4.8 4.25e+02  -6.0 7.35e-03 1.57e-02f  1
iter    objective    inf_pr   inf_du lg(mu)  ||d||  lg(rg) alpha_du alpha_pr  ls
 240r-7.8518424e+03 2.91e-01 8.40e+02  -4.8 2.35e+03  -6.5 1.51e-03 3.02e-03h  1
 241r-7.8518540e+03 2.85e-01 8.25e+02  -4.8 3.22e+01  -4.3 2.81e-02 2.01e-02h  1
 242r-7.8518563e+03 2.84e-01 8.17e+02  -4.8 3.09e+02  -4.8 1.08e-03 3.13e-03h  1
 243r-7.8518588e+03 2.83e-01 8.21e+02  -4.8 9.23e+01  -5.2 2.05e-02 4.62e-03h  1
 244r-7.8518536e+03 2.75e-01 7.91e+02  -4.8 1.65e+02  -5.7 8.62e-03 2.52e-02f  1
 245r-7.8518292e+03 2.74e-01 7.90e+02  -4.8 3.75e+02  -6.2 1.34e-02 6.38e-03h  1
 246r-7.8517258e+03 2.69e-01 7.74e+02  -4.8 9.07e+02  -6.7 1.28e-02 1.66e-02f  1
 247r-7.8517129e+03 2.68e-01 7.75e+02  -4.8 2.63e+02  -6.2 2.40e-02 6.78e-03f  1
 248r-7.8516764e+03 2.64e-01 7.44e+02  -4.8 4.86e+02  -6.7 2.04e-02 3.42e-02f  1
 249r-7.8516974e+03 2.58e-01 7.30e+02  -4.8 2.01e+02  -6.3 4.22e-02 2.37e-02h  1
iter    objective    inf_pr   inf_du lg(mu)  ||d||  lg(rg) alpha_du alpha_pr  ls
 250r-7.8517395e+03 2.45e-01 6.85e+02  -4.8 2.60e+02  -6.8 1.95e-02 5.18e-02f  1
 251r-7.8517282e+03 2.42e-01 6.77e+02  -4.8 3.17e+02  -7.2 9.93e-03 1.16e-02h  1
 252r-7.8515609e+03 2.33e-01 1.68e+03  -4.8 4.22e+02    -  1.41e-02 3.72e-02h  1
 253r-7.8514486e+03 2.28e-01 1.63e+03  -4.8 6.94e+02    -  3.00e-02 2.65e-02f  1
 254r-7.8513707e+03 2.23e-01 1.59e+03  -4.8 5.54e+02  -6.8 3.44e-02 2.25e-02f  1
 255r-7.8513894e+03 2.22e-01 1.59e+03  -4.8 4.61e+03    -  1.73e-02 9.35e-04h  1
 256r-7.8512579e+03 2.16e-01 1.54e+03  -4.8 8.03e+02    -  3.70e-02 3.01e-02h  1
 257r-7.8511851e+03 2.11e-01 1.50e+03  -4.8 7.75e+02    -  3.83e-02 1.99e-02f  1
 258r-7.8511424e+03 2.06e-01 1.45e+03  -4.8 7.35e+02    -  1.04e-01 2.69e-02h  1
 259r-7.8511220e+03 2.03e-01 1.44e+03  -4.8 7.00e+02    -  7.34e-03 1.15e-02h  1
iter    objective    inf_pr   inf_du lg(mu)  ||d||  lg(rg) alpha_du alpha_pr  ls
 260r-7.8511310e+03 2.02e-01 1.43e+03  -4.8 8.72e+02  -7.3 4.32e-02 5.24e-03h  1
 261r-7.8510972e+03 2.66e-01 1.29e+03  -4.8 6.96e+02    -  8.19e-02 9.46e-02f  1
 262r-7.8510799e+03 2.63e-01 1.28e+03  -4.8 3.80e+02    -  6.66e-02 1.24e-02h  1
 263r-7.8510738e+03 2.51e-01 1.25e+03  -4.8 1.10e+02    -  1.05e-01 4.63e-02h  1
 264r-7.8509831e+03 2.42e-01 1.20e+03  -4.8 2.00e+02    -  2.12e-02 3.60e-02h  1
 265r-7.8507229e+03 2.52e-01 1.13e+03  -4.8 3.46e+02    -  3.28e-02 6.57e-02f  1
 266r-7.8505592e+03 2.13e-01 1.06e+03  -4.8 3.02e+02    -  5.95e-02 6.00e-02h  1
 267r-7.8503681e+03 3.79e-01 1.00e+03  -4.8 9.54e+02    -  3.61e-02 6.25e-02h  1
 268r-7.8503607e+03 3.77e-01 9.91e+02  -4.8 3.33e+02    -  7.66e-02 5.11e-03h  1
 269r-7.8503154e+03 3.65e-01 9.43e+02  -4.8 3.45e+02    -  6.66e-02 4.57e-02f  1
iter    objective    inf_pr   inf_du lg(mu)  ||d||  lg(rg) alpha_du alpha_pr  ls
 270r-7.8501298e+03 3.40e-01 8.63e+02  -4.8 2.65e+02    -  3.83e-02 8.57e-02h  1
 271r-7.8500780e+03 3.31e-01 8.39e+02  -4.8 2.24e+02    -  8.23e-02 2.91e-02h  1
 272r-7.8500164e+03 3.15e-01 7.97e+02  -4.8 2.19e+02    -  6.83e-02 5.14e-02h  1
 273r-7.8500015e+03 3.07e-01 7.85e+02  -4.8 1.67e+02    -  8.23e-02 2.32e-02h  1
 274r-7.8499725e+03 2.84e-01 7.15e+02  -4.8 1.45e+02    -  3.20e-02 7.99e-02h  1
 275r-7.8499665e+03 2.80e-01 7.13e+02  -4.8 2.25e+02    -  1.01e-01 1.26e-02h  1
 276r-7.8499228e+03 2.33e-01 5.74e+02  -4.8 1.99e+02    -  9.14e-02 1.87e-01h  1
 277r-7.8499415e+03 1.98e-01 4.82e+02  -4.8 1.84e+02    -  1.39e-01 1.58e-01h  1
 278r-7.8499416e+03 1.77e-01 4.36e+02  -4.8 1.46e+02    -  3.53e-01 1.20e-01h  1
 279r-7.8499404e+03 1.59e-01 7.51e+02  -4.8 1.18e+02    -  7.57e-01 1.55e-01h  1
iter    objective    inf_pr   inf_du lg(mu)  ||d||  lg(rg) alpha_du alpha_pr  ls
 280r-7.8498997e+03 1.35e-01 4.33e+02  -4.8 9.83e+01    -  2.74e-01 3.55e-01h  1
 281r-7.8498886e+03 1.02e-01 5.30e+02  -4.8 6.26e+01    -  1.00e+00 3.40e-01h  1
 282r-7.8498633e+03 6.05e-02 2.99e+02  -4.8 4.09e+01    -  1.00e+00 5.28e-01h  1
 283r-7.8498431e+03 9.90e-03 1.06e+01  -4.8 1.92e+01    -  8.27e-01 1.00e+00h  1
 284r-7.8498442e+03 8.33e-04 1.49e-03  -4.8 4.45e-01    -  1.00e+00 1.00e+00h  1
 285r-7.8498443e+03 8.33e-04 4.33e-06  -4.8 1.32e-02    -  1.00e+00 1.00e+00h  1
 286r-7.8499086e+03 1.21e-03 8.98e+01  -7.0 1.94e+01    -  3.39e-01 3.09e-01f  1
 287r-7.8499012e+03 1.34e-03 1.84e+02  -7.0 5.70e+02  -6.0 1.81e-02 5.73e-03f  1
 288r-7.8498975e+03 1.55e-03 1.94e+02  -7.0 2.66e+02  -5.5 1.67e-02 1.45e-02f  1
 289r-7.8499040e+03 1.13e-02 1.79e+02  -7.0 3.18e+01  -4.2 1.94e-02 6.09e-02f  1
iter    objective    inf_pr   inf_du lg(mu)  ||d||  lg(rg) alpha_du alpha_pr  ls
 290r-7.8499094e+03 1.14e-02 1.60e+02  -7.0 1.43e+01  -3.8 6.31e-02 7.30e-02f  1
 291r-7.8499136e+03 2.04e-02 1.41e+02  -7.0 4.38e+01  -4.3 3.77e-02 5.53e-02f  1
 292r-7.8499177e+03 1.65e-02 3.07e+02  -7.0 2.90e+00  -2.9 7.55e-02 1.97e-01f  1
 293r-7.8499196e+03 1.56e-02 2.74e+02  -7.0 6.73e+00  -3.4 8.24e-02 5.66e-02f  1
 294r-7.8499205e+03 1.53e-02 2.67e+02  -7.0 1.54e+01  -3.9 2.74e-02 1.92e-02f  1
 295r-7.8499211e+03 1.54e-02 2.62e+02  -7.0 3.56e+01  -4.4 1.63e-02 1.49e-02f  1
 296r-7.8499230e+03 1.52e-02 2.41e+02  -7.0 1.63e+01  -3.9 3.66e-02 2.68e-02h  1
 297r-7.8499258e+03 2.08e-02 2.56e+02  -7.0 4.64e+01  -4.4 1.82e-02 3.91e-02f  1
 298r-7.8499279e+03 2.02e-02 2.42e+02  -7.0 1.79e+01  -4.0 3.52e-02 2.86e-02f  1
 299r-7.8499288e+03 2.06e-02 2.18e+02  -7.0 9.34e+01  -4.5 2.39e-02 1.22e-02h  1
iter    objective    inf_pr   inf_du lg(mu)  ||d||  lg(rg) alpha_du alpha_pr  ls
 300r-7.8499309e+03 2.01e-02 4.91e+02  -7.0 3.69e+01  -4.0 1.11e-01 2.87e-02h  1
 301r-7.8499332e+03 1.97e-02 4.26e+02  -7.0 1.02e+02  -4.5 2.45e-02 3.83e-02f  1
 302r-7.8499345e+03 1.93e-02 5.02e+02  -7.0 3.81e+01  -4.1 4.82e-02 2.17e-02h  1
 303r-7.8499346e+03 2.04e-02 5.08e+02  -7.0 2.45e+02  -4.6 5.23e-03 1.20e-03h  1
 304r-7.8499356e+03 2.18e-02 4.35e+02  -7.0 1.88e+01  -4.1 8.99e-03 2.44e-02f  1
 305r-7.8499357e+03 2.18e-02 4.49e+02  -7.0 3.10e+02  -4.6 1.53e-02 2.27e-04f  1
 306r-7.8499370e+03 3.30e-02 3.46e+02  -7.0 2.09e+01  -4.2 1.56e-02 5.81e-02f  1
 307r-7.8499361e+03 3.29e-02 2.99e+02  -7.0 5.19e+01  -4.7 1.73e-02 3.72e-03h  1
 308r-7.8499332e+03 3.28e-02 3.10e+02  -7.0 1.39e+02  -5.1 1.74e-02 4.34e-03f  1
 309r-7.8499251e+03 3.26e-02 3.36e+02  -7.0 4.36e+02  -5.6 9.94e-03 6.64e-03f  1
iter    objective    inf_pr   inf_du lg(mu)  ||d||  lg(rg) alpha_du alpha_pr  ls
 310r-7.8499352e+03 4.06e-02 3.57e+02  -7.0 9.33e+02  -6.1 1.84e-03 1.19e-02f  1
 311r-7.8499371e+03 4.08e-02 2.93e+02  -7.0 3.16e+03  -6.6 3.04e-03 2.03e-04f  1
 312r-7.8499263e+03 4.08e-02 2.92e+02  -7.0 1.86e+03  -7.1 6.55e-04 1.70e-03h  1
 313r-7.8499218e+03 4.08e-02 2.92e+02  -7.0 1.34e+03  -6.6 3.54e-03 1.73e-03h  1
 314r-7.8499065e+03 4.03e-02 2.88e+02  -7.0 6.33e+02  -6.2 2.51e-03 1.17e-02f  1
 315r-7.8499046e+03 4.01e-02 2.84e+02  -7.0 4.70e+02  -5.8 9.15e-03 3.56e-03h  1
 316r-7.8498984e+03 4.01e-02 2.84e+02  -7.0 1.15e+04  -6.3 2.71e-04 2.36e-04h  1
 317r-7.8498876e+03 3.99e-02 2.82e+02  -7.0 3.38e+02  -5.8 6.25e-03 6.61e-03f  1
 318r-7.8498843e+03 3.95e-02 2.80e+02  -7.0 1.60e+02  -5.4 3.65e-02 8.65e-03h  1
 319r-7.8498334e+03 3.87e-02 2.75e+02  -7.0 4.01e+02  -5.9 2.06e-02 3.02e-02f  1
iter    objective    inf_pr   inf_du lg(mu)  ||d||  lg(rg) alpha_du alpha_pr  ls
 320r-7.8498145e+03 3.86e-02 2.72e+02  -7.0 1.13e+03  -6.4 2.13e-03 1.90e-03h  1
 321r-7.8498045e+03 3.85e-02 2.78e+02  -7.0 1.47e+03  -5.9 1.35e-03 1.54e-03f  1
 322r-7.8497973e+03 3.85e-02 2.78e+02  -7.0 6.99e+02  -6.4 1.41e-02 1.38e-03h  1
 323r-7.8497884e+03 3.82e-02 2.79e+02  -7.0 5.00e+02  -6.0 1.04e-02 6.38e-03f  1
 324r-7.8497791e+03 3.58e-02 2.54e+02  -7.0 2.55e+02  -5.6 1.05e-02 3.48e-02h  1
 325r-7.8497837e+03 3.31e-02 2.48e+02  -7.0 8.54e+02  -6.0 2.31e-03 6.04e-03f  1
 326r-7.8497809e+03 3.38e-02 2.52e+02  -7.0 2.94e+02  -5.6 2.50e-02 1.46e-02f  1
 327r-7.8497975e+03 4.91e-02 2.44e+02  -7.0 1.38e+03  -6.1 1.38e-03 3.98e-03h  1
 328r-7.8497374e+03 8.56e-02 2.40e+02  -7.0 1.38e+03  -6.6 5.89e-03 1.04e-02f  1
 329r-7.8497133e+03 8.63e-02 2.43e+02  -7.0 4.68e+02  -6.1 1.08e-02 6.21e-03f  1
iter    objective    inf_pr   inf_du lg(mu)  ||d||  lg(rg) alpha_du alpha_pr  ls
 330r-7.8496944e+03 8.57e-02 2.29e+02  -7.0 3.36e+02  -5.7 4.97e-04 1.82e-02f  1
 331r-7.8496719e+03 8.67e-02 2.28e+02  -7.0 6.17e+02  -6.2 8.24e-03 7.89e-03h  1
 332r-7.8496652e+03 8.56e-02 2.24e+02  -7.0 5.03e+02  -5.8 1.06e-02 1.23e-02h  1
 333r-7.8496274e+03 8.51e-02 2.26e+02  -7.0 6.36e+02  -6.2 8.67e-03 5.39e-03h  1
 334r-7.8496130e+03 8.45e-02 2.24e+02  -7.0 2.27e+02  -5.8 5.24e-03 8.20e-03f  1
 335r-7.8494951e+03 8.32e-02 2.13e+02  -7.0 7.12e+02  -6.3 6.15e-03 1.58e-02h  1
 336r-7.8494937e+03 8.30e-02 2.13e+02  -7.0 4.99e+02  -5.9 5.09e-03 2.44e-03h  1
 337r-7.8494906e+03 8.27e-02 2.15e+02  -7.0 9.43e+02  -6.3 1.01e-02 3.35e-03h  1
 338r-7.8494874e+03 8.23e-02 2.12e+02  -7.0 4.44e+02  -5.9 3.00e-03 4.71e-03f  1
 339r-7.8494885e+03 8.21e-02 2.10e+02  -7.0 7.95e+02  -6.4 1.44e-03 2.80e-03h  1
iter    objective    inf_pr   inf_du lg(mu)  ||d||  lg(rg) alpha_du alpha_pr  ls
 340r-7.8494759e+03 8.18e-02 2.12e+02  -7.0 2.69e+02  -6.0 1.19e-02 4.54e-03f  1
 341r-7.8493070e+03 8.12e-02 2.11e+02  -7.0 2.19e+03  -6.4 9.40e-03 8.98e-03h  1
 342r-7.8492634e+03 8.10e-02 2.05e+02  -7.0 3.04e+02  -6.0 1.50e-02 1.82e-02h  1
 343r-7.8492627e+03 8.08e-02 2.20e+02  -7.0 1.97e+02  -5.6 2.41e-02 1.70e-03h  1
 344r-7.8492503e+03 8.40e-02 2.10e+02  -7.0 5.45e+02  -6.1 5.43e-03 1.22e-02f  1
 345r-7.8492484e+03 9.05e-02 2.08e+02  -7.0 3.10e+02  -5.6 3.23e-03 4.44e-03h  1
 346r-7.8492483e+03 9.14e-02 2.07e+02  -7.0 2.67e+03  -5.2 6.25e-04 1.66e-04h  1
 347r-7.8492484e+03 9.20e-02 1.95e+02  -7.0 5.45e+01  -4.8 2.49e-02 3.44e-02f  1
 348r-7.8492534e+03 8.16e-02 2.41e+02  -7.0 2.51e+01  -4.4 5.67e-02 1.23e-01h  1
 349r-7.8492534e+03 8.25e-02 2.32e+02  -7.0 6.18e+01  -4.8 9.73e-03 5.17e-03h  1
iter    objective    inf_pr   inf_du lg(mu)  ||d||  lg(rg) alpha_du alpha_pr  ls
 350r-7.8492562e+03 7.76e-02 5.36e+02  -7.0 3.16e+01  -4.4 4.67e-02 1.05e-01f  1
 351r-7.8492594e+03 6.95e-02 4.64e+02  -7.0 1.59e+01  -4.0 5.78e-02 1.09e-01f  1
 352r-7.8492600e+03 6.65e-02 3.50e+02  -7.0 5.57e+01  -4.5 2.32e-02 4.35e-02h  1
 353r-7.8492604e+03 6.53e-02 1.09e+03  -7.0 2.26e+01  -4.0 9.91e-02 1.83e-02h  1
 354r-7.8492616e+03 6.20e-02 7.83e+02  -7.0 6.38e+01  -4.5 5.45e-03 5.25e-02f  1
 355r-7.8492619e+03 6.14e-02 7.72e+02  -7.0 2.46e+01  -4.1 4.13e-02 8.99e-03h  1
 356r-7.8492624e+03 6.02e-02 7.58e+02  -7.0 7.09e+01  -4.6 4.09e-03 2.08e-02h  1
 357r-7.8492633e+03 5.90e-02 7.33e+02  -7.0 1.57e+01  -4.1 5.09e-03 3.68e-02f  1
 358r-7.8492632e+03 5.96e-02 7.30e+02  -7.0 7.54e+01  -4.6 6.62e-03 3.74e-03h  1
 359r-7.8492633e+03 5.88e-02 7.18e+02  -7.0 1.77e+01  -4.2 1.03e-02 1.64e-02h  1
iter    objective    inf_pr   inf_du lg(mu)  ||d||  lg(rg) alpha_du alpha_pr  ls
 360r-7.8492622e+03 7.06e-02 7.12e+02  -7.0 1.21e+02  -4.7 2.54e-03 9.24e-03f  1
 361r-7.8492622e+03 7.04e-02 7.10e+02  -7.0 2.56e+01  -4.2 4.35e-03 3.01e-03h  1
 362r-7.8492620e+03 7.01e-02 7.08e+02  -7.0 6.79e+01  -4.7 6.93e-04 4.08e-03f  1
 363r-7.8492620e+03 6.84e-02 6.90e+02  -7.0 2.77e+01  -4.3 3.75e-02 2.32e-02h  1
 364r-7.8492622e+03 6.73e-02 6.76e+02  -7.0 1.02e+01  -3.9 3.33e-02 1.69e-02h  1
 365r-7.8492623e+03 6.71e-02 6.74e+02  -7.0 4.11e+01  -4.3 2.22e-03 2.72e-03h  1
 366r-7.8492625e+03 6.65e-02 6.58e+02  -7.0 1.16e+01  -3.9 7.56e-02 9.03e-03f  1
 367r-7.8492634e+03 2.09e-01 6.54e+02  -7.0 9.93e+01  -4.4 2.57e-03 3.39e-02f  1
 368r-7.8492638e+03 2.06e-01 6.71e+02  -7.0 1.28e+01  -4.0 2.85e-03 1.99e-02h  1
 369r-7.8492639e+03 2.06e-01 3.77e+02  -7.0 1.14e+02  -4.4 4.05e-02 1.60e-03f  1
iter    objective    inf_pr   inf_du lg(mu)  ||d||  lg(rg) alpha_du alpha_pr  ls
 370r-7.8492668e+03 2.00e-01 1.01e+03  -7.0 1.43e+01  -4.0 6.07e-03 1.39e-01f  1
 371r-7.8492668e+03 2.02e-01 9.17e+02  -7.0 3.11e+02  -4.5 1.10e-02 1.30e-03h  1
 372r-7.8492679e+03 1.97e-01 1.09e+03  -7.0 1.60e+01  -4.1 1.67e-02 6.32e-02f  1
 373r-7.8492696e+03 1.74e-01 1.11e+03  -7.0 6.10e+00  -3.6 9.32e-02 1.30e-01f  1
 374r-7.8492702e+03 1.71e-01 1.22e+03  -7.0 1.73e+01  -4.1 1.52e-02 5.24e-02f  1
 375r-7.8492714e+03 1.57e-01 1.37e+03  -7.0 6.23e+00  -3.7 2.17e-02 9.13e-02f  1
 376r-7.8492718e+03 1.53e-01 1.28e+03  -7.0 1.79e+01  -4.2 4.74e-02 3.92e-02f  1
 377r-7.8492739e+03 1.31e-01 1.42e+03  -7.0 6.95e+00  -3.7 2.11e-02 1.73e-01h  1
 378r-7.8492739e+03 1.30e-01 1.37e+03  -7.0 1.97e+01  -4.2 3.86e-02 8.81e-03h  1
 379r-7.8492741e+03 1.26e-01 1.34e+03  -7.0 7.71e+00  -3.8 1.22e-02 2.87e-02h  1
iter    objective    inf_pr   inf_du lg(mu)  ||d||  lg(rg) alpha_du alpha_pr  ls
 380r-7.8492738e+03 1.27e-01 1.28e+03  -7.0 2.13e+01  -4.3 1.47e-02 5.92e-02f  1
 381r-7.8492741e+03 1.23e-01 1.23e+03  -7.0 9.08e+00  -3.8 4.19e-02 3.63e-02f  1
 382r-7.8492738e+03 1.32e-01 1.17e+03  -7.0 3.56e+01  -4.3 3.88e-02 5.23e-02h  1
 383r-7.8492743e+03 1.23e-01 1.07e+03  -7.0 1.18e+01  -3.9 9.18e-02 8.23e-02h  1
 384r-7.8492742e+03 1.23e-01 1.06e+03  -7.0 3.56e+01  -4.4 2.30e-02 4.55e-03h  1
 385r-7.8492742e+03 1.22e-01 1.05e+03  -7.0 1.04e+01  -4.0 2.59e-02 3.79e-03h  1
 386r-7.8492733e+03 2.31e-01 9.63e+02  -7.0 3.86e+01  -4.4 6.31e-02 8.90e-02f  1
 387r-7.8492733e+03 2.27e-01 9.44e+02  -7.0 1.16e+01  -4.0 1.61e-02 1.98e-02h  1
 388r-7.8492732e+03 2.26e-01 9.34e+02  -7.0 5.22e+01  -4.5 4.45e-02 2.73e-03h  1
 389r-7.8492731e+03 2.26e-01 9.30e+02  -7.0 2.43e+02  -5.0 4.69e-03 2.85e-04h  1
iter    objective    inf_pr   inf_du lg(mu)  ||d||  lg(rg) alpha_du alpha_pr  ls
 390r-7.8492705e+03 2.23e-01 9.18e+02  -7.0 3.56e+02  -5.4 5.78e-03 1.25e-02h  1
 391r-7.8492676e+03 2.20e-01 9.02e+02  -7.0 1.30e+02  -5.0 6.33e-04 1.70e-02f  1
 392r-7.8492681e+03 2.17e-01 8.90e+02  -7.0 3.94e+02  -5.5 6.64e-03 1.32e-02f  1
 393r-7.8492762e+03 2.17e-01 8.91e+02  -7.0 5.95e+03  -6.0 8.45e-04 4.97e-04h  1
 394r-7.8492682e+03 2.15e-01 8.85e+02  -7.0 2.41e+02  -5.5 5.75e-05 6.79e-03f  1
 395r-7.8492681e+03 2.15e-01 8.85e+02  -7.0 1.58e+02  -5.1 3.54e-02 1.05e-03f  1
 396r-7.8492708e+03 2.14e-01 8.83e+02  -7.0 3.83e+02  -5.6 3.06e-03 1.82e-03h  1
 397r-7.8492725e+03 2.14e-01 8.83e+02  -7.0 1.79e+03  -6.1 1.60e-04 1.54e-04h  1
 398r-7.8492670e+03 2.12e-01 8.76e+02  -7.0 1.88e+02  -5.6 3.90e-04 9.01e-03f  1
 399r-7.8492671e+03 2.12e-01 8.77e+02  -7.0 6.49e+04  -6.1 1.27e-04 2.67e-07h  1
iter    objective    inf_pr   inf_du lg(mu)  ||d||  lg(rg) alpha_du alpha_pr  ls
 400r-7.8492560e+03 2.10e-01 8.67e+02  -7.0 2.03e+02  -5.7 8.63e-03 1.15e-02f  1
 401r-7.8492543e+03 2.09e-01 8.64e+02  -7.0 9.40e+01  -5.3 4.27e-03 3.04e-03f  1
 402r-7.8492461e+03 2.07e-01 8.57e+02  -7.0 2.20e+02  -5.7 3.51e-03 9.13e-03f  1
 403r-7.8491188e+03 2.05e-01 8.52e+02  -7.0 9.01e+02  -6.2 3.28e-04 1.20e-02h  1
 404r-7.8491186e+03 2.05e-01 8.52e+02  -7.0 2.45e+02  -5.8 4.73e-04 1.39e-04h  1
 405r-7.8491186e+03 2.05e-01 8.51e+02  -7.0 9.44e+02  -6.3 8.09e-04 1.64e-06f  1
 406r-7.8490548e+03 2.00e-01 8.30e+02  -7.0 2.31e+02  -5.8 3.39e-02 2.25e-02f  1
 407r-7.8490541e+03 2.00e-01 8.29e+02  -7.0 1.13e+02  -5.4 5.30e-04 7.27e-04f  1
 408r-7.8490230e+03 1.99e-01 8.24e+02  -7.0 2.41e+02  -5.9 2.39e-03 7.99e-03f  1
 409r-7.8490198e+03 1.98e-01 8.21e+02  -7.0 1.30e+02  -5.5 9.74e-03 2.91e-03h  1
iter    objective    inf_pr   inf_du lg(mu)  ||d||  lg(rg) alpha_du alpha_pr  ls
 410r-7.8490009e+03 1.97e-01 8.18e+02  -7.0 2.73e+02  -5.9 6.09e-04 4.57e-03h  1
 411r-7.8489867e+03 1.94e-01 8.06e+02  -7.0 2.25e+02  -5.5 2.27e-03 1.47e-02f  1
 412r-7.8489661e+03 1.91e-01 7.91e+02  -7.0 1.13e+03  -6.0 3.28e-04 1.50e-02f  1
 413r-7.8489489e+03 1.87e-01 7.72e+02  -7.0 4.03e+02  -5.6 1.85e-02 2.34e-02f  1
 414r-7.8489543e+03 1.87e-01 7.72e+02  -7.0 2.25e+03  -6.0 4.91e-04 6.09e-04f  1
 415r-7.8489484e+03 1.85e-01 7.64e+02  -7.0 4.62e+02  -5.6 4.93e-03 9.23e-03f  1
 416r-7.8489239e+03 1.85e-01 7.63e+02  -7.0 2.34e+03  -6.1 3.63e-03 1.46e-03h  1
 417r-7.8489170e+03 1.84e-01 7.59e+02  -7.0 1.91e+02  -5.7 1.60e-02 3.83e-03h  1
 418r-7.8488826e+03 1.83e-01 7.55e+02  -7.0 5.48e+02  -6.2 6.90e-03 3.83e-03h  1
 419r-7.8488832e+03 1.83e-01 7.55e+02  -7.0 6.97e+02  -5.7 1.34e-04 1.56e-04f  1
iter    objective    inf_pr   inf_du lg(mu)  ||d||  lg(rg) alpha_du alpha_pr  ls
 420r-7.8488836e+03 1.81e-01 7.47e+02  -7.0 2.44e+02  -5.3 2.75e-05 1.21e-02f  1
 421r-7.8488835e+03 1.81e-01 7.46e+02  -7.0 9.15e+01  -4.9 3.41e-02 1.23e-03f  1
 422r-7.8488840e+03 1.81e-01 7.44e+02  -7.0 3.09e+02  -5.3 8.66e-03 1.20e-03h  1
 423r-7.8488842e+03 1.80e-01 7.39e+02  -7.0 1.30e+02  -4.9 2.64e-03 6.02e-03h  1
 424r-7.8488898e+03 1.79e-01 7.38e+02  -7.0 5.52e+02  -5.4 7.35e-04 2.26e-03f  1
 425r-7.8488898e+03 1.79e-01 7.38e+02  -7.0 1.01e+03  -5.9 9.23e-05 1.62e-06h  1
 426r-7.8488898e+03 1.79e-01 7.39e+02  -7.0 6.48e+03  -5.5 1.05e-04 3.96e-08f 13
 427r-7.8488745e+03 1.79e-01 7.37e+02  -7.0 7.61e+02  -5.9 1.73e-03 2.73e-03h  1
 428r-7.8488681e+03 1.78e-01 7.33e+02  -7.0 1.52e+02  -5.5 4.75e-03 5.21e-03f  1
 429r-7.8488175e+03 1.76e-01 7.23e+02  -7.0 3.12e+02  -6.0 2.53e-02 1.05e-02h  1
iter    objective    inf_pr   inf_du lg(mu)  ||d||  lg(rg) alpha_du alpha_pr  ls
 430r-7.8487946e+03 1.72e-01 7.10e+02  -7.0 1.47e+02  -5.6 1.21e-04 1.98e-02f  1
 431r-7.8487909e+03 1.72e-01 7.07e+02  -7.0 3.53e+02  -6.0 1.13e-02 7.06e-04h  1
 432r-7.8487882e+03 1.60e-01 6.52e+02  -7.0 6.95e+01  -4.7 2.84e-03 7.17e-02f  1
 433r-7.8487881e+03 1.59e-01 6.47e+02  -7.0 2.77e+01  -4.3 1.27e-02 8.96e-03f  1
 434r-7.8487918e+03 1.49e-01 6.08e+02  -7.0 1.13e+02  -4.8 1.70e-02 5.77e-02f  1
 435r-7.8487917e+03 1.47e-01 6.08e+02  -7.0 2.17e+01  -4.3 6.59e-02 1.33e-02f  1
 436r-7.8487912e+03 1.23e-01 4.92e+02  -7.0 9.15e+00  -3.9 6.88e-02 1.71e-01f  1
 437r-7.8487895e+03 1.17e-01 4.73e+02  -7.0 2.72e+01  -4.4 6.10e-02 4.12e-02f  1
 438r-7.8487859e+03 1.15e-01 4.61e+02  -7.0 7.94e+01  -4.9 2.71e-02 2.54e-02f  1
 439r-7.8487842e+03 1.14e-01 4.59e+02  -7.0 2.30e+02  -5.3 2.23e-02 4.30e-03h  1
iter    objective    inf_pr   inf_du lg(mu)  ||d||  lg(rg) alpha_du alpha_pr  ls
 440r-7.8487150e+03 1.11e-01 4.49e+02  -7.0 2.24e+02  -5.8 1.39e-02 2.47e-02f  1
 441r-7.8486317e+03 1.11e-01 4.48e+02  -7.0 2.39e+03  -6.3 1.38e-03 2.58e-03h  1
 442r-7.8486315e+03 1.11e-01 4.47e+02  -7.0 2.50e+02  -5.9 1.73e-02 6.78e-05h  1
 443r-7.8485171e+03 1.11e-01 4.47e+02  -7.0 5.72e+03  -6.3 2.39e-04 1.55e-03f  1
 444r-7.8485171e+03 1.11e-01 4.45e+02  -7.0 2.65e+02  -5.9 1.46e-02 5.56e-06h  1
 445r-7.8484856e+03 1.11e-01 4.45e+02  -7.0 5.35e+03  -6.4 1.04e-03 4.66e-04f  1
 446r-7.8484739e+03 1.10e-01 4.43e+02  -7.0 2.47e+02  -6.0 1.32e-02 3.73e-03h  1
 447r-7.8484404e+03 1.10e-01 4.42e+02  -7.0 1.47e+03  -6.4 6.56e-04 1.55e-03h  1
 448r-7.8484274e+03 1.10e-01 4.39e+02  -7.0 3.19e+02  -6.0 3.38e-02 5.07e-03h  1
 449r-7.8483603e+03 1.09e-01 4.37e+02  -7.0 8.80e+02  -6.5 7.34e-03 6.49e-03h  1
iter    objective    inf_pr   inf_du lg(mu)  ||d||  lg(rg) alpha_du alpha_pr  ls
 450r-7.8483206e+03 1.09e-01 4.35e+02  -7.0 2.65e+03  -7.0 1.34e-02 2.32e-03f  1
 451r-7.8482665e+03 1.08e-01 4.32e+02  -7.0 9.25e+02  -6.5 7.70e-03 8.28e-03h  1
 452r-7.8481914e+03 1.07e-01 4.30e+02  -7.0 3.11e+03  -7.0 1.69e-02 5.10e-03h  1
 453r-7.8480206e+03 1.05e-01 4.22e+02  -7.0 1.13e+03  -6.6 2.46e-03 1.92e-02h  1
 454r-7.8479942e+03 1.05e-01 4.23e+02  -7.0 3.72e+03  -7.1 1.13e-02 1.59e-03h  1
 455r-7.8478596e+03 1.05e-01 4.22e+02  -7.0 2.81e+03  -7.5 2.77e-03 2.61e-03h  1
 456r-7.8477533e+03 1.05e-01 4.21e+02  -7.0 3.10e+04    -  3.42e-04 3.64e-04h  1
 457r-7.8475981e+03 1.04e-01 4.20e+02  -7.0 5.00e+03    -  2.75e-03 2.54e-03h  1
 458r-7.8470305e+03 1.04e-01 4.21e+02  -7.0 5.04e+03    -  2.12e-04 8.52e-03f  1
 459r-7.8470303e+03 1.04e-01 4.22e+02  -7.0 7.29e+03  -7.1 1.86e-03 2.59e-05h  1
iter    objective    inf_pr   inf_du lg(mu)  ||d||  lg(rg) alpha_du alpha_pr  ls
 460r-7.8469765e+03 1.03e-01 4.22e+02  -7.0 5.29e+03    -  4.46e-06 1.01e-03f  1
 461r-7.8469749e+03 1.03e-01 4.19e+02  -7.0 1.25e+03  -6.7 3.46e-02 1.40e-04f  1
 462r-7.8467651e+03 1.03e-01 4.20e+02  -7.0 4.95e+03    -  1.65e-04 3.69e-03f  1
 463r-7.8467648e+03 1.03e-01 4.20e+02  -7.0 5.16e+02  -6.3 3.12e-03 4.30e-05h  1
 464r-7.8467618e+03 1.02e-01 4.15e+02  -7.0 1.05e+02  -4.9 6.16e-05 1.42e-02f  1
 465r-7.8467618e+03 1.02e-01 4.14e+02  -7.0 1.14e+03  -5.4 1.16e-03 1.30e-04f  1
 466r-7.8467529e+03 9.77e-02 3.99e+02  -7.0 1.45e+02  -5.0 2.28e-03 3.93e-02f  1
 467r-7.8467554e+03 9.89e-02 3.98e+02  -7.0 1.05e+04  -5.5 1.77e-04 8.27e-05h  1
 468r-7.8467545e+03 1.03e-01 3.93e+02  -7.0 1.75e+02  -5.0 1.47e-02 1.25e-02f  1
 469r-7.8467512e+03 9.81e-02 3.51e+02  -7.0 4.62e+01  -4.6 1.02e-02 4.77e-02h  1
iter    objective    inf_pr   inf_du lg(mu)  ||d||  lg(rg) alpha_du alpha_pr  ls
 470r-7.8467482e+03 1.07e-01 3.39e+02  -7.0 1.22e+02  -5.1 2.13e-02 2.90e-02f  1
 471r-7.8467465e+03 1.05e-01 3.27e+02  -7.0 2.70e+01  -4.7 8.62e-03 2.14e-02h  1
 472r-7.8467411e+03 1.05e-01 2.97e+02  -7.0 6.39e+01  -5.1 1.15e-03 3.05e-02f  1
 473r-7.8467408e+03 1.04e-01 3.00e+02  -7.0 5.57e+01  -4.7 2.56e-02 4.14e-03h  1
 474r-7.8467383e+03 1.08e-01 2.93e+02  -7.0 1.77e+02  -5.2 9.51e-03 1.72e-02f  1
 475r-7.8467372e+03 1.06e-01 2.94e+02  -7.0 6.54e+01  -4.8 3.99e-02 1.27e-02h  1
 476r-7.8467319e+03 1.05e-01 2.89e+02  -7.0 1.50e+02  -5.2 2.52e-02 1.45e-02h  1
 477r-7.8467284e+03 1.02e-01 2.83e+02  -7.0 6.00e+01  -4.8 4.84e-02 2.33e-02f  1
 478r-7.8467281e+03 1.02e-01 2.83e+02  -7.0 1.65e+02  -5.3 3.00e-03 6.29e-04h  1
 479r-7.8467260e+03 1.02e-01 2.80e+02  -7.0 5.27e+01  -4.9 1.32e-02 6.89e-03f  1
iter    objective    inf_pr   inf_du lg(mu)  ||d||  lg(rg) alpha_du alpha_pr  ls
 480r-7.8467147e+03 1.00e-01 2.77e+02  -7.0 1.42e+02  -5.4 8.42e-03 1.29e-02h  1
 481r-7.8467039e+03 9.50e-02 2.62e+02  -7.0 7.45e+01  -4.9 4.91e-03 5.22e-02h  1
 482r-7.8467036e+03 9.25e-02 2.55e+02  -7.0 2.41e+01  -4.5 1.88e-02 2.61e-02f  1
 483r-7.8466997e+03 8.96e-02 2.47e+02  -7.0 7.70e+01  -5.0 1.77e-03 3.12e-02h  1
 484r-7.8466957e+03 7.87e-02 2.15e+02  -7.0 2.95e+01  -4.5 5.28e-02 1.21e-01h  1
 485r-7.8466815e+03 6.91e-02 2.26e+02  -7.0 9.01e+01  -5.0 1.47e-02 1.22e-01h  1
 486r-7.8466802e+03 6.70e-02 2.39e+02  -7.0 3.26e+01  -4.6 2.44e-02 3.14e-02f  1
 487r-7.8466772e+03 5.93e-02 2.35e+02  -7.0 1.54e+01  -4.2 5.88e-02 1.22e-01h  1
 488r-7.8466679e+03 1.77e-01 2.28e+02  -7.0 5.19e+01  -4.7 3.91e-02 1.05e-01f  1
 489r-7.8466593e+03 1.87e-01 3.10e+02  -7.0 1.70e+01  -4.2 1.04e-01 2.71e-01f  1
iter    objective    inf_pr   inf_du lg(mu)  ||d||  lg(rg) alpha_du alpha_pr  ls
 490r-7.8466508e+03 3.27e-01 4.05e+02  -7.0 5.53e+01  -4.7 4.62e-02 6.78e-02f  1
 491r-7.8466421e+03 3.20e-01 4.58e+02  -7.0 1.84e+01  -4.3 3.99e-02 2.32e-01f  1
 492r-7.8466396e+03 3.19e-01 4.82e+02  -7.0 4.93e+01  -4.8 6.66e-03 2.58e-02h  1
 493r-7.8466380e+03 3.12e-01 4.64e+02  -7.0 2.03e+01  -4.3 3.85e-02 2.27e-02f  1
 494r-7.8466373e+03 3.11e-01 3.89e+02  -7.0 6.29e+01  -4.8 4.27e-02 1.04e-02h  1
 495r-7.8466353e+03 2.98e-01 3.77e+02  -7.0 2.17e+01  -4.4 3.46e-02 5.15e-02h  1
 496r-7.8466350e+03 2.97e-01 3.61e+02  -7.0 8.37e+01  -4.9 9.98e-03 2.87e-03h  1
 497r-7.8466352e+03 2.95e-01 3.54e+02  -7.0 2.47e+02  -5.3 4.57e-02 6.26e-03h  1
 498r-7.8466338e+03 2.87e-01 3.28e+02  -7.0 9.19e+01  -4.9 1.60e-01 2.66e-02h  1
 499r-7.8466334e+03 2.85e-01 3.25e+02  -7.0 3.15e+01  -4.5 9.83e-03 8.59e-03f  1
iter    objective    inf_pr   inf_du lg(mu)  ||d||  lg(rg) alpha_du alpha_pr  ls
 500r-7.8466307e+03 2.71e-01 3.12e+02  -7.0 1.03e+02  -5.0 2.02e-02 4.96e-02f  1
 501r-7.8466303e+03 2.69e-01 3.03e+02  -7.0 2.71e+01  -4.5 6.92e-02 5.64e-03h  1
 502r-7.8466286e+03 2.67e-01 2.96e+02  -7.0 6.69e+01  -5.0 5.64e-02 7.07e-03f  1
 503r-7.8466266e+03 2.55e-01 2.86e+02  -7.0 1.65e+01  -4.6 1.23e-02 4.59e-02h  1
 504r-7.8466243e+03 2.51e-01 2.81e+02  -7.0 4.64e+01  -5.1 2.51e-02 1.44e-02h  1
 505r-7.8466234e+03 2.50e-01 2.78e+02  -7.0 1.21e+01  -4.6 1.89e-02 4.81e-03f  1
 506r-7.8466206e+03 2.47e-01 2.76e+02  -7.0 4.34e+01  -5.1 1.42e-03 1.12e-02h  1
 507r-7.8466194e+03 2.45e-01 2.73e+02  -7.0 2.65e+01  -4.7 6.23e-03 1.09e-02h  1
 508r-7.8466184e+03 2.44e-01 2.72e+02  -7.0 9.21e+01  -5.2 4.24e-03 3.88e-03h  1
 509r-7.8466177e+03 2.41e-01 2.68e+02  -7.0 4.88e+01  -4.7 1.62e-02 1.19e-02f  1
iter    objective    inf_pr   inf_du lg(mu)  ||d||  lg(rg) alpha_du alpha_pr  ls
 510r-7.8466029e+03 2.20e-01 2.52e+02  -7.0 1.43e+02  -5.2 1.17e-02 8.49e-02f  1
 511r-7.8465986e+03 2.03e-01 2.39e+02  -7.0 5.41e+01  -4.8 1.41e-02 7.68e-02f  1
 512r-7.8466019e+03 2.03e-01 2.39e+02  -7.0 2.32e+03  -5.3 2.66e-04 9.87e-04f  1
 513r-7.8466010e+03 1.97e-01 2.27e+02  -7.0 5.64e+01  -4.8 7.82e-02 3.13e-02f  1
 514r-7.8466003e+03 1.90e-01 2.12e+02  -7.0 2.27e+01  -4.4 1.10e-01 3.61e-02h  1
 515r-7.8465990e+03 1.83e-01 2.06e+02  -7.0 7.72e+01  -4.9 1.85e-02 3.42e-02f  1
 516r-7.8465988e+03 1.83e-01 2.05e+02  -7.0 1.46e+02  -5.4 5.00e-03 3.86e-03h  1
 517r-7.8465952e+03 1.82e-01 2.05e+02  -7.0 3.77e+02  -5.8 1.25e-03 3.15e-03h  1
 518r-7.8465946e+03 1.82e-01 2.04e+02  -7.0 1.49e+02  -5.4 5.45e-03 6.86e-04f  1
 519r-7.8465936e+03 1.77e-01 2.01e+02  -7.0 6.22e+02  -5.9 1.84e-03 2.43e-02f  1
iter    objective    inf_pr   inf_du lg(mu)  ||d||  lg(rg) alpha_du alpha_pr  ls
 520r-7.8465903e+03 1.77e-01 2.00e+02  -7.0 1.31e+02  -5.5 3.32e-03 5.13e-03f  1
 521r-7.8465827e+03 1.76e-01 2.00e+02  -7.0 3.09e+02  -5.9 3.06e-03 4.53e-03h  1
 522r-7.8465807e+03 1.73e-01 2.95e+02  -7.0 1.56e+01  -4.6 4.11e-02 1.47e-02h  1
 523r-7.8465804e+03 1.73e-01 7.48e+02  -7.0 4.58e+01  -5.1 4.41e-04 1.37e-03h  1
 524r-7.8465804e+03 1.64e-01 7.19e+02  -7.0 3.04e-02  -1.1 1.01e-01 5.14e-02h  1
 525r-7.8465802e+03 1.27e-01 5.10e+02  -7.0 6.41e-02  -1.5 3.95e-02 2.24e-01h  1
 526r-7.8465800e+03 8.76e-02 3.06e+02  -7.0 9.33e-02  -2.0 2.27e-01 3.12e-01f  1
 527r-7.8465791e+03 2.82e-02 8.40e+01  -7.0 2.80e-01  -2.5 5.21e-01 6.78e-01f  1
 528r-7.8465790e+03 2.63e-02 8.20e+01  -7.0 8.46e-01  -3.0 1.36e-01 6.95e-02f  1
 529r-7.8465784e+03 2.12e-02 6.50e+01  -7.0 2.51e+00  -3.4 2.04e-01 1.94e-01h  1
iter    objective    inf_pr   inf_du lg(mu)  ||d||  lg(rg) alpha_du alpha_pr  ls
 530r-7.8465766e+03 1.76e-02 5.77e+01  -7.0 7.62e+00  -3.9 1.76e-01 1.84e-01f  1
 531r-7.8465764e+03 1.72e-02 5.27e+02  -7.0 2.83e+00  -3.5 1.07e-02 2.51e-02f  1
 532r-7.8465764e+03 8.36e-03 2.52e+02  -7.0 1.66e-02  -1.3 7.63e-01 5.13e-01f  1
 533r-7.8465763e+03 7.66e-03 2.60e+02  -7.0 4.94e-02  -1.7 1.00e+00 8.38e-02f  1
 534r-7.8465760e+03 1.24e-03 2.09e+02  -7.0 1.49e-01  -2.2 3.97e-01 8.39e-01f  1
 535r-7.8465760e+03 1.24e-03 9.99e+02  -3.3 0.00e+00   2.0 0.00e+00 5.96e-09R  2
 536r-7.8465746e+03 1.24e-03 2.16e+03  -3.3 3.65e+03    -  2.06e-04 5.22e-05f  1
 537r-7.8465745e+03 1.24e-03 2.18e+03  -3.3 7.08e+01    -  4.29e-04 5.85e-04f  1
 538r-7.8465743e+03 1.24e-03 2.08e+03  -3.3 1.82e+01    -  2.24e-03 9.45e-04f  1
 539r-7.8465738e+03 1.23e-03 2.30e+03  -3.3 1.64e+01    -  2.53e-03 6.42e-03f  1
iter    objective    inf_pr   inf_du lg(mu)  ||d||  lg(rg) alpha_du alpha_pr  ls
 540r-7.8465730e+03 1.22e-03 2.05e+03  -3.3 1.28e+01    -  1.41e-02 9.70e-03f  1
 541r-7.8465708e+03 1.18e-03 1.75e+03  -3.3 1.20e+01    -  3.64e-02 2.94e-02f  1
 542r-7.8465647e+03 1.08e-03 1.61e+03  -3.3 1.03e+01    -  8.41e-02 8.90e-02f  1
 543r-7.8465451e+03 1.13e-03 5.54e+03  -3.3 8.54e+00    -  2.32e-01 3.02e-01f  1
 544r-7.8464942e+03 2.96e-03 1.69e+04  -3.3 8.28e+00    -  4.29e-01 7.00e-01f  1
 545r-7.8464037e+03 4.11e-03 1.43e+03  -3.3 6.81e+00    -  3.99e-01 8.25e-01f  1
 546r-7.8462964e+03 3.75e-03 4.67e+02  -3.3 1.17e+01    -  4.59e-01 6.03e-01f  1
 547r-7.8460715e+03 7.10e-03 4.25e+02  -3.3 2.05e+01    -  5.12e-01 7.77e-01f  1
 548r-7.8458668e+03 8.55e-03 1.45e+02  -3.3 2.98e+01    -  5.82e-01 4.41e-01f  1
 549r-7.8453433e+03 2.84e-02 1.46e+02  -3.3 4.46e+01    -  9.17e-01 7.02e-01f  1
iter    objective    inf_pr   inf_du lg(mu)  ||d||  lg(rg) alpha_du alpha_pr  ls
 550r-7.8444927e+03 6.28e-02 9.52e+01  -3.3 6.79e+01    -  9.93e-01 6.61e-01f  1
 551r-7.8438722e+03 1.53e-02 1.62e+00  -3.3 2.42e+01    -  1.00e+00 1.00e+00f  1
 552r-7.8438705e+03 8.33e-04 5.43e-03  -3.3 8.89e-01    -  1.00e+00 1.00e+00h  1
 553r-7.8443753e+03 1.25e-02 1.19e+02  -4.1 2.85e+01    -  3.84e-01 4.41e-01f  1
 554r-7.8440412e+03 2.62e-02 7.53e+02  -4.1 1.08e+02    -  3.31e-01 2.50e-01f  1
 555r-7.8435600e+03 6.64e-02 5.28e+03  -4.1 9.12e+01    -  2.93e-01 4.46e-01f  1
 556r-7.8433619e+03 5.57e-02 4.26e+02  -4.1 5.86e+01    -  4.61e-01 3.29e-01f  1
 557r-7.8432343e+03 4.37e-02 3.55e+03  -4.1 4.39e+01    -  6.08e-01 3.30e-01f  1
 558r-7.8431249e+03 2.92e-02 4.73e+03  -4.1 2.89e+01    -  1.00e+00 4.67e-01f  1
 559r-7.8430210e+03 8.61e-03 5.54e+02  -4.1 1.43e+01    -  1.00e+00 8.83e-01f  1
iter    objective    inf_pr   inf_du lg(mu)  ||d||  lg(rg) alpha_du alpha_pr  ls
 560r-7.8430053e+03 1.28e-03 4.38e-01  -4.1 2.10e+00    -  1.00e+00 1.00e+00f  1
 561r-7.8430062e+03 4.31e-04 1.83e-02  -4.1 3.69e-01    -  1.00e+00 1.00e+00h  1
 562 -7.8430074e+03 4.31e-04 1.53e+01  -6.0 3.05e+04    -  2.77e-04 1.08e-05f  1
In iteration 562, 1 Slack too small, adjusting variable bound
 563 -7.8430074e+03 4.31e-04 1.54e+01  -6.0 4.74e+04    -  1.12e-05 2.28e-08h  1
 564 -7.8430083e+03 4.31e-04 5.02e+02  -6.0 4.48e+04    -  9.73e-05 8.91e-06f  1
 565 -7.8430083e+03 4.31e-04 5.02e+02  -6.0 2.13e+04    -  3.63e-05 6.42e-09f 17
 566r-7.8430083e+03 4.31e-04 9.99e+02  -3.4 0.00e+00    -  0.00e+00 3.32e-07R  8
 567r-7.8430078e+03 4.31e-04 1.21e+04  -3.4 7.67e+00    -  1.48e-01 6.52e-03f  1
 568r-7.8429950e+03 4.27e-04 2.34e+04  -3.4 6.13e+00    -  3.57e-01 1.68e-01f  1
 569r-7.8429433e+03 1.02e-03 9.47e+03  -3.4 6.28e+00    -  4.48e-01 5.03e-01f  1
iter    objective    inf_pr   inf_du lg(mu)  ||d||  lg(rg) alpha_du alpha_pr  ls
 570r-7.8427820e+03 1.55e-03 1.99e+03  -3.4 6.79e+00    -  8.52e-01 1.00e+00f  1
 571r-7.8421232e+03 1.40e-02 1.51e+03  -3.4 2.44e+01    -  8.02e-01 1.00e+00f  1
 572r-7.8410717e+03 3.73e-02 9.72e+01  -3.4 3.97e+01    -  9.71e-01 1.00e+00h  1
 573r-7.8404373e+03 1.31e-02 3.96e-01  -3.4 2.36e+01    -  9.99e-01 1.00e+00h  1
 574r-7.8404383e+03 5.39e-04 8.37e-03  -3.4 5.26e-01    -  1.00e+00 1.00e+00h  1
 575r-7.8409158e+03 6.98e-03 6.36e+02  -4.2 3.49e+01    -  2.78e-01 4.62e-01f  1
 576r-7.8403601e+03 3.47e-02 1.01e+03  -4.2 8.76e+01    -  3.91e-01 3.58e-01f  1
 577r-7.8400969e+03 3.59e-02 5.53e+03  -4.2 6.69e+01    -  4.73e-01 2.71e-01f  1
 578r-7.8397741e+03 3.66e-02 4.06e+03  -4.2 5.76e+01    -  4.97e-01 4.28e-01f  1
 579r-7.8394838e+03 2.45e-02 3.62e+03  -4.2 2.90e+01    -  8.80e-01 5.84e-01f  1
iter    objective    inf_pr   inf_du lg(mu)  ||d||  lg(rg) alpha_du alpha_pr  ls
 580r-7.8393071e+03 8.02e-03 5.39e+02  -4.2 1.39e+01    -  8.96e-01 8.59e-01f  1
 581r-7.8392726e+03 2.77e-04 9.47e-02  -4.2 3.50e+00    -  1.00e+00 1.00e+00f  1
 582r-7.8392722e+03 2.77e-04 5.91e-03  -4.2 2.26e-01    -  1.00e+00 1.00e+00h  1
 583r-7.8392722e+03 2.77e-04 9.99e+02  -3.6 0.00e+00    -  0.00e+00 2.87e-07R  7
 584r-7.8392713e+03 2.77e-04 1.01e+04  -3.6 5.82e+00    -  1.95e-01 1.04e-02f  1
 585r-7.8392538e+03 2.77e-04 1.45e+04  -3.6 4.40e+00    -  4.27e-01 2.64e-01f  1
 586r-7.8391920e+03 6.28e-04 5.13e+03  -3.6 4.98e+00    -  6.79e-01 6.66e-01f  1
 587r-7.8389659e+03 2.63e-03 6.65e+02  -3.6 8.37e+00    -  8.57e-01 1.00e+00f  1
 588r-7.8385113e+03 4.60e-03 4.69e+02  -3.6 2.10e+01    -  9.14e-01 5.34e-01h  1
 589r-7.8373765e+03 2.38e-02 1.24e+02  -3.6 3.02e+01    -  9.79e-01 7.41e-01f  1
iter    objective    inf_pr   inf_du lg(mu)  ||d||  lg(rg) alpha_du alpha_pr  ls
 590r-7.8366880e+03 4.35e-03 3.51e-01  -3.6 1.40e+01    -  1.00e+00 1.00e+00f  1
 591r-7.8366894e+03 2.59e-04 1.83e-03  -3.6 2.66e+00    -  1.00e+00 1.00e+00h  1
 592r-7.8369130e+03 5.07e-03 1.58e+03  -5.0 6.18e+01    -  3.06e-01 2.42e-01f  1
 593r-7.8358398e+03 2.34e-02 6.65e+02  -5.0 2.14e+02    -  1.29e-01 1.47e-01f  1
 594r-7.8358542e+03 2.07e-02 7.38e+03  -5.0 3.68e-01  -2.0 3.17e-01 1.18e-01f  1
 595r-7.8358883e+03 1.08e-02 5.73e+03  -5.0 4.18e-01  -2.5 6.37e-02 4.75e-01f  1
 596r-7.8358534e+03 1.08e-02 5.04e+03  -5.0 2.39e+02    -  3.71e-02 7.45e-03f  1
 597r-7.8350755e+03 3.45e-02 7.54e+03  -5.0 2.16e+02    -  6.18e-03 1.64e-01f  1
 598r-7.8349443e+03 3.41e-02 6.12e+03  -5.0 1.81e+02    -  8.64e-02 2.91e-02f  1
 599r-7.8341305e+03 1.88e-01 5.17e+03  -5.0 1.81e+02    -  1.73e-01 1.81e-01f  1
iter    objective    inf_pr   inf_du lg(mu)  ||d||  lg(rg) alpha_du alpha_pr  ls
 600r-7.8341612e+03 1.66e-01 1.37e+03  -5.0 5.47e-01  -3.0 3.19e-01 1.17e-01f  1
 601r-7.8342061e+03 1.33e-01 3.59e+02  -5.0 2.06e+00  -3.4 3.23e-01 1.96e-01f  1
 602r-7.8343032e+03 6.36e-02 1.13e+03  -5.0 6.42e+00  -3.9 3.51e-01 5.24e-01f  1
 603r-7.8343546e+03 4.36e-02 1.60e+03  -5.0 1.62e+01  -4.4 1.42e-01 3.17e-01f  1
 604r-7.8343705e+03 3.78e-02 7.81e+02  -5.0 3.47e+01  -4.9 2.82e-01 1.33e-01h  1
 605r-7.8343704e+03 3.64e-02 4.92e+02  -5.0 7.38e+01  -5.3 1.42e-01 5.79e-02h  1
 606r-7.8343695e+03 3.69e-02 6.07e+02  -5.0 3.67e+02  -5.8 6.13e-02 4.39e-03h  1
 607r-7.8343662e+03 1.83e-01 5.11e+02  -5.0 1.44e+03  -6.3 1.03e-02 2.17e-02f  1
 608r-7.8342401e+03 1.96e-01 5.70e+02  -5.0 4.97e+02    -  6.19e-02 4.44e-02f  1
 609r-7.8341501e+03 1.91e-01 8.40e+02  -5.0 2.44e+02    -  1.09e-01 2.78e-02f  1
iter    objective    inf_pr   inf_du lg(mu)  ||d||  lg(rg) alpha_du alpha_pr  ls
 610r-7.8337664e+03 1.81e-01 8.32e+02  -5.0 2.45e+02    -  1.38e-01 1.12e-01h  1
 611r-7.8333311e+03 1.62e-01 9.76e+02  -5.0 2.00e+02    -  2.30e-01 1.40e-01h  1
 612r-7.8322128e+03 1.47e-01 2.10e+02  -5.0 1.46e+02    -  1.99e-01 3.96e-01h  1
 613r-7.8320715e+03 1.37e-01 1.90e+02  -5.0 1.49e+02    -  9.60e-02 9.60e-02h  1
 614r-7.8317971e+03 1.29e-01 4.70e+02  -5.0 1.46e+02    -  1.28e-01 2.12e-01h  1
 615r-7.8317483e+03 1.24e-01 5.58e+02  -5.0 1.24e+02    -  4.63e-01 4.80e-02h  1
 616r-7.8313196e+03 1.03e-01 8.73e+02  -5.0 7.63e+01    -  1.00e+00 3.63e-01h  1
 617r-7.8307225e+03 7.32e-02 1.76e+02  -5.0 5.11e+01    -  1.00e+00 8.13e-01h  1
 618r-7.8305664e+03 2.37e-03 3.32e-01  -5.0 8.78e+00    -  1.00e+00 1.00e+00h  1
 619r-7.8305680e+03 2.52e-04 3.37e-03  -5.0 3.88e-01    -  1.00e+00 1.00e+00h  1
iter    objective    inf_pr   inf_du lg(mu)  ||d||  lg(rg) alpha_du alpha_pr  ls
 620r-7.8305683e+03 2.52e-04 7.44e-05  -5.0 4.62e-02    -  1.00e+00 1.00e+00h  1
 621r-7.8306068e+03 5.16e-04 2.79e+02  -6.3 1.74e+01    -  4.05e-01 2.50e-01f  1
 622r-7.8305533e+03 1.32e-02 3.53e+02  -6.3 7.08e+02  -6.8 8.02e-02 1.00e-02f  1
 623r-7.8303718e+03 1.32e-02 3.54e+02  -6.3 1.83e+04    -  5.81e-04 4.88e-04f  1
 624r-7.8303846e+03 1.15e-02 3.36e+02  -6.3 2.52e-01  -2.7 1.59e-01 1.30e-01f  1
 625r-7.8304170e+03 9.52e-03 3.05e+02  -6.3 8.11e-01  -3.2 2.04e-01 1.73e-01f  1
 626r-7.8304413e+03 7.47e-03 1.92e+02  -6.3 3.36e-01  -2.8 1.41e-01 2.15e-01f  1
 627r-7.8304919e+03 5.10e-03 4.10e+02  -6.3 9.42e-01  -3.3 9.58e-02 3.18e-01f  1
 628r-7.8305292e+03 4.33e-03 2.76e+02  -6.3 2.09e+00  -3.7 2.01e-01 1.56e-01f  1
 629r-7.8306711e+03 3.65e-03 3.48e+02  -6.3 7.30e+00  -4.2 8.60e-02 1.71e-01h  1
iter    objective    inf_pr   inf_du lg(mu)  ||d||  lg(rg) alpha_du alpha_pr  ls
 630r-7.8306994e+03 3.21e-03 2.80e+02  -6.3 2.79e+00  -3.8 1.45e-01 1.23e-01f  1
 631r-7.8307238e+03 3.13e-03 2.78e+02  -6.3 1.34e+01  -4.3 2.19e-02 3.19e-02f  1
 632r-7.8307287e+03 2.95e-03 2.58e+02  -6.3 2.96e+00  -3.8 6.68e-02 6.12e-02f  1
 633r-7.8307271e+03 2.89e-03 1.84e+02  -6.3 1.14e+00  -3.4 1.66e-01 2.21e-02h  1
 634r-7.8307232e+03 2.85e-03 2.22e+02  -6.3 9.01e+00  -3.9 3.36e-02 1.42e-02f  1
 635r-7.8307114e+03 2.28e-03 1.97e+02  -6.3 1.46e+00  -3.5 2.28e-01 2.00e-01f  1
 636r-7.8307090e+03 2.26e-03 1.38e+02  -6.3 2.32e+01  -3.9 1.57e-03 7.40e-03f  1
 637r-7.8307006e+03 2.11e-03 1.56e+02  -6.3 1.58e+00  -3.5 7.70e-02 1.38e-01f  1
 638r-7.8306852e+03 1.77e-03 1.16e+02  -6.3 5.47e-01  -3.1 2.18e-01 2.05e-01f  1
 639r-7.8306790e+03 1.75e-03 1.08e+02  -6.3 4.21e+00  -3.6 2.22e-02 1.99e-02f  1
iter    objective    inf_pr   inf_du lg(mu)  ||d||  lg(rg) alpha_du alpha_pr  ls
 640r-7.8306725e+03 1.63e-03 1.46e+02  -6.3 5.94e-01  -3.1 1.72e-01 7.72e-02f  1
 641r-7.8306628e+03 1.59e-03 1.08e+02  -6.3 2.49e+00  -3.6 3.30e-02 7.76e-02f  1
 642r-7.8306644e+03 1.59e-03 9.61e+01  -6.3 6.54e+00  -4.1 2.20e-02 1.34e-02h  1
 643r-7.8306631e+03 1.64e-03 1.20e+02  -6.3 2.10e+00  -3.7 4.41e-02 9.73e-02f  1
 644r-7.8306682e+03 1.72e-03 1.05e+02  -6.3 1.57e+01  -4.1 1.77e-02 1.13e-02f  1
 645r-7.8306673e+03 1.70e-03 1.01e+02  -6.3 2.31e+00  -3.7 3.60e-02 3.63e-02f  1
 646r-7.8306680e+03 1.72e-03 9.95e+01  -6.3 9.11e+00  -4.2 3.99e-02 1.07e-02f  1
 647r-7.8306666e+03 1.70e-03 9.43e+01  -6.3 2.58e+00  -3.8 7.31e-03 5.60e-02f  1
 648r-7.8306680e+03 2.08e-03 8.59e+01  -6.3 8.55e+00  -4.2 5.62e-02 4.47e-02f  1
 649r-7.8306661e+03 2.18e-03 1.71e+02  -6.3 2.90e+00  -3.8 2.72e-01 1.12e-01f  1
iter    objective    inf_pr   inf_du lg(mu)  ||d||  lg(rg) alpha_du alpha_pr  ls
 650r-7.8306689e+03 2.97e-03 4.72e+01  -6.3 9.25e+00  -4.3 1.51e-02 7.04e-02f  1
 651r-7.8306690e+03 2.90e-03 1.28e+02  -6.3 3.27e+00  -3.9 1.68e-01 3.31e-02f  1
 652r-7.8306742e+03 3.50e-03 1.07e+02  -6.3 1.03e+01  -4.4 6.46e-02 7.48e-02f  1
 653r-7.8306731e+03 3.47e-03 1.72e+02  -6.3 3.69e+00  -3.9 3.03e-01 1.65e-01f  1
 654r-7.8306761e+03 3.59e-03 1.51e+02  -6.3 1.49e+01  -4.4 2.75e-02 3.09e-02f  1
 655r-7.8306764e+03 3.44e-03 1.70e+02  -6.3 4.19e+00  -4.0 1.59e-01 8.97e-02f  1
 656r-7.8306780e+03 3.43e-03 2.03e+02  -6.3 1.53e+01  -4.5 2.51e-02 1.24e-02f  1
 657r-7.8306805e+03 3.25e-03 4.27e+02  -6.3 4.70e+00  -4.0 2.40e-01 6.67e-02f  1
 658r-7.8306867e+03 3.23e-03 3.48e+02  -6.3 1.42e+01  -4.5 3.77e-02 5.52e-02f  1
 659r-7.8306935e+03 2.93e-03 3.38e+02  -6.3 5.28e+00  -4.1 1.62e-01 1.36e-01f  1
iter    objective    inf_pr   inf_du lg(mu)  ||d||  lg(rg) alpha_du alpha_pr  ls
 660r-7.8306941e+03 2.90e-03 4.60e+02  -6.3 1.57e+01  -4.6 1.11e-01 1.35e-02f  1
 661r-7.8307016e+03 3.09e-03 2.74e+02  -6.3 6.14e+00  -4.1 2.70e-03 9.90e-02f  1
 662r-7.8307019e+03 3.06e-03 3.22e+02  -6.3 1.77e+01  -4.6 9.11e-02 1.85e-02f  1
 663r-7.8306993e+03 3.23e-03 3.35e+02  -6.3 5.07e+01  -5.1 4.73e-02 1.86e-02f  1
 664r-7.8306965e+03 3.29e-03 3.59e+02  -6.3 1.35e+02  -5.6 3.03e-02 5.81e-03h  1
 665r-7.8306867e+03 3.29e-03 3.14e+02  -6.3 7.50e+00  -4.2 1.80e-01 1.55e-01f  1
 666r-7.8306788e+03 3.73e-03 3.00e+02  -6.3 2.21e+01  -4.7 1.23e-01 6.76e-02f  1
 667r-7.8306381e+03 3.57e-02 2.56e+02  -6.3 6.18e+01  -5.2 1.17e-01 1.55e-01f  1
 668r-7.8306302e+03 2.81e-02 1.90e+02  -6.3 2.99e+00  -3.9 1.41e-01 2.22e-01f  1
 669r-7.8306330e+03 2.77e-02 1.81e+02  -6.3 2.16e+01  -4.3 5.75e-03 1.17e-02f  1
iter    objective    inf_pr   inf_du lg(mu)  ||d||  lg(rg) alpha_du alpha_pr  ls
 670r-7.8306284e+03 2.04e-02 2.33e+02  -6.3 3.55e+00  -3.9 1.26e-01 2.76e-01f  1
 671r-7.8306268e+03 1.77e-02 1.50e+02  -6.3 1.32e+00  -3.5 4.97e-01 1.30e-01f  1
 672r-7.8306275e+03 1.71e-02 2.13e+02  -6.3 3.89e+00  -4.0 7.76e-02 3.46e-02f  1
 673r-7.8306244e+03 1.64e-02 2.03e+02  -6.3 1.15e+01  -4.4 2.91e-01 5.87e-02f  1
 674r-7.8306143e+03 1.90e-02 1.69e+02  -6.3 3.16e+01  -4.9 1.00e-02 7.95e-02f  1
 675r-7.8306048e+03 2.10e-02 2.78e+02  -6.3 8.02e+01  -5.4 1.58e-01 2.63e-02f  1
 676r-7.8305621e+03 3.27e-02 3.15e+02  -6.3 1.71e+02  -5.9 7.46e-02 3.63e-02f  1
 677r-7.8305439e+03 3.42e-02 3.38e+02  -6.3 8.19e+01  -5.4 7.58e-02 4.00e-02h  1
 678r-7.8305360e+03 3.40e-02 3.49e+02  -6.3 1.80e+02  -5.9 1.56e-02 6.27e-03h  1
 679r-7.8305119e+03 3.38e-02 3.58e+02  -6.3 8.63e+01  -5.5 8.00e-02 4.77e-02h  1
iter    objective    inf_pr   inf_du lg(mu)  ||d||  lg(rg) alpha_du alpha_pr  ls
 680r-7.8304964e+03 3.16e-02 3.12e+02  -6.3 3.83e+01  -5.1 4.81e-02 8.07e-02f  1
 681r-7.8304865e+03 2.78e-02 3.27e+02  -6.3 1.42e+01  -4.6 2.52e-01 1.20e-01h  1
 682r-7.8304824e+03 2.71e-02 3.24e+02  -6.3 4.43e+01  -5.1 4.63e-02 2.58e-02h  1
 683r-7.8304391e+03 2.61e-02 2.96e+02  -6.3 9.54e+01  -5.6 5.59e-02 6.63e-02h  1
 684r-7.8304108e+03 1.40e-02 2.40e+02  -6.3 6.28e+00  -4.3 2.34e-01 4.62e-01f  1
 685r-7.8304099e+03 1.33e-02 1.38e+02  -6.3 2.49e+00  -3.8 6.39e-01 5.60e-02f  1
 686r-7.8304101e+03 1.02e-02 1.08e+02  -6.3 8.17e+00  -4.3 1.97e-01 2.28e-01f  1
 687r-7.8304126e+03 6.54e-03 1.16e+02  -6.3 3.01e+00  -3.9 6.68e-02 3.61e-01f  1
 688r-7.8304126e+03 6.52e-03 1.03e+02  -6.3 9.29e+00  -4.4 4.90e-02 3.26e-03h  1
 689r-7.8304078e+03 6.20e-03 1.14e+02  -6.3 2.27e+01  -4.8 2.39e-02 4.92e-02f  1
iter    objective    inf_pr   inf_du lg(mu)  ||d||  lg(rg) alpha_du alpha_pr  ls
 690r-7.8304104e+03 2.61e-03 1.67e+02  -6.3 1.23e+00  -3.5 2.55e-01 5.79e-01f  1
 691r-7.8304097e+03 2.06e-03 1.40e+02  -6.3 3.77e+00  -4.0 2.69e-01 2.12e-01f  1
 692r-7.8304096e+03 2.03e-03 6.04e+01  -6.3 1.07e+01  -4.5 1.53e-01 1.66e-02f  1
 693r-7.8303816e+03 1.62e-03 1.50e+02  -6.3 2.74e+01  -4.9 7.52e-02 1.99e-01f  1
 694r-7.8303759e+03 1.60e-03 8.98e+01  -6.3 7.32e+01  -5.4 1.41e-01 1.64e-02f  1
 695r-7.8303762e+03 1.49e-03 1.22e+02  -6.3 4.37e+00  -4.1 5.27e-01 6.69e-02h  1
 696r-7.8303596e+03 1.13e-03 7.39e+01  -6.3 1.05e+01  -4.6 3.28e-01 2.74e-01f  1
 697r-7.8303560e+03 1.77e-03 4.25e+01  -6.3 4.24e+00  -4.1 5.07e-01 7.99e-01f  1
 698r-7.8303570e+03 7.69e-04 3.85e+01  -6.3 1.57e+00  -3.7 7.44e-01 1.00e+00f  1
 699r-7.8303598e+03 1.23e-03 3.05e+01  -6.3 5.08e+00  -4.2 1.73e-01 1.35e-01h  1
iter    objective    inf_pr   inf_du lg(mu)  ||d||  lg(rg) alpha_du alpha_pr  ls
 700r-7.8303435e+03 1.03e-03 1.62e+01  -6.3 1.28e+01  -4.7 2.07e-01 1.92e-01f  1
 701r-7.8303295e+03 1.04e-03 1.79e+01  -6.3 3.56e+01  -5.2 8.18e-02 5.94e-02f  1
 702r-7.8303124e+03 1.05e-03 7.77e+01  -6.3 9.09e+01  -5.6 9.32e-02 2.69e-02f  1
 703r-7.8302595e+03 1.96e-03 1.38e+02  -6.3 1.99e+02  -6.1 8.93e-02 3.42e-02f  1
 704r-7.8301571e+03 3.12e-03 1.99e+02  -6.3 4.53e+02  -6.6 7.94e-02 1.94e-02h  1
 705r-7.8297761e+03 1.22e-02 2.43e+02  -6.3 6.28e+02  -7.1 6.27e-02 3.09e-02h  1
 706r-7.8286945e+03 1.55e-01 2.04e+02  -6.3 3.01e+03  -7.5 9.73e-02 2.83e-02h  1
 707r-7.8281113e+03 1.49e-01 1.69e+02  -6.3 3.29e+02  -7.1 1.01e-02 5.23e-02h  1
 708r-7.8277428e+03 1.60e-01 1.64e+02  -6.3 2.12e+03  -7.6 6.84e-03 1.15e-02h  1
 709r-7.8269107e+03 1.64e-01 1.16e+02  -6.3 4.36e+02  -7.2 2.51e-03 6.00e-02h  1
iter    objective    inf_pr   inf_du lg(mu)  ||d||  lg(rg) alpha_du alpha_pr  ls
 710r-7.8264338e+03 2.00e-01 1.23e+02  -6.3 4.41e+03  -7.6 2.30e-02 9.51e-03f  1
 711r-7.8251661e+03 2.29e-01 1.27e+02  -6.3 5.78e+02  -7.2 5.02e-02 7.98e-02h  1
 712r-7.8248315e+03 2.34e-01 1.33e+02  -6.3 1.69e+03  -7.7 8.33e-04 1.06e-02h  1
 713r-7.8248071e+03 2.31e-01 1.30e+02  -6.3 1.95e+02  -6.4 1.26e-02 1.16e-02h  1
 714r-7.8248071e+03 2.31e-01 1.33e+02  -6.3 8.45e+02  -5.0 2.21e-07 4.33e-05h  1
 715r-7.8248071e+03 2.31e-01 1.33e+02  -6.3 1.82e+02  -5.5 2.10e-07 1.90e-05f  1
 716r-7.8248070e+03 2.31e-01 1.61e+02  -6.3 4.54e+00  -4.2 4.88e-02 9.97e-04h  1
 717r-7.8247439e+03 2.30e-01 1.62e+02  -6.3 7.13e+02    -  6.29e-03 2.65e-03f  1
 718r-7.8247418e+03 2.22e-01 2.90e+02  -6.3 2.64e+01  -4.7 6.12e-03 3.45e-02f  1
 719r-7.8247299e+03 2.12e-01 2.85e+02  -6.3 2.52e+01  -5.1 4.06e-02 4.66e-02h  1
iter    objective    inf_pr   inf_du lg(mu)  ||d||  lg(rg) alpha_du alpha_pr  ls
 720r-7.8247014e+03 1.52e-01 2.02e+02  -6.3 7.56e+00  -4.7 2.58e-01 2.84e-01h  1
 721r-7.8246930e+03 1.47e-01 1.76e+02  -6.3 2.60e+01  -5.2 6.56e-02 2.79e-02h  1
 722r-7.8245267e+03 1.17e-01 1.17e+02  -6.3 5.19e+01  -5.7 1.32e-01 2.06e-01h  1
 723r-7.8243866e+03 1.10e-01 4.84e+02  -6.3 1.19e+02  -6.1 3.84e-02 6.40e-02h  1
 724r-7.8240685e+03 1.03e-01 6.70e+02  -6.3 2.39e+02  -6.6 1.22e-02 6.27e-02h  1
 725r-7.8238748e+03 1.05e-01 6.63e+02  -6.3 1.75e+03    -  8.43e-03 6.38e-03h  1
 726r-7.8236489e+03 1.06e-01 6.49e+02  -6.3 1.12e+03    -  1.90e-02 9.11e-03f  1
 727r-7.8233231e+03 1.05e-01 6.31e+02  -6.3 5.84e+02    -  3.65e-02 1.86e-02h  1
 728r-7.8232521e+03 1.05e-01 6.26e+02  -6.3 4.93e+02    -  1.36e-02 4.22e-03h  1
 729r-7.8232197e+03 9.85e-02 5.82e+02  -6.3 6.57e+01  -5.3 2.54e-02 5.86e-02h  1
iter    objective    inf_pr   inf_du lg(mu)  ||d||  lg(rg) alpha_du alpha_pr  ls
 730r-7.8232184e+03 9.75e-02 5.77e+02  -6.3 8.18e+00  -4.9 4.13e-02 1.01e-02h  1
 731r-7.8232029e+03 9.38e-02 5.56e+02  -6.3 2.92e+01  -5.3 5.33e-02 3.79e-02f  1
 732r-7.8231226e+03 9.34e-02 5.52e+02  -6.3 4.89e+02    -  8.78e-03 4.22e-03h  1
 733r-7.8231145e+03 9.30e-02 5.50e+02  -6.3 2.28e+02  -5.8 3.91e-03 4.00e-03f  1
 734r-7.8230434e+03 9.27e-02 5.46e+02  -6.3 5.39e+02    -  1.28e-02 5.70e-03h  1
 735r-7.8226693e+03 9.16e-02 5.36e+02  -6.3 4.95e+02    -  1.19e-02 1.95e-02f  1
 736r-7.8219557e+03 8.97e-02 5.13e+02  -6.3 4.79e+02    -  5.10e-02 3.89e-02f  1
 737r-7.8201700e+03 8.87e-02 4.65e+02  -6.3 4.58e+02    -  7.27e-02 1.05e-01h  1
 738r-7.8187836e+03 1.15e-01 4.28e+02  -6.3 4.47e+02    -  5.72e-02 8.95e-02h  1
 739r-7.8183424e+03 1.16e-01 4.13e+02  -6.3 4.47e+02    -  4.48e-02 3.08e-02f  1
iter    objective    inf_pr   inf_du lg(mu)  ||d||  lg(rg) alpha_du alpha_pr  ls
 740r-7.8183392e+03 1.14e-01 4.96e+02  -6.3 2.07e+01  -5.4 1.04e-01 1.75e-02h  1
 741r-7.8180801e+03 1.13e-01 4.79e+02  -6.3 3.47e+02    -  8.15e-03 2.05e-02h  1
 742r-7.8160330e+03 1.33e-01 4.42e+02  -6.3 2.64e+02    -  6.13e-03 1.58e-01h  1
 743r-7.8160177e+03 1.29e-01 3.44e+02  -6.3 2.81e+01  -5.9 8.04e-02 2.35e-02h  1
 744r-7.8158442e+03 1.19e-01 4.37e+02  -6.3 8.34e+01  -6.3 2.95e-02 8.85e-02h  1
 745r-7.8153434e+03 1.15e-01 9.88e+02  -6.3 2.27e+02  -6.8 4.94e-02 8.81e-02h  1
 746r-7.8139150e+03 2.12e-01 3.98e+02  -6.3 9.99e+01  -6.4 2.12e-01 6.35e-01f  1
 747r-7.8138949e+03 2.12e-01 3.97e+02  -6.3 6.66e+02  -6.9 4.96e-03 2.13e-03h  1
 748r-7.8138748e+03 2.10e-01 3.90e+02  -6.3 1.79e+02  -6.4 2.20e-02 7.33e-03h  1
 749r-7.8137341e+03 1.23e-02 2.75e+02  -6.3 8.07e+00  -5.1 2.92e-01 1.00e+00h  1
iter    objective    inf_pr   inf_du lg(mu)  ||d||  lg(rg) alpha_du alpha_pr  ls
 750r-7.8136794e+03 1.20e-02 2.47e+02  -6.3 4.31e+01  -5.6 1.16e-01 1.06e-01h  1
 751r-7.8135159e+03 1.77e-02 2.18e+02  -6.3 5.19e+01  -6.1 2.23e-01 1.54e-01f  1
 752r-7.8134308e+03 1.99e-02 2.11e+02  -6.3 1.41e+02  -6.6 2.09e-02 2.69e-02h  1
 753r-7.8133954e+03 1.65e-02 1.76e+02  -6.3 1.45e+01  -5.2 3.01e-01 1.83e-01f  1
 754r-7.8133852e+03 1.64e-02 1.74e+02  -6.3 9.55e+01  -5.7 1.12e-02 1.14e-02h  1
 755r-7.8132814e+03 1.81e-02 1.69e+02  -6.3 6.57e+01  -6.2 1.29e-01 7.74e-02f  1
 756r-7.8132062e+03 1.89e-02 1.60e+02  -6.3 1.45e+02  -6.7 3.29e-03 2.09e-02f  1
 757r-7.8131345e+03 1.42e-02 4.88e+02  -6.3 1.83e+01  -5.3 3.67e-02 2.90e-01f  1
 758r-7.8130796e+03 1.35e-02 4.69e+02  -6.3 3.62e+01  -5.8 2.37e-01 8.80e-02h  1
 759r-7.8128446e+03 1.93e-02 6.00e+02  -6.3 7.50e+01  -6.3 1.99e-01 1.43e-01f  1
iter    objective    inf_pr   inf_du lg(mu)  ||d||  lg(rg) alpha_du alpha_pr  ls
 760r-7.8127740e+03 1.93e-02 6.00e+02  -6.3 2.21e+02  -6.8 1.77e-01 1.58e-02h  1
 761r-7.8127049e+03 1.54e-02 5.74e+02  -6.3 2.27e+01  -5.4 1.01e-01 2.24e-01f  1
 762r-7.8124413e+03 1.56e-02 3.83e+02  -6.3 3.77e+01  -5.9 3.98e-01 3.61e-01f  1
 763r-7.8120913e+03 1.88e-02 3.02e+02  -6.3 9.24e+01  -6.4 7.82e-02 1.77e-01h  1
 764r-7.8120686e+03 1.54e-02 2.05e+02  -6.3 8.94e+00  -5.1 3.14e-01 1.81e-01h  1
 765r-7.8120544e+03 1.47e-02 2.18e+02  -6.3 1.71e+01  -5.5 1.12e-01 4.40e-02f  1
 766r-7.8119742e+03 1.37e-02 1.98e+02  -6.3 4.60e+01  -6.0 8.87e-02 8.90e-02f  1
 767r-7.8118894e+03 1.34e-02 1.91e+02  -6.3 1.17e+02  -6.5 3.01e-02 3.44e-02h  1
 768r-7.8117259e+03 1.34e-02 1.95e+02  -6.3 6.15e+02  -7.0 4.91e-02 2.03e-02f  1
 769r-7.8115306e+03 1.33e-02 1.73e+02  -6.3 1.10e+02  -6.5 2.70e-02 7.32e-02h  1
iter    objective    inf_pr   inf_du lg(mu)  ||d||  lg(rg) alpha_du alpha_pr  ls
 770r-7.8114415e+03 8.66e-03 6.14e+02  -6.3 1.34e+01  -5.2 4.56e-05 4.79e-01f  1
 771r-7.8113729e+03 8.54e-03 5.19e+02  -6.3 2.31e+01  -5.7 2.28e-01 1.55e-01f  1
 772r-7.8112118e+03 9.59e-03 4.56e+02  -6.3 7.83e+01  -6.2 9.78e-02 1.21e-01f  1
 773r-7.8107958e+03 1.77e-02 4.86e+02  -6.3 1.57e+02  -6.6 1.82e-02 1.15e-01h  1
 774r-7.8107823e+03 1.68e-02 4.11e+02  -6.3 1.81e+01  -5.3 8.59e-02 5.57e-02h  1
 775r-7.8106530e+03 1.49e-02 2.95e+02  -6.3 2.97e+01  -5.8 3.95e-01 2.27e-01f  1
 776r-7.8106418e+03 1.48e-02 2.93e+02  -6.3 1.42e+02  -6.3 6.72e-02 5.62e-03h  1
 777r-7.8105612e+03 1.75e-02 2.89e+02  -6.3 3.96e+02  -5.8 8.53e-04 1.30e-02h  1
 778r-7.8104533e+03 1.20e-02 1.82e+02  -6.3 2.17e+01  -5.4 2.05e-01 3.73e-01f  1
 779r-7.8103667e+03 1.33e-02 1.75e+02  -6.3 1.34e+02  -5.9 1.84e-02 3.37e-02h  1
iter    objective    inf_pr   inf_du lg(mu)  ||d||  lg(rg) alpha_du alpha_pr  ls
 780r-7.8101891e+03 1.23e-02 1.54e+02  -6.3 7.54e+01  -6.4 1.38e-01 1.24e-01f  1
 781r-7.8101625e+03 1.20e-02 1.50e+02  -6.3 3.52e+01  -5.9 7.92e-02 2.48e-02h  1
 782r-7.8098385e+03 1.08e-02 1.26e+02  -6.3 7.60e+01  -6.4 6.31e-04 1.57e-01f  1
 783r-7.8096711e+03 9.73e-03 1.46e+02  -6.3 3.47e+01  -6.0 4.94e-01 2.09e-01f  1
 784r-7.8083517e+03 5.64e-02 2.10e+02  -6.3 7.48e+01  -6.5 9.56e-02 5.83e-01h  1
 785r-7.8082651e+03 2.56e-02 5.43e+02  -6.3 8.67e+00  -5.1 1.21e-01 5.47e-01h  1
 786r-7.8082414e+03 1.69e-02 4.78e+02  -6.3 6.39e+00  -4.7 1.18e-01 3.39e-01f  1
 787r-7.8082250e+03 1.35e-02 5.34e+02  -6.3 2.33e+00  -4.3 1.13e-03 2.00e-01f  1
 788r-7.8082192e+03 1.28e-02 3.41e+02  -6.3 1.05e+01  -4.8 2.32e-01 5.24e-02h  1
 789r-7.8082134e+03 1.28e-02 3.45e+02  -6.3 1.04e+03  -5.2 8.92e-04 3.49e-04h  1
iter    objective    inf_pr   inf_du lg(mu)  ||d||  lg(rg) alpha_du alpha_pr  ls
 790r-7.8082096e+03 1.24e-02 3.34e+02  -6.3 7.97e+00  -4.8 6.97e-02 3.61e-02f  1
 791r-7.8082010e+03 1.20e-02 3.25e+02  -6.3 2.35e+01  -5.3 1.57e-02 2.72e-02f  1
 792r-7.8081960e+03 1.16e-02 3.12e+02  -6.3 1.08e+01  -4.9 7.79e-02 3.30e-02h  1
 793r-7.8081734e+03 1.07e-02 2.88e+02  -6.3 2.01e+01  -5.3 7.54e-02 7.81e-02h  1
 794r-7.8081611e+03 1.06e-02 2.84e+02  -6.3 8.66e+01  -5.8 9.61e-03 1.13e-02f  1
 795r-7.8081263e+03 1.06e-02 2.77e+02  -6.3 6.28e+02  -5.4 1.92e-03 6.12e-03h  1
 796r-7.8081180e+03 1.01e-02 1.01e+03  -6.3 1.57e+01  -5.0 8.97e-05 4.21e-02h  1
 797r-7.8081082e+03 1.01e-02 1.00e+03  -6.3 1.12e+02  -5.4 5.71e-02 8.59e-03h  1
 798r-7.8080820e+03 9.81e-03 9.77e+02  -6.3 7.16e+01  -5.9 1.22e-02 2.49e-02h  1
 799r-7.8080615e+03 9.78e-03 9.74e+02  -6.3 5.95e+02  -6.4 5.52e-04 3.05e-03h  1
iter    objective    inf_pr   inf_du lg(mu)  ||d||  lg(rg) alpha_du alpha_pr  ls
 800r-7.8080580e+03 9.77e-03 9.74e+02  -6.3 1.34e+03  -6.0 2.44e-03 2.79e-04h  1
 801r-7.8080160e+03 9.67e-03 9.62e+02  -6.3 3.12e+02  -6.5 1.72e-02 1.23e-02h  1
 802r-7.8079602e+03 1.02e-02 9.18e+02  -6.3 7.91e+01  -6.0 9.10e-02 4.52e-02h  1
 803r-7.8079550e+03 1.01e-02 9.15e+02  -6.3 1.14e+02  -5.6 2.40e-01 4.42e-03h  1
 804r-7.8072437e+03 3.25e-02 5.13e+02  -6.3 4.94e+01  -6.1 9.45e-02 7.48e-01h  1
 805r-7.8069418e+03 2.63e-02 4.79e+02  -6.3 9.63e+01  -6.6 6.13e-02 1.91e-01f  1
 806r-7.8068058e+03 2.35e-02 3.68e+02  -6.3 4.64e+01  -6.1 3.03e-01 1.44e-01f  1
 807r-7.8067910e+03 2.27e-02 3.20e+02  -6.3 1.97e+01  -5.7 1.49e-01 3.54e-02h  1
 808r-7.8066262e+03 1.87e-02 2.65e+02  -6.3 4.57e+01  -6.2 1.72e-01 1.79e-01f  1
 809r-7.8065494e+03 1.81e-02 2.38e+02  -6.3 1.17e+02  -6.7 1.88e-01 3.42e-02h  1
iter    objective    inf_pr   inf_du lg(mu)  ||d||  lg(rg) alpha_du alpha_pr  ls
 810r-7.8063141e+03 7.52e-02 1.67e+02  -6.3 4.48e+01  -6.2 3.28e-01 2.44e-01f  1
 811r-7.8057477e+03 2.87e-02 2.63e+02  -6.3 1.29e+02  -6.7 6.56e-02 2.33e-01f  1
 812r-7.8054840e+03 2.91e-02 2.59e+02  -6.3 4.65e+02  -7.2 1.71e-02 4.86e-02h  1
 813r-7.8054865e+03 2.97e-02 2.49e+02  -6.3 4.06e+03    -  4.08e-02 1.83e-03h  1
 814r-7.8054040e+03 3.00e-02 3.67e+02  -6.3 4.10e+02    -  2.55e-01 1.49e-02h  1
 815r-7.8017832e+03 9.25e-01 1.74e+02  -6.3 4.05e+02    -  1.10e-01 5.17e-01f  1
 816r-7.8013323e+03 8.08e-01 1.40e+02  -6.3 1.96e+02    -  2.22e-01 1.45e-01h  1
 817r-7.8002846e+03 5.73e-01 1.82e+02  -6.3 1.69e+02    -  1.66e-01 4.28e-01h  1
 818r-7.8001268e+03 4.94e-01 1.13e+02  -6.3 1.35e+02    -  2.81e-01 1.45e-01h  1
 819r-7.7999084e+03 4.16e-01 3.07e+02  -6.3 8.21e+01    -  9.08e-01 1.66e-01h  1
iter    objective    inf_pr   inf_du lg(mu)  ||d||  lg(rg) alpha_du alpha_pr  ls
 820r-7.7990030e+03 1.31e-01 6.55e+01  -6.3 6.86e+01    -  1.00e+00 8.67e-01h  1
 821r-7.7990816e+03 8.25e-02 1.14e+02  -6.3 5.60e+01    -  6.24e-01 3.74e-01h  1
 822r-7.7990799e+03 5.69e-02 2.23e+02  -6.3 1.45e+01    -  7.46e-01 3.11e-01h  1
 823r-7.7990499e+03 1.18e-03 2.11e+00  -6.3 7.53e+00    -  1.00e+00 1.00e+00f  1
 824r-7.7990506e+03 1.32e-04 5.92e-01  -6.3 2.18e-01    -  1.00e+00 1.00e+00h  1
 825r-7.7990506e+03 1.32e-04 9.99e+02  -3.9 0.00e+00   1.5 0.00e+00 3.12e-07R  3
 826r-7.7990504e+03 1.32e-04 6.28e+03  -3.9 1.17e+02    -  6.09e-03 1.79e-04f  1
 827r-7.7990488e+03 1.32e-04 5.99e+03  -3.9 4.21e+00    -  3.62e-02 2.95e-02f  1
 828r-7.7990468e+03 1.32e-04 5.88e+03  -3.9 3.14e+00    -  4.42e-02 6.35e-02f  1
 829r-7.7990352e+03 1.31e-04 6.20e+03  -3.9 3.00e+00    -  1.11e-01 2.49e-01f  1
iter    objective    inf_pr   inf_du lg(mu)  ||d||  lg(rg) alpha_du alpha_pr  ls
 830r-7.7990225e+03 1.37e-04 3.95e+03  -3.9 2.47e+00    -  3.27e-01 2.83e-01f  1
 831r-7.7989681e+03 1.94e-03 6.06e+03  -3.9 3.04e+00    -  5.69e-01 1.00e+00f  1
 832r-7.7988751e+03 6.04e-04 2.67e+03  -3.9 4.83e+00    -  5.51e-01 1.00e+00f  1
 833r-7.7987780e+03 4.60e-04 1.65e+03  -3.9 4.55e+00    -  3.82e-01 5.44e-01f  1
 834r-7.7986131e+03 4.43e-03 7.19e+02  -3.9 3.89e+00    -  5.64e-01 6.24e-01f  1
 835r-7.7983283e+03 5.08e-03 2.58e+02  -3.9 6.05e+00    -  6.41e-01 6.22e-01f  1
 836r-7.7975687e+03 1.12e-02 1.19e+02  -3.9 9.94e+00    -  5.39e-01 1.00e+00f  1
 837r-7.7969401e+03 1.73e-03 5.66e+01  -3.9 9.00e+00    -  7.24e-01 1.00e+00h  1
 838r-7.7965517e+03 7.97e-04 4.87e-01  -3.9 6.09e+00    -  9.96e-01 1.00e+00h  1
 839r-7.7964615e+03 1.37e-04 4.16e-02  -3.9 1.47e+00    -  1.00e+00 1.00e+00h  1
iter    objective    inf_pr   inf_du lg(mu)  ||d||  lg(rg) alpha_du alpha_pr  ls
 840r-7.7964620e+03 1.38e-04 1.46e-03  -3.9 4.62e-02    -  1.00e+00 1.00e+00h  1
 841r-7.7965840e+03 8.44e-03 1.08e+03  -4.9 4.78e+01    -  3.56e-01 3.07e-01f  1
 842r-7.7955236e+03 2.49e-02 1.21e+03  -4.9 9.55e+01    -  3.03e-01 2.74e-01f  1
 843r-7.7946485e+03 2.29e-02 1.03e+03  -4.9 5.75e+01    -  3.11e-01 2.93e-01f  1
 844r-7.7939276e+03 2.02e-02 7.05e+01  -4.9 3.92e+01    -  2.51e-01 3.37e-01f  1
 845r-7.7933802e+03 1.67e-02 4.88e+01  -4.9 3.11e+01    -  3.86e-01 3.94e-01f  1
 846r-7.7929441e+03 1.65e-02 8.35e+02  -4.9 2.02e+01    -  7.60e-01 5.26e-01f  1
 847r-7.7926008e+03 1.11e-02 2.09e+02  -4.9 1.02e+01    -  1.00e+00 8.69e-01f  1
 848r-7.7925510e+03 2.96e-04 1.84e-01  -4.9 1.71e+00    -  1.00e+00 1.00e+00f  1
 849r-7.7925508e+03 1.30e-04 3.77e-04  -4.9 1.13e-01    -  1.00e+00 1.00e+00h  1
iter    objective    inf_pr   inf_du lg(mu)  ||d||  lg(rg) alpha_du alpha_pr  ls
 850r-7.7925873e+03 3.03e-03 3.00e+02  -6.1 1.45e+01    -  4.34e-01 3.21e-01f  1
 851r-7.7918002e+03 1.50e-02 4.74e+02  -6.1 3.45e+02    -  1.53e-01 4.72e-02f  1
 852r-7.7877114e+03 1.37e-01 1.15e+02  -6.1 3.12e+02    -  1.33e-02 2.21e-01f  1
 853r-7.7872283e+03 1.33e-01 1.26e+02  -6.1 4.34e+02    -  6.81e-02 3.01e-02h  1
 854r-7.7863414e+03 1.29e-01 1.98e+02  -6.1 4.47e+02    -  1.23e-01 5.72e-02h  1
 855r-7.7847828e+03 1.27e-01 2.27e+02  -6.1 3.63e+02    -  1.55e-01 1.07e-01h  1
 856r-7.7840791e+03 1.28e-01 2.24e+02  -6.1 3.68e+02    -  6.47e-02 5.47e-02h  1
 857r-7.7827965e+03 1.50e-01 1.46e+02  -6.1 3.86e+02    -  4.22e-02 1.07e-01h  1
 858r-7.7822734e+03 1.46e-01 1.19e+02  -6.1 2.50e+02    -  2.29e-02 4.75e-02h  1
 859r-7.7814333e+03 1.47e-01 9.08e+01  -6.1 3.11e+02    -  5.80e-02 8.19e-02f  1
iter    objective    inf_pr   inf_du lg(mu)  ||d||  lg(rg) alpha_du alpha_pr  ls
 860r-7.7811233e+03 1.44e-01 2.40e+02  -6.1 2.42e+02    -  2.39e-01 3.27e-02f  1
 861r-7.7782236e+03 2.26e-01 3.21e+02  -6.1 2.46e+02    -  3.04e-02 3.19e-01h  1
 862r-7.7777575e+03 2.12e-01 1.18e+02  -6.1 1.63e+02    -  2.05e-01 7.80e-02h  1
 863r-7.7768586e+03 1.81e-01 1.19e+02  -6.1 9.53e+01    -  8.45e-02 1.76e-01f  1
 864r-7.7759252e+03 1.48e-01 1.91e+02  -6.1 8.47e+01    -  4.92e-01 2.22e-01h  1
 865r-7.7749517e+03 1.11e-01 2.66e+02  -6.1 6.07e+01    -  6.87e-01 3.00e-01h  1
 866r-7.7730528e+03 4.09e-02 7.92e+01  -6.1 3.82e+01    -  1.00e+00 8.40e-01h  1
 867r-7.7726949e+03 1.09e-03 7.06e-01  -6.1 5.78e+00    -  1.00e+00 1.00e+00h  1
 868r-7.7726954e+03 1.24e-04 3.40e-03  -6.1 1.13e-01    -  1.00e+00 1.00e+00h  1
 869r-7.7726954e+03 1.24e-04 1.28e-05  -6.1 2.16e-03    -  1.00e+00 1.00e+00h  1
iter    objective    inf_pr   inf_du lg(mu)  ||d||  lg(rg) alpha_du alpha_pr  ls
 870r-7.7727042e+03 4.44e-04 1.01e+02  -7.0 1.37e+01    -  5.30e-01 3.34e-01f  1
 871r-7.7726915e+03 4.74e-04 8.55e+01  -7.0 2.04e+00  -4.0 1.51e-01 1.51e-01h  1
 872r-7.7726714e+03 2.32e-03 6.48e+01  -7.0 5.59e+00  -4.5 1.03e-01 1.68e-01f  1
 873r-7.7726651e+03 2.69e-03 6.22e+01  -7.0 1.24e+01  -5.0 3.15e-02 3.98e-02h  1
 874r-7.7726600e+03 2.50e-03 6.07e+01  -7.0 4.85e+01  -5.4 5.57e-02 2.38e-02h  1
 875r-7.7726582e+03 2.52e-03 2.16e+02  -7.0 7.53e+01  -5.9 1.04e-01 2.11e-03h  1
 876r-7.7731841e+03 5.22e-02 3.50e+02  -7.0 6.83e+03    -  1.55e-02 7.26e-03h  1
 877r-7.7731712e+03 5.19e-02 5.13e+02  -7.0 1.35e+02  -6.4 1.69e-01 5.76e-03f  1
 878r-7.7718500e+03 2.01e-01 3.55e+02  -7.0 2.16e+04    -  7.96e-03 3.90e-03h  1
 879r-7.7666357e+03 1.07e+00 5.58e+02  -7.0 3.71e+03    -  2.30e-03 5.49e-02h  1
iter    objective    inf_pr   inf_du lg(mu)  ||d||  lg(rg) alpha_du alpha_pr  ls
 880r-7.7663681e+03 1.03e+00 6.25e+02  -7.0 2.13e+02  -6.9 7.67e-02 3.30e-02h  1
 881r-7.7637510e+03 1.08e+00 6.13e+02  -7.0 1.57e+03    -  4.77e-03 4.28e-02h  1
 882r-7.7634465e+03 1.07e+00 6.62e+02  -7.0 5.15e+02  -7.3 5.74e-02 1.63e-02h  1
 883r-7.7634173e+03 1.07e+00 6.87e+02  -7.0 1.21e+03  -7.8 7.69e-02 8.27e-04h  1
 884r-7.7615199e+03 1.11e+00 6.92e+02  -7.0 1.92e+03    -  4.61e-03 3.10e-02h  1
 885r-7.7594603e+03 1.64e+00 8.99e+02  -7.0 1.27e+04    -  2.09e-03 1.25e-02h  1
 886r-7.7543228e+03 1.56e+00 7.99e+02  -7.0 7.45e+02    -  5.05e-02 1.16e-01h  1
 887r-7.7542318e+03 1.56e+00 7.94e+02  -7.0 1.03e+03    -  4.29e-03 2.13e-03h  1
 888r-7.7519681e+03 1.49e+00 7.53e+02  -7.0 5.85e+02    -  1.38e-01 5.84e-02h  1
 889r-7.7516198e+03 1.48e+00 7.47e+02  -7.0 7.45e+02    -  4.28e-03 9.08e-03h  1
iter    objective    inf_pr   inf_du lg(mu)  ||d||  lg(rg) alpha_du alpha_pr  ls
 890r-7.7463679e+03 1.35e+00 6.15e+02  -7.0 5.69e+02    -  7.92e-02 1.48e-01h  1
 891r-7.7461356e+03 1.34e+00 6.11e+02  -7.0 6.52e+02    -  6.22e-03 7.10e-03h  1
 892r-7.7435365e+03 1.26e+00 5.75e+02  -7.0 4.80e+02    -  1.02e-02 8.51e-02h  1
 893r-7.7418808e+03 1.57e+00 7.17e+02  -7.0 5.98e+03    -  1.12e-02 2.06e-02h  1
 894r-7.7417761e+03 1.56e+00 7.09e+02  -7.0 5.89e+02    -  2.14e-02 3.66e-03h  1
 895r-7.7411521e+03 1.53e+00 6.92e+02  -7.0 5.77e+02    -  2.96e-02 2.20e-02h  1
 896r-7.7409552e+03 1.52e+00 6.83e+02  -7.0 5.83e+02    -  1.72e-02 6.93e-03h  1
 897r-7.7371381e+03 1.35e+00 5.96e+02  -7.0 5.52e+02    -  3.22e-02 1.41e-01h  1
 898r-7.7370678e+03 1.35e+00 5.87e+02  -7.0 6.80e+02    -  8.62e-03 2.56e-03h  1
 899r-7.7352791e+03 1.25e+00 5.46e+02  -7.0 4.61e+02    -  3.02e-02 7.74e-02h  1
iter    objective    inf_pr   inf_du lg(mu)  ||d||  lg(rg) alpha_du alpha_pr  ls
 900r-7.7352144e+03 1.25e+00 5.38e+02  -7.0 1.17e+03    -  4.54e-03 2.09e-03h  1
 901r-7.7339776e+03 1.20e+00 5.47e+02  -7.0 4.86e+02    -  5.54e-03 5.22e-02h  1
 902r-7.7329907e+03 1.29e+00 6.78e+02  -7.0 3.71e+03  -8.3 4.87e-03 1.94e-02h  1
 903r-7.7306901e+03 1.04e+00 4.12e+02  -7.0 2.75e+02    -  1.77e-01 2.14e-01h  1
 904r-7.7306527e+03 1.03e+00 4.57e+02  -7.0 2.19e+02    -  3.11e-02 3.18e-03h  1
 905r-7.7288064e+03 8.79e-01 3.81e+02  -7.0 2.26e+02    -  1.54e-03 1.53e-01f  1
 906r-7.7261427e+03 6.41e-01 5.71e+02  -7.0 2.19e+02    -  1.87e-01 2.73e-01f  1
 907r-7.7260007e+03 6.29e-01 4.99e+02  -7.0 1.34e+02    -  1.47e-01 1.89e-02h  1
 908r-7.7250620e+03 5.42e-01 4.49e+02  -7.0 1.31e+02    -  7.84e-02 1.38e-01h  1
 909r-7.7246340e+03 5.03e-01 4.24e+02  -7.0 1.13e+02    -  3.39e-02 7.33e-02h  1
iter    objective    inf_pr   inf_du lg(mu)  ||d||  lg(rg) alpha_du alpha_pr  ls
 910r-7.7246104e+03 5.01e-01 4.23e+02  -7.0 4.89e+02    -  1.47e-02 2.66e-03h  1
 911r-7.7245287e+03 4.93e-01 4.15e+02  -7.0 1.06e+02    -  1.32e-01 1.64e-02h  1
 912r-7.7234280e+03 3.81e-01 3.20e+02  -7.0 1.04e+02    -  2.19e-01 2.29e-01h  1
 913r-7.7232371e+03 3.66e-01 3.08e+02  -7.0 8.12e+01    -  1.30e-01 3.98e-02h  1
 914r-7.7225297e+03 3.01e-01 2.53e+02  -7.0 7.88e+01    -  6.58e-02 1.78e-01h  1
 915r-7.7219778e+03 2.54e-01 2.13e+02  -7.0 6.29e+01    -  2.17e-02 1.56e-01h  1
 916r-7.7218935e+03 2.47e-01 2.07e+02  -7.0 5.42e+01    -  2.07e-01 2.74e-02h  1
 917r-7.7216731e+03 2.28e-01 1.92e+02  -7.0 5.17e+01    -  4.60e-02 7.48e-02h  1
 918r-7.7209949e+03 1.75e-01 1.46e+02  -7.0 4.79e+01    -  1.30e-01 2.35e-01h  1
 919r-7.7209125e+03 1.67e-01 1.40e+02  -7.0 3.67e+01    -  6.33e-02 4.28e-02h  1
iter    objective    inf_pr   inf_du lg(mu)  ||d||  lg(rg) alpha_du alpha_pr  ls
 920r-7.7204948e+03 1.34e-01 1.13e+02  -7.0 3.51e+01    -  2.42e-01 1.97e-01h  1
 921r-7.7197840e+03 7.53e-02 7.41e+01  -7.0 2.82e+01    -  7.59e-02 4.40e-01h  1
 922r-7.7197239e+03 6.87e-02 6.93e+01  -7.0 1.91e+01    -  6.99e-02 8.73e-02h  1
 923r-7.7196989e+03 6.62e-02 1.34e+02  -7.0 1.48e+01    -  1.00e+00 3.56e-02h  1
 924r-7.7195496e+03 5.39e-02 1.06e+02  -7.0 1.39e+01    -  2.27e-01 1.86e-01h  1
 925r-7.7193234e+03 2.82e-02 5.63e+01  -7.0 1.42e+01    -  5.04e-01 4.77e-01h  1
 926r-7.7190106e+03 7.84e-04 1.05e+01  -7.0 5.95e+00    -  8.13e-01 1.00e+00h  1
 927r-7.7190124e+03 1.14e-04 3.16e-06  -7.0 1.90e-01    -  1.00e+00 1.00e+00h  1
 928r-7.7190124e+03 1.14e-04 9.99e+02  -3.9 0.00e+00   1.0 0.00e+00 1.33e-07R  2
 929r-7.7190124e+03 1.14e-04 9.99e+02  -3.9 9.02e+01    -  9.01e-05 3.82e-05f  1
iter    objective    inf_pr   inf_du lg(mu)  ||d||  lg(rg) alpha_du alpha_pr  ls
 930r-7.7190122e+03 1.14e-04 9.98e+02  -3.9 2.27e+01    -  1.71e-03 6.01e-04f  1
 931r-7.7190118e+03 1.14e-04 3.84e+03  -3.9 7.35e+00    -  3.65e-02 4.21e-03f  1
 932r-7.7190095e+03 1.14e-04 4.53e+03  -3.9 2.82e+00    -  2.77e-02 6.03e-02f  1
 933r-7.7190047e+03 1.31e-04 4.24e+03  -3.9 2.17e+00    -  1.33e-01 1.60e-01f  1
 934r-7.7189947e+03 1.80e-04 2.86e+03  -3.9 2.14e+00    -  3.25e-01 3.22e-01f  1
 935r-7.7189541e+03 5.80e-04 7.80e+03  -3.9 3.10e+00    -  3.06e-01 9.45e-01f  1
 936r-7.7189101e+03 8.42e-04 3.57e+03  -3.9 3.45e+00    -  5.77e-01 1.00e+00f  1
 937r-7.7188144e+03 2.38e-03 2.38e+03  -3.9 4.04e+00    -  3.34e-01 1.00e+00f  1
 938r-7.7186863e+03 5.81e-03 5.54e+02  -3.9 6.14e+00    -  7.68e-01 1.00e+00h  1
 939r-7.7182897e+03 1.52e-02 3.60e+02  -3.9 2.17e+01    -  5.62e-01 9.85e-01h  1
iter    objective    inf_pr   inf_du lg(mu)  ||d||  lg(rg) alpha_du alpha_pr  ls
 940r-7.7179030e+03 1.25e-02 9.70e+01  -3.9 2.50e+01    -  8.84e-01 7.14e-01f  1
 941r-7.7169663e+03 2.54e-02 1.05e+01  -3.9 3.01e+01    -  9.92e-01 1.00e+00f  1
 942r-7.7167548e+03 2.89e-04 1.97e-01  -3.9 3.55e+00    -  1.00e+00 1.00e+00h  1
 943r-7.7167556e+03 1.11e-04 8.93e-03  -3.9 1.50e-01    -  1.00e+00 1.00e+00h  1
 944r-7.7167556e+03 1.11e-04 3.01e-05  -3.9 2.71e-03    -  1.00e+00 1.00e+00h  1
 945r-7.7167959e+03 2.05e-02 1.89e+03  -6.2 6.27e+01    -  2.90e-01 3.77e-01f  1
 946r-7.7144782e+03 2.77e-02 1.87e+03  -6.2 3.30e+02    -  3.32e-01 1.06e-01f  1
 947r-7.7088452e+03 1.98e-01 1.03e+03  -6.2 3.32e+02    -  2.40e-01 2.71e-01f  1
 948r-7.7061895e+03 2.01e-01 7.93e+02  -6.2 2.31e+02    -  1.71e-01 1.78e-01f  1
 949r-7.7034260e+03 1.93e-01 3.77e+02  -6.2 1.81e+02    -  1.94e-01 2.29e-01h  1
iter    objective    inf_pr   inf_du lg(mu)  ||d||  lg(rg) alpha_du alpha_pr  ls
 950r-7.7011336e+03 1.71e-01 8.53e+02  -6.2 1.47e+02    -  3.50e-01 2.45e-01h  1
 951r-7.6998961e+03 1.52e-01 5.70e+02  -6.2 1.17e+02    -  1.09e-01 1.52e-01h  1
 952r-7.6985796e+03 1.31e-01 1.34e+03  -6.2 1.69e+02    -  4.46e-01 1.73e-01h  1
 953r-7.6980219e+03 1.21e-01 1.60e+03  -6.2 1.61e+02    -  2.94e-01 8.47e-02h  1
 954r-7.6976707e+03 1.15e-01 1.75e+03  -6.2 1.50e+02    -  2.46e-01 5.69e-02h  1
 955r-7.6969642e+03 1.03e-01 1.49e+03  -6.2 1.43e+02    -  6.69e-02 1.18e-01h  1
 956r-7.6964870e+03 9.43e-02 1.49e+03  -6.2 1.24e+02    -  2.27e-01 8.62e-02h  1
 957r-7.6949560e+03 7.02e-02 9.21e+02  -6.2 1.13e+02    -  2.06e-01 3.26e-01h  1
 958r-7.6941515e+03 5.61e-02 7.45e+02  -6.2 8.50e+01    -  2.70e-01 2.21e-01h  1
 959r-7.6932269e+03 3.87e-02 4.35e+02  -6.2 5.19e+01    -  8.63e-02 3.43e-01h  1
iter    objective    inf_pr   inf_du lg(mu)  ||d||  lg(rg) alpha_du alpha_pr  ls
 960r-7.6920207e+03 1.93e-02 1.60e+02  -6.2 3.03e+01    -  6.60e-01 7.04e-01h  1
 961r-7.6916403e+03 5.93e-03 3.51e+01  -6.2 1.01e+01    -  7.92e-01 7.35e-01h  1
 962r-7.6915327e+03 1.42e-03 1.19e+01  -6.2 2.99e+00    -  7.30e-01 7.71e-01f  1
 963r-7.6915033e+03 1.13e-04 1.89e-02  -6.2 6.59e-01    -  1.00e+00 1.00e+00f  1
 964r-7.6915027e+03 1.13e-04 3.12e-04  -6.2 1.45e-01    -  1.00e+00 1.00e+00h  1

Number of Iterations....: 964

                                   (scaled)                 (unscaled)
Objective...............:  -7.6915025264470905e+03   -7.6915025264470905e+03
Dual infeasibility......:   1.0000000018913473e+00    1.0000000018913473e+00
Constraint violation....:   1.1339243452288123e-04    1.1339243452288123e-04
Complementarity.........:   7.1045119297863963e-07    7.1045119297863963e-07
Overall NLP error.......:   1.0000000018913473e+00    1.0000000018913473e+00


Number of objective function evaluations             = 1251
Number of objective gradient evaluations             = 80
Number of equality constraint evaluations            = 1251
Number of inequality constraint evaluations          = 1251
Number of equality constraint Jacobian evaluations   = 979
Number of inequality constraint Jacobian evaluations = 979
Number of Lagrangian Hessian evaluations             = 965
Total CPU secs in IPOPT (w/o function evaluations)   =   1342.417
Total CPU secs in NLP function evaluations           =     33.055

EXIT: Converged to a point of local infeasibility. Problem may be infeasible.
