
List of user-set options:

                                    Name   Value                used
                           compl_inf_tol = 1                     yes
                         constr_viol_tol = 1                     yes
                            dual_inf_tol = 1000                  yes
                           linear_solver = ma97                  yes
                              ma86_small = 1e-30                  no
                                  ma86_u = 0.0001                 no
                              ma97_order = best                  yes
                              ma97_small = 1e-30                 yes
                            ma97_switch1 = at_start              yes
                            ma97_switch2 = od_hd_reuse           yes
                                  ma97_u = 1e-06                 yes
                               ma97_umax = 0.5                   yes
                                max_iter = 1000                  yes
                    max_refinement_steps = 20                    yes
                    min_refinement_steps = 5                     yes
                                 mu_init = 1e-06                 yes
           mu_superlinear_decrease_power = 1.25                  yes
                   nlp_scaling_min_value = 1e-08                 yes
                        option_file_name = Preset_Case_953_pf.opt  yes
                             output_file = ./tmp/Preset_Case_953_pf.output  yes
                      print_user_options = yes                   yes
        required_infeasibility_reduction = 1                      no
                                     tol = 1e-08                 yes
                   warm_start_bound_frac = 1e-20                 yes
                   warm_start_bound_push = 1e-20                 yes
                   warm_start_init_point = yes                   yes
              warm_start_mult_bound_push = 1e-20                 yes
                warm_start_mult_init_max = 1e+40                 yes
             warm_start_slack_bound_frac = 1e-20                 yes
             warm_start_slack_bound_push = 1e-20                 yes

******************************************************************************
This program contains Ipopt, a library for large-scale nonlinear optimization.
 Ipopt is released as open source code under the Eclipse Public License (EPL).
         For more information visit http://projects.coin-or.org/Ipopt
******************************************************************************

This is Ipopt version 3.12.10, running with linear solver ma97.

Number of nonzeros in equality constraint Jacobian...:   117285
Number of nonzeros in inequality constraint Jacobian.:      213
Number of nonzeros in Lagrangian Hessian.............:    47506

Total number of variables............................:    30050
                     variables with only lower bounds:    11392
                variables with lower and upper bounds:    15128
                     variables with only upper bounds:        0
Total number of equality constraints.................:    29944
Total number of inequality constraints...............:       25
        inequality constraints with only lower bounds:        4
   inequality constraints with lower and upper bounds:        0
        inequality constraints with only upper bounds:       21

iter    objective    inf_pr   inf_du lg(mu)  ||d||  lg(rg) alpha_du alpha_pr  ls
   0 -1.1463918e+01 1.52e-01 1.01e+02  -6.0 0.00e+00    -  0.00e+00 0.00e+00   0
In iteration 0, 2 Slacks too small, adjusting variable bounds
   1 -1.1463918e+01 1.52e-01 7.13e+02  -6.0 1.34e+10    -  7.12e-14 6.49e-19h  1
   2 -1.1454009e+01 1.51e-01 7.11e+02  -6.0 5.47e+02    -  7.82e-03 3.32e-03h  1
   3 -1.1453702e+01 1.51e-01 7.11e+02  -6.0 5.00e+02    -  4.81e-03 1.07e-04h  1
   4 -1.1438023e+01 1.50e-01 7.06e+02  -6.0 4.84e+02    -  1.10e-02 6.55e-03h  2
   5 -1.1422044e+01 1.49e-01 7.02e+02  -6.0 4.97e+02    -  2.34e-02 5.91e-03h  3
   6 -1.1407469e+01 1.49e-01 6.98e+02  -6.0 4.89e+02    -  1.17e-02 5.70e-03h  4
   7 -1.1389716e+01 1.47e-01 6.95e+02  -6.0 4.84e+02    -  6.01e-02 7.00e-03h  4
   8 -1.1366121e+01 1.46e-01 6.88e+02  -6.0 4.80e+02    -  1.98e-02 9.32e-03h  4
   9 -1.1352629e+01 1.45e-01 6.86e+02  -6.0 4.74e+02    -  1.23e-01 5.33e-03h  5
iter    objective    inf_pr   inf_du lg(mu)  ||d||  lg(rg) alpha_du alpha_pr  ls
  10 -1.1335886e+01 1.44e-01 6.82e+02  -6.0 4.85e+02    -  4.37e-02 6.03e-03h  5
  11 -1.1316274e+01 1.43e-01 6.76e+02  -6.0 4.92e+02    -  1.52e-01 6.63e-03h  5
  12 -1.1286215e+01 1.42e-01 6.66e+02  -6.0 5.36e+02    -  1.56e-01 7.99e-03h  5
  13 -1.1251201e+01 1.41e-01 7.94e+02  -6.0 5.95e+02    -  2.71e-01 7.31e-03h  3
  14 -1.1184735e+01 1.40e-01 9.03e+02  -6.0 6.93e+02    -  3.14e-01 1.07e-02w  1
  15 -1.1119553e+01 1.38e-01 9.76e+02  -6.0 7.34e+02    -  3.52e-01 1.23e-02w  1
  16 -9.9198351e+00 2.14e+00 7.07e+03  -6.0 8.77e+02    -  2.14e-01 2.17e-01w  1
  17 -1.1217968e+01 1.41e-01 9.09e+02  -6.0 7.06e+02    -  3.14e-01 5.37e-03h  1
  18 -1.1196115e+01 1.40e-01 9.73e+02  -6.0 7.68e+02    -  3.13e-01 3.37e-03h  2
  19 -1.1178036e+01 1.40e-01 9.80e+02  -6.0 8.63e+02    -  2.46e-01 3.17e-03h  4
iter    objective    inf_pr   inf_du lg(mu)  ||d||  lg(rg) alpha_du alpha_pr  ls
  20 -1.1163718e+01 1.39e-01 9.41e+02  -6.0 9.51e+02    -  3.27e-01 2.55e-03h  6
  21 -1.1150158e+01 1.39e-01 8.65e+02  -6.0 1.05e+03    -  2.74e-01 2.53e-03h  7
  22 -1.1138377e+01 1.39e-01 8.34e+02  -6.0 1.12e+03    -  8.97e-02 2.37e-03h  7
  23 -1.1130585e+01 1.38e-01 7.40e+02  -6.0 1.16e+03    -  2.42e-01 1.89e-03h  7
  24 -1.1123652e+01 1.38e-01 7.36e+02  -6.0 1.20e+03    -  8.19e-03 1.85e-03h  7
  25 -1.1116728e+01 1.38e-01 6.25e+02  -6.0 1.20e+03    -  3.29e-01 1.84e-03h  7
  26 -1.1110309e+01 1.38e-01 6.21e+02  -6.0 1.25e+03    -  1.11e-02 1.90e-03h  7
  27 -1.1103872e+01 1.37e-01 5.24e+02  -6.0 1.25e+03    -  3.76e-01 1.90e-03h  7
  28 -1.0669413e+01 3.59e+00 1.52e+03  -6.0 1.28e+03    -  1.44e-02 1.42e-01w  1
  29 -1.0667112e+01 3.59e+00 3.14e+04  -6.0 1.51e+03    -  2.92e-01 4.19e-04w  1
iter    objective    inf_pr   inf_du lg(mu)  ||d||  lg(rg) alpha_du alpha_pr  ls
  30 -9.7605244e+00 1.60e+01 2.32e+04  -6.0 1.20e+03    -  1.72e-01 3.02e-01w  1
  31 -1.1100477e+01 1.37e-01 5.19e+02  -6.0 1.08e+03    -  1.44e-02 1.11e-03h  7
  32 -1.1097058e+01 1.37e-01 4.49e+02  -6.0 1.28e+03    -  2.58e-01 1.12e-03h  8
  33 -1.1094988e+01 1.37e-01 4.49e+02  -6.0 1.32e+03    -  1.62e-02 7.44e-04h  9
  34 -1.1092875e+01 1.37e-01 4.55e+02  -6.0 1.32e+03    -  3.64e-01 7.63e-04h  9
  35 -1.1092327e+01 1.37e-01 4.55e+02  -6.0 2.57e+03    -  1.01e-02 3.06e-04h 10
  36 -1.1091963e+01 1.37e-01 5.68e+02  -6.0 3.06e+03    -  9.68e-02 2.21e-04h 10
  37 -1.1075302e+01 1.36e-01 7.87e+02  -6.0 6.83e+02  -4.0 2.99e-01 2.09e-03h  5
  38 -1.1064108e+01 1.36e-01 8.29e+02  -6.0 8.40e+02  -4.5 2.91e-01 1.33e-03h  6
  39 -1.1061270e+01 1.36e-01 8.46e+02  -6.0 1.21e+03  -5.0 4.36e-02 4.87e-04h  9
iter    objective    inf_pr   inf_du lg(mu)  ||d||  lg(rg) alpha_du alpha_pr  ls
  40 -1.1058882e+01 1.36e-01 8.72e+02  -6.0 1.47e+03  -5.4 4.32e-01 6.18e-04h  9
  41 -1.0744478e+01 6.27e+00 1.33e+03  -6.0 2.65e+03  -5.9 1.20e-02 1.76e-01w  1
  42 -1.0744181e+01 6.27e+00 1.58e+06  -6.0 2.54e+03    -  4.82e-01 1.35e-04w  1
  43 -1.0601109e+01 1.04e+01 1.25e+06  -6.0 3.90e+03    -  1.51e-01 1.75e-01w  1
  44 -1.1058575e+01 1.36e-01 9.10e+02  -6.0 1.11e+05    -  1.20e-02 1.72e-04h 10
  45 -1.1057188e+01 1.36e-01 1.17e+03  -6.0 1.50e+03  -5.5 3.59e-01 4.52e-04h 10
  46 -1.1057137e+01 1.36e-01 1.23e+03  -6.0 4.61e+03  -6.0 7.33e-03 8.47e-05h 11
  47 -1.1055191e+01 1.36e-01 2.11e+03  -6.0 1.55e+03  -5.5 5.70e-01 6.86e-04h 10
  48 -1.1047231e+01 1.36e-01 2.79e+03  -6.0 1.10e+03  -5.1 5.55e-01 1.56e-03h  6
  49 -1.1045721e+01 1.36e-01 2.88e+03  -6.0 1.75e+03  -5.6 1.73e-02 5.69e-04h 10
iter    objective    inf_pr   inf_du lg(mu)  ||d||  lg(rg) alpha_du alpha_pr  ls
  50 -1.1045852e+01 1.36e-01 3.51e+03  -6.0 9.00e+04  -6.1 2.23e-03 4.52e-06h 11
  51 -1.1044562e+01 1.36e-01 9.00e+03  -6.0 1.91e+03  -5.6 6.10e-01 5.21e-04h 10
  52 -1.1034729e+01 1.35e-01 1.03e+04  -6.0 9.38e+02  -5.2 3.51e-01 1.65e-03h  4
  53 -1.1033325e+01 1.35e-01 1.07e+04  -6.0 2.01e+03  -5.7 1.26e-02 5.15e-04h 10
  54 -1.0718393e+01 2.91e-01 1.21e+04  -6.0 1.14e+03  -5.3 3.64e-01 6.68e-02w  1
  55 -1.0487775e+01 2.84e+00 7.61e+03  -6.0 5.88e+03  -5.7 2.43e-06 4.30e-02w  1
  56 -1.0264397e+01 5.49e+00 6.81e+03  -6.0 1.85e+03  -6.2 1.73e-01 1.28e-01w  1
  57 -1.1028404e+01 1.35e-01 1.33e+04  -6.0 9.18e+02  -5.8 3.64e-01 1.04e-03h  6
  58 -1.1023959e+01 1.35e-01 1.44e+04  -6.0 1.28e+03  -5.4 8.41e-02 1.09e-03h  9
  59 -1.1023671e+01 1.35e-01 1.85e+04  -6.0 4.09e+03  -5.8 4.97e-02 1.33e-04h 11
iter    objective    inf_pr   inf_du lg(mu)  ||d||  lg(rg) alpha_du alpha_pr  ls
  60 -1.1019108e+01 1.35e-01 3.05e+04  -6.0 1.28e+03  -5.4 6.86e-01 1.09e-03h  9
  61 -1.1018961e+01 1.35e-01 3.19e+04  -6.0 4.24e+03  -5.9 8.47e-03 2.99e-05h 12
  62 -1.1015944e+01 1.35e-01 4.85e+04  -6.0 1.31e+03  -5.5 4.37e-01 6.84e-04h 10
  63 -1.1015664e+01 1.35e-01 5.08e+04  -6.0 4.12e+03  -5.9 1.09e-02 5.84e-05h 12
  64 -1.1011999e+01 1.35e-01 1.04e+05  -6.0 1.30e+03  -5.5 8.76e-01 8.08e-04h 10
  65 -1.1010824e+01 1.35e-01 1.11e+05  -6.0 2.99e+03  -6.0 2.87e-02 1.95e-04h 11
  66 -1.1006619e+01 1.34e-01 1.72e+05  -6.0 1.23e+03  -5.6 5.74e-01 8.26e-04h 10
  67 -9.3709921e+00 1.57e+01 1.14e+05  -6.0 3.36e+03  -6.0 8.36e-02 2.29e-01w  1
  68 -8.6572311e+00 1.49e+01 9.23e+04  -6.0 6.05e+03  -6.5 7.27e-02 1.64e-01w  1
  69 -8.6308580e+00 1.46e+01 9.08e+04  -6.0 1.00e+03  -6.1 5.93e-02 1.77e-02w  1
iter    objective    inf_pr   inf_du lg(mu)  ||d||  lg(rg) alpha_du alpha_pr  ls
  70 -1.1005821e+01 1.34e-01 1.98e+05  -6.0 2.03e+03  -6.6 8.36e-02 1.12e-04h 11
  71 -1.0998679e+01 1.34e-01 3.36e+05  -6.0 1.01e+03  -5.2 9.47e-01 1.29e-03h  7
  72 -1.0995613e+01 1.34e-01 3.78e+05  -6.0 1.61e+03  -5.7 1.46e-01 5.38e-04h 10
  73 -1.0987861e+01 1.34e-01 4.03e+05  -6.0 1.15e+03  -5.3 7.98e-02 1.45e-03h  9
  74 -1.0984119e+01 1.34e-01 4.94e+05  -6.0 1.75e+03  -5.8 2.79e-01 4.89e-04h 10
  75 -1.0975494e+01 1.34e-01 8.80e+05  -6.0 1.12e+03  -5.3 1.00e+00 1.51e-03h  9
  76 -1.0969503e+01 1.34e-01 9.36e+05  -6.0 2.49e+03  -5.8 1.61e-01 8.96e-04h  8
  77 -1.0961837e+01 1.33e-01 1.11e+06  -6.0 1.16e+03  -5.4 2.70e-01 1.30e-03h  9
  78 -1.0958192e+01 1.33e-01 1.16e+06  -6.0 2.96e+03  -5.9 2.09e-01 5.06e-04h  8
  79 -1.0950382e+01 1.33e-01 1.17e+06  -6.0 1.27e+03  -5.4 4.29e-03 1.25e-03h  8
iter    objective    inf_pr   inf_du lg(mu)  ||d||  lg(rg) alpha_du alpha_pr  ls
  80 -1.0599360e+01 5.54e-01 1.18e+06  -6.0 3.38e+03  -5.9 6.14e-01 4.68e-02w  1
  81 -1.0493163e+01 5.60e-01 1.82e+06  -6.0 6.55e+02  -4.6 4.24e-01 2.08e-02w  1
  82 -9.8184755e+00 7.64e-01 3.00e+06  -6.0 6.48e+02  -4.2 5.82e-01 1.11e-01w  1
  83 -1.0947640e+01 1.33e-01 1.24e+06  -6.0 5.53e+02  -3.7 6.14e-01 3.66e-04h  7
  84 -1.0928881e+01 1.33e-01 1.32e+06  -6.0 6.63e+02  -4.2 3.79e-02 3.03e-03h  1
  85 -1.0914460e+01 1.32e-01 2.38e+06  -6.0 8.46e+02  -4.7 6.40e-01 2.42e-03h  8
  86 -1.0910326e+01 1.32e-01 2.57e+06  -6.0 1.23e+03  -5.2 1.78e-01 7.46e-04h  8
  87 -1.0904868e+01 1.32e-01 2.59e+06  -6.0 2.36e+03  -5.7 1.99e-01 7.96e-04h  7
  88 -1.0804242e+01 3.37e-01 2.57e+06  -6.0 1.26e+04  -6.1 7.08e-03 7.08e-03s 15
  89 -1.0802947e+01 3.37e-01 2.57e+06  -6.0 6.77e+02  -3.9 1.85e-04 1.85e-04s 15
iter    objective    inf_pr   inf_du lg(mu)  ||d||  lg(rg) alpha_du alpha_pr  ls
  90r-1.0802947e+01 3.37e-01 1.00e+03  -0.5 0.00e+00  -4.4 0.00e+00 0.00e+00R  1
  91r-1.0873091e+01 3.37e-01 1.00e+03  -0.5 3.11e+07    -  5.69e-10 7.07e-09f  1
  92r-1.0860572e+01 3.34e-01 1.00e+03  -0.5 1.30e+04    -  2.45e-05 8.71e-06f  1
  93r-1.0818169e+01 3.10e-01 1.95e+03  -0.5 1.26e+04    -  2.66e-05 7.95e-05f  1
  94r-1.0792570e+01 2.80e-01 2.25e+03  -0.5 1.18e+04    -  2.11e-04 1.08e-04f  1
  95r-1.0773059e+01 1.77e-01 4.20e+03  -0.5 9.26e+03    -  9.55e-04 5.15e-04f  1
  96r-1.0808447e+01 1.61e-01 1.18e+03  -0.5 3.69e+03    -  8.05e-04 1.86e-03f  1
  97r-1.0864578e+01 2.47e-01 5.74e+03  -0.5 1.86e+01   0.0 5.40e-03 3.12e-03f  1
  98r-1.0727733e+01 3.73e-01 1.80e+03  -0.5 6.64e+00   0.4 4.02e-03 7.64e-03f  1
  99r-8.5972796e+00 4.48e-01 9.96e+02  -0.5 4.56e+02    -  3.88e-03 6.08e-03f  1
iter    objective    inf_pr   inf_du lg(mu)  ||d||  lg(rg) alpha_du alpha_pr  ls
 100r-6.6920637e+00 6.30e-01 4.86e+03  -0.5 7.06e+00   0.9 2.59e-02 1.71e-02f  1
 101r-6.3314052e+00 6.69e-01 5.73e+03  -0.5 2.53e+00   1.3 1.09e-02 5.33e-03f  1
 102r-5.8784958e+00 7.99e-01 1.63e+04  -0.5 1.12e+00   1.7 6.84e-02 1.88e-02f  1
 103r-4.8002086e+00 1.48e+00 1.05e+04  -0.5 1.39e+00   1.2 9.50e-02 1.25e-01f  1
 104r-3.8454360e+00 1.91e+00 1.14e+04  -0.5 1.81e+00   0.7 1.59e-01 1.17e-01f  1
 105r-3.8449427e+00 1.96e+00 1.15e+04  -0.5 4.33e+02   0.3 8.09e-05 1.87e-05f  2
 106r-3.2836057e+00 6.55e+00 1.38e+04  -0.5 4.82e-01   1.6 3.02e-01 1.79e-01f  1
 107r-3.0261201e-01 3.99e+00 2.73e+04  -0.5 6.84e-01   1.1 5.03e-01 6.22e-01f  1
 108r-3.8815764e-01 4.36e+00 7.81e+04  -0.5 3.76e-02   4.3 5.95e-01 4.68e-01f  1
 109r-2.2455735e-01 4.77e+00 4.18e+03  -0.5 7.87e-03   3.8 1.00e+00 1.00e+00f  1
iter    objective    inf_pr   inf_du lg(mu)  ||d||  lg(rg) alpha_du alpha_pr  ls
 110r 1.0289171e+00 4.77e+00 3.02e+02  -0.5 3.06e-02   3.3 1.00e+00 1.00e+00f  1
 111r 1.9121068e+00 3.28e+00 4.34e+03  -1.2 5.87e-02   2.8 5.61e-01 3.77e-01f  1
 112r 2.1328227e+00 2.49e+00 4.40e+03  -1.2 6.96e-02   2.4 4.19e-01 3.25e-01f  1
 113r 2.2503118e+00 2.09e+00 6.12e+03  -1.2 1.47e-01   1.9 5.08e-01 2.44e-01f  1
 114r 2.6031433e+00 1.09e+00 3.08e+03  -1.2 4.40e-02   2.3 1.00e+00 8.01e-01f  1
 115r 2.9444968e+00 9.26e-01 5.89e+03  -1.2 9.14e-02   1.8 1.00e+00 6.57e-01f  1
 116r 3.0440973e+00 1.33e+00 5.21e+03  -1.2 2.13e-01   1.3 1.49e-01 1.32e-01f  1
 117r 3.2388210e+00 8.64e-01 3.78e+03  -1.2 8.90e-02   1.8 1.00e+00 5.80e-01f  1
 118r 3.3860391e+00 9.22e+00 3.34e+03  -1.2 2.13e-01   1.3 1.79e-01 2.12e-01f  1
 119r 3.8978011e+00 6.74e+00 4.49e+03  -1.2 4.17e-01   0.8 5.98e-01 3.30e-01f  1
iter    objective    inf_pr   inf_du lg(mu)  ||d||  lg(rg) alpha_du alpha_pr  ls
 120r 5.8658195e+00 1.95e+00 2.92e+03  -1.2 8.15e-01   0.3 6.72e-01 6.62e-01f  1
 121r 5.8603663e+00 4.78e+00 4.64e+02  -1.2 6.90e-02   2.6 7.60e-01 7.33e-01f  1
 122r 5.9203173e+00 1.52e+00 9.54e+02  -1.2 3.25e-02   2.1 6.76e-01 1.00e+00f  1
 123r 6.0331036e+00 8.29e-01 3.92e+03  -1.2 6.73e-02   1.6 1.00e+00 5.51e-01f  1
 124r 6.5961984e+00 7.32e-01 7.65e+03  -1.2 1.83e-01   1.1 1.00e+00 1.00e+00f  1
 125r 7.9308294e+00 6.90e-01 5.48e+03  -1.2 4.25e-01   0.7 1.00e+00 1.00e+00f  1
 126r 8.7984797e+00 1.01e+00 9.70e+03  -1.2 8.42e-01   0.2 8.47e-01 3.44e-01f  1
 127r 1.3097243e+01 1.51e+00 1.07e+04  -1.2 1.62e+00  -0.3 1.00e+00 1.00e+00f  1
 128r 1.3313366e+01 1.36e+00 8.83e+03  -1.2 6.44e-01   0.1 7.30e-01 1.65e-01f  1
 129r 1.3604239e+01 1.26e+00 1.24e+04  -1.2 1.75e+02    -  6.00e-01 6.45e-02f  1
iter    objective    inf_pr   inf_du lg(mu)  ||d||  lg(rg) alpha_du alpha_pr  ls
 130r 1.4568475e+01 9.36e-01 2.86e+04  -1.2 1.81e+02    -  9.91e-01 2.18e-01f  1
 131r 1.4813667e+01 1.76e+00 2.84e+04  -1.2 1.11e+02    -  8.75e-02 6.99e-02f  1
 132r 1.8087525e+01 1.28e+00 4.96e+04  -1.2 1.02e+02    -  7.89e-01 1.00e+00f  1
 133r 1.8065097e+01 1.20e+00 7.46e+03  -1.2 4.50e+01    -  1.00e+00 7.19e-01h  1
 134r 1.8055997e+01 3.46e-01 9.91e+02  -1.2 4.02e+00    -  1.00e+00 1.00e+00f  1
 135r 1.8055974e+01 3.46e-01 1.60e+02  -1.2 3.49e-01    -  1.00e+00 1.00e+00h  1
 136r 1.8055980e+01 3.46e-01 2.34e-02  -1.2 1.04e-02    -  1.00e+00 1.00e+00h  1
 137r 1.5109752e+01 3.65e-01 4.89e+03  -4.1 1.32e+02    -  4.32e-01 3.94e-01f  1
 138r 1.5448602e+01 3.43e-01 2.88e+03  -4.1 6.90e-01  -0.3 1.92e-01 2.31e-01f  1
 139r 1.5458713e+01 3.32e-01 3.01e+03  -4.1 9.07e-01   1.0 4.11e-02 3.16e-02f  1
iter    objective    inf_pr   inf_du lg(mu)  ||d||  lg(rg) alpha_du alpha_pr  ls
 140r 1.5467278e+01 2.61e-01 2.17e+03  -4.1 5.03e-02   1.4 2.18e-01 2.27e-01f  1
 141r 1.5468045e+01 2.08e-01 1.82e+03  -4.1 1.07e-01   0.9 3.24e-01 3.10e-01f  1
 142r 1.5454238e+01 2.34e-01 3.16e+03  -4.1 2.03e-01   0.5 3.02e-01 3.94e-01f  1
 143r 1.5414798e+01 2.91e-01 2.35e+03  -4.1 5.27e-01  -0.0 1.94e-01 1.86e-01f  1
 144r 1.5373190e+01 2.97e-01 7.42e+02  -4.1 2.07e-01   0.4 3.23e-01 2.83e-01f  1
 145r 1.5348195e+01 2.41e-01 2.12e+03  -4.1 8.82e-02   0.8 1.79e-01 2.73e-01f  1
 146  1.5347579e+01 2.41e-01 4.42e+02  -6.0 6.39e+02    -  1.96e-02 5.30e-05h  1
 147  1.5329185e+01 2.41e-01 1.35e+04  -6.0 6.48e+02    -  3.00e-02 1.57e-03h  1
 148  1.5210947e+01 2.43e-01 3.63e+04  -6.0 6.57e+02    -  5.46e-02 1.00e-02f  1
 149  1.5204547e+01 2.43e-01 3.88e+04  -6.0 3.08e+03    -  6.15e-03 6.03e-04h  1
iter    objective    inf_pr   inf_du lg(mu)  ||d||  lg(rg) alpha_du alpha_pr  ls
 150  1.5194757e+01 2.43e-01 4.22e+04  -6.0 3.09e+03    -  8.57e-03 9.21e-04h  3
 151  1.5186608e+01 2.43e-01 5.19e+04  -6.0 3.11e+03    -  2.28e-02 7.65e-04h  5
 152  1.5182629e+01 2.43e-01 5.90e+04  -6.0 3.15e+03    -  1.68e-02 3.71e-04h  1
 153  1.5174480e+01 2.43e-01 7.71e+04  -6.0 3.20e+03    -  4.25e-02 7.55e-04h  6
 154  1.5165823e+01 2.43e-01 9.61e+04  -6.0 3.33e+03    -  4.60e-02 7.89e-04h  6
 155  1.5156017e+01 2.42e-01 1.27e+05  -6.0 3.54e+03    -  7.54e-02 8.76e-04h  7
 156  1.5152175e+01 2.42e-01 1.45e+05  -6.0 3.91e+03    -  4.47e-02 3.33e-04h  8
 157  1.5146459e+01 2.42e-01 1.78e+05  -6.0 4.15e+03    -  8.21e-02 4.86e-04h  8
 158  1.3809634e+01 5.12e+00 1.65e+05  -6.0 4.55e+03    -  8.84e-02 1.11e-01f  1
 159  1.3450155e+01 5.66e+00 1.61e+05  -6.0 5.89e+03    -  8.37e-02 3.11e-02h  1
iter    objective    inf_pr   inf_du lg(mu)  ||d||  lg(rg) alpha_du alpha_pr  ls
 160  1.3299095e+01 5.80e+00 1.53e+05  -6.0 7.55e+03    -  1.13e-01 1.32e-02h  1
 161  1.2806917e+01 7.88e+00 1.46e+05  -6.0 7.78e+03    -  1.36e-01 4.27e-02h  1
 162  1.2806552e+01 7.88e+00 1.45e+05  -6.0 1.17e+04    -  4.37e-03 3.24e-05h  1
 163  1.2703738e+01 7.88e+00 2.92e+05  -6.0 1.20e+04    -  2.52e-02 9.14e-03h  1
 164  1.2691546e+01 7.88e+00 6.53e+05  -6.0 1.30e+04    -  2.35e-02 1.09e-03h  1
 165  1.2303412e+01 8.70e+00 4.58e+05  -6.0 1.37e+04    -  2.31e-02 3.44e-02h  1
 166  1.2290038e+01 8.69e+00 1.16e+06  -6.0 1.15e+04    -  3.40e-02 1.22e-03h  1
 167  1.2271561e+01 8.67e+00 1.81e+06  -6.0 1.80e+04    -  2.47e-02 1.66e-03h  1
 168  1.2197423e+01 8.65e+00 1.95e+06  -6.0 1.82e+04    -  1.33e-02 6.53e-03h  1
 169  1.2176668e+01 8.64e+00 2.05e+06  -6.0 1.89e+04    -  1.58e-02 1.83e-03h  1
iter    objective    inf_pr   inf_du lg(mu)  ||d||  lg(rg) alpha_du alpha_pr  ls
 170  1.2152349e+01 8.62e+00 1.85e+06  -6.0 2.69e+04    -  2.79e-02 2.44e-03h  1
 171  1.2082371e+01 8.57e+00 2.11e+06  -6.0 3.16e+04    -  1.96e-08 7.52e-03f  1
 172  1.2071296e+01 8.57e+00 1.75e+06  -6.0 1.74e+04    -  2.62e-03 1.02e-03h  1
 173  1.2066771e+01 8.56e+00 1.61e+06  -6.0 1.67e+04    -  9.94e-04 4.18e-04h  1
 174  1.1991269e+01 8.76e+00 1.85e+06  -6.0 1.65e+04    -  5.90e-03 6.97e-03h  1
 175  1.1985186e+01 8.75e+00 1.35e+06  -6.0 1.62e+04    -  2.70e-03 5.63e-04h  1
 176  1.1894723e+01 9.01e+00 2.78e+06  -6.0 1.68e+04    -  3.62e-09 8.38e-03f  1
 177  1.1846413e+01 9.00e+00 2.77e+06  -6.0 2.38e+04    -  2.47e-02 4.51e-03h  1
 178  1.1796062e+01 9.00e+00 2.76e+06  -6.0 2.49e+04    -  7.09e-03 4.72e-03h  1
 179  1.1696971e+01 9.04e+00 2.73e+06  -6.0 2.84e+04    -  9.90e-03 9.31e-03h  1
iter    objective    inf_pr   inf_du lg(mu)  ||d||  lg(rg) alpha_du alpha_pr  ls
 180  1.1670747e+01 9.03e+00 2.73e+06  -6.0 5.93e+03  -3.0 2.92e-03 2.47e-03h  1
 181r 1.1670747e+01 9.03e+00 1.00e+03   0.8 0.00e+00  -2.6 0.00e+00 8.36e-10R  2
 182r 1.1669946e+01 9.03e+00 1.00e+03   0.8 7.47e+06    -  4.06e-08 1.73e-08f  1
 183  1.1669919e+01 9.03e+00 1.13e+02  -6.0 4.29e+03    -  3.03e-04 3.11e-06h  1
 184  1.1669830e+01 9.03e+00 1.12e+03  -6.0 4.57e+03    -  2.21e-04 9.92e-06h  1
 185  1.1669771e+01 9.02e+00 6.57e+03  -6.0 1.61e+04    -  9.35e-05 6.36e-06h  1
 186  1.1668590e+01 9.02e+00 2.39e+05  -6.0 1.65e+04    -  3.73e-03 1.28e-04f  1
 187  1.1645213e+01 9.01e+00 7.44e+04  -6.0 1.81e+04    -  2.21e-04 2.53e-03h  1
 188  1.1611886e+01 9.00e+00 7.47e+05  -6.0 1.76e+04    -  1.31e-02 3.59e-03h  1
 189  1.1521616e+01 9.08e+00 4.99e+05  -6.0 1.71e+04    -  6.20e-03 9.70e-03h  1
iter    objective    inf_pr   inf_du lg(mu)  ||d||  lg(rg) alpha_du alpha_pr  ls
 190  1.1458341e+01 9.09e+00 1.26e+06  -6.0 1.48e+04    -  1.93e-02 6.71e-03h  1
 191  1.1427048e+01 9.06e+00 1.23e+06  -6.0 2.39e+04    -  2.70e-03 3.34e-03h  1
 192r 1.1427048e+01 9.06e+00 1.00e+03   0.8 0.00e+00    -  0.00e+00 9.80e-09R  2
 193r 1.1426352e+01 9.06e+00 1.00e+03   0.8 1.46e+07    -  2.34e-08 2.46e-08f  1
 194r 1.1426352e+01 9.06e+00 9.99e+02   0.8 0.00e+00    -  0.00e+00 7.88e-08R  2
 195r 1.1426323e+01 9.06e+00 4.12e+04   0.8 1.22e+04    -  5.69e-06 2.78e-08f  1
 196  1.1426257e+01 9.06e+00 3.42e+05  -6.0 1.97e+03    -  5.17e-03 7.50e-06h  1
 197  1.1425413e+01 9.06e+00 3.73e+06  -6.0 3.82e+03    -  8.83e-06 9.61e-05h  1
 198  1.1425373e+01 9.06e+00 3.73e+06  -6.0 5.39e+03    -  1.77e-03 4.39e-06h  1
 199  1.1423503e+01 9.06e+00 3.73e+06  -6.0 5.77e+03    -  1.16e-04 2.08e-04f  1
iter    objective    inf_pr   inf_du lg(mu)  ||d||  lg(rg) alpha_du alpha_pr  ls
 200  1.1423475e+01 9.06e+00 3.73e+06  -6.0 8.22e+03    -  5.19e-03 3.06e-06h  1
 201  1.1422464e+01 9.06e+00 3.73e+06  -6.0 1.09e+04    -  3.41e-04 1.10e-04h  1
 202  1.1421456e+01 9.06e+00 3.73e+06  -6.0 1.57e+04    -  3.49e-03 1.07e-04h  1
 203  1.1417489e+01 9.06e+00 3.73e+06  -6.0 1.58e+04    -  6.13e-04 4.23e-04h  1
 204  1.1405445e+01 9.05e+00 3.72e+06  -6.0 1.58e+04    -  6.96e-03 1.28e-03h  1
 205  1.1335106e+01 9.07e+00 3.70e+06  -6.0 1.59e+04    -  2.60e-03 7.48e-03h  1
 206  1.1329144e+01 9.07e+00 3.70e+06  -6.0 1.42e+04    -  1.48e-02 6.07e-04h  1
 207  1.1283667e+01 9.06e+00 3.68e+06  -6.0 1.60e+04    -  2.43e-02 4.71e-03h  1
 208  1.1282865e+01 9.06e+00 3.89e+06  -6.0 1.70e+04    -  2.99e-02 8.23e-05h  1
 209  1.0964809e+01 1.08e+01 3.92e+06  -6.0 1.81e+04    -  3.63e-02 3.38e-02h  1
iter    objective    inf_pr   inf_du lg(mu)  ||d||  lg(rg) alpha_du alpha_pr  ls
 210  1.0868890e+01 1.07e+01 3.82e+06  -6.0 2.46e+03  -3.1 3.19e-03 6.37e-03h  1
 211  1.0815815e+01 1.07e+01 3.52e+06  -6.0 4.65e+03  -3.6 7.59e-03 3.04e-03h  1
 212  1.0812748e+01 1.07e+01 3.52e+06  -6.0 1.74e+05    -  3.71e-04 3.31e-04h  1
 213  1.0809564e+01 1.07e+01 3.52e+06  -6.0 9.80e+03  -3.1 1.35e-08 3.23e-04h  1
 214  1.0805381e+01 1.07e+01 4.26e+06  -6.0 8.20e+03  -2.7 1.53e-03 3.82e-04h  1
 215  1.0791707e+01 1.07e+01 3.51e+06  -6.0 1.59e+04  -3.2 4.45e-09 1.40e-03f  1
 216  1.0791687e+01 1.07e+01 4.24e+06  -6.0 1.79e+04    -  9.48e-03 2.31e-06h  1
 217  1.0791317e+01 1.07e+01 7.75e+06  -6.0 1.81e+04    -  4.15e-02 4.14e-05h  1
 218  1.0399993e+01 1.90e+01 6.81e+06  -6.0 1.94e+04    -  1.20e-02 4.38e-02h  1
 219  1.0376914e+01 1.90e+01 6.74e+06  -6.0 4.33e+03  -2.8 1.09e-03 1.30e-03h  1
iter    objective    inf_pr   inf_du lg(mu)  ||d||  lg(rg) alpha_du alpha_pr  ls
 220  1.0359034e+01 1.90e+01 9.13e+06  -6.0 2.78e+04  -3.3 9.24e-03 2.18e-03h  1
 221  1.0355402e+01 1.90e+01 1.09e+07  -6.0 2.90e+04  -3.7 9.69e-03 4.41e-04h  1
 222  1.0353047e+01 1.90e+01 1.19e+07  -6.0 3.46e+04    -  9.23e-03 2.83e-04h  1
 223  1.0309642e+01 1.93e+01 1.50e+07  -6.0 3.41e+04    -  3.03e-02 5.22e-03h  1
 224  1.0307720e+01 1.93e+01 1.50e+07  -6.0 2.80e+04    -  3.30e-03 2.31e-04h  1
 225  1.0159275e+01 2.16e+01 1.54e+07  -6.0 2.68e+04    -  7.65e-03 1.78e-02h  1
 226  1.0133029e+01 2.15e+01 1.74e+07  -6.0 6.51e+04  -4.2 4.32e-03 3.23e-03h  1
 227r 1.0133029e+01 2.15e+01 1.00e+03   1.1 0.00e+00    -  0.00e+00 1.02e-09R  2
 228r 1.0130803e+01 2.15e+01 1.00e+03   1.1 1.86e+07    -  3.08e-11 2.43e-09f  1
 229r 1.0130803e+01 2.15e+01 9.99e+02   1.1 0.00e+00    -  0.00e+00 3.34e-08R  2
iter    objective    inf_pr   inf_du lg(mu)  ||d||  lg(rg) alpha_du alpha_pr  ls
 230r 1.0130783e+01 2.15e+01 4.57e+04   1.1 2.42e+04    -  1.99e-07 2.50e-09f  1
 231  1.0130774e+01 2.15e+01 3.74e+02  -6.0 2.42e+03    -  1.09e-05 1.07e-06h  2
 232  1.0130700e+01 2.15e+01 1.23e+03  -6.0 3.23e+03    -  3.11e-06 9.52e-06h  1
 233  1.0130569e+01 2.15e+01 1.21e+03  -6.0 3.36e+03    -  1.26e-05 1.70e-05h  1
 234  1.0130467e+01 2.15e+01 1.20e+03  -6.0 3.08e+03    -  5.87e-05 1.31e-05h  1
 235  1.0130414e+01 2.15e+01 1.20e+03  -6.0 5.87e+03    -  1.50e-05 6.64e-06h  1
 236  1.0130351e+01 2.15e+01 1.21e+03  -6.0 8.03e+03    -  3.41e-05 7.83e-06h  1
 237  1.0130339e+01 2.15e+01 1.21e+03  -6.0 8.82e+03    -  1.11e-06 1.54e-06h  1
 238  1.0130231e+01 2.15e+01 6.87e+03  -6.0 1.55e+04    -  1.07e-04 1.34e-05h  1
 239  1.0130185e+01 2.15e+01 3.41e+04  -6.0 2.23e+04    -  2.48e-04 5.68e-06h  1
iter    objective    inf_pr   inf_du lg(mu)  ||d||  lg(rg) alpha_du alpha_pr  ls
 240  1.0130146e+01 2.15e+01 7.43e+05  -6.0 2.37e+04    -  5.65e-03 4.75e-06h  1
 241  1.0129878e+01 2.15e+01 7.69e+05  -6.0 2.34e+04    -  1.62e-04 3.24e-05h  1
 242  1.0127803e+01 2.15e+01 7.28e+05  -6.0 2.39e+04    -  6.49e-05 2.55e-04h  1
 243  1.0127298e+01 2.15e+01 8.64e+05  -6.0 2.40e+04    -  6.82e-04 6.60e-05h  1
 244  1.0122837e+01 2.15e+01 8.47e+05  -6.0 2.31e+04    -  5.11e-04 5.83e-04h  1
 245  1.0104268e+01 2.15e+01 1.50e+06  -6.0 2.16e+04    -  4.87e-03 2.41e-03h  1
 246  1.0089273e+01 2.15e+01 1.19e+06  -6.0 2.83e+04    -  1.41e-03 1.98e-03h  1
 247  1.0080202e+01 2.14e+01 1.38e+06  -6.0 3.34e+04    -  1.53e-03 1.22e-03h  1
 248r 1.0080202e+01 2.14e+01 1.00e+03   1.1 0.00e+00    -  0.00e+00 3.43e-08R  2
 249r 1.0080114e+01 2.14e+01 8.04e+04   1.1 2.28e+04    -  9.18e-07 9.43e-09f  1
iter    objective    inf_pr   inf_du lg(mu)  ||d||  lg(rg) alpha_du alpha_pr  ls
 250r 1.0080114e+01 2.14e+01 9.99e+02   1.1 0.00e+00    -  0.00e+00 8.05e-08R  2
 251r 1.0080099e+01 2.14e+01 5.53e+04   1.1 2.33e+04    -  7.88e-07 1.78e-09f  1
 252  1.0080094e+01 2.14e+01 1.69e+02  -6.0 4.25e+03    -  4.34e-06 7.48e-07h  2
 253  1.0080058e+01 2.14e+01 1.57e+02  -6.0 4.89e+03    -  4.87e-06 4.59e-06h  1
 254  1.0079970e+01 2.14e+01 1.01e+02  -6.0 5.21e+03    -  6.64e-06 1.13e-05h  1
 255  1.0079940e+01 2.14e+01 1.13e+02  -6.0 3.71e+03    -  3.92e-05 3.93e-06h  1
 256  1.0079883e+01 2.14e+01 1.15e+02  -6.0 5.02e+03    -  3.77e-06 7.46e-06h  1
 257  1.0079832e+01 2.14e+01 6.68e+02  -6.0 5.42e+03    -  7.93e-05 6.75e-06h  1
 258r 1.0079832e+01 2.14e+01 9.99e+02   1.1 0.00e+00    -  0.00e+00 6.85e-08R  2
 259r 1.0079830e+01 2.14e+01 9.99e+02   1.1 6.51e+06    -  5.74e-09 8.22e-11f  1
iter    objective    inf_pr   inf_du lg(mu)  ||d||  lg(rg) alpha_du alpha_pr  ls
 260r 1.0079830e+01 2.14e+01 9.99e+02   1.1 0.00e+00    -  0.00e+00 1.33e-08R  2
 261r 1.0079814e+01 2.14e+01 5.53e+04   1.1 2.32e+04    -  8.73e-07 1.78e-09f  1
 262  1.0079808e+01 2.14e+01 1.01e+03  -6.0 3.44e+03    -  2.22e-05 8.02e-07h  2
 263  1.0079678e+01 2.14e+01 5.49e+03  -6.0 3.40e+03    -  3.17e-06 1.67e-05h  1
 264  1.0079598e+01 2.14e+01 5.54e+03  -6.0 5.15e+03    -  2.00e-05 1.04e-05h  1
 265  1.0079552e+01 2.14e+01 5.53e+03  -6.0 5.40e+03    -  1.65e-04 6.11e-06h  1
 266  1.0079481e+01 2.14e+01 5.53e+03  -6.0 1.83e+04    -  2.56e-05 9.20e-06h  1
 267  1.0079450e+01 2.14e+01 7.65e+04  -6.0 9.26e+03    -  4.16e-04 4.11e-06h  1
 268  1.0079443e+01 2.14e+01 9.52e+04  -6.0 2.18e+04    -  6.19e-05 8.80e-07h  2
 269  1.0079437e+01 2.14e+01 4.78e+05  -6.0 1.93e+04    -  1.08e-03 6.95e-07h  2
iter    objective    inf_pr   inf_du lg(mu)  ||d||  lg(rg) alpha_du alpha_pr  ls
 270  1.0079235e+01 2.14e+01 5.11e+05  -6.0 2.66e+04    -  9.19e-05 2.67e-05h  1
 271  1.0079186e+01 2.14e+01 2.58e+06  -6.0 2.19e+04    -  3.33e-03 6.61e-06h  1
 272  1.0078223e+01 2.14e+01 2.55e+06  -6.0 2.63e+04    -  8.63e-05 1.31e-04h  1
 273  1.0078016e+01 2.14e+01 4.47e+06  -6.0 2.66e+04    -  2.57e-03 2.83e-05h  1
 274  1.0075574e+01 2.14e+01 4.41e+06  -6.0 3.33e+04    -  2.66e-04 3.38e-04h  1
 275  1.0066179e+01 2.14e+01 8.05e+06  -6.0 3.32e+04    -  5.36e-03 1.31e-03f  1
 276  1.0055362e+01 2.14e+01 8.58e+06  -6.0 3.93e+04    -  2.12e-03 1.53e-03h  1
 277  1.0053749e+01 2.14e+01 3.97e+07  -6.0 6.43e+04    -  1.85e-02 2.45e-04h  1
 278  9.9821809e+00 2.11e+01 2.42e+07  -6.0 6.59e+04    -  4.49e-03 1.35e-02h  1
 279  9.9419730e+00 2.09e+01 2.34e+07  -6.0 9.02e+04    -  9.34e-04 6.59e-03h  1
iter    objective    inf_pr   inf_du lg(mu)  ||d||  lg(rg) alpha_du alpha_pr  ls
 280r 9.9419730e+00 2.09e+01 1.00e+03   1.1 0.00e+00    -  0.00e+00 3.96e-07R  4
 281r 9.9418846e+00 2.09e+01 5.46e+04   1.1 1.73e+06    -  1.06e-06 9.89e-09f  1
 282r 9.9418846e+00 2.09e+01 9.99e+02   1.1 0.00e+00    -  0.00e+00 3.73e-08R  2
 283r 9.9418647e+00 2.09e+01 5.48e+04   1.1 2.96e+05    -  1.21e-07 1.82e-09f  1
 284  9.9418568e+00 2.09e+01 2.67e+02  -6.0 3.66e+03    -  6.70e-06 1.04e-06h  2
 285  9.9418011e+00 2.09e+01 4.66e+02  -6.0 4.13e+03    -  4.52e-06 7.36e-06h  1
 286  9.9417952e+00 2.09e+01 7.05e+02  -6.0 4.15e+03    -  2.62e-05 7.77e-07h  2
 287  9.9417703e+00 2.09e+01 5.00e+02  -6.0 4.85e+03    -  1.87e-05 3.13e-06h  1
 288  9.9417255e+00 2.09e+01 5.28e+02  -6.0 6.26e+03    -  9.75e-06 5.58e-06h  1
 289  9.9417019e+00 2.09e+01 5.25e+02  -6.0 1.35e+04    -  1.04e-06 3.40e-06h  1
iter    objective    inf_pr   inf_du lg(mu)  ||d||  lg(rg) alpha_du alpha_pr  ls
 290  9.9416725e+00 2.09e+01 1.16e+03  -6.0 5.42e+03    -  3.88e-05 4.15e-06h  1
 291  9.9415987e+00 2.09e+01 9.87e+02  -6.0 5.45e+03    -  4.23e-06 1.05e-05f  1
 292r 9.9415987e+00 2.09e+01 1.00e+03   1.1 0.00e+00    -  0.00e+00 3.20e-09R  2
 293r 9.9415573e+00 2.09e+01 8.99e+04   1.1 1.08e+05    -  5.23e-09 4.11e-09f  1
 294r 9.9415573e+00 2.09e+01 9.99e+02   1.1 0.00e+00    -  0.00e+00 2.76e-08R  2
 295r 9.9415426e+00 2.09e+01 5.61e+04   1.1 2.12e+04    -  9.74e-07 1.75e-09f  1
 296  9.9415341e+00 2.09e+01 5.02e+03  -6.0 3.62e+03    -  1.03e-04 1.13e-06h  2
 297  9.9414642e+00 2.09e+01 1.46e+04  -6.0 4.03e+03    -  3.20e-06 9.21e-06h  1
 298  9.9414185e+00 2.09e+01 1.50e+04  -6.0 4.27e+03    -  5.35e-05 5.69e-06h  1
 299  9.9413930e+00 2.09e+01 1.46e+04  -6.0 3.90e+03    -  2.34e-05 3.33e-06h  1
iter    objective    inf_pr   inf_du lg(mu)  ||d||  lg(rg) alpha_du alpha_pr  ls
 300  9.9411274e+00 2.09e+01 1.47e+04  -6.0 5.51e+03    -  6.84e-05 3.74e-05h  1
 301r 9.9411274e+00 2.09e+01 1.00e+03   1.1 0.00e+00    -  0.00e+00 3.14e-09R  2
 302r 9.9411077e+00 2.09e+01 5.75e+04   1.1 3.25e+05    -  7.87e-07 2.31e-09f  1
 303r 9.9411077e+00 2.09e+01 9.99e+02   1.1 0.00e+00    -  0.00e+00 2.64e-08R  2
 304r 9.9410930e+00 2.09e+01 5.62e+04   1.1 2.11e+04    -  1.07e-06 1.75e-09f  1
 305  9.9410839e+00 2.09e+01 1.00e+04  -6.0 3.20e+03    -  2.04e-04 1.20e-06h  2
 306  9.9410049e+00 2.09e+01 3.25e+04  -6.0 3.81e+03    -  3.21e-06 1.04e-05h  1
 307  9.9409594e+00 2.09e+01 3.32e+04  -6.0 3.73e+03    -  1.09e-04 5.72e-06h  1
 308  9.9409247e+00 2.09e+01 3.26e+04  -6.0 4.78e+03    -  2.20e-05 4.67e-06h  1
 309  9.9407550e+00 2.09e+01 3.28e+04  -6.0 5.73e+03    -  6.61e-05 2.39e-05h  1
iter    objective    inf_pr   inf_du lg(mu)  ||d||  lg(rg) alpha_du alpha_pr  ls
 310r 9.9407550e+00 2.09e+01 1.00e+03   1.1 0.00e+00    -  0.00e+00 2.20e-11R  2
 311r 9.9407549e+00 2.09e+01 6.74e+04   1.1 7.32e+04    -  1.73e-07 2.36e-09f  1
 312r 9.9407549e+00 2.09e+01 9.99e+02   1.1 0.00e+00    -  0.00e+00 3.14e-08R  2
 313r 9.9407403e+00 2.09e+01 5.61e+04   1.1 2.10e+04    -  1.18e-06 1.74e-09f  1
 314  9.9407307e+00 2.09e+01 1.22e+04  -6.0 3.04e+03    -  2.48e-04 1.26e-06h  2
 315  9.9406497e+00 2.09e+01 3.96e+04  -6.0 3.74e+03    -  3.29e-06 1.06e-05h  1
 316  9.9406041e+00 2.09e+01 4.09e+04  -6.0 3.67e+03    -  1.90e-04 5.73e-06h  1
 317  9.9405520e+00 2.09e+01 4.00e+04  -6.0 5.10e+03    -  2.12e-05 7.14e-06h  1
 318  9.9398940e+00 2.09e+01 4.09e+04  -6.0 5.67e+03    -  3.37e-04 9.25e-05h  1
 319  9.9373053e+00 2.09e+01 4.31e+04  -6.0 5.91e+03    -  1.30e-04 3.64e-04h  1
iter    objective    inf_pr   inf_du lg(mu)  ||d||  lg(rg) alpha_du alpha_pr  ls
 320  9.9340020e+00 2.09e+01 4.33e+04  -6.0 6.53e+03    -  1.21e-03 4.66e-04h  1
 321  9.9236065e+00 2.09e+01 4.32e+04  -6.0 7.39e+03    -  1.58e-03 1.48e-03h  1
 322  9.9116175e+00 2.08e+01 8.70e+04  -6.0 1.23e+04    -  1.85e-04 1.76e-03h  1
 323  9.9114720e+00 2.08e+01 7.09e+04  -6.0 2.35e+04    -  1.33e-04 2.29e-05h  1
 324r 9.9114720e+00 2.08e+01 1.00e+03   1.1 0.00e+00    -  0.00e+00 2.25e-08R  2
 325r 9.9114341e+00 2.08e+01 6.65e+04   1.1 2.13e+04    -  1.24e-06 4.43e-09f  1
 326r 9.9114341e+00 2.08e+01 9.99e+02   1.1 0.00e+00    -  0.00e+00 2.03e-08R  2
 327r 9.9114199e+00 2.08e+01 5.70e+04   1.1 2.13e+04    -  1.27e-06 1.78e-09f  1
 328  9.9114109e+00 2.08e+01 3.12e+04  -6.0 3.34e+03    -  6.20e-04 1.19e-06h  2
 329  9.9113258e+00 2.08e+01 1.10e+05  -6.0 3.74e+03    -  3.16e-06 1.11e-05h  1
iter    objective    inf_pr   inf_du lg(mu)  ||d||  lg(rg) alpha_du alpha_pr  ls
 330  9.9112906e+00 2.08e+01 1.10e+05  -6.0 5.34e+03    -  2.65e-05 4.36e-06h  1
 331  9.9112571e+00 2.08e+01 1.10e+05  -6.0 1.97e+04    -  4.03e-05 5.03e-06h  1
 332  9.9111928e+00 2.08e+01 1.11e+05  -6.0 2.00e+04    -  2.17e-04 9.78e-06h  1
 333r 9.9111928e+00 2.08e+01 1.00e+03   1.1 0.00e+00    -  0.00e+00 7.40e-11R  2
 334r 9.9111718e+00 2.08e+01 6.36e+04   1.1 2.45e+04    -  1.28e-06 2.70e-09f  1
 335r 9.9111718e+00 2.08e+01 9.99e+02   1.1 0.00e+00    -  0.00e+00 2.04e-08R  2
 336r 9.9111576e+00 2.08e+01 5.59e+04   1.1 2.11e+04    -  1.30e-06 1.75e-09f  1
 337  9.9111480e+00 2.08e+01 3.09e+04  -6.0 3.12e+03    -  6.24e-04 1.27e-06h  2
 338  9.9110645e+00 2.08e+01 1.03e+05  -6.0 3.72e+03    -  3.27e-06 1.09e-05h  1
 339  9.9110300e+00 2.08e+01 1.06e+05  -6.0 5.35e+03    -  5.39e-04 4.26e-06h  1
iter    objective    inf_pr   inf_du lg(mu)  ||d||  lg(rg) alpha_du alpha_pr  ls
 340  9.9104566e+00 2.08e+01 1.20e+05  -6.0 2.02e+04    -  1.89e-05 8.67e-05h  1
 341  9.9102010e+00 2.08e+01 1.20e+05  -6.0 2.12e+04    -  2.32e-04 3.98e-05h  1
 342  9.9086552e+00 2.08e+01 1.20e+05  -6.0 2.18e+04    -  2.42e-04 2.42e-04h  1
 343r 9.9086552e+00 2.08e+01 1.00e+03   1.1 0.00e+00    -  0.00e+00 1.59e-09R  2
 344r 9.9086272e+00 2.08e+01 6.35e+04   1.1 1.46e+05    -  1.32e-06 3.29e-09f  1
 345r 9.9086272e+00 2.08e+01 9.99e+02   1.1 0.00e+00    -  0.00e+00 1.70e-08R  2
 346r 9.9086134e+00 2.08e+01 5.58e+04   1.1 2.11e+04    -  1.34e-06 1.74e-09f  1
 347  9.9086043e+00 2.08e+01 1.11e+04  -6.0 3.19e+03    -  2.25e-04 1.20e-06h  2
 348  9.9085337e+00 2.08e+01 3.19e+04  -6.0 3.80e+03    -  3.23e-06 9.27e-06h  1
 349  9.9085051e+00 2.08e+01 3.23e+04  -6.0 4.80e+03    -  5.97e-05 3.51e-06h  1
iter    objective    inf_pr   inf_du lg(mu)  ||d||  lg(rg) alpha_du alpha_pr  ls
 350  9.9084854e+00 2.08e+01 3.19e+04  -6.0 9.54e+03    -  2.02e-05 2.54e-06h  1
 351  9.9083665e+00 2.08e+01 4.56e+04  -6.0 2.32e+04    -  3.42e-04 1.84e-05h  1
 352  9.9083054e+00 2.08e+01 4.98e+04  -6.0 2.36e+04    -  3.91e-05 9.61e-06h  1
 353r 9.9083054e+00 2.08e+01 1.00e+03   1.1 0.00e+00    -  0.00e+00 9.03e-11R  2
 354r 9.9083054e+00 2.08e+01 2.92e+04   1.1 1.11e+05    -  1.36e-06 3.26e-12f  1
 355r 9.9083054e+00 2.08e+01 9.99e+02   1.1 0.00e+00    -  0.00e+00 6.83e-09R  2
 356r 9.9082915e+00 2.08e+01 5.58e+04   1.1 2.11e+04    -  1.36e-06 1.74e-09f  1
 357  9.9082823e+00 2.08e+01 9.61e+03  -6.0 3.10e+03    -  1.95e-04 1.22e-06h  2
 358  9.9082129e+00 2.08e+01 2.71e+04  -6.0 3.80e+03    -  3.25e-06 9.12e-06h  1
 359  9.9081850e+00 2.08e+01 2.73e+04  -6.0 4.76e+03    -  2.44e-05 3.43e-06h  1
iter    objective    inf_pr   inf_du lg(mu)  ||d||  lg(rg) alpha_du alpha_pr  ls
 360  9.9081659e+00 2.08e+01 2.71e+04  -6.0 7.33e+03    -  3.19e-05 2.39e-06h  1
 361  9.9080801e+00 2.08e+01 4.83e+04  -6.0 2.34e+04    -  3.54e-04 1.32e-05h  1
 362r 9.9080801e+00 2.08e+01 1.00e+03   1.1 0.00e+00    -  0.00e+00 8.11e-11R  2
 363r 9.9080604e+00 2.08e+01 6.24e+04   1.1 1.21e+05    -  1.37e-06 2.50e-09f  1
 364r 9.9080604e+00 2.08e+01 9.99e+02   1.1 0.00e+00    -  0.00e+00 1.59e-08R  2
 365r 9.9080464e+00 2.08e+01 5.57e+04   1.1 2.10e+04    -  1.39e-06 1.75e-09f  1
 366  9.9080371e+00 2.08e+01 1.09e+04  -6.0 3.04e+03    -  2.21e-04 1.23e-06h  2
 367  9.9079668e+00 2.08e+01 3.09e+04  -6.0 3.78e+03    -  3.26e-06 9.24e-06h  1
 368  9.9079385e+00 2.08e+01 3.63e+04  -6.0 4.80e+03    -  6.68e-04 3.47e-06h  1
 369  9.9078877e+00 2.08e+01 3.33e+04  -6.0 1.88e+04    -  1.62e-05 7.35e-06h  1
iter    objective    inf_pr   inf_du lg(mu)  ||d||  lg(rg) alpha_du alpha_pr  ls
 370  9.9074790e+00 2.08e+01 5.04e+04  -6.0 2.39e+04    -  3.40e-04 6.36e-05h  1
 371  9.9073661e+00 2.08e+01 6.06e+04  -6.0 2.46e+04    -  9.32e-05 1.79e-05h  1
 372  9.9061665e+00 2.08e+01 8.01e+04  -6.0 2.52e+04    -  3.32e-04 1.91e-04h  1
 373r 9.9061665e+00 2.08e+01 1.00e+03   1.1 0.00e+00    -  0.00e+00 1.00e-10R  2
 374r 9.9061661e+00 2.08e+01 6.47e+04   1.1 7.19e+04    -  1.05e-07 3.29e-09f  1
 375r 9.9061661e+00 2.08e+01 9.99e+02   1.1 0.00e+00    -  0.00e+00 1.78e-08R  2
 376r 9.9061522e+00 2.08e+01 5.63e+04   1.1 2.09e+04    -  8.02e-07 1.75e-09f  1
 377  9.9061429e+00 2.08e+01 4.86e+03  -6.0 3.67e+03    -  9.96e-05 1.22e-06h  2
 378  9.9060767e+00 2.08e+01 1.30e+04  -6.0 3.81e+03    -  3.29e-06 8.75e-06h  1
 379  9.9060505e+00 2.08e+01 1.51e+04  -6.0 4.68e+03    -  2.53e-04 3.21e-06h  1
iter    objective    inf_pr   inf_du lg(mu)  ||d||  lg(rg) alpha_du alpha_pr  ls
 380  9.9060227e+00 2.08e+01 1.35e+04  -6.0 1.08e+04    -  1.59e-05 3.61e-06h  1
 381  9.9059831e+00 2.08e+01 6.84e+04  -6.0 2.60e+04    -  4.43e-04 6.28e-06h  1
 382  9.9054299e+00 2.08e+01 5.87e+04  -6.0 2.65e+04    -  2.62e-05 8.88e-05h  1
 383r 9.9054299e+00 2.08e+01 1.00e+03   1.1 0.00e+00    -  0.00e+00 4.90e-11R  2
 384r 9.9054298e+00 2.08e+01 5.71e+04   1.1 1.39e+05    -  2.08e-10 4.22e-12f  1
 385r 9.9054298e+00 2.08e+01 9.99e+02   1.1 0.00e+00    -  0.00e+00 8.62e-09R  2
 386r 9.9054157e+00 2.08e+01 5.68e+04   1.1 2.08e+04    -  3.08e-07 1.75e-09f  1
 387  9.9054061e+00 2.08e+01 4.82e+03  -6.0 3.70e+03    -  9.89e-05 1.26e-06h  2
 388  9.9053403e+00 2.08e+01 1.27e+04  -6.0 3.80e+03    -  3.33e-06 8.70e-06h  1
 389  9.9053149e+00 2.08e+01 1.29e+04  -6.0 4.83e+03    -  2.04e-05 3.11e-06h  1
iter    objective    inf_pr   inf_du lg(mu)  ||d||  lg(rg) alpha_du alpha_pr  ls
 390  9.9052907e+00 2.08e+01 1.28e+04  -6.0 6.51e+03    -  1.67e-05 2.99e-06h  1
 391  9.9052811e+00 2.08e+01 5.48e+04  -6.0 2.63e+04    -  3.51e-04 1.49e-06h  2
 392  9.9052511e+00 2.08e+01 5.93e+04  -6.0 2.68e+04    -  3.34e-05 4.85e-06h  1
 393  9.9052262e+00 2.08e+01 1.31e+05  -6.0 2.73e+04    -  4.41e-04 4.03e-06h  1
 394r 9.9052262e+00 2.08e+01 1.00e+03   1.1 0.00e+00    -  0.00e+00 3.60e-08R  2
 395r 9.9052029e+00 2.08e+01 6.74e+04   1.1 2.07e+04    -  3.49e-07 2.73e-09f  1
 396r 9.9052029e+00 2.08e+01 9.99e+02   1.1 0.00e+00    -  0.00e+00 1.95e-08R  2
 397r 9.9051886e+00 2.08e+01 5.69e+04   1.1 2.07e+04    -  2.95e-07 1.75e-09f  1
 398  9.9051692e+00 2.08e+01 3.45e+03  -6.0 3.70e+03    -  7.24e-05 2.56e-06h  1
 399  9.9051104e+00 2.08e+01 5.81e+03  -6.0 3.76e+03    -  4.68e-06 7.77e-06h  1
iter    objective    inf_pr   inf_du lg(mu)  ||d||  lg(rg) alpha_du alpha_pr  ls
 400  9.9050871e+00 2.08e+01 5.87e+03  -6.0 4.72e+03    -  1.02e-05 2.85e-06h  1
 401  9.9050611e+00 2.08e+01 5.88e+03  -6.0 6.25e+03    -  1.50e-05 3.20e-06h  1
 402r 9.9050611e+00 2.08e+01 9.99e+02   1.1 0.00e+00    -  0.00e+00 2.69e-08R  6
 403r 9.9050443e+00 2.08e+01 6.07e+04   1.1 2.04e+04    -  5.86e-10 2.01e-09f  1
 404r 9.9050443e+00 2.08e+01 9.99e+02   1.1 0.00e+00    -  0.00e+00 2.71e-08R  2
 405r 9.9050299e+00 2.08e+01 5.56e+04   1.1 2.06e+04    -  1.50e-06 1.75e-09f  1
 406  9.9050209e+00 2.08e+01 4.96e+03  -6.0 3.63e+03    -  1.01e-04 1.19e-06h  2
 407  9.9049547e+00 2.08e+01 1.34e+04  -6.0 3.78e+03    -  3.26e-06 8.74e-06h  1
 408  9.9049282e+00 2.08e+01 1.89e+04  -6.0 4.70e+03    -  6.55e-04 3.23e-06h  1
 409  9.9048913e+00 2.08e+01 1.51e+04  -6.0 1.49e+04    -  1.54e-05 4.98e-06h  1
iter    objective    inf_pr   inf_du lg(mu)  ||d||  lg(rg) alpha_du alpha_pr  ls
 410  9.9048573e+00 2.08e+01 8.28e+04  -6.0 2.71e+04    -  4.75e-04 5.36e-06h  1
 411  9.9036342e+00 2.08e+01 5.74e+04  -6.0 2.75e+04    -  2.66e-05 1.95e-04h  1
 412  9.9034795e+00 2.08e+01 1.30e+05  -6.0 2.91e+04    -  4.75e-04 2.56e-05h  1
 413  9.9033532e+00 2.08e+01 1.85e+05  -6.0 2.92e+04    -  3.45e-04 2.09e-05h  1
 414r 9.9033532e+00 2.08e+01 1.00e+03   1.1 0.00e+00    -  0.00e+00 3.27e-10R  2
 415r 9.9033219e+00 2.08e+01 6.12e+04   1.1 2.06e+04    -  5.22e-07 3.72e-09f  1
 416r 9.9033219e+00 2.08e+01 9.99e+02   1.1 0.00e+00    -  0.00e+00 2.02e-08R  2
 417r 9.9033078e+00 2.08e+01 5.70e+04   1.1 2.06e+04    -  3.83e-07 1.75e-09f  1
 418  9.9032984e+00 2.08e+01 4.84e+03  -6.0 3.71e+03    -  9.88e-05 1.24e-06h  2
 419  9.9032324e+00 2.08e+01 1.29e+04  -6.0 3.80e+03    -  3.30e-06 8.73e-06h  1
iter    objective    inf_pr   inf_du lg(mu)  ||d||  lg(rg) alpha_du alpha_pr  ls
 420  9.9032067e+00 2.08e+01 1.31e+04  -6.0 4.77e+03    -  3.08e-05 3.15e-06h  1
 421  9.9031832e+00 2.08e+01 1.29e+04  -6.0 6.91e+03    -  2.47e-05 2.91e-06h  1
 422  9.9031540e+00 2.08e+01 5.25e+04  -6.0 2.83e+04    -  3.15e-04 4.74e-06h  1
 423  9.9031513e+00 2.08e+01 5.66e+04  -6.0 2.89e+04    -  2.41e-05 4.58e-07h  2
 424  9.9031455e+00 2.08e+01 1.54e+05  -6.0 2.94e+04    -  5.44e-04 9.65e-07h  2
 425  9.9030028e+00 2.08e+01 1.54e+05  -6.0 3.25e+04    -  2.53e-05 2.69e-05h  1
 426  9.9029804e+00 2.08e+01 3.18e+05  -6.0 5.03e+04    -  1.98e-04 7.11e-06h  1
 427  9.9019544e+00 2.08e+01 1.49e+05  -6.0 5.02e+04    -  7.84e-05 2.80e-04h  1
 428  9.9014405e+00 2.08e+01 4.60e+05  -6.0 4.91e+04    -  4.41e-04 9.94e-05h  1
 429  9.8990516e+00 2.08e+01 1.01e+06  -6.0 5.04e+04    -  1.10e-03 5.18e-04h  1
iter    objective    inf_pr   inf_du lg(mu)  ||d||  lg(rg) alpha_du alpha_pr  ls
 430r 9.8990516e+00 2.08e+01 1.00e+03   1.1 0.00e+00    -  0.00e+00 2.19e-08R  2
 431r 9.8990156e+00 2.08e+01 7.23e+04   1.1 7.58e+04    -  1.48e-06 3.80e-09f  1
 432r 9.8990156e+00 2.08e+01 9.99e+02   1.1 0.00e+00    -  0.00e+00 1.77e-08R  2
 433r 9.8990015e+00 2.08e+01 5.66e+04   1.1 1.99e+04    -  2.77e-07 1.76e-09f  1
 434  9.8989924e+00 2.08e+01 2.41e+03  -6.0 3.71e+03    -  5.02e-05 1.21e-06h  2
 435  9.8989248e+00 2.08e+01 6.54e+03  -6.0 3.70e+03    -  3.35e-06 8.95e-06h  1
 436  9.8989037e+00 2.08e+01 6.53e+03  -6.0 4.53e+03    -  2.20e-06 2.59e-06h  1
 437  9.8988863e+00 2.08e+01 6.79e+03  -6.0 6.19e+03    -  4.81e-05 2.14e-06h  1
 438  9.8988739e+00 2.08e+01 6.73e+03  -6.0 9.63e+03    -  7.25e-06 1.58e-06h  1
 439  9.8988513e+00 2.08e+01 6.54e+03  -6.0 2.72e+04    -  3.60e-05 3.50e-06h  1
iter    objective    inf_pr   inf_du lg(mu)  ||d||  lg(rg) alpha_du alpha_pr  ls
 440r 9.8988513e+00 2.08e+01 1.00e+03   1.1 0.00e+00    -  0.00e+00 1.81e-11R  2
 441r 9.8988513e+00 2.08e+01 9.26e+04   1.1 3.68e+04    -  1.38e-10 8.18e-13f  1
 442r 9.8988513e+00 2.08e+01 9.99e+02   1.1 0.00e+00    -  0.00e+00 9.01e-09R  2
 443r 9.8988371e+00 2.08e+01 5.65e+04   1.1 2.01e+04    -  2.91e-07 1.76e-09f  1
 444  9.8988277e+00 2.08e+01 3.57e+03  -6.0 3.71e+03    -  7.38e-05 1.24e-06h  2
 445  9.8987595e+00 2.08e+01 9.73e+03  -6.0 3.69e+03    -  3.35e-06 9.03e-06h  1
 446  9.8987370e+00 2.08e+01 9.80e+03  -6.0 4.40e+03    -  1.05e-05 2.75e-06h  1
 447  9.8987114e+00 2.08e+01 9.82e+03  -6.0 6.23e+03    -  2.57e-05 3.15e-06h  1
 448r 9.8987114e+00 2.08e+01 9.99e+02   1.1 0.00e+00    -  0.00e+00 9.71e-08R  2
 449r 9.8986948e+00 2.08e+01 6.06e+04   1.1 3.41e+07    -  3.20e-09 2.03e-09f  1
iter    objective    inf_pr   inf_du lg(mu)  ||d||  lg(rg) alpha_du alpha_pr  ls
 450r 9.8986948e+00 2.08e+01 9.99e+02   1.1 0.00e+00    -  0.00e+00 2.90e-08R  2
 451r 9.8986804e+00 2.08e+01 5.65e+04   1.1 2.01e+04    -  6.04e-07 1.75e-09f  1
 452  9.8986610e+00 2.08e+01 5.76e+03  -6.0 2.98e+03    -  1.19e-04 2.57e-06h  1
 453  9.8986014e+00 2.08e+01 9.84e+03  -6.0 3.67e+03    -  4.65e-06 7.86e-06h  1
 454  9.8985753e+00 2.08e+01 1.09e+04  -6.0 4.55e+03    -  1.39e-04 3.19e-06h  1
 455  9.8985496e+00 2.08e+01 1.00e+04  -6.0 9.54e+03    -  1.71e-05 3.26e-06h  1
 456  9.8984447e+00 2.08e+01 1.03e+04  -6.0 2.72e+04    -  6.10e-05 1.60e-05h  1
 457  9.8982247e+00 2.08e+01 1.21e+04  -6.0 2.75e+04    -  5.05e-05 3.51e-05h  1
 458r 9.8982247e+00 2.08e+01 1.00e+03   1.1 0.00e+00    -  0.00e+00 2.17e-11R  2
 459r 9.8982247e+00 2.08e+01 1.00e+05   1.1 1.71e+05    -  2.45e-10 6.27e-13f  1
iter    objective    inf_pr   inf_du lg(mu)  ||d||  lg(rg) alpha_du alpha_pr  ls
 460r 9.8982247e+00 2.08e+01 9.99e+02   1.1 0.00e+00    -  0.00e+00 3.75e-09R  2
 461r 9.8982109e+00 2.08e+01 5.68e+04   1.1 2.03e+04    -  3.55e-07 1.75e-09f  1
 462  9.8982019e+00 2.08e+01 6.38e+03  -6.0 3.10e+03    -  1.30e-04 1.19e-06h  2
 463  9.8981339e+00 2.08e+01 1.78e+04  -6.0 3.68e+03    -  3.24e-06 8.99e-06h  1
 464  9.8981085e+00 2.08e+01 1.82e+04  -6.0 4.61e+03    -  5.01e-05 3.11e-06h  1
 465  9.8980863e+00 2.08e+01 1.81e+04  -6.0 7.75e+03    -  6.22e-06 2.78e-06h  1
 466  9.8980557e+00 2.08e+01 1.79e+04  -6.0 2.74e+04    -  2.78e-05 4.77e-06h  1
 467r 9.8980557e+00 2.08e+01 1.00e+03   1.1 0.00e+00    -  0.00e+00 1.82e-11R  2
 468r 9.8980557e+00 2.08e+01 1.04e+05   1.1 5.00e+04    -  1.96e-10 7.85e-13f  1
 469r 9.8980557e+00 2.08e+01 9.99e+02   1.1 0.00e+00    -  0.00e+00 8.38e-09R  2
iter    objective    inf_pr   inf_du lg(mu)  ||d||  lg(rg) alpha_du alpha_pr  ls
 470r 9.8980416e+00 2.08e+01 5.68e+04   1.1 2.02e+04    -  3.62e-07 1.75e-09f  1
 471  9.8980322e+00 2.08e+01 4.04e+03  -6.0 2.97e+03    -  8.29e-05 1.25e-06h  2
 472  9.8979659e+00 2.08e+01 1.08e+04  -6.0 3.65e+03    -  3.33e-06 8.77e-06h  1
 473  9.8979411e+00 2.08e+01 1.09e+04  -6.0 4.49e+03    -  1.69e-05 3.04e-06h  1
 474  9.8979173e+00 2.08e+01 1.08e+04  -6.0 6.40e+03    -  2.55e-05 2.93e-06h  1
 475  9.8979073e+00 2.08e+01 1.73e+04  -6.0 2.74e+04    -  1.08e-04 1.55e-06h  2
 476  9.8978989e+00 2.08e+01 2.26e+04  -6.0 2.79e+04    -  3.35e-05 1.33e-06h  2
 477  9.8978948e+00 2.08e+01 1.48e+05  -6.0 2.80e+04    -  7.47e-04 6.69e-07h  2
 478  9.8978886e+00 2.08e+01 1.61e+05  -6.0 4.07e+04    -  2.22e-05 1.74e-06h  2
 479  9.8978237e+00 2.08e+01 1.18e+06  -6.0 4.66e+04    -  1.39e-03 2.09e-05h  1
iter    objective    inf_pr   inf_du lg(mu)  ||d||  lg(rg) alpha_du alpha_pr  ls
 480  9.8976931e+00 2.08e+01 1.19e+06  -6.0 4.73e+04    -  4.50e-05 3.03e-05h  1
 481r 9.8976931e+00 2.08e+01 1.00e+03   1.1 0.00e+00    -  0.00e+00 5.89e-09R  2
 482r 9.8976929e+00 2.08e+01 2.02e+04   1.1 6.13e+05    -  3.44e-07 1.05e-11f  1
 483r 9.8976929e+00 2.08e+01 9.99e+02   1.1 0.00e+00    -  0.00e+00 3.93e-09R  2
 484r 9.8976732e+00 2.08e+01 5.71e+04   1.1 2.69e+05    -  1.36e-07 1.75e-09f  1
 485  9.8976635e+00 2.08e+01 2.98e+03  -6.0 2.93e+03    -  6.16e-05 1.27e-06h  2
 486  9.8975976e+00 2.08e+01 7.79e+03  -6.0 3.62e+03    -  3.38e-06 8.71e-06h  1
 487  9.8975728e+00 2.08e+01 7.79e+03  -6.0 4.40e+03    -  3.63e-06 3.02e-06h  1
 488  9.8975476e+00 2.08e+01 7.89e+03  -6.0 6.24e+03    -  2.44e-05 3.05e-06h  1
 489  9.8975441e+00 2.08e+01 7.82e+03  -6.0 2.69e+04    -  2.72e-05 4.79e-07h  2
iter    objective    inf_pr   inf_du lg(mu)  ||d||  lg(rg) alpha_du alpha_pr  ls
 490  9.8975209e+00 2.08e+01 1.21e+05  -6.0 2.74e+04    -  7.21e-04 3.29e-06h  1
 491r 9.8975209e+00 2.08e+01 1.00e+03   1.1 0.00e+00    -  0.00e+00 2.18e-08R  2
 492r 9.8974983e+00 2.08e+01 6.57e+04   1.1 1.99e+04    -  7.69e-08 2.64e-09f  1
 493r 9.8974983e+00 2.08e+01 9.99e+02   1.1 0.00e+00    -  0.00e+00 1.80e-08R  2
 494r 9.8974840e+00 2.08e+01 5.68e+04   1.1 1.99e+04    -  4.06e-07 1.75e-09f  1
 495  9.8974744e+00 2.08e+01 5.62e+03  -6.0 2.92e+03    -  1.15e-04 1.27e-06h  2
 496  9.8974066e+00 2.08e+01 1.52e+04  -6.0 3.64e+03    -  3.33e-06 8.94e-06h  1
 497  9.8973812e+00 2.08e+01 1.52e+04  -6.0 4.51e+03    -  5.70e-06 3.08e-06h  1
 498  9.8973586e+00 2.08e+01 1.54e+04  -6.0 6.29e+03    -  4.23e-05 2.74e-06h  1
 499  9.8973241e+00 2.08e+01 1.52e+04  -6.0 2.72e+04    -  3.71e-05 4.78e-06h  1
iter    objective    inf_pr   inf_du lg(mu)  ||d||  lg(rg) alpha_du alpha_pr  ls
 500  9.8973239e+00 2.08e+01 1.42e+05  -6.0 2.78e+04    -  7.81e-04 4.00e-08h  2
 501  9.8973207e+00 2.08e+01 1.60e+05  -6.0 4.74e+04    -  2.35e-05 7.08e-07h  2
 502  9.8972331e+00 2.08e+01 1.19e+06  -6.0 4.85e+04    -  1.34e-03 1.97e-05h  1
 503r 9.8972331e+00 2.08e+01 1.00e+03   1.1 0.00e+00    -  0.00e+00 3.43e-09R  2
 504r 9.8971425e+00 2.08e+01 7.22e+04   1.1 1.49e+06    -  1.33e-07 3.49e-09f  1
 505r 9.8971425e+00 2.08e+01 9.99e+02   1.1 0.00e+00    -  0.00e+00 2.03e-08R  2
 506r 9.8971284e+00 2.08e+01 5.67e+04   1.1 2.01e+04    -  4.35e-07 1.75e-09f  1
 507  9.8971188e+00 2.08e+01 2.87e+03  -6.0 2.91e+03    -  5.93e-05 1.26e-06h  2
 508  9.8970527e+00 2.08e+01 7.53e+03  -6.0 3.61e+03    -  3.38e-06 8.74e-06h  1
 509  9.8970278e+00 2.08e+01 7.53e+03  -6.0 4.36e+03    -  3.66e-06 3.02e-06h  1
iter    objective    inf_pr   inf_du lg(mu)  ||d||  lg(rg) alpha_du alpha_pr  ls
 510  9.8970026e+00 2.08e+01 7.76e+03  -6.0 6.21e+03    -  5.32e-05 3.04e-06h  1
 511  9.8969962e+00 2.08e+01 7.50e+03  -6.0 2.74e+04    -  2.83e-05 8.77e-07h  2
 512  9.8969753e+00 2.08e+01 3.85e+04  -6.0 2.78e+04    -  2.09e-04 2.94e-06h  1
 513r 9.8969753e+00 2.08e+01 1.00e+03   1.1 0.00e+00    -  0.00e+00 1.62e-08R  2
 514r 9.8969561e+00 2.08e+01 6.31e+04   1.1 2.00e+04    -  8.06e-08 2.30e-09f  1
 515r 9.8969561e+00 2.08e+01 9.99e+02   1.1 0.00e+00    -  0.00e+00 1.67e-08R  2
 516r 9.8969419e+00 2.08e+01 5.67e+04   1.1 2.00e+04    -  4.82e-07 1.75e-09f  1
 517  9.8969323e+00 2.08e+01 5.95e+03  -6.0 2.90e+03    -  1.21e-04 1.27e-06h  2
 518  9.8968640e+00 2.08e+01 1.62e+04  -6.0 3.63e+03    -  3.32e-06 8.99e-06h  1
 519  9.8968386e+00 2.08e+01 1.73e+04  -6.0 4.50e+03    -  1.32e-04 3.08e-06h  1
iter    objective    inf_pr   inf_du lg(mu)  ||d||  lg(rg) alpha_du alpha_pr  ls
 520  9.8968130e+00 2.08e+01 1.70e+04  -6.0 9.45e+03    -  7.48e-06 3.16e-06h  1
 521  9.8967797e+00 2.08e+01 1.65e+04  -6.0 2.77e+04    -  2.22e-05 4.63e-06h  1
 522r 9.8967797e+00 2.08e+01 1.00e+03   1.1 0.00e+00    -  0.00e+00 1.78e-11R  2
 523r 9.8967797e+00 2.08e+01 7.01e+04   1.1 4.92e+04    -  2.07e-10 1.07e-12f  1
 524r 9.8967797e+00 2.08e+01 9.99e+02   1.1 0.00e+00    -  0.00e+00 1.06e-08R  2
 525r 9.8967655e+00 2.08e+01 5.67e+04   1.1 2.00e+04    -  4.87e-07 1.75e-09f  1
 526  9.8967459e+00 2.08e+01 3.90e+03  -6.0 2.84e+03    -  8.14e-05 2.58e-06h  1
 527  9.8966874e+00 2.08e+01 6.50e+03  -6.0 3.62e+03    -  4.69e-06 7.72e-06h  1
 528  9.8966620e+00 2.08e+01 6.56e+03  -6.0 4.46e+03    -  1.13e-05 3.08e-06h  1
 529  9.8966382e+00 2.08e+01 6.60e+03  -6.0 6.35e+03    -  6.40e-05 2.87e-06h  1
iter    objective    inf_pr   inf_du lg(mu)  ||d||  lg(rg) alpha_du alpha_pr  ls
 530  9.8966070e+00 2.08e+01 1.44e+04  -6.0 2.81e+04    -  8.63e-05 4.35e-06h  1
 531r 9.8966070e+00 2.08e+01 1.00e+03   1.1 0.00e+00    -  0.00e+00 4.12e-10R  2
 532r 9.8966070e+00 2.08e+01 1.10e+05   1.1 2.52e+04    -  7.89e-09 7.93e-13f  1
 533r 9.8966070e+00 2.08e+01 9.99e+02   1.1 0.00e+00    -  0.00e+00 9.92e-10R  2
 534r 9.8965928e+00 2.08e+01 5.66e+04   1.1 1.99e+04    -  4.94e-07 1.75e-09f  1
 535  9.8965838e+00 2.08e+01 3.04e+03  -6.0 2.94e+03    -  6.27e-05 1.20e-06h  2
 536  9.8965175e+00 2.08e+01 8.16e+03  -6.0 3.60e+03    -  3.30e-06 8.75e-06h  1
 537  9.8964928e+00 2.08e+01 8.17e+03  -6.0 4.40e+03    -  3.84e-06 3.00e-06h  1
 538  9.8964681e+00 2.08e+01 8.44e+03  -6.0 6.27e+03    -  6.23e-05 2.98e-06h  1
 539  9.8964602e+00 2.08e+01 8.14e+03  -6.0 2.80e+04    -  2.63e-05 1.10e-06h  2
iter    objective    inf_pr   inf_du lg(mu)  ||d||  lg(rg) alpha_du alpha_pr  ls
 540  9.8964506e+00 2.08e+01 4.33e+04  -6.0 2.83e+04    -  2.35e-04 1.37e-06h  2
 541  9.8964458e+00 2.08e+01 4.72e+04  -6.0 2.87e+04    -  2.22e-05 6.93e-07h  2
 542  9.8964424e+00 2.08e+01 4.94e+05  -6.0 3.52e+04    -  1.07e-03 5.72e-07h  2
 543  9.8958818e+00 2.08e+01 4.13e+05  -6.0 4.76e+04    -  2.21e-05 1.25e-04h  1
 544r 9.8958818e+00 2.08e+01 1.00e+03   1.1 0.00e+00    -  0.00e+00 1.20e-10R  2
 545r 9.8958764e+00 2.08e+01 5.68e+04   1.1 5.07e+07    -  3.70e-09 9.05e-12f  1
 546r 9.8958764e+00 2.08e+01 9.99e+02   1.1 0.00e+00    -  0.00e+00 4.99e-09R  2
 547r 9.8958620e+00 2.08e+01 5.66e+04   1.1 1.95e+04    -  5.05e-07 1.75e-09f  1
 548  9.8958525e+00 2.08e+01 3.46e+03  -6.0 2.92e+03    -  7.11e-05 1.25e-06h  2
 549  9.8957854e+00 2.08e+01 9.25e+03  -6.0 3.58e+03    -  3.34e-06 8.84e-06h  1
iter    objective    inf_pr   inf_du lg(mu)  ||d||  lg(rg) alpha_du alpha_pr  ls
 550  9.8957607e+00 2.08e+01 9.25e+03  -6.0 4.33e+03    -  2.98e-06 3.00e-06h  1
 551  9.8957369e+00 2.08e+01 9.56e+03  -6.0 6.23e+03    -  6.45e-05 2.87e-06h  1
 552  9.8957340e+00 2.08e+01 9.22e+03  -6.0 2.19e+04    -  2.52e-05 3.73e-07h  2
 553  9.8957065e+00 2.08e+01 3.52e+04  -6.0 2.63e+04    -  2.08e-04 3.75e-06h  1
 554r 9.8957065e+00 2.08e+01 1.00e+03   1.1 0.00e+00    -  0.00e+00 7.51e-09R  2
 555r 9.8956871e+00 2.08e+01 6.35e+04   1.1 1.96e+04    -  4.49e-08 2.30e-09f  1
 556r 9.8956871e+00 2.08e+01 9.99e+02   1.1 0.00e+00    -  0.00e+00 2.46e-08R  2
 557r 9.8956728e+00 2.08e+01 5.66e+04   1.1 1.96e+04    -  5.58e-07 1.75e-09f  1
 558  9.8956534e+00 2.08e+01 5.54e+03  -6.0 2.88e+03    -  1.14e-04 2.55e-06h  1
 559  9.8955930e+00 2.08e+01 9.60e+03  -6.0 3.60e+03    -  4.63e-06 7.95e-06h  1
iter    objective    inf_pr   inf_du lg(mu)  ||d||  lg(rg) alpha_du alpha_pr  ls
 560  9.8955676e+00 2.08e+01 9.66e+03  -6.0 4.54e+03    -  1.03e-05 3.07e-06h  1
 561  9.8955437e+00 2.08e+01 9.74e+03  -6.0 6.38e+03    -  7.80e-05 2.88e-06h  1
 562  9.8954965e+00 2.08e+01 9.60e+03  -6.0 2.68e+04    -  4.41e-05 6.40e-06h  1
 563r 9.8954965e+00 2.08e+01 1.00e+03   1.1 0.00e+00    -  0.00e+00 9.55e-11R  2
 564r 9.8954965e+00 2.08e+01 1.04e+05   1.1 2.76e+04    -  1.76e-09 7.26e-13f  1
 565r 9.8954965e+00 2.08e+01 9.99e+02   1.1 0.00e+00    -  0.00e+00 1.50e-09R  2
 566r 9.8954823e+00 2.08e+01 5.66e+04   1.1 1.97e+04    -  5.53e-07 1.75e-09f  1
 567  9.8954732e+00 2.08e+01 3.21e+03  -6.0 2.94e+03    -  6.61e-05 1.20e-06h  2
 568  9.8954062e+00 2.08e+01 8.69e+03  -6.0 3.59e+03    -  3.30e-06 8.83e-06h  1
 569  9.8953815e+00 2.08e+01 8.70e+03  -6.0 4.33e+03    -  4.52e-06 2.99e-06h  1
iter    objective    inf_pr   inf_du lg(mu)  ||d||  lg(rg) alpha_du alpha_pr  ls
 570  9.8953567e+00 2.08e+01 8.96e+03  -6.0 6.29e+03    -  6.54e-05 3.00e-06h  1
 571  9.8953459e+00 2.08e+01 8.67e+03  -6.0 2.69e+04    -  2.66e-05 1.47e-06h  2
 572  9.8953372e+00 2.08e+01 1.38e+05  -6.0 2.72e+04    -  8.28e-04 1.20e-06h  2
 573  9.8953328e+00 2.08e+01 1.43e+05  -6.0 2.87e+04    -  2.12e-05 6.52e-07h  2
 574  9.8953261e+00 2.08e+01 6.99e+05  -6.0 4.01e+04    -  8.77e-04 1.25e-06h  2
 575  9.8952044e+00 2.08e+01 6.97e+05  -6.0 4.62e+04    -  2.32e-05 2.57e-05h  1
 576r 9.8952044e+00 2.08e+01 1.00e+03   1.1 0.00e+00    -  0.00e+00 4.31e-09R  2
 577r 9.8952042e+00 2.08e+01 2.86e+04   1.1 1.08e+06    -  1.88e-07 7.23e-12f  1
 578r 9.8952042e+00 2.08e+01 9.99e+02   1.1 0.00e+00    -  0.00e+00 5.81e-09R  2
 579r 9.8951846e+00 2.08e+01 5.70e+04   1.1 2.54e+05    -  1.43e-07 1.75e-09f  1
iter    objective    inf_pr   inf_du lg(mu)  ||d||  lg(rg) alpha_du alpha_pr  ls
 580  9.8951751e+00 2.08e+01 3.31e+03  -6.0 2.87e+03    -  6.80e-05 1.26e-06h  2
 581  9.8951083e+00 2.08e+01 8.78e+03  -6.0 3.59e+03    -  3.36e-06 8.81e-06h  1
 582  9.8950838e+00 2.08e+01 8.78e+03  -6.0 4.38e+03    -  3.12e-06 2.97e-06h  1
 583  9.8950596e+00 2.08e+01 9.12e+03  -6.0 6.32e+03    -  7.24e-05 2.92e-06h  1
 584  9.8950569e+00 2.08e+01 8.74e+03  -6.0 2.44e+04    -  2.43e-05 3.60e-07h  2
 585  9.8950299e+00 2.08e+01 1.07e+05  -6.0 2.78e+04    -  6.30e-04 3.73e-06h  1
 586r 9.8950299e+00 2.08e+01 1.00e+03   1.1 0.00e+00    -  0.00e+00 2.59e-08R  2
 587r 9.8950077e+00 2.08e+01 6.54e+04   1.1 1.95e+04    -  1.91e-07 2.61e-09f  1
 588r 9.8950077e+00 2.08e+01 9.99e+02   1.1 0.00e+00    -  0.00e+00 2.34e-08R  2
 589r 9.8949934e+00 2.08e+01 5.65e+04   1.1 1.95e+04    -  5.98e-07 1.75e-09f  1
iter    objective    inf_pr   inf_du lg(mu)  ||d||  lg(rg) alpha_du alpha_pr  ls
 590  9.8949740e+00 2.08e+01 4.45e+03  -6.0 2.85e+03    -  9.25e-05 2.55e-06h  1
 591  9.8949144e+00 2.08e+01 7.61e+03  -6.0 3.62e+03    -  4.65e-06 7.85e-06h  1
 592  9.8948890e+00 2.08e+01 7.78e+03  -6.0 4.44e+03    -  2.51e-05 3.07e-06h  1
 593  9.8948649e+00 2.08e+01 7.60e+03  -6.0 6.62e+03    -  3.06e-05 2.91e-06h  1
 594  9.8948314e+00 2.08e+01 7.77e+03  -6.0 2.81e+04    -  3.47e-05 4.57e-06h  1
 595r 9.8948314e+00 2.08e+01 1.00e+03   1.1 0.00e+00    -  0.00e+00 7.55e-11R  2
 596r 9.8948135e+00 2.08e+01 6.22e+04   1.1 1.91e+04    -  4.69e-09 2.12e-09f  1
 597r 9.8948135e+00 2.08e+01 9.99e+02   1.1 0.00e+00    -  0.00e+00 1.12e-08R  2
 598r 9.8947992e+00 2.08e+01 5.64e+04   1.1 1.95e+04    -  7.12e-07 1.75e-09f  1
 599  9.8947901e+00 2.08e+01 7.66e+03  -6.0 2.93e+03    -  1.56e-04 1.20e-06h  2
iter    objective    inf_pr   inf_du lg(mu)  ||d||  lg(rg) alpha_du alpha_pr  ls
 600  9.8947201e+00 2.08e+01 2.19e+04  -6.0 3.63e+03    -  3.24e-06 9.21e-06h  1
 601  9.8946946e+00 2.08e+01 2.20e+04  -6.0 4.58e+03    -  2.40e-05 3.09e-06h  1
 602  9.8946732e+00 2.08e+01 2.19e+04  -6.0 7.21e+03    -  3.21e-05 2.59e-06h  1
 603  9.8945954e+00 2.08e+01 2.25e+04  -6.0 2.80e+04    -  1.21e-04 1.07e-05h  1
 604  9.8940879e+00 2.08e+01 2.33e+04  -6.0 2.87e+04    -  3.38e-05 7.47e-05h  1
 605r 9.8940879e+00 2.08e+01 1.00e+03   1.1 0.00e+00    -  0.00e+00 5.53e-08R  2
 606r 9.8940879e+00 2.08e+01 6.30e+04   1.1 1.95e+04    -  8.37e-07 1.26e-12f  1
 607r 9.8940879e+00 2.08e+01 9.99e+02   1.1 0.00e+00    -  0.00e+00 1.40e-09R  2
 608r 9.8940741e+00 2.08e+01 5.69e+04   1.1 1.97e+04    -  2.94e-07 1.75e-09f  1
 609  9.8940650e+00 2.08e+01 2.49e+03  -6.0 2.98e+03    -  5.14e-05 1.21e-06h  2
iter    objective    inf_pr   inf_du lg(mu)  ||d||  lg(rg) alpha_du alpha_pr  ls
 610  9.8939989e+00 2.08e+01 6.62e+03  -6.0 3.61e+03    -  3.34e-06 8.77e-06h  1
 611  9.8939749e+00 2.08e+01 6.63e+03  -6.0 4.37e+03    -  3.76e-06 2.94e-06h  1
 612  9.8939503e+00 2.08e+01 6.92e+03  -6.0 6.39e+03    -  6.71e-05 3.04e-06h  1
 613  9.8939452e+00 2.08e+01 6.59e+03  -6.0 2.93e+04    -  2.54e-05 8.11e-07h  2
 614  9.8939357e+00 2.08e+01 2.72e+04  -6.0 2.95e+04    -  1.33e-04 1.55e-06h  2
 615  9.8939310e+00 2.08e+01 3.14e+04  -6.0 2.98e+04    -  2.37e-05 7.81e-07h  2
 616  9.8939284e+00 2.08e+01 3.54e+05  -6.0 3.35e+04    -  1.03e-03 5.10e-07h  2
 617  9.8936965e+00 2.08e+01 3.02e+05  -6.0 4.56e+04    -  2.21e-05 9.11e-05h  1
 618r 9.8936965e+00 2.08e+01 1.00e+03   1.1 0.00e+00    -  0.00e+00 1.47e-10R  2
 619r 9.8936928e+00 2.08e+01 5.65e+04   1.1 3.48e+07    -  5.41e-09 8.62e-12f  1
iter    objective    inf_pr   inf_du lg(mu)  ||d||  lg(rg) alpha_du alpha_pr  ls
 620r 9.8936928e+00 2.08e+01 9.99e+02   1.1 0.00e+00    -  0.00e+00 5.03e-09R  2
 621r 9.8936785e+00 2.08e+01 5.68e+04   1.1 1.91e+04    -  3.08e-07 1.75e-09f  1
 622  9.8936690e+00 2.08e+01 2.37e+03  -6.0 2.94e+03    -  4.91e-05 1.25e-06h  2
 623  9.8936017e+00 2.08e+01 6.27e+03  -6.0 3.56e+03    -  3.39e-06 8.82e-06h  1
 624  9.8935777e+00 2.08e+01 6.27e+03  -6.0 4.36e+03    -  3.34e-06 2.84e-06h  1
 625  9.8935524e+00 2.08e+01 6.62e+03  -6.0 6.26e+03    -  7.41e-05 2.93e-06h  1
 626  9.8935483e+00 2.08e+01 6.24e+03  -6.0 1.68e+04    -  2.41e-05 4.56e-07h  2
 627  9.8935124e+00 2.08e+01 1.21e+05  -6.0 2.54e+04    -  7.89e-04 3.93e-06h  1
 628r 9.8935124e+00 2.08e+01 1.00e+03   1.1 0.00e+00    -  0.00e+00 1.83e-08R  2
 629r 9.8934893e+00 2.08e+01 6.61e+04   1.1 1.95e+04    -  1.24e-07 2.71e-09f  1
iter    objective    inf_pr   inf_du lg(mu)  ||d||  lg(rg) alpha_du alpha_pr  ls
 630r 9.8934893e+00 2.08e+01 9.99e+02   1.1 0.00e+00    -  0.00e+00 2.62e-08R  2
 631r 9.8934751e+00 2.08e+01 5.68e+04   1.1 1.93e+04    -  3.53e-07 1.75e-09f  1
 632  9.8934655e+00 2.08e+01 4.62e+03  -6.0 2.91e+03    -  9.45e-05 1.26e-06h  2
 633  9.8933965e+00 2.08e+01 1.26e+04  -6.0 3.59e+03    -  3.33e-06 9.03e-06h  1
 634  9.8933716e+00 2.08e+01 1.26e+04  -6.0 4.37e+03    -  6.73e-06 2.95e-06h  1
 635  9.8933446e+00 2.08e+01 1.29e+04  -6.0 6.35e+03    -  8.98e-05 3.13e-06h  1
 636  9.8932944e+00 2.08e+01 1.26e+04  -6.0 2.60e+04    -  2.67e-05 5.53e-06h  1
 637r 9.8932944e+00 2.08e+01 1.00e+03   1.1 0.00e+00    -  0.00e+00 1.28e-10R  2
 638r 9.8932944e+00 2.08e+01 1.31e+05   1.1 2.66e+04    -  7.21e-09 7.53e-13f  1
 639r 9.8932944e+00 2.08e+01 9.99e+02   1.1 0.00e+00    -  0.00e+00 9.07e-09R  2
iter    objective    inf_pr   inf_du lg(mu)  ||d||  lg(rg) alpha_du alpha_pr  ls
 640r 9.8932802e+00 2.08e+01 5.68e+04   1.1 1.93e+04    -  3.57e-07 1.75e-09f  1
 641  9.8932608e+00 2.08e+01 2.48e+03  -6.0 2.86e+03    -  5.27e-05 2.55e-06h  1
 642  9.8932018e+00 2.08e+01 4.14e+03  -6.0 3.61e+03    -  4.73e-06 7.74e-06h  1
 643  9.8931766e+00 2.08e+01 4.15e+03  -6.0 4.27e+03    -  3.60e-06 2.98e-06h  1
 644  9.8931503e+00 2.08e+01 4.39e+03  -6.0 6.41e+03    -  5.66e-05 3.07e-06h  1
 645  9.8931419e+00 2.08e+01 5.36e+03  -6.0 2.67e+04    -  2.79e-05 9.31e-07h  2
 646  9.8931149e+00 2.08e+01 1.36e+05  -6.0 2.69e+04    -  8.25e-04 3.08e-06h  1
 647r 9.8931149e+00 2.08e+01 1.00e+03   1.1 0.00e+00    -  0.00e+00 6.36e-08R  2
 648r 9.8930919e+00 2.08e+01 6.54e+04   1.1 1.95e+04    -  2.01e-06 2.72e-09f  1
 649r 9.8930919e+00 2.08e+01 9.99e+02   1.1 0.00e+00    -  0.00e+00 1.35e-08R  2
iter    objective    inf_pr   inf_du lg(mu)  ||d||  lg(rg) alpha_du alpha_pr  ls
 650r 9.8930778e+00 2.08e+01 5.68e+04   1.1 1.93e+04    -  3.74e-07 1.75e-09f  1
 651  9.8930686e+00 2.08e+01 3.66e+03  -6.0 2.94e+03    -  7.51e-05 1.20e-06h  2
 652  9.8930003e+00 2.08e+01 1.01e+04  -6.0 3.60e+03    -  3.29e-06 8.96e-06h  1
 653  9.8929754e+00 2.08e+01 1.02e+04  -6.0 4.31e+03    -  1.98e-05 2.96e-06h  1
 654  9.8929496e+00 2.08e+01 1.01e+04  -6.0 6.48e+03    -  3.92e-05 3.02e-06h  1
 655  9.8929109e+00 2.08e+01 1.03e+04  -6.0 2.68e+04    -  5.14e-05 4.38e-06h  1
 656r 9.8929109e+00 2.08e+01 1.00e+03   1.1 0.00e+00    -  0.00e+00 1.86e-10R  2
 657r 9.8928934e+00 2.08e+01 6.26e+04   1.1 1.93e+04    -  2.27e-09 2.12e-09f  1
 658r 9.8928934e+00 2.08e+01 9.99e+02   1.1 0.00e+00    -  0.00e+00 1.49e-08R  2
 659r 9.8928793e+00 2.08e+01 5.63e+04   1.1 1.93e+04    -  8.04e-07 1.75e-09f  1
iter    objective    inf_pr   inf_du lg(mu)  ||d||  lg(rg) alpha_du alpha_pr  ls
 660  9.8928697e+00 2.08e+01 1.12e+04  -6.0 2.88e+03    -  2.28e-04 1.25e-06h  2
 661  9.8927965e+00 2.08e+01 3.27e+04  -6.0 3.64e+03    -  3.28e-06 9.55e-06h  1
 662  9.8927699e+00 2.08e+01 3.47e+04  -6.0 4.67e+03    -  2.53e-04 3.16e-06h  1
 663  9.8927354e+00 2.08e+01 3.32e+04  -6.0 1.61e+04    -  1.68e-05 4.04e-06h  1
 664  9.8924739e+00 2.08e+01 3.35e+04  -6.0 2.77e+04    -  8.56e-05 3.09e-05h  1
 665  9.8919993e+00 2.08e+01 3.35e+04  -6.0 2.96e+04    -  6.64e-05 6.84e-05h  1
 666r 9.8919993e+00 2.08e+01 1.00e+03   1.1 0.00e+00    -  0.00e+00 3.71e-11R  2
 667r 9.8919993e+00 2.08e+01 7.27e+04   1.1 1.89e+05    -  2.01e-11 8.57e-13f  1
 668r 9.8919993e+00 2.08e+01 9.99e+02   1.1 0.00e+00    -  0.00e+00 6.46e-09R  2
 669r 9.8919857e+00 2.08e+01 5.68e+04   1.1 1.94e+04    -  3.06e-07 1.75e-09f  1
iter    objective    inf_pr   inf_du lg(mu)  ||d||  lg(rg) alpha_du alpha_pr  ls
 670  9.8919765e+00 2.08e+01 7.89e+03  -6.0 2.95e+03    -  1.61e-04 1.22e-06h  2
 671  9.8919064e+00 2.08e+01 2.25e+04  -6.0 3.65e+03    -  3.26e-06 9.25e-06h  1
 672  9.8918815e+00 2.08e+01 2.36e+04  -6.0 4.64e+03    -  1.39e-04 3.05e-06h  1
 673  9.8918573e+00 2.08e+01 2.28e+04  -6.0 1.14e+04    -  1.48e-05 3.11e-06h  1
 674  9.8918176e+00 2.08e+01 2.27e+04  -6.0 3.02e+04    -  5.96e-05 6.12e-06h  1
 675r 9.8918176e+00 2.08e+01 1.00e+03   1.1 0.00e+00    -  0.00e+00 1.49e-11R  2
 676r 9.8918176e+00 2.08e+01 8.55e+04   1.1 5.36e+04    -  3.08e-10 7.29e-13f  1
 677r 9.8918176e+00 2.08e+01 9.99e+02   1.1 0.00e+00    -  0.00e+00 9.40e-09R  2
 678r 9.8918037e+00 2.08e+01 5.68e+04   1.1 1.93e+04    -  3.07e-07 1.75e-09f  1
 679  9.8917844e+00 2.08e+01 3.02e+03  -6.0 2.83e+03    -  6.35e-05 2.55e-06h  1
iter    objective    inf_pr   inf_du lg(mu)  ||d||  lg(rg) alpha_du alpha_pr  ls
 680  9.8917257e+00 2.08e+01 5.07e+03  -6.0 3.64e+03    -  4.70e-06 7.76e-06h  1
 681  9.8917015e+00 2.08e+01 5.13e+03  -6.0 4.43e+03    -  1.08e-05 2.96e-06h  1
 682  9.8916772e+00 2.08e+01 5.19e+03  -6.0 6.62e+03    -  7.11e-05 2.97e-06h  1
 683  9.8916673e+00 2.08e+01 1.14e+04  -6.0 3.05e+04    -  5.78e-05 1.52e-06h  2
 684  9.8916579e+00 2.08e+01 4.10e+04  -6.0 3.06e+04    -  1.72e-04 1.46e-06h  2
 685  9.8916532e+00 2.08e+01 4.55e+04  -6.0 3.09e+04    -  2.40e-05 7.45e-07h  2
 686  9.8916500e+00 2.08e+01 5.83e+05  -6.0 3.73e+04    -  1.28e-03 6.29e-07h  2
 687  9.8911975e+00 2.08e+01 4.98e+05  -6.0 4.70e+04    -  2.30e-05 1.34e-04h  1
 688r 9.8911975e+00 2.08e+01 1.00e+03   1.1 0.00e+00    -  0.00e+00 1.51e-10R  2
 689r 9.8911926e+00 2.08e+01 5.67e+04   1.1 3.85e+07    -  4.92e-09 1.03e-11f  1
iter    objective    inf_pr   inf_du lg(mu)  ||d||  lg(rg) alpha_du alpha_pr  ls
 690r 9.8911926e+00 2.08e+01 9.99e+02   1.1 0.00e+00    -  0.00e+00 2.33e-09R  2
 691r 9.8911784e+00 2.08e+01 5.68e+04   1.1 1.89e+04    -  3.18e-07 1.75e-09f  1
 692  9.8911692e+00 2.08e+01 2.97e+03  -6.0 2.93e+03    -  6.12e-05 1.20e-06h  2
 693  9.8911007e+00 2.08e+01 8.15e+03  -6.0 3.58e+03    -  3.31e-06 8.98e-06h  1
 694  9.8910763e+00 2.08e+01 8.15e+03  -6.0 4.23e+03    -  3.32e-06 2.88e-06h  1
 695  9.8910504e+00 2.08e+01 8.52e+03  -6.0 6.37e+03    -  7.84e-05 3.01e-06h  1
 696  9.8910466e+00 2.08e+01 8.12e+03  -6.0 2.12e+04    -  2.40e-05 4.19e-07h  2
 697  9.8910100e+00 2.08e+01 1.27e+05  -6.0 2.53e+04    -  8.18e-04 4.03e-06h  1
 698r 9.8910100e+00 2.08e+01 1.00e+03   1.1 0.00e+00    -  0.00e+00 3.47e-08R  2
 699r 9.8909868e+00 2.08e+01 6.81e+04   1.1 1.95e+04    -  2.05e-07 2.74e-09f  1
iter    objective    inf_pr   inf_du lg(mu)  ||d||  lg(rg) alpha_du alpha_pr  ls
 700r 9.8909868e+00 2.08e+01 9.99e+02   1.1 0.00e+00    -  0.00e+00 2.39e-08R  2
 701r 9.8909727e+00 2.08e+01 5.68e+04   1.1 1.90e+04    -  3.59e-07 1.75e-09f  1
 702  9.8909630e+00 2.08e+01 3.93e+03  -6.0 2.86e+03    -  8.07e-05 1.26e-06h  2
 703  9.8908938e+00 2.08e+01 1.08e+04  -6.0 3.59e+03    -  3.35e-06 9.07e-06h  1
 704  9.8908690e+00 2.08e+01 1.15e+04  -6.0 4.23e+03    -  8.96e-05 2.94e-06h  1
 705  9.8908404e+00 2.08e+01 1.14e+04  -6.0 7.30e+03    -  4.79e-06 3.32e-06h  1
 706  9.8908125e+00 2.08e+01 1.16e+04  -6.0 2.56e+04    -  2.29e-05 3.07e-06h  1
 707  9.8907980e+00 2.08e+01 1.39e+05  -6.0 2.63e+04    -  8.08e-04 1.66e-06f  1
 708r 9.8907980e+00 2.08e+01 1.00e+03   1.1 0.00e+00    -  0.00e+00 5.95e-09R  2
 709r 9.8907748e+00 2.08e+01 6.75e+04   1.1 1.95e+04    -  9.11e-08 2.74e-09f  1
iter    objective    inf_pr   inf_du lg(mu)  ||d||  lg(rg) alpha_du alpha_pr  ls
 710r 9.8907748e+00 2.08e+01 9.99e+02   1.1 0.00e+00    -  0.00e+00 1.91e-08R  2
 711r 9.8907608e+00 2.08e+01 5.67e+04   1.1 1.90e+04    -  3.88e-07 1.75e-09f  1
 712  9.8907412e+00 2.08e+01 7.60e+03  -6.0 2.83e+03    -  1.56e-04 2.56e-06h  1
 713  9.8906778e+00 2.08e+01 1.37e+04  -6.0 3.63e+03    -  4.62e-06 8.28e-06h  1
 714  9.8906519e+00 2.08e+01 1.39e+04  -6.0 4.52e+03    -  3.26e-05 3.07e-06h  1
 715  9.8906281e+00 2.08e+01 1.37e+04  -6.0 7.27e+03    -  2.63e-05 2.77e-06h  1
 716  9.8905289e+00 2.08e+01 5.22e+04  -6.0 2.65e+04    -  3.38e-04 1.11e-05h  1
 717  9.8905002e+00 2.08e+01 5.69e+04  -6.0 2.79e+04    -  3.15e-05 3.58e-06h  1
 718r 9.8905002e+00 2.08e+01 1.00e+03   1.1 0.00e+00    -  0.00e+00 5.79e-10R  2
 719r 9.8905002e+00 2.08e+01 5.30e+04   1.1 1.90e+04    -  1.28e-08 3.19e-12f  1
iter    objective    inf_pr   inf_du lg(mu)  ||d||  lg(rg) alpha_du alpha_pr  ls
 720r 9.8905002e+00 2.08e+01 9.99e+02   1.1 0.00e+00    -  0.00e+00 1.21e-09R  2
 721r 9.8904864e+00 2.08e+01 5.68e+04   1.1 1.91e+04    -  3.47e-07 1.75e-09f  1
 722  9.8904772e+00 2.08e+01 2.50e+03  -6.0 2.88e+03    -  5.18e-05 1.20e-06h  2
 723  9.8904093e+00 2.08e+01 6.80e+03  -6.0 3.60e+03    -  3.33e-06 8.93e-06h  1
 724  9.8903853e+00 2.08e+01 6.82e+03  -6.0 4.23e+03    -  5.01e-06 2.87e-06h  1
 725  9.8903586e+00 2.08e+01 7.08e+03  -6.0 6.51e+03    -  6.98e-05 3.15e-06h  1
 726  9.8903499e+00 2.08e+01 6.78e+03  -6.0 2.76e+04    -  2.66e-05 1.03e-06h  2
 727  9.8903252e+00 2.08e+01 1.48e+04  -6.0 2.79e+04    -  6.29e-05 2.98e-06h  1
 728r 9.8903252e+00 2.08e+01 1.00e+03   1.1 0.00e+00    -  0.00e+00 6.37e-09R  2
 729r 9.8903073e+00 2.08e+01 6.41e+04   1.1 1.90e+04    -  2.09e-08 2.17e-09f  1
iter    objective    inf_pr   inf_du lg(mu)  ||d||  lg(rg) alpha_du alpha_pr  ls
 730r 9.8903073e+00 2.08e+01 9.99e+02   1.1 0.00e+00    -  0.00e+00 1.51e-08R  2
 731r 9.8902932e+00 2.08e+01 5.67e+04   1.1 1.90e+04    -  3.87e-07 1.75e-09f  1
 732  9.8902837e+00 2.08e+01 8.93e+03  -6.0 2.84e+03    -  1.82e-04 1.26e-06h  2
 733  9.8902116e+00 2.08e+01 2.57e+04  -6.0 3.63e+03    -  3.29e-06 9.44e-06h  1
 734  9.8901861e+00 2.08e+01 2.70e+04  -6.0 4.55e+03    -  1.61e-04 3.04e-06h  1
 735  9.8901581e+00 2.08e+01 2.59e+04  -6.0 1.20e+04    -  1.71e-05 3.33e-06h  1
 736  9.8901044e+00 2.08e+01 2.63e+04  -6.0 2.81e+04    -  7.27e-05 6.51e-06h  1
 737r 9.8901044e+00 2.08e+01 1.00e+03   1.1 0.00e+00    -  0.00e+00 6.77e-11R  2
 738r 9.8900850e+00 2.08e+01 6.32e+04   1.1 1.88e+04    -  7.57e-10 2.36e-09f  1
 739r 9.8900850e+00 2.08e+01 9.99e+02   1.1 0.00e+00    -  0.00e+00 1.84e-08R  2
iter    objective    inf_pr   inf_du lg(mu)  ||d||  lg(rg) alpha_du alpha_pr  ls
 740r 9.8900710e+00 2.08e+01 5.50e+04   1.1 1.90e+04    -  1.88e-06 1.75e-09f  1
 741  9.8900512e+00 2.08e+01 1.70e+04  -6.0 2.76e+03    -  3.46e-04 2.59e-06h  1
 742  9.8899823e+00 2.08e+01 3.31e+04  -6.0 3.67e+03    -  4.62e-06 8.96e-06h  1
 743  9.8899538e+00 2.08e+01 3.77e+04  -6.0 4.97e+03    -  6.31e-04 3.40e-06h  1
 744  9.8898798e+00 2.08e+01 3.55e+04  -6.0 2.50e+04    -  1.73e-05 9.14e-06h  1
 745  9.8893651e+00 2.08e+01 3.57e+04  -6.0 2.92e+04    -  1.04e-04 6.76e-05h  1
 746  9.8887983e+00 2.08e+01 3.56e+04  -6.0 3.11e+04    -  1.25e-04 9.44e-05h  1
 747  9.8881307e+00 2.08e+01 1.94e+05  -6.0 3.17e+04    -  1.07e-03 1.13e-04h  1
 748r 9.8881307e+00 2.08e+01 1.00e+03   1.1 0.00e+00    -  0.00e+00 7.16e-11R  2
 749r 9.8881028e+00 2.08e+01 6.95e+04   1.1 2.05e+04    -  2.15e-10 3.46e-09f  1
iter    objective    inf_pr   inf_du lg(mu)  ||d||  lg(rg) alpha_du alpha_pr  ls
 750r 9.8881028e+00 2.08e+01 9.99e+02   1.1 0.00e+00    -  0.00e+00 1.55e-08R  2
 751r 9.8880895e+00 2.08e+01 5.45e+04   1.1 1.91e+04    -  2.28e-06 1.75e-09f  1
 752  9.8880804e+00 2.08e+01 3.85e+04  -6.0 2.96e+03    -  7.80e-04 1.20e-06h  2
 753  9.8879932e+00 2.08e+01 1.37e+05  -6.0 3.77e+03    -  3.21e-06 1.14e-05h  1
 754  9.8879656e+00 2.08e+01 1.39e+05  -6.0 6.24e+03    -  2.35e-04 3.43e-06h  1
 755  9.8877899e+00 2.08e+01 1.40e+05  -6.0 3.18e+04    -  1.92e-05 2.91e-05h  1
 756  9.8877819e+00 2.08e+01 1.41e+05  -6.0 3.21e+04    -  3.83e-04 1.35e-06f  1
 757  9.8872086e+00 2.08e+01 1.41e+05  -6.0 3.21e+04    -  5.52e-05 9.69e-05f  1
 758r 9.8872086e+00 2.08e+01 1.00e+03   1.1 0.00e+00    -  0.00e+00 5.51e-11R  2
 759r 9.8872085e+00 2.08e+01 6.00e+04   1.1 1.29e+05    -  7.12e-10 1.56e-12f  1
iter    objective    inf_pr   inf_du lg(mu)  ||d||  lg(rg) alpha_du alpha_pr  ls
 760r 9.8872085e+00 2.08e+01 9.99e+02   1.1 0.00e+00    -  0.00e+00 1.37e-08R  2
 761r 9.8871951e+00 2.08e+01 5.45e+04   1.1 1.91e+04    -  2.29e-06 1.75e-09f  1
 762  9.8871857e+00 2.08e+01 5.28e+03  -6.0 2.87e+03    -  1.08e-04 1.24e-06h  2
 763  9.8871168e+00 2.08e+01 1.47e+04  -6.0 3.67e+03    -  3.31e-06 9.14e-06h  1
 764  9.8870932e+00 2.08e+01 2.47e+04  -6.0 4.50e+03    -  1.24e-03 2.91e-06h  1
 765  9.8870489e+00 2.08e+01 2.33e+04  -6.0 2.13e+04    -  1.54e-05 6.45e-06h  1
 766  9.8870408e+00 2.08e+01 1.10e+05  -6.0 3.24e+04    -  4.87e-04 1.37e-06h  2
 767  9.8870366e+00 2.08e+01 1.14e+05  -6.0 3.32e+04    -  2.42e-05 7.27e-07h  2
 768  9.8870320e+00 2.08e+01 2.70e+05  -6.0 4.14e+04    -  3.12e-04 1.16e-06h  2
 769  9.8867751e+00 2.07e+01 2.30e+05  -6.0 4.62e+04    -  2.71e-05 8.33e-05h  1
iter    objective    inf_pr   inf_du lg(mu)  ||d||  lg(rg) alpha_du alpha_pr  ls
 770  9.8865392e+00 2.07e+01 1.22e+06  -6.0 4.86e+04    -  1.22e-03 4.23e-05h  1
 771  9.8855906e+00 2.07e+01 1.18e+06  -6.0 5.22e+04    -  1.65e-04 2.06e-04h  1
 772r 9.8855906e+00 2.07e+01 1.00e+03   1.1 0.00e+00    -  0.00e+00 1.61e-10R  2
 773r 9.8855898e+00 2.07e+01 5.24e+04   1.1 2.86e+07    -  9.32e-09 2.34e-12f  1
 774r 9.8855898e+00 2.07e+01 9.99e+02   1.1 0.00e+00    -  0.00e+00 6.92e-09R  2
 775r 9.8855748e+00 2.07e+01 5.65e+04   1.1 6.89e+04    -  5.13e-07 1.75e-09f  1
 776  9.8855554e+00 2.07e+01 1.25e+03  -6.0 3.74e+03    -  2.78e-05 2.55e-06h  1
 777  9.8854949e+00 2.07e+01 2.13e+03  -6.0 3.74e+03    -  4.91e-06 8.03e-06h  1
 778  9.8854758e+00 2.07e+01 2.14e+03  -6.0 4.33e+03    -  3.19e-06 2.35e-06h  1
 779  9.8854545e+00 2.07e+01 2.54e+03  -6.0 6.69e+03    -  8.35e-05 2.62e-06h  1
iter    objective    inf_pr   inf_du lg(mu)  ||d||  lg(rg) alpha_du alpha_pr  ls
 780  9.8854440e+00 2.07e+01 2.72e+03  -6.0 1.19e+04    -  1.18e-05 1.36e-06h  1
 781r 9.8854440e+00 2.07e+01 1.00e+03   1.1 0.00e+00    -  0.00e+00 9.02e-08R  2
 782r 9.8854270e+00 2.07e+01 6.15e+04   1.1 1.62e+06    -  8.01e-09 2.06e-09f  1
 783r 9.8854270e+00 2.07e+01 9.99e+02   1.1 0.00e+00    -  0.00e+00 1.26e-08R  2
 784r 9.8854129e+00 2.07e+01 5.45e+04   1.1 1.85e+04    -  2.30e-06 1.75e-09f  1
 785  9.8854038e+00 2.07e+01 2.98e+03  -6.0 2.93e+03    -  6.14e-05 1.20e-06h  2
 786  9.8853348e+00 2.07e+01 8.32e+03  -6.0 3.63e+03    -  3.31e-06 9.13e-06h  1
 787  9.8853121e+00 2.07e+01 1.49e+04  -6.0 4.17e+03    -  8.12e-04 2.78e-06h  1
 788  9.8852758e+00 2.07e+01 1.43e+04  -6.0 1.44e+04    -  1.54e-05 4.82e-06h  1
 789  9.8851329e+00 2.07e+01 1.42e+04  -6.0 2.93e+04    -  2.12e-05 2.21e-05h  1
iter    objective    inf_pr   inf_du lg(mu)  ||d||  lg(rg) alpha_du alpha_pr  ls
 790  9.8847775e+00 2.07e+01 8.34e+04  -6.0 2.97e+04    -  4.75e-04 5.74e-05f  1
 791  9.8839441e+00 2.07e+01 7.79e+04  -6.0 3.05e+04    -  1.08e-04 1.40e-04h  1
 792  9.8837640e+00 2.07e+01 2.51e+05  -6.0 3.20e+04    -  9.23e-04 3.09e-05h  1
 793r 9.8837640e+00 2.07e+01 1.00e+03   1.1 0.00e+00    -  0.00e+00 9.95e-11R  2
 794r 9.8837351e+00 2.07e+01 7.13e+04   1.1 1.99e+04    -  2.01e-08 3.52e-09f  1
 795r 9.8837351e+00 2.07e+01 9.99e+02   1.1 0.00e+00    -  0.00e+00 1.75e-08R  2
 796r 9.8837218e+00 2.07e+01 5.44e+04   1.1 1.89e+04    -  2.37e-06 1.75e-09f  1
 797  9.8837126e+00 2.07e+01 4.65e+03  -6.0 3.75e+03    -  9.51e-05 1.22e-06h  2
 798  9.8836430e+00 2.07e+01 1.32e+04  -6.0 3.66e+03    -  3.29e-06 9.24e-06h  1
 799  9.8836197e+00 2.07e+01 1.33e+04  -6.0 4.34e+03    -  2.40e-05 2.87e-06h  1
iter    objective    inf_pr   inf_du lg(mu)  ||d||  lg(rg) alpha_du alpha_pr  ls
 800  9.8835964e+00 2.07e+01 1.31e+04  -6.0 6.87e+03    -  3.19e-05 2.90e-06h  1
 801  9.8835859e+00 2.07e+01 5.01e+04  -6.0 3.06e+04    -  2.70e-04 1.71e-06h  2
 802  9.8835592e+00 2.07e+01 5.33e+04  -6.0 3.12e+04    -  2.14e-05 4.53e-06h  1
 803  9.8823928e+00 2.07e+01 2.99e+05  -6.0 3.18e+04    -  1.47e-03 1.98e-04h  1
 804  9.8823048e+00 2.07e+01 3.48e+05  -6.0 3.37e+04    -  2.26e-04 1.56e-05h  1
 805  9.8822628e+00 2.07e+01 5.89e+05  -6.0 4.98e+04    -  2.86e-04 1.11e-05h  1
 806  9.8822626e+00 2.07e+01 5.89e+05  -6.0 5.10e+04    -  1.94e-08 6.96e-08h  2
 807r 9.8822626e+00 2.07e+01 1.00e+03   1.1 0.00e+00    -  0.00e+00 2.64e-09R  6
 808r 9.8822584e+00 2.07e+01 4.11e+03   1.1 3.24e+04    -  2.39e-06 5.08e-10f  1
 809r 9.8822584e+00 2.07e+01 9.99e+02   1.1 0.00e+00    -  0.00e+00 4.14e-09R  2
iter    objective    inf_pr   inf_du lg(mu)  ||d||  lg(rg) alpha_du alpha_pr  ls
 810r 9.8822456e+00 2.07e+01 5.45e+04   1.1 1.90e+04    -  2.39e-06 1.76e-09f  1
 811  9.8822364e+00 2.07e+01 1.67e+03  -6.0 3.74e+03    -  3.49e-05 1.23e-06h  2
 812  9.8821665e+00 2.07e+01 4.65e+03  -6.0 3.73e+03    -  3.42e-06 9.29e-06h  1
 813  9.8821470e+00 2.07e+01 4.66e+03  -6.0 4.14e+03    -  4.45e-06 2.41e-06h  1
 814  9.8821194e+00 2.07e+01 4.98e+03  -6.0 6.67e+03    -  7.70e-05 3.42e-06h  1
 815r 9.8821194e+00 2.07e+01 1.00e+03   1.1 0.00e+00    -  0.00e+00 1.05e-07R  2
 816r 9.8821033e+00 2.07e+01 6.14e+04   1.1 2.49e+07    -  1.10e-08 2.04e-09f  1
 817r 9.8821033e+00 2.07e+01 9.99e+02   1.1 0.00e+00    -  0.00e+00 2.42e-08R  2
 818r 9.8820896e+00 2.07e+01 5.43e+04   1.1 1.88e+04    -  2.42e-06 1.75e-09f  1
 819  9.8820802e+00 2.07e+01 6.04e+04  -6.0 2.92e+03    -  1.22e-03 1.25e-06h  2
iter    objective    inf_pr   inf_du lg(mu)  ||d||  lg(rg) alpha_du alpha_pr  ls
 820  9.8819826e+00 2.07e+01 2.37e+05  -6.0 3.82e+03    -  3.25e-06 1.27e-05h  1
 821  9.8819734e+00 2.07e+01 2.38e+05  -6.0 7.42e+03    -  2.98e-04 1.16e-06h  2
 822  9.8818218e+00 2.07e+01 2.39e+05  -6.0 3.09e+04    -  1.81e-05 2.50e-05h  1
 823  9.8816197e+00 2.07e+01 2.40e+05  -6.0 3.21e+04    -  4.94e-04 3.42e-05h  1
 824  9.8810504e+00 2.07e+01 2.40e+05  -6.0 3.24e+04    -  8.35e-05 9.78e-05h  1
 825r 9.8810504e+00 2.07e+01 1.00e+03   1.1 0.00e+00    -  0.00e+00 5.66e-11R  2
 826r 9.8810504e+00 2.07e+01 5.68e+04   1.1 1.11e+05    -  5.86e-10 2.22e-12f  1
 827r 9.8810504e+00 2.07e+01 9.99e+02   1.1 0.00e+00    -  0.00e+00 5.77e-08R  2
 828r 9.8810372e+00 2.07e+01 5.44e+04   1.1 1.89e+04    -  2.36e-06 1.75e-09f  1
 829  9.8810276e+00 2.07e+01 5.94e+03  -6.0 2.86e+03    -  1.21e-04 1.26e-06h  2
iter    objective    inf_pr   inf_du lg(mu)  ||d||  lg(rg) alpha_du alpha_pr  ls
 830  9.8809573e+00 2.07e+01 1.69e+04  -6.0 3.68e+03    -  3.31e-06 9.33e-06h  1
 831  9.8809327e+00 2.07e+01 2.57e+04  -6.0 4.38e+03    -  1.12e-03 3.03e-06h  1
 832  9.8808909e+00 2.07e+01 2.09e+04  -6.0 2.12e+04    -  1.58e-05 6.14e-06h  1
 833  9.8808696e+00 2.07e+01 1.35e+05  -6.0 3.26e+04    -  6.26e-04 3.60e-06h  1
 834r 9.8808696e+00 2.07e+01 1.00e+03   1.1 0.00e+00    -  0.00e+00 6.39e-08R  2
 835r 9.8808429e+00 2.07e+01 6.90e+04   1.1 1.95e+04    -  2.44e-06 3.27e-09f  1
 836r 9.8808429e+00 2.07e+01 9.99e+02   1.1 0.00e+00    -  0.00e+00 2.23e-08R  2
 837r 9.8808294e+00 2.07e+01 5.44e+04   1.1 1.88e+04    -  2.36e-06 1.75e-09f  1
 838  9.8808095e+00 2.07e+01 2.57e+03  -6.0 2.75e+03    -  5.44e-05 2.62e-06h  1
 839  9.8807495e+00 2.07e+01 4.34e+03  -6.0 3.68e+03    -  4.80e-06 7.97e-06h  1
iter    objective    inf_pr   inf_du lg(mu)  ||d||  lg(rg) alpha_du alpha_pr  ls
 840  9.8807266e+00 2.07e+01 4.46e+03  -6.0 4.26e+03    -  1.73e-05 2.83e-06h  1
 841  9.8807014e+00 2.07e+01 4.33e+03  -6.0 6.79e+03    -  5.71e-05 3.11e-06h  1
 842  9.8806952e+00 2.07e+01 5.83e+04  -6.0 3.25e+04    -  2.93e-04 9.97e-07h  2
 843  9.8806711e+00 2.07e+01 6.17e+04  -6.0 3.28e+04    -  2.08e-05 4.07e-06h  1
 844r 9.8806711e+00 2.07e+01 1.00e+03   1.1 0.00e+00    -  0.00e+00 9.47e-09R  2
 845r 9.8806711e+00 2.07e+01 3.16e+04   1.1 1.90e+04    -  1.50e-06 2.79e-12f  1
 846r 9.8806711e+00 2.07e+01 9.99e+02   1.1 0.00e+00    -  0.00e+00 8.87e-10R  2
 847r 9.8806574e+00 2.07e+01 5.44e+04   1.1 1.87e+04    -  2.36e-06 1.75e-09f  1
 848  9.8806484e+00 2.07e+01 1.84e+03  -6.0 2.91e+03    -  3.85e-05 1.20e-06h  2
 849  9.8805804e+00 2.07e+01 5.03e+03  -6.0 3.65e+03    -  3.38e-06 9.03e-06h  1
iter    objective    inf_pr   inf_du lg(mu)  ||d||  lg(rg) alpha_du alpha_pr  ls
 850  9.8805580e+00 2.07e+01 5.04e+03  -6.0 4.19e+03    -  4.49e-06 2.75e-06h  1
 851  9.8805320e+00 2.07e+01 1.31e+04  -6.0 6.65e+03    -  4.99e-04 3.20e-06h  1
 852  9.8805053e+00 2.07e+01 1.58e+04  -6.0 3.27e+04    -  1.91e-05 4.40e-06h  1
 853r 9.8805053e+00 2.07e+01 1.00e+03   1.1 0.00e+00    -  0.00e+00 1.68e-09R  2
 854r 9.8805053e+00 2.07e+01 2.51e+04   1.1 1.86e+04    -  2.37e-07 3.78e-12f  1
 855r 9.8805053e+00 2.07e+01 9.99e+02   1.1 0.00e+00    -  0.00e+00 3.54e-09R  2
 856r 9.8804916e+00 2.07e+01 5.44e+04   1.1 1.87e+04    -  2.37e-06 1.75e-09f  1
 857  9.8804821e+00 2.07e+01 1.78e+03  -6.0 2.80e+03    -  3.72e-05 1.25e-06h  2
 858  9.8804142e+00 2.07e+01 4.79e+03  -6.0 3.65e+03    -  3.44e-06 9.03e-06h  1
 859  9.8803918e+00 2.07e+01 4.80e+03  -6.0 4.17e+03    -  4.83e-06 2.76e-06h  1
iter    objective    inf_pr   inf_du lg(mu)  ||d||  lg(rg) alpha_du alpha_pr  ls
 860  9.8803655e+00 2.07e+01 1.32e+04  -6.0 6.64e+03    -  5.00e-04 3.23e-06h  1
 861  9.8803383e+00 2.07e+01 1.59e+04  -6.0 3.27e+04    -  1.92e-05 4.45e-06h  1
 862r 9.8803383e+00 2.07e+01 1.00e+03   1.1 0.00e+00    -  0.00e+00 1.67e-09R  2
 863r 9.8803383e+00 2.07e+01 2.61e+04   1.1 1.86e+04    -  2.34e-07 3.63e-12f  1
 864r 9.8803383e+00 2.07e+01 9.99e+02   1.1 0.00e+00    -  0.00e+00 3.99e-09R  2
 865r 9.8803245e+00 2.07e+01 5.44e+04   1.1 1.87e+04    -  2.37e-06 1.75e-09f  1
 866  9.8803151e+00 2.07e+01 1.76e+03  -6.0 2.80e+03    -  3.67e-05 1.26e-06h  2
 867  9.8802471e+00 2.07e+01 4.71e+03  -6.0 3.64e+03    -  3.44e-06 9.03e-06h  1
 868  9.8802246e+00 2.07e+01 4.72e+03  -6.0 4.17e+03    -  4.84e-06 2.76e-06h  1
 869  9.8801983e+00 2.07e+01 1.32e+04  -6.0 6.64e+03    -  5.01e-04 3.24e-06h  1
iter    objective    inf_pr   inf_du lg(mu)  ||d||  lg(rg) alpha_du alpha_pr  ls
 870  9.8801708e+00 2.07e+01 1.59e+04  -6.0 3.27e+04    -  1.92e-05 4.46e-06h  1
 871r 9.8801708e+00 2.07e+01 1.00e+03   1.1 0.00e+00    -  0.00e+00 1.68e-09R  2
 872r 9.8801708e+00 2.07e+01 2.62e+04   1.1 1.86e+04    -  2.35e-07 3.63e-12f  1
 873r 9.8801708e+00 2.07e+01 9.99e+02   1.1 0.00e+00    -  0.00e+00 4.02e-09R  2
 874r 9.8801570e+00 2.07e+01 5.44e+04   1.1 1.87e+04    -  2.38e-06 1.75e-09f  1
 875  9.8801475e+00 2.07e+01 1.74e+03  -6.0 2.80e+03    -  3.65e-05 1.26e-06h  2
 876  9.8800795e+00 2.07e+01 4.68e+03  -6.0 3.65e+03    -  3.45e-06 9.04e-06h  1
 877  9.8800571e+00 2.07e+01 4.69e+03  -6.0 4.17e+03    -  4.86e-06 2.76e-06h  1
 878  9.8800307e+00 2.07e+01 1.32e+04  -6.0 6.65e+03    -  5.02e-04 3.24e-06h  1
 879  9.8800029e+00 2.07e+01 1.59e+04  -6.0 3.28e+04    -  1.92e-05 4.47e-06h  1
iter    objective    inf_pr   inf_du lg(mu)  ||d||  lg(rg) alpha_du alpha_pr  ls
 880r 9.8800029e+00 2.07e+01 1.00e+03   1.1 0.00e+00    -  0.00e+00 1.69e-09R  2
 881r 9.8800029e+00 2.07e+01 2.62e+04   1.1 1.85e+04    -  2.35e-07 3.63e-12f  1
 882r 9.8800029e+00 2.07e+01 9.99e+02   1.1 0.00e+00    -  0.00e+00 4.02e-09R  2
 883r 9.8799892e+00 2.07e+01 5.43e+04   1.1 1.86e+04    -  2.38e-06 1.75e-09f  1
 884  9.8799797e+00 2.07e+01 1.73e+03  -6.0 2.80e+03    -  3.63e-05 1.26e-06h  2
 885  9.8799116e+00 2.07e+01 4.65e+03  -6.0 3.65e+03    -  3.45e-06 9.04e-06h  1
 886  9.8798892e+00 2.07e+01 4.67e+03  -6.0 4.17e+03    -  4.88e-06 2.75e-06h  1
 887  9.8798628e+00 2.07e+01 1.32e+04  -6.0 6.65e+03    -  5.03e-04 3.24e-06h  1
 888  9.8798348e+00 2.07e+01 1.59e+04  -6.0 3.28e+04    -  1.92e-05 4.49e-06h  1
 889r 9.8798348e+00 2.07e+01 1.00e+03   1.1 0.00e+00    -  0.00e+00 1.70e-09R  2
iter    objective    inf_pr   inf_du lg(mu)  ||d||  lg(rg) alpha_du alpha_pr  ls
 890r 9.8798347e+00 2.07e+01 2.62e+04   1.1 1.85e+04    -  2.35e-07 3.63e-12f  1
 891r 9.8798347e+00 2.07e+01 9.99e+02   1.1 0.00e+00    -  0.00e+00 4.01e-09R  2
 892r 9.8798210e+00 2.07e+01 5.43e+04   1.1 1.86e+04    -  2.38e-06 1.75e-09f  1
 893  9.8798115e+00 2.07e+01 1.72e+03  -6.0 2.80e+03    -  3.61e-05 1.26e-06h  2
 894  9.8797434e+00 2.07e+01 4.62e+03  -6.0 3.65e+03    -  3.45e-06 9.04e-06h  1
 895  9.8797210e+00 2.07e+01 4.64e+03  -6.0 4.17e+03    -  4.90e-06 2.75e-06h  1
 896  9.8796945e+00 2.07e+01 1.33e+04  -6.0 6.66e+03    -  5.04e-04 3.25e-06h  1
 897  9.8796663e+00 2.07e+01 1.60e+04  -6.0 3.28e+04    -  1.92e-05 4.50e-06h  1
 898r 9.8796663e+00 2.07e+01 1.00e+03   1.1 0.00e+00    -  0.00e+00 1.71e-09R  2
 899r 9.8796663e+00 2.07e+01 2.63e+04   1.1 1.85e+04    -  2.35e-07 3.63e-12f  1
iter    objective    inf_pr   inf_du lg(mu)  ||d||  lg(rg) alpha_du alpha_pr  ls
 900r 9.8796663e+00 2.07e+01 9.99e+02   1.1 0.00e+00    -  0.00e+00 3.99e-09R  2
 901r 9.8796525e+00 2.07e+01 5.43e+04   1.1 1.86e+04    -  2.39e-06 1.75e-09f  1
 902  9.8796430e+00 2.07e+01 1.71e+03  -6.0 2.80e+03    -  3.59e-05 1.26e-06h  2
 903  9.8795749e+00 2.07e+01 4.60e+03  -6.0 3.65e+03    -  3.45e-06 9.05e-06h  1
 904  9.8795525e+00 2.07e+01 4.62e+03  -6.0 4.17e+03    -  4.92e-06 2.75e-06h  1
 905  9.8795260e+00 2.07e+01 1.33e+04  -6.0 6.66e+03    -  5.05e-04 3.25e-06h  1
 906  9.8794975e+00 2.07e+01 1.60e+04  -6.0 3.28e+04    -  1.92e-05 4.51e-06h  1
 907r 9.8794975e+00 2.07e+01 1.00e+03   1.1 0.00e+00    -  0.00e+00 1.72e-09R  2
 908r 9.8794975e+00 2.07e+01 2.63e+04   1.1 1.85e+04    -  2.35e-07 3.62e-12f  1
 909r 9.8794975e+00 2.07e+01 9.99e+02   1.1 0.00e+00    -  0.00e+00 3.98e-09R  2
iter    objective    inf_pr   inf_du lg(mu)  ||d||  lg(rg) alpha_du alpha_pr  ls
 910r 9.8794837e+00 2.07e+01 5.43e+04   1.1 1.86e+04    -  2.39e-06 1.75e-09f  1
 911  9.8794742e+00 2.07e+01 1.70e+03  -6.0 2.80e+03    -  3.57e-05 1.25e-06h  2
 912  9.8794061e+00 2.07e+01 4.58e+03  -6.0 3.65e+03    -  3.45e-06 9.05e-06h  1
 913  9.8793837e+00 2.07e+01 4.59e+03  -6.0 4.17e+03    -  4.94e-06 2.74e-06h  1
 914  9.8793571e+00 2.07e+01 1.33e+04  -6.0 6.67e+03    -  5.06e-04 3.26e-06h  1
 915  9.8793285e+00 2.07e+01 1.60e+04  -6.0 3.29e+04    -  1.92e-05 4.53e-06h  1
 916r 9.8793285e+00 2.07e+01 1.00e+03   1.1 0.00e+00    -  0.00e+00 1.73e-09R  2
 917r 9.8793285e+00 2.07e+01 2.63e+04   1.1 1.85e+04    -  2.35e-07 3.62e-12f  1
 918r 9.8793285e+00 2.07e+01 9.99e+02   1.1 0.00e+00    -  0.00e+00 3.97e-09R  2
 919r 9.8793147e+00 2.07e+01 5.43e+04   1.1 1.85e+04    -  2.40e-06 1.75e-09f  1
iter    objective    inf_pr   inf_du lg(mu)  ||d||  lg(rg) alpha_du alpha_pr  ls
 920  9.8793052e+00 2.07e+01 1.70e+03  -6.0 2.79e+03    -  3.55e-05 1.25e-06h  2
 921  9.8792370e+00 2.07e+01 4.55e+03  -6.0 3.65e+03    -  3.45e-06 9.06e-06h  1
 922  9.8792147e+00 2.07e+01 4.57e+03  -6.0 4.17e+03    -  4.96e-06 2.74e-06h  1
 923  9.8791880e+00 2.07e+01 1.34e+04  -6.0 6.67e+03    -  5.07e-04 3.26e-06h  1
 924  9.8791592e+00 2.07e+01 1.61e+04  -6.0 3.29e+04    -  1.92e-05 4.54e-06h  1
 925r 9.8791592e+00 2.07e+01 1.00e+03   1.1 0.00e+00    -  0.00e+00 1.74e-09R  2
 926r 9.8791592e+00 2.07e+01 2.64e+04   1.1 1.85e+04    -  2.35e-07 3.62e-12f  1
 927r 9.8791592e+00 2.07e+01 9.99e+02   1.1 0.00e+00    -  0.00e+00 3.96e-09R  2
 928r 9.8791454e+00 2.07e+01 5.43e+04   1.1 1.85e+04    -  2.40e-06 1.75e-09f  1
 929  9.8791359e+00 2.07e+01 1.69e+03  -6.0 2.79e+03    -  3.53e-05 1.25e-06h  2
iter    objective    inf_pr   inf_du lg(mu)  ||d||  lg(rg) alpha_du alpha_pr  ls
 930  9.8790677e+00 2.07e+01 4.53e+03  -6.0 3.65e+03    -  3.45e-06 9.06e-06h  1
 931  9.8790454e+00 2.07e+01 4.55e+03  -6.0 4.17e+03    -  4.97e-06 2.74e-06h  1
 932  9.8790187e+00 2.07e+01 1.34e+04  -6.0 6.68e+03    -  5.08e-04 3.26e-06h  1
 933  9.8789897e+00 2.07e+01 1.61e+04  -6.0 3.29e+04    -  1.93e-05 4.55e-06h  1
 934r 9.8789897e+00 2.07e+01 1.00e+03   1.1 0.00e+00    -  0.00e+00 1.75e-09R  2
 935r 9.8789897e+00 2.07e+01 2.64e+04   1.1 1.85e+04    -  2.35e-07 3.62e-12f  1
 936r 9.8789897e+00 2.07e+01 9.99e+02   1.1 0.00e+00    -  0.00e+00 3.94e-09R  2
 937r 9.8789759e+00 2.07e+01 5.43e+04   1.1 1.85e+04    -  2.41e-06 1.75e-09f  1
 938  9.8789664e+00 2.07e+01 1.68e+03  -6.0 2.79e+03    -  3.51e-05 1.25e-06h  2
 939  9.8788982e+00 2.07e+01 4.51e+03  -6.0 3.65e+03    -  3.45e-06 9.07e-06h  1
iter    objective    inf_pr   inf_du lg(mu)  ||d||  lg(rg) alpha_du alpha_pr  ls
 940  9.8788759e+00 2.07e+01 4.53e+03  -6.0 4.17e+03    -  4.99e-06 2.73e-06h  1
 941  9.8788492e+00 2.07e+01 1.34e+04  -6.0 6.68e+03    -  5.09e-04 3.27e-06h  1
 942  9.8788200e+00 2.07e+01 1.61e+04  -6.0 3.29e+04    -  1.93e-05 4.56e-06h  1
 943r 9.8788200e+00 2.07e+01 1.00e+03   1.1 0.00e+00    -  0.00e+00 1.76e-09R  2
 944r 9.8788200e+00 2.07e+01 2.64e+04   1.1 1.85e+04    -  2.35e-07 3.62e-12f  1
 945r 9.8788200e+00 2.07e+01 9.99e+02   1.1 0.00e+00    -  0.00e+00 3.93e-09R  2
 946r 9.8788062e+00 2.07e+01 5.43e+04   1.1 1.85e+04    -  2.41e-06 1.75e-09f  1
 947  9.8787967e+00 2.07e+01 1.67e+03  -6.0 2.79e+03    -  3.50e-05 1.25e-06h  2
 948  9.8787284e+00 2.07e+01 4.49e+03  -6.0 3.65e+03    -  3.45e-06 9.07e-06h  1
 949  9.8787062e+00 2.07e+01 4.50e+03  -6.0 4.17e+03    -  5.01e-06 2.73e-06h  1
iter    objective    inf_pr   inf_du lg(mu)  ||d||  lg(rg) alpha_du alpha_pr  ls
 950  9.8786794e+00 2.07e+01 1.35e+04  -6.0 6.69e+03    -  5.10e-04 3.27e-06h  1
 951  9.8786501e+00 2.07e+01 1.62e+04  -6.0 3.30e+04    -  1.93e-05 4.58e-06h  1
 952r 9.8786501e+00 2.07e+01 1.00e+03   1.1 0.00e+00    -  0.00e+00 1.76e-09R  2
 953r 9.8786501e+00 2.07e+01 2.65e+04   1.1 1.85e+04    -  2.35e-07 3.62e-12f  1
 954r 9.8786501e+00 2.07e+01 9.99e+02   1.1 0.00e+00    -  0.00e+00 3.92e-09R  2
 955r 9.8786363e+00 2.07e+01 5.43e+04   1.1 1.84e+04    -  2.42e-06 1.75e-09f  1
 956  9.8786268e+00 2.07e+01 1.66e+03  -6.0 2.79e+03    -  3.48e-05 1.25e-06h  2
 957  9.8785585e+00 2.07e+01 4.46e+03  -6.0 3.65e+03    -  3.45e-06 9.07e-06h  1
 958  9.8785362e+00 2.07e+01 4.48e+03  -6.0 4.17e+03    -  5.03e-06 2.73e-06h  1
 959  9.8785094e+00 2.07e+01 1.35e+04  -6.0 6.69e+03    -  5.11e-04 3.28e-06h  1
iter    objective    inf_pr   inf_du lg(mu)  ||d||  lg(rg) alpha_du alpha_pr  ls
 960  9.8784800e+00 2.07e+01 1.62e+04  -6.0 3.30e+04    -  1.93e-05 4.59e-06h  1
 961r 9.8784800e+00 2.07e+01 1.00e+03   1.1 0.00e+00    -  0.00e+00 1.77e-09R  2
 962r 9.8784799e+00 2.07e+01 2.65e+04   1.1 1.85e+04    -  2.35e-07 3.62e-12f  1
 963r 9.8784799e+00 2.07e+01 9.99e+02   1.1 0.00e+00    -  0.00e+00 3.91e-09R  2
 964r 9.8784661e+00 2.07e+01 5.43e+04   1.1 1.84e+04    -  2.42e-06 1.75e-09f  1
 965  9.8784567e+00 2.07e+01 1.65e+03  -6.0 2.79e+03    -  3.46e-05 1.25e-06h  2
 966  9.8783883e+00 2.07e+01 4.44e+03  -6.0 3.65e+03    -  3.45e-06 9.08e-06h  1
 967  9.8783661e+00 2.07e+01 4.46e+03  -6.0 4.17e+03    -  5.05e-06 2.72e-06h  1
 968  9.8783392e+00 2.07e+01 1.35e+04  -6.0 6.70e+03    -  5.12e-04 3.28e-06h  1
 969  9.8783097e+00 2.07e+01 1.62e+04  -6.0 3.30e+04    -  1.93e-05 4.60e-06h  1
iter    objective    inf_pr   inf_du lg(mu)  ||d||  lg(rg) alpha_du alpha_pr  ls
 970r 9.8783097e+00 2.07e+01 1.00e+03   1.1 0.00e+00    -  0.00e+00 1.78e-09R  2
 971r 9.8783096e+00 2.07e+01 2.65e+04   1.1 1.85e+04    -  2.35e-07 3.61e-12f  1
 972r 9.8783096e+00 2.07e+01 9.99e+02   1.1 0.00e+00    -  0.00e+00 3.90e-09R  2
 973r 9.8782958e+00 2.07e+01 5.43e+04   1.1 1.84e+04    -  2.42e-06 1.75e-09f  1
 974  9.8782863e+00 2.07e+01 1.64e+03  -6.0 2.79e+03    -  3.44e-05 1.25e-06h  2
 975  9.8782180e+00 2.07e+01 4.42e+03  -6.0 3.65e+03    -  3.46e-06 9.08e-06h  1
 976  9.8781958e+00 2.07e+01 4.44e+03  -6.0 4.17e+03    -  5.07e-06 2.72e-06h  1
 977  9.8781689e+00 2.07e+01 1.36e+04  -6.0 6.70e+03    -  5.13e-04 3.28e-06h  1
 978  9.8781392e+00 2.07e+01 1.63e+04  -6.0 3.30e+04    -  1.93e-05 4.62e-06h  1
 979r 9.8781392e+00 2.07e+01 1.00e+03   1.1 0.00e+00    -  0.00e+00 1.79e-09R  2
iter    objective    inf_pr   inf_du lg(mu)  ||d||  lg(rg) alpha_du alpha_pr  ls
 980r 9.8781391e+00 2.07e+01 2.66e+04   1.1 1.85e+04    -  2.35e-07 3.61e-12f  1
 981r 9.8781391e+00 2.07e+01 9.99e+02   1.1 0.00e+00    -  0.00e+00 3.88e-09R  2
 982r 9.8781253e+00 2.07e+01 5.43e+04   1.1 1.84e+04    -  2.43e-06 1.75e-09f  1
 983  9.8781159e+00 2.07e+01 1.63e+03  -6.0 2.80e+03    -  3.43e-05 1.25e-06h  2
 984  9.8780474e+00 2.07e+01 4.40e+03  -6.0 3.65e+03    -  3.46e-06 9.09e-06h  1
 985  9.8780253e+00 2.07e+01 4.42e+03  -6.0 4.17e+03    -  5.09e-06 2.72e-06h  1
 986  9.8779983e+00 2.07e+01 1.36e+04  -6.0 6.71e+03    -  5.14e-04 3.29e-06h  1
 987  9.8779685e+00 2.07e+01 1.63e+04  -6.0 3.31e+04    -  1.93e-05 4.63e-06h  1
 988r 9.8779685e+00 2.07e+01 1.00e+03   1.1 0.00e+00    -  0.00e+00 1.80e-09R  2
 989r 9.8779685e+00 2.07e+01 2.66e+04   1.1 1.85e+04    -  2.35e-07 3.61e-12f  1
iter    objective    inf_pr   inf_du lg(mu)  ||d||  lg(rg) alpha_du alpha_pr  ls
 990r 9.8779685e+00 2.07e+01 9.99e+02   1.1 0.00e+00    -  0.00e+00 3.87e-09R  2
 991r 9.8779546e+00 2.07e+01 5.43e+04   1.1 1.84e+04    -  2.43e-06 1.75e-09f  1
 992  9.8779452e+00 2.07e+01 1.63e+03  -6.0 2.80e+03    -  3.41e-05 1.25e-06h  2
 993  9.8778767e+00 2.07e+01 4.38e+03  -6.0 3.65e+03    -  3.46e-06 9.09e-06h  1
 994  9.8778546e+00 2.07e+01 4.40e+03  -6.0 4.17e+03    -  5.11e-06 2.71e-06h  1
 995  9.8778276e+00 2.07e+01 1.36e+04  -6.0 6.71e+03    -  5.15e-04 3.29e-06h  1
 996  9.8777977e+00 2.07e+01 1.63e+04  -6.0 3.31e+04    -  1.93e-05 4.64e-06h  1
 997r 9.8777977e+00 2.07e+01 1.00e+03   1.1 0.00e+00    -  0.00e+00 1.81e-09R  2
 998r 9.8777976e+00 2.07e+01 2.66e+04   1.1 1.85e+04    -  2.35e-07 3.61e-12f  1
 999r 9.8777976e+00 2.07e+01 9.99e+02   1.1 0.00e+00    -  0.00e+00 3.86e-09R  2
iter    objective    inf_pr   inf_du lg(mu)  ||d||  lg(rg) alpha_du alpha_pr  ls
1000r 9.8777838e+00 2.07e+01 5.43e+04   1.1 1.83e+04    -  2.44e-06 1.75e-09f  1

Number of Iterations....: 1000

                                   (scaled)                 (unscaled)
Objective...............:   7.7170186002109089e+00    9.8777838082699638e+00
Dual infeasibility......:   5.4262466356030898e+04    6.9455956935719558e+04
Constraint violation....:   1.1408946993768545e+01    2.0718806048895203e+01
Complementarity.........:   9.9999887962184494e+03    1.2799985659159614e+04
Overall NLP error.......:   5.4262466356030898e+04    6.9455956935719558e+04


Number of objective function evaluations             = 2040
Number of objective gradient evaluations             = 947
Number of equality constraint evaluations            = 2040
Number of inequality constraint evaluations          = 2040
Number of equality constraint Jacobian evaluations   = 1155
Number of inequality constraint Jacobian evaluations = 1155
Number of Lagrangian Hessian evaluations             = 1000
Total CPU secs in IPOPT (w/o function evaluations)   =   1611.424
Total CPU secs in NLP function evaluations           =     39.793

EXIT: Maximum Number of Iterations Exceeded.
