
List of user-set options:

                                    Name   Value                used
                           compl_inf_tol = 1                     yes
                         constr_viol_tol = 1                     yes
                            dual_inf_tol = 1000                  yes
                           linear_solver = ma97                  yes
                              ma86_small = 1e-30                  no
                                  ma86_u = 0.0001                 no
                              ma97_order = best                  yes
                              ma97_small = 1e-30                 yes
                            ma97_switch1 = at_start              yes
                            ma97_switch2 = od_hd_reuse           yes
                                  ma97_u = 1e-06                 yes
                               ma97_umax = 0.5                   yes
                                max_iter = 1000                  yes
                    max_refinement_steps = 20                    yes
                    min_refinement_steps = 5                     yes
                                 mu_init = 1e-06                 yes
           mu_superlinear_decrease_power = 1.25                  yes
                   nlp_scaling_min_value = 1e-08                 yes
                        option_file_name = Preset_Case_415_pf.opt  yes
                             output_file = ./tmp/Preset_Case_415_pf.output  yes
                      print_user_options = yes                   yes
        required_infeasibility_reduction = 1                      no
                                     tol = 1e-08                 yes
                   warm_start_bound_frac = 1e-20                 yes
                   warm_start_bound_push = 1e-20                 yes
                   warm_start_init_point = yes                   yes
              warm_start_mult_bound_push = 1e-20                 yes
                warm_start_mult_init_max = 1e+40                 yes
             warm_start_slack_bound_frac = 1e-20                 yes
             warm_start_slack_bound_push = 1e-20                 yes

******************************************************************************
This program contains Ipopt, a library for large-scale nonlinear optimization.
 Ipopt is released as open source code under the Eclipse Public License (EPL).
         For more information visit http://projects.coin-or.org/Ipopt
******************************************************************************

This is Ipopt version 3.12.10, running with linear solver ma97.

Number of nonzeros in equality constraint Jacobian...:   123442
Number of nonzeros in inequality constraint Jacobian.:      213
Number of nonzeros in Lagrangian Hessian.............:    49069

Total number of variables............................:    31591
                     variables with only lower bounds:    12912
                variables with lower and upper bounds:    15130
                     variables with only upper bounds:        0
Total number of equality constraints.................:    31483
Total number of inequality constraints...............:       25
        inequality constraints with only lower bounds:        4
   inequality constraints with lower and upper bounds:        0
        inequality constraints with only upper bounds:       21

iter    objective    inf_pr   inf_du lg(mu)  ||d||  lg(rg) alpha_du alpha_pr  ls
   0 -5.1785543e+00 4.33e-03 1.02e+00  -6.0 0.00e+00    -  0.00e+00 0.00e+00   0
   1 -5.1780469e+00 1.82e-02 1.02e+00  -6.0 2.80e+05    -  1.19e-04 5.63e-05h  5
   2 -5.1791175e+00 1.82e-02 1.81e+01  -6.0 3.87e+03    -  8.04e-02 1.24e-03h  1
   3 -5.3423432e+00 4.58e+01 1.55e+02  -6.0 5.27e+04    -  6.42e-02 3.23e-02f  1
   4 -5.4217665e+00 6.85e+01 3.60e+05  -6.0 1.61e+04    -  2.41e-02 8.42e-02h  1
   5 -5.4333876e+00 7.13e+01 1.95e+06  -6.0 1.82e+04    -  5.45e-01 3.12e-02h  1
   6 -5.4529010e+00 6.62e+01 2.78e+06  -6.0 1.03e+04    -  5.55e-02 7.66e-02h  1
   7 -5.6093499e+00 5.39e+01 1.76e+06  -6.0 4.88e+03    -  1.04e-02 2.43e-01h  1
   8 -5.6952835e+00 7.02e+01 1.01e+06  -6.0 5.66e+03    -  8.62e-02 2.45e-01h  1
   9 -5.6411306e+00 7.65e-02 3.07e+05  -6.0 1.41e+01  -4.0 3.21e-01 1.00e+00h  1
iter    objective    inf_pr   inf_du lg(mu)  ||d||  lg(rg) alpha_du alpha_pr  ls
  10 -5.6476256e+00 9.56e-03 8.70e+04  -6.0 4.95e+00  -4.5 4.03e-01 1.00e+00h  1
  11 -5.6477200e+00 9.55e-03 5.80e+04  -6.0 5.87e+03    -  3.75e-01 2.50e-04h  1
  12 -5.8622025e+00 8.37e+01 4.31e+04  -6.0 5.17e+03    -  2.04e-01 5.74e-01f  1
  13 -5.8622899e+00 8.21e+01 3.17e+04  -6.0 2.13e+03    -  2.66e-01 1.93e-02h  1
  14 -5.8649536e+00 4.52e+01 4.79e+04  -6.0 2.10e+03    -  6.49e-03 4.49e-01h  1
  15 -5.8492939e+00 2.80e+01 2.92e+04  -6.0 1.25e+03    -  4.83e-01 3.81e-01h  1
  16 -5.8382103e+00 1.45e+01 1.52e+04  -6.0 8.33e+02    -  3.91e-01 4.81e-01h  1
  17 -5.8235928e+00 1.44e+00 6.72e+01  -6.0 4.95e+02    -  9.94e-01 1.00e+00h  1
  18 -5.8260999e+00 1.86e+00 3.41e+03  -6.0 8.73e+02    -  1.43e-01 2.58e-01h  1
  19 -5.8353826e+00 4.99e+00 2.00e+04  -6.0 5.79e+02    -  5.58e-01 1.00e+00h  1
iter    objective    inf_pr   inf_du lg(mu)  ||d||  lg(rg) alpha_du alpha_pr  ls
  20 -5.8379726e+00 3.98e+00 1.15e+05  -6.0 2.04e+02    -  1.00e+00 2.02e-01h  1
  21 -5.8485088e+00 9.76e-01 1.13e+04  -6.0 2.05e+02    -  6.13e-01 7.85e-01h  1
  22 -5.8519511e+00 1.56e+00 5.30e+05  -6.0 1.14e+03    -  6.77e-02 2.10e-01h  1
  23 -5.8519634e+00 1.56e+00 5.33e+05  -6.0 6.35e+03    -  3.66e-02 2.42e-05h  1
  24 -5.8753485e+00 1.29e+01 1.29e+06  -6.0 1.07e+03    -  3.64e-01 8.57e-01f  1
  25 -5.8746496e+00 1.18e+01 6.69e+05  -6.0 4.90e+02    -  2.73e-01 8.91e-02h  1
  26 -5.8795901e+00 7.62e+00 2.61e+07  -6.0 3.20e+02    -  2.30e-02 3.72e-01h  1
  27 -5.8800022e+00 2.04e+00 2.13e+04  -6.0 3.68e+02    -  3.34e-01 1.00e+00h  1
  28 -5.8775362e+00 6.19e-01 6.49e+03  -6.0 3.20e+01    -  1.00e+00 6.96e-01h  1
  29 -5.8764051e+00 2.02e-02 6.45e+00  -6.0 2.53e+01    -  1.00e+00 1.00e+00h  1
iter    objective    inf_pr   inf_du lg(mu)  ||d||  lg(rg) alpha_du alpha_pr  ls
  30 -5.8763057e+00 7.81e-04 9.37e-03  -6.0 4.98e+00    -  1.00e+00 1.00e+00h  1
  31 -5.8763023e+00 1.59e-09 8.72e-08  -6.0 7.26e-03    -  1.00e+00 1.00e+00h  1
  32 -5.8763706e+00 1.16e-02 4.91e+01  -7.5 3.27e+01    -  9.56e-01 7.86e-01h  1
  33 -5.8763760e+00 2.35e-03 8.84e+00  -7.5 7.32e+00    -  1.00e+00 8.57e-01h  1
  34 -5.8763761e+00 1.83e-05 8.87e-03  -7.5 1.02e+00    -  1.00e+00 1.00e+00h  1
  35 -5.8763761e+00 2.86e-10 3.87e-10  -7.5 5.49e-04    -  1.00e+00 1.00e+00h  1
  36 -5.8763778e+00 1.40e-05 7.20e-01  -9.0 1.05e+00    -  9.24e-01 8.46e-01h  1
  37 -5.8763781e+00 4.64e-07 4.14e-01  -9.0 1.62e-01    -  8.97e-01 1.00e+00f  1
  38 -5.8763781e+00 2.86e-10 1.65e-08  -9.0 8.02e-05    -  1.00e+00 1.00e+00h  1
  39 -5.8763781e+00 2.86e-10 2.64e-10  -9.0 1.64e-05    -  1.00e+00 1.00e+00h  1

Number of Iterations....: 39

                                   (scaled)                 (unscaled)
Objective...............:  -4.5909203706640112e+00   -5.8763780744499341e+00
Dual infeasibility......:   2.6413397737865300e-10    3.3809149104467585e-10
Constraint violation....:   2.8642598037288691e-10    2.8642598037288691e-10
Complementarity.........:   9.2352654974724912e-10    1.1821139836764788e-09
Overall NLP error.......:   9.2352654974724912e-10    1.1821139836764788e-09


Number of objective function evaluations             = 45
Number of objective gradient evaluations             = 40
Number of equality constraint evaluations            = 45
Number of inequality constraint evaluations          = 45
Number of equality constraint Jacobian evaluations   = 40
Number of inequality constraint Jacobian evaluations = 40
Number of Lagrangian Hessian evaluations             = 39
Total CPU secs in IPOPT (w/o function evaluations)   =     67.898
Total CPU secs in NLP function evaluations           =      1.391

EXIT: Optimal Solution Found.
