
List of user-set options:

                                    Name   Value                used
                           compl_inf_tol = 1                     yes
                         constr_viol_tol = 1                     yes
                            dual_inf_tol = 1000                  yes
                           linear_solver = ma97                  yes
                              ma86_small = 1e-30                  no
                                  ma86_u = 0.0001                 no
                              ma97_order = best                  yes
                              ma97_small = 1e-30                 yes
                            ma97_switch1 = at_start              yes
                            ma97_switch2 = od_hd_reuse           yes
                                  ma97_u = 1e-06                 yes
                               ma97_umax = 0.5                   yes
                                max_iter = 1000                  yes
                    max_refinement_steps = 20                    yes
                    min_refinement_steps = 5                     yes
                                 mu_init = 1e-06                 yes
           mu_superlinear_decrease_power = 1.25                  yes
                   nlp_scaling_min_value = 1e-08                 yes
                        option_file_name = Preset_Case_764_pf.opt  yes
                             output_file = ./tmp/Preset_Case_764_pf.output  yes
                      print_user_options = yes                   yes
                                     tol = 0.0001                yes
                   warm_start_bound_frac = 1e-20                 yes
                   warm_start_bound_push = 1e-20                 yes
                   warm_start_init_point = yes                   yes
              warm_start_mult_bound_push = 1e-20                 yes
                warm_start_mult_init_max = 1e+40                 yes
             warm_start_slack_bound_frac = 1e-20                 yes
             warm_start_slack_bound_push = 1e-20                 yes

******************************************************************************
This program contains Ipopt, a library for large-scale nonlinear optimization.
 Ipopt is released as open source code under the Eclipse Public License (EPL).
         For more information visit http://projects.coin-or.org/Ipopt
******************************************************************************

This is Ipopt version 3.12.10, running with linear solver ma97.

Number of nonzeros in equality constraint Jacobian...:   103066
Number of nonzeros in inequality constraint Jacobian.:      145
Number of nonzeros in Lagrangian Hessian.............:    39976

Total number of variables............................:    29160
                     variables with only lower bounds:    11314
                variables with lower and upper bounds:    14309
                     variables with only upper bounds:        0
Total number of equality constraints.................:    29077
Total number of inequality constraints...............:       21
        inequality constraints with only lower bounds:        0
   inequality constraints with lower and upper bounds:        0
        inequality constraints with only upper bounds:       21

iter    objective    inf_pr   inf_du lg(mu)  ||d||  lg(rg) alpha_du alpha_pr  ls
   0 -9.8230001e+03 1.25e+00 1.01e+05  -6.0 0.00e+00    -  0.00e+00 0.00e+00   0
   1 -9.8230000e+03 1.25e+00 1.40e+06  -6.0 9.05e+02    -  9.62e-01 2.31e-05f  1
   2r-9.8230000e+03 1.25e+00 1.00e+03  -0.5 0.00e+00    -  0.00e+00 2.69e-07R  6
   3r-9.8229999e+03 1.24e+00 1.00e+03  -0.5 3.08e+03    -  1.72e-05 8.96e-06f  1
   4r-9.8229991e+03 1.17e+00 1.00e+03  -0.5 1.92e+03    -  3.66e-05 5.98e-05f  1
   5r-9.8229975e+03 1.05e+00 1.00e+03  -0.5 1.25e+03    -  1.39e-04 1.16e-04f  1
   6 -9.8229975e+03 1.05e+00 6.60e+06  -6.0 3.83e+00    -  5.49e-01 2.23e-05h  1
   7r-9.8229975e+03 1.05e+00 1.00e+03  -0.6 0.00e+00    -  0.00e+00 2.67e-07R  3
   8r-9.8229974e+03 1.04e+00 1.32e+03  -0.6 1.63e+03    -  1.07e-04 1.02e-05f  1
   9r-9.8229959e+03 9.14e-01 1.00e+03  -0.6 1.44e+03    -  3.02e-05 1.39e-04f  1
iter    objective    inf_pr   inf_du lg(mu)  ||d||  lg(rg) alpha_du alpha_pr  ls
  10 -9.8229959e+03 9.14e-01 1.14e+05  -6.0 4.04e+00    -  5.41e-01 1.15e-05h  1
  11r-9.8229959e+03 9.14e-01 1.00e+03  -0.6 0.00e+00    -  0.00e+00 2.66e-07R  4
  12r-9.8229958e+03 9.05e-01 3.30e+03  -0.6 1.66e+03    -  3.64e-04 1.10e-05f  1
  13r-9.8229901e+03 5.98e-01 5.45e+03  -0.6 9.35e+02    -  9.35e-04 6.01e-04f  1
  14 -9.8229901e+03 5.98e-01 1.86e+07  -6.0 4.60e+00    -  5.05e-01 3.42e-05h  1
  15r-9.8229901e+03 5.98e-01 1.00e+03  -0.9 0.00e+00    -  0.00e+00 4.84e-07R  4
  16r-9.8229900e+03 5.98e-01 2.99e+03  -0.9 5.09e+02    -  8.75e-04 1.86e-05f  1
  17r-9.8229836e+03 5.96e-01 1.09e+04  -0.9 3.76e+02    -  3.91e-03 1.20e-03f  1
  18 -9.8229836e+03 5.96e-01 1.89e+07  -6.0 5.05e+00    -  4.81e-01 3.52e-05h  1
  19r-9.8229836e+03 5.96e-01 1.00e+03  -1.3 0.00e+00    -  0.00e+00 2.84e-07R  6
iter    objective    inf_pr   inf_du lg(mu)  ||d||  lg(rg) alpha_du alpha_pr  ls
  20r-9.8229835e+03 5.96e-01 1.31e+04  -1.3 3.00e+02    -  1.31e-02 5.28e-05f  1
  21r-9.8229596e+03 5.84e-01 1.54e+04  -1.3 1.22e+02    -  2.05e-02 1.15e-02f  1
  22 -9.8229596e+03 5.84e-01 4.11e+03  -6.0 5.55e+00    -  4.21e-01 1.02e-04h  1
  23 -9.8229594e+03 5.84e-01 4.90e+04  -6.0 4.09e+02    -  3.14e-04 2.66e-05h  1
  24r-9.8229594e+03 5.84e-01 1.00e+03  -2.1 0.00e+00    -  0.00e+00 3.23e-07R  2
  25r-9.8229593e+03 5.82e-01 1.25e+03  -2.1 1.50e+02    -  1.17e-02 2.66e-04f  1
  26r-9.8229593e+03 5.82e-01 9.99e+02  -2.2 0.00e+00    -  0.00e+00 2.06e-07R  2
  27r-9.8229593e+03 5.82e-01 9.97e+02  -2.2 1.75e+02    -  9.25e-03 9.45e-05f  1
  28r-9.8229577e+03 5.37e-01 9.90e+02  -2.2 1.16e+02    -  9.77e-03 6.20e-03f  1
  29 -9.8229578e+03 5.36e-01 1.87e+02  -6.0 5.52e+00    -  4.22e-01 2.25e-03h  1
iter    objective    inf_pr   inf_du lg(mu)  ||d||  lg(rg) alpha_du alpha_pr  ls
  30r-9.8229578e+03 5.36e-01 9.99e+02  -2.6 0.00e+00    -  0.00e+00 3.41e-07R  2
  31r-9.8229577e+03 5.19e-01 9.96e+02  -2.6 1.56e+02    -  8.98e-03 1.00e-03f  1
  32r-9.8229577e+03 5.19e-01 9.99e+02  -2.8 0.00e+00    -  0.00e+00 2.84e-07R  4
  33r-9.8229577e+03 5.02e-01 9.98e+02  -2.8 2.03e+03    -  4.37e-04 6.44e-04f  1
  34r-9.8229576e+03 4.66e-01 9.96e+02  -2.8 2.81e+02    -  9.77e-03 1.73e-03f  1
  35r-9.8229571e+03 3.46e-01 9.88e+02  -2.8 3.00e+02    -  2.07e-02 8.30e-03f  1
  36r-9.8229562e+03 2.34e-01 8.22e+03  -2.8 5.07e+01    -  2.08e-01 1.56e-02f  1
  37r-9.8229418e+03 5.52e-02 1.64e+04  -2.8 2.03e+01    -  4.32e-01 1.90e-01f  1
  38r-9.8228455e+03 1.61e-02 5.48e+03  -2.8 1.50e+01    -  2.87e-01 5.69e-01f  1
  39r-9.8226162e+03 1.49e-02 1.51e+04  -2.8 7.47e+00    -  4.17e-01 7.63e-01f  1
iter    objective    inf_pr   inf_du lg(mu)  ||d||  lg(rg) alpha_du alpha_pr  ls
  40r-9.8221067e+03 2.30e-02 1.03e+04  -2.8 4.24e+00    -  4.61e-01 7.24e-01f  1
  41r-9.8210476e+03 3.09e-02 3.38e+03  -2.8 1.11e+01    -  6.76e-01 6.64e-01f  1
  42r-9.8179648e+03 6.43e-02 9.58e+03  -2.8 4.05e+01    -  4.51e-01 1.00e+00f  1
  43r-9.8152775e+03 5.58e-03 3.87e+00  -2.8 1.25e+01    -  9.99e-01 1.00e+00h  1
  44r-9.8142188e+03 1.29e-03 1.38e-01  -2.8 7.35e+00    -  1.00e+00 1.00e+00h  1
  45 -9.8150330e+03 6.00e-03 2.03e+02  -6.0 6.51e+01    -  4.10e-01 7.70e-02f  1
  46 -9.8150330e+03 6.00e-03 4.81e+03  -6.0 4.85e+02    -  5.90e-01 9.92e-07h  2
  47 -9.8152667e+03 3.82e-02 9.35e+03  -6.0 5.47e+02    -  6.02e-01 7.15e-02f  2
  48 -9.8154999e+03 7.23e-02 1.48e+04  -6.0 6.12e+02    -  5.80e-01 6.38e-02f  1
  49 -9.8154982e+03 7.22e-02 1.47e+04  -6.0 1.06e+03    -  4.70e-01 2.02e-03h  5
iter    objective    inf_pr   inf_du lg(mu)  ||d||  lg(rg) alpha_du alpha_pr  ls
  50 -9.8154966e+03 7.21e-02 1.47e+04  -6.0 1.05e+03    -  6.49e-01 1.90e-03h  5
  51 -9.8154950e+03 7.19e-02 1.47e+04  -6.0 1.05e+03    -  6.96e-01 1.78e-03h  5
  52 -9.8154921e+03 7.17e-02 1.46e+04  -6.0 1.05e+03    -  8.97e-01 3.35e-03h  4
  53 -9.8154896e+03 7.15e-02 1.45e+04  -6.0 1.05e+03    -  9.16e-01 2.94e-03h  4
  54 -9.8154873e+03 7.13e-02 9.49e+04  -6.0 1.04e+03    -  4.36e-01 2.58e-03h  4
  55 -9.8154841e+03 7.11e-02 1.72e+05  -6.0 1.04e+03    -  1.77e-02 2.26e-03h  4
  56 -9.8154800e+03 7.10e-02 4.18e+05  -6.0 1.04e+03    -  2.39e-02 1.99e-03h  4
  57 -9.8154715e+03 7.09e-02 6.41e+05  -6.0 1.03e+03    -  8.77e-03 1.74e-03h  4
  58 -9.8154572e+03 7.08e-02 1.17e+06  -6.0 1.03e+03    -  1.06e-02 1.53e-03h  4
  59 -9.8151550e+03 7.00e-02 7.38e+06  -6.0 1.36e+03    -  5.44e-03 1.07e-02w  1
iter    objective    inf_pr   inf_du lg(mu)  ||d||  lg(rg) alpha_du alpha_pr  ls
  60 -9.8031768e+03 5.13e+01 7.62e+06  -6.0 6.81e+05    -  3.24e-05 2.33e-03w  1
  61 -9.8031767e+03 5.13e+01 7.62e+06  -6.0 1.42e+06    -  2.73e-04 2.42e-09w  1
  62 -9.8154383e+03 7.07e-02 1.77e+06  -6.0 7.13e+05    -  5.44e-03 6.72e-04h  4
  63r-9.8154383e+03 7.07e-02 1.00e+03  -1.2 0.00e+00    -  0.00e+00 4.09e-07R 14
  64r-9.8154373e+03 5.85e-02 1.57e+04  -1.2 5.52e+02    -  6.28e-03 1.73e-04f  1
  65 -9.8154373e+03 5.85e-02 1.10e+06  -6.0 4.00e+02    -  4.78e-01 6.34e-06h  1
  66 -9.8154335e+03 5.84e-02 3.81e+08  -6.0 1.03e+03    -  7.04e-06 2.43e-03h  2
  67 -9.8154301e+03 5.83e-02 3.81e+08  -6.0 1.03e+03    -  3.01e-02 1.85e-03h  2
  68 -9.8154116e+03 5.81e-02 3.80e+08  -6.0 1.02e+03    -  4.94e-03 2.34e-03h  2
  69 -9.8153906e+03 5.81e-02 3.80e+08  -6.0 1.02e+03    -  3.77e-03 8.05e-04h  2
iter    objective    inf_pr   inf_du lg(mu)  ||d||  lg(rg) alpha_du alpha_pr  ls
  70 -9.8153813e+03 5.81e-02 3.80e+08  -6.0 4.33e+03    -  2.27e-03 9.83e-05h  4
  71 -9.8152589e+03 5.80e-02 3.79e+08  -6.0 3.74e+04    -  2.77e-04 2.77e-04s 13
  72r-9.8152589e+03 5.80e-02 1.00e+03  -1.3 0.00e+00    -  0.00e+00 0.00e+00R  1
  73r-9.8152588e+03 5.66e-02 8.14e+03  -1.3 1.92e+02    -  3.90e-03 2.52e-05f  1
  74r-9.8152390e+03 1.15e-02 2.43e+04  -1.3 1.47e+02    -  1.66e-02 4.90e-03f  1
  75 -9.8152396e+03 1.15e-02 8.66e+03  -6.0 1.68e+01    -  5.93e-01 6.85e-05h  1
  76 -9.8152378e+03 1.15e-02 1.05e+05  -6.0 1.02e+03    -  2.92e-02 1.15e-03h  2
  77 -9.8152259e+03 1.15e-02 2.08e+05  -6.0 1.39e+03    -  1.56e-03 4.53e-04h  2
  78 -9.8152218e+03 1.15e-02 2.75e+05  -6.0 6.02e+03    -  2.30e-04 3.77e-05h  5
  79r-9.8152218e+03 1.15e-02 1.00e+03  -2.5 0.00e+00    -  0.00e+00 4.44e-07R 10
iter    objective    inf_pr   inf_du lg(mu)  ||d||  lg(rg) alpha_du alpha_pr  ls
  80r-9.8152217e+03 1.15e-02 4.81e+03  -2.5 2.11e+01    -  5.28e-02 4.77e-04f  1
  81 -9.8152217e+03 1.15e-02 1.47e+05  -6.0 1.68e+01    -  1.79e-01 2.04e-07h  2
  82r-9.8152217e+03 1.15e-02 1.00e+03  -2.8 0.00e+00    -  0.00e+00 4.71e-07R 10
  83r-9.8152216e+03 1.15e-02 1.73e+04  -2.8 1.36e+01    -  3.61e-01 1.00e-03f  1
  84 -9.8152216e+03 1.15e-02 1.06e+05  -6.0 2.99e+02    -  9.77e-02 4.61e-07h  2
  85 -9.8152105e+03 1.15e-02 2.89e+05  -6.0 1.77e+03    -  1.46e-03 3.03e-04h  1
  86r-9.8152105e+03 1.15e-02 1.00e+03  -3.4 0.00e+00    -  0.00e+00 4.19e-07R 10
  87r-9.8152104e+03 1.14e-02 2.59e+03  -3.4 1.18e+01    -  2.06e-01 1.00e-03f  1
  88 -9.8152104e+03 1.14e-02 3.27e+05  -6.0 3.45e+02    -  1.44e-01 2.20e-07h  2
  89r-9.8152104e+03 1.14e-02 1.00e+03  -4.0 0.00e+00    -  0.00e+00 3.85e-07R 10
iter    objective    inf_pr   inf_du lg(mu)  ||d||  lg(rg) alpha_du alpha_pr  ls
  90r-9.8152104e+03 1.13e-02 9.97e+02  -4.0 3.50e+01    -  8.83e-02 1.00e-03f  1
  91 -9.8152105e+03 1.13e-02 1.98e+05  -6.0 6.91e+01    -  1.08e-01 8.94e-08h  2
  92r-9.8152105e+03 1.13e-02 1.00e+03  -4.5 0.00e+00    -  0.00e+00 3.08e-07R 11
  93r-9.8152105e+03 1.08e-02 9.98e+02  -4.5 1.04e+02    -  2.87e-02 1.38e-03f  1
  94 -9.8152106e+03 1.08e-02 2.26e+05  -6.0 4.26e+02    -  1.27e-01 1.12e-07f  1
  95r-9.8152106e+03 1.08e-02 1.00e+03  -4.5 0.00e+00    -  0.00e+00 3.20e-07R 13
  96r-9.8152111e+03 9.65e-03 9.94e+02  -4.5 1.45e+02    -  3.85e-02 3.56e-03f  1
  97r-9.8152107e+03 8.92e-03 9.76e+02  -4.5 8.04e+01    -  7.39e-02 1.62e-02f  1
  98r-9.8152088e+03 1.10e-02 1.78e+03  -4.5 4.71e+01    -  1.94e-01 3.10e-02f  1
  99r-9.8152028e+03 1.93e-02 4.13e+03  -4.5 1.98e+01    -  6.28e-01 7.16e-02f  1
iter    objective    inf_pr   inf_du lg(mu)  ||d||  lg(rg) alpha_du alpha_pr  ls
 100r-9.8151827e+03 2.39e-02 4.80e+03  -4.5 1.33e+01    -  7.39e-01 8.74e-02f  1
 101r-9.8149119e+03 1.71e-01 3.64e+03  -4.5 5.03e+01    -  5.22e-01 2.65e-01f  1
 102r-9.8144917e+03 2.45e-01 2.43e+03  -4.5 2.32e+01    -  3.40e-01 3.31e-01f  1
 103r-9.8136759e+03 1.13e-01 9.53e+02  -4.5 3.68e+01    -  6.21e-01 6.09e-01f  1
 104r-9.8128207e+03 1.96e-02 1.36e+02  -4.5 1.49e+01    -  9.49e-01 8.65e-01f  1
 105r-9.8123091e+03 5.88e-03 2.17e-01  -4.5 1.69e+01    -  1.00e+00 1.00e+00f  1
 106r-9.8124168e+03 9.45e-04 3.80e-02  -4.5 6.78e+00    -  1.00e+00 1.00e+00h  1
 107r-9.8124236e+03 8.60e-05 2.89e-03  -4.5 2.04e+00    -  1.00e+00 1.00e+00h  1
 108 -9.8127552e+03 2.86e-03 1.38e+02  -6.0 3.73e+03    -  3.28e-01 3.16e-03f  1
 109r-9.8127552e+03 2.86e-03 9.99e+02  -2.7 0.00e+00    -  0.00e+00 2.60e-07R  2
iter    objective    inf_pr   inf_du lg(mu)  ||d||  lg(rg) alpha_du alpha_pr  ls
 110r-9.8127564e+03 2.60e-04 7.16e+03  -2.7 2.70e+02    -  1.80e-02 1.00e-03f  1
 111 -9.8127599e+03 2.60e-04 1.75e+02  -6.0 5.78e+03    -  2.90e-01 5.28e-05f  1
 112r-9.8127599e+03 2.60e-04 9.99e+02  -4.2 0.00e+00    -  0.00e+00 7.95e-08R  2
 113r-9.8127599e+03 2.60e-04 3.58e+03  -4.2 5.75e+00    -  2.54e-01 1.00e-03f  1
 114 -9.8127601e+03 2.60e-04 5.98e+04  -6.0 5.49e+01    -  8.48e-01 1.42e-05f  1
 115 -9.8127689e+03 2.59e-04 5.75e+04  -6.0 5.69e+02    -  4.14e-03 4.39e-03f  1
 116 -9.8127686e+03 2.59e-04 2.21e+05  -6.0 5.02e+02    -  4.80e-03 6.31e-05h  6
 117r-9.8127686e+03 2.59e-04 1.00e+03  -3.9 0.00e+00    -  0.00e+00 2.68e-07R 14
 118r-9.8127686e+03 2.58e-04 6.99e+03  -3.9 5.15e+00    -  2.66e-01 1.00e-03f  1
 119r-9.8127686e+03 2.58e-04 9.99e+02  -4.6 0.00e+00    -  0.00e+00 4.13e-08R  2
iter    objective    inf_pr   inf_du lg(mu)  ||d||  lg(rg) alpha_du alpha_pr  ls
 120r-9.8127686e+03 2.58e-04 4.84e+03  -4.6 2.62e+00    -  9.76e-01 1.00e-03f  1
 121 -9.8127692e+03 2.58e-04 1.41e+04  -6.0 2.15e+01    -  8.43e-01 5.99e-05f  1
 122 -9.8127745e+03 2.57e-04 2.78e+05  -6.0 5.86e+02    -  5.96e-02 2.00e-03f  1
 123r-9.8127745e+03 2.57e-04 1.00e+03  -4.6 0.00e+00    -  0.00e+00 3.73e-07R 11
 124r-9.8127745e+03 2.57e-04 5.24e+03  -4.6 2.35e+00    -  9.81e-01 1.00e-03f  1
 125r-9.8127745e+03 2.57e-04 9.99e+02  -5.3 0.00e+00    -  0.00e+00 8.52e-09R  2
 126r-9.8127745e+03 2.54e-04 9.99e+02  -5.3 8.48e+00    -  6.96e-01 1.11e-03f  1
 127 -9.8127746e+03 2.54e-04 6.44e+04  -6.0 2.15e+01    -  8.44e-01 1.31e-05f  1
 128r-9.8127746e+03 2.54e-04 1.00e+03  -5.3 0.00e+00    -  0.00e+00 3.98e-07R 11
 129r-9.8127746e+03 2.45e-04 9.96e+02  -5.3 8.20e+00    -  6.94e-01 4.45e-03f  1
iter    objective    inf_pr   inf_du lg(mu)  ||d||  lg(rg) alpha_du alpha_pr  ls
 130r-9.8127746e+03 2.45e-04 9.99e+02  -5.3 0.00e+00    -  0.00e+00 7.67e-09R  2
 131r-9.8127744e+03 2.10e-04 9.82e+02  -5.3 7.91e+00    -  7.02e-01 1.79e-02f  1
 132 -9.8127831e+03 2.10e-04 5.81e+02  -6.0 2.15e+01    -  5.40e-01 9.29e-04f  1
 133r-9.8127831e+03 2.10e-04 9.99e+02  -5.3 0.00e+00    -  0.00e+00 3.78e-09R  2
 134r-9.8128726e+03 2.86e-03 9.82e+02  -5.3 6.49e+02    -  1.36e-02 1.68e-02f  1
 135r-9.8128723e+03 2.75e-03 9.44e+02  -5.3 4.31e+00    -  7.89e-01 3.93e-02f  1
 136r-9.8128704e+03 2.49e-03 9.13e+02  -5.3 5.71e+00    -  9.67e-01 9.28e-02f  1
 137r-9.8128401e+03 2.48e-03 8.46e+02  -5.3 9.47e+00    -  8.19e-01 8.81e-02f  1
 138r-9.8118611e+03 3.78e-02 1.96e+02  -5.3 2.97e+01    -  6.58e-01 7.67e-01f  1
 139r-9.8113963e+03 1.15e-02 1.46e+02  -5.3 4.09e+00    -  5.60e-01 1.00e+00f  1
iter    objective    inf_pr   inf_du lg(mu)  ||d||  lg(rg) alpha_du alpha_pr  ls
 140r-9.8113014e+03 6.57e-05 6.86e-02  -5.3 1.31e+00    -  1.00e+00 1.00e+00h  1
 141 -9.8113097e+03 6.56e-05 1.08e+02  -6.0 9.64e+01    -  1.01e-02 6.90e-04f  1
 142 -9.8113098e+03 6.56e-05 4.61e+04  -6.0 1.31e+03    -  4.00e-01 7.89e-04f  1
 143r-9.8113098e+03 6.56e-05 1.00e+03  -4.6 0.00e+00    -  0.00e+00 2.47e-09R  2
 144r-9.8113103e+03 2.44e-05 1.07e+03  -4.6 6.64e+01    -  1.96e-01 1.00e-03f  1
 145 -9.8114619e+03 2.44e-05 1.95e+02  -6.0 6.25e+05    -  1.75e-03 1.34e-06f  4
 146 -9.8116162e+03 5.62e-05 1.25e+03  -6.0 5.56e+04    -  2.70e-02 2.28e-05f  5
 147 -9.8116607e+03 5.77e-05 5.77e+05  -6.0 2.34e+03    -  5.34e-01 1.15e-04f  3
 148r-9.8116607e+03 5.77e-05 1.00e+03  -4.4 0.00e+00    -  0.00e+00 4.09e-07R 11
 149r-9.8116607e+03 2.09e-05 1.39e+03  -4.4 5.89e+00    -  1.59e-01 1.00e-03f  1
iter    objective    inf_pr   inf_du lg(mu)  ||d||  lg(rg) alpha_du alpha_pr  ls
 150 -9.8117487e+03 2.09e-05 7.71e+02  -6.0 7.18e+04    -  1.54e-02 7.14e-06f  2
 151 -9.8118480e+03 2.09e-05 3.33e+06  -6.0 3.80e+03    -  8.35e-01 1.57e-04f  1
 152r-9.8118480e+03 2.09e-05 1.00e+03  -4.9 0.00e+00    -  0.00e+00 3.54e-07R 13
 153r-9.8118480e+03 1.28e-05 1.10e+03  -4.9 4.07e+00    -  4.17e-01 1.00e-03f  1
 154r-9.8118480e+03 1.28e-05 9.99e+02  -5.5 0.00e+00    -  0.00e+00 3.98e-08R  2
 155r-9.8118480e+03 1.04e-05 9.97e+02  -5.5 2.04e-01    -  9.98e-01 1.00e-03f  1
 156 -9.8118480e+03 1.04e-05 1.63e+05  -6.0 2.63e+01    -  3.90e-01 2.40e-06f  1
 157r-9.8118480e+03 1.04e-05 1.00e+03  -5.9 0.00e+00    -  0.00e+00 3.70e-07R  8
 158r-9.8118480e+03 1.04e-05 9.97e+02  -5.9 4.57e-01    -  9.97e-01 1.71e-03f  1
 159r-9.8118480e+03 1.04e-05 9.99e+02  -5.9 0.00e+00    -  0.00e+00 3.67e-08R  2
iter    objective    inf_pr   inf_du lg(mu)  ||d||  lg(rg) alpha_du alpha_pr  ls
 160r-9.8118480e+03 1.03e-05 9.92e+02  -5.9 4.29e-01    -  9.97e-01 6.87e-03f  1
 161 -9.8118481e+03 1.03e-05 1.02e+05  -6.0 2.63e+01    -  6.98e-01 6.88e-06f  1
 162r-9.8118481e+03 1.03e-05 1.00e+03  -5.9 0.00e+00    -  0.00e+00 3.59e-07R  9
 163r-9.8118480e+03 9.82e-06 9.71e+02  -5.9 4.66e-01    -  9.97e-01 2.78e-02f  1
 164r-9.8118480e+03 9.82e-06 9.99e+02  -5.9 0.00e+00    -  0.00e+00 1.39e-08R  2
 165r-9.8118479e+03 8.16e-06 8.91e+02  -5.9 4.40e-01    -  9.97e-01 1.08e-01f  1
 166 -9.8118582e+03 8.19e-06 4.97e+02  -6.0 2.63e+01    -  5.24e-01 1.06e-03f  1
 167 -9.8118582e+03 8.18e-06 4.84e+04  -6.0 1.30e+03    -  4.00e-01 4.55e-06h  4
 168r-9.8118582e+03 8.18e-06 1.00e+03  -5.9 0.00e+00    -  0.00e+00 4.84e-07R  7
 169r-9.8118582e+03 8.04e-06 9.87e+02  -5.9 3.48e-01    -  9.98e-01 1.20e-02f  1
iter    objective    inf_pr   inf_du lg(mu)  ||d||  lg(rg) alpha_du alpha_pr  ls
 170 -9.8118582e+03 8.04e-06 2.36e+05  -6.0 4.11e+02    -  1.94e-02 8.23e-08h  1
 171r-9.8118582e+03 8.04e-06 1.00e+03  -5.9 0.00e+00    -  0.00e+00 3.80e-07R  7
 172r-9.8118581e+03 7.50e-06 9.52e+02  -5.9 3.32e-01    -  9.98e-01 4.71e-02f  1
 173r-9.8118581e+03 7.50e-06 9.99e+02  -5.9 0.00e+00    -  0.00e+00 2.34e-08R  2
 174r-9.8118580e+03 5.84e-06 8.39e+02  -5.9 3.15e-01    -  9.98e-01 1.60e-01f  1
 175 -9.8118645e+03 5.86e-06 8.14e+02  -6.0 2.63e+01    -  5.44e-01 6.68e-04f  1
 176r-9.8118645e+03 5.86e-06 9.99e+02  -5.9 0.00e+00    -  0.00e+00 4.93e-07R  7
 177r-9.8118645e+03 5.59e-06 9.63e+02  -5.9 3.08e-01    -  9.99e-01 3.61e-02f  1
 178r-9.8118645e+03 5.59e-06 9.99e+02  -5.9 0.00e+00    -  0.00e+00 5.73e-08R  2
 179r-9.8118644e+03 4.76e-06 8.78e+02  -5.9 2.53e-01    -  9.99e-01 1.21e-01f  1
iter    objective    inf_pr   inf_du lg(mu)  ||d||  lg(rg) alpha_du alpha_pr  ls
 180 -9.8118656e+03 4.76e-06 6.40e+03  -6.0 2.63e+01    -  7.67e-01 1.20e-04f  1
 181 -9.8118657e+03 4.76e-06 1.15e+05  -6.0 4.56e+02    -  6.45e-03 1.16e-04f  1
 182r-9.8118657e+03 4.76e-06 1.00e+03  -5.9 0.00e+00    -  0.00e+00 2.97e-07R  9
 183r-9.8118657e+03 4.63e-06 9.74e+02  -5.9 2.14e-01    -  9.97e-01 2.45e-02f  1
 184r-9.8118657e+03 4.63e-06 9.99e+02  -5.9 0.00e+00    -  0.00e+00 1.22e-08R  2
 185r-9.8118656e+03 4.20e-06 9.11e+02  -5.9 2.08e-01    -  9.98e-01 8.82e-02f  1
 186 -9.8118728e+03 4.40e-06 7.26e+02  -6.0 2.63e+01    -  5.38e-01 7.42e-04f  1
In iteration 186, 1 Slack too small, adjusting variable bound
 187 -9.8118728e+03 4.40e-06 1.54e+05  -6.0 4.10e+02    -  3.61e-02 2.46e-09h  1
 188r-9.8118728e+03 4.40e-06 1.00e+03  -5.9 0.00e+00    -  0.00e+00 3.86e-07R  8
 189r-9.8118728e+03 4.32e-06 9.84e+02  -5.9 1.90e-01    -  9.99e-01 1.52e-02f  1
iter    objective    inf_pr   inf_du lg(mu)  ||d||  lg(rg) alpha_du alpha_pr  ls
 190 -9.8118728e+03 4.32e-06 5.89e+04  -6.0 6.19e+01    -  6.01e-03 1.58e-08h  1
 191r-9.8118728e+03 4.32e-06 1.00e+03  -5.9 0.00e+00    -  0.00e+00 2.87e-07R  9
 192r-9.8118728e+03 4.01e-06 9.36e+02  -5.9 1.96e-01    -  9.99e-01 6.33e-02f  1
 193r-9.8118728e+03 4.01e-06 9.99e+02  -5.9 0.00e+00    -  0.00e+00 3.10e-08R  2
 194r-9.8118727e+03 4.74e-06 9.37e+02  -5.9 1.81e-01    -  9.92e-01 6.23e-02f  1
 195 -9.8118828e+03 5.59e-06 5.08e+02  -6.0 2.63e+01    -  5.25e-01 1.03e-03f  1
In iteration 195, 1 Slack too small, adjusting variable bound
 196 -9.8118828e+03 5.59e-06 1.56e+05  -6.0 4.47e+02    -  3.65e-02 3.14e-09h  1
 197r-9.8118828e+03 5.59e-06 1.00e+03  -5.9 0.00e+00    -  0.00e+00 3.77e-07R  8
 198r-9.8118828e+03 5.47e-06 9.79e+02  -5.9 1.63e-01    -  9.99e-01 1.97e-02f  1
 199r-9.8118828e+03 5.47e-06 9.99e+02  -5.9 0.00e+00    -  0.00e+00 1.03e-08R  2
iter    objective    inf_pr   inf_du lg(mu)  ||d||  lg(rg) alpha_du alpha_pr  ls
 200r-9.8118827e+03 5.15e-06 9.17e+02  -5.9 1.66e-01    -  9.99e-01 8.22e-02f  1
 201 -9.8118877e+03 5.36e-06 1.09e+03  -6.0 2.63e+01    -  5.61e-01 5.15e-04f  1
In iteration 201, 1 Slack too small, adjusting variable bound
 202 -9.8118877e+03 5.36e-06 1.51e+05  -6.0 4.14e+02    -  2.34e-02 1.81e-09h  1
 203r-9.8118877e+03 5.36e-06 1.00e+03  -5.9 0.00e+00    -  0.00e+00 4.00e-07R  8
 204r-9.8118877e+03 5.05e-06 9.47e+02  -5.9 1.45e-01    -  9.99e-01 5.24e-02f  1
 205 -9.8118877e+03 5.05e-06 1.00e+05  -6.0 4.95e+01    -  3.42e-02 5.19e-08h  1
 206r-9.8118877e+03 5.05e-06 1.00e+03  -5.9 0.00e+00    -  0.00e+00 3.23e-07R  9
 207r-9.8118876e+03 4.59e-06 9.16e+02  -5.9 1.39e-01    -  9.99e-01 8.29e-02f  1
 208 -9.8118876e+03 4.59e-06 3.09e+05  -6.0 5.09e+01    -  2.48e-01 8.10e-08h  1
 209r-9.8118876e+03 4.59e-06 1.00e+03  -5.9 0.00e+00    -  0.00e+00 4.55e-07R  9
iter    objective    inf_pr   inf_du lg(mu)  ||d||  lg(rg) alpha_du alpha_pr  ls
 210r-9.8118876e+03 4.34e-06 9.51e+02  -5.9 1.24e-01    -  9.98e-01 4.79e-02f  1
 211 -9.8118876e+03 4.34e-06 4.04e+05  -6.0 5.76e+01    -  6.10e-02 4.67e-08h  1
 212r-9.8118876e+03 4.34e-06 1.00e+03  -5.9 0.00e+00    -  0.00e+00 4.96e-07R  9
 213r-9.8118876e+03 3.94e-06 9.14e+02  -5.9 1.19e-01    -  9.98e-01 8.48e-02f  1
 214 -9.8118876e+03 3.94e-06 6.15e+05  -6.0 5.97e+01    -  1.25e-01 8.24e-08h  1
 215r-9.8118876e+03 3.94e-06 1.00e+03  -5.9 0.00e+00    -  0.00e+00 3.15e-07R  9
 216r-9.8118876e+03 3.84e-06 9.76e+02  -5.9 1.36e-01    -  9.98e-01 2.25e-02f  1
 217 -9.8118876e+03 3.84e-06 4.30e+05  -6.0 2.71e+02    -  1.52e-02 2.18e-08h  1
 218r-9.8118876e+03 3.84e-06 1.00e+03  -5.9 0.00e+00    -  0.00e+00 3.98e-07R  9
 219r-9.8118875e+03 3.50e-06 9.15e+02  -5.9 1.38e-01    -  9.98e-01 8.39e-02f  1
iter    objective    inf_pr   inf_du lg(mu)  ||d||  lg(rg) alpha_du alpha_pr  ls
 220r-9.8118875e+03 3.50e-06 9.99e+02  -5.9 0.00e+00    -  0.00e+00 4.05e-08R  2
 221r-9.8118875e+03 3.43e-06 9.83e+02  -5.9 1.27e-01    -  9.98e-01 1.61e-02f  1
 222 -9.8118879e+03 3.43e-06 2.12e+04  -6.0 2.63e+01    -  7.66e-01 3.61e-05f  1
 223 -9.8118878e+03 3.43e-06 1.20e+05  -6.0 1.42e+03    -  6.10e-04 1.62e-06h  7
 224r-9.8118878e+03 3.43e-06 1.00e+03  -5.9 0.00e+00    -  0.00e+00 2.98e-07R  9
 225r-9.8118878e+03 3.18e-06 9.31e+02  -5.9 1.57e-01    -  9.97e-01 6.83e-02f  1
 226r-9.8118878e+03 3.18e-06 9.99e+02  -5.9 0.00e+00    -  0.00e+00 3.28e-08R  2
 227r-9.8118878e+03 3.12e-06 9.80e+02  -5.9 1.42e-01    -  9.97e-01 1.90e-02f  1
 228 -9.8118892e+03 3.13e-06 5.09e+03  -6.0 2.63e+01    -  7.66e-01 1.51e-04f  1
 229 -9.8118892e+03 3.13e-06 1.19e+05  -6.0 5.16e+02    -  3.60e-03 2.70e-06h  4
iter    objective    inf_pr   inf_du lg(mu)  ||d||  lg(rg) alpha_du alpha_pr  ls
 230r-9.8118892e+03 3.13e-06 1.00e+03  -5.9 0.00e+00    -  0.00e+00 2.90e-07R  9
 231r-9.8118892e+03 2.88e-06 9.24e+02  -5.9 1.58e-01    -  9.97e-01 7.53e-02f  1
 232 -9.8118892e+03 2.88e-06 1.07e+05  -6.0 7.11e+01    -  6.41e-02 7.21e-08h  1
 233r-9.8118892e+03 2.88e-06 1.00e+03  -5.9 0.00e+00    -  0.00e+00 3.99e-07R  9
 234r-9.8118892e+03 2.83e-06 9.84e+02  -5.9 1.68e-01    -  9.97e-01 1.54e-02f  1
 235r-9.8118892e+03 2.83e-06 9.99e+02  -5.9 0.00e+00    -  0.00e+00 7.32e-09R  2
 236r-9.8118892e+03 2.76e-06 9.34e+02  -5.9 1.54e-01    -  9.97e-01 6.47e-02f  1
 237 -9.8118947e+03 3.02e-06 9.67e+02  -6.0 2.63e+01    -  5.53e-01 5.72e-04f  1
 238r-9.8118947e+03 3.02e-06 9.99e+02  -5.9 0.00e+00    -  0.00e+00 1.84e-09R  2
 239r-9.8119259e+03 3.47e-04 9.75e+02  -5.9 1.55e+02    -  2.17e-01 2.45e-02f  1
iter    objective    inf_pr   inf_du lg(mu)  ||d||  lg(rg) alpha_du alpha_pr  ls
 240r-9.8119259e+03 3.44e-04 9.65e+02  -5.9 1.19e-01    -  9.98e-01 9.82e-03h  1
 241r-9.8118994e+03 9.87e-03 7.85e+02  -5.9 1.09e+01    -  8.77e-01 1.86e-01f  1
 242r-9.8116025e+03 3.52e-04 2.01e+01  -5.9 3.56e+00    -  9.77e-01 1.00e+00f  1
 243r-9.8115057e+03 2.81e-04 1.13e-01  -5.9 1.83e+00    -  1.00e+00 1.00e+00h  1
 244r-9.8115035e+03 1.12e-06 3.75e-06  -5.9 2.16e-01    -  1.00e+00 1.00e+00h  1
 245 -9.8115118e+03 1.23e-06 9.75e+01  -6.0 9.97e+01    -  1.00e-02 6.88e-04f  1
 246 -9.8115118e+03 2.84e-06 4.73e+04  -6.0 1.29e+03    -  4.03e-01 2.00e-04f  3
 247 -9.8115119e+03 3.75e-06 6.54e+04  -6.0 1.36e+03    -  5.81e-01 1.43e-04f  3
 248 -9.8115119e+03 3.88e-06 2.06e+05  -6.0 1.35e+03    -  1.53e-01 5.39e-05f  4
 249r-9.8115119e+03 3.88e-06 1.00e+03  -5.5 0.00e+00    -  0.00e+00 3.98e-07R 12
iter    objective    inf_pr   inf_du lg(mu)  ||d||  lg(rg) alpha_du alpha_pr  ls
 250r-9.8115119e+03 8.09e-07 9.99e+02  -5.5 7.16e-02    -  8.11e-01 1.00e-03f  1
 251 -9.8115264e+03 8.09e-07 1.75e+02  -6.0 8.83e+06    -  1.28e-04 1.26e-08f 10
 252 -9.8128886e+03 5.72e-03 5.49e+02  -6.0 1.19e+06    -  1.23e-03 1.40e-05f  3
 253 -9.8191335e+03 3.40e-02 2.10e+04  -6.0 4.53e+04    -  5.16e-02 8.16e-04f  1
In iteration 253, 1 Slack too small, adjusting variable bound
 254 -9.8191341e+03 3.40e-02 2.43e+05  -6.0 1.92e+03    -  5.07e-03 3.64e-05h  1
 255r-9.8191341e+03 3.40e-02 1.00e+03  -1.6 0.00e+00    -  0.00e+00 4.91e-07R 13
 256r-9.8191279e+03 2.94e-02 1.44e+03  -1.6 3.22e+02    -  4.13e-04 1.34e-04f  1
 257 -9.8191279e+03 2.94e-02 7.18e+07  -6.0 1.16e+01    -  4.80e-01 1.53e-06h  2
 258r-9.8191279e+03 2.94e-02 1.00e+03  -1.7 0.00e+00    -  0.00e+00 2.62e-07R  4
 259r-9.8191278e+03 2.75e-02 1.56e+03  -1.7 4.13e+02    -  2.08e-04 6.53e-05f  1
iter    objective    inf_pr   inf_du lg(mu)  ||d||  lg(rg) alpha_du alpha_pr  ls
 260r-9.8191265e+03 1.24e-02 1.00e+03  -1.7 2.54e+02    -  2.97e-04 6.64e-04f  1
 261 -9.8191265e+03 1.24e-02 3.68e+07  -6.0 1.15e+01    -  7.46e-01 1.20e-05h  1
 262r-9.8191265e+03 1.24e-02 1.00e+03  -2.0 0.00e+00    -  0.00e+00 2.95e-07R  5
 263r-9.8191264e+03 1.09e-02 2.93e+03  -2.0 1.19e+02    -  2.24e-03 1.19e-04f  1
 264 -9.8191264e+03 1.09e-02 9.91e+05  -6.0 1.15e+01    -  1.46e-01 3.63e-07h  2
 265r-9.8191264e+03 1.09e-02 1.00e+03  -2.1 0.00e+00    -  0.00e+00 2.58e-07R  3
 266r-9.8191264e+03 1.04e-02 3.47e+03  -2.1 1.03e+02    -  2.77e-03 4.45e-05f  1
 267r-9.8191237e+03 4.73e-03 4.49e+03  -2.1 1.09e+02    -  4.63e-03 3.77e-03f  1
 268 -9.8191238e+03 4.73e-03 3.74e+04  -6.0 1.14e+01    -  7.46e-01 2.00e-05h  1
 269r-9.8191238e+03 4.73e-03 1.00e+03  -3.0 0.00e+00    -  0.00e+00 2.78e-07R  5
iter    objective    inf_pr   inf_du lg(mu)  ||d||  lg(rg) alpha_du alpha_pr  ls
 270r-9.8191237e+03 4.72e-03 1.39e+04  -3.0 1.88e+01    -  1.02e-01 1.00e-03f  1
 271 -9.8191237e+03 4.72e-03 2.67e+04  -6.0 1.43e+01    -  4.09e-01 2.91e-07h  2
 272r-9.8191237e+03 4.72e-03 1.00e+03  -3.6 0.00e+00    -  0.00e+00 3.91e-07R  4
 273r-9.8191236e+03 4.71e-03 1.23e+03  -3.6 8.64e+00    -  3.34e-02 1.00e-03f  1
 274 -9.8191237e+03 4.71e-03 4.88e+04  -6.0 4.84e+01    -  7.77e-01 2.18e-07h  2
 275r-9.8191237e+03 4.71e-03 1.00e+03  -4.2 0.00e+00    -  0.00e+00 3.12e-07R  5
 276r-9.8191236e+03 4.67e-03 1.67e+03  -4.2 1.60e+01    -  1.49e-01 1.00e-03f  1
 277 -9.8191237e+03 4.67e-03 1.58e+05  -6.0 1.69e+02    -  8.15e-01 1.27e-07h  2
 278r-9.8191237e+03 4.67e-03 1.00e+03  -4.9 0.00e+00    -  0.00e+00 4.32e-07R  5
 279r-9.8191237e+03 4.52e-03 9.82e+02  -4.9 4.65e+01    -  4.65e-02 1.00e-03f  1
iter    objective    inf_pr   inf_du lg(mu)  ||d||  lg(rg) alpha_du alpha_pr  ls
 280 -9.8191237e+03 4.52e-03 1.13e+04  -6.0 4.09e+02    -  9.74e-03 1.37e-07f  1
 281r-9.8191237e+03 4.52e-03 1.00e+03  -5.5 0.00e+00    -  0.00e+00 3.09e-07R  6
 282r-9.8191237e+03 3.95e-03 9.95e+02  -5.5 1.21e+02    -  1.36e-02 1.00e-03f  1
 283r-9.8191237e+03 3.95e-03 9.99e+02  -5.6 0.00e+00    -  0.00e+00 1.90e-09R  2
 284r-9.8191237e+03 3.29e-03 9.97e+02  -5.6 2.90e+01    -  1.71e-02 1.00e-03f  1
 285 -9.8191237e+03 3.29e-03 1.77e+05  -6.0 1.14e+01    -  2.84e-01 8.03e-07h  2
 286r-9.8191237e+03 3.29e-03 1.00e+03  -5.9 0.00e+00    -  0.00e+00 3.59e-07R  3
 287r-9.8191238e+03 1.76e-03 9.97e+02  -5.9 2.72e+01    -  1.27e-02 1.67e-03f  1
 288 -9.8191238e+03 1.76e-03 2.06e+05  -6.0 1.15e+01    -  1.74e-01 4.24e-07h  2
 289r-9.8191238e+03 1.76e-03 1.00e+03  -5.6 0.00e+00    -  0.00e+00 2.81e-07R  3
iter    objective    inf_pr   inf_du lg(mu)  ||d||  lg(rg) alpha_du alpha_pr  ls
 290r-9.8191238e+03 1.63e-03 9.99e+02  -5.6 1.34e+01    -  5.77e-02 1.00e-03f  1
 291 -9.8191542e+03 1.63e-03 3.30e+03  -6.0 1.23e+05    -  8.00e-05 8.39e-06f  1
 292r-9.8191542e+03 1.63e-03 1.00e+03  -4.8 0.00e+00    -  0.00e+00 3.06e-07R 10
 293r-9.8191529e+03 1.61e-03 2.70e+03  -4.8 1.55e+01    -  8.25e-01 1.00e-03f  1
 294 -9.8191529e+03 1.61e-03 2.26e+05  -6.0 1.15e+01    -  7.00e-02 3.87e-08h  4
 295r-9.8191529e+03 1.61e-03 1.00e+03  -5.4 0.00e+00    -  0.00e+00 2.22e-07R  2
 296r-9.8191529e+03 1.55e-03 9.99e+02  -5.4 8.73e+00    -  1.34e-01 1.00e-03f  1
 297 -9.8191748e+03 1.55e-03 1.86e+03  -6.0 2.50e+05    -  4.35e-05 6.88e-06f  1
 298 -9.8193950e+03 1.48e-01 6.67e+02  -6.0 5.27e+05    -  9.56e-05 1.61e-04f  1
 299r-9.8193950e+03 1.48e-01 1.00e+03  -1.0 0.00e+00    -  0.00e+00 2.88e-07R 11
iter    objective    inf_pr   inf_du lg(mu)  ||d||  lg(rg) alpha_du alpha_pr  ls
 300r-9.8193853e+03 1.46e-01 5.59e+04  -1.0 1.04e+04    -  2.79e-03 1.87e-05f  1
 301r-9.8185398e+03 2.16e-02 5.57e+04  -1.0 5.88e+02    -  4.59e-03 3.79e-03f  1
 302r-9.8171623e+03 6.68e-02 5.50e+04  -1.0 4.03e+02    -  1.30e-02 1.04e-02f  1
 303r-9.8153691e+03 1.32e-01 5.33e+04  -1.0 2.66e+02    -  6.64e-02 2.32e-02f  1
 304r-9.8136492e+03 2.46e-01 5.07e+04  -1.0 1.30e+02    -  6.36e-03 4.45e-02f  1
 305r-9.8121569e+03 3.86e-01 4.85e+04  -1.0 1.44e+02    -  1.03e-01 4.63e-02f  1
 306r-9.8084914e+03 1.10e+00 4.09e+04  -1.0 8.03e+01    -  8.81e-02 1.59e-01f  1
 307r-9.8065398e+03 1.16e+00 3.52e+04  -1.0 4.69e+01    -  2.16e-01 1.38e-01f  1
 308r-9.8033141e+03 1.64e+00 2.35e+04  -1.0 5.68e+01    -  2.70e-01 3.32e-01f  1
 309r-9.8009273e+03 2.24e+00 1.07e+04  -1.0 1.21e+02    -  6.96e-01 5.44e-01f  1
iter    objective    inf_pr   inf_du lg(mu)  ||d||  lg(rg) alpha_du alpha_pr  ls
 310r-9.7998896e+03 2.77e+00 1.55e+03  -1.0 1.02e+02    -  9.15e-01 1.00e+00f  1
 311r-9.8070402e+03 1.86e+01 7.72e+02  -1.0 1.67e+03    -  1.00e+00 5.23e-01f  1
 312r-9.8118757e+03 1.46e+01 9.98e+02  -1.0 9.21e+02    -  7.98e-04 6.85e-01f  1
 313r-9.8081326e+03 5.15e+00 2.91e+00  -1.0 4.72e+02    -  1.00e+00 1.00e+00h  1
 314r-9.8034561e+03 2.86e+00 1.53e+01  -1.0 5.87e+02    -  1.00e+00 1.00e+00H  1
 315r-9.8048821e+03 1.55e+00 1.18e+04  -1.7 2.39e+02    -  5.16e-01 3.49e-01f  1
 316r-9.8043007e+03 6.74e-01 7.93e+03  -1.7 9.84e+01    -  5.23e-01 4.47e-01f  1
 317r-9.8043264e+03 3.79e-01 5.36e+03  -1.7 1.02e+02    -  4.63e-01 3.94e-01f  1
 318r-9.8047451e+03 2.73e-01 5.49e+03  -1.7 9.10e+01    -  9.91e-01 6.32e-01f  1
 319r-9.8054512e+03 4.81e-01 3.18e+02  -1.7 7.42e+01    -  1.00e+00 1.00e+00f  1
iter    objective    inf_pr   inf_du lg(mu)  ||d||  lg(rg) alpha_du alpha_pr  ls
 320r-9.8054730e+03 2.36e-01 1.27e+03  -1.7 2.51e-02   0.0 1.00e+00 1.00e+00f  1
 321r-9.8053830e+03 1.47e-01 6.47e+02  -1.7 1.70e+01    -  1.00e+00 1.00e+00h  1
 322r-9.8053817e+03 2.12e-01 7.33e+03  -1.7 8.24e-01    -  9.69e-01 1.92e-01h  2
 323r-9.8053816e+03 1.40e-01 3.29e+03  -1.7 5.40e-02  -0.5 1.00e+00 1.00e+00h  1
 324r-9.8053794e+03 1.45e-01 9.81e+01  -1.7 2.75e-01    -  1.00e+00 1.00e+00h  1
 325r-9.8053792e+03 1.45e-01 1.79e+01  -1.7 3.53e-02    -  1.00e+00 1.00e+00h  1
 326r-9.8053792e+03 1.45e-01 1.33e-02  -1.7 8.42e-04    -  1.00e+00 1.00e+00h  1
 327r-9.8078452e+03 2.62e-01 1.73e+03  -4.8 9.80e+01    -  4.47e-01 3.80e-01f  1
 328r-9.8078942e+03 2.58e-01 1.80e+03  -4.8 3.83e+02    -  3.31e-02 1.76e-02f  1
 329r-9.8081356e+03 7.52e-01 1.10e+03  -4.8 1.75e+02    -  7.68e-02 1.42e-01f  1
iter    objective    inf_pr   inf_du lg(mu)  ||d||  lg(rg) alpha_du alpha_pr  ls
 330r-9.8081576e+03 7.43e-01 1.54e+03  -4.8 2.32e+02    -  7.76e-02 1.14e-02f  1
 331r-9.8081211e+03 5.74e-01 3.09e+03  -4.8 1.80e+00  -1.0 3.05e-01 2.26e-01f  1
 332r-9.8081014e+03 5.67e-01 3.53e+03  -4.8 8.18e+00  -1.4 3.57e-02 1.11e-02f  1
 333r-9.8079850e+03 5.03e-01 2.96e+03  -4.8 7.82e+00  -1.9 1.07e-01 1.16e-01f  1
 334r-9.8079881e+03 4.10e-01 6.09e+03  -4.8 1.71e-01   0.3 3.86e-01 1.83e-01f  1
 335r-9.8079905e+03 2.81e-01 7.06e+03  -4.8 8.94e-02   0.7 5.55e-01 3.09e-01f  1
 336r-9.8080009e+03 1.73e-01 3.53e+03  -4.8 1.90e-01   0.3 3.13e-01 4.19e-01f  1
 337r-9.8080294e+03 1.13e-01 1.29e+03  -4.8 6.25e-01  -0.2 2.05e-01 4.15e-01f  1
 338r-9.8080368e+03 1.09e-01 1.38e+03  -4.8 1.07e+00  -0.7 8.60e-02 3.84e-02f  1
 339r-9.8080666e+03 1.03e-01 1.57e+03  -4.8 2.30e+00  -1.2 1.69e-01 6.44e-02f  1
iter    objective    inf_pr   inf_du lg(mu)  ||d||  lg(rg) alpha_du alpha_pr  ls
 340r-9.8080741e+03 1.02e-01 1.59e+03  -4.8 6.67e+00  -1.6 3.17e-02 9.72e-03f  1
 341r-9.8081318e+03 1.27e-01 1.24e+03  -4.8 2.85e+00  -1.2 4.90e-02 1.24e-01f  1
 342r-9.8081400e+03 1.24e-01 1.34e+03  -4.8 1.47e+00  -0.8 1.13e-01 3.84e-02f  1
 343r-9.8081424e+03 1.22e-01 1.35e+03  -4.8 7.15e+00  -1.3 4.16e-02 2.19e-02f  1
 344r-9.8081528e+03 1.19e-01 1.20e+03  -4.8 2.52e+00  -0.8 1.91e-02 5.83e-02f  1
 345r-9.8081574e+03 1.14e-01 1.95e+03  -4.8 7.29e-01  -0.4 2.01e-01 4.53e-02f  1
 346r-9.8081627e+03 1.01e-01 2.72e+03  -4.8 2.79e-01   0.0 2.13e-01 1.22e-01f  1
 347r-9.8081733e+03 9.67e-02 2.98e+03  -4.8 8.54e-01  -0.5 1.37e-01 9.44e-02f  1
 348r-9.8081744e+03 9.47e-02 6.61e+03  -4.8 2.87e-01  -0.0 3.00e-01 2.17e-02f  1
 349r-9.8081872e+03 9.39e-02 5.53e+03  -4.8 6.85e-01  -0.5 5.98e-02 9.50e-02f  1
iter    objective    inf_pr   inf_du lg(mu)  ||d||  lg(rg) alpha_du alpha_pr  ls
 350r-9.8081953e+03 9.41e-02 6.57e+03  -4.8 1.64e+00  -1.0 1.06e-01 2.12e-02f  1
 351r-9.8082175e+03 9.58e-02 6.79e+03  -4.8 4.26e+00  -1.5 4.45e-02 1.88e-02f  1
 352r-9.8082503e+03 8.84e-02 8.48e+03  -4.8 1.82e+00  -1.0 2.44e-01 7.89e-02f  1
 353r-9.8082787e+03 1.05e-01 9.05e+03  -4.8 3.09e+00  -1.5 8.32e-02 2.43e-02f  1
 354r-9.8083066e+03 9.88e-02 9.23e+03  -4.8 1.52e+00  -1.1 1.12e-01 5.85e-02f  1
 355r-9.8083166e+03 1.57e-01 9.57e+03  -4.8 4.03e+00  -1.6 4.35e-02 9.84e-03f  1
 356r-9.8083519e+03 1.46e-01 8.58e+03  -4.8 1.82e+00  -1.1 4.77e-02 7.13e-02f  1
 357r-9.8083794e+03 1.45e-01 9.92e+03  -4.8 4.44e+00  -1.6 1.41e-01 2.44e-02f  1
 358r-9.8083864e+03 1.43e-01 1.13e+04  -4.8 2.02e+00  -1.2 1.29e-01 1.28e-02f  1
 359r-9.8084702e+03 1.75e-01 9.83e+03  -4.8 4.94e+00  -1.7 1.70e-02 7.14e-02f  1
iter    objective    inf_pr   inf_du lg(mu)  ||d||  lg(rg) alpha_du alpha_pr  ls
 360r-9.8084872e+03 1.72e-01 9.63e+03  -4.8 2.16e+00  -1.2 3.34e-02 2.80e-02f  1
 361r-9.8084978e+03 1.65e-01 9.62e+03  -4.8 9.03e-01  -0.8 6.94e-02 4.01e-02f  1
 362r-9.8085415e+03 1.65e-01 8.59e+03  -4.8 2.37e+00  -1.3 3.27e-02 6.46e-02f  1
 363r-9.8085484e+03 1.62e-01 9.76e+03  -4.8 9.30e-01  -0.9 1.29e-01 2.28e-02f  1
 364r-9.8085648e+03 1.64e-01 1.02e+04  -4.8 2.50e+00  -1.3 7.63e-02 2.14e-02f  1
 365r-9.8085909e+03 1.53e-01 9.03e+03  -4.8 1.04e+00  -0.9 4.48e-02 7.76e-02f  1
 366r-9.8086266e+03 8.88e-01 8.54e+03  -4.8 2.75e+00  -1.4 3.12e-02 4.14e-02f  1
 367r-9.8086427e+03 9.03e-01 9.67e+03  -4.8 1.14e+00  -1.0 1.71e-01 4.25e-02f  1
 368r-9.8086618e+03 8.02e-01 9.86e+03  -4.8 4.64e-01  -0.5 2.59e-01 1.26e-01f  1
 369r-9.8086750e+03 8.21e-01 9.94e+03  -4.8 1.07e+00  -1.0 7.26e-02 3.02e-02f  1
iter    objective    inf_pr   inf_du lg(mu)  ||d||  lg(rg) alpha_du alpha_pr  ls
 370r-9.8087396e+03 7.75e-01 9.08e+03  -4.8 2.92e+00  -1.5 2.10e-02 5.63e-02f  1
 371r-9.8087532e+03 7.53e-01 9.45e+03  -4.8 1.34e+00  -1.1 1.02e-01 2.86e-02f  1
 372r-9.8087740e+03 7.40e-01 9.33e+03  -4.8 3.88e+00  -1.6 2.39e-02 1.78e-02f  1
 373r-9.8087796e+03 7.38e-01 9.38e+03  -4.8 1.11e+01  -2.0 1.18e-02 2.47e-03f  1
 374r-9.8087563e+03 7.38e-01 9.37e+03  -4.8 1.08e+03  -2.5 1.40e-04 2.04e-04f  1
 375r-9.8088046e+03 6.79e-01 9.01e+03  -4.8 1.55e+00  -1.2 1.32e-01 8.08e-02f  1
 376r-9.8088315e+03 6.67e-01 8.96e+03  -4.8 4.24e+00  -1.7 3.01e-02 1.69e-02f  1
 377r-9.8088967e+03 6.03e-01 7.89e+03  -4.8 1.61e+00  -1.2 6.68e-02 9.58e-02f  1
 378r-9.8089182e+03 5.96e-01 7.94e+03  -4.8 4.68e+00  -1.7 3.30e-02 1.23e-02f  1
 379r-9.8089744e+03 5.52e-01 7.05e+03  -4.8 1.64e+00  -1.3 2.93e-02 7.39e-02f  1
iter    objective    inf_pr   inf_du lg(mu)  ||d||  lg(rg) alpha_du alpha_pr  ls
 380r-9.8089971e+03 5.45e-01 7.14e+03  -4.8 4.77e+00  -1.8 3.89e-02 1.18e-02f  1
 381r-9.8090734e+03 4.96e-01 6.68e+03  -4.8 1.82e+00  -1.3 1.19e-01 9.05e-02f  1
 382r-9.8090965e+03 4.91e-01 6.70e+03  -4.8 5.10e+00  -1.8 2.74e-02 1.10e-02f  1
 383r-9.8091224e+03 4.80e-01 6.49e+03  -4.8 2.17e+00  -1.4 2.41e-02 2.82e-02f  1
 384r-9.8091409e+03 4.59e-01 6.69e+03  -4.8 1.07e+00  -1.0 1.18e-01 5.01e-02f  1
 385r-9.8091825e+03 5.34e-01 6.09e+03  -4.8 3.93e+00  -1.4 1.14e-02 4.40e-02f  1
 386r-9.8091904e+03 5.23e-01 7.97e+03  -4.8 1.22e+00  -1.0 1.43e-01 1.92e-02f  1
 387r-9.8092193e+03 5.08e-01 7.68e+03  -4.8 5.64e+00  -1.5 2.49e-02 2.88e-02f  1
 388r-9.8092581e+03 4.65e-01 6.62e+03  -4.8 1.50e+00  -1.1 5.97e-02 8.51e-02f  1
 389r-9.8092711e+03 4.60e-01 6.64e+03  -4.8 6.23e+00  -1.5 1.80e-02 1.16e-02f  1
iter    objective    inf_pr   inf_du lg(mu)  ||d||  lg(rg) alpha_du alpha_pr  ls
 390r-9.8092868e+03 4.46e-01 6.63e+03  -4.8 1.62e+00  -1.1 4.35e-02 3.08e-02f  1
 391r-9.8092972e+03 4.42e-01 7.11e+03  -4.8 3.11e+00  -1.6 4.46e-02 7.59e-03f  1
 392r-9.8093218e+03 4.38e-01 7.30e+03  -4.8 1.01e+01  -2.1 2.56e-02 8.36e-03f  1
 393r-9.8093336e+03 4.35e-01 7.46e+03  -4.8 3.41e+00  -1.6 2.39e-02 7.85e-03f  1
 394r-9.8093458e+03 4.27e-01 8.08e+03  -4.8 1.41e+00  -1.2 7.67e-02 1.90e-02f  1
 395r-9.8093673e+03 4.21e-01 7.95e+03  -4.8 4.01e+00  -1.7 1.09e-02 1.27e-02f  1
 396r-9.8093948e+03 4.05e-01 8.05e+03  -4.8 1.56e+00  -1.3 7.10e-02 3.82e-02f  1
 397r-9.8094297e+03 3.98e-01 8.45e+03  -4.8 3.95e+00  -1.7 6.60e-02 1.86e-02f  1
 398r-9.8095032e+03 3.61e-01 6.97e+03  -4.8 1.59e+00  -1.3 2.62e-02 9.17e-02f  1
 399r-9.8095503e+03 3.53e-01 7.05e+03  -4.8 4.30e+00  -1.8 4.55e-02 2.30e-02f  1
iter    objective    inf_pr   inf_du lg(mu)  ||d||  lg(rg) alpha_du alpha_pr  ls
 400r-9.8095773e+03 3.42e-01 7.21e+03  -4.8 1.60e+00  -1.4 6.76e-02 3.05e-02f  1
 401r-9.8096735e+03 3.27e-01 7.24e+03  -4.8 4.70e+00  -1.8 7.81e-02 4.30e-02f  1
 402r-9.8096986e+03 3.19e-01 7.38e+03  -4.8 1.81e+00  -1.4 6.37e-02 2.58e-02f  1
 403r-9.8097555e+03 2.72e-01 6.88e+03  -4.8 7.36e-01  -1.0 2.16e-01 1.46e-01f  1
 404r-9.8098037e+03 2.60e-01 6.79e+03  -4.8 2.03e+00  -1.5 7.84e-02 4.49e-02f  1
 405r-9.8099170e+03 1.91e-01 5.24e+03  -4.8 8.86e-01  -1.0 3.04e-01 2.63e-01f  1
 406r-9.8101235e+03 1.58e-01 3.85e+03  -4.8 2.48e+00  -1.5 6.87e-02 1.77e-01f  1
 407r-9.8101619e+03 1.45e-01 5.64e+03  -4.8 9.89e-01  -1.1 6.10e-01 8.25e-02f  1
 408r-9.8103129e+03 1.27e-01 4.96e+03  -4.8 3.12e+00  -1.6 1.13e-01 1.20e-01f  1
 409r-9.8104076e+03 1.04e-01 5.06e+03  -4.8 1.18e+00  -1.1 9.07e-01 1.86e-01f  1
iter    objective    inf_pr   inf_du lg(mu)  ||d||  lg(rg) alpha_du alpha_pr  ls
 410r-9.8106398e+03 8.60e-02 4.20e+03  -4.8 3.48e+00  -1.6 2.55e-01 1.71e-01f  1
 411r-9.8107249e+03 8.35e-02 4.09e+03  -4.8 8.34e+00  -2.1 6.87e-02 2.80e-02f  1
 412r-9.8109028e+03 8.07e-02 3.96e+03  -4.8 2.04e+01  -2.6 7.94e-02 3.35e-02f  1
 413r-9.8111155e+03 7.53e-02 3.70e+03  -4.8 9.22e+00  -2.1 1.71e-01 6.71e-02f  1
 414r-9.8111900e+03 7.43e-02 3.66e+03  -4.8 2.25e+01  -2.6 9.72e-02 1.41e-02f  1
 415r-9.8113304e+03 7.95e-02 3.50e+03  -4.8 3.32e+00  -2.2 3.78e-02 4.29e-02f  1
 416r-9.8114131e+03 3.49e-01 3.45e+03  -4.8 1.97e+01  -2.7 3.26e-02 1.56e-02f  1
 417r-9.8114891e+03 3.45e-01 3.41e+03  -4.8 3.29e+01  -3.2 2.36e-02 1.13e-02f  1
 418r-9.8116612e+03 3.34e-01 3.30e+03  -4.8 1.06e+01  -2.7 2.70e-02 3.19e-02f  1
 419r-9.8117114e+03 3.32e-01 3.28e+03  -4.8 3.97e+01  -3.2 2.23e-02 7.62e-03f  1
iter    objective    inf_pr   inf_du lg(mu)  ||d||  lg(rg) alpha_du alpha_pr  ls
 420r-9.8118520e+03 3.23e-01 3.20e+03  -4.8 1.19e+01  -2.8 2.97e-02 2.60e-02f  1
 421r-9.8119630e+03 3.13e-01 3.11e+03  -4.8 4.61e+00  -2.4 8.73e-02 3.05e-02f  1
 422r-9.8121588e+03 3.02e-01 3.00e+03  -4.8 1.36e+01  -2.8 3.49e-02 3.64e-02f  1
 423r-9.8122794e+03 2.92e-01 2.91e+03  -4.8 5.10e+00  -2.4 7.79e-02 3.28e-02f  1
 424r-9.8123356e+03 2.89e-01 2.88e+03  -4.8 1.51e+01  -2.9 2.13e-02 1.07e-02f  1
 425r-9.8124778e+03 2.78e-01 2.77e+03  -4.8 5.68e+00  -2.5 2.91e-02 3.76e-02f  1
 426r-9.8126390e+03 2.70e-01 2.68e+03  -4.8 1.68e+01  -2.9 1.01e-02 3.09e-02f  1
 427r-9.8126829e+03 2.67e-01 2.65e+03  -4.8 6.30e+00  -2.5 7.02e-02 1.16e-02f  1
 428r-9.8128426e+03 2.59e-01 2.57e+03  -4.8 1.97e+01  -3.0 2.62e-02 3.08e-02f  1
 429r-9.8128573e+03 2.58e-01 2.56e+03  -4.8 2.77e+02  -3.5 1.28e-02 2.55e-03f  1
iter    objective    inf_pr   inf_du lg(mu)  ||d||  lg(rg) alpha_du alpha_pr  ls
 430r-9.8128660e+03 2.58e-01 2.56e+03  -4.8 1.49e+01  -3.0 2.01e-02 1.70e-03f  1
 431r-9.8128964e+03 2.57e-01 2.55e+03  -4.8 2.82e+01  -3.5 6.54e-03 5.33e-03f  1
 432r-9.8129675e+03 2.53e-01 2.52e+03  -4.8 1.63e+01  -3.1 2.85e-02 1.37e-02f  1
 433r-9.8131302e+03 2.51e-01 2.44e+03  -4.8 3.35e+01  -3.6 1.66e-02 2.85e-02f  1
 434r-9.8131620e+03 2.49e-01 2.43e+03  -4.8 1.79e+01  -3.1 3.48e-02 6.25e-03f  1
 435r-9.8133772e+03 2.89e-01 2.33e+03  -4.8 3.68e+01  -3.6 2.11e-02 3.88e-02f  1
 436r-9.8134087e+03 2.88e-01 2.32e+03  -4.8 1.91e+01  -3.2 4.57e-02 6.41e-03f  1
 437r-9.8135480e+03 2.81e-01 2.26e+03  -4.8 4.13e+01  -3.7 2.95e-02 2.62e-02f  1
 438r-9.8137000e+03 2.72e-01 2.19e+03  -4.8 2.02e+01  -3.2 2.91e-02 3.16e-02f  1
 439r-9.8138059e+03 2.67e-01 2.14e+03  -4.8 4.34e+01  -3.7 3.63e-02 2.10e-02f  1
iter    objective    inf_pr   inf_du lg(mu)  ||d||  lg(rg) alpha_du alpha_pr  ls
 440r-9.8139313e+03 2.60e-01 2.09e+03  -4.8 2.09e+01  -3.3 4.30e-02 2.71e-02f  1
 441r-9.8139821e+03 2.57e-01 2.06e+03  -4.8 5.16e+01  -3.8 2.45e-02 1.06e-02f  1
 442r-9.8141080e+03 2.50e-01 2.01e+03  -4.8 2.21e+01  -3.3 6.23e-02 2.80e-02f  1
 443r-9.8141536e+03 2.48e-01 1.99e+03  -4.8 6.06e+01  -3.8 2.44e-02 9.89e-03f  1
 444r-9.8143785e+03 2.36e-01 1.88e+03  -4.8 8.91e+00  -3.4 3.45e-02 5.15e-02f  1
 445r-9.8144386e+03 2.33e-01 1.86e+03  -4.8 2.09e+01  -3.9 3.54e-02 1.38e-02f  1
 446r-9.8146984e+03 2.20e-01 1.74e+03  -4.8 9.80e+00  -3.4 4.60e-02 6.32e-02f  1
 447r-9.8147827e+03 2.16e-01 1.71e+03  -4.8 2.25e+01  -3.9 5.38e-02 2.09e-02f  1
 448r-9.8149009e+03 2.10e-01 1.65e+03  -4.8 1.07e+01  -3.5 5.56e-02 3.12e-02f  1
 449r-9.8149814e+03 2.06e-01 1.62e+03  -4.8 2.88e+01  -4.0 3.87e-02 2.11e-02f  1
iter    objective    inf_pr   inf_du lg(mu)  ||d||  lg(rg) alpha_du alpha_pr  ls
 450r-9.8151062e+03 2.00e-01 1.56e+03  -4.8 1.18e+01  -3.5 2.71e-02 3.47e-02f  1
 451r-9.8151787e+03 1.97e-01 1.53e+03  -4.8 2.76e+01  -4.0 3.35e-02 2.02e-02f  1
 452r-9.8152628e+03 1.92e-01 1.49e+03  -4.8 1.29e+01  -3.6 3.40e-02 2.46e-02f  1
 453r-9.8153792e+03 1.86e-01 1.44e+03  -4.8 3.00e+01  -4.1 2.67e-02 3.40e-02f  1
 454r-9.8154368e+03 1.83e-01 1.42e+03  -4.8 1.37e+01  -3.6 5.24e-02 1.79e-02f  1
 455r-9.8155109e+03 1.80e-01 1.39e+03  -4.8 2.89e+01  -4.1 3.43e-02 2.28e-02f  1
 456r-9.8156117e+03 1.74e-01 1.34e+03  -4.8 1.21e+01  -3.7 1.05e-01 3.26e-02f  1
 457r-9.8156293e+03 1.74e-01 1.34e+03  -4.8 2.85e+01  -4.2 4.81e-02 5.77e-03f  1
 458r-9.8157318e+03 1.69e-01 1.29e+03  -4.8 1.25e+01  -3.8 7.17e-02 3.47e-02f  1
 459r-9.8158593e+03 1.85e-01 1.23e+03  -4.8 3.55e+01  -4.2 1.41e-02 4.41e-02f  1
iter    objective    inf_pr   inf_du lg(mu)  ||d||  lg(rg) alpha_du alpha_pr  ls
 460r-9.8161131e+03 1.92e-01 1.12e+03  -4.8 1.23e+01  -3.8 1.81e-01 9.35e-02f  1
 461r-9.8162932e+03 2.83e-01 1.04e+03  -4.8 2.84e+01  -4.3 7.83e-02 7.34e-02f  1
 462r-9.8163214e+03 2.80e-01 1.03e+03  -4.8 8.96e+00  -3.9 8.18e-02 1.25e-02h  1
 463r-9.8164169e+03 2.72e-01 9.91e+02  -4.8 1.42e+01  -4.3 6.49e-02 4.31e-02h  1
 464r-9.8164546e+03 2.70e-01 9.72e+02  -4.8 2.30e+02  -4.8 2.40e-02 1.98e-02h  1
 465r-9.8164222e+03 2.66e-01 9.59e+02  -4.8 2.79e+02    -  1.35e-02 1.34e-02h  1
 466r-9.8164760e+03 2.61e-01 9.49e+02  -4.8 1.44e+01  -4.4 1.77e-01 2.65e-02f  1
 467r-9.8164213e+03 2.60e-01 8.61e+02  -4.8 2.24e+02    -  6.57e-03 8.57e-02f  1
 468r-9.8164967e+03 2.54e-01 8.23e+02  -4.8 1.92e+01  -4.0 2.02e-01 4.19e-02f  1
 469r-9.8165807e+03 2.48e-01 7.90e+02  -4.8 1.52e+02  -4.4 2.49e-02 4.57e-02f  1
iter    objective    inf_pr   inf_du lg(mu)  ||d||  lg(rg) alpha_du alpha_pr  ls
 470r-9.8165812e+03 2.47e-01 7.93e+02  -4.8 4.83e+02    -  5.90e-02 1.77e-03h  1
 471r-9.8162545e+03 2.27e-01 7.31e+02  -4.8 1.72e+02    -  1.60e-01 8.65e-02h  1
 472r-9.8160917e+03 2.09e-01 7.05e+02  -4.8 1.36e+02    -  6.63e-01 7.81e-02h  1
 473r-9.8162537e+03 1.49e-01 5.75e+02  -4.8 1.07e+02    -  9.93e-01 2.89e-01h  1
 474r-9.8168044e+03 4.88e-02 1.93e+02  -4.8 5.73e+01    -  8.75e-01 6.72e-01h  1
 475r-9.8170459e+03 2.17e-03 4.83e+00  -4.8 9.48e+00    -  1.00e+00 1.00e+00h  1
 476r-9.8171317e+03 6.19e-04 3.08e-02  -4.8 5.48e+00    -  1.00e+00 1.00e+00h  1
 477 -9.8196593e+03 1.56e-02 3.74e+02  -6.0 1.49e+05    -  1.07e-02 1.85e-04f  1
 478 -9.8202952e+03 1.13e-01 7.39e+02  -6.0 1.57e+05    -  1.16e-02 4.37e-04f  1
 479 -9.8216611e+03 1.12e-01 1.48e+04  -6.0 5.99e+02    -  4.63e-01 1.07e-02f  1
iter    objective    inf_pr   inf_du lg(mu)  ||d||  lg(rg) alpha_du alpha_pr  ls
 480 -9.8216384e+03 1.12e-01 2.01e+04  -6.0 1.39e+03    -  3.92e-01 2.72e-03h  2
 481 -9.8216131e+03 1.11e-01 2.42e+04  -6.0 1.38e+03    -  6.15e-01 2.73e-03h  1
 482 -9.8216129e+03 1.11e-01 1.44e+06  -6.0 5.26e+02    -  6.64e-01 6.99e-05h  1
 483 -9.8215626e+03 1.10e-01 2.68e+06  -6.0 5.26e+02    -  2.37e-02 1.26e-02h  1
 484r-9.8215626e+03 1.10e-01 1.00e+03  -1.1 0.00e+00    -  0.00e+00 2.51e-07R 14
 485r-9.8215619e+03 1.06e-01 1.15e+03  -1.1 2.60e+03    -  1.06e-04 3.71e-05f  1
 486r-9.8215578e+03 8.16e-02 1.00e+03  -1.1 1.98e+03    -  7.65e-05 2.54e-04f  1
 487 -9.8215578e+03 8.16e-02 7.82e+05  -6.0 1.10e+01    -  6.41e-01 1.27e-05h  1
 488 -9.8215569e+03 8.16e-02 2.14e+06  -6.0 1.10e+03    -  1.53e-05 4.19e-05h  1
 489r-9.8215569e+03 8.16e-02 1.00e+03  -1.2 0.00e+00    -  0.00e+00 3.17e-07R  3
iter    objective    inf_pr   inf_du lg(mu)  ||d||  lg(rg) alpha_du alpha_pr  ls
 490r-9.8215569e+03 8.10e-02 1.00e+03  -1.2 6.86e+02    -  7.26e-06 8.14e-06f  1
 491r-9.8215563e+03 7.29e-02 1.42e+04  -1.2 6.51e+02    -  2.09e-03 1.00e-04f  1
 492 -9.8215563e+03 7.29e-02 4.73e+05  -6.0 1.09e+01    -  3.87e-01 1.67e-06h  2
 493r-9.8215563e+03 7.29e-02 1.00e+03  -1.3 0.00e+00    -  0.00e+00 3.37e-07R  2
 494r-9.8215563e+03 7.27e-02 1.76e+04  -1.3 4.58e+02    -  2.93e-03 3.48e-06f  1
 495r-9.8215402e+03 9.88e-03 2.58e+04  -1.3 2.09e+02    -  7.16e-03 3.56e-03f  1
 496 -9.8215403e+03 9.88e-03 3.52e+06  -6.0 1.00e+01    -  6.50e-01 7.00e-05h  1
 497r-9.8215403e+03 9.88e-03 1.00e+03  -2.2 0.00e+00    -  0.00e+00 3.45e-07R  4
 498r-9.8215400e+03 9.87e-03 1.06e+04  -2.2 5.69e+01    -  2.91e-02 6.41e-04f  1
 499 -9.8215400e+03 9.87e-03 2.14e+06  -6.0 1.00e+01    -  1.41e-01 6.71e-07h  2
iter    objective    inf_pr   inf_du lg(mu)  ||d||  lg(rg) alpha_du alpha_pr  ls
 500r-9.8215400e+03 9.87e-03 1.00e+03  -2.6 0.00e+00    -  0.00e+00 3.21e-07R  2
 501r-9.8215399e+03 9.87e-03 3.99e+03  -2.6 2.83e+01    -  2.87e-02 5.87e-04f  1
 502 -9.8215399e+03 9.87e-03 5.54e+06  -6.0 1.00e+01    -  1.38e-01 5.73e-07h  2
 503r-9.8215399e+03 9.87e-03 1.00e+03  -3.0 0.00e+00    -  0.00e+00 4.75e-07R  2
 504r-9.8215398e+03 9.85e-03 4.06e+03  -3.0 1.72e+01    -  6.68e-02 1.00e-03f  1
 505 -9.8215398e+03 9.85e-03 1.23e+05  -6.0 1.00e+01    -  1.13e-01 2.30e-07h  3
 506r-9.8215398e+03 9.85e-03 1.00e+03  -3.6 0.00e+00    -  0.00e+00 4.73e-07R  2
 507r-9.8215398e+03 9.77e-03 1.37e+03  -3.6 1.21e+01    -  8.85e-02 1.00e-03f  1
 508 -9.8215398e+03 9.77e-03 1.26e+05  -6.0 1.01e+01    -  9.80e-02 9.76e-08h  4
 509r-9.8215398e+03 9.77e-03 1.00e+03  -4.2 0.00e+00    -  0.00e+00 4.65e-07R  2
iter    objective    inf_pr   inf_du lg(mu)  ||d||  lg(rg) alpha_du alpha_pr  ls
 510r-9.8215398e+03 9.48e-03 9.99e+02  -4.2 1.93e+01    -  1.02e-01 1.00e-03f  1
 511 -9.8215398e+03 9.48e-03 3.60e+04  -6.0 1.79e+02    -  2.06e-01 7.22e-07h  1
 512r-9.8215398e+03 9.48e-03 1.00e+03  -4.8 0.00e+00    -  0.00e+00 2.50e-07R  5
 513r-9.8215398e+03 8.37e-03 9.96e+02  -4.8 1.36e+02    -  2.38e-02 1.13e-03f  1
 514r-9.8215398e+03 8.37e-03 9.99e+02  -5.1 0.00e+00    -  0.00e+00 4.68e-09R  2
 515r-9.8215398e+03 6.99e-03 9.99e+02  -5.1 3.86e+01    -  1.89e-02 1.00e-03f  1
 516 -9.8215398e+03 6.99e-03 1.11e+05  -6.0 1.07e+01    -  4.54e-01 2.05e-06h  2
 517r-9.8215398e+03 6.99e-03 1.00e+03  -5.1 0.00e+00    -  0.00e+00 4.80e-07R  3
 518r-9.8215398e+03 3.31e-03 9.96e+02  -5.1 4.66e+01    -  2.58e-02 3.56e-03f  1
 519 -9.8215398e+03 3.31e-03 1.56e+05  -6.0 1.13e+01    -  4.54e-01 1.46e-06h  2
iter    objective    inf_pr   inf_du lg(mu)  ||d||  lg(rg) alpha_du alpha_pr  ls
 520r-9.8215398e+03 3.31e-03 1.00e+03  -5.1 0.00e+00    -  0.00e+00 4.32e-07R  3
 521r-9.8215398e+03 2.84e-03 9.94e+02  -5.1 4.52e+01    -  2.11e-02 5.59e-03f  1
 522 -9.8215398e+03 2.84e-03 1.93e+05  -6.0 1.14e+01    -  2.98e-01 7.72e-07h  2
 523r-9.8215398e+03 2.84e-03 1.00e+03  -5.0 0.00e+00    -  0.00e+00 3.03e-07R  3
 524r-9.8215398e+03 2.74e-03 9.96e+02  -5.0 3.19e+01    -  3.04e-02 3.31e-03f  1
 525r-9.8215398e+03 2.74e-03 9.99e+02  -5.0 0.00e+00    -  0.00e+00 3.03e-07R  3
 526r-9.8215402e+03 2.61e-03 9.93e+02  -5.0 6.85e+01    -  5.08e-02 4.79e-03f  1
 527r-9.8215402e+03 2.61e-03 9.99e+02  -4.2 0.00e+00    -  0.00e+00 2.66e-07R  5
 528r-9.8215372e+03 2.60e-03 2.64e+03  -4.2 3.54e+01    -  2.27e-01 1.00e-03f  1
 529 -9.8217627e+03 2.60e-03 6.77e+02  -6.0 3.27e+05    -  8.75e-06 1.19e-05f  1
iter    objective    inf_pr   inf_du lg(mu)  ||d||  lg(rg) alpha_du alpha_pr  ls
 530 -9.8221826e+03 1.95e-02 6.94e+03  -6.0 8.74e+05    -  1.58e-03 3.50e-05f  1
 531r-9.8221826e+03 1.95e-02 1.00e+03  -1.8 0.00e+00    -  0.00e+00 3.22e-07R 13
 532r-9.8221189e+03 1.60e-02 4.53e+04  -1.8 1.45e+03    -  1.71e-02 1.82e-04f  1
 533 -9.8221189e+03 1.60e-02 1.73e+06  -6.0 1.88e+01    -  4.02e-01 1.13e-06h  2
 534r-9.8221189e+03 1.60e-02 1.00e+03  -1.9 0.00e+00    -  0.00e+00 3.11e-07R  3
 535r-9.8221187e+03 1.28e-02 5.48e+04  -1.9 2.34e+02    -  2.67e-02 1.97e-04f  1
 536 -9.8221187e+03 1.28e-02 8.25e+06  -6.0 1.91e+01    -  4.48e-01 1.35e-06h  2
 537r-9.8221187e+03 1.28e-02 1.00e+03  -2.0 0.00e+00    -  0.00e+00 3.46e-07R  3
 538r-9.8221186e+03 1.19e-02 5.38e+04  -2.0 1.75e+02    -  3.79e-02 6.91e-05f  1
 539r-9.8220889e+03 3.45e-03 5.25e+04  -2.0 7.14e+01    -  2.42e-02 3.89e-02f  1
iter    objective    inf_pr   inf_du lg(mu)  ||d||  lg(rg) alpha_du alpha_pr  ls
 540 -9.8220890e+03 3.45e-03 3.11e+03  -6.0 2.11e+01    -  5.91e-01 1.90e-04h  1
 541r-9.8220890e+03 3.45e-03 1.00e+03  -3.1 0.00e+00    -  0.00e+00 4.50e-07R  4
 542r-9.8220890e+03 3.45e-03 8.42e+03  -3.1 1.48e+01    -  1.13e-01 1.00e-03f  1
 543r-9.8220890e+03 3.45e-03 9.99e+02  -3.7 0.00e+00    -  0.00e+00 2.16e-07R  2
 544r-9.8220890e+03 3.08e-03 9.96e+02  -3.7 8.87e+01    -  2.90e-03 1.00e-03f  1
 545 -9.8224804e+03 4.76e-03 1.50e+04  -6.0 1.71e+03    -  5.32e-01 8.87e-03f  1
 546 -9.8225017e+03 4.68e-03 4.72e+05  -6.0 4.46e+01    -  7.43e-01 2.17e-02f  1
 547 -9.8225004e+03 4.68e-03 9.10e+05  -6.0 2.97e+03    -  1.72e-03 5.73e-05h  6
 548r-9.8225004e+03 4.68e-03 1.00e+03  -2.5 0.00e+00    -  0.00e+00 4.38e-07R 13
 549r-9.8225001e+03 3.84e-03 1.08e+04  -2.5 1.03e+02    -  3.56e-02 1.00e-03f  1
iter    objective    inf_pr   inf_du lg(mu)  ||d||  lg(rg) alpha_du alpha_pr  ls
 550 -9.8225009e+03 3.81e-03 2.89e+02  -6.0 1.48e+01    -  5.16e-01 1.78e-03h  1
 551r-9.8225009e+03 3.81e-03 9.99e+02  -3.8 0.00e+00    -  0.00e+00 1.44e-09R  2
 552r-9.8226552e+03 8.48e-03 9.97e+02  -3.8 1.88e+04    -  2.47e-03 1.00e-03f  1
 553r-9.8226552e+03 8.45e-03 7.09e+03  -3.8 1.27e+01    -  3.95e-01 3.68e-03f  1
 554r-9.8226499e+03 5.92e-03 6.87e+03  -3.8 1.32e+01    -  4.15e-01 3.00e-01f  1
 555r-9.8226426e+03 4.62e-03 1.26e+04  -3.8 1.01e+01    -  7.39e-01 2.19e-01f  1
 556r-9.8225820e+03 3.36e-03 8.81e+03  -3.8 6.41e+00    -  7.71e-01 4.41e-01f  1
 557r-9.8219546e+03 2.30e-03 3.42e+03  -3.8 1.09e+01    -  7.07e-01 9.00e-01f  1
 558r-9.8213464e+03 1.72e-03 2.82e+03  -3.8 7.62e+00    -  4.18e-01 3.11e-01f  1
 559r-9.8187638e+03 1.32e-03 3.37e+01  -3.8 7.41e+00    -  9.81e-01 1.00e+00f  1
iter    objective    inf_pr   inf_du lg(mu)  ||d||  lg(rg) alpha_du alpha_pr  ls
 560r-9.8187633e+03 1.32e-03 8.77e+02  -3.8 5.32e+00    -  1.00e+00 3.76e-04h  1
 561r-9.8174550e+03 3.92e-04 5.30e-02  -3.8 4.36e+00    -  1.00e+00 1.00e+00f  1
 562r-9.8174390e+03 6.44e-05 8.40e-05  -3.8 1.77e-01    -  1.00e+00 1.00e+00h  1
 563 -9.8176145e+03 6.00e-04 2.76e+03  -6.0 5.03e+01    -  7.38e-01 2.95e-02f  1
 564 -9.8176281e+03 7.50e-04 5.92e+03  -6.0 5.45e+02    -  6.26e-01 1.01e-02f  3
 565 -9.8176326e+03 7.74e-04 5.87e+03  -6.0 6.58e+02    -  6.02e-02 1.57e-03f  5
 566 -9.8176370e+03 7.96e-04 5.27e+03  -6.0 6.68e+02    -  6.88e-01 1.45e-03f  5
 567 -9.8176403e+03 8.00e-04 5.27e+03  -6.0 1.07e+03    -  1.83e-02 4.81e-04f  6
 568 -9.8176429e+03 8.05e-04 5.88e+03  -6.0 7.90e+02    -  7.03e-01 5.56e-04f  6
 569 -9.8175578e+03 1.00e-02 5.78e+03  -6.0 1.31e+03    -  1.56e-02 1.56e-02s 16
iter    objective    inf_pr   inf_du lg(mu)  ||d||  lg(rg) alpha_du alpha_pr  ls
 570r-9.8175578e+03 1.00e-02 1.00e+03  -2.1 0.00e+00    -  0.00e+00 0.00e+00R  1
 571r-9.8185162e+03 3.28e-01 1.15e+04  -2.1 1.17e+05    -  8.32e-03 1.00e-03f  1
 572r-9.8185009e+03 3.21e-01 2.00e+04  -2.1 6.53e+01    -  2.82e-02 2.09e-02f  1
 573r-9.8184494e+03 3.00e-01 1.32e+04  -2.1 5.19e+01    -  4.04e-02 6.71e-02f  1
 574r-9.8183106e+03 2.48e-01 1.08e+04  -2.1 3.83e+01    -  1.77e-01 1.74e-01f  1
 575r-9.8179716e+03 1.59e-01 6.85e+03  -2.1 2.10e+01    -  3.32e-01 3.56e-01f  1
 576r-9.8173574e+03 1.37e-01 3.76e+03  -2.1 1.17e+01    -  4.15e-01 4.53e-01f  1
 577r-9.8166054e+03 1.12e-01 2.46e+03  -2.1 2.08e+01    -  6.24e-01 3.56e-01f  1
 578r-9.8126866e+03 3.28e-01 2.46e+03  -2.1 1.17e+02    -  8.17e-01 1.00e+00f  1
 579r-9.8072774e+03 1.73e-02 5.90e+00  -2.1 2.31e+01    -  1.00e+00 1.00e+00h  1
iter    objective    inf_pr   inf_du lg(mu)  ||d||  lg(rg) alpha_du alpha_pr  ls
 580r-9.8072709e+03 1.28e-01 1.11e+03  -2.1 1.63e+01    -  1.98e-01 4.54e-02h  2
 581r-9.8072741e+03 1.51e-01 3.33e+03  -2.1 8.67e-01  -2.0 1.81e-01 3.00e-02h  3
 582r-9.8072797e+03 1.82e-01 7.80e+03  -2.1 1.56e+00  -2.5 2.94e-01 5.38e-02h  3
 583r-9.8072719e+03 2.11e-01 1.61e+04  -2.1 5.94e+00    -  1.00e+00 1.38e-01h  3
 584r-9.8072262e+03 1.16e-02 8.48e+01  -2.1 4.58e+00    -  1.00e+00 1.00e+00h  1
 585r-9.8072262e+03 2.00e-02 5.19e+01  -2.1 2.04e-02    -  1.00e+00 1.00e+00h  1
 586r-9.8072261e+03 2.03e-02 1.13e+00  -2.1 7.10e-03    -  1.00e+00 1.00e+00h  1
 587r-9.8072261e+03 2.03e-02 1.28e-04  -2.1 3.37e-04    -  1.00e+00 1.00e+00h  1
 588r-9.8090550e+03 4.06e-01 5.70e+02  -4.4 7.67e+01    -  3.26e-01 3.26e-01f  1
 589r-9.8090764e+03 2.82e-01 2.56e+03  -4.4 4.02e-01  -0.2 4.91e-01 3.27e-01f  1
iter    objective    inf_pr   inf_du lg(mu)  ||d||  lg(rg) alpha_du alpha_pr  ls
 590r-9.8091302e+03 4.02e-01 1.39e+03  -4.4 1.18e+00  -0.7 2.35e-01 2.88e-01f  1
 591r-9.8092018e+03 3.44e-01 1.26e+03  -4.4 2.33e+00  -1.2 1.63e-01 1.51e-01f  1
 592r-9.8094031e+03 9.11e-01 1.54e+03  -4.4 4.42e+00  -1.7 3.28e-01 2.20e-01f  1
 593r-9.8094588e+03 8.14e-01 1.48e+03  -4.4 2.61e+00  -1.3 1.34e-01 1.06e-01f  1
 594r-9.8094742e+03 7.65e-01 2.04e+03  -4.4 1.16e+00  -0.8 2.59e-01 5.97e-02f  1
 595r-9.8096247e+03 5.94e-01 1.55e+03  -4.4 1.94e+00  -1.3 2.04e-01 2.22e-01f  1
 596r-9.8096580e+03 5.27e-01 1.21e+03  -4.4 9.54e-01  -0.9 3.14e-02 1.12e-01f  1
 597r-9.8097653e+03 4.51e-01 2.46e+03  -4.4 1.85e+00  -1.4 3.58e-01 1.44e-01f  1
 598r-9.8097756e+03 4.37e-01 3.21e+03  -4.4 8.89e-01  -0.9 1.03e-01 3.14e-02f  1
 599r-9.8097920e+03 4.28e-01 4.99e+03  -4.4 1.98e+00  -1.4 1.81e-01 1.98e-02f  1
iter    objective    inf_pr   inf_du lg(mu)  ||d||  lg(rg) alpha_du alpha_pr  ls
 600r-9.8098629e+03 3.45e-01 3.48e+03  -4.4 9.48e-01  -1.0 1.48e-01 1.94e-01f  1
 601r-9.8098873e+03 3.36e-01 4.16e+03  -4.4 2.15e+00  -1.5 8.48e-02 2.66e-02f  1
 602r-9.8099139e+03 3.14e-01 4.78e+03  -4.4 1.05e+00  -1.0 1.33e-01 6.60e-02f  1
 603r-9.8099371e+03 3.06e-01 5.21e+03  -4.4 2.32e+00  -1.5 6.46e-02 2.38e-02f  1
 604r-9.8100047e+03 2.60e-01 4.01e+03  -4.4 1.08e+00  -1.1 1.21e-01 1.52e-01f  1
 605r-9.8100752e+03 2.43e-01 5.07e+03  -4.4 2.57e+00  -1.6 1.57e-01 6.56e-02f  1
 606r-9.8100954e+03 2.41e-01 6.31e+03  -4.4 6.29e+00  -2.0 1.03e-01 8.84e-03f  1
 607r-9.8100955e+03 2.02e-01 3.61e+03  -4.4 4.98e-03   2.0 4.34e-02 1.62e-01f  1
 608r-9.8100955e+03 1.94e-01 6.61e+03  -4.4 9.20e-03   1.5 2.45e-01 3.88e-02f  1
 609r-9.8100962e+03 1.60e-01 6.15e+03  -4.4 2.31e-02   1.0 2.27e-01 1.75e-01f  1
iter    objective    inf_pr   inf_du lg(mu)  ||d||  lg(rg) alpha_du alpha_pr  ls
 610r-9.8100981e+03 1.34e-01 6.47e+03  -4.4 7.04e-02   0.6 2.62e-01 1.60e-01f  1
 611r-9.8101032e+03 1.15e-01 8.26e+03  -4.4 1.69e-01   0.1 3.95e-01 1.48e-01f  1
 612r-9.8101178e+03 9.80e-02 7.30e+03  -4.4 2.94e-01  -0.4 1.72e-01 1.44e-01f  1
 613r-9.8101377e+03 9.13e-02 9.80e+03  -4.4 5.81e-01  -0.9 2.49e-01 6.82e-02f  1
 614r-9.8102090e+03 8.31e-02 8.12e+03  -4.4 1.67e+00  -1.3 5.12e-02 8.96e-02f  1
 615r-9.8103383e+03 7.73e-02 7.96e+03  -4.4 4.84e+00  -1.8 8.95e-02 6.98e-02f  1
 616r-9.8103782e+03 7.64e-02 9.43e+03  -4.4 1.06e+01  -2.3 9.61e-02 1.21e-02f  1
 617r-9.8104120e+03 1.69e-01 9.92e+03  -4.4 2.92e+01  -2.8 4.03e-02 7.68e-03f  1
 618r-9.8104981e+03 2.39e-01 9.72e+03  -4.4 4.60e+01  -3.2 1.57e-02 1.73e-02f  1
 619r-9.8105416e+03 2.36e-01 1.03e+04  -4.4 1.36e+01  -2.8 5.36e-02 9.88e-03f  1
iter    objective    inf_pr   inf_du lg(mu)  ||d||  lg(rg) alpha_du alpha_pr  ls
 620r-9.8106009e+03 2.34e-01 1.35e+04  -4.4 4.76e+01  -3.3 3.19e-02 1.21e-02f  1
 621r-9.8106707e+03 2.30e-01 1.33e+04  -4.4 5.68e+01  -3.8 1.33e-02 1.40e-02f  1
 622r-9.8107448e+03 2.27e-01 1.38e+04  -4.4 2.64e+01  -3.3 1.73e-02 1.54e-02f  1
 623r-9.8108363e+03 2.23e-01 1.38e+04  -4.4 7.05e+01  -3.8 1.79e-02 1.86e-02f  1
 624r-9.8108637e+03 1.89e-01 9.95e+03  -4.4 3.35e-01  -0.7 2.54e-01 1.54e-01f  1
 625r-9.8109225e+03 1.66e-01 8.82e+03  -4.4 7.65e-01  -1.2 5.59e-02 1.20e-01f  1
 626r-9.8109774e+03 1.59e-01 9.23e+03  -4.4 1.39e+00  -1.6 1.87e-01 4.50e-02f  1
 627r-9.8111950e+03 1.44e-01 8.10e+03  -4.4 2.74e+00  -2.1 5.71e-02 9.01e-02f  1
 628r-9.8112393e+03 1.43e-01 1.51e+04  -4.4 7.33e+00  -2.6 1.18e-01 1.27e-02f  1
 629r-9.8114404e+03 1.36e-01 1.70e+04  -4.4 1.63e+01  -3.1 5.00e-02 4.85e-02f  1
iter    objective    inf_pr   inf_du lg(mu)  ||d||  lg(rg) alpha_du alpha_pr  ls
 630r-9.8115322e+03 1.33e-01 1.95e+04  -4.4 3.24e+01  -3.6 7.27e-02 2.15e-02f  1
 631r-9.8116527e+03 1.30e-01 2.46e+04  -4.4 1.69e+01  -3.1 8.03e-02 3.05e-02f  1
 632r-9.8117496e+03 1.27e-01 2.42e+04  -4.4 3.08e+01  -3.6 6.13e-02 2.38e-02f  1
 633r-9.8118026e+03 1.77e-01 2.25e+04  -4.4 3.88e+01  -4.1 2.40e-02 1.30e-02f  1
 634r-9.8118680e+03 1.75e-01 1.93e+04  -4.4 1.55e+01  -3.7 5.85e-02 1.66e-02f  1
 635r-9.8119473e+03 1.72e-01 1.87e+04  -4.4 3.11e+01  -4.1 2.16e-02 2.01e-02f  1
 636r-9.8119775e+03 1.71e-01 1.87e+04  -4.4 1.65e+01  -3.7 5.42e-03 8.07e-03f  1
 637r-9.8120767e+03 1.66e-01 1.75e+04  -4.4 8.77e+00  -3.3 4.13e-02 2.77e-02f  1
 638r-9.8120957e+03 1.65e-01 1.55e+04  -4.4 1.80e+01  -3.8 3.89e-02 5.26e-03f  1
 639r-9.8121675e+03 1.62e-01 1.46e+04  -4.4 9.66e+00  -3.3 3.36e-02 2.05e-02f  1
iter    objective    inf_pr   inf_du lg(mu)  ||d||  lg(rg) alpha_du alpha_pr  ls
 640r-9.8122570e+03 1.58e-01 1.33e+04  -4.4 2.00e+01  -3.8 4.27e-02 2.51e-02f  1
 641r-9.8122907e+03 1.57e-01 8.97e+03  -4.4 3.45e+02  -4.3 1.58e-02 9.50e-03f  1
 642r-9.8123674e+03 1.54e-01 8.20e+03  -4.4 2.24e+01  -3.9 7.26e-02 2.21e-02f  1
 643r-9.8124294e+03 1.51e-01 8.38e+03  -4.4 9.59e+00  -3.4 1.02e-01 1.88e-02f  1
 644r-9.8124565e+03 1.50e-01 8.46e+03  -4.4 2.39e+01  -3.9 5.15e-02 8.13e-03f  1
 645r-9.8125012e+03 1.48e-01 9.04e+03  -4.4 1.05e+01  -3.5 2.18e-01 1.39e-02f  1
 646r-9.8127532e+03 1.40e-01 8.41e+03  -4.4 2.61e+01  -4.0 1.02e-01 7.71e-02f  1
 647r-9.8128339e+03 1.37e-01 8.18e+03  -4.4 5.63e+01  -4.4 2.02e-02 2.58e-02f  1
 648r-9.8128848e+03 1.35e-01 8.16e+03  -4.4 2.97e+01  -4.0 7.21e-02 1.71e-02f  1
 649r-9.8129000e+03 1.34e-01 8.14e+03  -4.4 3.36e+02  -4.5 1.09e-02 3.99e-03f  1
iter    objective    inf_pr   inf_du lg(mu)  ||d||  lg(rg) alpha_du alpha_pr  ls
 650r-9.8130788e+03 1.26e-01 7.97e+03  -4.4 3.84e+01  -4.1 2.15e-01 6.09e-02f  1
 651r-9.8134624e+03 1.08e-01 8.28e+03  -4.4 8.38e+00  -3.6 1.00e+00 1.46e-01f  1
 652r-9.8134775e+03 1.07e-01 8.21e+03  -4.4 1.44e+02  -4.1 4.77e-02 5.92e-03f  1
 653r-9.8134931e+03 1.05e-01 8.08e+03  -4.4 1.02e+02    -  3.02e-01 1.92e-02f  1
 654r-9.8134582e+03 1.12e-01 6.71e+03  -4.4 9.79e+01    -  2.77e-01 1.71e-01f  1
 655r-9.8135240e+03 1.40e-01 5.59e+03  -4.4 6.84e+01    -  7.02e-01 1.71e-01f  1
 656r-9.8137335e+03 1.97e-01 4.97e+03  -4.4 4.99e+01    -  1.00e+00 2.07e-01f  1
 657r-9.8140211e+03 2.96e-01 3.85e+03  -4.4 3.52e+01    -  1.00e+00 2.60e-01f  1
 658r-9.8141903e+03 1.98e-01 2.64e+03  -4.4 2.40e+01    -  1.00e+00 3.34e-01h  1
 659r-9.8143416e+03 5.59e-03 5.79e+01  -4.4 1.52e+01    -  1.00e+00 1.00e+00f  1
iter    objective    inf_pr   inf_du lg(mu)  ||d||  lg(rg) alpha_du alpha_pr  ls
 660r-9.8143402e+03 5.00e-04 2.50e+01  -4.4 1.12e+00    -  1.00e+00 1.00e+00h  1
 661 -9.8143645e+03 4.99e-04 1.00e+02  -6.0 7.77e+03    -  4.70e-04 3.32e-04f  1
 662 -9.8143645e+03 4.99e-04 3.94e+04  -6.0 2.29e+03    -  2.81e-01 3.34e-07f 15
 663r-9.8143645e+03 4.99e-04 1.00e+03  -3.9 0.00e+00    -  0.00e+00 2.53e-07R 16
 664r-9.8143645e+03 4.99e-04 5.39e+03  -3.9 6.62e+00    -  2.03e-01 1.00e-03f  1
 665 -9.8143645e+03 4.99e-04 1.40e+02  -6.0 6.13e+02    -  3.04e-03 9.92e-07f  1
 666 -9.8143645e+03 4.99e-04 3.10e+04  -6.0 1.51e+03    -  1.22e-01 3.24e-05h  9
 667 -9.8143952e+03 4.99e-04 3.36e+04  -6.0 1.57e+04    -  1.40e-03 2.43e-04f  6
 668 -9.8144262e+03 7.23e-04 1.73e+05  -6.0 1.62e+04    -  6.22e-02 2.38e-04f  6
 669 -9.8144488e+03 9.44e-04 3.55e+05  -6.0 3.15e+03    -  1.02e-02 9.62e-04f  4
iter    objective    inf_pr   inf_du lg(mu)  ||d||  lg(rg) alpha_du alpha_pr  ls
 670r-9.8144488e+03 9.44e-04 1.00e+03  -3.1 0.00e+00    -  0.00e+00 3.24e-07R 12
 671r-9.8144494e+03 4.98e-04 8.00e+03  -3.1 7.19e+01    -  5.31e-02 1.00e-03f  1
 672 -9.8144503e+03 4.98e-04 3.07e+02  -6.0 2.03e+04    -  4.26e-03 5.28e-06f  1
 673 -9.8144498e+03 4.98e-04 1.65e+06  -6.0 1.75e+04    -  3.54e-02 3.53e-06h 10
 674r-9.8144498e+03 4.98e-04 1.00e+03  -4.3 0.00e+00    -  0.00e+00 4.38e-07R 10
 675r-9.8144499e+03 4.97e-04 8.87e+03  -4.3 6.74e+00    -  9.98e-01 1.00e-03f  1
 676 -9.8144499e+03 4.97e-04 1.02e+04  -6.0 1.65e+04    -  1.95e-03 3.17e-07f  1
 677r-9.8144499e+03 4.97e-04 1.00e+03  -5.0 0.00e+00    -  0.00e+00 4.38e-07R 10
 678r-9.8144499e+03 4.95e-04 2.13e+03  -5.0 8.34e+00    -  9.97e-01 1.00e-03f  1
 679r-9.8144499e+03 4.95e-04 9.99e+02  -5.6 0.00e+00    -  0.00e+00 6.96e-08R  2
iter    objective    inf_pr   inf_du lg(mu)  ||d||  lg(rg) alpha_du alpha_pr  ls
 680r-9.8144499e+03 4.86e-04 9.99e+02  -5.6 3.94e+00    -  1.55e-01 1.00e-03f  1
 681 -9.8144500e+03 4.86e-04 3.69e+02  -6.0 2.18e+01    -  7.06e-03 1.92e-05f  1
 682 -9.8144499e+03 4.86e-04 5.92e+06  -6.0 1.51e+03    -  3.70e-01 2.65e-05h  9
 683r-9.8144499e+03 4.86e-04 1.00e+03  -5.6 0.00e+00    -  0.00e+00 4.13e-07R 15
 684r-9.8144499e+03 4.50e-04 9.95e+02  -5.6 5.59e+00    -  1.54e-01 3.59e-03f  1
 685r-9.8144499e+03 4.50e-04 9.99e+02  -5.6 0.00e+00    -  0.00e+00 3.53e-08R  2
 686r-9.8144497e+03 3.31e-04 9.85e+02  -5.6 5.57e+00    -  1.55e-01 1.41e-02f  1
 687 -9.8144500e+03 3.31e-04 1.71e+02  -6.0 2.18e+01    -  6.95e-03 4.09e-05f  1
 688r-9.8144500e+03 3.31e-04 9.99e+02  -5.6 0.00e+00    -  0.00e+00 4.12e-07R 15
 689r-9.8144498e+03 2.23e-04 9.75e+02  -5.6 3.90e+00    -  1.44e-01 2.36e-02f  1
iter    objective    inf_pr   inf_du lg(mu)  ||d||  lg(rg) alpha_du alpha_pr  ls
 690 -9.8144498e+03 2.23e-04 3.07e+03  -6.0 3.11e+01    -  7.32e-03 2.40e-06f  1
 691r-9.8144498e+03 2.23e-04 1.00e+03  -5.6 0.00e+00    -  0.00e+00 4.12e-07R 15
 692r-9.8144497e+03 1.88e-04 9.82e+02  -5.6 3.57e+00    -  1.50e-01 1.71e-02f  1
 693 -9.8144497e+03 1.88e-04 2.82e+04  -6.0 2.59e+02    -  9.94e-03 1.78e-07h  2
 694r-9.8144497e+03 1.88e-04 1.00e+03  -5.6 0.00e+00    -  0.00e+00 3.58e-07R 13
 695r-9.8144495e+03 1.53e-04 9.71e+02  -5.6 3.37e+00    -  1.54e-01 2.79e-02f  1
 696 -9.8144495e+03 1.53e-04 2.37e+02  -6.0 3.64e+01    -  4.19e-03 3.13e-07f  2
 697 -9.8144495e+03 1.53e-04 4.31e+06  -6.0 1.49e+03    -  3.74e-01 2.06e-05h  1
 698r-9.8144495e+03 1.53e-04 1.00e+03  -5.6 0.00e+00    -  0.00e+00 4.12e-07R 15
 699r-9.8144493e+03 1.48e-04 9.85e+02  -5.6 6.36e+00    -  2.67e-01 1.42e-02f  1
iter    objective    inf_pr   inf_du lg(mu)  ||d||  lg(rg) alpha_du alpha_pr  ls
 700 -9.8144493e+03 1.48e-04 7.47e+04  -6.0 4.77e+01    -  4.34e-03 1.26e-07h  2
 701r-9.8144493e+03 1.48e-04 1.00e+03  -5.6 0.00e+00    -  0.00e+00 2.65e-07R 10
 702r-9.8144491e+03 1.42e-04 9.81e+02  -5.6 6.23e+00    -  2.98e-01 1.76e-02f  1
 703 -9.8144491e+03 1.42e-04 8.11e+02  -6.0 9.38e+01    -  4.20e-03 2.12e-07f  2
 704 -9.8144491e+03 1.42e-04 1.19e+08  -6.0 1.39e+03    -  3.73e-01 1.28e-06h  2
 705r-9.8144491e+03 1.42e-04 1.00e+03  -5.6 0.00e+00    -  0.00e+00 3.89e-07R 14
 706r-9.8144489e+03 1.38e-04 9.88e+02  -5.6 1.06e+01    -  6.18e-01 1.20e-02f  1
 707 -9.8144489e+03 1.38e-04 1.59e+06  -6.0 2.80e+02    -  4.32e-03 1.61e-07f  2
 708r-9.8144489e+03 1.38e-04 1.00e+03  -5.6 0.00e+00    -  0.00e+00 2.64e-07R 10
 709r-9.8144487e+03 1.35e-04 9.90e+02  -5.6 1.38e+01    -  6.46e-01 1.02e-02f  1
iter    objective    inf_pr   inf_du lg(mu)  ||d||  lg(rg) alpha_du alpha_pr  ls
 710 -9.8144488e+03 1.35e-04 2.01e+04  -6.0 2.10e+02    -  4.20e-03 1.66e-07f  2
 711r-9.8144488e+03 1.35e-04 1.00e+03  -5.6 0.00e+00    -  0.00e+00 4.31e-07R  4
 712r-9.8144485e+03 1.32e-04 9.91e+02  -5.6 2.09e+01    -  8.87e-01 8.11e-03f  1
 713 -9.8144485e+03 1.32e-04 2.70e+04  -6.0 2.50e+02    -  9.80e-03 1.83e-07h  2
 714r-9.8144485e+03 1.32e-04 1.00e+03  -5.6 0.00e+00    -  0.00e+00 3.44e-07R 13
 715r-9.8144485e+03 1.31e-04 9.94e+02  -5.6 2.85e+00    -  2.42e-01 5.65e-03f  1
 716 -9.8144485e+03 1.31e-04 3.43e+04  -6.0 2.96e+02    -  1.06e-02 1.55e-07h  2
 717r-9.8144485e+03 1.31e-04 1.00e+03  -5.6 0.00e+00    -  0.00e+00 4.18e-07R 13
 718r-9.8144483e+03 1.24e-04 9.77e+02  -5.6 2.84e+00    -  2.46e-01 2.25e-02f  1
 719 -9.8144483e+03 1.24e-04 3.40e+02  -6.0 3.77e+01    -  4.20e-03 2.55e-07f  2
iter    objective    inf_pr   inf_du lg(mu)  ||d||  lg(rg) alpha_du alpha_pr  ls
 720 -9.8144483e+03 1.24e-04 4.36e+06  -6.0 1.50e+03    -  3.72e-01 2.91e-05f  1
 721r-9.8144483e+03 1.24e-04 1.00e+03  -5.6 0.00e+00    -  0.00e+00 4.10e-07R 15
 722r-9.8144480e+03 1.16e-04 9.68e+02  -5.6 5.65e+00    -  8.11e-01 3.15e-02f  1
 723 -9.8144480e+03 1.16e-04 3.39e+04  -6.0 4.78e+01    -  4.26e-03 2.74e-07f  2
 724r-9.8144480e+03 1.16e-04 1.00e+03  -5.6 0.00e+00    -  0.00e+00 4.77e-07R  8
 725r-9.8144479e+03 1.15e-04 9.95e+02  -5.6 5.45e+00    -  9.15e-01 5.12e-03f  1
 726 -9.8144479e+03 1.15e-04 2.25e+04  -6.0 2.17e+02    -  9.32e-03 2.09e-07h  2
 727r-9.8144479e+03 1.15e-04 1.00e+03  -5.6 0.00e+00    -  0.00e+00 2.93e-07R 13
 728r-9.8144478e+03 1.11e-04 9.79e+02  -5.6 2.69e+00    -  3.31e-01 2.02e-02f  1
 729 -9.8144478e+03 1.11e-04 2.34e+02  -6.0 1.55e+02    -  4.13e-03 5.20e-07f  1
iter    objective    inf_pr   inf_du lg(mu)  ||d||  lg(rg) alpha_du alpha_pr  ls
 730 -9.8145935e+03 6.20e-04 5.72e+05  -6.0 1.51e+03    -  2.11e-01 3.35e-03f  2
 731 -9.8146151e+03 1.24e-03 4.47e+07  -6.0 1.51e+03    -  3.10e-01 3.36e-03f  1
 732r-9.8146151e+03 1.24e-03 1.00e+03  -3.0 0.00e+00    -  0.00e+00 3.72e-07R  8
 733r-9.8146153e+03 2.07e-04 2.92e+03  -3.0 9.19e+01    -  1.58e-02 1.00e-03f  1
 734 -9.8146155e+03 2.07e-04 2.44e+04  -6.0 4.74e+02    -  4.22e-03 7.83e-06f  1
 735r-9.8146155e+03 2.07e-04 1.00e+03  -3.8 0.00e+00    -  0.00e+00 3.04e-07R  2
 736r-9.8146155e+03 1.42e-04 3.61e+03  -3.8 1.61e+01    -  1.07e-01 1.00e-03f  1
 737 -9.8146155e+03 1.42e-04 1.34e+03  -6.0 5.52e+02    -  5.43e-02 1.30e-06f  1
 738r-9.8146155e+03 1.42e-04 1.00e+03  -4.7 0.00e+00    -  0.00e+00 2.03e-08R  2
 739r-9.8146155e+03 1.42e-04 3.85e+03  -4.7 5.67e+00    -  9.35e-01 1.00e-03f  1
iter    objective    inf_pr   inf_du lg(mu)  ||d||  lg(rg) alpha_du alpha_pr  ls
 740 -9.8146155e+03 1.42e-04 4.44e+04  -6.0 2.17e+01    -  7.15e-03 4.06e-08h  3
 741r-9.8146155e+03 1.42e-04 1.00e+03  -5.3 0.00e+00    -  0.00e+00 7.82e-08R  2
 742r-9.8146155e+03 1.42e-04 1.02e+03  -5.3 2.32e+00    -  9.83e-01 1.00e-03f  1
 743 -9.8146155e+03 1.42e-04 4.45e+04  -6.0 2.17e+01    -  7.15e-03 4.05e-08h  3
 744r-9.8146155e+03 1.42e-04 1.00e+03  -5.6 0.00e+00    -  0.00e+00 7.82e-08R  2
 745r-9.8146155e+03 1.41e-04 9.98e+02  -5.6 2.73e+00    -  2.31e-01 1.83e-03f  1
 746 -9.8146155e+03 1.41e-04 4.64e+04  -6.0 2.17e+01    -  7.15e-03 3.88e-08h  3
 747 -9.8146153e+03 1.41e-04 1.43e+09  -6.0 1.39e+05    -  4.71e-03 1.53e-07h  1
 748r-9.8146153e+03 1.41e-04 1.00e+03  -5.6 0.00e+00    -  0.00e+00 3.73e-07R  8
 749r-9.8146153e+03 1.39e-04 9.92e+02  -5.6 2.74e+00    -  2.34e-01 7.35e-03f  1
iter    objective    inf_pr   inf_du lg(mu)  ||d||  lg(rg) alpha_du alpha_pr  ls
 750 -9.8146153e+03 1.39e-04 5.32e+04  -6.0 2.17e+01    -  7.15e-03 1.70e-08h  4
 751 -9.8146151e+03 1.39e-04 1.43e+09  -6.0 1.52e+05    -  4.30e-03 1.60e-07h  1
 752r-9.8146151e+03 1.39e-04 1.00e+03  -5.6 0.00e+00    -  0.00e+00 3.73e-07R  8
 753r-9.8146149e+03 1.30e-04 9.70e+02  -5.6 2.72e+00    -  2.44e-01 2.90e-02f  1
 754 -9.8146149e+03 1.30e-04 1.35e+04  -6.0 2.17e+01    -  7.15e-03 2.67e-07h  2
 755r-9.8146149e+03 1.30e-04 1.00e+03  -5.6 0.00e+00    -  0.00e+00 1.39e-07R  2
 756r-9.8146147e+03 1.25e-04 9.80e+02  -5.6 2.65e+00    -  2.96e-01 1.87e-02f  1
 757 -9.8146148e+03 1.25e-04 1.18e+04  -6.0 2.17e+01    -  7.15e-03 3.06e-07h  2
 758r-9.8146148e+03 1.25e-04 1.00e+03  -5.6 0.00e+00    -  0.00e+00 1.58e-07R  2
 759r-9.8146145e+03 1.14e-04 9.59e+02  -5.6 2.61e+00    -  3.36e-01 4.01e-02f  1
iter    objective    inf_pr   inf_du lg(mu)  ||d||  lg(rg) alpha_du alpha_pr  ls
 760 -9.8146145e+03 1.14e-04 1.41e+02  -6.0 9.94e+01    -  4.21e-03 1.05e-06f  1
In iteration 760, 1 Slack too small, adjusting variable bound
 761 -9.8146145e+03 1.14e-04 3.14e+08  -6.0 5.98e+05    -  1.09e-03 2.80e-10h  1
 762r-9.8146145e+03 1.14e-04 1.00e+03  -5.6 0.00e+00    -  0.00e+00 3.73e-07R  8
 763r-9.8146143e+03 1.12e-04 9.87e+02  -5.6 9.31e+00    -  9.45e-01 1.16e-02f  1
 764 -9.8146143e+03 1.12e-04 3.17e+04  -6.0 2.17e+01    -  7.15e-03 1.14e-07h  2
 765 -9.8146142e+03 1.12e-04 1.43e+09  -6.0 1.03e+05    -  6.34e-03 1.41e-07h  1
 766r-9.8146142e+03 1.12e-04 1.00e+03  -5.6 0.00e+00    -  0.00e+00 3.74e-07R  8
 767r-9.8146141e+03 1.09e-04 9.86e+02  -5.6 2.51e+00    -  5.52e-01 1.36e-02f  1
 768 -9.8146141e+03 1.09e-04 2.86e+04  -6.0 2.17e+01    -  7.15e-03 1.26e-07h  2
 769 -9.8146140e+03 1.09e-04 1.43e+09  -6.0 8.73e+04    -  7.46e-03 1.50e-07h  1
iter    objective    inf_pr   inf_du lg(mu)  ||d||  lg(rg) alpha_du alpha_pr  ls
 770r-9.8146140e+03 1.09e-04 1.00e+03  -5.6 0.00e+00    -  0.00e+00 3.74e-07R  8
 771r-9.8146137e+03 9.87e-05 9.50e+02  -5.6 2.49e+00    -  6.31e-01 4.91e-02f  1
 772 -9.8146137e+03 9.87e-05 7.94e+03  -6.0 2.17e+01    -  7.15e-03 4.54e-07h  2
 773r-9.8146137e+03 9.87e-05 1.00e+03  -5.6 0.00e+00    -  0.00e+00 2.30e-07R  2
 774r-9.8146137e+03 9.71e-05 9.90e+02  -5.6 2.40e+00    -  9.85e-01 9.23e-03f  1
 775 -9.8146137e+03 9.71e-05 1.15e+04  -6.0 2.17e+01    -  7.15e-03 3.12e-07h  2
 776r-9.8146137e+03 9.71e-05 1.00e+03  -5.6 0.00e+00    -  0.00e+00 1.61e-07R  2
 777r-9.8146135e+03 9.11e-05 9.64e+02  -5.6 2.38e+00    -  9.85e-01 3.55e-02f  1
 778 -9.8146323e+03 9.16e-05 9.18e+05  -6.0 2.07e+05    -  3.17e-03 1.46e-06f  1
 779r-9.8146323e+03 9.16e-05 1.00e+03  -5.6 0.00e+00    -  0.00e+00 3.75e-07R  8
iter    objective    inf_pr   inf_du lg(mu)  ||d||  lg(rg) alpha_du alpha_pr  ls
 780r-9.8146295e+03 9.14e-05 9.98e+02  -5.6 7.44e+01    -  3.58e-01 1.33e-03f  1
 781 -9.8146295e+03 9.14e-05 1.59e+05  -6.0 1.85e+04    -  4.26e-03 2.48e-08f  1
 782r-9.8146295e+03 9.14e-05 1.00e+03  -5.6 0.00e+00    -  0.00e+00 3.75e-07R  8
 783r-9.8146190e+03 8.97e-05 9.88e+02  -5.6 5.25e+01    -  5.47e-01 1.09e-02f  1
 784r-9.8145812e+03 8.76e-05 9.60e+02  -5.6 5.77e+01    -  4.32e-01 2.90e-02f  1
 785r-9.8139754e+03 8.93e-03 4.55e+02  -5.6 3.95e+01    -  6.12e-01 5.26e-01f  1
 786r-9.8136403e+03 8.97e-04 4.26e+01  -5.6 5.61e+00    -  8.95e-01 9.35e-01h  1
 787r-9.8133788e+03 1.23e-04 1.57e+00  -5.6 2.45e+00    -  1.00e+00 1.00e+00f  1
 788r-9.8133627e+03 5.81e-05 1.16e-01  -5.6 1.55e+00    -  1.00e+00 1.00e+00h  1
 789 -9.8133960e+03 5.81e-05 2.24e+02  -6.0 1.09e+04    -  1.32e-02 2.47e-05f  6
iter    objective    inf_pr   inf_du lg(mu)  ||d||  lg(rg) alpha_du alpha_pr  ls
 790 -9.8134011e+03 5.81e-05 2.28e+02  -6.0 8.21e+04    -  4.01e-04 4.44e-06f 10
 791 -9.8134036e+03 5.81e-05 2.77e+02  -6.0 8.22e+04    -  4.73e-03 2.16e-06f 11
 792 -9.8134060e+03 5.81e-05 2.81e+02  -6.0 8.32e+04    -  3.86e-04 2.19e-06f 11
 793 -9.8134083e+03 5.81e-05 4.13e+02  -6.0 8.33e+04    -  1.28e-02 2.16e-06f 11
 794 -9.8156632e+03 9.73e-01 1.87e+04  -6.0 8.61e+04    -  3.59e-04 2.34e-03f  1
 795 -9.8156316e+03 9.74e-01 1.81e+04  -6.0 2.65e+05    -  1.65e-05 1.65e-05s  7
 796r-9.8156316e+03 9.74e-01 9.99e+02  -0.1 0.00e+00    -  0.00e+00 0.00e+00R  1
 797r-9.8156304e+03 9.70e-01 9.99e+02  -0.1 2.98e+04    -  5.97e-06 3.72e-06f  1
 798r-9.8156259e+03 9.54e-01 9.99e+02  -0.1 1.18e+04    -  1.67e-05 1.65e-05f  1
 799r-9.8156116e+03 9.03e-01 9.99e+02  -0.1 7.44e+03    -  6.01e-05 5.46e-05f  1
iter    objective    inf_pr   inf_du lg(mu)  ||d||  lg(rg) alpha_du alpha_pr  ls
 800r-9.8155710e+03 7.66e-01 6.80e+03  -0.1 4.57e+03    -  2.50e-04 1.65e-04f  1
 801 -9.8159069e+03 7.88e-01 6.19e+03  -6.0 8.63e+04    -  8.15e-03 3.56e-04f  1
 802r-9.8159069e+03 7.88e-01 9.99e+02  -0.2 0.00e+00    -  0.00e+00 3.85e-09R  2
 803r-9.8159068e+03 7.88e-01 3.59e+04  -0.2 4.56e+03    -  7.95e-04 2.59e-07f  1
 804r-9.8157760e+03 4.72e-01 2.14e+05  -0.2 1.96e+03    -  2.14e-03 7.19e-04f  1
 805r-9.8157760e+03 4.72e-01 9.99e+02  -0.4 0.00e+00    -  0.00e+00 4.72e-07R  7
 806r-9.8157753e+03 4.70e-01 2.63e+05  -0.4 2.45e+03    -  8.79e-03 4.78e-06f  1
 807r-9.8149857e+03 2.16e-01 6.08e+05  -0.4 6.53e+02    -  7.13e-03 7.90e-03f  1
 808 -9.8219289e+03 1.02e+01 4.64e+02  -6.0 8.72e+04    -  4.41e-03 7.48e-03f  1
Error in an AMPL evaluation. Run with "halt_on_ampl_error yes" to see details.
Warning: Cutting back alpha due to evaluation error
 809 -9.8219362e+03 1.02e+01 4.89e+02  -6.0 8.79e+04    -  7.20e-03 8.49e-06f  2
Error in an AMPL evaluation. Run with "halt_on_ampl_error yes" to see details.
Warning: Cutting back alpha due to evaluation error
iter    objective    inf_pr   inf_du lg(mu)  ||d||  lg(rg) alpha_du alpha_pr  ls
 810 -9.8219419e+03 1.02e+01 5.77e+02  -6.0 8.40e+04    -  2.77e-02 6.97e-06f  2
Error in an AMPL evaluation. Run with "halt_on_ampl_error yes" to see details.
Warning: Cutting back alpha due to evaluation error
Error in an AMPL evaluation. Run with "halt_on_ampl_error yes" to see details.
Warning: Cutting back alpha due to evaluation error
 811 -9.8219578e+03 1.02e+01 3.70e+03  -6.0 4.56e+03    -  7.18e-03 1.15e-04h  3
Error in an AMPL evaluation. Run with "halt_on_ampl_error yes" to see details.
Warning: Cutting back alpha due to evaluation error
Error in an AMPL evaluation. Run with "halt_on_ampl_error yes" to see details.
Warning: Cutting back alpha due to evaluation error
 812 -9.8220170e+03 1.02e+01 1.16e+05  -6.0 2.54e+03    -  1.19e-01 5.16e-04f  3
 813 -9.8221104e+03 1.02e+01 1.23e+05  -6.0 2.24e+03    -  6.56e-03 1.55e-03f  1
Error in an AMPL evaluation. Run with "halt_on_ampl_error yes" to see details.
Warning: Cutting back alpha due to evaluation error
Error in an AMPL evaluation. Run with "halt_on_ampl_error yes" to see details.
Warning: Cutting back alpha due to evaluation error
Error in an AMPL evaluation. Run with "halt_on_ampl_error yes" to see details.
Warning: Cutting back alpha due to evaluation error
 814 -9.8221109e+03 1.02e+01 3.53e+07  -6.0 1.87e+05    -  5.25e-03 2.84e-07h  4
Error in an AMPL evaluation. Run with "halt_on_ampl_error yes" to see details.
Warning: Cutting back alpha due to evaluation error
 815 -9.8221293e+03 1.02e+01 1.04e+08  -6.0 2.11e+03    -  1.86e-01 4.27e-04h  2
Error in an AMPL evaluation. Run with "halt_on_ampl_error yes" to see details.
Warning: Cutting back alpha due to evaluation error
Error in an AMPL evaluation. Run with "halt_on_ampl_error yes" to see details.
Warning: Cutting back alpha due to evaluation error
Error in an AMPL evaluation. Run with "halt_on_ampl_error yes" to see details.
Warning: Cutting back alpha due to evaluation error
Error in an AMPL evaluation. Run with "halt_on_ampl_error yes" to see details.
Warning: Cutting back alpha due to evaluation error
Error in an AMPL evaluation. Run with "halt_on_ampl_error yes" to see details.
Warning: Cutting back alpha due to evaluation error
Error in an AMPL evaluation. Run with "halt_on_ampl_error yes" to see details.
Warning: Cutting back alpha due to evaluation error
Error in an AMPL evaluation. Run with "halt_on_ampl_error yes" to see details.
Warning: Cutting back alpha due to evaluation error
Error in an AMPL evaluation. Run with "halt_on_ampl_error yes" to see details.
Warning: Cutting back alpha due to evaluation error
Error in an AMPL evaluation. Run with "halt_on_ampl_error yes" to see details.
Warning: Cutting back alpha due to evaluation error
Error in an AMPL evaluation. Run with "halt_on_ampl_error yes" to see details.
Warning: Evaluation error during soft restoration phase step.
Error in an AMPL evaluation. Run with "halt_on_ampl_error yes" to see details.
Warning: Evaluation error during soft restoration phase step.
Error in an AMPL evaluation. Run with "halt_on_ampl_error yes" to see details.
Warning: Evaluation error during soft restoration phase step.
 816r-9.8221293e+03 1.02e+01 1.00e+03   0.9 0.00e+00    -  0.00e+00 3.06e-07R 11
 817r-9.8221291e+03 1.02e+01 4.11e+04   0.9 8.37e+03    -  1.24e-04 3.91e-07f  1
 818r-9.8220630e+03 8.90e+00 3.87e+05   0.9 7.45e+03    -  1.43e-03 1.42e-04f  1
 819 -9.8220683e+03 8.90e+00 2.92e+02  -6.0 1.36e+02    -  2.10e-06 6.13e-04h  1
iter    objective    inf_pr   inf_du lg(mu)  ||d||  lg(rg) alpha_du alpha_pr  ls
 820r-9.8220683e+03 8.90e+00 9.99e+02   0.9 0.00e+00    -  0.00e+00 4.95e-08R  2
 821r-9.8220682e+03 8.90e+00 6.53e+03   0.9 4.83e+04    -  1.67e-08 6.71e-08f  1
 822r-9.8220681e+03 8.89e+00 2.84e+04   0.9 7.30e+03    -  1.55e-05 4.08e-07f  1
 823r-9.8220598e+03 8.61e+00 2.84e+04   0.9 7.19e+03    -  2.91e-06 3.21e-05f  1
 824r-9.8220454e+03 8.13e+00 8.76e+05   0.9 6.94e+03    -  2.99e-03 5.68e-05f  1
 825r-9.8213858e+03 1.13e+01 4.75e+06   0.9 1.67e+03    -  1.30e-02 3.96e-03f  1
 826 -9.8214075e+03 1.12e+01 5.43e+03  -6.0 8.47e+02    -  1.36e-06 7.36e-03h  1
 827r-9.8214075e+03 1.12e+01 9.99e+02  -0.7 0.00e+00    -  0.00e+00 3.81e-09R  2
 828r-9.8214075e+03 1.12e+01 9.99e+02  -0.7 8.33e+06    -  1.97e-07 1.10e-09f  1
 829r-9.8214075e+03 1.12e+01 1.10e+05  -0.7 7.46e+02    -  3.13e-04 2.03e-06f  1
iter    objective    inf_pr   inf_du lg(mu)  ||d||  lg(rg) alpha_du alpha_pr  ls
 830r-9.8214003e+03 1.12e+01 1.26e+05  -0.7 6.33e+02    -  1.97e-03 6.26e-04f  1
 831 -9.8215213e+03 1.10e+01 3.02e+05  -6.0 5.84e+01    -  1.22e-03 1.40e-02h  1
 832r-9.8215213e+03 1.10e+01 9.99e+02  -1.0 0.00e+00    -  0.00e+00 2.16e-07R  2
 833r-9.8215213e+03 1.10e+01 1.05e+04  -1.0 7.39e+02    -  3.86e-03 3.82e-07f  1
 834r-9.8214976e+03 1.09e+01 6.81e+04  -1.0 2.63e+02    -  1.60e-02 4.36e-03f  1
 835 -9.8216076e+03 1.07e+01 2.73e+05  -6.0 5.95e+01    -  1.58e-03 1.28e-02h  1
 836r-9.8216076e+03 1.07e+01 9.99e+02  -1.9 0.00e+00    -  0.00e+00 2.28e-07R  2
 837r-9.8216076e+03 1.07e+01 9.98e+02  -1.9 5.86e+02    -  2.28e-03 7.05e-06f  1
 838r-9.8216038e+03 9.84e+00 2.10e+04  -1.9 2.60e+02    -  3.80e-02 3.28e-03f  1
 839 -9.8216737e+03 9.76e+00 1.16e+00  -6.0 6.01e+01    -  3.31e-03 8.23e-03h  1
iter    objective    inf_pr   inf_du lg(mu)  ||d||  lg(rg) alpha_du alpha_pr  ls
 840r-9.8216737e+03 9.76e+00 9.99e+02  -2.7 0.00e+00    -  0.00e+00 2.87e-07R  2
 841r-9.8216738e+03 9.70e+00 9.99e+02  -2.7 8.19e+02    -  9.16e-04 5.11e-05f  1
 842r-9.8216767e+03 8.70e+00 9.98e+02  -2.7 6.95e+02    -  4.16e-03 1.09e-03f  1
 843 -9.8216814e+03 8.69e+00 1.67e+01  -6.0 6.00e+01    -  1.76e-01 5.63e-04h  1
 844r-9.8216814e+03 8.69e+00 9.99e+02  -2.9 0.00e+00    -  0.00e+00 1.15e-07R  2
 845r-9.8216836e+03 7.95e+00 9.98e+02  -2.9 7.17e+02    -  1.75e-03 6.94e-04f  1
 846r-9.8216909e+03 5.86e+00 9.96e+02  -2.9 5.08e+02    -  4.01e-03 2.54e-03f  1
 847r-9.8216981e+03 4.48e+00 9.93e+02  -2.9 3.39e+02    -  2.68e-03 3.10e-03f  1
 848r-9.8217084e+03 2.78e+00 9.87e+02  -2.9 2.84e+02    -  4.09e-03 5.71e-03f  1
 849r-9.8217092e+03 2.66e+00 9.86e+02  -2.9 2.17e+02    -  3.62e-03 7.60e-04f  1
iter    objective    inf_pr   inf_du lg(mu)  ||d||  lg(rg) alpha_du alpha_pr  ls
 850r-9.8217125e+03 2.12e+00 9.82e+02  -2.9 1.99e+02    -  3.20e-03 4.14e-03f  1
 851r-9.8217142e+03 1.81e+00 1.06e+03  -2.9 1.74e+02    -  5.94e-03 3.17e-03f  1
 852r-9.8217164e+03 1.37e+00 1.06e+03  -2.9 1.60e+02    -  6.29e-03 6.32e-03f  1
 853r-9.8217181e+03 9.50e-01 7.73e+03  -2.9 1.53e+02    -  3.48e-02 9.12e-03f  1
 854r-9.8217186e+03 8.02e-01 7.23e+03  -2.9 1.33e+02    -  7.08e-03 8.83e-03f  1
 855r-9.8217198e+03 5.68e-01 6.08e+03  -2.9 1.30e+02    -  1.39e-02 1.83e-02f  1
 856r-9.8217206e+03 4.66e-01 1.39e+04  -2.9 1.23e+02    -  4.50e-02 1.32e-02f  1
 857r-9.8217210e+03 3.99e-01 1.71e+04  -2.9 1.24e+02    -  3.06e-02 1.66e-02f  1
 858r-9.8217220e+03 3.11e-01 1.59e+04  -2.9 1.21e+02    -  2.79e-02 3.12e-02f  1
 859r-9.8217227e+03 2.76e-01 1.39e+04  -2.9 1.01e+02    -  1.04e-02 1.85e-02f  1
iter    objective    inf_pr   inf_du lg(mu)  ||d||  lg(rg) alpha_du alpha_pr  ls
 860r-9.8217233e+03 2.51e-01 2.11e+04  -2.9 8.87e+01    -  5.05e-02 1.57e-02f  1
 861r-9.8217246e+03 2.37e-01 1.94e+04  -2.9 7.09e+01    -  2.54e-02 3.10e-02f  1
 862r-9.8217259e+03 2.36e-01 2.26e+04  -2.9 5.79e+01    -  4.43e-02 2.60e-02f  1
 863r-9.8217273e+03 2.29e-01 2.62e+04  -2.9 3.67e+01    -  5.43e-02 3.18e-02f  1
 864r-9.8217282e+03 2.22e-01 4.34e+04  -2.9 2.31e+01    -  1.31e-01 3.18e-02f  1
 865r-9.8217299e+03 2.15e-01 3.24e+04  -2.9 2.19e+01    -  3.87e-02 8.64e-02f  1
 866r-9.8217307e+03 2.10e-01 3.19e+04  -2.9 2.22e+01    -  5.81e-02 5.12e-02f  1
 867r-9.8217312e+03 2.05e-01 4.46e+04  -2.9 2.25e+01    -  1.30e-01 3.30e-02f  1
 868r-9.8217293e+03 1.94e-01 5.95e+04  -2.9 1.53e+01    -  2.37e-01 8.73e-02f  1
 869r-9.8217250e+03 1.86e-01 6.44e+04  -2.9 1.67e+01    -  2.02e-01 9.36e-02f  1
iter    objective    inf_pr   inf_du lg(mu)  ||d||  lg(rg) alpha_du alpha_pr  ls
 870r-9.8217156e+03 1.89e-01 5.64e+04  -2.9 1.95e+01    -  1.19e-01 1.23e-01f  1
 871r-9.8216997e+03 1.79e-01 5.87e+04  -2.9 1.66e+01    -  2.34e-01 1.07e-01f  1
 872r-9.8216731e+03 1.81e-01 5.46e+04  -2.9 1.99e+01    -  1.94e-01 1.27e-01f  1
 873r-9.8216263e+03 1.99e-01 5.08e+04  -2.9 2.06e+01    -  2.92e-01 1.63e-01f  1
 874r-9.8215874e+03 1.99e-01 4.98e+04  -2.9 2.19e+01    -  2.20e-01 8.93e-02f  1
 875r-9.8215131e+03 2.07e-01 4.77e+04  -2.9 2.61e+01    -  3.36e-01 1.30e-01f  1
 876r-9.8214837e+03 2.03e-01 4.87e+04  -2.9 3.44e+01    -  2.36e-01 3.50e-02f  1
 877r-9.8213388e+03 2.09e-01 4.36e+04  -2.9 4.12e+01    -  2.33e-01 1.27e-01f  1
 878r-9.8212829e+03 2.03e-01 4.44e+04  -2.9 4.82e+01    -  4.21e-01 4.16e-02f  1
 879r-9.8211187e+03 1.99e-01 4.11e+04  -2.9 6.10e+01    -  1.65e-01 8.32e-02f  1
iter    objective    inf_pr   inf_du lg(mu)  ||d||  lg(rg) alpha_du alpha_pr  ls
 880r-9.8209429e+03 1.86e-01 4.10e+04  -2.9 2.56e+00  -2.0 4.96e-01 6.60e-02f  1
 881r-9.8206369e+03 1.73e-01 3.73e+04  -2.9 6.71e+01    -  8.45e-01 1.24e-01f  1
 882r-9.8204906e+03 1.64e-01 3.63e+04  -2.9 6.65e+01    -  6.61e-01 5.72e-02f  1
 883r-9.8195105e+03 1.21e-01 2.37e+04  -2.9 5.05e+01    -  9.98e-01 3.68e-01f  1
 884r-9.8185046e+03 5.25e-02 8.60e+03  -2.9 2.90e+01    -  1.00e+00 6.48e-01f  1
 885r-9.8178762e+03 1.26e-03 2.23e+02  -2.9 4.24e+00    -  1.00e+00 1.00e+00f  1
 886 -9.8179029e+03 1.26e-03 1.66e+00  -6.0 4.26e+01    -  3.29e-03 1.98e-03f  1
 887 -9.8179029e+03 1.26e-03 2.39e+05  -6.0 1.52e+03    -  3.85e-01 4.95e-06h  2
 888 -9.8179422e+03 4.36e-02 2.61e+06  -6.0 1.52e+03    -  5.63e-01 2.80e-02f  1
 889r-9.8179422e+03 4.36e-02 1.00e+03  -1.4 0.00e+00    -  0.00e+00 1.47e-08R  2
iter    objective    inf_pr   inf_du lg(mu)  ||d||  lg(rg) alpha_du alpha_pr  ls
 890r-9.8179397e+03 1.35e-03 5.73e+04  -1.4 1.72e+02    -  1.69e-02 1.00e-03f  1
 891 -9.8179401e+03 1.35e-03 4.30e+02  -6.0 1.59e+02    -  4.12e-03 2.62e-05h  1
 892r-9.8179401e+03 1.35e-03 9.99e+02  -3.1 0.00e+00    -  0.00e+00 1.63e-11R  2
 893r-9.8179401e+03 1.35e-03 5.03e+03  -3.1 1.25e+01    -  6.22e-02 1.00e-03f  1
 894 -9.8179401e+03 1.35e-03 5.08e+03  -6.0 4.28e+01    -  7.04e-03 1.38e-06h  1
 895r-9.8179401e+03 1.35e-03 1.00e+03  -3.7 0.00e+00    -  0.00e+00 6.90e-09R  2
 896r-9.8179401e+03 1.34e-03 4.62e+03  -3.7 1.28e+01    -  2.26e-01 1.00e-03f  1
 897 -9.8179401e+03 1.34e-03 2.41e+04  -6.0 4.31e+01    -  6.21e-01 7.48e-08h  2
 898r-9.8179401e+03 1.34e-03 1.00e+03  -4.3 0.00e+00    -  0.00e+00 6.12e-08R  2
 899r-9.8179402e+03 1.34e-03 9.99e+02  -4.3 3.71e+01    -  5.45e-02 1.00e-03f  1
iter    objective    inf_pr   inf_du lg(mu)  ||d||  lg(rg) alpha_du alpha_pr  ls
 900 -9.8179402e+03 1.34e-03 9.18e+02  -6.0 1.31e+03    -  4.14e-03 1.12e-07f  1
In iteration 900, 1 Slack too small, adjusting variable bound
 901 -9.8179402e+03 1.34e-03 1.02e+09  -6.0 2.57e+05    -  3.24e-03 2.97e-09h  1
 902r-9.8179402e+03 1.34e-03 1.00e+03  -4.5 0.00e+00    -  0.00e+00 3.71e-07R  4
 903r-9.8179408e+03 1.34e-03 1.05e+03  -4.5 9.00e+01    -  6.31e-02 2.59e-03f  1
 904r-9.8179408e+03 1.34e-03 9.99e+02  -4.3 0.00e+00    -  0.00e+00 3.24e-08R  2
 905r-9.8179408e+03 1.34e-03 9.99e+02  -4.3 2.42e+01    -  9.11e-02 1.00e-03f  1
 906 -9.8179413e+03 1.34e-03 1.99e+02  -6.0 4.27e+01    -  6.98e-03 3.52e-05f  1
 907r-9.8179413e+03 1.34e-03 9.99e+02  -4.5 0.00e+00    -  0.00e+00 5.76e-10R  2
 908r-9.8179414e+03 1.33e-03 9.97e+02  -4.5 2.91e+01    -  6.40e-02 2.81e-03f  1
 909 -9.8179414e+03 1.33e-03 2.06e+04  -6.0 4.26e+01    -  7.04e-03 1.71e-07h  2
iter    objective    inf_pr   inf_du lg(mu)  ||d||  lg(rg) alpha_du alpha_pr  ls
 910r-9.8179414e+03 1.33e-03 1.00e+03  -4.5 0.00e+00    -  0.00e+00 1.06e-07R  2
 911r-9.8179414e+03 1.32e-03 9.97e+02  -4.5 2.45e+01    -  6.68e-02 2.72e-03f  1
 912 -9.8179415e+03 1.32e-03 1.33e+02  -6.0 2.76e+02    -  4.66e-06 2.38e-07f  1
 913r-9.8179415e+03 1.32e-03 9.99e+02  -4.5 0.00e+00    -  0.00e+00 1.08e-12R  2
 914r-9.8179415e+03 1.32e-03 1.54e+03  -4.5 5.06e+01    -  2.89e-06 2.07e-05f  1
 915 -9.8179415e+03 1.32e-03 5.98e+03  -6.0 4.27e+01    -  7.04e-03 1.18e-06h  1
 916r-9.8179415e+03 1.32e-03 1.00e+03  -4.5 0.00e+00    -  0.00e+00 1.23e-08R  2
 917r-9.8179415e+03 1.32e-03 9.97e+02  -4.5 2.13e+01    -  4.45e-03 2.25e-03f  1
 918r-9.8179415e+03 1.32e-03 9.99e+02  -4.5 0.00e+00    -  0.00e+00 2.80e-08R  2
 919r-9.8179416e+03 1.32e-03 9.98e+02  -4.5 1.91e+01    -  9.11e-04 1.12e-03f  1
iter    objective    inf_pr   inf_du lg(mu)  ||d||  lg(rg) alpha_du alpha_pr  ls
 920 -9.8179419e+03 1.32e-03 6.53e+05  -6.0 4.27e+01    -  6.99e-03 2.84e-05f  1
 921r-9.8179419e+03 1.32e-03 1.00e+03  -4.5 0.00e+00    -  0.00e+00 9.27e-10R  2
 922r-9.8179420e+03 1.31e-03 9.98e+02  -4.5 1.84e+01    -  3.51e-02 1.59e-03f  1
 923 -9.8179420e+03 1.31e-03 1.84e+06  -6.0 4.25e+01    -  7.04e-03 8.15e-08h  2
 924r-9.8179420e+03 1.31e-03 1.00e+03  -4.5 0.00e+00    -  0.00e+00 7.07e-08R  2
 925r-9.8179420e+03 1.31e-03 9.97e+02  -4.5 1.80e+01    -  5.56e-03 2.43e-03f  1
 926 -9.8179420e+03 1.31e-03 9.26e+05  -6.0 4.25e+01    -  7.04e-03 7.17e-08h  2
 927r-9.8179420e+03 1.31e-03 1.00e+03  -4.5 0.00e+00    -  0.00e+00 6.69e-08R  2
 928r-9.8179421e+03 1.30e-03 9.97e+02  -4.5 1.73e+01    -  3.54e-03 1.89e-03f  1
 929 -9.8179421e+03 1.30e-03 7.77e+05  -6.0 4.25e+01    -  7.04e-03 6.02e-08h  2
iter    objective    inf_pr   inf_du lg(mu)  ||d||  lg(rg) alpha_du alpha_pr  ls
 930r-9.8179421e+03 1.30e-03 1.00e+03  -4.4 0.00e+00    -  0.00e+00 6.23e-08R  2
 931r-9.8179422e+03 1.30e-03 9.97e+02  -4.4 1.69e+01    -  1.80e-02 2.25e-03f  1
 932 -9.8179422e+03 1.30e-03 1.11e+06  -6.0 4.25e+01    -  7.04e-03 5.93e-08h  2
 933r-9.8179422e+03 1.30e-03 1.00e+03  -4.4 0.00e+00    -  0.00e+00 6.23e-08R  2
 934r-9.8179422e+03 1.29e-03 9.98e+02  -4.4 1.63e+01    -  2.40e-03 2.42e-03f  1
 935 -9.8179422e+03 1.29e-03 1.58e+05  -6.0 4.25e+01    -  7.04e-03 6.13e-08h  2
 936r-9.8179422e+03 1.29e-03 1.00e+03  -4.4 0.00e+00    -  0.00e+00 6.35e-08R  2
 937r-9.8179423e+03 1.29e-03 1.01e+03  -4.4 1.58e+01    -  1.52e-03 1.91e-03f  1
 938 -9.8179423e+03 1.29e-03 1.58e+05  -6.0 4.24e+01    -  7.04e-03 5.60e-08h  2
 939r-9.8179423e+03 1.29e-03 1.00e+03  -4.4 0.00e+00    -  0.00e+00 6.16e-08R  2
iter    objective    inf_pr   inf_du lg(mu)  ||d||  lg(rg) alpha_du alpha_pr  ls
 940r-9.8179423e+03 1.28e-03 1.04e+03  -4.4 1.54e+01    -  1.02e-03 2.19e-03f  1
 941 -9.8179423e+03 1.28e-03 2.24e+05  -6.0 4.24e+01    -  7.04e-03 5.72e-08h  2
 942r-9.8179423e+03 1.28e-03 1.00e+03  -4.4 0.00e+00    -  0.00e+00 6.25e-08R  2
 943r-9.8179423e+03 1.28e-03 1.00e+03  -4.4 1.49e+01    -  1.38e-03 1.47e-03f  1
 944 -9.8179423e+03 1.28e-03 1.15e+06  -6.0 4.24e+01    -  7.04e-03 4.84e-08h  2
 945r-9.8179423e+03 1.28e-03 1.00e+03  -4.4 0.00e+00    -  0.00e+00 5.90e-08R  2
 946r-9.8179424e+03 1.27e-03 1.03e+03  -4.4 1.46e+01    -  1.43e-03 3.26e-03f  1
 947 -9.8179424e+03 1.27e-03 1.65e+06  -6.0 4.25e+01    -  7.04e-03 6.82e-08h  2
 948r-9.8179424e+03 1.27e-03 1.00e+03  -4.4 0.00e+00    -  0.00e+00 6.79e-08R  2
 949r-9.8179424e+03 1.27e-03 1.00e+03  -4.4 1.40e+01    -  1.60e-03 1.87e-03f  1
iter    objective    inf_pr   inf_du lg(mu)  ||d||  lg(rg) alpha_du alpha_pr  ls
 950 -9.8179425e+03 1.27e-03 1.40e+06  -6.0 4.24e+01    -  7.04e-03 5.97e-08h  2
 951r-9.8179425e+03 1.27e-03 1.00e+03  -4.4 0.00e+00    -  0.00e+00 6.46e-08R  2
 952r-9.8179425e+03 1.27e-03 9.99e+02  -4.4 1.36e+01    -  2.12e-03 2.24e-03f  1
 953 -9.8179425e+03 1.27e-03 1.85e+05  -6.0 4.24e+01    -  7.04e-03 6.07e-08h  2
 954r-9.8179425e+03 1.27e-03 1.00e+03  -4.4 0.00e+00    -  0.00e+00 6.54e-08R  2
 955r-9.8179425e+03 1.26e-03 9.97e+02  -4.4 1.32e+01    -  2.23e-02 1.96e-03f  1
 956 -9.8179425e+03 1.26e-03 7.48e+05  -6.0 4.24e+01    -  7.04e-03 5.76e-08h  2
 957r-9.8179425e+03 1.26e-03 1.00e+03  -4.4 0.00e+00    -  0.00e+00 6.45e-08R  2
 958r-9.8179426e+03 1.26e-03 9.98e+02  -4.4 1.29e+01    -  7.52e-03 1.47e-03f  1
 959 -9.8179426e+03 1.26e-03 1.16e+06  -6.0 4.24e+01    -  7.04e-03 4.93e-08h  2
iter    objective    inf_pr   inf_du lg(mu)  ||d||  lg(rg) alpha_du alpha_pr  ls
 960r-9.8179426e+03 1.26e-03 1.00e+03  -4.4 0.00e+00    -  0.00e+00 6.13e-08R  2
 961r-9.8179426e+03 1.26e-03 9.99e+02  -4.4 1.27e+01    -  1.34e-03 1.20e-03f  1
 962 -9.8179426e+03 1.26e-03 1.63e+06  -6.0 4.23e+01    -  7.04e-03 2.07e-08h  3
 963r-9.8179426e+03 1.26e-03 1.00e+03  -4.4 0.00e+00    -  0.00e+00 6.85e-08R  2
 964r-9.8179426e+03 1.25e-03 1.46e+03  -4.4 1.25e+01    -  8.43e-02 2.65e-03f  1
 965 -9.8179426e+03 1.25e-03 1.14e+06  -6.0 4.24e+01    -  7.04e-03 6.84e-08h  2
 966r-9.8179426e+03 1.25e-03 1.00e+03  -4.4 0.00e+00    -  0.00e+00 6.98e-08R  2
 967r-9.8179427e+03 1.25e-03 9.97e+02  -4.4 1.21e+01    -  1.09e-02 1.58e-03f  1
 968 -9.8179427e+03 1.25e-03 8.18e+05  -6.0 4.24e+01    -  7.04e-03 5.67e-08h  2
 969r-9.8179427e+03 1.25e-03 1.00e+03  -4.4 0.00e+00    -  0.00e+00 6.52e-08R  2
iter    objective    inf_pr   inf_du lg(mu)  ||d||  lg(rg) alpha_du alpha_pr  ls
 970r-9.8179427e+03 1.25e-03 9.97e+02  -4.4 1.18e+01    -  3.38e-02 1.65e-03f  1
 971 -9.8179427e+03 1.25e-03 1.49e+06  -6.0 4.24e+01    -  7.04e-03 5.19e-08h  2
 972r-9.8179427e+03 1.25e-03 1.00e+03  -4.4 0.00e+00    -  0.00e+00 6.35e-08R  2
 973r-9.8179427e+03 1.24e-03 1.01e+03  -4.4 1.16e+01    -  7.35e-04 1.30e-03f  1
 974 -9.8179427e+03 1.24e-03 1.39e+06  -6.0 4.23e+01    -  7.04e-03 2.24e-08h  3
 975r-9.8179427e+03 1.24e-03 1.00e+03  -4.4 0.00e+00    -  0.00e+00 7.19e-08R  2
 976r-9.8179428e+03 1.24e-03 1.93e+03  -4.4 1.14e+01    -  9.70e-02 2.65e-03f  1
 977 -9.8179428e+03 1.24e-03 1.86e+06  -6.0 4.24e+01    -  7.04e-03 7.18e-08h  2
 978r-9.8179428e+03 1.24e-03 1.00e+03  -4.4 0.00e+00    -  0.00e+00 7.24e-08R  2
 979r-9.8179428e+03 1.24e-03 1.24e+03  -4.4 1.11e+01    -  4.50e-02 1.53e-03f  1
iter    objective    inf_pr   inf_du lg(mu)  ||d||  lg(rg) alpha_du alpha_pr  ls
 980 -9.8179428e+03 1.24e-03 7.07e+05  -6.0 4.24e+01    -  7.04e-03 5.81e-08h  2
 981r-9.8179428e+03 1.24e-03 1.00e+03  -4.4 0.00e+00    -  0.00e+00 6.70e-08R  2
 982r-9.8179428e+03 1.23e-03 9.97e+02  -4.4 1.09e+01    -  7.80e-03 1.52e-03f  1
 983 -9.8179428e+03 1.23e-03 1.36e+06  -6.0 4.24e+01    -  7.04e-03 5.13e-08h  2
 984r-9.8179428e+03 1.23e-03 1.00e+03  -4.4 0.00e+00    -  0.00e+00 6.45e-08R  2
 985r-9.8179428e+03 1.23e-03 1.15e+03  -4.4 1.07e+01    -  6.73e-02 1.11e-03f  1
 986 -9.8179428e+03 1.23e-03 1.47e+06  -6.0 4.23e+01    -  7.04e-03 2.10e-08h  3
 987r-9.8179428e+03 1.23e-03 1.00e+03  -4.4 0.00e+00    -  0.00e+00 7.13e-08R  2
 988r-9.8179429e+03 1.23e-03 1.85e+03  -4.4 1.06e+01    -  9.30e-02 2.47e-03f  1
 989 -9.8179429e+03 1.23e-03 1.21e+06  -6.0 4.24e+01    -  7.04e-03 6.79e-08h  2
iter    objective    inf_pr   inf_du lg(mu)  ||d||  lg(rg) alpha_du alpha_pr  ls
 990r-9.8179429e+03 1.23e-03 1.00e+03  -4.4 0.00e+00    -  0.00e+00 7.19e-08R  2
 991r-9.8179429e+03 1.22e-03 9.97e+02  -4.4 1.03e+01    -  2.47e-02 1.75e-03f  1
 992 -9.8179429e+03 1.22e-03 1.31e+06  -6.0 4.24e+01    -  7.04e-03 5.98e-08h  2
 993r-9.8179429e+03 1.22e-03 1.00e+03  -4.4 0.00e+00    -  0.00e+00 6.89e-08R  2
 994r-9.8179429e+03 1.22e-03 1.39e+03  -4.4 1.01e+01    -  6.29e-02 1.44e-03f  1
 995 -9.8179429e+03 1.22e-03 1.00e+06  -6.0 4.24e+01    -  7.04e-03 5.14e-08h  2
 996r-9.8179429e+03 1.22e-03 1.00e+03  -4.4 0.00e+00    -  0.00e+00 6.57e-08R  2
 997r-9.8179430e+03 1.22e-03 9.98e+02  -4.4 9.97e+00    -  1.09e-02 1.08e-03f  1
 998 -9.8179430e+03 1.22e-03 1.41e+06  -6.0 4.23e+01    -  7.04e-03 2.10e-08h  3
 999r-9.8179430e+03 1.22e-03 1.00e+03  -4.4 0.00e+00    -  0.00e+00 7.25e-08R  2
iter    objective    inf_pr   inf_du lg(mu)  ||d||  lg(rg) alpha_du alpha_pr  ls
1000r-9.8179430e+03 1.21e-03 1.75e+03  -4.4 9.85e+00    -  8.31e-02 2.94e-03f  1

Number of Iterations....: 1000

                                   (scaled)                 (unscaled)
Objective...............:  -9.8179430026155842e+03   -9.8179430026155842e+03
Dual infeasibility......:   1.7522627985711933e+03    1.7522627985711933e+03
Constraint violation....:   4.1640719565219795e-05    1.2126300821080349e-03
Complementarity.........:   9.1044228142067132e+03    9.1044228142067132e+03
Overall NLP error.......:   9.1044228142067132e+03    9.1044228142067132e+03


Number of objective function evaluations             = 2514
Number of objective gradient evaluations             = 618
Number of equality constraint evaluations            = 2533
Number of inequality constraint evaluations          = 2511
Number of equality constraint Jacobian evaluations   = 1182
Number of inequality constraint Jacobian evaluations = 1182
Number of Lagrangian Hessian evaluations             = 1000
Total CPU secs in IPOPT (w/o function evaluations)   =   1020.087
Total CPU secs in NLP function evaluations           =     35.581

EXIT: Maximum Number of Iterations Exceeded.
