
List of user-set options:

                                    Name   Value                used
                           compl_inf_tol = 1                     yes
                         constr_viol_tol = 1                     yes
                            dual_inf_tol = 1000                  yes
                           linear_solver = ma97                  yes
                              ma86_small = 1e-30                  no
                                  ma86_u = 0.0001                 no
                              ma97_order = best                  yes
                              ma97_small = 1e-30                 yes
                            ma97_switch1 = at_start              yes
                            ma97_switch2 = od_hd_reuse           yes
                                  ma97_u = 1e-06                 yes
                               ma97_umax = 0.5                   yes
                                max_iter = 1000                  yes
                    max_refinement_steps = 20                    yes
                    min_refinement_steps = 5                     yes
                                 mu_init = 1e-06                 yes
           mu_superlinear_decrease_power = 1.25                  yes
                   nlp_scaling_min_value = 1e-08                 yes
                        option_file_name = Preset_Case_973_pf.opt  yes
                             output_file = ./tmp/Preset_Case_973_pf.output  yes
                      print_user_options = yes                   yes
        required_infeasibility_reduction = 1                      no
                                     tol = 1e-08                 yes
                   warm_start_bound_frac = 1e-20                 yes
                   warm_start_bound_push = 1e-20                 yes
                   warm_start_init_point = yes                   yes
              warm_start_mult_bound_push = 1e-20                 yes
                warm_start_mult_init_max = 1e+40                 yes
             warm_start_slack_bound_frac = 1e-20                 yes
             warm_start_slack_bound_push = 1e-20                 yes

******************************************************************************
This program contains Ipopt, a library for large-scale nonlinear optimization.
 Ipopt is released as open source code under the Eclipse Public License (EPL).
         For more information visit http://projects.coin-or.org/Ipopt
******************************************************************************

This is Ipopt version 3.12.10, running with linear solver ma97.

Number of nonzeros in equality constraint Jacobian...:   123443
Number of nonzeros in inequality constraint Jacobian.:      213
Number of nonzeros in Lagrangian Hessian.............:    49069

Total number of variables............................:    31591
                     variables with only lower bounds:    12912
                variables with lower and upper bounds:    15130
                     variables with only upper bounds:        0
Total number of equality constraints.................:    31483
Total number of inequality constraints...............:       25
        inequality constraints with only lower bounds:        4
   inequality constraints with lower and upper bounds:        0
        inequality constraints with only upper bounds:       21

iter    objective    inf_pr   inf_du lg(mu)  ||d||  lg(rg) alpha_du alpha_pr  ls
   0 -4.9848381e+00 5.50e-03 1.02e+00  -6.0 0.00e+00    -  0.00e+00 0.00e+00   0
   1 -5.0096382e+00 9.23e+00 3.38e+01  -6.0 1.63e+06    -  1.90e-05 2.87e-04h  1
   2 -5.0095874e+00 9.23e+00 3.38e+01  -6.0 5.57e+02    -  1.03e-04 3.70e-05h  1
   3 -5.0056903e+00 9.21e+00 1.56e+02  -6.0 2.48e+03    -  1.12e-04 2.30e-03h  1
   4 -5.0038022e+00 9.20e+00 1.76e+02  -6.0 6.28e+02    -  2.40e-01 1.34e-03h  1
   5 -4.9846892e+00 9.08e+00 5.73e+02  -6.0 6.78e+02    -  1.81e-03 1.30e-02h  2
   6 -4.9843288e+00 9.08e+00 5.74e+02  -6.0 6.33e+02    -  1.80e-02 2.67e-04h 12
   7 -4.9841392e+00 9.08e+00 5.76e+02  -6.0 6.32e+02    -  3.51e-02 1.41e-04h 13
   8 -4.9840358e+00 9.08e+00 5.79e+02  -6.0 6.31e+02    -  3.60e-02 7.68e-05h 14
   9 -4.9839800e+00 9.08e+00 5.80e+02  -6.0 6.30e+02    -  1.86e-02 4.14e-05h 15
iter    objective    inf_pr   inf_du lg(mu)  ||d||  lg(rg) alpha_du alpha_pr  ls
  10 -4.9800210e+00 9.01e+00 5.16e+02  -6.0 6.29e+02    -  8.26e-02 6.88e-03H  1
  11 -4.9799441e+00 9.01e+00 5.16e+02  -6.0 6.23e+02    -  3.12e-07 5.86e-05h  1
  12 -4.4450994e+00 5.42e+00 1.14e+05  -6.0 5.53e+02    -  1.05e-02 4.05e-01h  2
  13r-4.4450994e+00 5.42e+00 9.99e+02   0.7 0.00e+00   0.0 0.00e+00 4.46e-07R  5
  14r-4.4655659e+00 5.42e+00 9.99e+02   0.7 4.75e+04    -  1.39e-08 5.63e-08f  1
  15 -4.4922258e+00 5.41e+00 1.09e+04  -6.0 7.23e+05    -  3.22e-03 1.88e-03h  1
  16 -4.5558496e+00 5.40e+00 3.55e+04  -6.0 7.59e+05    -  1.35e-05 2.58e-03h  3
  17 -4.5602948e+00 5.39e+00 3.57e+04  -6.0 1.24e+05    -  8.41e-03 6.24e-04h  6
  18 -4.5640386e+00 5.39e+00 3.58e+04  -6.0 9.71e+04    -  1.18e-03 5.89e-04h  6
  19 -4.5674832e+00 5.39e+00 3.59e+04  -6.0 7.85e+04    -  1.17e-02 6.71e-04h  6
iter    objective    inf_pr   inf_du lg(mu)  ||d||  lg(rg) alpha_du alpha_pr  ls
  20 -4.5702302e+00 5.38e+00 3.59e+04  -6.0 6.25e+04    -  4.08e-03 6.49e-04h  6
  21 -4.5956917e+00 5.35e+00 3.84e+04  -6.0 5.15e+04    -  2.08e-02 7.41e-03h  1
  22 -4.6121616e+00 9.70e+00 4.35e+04  -6.0 1.10e+04    -  9.65e-02 6.16e-02h  1
  23 -4.6134726e+00 9.66e+00 4.33e+04  -6.0 7.15e+03    -  4.38e-02 4.16e-03h  1
  24 -4.6582917e+00 9.81e+00 6.51e+04  -6.0 3.86e+03    -  1.07e-01 1.49e-01f  1
  25 -4.6650290e+00 9.59e+00 1.05e+05  -6.0 1.35e+03    -  2.89e-01 2.23e-02h  1
  26 -4.7103617e+00 8.06e+00 1.17e+05  -6.0 1.24e+03    -  2.01e-02 1.60e-01h  1
  27 -4.7103727e+00 8.06e+00 1.17e+05  -6.0 1.12e+02  -0.5 2.53e-06 2.72e-05h  1
  28 -4.7103788e+00 8.06e+00 1.17e+05  -6.0 1.42e+02  -1.0 4.27e-04 1.97e-05h  1
  29 -4.7107642e+00 8.04e+00 1.19e+05  -6.0 1.23e+02  -1.4 5.19e-05 2.78e-03h  1
iter    objective    inf_pr   inf_du lg(mu)  ||d||  lg(rg) alpha_du alpha_pr  ls
  30 -4.7128198e+00 7.92e+00 1.26e+05  -6.0 1.23e+02  -1.9 3.48e-03 1.44e-02h  1
  31 -4.7304373e+00 6.98e+00 1.90e+05  -6.0 1.21e+02  -2.4 7.37e-03 1.19e-01f  1
  32 -4.7721237e+00 5.43e+00 2.36e+05  -6.0 1.06e+02  -2.9 1.13e-02 2.23e-01h  1
  33 -4.7726405e+00 5.33e+00 2.31e+05  -6.0 2.26e+02  -3.3 2.32e-02 1.90e-02h  1
  34 -4.7738073e+00 5.29e+00 1.92e+05  -6.0 6.99e+01  -2.9 1.80e-01 6.04e-03h  1
  35 -4.7714560e+00 5.02e+00 1.84e+05  -6.0 1.63e+02  -3.4 3.58e-02 5.11e-02h  1
  36 -4.8375348e+00 3.25e+00 1.51e+05  -6.0 6.29e+01  -3.0 5.12e-02 3.53e-01h  1
  37 -4.8439666e+00 2.99e+00 1.32e+05  -6.0 3.30e+01  -3.4 1.78e-01 7.88e-02h  1
  38 -4.8441927e+00 2.29e+00 1.04e+05  -6.0 6.14e+01  -3.9 3.29e-02 3.54e-01h  1
  39 -4.8453934e+00 2.43e+00 8.92e+04  -6.0 9.10e+01  -4.4 2.25e-01 1.05e-01h  1
iter    objective    inf_pr   inf_du lg(mu)  ||d||  lg(rg) alpha_du alpha_pr  ls
  40 -4.8298512e+00 3.66e+00 8.14e+04  -6.0 2.10e+02  -4.9 2.06e-01 8.75e-02h  1
  41 -4.8141938e+00 3.50e+00 7.78e+04  -6.0 2.69e+02  -5.4 5.37e-03 4.35e-02h  1
  42 -4.8091250e+00 3.56e+00 7.72e+04  -6.0 8.23e+02  -5.8 1.93e-02 6.64e-03h  3
  43 -4.8115011e+00 3.95e+00 7.42e+04  -6.0 3.01e+02  -5.4 1.56e-02 3.68e-02h  1
  44 -4.8104775e+00 3.96e+00 1.15e+05  -6.0 6.77e+02  -5.9 3.74e-02 4.99e-03h  1
  45 -4.8062673e+00 3.96e+00 1.67e+05  -6.0 1.64e+04  -6.4 1.28e-03 1.07e-04h  5
  46 -4.7854118e+00 4.03e+00 2.71e+05  -6.0 5.36e+02  -5.9 7.03e-02 1.30e-02h  3
  47 -4.7278840e+00 5.52e+00 5.19e+06  -6.0 2.05e+02  -5.5 3.31e-01 1.02e-01H  1
  48 -4.6482101e+00 6.98e+00 8.49e+06  -6.0 3.11e+02  -6.0 2.52e-01 1.68e-01H  1
  49r-4.6482101e+00 6.98e+00 1.00e+03   0.5 0.00e+00  -6.5 0.00e+00 1.59e-07R  2
iter    objective    inf_pr   inf_du lg(mu)  ||d||  lg(rg) alpha_du alpha_pr  ls
  50r-4.6502550e+00 6.97e+00 1.00e+03   0.5 8.15e+04    -  5.21e-07 1.76e-07f  1
  51 -4.6533036e+00 6.40e+00 6.12e+04  -6.0 8.60e+00    -  1.34e-06 8.19e-02h  1
  52 -4.6588355e+00 5.17e+00 4.95e+04  -6.0 7.91e+00    -  7.89e-02 1.92e-01f  1
  53 -4.6621989e+00 4.48e+00 4.28e+04  -6.0 6.45e+00    -  3.64e-01 1.34e-01f  1
  54 -4.6857262e+00 8.28e-01 7.91e+03  -6.0 5.74e+00    -  5.60e-01 8.15e-01h  1
  55 -4.7207598e+00 3.29e-02 1.81e+03  -6.0 4.04e+00    -  9.23e-01 1.00e+00h  1
  56 -4.8676931e+00 1.27e+00 9.78e+02  -6.0 3.04e+01    -  5.74e-01 6.08e-01h  1
  57 -4.9293841e+00 1.40e+00 7.61e+02  -6.0 3.79e+01    -  7.42e-01 2.38e-01h  1
  58 -5.2523148e+00 1.64e+01 1.60e+04  -6.0 6.24e+01    -  1.37e-01 9.35e-01h  1
  59 -5.2274669e+00 1.09e+01 1.08e+04  -6.0 4.45e+01    -  7.30e-01 3.40e-01h  1
iter    objective    inf_pr   inf_du lg(mu)  ||d||  lg(rg) alpha_du alpha_pr  ls
  60 -5.1898748e+00 1.78e+00 5.42e+03  -6.0 9.09e+01    -  8.95e-01 9.22e-01h  1
  61 -5.1884563e+00 1.39e+00 4.25e+03  -6.0 1.59e+02    -  4.79e-01 2.20e-01h  1
  62 -5.1878272e+00 1.13e+00 3.47e+03  -6.0 2.97e+02    -  5.00e-01 1.87e-01h  1
  63 -5.1874234e+00 1.05e+00 3.22e+03  -6.0 9.00e+02    -  6.91e-02 7.10e-02h  3
  64 -5.1870476e+00 9.57e-01 2.95e+03  -6.0 6.42e+02    -  5.06e-01 8.24e-02h  1
  65 -5.1857296e+00 5.18e-01 1.10e+03  -6.0 1.04e+03    -  1.98e-01 6.54e-01H  1
  66 -5.1849427e+00 2.55e-01 7.41e+02  -6.0 6.65e+01  -6.9 6.27e-01 5.17e-01h  1
  67 -5.1849902e+00 2.52e-01 6.82e+03  -6.0 1.45e+02  -7.4 7.82e-01 9.95e-03h  1
  68 -5.1856670e+00 1.69e-01 5.11e+03  -6.0 1.47e+02  -7.9 5.37e-01 3.12e-01h  1
  69 -5.1877140e+00 5.34e-01 5.62e+03  -6.0 2.72e+03    -  1.32e-01 2.50e-01h  1
iter    objective    inf_pr   inf_du lg(mu)  ||d||  lg(rg) alpha_du alpha_pr  ls
  70 -5.1895135e+00 3.91e-01 3.60e+04  -6.0 3.06e+02  -8.4 2.38e-01 6.50e-01h  1
  71 -5.1911056e+00 5.84e-01 3.09e+04  -6.0 4.48e+03    -  5.44e-04 1.23e-01h  1
  72 -5.1949335e+00 1.55e+00 2.21e+04  -6.0 1.12e+03  -8.8 3.84e-01 4.75e-01h  1
  73 -5.1968697e+00 1.18e+00 2.74e+04  -6.0 4.50e+02  -8.4 1.88e-01 2.77e-01h  1
  74 -5.1970271e+00 1.17e+00 2.14e+04  -6.0 7.28e+01  -6.2 1.84e-01 1.28e-02h  1
  75 -5.1995278e+00 2.36e+00 5.29e+04  -6.0 8.27e+01  -6.7 3.18e-02 2.84e-01h  1
  76 -5.2002739e+00 2.12e+00 2.03e+05  -6.0 7.93e+01  -5.3 2.77e-02 1.10e-01h  1
  77 -5.2044963e+00 4.28e+00 9.52e+05  -6.0 7.18e+01  -5.8 6.35e-03 5.93e-01f  1
  78 -5.2045914e+00 4.44e+00 9.43e+05  -6.0 7.96e+01  -5.4 7.20e-02 8.95e-03h  1
  79 -5.2048101e+00 3.38e+00 5.44e+05  -6.0 4.56e+01  -5.9 1.92e-01 4.25e-01h  1
iter    objective    inf_pr   inf_du lg(mu)  ||d||  lg(rg) alpha_du alpha_pr  ls
  80 -5.2052839e+00 3.28e+00 5.08e+05  -6.0 4.94e+01  -6.3 2.47e-01 6.60e-02h  1
  81 -5.2055692e+00 3.28e+00 5.02e+05  -6.0 3.86e+02  -6.8 1.35e-01 1.06e-02h  1
  82 -5.2067640e+00 2.82e+00 3.80e+05  -6.0 4.47e+01  -6.4 4.01e-01 2.44e-01h  1
  83 -5.2086218e+00 2.89e+00 3.16e+05  -6.0 1.77e+02  -6.9 5.68e-01 1.67e-01h  1
  84 -5.2114196e+00 1.21e+00 3.02e+02  -6.0 8.51e+00  -5.5 9.71e-01 1.00e+00h  1
  85 -5.2124966e+00 1.06e+00 4.68e+03  -6.0 2.36e+01  -6.0 6.37e-01 2.31e-01h  1
  86 -5.2129976e+00 2.10e+00 4.40e+03  -6.0 9.96e+02  -6.5 5.46e-03 7.78e-03h  1
  87 -5.2158632e+00 1.28e+01 8.96e+03  -6.0 5.33e+01  -6.1 7.36e-01 3.53e-01h  1
  88 -5.2280466e+00 6.69e-01 7.89e+03  -6.0 9.91e+01  -6.5 6.92e-01 1.00e+00h  1
  89 -5.2352458e+00 2.80e-01 1.40e+05  -6.0 3.70e+02  -7.0 1.00e+00 2.32e-01h  1
iter    objective    inf_pr   inf_du lg(mu)  ||d||  lg(rg) alpha_du alpha_pr  ls
  90 -5.2659790e+00 1.62e+00 2.49e+04  -6.0 6.92e+02  -7.5 4.08e-01 5.85e-01h  1
  91 -5.2701933e+00 1.54e+00 4.48e+05  -6.0 9.62e+03    -  1.80e-01 2.07e-02h  1
  92 -5.2917458e+00 8.01e+00 5.52e+05  -6.0 4.77e+03    -  2.45e-01 1.45e-01h  1
  93 -5.2921866e+00 7.87e+00 5.21e+05  -6.0 1.94e+02  -5.3 6.46e-03 1.70e-02h  1
  94r-5.2921866e+00 7.87e+00 1.00e+03   0.7 0.00e+00  -5.7 0.00e+00 3.61e-07R  3
  95r-5.3019140e+00 7.86e+00 1.40e+03   0.7 2.43e+04    -  1.52e-07 5.26e-07f  1
  96 -5.3014757e+00 7.45e+00 3.34e+04  -6.0 7.52e+01    -  3.15e-02 5.22e-02h  1
  97 -5.3007553e+00 6.80e+00 4.05e+03  -6.0 1.50e+01    -  5.22e-02 8.77e-02h  1
  98 -5.2990421e+00 5.26e+00 3.13e+03  -6.0 3.74e+00    -  8.62e-02 2.27e-01h  1
  99 -5.2980791e+00 4.40e+00 7.19e+03  -6.0 2.56e+00    -  1.88e-03 1.63e-01h  1
iter    objective    inf_pr   inf_du lg(mu)  ||d||  lg(rg) alpha_du alpha_pr  ls
 100 -5.2947061e+00 1.43e+00 2.32e+03  -6.0 2.14e+00    -  4.61e-01 6.76e-01h  1
 101 -5.2939831e+00 7.60e-01 1.19e+03  -6.0 6.94e-01    -  9.45e-01 4.67e-01h  1
 102 -5.2950126e+00 1.78e-02 2.16e+01  -6.0 2.39e+00    -  8.02e-01 1.00e+00h  1
 103 -5.2959182e+00 1.96e-02 9.40e+00  -6.0 1.22e+01    -  6.47e-01 2.38e-01h  1
 104 -5.3011302e+00 1.77e-01 1.01e+01  -6.0 3.50e+01    -  8.90e-01 1.00e+00f  1
 105 -5.3176202e+00 1.07e+00 1.16e+01  -6.0 2.91e+02    -  8.62e-01 8.55e-01h  1
 106 -5.3243512e+00 9.94e-01 4.56e+01  -6.0 1.17e+03    -  6.86e-01 1.14e-01h  1
 107 -5.3365757e+00 9.85e-01 2.19e+01  -6.0 1.47e+03    -  1.43e-01 1.87e-01h  1
 108 -5.3365391e+00 9.85e-01 9.46e+04  -6.0 4.37e+03    -  4.48e-03 8.16e-04h  1
 109 -5.3501756e+00 1.38e+00 1.61e+05  -6.0 1.21e+03    -  8.28e-01 3.25e-01f  1
iter    objective    inf_pr   inf_du lg(mu)  ||d||  lg(rg) alpha_du alpha_pr  ls
 110 -5.3692983e+00 4.03e+00 9.27e+04  -6.0 1.11e+03    -  3.48e-01 6.84e-01h  1
 111 -5.3747212e+00 2.80e+00 3.50e+04  -6.0 4.33e+02    -  3.91e-01 3.14e-01h  1
 112r-5.3747212e+00 2.80e+00 1.00e+03   0.3 0.00e+00    -  0.00e+00 1.71e-07R  2
 113r-5.3732444e+00 2.80e+00 1.00e+03   0.3 1.94e+04    -  4.66e-06 1.13e-06f  1
 114 -5.3731774e+00 2.73e+00 1.48e+04  -6.0 8.57e+00    -  3.57e-02 2.65e-02h  1
 115 -5.3729521e+00 2.50e+00 1.39e+05  -6.0 8.37e+00    -  2.65e-02 8.41e-02h  1
 116 -5.3728750e+00 2.42e+00 1.34e+05  -6.0 7.71e+00    -  6.69e-01 3.11e-02h  1
 117 -5.3719874e+00 1.55e+00 8.63e+04  -6.0 1.60e+01    -  1.63e-01 3.58e-01h  1
 118 -5.3702580e+00 4.94e-03 4.09e+01  -6.0 1.58e+01    -  8.44e-01 1.00e+00h  1
 119 -5.3705321e+00 9.99e-05 9.39e+00  -6.0 1.89e+00    -  9.74e-01 1.00e+00h  1
iter    objective    inf_pr   inf_du lg(mu)  ||d||  lg(rg) alpha_du alpha_pr  ls
 120 -5.3724239e+00 4.19e-02 1.61e+00  -6.0 3.60e+01    -  9.58e-01 1.00e+00h  1
 121 -5.3760474e+00 3.42e-01 1.51e+00  -6.0 1.14e+02    -  8.85e-01 9.04e-01h  1
 122 -5.3782436e+00 5.08e-01 1.79e+01  -6.0 2.10e+02    -  9.25e-01 4.89e-01h  1
 123 -5.3793647e+00 7.19e-01 7.91e+00  -6.0 3.28e+02    -  1.64e-02 3.36e-01h  1
 124 -5.3757130e+00 1.40e-01 1.29e+03  -6.0 9.47e+01    -  4.01e-01 1.00e+00h  1
 125 -5.3770091e+00 2.57e+00 1.13e+02  -6.0 4.01e+00  -5.3 8.84e-01 1.00e+00h  1
 126 -5.3773192e+00 1.07e+00 3.50e+00  -6.0 3.06e+00  -4.9 7.26e-01 1.00e+00h  1
 127 -5.3777005e+00 2.55e-01 2.62e-01  -6.0 1.58e+00  -4.5 1.00e+00 1.00e+00h  1
 128 -5.3785422e+00 1.74e+00 9.71e+00  -6.0 2.51e+01  -4.9 2.59e-01 1.49e-01h  1
 129 -5.3794487e+00 1.88e-01 4.11e+00  -6.0 3.81e+00  -5.4 1.00e+00 9.72e-01h  1
iter    objective    inf_pr   inf_du lg(mu)  ||d||  lg(rg) alpha_du alpha_pr  ls
 130 -5.3809772e+00 4.43e+00 1.44e+03  -6.0 8.82e+02    -  2.70e-01 5.60e-01h  1
 131 -5.3817702e+00 2.99e+00 9.38e+02  -6.0 8.84e+00  -5.0 3.39e-01 3.24e-01h  1
 132 -5.3820761e+00 7.41e+00 2.34e+03  -6.0 4.40e+03    -  3.11e-02 1.26e-01h  2
 133 -5.3831554e+00 2.01e+00 3.29e+03  -6.0 4.69e+00  -5.5 1.00e+00 7.29e-01h  1
 134 -5.3840829e+00 1.08e+00 2.09e+03  -6.0 5.45e+00  -5.9 4.77e-01 4.65e-01h  1
 135 -5.3865177e+00 2.69e-02 9.57e+02  -6.0 8.08e+00  -6.4 1.00e+00 1.00e+00h  1
 136 -5.3867274e+00 2.58e-02 1.98e+04  -6.0 2.03e+01  -6.9 1.90e-01 5.23e-02h  1
 137 -5.3879490e+00 1.04e-02 4.89e+07  -6.0 3.28e+01  -7.4 2.85e-03 1.00e+00f  1
 138 -5.3882438e+00 3.49e-02 2.39e+07  -6.0 8.35e+01  -7.9 1.00e+00 5.08e-01h  1
 139 -5.3880434e+00 3.70e-02 2.16e+07  -6.0 1.85e+02  -8.3 5.14e-01 9.75e-02h  3
iter    objective    inf_pr   inf_du lg(mu)  ||d||  lg(rg) alpha_du alpha_pr  ls
 140 -5.3879794e+00 3.78e-02 2.09e+07  -6.0 3.24e+02  -8.8 5.35e-01 3.46e-02h  4
 141 -5.3879756e+00 3.78e-02 2.09e+07  -6.0 2.36e+03  -9.3 1.61e-01 4.55e-04h  9
 142 -5.3879748e+00 3.78e-02 2.08e+07  -6.0 2.10e+03  -9.8 3.00e-01 6.95e-04h  9
 143 -5.3879705e+00 3.77e-02 2.08e+07  -6.0 1.21e+03  -9.3 1.00e+00 8.76e-04h  9
 144 -5.3879698e+00 3.77e-02 2.08e+07  -6.0 2.70e+03  -9.8 2.79e-01 6.90e-04h  9
 145 -5.3879581e+00 3.76e-02 2.07e+07  -6.0 6.35e+02  -9.4 2.09e-01 7.37e-03h  6
 146 -5.3879574e+00 3.76e-02 2.06e+07  -6.0 5.33e+03  -9.9 2.77e-01 1.55e-04h 11
 147 -5.3879510e+00 3.75e-02 2.06e+07  -6.0 7.56e+02  -9.4 1.11e-01 3.90e-03h  7
 148 -5.3879509e+00 3.75e-02 2.06e+07  -6.0 8.97e+03  -9.9 2.27e-01 4.32e-05h 13
 149 -5.3874812e+00 1.41e+00 1.48e+07  -6.0 8.80e+02  -9.5 8.28e-02 2.81e-01w  1
iter    objective    inf_pr   inf_du lg(mu)  ||d||  lg(rg) alpha_du alpha_pr  ls
 150 -5.3863653e+00 6.43e+00 1.12e+07  -6.0 7.68e+02  -9.1 1.53e-01 2.43e-01w  1
 151 -5.3861756e+00 7.05e+00 1.02e+07  -6.0 1.74e+03  -9.5 1.97e-01 8.74e-02w  1
 152 -5.3879435e+00 3.74e-02 2.05e+07  -6.0 3.56e+00  -4.6 8.28e-02 4.39e-03h  6
 153 -5.3879305e+00 3.73e-02 2.04e+07  -6.0 3.61e+00  -5.1 1.00e+00 4.12e-03h  8
 154 -5.3866449e+00 2.05e-02 1.12e+07  -6.0 3.80e+00  -5.6 2.81e-01 4.51e-01h  1
 155 -5.3866122e+00 2.03e-02 1.11e+07  -6.0 9.98e+00  -6.0 1.53e-01 7.81e-03h  8
 156 -5.3866099e+00 2.03e-02 1.11e+07  -6.0 4.08e+02  -6.5 2.64e-03 1.96e-04h  7
 157 -5.3866032e+00 2.03e-02 1.11e+07  -6.0 1.98e+01  -7.0 6.86e-02 1.53e-03h 10
 158 -5.3865980e+00 2.03e-02 1.11e+07  -6.0 8.10e+01  -7.5 1.58e-02 1.03e-03h  8
 159 -5.3865935e+00 2.02e-02 1.11e+07  -6.0 2.21e+02  -7.9 1.89e-02 9.72e-04h 10
iter    objective    inf_pr   inf_du lg(mu)  ||d||  lg(rg) alpha_du alpha_pr  ls
 160 -5.3865925e+00 2.02e-02 1.11e+07  -6.0 9.19e+02  -8.4 1.35e-02 1.78e-04h 10
 161 -5.3865922e+00 2.02e-02 1.11e+07  -6.0 3.15e+03  -8.9 3.37e-03 4.07e-05h 12
 162 -5.3865911e+00 2.02e-02 1.11e+07  -6.0 1.09e+03  -8.5 3.06e-01 1.94e-04h 10
 163 -5.3865605e+00 2.02e-02 1.10e+07  -6.0 2.28e+01  -5.3 3.22e-02 3.36e-03h  9
 164 -5.3865468e+00 2.01e-02 1.10e+07  -6.0 1.12e+01  -5.8 1.77e-01 3.30e-03h  7
 165 -5.3832589e+00 2.08e+01 3.14e+06  -6.0 1.58e+01  -6.3 3.35e-02 7.18e-01w  1
 166 -5.3831379e+00 1.42e+01 2.15e+06  -6.0 9.33e+00  -6.8 8.82e-01 3.18e-01w  1
 167 -5.3857854e+00 1.89e-01 2.77e+04  -6.0 3.99e+00  -4.5 4.12e-01 1.00e+00w  1
 168 -5.3865404e+00 2.01e-02 1.10e+07  -6.0 2.74e+00  -5.0 3.35e-02 1.40e-03h  9
 169 -5.3865183e+00 2.00e-02 1.09e+07  -6.0 8.12e+00  -5.5 1.00e+00 5.60e-03h  6
iter    objective    inf_pr   inf_du lg(mu)  ||d||  lg(rg) alpha_du alpha_pr  ls
 170 -5.3864872e+00 1.98e-02 1.08e+07  -6.0 8.30e+00  -6.0 6.35e-02 7.81e-03h  8
 171 -5.3864727e+00 1.97e-02 1.08e+07  -6.0 1.31e+01  -6.4 8.17e-02 3.41e-03h  9
 172 -5.3864663e+00 1.97e-02 1.08e+07  -6.0 2.29e+01  -6.9 4.35e-02 1.32e-03h  8
 173 -5.3864603e+00 1.97e-02 1.08e+07  -6.0 6.57e+01  -7.4 2.42e-02 1.30e-03h  9
 174 -5.3864570e+00 1.97e-02 1.08e+07  -6.0 2.36e+02  -7.9 2.95e-01 6.61e-04h  9
 175 -5.3864140e+00 1.93e-02 1.06e+07  -6.0 4.86e+00  -4.7 7.01e-01 1.63e-02h  1
 176 -5.3863862e+00 1.92e-02 1.05e+07  -6.0 4.67e+00  -5.2 1.68e-01 7.30e-03h  7
 177 -5.3863614e+00 1.91e-02 1.05e+07  -6.0 8.63e+00  -5.7 3.63e-01 6.23e-03h  7
 178 -5.3863608e+00 1.91e-02 1.05e+07  -6.0 1.71e+01  -6.2 5.47e-02 1.40e-04h 11
 179 -5.3863603e+00 1.91e-02 1.05e+07  -6.0 1.84e+01  -6.6 2.23e-02 9.84e-05h 12
iter    objective    inf_pr   inf_du lg(mu)  ||d||  lg(rg) alpha_du alpha_pr  ls
 180 -5.3863603e+00 1.91e-02 1.05e+07  -6.0 4.18e+01  -7.1 2.22e-01 1.30e-05h 14
 181 -5.3863570e+00 1.91e-02 1.04e+07  -6.0 5.75e+01  -4.9 2.20e-02 2.07e-04h 10
 182 -5.3863569e+00 1.91e-02 1.04e+07  -6.0 7.70e+00  -5.4 1.00e+00 1.53e-05h 17
 183 -5.3863413e+00 1.90e-02 1.04e+07  -6.0 9.57e+00  -5.8 1.12e-01 3.91e-03h  9
 184 -5.3863325e+00 1.90e-02 1.04e+07  -6.0 1.36e+01  -6.3 5.76e-02 2.10e-03h  9
 185 -5.3863272e+00 1.89e-02 1.04e+07  -6.0 2.31e+01  -6.8 1.14e-01 1.10e-03h  8
 186 -5.3838588e+00 1.92e+01 4.59e+06  -6.0 4.94e+01  -7.3 3.11e-02 5.60e-01w  1
 187 -5.3838639e+00 1.90e+01 4.56e+06  -6.0 3.01e+02  -7.8 6.77e-02 7.14e-03w  1
 188 -5.3842180e+00 5.04e+00 1.26e+06  -6.0 2.57e+02  -8.2 1.00e+00 7.29e-01w  1
 189 -5.3863224e+00 1.89e-02 1.04e+07  -6.0 3.37e+02  -8.7 3.11e-02 1.09e-03h  9
iter    objective    inf_pr   inf_du lg(mu)  ||d||  lg(rg) alpha_du alpha_pr  ls
 190 -5.3863210e+00 1.89e-02 1.04e+07  -6.0 7.25e+02  -8.3 8.10e-02 2.80e-04h 10
 191 -5.3863207e+00 1.89e-02 1.04e+07  -6.0 2.40e+03  -8.8 8.67e-03 5.30e-05h 12
 192 -5.3863196e+00 1.89e-02 1.04e+07  -6.0 8.29e+02  -8.3 7.25e-02 2.13e-04h 11
 193 -5.3863012e+00 1.88e-02 1.03e+07  -6.0 4.95e+00  -5.2 9.46e-01 5.61e-03h  1
 194 -5.3862878e+00 1.87e-02 1.03e+07  -6.0 1.05e+01  -5.7 1.02e-01 3.35e-03h  4
 195 -5.3862780e+00 1.87e-02 1.02e+07  -6.0 1.56e+01  -6.2 3.59e-02 2.27e-03h  5
 196 -5.3862744e+00 1.87e-02 1.02e+07  -6.0 2.84e+01  -6.6 2.74e-01 7.31e-04h  6
 197 -5.3862693e+00 1.87e-02 1.02e+07  -6.0 3.23e+01  -7.1 4.59e-02 1.17e-03h 10
 198 -5.3862660e+00 1.87e-02 1.02e+07  -6.0 1.24e+02  -7.6 5.53e-02 6.96e-04h 10
 199 -5.3862629e+00 1.87e-02 1.02e+07  -6.0 3.22e+04  -5.4 1.65e-05 4.28e-07h 11
iter    objective    inf_pr   inf_du lg(mu)  ||d||  lg(rg) alpha_du alpha_pr  ls
 200 -5.3862423e+00 1.85e-02 1.01e+07  -6.0 3.27e+00  -4.9 8.27e-01 6.44e-03h  1
 201 -5.3862124e+00 1.84e-02 1.01e+07  -6.0 7.26e+00  -5.4 1.71e-01 7.81e-03h  8
 202 -5.3861983e+00 1.83e-02 1.00e+07  -6.0 1.27e+01  -5.9 6.17e-02 3.44e-03h  6
 203 -5.3861940e+00 1.83e-02 1.00e+07  -6.0 2.16e+01  -6.4 3.78e-01 9.38e-04h  7
 204 -5.3861889e+00 1.83e-02 1.00e+07  -6.0 1.82e+01  -6.8 4.80e-02 1.19e-03h 10
 205 -5.3861857e+00 1.83e-02 1.00e+07  -6.0 6.72e+01  -7.3 3.97e-02 6.84e-04h 10
 206 -5.3861809e+00 1.83e-02 1.00e+07  -6.0 2.74e+02  -5.1 3.98e-03 7.81e-05h 10
 207 -5.3861655e+00 1.82e-02 9.97e+06  -6.0 1.03e+01  -5.6 1.00e+00 3.91e-03h  9
 208 -5.3861514e+00 1.81e-02 9.93e+06  -6.0 1.23e+01  -6.0 9.60e-02 3.50e-03h  9
 209 -5.3861449e+00 1.81e-02 9.92e+06  -6.0 2.13e+01  -6.5 1.11e-01 1.46e-03h  9
iter    objective    inf_pr   inf_du lg(mu)  ||d||  lg(rg) alpha_du alpha_pr  ls
 210 -5.3861407e+00 1.81e-02 9.91e+06  -6.0 2.90e+01  -7.0 3.32e-02 9.42e-04h 10
 211 -5.3845570e+00 1.36e+01 6.53e+06  -6.0 9.89e+01  -7.5 1.18e-01 3.42e-01w  1
 212 -5.3841048e+00 1.15e+01 5.24e+06  -6.0 1.41e+01  -5.2 2.34e-01 1.97e-01w  1
 213 -5.3835060e+00 1.04e-01 5.15e+04  -6.0 2.62e+00  -5.7 1.00e+00 1.00e+00w  1
 214 -5.3831326e+00 6.59e-03 3.30e+04  -6.0 1.26e+01  -6.2 1.13e-01 3.59e-01h  1
 215 -5.3828969e+00 5.34e-03 2.48e+04  -6.0 5.22e+01  -6.7 1.66e-01 2.50e-01h  3
 216 -5.3840790e+00 1.17e-02 1.62e+04  -6.0 8.71e+00  -6.2 5.32e-01 3.44e-01h  1
 217 -5.3841410e+00 1.14e-02 1.58e+04  -6.0 4.75e+02  -6.7 7.59e-04 2.60e-02h  1
 218 -5.3846281e+00 2.07e-03 1.26e+03  -6.0 1.65e+01  -6.3 3.55e-01 1.00e+00f  1
 219 -5.3847447e+00 1.05e-03 6.15e+02  -6.0 6.70e+00  -5.9 1.00e+00 6.65e-01h  1
iter    objective    inf_pr   inf_du lg(mu)  ||d||  lg(rg) alpha_du alpha_pr  ls
 220 -5.3851972e+00 1.26e-02 1.16e+01  -6.0 3.38e+01  -6.3 1.00e+00 1.00e+00f  1
 221 -5.3857251e+00 2.69e-03 1.77e+00  -6.0 1.46e+01  -5.9 1.00e+00 1.00e+00h  1
 222 -5.3879317e+00 7.91e-02 5.07e+01  -6.0 7.73e+01  -6.4 1.00e+00 1.00e+00h  1
 223 -5.3903105e+00 1.10e-02 5.21e+00  -6.0 3.18e+01  -6.0 1.00e+00 1.00e+00h  1
 224 -5.3969359e+00 1.71e-01 8.60e+01  -6.0 1.50e+02  -6.4 1.00e+00 7.87e-01h  1
 225 -5.4156751e+00 6.34e-01 1.85e+03  -6.0 8.97e+02  -6.9 5.04e-01 2.56e-01h  1
 226 -5.4318332e+00 4.20e-01 3.33e+02  -6.0 1.94e+02  -6.5 1.58e-01 6.78e-01h  1
 227 -5.4444302e+00 6.24e-02 3.00e+03  -6.0 7.63e+01  -6.1 6.33e-01 1.00e+00h  1
 228 -5.4462053e+00 4.47e-02 1.51e+04  -6.0 2.96e+01  -5.6 9.50e-01 2.92e-01h  1
 229 -5.4596680e+00 5.65e-02 1.03e+04  -6.0 8.77e+01  -6.1 5.53e-01 1.00e+00h  1
iter    objective    inf_pr   inf_du lg(mu)  ||d||  lg(rg) alpha_du alpha_pr  ls
 230 -5.4626284e+00 3.90e-02 6.81e+04  -6.0 3.36e+01  -5.7 9.92e-01 3.57e-01h  1
 231 -5.4729601e+00 5.22e-02 4.04e+03  -6.0 9.82e+01  -6.2 3.60e-01 5.71e-01h  1
 232r-5.4729601e+00 5.22e-02 1.00e+03  -1.6 0.00e+00  -5.7 0.00e+00 2.71e-07R  4
 233r-5.4692015e+00 5.06e-02 1.00e+03  -1.6 3.62e+03    -  8.93e-05 4.05e-05f  1
 234 -5.4697000e+00 4.36e-02 1.17e+06  -6.0 1.04e+00    -  8.63e-01 1.39e-01h  1
 235 -5.4717384e+00 1.67e-02 5.24e+06  -6.0 1.65e+00    -  1.39e-01 6.19e-01h  1
 236 -5.4730878e+00 1.02e-04 1.59e+02  -6.0 1.43e+00    -  5.49e-01 1.00e+00h  1
 237 -5.4734672e+00 2.50e-04 2.44e+00  -6.0 2.70e+00    -  9.63e-01 1.00e+00h  1
 238 -5.4808959e+00 9.12e-02 4.97e+00  -6.0 7.05e+01    -  9.57e-01 1.00e+00h  1
 239 -5.4961974e+00 8.23e-02 3.07e+01  -6.0 1.08e+02  -6.2 7.50e-01 1.00e+00h  1
iter    objective    inf_pr   inf_du lg(mu)  ||d||  lg(rg) alpha_du alpha_pr  ls
 240 -5.5116256e+00 4.75e-01 2.71e+02  -6.0 1.65e+03  -6.7 8.81e-02 1.33e-01h  1
 241 -5.5309715e+00 3.28e-01 1.51e+02  -6.0 3.66e+02  -7.2 4.00e-01 4.53e-01h  1
 242 -5.5852718e+00 2.62e+00 7.49e+02  -6.0 4.85e+02  -6.8 8.46e-01 1.00e+00h  1
 243 -5.6177987e+00 2.53e+00 6.60e+02  -6.0 3.01e+03    -  2.08e-01 1.10e-01h  1
 244 -5.7111640e+00 3.05e+01 4.98e+02  -6.0 3.48e+03    -  3.64e-01 3.24e-01h  1
 245 -5.7370721e+00 2.88e+01 4.64e+02  -6.0 2.60e+03    -  6.93e-01 1.10e-01h  1
 246 -5.7729060e+00 2.67e+01 4.38e+02  -6.0 2.18e+03    -  8.99e-01 1.69e-01h  1
 247 -5.9291817e+00 3.37e+01 1.93e+03  -6.0 2.01e+03    -  8.88e-01 9.05e-01h  1
 248 -5.9235033e+00 2.51e+01 1.33e+05  -6.0 1.37e+03    -  2.37e-04 3.26e-01h  1
 249 -5.9066947e+00 3.24e+01 5.11e+04  -6.0 2.10e+03    -  1.62e-01 6.15e-01h  1
iter    objective    inf_pr   inf_du lg(mu)  ||d||  lg(rg) alpha_du alpha_pr  ls
 250 -5.8833905e+00 9.86e+00 4.95e+02  -6.0 7.37e+02    -  3.91e-01 1.00e+00h  1
 251 -5.8826216e+00 1.14e+00 1.42e+02  -6.0 5.37e+02    -  2.63e-01 1.00e+00h  1
 252 -5.8815077e+00 2.89e-02 1.61e+00  -6.0 5.18e+01    -  1.00e+00 1.00e+00h  1
 253 -5.8814936e+00 4.41e-05 2.48e-03  -6.0 2.42e+00    -  1.00e+00 1.00e+00h  1
 254 -5.8814936e+00 8.33e-10 5.98e-08  -6.0 1.28e-02    -  1.00e+00 1.00e+00h  1
 255 -5.8815618e+00 2.18e-03 4.76e+01  -7.5 2.35e+01    -  9.52e-01 7.87e-01h  1
 256 -5.8815666e+00 3.40e-04 6.54e+00  -7.5 5.16e+00    -  1.00e+00 8.93e-01h  1
 257 -5.8815664e+00 1.33e-06 4.68e-03  -7.5 5.53e-01    -  1.00e+00 1.00e+00h  1
 258 -5.8815664e+00 1.43e-10 1.07e-09  -7.5 1.95e-04    -  1.00e+00 1.00e+00h  1
 259 -5.8815680e+00 2.36e-06 7.31e-01  -9.0 7.55e-01    -  9.26e-01 8.46e-01h  1
iter    objective    inf_pr   inf_du lg(mu)  ||d||  lg(rg) alpha_du alpha_pr  ls
 260 -5.8815683e+00 7.72e-08 1.12e-02  -9.0 1.16e-01    -  9.97e-01 1.00e+00f  1
 261 -5.8815683e+00 3.11e-10 5.66e-09  -9.0 4.53e-05    -  1.00e+00 1.00e+00h  1

Number of Iterations....: 261

                                   (scaled)                 (unscaled)
Objective...............:  -4.5949752451770509e+00   -5.8815683138266248e+00
Dual infeasibility......:   5.6630728858117557e-09    7.2487332938390474e-09
Constraint violation....:   3.1131438919806964e-10    3.1131438919806964e-10
Complementarity.........:   1.4782801211752407e-09    1.8921985551043083e-09
Overall NLP error.......:   5.6630728858117557e-09    7.2487332938390474e-09


Number of objective function evaluations             = 972
Number of objective gradient evaluations             = 262
Number of equality constraint evaluations            = 972
Number of inequality constraint evaluations          = 972
Number of equality constraint Jacobian evaluations   = 267
Number of inequality constraint Jacobian evaluations = 267
Number of Lagrangian Hessian evaluations             = 261
Total CPU secs in IPOPT (w/o function evaluations)   =    634.449
Total CPU secs in NLP function evaluations           =     16.955

EXIT: Optimal Solution Found.
