
List of user-set options:

                                    Name   Value                used
                           compl_inf_tol = 1                     yes
                         constr_viol_tol = 1                     yes
                            dual_inf_tol = 1000                  yes
                           linear_solver = ma97                  yes
                              ma86_small = 1e-30                  no
                                  ma86_u = 0.0001                 no
                              ma97_order = best                  yes
                              ma97_small = 1e-30                 yes
                            ma97_switch1 = at_start              yes
                            ma97_switch2 = od_hd_reuse           yes
                                  ma97_u = 1e-06                 yes
                               ma97_umax = 0.5                   yes
                                max_iter = 1000                  yes
                    max_refinement_steps = 20                    yes
                    min_refinement_steps = 5                     yes
                                 mu_init = 1e-06                 yes
           mu_superlinear_decrease_power = 1.25                  yes
                   nlp_scaling_min_value = 1e-08                 yes
                        option_file_name = Preset_Case_641_pf.opt  yes
                             output_file = ./tmp/Preset_Case_641_pf.output  yes
                      print_user_options = yes                   yes
        required_infeasibility_reduction = 1                      no
                                     tol = 1e-08                 yes
                   warm_start_bound_frac = 1e-20                 yes
                   warm_start_bound_push = 1e-20                 yes
                   warm_start_init_point = yes                   yes
              warm_start_mult_bound_push = 1e-20                 yes
                warm_start_mult_init_max = 1e+40                 yes
             warm_start_slack_bound_frac = 1e-20                 yes
             warm_start_slack_bound_push = 1e-20                 yes

******************************************************************************
This program contains Ipopt, a library for large-scale nonlinear optimization.
 Ipopt is released as open source code under the Eclipse Public License (EPL).
         For more information visit http://projects.coin-or.org/Ipopt
******************************************************************************

This is Ipopt version 3.12.10, running with linear solver ma97.

Number of nonzeros in equality constraint Jacobian...:   123442
Number of nonzeros in inequality constraint Jacobian.:      213
Number of nonzeros in Lagrangian Hessian.............:    49069

Total number of variables............................:    31591
                     variables with only lower bounds:    12912
                variables with lower and upper bounds:    15130
                     variables with only upper bounds:        0
Total number of equality constraints.................:    31483
Total number of inequality constraints...............:       25
        inequality constraints with only lower bounds:        4
   inequality constraints with lower and upper bounds:        0
        inequality constraints with only upper bounds:       21

iter    objective    inf_pr   inf_du lg(mu)  ||d||  lg(rg) alpha_du alpha_pr  ls
   0 -5.1961242e+00 4.13e-03 1.02e+00  -6.0 0.00e+00    -  0.00e+00 0.00e+00   0
   1 -5.1953640e+00 2.56e-01 3.14e+00  -6.0 3.35e+05    -  9.99e-05 1.73e-04h  4
   2 -5.1967812e+00 2.55e-01 2.57e+01  -6.0 4.43e+03    -  1.16e-01 1.97e-03h  1
   3 -5.2155598e+00 2.25e+01 2.60e+01  -6.0 9.13e+04    -  6.07e-03 1.27e-02f  1
   4 -5.2429875e+00 2.20e+01 8.62e+01  -6.0 4.26e+03    -  3.03e-01 3.90e-02h  1
   5 -5.3758484e+00 2.30e+01 4.59e+02  -6.0 3.98e+03    -  1.97e-01 2.00e-01h  1
   6 -5.4170873e+00 2.14e+01 4.90e+02  -6.0 2.87e+03    -  4.99e-01 9.43e-02h  1
   7 -5.4031693e+00 1.08e+00 8.84e+01  -6.0 2.56e+02  -4.0 2.13e-06 1.00e+00h  1
   8 -5.4073265e+00 3.14e-01 7.31e+01  -6.0 9.94e+00  -4.5 3.51e-01 7.09e-01h  1
   9 -5.5914837e+00 4.76e+00 1.39e+03  -6.0 5.50e+01  -5.0 8.27e-02 9.49e-01f  1
iter    objective    inf_pr   inf_du lg(mu)  ||d||  lg(rg) alpha_du alpha_pr  ls
  10 -5.5792273e+00 1.29e+00 2.23e+02  -6.0 3.45e+01  -5.4 7.70e-01 1.00e+00h  1
  11 -5.5850077e+00 1.25e+00 2.15e+02  -6.0 4.37e+03    -  9.27e-02 3.58e-02h  2
  12 -5.5857882e+00 1.02e+00 1.76e+02  -6.0 6.59e+01  -5.9 6.58e-01 1.80e-01h  1
  13 -5.6079222e+00 2.56e-01 2.01e+01  -6.0 1.17e+02  -6.4 1.00e+00 1.00e+00f  1
  14 -5.6112757e+00 1.72e-01 1.22e+01  -6.0 1.22e+02  -6.9 8.08e-01 4.70e-01h  1
  15 -5.6309866e+00 1.43e+00 5.46e+00  -6.0 2.43e+02  -7.3 1.00e+00 8.86e-01h  1
  16 -5.6372680e+00 1.56e+00 2.16e+03  -6.0 3.40e+02  -7.8 6.88e-01 1.00e+00h  1
  17 -5.6446807e+00 1.37e+00 1.71e+03  -6.0 8.63e+02  -7.4 2.42e-01 2.47e-01h  1
  18 -5.6570526e+00 1.54e+00 7.97e+03  -6.0 3.35e+02  -7.9 6.25e-01 1.00e+00h  1
  19 -5.6613685e+00 1.52e+00 1.15e+04  -6.0 1.06e+03  -8.3 1.52e-01 2.12e-01h  1
iter    objective    inf_pr   inf_du lg(mu)  ||d||  lg(rg) alpha_du alpha_pr  ls
  20 -5.6673904e+00 2.36e+01 1.78e+04  -6.0 2.11e+04    -  1.19e-03 5.29e-02h  1
  21 -5.6805570e+00 2.24e+01 3.38e+03  -6.0 1.46e+03  -8.8 5.65e-01 5.25e-01h  1
  22 -5.6882211e+00 1.54e+01 1.21e+04  -6.0 1.93e+03    -  3.34e-01 3.76e-01h  1
  23 -5.6892503e+00 1.49e+01 7.53e+03  -6.0 2.84e+03    -  5.14e-02 4.13e-02h  1
  24 -5.6912230e+00 1.22e+01 5.80e+04  -6.0 1.25e+03    -  3.43e-01 1.85e-01f  1
  25 -5.7005593e+00 8.01e+00 4.13e+04  -6.0 1.75e+03    -  4.55e-01 4.35e-01h  1
  26 -5.7089711e+00 6.14e+00 2.78e+05  -6.0 1.41e+03    -  5.11e-02 3.54e-01h  1
  27 -5.7153880e+00 5.58e+01 7.79e+05  -6.0 6.91e+03    -  2.38e-03 2.47e-01h  1
  28 -5.7155786e+00 5.55e+01 7.57e+05  -6.0 7.47e+03  -6.6 7.55e-07 5.45e-03h  1
  29 -5.7155860e+00 5.55e+01 7.62e+05  -6.0 7.20e+04  -6.2 1.09e-03 6.87e-04h  1
iter    objective    inf_pr   inf_du lg(mu)  ||d||  lg(rg) alpha_du alpha_pr  ls
  30 -5.7156608e+00 5.55e+01 7.68e+05  -6.0 3.28e+04    -  1.97e-04 1.70e-03f  1
  31 -5.7238810e+00 4.34e+01 1.52e+06  -6.0 1.04e+03    -  2.14e-02 2.37e-01h  1
  32r-5.7238810e+00 4.34e+01 1.00e+03   1.5 0.00e+00    -  0.00e+00 1.06e-07R  2
  33r-5.7414953e+00 4.34e+01 1.00e+03   1.5 1.48e+05    -  1.74e-07 9.13e-08f  1
  34 -5.7407704e+00 4.16e+01 1.68e+04  -6.0 4.27e+02    -  2.52e-06 4.23e-02h  1
  35 -5.7365109e+00 3.23e+01 1.30e+04  -6.0 3.84e+02    -  1.46e-02 2.26e-01h  1
  36r-5.7365109e+00 3.23e+01 9.99e+02   1.3 0.00e+00    -  0.00e+00 2.90e-07R  2
  37r-5.7322209e+00 3.23e+01 8.05e+04   1.3 1.25e+05    -  7.78e-08 4.51e-09f  1
  38 -5.7287571e+00 2.45e+01 1.45e+06  -6.0 1.83e+02    -  2.02e-01 2.41e-01h  1
  39 -5.7299481e+00 2.19e+01 5.39e+06  -6.0 9.99e+01    -  2.41e-01 1.08e-01h  1
iter    objective    inf_pr   inf_du lg(mu)  ||d||  lg(rg) alpha_du alpha_pr  ls
  40 -5.7316106e+00 1.77e+01 4.36e+06  -6.0 8.70e+01    -  4.53e-01 1.91e-01h  1
  41 -5.7256604e+00 6.62e+00 1.62e+06  -6.0 7.80e+01    -  3.12e-01 6.27e-01h  1
  42 -5.7217977e+00 1.63e-03 6.67e+06  -6.0 8.85e+00    -  7.95e-01 1.00e+00h  1
  43 -5.7221007e+00 3.68e-04 9.59e+06  -6.0 2.80e+00    -  7.29e-01 1.00e+00h  1
  44 -5.7225653e+00 1.40e-03 3.74e+01  -6.0 6.60e+00    -  9.77e-01 1.00e+00h  1
  45 -5.7293637e+00 4.47e-01 1.67e+00  -6.0 1.18e+02    -  9.65e-01 1.00e+00h  1
  46 -5.7307049e+00 4.73e-01 7.02e+00  -6.0 2.13e+02    -  8.52e-01 6.17e-01h  1
  47 -5.7304464e+00 3.30e-01 1.87e+01  -6.0 2.62e+02    -  8.79e-01 1.00e+00h  1
  48 -5.7296932e+00 7.00e-04 1.97e-01  -6.0 4.17e+00  -6.6 8.82e-01 1.00e+00h  1
  49 -5.7297172e+00 3.69e-01 2.36e+01  -6.0 1.11e+03    -  9.55e-01 1.23e-01h  3
iter    objective    inf_pr   inf_du lg(mu)  ||d||  lg(rg) alpha_du alpha_pr  ls
  50 -5.7297245e+00 5.84e-01 2.85e+01  -6.0 8.43e+02    -  1.00e+00 6.46e-02h  3
  51 -5.7297205e+00 7.20e-01 3.54e+00  -6.0 1.93e+02    -  1.00e+00 4.76e-01h  1
  52 -5.7297087e+00 3.46e-01 2.25e-01  -6.0 1.38e+02    -  1.00e+00 1.00e+00h  1
  53 -5.7297210e+00 5.12e-01 3.87e+01  -6.0 1.57e+03    -  1.00e+00 6.47e-02h  2
  54 -5.7297346e+00 8.11e-01 2.01e+01  -6.0 6.14e+02    -  1.00e+00 2.50e-01h  3
  55 -5.7297404e+00 9.11e-01 2.54e+01  -6.0 8.47e+02    -  1.00e+00 1.25e-01h  4
  56 -5.7296205e+00 8.38e-01 2.12e+01  -6.0 8.01e+02    -  4.28e-01 1.00e+00H  1
  57 -5.7297204e+00 2.15e-01 1.40e+01  -6.0 5.89e+02    -  1.00e+00 1.00e+00H  1
  58 -5.7297239e+00 1.74e-02 5.01e-03  -6.0 3.13e+01    -  1.00e+00 1.00e+00h  1
  59 -5.7297236e+00 7.41e-07 2.11e-06  -6.0 1.88e-01    -  1.00e+00 1.00e+00h  1
iter    objective    inf_pr   inf_du lg(mu)  ||d||  lg(rg) alpha_du alpha_pr  ls
  60 -5.7299589e+00 6.24e+00 7.22e+01  -7.5 8.20e+02    -  6.02e-01 7.73e-01h  1
  61 -5.7299299e+00 1.79e+00 1.51e+01  -7.5 2.49e+02    -  8.73e-01 8.29e-01h  1
  62 -5.7299158e+00 2.85e-02 2.93e-01  -7.5 3.92e+01    -  1.00e+00 1.00e+00h  1
  63 -5.7299155e+00 1.41e-05 1.69e-05  -7.5 9.60e-01    -  1.00e+00 1.00e+00h  1
  64 -5.7299155e+00 2.88e-10 7.67e-09  -7.5 2.84e-03    -  1.00e+00 1.00e+00h  1
  65 -5.7299171e+00 9.66e-03 9.42e-01  -9.0 2.96e+01    -  9.28e-01 8.26e-01h  1
  66 -5.7299173e+00 4.44e-04 2.13e-01  -9.0 5.22e+00    -  9.54e-01 1.00e+00h  1
  67 -5.7299173e+00 5.13e-10 4.74e-08  -9.0 6.11e-03    -  1.00e+00 1.00e+00h  1
  68 -5.7299173e+00 2.88e-10 2.43e-10  -9.0 2.21e-05    -  1.00e+00 1.00e+00h  1

Number of Iterations....: 68

                                   (scaled)                 (unscaled)
Objective...............:  -4.4764978668366924e+00   -5.7299172695509659e+00
Dual infeasibility......:   2.4329936551524102e-10    3.1142318785950849e-10
Constraint violation....:   2.8823190329711063e-10    2.8823190329711063e-10
Complementarity.........:   9.3426832106944143e-10    1.1958634509688850e-09
Overall NLP error.......:   9.3426832106944143e-10    1.1958634509688850e-09


Number of objective function evaluations             = 103
Number of objective gradient evaluations             = 69
Number of equality constraint evaluations            = 103
Number of inequality constraint evaluations          = 103
Number of equality constraint Jacobian evaluations   = 71
Number of inequality constraint Jacobian evaluations = 71
Number of Lagrangian Hessian evaluations             = 68
Total CPU secs in IPOPT (w/o function evaluations)   =    145.445
Total CPU secs in NLP function evaluations           =      2.828

EXIT: Optimal Solution Found.
