
List of user-set options:

                                    Name   Value                used
                           compl_inf_tol = 1                     yes
                         constr_viol_tol = 1                     yes
                            dual_inf_tol = 1000                  yes
                           linear_solver = ma97                  yes
                              ma86_small = 1e-30                  no
                                  ma86_u = 0.0001                 no
                              ma97_order = best                  yes
                              ma97_small = 1e-30                 yes
                            ma97_switch1 = at_start              yes
                            ma97_switch2 = od_hd_reuse           yes
                                  ma97_u = 1e-06                 yes
                               ma97_umax = 0.5                   yes
                                max_iter = 1000                  yes
                    max_refinement_steps = 20                    yes
                    min_refinement_steps = 5                     yes
                                 mu_init = 1e-06                 yes
           mu_superlinear_decrease_power = 1.25                  yes
                   nlp_scaling_min_value = 1e-08                 yes
                        option_file_name = Preset_Case_325_pf.opt  yes
                             output_file = ./tmp/Preset_Case_325_pf.output  yes
                      print_user_options = yes                   yes
        required_infeasibility_reduction = 1                      no
                                     tol = 1e-08                 yes
                   warm_start_bound_frac = 1e-20                 yes
                   warm_start_bound_push = 1e-20                 yes
                   warm_start_init_point = yes                   yes
              warm_start_mult_bound_push = 1e-20                 yes
                warm_start_mult_init_max = 1e+40                 yes
             warm_start_slack_bound_frac = 1e-20                 yes
             warm_start_slack_bound_push = 1e-20                 yes

******************************************************************************
This program contains Ipopt, a library for large-scale nonlinear optimization.
 Ipopt is released as open source code under the Eclipse Public License (EPL).
         For more information visit http://projects.coin-or.org/Ipopt
******************************************************************************

This is Ipopt version 3.12.10, running with linear solver ma97.

Number of nonzeros in equality constraint Jacobian...:   123443
Number of nonzeros in inequality constraint Jacobian.:      213
Number of nonzeros in Lagrangian Hessian.............:    49069

Total number of variables............................:    31591
                     variables with only lower bounds:    12912
                variables with lower and upper bounds:    15130
                     variables with only upper bounds:        0
Total number of equality constraints.................:    31483
Total number of inequality constraints...............:       25
        inequality constraints with only lower bounds:        4
   inequality constraints with lower and upper bounds:        0
        inequality constraints with only upper bounds:       21

iter    objective    inf_pr   inf_du lg(mu)  ||d||  lg(rg) alpha_du alpha_pr  ls
   0 -4.9440204e+00 4.33e-03 1.02e+00  -6.0 0.00e+00    -  0.00e+00 0.00e+00   0
   1 -4.9625058e+00 9.36e+00 4.85e+01  -6.0 9.06e+05    -  3.50e-05 5.21e-04h  1
   2 -4.9624551e+00 9.36e+00 4.85e+01  -6.0 1.18e+03    -  1.04e-04 3.76e-05h  1
   3 -4.9578167e+00 9.33e+00 2.22e+02  -6.0 2.46e+03    -  1.16e-04 2.74e-03h  1
   4 -4.9549435e+00 9.31e+00 2.36e+02  -6.0 1.20e+03    -  2.43e-01 2.07e-03h  1
   5 -4.9477201e+00 9.26e+00 2.54e+02  -6.0 1.04e+03    -  2.53e-03 5.08e-03h  4
   6 -4.9437102e+00 9.24e+00 2.40e+02  -6.0 1.06e+03    -  1.27e-02 2.96e-03h  7
   7 -4.9432027e+00 9.23e+00 2.41e+02  -6.0 1.05e+03    -  1.99e-02 3.78e-04h 10
   8 -4.9431700e+00 9.23e+00 2.45e+02  -6.0 1.04e+03    -  4.95e-02 2.44e-05h 14
   9 -4.9264789e+00 9.12e+00 1.17e+02  -6.0 1.03e+03    -  1.25e-02 1.25e-02s 20
iter    objective    inf_pr   inf_du lg(mu)  ||d||  lg(rg) alpha_du alpha_pr  ls
  10r-4.9264789e+00 9.12e+00 9.99e+02   1.0 0.00e+00    -  0.00e+00 0.00e+00R  1
  11r-4.9281669e+00 9.12e+00 9.99e+02   1.0 7.33e+05    -  7.80e-08 3.18e-08f  1
  12r-4.9314245e+00 9.12e+00 9.99e+02   1.0 2.68e+05    -  1.88e-06 1.04e-07f  1
  13 -4.9314981e+00 9.12e+00 1.41e+02  -6.0 1.02e+06    -  2.33e-03 2.39e-06h  1
  14 -4.9572264e+00 9.11e+00 1.41e+02  -6.0 7.77e+05    -  3.09e-03 1.01e-03f  1
  15 -4.9777044e+00 9.06e+00 1.51e+02  -6.0 7.93e+05    -  3.52e-05 5.84e-03h  1
  16 -5.0165480e+00 9.04e+00 1.50e+02  -6.0 5.43e+05    -  5.23e-03 2.62e-03h  1
  17 -5.0261828e+00 9.00e+00 1.63e+02  -6.0 2.48e+05    -  4.83e-03 4.33e-03h  1
  18 -5.0257343e+00 8.99e+00 1.65e+02  -6.0 9.03e+04    -  3.14e-02 1.10e-03h  3
  19 -5.0254076e+00 8.98e+00 1.78e+02  -6.0 8.09e+04    -  7.02e-03 1.40e-03h  5
iter    objective    inf_pr   inf_du lg(mu)  ||d||  lg(rg) alpha_du alpha_pr  ls
  20 -5.0275641e+00 8.76e+00 8.04e+03  -6.0 7.13e+04    -  5.16e-03 2.44e-02h  1
  21 -5.0263390e+00 8.75e+00 8.03e+03  -6.0 1.78e+04    -  7.50e-03 1.32e-03h  5
  22 -5.0258766e+00 8.74e+00 8.03e+03  -6.0 1.66e+04    -  1.21e-02 4.95e-04h  7
  23 -5.0255577e+00 8.74e+00 8.03e+03  -6.0 1.62e+04    -  5.25e-03 3.41e-04h  8
  24 -5.0255465e+00 8.74e+00 8.03e+03  -6.0 1.59e+04    -  4.17e-02 1.19e-05h 13
  25 -5.0193781e+00 8.68e+00 7.96e+03  -6.0 1.59e+04    -  6.58e-03 6.58e-03s 19
  26 -4.9979276e+00 8.49e+00 7.68e+03  -6.0 1.14e+04    -  2.23e-02 2.23e-02s 19
  27 -4.9978136e+00 8.49e+00 7.68e+03  -6.0 3.96e+02  -4.0 1.09e-04 1.09e-04s 19
  28 -4.9966474e+00 8.48e+00 7.67e+03  -6.0 4.62e+02  -4.5 1.11e-03 1.11e-03s 19
  29 -4.9951635e+00 8.47e+00 7.66e+03  -6.0 4.55e+02  -5.0 1.41e-03 1.41e-03s 19
iter    objective    inf_pr   inf_du lg(mu)  ||d||  lg(rg) alpha_du alpha_pr  ls
  30 -4.9852050e+00 8.39e+00 7.58e+03  -6.0 4.59e+02  -5.4 9.49e-03 9.49e-03s 19
  31 -4.9688800e+00 8.25e+00 7.44e+03  -6.0 4.65e+02  -5.9 1.61e-02 1.61e-02s 19
  32 -4.8989475e+00 7.65e+00 6.36e+03  -6.0 4.78e+02  -6.4 7.37e-02 7.37e-02s 19
  33 -4.8707058e+00 7.34e+00 5.95e+03  -6.0 4.72e+02  -6.9 4.05e-02 4.05e-02s 19
  34 -4.8115217e+00 6.59e+00 4.49e+03  -6.0 5.44e+02  -7.3 1.03e-01 1.03e-01s 19
  35 -4.7341537e+00 5.13e+00 1.72e+03  -6.0 5.88e+02  -7.8 2.22e-01 2.22e-01s 19
  36r-4.7341537e+00 5.13e+00 9.99e+02   0.7 0.00e+00  -8.3 0.00e+00 0.00e+00R  1
  37r-4.7348063e+00 5.13e+00 9.99e+02   0.7 8.24e+04    -  2.56e-06 1.38e-07f  1
  38r-4.7342482e+00 5.12e+00 9.99e+02   0.7 4.81e+04    -  1.22e-06 1.82e-06f  1
  39r-4.7401916e+00 5.09e+00 9.99e+02   0.7 3.79e+04    -  2.46e-06 5.16e-06f  1
iter    objective    inf_pr   inf_du lg(mu)  ||d||  lg(rg) alpha_du alpha_pr  ls
  40r-4.7373590e+00 5.04e+00 1.50e+03   0.7 2.67e+04    -  2.95e-05 9.83e-06f  1
  41r-4.7366314e+00 4.91e+00 1.90e+03   0.7 1.29e+04    -  5.35e-05 2.80e-05f  1
  42r-4.3822709e+00 3.61e+00 1.42e+03   0.7 8.68e+03    -  8.28e-05 2.88e-04f  1
  43r-4.3101298e+00 3.61e+00 4.97e+03   0.7 4.06e+01   2.0 1.27e-03 4.21e-04f  1
  44r-2.4081383e+00 2.40e+00 4.83e+03   0.7 5.27e+03    -  5.07e-04 5.52e-04f  1
  45 -2.4517159e+00 2.40e+00 3.21e+02  -6.0 4.34e+05    -  1.39e-05 5.22e-04h  2
  46 -2.4581242e+00 2.40e+00 3.21e+02  -6.0 7.07e+05    -  1.47e-03 7.90e-05h  1
  47 -2.6343834e+00 5.77e+00 3.20e+02  -6.0 4.51e+05    -  1.74e-04 2.62e-03f  1
  48 -2.6538127e+00 5.77e+00 3.20e+02  -6.0 2.88e+05    -  3.61e-03 1.56e-04h  1
  49 -2.9589759e+00 7.81e+00 3.19e+02  -6.0 3.22e+05    -  4.92e-03 3.31e-03f  1
iter    objective    inf_pr   inf_du lg(mu)  ||d||  lg(rg) alpha_du alpha_pr  ls
  50 -3.0275312e+00 7.81e+00 3.18e+02  -6.0 1.18e+07    -  1.01e-04 2.16e-05f  1
  51 -3.3447081e+00 7.87e+00 3.18e+02  -6.0 3.41e+06    -  2.37e-04 2.89e-04f  1
  52 -3.4574361e+00 7.86e+00 3.18e+02  -6.0 9.70e+04  -8.8 6.93e-04 1.03e-03h  1
  53 -4.2625176e+00 7.93e+00 3.19e+02  -6.0 2.84e+05  -9.2 5.46e-04 4.63e-03f  1
  54 -4.2706788e+00 7.93e+00 3.16e+02  -6.0 7.15e+05  -9.7 5.15e-03 3.34e-05h  1
  55 -4.5447538e+00 8.09e+00 3.16e+02  -6.0 1.70e+06 -10.2 1.19e-03 5.23e-04f  1
  56 -4.9281526e+00 8.30e+00 3.16e+02  -6.0 6.21e+06    -  2.34e-04 2.26e-04f  1
  57 -4.9282552e+00 8.30e+00 3.14e+02  -6.0 3.25e+06 -10.7 1.07e-03 1.04e-07h  1
  58 -5.2549957e+00 8.30e+00 3.14e+02  -6.0 6.41e+06    -  1.84e-04 1.85e-04f  1
  59 -5.2696985e+00 8.37e+00 3.14e+02  -6.0 1.50e+06    -  1.35e-04 2.10e-04h  1
iter    objective    inf_pr   inf_du lg(mu)  ||d||  lg(rg) alpha_du alpha_pr  ls
  60 -5.2783179e+00 8.43e+00 3.13e+02  -6.0 2.49e+05    -  1.00e-03 2.53e-04h  1
  61 -5.3323177e+00 1.08e+01 3.13e+02  -6.0 2.46e+05    -  1.75e-03 1.55e-03f  1
  62 -5.3547720e+00 1.08e+01 3.13e+02  -6.0 2.75e+05    -  2.96e-04 2.85e-04h  1
  63 -5.4546398e+00 1.13e+01 3.13e+02  -6.0 2.26e+05    -  3.36e-04 1.03e-03h  1
  64 -5.4646307e+00 1.13e+01 3.11e+02  -6.0 5.49e+05  -9.4 4.16e-04 1.88e-05h  1
  65 -5.5229692e+00 1.13e+01 3.12e+02  -6.0 8.54e+04  -9.8 2.03e-04 1.74e-03h  1
  66 -5.5435271e+00 1.13e+01 3.11e+02  -6.0 9.50e+03  -6.7 7.34e-04 3.15e-04h  1
  67 -5.5547157e+00 1.13e+01 3.11e+02  -6.0 3.41e+03  -7.2 1.93e-03 2.93e-03h  1
  68 -5.5674658e+00 1.13e+01 3.11e+02  -6.0 9.66e+03  -7.6 4.86e-05 4.68e-04h  1
  69 -5.6619869e+00 1.13e+01 3.12e+02  -6.0 1.58e+05  -8.1 8.74e-06 9.96e-05f  1
iter    objective    inf_pr   inf_du lg(mu)  ||d||  lg(rg) alpha_du alpha_pr  ls
  70 -5.7545308e+00 1.12e+01 3.12e+02  -6.0 1.56e+04  -8.6 2.06e-03 3.34e-03h  1
  71 -5.7979804e+00 1.12e+01 3.12e+02  -6.0 3.04e+03  -5.5 5.21e-05 2.01e-03h  1
  72 -6.0555328e+00 1.12e+01 4.36e+02  -6.0 1.45e+04  -5.9 1.44e-05 1.24e-03f  1
  73 -6.1929148e+00 1.09e+01 5.83e+02  -6.0 1.71e+03  -6.4 3.63e-03 2.12e-02h  1
  74 -6.2335464e+00 1.09e+01 6.55e+02  -6.0 2.41e+02  -4.2 5.24e-04 7.34e-03h  1
  75 -6.3980321e+00 1.08e+01 8.03e+02  -6.0 1.53e+03  -4.7 1.03e-03 3.03e-03h  1
  76 -6.4384746e+00 1.07e+01 8.80e+02  -6.0 4.26e+02  -5.1 2.39e-03 9.76e-03h  1
  77 -6.5103743e+00 1.07e+01 8.73e+02  -6.0 6.94e+02  -4.7 3.87e-03 3.75e-03h  1
  78 -6.6620924e+00 1.05e+01 1.06e+03  -6.0 3.06e+02  -4.3 5.78e-03 1.57e-02h  1
  79 -6.7479733e+00 1.02e+01 1.37e+03  -6.0 2.37e+02  -3.9 1.20e-03 2.87e-02h  1
iter    objective    inf_pr   inf_du lg(mu)  ||d||  lg(rg) alpha_du alpha_pr  ls
  80 -7.1047722e+00 1.00e+01 1.36e+03  -6.0 3.48e+02  -4.3 1.87e-02 1.88e-02h  1
  81 -7.2309672e+00 9.78e+00 1.62e+03  -6.0 2.27e+02  -3.9 1.15e-02 2.40e-02h  1
  82 -7.2211136e+00 9.69e+00 1.06e+03  -6.0 1.80e+02  -3.5 8.50e-02 9.51e-03h  1
  83 -8.2020312e+00 1.02e+01 2.24e+03  -6.0 2.80e+02  -4.0 3.31e-02 6.41e-02h  1
  84 -8.2021579e+00 1.02e+01 1.60e+03  -6.0 2.35e+02  -3.5 1.71e-02 1.52e-05h  1
  85 -8.1688492e+00 1.02e+01 1.63e+03  -6.0 1.41e+02  -3.1 1.43e-03 4.20e-03h  1
  86 -8.4673850e+00 1.30e+01 5.47e+03  -6.0 1.90e+02  -3.6 7.15e-03 1.26e-01h  1
  87 -8.4461394e+00 1.28e+01 5.42e+03  -6.0 1.41e+02  -3.2 9.77e-03 9.83e-03h  1
  88 -7.9663962e+00 1.22e+01 5.84e+03  -6.0 1.03e+02  -2.7 8.81e-03 5.18e-02h  1
  89 -7.9667437e+00 1.22e+01 1.86e+03  -6.0 1.38e+02  -3.2 7.99e-02 6.52e-05h  1
iter    objective    inf_pr   inf_du lg(mu)  ||d||  lg(rg) alpha_du alpha_pr  ls
  90 -7.6112942e+00 1.17e+01 2.96e+03  -6.0 1.05e+02  -2.8 9.34e-04 4.33e-02h  1
  91 -7.6520987e+00 1.14e+01 2.43e+03  -6.0 1.35e+02  -3.3 3.72e-02 2.65e-02h  1
  92 -6.3662125e+00 9.78e+00 1.04e+04  -6.0 1.09e+02  -2.8 3.15e-02 1.46e-01h  1
  93 -6.3732945e+00 9.77e+00 7.75e+03  -6.0 1.60e+02  -3.3 3.60e-02 3.75e-04h  1
  94 -6.3029557e+00 1.02e+01 6.09e+03  -6.0 3.77e+02  -2.9 2.26e-02 9.03e-03h  3
  95 -7.2819947e+00 1.23e+01 5.18e+03  -6.0 1.50e+02  -3.4 9.56e-02 9.02e-02h  1
  96 -6.8263039e+00 1.12e+01 5.62e+03  -6.0 9.70e+01  -2.9 8.48e-02 9.48e-02h  1
  97 -6.6470670e+00 1.09e+01 9.33e+03  -6.0 8.16e+01  -2.5 2.37e-03 2.43e-02h  1
  98 -6.3304213e+00 9.98e+00 1.45e+04  -6.0 9.41e+01  -3.0 3.42e-02 9.10e-02h  1
  99 -5.3442945e+00 8.03e+00 4.46e+04  -6.0 7.54e+01  -2.6 2.71e-02 2.00e-01h  1
iter    objective    inf_pr   inf_du lg(mu)  ||d||  lg(rg) alpha_du alpha_pr  ls
 100 -5.3038984e+00 7.71e+00 3.35e+04  -6.0 7.15e+01  -3.0 9.56e-02 4.01e-02h  1
 101 -4.4209422e+00 4.92e+00 1.22e+05  -6.0 6.55e+01  -2.6 1.09e-02 3.84e-01h  1
 102 -4.4209434e+00 4.92e+00 1.17e+05  -6.0 2.06e+01  -3.1 2.57e-02 2.53e-06h  2
 103 -4.4189656e+00 4.91e+00 1.10e+05  -6.0 1.85e+01  -2.7 3.37e-02 2.33e-03h  1
 104 -4.6280953e+00 4.11e+00 1.42e+05  -6.0 5.53e+01  -3.1 7.76e-04 3.56e-01h  1
 105 -4.6280973e+00 4.11e+00 1.43e+05  -6.0 2.74e+01  -2.7 1.02e-01 1.18e-05h  1
 106 -4.7428922e+00 3.75e+00 1.38e+05  -6.0 7.42e+01  -3.2 3.76e-02 8.94e-02f  1
 107 -4.7628458e+00 3.14e+00 1.01e+05  -6.0 3.60e+01  -2.8 1.13e-01 2.63e-01h  1
 108 -4.8159276e+00 2.87e+00 8.82e+04  -6.0 4.70e+01  -3.3 7.30e-02 1.21e-01h  1
 109 -4.8160142e+00 2.87e+00 8.74e+04  -6.0 8.47e+01  -3.7 1.85e-02 7.93e-05h  1
iter    objective    inf_pr   inf_du lg(mu)  ||d||  lg(rg) alpha_du alpha_pr  ls
 110 -4.8142626e+00 2.66e+00 7.35e+04  -6.0 4.92e+01  -3.3 4.11e-02 1.07e-01h  1
 111 -4.8745025e+00 2.53e+00 6.66e+04  -6.0 7.63e+01  -3.8 1.79e-01 6.21e-02h  1
 112 -4.8694171e+00 2.39e+00 8.56e+04  -6.0 5.35e+01  -3.4 2.99e-01 9.08e-02h  1
 113 -4.7680809e+00 2.38e+00 5.29e+04  -6.0 5.62e+01  -2.9 2.42e-02 2.60e-01h  1
 114 -4.7768328e+00 2.34e+00 4.44e+04  -6.0 6.60e+01  -3.4 8.62e-02 6.97e-02h  1
 115 -4.6585255e+00 1.99e+00 3.75e+04  -6.0 2.58e+01  -3.0 1.08e-01 1.47e-01h  1
 116 -4.5534309e+00 1.11e+00 2.34e+04  -6.0 3.71e+01  -3.5 3.60e-02 4.29e-01h  1
 117 -4.5369648e+00 1.16e+00 2.33e+04  -6.0 1.96e+03  -3.9 2.73e-03 4.26e-03h  2
 118 -4.5186362e+00 9.19e-01 1.83e+04  -6.0 3.81e+01  -3.5 9.75e-02 2.19e-01h  1
 119 -4.5184044e+00 9.18e-01 1.83e+04  -6.0 2.41e+01  -3.1 4.09e-03 8.47e-04h  1
iter    objective    inf_pr   inf_du lg(mu)  ||d||  lg(rg) alpha_du alpha_pr  ls
 120 -4.5180431e+00 8.95e-01 1.79e+04  -6.0 2.80e+01  -3.6 8.94e-03 2.54e-02h  1
 121 -4.5165871e+00 8.90e-01 1.77e+04  -6.0 2.11e+01  -3.1 2.39e-02 5.67e-03h  1
 122 -4.4630348e+00 7.76e-01 1.55e+04  -6.0 1.85e+01  -2.7 4.17e-02 1.28e-01h  1
 123 -4.4573823e+00 7.44e-01 1.49e+04  -6.0 2.07e+01  -3.2 1.26e-02 4.15e-02h  1
 124r-4.4573823e+00 7.44e-01 1.00e+03  -0.6 0.00e+00  -3.7 0.00e+00 2.38e-07R  2
 125r-4.4586588e+00 7.41e-01 9.99e+02  -0.6 9.48e+03    -  6.48e-07 6.27e-06f  1
 126 -4.4578402e+00 7.37e-01 1.02e+03  -6.0 2.22e+01    -  4.47e-06 4.55e-03h  1
 127 -4.4556994e+00 7.28e-01 1.00e+03  -6.0 2.21e+01    -  6.37e-04 1.18e-02h  1
 128 -4.4467590e+00 6.92e-01 9.53e+02  -6.0 2.19e+01    -  1.29e-03 4.98e-02h  1
 129 -4.4446917e+00 6.84e-01 2.82e+03  -6.0 2.13e+01    -  2.48e-01 1.23e-02h  1
iter    objective    inf_pr   inf_du lg(mu)  ||d||  lg(rg) alpha_du alpha_pr  ls
 130 -4.4317126e+00 6.22e-01 2.58e+03  -6.0 2.12e+01    -  2.69e-02 9.01e-02h  1
 131 -4.3639705e+00 2.75e-01 1.24e+03  -6.0 2.00e+01    -  1.96e-01 5.52e-01h  1
 132 -4.3655289e+00 1.94e-01 7.40e+02  -6.0 1.22e+01    -  7.28e-01 2.96e-01h  1
 133 -4.5266509e+00 1.17e-01 3.92e+02  -6.0 2.08e+01    -  5.17e-01 6.30e-01h  1
 134 -4.6425307e+00 8.25e-02 5.46e+02  -6.0 4.32e+01    -  1.49e-01 3.72e-01h  1
 135 -4.6920752e+00 7.11e-02 4.30e+02  -6.0 5.11e+01    -  6.32e-01 1.61e-01h  1
 136 -4.8422850e+00 8.86e-02 3.62e+02  -6.0 1.40e+02    -  1.35e-01 2.41e-01h  1
 137 -4.8633424e+00 6.04e-02 4.88e+02  -6.0 3.12e+01    -  6.38e-01 3.57e-01h  1
 138 -4.8713940e+00 5.76e-02 5.22e+02  -6.0 3.67e+01    -  2.08e-01 1.31e-01h  1
 139 -4.8798236e+00 6.51e-02 3.04e+02  -6.0 4.35e+01    -  2.42e-01 1.87e-01h  1
iter    objective    inf_pr   inf_du lg(mu)  ||d||  lg(rg) alpha_du alpha_pr  ls
 140 -4.8946820e+00 7.49e-02 7.27e+03  -6.0 4.54e+01    -  2.36e-01 5.23e-01h  1
 141 -4.8942538e+00 6.61e-02 9.06e+03  -6.0 3.01e+00  -4.1 8.41e-01 1.17e-01h  1
 142 -4.8964532e+00 6.74e-02 6.33e+03  -6.0 1.47e+01  -4.6 2.75e-01 1.94e-01h  1
 143 -4.9228974e+00 1.21e-01 1.32e+04  -6.0 3.03e+02    -  1.33e-01 2.82e-01h  1
 144 -4.9252358e+00 1.17e-01 4.24e+04  -6.0 3.60e+02    -  3.49e-01 5.29e-02h  1
 145 -4.9481374e+00 3.55e-01 1.93e+04  -6.0 5.19e+02    -  7.32e-01 5.35e-01f  1
 146 -4.9954718e+00 1.36e+00 3.74e+04  -6.0 1.90e+03    -  6.46e-01 4.52e-01h  1
 147 -5.1038623e+00 6.11e+00 9.27e+04  -6.0 4.43e+03    -  5.31e-01 5.88e-01h  1
 148 -5.1108425e+00 5.78e+00 2.25e+05  -6.0 4.38e+03    -  2.28e-01 6.28e-02h  1
 149r-5.1108425e+00 5.78e+00 1.00e+03   0.6 0.00e+00    -  0.00e+00 1.77e-07R  2
iter    objective    inf_pr   inf_du lg(mu)  ||d||  lg(rg) alpha_du alpha_pr  ls
 150r-5.1110849e+00 5.78e+00 1.50e+03   0.6 2.21e+04    -  1.22e-06 1.85e-07f  1
 151 -5.1084996e+00 4.91e+00 1.10e+05  -6.0 5.16e+00    -  1.37e-06 1.50e-01h  1
 152 -5.1076797e+00 4.64e+00 1.04e+05  -6.0 4.39e+00    -  1.94e-01 5.51e-02h  1
 153 -5.0996340e+00 1.98e+00 4.42e+04  -6.0 4.15e+00    -  3.48e-01 5.74e-01h  1
 154 -5.0949654e+00 3.90e-01 8.72e+03  -6.0 1.80e+00    -  8.96e-01 8.02e-01h  1
 155 -5.0952174e+00 3.59e-03 1.82e+01  -6.0 1.99e+00    -  8.33e-01 1.00e+00h  1
 156 -5.0988003e+00 2.90e-02 6.99e+00  -6.0 1.07e+01    -  5.24e-01 7.18e-01h  1
 157 -5.0988672e+00 1.90e-02 8.30e+01  -6.0 2.24e+01    -  6.44e-01 3.81e-01f  1
 158 -5.1041266e+00 3.24e-02 2.41e+01  -6.0 6.30e+01    -  5.10e-01 8.39e-01f  1
 159 -5.1124350e+00 1.29e-01 8.14e+01  -6.0 1.27e+02    -  7.25e-01 1.00e+00h  1
iter    objective    inf_pr   inf_du lg(mu)  ||d||  lg(rg) alpha_du alpha_pr  ls
 160 -5.1134576e+00 1.43e-01 6.93e+02  -6.0 4.40e+02    -  7.57e-01 3.66e-02h  1
 161 -5.1425848e+00 7.88e-01 5.24e+02  -6.0 1.45e+03    -  7.11e-01 6.87e-01h  1
 162 -5.1511038e+00 7.67e-01 2.12e+03  -6.0 2.42e+03    -  1.82e-01 1.62e-01h  1
 163 -5.1785600e+00 1.76e+00 2.46e+04  -6.0 2.28e+03    -  4.27e-01 6.10e-01h  1
 164 -5.1794068e+00 1.70e+00 5.33e+04  -6.0 1.46e+03    -  1.66e-01 3.17e-02h  1
 165 -5.1795568e+00 1.70e+00 3.92e+04  -6.0 5.08e+03    -  1.43e-03 2.70e-03h  1
 166 -5.1883546e+00 1.74e+00 3.60e+04  -6.0 1.67e+03    -  2.35e-01 3.88e-01h  1
 167 -5.1936248e+00 1.36e+00 1.49e+05  -6.0 1.64e+03    -  8.93e-02 2.18e-01h  1
 168r-5.1936248e+00 1.36e+00 1.00e+03   0.0 0.00e+00    -  0.00e+00 1.80e-07R  2
 169r-5.2183368e+00 1.36e+00 1.71e+03   0.0 1.50e+04    -  6.23e-06 1.60e-06f  1
iter    objective    inf_pr   inf_du lg(mu)  ||d||  lg(rg) alpha_du alpha_pr  ls
 170 -5.2143473e+00 1.16e+00 1.17e+05  -6.0 1.06e+01    -  1.23e-06 1.43e-01h  1
 171 -5.2083680e+00 8.69e-01 8.73e+04  -6.0 9.13e+00    -  1.64e-01 2.52e-01h  1
 172 -5.2022613e+00 5.69e-01 5.71e+04  -6.0 6.95e+00    -  5.73e-01 3.46e-01h  1
 173 -5.1923611e+00 7.36e-02 7.37e+03  -6.0 4.81e+00    -  7.57e-01 8.71e-01h  1
 174 -5.1915537e+00 8.83e-04 7.52e+00  -6.0 1.19e+00    -  8.97e-01 1.00e+00h  1
 175 -5.1943688e+00 2.44e-02 4.66e+00  -6.0 1.26e+01    -  3.85e-01 3.95e-01h  1
 176 -5.1956684e+00 1.01e-02 2.19e+04  -6.0 1.60e+01    -  5.96e-01 1.00e+00f  1
 177 -5.1963367e+00 2.00e-03 7.71e+02  -6.0 1.33e+00  -4.2 9.72e-01 1.00e+00h  1
 178 -5.1982753e+00 5.42e-02 3.34e+02  -6.0 3.48e+00  -4.7 8.74e-01 1.00e+00h  1
 179 -5.2013789e+00 3.33e-02 1.20e+02  -6.0 8.34e+00  -5.1 9.61e-01 8.04e-01h  1
iter    objective    inf_pr   inf_du lg(mu)  ||d||  lg(rg) alpha_du alpha_pr  ls
 180 -5.2014730e+00 3.01e-02 2.34e+03  -6.0 1.29e+01  -5.6 1.46e-01 9.49e-02h  1
 181 -5.2036424e+00 1.62e-02 1.25e+03  -6.0 2.96e+01  -6.1 4.80e-01 4.61e-01f  1
 182 -5.2075455e+00 6.28e-02 3.62e+02  -6.0 5.43e+01  -6.6 9.79e-01 7.25e-01h  1
 183 -5.2134744e+00 8.35e-01 2.49e+01  -6.0 1.70e+02  -7.1 3.18e-01 1.00e+00h  1
 184 -5.2187794e+00 1.22e+00 2.10e+01  -6.0 1.03e+03  -7.5 1.74e-01 1.28e-01h  1
 185 -5.2284562e+00 2.76e+00 3.17e+04  -6.0 8.28e+03    -  5.36e-02 2.14e-01h  2
 186 -5.2296504e+00 1.84e+00 1.70e+04  -6.0 1.87e+01  -5.3 2.39e-01 3.33e-01h  1
 187 -5.2320760e+00 4.56e-03 4.56e+02  -6.0 1.65e+01  -5.8 4.79e-01 1.00e+00h  1
 188 -5.2338187e+00 2.19e+00 5.86e+01  -6.0 3.20e+01  -6.3 8.15e-01 7.89e-01h  1
 189 -5.2405567e+00 6.50e-01 2.64e+01  -6.0 1.05e+02  -6.7 8.11e-01 1.00e+00h  1
iter    objective    inf_pr   inf_du lg(mu)  ||d||  lg(rg) alpha_du alpha_pr  ls
 190 -5.2527068e+00 3.21e+00 5.26e+01  -6.0 3.34e+02  -7.2 1.11e-01 4.77e-01h  1
 191 -5.2537132e+00 3.22e+00 5.03e+01  -6.0 1.82e+02  -6.8 4.74e-01 3.73e-02h  1
 192 -5.2602644e+00 1.25e+01 1.53e+02  -6.0 4.69e+01  -6.4 8.84e-02 6.39e-01h  1
 193 -5.2704427e+00 1.26e+01 1.93e+02  -6.0 1.74e+02  -6.8 7.46e-01 5.54e-01h  1
 194 -5.2782174e+00 3.00e+00 9.53e+01  -6.0 6.78e+01  -6.4 1.00e+00 8.29e-01h  1
 195 -5.2934019e+00 2.01e+00 2.83e+02  -6.0 2.91e+02  -6.9 2.37e-01 4.18e-01h  1
 196 -5.2938213e+00 1.86e+00 2.62e+02  -6.0 1.37e+01  -5.6 4.35e-01 7.87e-02h  1
 197 -5.3009314e+00 1.41e+00 1.79e+02  -6.0 3.86e+01  -6.0 1.13e-01 9.01e-01h  1
 198 -5.3053675e+00 1.82e+00 2.22e+02  -6.0 1.58e+02  -6.5 8.27e-02 1.57e-01h  1
 199 -5.3072040e+00 1.79e+00 2.19e+02  -6.0 4.57e+02  -7.0 6.43e-01 2.67e-02h  1
iter    objective    inf_pr   inf_du lg(mu)  ||d||  lg(rg) alpha_du alpha_pr  ls
 200 -5.3607053e+00 1.04e+01 1.82e+03  -6.0 1.65e+03  -7.5 6.37e-02 2.40e-01h  1
 201 -5.3970899e+00 6.50e+00 1.51e+03  -6.0 2.26e+03  -7.9 1.56e-04 1.22e-01h  1
 202 -5.4131731e+00 6.23e+00 1.49e+03  -6.0 1.07e+05    -  8.94e-03 3.74e-03h  1
 203 -5.4230776e+00 6.12e+00 1.47e+03  -6.0 2.65e+04    -  4.55e-02 1.38e-02h  2
 204 -5.4330334e+00 9.65e+00 1.45e+03  -6.0 4.08e+04    -  9.28e-03 1.28e-02h  1
 205 -5.4348524e+00 1.04e+01 1.45e+03  -6.0 9.93e+04    -  1.40e-02 1.87e-03h  4
 206 -5.4366313e+00 1.12e+01 1.44e+03  -6.0 1.08e+05    -  1.71e-02 1.80e-03h  4
 207 -5.4390575e+00 1.21e+01 1.44e+03  -6.0 6.89e+04    -  2.96e-02 2.97e-03h  4
 208 -5.4400576e+00 1.22e+01 1.44e+03  -6.0 3.57e+04    -  2.81e-02 1.44e-03h  6
 209 -5.4813172e+00 1.12e+01 1.20e+03  -6.0 3.17e+03  -8.4 1.64e-02 1.37e-01h  2
iter    objective    inf_pr   inf_du lg(mu)  ||d||  lg(rg) alpha_du alpha_pr  ls
 210 -5.4871212e+00 1.11e+01 1.18e+03  -6.0 3.08e+03  -8.0 2.98e-01 1.62e-02h  1
 211 -5.5127073e+00 1.53e+01 1.12e+03  -6.0 1.30e+04    -  1.14e-02 4.29e-02h  1
 212 -5.5127131e+00 1.53e+01 1.12e+03  -6.0 1.80e+03  -5.8 6.16e-04 4.85e-04h  1
 213 -5.5103099e+00 1.47e+01 1.08e+03  -6.0 6.36e+03  -6.2 3.07e-04 3.46e-02h  4
 214 -5.5101141e+00 1.43e+01 1.05e+03  -6.0 4.02e+01  -5.8 1.38e-01 3.21e-02h  1
 215 -5.5071683e+00 1.14e-01 2.34e+02  -6.0 6.33e+01  -6.3 6.61e-01 1.00e+00h  1
 216 -5.5072585e+00 5.27e-04 4.69e-02  -6.0 3.04e+00  -5.0 1.00e+00 1.00e+00h  1
 217 -5.5082578e+00 4.62e-04 1.61e-01  -6.0 9.20e+00  -5.4 1.00e+00 1.00e+00h  1
 218 -5.5086324e+00 7.82e-05 3.56e-02  -6.0 3.47e+00  -5.0 1.00e+00 1.00e+00h  1
 219 -5.5097804e+00 1.08e-02 1.16e+00  -6.0 1.09e+01  -5.5 1.00e+00 1.00e+00h  1
iter    objective    inf_pr   inf_du lg(mu)  ||d||  lg(rg) alpha_du alpha_pr  ls
 220 -5.5102661e+00 3.05e-03 3.02e-01  -6.0 4.16e+00  -5.1 1.00e+00 1.00e+00h  1
 221 -5.5104256e+00 4.89e-03 2.20e+01  -6.0 1.73e+01  -5.5 6.91e-01 8.76e-02h  1
 222 -5.5140481e+00 9.78e-03 2.34e+00  -6.0 3.35e+01  -6.0 1.00e+00 1.00e+00f  1
 223 -5.5242873e+00 7.66e-02 1.28e+01  -6.0 9.86e+01  -6.5 1.00e+00 1.00e+00h  1
 224 -5.5511357e+00 4.80e-01 6.94e+01  -6.0 2.80e+02  -7.0 1.00e+00 1.00e+00h  1
 225 -5.5625693e+00 4.58e-01 6.46e+01  -6.0 7.19e+02  -7.4 6.68e-02 1.91e-01h  1
 226 -5.5627874e+00 4.09e-01 5.77e+01  -6.0 3.85e+01  -6.1 1.00e+00 1.07e-01h  1
 227 -5.5690976e+00 1.27e+00 6.05e+01  -6.0 5.64e+03    -  2.27e-02 1.82e-02h  1
 228 -5.6116034e+00 5.86e+00 2.51e+02  -6.0 4.18e+03    -  7.96e-02 1.35e-01h  1
 229 -5.6121057e+00 5.33e+00 2.29e+02  -6.0 1.81e+02  -6.6 5.68e-02 9.08e-02h  1
iter    objective    inf_pr   inf_du lg(mu)  ||d||  lg(rg) alpha_du alpha_pr  ls
 230 -5.6127690e+00 4.87e-02 6.06e+01  -6.0 6.07e+01  -6.2 9.49e-02 1.00e+00h  1
 231 -5.6141425e+00 2.98e-02 2.24e+01  -6.0 2.46e+01  -5.7 8.04e-01 4.09e-01h  1
 232 -5.6254770e+00 1.97e-01 8.86e+01  -6.0 1.22e+02  -6.2 9.70e-01 1.00e+00f  1
 233 -5.6353880e+00 2.17e-01 9.32e+01  -6.0 5.32e+02  -6.7 3.22e-01 1.47e-01h  1
 234 -5.6491206e+00 3.84e-01 8.74e+01  -6.0 3.56e+03    -  3.14e-02 6.59e-02h  1
 235 -5.6718443e+00 4.36e-01 1.58e+02  -6.0 3.46e+03  -7.2 2.80e-03 5.47e-02h  1
 236 -5.6722857e+00 4.35e-01 1.57e+02  -6.0 3.22e+03    -  3.05e-01 2.73e-03h  1
 237 -5.6743411e+00 4.31e-01 1.56e+02  -6.0 2.24e+03    -  1.84e-01 7.05e-03h  1
 238 -5.7134814e+00 1.62e+00 1.09e+02  -6.0 2.14e+03    -  6.11e-02 3.23e-01h  1
 239 -5.8408160e+00 9.17e+00 2.57e+02  -6.0 2.76e+03    -  3.60e-01 4.59e-01h  1
iter    objective    inf_pr   inf_du lg(mu)  ||d||  lg(rg) alpha_du alpha_pr  ls
 240 -5.8488598e+00 8.68e+00 2.33e+02  -6.0 2.53e+03    -  1.18e-04 6.58e-02h  1
 241 -5.9213098e+00 6.25e+00 4.60e+02  -6.0 2.71e+03    -  4.72e-01 5.79e-01h  1
 242 -5.9372753e+00 1.71e+00 2.26e+02  -6.0 1.88e+03    -  7.75e-01 8.75e-01h  1
 243 -5.9127807e+00 1.29e+00 1.80e+00  -6.0 2.92e+01  -4.9 8.55e-01 1.00e+00h  1
 244 -5.9134548e+00 3.20e+00 1.24e+01  -6.0 8.02e+00  -5.4 3.48e-01 7.49e-01h  1
 245 -5.9130721e+00 1.97e+00 3.59e+02  -6.0 4.28e+00  -5.9 1.00e+00 5.00e-01h  2
 246 -5.9140227e+00 3.20e-01 1.62e+02  -6.0 2.23e+00  -4.6 6.03e-01 1.00e+00h  1
 247 -5.9148939e+00 1.16e-01 2.45e-01  -6.0 1.30e+00  -4.1 1.00e+00 1.00e+00h  1
 248 -5.9154810e+00 2.12e-02 1.42e-02  -6.0 5.66e-01  -3.7 1.00e+00 1.00e+00h  1
 249 -5.9180728e+00 6.05e-01 4.56e-01  -6.0 2.97e+00  -4.2 1.00e+00 1.00e+00h  1
iter    objective    inf_pr   inf_du lg(mu)  ||d||  lg(rg) alpha_du alpha_pr  ls
 250 -5.9211058e+00 7.71e-02 2.23e+00  -6.0 1.49e+00  -3.8 1.00e+00 1.00e+00h  1
 251 -5.9270310e+00 5.84e-01 2.52e+01  -6.0 7.17e+00  -4.2 4.32e-01 4.61e-01h  1
 252 -5.9284139e+00 5.46e-01 3.23e+05  -6.0 6.01e+00  -4.7 8.36e-01 1.03e-01h  1
 253 -5.9315678e+00 5.77e-01 2.29e+05  -6.0 8.65e+00  -5.2 1.01e-01 1.87e-01h  1
 254 -5.9369970e+00 5.10e-01 5.47e+07  -6.0 3.34e+00  -4.8 7.46e-03 1.00e+00h  1
 255 -5.9385331e+00 3.86e-01 2.37e+07  -6.0 9.96e+00  -5.2 2.46e-01 5.67e-01h  1
 256 -5.9374421e+00 2.19e-01 6.78e+06  -6.0 2.17e+00  -3.9 3.42e-01 7.13e-01h  1
 257 -5.9380120e+00 4.58e-02 6.39e+03  -6.0 9.04e-01  -4.4 1.00e+00 1.00e+00f  1
 258 -5.9380267e+00 2.17e-02 4.45e+00  -6.0 2.24e+00  -4.9 1.00e+00 1.00e+00h  1
 259 -5.9383509e+00 9.94e-03 2.93e+00  -6.0 8.05e+00  -5.3 1.00e+00 6.57e-01h  1
iter    objective    inf_pr   inf_du lg(mu)  ||d||  lg(rg) alpha_du alpha_pr  ls
 260 -5.9399209e+00 6.86e-03 4.51e+00  -6.0 2.62e+01  -5.8 1.00e+00 1.00e+00h  1
 261 -5.9406547e+00 7.42e-03 1.40e+01  -6.0 1.22e+02  -6.3 3.98e-01 9.22e-02h  1
 262 -5.9432630e+00 2.07e-01 8.87e+00  -6.0 7.22e+02    -  2.27e-01 1.50e-01h  1
 263 -5.9781505e+00 1.12e+00 1.63e+02  -6.0 1.76e+03    -  3.12e-02 3.42e-01h  1
 264 -5.9852392e+00 3.58e+00 1.85e+02  -6.0 6.91e+02    -  8.53e-01 6.78e-01h  1
 265 -6.0142249e+00 4.53e+00 1.56e+02  -6.0 2.46e+03    -  2.39e-01 3.25e-01h  1
 266 -6.0139332e+00 4.16e+00 1.41e+02  -6.0 7.67e+02  -6.8 1.00e+00 9.37e-02h  1
 267 -6.0640461e+00 3.33e+00 1.77e+02  -6.0 2.11e+03    -  8.00e-01 1.00e+00h  1
 268 -6.0557357e+00 2.79e+00 1.02e+02  -6.0 9.12e+02    -  1.00e+00 4.27e-01h  1
 269 -6.0543454e+00 2.92e+00 9.04e+01  -6.0 1.38e+03    -  1.00e+00 1.14e-01h  3
iter    objective    inf_pr   inf_du lg(mu)  ||d||  lg(rg) alpha_du alpha_pr  ls
 270 -6.0534235e+00 2.99e+00 8.35e+01  -6.0 1.65e+03    -  7.03e-01 7.66e-02h  4
 271 -6.0517103e+00 3.12e+00 7.71e+01  -6.0 1.86e+03  -7.3 1.03e-01 7.65e-02h  3
 272 -6.0519627e+00 3.15e+00 7.70e+01  -6.0 4.06e+04    -  2.19e-02 1.44e-03h  2
 273 -6.0507450e+00 2.96e+00 6.97e+01  -6.0 2.01e+03    -  2.73e-02 9.47e-02h  4
 274 -6.0494266e+00 3.39e+00 6.28e+01  -6.0 2.28e+03    -  4.68e-01 9.95e-02h  4
 275 -6.0365488e+00 9.92e+00 3.69e+02  -6.0 5.54e+03    -  4.20e-02 9.39e-01H  1
 276 -6.0371912e+00 4.82e-01 1.58e+01  -6.0 1.14e+02    -  8.29e-01 1.00e+00h  1
 277 -6.0375329e+00 2.62e+00 1.56e+01  -6.0 4.74e+02  -5.0 1.37e-02 1.17e-02h  1
 278 -6.0369428e+00 7.31e-01 7.19e+00  -6.0 2.96e+00  -5.5 1.00e+00 1.00e+00h  1
 279 -6.0377348e+00 3.06e+00 1.63e+03  -6.0 5.02e+02  -5.1 5.56e-03 1.08e-02h  1
iter    objective    inf_pr   inf_du lg(mu)  ||d||  lg(rg) alpha_du alpha_pr  ls
 280 -6.0412582e+00 2.14e+00 8.58e+01  -6.0 5.79e+00  -5.6 1.00e+00 1.00e+00h  1
 281 -6.0428450e+00 1.64e+00 5.80e+04  -6.0 1.05e+01  -6.0 1.00e+00 2.66e-01h  1
 282 -6.0495400e+00 1.10e+00 1.24e+03  -6.0 3.39e+01  -6.5 1.00e+00 1.00e+00h  1
 283 -6.0534049e+00 9.14e-01 1.95e+04  -6.0 1.26e+02  -7.0 3.85e-01 3.36e-01h  1
 284 -6.0547828e+00 8.49e-01 2.95e+05  -6.0 1.88e+01  -4.8 5.16e-01 1.25e-01h  1
 285 -6.0576807e+00 7.77e-01 4.25e+05  -6.0 1.42e+03    -  5.38e-01 8.43e-02h  1
 286 -6.0609225e+00 6.97e-01 3.81e+05  -6.0 1.26e+03    -  1.03e-01 1.05e-01h  1
 287r-6.0609225e+00 6.97e-01 1.00e+03  -0.3 0.00e+00  -5.2 0.00e+00 2.31e-07R  2
 288r-6.0715514e+00 6.95e-01 1.56e+03  -0.3 7.52e+03    -  1.25e-05 3.13e-06f  1
 289 -6.0706386e+00 6.35e-01 6.93e+04  -6.0 1.54e+02    -  4.42e-02 8.72e-02h  1
iter    objective    inf_pr   inf_du lg(mu)  ||d||  lg(rg) alpha_du alpha_pr  ls
 290 -6.0691189e+00 5.36e-01 2.36e+03  -6.0 4.08e-01    -  8.72e-02 1.56e-01h  1
 291 -6.0660461e+00 3.36e-01 1.48e+03  -6.0 3.45e-01    -  3.48e-01 3.72e-01h  1
 292 -6.0608424e+00 5.74e-04 4.76e+02  -6.0 2.16e-01    -  1.57e-01 1.00e+00h  1
 293 -6.0609682e+00 1.71e-04 1.58e+02  -6.0 2.94e-01    -  9.70e-01 7.15e-01h  1
 294 -6.0622592e+00 1.12e-03 3.64e+00  -6.0 4.50e+00    -  9.63e-01 1.00e+00f  1
 295 -6.0634973e+00 2.03e-01 9.00e-01  -6.0 1.10e+02    -  9.65e-01 1.00e+00h  1
 296 -6.0642495e+00 2.71e-01 9.45e+01  -6.0 8.77e+02    -  8.47e-01 8.13e-02h  1
 297 -6.0705565e+00 3.45e-01 3.44e+01  -6.0 8.68e+02    -  5.23e-01 1.00e+00F  1
 298 -6.0709448e+00 4.69e-01 2.52e+02  -6.0 1.56e+03    -  8.17e-01 6.09e-02h  1
 299 -6.0711739e+00 5.90e-01 5.65e+00  -6.0 4.37e+02    -  9.82e-01 1.00e+00H  1
iter    objective    inf_pr   inf_du lg(mu)  ||d||  lg(rg) alpha_du alpha_pr  ls
 300 -6.0711542e+00 2.76e-01 3.59e-01  -6.0 1.29e+02    -  9.16e-01 1.00e+00h  1
 301 -6.0711531e+00 1.49e-04 6.19e-05  -6.0 2.88e+00    -  1.00e+00 1.00e+00h  1
 302 -6.0711531e+00 9.27e-09 3.67e-09  -6.0 2.25e-02    -  1.00e+00 1.00e+00h  1
 303 -6.0712601e+00 2.62e+00 1.27e+01  -7.5 5.13e+02    -  8.23e-01 7.80e-01h  1
 304 -6.0712552e+00 5.86e-01 9.29e+00  -7.5 1.38e+02    -  1.00e+00 8.72e-01h  1
 305 -6.0712521e+00 3.77e-04 2.71e-03  -7.5 4.53e+00    -  1.00e+00 1.00e+00h  1
 306 -6.0712521e+00 2.15e-07 2.08e-08  -7.5 1.13e-01    -  1.00e+00 1.00e+00h  1
 307 -6.0712537e+00 1.75e-03 7.05e-01  -9.0 1.20e+01    -  9.25e-01 8.48e-01h  1
 308 -6.0712539e+00 1.05e-05 2.70e-01  -9.0 7.81e-01    -  9.34e-01 1.00e+00h  1
 309 -6.0712539e+00 1.56e-09 4.33e-09  -9.0 9.63e-03    -  1.00e+00 1.00e+00h  1

Number of Iterations....: 309

                                   (scaled)                 (unscaled)
Objective...............:  -4.7431671307430374e+00   -6.0712539273510879e+00
Dual infeasibility......:   4.3261847609162102e-09    5.5375164939727495e-09
Constraint violation....:   9.9731057773720240e-10    1.5570549294352531e-09
Complementarity.........:   1.3499608700059428e-09    1.7279499136076068e-09
Overall NLP error.......:   4.3261847609162102e-09    5.5375164939727495e-09


Number of objective function evaluations             = 495
Number of objective gradient evaluations             = 301
Number of equality constraint evaluations            = 495
Number of inequality constraint evaluations          = 495
Number of equality constraint Jacobian evaluations   = 315
Number of inequality constraint Jacobian evaluations = 315
Number of Lagrangian Hessian evaluations             = 309
Total CPU secs in IPOPT (w/o function evaluations)   =    784.245
Total CPU secs in NLP function evaluations           =     12.080

EXIT: Optimal Solution Found.
