
List of user-set options:

                                    Name   Value                used
                           compl_inf_tol = 1                     yes
                         constr_viol_tol = 1                     yes
                            dual_inf_tol = 1000                  yes
                           linear_solver = ma97                  yes
                              ma86_small = 1e-30                  no
                                  ma86_u = 0.0001                 no
                              ma97_order = best                  yes
                              ma97_small = 1e-30                 yes
                            ma97_switch1 = at_start              yes
                            ma97_switch2 = od_hd_reuse           yes
                                  ma97_u = 1e-06                 yes
                               ma97_umax = 0.5                   yes
                                max_iter = 1000                  yes
                    max_refinement_steps = 20                    yes
                    min_refinement_steps = 5                     yes
                                 mu_init = 1e-06                 yes
           mu_superlinear_decrease_power = 1.25                  yes
                   nlp_scaling_min_value = 1e-08                 yes
                        option_file_name = Preset_Case_772_pf.opt  yes
                             output_file = ./tmp/Preset_Case_772_pf.output  yes
                      print_user_options = yes                   yes
        required_infeasibility_reduction = 1                      no
                                     tol = 1e-08                 yes
                   warm_start_bound_frac = 1e-20                 yes
                   warm_start_bound_push = 1e-20                 yes
                   warm_start_init_point = yes                   yes
              warm_start_mult_bound_push = 1e-20                 yes
                warm_start_mult_init_max = 1e+40                 yes
             warm_start_slack_bound_frac = 1e-20                 yes
             warm_start_slack_bound_push = 1e-20                 yes

******************************************************************************
This program contains Ipopt, a library for large-scale nonlinear optimization.
 Ipopt is released as open source code under the Eclipse Public License (EPL).
         For more information visit http://projects.coin-or.org/Ipopt
******************************************************************************

This is Ipopt version 3.12.10, running with linear solver ma97.

Number of nonzeros in equality constraint Jacobian...:   117285
Number of nonzeros in inequality constraint Jacobian.:      213
Number of nonzeros in Lagrangian Hessian.............:    47506

Total number of variables............................:    30050
                     variables with only lower bounds:    11392
                variables with lower and upper bounds:    15128
                     variables with only upper bounds:        0
Total number of equality constraints.................:    29944
Total number of inequality constraints...............:       25
        inequality constraints with only lower bounds:        4
   inequality constraints with lower and upper bounds:        0
        inequality constraints with only upper bounds:       21

iter    objective    inf_pr   inf_du lg(mu)  ||d||  lg(rg) alpha_du alpha_pr  ls
   0 -1.1296442e+01 3.60e-01 1.01e+02  -6.0 0.00e+00    -  0.00e+00 0.00e+00   0
In iteration 0, 2 Slacks too small, adjusting variable bounds
   1 -1.1296442e+01 3.60e-01 1.01e+02  -6.0 1.34e+10    -  7.81e-15 4.94e-19h  1
   2 -1.1298628e+01 3.40e-01 3.11e+03  -6.0 2.34e+02    -  2.33e-08 5.39e-02f  1
   3 -1.1298785e+01 3.40e-01 6.72e+03  -6.0 4.76e+00    -  9.25e-02 1.35e-03h  1
   4 -1.1295941e+01 3.40e-01 4.74e+03  -6.0 1.04e+02    -  1.95e-02 1.69e-03h  1
   5 -1.1295647e+01 3.40e-01 9.53e+03  -6.0 1.08e+02    -  4.70e-03 5.08e-04h  4
   6 -1.1295583e+01 3.40e-01 1.31e+04  -6.0 1.07e+02    -  3.20e-03 1.13e-04h  7
   7 -1.1295577e+01 3.40e-01 2.12e+04  -6.0 1.07e+02    -  7.03e-03 1.15e-05h 11
   8 -1.1294874e+01 3.39e-01 2.12e+04  -6.0 1.08e+02    -  1.29e-03 1.29e-03s 17
   9 -1.1284076e+01 3.32e-01 2.08e+04  -6.0 1.08e+02    -  2.00e-02 2.00e-02s 17
iter    objective    inf_pr   inf_du lg(mu)  ||d||  lg(rg) alpha_du alpha_pr  ls
  10 -1.1271707e+01 3.24e-01 2.03e+04  -6.0 1.08e+02    -  2.56e-02 2.56e-02s 17
  11 -1.1229532e+01 2.91e-01 1.85e+04  -6.0 1.09e+02    -  1.02e-01 1.02e-01s 17
  12 -1.1207308e+01 2.51e-01 1.65e+04  -6.0 1.11e+02    -  1.37e-01 1.37e-01s 17
  13r-1.1207308e+01 2.51e-01 1.00e+03  -0.6 0.00e+00    -  0.00e+00 0.00e+00R  1
  14r-1.1204054e+01 2.51e-01 2.40e+03  -0.6 1.63e+03    -  7.50e-06 3.21e-06f  1
  15r-1.1181970e+01 2.45e-01 1.34e+03  -0.6 1.24e+03    -  1.07e-05 3.96e-05f  1
  16r-1.1169929e+01 2.39e-01 2.61e+03  -0.6 8.52e+02    -  1.08e-04 4.51e-05f  1
  17r-1.1131262e+01 2.05e-01 2.34e+03  -0.6 5.93e+02    -  2.17e-04 2.44e-04f  1
  18r-1.1063869e+01 1.21e-01 3.39e+03  -0.6 4.93e+02    -  8.54e-04 6.85e-04f  1
  19r-1.1060105e+01 1.36e-01 5.84e+03  -0.6 3.93e+02    -  2.71e-03 1.97e-03f  1
iter    objective    inf_pr   inf_du lg(mu)  ||d||  lg(rg) alpha_du alpha_pr  ls
  20 -1.1058598e+01 1.36e-01 1.01e+02  -6.0 1.11e+02    -  1.07e-01 1.30e-03h  1
  21 -1.1026329e+01 1.30e-01 2.23e+02  -6.0 1.07e+02    -  1.13e-01 2.61e-02h  3
  22 -1.1002624e+01 1.27e-01 3.15e+02  -6.0 1.06e+02    -  1.19e-01 1.84e-02h  4
  23 -1.0971897e+01 1.22e-01 4.36e+02  -6.0 1.07e+02    -  1.20e-01 2.26e-02h  4
  24 -1.0939281e+01 1.18e-01 5.37e+02  -6.0 1.13e+02    -  1.29e-01 2.29e-02h  4
  25 -1.0901660e+01 1.14e-01 6.36e+02  -6.0 1.14e+02    -  1.46e-01 2.53e-02h  4
  26 -1.0807887e+01 1.04e-01 1.11e+03  -6.0 1.12e+02    -  1.65e-01 6.08e-02h  3
  27 -1.0695537e+01 9.92e-02 1.32e+03  -6.0 1.05e+02    -  1.75e-01 7.36e-02h  3
  28 -1.0567476e+01 1.15e-01 1.18e+03  -6.0 1.00e+02    -  1.76e-01 9.17e-02h  3
  29 -1.0463245e+01 1.14e-01 9.86e+02  -6.0 9.88e+01    -  1.97e-01 9.49e-02h  3
iter    objective    inf_pr   inf_du lg(mu)  ||d||  lg(rg) alpha_du alpha_pr  ls
  30 -1.0406745e+01 1.09e-01 9.34e+02  -6.0 1.04e+02    -  1.90e-01 8.30e-02h  3
  31 -1.0388113e+01 2.82e-01 1.26e+03  -6.0 1.12e+02    -  1.52e-01 1.45e-01w  1
  32 -1.0421795e+01 2.70e-01 1.27e+03  -6.0 7.51e+01  -4.0 7.25e-02 8.85e-02w  1
  33 -1.0529017e+01 3.64e-01 1.84e+03  -6.0 8.52e+01    -  2.17e-01 2.18e-01w  1
  34 -1.0402087e+01 1.07e-01 9.29e+02  -6.0 6.55e+01    -  1.52e-01 3.62e-02h  2
  35 -1.0426617e+01 1.13e-01 9.77e+02  -6.0 1.17e+02    -  1.84e-01 5.63e-02h  2
  36 -1.0455429e+01 1.12e-01 9.91e+02  -6.0 1.27e+02    -  1.41e-01 2.01e-02h  4
  37 -1.0334799e+01 6.24e-02 1.10e+03  -6.0 5.07e+01  -3.6 2.47e-01 1.12e-01h  2
  38 -1.0365221e+01 1.08e-01 1.09e+03  -6.0 9.13e+01  -4.1 1.48e-01 2.06e-02h  5
  39 -1.0355591e+01 1.08e-01 1.08e+03  -6.0 9.31e+01  -3.6 1.41e-01 9.41e-03h  4
iter    objective    inf_pr   inf_du lg(mu)  ||d||  lg(rg) alpha_du alpha_pr  ls
  40 -1.0183188e+01 6.15e-02 1.02e+03  -6.0 2.86e+01  -3.2 3.36e-01 1.61e-01h  2
  41 -1.0050510e+01 6.03e-02 1.03e+03  -6.0 2.30e+01  -2.8 5.65e-01 1.18e-01h  2
  42 -9.9278655e+00 6.34e-02 8.56e+02  -6.0 2.61e+01  -3.3 6.05e-01 1.75e-01h  2
  43 -9.7258847e+00 8.19e-02 9.61e+02  -6.0 1.99e+01  -2.8 6.13e-01 2.29e-01H  1
  44 -9.7345410e+00 5.81e-02 9.00e+02  -6.0 3.62e+01  -3.3 4.47e-01 6.40e-02h  2
  45 -9.7234252e+00 5.70e-02 8.81e+02  -6.0 1.94e+01  -2.9 6.71e-01 2.03e-02h  1
  46 -9.7379615e+00 8.91e-02 8.62e+02  -6.0 4.70e+01  -3.4 3.57e-01 2.24e-02h  6
  47 -9.7352533e+00 8.79e-02 8.51e+02  -6.0 2.55e+01  -2.9 1.33e-01 1.21e-02h  5
  48 -9.7412695e+00 1.00e-01 8.49e+02  -6.0 2.36e+02  -3.4 1.07e-01 2.27e-03h  7
  49 -9.4347376e+00 3.70e-02 3.36e+03  -6.0 2.15e+01  -3.0 6.66e-01 7.32e-01H  1
iter    objective    inf_pr   inf_du lg(mu)  ||d||  lg(rg) alpha_du alpha_pr  ls
  50 -9.4939341e+00 6.67e-02 3.23e+03  -6.0 3.19e+01  -3.5 1.20e-01 3.89e-02h  5
  51 -9.7261835e+00 7.25e-02 2.38e+04  -6.0 1.24e+01  -3.0 2.42e-01 7.83e-01H  1
  52 -9.8369930e+00 1.13e-01 2.14e+04  -6.0 1.68e+01  -3.5 3.16e-01 9.88e-02f  4
  53 -9.9113681e+00 1.33e-01 2.09e+04  -6.0 4.47e+01  -4.0 5.31e-02 2.63e-02f  5
  54 -1.0039274e+01 1.84e-01 1.87e+04  -6.0 1.83e+01  -3.6 4.67e-01 1.05e-01h  4
  55 -1.1112768e+01 4.80e+00 1.21e+04  -6.0 5.07e+01  -4.0 1.17e-01 3.44e-01f  1
  56 -1.1659958e+01 7.82e+00 1.06e+04  -6.0 1.37e+02  -4.5 1.86e-01 1.26e-01h  1
  57 -1.1977052e+01 6.34e+00 8.39e+03  -6.0 4.41e+01  -4.1 2.84e-01 2.05e-01h  1
  58 -1.2186900e+01 4.47e+00 5.90e+03  -6.0 1.87e+01  -3.7 8.93e-02 2.95e-01h  1
  59 -1.2909925e+01 2.60e+00 2.98e+03  -6.0 4.57e+01  -4.1 3.75e-01 4.90e-01h  1
iter    objective    inf_pr   inf_du lg(mu)  ||d||  lg(rg) alpha_du alpha_pr  ls
  60 -1.2946853e+01 2.58e+00 2.96e+03  -6.0 2.30e+03  -4.6 1.96e-05 6.53e-03h  1
  61 -1.2949328e+01 2.57e+00 2.96e+03  -6.0 4.27e+01  -4.2 2.91e-01 2.22e-03h  1
  62 -1.3184955e+01 2.36e+00 2.68e+03  -6.0 1.27e+02  -4.7 5.57e-02 9.66e-02h  1
  63 -1.3261055e+01 2.34e+00 2.66e+03  -6.0 1.12e+03  -5.1 1.80e-04 6.45e-03h  1
  64 -1.3259811e+01 2.26e+00 2.56e+03  -6.0 5.66e+00  -2.9 5.66e-03 3.73e-02h  1
  65 -1.3259831e+01 2.17e+00 2.46e+03  -6.0 6.82e+00  -3.4 1.82e-02 3.83e-02h  1
  66 -1.3288227e+01 1.95e+00 2.20e+03  -6.0 5.67e+01  -3.9 1.07e-02 1.04e-01h  1
  67 -1.3288667e+01 1.92e+00 2.18e+03  -6.0 5.24e+00  -3.4 2.77e-01 1.38e-02h  1
  68 -1.3322808e+01 1.42e+00 1.59e+03  -6.0 1.93e+01  -3.9 1.99e-01 2.70e-01h  1
Error in an AMPL evaluation. Run with "halt_on_ampl_error yes" to see details.
Warning: Cutting back alpha due to evaluation error
  69 -1.3339466e+01 1.35e+00 1.51e+03  -6.0 4.28e+01  -4.4 1.71e-01 5.06e-02h  2
iter    objective    inf_pr   inf_du lg(mu)  ||d||  lg(rg) alpha_du alpha_pr  ls
  70 -1.3356146e+01 1.14e+00 1.26e+03  -6.0 1.34e+01  -4.0 3.74e-01 1.67e-01h  1
  71 -1.3375532e+01 9.73e-01 1.06e+03  -6.0 2.10e+01  -4.4 3.07e-01 1.62e-01h  1
  72 -1.3379516e+01 7.89e-01 7.75e+02  -6.0 2.94e+01  -4.9 3.48e-01 2.67e-01h  1
  73 -1.3538345e+01 4.94e+00 8.70e+02  -6.0 8.22e+01  -5.4 8.60e-01 8.16e-01h  1
  74 -1.3773163e+01 1.65e+00 2.76e+02  -6.0 1.83e+02  -5.9 4.25e-01 6.84e-01h  1
  75 -1.3817708e+01 1.39e+00 1.53e+02  -6.0 7.37e+01  -5.4 9.71e-01 4.51e-01h  1
  76 -1.3840623e+01 1.70e+00 7.04e+01  -6.0 6.82e+01  -5.0 8.92e-01 1.00e+00h  1
  77 -1.3846223e+01 2.03e+00 9.56e+01  -6.0 5.14e+02  -5.5 3.88e-02 2.69e-02h  1
  78 -1.3923030e+01 8.77e+00 8.20e+03  -6.0 1.03e+03  -6.0 2.04e-01 1.67e-01h  1
  79 -1.3983551e+01 8.39e+00 7.54e+04  -6.0 1.92e+02  -5.6 1.00e+00 3.09e-01h  1
iter    objective    inf_pr   inf_du lg(mu)  ||d||  lg(rg) alpha_du alpha_pr  ls
  80 -1.4147746e+01 8.72e+00 7.65e+04  -6.0 4.97e+02  -6.0 7.55e-01 3.87e-01h  1
  81 -1.4436398e+01 5.24e+00 1.07e+05  -6.0 7.28e+02  -6.5 1.00e+00 4.03e-01h  1
  82 -1.4564076e+01 4.65e+00 2.39e+05  -6.0 1.03e+03  -7.0 5.98e-01 1.26e-01h  1
  83 -1.4958753e+01 3.50e+00 7.19e+04  -6.0 5.34e+02  -6.6 1.00e+00 8.13e-01h  1
  84 -1.5252703e+01 2.69e+00 2.99e+05  -6.0 1.06e+03  -7.0 6.13e-01 4.39e-01h  1
  85 -1.5574905e+01 1.07e+01 1.70e+06  -6.0 9.31e+02  -6.6 5.59e-02 8.20e-01h  1
  86 -1.5608798e+01 8.88e+00 1.30e+06  -6.0 1.26e+02  -6.2 1.85e-01 1.73e-01h  1
  87 -1.5718025e+01 6.72e+00 2.09e+06  -6.0 4.96e+02  -6.7 1.76e-01 2.43e-01h  1
  88r-1.5718025e+01 6.72e+00 1.00e+03   0.7 0.00e+00  -6.2 0.00e+00 9.67e-08R  2
  89r-1.5722306e+01 6.72e+00 1.18e+03   0.7 1.98e+04    -  6.00e-07 7.52e-07f  1
iter    objective    inf_pr   inf_du lg(mu)  ||d||  lg(rg) alpha_du alpha_pr  ls
  90 -1.5721524e+01 6.40e+00 1.04e+05  -6.0 5.63e+00    -  1.12e-01 4.74e-02h  1
  91 -1.5719110e+01 5.32e+00 5.45e+05  -6.0 5.32e+00    -  4.74e-02 1.68e-01h  1
  92 -1.5718350e+01 4.94e+00 5.06e+05  -6.0 4.27e+00    -  1.82e-01 7.15e-02h  1
  93 -1.5712386e+01 1.00e+00 1.03e+05  -6.0 4.03e+00    -  3.44e-01 7.97e-01h  1
  94 -1.5720198e+01 2.68e-01 2.74e+04  -6.0 2.51e+00    -  7.79e-01 7.34e-01h  1
  95 -1.5752655e+01 5.00e-03 2.79e+01  -6.0 9.27e+00    -  7.15e-01 1.00e+00h  1
  96 -1.5756504e+01 4.47e-03 1.69e+01  -6.0 2.68e+01    -  3.13e-01 1.46e-01h  1
  97 -1.5766866e+01 5.30e-03 7.84e+00  -6.0 3.11e+01    -  8.88e-01 4.56e-01f  1
  98 -1.5833542e+01 4.57e-01 1.51e+01  -6.0 3.86e+02    -  7.53e-03 4.58e-01f  1
  99 -1.5891849e+01 5.70e-01 1.42e+01  -6.0 3.09e+02    -  5.18e-01 4.89e-01h  1
iter    objective    inf_pr   inf_du lg(mu)  ||d||  lg(rg) alpha_du alpha_pr  ls
 100 -1.6072613e+01 3.09e+00 4.72e+01  -6.0 3.96e+02    -  2.31e-01 1.00e+00h  1
 101 -1.6462840e+01 1.60e+01 1.31e+02  -6.0 1.04e+03    -  2.01e-01 1.00e+00h  1
 102 -1.7485739e+01 5.54e+01 8.43e+02  -6.0 1.90e+03    -  1.12e-01 1.00e+00h  1
 103 -1.7877712e+01 5.21e+01 8.26e+02  -6.0 3.63e+03    -  4.76e-02 1.01e-01h  1
 104 -1.8676126e+01 3.12e+01 1.36e+03  -6.0 9.69e+02  -6.7 2.10e-01 4.69e-01h  1
 105 -1.8751335e+01 2.87e+01 1.18e+03  -6.0 1.88e+03    -  9.07e-02 8.06e-02h  1
 106 -1.8835806e+01 2.71e+01 1.05e+03  -6.0 2.38e+03    -  2.98e-02 5.47e-02h  1
 107 -1.8852176e+01 2.67e+01 1.03e+03  -6.0 2.78e+03    -  1.05e-01 1.40e-02h  1
 108 -1.9240420e+01 1.67e+01 3.10e+04  -6.0 9.65e+02    -  4.22e-01 4.77e-01h  1
 109 -1.9240433e+01 1.67e+01 5.62e+04  -6.0 9.82e+02  -7.2 3.67e-02 1.84e-05h  1
iter    objective    inf_pr   inf_du lg(mu)  ||d||  lg(rg) alpha_du alpha_pr  ls
 110 -1.9407022e+01 1.63e+01 1.15e+05  -6.0 1.75e+03    -  8.01e-02 1.82e-01f  1
 111 -1.9470376e+01 1.58e+01 2.42e+07  -6.0 1.38e+03    -  2.96e-04 6.10e-02h  1
 112 -1.9589722e+01 1.59e+01 2.15e+07  -6.0 1.45e+03    -  2.17e-01 1.09e-01h  1
 113 -1.9656135e+01 1.56e+01 2.03e+07  -6.0 1.22e+03    -  4.16e-01 5.89e-02h  1
 114 -1.9671122e+01 1.54e+01 2.00e+07  -6.0 5.35e+03    -  3.57e-03 1.28e-02h  1
 115 -1.9848884e+01 1.37e+01 1.66e+07  -6.0 1.02e+04    -  7.01e-02 1.72e-01h  1
 116 -1.9957300e+01 1.11e+01 6.11e+07  -6.0 4.73e+03    -  1.16e-03 1.69e-01h  1
 117 -2.0027530e+01 9.66e+00 5.33e+07  -6.0 2.15e+03    -  1.43e-01 1.28e-01h  1
 118 -2.0137491e+01 7.88e+00 4.36e+07  -6.0 2.22e+03    -  1.41e-03 1.82e-01h  1
 119 -2.0172552e+01 6.36e+00 3.52e+07  -6.0 3.80e+02  -6.8 5.53e-04 1.92e-01h  1
iter    objective    inf_pr   inf_du lg(mu)  ||d||  lg(rg) alpha_du alpha_pr  ls
 120 -2.0202269e+01 4.39e+00 2.43e+07  -6.0 2.28e+02  -5.4 2.14e-02 3.11e-01h  1
 121 -2.0219798e+01 4.27e+00 2.36e+07  -6.0 1.04e+03  -5.9 5.33e-03 2.76e-02h  1
 122 -2.0294242e+01 6.90e-01 3.91e+06  -6.0 1.68e+02  -6.4 5.86e-02 8.34e-01h  1
 123 -2.0354739e+01 2.26e+00 3.53e+06  -6.0 3.47e+03    -  3.77e-01 9.68e-02h  1
 124 -2.0613819e+01 5.97e+00 2.31e+06  -6.0 1.93e+03    -  4.42e-01 3.46e-01h  1
 125 -2.0752265e+01 6.49e+00 1.87e+06  -6.0 3.58e+03    -  1.80e-02 1.88e-01h  1
 126 -2.0804635e+01 6.40e+00 1.70e+06  -6.0 4.12e+03    -  3.14e-01 9.45e-02h  1
 127 -2.0960621e+01 1.01e+01 1.24e+06  -6.0 4.62e+03    -  6.89e-01 2.69e-01h  1
 128 -2.0969366e+01 9.38e+00 1.15e+06  -6.0 3.41e+02  -6.9 7.06e-02 6.94e-02h  1
 129 -2.1041980e+01 6.08e+00 7.99e+05  -6.0 6.92e+02  -7.3 9.62e-02 3.55e-01h  1
iter    objective    inf_pr   inf_du lg(mu)  ||d||  lg(rg) alpha_du alpha_pr  ls
 130 -2.1166833e+01 4.36e+00 8.52e+05  -6.0 1.07e+03  -7.8 1.01e-02 4.90e-01h  1
 131 -2.1173648e+01 4.22e+00 8.99e+05  -6.0 4.47e+03  -8.3 9.55e-02 3.41e-02h  1
 132 -2.1210235e+01 5.02e+00 7.99e+05  -6.0 4.75e+03  -8.8 1.11e-01 1.18e-01h  1
 133 -2.1227217e+01 4.71e+00 5.76e+05  -6.0 2.45e+03  -8.3 6.17e-01 7.93e-02h  1
 134 -2.1256954e+01 3.91e+00 8.67e+05  -6.0 1.19e+03  -7.9 7.96e-02 2.05e-01h  1
 135 -2.1304970e+01 4.41e+00 1.51e+06  -6.0 3.07e+03  -8.4 2.75e-02 2.11e-01h  1
 136 -2.1319754e+01 5.41e+00 1.49e+06  -6.0 2.41e+04  -8.9 3.63e-02 1.54e-02h  1
 137 -2.1355467e+01 3.72e+00 3.35e+06  -6.0 4.09e+02  -6.6 3.05e-02 3.14e-01h  1
 138 -2.1360349e+01 3.37e+00 3.03e+06  -6.0 1.98e+02  -6.2 1.06e-02 9.46e-02h  1
 139 -2.1366030e+01 3.16e+00 2.84e+06  -6.0 4.02e+02  -6.7 1.52e-02 6.26e-02h  1
iter    objective    inf_pr   inf_du lg(mu)  ||d||  lg(rg) alpha_du alpha_pr  ls
 140 -2.1533742e+01 1.98e+01 2.16e+06  -6.0 3.84e+03  -7.2 1.65e-02 2.40e-01h  1
 141 -2.1542452e+01 1.68e+01 1.83e+06  -6.0 2.53e+02  -6.7 9.37e-02 1.50e-01h  1
 142 -2.1551035e+01 1.52e+01 1.66e+06  -6.0 4.09e+02  -7.2 4.00e-01 9.60e-02h  1
 143 -2.1574655e+01 1.30e+01 1.42e+06  -6.0 1.26e+03  -7.7 1.79e-01 1.41e-01h  1
 144 -2.1593464e+01 1.23e+01 1.34e+06  -6.0 3.32e+03  -8.2 3.02e-01 5.74e-02h  1
 145 -2.1636182e+01 1.13e+01 1.24e+06  -6.0 1.35e+04  -8.7 2.18e-01 7.68e-02h  1
 146 -2.1636957e+01 1.11e+01 1.21e+06  -6.0 1.69e+02  -6.4 1.58e-04 2.08e-02h  1
 147 -2.1648838e+01 9.31e+00 1.02e+06  -6.0 2.23e+02  -6.9 4.32e-02 1.62e-01h  1
 148 -2.1656001e+01 8.73e+00 9.53e+05  -6.0 6.39e+02  -7.4 8.53e-04 6.20e-02h  1
 149 -2.1722988e+01 1.02e+00 6.03e+04  -6.0 2.68e+02  -6.9 2.16e-01 9.34e-01h  1
iter    objective    inf_pr   inf_du lg(mu)  ||d||  lg(rg) alpha_du alpha_pr  ls
 150 -2.1723437e+01 1.01e+00 5.98e+04  -6.0 1.28e+02  -6.5 5.19e-01 9.07e-03h  1
 151 -2.1771615e+01 1.10e+00 4.13e+04  -6.0 4.15e+02  -7.0 5.50e-02 4.66e-01h  1
 152 -2.1775394e+01 9.77e-01 2.67e+05  -6.0 1.19e+01  -3.9 4.81e-02 1.12e-01h  1
 153 -2.1775433e+01 9.74e-01 2.77e+05  -6.0 5.15e+00  -3.4 1.02e-02 3.14e-03h  1
 154 -2.1783306e+01 3.67e-01 5.83e+05  -6.0 2.68e+00  -3.9 1.32e-01 6.23e-01f  1
 155 -2.1782487e+01 2.72e-01 4.31e+05  -6.0 4.62e+00  -4.4 4.46e-02 2.61e-01h  1
 156 -2.1776066e+01 3.56e-01 3.31e+06  -6.0 2.26e+01  -4.9 9.64e-03 8.06e-01h  1
 157 -2.1781676e+01 3.68e-01 3.21e+06  -6.0 6.02e+01  -4.4 4.72e-02 2.93e-02h  1
 158 -2.1781018e+01 3.58e-01 3.12e+06  -6.0 2.69e+00  -4.0 1.28e-01 2.78e-02h  1
 159 -2.1781534e+01 3.45e-01 3.00e+06  -6.0 2.62e+00  -3.6 1.85e-03 3.80e-02f  1
iter    objective    inf_pr   inf_du lg(mu)  ||d||  lg(rg) alpha_du alpha_pr  ls
 160 -2.1781596e+01 3.43e-01 2.99e+06  -6.0 2.92e+00  -4.1 3.66e-01 5.84e-03h  1
 161 -2.1784929e+01 2.03e-01 1.77e+06  -6.0 3.17e+00  -4.5 1.90e-01 4.08e-01f  1
 162 -2.1785861e+01 1.79e-01 1.56e+06  -6.0 4.44e+00  -5.0 7.91e-01 1.18e-01h  1
 163 -2.1794552e+01 3.27e-03 7.79e+03  -6.0 1.16e+01  -5.5 8.41e-01 1.00e+00h  1
 164 -2.1799955e+01 2.63e-02 3.33e+01  -6.0 3.33e+01  -6.0 7.28e-01 1.00e+00h  1
 165 -2.1816731e+01 1.50e-01 8.79e-01  -6.0 9.74e+01  -6.5 1.00e+00 1.00e+00h  1
 166 -2.1819191e+01 1.45e-01 5.05e+00  -6.0 9.78e+02  -6.9 4.58e-02 3.41e-02h  1
 167 -2.1845213e+01 4.63e-01 1.04e+01  -6.0 1.05e+03  -7.4 5.26e-01 2.46e-01h  1
Error in an AMPL evaluation. Run with "halt_on_ampl_error yes" to see details.
Warning: Cutting back alpha due to evaluation error
 168 -2.1848697e+01 4.78e-01 1.30e+01  -6.0 1.41e+03  -7.9 7.06e-04 3.32e-02h  2
 169 -2.1856050e+01 2.14e-01 2.91e+01  -6.0 2.08e+01  -5.7 8.94e-02 5.57e-01h  1
iter    objective    inf_pr   inf_du lg(mu)  ||d||  lg(rg) alpha_du alpha_pr  ls
 170 -2.1864988e+01 9.55e-02 1.41e+01  -6.0 3.37e+01  -6.1 5.03e-01 5.69e-01h  1
 171 -2.1856318e+01 4.27e-02 1.48e+01  -6.0 1.78e+01  -3.9 2.50e-01 1.00e+00h  1
 172 -2.1856518e+01 4.22e-02 1.73e+01  -6.0 1.79e+01  -4.4 6.40e-01 1.37e-02h  1
 173 -2.1858654e+01 2.46e-02 1.12e+01  -6.0 4.92e+00  -4.0 1.00e+00 4.49e-01f  1
 174 -2.1861797e+01 2.09e-02 8.21e+00  -6.0 1.22e+01  -4.4 1.00e+00 3.12e-01f  1
 175 -2.1862927e+01 9.77e-03 9.45e-01  -6.0 2.20e+00  -4.0 1.00e+00 1.00e+00f  1
 176 -2.1865283e+01 9.00e-03 2.20e-01  -6.0 4.98e+00  -4.5 1.00e+00 9.65e-01h  1
 177 -2.1869554e+01 3.04e-02 6.86e+00  -6.0 2.96e+01  -5.0 6.25e-01 2.95e-01h  1
 178 -2.1871590e+01 8.73e-03 1.76e-01  -6.0 2.93e+00  -4.5 1.00e+00 1.00e+00h  1
 179 -2.1871756e+01 8.28e-03 1.42e+01  -6.0 7.15e+00  -5.0 1.00e+00 5.91e-02h  1
iter    objective    inf_pr   inf_du lg(mu)  ||d||  lg(rg) alpha_du alpha_pr  ls
 180 -2.1873617e+01 4.15e-03 7.48e-01  -6.0 6.87e+00  -5.5 1.00e+00 9.76e-01f  1
 181 -2.1875406e+01 6.70e-03 4.69e-01  -6.0 1.98e+01  -6.0 1.00e+00 1.00e+00h  1
 182 -2.1880112e+01 4.64e-02 1.26e-01  -6.0 5.81e+01  -6.4 1.00e+00 1.00e+00h  1
 183 -2.1889962e+01 3.93e-01 8.48e-01  -6.0 1.69e+02  -6.9 1.00e+00 1.00e+00h  1
 184 -2.1914784e+01 3.47e+00 2.17e+01  -6.0 5.04e+02  -7.4 1.00e+00 1.00e+00h  1
 185 -2.1921621e+01 3.25e+00 8.73e+01  -6.0 8.35e+02  -7.0 8.47e-02 7.89e-02h  1
Error in an AMPL evaluation. Run with "halt_on_ampl_error yes" to see details.
Warning: Cutting back alpha due to evaluation error
Error in an AMPL evaluation. Run with "halt_on_ampl_error yes" to see details.
Warning: Cutting back alpha due to evaluation error
 186 -2.1921622e+01 3.25e+00 1.22e+02  -6.0 1.90e+00   0.9 5.71e-04 7.86e-05h  3
Error in an AMPL evaluation. Run with "halt_on_ampl_error yes" to see details.
Warning: Cutting back alpha due to evaluation error
Error in an AMPL evaluation. Run with "halt_on_ampl_error yes" to see details.
Warning: Cutting back alpha due to evaluation error
Error in an AMPL evaluation. Run with "halt_on_ampl_error yes" to see details.
Warning: Cutting back alpha due to evaluation error
Error in an AMPL evaluation. Run with "halt_on_ampl_error yes" to see details.
Warning: Cutting back alpha due to evaluation error
Error in an AMPL evaluation. Run with "halt_on_ampl_error yes" to see details.
Warning: Evaluation error during soft restoration phase step.
Error in an AMPL evaluation. Run with "halt_on_ampl_error yes" to see details.
Warning: Evaluation error during soft restoration phase step.
Error in an AMPL evaluation. Run with "halt_on_ampl_error yes" to see details.
Warning: Evaluation error during soft restoration phase step.
 187r-2.1921622e+01 3.25e+00 9.99e+02   0.3 0.00e+00   0.4 0.00e+00 2.67e-07R 10
 188r-2.1900160e+01 3.25e+00 9.99e+02   0.3 1.15e+06    -  8.50e-08 6.13e-08f  1
 189r-2.1921926e+01 3.24e+00 9.99e+02   0.3 7.84e+04    -  1.94e-06 1.97e-06f  1
iter    objective    inf_pr   inf_du lg(mu)  ||d||  lg(rg) alpha_du alpha_pr  ls
 190 -2.2040816e+01 5.48e+01 6.06e+02  -6.0 1.45e+06    -  6.78e-06 1.35e-03f  1
 191 -2.2144629e+01 5.55e+01 5.99e+02  -6.0 1.34e+06    -  1.74e-04 3.11e-03h  1
 192 -2.2162846e+01 5.54e+01 5.96e+02  -6.0 4.11e+05    -  3.20e-04 2.03e-03h  1
 193 -2.2164504e+01 5.53e+01 5.98e+02  -6.0 1.28e+05    -  6.16e-03 8.88e-04h  1
 194 -2.2171425e+01 5.49e+01 5.93e+02  -6.0 1.03e+05    -  2.19e-03 7.35e-03h  1
 195 -2.2171368e+01 5.49e+01 5.93e+02  -6.0 2.05e+02  -0.1 1.12e-09 2.96e-04h  1
 196 -2.2171239e+01 5.49e+01 5.93e+02  -6.0 6.34e+00  -0.6 2.98e-04 4.43e-04h  1
 197 -2.2170741e+01 5.48e+01 5.92e+02  -6.0 7.32e+00  -1.0 1.22e-03 1.65e-03h  1
 198 -2.2170469e+01 5.47e+01 5.91e+02  -6.0 8.08e+00  -1.5 1.86e-03 8.94e-04h  1
 199 -2.2169579e+01 5.46e+01 5.90e+02  -6.0 9.17e+00  -2.0 3.66e-03 2.39e-03h  1
iter    objective    inf_pr   inf_du lg(mu)  ||d||  lg(rg) alpha_du alpha_pr  ls
 200 -2.2168186e+01 5.44e+01 5.88e+02  -6.0 1.16e+01  -2.5 3.10e-03 3.50e-03h  1
 201 -2.2155313e+01 5.18e+01 5.60e+02  -6.0 1.62e+01  -2.9 6.96e-03 4.73e-02h  1
 202 -2.2154318e+01 5.14e+01 5.56e+02  -6.0 2.63e+01  -3.4 1.83e-02 7.91e-03h  1
 203 -2.2150256e+01 5.10e+01 5.51e+02  -6.0 2.30e+02  -3.9 5.06e-03 7.83e-03h  1
 204 -2.2148969e+01 5.07e+01 5.48e+02  -6.0 1.98e+01  -3.5 1.04e-01 6.11e-03h  1
 205 -2.2144355e+01 4.97e+01 5.37e+02  -6.0 4.34e+01  -3.9 1.11e-01 1.97e-02h  1
 206 -2.2048843e+01 2.74e+01 4.34e+02  -6.0 1.77e+01  -3.5 1.08e-02 4.48e-01h  1
 207 -2.2045945e+01 2.66e+01 3.95e+02  -6.0 9.43e+00  -4.0 4.23e-01 3.17e-02h  1
 208 -2.2033295e+01 2.36e+01 4.97e+02  -6.0 5.36e+00  -2.7 6.99e-04 1.13e-01h  1
 209 -2.1948713e+01 4.07e+00 1.79e+02  -6.0 1.79e+01  -3.1 2.24e-02 8.27e-01h  1
iter    objective    inf_pr   inf_du lg(mu)  ||d||  lg(rg) alpha_du alpha_pr  ls
 210 -2.1948151e+01 3.35e+00 1.45e+02  -6.0 7.51e+00  -3.6 1.00e+00 1.77e-01h  1
 211 -2.1949190e+01 2.43e+00 2.32e+02  -6.0 8.92e+00  -4.1 3.29e-03 2.75e-01h  1
 212r-2.1949190e+01 2.43e+00 9.99e+02   0.2 0.00e+00  -4.6 0.00e+00 3.32e-07R  3
 213r-2.1964862e+01 2.42e+00 9.99e+02   0.2 5.06e+04    -  1.49e-06 2.30e-06f  1
 214 -2.2022005e+01 6.44e+00 5.49e+02  -6.0 1.04e+06    -  2.06e-03 1.31e-03h  1
 215 -2.2029070e+01 5.77e+00 4.86e+02  -6.0 3.79e+01  -5.1 1.15e-01 1.05e-01h  1
 216 -2.2033428e+01 5.11e+00 4.94e+02  -6.0 8.89e+01  -5.5 1.90e-04 1.14e-01h  1
Error in an AMPL evaluation. Run with "halt_on_ampl_error yes" to see details.
Warning: Cutting back alpha due to evaluation error
 217 -2.2032956e+01 5.09e+00 5.02e+02  -6.0 2.01e+03  -6.0 2.91e-03 4.12e-03h  2
 218 -2.2035480e+01 5.04e+00 5.05e+02  -6.0 7.19e+02  -6.5 7.33e-03 9.88e-03h  1
 219 -2.2044842e+01 4.91e+00 5.47e+02  -6.0 1.10e+03  -7.0 8.04e-03 2.46e-02h  1
iter    objective    inf_pr   inf_du lg(mu)  ||d||  lg(rg) alpha_du alpha_pr  ls
 220 -2.2037097e+01 4.82e+00 6.05e+02  -6.0 2.78e+03  -7.4 8.68e-03 1.84e-02h  1
Error in an AMPL evaluation. Run with "halt_on_ampl_error yes" to see details.
Warning: Cutting back alpha due to evaluation error
 221 -2.2024372e+01 4.70e+00 7.32e+02  -6.0 4.78e+03  -7.9 8.14e-03 2.64e-02h  2
 222 -2.2018442e+01 4.40e+00 6.55e+02  -6.0 3.37e+03  -8.4 5.88e-02 6.58e-02h  1
 223 -2.2016313e+01 4.39e+00 6.52e+02  -6.0 3.40e+03  -6.2 1.48e-07 2.41e-03h  1
 224 -2.2016460e+01 4.31e+00 6.39e+02  -6.0 3.08e+01  -4.8 1.99e-02 1.78e-02h  1
 225 -2.2015009e+01 4.25e+00 6.16e+02  -6.0 6.14e+01  -5.3 3.64e-02 1.37e-02h  1
 226 -2.2014620e+01 4.16e+00 5.93e+02  -6.0 1.95e+01  -4.9 3.98e-02 2.29e-02h  1
 227 -2.2001524e+01 2.99e+00 1.39e+02  -6.0 2.55e+01  -5.4 7.83e-01 2.80e-01h  1
 228 -2.2018913e+01 2.89e+00 1.85e+02  -6.0 3.61e+02  -5.8 7.41e-07 3.56e-02h  1
 229 -2.2018930e+01 2.88e+00 1.85e+02  -6.0 5.07e+02  -6.3 1.38e-03 3.57e-05h  1
iter    objective    inf_pr   inf_du lg(mu)  ||d||  lg(rg) alpha_du alpha_pr  ls
 230 -2.2018912e+01 2.88e+00 7.26e+02  -6.0 1.59e+01  -4.1 5.86e-01 5.80e-04h  1
 231 -2.2018923e+01 2.88e+00 1.89e+02  -6.0 2.06e+02  -4.6 3.38e-02 5.60e-05h  1
 232 -2.2018461e+01 2.88e+00 1.93e+02  -6.0 1.58e+03  -5.0 2.20e-03 1.22e-03h  1
 233 -2.2019031e+01 2.86e+00 1.82e+02  -6.0 3.45e+02  -5.5 5.55e-03 6.72e-03h  1
 234 -2.2018385e+01 2.86e+00 3.88e+02  -6.0 3.62e+03  -6.0 7.79e-07 1.67e-03h  1
 235 -2.2018717e+01 2.86e+00 5.59e+02  -6.0 9.59e+03  -5.6 6.22e-05 1.15e-04h  1
 236 -2.2018717e+01 2.86e+00 5.59e+02  -6.0 2.39e+04  -5.1 9.91e-11 1.93e-07f  2
 237r-2.2018717e+01 2.86e+00 9.99e+02   0.2 0.00e+00  -2.9 0.00e+00 2.59e-07R  4
 238r-2.2018591e+01 2.86e+00 9.99e+02   0.2 1.12e+06    -  1.39e-09 1.28e-09f  1
 239r-2.2032799e+01 2.85e+00 9.99e+02   0.2 3.52e+04    -  3.14e-06 2.69e-06f  1
iter    objective    inf_pr   inf_du lg(mu)  ||d||  lg(rg) alpha_du alpha_pr  ls
 240 -2.2032881e+01 2.85e+00 4.91e+02  -6.0 2.94e+06    -  1.34e-03 1.72e-06h  1
 241 -2.2136545e+01 1.11e+01 3.00e+02  -6.0 5.11e+06    -  8.96e-04 1.57e-03f  1
 242 -2.2198922e+01 1.12e+01 8.87e+02  -6.0 3.08e+06    -  2.33e-03 2.61e-04f  1
 243 -2.2245164e+01 1.12e+01 1.16e+03  -6.0 1.56e+06    -  1.76e-03 8.03e-04h  1
 244 -2.2296094e+01 1.11e+01 2.22e+03  -6.0 1.08e+06    -  5.43e-03 1.58e-03h  1
 245 -2.2358195e+01 2.52e+01 1.02e+03  -6.0 5.93e+05    -  1.81e-04 4.67e-03h  1
 246 -2.2358837e+01 2.52e+01 1.76e+03  -6.0 1.72e+05    -  2.95e-03 2.46e-04h  1
 247 -2.2374604e+01 2.61e+01 1.76e+03  -6.0 1.23e+05    -  7.57e-03 2.95e-03h  1
 248 -2.2393916e+01 3.10e+01 1.75e+03  -6.0 1.05e+05    -  3.20e-03 6.72e-03h  1
 249 -2.2404734e+01 3.07e+01 1.73e+03  -6.0 5.96e+04    -  3.81e-03 1.68e-02h  1
iter    objective    inf_pr   inf_du lg(mu)  ||d||  lg(rg) alpha_du alpha_pr  ls
 250 -2.2401358e+01 3.05e+01 7.41e+04  -6.0 1.53e+02  -3.4 5.82e-05 5.87e-03h  1
 251 -2.2395937e+01 3.03e+01 7.80e+04  -6.0 6.17e+01  -3.9 2.00e-04 8.07e-03h  1
 252 -2.2386556e+01 3.00e+01 9.77e+04  -6.0 1.82e+02  -4.3 1.56e-03 1.06e-02h  1
 253 -2.2389245e+01 2.99e+01 9.76e+04  -6.0 7.52e+03  -4.8 9.66e-05 1.23e-03f  1
 254 -2.2387620e+01 2.99e+01 9.75e+04  -6.0 1.60e+03  -5.3 4.47e-03 1.35e-03h  1
 255 -2.2384610e+01 2.98e+01 9.74e+04  -6.0 1.22e+03  -4.9 2.56e-03 1.36e-03h  1
 256 -2.2384376e+01 2.98e+01 9.73e+04  -6.0 4.05e+04  -5.3 5.48e-05 2.29e-05h  1
 257 -2.2384881e+01 2.98e+01 9.73e+04  -6.0 2.81e+04  -5.8 4.24e-04 2.53e-04f  1
 258 -2.2382359e+01 2.98e+01 9.71e+04  -6.0 1.15e+04  -6.3 6.25e-03 1.89e-03h  1
 259 -2.2376604e+01 2.98e+01 9.71e+04  -6.0 1.04e+04  -6.8 8.87e-04 5.53e-04h  4
iter    objective    inf_pr   inf_du lg(mu)  ||d||  lg(rg) alpha_du alpha_pr  ls
 260 -2.2375662e+01 2.98e+01 9.71e+04  -6.0 1.51e+04  -7.3 1.29e-03 7.22e-05h  7
Error in an AMPL evaluation. Run with "halt_on_ampl_error yes" to see details.
Warning: Cutting back alpha due to evaluation error
 261 -2.2376151e+01 2.97e+01 9.70e+04  -6.0 1.10e+04  -6.8 1.01e-02 4.65e-04h  2
Error in an AMPL evaluation. Run with "halt_on_ampl_error yes" to see details.
Warning: Cutting back alpha due to evaluation error
 262 -2.2377088e+01 2.97e+01 9.70e+04  -6.0 1.58e+04  -6.4 3.69e-04 1.91e-04h  2
Error in an AMPL evaluation. Run with "halt_on_ampl_error yes" to see details.
Warning: Cutting back alpha due to evaluation error
 263 -2.2377362e+01 2.97e+01 9.70e+04  -6.0 1.28e+04  -6.0 2.38e-03 1.32e-04h  2
Error in an AMPL evaluation. Run with "halt_on_ampl_error yes" to see details.
Warning: Cutting back alpha due to evaluation error
 264 -2.2377122e+01 2.97e+01 9.70e+04  -6.0 1.44e+04  -5.5 6.04e-04 6.08e-05h  2
 265 -2.2376946e+01 2.97e+01 9.70e+04  -6.0 4.33e+02  -6.0 3.38e-02 1.22e-04h  1
 266 -2.2375038e+01 2.97e+01 9.70e+04  -6.0 1.12e+04  -6.5 2.56e-03 1.52e-04h  3
 267 -2.2371495e+01 2.97e+01 9.69e+04  -6.0 6.93e+03  -6.1 3.15e-04 3.15e-04s 13
 268 -2.2368781e+01 2.97e+01 9.69e+04  -6.0 1.54e+04  -6.6 1.55e-04 1.55e-04s 13
 269 -2.2341866e+01 2.96e+01 9.67e+04  -6.0 7.38e+03  -6.1 2.23e-03 2.23e-03s 13
iter    objective    inf_pr   inf_du lg(mu)  ||d||  lg(rg) alpha_du alpha_pr  ls
 270 -2.2327260e+01 2.96e+01 9.66e+04  -6.0 1.66e+04  -6.6 7.80e-04 7.80e-04s 13
 271 -2.2316954e+01 2.96e+01 9.66e+04  -6.0 8.36e+03  -6.2 7.18e-04 7.18e-04s 13
 272r-2.2316954e+01 2.96e+01 1.00e+03   1.3 0.00e+00  -6.7 0.00e+00 0.00e+00R  1
 273r-2.2310111e+01 2.96e+01 1.00e+03   1.3 8.51e+06    -  7.44e-09 3.03e-08f  1
 274r-2.2314059e+01 2.96e+01 1.00e+03   1.3 3.24e+05    -  5.29e-07 2.05e-07f  1
 275r-2.2323955e+01 2.96e+01 1.00e+03   1.3 9.27e+04    -  1.11e-06 5.80e-07f  1
 276r-2.2333243e+01 2.96e+01 1.00e+03   1.3 7.27e+04    -  1.43e-06 1.14e-06f  1
 277r-2.2339866e+01 2.94e+01 2.55e+03   1.3 5.78e+04    -  1.80e-05 5.75e-06f  1
 278r-2.2238674e+01 2.89e+01 1.57e+03   1.3 2.32e+04    -  7.53e-06 2.57e-05f  1
 279r-2.0587144e+01 2.72e+01 3.24e+03   1.3 1.74e+04    -  1.19e-04 7.80e-05f  1
iter    objective    inf_pr   inf_du lg(mu)  ||d||  lg(rg) alpha_du alpha_pr  ls
 280r-1.6642282e+01 2.35e+01 2.32e+03   1.3 1.02e+04    -  1.49e-04 2.00e-04f  1
 281r-1.5746332e+01 2.05e+01 1.03e+03   1.3 1.05e+04    -  1.07e-04 2.10e-04f  1
 282r-1.5614270e+01 2.04e+01 2.04e+03   0.6 1.02e+01   2.0 1.80e-03 1.34e-03f  1
 283r-1.5569174e+01 2.04e+01 2.55e+03   0.6 3.98e+00   2.4 1.08e-03 7.90e-04f  1
 284r-6.6826278e+00 1.05e+01 1.33e+03   0.6 1.82e+04    -  4.89e-04 1.40e-03f  1
 285r-6.8358080e+00 1.22e+01 2.30e+05   0.6 1.87e-01   4.7 1.48e-01 1.45e-02f  1
 286r-8.1869632e+00 2.36e+01 1.84e+05   0.6 8.70e-02   4.2 2.05e-01 1.99e-01f  1
 287r-1.0373190e+01 3.67e+01 1.35e+05   0.6 2.60e-01   3.7 4.49e-01 2.88e-01f  1
 288r-1.2857704e+01 4.56e+01 9.90e+04   0.6 7.12e-01   3.2 4.69e-01 3.06e-01f  1
 289r-1.3158553e+01 4.79e+01 9.09e+04   0.6 1.81e+00   2.7 4.25e-01 1.38e-01f  1
iter    objective    inf_pr   inf_du lg(mu)  ||d||  lg(rg) alpha_du alpha_pr  ls
 290r-1.2477676e+01 4.90e+01 8.28e+04   0.6 5.27e+00   2.3 1.37e-01 9.10e-02f  1
 291r-1.2090956e+01 4.74e+01 7.82e+04  -0.1 1.56e+01   1.8 8.58e-02 4.46e-02f  1
 292r-1.1941206e+01 4.67e+01 7.54e+04  -0.1 4.19e+01   1.3 5.72e-02 1.90e-02f  1
 293r-1.1836822e+01 4.62e+01 6.41e+04  -0.1 5.00e+01   0.8 2.15e-01 1.52e-02f  1
 294r-1.1639443e+01 4.54e+01 6.25e+04  -0.1 2.25e+00   2.2 2.29e-02 2.48e-02f  1
 295r-1.1630048e+01 4.49e+01 6.26e+04  -0.1 1.22e-02   5.3 8.37e-02 1.29e-01f  1
 296r-1.1621684e+01 4.47e+01 6.19e+04  -0.1 1.62e-02   4.8 1.40e-02 1.99e-02f  1
 297r-1.1621563e+01 4.46e+01 6.19e+04  -0.1 6.14e-02   5.3 5.65e-04 9.93e-04f  1
 298r-1.1621585e+01 4.46e+01 6.19e+04  -0.1 1.26e-01   5.7 5.42e-05 1.28e-04f  1
 299r-1.1621584e+01 4.46e+01 6.19e+04  -0.1 1.30e+01   5.2 1.32e-07 3.98e-07f  2
iter    objective    inf_pr   inf_du lg(mu)  ||d||  lg(rg) alpha_du alpha_pr  ls
 300r-1.1621564e+01 4.46e+01 8.91e+04  -0.1 2.08e-01   6.5 7.83e-02 7.66e-05h  1
 301r-1.1620451e+01 4.51e+01 8.31e+04  -0.1 7.06e-03   6.1 5.32e-01 1.00e+00f  1
 302r-1.1621717e+01 4.48e+01 1.06e+03  -0.1 2.67e-03   5.6 9.87e-01 1.00e+00f  1
 303r-1.1490162e+01 3.73e+01 1.66e+04  -0.8 8.40e-03   5.1 1.00e+00 5.12e-01f  1
 304r-1.0726968e+01 2.39e+01 1.16e+04  -0.8 2.87e-02   4.6 4.93e-01 2.18e-01f  1
 305r-9.1750182e+00 1.39e+01 3.75e+04  -0.8 7.75e-02   4.1 4.40e-01 1.66e-01f  1
 306r-8.0490783e+00 1.10e+01 7.39e+04  -0.8 2.11e-01   3.7 3.88e-01 1.15e-01f  1
 307r-7.5376866e+00 1.03e+01 1.01e+05  -0.8 5.99e-01   3.2 3.48e-01 5.00e-02f  1
 308r-6.8312353e+00 8.77e+00 8.05e+04  -0.8 2.95e-02   4.5 5.27e-01 3.00e-01f  1
 309r-6.3637055e+00 8.77e+00 8.49e+04  -0.8 8.06e-02   4.0 4.90e-01 1.40e-01f  1
iter    objective    inf_pr   inf_du lg(mu)  ||d||  lg(rg) alpha_du alpha_pr  ls
 310r-5.9048578e+00 8.76e+00 9.02e+04  -0.8 1.03e-01   3.6 5.77e-01 1.02e-01f  1
 311r-4.5166525e+00 8.72e+00 7.86e+04  -0.8 2.72e-01   3.1 2.99e-01 1.57e-01f  1
 312r-3.3534305e+00 8.68e+00 5.54e+04  -0.8 1.02e-01   3.5 1.00e+00 3.89e-01f  1
 313r-2.7622837e+00 8.66e+00 2.84e+04  -0.8 3.85e-02   3.9 9.80e-01 5.04e-01f  1
 314r-2.5702657e+00 8.64e+00 2.47e+04  -0.8 1.14e-01   3.5 6.55e-01 1.67e-01f  1
 315r-2.5021600e+00 8.63e+00 2.28e+04  -0.8 4.30e-02   3.9 1.00e+00 1.08e-01f  1
 316r-2.0812897e+00 8.57e+00 1.10e+04  -0.8 1.29e-01   3.4 1.00e+00 5.29e-01f  1
 317r-1.8805551e+00 8.52e+00 4.53e+02  -0.8 4.83e-02   3.8 1.00e+00 1.00e+00f  1
 318r-1.8190400e+00 8.43e+00 1.70e+03  -0.8 1.45e-01   3.4 8.08e-01 5.77e-01f  1
 319r-1.8187758e+00 8.43e+00 8.26e+03  -0.8 4.34e-01   2.9 1.00e+00 7.99e-03f  1
iter    objective    inf_pr   inf_du lg(mu)  ||d||  lg(rg) alpha_du alpha_pr  ls
 320r-1.7129720e+00 8.27e+00 2.55e+03  -0.8 1.63e-01   3.3 1.00e+00 1.00e+00f  1
 321r-1.7189158e+00 8.21e+00 2.93e+03  -0.8 4.88e-01   2.8 9.33e-01 1.10e-01f  1
 322r-2.4786361e+00 8.17e+00 2.85e+03  -0.8 1.46e+00   2.4 3.24e-02 2.69e-02f  1
 323r-2.8427134e+00 7.82e+00 1.36e+03  -0.8 5.49e-01   2.8 1.00e+00 6.37e-01f  1
 324r-3.8106876e+00 7.33e+00 2.29e+03  -0.8 1.65e+00   2.3 5.34e-01 3.01e-01f  1
 325r-3.9631781e+00 6.71e+00 3.33e+02  -0.8 6.18e-01   2.7 1.00e+00 1.00e+00f  1
 326r-3.9566234e+00 6.63e+00 8.44e+02  -0.8 1.85e+00   2.3 3.95e-02 4.46e-02f  1
 327r-3.9386436e+00 4.72e+00 2.40e+03  -0.8 5.56e+00   1.8 5.47e-01 3.43e-01f  1
 328r-3.9104545e+00 4.41e+00 2.06e+03  -0.8 2.08e+00   2.2 1.55e-01 1.49e-01f  1
 329r-3.6969455e+00 2.32e+00 4.77e+03  -0.8 6.25e+00   1.7 8.97e-01 4.79e-01f  1
iter    objective    inf_pr   inf_du lg(mu)  ||d||  lg(rg) alpha_du alpha_pr  ls
 330r-3.1925552e+00 2.31e+00 1.90e+03  -0.8 2.34e+00   2.2 9.04e-01 5.98e-01f  1
 331r-3.1862723e+00 2.31e+00 8.15e+03  -0.8 6.19e+00   1.7 1.00e+00 2.27e-03f  1
 332r-2.0579654e+00 2.30e+00 1.05e+02  -0.8 8.88e-02   2.1 1.00e+00 1.00e+00f  1
 333r-1.8423314e+00 1.80e+00 4.06e+03  -1.5 1.08e-01   1.6 6.00e-01 3.70e-01f  1
 334r-1.5659601e+00 7.87e-01 9.35e+03  -1.5 5.24e-02   2.1 5.44e-01 6.93e-01f  1
 335r-1.3794054e+00 6.60e-01 1.38e+04  -1.5 9.60e-02   1.6 7.84e-01 2.40e-01f  1
 336r-3.2342283e-01 5.52e-01 1.49e+04  -1.5 1.93e-01   1.1 5.66e-01 3.50e-01f  1
 337r 2.2749976e-01 5.07e-01 2.84e+04  -1.5 4.81e-01   0.6 5.04e-01 1.94e-01f  1
 338r 2.7546535e-01 4.93e-01 2.67e+04  -1.5 1.85e-01   1.0 1.06e-01 7.82e-02f  1
 339r 3.4009241e-01 3.50e-01 2.35e+02  -1.5 1.38e-02   2.4 1.00e+00 1.00e+00f  1
iter    objective    inf_pr   inf_du lg(mu)  ||d||  lg(rg) alpha_du alpha_pr  ls
 340r 4.0322906e-01 3.50e-01 1.78e+03  -1.5 3.19e-02   1.9 1.00e+00 5.33e-01f  1
 341r 5.6787056e-01 3.44e-01 3.50e+03  -1.5 8.57e-02   1.4 1.00e+00 6.52e-01f  1
 342r 1.0607893e+00 3.25e-01 6.26e+03  -1.5 2.13e-01   0.9 1.00e+00 7.54e-01f  1
 343r 1.0897302e+00 8.01e-01 3.14e+03  -1.5 9.85e-03   2.3 9.91e-01 1.00e+00f  1
 344r 1.0899973e+00 9.28e-01 2.04e+03  -1.5 1.80e-03   3.6 4.58e-01 2.04e-01f  1
 345r 1.0919752e+00 4.18e-01 1.42e+03  -1.5 4.15e-03   3.1 1.00e+00 4.56e-01f  1
 346r 1.0955560e+00 5.23e-01 6.05e+02  -1.5 4.20e-03   2.6 7.81e-01 3.35e-01f  1
 347r 1.1328102e+00 3.23e-01 1.59e+03  -1.5 1.26e-02   2.2 9.29e-01 1.00e+00f  1
 348r 1.2190460e+00 3.20e-01 1.10e+03  -1.5 3.64e-02   1.7 1.00e+00 7.37e-01f  1
 349r 1.6209712e+00 3.07e-01 2.43e+01  -1.5 1.03e-01   1.2 1.00e+00 1.00e+00f  1
iter    objective    inf_pr   inf_du lg(mu)  ||d||  lg(rg) alpha_du alpha_pr  ls
 350r 2.7884173e+00 2.75e-01 9.19e+01  -1.5 2.86e-01   0.7 1.00e+00 1.00e+00f  1
 351r 4.5820669e+00 2.72e-01 4.35e+02  -1.5 6.31e-01   0.3 7.35e-01 7.45e-01f  1
 352r 4.8846322e+00 7.86e-01 2.24e+03  -1.5 1.40e-01   0.7 7.03e-01 3.56e-01f  1
 353r 5.1600855e+00 1.03e+00 5.37e+03  -1.5 7.27e-02   1.1 9.28e-01 9.10e-01f  1
 354r 5.6365636e+00 6.11e-01 4.07e+03  -1.5 1.56e-01   0.6 6.56e-01 5.46e-01f  1
 355r 6.6839436e+00 7.83e-01 6.14e+03  -1.5 4.54e-01   0.2 6.96e-01 5.40e-01f  1
 356r 7.7727534e+00 1.37e+00 1.48e+04  -1.5 1.20e+00  -0.3 6.19e-01 3.43e-01f  1
 357r 9.7985272e+00 3.80e+00 6.88e+03  -1.5 2.62e+00  -0.8 1.73e-01 5.13e-01f  1
 358r 9.7984340e+00 3.58e+00 3.92e+03  -1.5 4.81e-03   5.0 9.19e-01 5.71e-02f  1
 359r 9.7960606e+00 2.53e-01 2.06e+02  -1.5 9.59e-04   4.6 1.00e+00 1.00e+00f  1
iter    objective    inf_pr   inf_du lg(mu)  ||d||  lg(rg) alpha_du alpha_pr  ls
 360r 9.7954162e+00 2.53e-01 1.62e+02  -1.5 1.32e-03   5.0 9.27e-01 1.00e+00f  1
 361r 9.7953618e+00 2.53e-01 2.36e+02  -1.5 5.61e-04   5.4 1.00e+00 3.78e-01f  1
 362r 9.7951526e+00 2.53e-01 1.65e+02  -1.5 6.42e-04   4.9 1.00e+00 8.12e-01f  1
 363r 9.7944278e+00 2.53e-01 3.77e+01  -1.5 3.59e-04   4.5 1.00e+00 1.00e+00f  1
 364r 9.7933716e+00 2.53e-01 2.27e+00  -1.5 2.31e-04   4.0 1.00e+00 1.00e+00f  1
 365r 9.7962547e+00 2.53e-01 1.22e+04  -2.2 7.82e-03   3.5 6.36e-01 4.54e-01f  1
 366r 9.8301947e+00 2.17e-01 8.77e+03  -2.2 1.52e-02   3.0 5.42e-01 4.63e-01f  1
 367r 9.8639107e+00 1.74e-01 1.42e+04  -2.2 2.39e-02   2.6 9.25e-01 3.08e-01f  1
 368r 9.8773263e+00 1.50e-01 1.13e+04  -2.2 4.53e-02   2.1 3.57e-01 2.14e-01f  1
 369r 9.8685570e+00 1.36e-01 9.56e+03  -2.2 1.09e-01   1.6 4.18e-01 1.65e-01f  1
iter    objective    inf_pr   inf_du lg(mu)  ||d||  lg(rg) alpha_du alpha_pr  ls
 370r 9.6827078e+00 1.89e-01 7.36e+03  -2.2 1.84e-01   1.1 4.83e-01 2.37e-01f  1
 371r 9.3115123e+00 2.01e-01 6.60e+03  -2.2 5.79e-01   0.7 1.18e-01 1.02e-01f  1
 372r 9.1452098e+00 1.96e-01 5.38e+03  -2.2 1.43e-01   1.1 5.96e-01 2.51e-01f  1
 373r 8.9261207e+00 2.39e-01 6.69e+03  -2.2 3.57e-01   0.6 4.31e-01 1.89e-01f  1
 374r 8.6147385e+00 3.31e-01 6.72e+03  -2.2 7.58e-01   0.1 3.04e-01 1.70e-01f  1
 375r 8.4729428e+00 4.45e-01 6.94e+03  -2.2 3.39e-01   0.6 1.00e+00 4.14e-01f  1
 376r 8.3554898e+00 4.69e-01 6.14e+03  -2.2 1.06e+00   0.1 1.84e-01 1.29e-01f  1
 377r 8.2426841e+00 4.87e-01 4.59e+03  -2.2 2.65e-01   0.5 6.54e-01 3.02e-01f  1
 378r 7.5929198e+00 3.57e-01 3.29e+03  -2.2 1.67e+00   0.0 4.76e-01 3.25e-01f  1
 379r 6.6567475e+00 2.25e-01 2.14e+03  -2.2 8.74e-01   0.4 1.68e-01 4.96e-01f  1
iter    objective    inf_pr   inf_du lg(mu)  ||d||  lg(rg) alpha_du alpha_pr  ls
 380r 6.5995139e+00 2.25e-01 2.01e+03  -2.2 1.22e-02   4.5 3.92e-02 1.28e-01f  1
 381r 6.5083105e+00 2.24e-01 1.61e+03  -2.2 1.15e-02   4.0 6.48e-01 2.20e-01f  1
 382r 6.4129125e+00 2.24e-01 1.12e+03  -2.2 1.15e-02   3.5 2.86e-01 2.81e-01f  1
 383r 6.3993713e+00 2.24e-01 1.07e+03  -2.2 3.24e-02   3.1 2.90e-01 5.54e-02f  1
 384r 6.2986838e+00 2.23e-01 5.93e+02  -2.2 8.61e-03   2.6 3.45e-01 4.25e-01f  1
 385r 6.2158770e+00 2.24e-01 3.61e+03  -2.2 1.12e-02   2.1 9.61e-01 4.66e-01f  1
 386r 5.9628508e+00 2.24e-01 1.13e+01  -2.2 4.13e-02   1.6 1.00e+00 1.00e+00f  1
 387r 5.6600950e+00 2.14e-01 4.95e+02  -2.2 1.33e-01   1.1 1.00e+00 4.53e-01f  1
 388r 4.8372395e+00 1.72e-01 1.95e+02  -2.2 1.87e-01   0.7 3.71e-01 5.57e-01f  1
 389r 3.5890248e+00 9.23e-02 9.19e+01  -2.2 3.22e-01   0.2 5.18e-01 4.96e-01f  1
iter    objective    inf_pr   inf_du lg(mu)  ||d||  lg(rg) alpha_du alpha_pr  ls
 390r 2.4059610e+00 7.46e-02 2.39e+02  -2.2 9.36e-01  -0.3 1.20e-01 1.97e-01f  1
 391r 1.8259706e+00 5.32e-02 7.32e+01  -2.2 4.20e-01   0.1 4.07e-01 2.93e-01f  1
 392r 1.3910082e+00 4.47e-02 2.34e+02  -2.2 1.34e-01   0.6 1.00e+00 5.29e-01f  1
 393r 1.0867650e+00 4.07e-02 4.04e+02  -2.2 3.81e-01   0.1 6.17e-01 2.70e-01f  1
 394r 7.7567232e-01 3.79e-02 1.48e+03  -2.2 4.36e-01  -0.4 1.00e+00 5.34e-01f  1
 395r 5.7281450e-01 3.52e-02 1.76e+02  -2.2 1.69e-01   0.0 1.00e+00 1.00e+00f  1
 396r 5.2148423e-01 3.56e-02 1.09e+02  -2.2 8.53e-02   0.5 1.00e+00 7.80e-01f  1
 397r 4.2288035e-01 3.71e-02 1.28e+03  -2.2 1.69e-01  -0.0 1.00e+00 8.70e-01f  1
 398r 2.2903029e-01 3.86e-02 2.29e+03  -2.2 2.80e-01  -0.5 9.43e-01 7.73e-01f  1
 399r 6.2765423e-02 3.92e-02 2.83e+03  -2.2 7.28e-01  -1.0 2.75e-01 6.35e-01f  1
iter    objective    inf_pr   inf_du lg(mu)  ||d||  lg(rg) alpha_du alpha_pr  ls
 400r 2.4185453e-02 3.90e-02 4.63e+03  -2.2 2.93e+00  -1.4 6.12e-02 1.95e-01f  1
 401r 2.4186753e-02 3.90e-02 4.60e+03  -2.2 3.14e+00   3.5 4.63e-04 6.91e-05h  1
 402r 2.3858983e-02 3.90e-02 3.43e+03  -2.2 5.77e-04   3.0 7.76e-01 2.62e-01f  1
 403r 2.3904287e-02 3.90e-02 5.79e+03  -2.2 1.76e-02   2.5 6.39e-01 8.02e-02f  1
 404r 2.6237573e-02 3.97e-02 1.11e+02  -2.2 3.58e-03   2.1 1.00e+00 1.00e+00f  1
 405r 2.9377034e-02 3.97e-02 2.51e+01  -2.2 6.85e-03   1.6 1.00e+00 1.00e+00h  1
 406r 3.0583748e-02 3.94e-02 3.02e+00  -2.2 1.20e-02   1.1 1.00e+00 1.00e+00f  1
 407r 2.2698749e-02 3.92e-02 1.35e+01  -2.2 1.82e-02   0.6 1.00e+00 1.00e+00f  1
 408r 1.9311378e-02 3.92e-02 7.14e-01  -2.2 6.84e-03   1.1 1.00e+00 1.00e+00h  1
 409r 1.0114464e-02 3.93e-02 3.55e-01  -2.2 2.05e-02   0.6 1.00e+00 1.00e+00f  1
iter    objective    inf_pr   inf_du lg(mu)  ||d||  lg(rg) alpha_du alpha_pr  ls
 410r-7.4895242e-02 3.81e-02 1.70e+03  -2.9 9.18e-02   1.0 3.47e-01 2.31e-01f  1
 411r-1.6823189e-01 2.94e-02 1.97e+03  -2.9 1.62e-01   0.5 4.35e-01 3.46e-01f  1
 412r-2.0411452e-01 1.98e-02 1.23e+03  -2.9 3.37e-01   0.1 2.51e-01 2.86e-01f  1
 413r-2.8085426e-01 4.29e-02 1.12e+03  -2.9 5.71e-01  -0.4 2.68e-01 2.20e-01f  1
 414r-2.7114796e-01 4.25e-02 1.22e+03  -2.9 4.18e+00  -0.9 3.55e-02 7.97e-03f  1
 415r-4.4881107e-01 2.34e-01 9.20e+02  -2.9 4.02e+00  -1.4 8.98e-02 1.52e-01f  1
 416r-5.6589681e-01 2.39e-01 1.19e+03  -2.9 9.60e-01  -1.0 2.76e-01 8.63e-02f  1
 417r-7.9447271e-01 1.45e+00 1.92e+03  -2.9 4.19e+00  -1.4 4.48e-02 7.97e-02f  1
 418r-9.0497127e-01 8.78e-01 1.13e+03  -2.9 2.61e-01  -0.1 5.19e-01 4.85e-01f  1
 419r-9.4582229e-01 6.40e-01 7.96e+02  -2.9 1.13e-01   0.3 5.55e-01 5.76e-01f  1
iter    objective    inf_pr   inf_du lg(mu)  ||d||  lg(rg) alpha_du alpha_pr  ls
 420r-9.7023091e-01 8.88e-01 1.46e+03  -2.9 4.17e-02   0.8 1.00e+00 9.12e-01f  1
 421r-9.7324107e-01 7.75e-01 1.60e+03  -2.9 1.51e-02   1.2 9.62e-01 1.41e-01h  1
 422r-9.9136580e-01 5.09e-01 1.97e+03  -2.9 4.16e-02   0.7 1.00e+00 3.43e-01f  1
 423r-1.1363167e+00 5.50e-02 4.64e+01  -2.9 9.73e-02   0.2 8.93e-01 8.93e-01f  1
 424r-1.1991586e+00 5.93e-03 6.51e+01  -2.9 3.01e-02   0.7 1.00e+00 1.00e+00f  1
 425r-1.2959019e+00 6.03e-03 8.35e+02  -2.9 1.19e-01   0.2 1.37e-01 4.78e-01f  1
 426r-1.3215903e+00 6.04e-03 1.13e+03  -2.9 4.44e-02   0.6 8.19e-01 2.62e-01f  1
 427r-1.3888586e+00 5.85e-03 3.96e+02  -2.9 1.35e+01   0.1 1.45e-03 4.87e-03f  1
 428r-1.5057320e+00 5.58e-03 3.19e+02  -2.9 3.03e-01   0.5 8.48e-02 1.09e-01f  1
 429r-1.6000026e+00 5.57e-03 2.16e+02  -2.9 4.79e-02   1.0 3.87e-01 3.18e-01f  1
iter    objective    inf_pr   inf_du lg(mu)  ||d||  lg(rg) alpha_du alpha_pr  ls
 430r-1.7621076e+00 5.57e-03 1.77e+02  -2.9 1.93e-01   0.5 1.24e-01 1.74e-01f  1
 431r-1.9220830e+00 5.67e-03 1.64e+02  -2.9 5.23e-01   0.0 7.07e-02 7.60e-02f  1
 432r-2.0793209e+00 5.77e-03 1.58e+02  -2.9 1.29e+00  -0.5 2.00e-01 8.47e-02f  1
 433r-2.1938245e+00 1.57e-01 1.50e+02  -2.9 4.67e+00  -0.9 3.20e-02 4.47e-02f  1
 434r-2.2408303e+00 1.65e-01 1.28e+03  -2.9 6.72e-02   0.4 2.62e-03 2.72e-01f  1
 435r-2.2856675e+00 2.43e-01 8.64e+02  -2.9 2.49e-02   0.8 1.22e-02 4.84e-01f  1
 436r-2.3008456e+00 4.99e-02 5.17e+02  -2.9 2.81e-03   2.2 5.76e-01 1.00e+00f  1
 437r-2.3011372e+00 3.35e-02 1.64e+02  -2.9 1.00e-03   2.6 1.00e+00 7.63e-01h  1
 438r-2.3019719e+00 1.18e-02 8.04e+01  -2.9 1.38e-03   2.1 1.00e+00 1.00e+00f  1
 439r-2.3109625e+00 5.68e-03 1.65e+00  -2.9 3.93e-03   1.6 1.00e+00 1.00e+00h  1
iter    objective    inf_pr   inf_du lg(mu)  ||d||  lg(rg) alpha_du alpha_pr  ls
 440r-2.3320150e+00 5.61e-03 4.80e-01  -2.9 1.15e-02   1.1 1.00e+00 1.00e+00f  1
 441r-2.3831971e+00 5.90e-03 2.55e+00  -2.9 3.44e-02   0.7 1.00e+00 1.00e+00f  1
 442r-2.5303813e+00 1.26e-02 3.38e+00  -2.9 1.10e-01   0.2 1.00e+00 1.00e+00f  1
 443r-2.9734630e+00 2.40e-02 4.25e+00  -2.9 4.25e-01  -0.3 1.00e+00 1.00e+00f  1
 444r-3.2021027e+00 2.35e-02 8.15e+01  -2.9 2.01e+01  -0.8 5.47e-02 2.39e-02f  1
 445r-3.4222353e+00 1.95e-02 2.37e+02  -2.9 1.44e+00  -0.3 4.75e-01 1.80e-01f  1
 446r-3.9104038e+00 7.35e-03 2.02e+00  -2.9 4.02e-01   0.1 1.00e+00 1.00e+00f  1
 447r-4.1846300e+00 7.63e-03 1.10e+01  -2.9 1.67e-01   0.5 1.00e+00 9.40e-01h  1
 448r-4.4837870e+00 7.88e-03 1.11e+02  -2.9 6.32e-01   0.0 4.60e-01 2.53e-01f  1
 449r-5.1564680e+00 8.10e-03 1.58e+02  -2.9 4.57e+00  -0.4 8.34e-02 6.93e-02f  1
iter    objective    inf_pr   inf_du lg(mu)  ||d||  lg(rg) alpha_du alpha_pr  ls
 450r-5.5442084e+00 7.99e-03 1.96e+02  -2.9 2.77e-01  -0.0 2.54e-01 3.74e-01f  1
 451r-6.4185187e+00 9.45e-03 2.31e+02  -2.9 7.67e-01  -0.5 1.55e-01 2.68e-01f  1
 452r-6.6405359e+00 9.86e-03 2.26e+02  -2.9 6.61e+00  -1.0 1.15e-02 1.06e-02f  1
 453r-6.9821505e+00 1.02e-02 2.15e+02  -2.9 1.96e+00  -1.4 8.23e-02 4.66e-02f  1
 454r-7.2423665e+00 1.05e-02 3.39e+02  -2.9 1.02e+00  -1.0 3.98e-01 9.86e-02f  1
 455r-7.5694325e+00 1.69e-02 2.29e+02  -2.9 2.29e+00  -1.5 5.40e-02 1.10e-01f  1
 456r-7.8326829e+00 1.26e-02 1.55e+02  -2.9 4.25e-01  -0.2 4.11e-01 3.25e-01f  1
 457r-8.2904117e+00 9.91e-03 1.12e+02  -2.9 3.53e-01  -0.6 5.76e-01 4.46e-01f  1
 458r-9.3735662e+00 7.28e-03 2.59e+02  -2.9 5.37e-01  -1.1 6.04e-01 1.00e+00f  1
 459r-9.7352648e+00 9.77e-03 1.56e+02  -2.9 1.45e+00  -1.6 7.42e-01 5.71e-01f  1
iter    objective    inf_pr   inf_du lg(mu)  ||d||  lg(rg) alpha_du alpha_pr  ls
 460r-9.8239901e+00 7.64e-03 8.66e+01  -2.9 3.25e+00  -2.1 2.75e-01 3.75e-01f  1
 461r-9.9529758e+00 6.75e-03 3.23e+02  -2.9 1.27e+00  -1.6 1.00e+00 4.66e-01f  1
 462r-1.0026620e+01 8.81e-03 3.38e+02  -2.9 2.70e+00  -2.1 7.16e-01 4.43e-01f  1
 463r-1.0071854e+01 2.05e-02 2.46e+02  -2.9 4.62e+00  -2.6 2.36e-01 2.50e-01f  1
 464r-1.0092537e+01 2.01e-02 3.47e+02  -2.9 9.61e+00  -2.2 1.22e-01 2.24e-02f  1
 465r-1.0055388e+01 4.37e-02 2.77e+02  -2.9 3.79e+00  -2.7 1.59e-01 3.81e-01f  1
 466r-1.0014138e+01 3.08e-02 1.71e+02  -2.9 1.59e+00  -2.2 3.79e-01 3.69e-01f  1
 467r-9.8822817e+00 2.31e-01 4.76e+02  -2.9 3.79e+00  -2.7 5.14e-01 5.88e-01f  1
 468r-9.5812058e+00 5.29e-01 1.94e+03  -2.9 1.41e+02    -  5.17e-01 2.61e-01f  1
 469r-9.5749866e+00 5.22e-01 2.02e+03  -2.9 1.43e+02    -  4.58e-02 1.22e-02h  1
iter    objective    inf_pr   inf_du lg(mu)  ||d||  lg(rg) alpha_du alpha_pr  ls
 470r-9.5638694e+00 5.17e-01 3.61e+03  -2.9 9.06e+01    -  9.34e-01 1.05e-02f  1
 471r-8.5040418e+00 1.45e+00 8.59e+01  -2.9 7.51e+01    -  7.37e-01 9.76e-01f  1
 472r-8.4858692e+00 2.24e-01 3.50e+01  -2.9 7.80e+00    -  1.00e+00 8.46e-01h  1
 473r-8.4546193e+00 1.24e-02 7.76e+01  -2.9 2.76e+00    -  8.46e-02 1.00e+00f  1
 474r-8.4553552e+00 3.95e-03 1.34e-02  -2.9 5.48e-01    -  1.00e+00 1.00e+00h  1
 475r-1.0032215e+01 6.80e-02 4.57e+02  -4.5 9.55e+01    -  4.45e-01 4.04e-01f  1
 476r-1.0011486e+01 5.97e-02 1.70e+03  -4.5 6.92e+00  -3.2 1.92e-01 1.24e-01f  1
 477r-9.9686212e+00 5.66e-02 1.29e+03  -4.5 2.06e+01  -3.7 3.62e-02 5.21e-02f  1
 478r-9.8337058e+00 6.28e-02 2.87e+03  -4.5 2.60e+02    -  9.05e-02 3.48e-02f  1
 479r-9.4775250e+00 3.17e-01 3.75e+02  -4.5 2.65e+02    -  5.14e-03 1.21e-01f  1
iter    objective    inf_pr   inf_du lg(mu)  ||d||  lg(rg) alpha_du alpha_pr  ls
 480r-9.4784774e+00 3.16e-01 4.22e+02  -4.5 6.85e+01  -4.1 1.89e-05 2.72e-03f  1
 481r-9.4529538e+00 3.00e-01 1.19e+03  -4.5 2.04e+01  -3.7 1.47e-02 5.44e-02f  1
 482r-9.4563798e+00 2.96e-01 7.24e+02  -4.5 7.52e+00  -3.3 3.86e-02 1.53e-02f  1
 483r-9.4466650e+00 2.84e-01 1.40e+03  -4.5 2.25e+01  -3.8 7.80e-03 4.27e-02f  1
 484r-9.4612677e+00 2.59e-01 2.53e+03  -4.5 8.47e+00  -3.3 2.75e-02 9.11e-02f  1
 485r-9.4606452e+00 2.49e-01 2.13e+03  -4.5 2.42e+01  -3.8 2.56e-01 3.98e-02f  1
 486r-9.5238488e+00 2.13e-01 8.09e+03  -4.5 9.70e+00  -3.4 4.88e-01 1.47e-01f  1
 487r-9.4673193e+00 1.66e-01 5.85e+03  -4.5 2.92e+01  -3.9 2.26e-01 2.45e-01f  1
 488r-9.5238282e+00 1.30e+00 5.57e+03  -4.5 2.99e+02    -  1.01e-01 8.58e-02f  1
 489r-9.5932465e+00 1.09e+00 5.55e+03  -4.5 2.23e+02    -  2.30e-01 1.64e-01f  1
iter    objective    inf_pr   inf_du lg(mu)  ||d||  lg(rg) alpha_du alpha_pr  ls
 490r-9.6677540e+00 7.92e-01 6.77e+03  -4.5 1.51e+02    -  2.62e-02 2.87e-01f  1
 491r-9.7965641e+00 5.28e-01 1.97e+03  -4.5 8.68e+01    -  4.11e-01 3.44e-01f  1
 492r-9.9439275e+00 4.13e-01 7.80e+03  -4.5 3.44e+01    -  6.51e-01 2.21e-01f  1
 493r-1.0385038e+01 2.72e-01 4.18e+03  -4.5 3.01e+00  -3.4 2.19e-01 3.43e-01f  1
 494r-1.0459892e+01 1.31e-01 6.84e+02  -4.5 1.15e-01  -1.2 2.82e-01 5.19e-01f  1
 495r-1.0509807e+01 3.67e-03 3.97e+03  -4.5 5.34e-02  -0.8 8.14e-02 1.00e+00f  1
 496r-1.0634217e+01 3.52e-03 6.24e+02  -4.5 9.95e-02  -1.3 8.43e-01 7.97e-01h  1
 497r-1.0882232e+01 3.37e-03 8.03e+01  -4.5 2.71e-01  -1.7 9.47e-01 7.43e-01f  1
 498r-1.1357386e+01 3.26e-03 8.08e-01  -4.5 5.58e-01  -2.2 1.00e+00 1.00e+00f  1
 499r-1.1439494e+01 3.20e-03 2.54e+02  -4.5 1.03e+00  -2.7 9.62e-01 3.29e-01h  1
iter    objective    inf_pr   inf_du lg(mu)  ||d||  lg(rg) alpha_du alpha_pr  ls
 500r-1.1646778e+01 4.31e-02 3.35e+02  -4.5 2.63e+00  -3.2 8.99e-02 1.00e+00f  1
 501r-1.1643986e+01 4.22e-02 2.21e+02  -4.5 7.79e+00  -3.6 2.75e-01 1.49e-01h  1
 502r-1.1625960e+01 3.28e-02 5.90e+00  -4.5 2.91e+00  -3.2 1.00e+00 1.00e+00f  1
 503r-1.1681358e+01 5.05e-01 2.83e+02  -4.5 8.65e+00  -3.7 2.19e-01 5.90e-01h  1
 504r-1.1694899e+01 4.01e-01 1.08e+02  -4.5 3.72e+00  -3.3 4.77e-01 2.92e-01h  1
 505r-1.1657255e+01 8.83e-01 3.36e+02  -4.5 1.80e+01  -3.7 2.06e-01 5.54e-01f  1
 506r-1.1656413e+01 8.70e-01 2.30e+02  -4.5 7.22e+00  -3.3 4.70e-01 1.54e-02h  1
 507r-1.1656765e+01 2.80e-01 1.12e+02  -4.5 1.80e+00  -2.9 7.74e-01 7.08e-01f  1
 508r-1.1593293e+01 7.48e-01 6.08e+02  -4.5 1.26e+02  -3.4 3.37e-02 2.85e-02h  1
 509r-1.1595664e+01 7.05e-01 5.73e+02  -4.5 9.11e+00  -3.8 2.37e-01 5.75e-02h  1
iter    objective    inf_pr   inf_du lg(mu)  ||d||  lg(rg) alpha_du alpha_pr  ls
 510r-1.1456147e+01 6.41e-01 5.36e+02  -4.5 4.92e+02    -  1.26e-02 5.72e-02h  1
 511r-1.1306883e+01 5.98e-01 5.00e+02  -4.5 4.88e+02    -  9.05e-02 6.27e-02h  1
 512r-1.1177120e+01 5.56e-01 4.64e+02  -4.5 3.79e+02    -  1.95e-01 7.28e-02f  1
 513r-1.1293737e+01 3.72e-01 3.07e+02  -4.5 1.38e+02    -  3.52e-01 3.35e-01h  1
 514r-1.0860291e+01 4.36e-01 3.01e+02  -4.5 5.40e+03    -  8.90e-03 2.14e-02h  1
 515r-1.0999652e+01 3.83e-01 2.25e+02  -4.5 1.84e+02    -  2.92e-01 2.51e-01h  1
 516r-1.1006666e+01 3.29e-01 2.06e+02  -4.5 1.03e+02    -  3.57e-01 1.75e-01h  1
 517r-1.1006094e+01 2.98e-01 2.79e+02  -4.5 1.20e+02    -  2.00e-01 9.54e-02h  1
 518r-1.1004038e+01 2.54e-01 3.70e+02  -4.5 1.08e+02    -  5.80e-01 1.51e-01h  1
 519r-1.1007206e+01 1.20e-01 2.48e+02  -4.5 7.98e+01    -  5.03e-01 6.47e-01h  1
iter    objective    inf_pr   inf_du lg(mu)  ||d||  lg(rg) alpha_du alpha_pr  ls
 520r-1.1006755e+01 2.53e-02 2.59e+01  -4.5 3.48e+01    -  8.93e-01 8.71e-01h  1
 521r-1.0867466e+01 1.65e-02 2.08e+04  -4.5 6.51e+01    -  4.58e-02 1.00e+00H  1
 522r-1.0959878e+01 6.37e-02 1.23e+01  -4.5 4.88e+01    -  1.00e+00 1.00e+00h  1
 523r-1.0997138e+01 9.30e-03 1.78e-02  -4.5 1.87e+01    -  1.00e+00 1.00e+00h  1
 524r-1.0997909e+01 4.05e-03 7.36e-05  -4.5 6.17e-01    -  1.00e+00 1.00e+00h  1
 525r-1.1742470e+01 1.31e-02 8.80e+02  -7.0 1.32e+01    -  3.00e-01 4.37e-01f  1
 526r-1.1692334e+01 1.55e-02 3.04e+02  -7.0 2.19e+01  -4.3 2.37e-01 1.35e-01f  1
 527r-1.1705052e+01 9.09e-03 1.47e+03  -7.0 5.66e-01  -2.1 4.31e-02 4.17e-01f  1
 528r-1.1710664e+01 5.68e-03 7.04e+02  -7.0 1.49e-01  -1.7 4.40e-01 3.76e-01f  1
 529r-1.1712816e+01 4.05e-03 7.75e+02  -7.0 8.82e-02  -1.2 2.59e-01 4.74e-01f  1
iter    objective    inf_pr   inf_du lg(mu)  ||d||  lg(rg) alpha_du alpha_pr  ls
 530r-1.1713159e+01 4.05e-03 7.22e+02  -7.0 1.33e+00  -1.7 5.47e-02 3.75e-02h  1
 531r-1.1713996e+01 4.05e-03 6.58e+02  -7.0 1.25e+00  -2.2 5.66e-02 1.55e-02h  1
 532r-1.1723101e+01 4.05e-03 4.64e+02  -7.0 8.87e-01  -2.7 1.91e-01 7.03e-02h  1
 533r-1.1774825e+01 4.05e-03 2.71e+02  -7.0 1.45e+00  -3.1 3.19e-01 2.34e-01f  1
 534r-1.1817352e+01 4.04e-03 2.13e+02  -7.0 4.65e+00  -3.6 2.30e-01 1.45e-01f  1
 535r-1.1825537e+01 4.04e-03 2.31e+02  -7.0 1.38e+01  -4.1 6.60e-02 3.60e-02f  1
 536r-1.1870088e+01 4.04e-03 2.72e+02  -7.0 5.24e+00  -3.7 2.19e-01 1.34e-01f  1
 537r-1.1878136e+01 4.04e-03 2.82e+02  -7.0 1.55e+01  -4.2 5.68e-02 3.26e-02f  1
 538r-1.1919052e+01 4.04e-03 2.95e+02  -7.0 5.89e+00  -3.7 1.76e-01 1.17e-01f  1
 539r-1.1925747e+01 4.04e-03 2.93e+02  -7.0 1.73e+01  -4.2 4.10e-02 2.97e-02f  1
iter    objective    inf_pr   inf_du lg(mu)  ||d||  lg(rg) alpha_du alpha_pr  ls
 540r-1.1965507e+01 4.04e-03 2.60e+02  -7.0 6.60e+00  -3.8 1.19e-01 1.17e-01f  1
 541r-1.1972361e+01 4.24e-03 2.52e+02  -7.0 1.93e+01  -4.3 4.38e-02 3.98e-02f  1
 542r-1.1976348e+01 4.19e-03 2.93e+02  -7.0 7.40e+00  -3.8 9.87e-02 1.24e-02h  1
 543r-1.1979119e+01 4.31e-03 2.87e+02  -7.0 2.16e+01  -4.3 1.57e-02 1.86e-02h  1
 544r-1.1978873e+01 4.32e-03 2.86e+02  -7.0 1.91e+02  -4.8 1.73e-03 4.97e-04h  1
 545r-1.1979162e+01 4.31e-03 2.86e+02  -7.0 9.22e+01  -4.4 1.36e-03 1.22e-03h  1
 546r-1.1964380e+01 8.67e-03 2.73e+02  -7.0 6.55e+01  -4.8 1.45e-02 2.90e-02f  1
 547r-1.1966700e+01 9.65e-03 2.63e+02  -7.0 2.68e+01  -4.4 4.49e-02 4.11e-02f  1
 548r-1.1968959e+01 9.58e-03 2.69e+02  -7.0 1.04e+01  -4.0 2.80e-02 7.87e-03h  1
 549r-1.1968779e+01 9.63e-03 2.70e+02  -7.0 2.99e+01  -4.5 2.87e-02 1.34e-02h  1
iter    objective    inf_pr   inf_du lg(mu)  ||d||  lg(rg) alpha_du alpha_pr  ls
 550r-1.1972682e+01 9.53e-03 2.68e+02  -7.0 1.17e+01  -4.0 1.72e-02 1.40e-02h  1
 551r-1.1969967e+01 1.93e-02 2.25e+02  -7.0 3.33e+01  -4.5 3.97e-02 9.48e-02f  1
 552r-1.1969284e+01 1.93e-02 2.30e+02  -7.0 8.76e+01  -5.0 2.07e-02 8.06e-04f  1
 553r-1.1968499e+01 1.92e-02 2.27e+02  -7.0 3.70e+01  -4.6 6.02e-03 8.79e-03h  1
 554r-1.1897255e+01 7.29e-02 2.01e+02  -7.0 9.63e+01  -5.0 2.85e-02 7.18e-02f  1
 555r-1.1895699e+01 7.29e-02 2.01e+02  -7.0 2.12e+02  -5.5 4.71e-03 5.70e-04h  1
 556r-1.1842254e+01 9.76e-02 1.97e+02  -7.0 3.69e+02  -6.0 6.51e-03 1.09e-02h  1
 557r-1.1741976e+01 1.72e-01 2.31e+02  -7.0 2.28e+02  -5.6 1.96e-02 3.38e-02h  1
 558r-1.1652370e+01 2.48e-01 2.33e+02  -7.0 6.33e+02  -6.0 1.62e-02 1.78e-02h  1
 559r-1.1627980e+01 2.50e-01 1.96e+02  -7.0 2.54e+02  -5.6 2.41e-02 7.57e-03h  1
iter    objective    inf_pr   inf_du lg(mu)  ||d||  lg(rg) alpha_du alpha_pr  ls
 560r-1.1578787e+01 3.07e-01 2.08e+02  -7.0 2.56e+03  -6.1 2.24e-02 1.12e-02h  1
 561r-1.1554932e+01 3.10e-01 2.16e+02  -7.0 3.69e+02  -5.7 2.86e-02 6.45e-03h  1
 562r-1.1324996e+01 7.24e-01 1.78e+02  -7.0 1.47e+02  -5.2 9.27e-02 1.41e-01f  1
 563r-1.1318929e+01 7.24e-01 1.78e+02  -7.0 2.67e+03  -5.7 1.05e-03 8.25e-04h  1
 564r-1.1115303e+01 9.96e-01 1.66e+02  -7.0 1.72e+02  -5.3 1.59e-01 1.08e-01f  1
 565r-1.1113641e+01 9.93e-01 1.87e+02  -7.0 7.04e+01  -4.9 6.98e-02 2.97e-03h  1
 566r-1.1048883e+01 1.00e+00 1.62e+02  -7.0 2.17e+02  -5.3 2.87e-03 2.74e-02f  1
 567r-1.1048429e+01 9.99e-01 1.86e+02  -7.0 7.94e+01  -4.9 4.99e-02 6.49e-04h  1
 568r-1.0986512e+01 1.01e+00 1.58e+02  -7.0 2.93e+02  -5.4 2.34e-03 2.04e-02f  1
 569r-1.0986300e+01 1.01e+00 2.08e+02  -7.0 8.97e+01  -5.0 6.40e-02 2.47e-04h  1
iter    objective    inf_pr   inf_du lg(mu)  ||d||  lg(rg) alpha_du alpha_pr  ls
 570r-1.0983891e+01 1.01e+00 2.16e+02  -7.0 5.22e+02  -5.5 3.35e-03 5.43e-04h  1
 571r-1.0984664e+01 1.01e+00 2.16e+02  -7.0 5.44e+02  -5.0 3.93e-04 3.31e-04f  1
 572r-1.0984595e+01 1.01e+00 2.68e+02  -7.0 1.13e+03  -5.5 1.12e-02 9.56e-06h  1
 573r-1.0981775e+01 1.00e+00 3.41e+02  -7.0 1.14e+02  -5.1 6.79e-02 2.42e-03f  1
 574r-1.0960178e+01 1.01e+00 3.27e+02  -7.0 7.72e+03  -5.6 3.11e-05 5.94e-04h  1
 575r-1.0956049e+01 1.00e+00 5.27e+02  -7.0 8.69e+01  -5.1 2.80e-02 5.74e-03h  1
 576r-1.0902067e+01 1.00e+00 3.19e+02  -7.0 1.92e+02  -5.6 2.42e-03 2.03e-02h  1
 577r-1.0865442e+01 1.00e+00 3.23e+02  -7.0 3.55e+02  -6.1 9.47e-03 7.31e-03h  1
 578r-1.0797360e+01 9.18e-01 1.78e+02  -7.0 5.39e+01  -4.8 8.82e-03 2.02e-01h  1
 579r-1.0721892e+01 9.20e-01 1.72e+02  -7.0 1.64e+02  -5.2 1.30e-02 3.65e-02h  1
iter    objective    inf_pr   inf_du lg(mu)  ||d||  lg(rg) alpha_du alpha_pr  ls
 580r-1.0692157e+01 8.77e-01 1.70e+02  -7.0 5.81e+01  -4.8 3.72e-02 6.04e-02h  1
 581r-1.0677133e+01 8.73e-01 1.60e+02  -7.0 1.70e+02  -5.3 4.11e-02 6.66e-03h  1
 582r-1.0665327e+01 8.58e-01 1.57e+02  -7.0 6.42e+01  -4.9 5.79e-02 1.85e-02f  1
 583r-1.0659477e+01 8.57e-01 1.83e+02  -7.0 1.88e+02  -5.3 5.46e-02 2.30e-03h  1
 584r-1.0655612e+01 8.52e-01 2.21e+02  -7.0 7.13e+01  -4.9 1.25e-01 5.27e-03f  1
 585r-1.0304429e+01 1.61e+00 1.60e+02  -7.0 2.12e+02  -5.4 5.13e-02 1.22e-01h  1
 586r-1.0054341e+01 1.96e+00 1.53e+02  -7.0 2.77e+02  -5.9 4.62e-02 4.73e-02h  1
 587r-9.8630241e+00 2.42e+00 1.54e+02  -7.0 1.40e+03  -6.3 8.49e-03 1.95e-02h  1
 588r-9.6637240e+00 2.56e+00 1.57e+02  -7.0 2.53e+02  -5.9 3.48e-02 3.82e-02h  1
 589r-9.6257621e+00 2.58e+00 1.54e+02  -7.0 3.23e+03  -6.4 3.03e-03 2.90e-03h  1
iter    objective    inf_pr   inf_du lg(mu)  ||d||  lg(rg) alpha_du alpha_pr  ls
 590r-9.6124950e+00 2.57e+00 1.58e+02  -7.0 1.97e+02  -6.0 2.80e-05 4.04e-03f  1
 591r-9.3789591e+00 2.64e+00 1.66e+02  -7.0 9.45e+01  -5.5 6.22e-02 1.39e-01h  1
 592r-9.0216373e+00 3.12e+00 2.38e+02  -7.0 2.46e+02  -6.0 1.04e-02 7.64e-02h  1
 593r-8.6936750e+00 3.24e+00 1.91e+02  -7.0 1.46e+02  -5.6 1.52e-01 9.90e-02h  1
 594r-8.1260158e+00 2.94e+00 1.47e+02  -7.0 3.97e+02  -6.1 3.77e-02 8.95e-02h  1
 595r-7.9344617e+00 2.85e+00 1.81e+02  -7.0 7.04e+02  -6.5 1.12e-01 3.32e-02h  1
 596r-7.6754355e+00 2.81e+00 1.85e+02  -7.0 4.42e+04  -7.0 2.39e-03 1.90e-03h  1
 597r-7.5380231e+00 2.77e+00 1.81e+02  -7.0 1.31e+03  -6.6 1.21e-02 1.35e-02h  1
 598r-7.2413499e+00 2.57e+00 2.10e+02  -7.0 4.68e+02  -6.2 1.61e-01 7.49e-02h  1
 599r-6.8543475e+00 2.12e+00 1.56e+02  -7.0 2.25e+02  -5.7 1.36e-01 1.69e-01h  1
iter    objective    inf_pr   inf_du lg(mu)  ||d||  lg(rg) alpha_du alpha_pr  ls
 600r-6.8214101e+00 2.06e+00 6.82e+02  -7.0 1.02e+02  -5.3 6.18e-04 2.70e-02h  1
 601r-6.4547285e+00 1.85e+00 6.32e+02  -7.0 4.11e+02  -5.8 6.63e-02 7.45e-02h  1
 602r-6.2937268e+00 1.81e+00 6.27e+02  -7.0 1.46e+03  -6.3 3.28e-03 1.27e-02h  1
 603r-6.1625878e+00 1.70e+00 1.14e+04  -7.0 1.76e+02  -5.8 2.71e-04 6.04e-02h  1
 604r-6.0948916e+00 1.69e+00 1.14e+04  -7.0 5.65e+03  -6.3 9.69e-05 1.29e-03h  1
 605r-6.0945733e+00 1.69e+00 1.07e+04  -7.0 2.44e+01  -5.0 4.34e-03 1.30e-03h  1
 606r-6.0456333e+00 1.62e+00 1.03e+04  -7.0 1.28e+02  -5.5 1.79e-01 3.94e-02f  1
 607r-5.9436557e+00 1.57e+00 9.87e+03  -7.0 3.06e+02  -5.9 5.85e-02 4.57e-02h  1
 608r-5.8909990e+00 1.57e+00 9.82e+03  -7.0 1.54e+03  -6.4 7.25e-03 4.82e-03h  1
 609r-5.8114513e+00 1.51e+00 9.35e+03  -7.0 2.72e+02  -6.0 1.98e-02 4.70e-02h  1
iter    objective    inf_pr   inf_du lg(mu)  ||d||  lg(rg) alpha_du alpha_pr  ls
 610r-5.7704135e+00 1.50e+00 9.29e+03  -7.0 8.55e+02  -6.5 5.13e-03 7.16e-03h  1
 611r-5.7108544e+00 1.46e+00 8.96e+03  -7.0 2.82e+02  -6.0 2.41e-03 3.40e-02f  1
 612r-5.6301472e+00 1.44e+00 8.82e+03  -7.0 6.91e+02  -6.5 5.83e-02 1.81e-02h  1
 613r-5.5312080e+00 1.45e+00 8.72e+03  -7.0 1.59e+03  -7.0 2.63e-04 9.47e-03h  1
 614r-5.5322236e+00 1.45e+00 8.70e+03  -7.0 1.05e+02  -4.8 2.04e-06 2.27e-03h  1
 615r-5.5219561e+00 1.23e+00 7.36e+03  -7.0 3.16e+01  -5.2 2.69e-06 1.52e-01f  1
 616r-5.5199143e+00 1.22e+00 7.33e+03  -7.0 5.70e+00  -3.9 1.36e-02 4.69e-03h  1
 617r-5.4912279e+00 1.10e+00 6.58e+03  -7.0 1.83e+01  -4.4 6.92e-04 1.04e-01f  1
 618r-5.4977635e+00 9.88e-01 5.92e+03  -7.0 6.43e+00  -4.0 6.35e-02 1.01e-01h  1
 619r-5.5028779e+00 9.71e-01 5.81e+03  -7.0 1.63e+01  -4.4 1.21e-02 1.74e-02h  1
iter    objective    inf_pr   inf_du lg(mu)  ||d||  lg(rg) alpha_du alpha_pr  ls
 620r-5.5023630e+00 9.55e-01 5.72e+03  -7.0 1.61e+01  -4.9 8.47e-02 1.68e-02h  1
 621r-5.4880129e+00 8.79e-01 5.25e+03  -7.0 4.44e+01  -5.4 7.00e-02 8.14e-02h  1
 622r-5.4794602e+00 8.70e-01 5.20e+03  -7.0 1.27e+02  -5.9 6.78e-02 1.06e-02h  1
 623r-5.3685501e+00 8.47e-01 4.92e+03  -7.0 3.03e+02  -6.4 1.50e-03 5.24e-02h  1
 624r-4.9978464e+00 1.01e+00 4.77e+03  -7.0 1.12e+03  -6.8 2.10e-04 3.02e-02h  1
 625r-4.9722810e+00 1.01e+00 4.77e+03  -7.0 2.72e+03  -7.3 5.17e-03 1.36e-03h  1
 626r-4.8675439e+00 1.01e+00 4.74e+03  -7.0 1.13e+03  -6.9 6.91e-04 6.14e-03h  1
 627r-4.8528822e+00 1.00e+00 4.70e+03  -7.0 2.39e+02  -5.6 2.01e-04 6.26e-03h  1
 628r-4.7078555e+00 9.83e-01 4.54e+03  -7.0 2.94e+02  -6.0 2.17e-02 3.36e-02h  1
 629r-4.6552404e+00 9.62e-01 4.45e+03  -7.0 1.57e+02  -5.6 4.28e-02 2.19e-02h  1
iter    objective    inf_pr   inf_du lg(mu)  ||d||  lg(rg) alpha_du alpha_pr  ls
 630r-4.5634285e+00 7.85e-01 3.61e+03  -7.0 4.13e+01  -5.2 1.03e-01 1.88e-01h  1
 631r-4.5416287e+00 7.61e-01 3.50e+03  -7.0 7.35e+01  -5.7 3.03e-02 3.14e-02h  1
 632r-4.5335187e+00 7.59e-01 3.49e+03  -7.0 2.02e+02  -6.1 5.04e-04 3.57e-03h  1
 633r-4.5049429e+00 7.47e-01 3.43e+03  -7.0 1.52e+02  -5.7 2.03e-04 1.56e-02f  1
 634r-4.4546630e+00 6.53e-01 3.01e+03  -7.0 5.00e+01  -5.3 1.88e-02 1.22e-01f  1
 635r-4.3615729e+00 6.22e-01 2.89e+03  -7.0 1.82e+02  -5.8 4.55e-02 3.96e-02h  1
 636r-4.2309360e+00 6.32e-01 2.85e+03  -7.0 1.19e+03  -6.2 9.28e-04 1.17e-02h  1
 637r-4.2243434e+00 6.30e-01 2.84e+03  -7.0 6.20e+02  -6.7 1.58e-03 3.24e-03h  1
 638r-4.2241736e+00 6.29e-01 2.82e+03  -7.0 3.74e+01  -5.4 5.83e-02 2.21e-03f  1
 639r-4.2000465e+00 5.65e-01 2.55e+03  -7.0 1.05e+02  -5.9 6.10e-02 1.02e-01h  1
iter    objective    inf_pr   inf_du lg(mu)  ||d||  lg(rg) alpha_du alpha_pr  ls
 640r-4.2002578e+00 4.57e-01 2.07e+03  -7.0 3.95e+01  -5.4 1.47e-01 1.94e-01h  1
 641r-4.1663479e+00 4.07e-01 1.83e+03  -7.0 1.13e+02  -5.9 1.52e-01 1.08e-01h  1
 642r-4.0969397e+00 3.74e-01 1.69e+03  -7.0 2.80e+02  -6.4 8.30e-02 7.59e-02h  1
 643r-4.0851851e+00 3.54e-01 1.56e+03  -7.0 3.38e+02  -6.9 8.55e-02 7.71e-02h  1
 644r-4.0365316e+00 3.44e-01 1.50e+03  -7.0 8.81e+02  -7.3 1.49e-01 2.11e-02h  1
 645r-3.9546730e+00 3.26e-01 1.43e+03  -7.0 2.19e+03  -7.8 5.79e-02 5.01e-02h  1
 646r-3.5947350e+00 7.55e-01 1.24e+03  -7.0 9.23e+02  -7.4 2.96e-02 1.44e-01f  1
 647r-3.1239313e+00 2.04e+00 1.21e+03  -7.0 4.78e+03  -7.9 1.92e-05 5.28e-02h  1
 648r-3.0807583e+00 2.04e+00 1.21e+03  -7.0 1.46e+05  -8.3 1.05e-03 9.93e-04h  1
 649r-3.0151534e+00 2.05e+00 1.20e+03  -7.0 3.35e+03    -  1.76e-02 7.93e-03h  1
iter    objective    inf_pr   inf_du lg(mu)  ||d||  lg(rg) alpha_du alpha_pr  ls
 650r-2.8346940e+00 2.14e+00 1.15e+03  -7.0 1.65e+03  -7.0 2.87e-02 4.22e-02h  1
 651r-2.8360281e+00 2.12e+00 1.14e+03  -7.0 3.69e+02  -7.5 8.50e-02 9.17e-03h  1
 652r-2.8168073e+00 2.06e+00 1.11e+03  -7.0 1.15e+03  -8.0 1.09e-06 2.57e-02h  1
 653r-2.7820169e+00 2.01e+00 2.54e+03  -7.0 2.12e+03  -7.5 2.05e-03 2.98e-02h  1
 654r-2.7809564e+00 2.01e+00 2.56e+03  -7.0 1.81e+05  -7.1 2.15e-05 6.01e-05h  1
 655r-2.7405917e+00 1.90e+00 2.49e+03  -7.0 8.31e+02  -6.7 2.73e-02 5.91e-02h  1
 656r-2.7286735e+00 1.86e+00 2.43e+03  -7.0 2.90e+02  -6.3 8.07e-02 2.28e-02h  1
 657r-2.6726839e+00 1.72e+00 2.21e+03  -7.0 1.19e+03    -  8.95e-03 8.18e-02h  1
 658r-2.6666159e+00 1.71e+00 2.20e+03  -7.0 6.60e+02    -  2.76e-02 7.67e-03h  1
 659r-2.6629808e+00 1.70e+00 2.19e+03  -7.0 5.43e+02    -  8.18e-04 3.96e-03h  1
iter    objective    inf_pr   inf_du lg(mu)  ||d||  lg(rg) alpha_du alpha_pr  ls
 660r-2.5644585e+00 1.56e+00 1.92e+03  -7.0 5.94e+02    -  4.01e-03 1.02e-01f  1
 661r-2.4865440e+00 1.47e+00 1.77e+03  -7.0 3.58e+02    -  6.78e-02 7.48e-02h  1
 662r-2.4415516e+00 1.43e+00 1.72e+03  -7.0 4.02e+02  -5.8 3.65e-04 2.87e-02h  1
 663r-2.3568629e+00 1.38e+00 1.64e+03  -7.0 4.30e+02  -5.4 1.20e-02 3.86e-02h  1
 664r-2.3339602e+00 1.13e+00 1.33e+03  -7.0 2.52e+01  -5.0 9.55e-02 1.83e-01f  1
 665r-2.3337090e+00 1.13e+00 1.33e+03  -7.0 1.41e+01  -4.6 8.10e-02 1.89e-03h  1
 666r-2.3290835e+00 1.12e+00 1.31e+03  -7.0 4.99e+01  -5.0 1.18e-02 1.02e-02h  1
 667r-2.3274538e+00 1.12e+00 1.32e+03  -7.0 8.09e+02  -5.5 1.84e-03 2.88e-04h  1
 668r-2.3265624e+00 1.12e+00 1.32e+03  -7.0 6.94e+01  -5.1 3.21e-02 1.68e-03h  1
 669r-2.3247751e+00 1.12e+00 1.32e+03  -7.0 4.88e+02  -5.6 1.39e-03 5.25e-04h  1
iter    objective    inf_pr   inf_du lg(mu)  ||d||  lg(rg) alpha_du alpha_pr  ls
 670r-2.3054203e+00 1.10e+00 1.30e+03  -7.0 3.43e+02  -5.1 2.16e-05 1.12e-02h  1
 671r-2.2981665e+00 1.07e+00 1.26e+03  -7.0 3.35e+01  -4.7 4.94e-02 3.23e-02h  1
 672r-2.2924786e+00 9.97e-01 1.18e+03  -7.0 9.18e+00  -4.3 3.43e-02 6.52e-02h  1
 673r-2.2754151e+00 9.34e-01 1.11e+03  -7.0 4.21e+01  -4.8 4.55e-02 6.36e-02h  1
 674r-2.2514000e+00 7.62e-01 8.73e+02  -7.0 1.02e+01  -4.3 1.48e-02 1.85e-01h  1
 675r-2.2339658e+00 7.55e-01 8.66e+02  -7.0 1.80e+02  -4.8 8.95e-03 8.70e-03h  1
 676r-2.2150860e+00 6.62e-01 7.48e+02  -7.0 1.45e+01  -4.4 5.80e-02 1.23e-01h  1
 677r-2.2159739e+00 6.60e-01 7.60e+02  -7.0 2.86e+03    -  3.20e-02 2.83e-03h  1
 678r-2.2177393e+00 6.58e-01 7.71e+02  -7.0 2.55e+03    -  2.67e-02 4.31e-03h  1
 679r-2.2171220e+00 6.57e-01 7.79e+02  -7.0 3.28e+03    -  1.81e-02 7.41e-04h  1
iter    objective    inf_pr   inf_du lg(mu)  ||d||  lg(rg) alpha_du alpha_pr  ls
 680r-2.2170137e+00 6.53e-01 8.37e+02  -7.0 8.40e+00  -4.9 1.51e-01 6.29e-03h  1
 681r-2.1517435e+00 6.33e-01 7.88e+02  -7.0 1.78e+03    -  2.52e-02 4.93e-02h  1
 682r-2.0630399e+00 6.41e-01 6.79e+02  -7.0 8.47e+02    -  8.21e-03 9.96e-02h  1
 683r-2.0479851e+00 6.29e-01 8.21e+02  -7.0 7.30e+02    -  6.33e-03 2.25e-02h  1
 684r-1.9172639e+00 6.52e-01 2.33e+03  -7.0 7.07e+02    -  1.22e-02 2.04e-01h  1
 685r-1.9167418e+00 6.23e-01 2.34e+03  -7.0 3.94e+01  -5.4 1.95e-01 4.46e-02h  1
 686r-1.9142796e+00 6.05e-01 2.28e+03  -7.0 2.75e+01  -5.8 4.15e-02 2.92e-02h  1
 687r-1.9092712e+00 5.87e-01 2.21e+03  -7.0 5.82e+01  -6.3 4.58e-02 2.97e-02h  1
 688r-1.8983161e+00 5.70e-01 2.16e+03  -7.0 1.87e+02  -6.8 7.99e-02 2.86e-02h  1
 689r-1.8181997e+00 5.63e-01 2.13e+03  -7.0 3.41e+03  -6.4 1.59e-02 1.23e-02h  1
iter    objective    inf_pr   inf_du lg(mu)  ||d||  lg(rg) alpha_du alpha_pr  ls
 690r-1.8171703e+00 5.55e-01 2.10e+03  -7.0 1.92e+02  -6.8 1.73e-02 1.43e-02h  1
 691r-1.8011517e+00 5.45e-01 2.06e+03  -7.0 2.67e+03  -7.3 3.67e-03 2.07e-02f  1
 692r-1.7968076e+00 5.43e-01 2.06e+03  -7.0 5.91e+02  -6.9 5.07e-04 3.93e-03h  1
 693r-1.7907682e+00 5.38e-01 2.06e+03  -7.0 3.45e+02  -6.5 1.45e-03 8.06e-03h  1
 694r-1.7906199e+00 5.38e-01 2.05e+03  -7.0 6.59e+03    -  9.31e-04 1.31e-04h  1
 695r-1.7894257e+00 5.38e-01 2.04e+03  -7.0 4.10e+03    -  2.24e-03 1.32e-03h  1
 696r-1.7887040e+00 5.37e-01 2.04e+03  -7.0 4.52e+03    -  6.87e-04 8.11e-04h  1
 697r-1.7838644e+00 5.33e-01 2.03e+03  -7.0 8.51e+02    -  1.23e-03 7.87e-03f  1
 698r-1.7800228e+00 5.30e-01 2.02e+03  -7.0 7.47e+02    -  2.55e-05 6.68e-03f  1
 699r-1.7789170e+00 5.29e-01 2.01e+03  -7.0 7.50e+02    -  1.78e-02 2.02e-03f  1
iter    objective    inf_pr   inf_du lg(mu)  ||d||  lg(rg) alpha_du alpha_pr  ls
 700r-1.7616701e+00 5.13e-01 1.96e+03  -7.0 7.43e+02    -  4.98e-03 3.17e-02h  1
 701r-1.7518488e+00 5.03e-01 1.92e+03  -7.0 6.27e+02    -  6.46e-03 2.01e-02h  1
 702r-1.7424201e+00 4.93e-01 1.88e+03  -7.0 5.99e+02    -  3.25e-02 1.99e-02f  1
 703r-1.7142855e+00 4.66e-01 1.77e+03  -7.0 5.71e+02    -  1.48e-02 6.06e-02f  1
 704r-1.7034302e+00 4.54e-01 1.73e+03  -7.0 4.95e+02    -  4.81e-02 2.49e-02f  1
 705r-1.6903034e+00 4.43e-01 1.68e+03  -7.0 5.07e+02    -  1.19e-02 2.58e-02h  1
 706r-1.6837711e+00 4.38e-01 1.66e+03  -7.0 4.85e+02    -  5.67e-02 1.29e-02h  1
 707r-1.6732703e+00 4.29e-01 1.63e+03  -7.0 4.72e+02    -  2.12e-02 2.04e-02h  1
 708r-1.6723306e+00 4.28e-01 1.63e+03  -7.0 1.83e+02  -6.9 7.34e-03 1.67e-03h  1
 709r-1.6670517e+00 4.24e-01 1.61e+03  -7.0 4.41e+02    -  3.03e-02 1.02e-02h  1
iter    objective    inf_pr   inf_du lg(mu)  ||d||  lg(rg) alpha_du alpha_pr  ls
 710r-1.6658623e+00 4.23e-01 1.60e+03  -7.0 1.88e+02  -5.6 6.08e-03 1.83e-03h  1
 711r-1.6578177e+00 4.17e-01 1.58e+03  -7.0 4.42e+02    -  5.57e-02 1.54e-02h  1
 712r-1.6561046e+00 4.16e-01 1.58e+03  -7.0 1.95e+02  -5.2 6.18e-04 2.80e-03h  1
 713r-1.6514793e+00 4.12e-01 1.56e+03  -7.0 4.09e+02    -  2.70e-02 8.68e-03h  1
 714r-1.6486272e+00 4.10e-01 1.56e+03  -7.0 2.00e+02  -4.8 4.84e-03 5.36e-03h  1
 715r-1.5527299e+00 3.62e-01 1.27e+03  -7.0 4.53e+02    -  1.33e-01 1.83e-01h  1
 716r-1.5509168e+00 3.38e-01 1.18e+03  -7.0 6.30e+00  -4.3 9.42e-03 6.51e-02h  1
 717r-1.4279742e+00 3.66e-01 9.12e+02  -7.0 3.55e+02    -  4.31e-02 2.14e-01h  1
 718r-1.4182237e+00 3.64e-01 9.03e+02  -7.0 5.94e+02    -  6.11e-03 1.04e-02h  1
 719r-1.2660360e+00 6.38e-01 7.59e+02  -7.0 6.12e+02    -  1.58e-02 1.61e-01h  1
iter    objective    inf_pr   inf_du lg(mu)  ||d||  lg(rg) alpha_du alpha_pr  ls
 720r-1.2672542e+00 6.32e-01 7.54e+02  -7.0 6.90e+01  -4.8 1.38e-02 8.20e-03h  1
 721r-1.2534707e+00 6.26e-01 7.44e+02  -7.0 6.32e+02    -  1.36e-05 1.47e-02f  1
 722r-1.2520906e+00 6.16e-01 7.32e+02  -7.0 4.37e+01  -4.4 9.45e-03 1.60e-02h  1
 723r-1.2414245e+00 6.08e-01 7.18e+02  -7.0 4.78e+02    -  9.16e-05 1.54e-02f  1
 724r-1.2238583e+00 6.00e-01 7.03e+02  -7.0 5.33e+02    -  7.28e-06 2.17e-02f  1
 725r-1.2237397e+00 5.98e-01 7.16e+02  -7.0 8.06e+00  -4.9 2.70e-01 3.49e-03h  1
 726r-1.2217688e+00 4.99e-01 5.88e+02  -7.0 3.73e+00  -4.4 3.96e-02 1.65e-01h  1
 727r-1.2093748e+00 4.94e-01 5.80e+02  -7.0 6.20e+02    -  2.51e-02 1.36e-02h  1
 728r-1.2080036e+00 4.86e-01 5.42e+02  -7.0 1.70e+01  -4.9 1.31e-01 1.65e-02h  1
 729r-1.2036967e+00 3.87e-01 4.20e+02  -7.0 3.83e+00  -4.5 3.95e-02 2.03e-01h  1
iter    objective    inf_pr   inf_du lg(mu)  ||d||  lg(rg) alpha_du alpha_pr  ls
 730r-1.1754216e+00 3.90e-01 4.10e+02  -7.0 7.33e+02    -  1.22e-02 2.59e-02h  1
 731r-1.1747908e+00 3.84e-01 4.04e+02  -7.0 9.83e+00  -5.0 5.70e-03 1.55e-02f  1
 732r-1.1624948e+00 3.32e-01 3.52e+02  -7.0 2.80e+01  -5.4 4.87e-02 1.35e-01h  1
 733r-1.1512839e+00 3.31e-01 3.44e+02  -7.0 1.03e+03    -  1.21e-02 6.75e-03h  1
 734r-1.1509270e+00 3.26e-01 3.38e+02  -7.0 1.95e+00  -4.1 9.20e-02 1.55e-02h  1
 735r-1.1445419e+00 3.25e-01 3.38e+02  -7.0 9.32e+02    -  2.20e-03 4.37e-03h  1
 736r-1.1430504e+00 3.24e-01 3.40e+02  -7.0 1.27e+02  -4.6 4.48e-05 2.75e-03f  1
 737r-1.1335898e+00 3.23e-01 3.24e+02  -7.0 9.24e+02    -  4.38e-02 6.62e-03h  1
 738r-1.0800461e+00 3.50e-01 3.08e+02  -7.0 9.26e+02    -  5.00e-02 3.76e-02f  1
 739r-1.0797993e+00 3.47e-01 3.07e+02  -7.0 2.19e+00  -4.2 8.63e-02 7.94e-03h  1
iter    objective    inf_pr   inf_du lg(mu)  ||d||  lg(rg) alpha_du alpha_pr  ls
 740r-1.0641614e+00 3.47e-01 3.04e+02  -7.0 9.20e+02    -  8.42e-03 1.16e-02f  1
 741r-1.0624033e+00 3.37e-01 2.90e+02  -7.0 8.34e+00  -4.6 6.48e-02 2.78e-02f  1
 742r-1.0541256e+00 3.36e-01 2.83e+02  -7.0 9.00e+02    -  4.72e-02 6.31e-03h  1
 743r-1.0526621e+00 3.25e-01 2.74e+02  -7.0 2.76e+00  -4.2 1.00e-03 3.44e-02h  1
 744r-1.0507450e+00 3.01e-01 2.58e+02  -7.0 1.44e+00  -3.8 2.46e-01 7.23e-02h  1
 745r-1.0480890e+00 3.00e-01 2.58e+02  -7.0 4.84e+02    -  8.86e-03 3.76e-03h  1
 746r-1.0478625e+00 2.99e-01 2.56e+02  -7.0 4.24e+00  -4.3 9.35e-03 3.78e-03h  1
 747r-1.0483095e+00 2.99e-01 2.56e+02  -7.0 1.73e+03    -  5.30e-04 3.20e-04h  1
 748r-1.0478765e+00 2.98e-01 2.58e+02  -7.0 2.61e+02    -  9.65e-03 1.14e-03h  1
 749r-1.0429361e+00 2.99e-01 2.56e+02  -7.0 4.91e+03    -  1.31e-03 6.86e-04h  1
iter    objective    inf_pr   inf_du lg(mu)  ||d||  lg(rg) alpha_du alpha_pr  ls
 750r-1.0481122e+00 2.79e-01 2.97e+02  -7.0 4.77e+00  -3.8 8.49e-04 6.70e-02f  1
 751r-1.0466690e+00 2.78e-01 2.96e+02  -7.0 3.60e+02    -  1.42e-03 2.76e-03h  1
 752r-1.0366436e+00 2.12e-01 2.15e+02  -7.0 2.99e+00  -4.3 1.20e-01 2.38e-01f  1
 753r-1.0110380e+00 8.23e-02 8.80e+01  -7.0 7.71e+00  -4.8 4.84e-01 6.12e-01h  1
 754r-1.0046543e+00 5.41e-02 5.22e+01  -7.0 3.00e+00  -4.4 6.01e-01 3.44e-01h  1
 755r-9.9457334e-01 1.83e-03 6.21e+04  -7.0 1.17e+00  -3.9 1.58e-02 1.00e+00h  1
 756r-9.8749960e-01 1.83e-03 2.78e-01  -7.0 3.19e+00  -4.4 1.00e+00 1.00e+00h  1
 757r-9.8488271e-01 1.83e-03 5.40e-03  -7.0 1.21e+00  -4.0 1.00e+00 1.00e+00h  1
 758r-9.8095444e-01 1.84e-03 9.56e+00  -7.0 3.46e+00  -4.5 3.73e-01 4.95e-01h  1
 759r-9.7963570e-01 1.84e-03 1.31e+01  -7.0 8.85e+02    -  2.44e-02 1.07e-03f  1
iter    objective    inf_pr   inf_du lg(mu)  ||d||  lg(rg) alpha_du alpha_pr  ls
 760r-9.6787840e-01 4.14e-03 1.11e+02  -7.0 1.05e+03    -  1.44e-01 7.76e-03f  1
 761r-9.1743942e-01 1.14e-01 8.44e+01  -7.0 9.01e+02    -  9.27e-03 3.85e-02h  1
 762r-8.1405364e-01 2.19e-01 6.39e+01  -7.0 6.11e+02    -  9.54e-02 1.16e-01f  1
 763r-7.7574736e-01 2.40e-01 9.67e+01  -7.0 8.47e+02    -  9.90e-02 3.33e-02h  1
 764r-6.8678532e-01 3.66e-01 6.57e+01  -7.0 5.55e+02    -  5.55e-02 1.19e-01h  1
 765r-6.0014196e-01 4.54e-01 5.91e+02  -7.0 3.58e+02    -  3.42e-02 1.90e-01h  1
 766r-5.9700008e-01 2.23e-01 4.73e+02  -7.0 3.72e+00  -4.9 1.07e-01 5.08e-01h  1
 767r-5.9456742e-01 2.10e-01 4.38e+02  -7.0 1.22e+01  -5.4 1.91e-01 5.85e-02h  1
 768r-5.5605180e-01 1.49e-01 3.15e+02  -7.0 3.68e+01  -5.9 9.95e-02 2.99e-01h  1
 769r-5.4283374e-01 1.47e-01 2.95e+02  -7.0 2.36e+02    -  1.48e-01 3.80e-02h  1
iter    objective    inf_pr   inf_du lg(mu)  ||d||  lg(rg) alpha_du alpha_pr  ls
 770r-5.2032156e-01 1.47e-01 3.83e+02  -7.0 2.45e+02    -  8.62e-01 7.84e-02h  1
 771r-4.8619584e-01 1.55e-01 3.48e+02  -7.0 2.31e+02    -  1.00e+00 1.27e-01h  1
 772r-2.4960247e-01 1.50e+00 4.97e+01  -7.0 2.15e+02    -  4.17e-01 9.98e-01h  1
 773r-1.0490964e-01 1.05e+00 1.35e+02  -7.0 1.82e+02    -  1.48e-01 1.00e+00h  1
 774r-9.3086328e-02 4.73e-01 8.23e+01  -7.0 8.63e+00  -5.5 3.04e-01 5.49e-01h  1
 775r-9.2663101e-02 4.67e-01 8.15e+01  -7.0 1.16e+01  -5.0 9.35e-02 1.25e-02h  1
 776r-1.0800492e-01 1.58e-03 9.75e+01  -7.0 2.91e+00  -4.6 3.19e-01 1.00e+00h  1
 777r-1.0670251e-01 1.58e-03 9.50e+01  -7.0 7.93e+00  -5.1 2.01e-02 2.55e-02h  1
 778r-1.0121591e-01 1.58e-03 8.03e+01  -7.0 1.07e+00  -4.7 6.13e-01 2.47e-01f  1
 779r-9.6437582e-02 1.58e-03 6.06e+01  -7.0 5.75e-01  -4.2 1.00e+00 3.64e-01f  1
iter    objective    inf_pr   inf_du lg(mu)  ||d||  lg(rg) alpha_du alpha_pr  ls
 780r-8.0020205e-02 1.59e-03 5.58e+00  -7.0 1.88e+00  -4.7 7.80e-01 9.37e-01f  1
 781r-7.4854561e-02 1.59e-03 3.81e-03  -7.0 7.98e-01  -4.3 1.00e+00 1.00e+00f  1
 782r-5.9375028e-02 1.60e-03 5.97e+01  -7.0 2.99e+00  -4.8 2.97e-01 1.00e+00h  1
 783r-5.6705918e-02 1.60e-03 6.04e+01  -7.0 1.30e+00  -4.3 1.87e-01 4.56e-01h  1
 784r-5.3897856e-02 1.61e-03 1.26e-02  -7.0 4.39e-01  -3.9 1.00e+00 1.00e+00f  1
 785r-4.7845011e-02 1.61e-03 4.00e+00  -7.0 1.72e+00  -4.4 2.06e-01 2.28e-01h  1
 786r-3.8883212e-02 1.61e-03 8.64e+01  -7.0 5.64e-01  -4.0 4.27e-01 7.72e-01f  1
 787r-1.4629100e-02 1.62e-03 1.82e+02  -7.0 2.73e+00  -4.4 1.69e-01 5.14e-01f  1
 788r-6.7675918e-03 1.63e-03 2.35e+02  -7.0 9.64e-01  -4.0 8.11e-02 5.39e-01h  1
 789r 1.4832562e-02 1.64e-03 9.55e+01  -7.0 4.70e+00  -4.5 2.99e-01 2.29e-01f  1
iter    objective    inf_pr   inf_du lg(mu)  ||d||  lg(rg) alpha_du alpha_pr  ls
 790r 1.3495780e-02 1.64e-03 1.15e+02  -7.0 7.61e+00  -5.0 6.97e-02 3.16e-02h  1
 791r 1.5424030e-02 1.64e-03 1.51e+02  -7.0 2.32e+00  -4.6 5.69e-01 1.01e-01h  1
 792r 1.9463719e-02 1.64e-03 2.37e+02  -7.0 1.14e+02    -  3.09e-01 2.57e-02f  1
 793r 6.8438112e-02 2.19e-02 2.23e+02  -7.0 1.10e+02    -  5.38e-01 3.18e-01f  1
 794r 7.6330330e-02 2.09e-02 2.12e+02  -7.0 7.71e+01    -  8.67e-02 6.38e-02h  1
 795r 8.8281144e-02 1.98e-02 1.95e+02  -7.0 7.23e+01    -  1.20e-01 1.00e-01h  1
 796r 1.0232743e-01 2.02e-02 1.77e+02  -7.0 1.22e+02    -  9.40e-02 9.33e-02h  1
 797r 1.4657256e-01 2.77e-02 9.49e+01  -7.0 8.14e+01    -  5.03e-02 3.53e-01h  1
 798r 1.7487750e-01 2.34e-02 7.45e+01  -7.0 4.95e+01    -  5.16e-01 2.95e-01f  1
 799r 2.2964442e-01 1.32e-02 1.86e+01  -7.0 2.71e+01    -  5.59e-01 7.40e-01f  1
iter    objective    inf_pr   inf_du lg(mu)  ||d||  lg(rg) alpha_du alpha_pr  ls
 800r 2.4986562e-01 2.11e-03 2.41e-01  -7.0 8.18e+00    -  1.00e+00 1.00e+00f  1
 801r 2.4834068e-01 1.62e-03 2.16e+00  -7.0 1.94e+00    -  1.00e+00 8.54e-01h  1
 802r 2.4945440e-01 1.62e-03 9.74e-04  -7.0 6.79e-01    -  1.00e+00 1.00e+00h  1
 803r 2.4956546e-01 1.62e-03 3.14e-05  -7.0 1.90e-01    -  1.00e+00 1.00e+00h  1
 804r 2.4957458e-01 1.62e-03 6.25e-07  -7.0 2.49e-02    -  1.00e+00 1.00e+00h  1
 805r 1.0143459e-01 1.62e-03 1.06e+01  -8.8 1.43e+00    -  4.92e-01 4.76e-01f  1
 806r 3.8039403e-01 1.62e-03 1.99e+01  -8.8 1.50e+01  -5.0 5.15e-02 3.53e-02h  1
 807r 6.4680368e-01 1.62e-03 2.28e+02  -8.8 4.02e+01  -5.5 4.16e-03 2.39e-02h  1
 808r 6.5409440e-01 1.62e-03 2.19e+02  -8.8 3.53e+00  -4.2 4.56e-03 2.68e-03h  1
 809r 7.8296818e-01 1.62e-03 3.67e+02  -8.8 1.40e+00  -3.7 2.13e-02 1.06e-01f  1
iter    objective    inf_pr   inf_du lg(mu)  ||d||  lg(rg) alpha_du alpha_pr  ls
 810r 8.5000535e-01 1.62e-03 3.69e+02  -8.8 6.29e+00  -4.2 2.05e-02 2.42e-02h  1
 811r 1.0329875e+00 1.62e-03 3.46e+02  -8.8 1.90e+00  -3.8 4.77e-02 1.47e-01h  1
 812r 1.0480129e+00 1.62e-03 3.08e+02  -8.8 8.61e+00  -4.3 5.69e-02 5.42e-03h  1
 813r 1.0851493e+00 1.62e-03 3.01e+02  -8.8 2.32e+00  -3.9 1.22e-02 2.53e-02h  1
 814r 1.1256011e+00 1.62e-03 3.00e+02  -8.8 1.21e+01  -4.3 5.34e-03 1.21e-02f  1
 815r 1.5384609e+00 1.62e-03 2.38e+02  -8.8 2.51e+00  -3.9 7.63e-02 2.13e-01h  1
 816r 1.5928656e+00 1.62e-03 2.27e+02  -8.8 1.20e+01  -4.4 4.14e-02 1.12e-02h  1
 817r 1.8481709e+00 1.62e-03 2.30e+02  -8.8 1.66e+01  -4.9 8.03e-02 3.34e-02h  1
 818r 2.5278090e+00 6.58e-03 2.16e+02  -8.8 5.22e+01  -5.3 3.20e-02 4.68e-02h  1
 819r 2.6303905e+00 6.60e-03 2.24e+02  -8.8 1.84e+01  -4.9 5.00e-02 1.00e-02h  1
iter    objective    inf_pr   inf_du lg(mu)  ||d||  lg(rg) alpha_du alpha_pr  ls
 820r 3.6671710e+00 6.58e-03 1.95e+02  -8.8 4.83e+01  -5.4 2.79e-02 8.35e-02h  1
 821r 4.1470852e+00 7.97e-03 1.88e+02  -8.8 1.01e+02  -5.9 9.67e-03 2.73e-02h  1
 822r 4.4755596e+00 8.35e-03 2.64e+02  -8.8 2.71e+02  -6.3 5.07e-04 1.26e-02h  1
 823r 4.4818017e+00 8.35e-03 2.13e+02  -8.8 1.95e+02  -5.9 2.45e-03 1.60e-04h  1
 824r 4.6778890e+00 8.61e-03 1.83e+02  -8.8 2.89e+02  -6.4 1.02e-02 9.00e-03h  1
 825r 5.0008361e+00 9.39e-03 1.81e+02  -8.8 7.98e+02  -6.9 9.73e-03 1.21e-02f  1
 826r 5.0050231e+00 9.39e-03 2.09e+02  -8.8 2.33e+03  -7.3 6.13e-03 1.00e-04h  1
 827r 5.6996756e+00 2.09e-02 1.79e+02  -8.8 8.77e+02  -6.9 1.65e-03 2.55e-02f  1
 828r 5.8885312e+00 2.09e-02 1.83e+02  -8.8 3.22e+02  -6.5 1.27e-02 5.53e-03h  1
 829r 6.2306669e+00 2.12e-02 1.82e+02  -8.8 9.64e+02  -7.0 4.00e-03 3.27e-03h  1
iter    objective    inf_pr   inf_du lg(mu)  ||d||  lg(rg) alpha_du alpha_pr  ls
 830r 6.5228275e+00 2.12e-02 1.92e+02  -8.8 3.99e+02  -6.5 3.46e-03 2.55e-03h  1
 831r 6.9810997e+00 2.11e-02 1.82e+02  -8.8 1.77e+02  -6.1 3.06e-03 4.10e-03h  1
 832r 7.1498269e+00 2.10e-02 2.55e+02  -8.8 1.07e+02  -5.7 6.61e-03 2.01e-03h  1
 833r 7.1547025e+00 2.10e-02 2.70e+02  -8.8 4.12e+00  -4.4 1.30e-02 1.28e-03h  1
 834r 7.1964062e+00 2.10e-02 2.63e+02  -8.8 1.89e+01  -4.8 2.36e-03 2.81e-03f  1
 835r 7.3317427e+00 2.09e-02 1.81e+02  -8.8 9.54e+01  -5.3 2.79e-05 1.62e-03h  1
 836r 7.3446804e+00 2.07e-02 1.80e+02  -8.8 1.85e+00  -4.0 1.87e-02 8.40e-03f  1
 837r 7.3740482e+00 1.94e-02 1.65e+02  -8.8 7.78e-01  -3.6 5.14e-02 6.55e-02f  1
 838r 7.3779931e+00 1.93e-02 1.66e+02  -8.8 2.78e+00  -4.0 1.13e-02 2.97e-03h  1
 839r 7.4226088e+00 1.75e-02 1.62e+02  -8.8 8.88e-01  -3.6 1.17e-02 9.37e-02f  1
iter    objective    inf_pr   inf_du lg(mu)  ||d||  lg(rg) alpha_du alpha_pr  ls
 840r 7.4214650e+00 1.74e-02 1.61e+02  -8.8 6.16e+00  -4.1 3.72e-03 6.94e-03h  1
 841r 7.4628255e+00 1.61e-02 1.89e+02  -8.8 9.82e-01  -3.7 4.45e-02 7.59e-02h  1
 842r 7.4725383e+00 1.59e-02 1.84e+02  -8.8 4.99e+00  -4.1 5.86e-03 1.01e-02f  1
 843r 7.4950665e+00 1.53e-02 1.93e+02  -8.8 1.08e+00  -3.7 2.09e-02 3.66e-02h  1
 844r 7.5045332e+00 1.52e-02 1.91e+02  -8.8 3.93e+00  -4.2 1.69e-03 5.61e-03f  1
 845r 7.5052011e+00 1.52e-02 1.91e+02  -8.8 1.03e+01  -4.7 1.32e-03 6.42e-05h  1
 846r 7.5193461e+00 1.52e-02 3.27e+02  -8.8 1.14e+02  -5.1 2.49e-04 8.66e-05h  1
 847r 7.5940904e+00 1.52e-02 2.41e+02  -8.8 1.61e+01  -4.7 1.87e-04 4.39e-03f  1
 848r 7.7098760e+00 1.46e-02 6.51e+02  -8.8 4.02e+00  -4.3 3.65e-06 3.82e-02f  1
 849r 7.7687879e+00 1.46e-02 6.50e+02  -8.8 3.60e+01  -4.8 1.66e-05 1.60e-03h  1
iter    objective    inf_pr   inf_du lg(mu)  ||d||  lg(rg) alpha_du alpha_pr  ls
 850r 7.7694317e+00 1.46e-02 6.50e+02  -8.8 4.47e+00  -4.3 2.66e-02 1.86e-04h  1
 851r 7.9264984e+00 1.45e-02 6.46e+02  -8.8 2.05e+01  -4.8 4.88e-03 6.82e-03f  1
 852r 7.9427412e+00 1.44e-02 6.43e+02  -8.8 5.64e+00  -4.4 6.82e-02 3.60e-03h  1
 853r 8.1867776e+00 1.43e-02 6.38e+02  -8.8 2.54e+01  -4.9 7.12e-03 8.37e-03h  1
 854r 8.1870482e+00 1.43e-02 6.38e+02  -8.8 2.92e+01  -5.4 8.69e-05 3.74e-05h  1
 855r 8.1879453e+00 1.43e-02 6.38e+02  -8.8 1.07e+01  -4.0 3.13e-03 1.78e-04h  1
 856r 8.1945630e+00 1.42e-02 6.34e+02  -8.8 4.19e+00  -4.5 4.96e-02 5.62e-03h  1
 857r 8.2072235e+00 1.40e-02 6.23e+02  -8.8 1.18e+01  -5.0 2.73e-03 1.84e-02h  1
 858r 8.3519715e+00 1.35e-02 6.02e+02  -8.8 3.43e+01  -5.5 6.24e-03 3.35e-02f  1
 859r 8.3750701e+00 1.34e-02 5.97e+02  -8.8 9.53e+01  -5.9 4.08e-04 8.98e-03f  1
iter    objective    inf_pr   inf_du lg(mu)  ||d||  lg(rg) alpha_du alpha_pr  ls
 860r 8.4487884e+00 1.34e-02 5.96e+02  -8.8 1.37e+02  -5.5 1.44e-03 1.13e-03h  1
 861r 8.4649459e+00 1.34e-02 5.95e+02  -8.8 4.31e+01  -5.1 8.03e-03 1.05e-03h  1
 862r 8.4656882e+00 1.34e-02 5.95e+02  -8.8 1.05e+01  -4.7 5.34e-03 1.99e-04h  1
 863r 8.4805175e+00 1.34e-02 5.95e+02  -8.8 8.74e+01  -5.1 4.61e-04 3.37e-04f  1
 864r 9.0356056e+00 1.32e-02 5.84e+02  -8.8 2.59e+01  -4.7 2.51e-04 1.87e-02h  1
 865r 9.1009756e+00 1.30e-02 5.77e+02  -8.8 4.65e+00  -4.3 3.42e-06 1.13e-02f  1
 866r 9.5452091e+00 1.30e-02 5.76e+02  -8.8 1.72e+02  -4.8 2.65e-04 2.10e-03f  1
 867r 9.8219548e+00 1.25e-02 5.57e+02  -8.8 6.50e+00  -4.3 2.17e-02 3.38e-02h  1
 868r 9.9423884e+00 1.19e-02 5.28e+02  -8.8 1.77e+00  -3.9 2.45e-02 5.20e-02h  1
 869r 9.9528889e+00 1.19e-02 5.27e+02  -8.8 1.08e+01  -4.4 8.66e-07 8.24e-04f  1
iter    objective    inf_pr   inf_du lg(mu)  ||d||  lg(rg) alpha_du alpha_pr  ls
 870r 9.9761793e+00 1.18e-02 5.26e+02  -8.8 2.30e+01  -4.9 1.88e-03 3.18e-03f  1
 871r 9.9770549e+00 1.18e-02 5.26e+02  -8.8 2.81e+01  -5.3 3.85e-03 2.08e-04h  1
 872r 9.9951014e+00 1.18e-02 5.24e+02  -8.8 7.84e+01  -5.8 3.38e-03 3.06e-03f  1
 873r 1.0049718e+01 1.18e-02 5.22e+02  -8.8 2.17e+02  -6.3 3.22e-03 4.20e-03f  1
 874r 1.0193479e+01 1.19e-02 5.20e+02  -8.8 9.63e+02  -6.8 1.02e-03 3.73e-03f  1
 875r 1.0576018e+01 1.27e-02 5.07e+02  -8.8 2.40e+02  -6.3 1.40e-02 2.39e-02f  1
 876r 1.0725089e+01 1.29e-02 5.05e+02  -8.8 1.22e+03  -6.8 1.04e-02 4.66e-03h  1
 877r 1.0824529e+01 1.29e-02 5.02e+02  -8.8 2.62e+02  -6.4 3.27e-03 6.07e-03h  1
 878r 1.0851905e+01 1.28e-02 5.00e+02  -8.8 1.08e+02  -6.0 4.75e-03 3.69e-03h  1
 879r 1.0876486e+01 1.28e-02 5.00e+02  -8.8 2.90e+02  -6.4 6.91e-07 1.21e-03f  1
iter    objective    inf_pr   inf_du lg(mu)  ||d||  lg(rg) alpha_du alpha_pr  ls
 880r 1.0912805e+01 1.28e-02 4.97e+02  -8.8 1.20e+02  -6.0 3.87e-03 4.67e-03h  1
 881r 1.0952000e+01 1.28e-02 4.96e+02  -8.8 3.21e+02  -6.5 2.23e-03 1.99e-03f  1
 882r 1.1014769e+01 1.27e-02 4.92e+02  -8.8 1.33e+02  -6.1 8.85e-03 7.63e-03h  1
 883r 1.1231868e+01 1.30e-02 4.87e+02  -8.8 3.55e+02  -6.5 1.96e-03 1.04e-02f  1
 884r 1.1838005e+01 1.30e-02 4.86e+02  -8.8 4.43e+02  -6.1 9.92e-05 2.67e-03f  1
 885r 1.1849345e+01 1.29e-02 4.83e+02  -8.8 2.06e+00  -3.9 7.33e-02 5.31e-03f  1
 886r 1.1937098e+01 1.28e-02 4.80e+02  -8.8 1.15e+01  -4.4 2.39e-04 6.84e-03h  1
 887r 1.2238419e+01 1.13e-02 4.99e+02  -8.8 2.42e+00  -3.9 1.77e-02 1.18e-01f  1
 888r 1.2312471e+01 1.13e-02 5.38e+02  -8.8 2.33e+01  -4.4 1.84e-04 2.68e-03h  1
 889r 1.2323693e+01 1.12e-02 5.31e+02  -8.8 3.09e+00  -4.0 5.08e-03 3.36e-03f  1
iter    objective    inf_pr   inf_du lg(mu)  ||d||  lg(rg) alpha_du alpha_pr  ls
 890r 1.2326030e+01 1.12e-02 5.05e+02  -8.8 8.21e-01  -3.6 1.34e-01 3.54e-03f  1
 891r 1.2356927e+01 1.11e-02 4.36e+02  -8.8 3.62e+00  -4.0 2.44e-02 7.75e-03h  1
 892r 1.2573861e+01 8.93e-03 7.12e+02  -8.8 1.10e+00  -3.6 4.71e-02 1.97e-01f  1
 893r 1.2850985e+01 8.50e-03 8.96e+02  -8.8 4.89e+00  -4.1 7.40e-03 4.83e-02h  1
 894r 1.3213304e+01 6.49e-03 1.19e+03  -8.8 1.39e+00  -3.7 8.11e-02 2.36e-01f  1
 895r 1.3219207e+01 6.49e-03 1.05e+03  -8.8 1.48e+01  -4.1 6.05e-03 2.60e-04h  1
 896r 1.3260316e+01 6.32e-03 1.05e+03  -8.8 1.98e+00  -3.7 1.00e-02 2.68e-02f  1
 897r 1.3296148e+01 5.67e-03 9.34e+02  -8.8 5.52e-01  -3.3 1.13e-01 1.03e-01f  1
 898r 1.3467955e+01 5.05e-03 9.22e+02  -8.8 1.10e+00  -3.8 6.39e-02 1.09e-01f  1
 899r 1.3478600e+01 5.04e-03 8.96e+02  -8.8 3.06e+00  -4.2 1.56e-02 2.08e-03h  1
iter    objective    inf_pr   inf_du lg(mu)  ||d||  lg(rg) alpha_du alpha_pr  ls
 900r 1.3515151e+01 5.03e-03 8.97e+02  -8.8 9.66e+00  -4.7 9.48e-04 2.23e-03h  1
 901r 1.3716450e+01 5.02e-03 8.72e+02  -8.8 8.76e+01  -5.2 2.16e-03 1.72e-03h  1
 902r 1.3832273e+01 4.93e-03 8.80e+02  -8.8 8.65e+00  -4.8 8.83e-03 1.78e-02f  1
 903r 1.3871050e+01 4.91e-03 8.99e+02  -8.8 6.82e+00  -4.3 3.57e-04 3.30e-03h  1
 904r 1.3963685e+01 4.85e-03 8.68e+02  -8.8 9.40e+00  -4.8 2.16e-02 1.32e-02h  1
 905r 1.3975506e+01 4.84e-03 8.66e+02  -8.8 4.12e+00  -4.4 1.84e-08 2.08e-03f  1
 906r 1.3980528e+01 4.84e-03 8.66e+02  -8.8 1.07e+01  -4.9 9.38e-04 5.82e-04h  1
 907r 1.3991913e+01 4.83e-03 8.64e+02  -8.8 4.71e+00  -4.4 5.15e-07 1.68e-03f  1
 908r 1.4006666e+01 4.82e-03 8.63e+02  -8.8 1.21e+01  -4.9 3.82e-03 1.49e-03h  1
 909r 1.4051001e+01 4.75e-03 8.50e+02  -8.8 5.19e+00  -4.5 1.11e-02 1.45e-02f  1
iter    objective    inf_pr   inf_du lg(mu)  ||d||  lg(rg) alpha_du alpha_pr  ls
 910r 1.4212196e+01 4.69e-03 8.40e+02  -8.8 1.40e+01  -5.0 1.78e-02 1.25e-02f  1
 911r 1.4316025e+01 4.45e-03 7.96e+02  -8.8 1.03e+00  -3.6 4.40e-06 5.19e-02f  1
 912r 1.4550586e+01 4.44e-03 7.94e+02  -8.8 4.20e+01  -4.1 9.15e-04 2.11e-03f  1
 913r 1.4787873e+01 4.07e-03 7.27e+02  -8.8 1.43e+00  -3.7 3.13e-05 8.24e-02f  1
 914r 1.4814438e+01 3.93e-03 9.05e+02  -8.8 4.35e-01  -3.3 2.63e-03 3.49e-02f  1
 915r 1.4998521e+01 3.75e-03 8.64e+02  -8.8 1.92e+00  -3.8 4.72e-02 4.57e-02h  1
 916r 1.5143542e+01 3.19e-03 7.40e+02  -8.8 5.27e-01  -3.3 3.94e-02 1.49e-01h  1
 917r 1.5155532e+01 3.19e-03 7.39e+02  -8.8 6.96e+00  -3.8 3.29e-03 9.98e-04h  1
 918r 1.5165016e+01 3.17e-03 7.35e+02  -8.8 1.60e+00  -3.4 1.67e-02 4.89e-03h  1
 919r 1.5189869e+01 2.88e-03 6.68e+02  -8.8 2.40e-01  -3.0 5.35e-02 9.18e-02h  1
iter    objective    inf_pr   inf_du lg(mu)  ||d||  lg(rg) alpha_du alpha_pr  ls
 920r 1.5221281e+01 2.80e-03 6.49e+02  -8.8 9.42e-01  -3.4 3.15e-02 2.91e-02h  1
 921r 1.5282390e+01 2.21e-03 5.15e+02  -8.8 2.78e-01  -3.0 1.25e-01 2.10e-01f  1
 922r 1.5308029e+01 2.17e-03 5.04e+02  -8.8 1.20e+00  -3.5 2.59e-02 1.98e-02h  1
 923r 1.5342564e+01 1.97e-03 4.59e+02  -8.8 2.82e-01  -3.1 7.24e-02 9.14e-02f  1
 924r 1.5399617e+01 1.90e-03 4.41e+02  -8.8 1.12e+00  -3.5 4.93e-02 3.62e-02f  1
 925r 1.5482296e+01 1.58e-03 4.08e+02  -8.8 3.43e-01  -3.1 5.74e-02 1.89e-01f  1
 926r 1.5523089e+01 1.58e-03 3.06e+02  -8.8 1.43e-01  -2.7 2.24e-01 2.53e-01h  1
 927r 1.5663030e+01 1.58e-03 3.70e+02  -8.8 5.13e-01  -3.2 3.95e-02 2.06e-01f  1
 928r 1.5674261e+01 1.58e-03 3.77e+02  -8.8 2.98e+00  -3.6 8.23e-03 2.00e-03h  1
 929r 1.5688116e+01 1.58e-03 4.17e+02  -8.8 5.03e-01  -3.2 3.54e-02 1.56e-02f  1
iter    objective    inf_pr   inf_du lg(mu)  ||d||  lg(rg) alpha_du alpha_pr  ls
 930r 1.5738168e+01 1.58e-03 3.75e+02  -8.8 5.45e+00  -3.7 1.68e-03 5.11e-03h  1
 931r 1.5794337e+01 1.58e-03 5.81e+02  -8.8 2.83e+00  -4.2 7.67e-02 1.12e-02f  1
 932r 1.6209618e+01 1.58e-03 3.37e+02  -8.8 1.86e+01  -4.6 3.02e-04 1.35e-02f  1
 933r 1.6223665e+01 1.58e-03 3.53e+02  -8.8 3.44e+00  -4.2 5.77e-03 2.16e-03h  1
 934r 1.6327075e+01 1.58e-03 2.53e+02  -8.8 1.43e+00  -3.8 2.89e-03 4.28e-02f  1
 935r 1.6430104e+01 1.58e-03 2.53e+02  -8.8 4.68e+00  -4.3 1.16e-02 9.51e-03f  1
 936r 1.6802968e+01 1.57e-03 2.54e+02  -8.8 1.65e+00  -3.8 2.68e-02 1.26e-01f  1
 937r 1.6821472e+01 1.57e-03 2.67e+02  -8.8 2.02e+01  -4.3 7.73e-05 4.59e-04h  1
 938r 1.6862913e+01 1.57e-03 2.81e+02  -8.8 1.80e+00  -3.9 5.12e-03 1.11e-02f  1
 939r 1.6902665e+01 1.57e-03 2.88e+02  -8.8 3.93e+01  -4.4 2.81e-04 4.99e-04h  1
iter    objective    inf_pr   inf_du lg(mu)  ||d||  lg(rg) alpha_du alpha_pr  ls
 940r 1.7045856e+01 1.57e-03 3.62e+02  -8.8 2.28e+00  -3.9 6.98e-03 2.44e-02f  1
 941r 1.7066525e+01 1.57e-03 3.59e+02  -8.8 1.10e+00  -3.5 5.11e-03 8.71e-03f  1
 942r 1.7132748e+01 1.57e-03 3.56e+02  -8.8 2.94e+00  -4.0 9.58e-03 8.70e-03h  1
 943r 1.7148548e+01 1.57e-03 3.54e+02  -8.8 8.55e-01  -3.6 3.10e-02 8.37e-03f  1
 944r 1.7157797e+01 1.57e-03 3.53e+02  -8.8 3.52e+00  -4.0 9.41e-03 1.33e-03h  1
 945r 1.7179226e+01 1.57e-03 3.47e+02  -8.8 8.74e-01  -3.6 2.99e-02 1.44e-02f  1
 946r 1.7220878e+01 1.57e-03 3.45e+02  -8.8 3.95e+00  -4.1 4.50e-03 5.98e-03h  1
 947r 1.7240766e+01 1.57e-03 3.40e+02  -8.8 9.92e-01  -3.7 2.21e-02 1.24e-02h  1
 948r 1.7250467e+01 1.57e-03 3.34e+02  -8.8 4.34e-01  -3.2 2.32e-02 1.57e-02h  1
 949r 1.7264886e+01 1.57e-03 3.32e+02  -8.8 1.40e+00  -3.7 5.67e-03 6.17e-03h  1
iter    objective    inf_pr   inf_du lg(mu)  ||d||  lg(rg) alpha_du alpha_pr  ls
 950r 1.7268650e+01 1.57e-03 6.33e+02  -8.8 3.49e+01  -4.2 1.25e-03 6.64e-05h  1
 951r 1.7317607e+01 1.57e-03 4.99e+02  -8.8 1.27e+00  -3.8 2.75e-03 2.31e-02f  1
 952r 1.7343952e+01 1.57e-03 3.19e+02  -8.8 5.60e-01  -3.3 4.38e-03 2.91e-02f  1
 953r 1.7355343e+01 1.57e-03 3.17e+02  -8.8 1.46e+00  -3.8 8.14e-03 4.55e-03h  1
 954r 1.7372278e+01 1.57e-03 3.09e+02  -8.8 8.24e-01  -3.4 3.09e-02 1.37e-02f  1
 955r 1.7397832e+01 1.57e-03 3.07e+02  -8.8 1.68e+00  -3.9 5.42e-03 8.68e-03h  1
 956r 1.7407958e+01 1.57e-03 3.03e+02  -8.8 5.84e-01  -3.4 2.18e-02 1.09e-02f  1
 957r 1.7414279e+01 1.57e-03 3.03e+02  -8.8 3.25e+00  -3.9 2.02e-03 1.08e-03f  1
 958r 1.7423579e+01 1.57e-03 3.01e+02  -8.8 7.07e-01  -3.5 6.31e-03 6.76e-03h  1
 959r 1.7437465e+01 1.57e-03 3.00e+02  -8.8 2.45e+00  -4.0 3.96e-03 2.61e-03f  1
iter    objective    inf_pr   inf_du lg(mu)  ||d||  lg(rg) alpha_du alpha_pr  ls
 960r 1.7478813e+01 1.57e-03 2.89e+02  -8.8 7.43e-01  -3.5 1.37e-02 3.55e-02f  1
 961r 1.7554284e+01 1.57e-03 3.38e+02  -8.8 3.19e+00  -4.0 1.85e-03 1.34e-02f  1
 962r 1.7657258e+01 1.57e-03 5.94e+02  -8.8 1.65e+00  -3.6 6.88e-03 2.63e-02f  1
 963r 1.7666235e+01 1.57e-03 5.94e+02  -8.8 4.66e-01  -3.2 8.50e-03 1.07e-02f  1
 964r 1.7671275e+01 1.57e-03 5.66e+02  -8.8 7.63e+00  -3.6 3.07e-03 5.41e-04f  1
 965r 1.7687539e+01 1.57e-03 5.70e+02  -8.8 5.20e-01  -3.2 5.62e-03 1.62e-02f  1
 966r 1.7701420e+01 1.57e-03 5.69e+02  -8.8 3.11e+00  -3.7 2.38e-03 1.80e-03f  1
 967r 1.7738082e+01 1.57e-03 5.52e+02  -8.8 6.05e-01  -3.3 4.27e-02 3.14e-02f  1
 968r 1.7815896e+01 1.57e-03 5.32e+02  -8.8 3.07e+00  -3.8 6.99e-03 1.20e-02f  1
 969r 1.7836300e+01 1.57e-03 4.98e+02  -8.8 6.47e-01  -3.3 6.42e-02 1.88e-02h  1
iter    objective    inf_pr   inf_du lg(mu)  ||d||  lg(rg) alpha_du alpha_pr  ls
 970r 1.7852298e+01 1.57e-03 5.05e+02  -8.8 1.07e+01  -3.8 5.43e-04 8.35e-04h  1
 971r 1.7878514e+01 1.57e-03 5.01e+02  -8.8 7.83e-01  -3.4 1.54e-02 1.84e-02f  1
 972r 1.7886572e+01 1.57e-03 5.02e+02  -8.8 1.09e+02  -3.9 3.37e-05 3.66e-05h  1
 973r 1.7907729e+01 1.57e-03 4.84e+02  -8.8 9.55e-01  -3.4 3.41e-02 1.41e-02f  1
 974r 1.8049969e+01 1.57e-03 4.91e+02  -8.8 2.62e+01  -3.9 6.60e-04 2.69e-03h  1
 975r 1.8073059e+01 1.57e-03 4.89e+02  -8.8 1.15e+00  -3.5 1.74e-03 1.31e-02f  1
 976r 1.8078454e+01 1.57e-03 4.76e+02  -8.8 3.45e-01  -3.1 1.47e-01 1.18e-02f  1
 977r 1.8106428e+01 1.57e-03 4.69e+02  -8.8 1.35e+00  -3.5 8.31e-03 1.29e-02h  1
 978r 1.8110490e+01 1.57e-03 4.64e+02  -8.8 3.95e-01  -3.1 5.76e-02 7.68e-03f  1
 979r 1.8120586e+01 1.57e-03 4.63e+02  -8.8 1.69e+00  -3.6 6.05e-03 3.66e-03f  1
iter    objective    inf_pr   inf_du lg(mu)  ||d||  lg(rg) alpha_du alpha_pr  ls
 980r 1.8141448e+01 1.57e-03 4.51e+02  -8.8 4.59e-01  -3.2 4.11e-03 2.84e-02f  1
 981r 1.8157333e+01 1.57e-03 4.52e+02  -8.8 1.84e+00  -3.6 8.55e-04 4.93e-03f  1
 982r 1.8159654e+01 1.57e-03 4.50e+02  -8.8 5.33e-01  -3.2 6.37e-03 3.33e-03f  1
 983r 1.8180216e+01 1.57e-03 4.48e+02  -8.8 2.80e+00  -3.7 7.97e-04 4.34e-03f  1
 984r 1.8223006e+01 1.57e-03 4.30e+02  -8.8 6.17e-01  -3.3 6.35e-03 4.83e-02f  1
 985r 1.8227955e+01 1.57e-03 4.29e+02  -8.8 5.62e+00  -3.7 2.15e-03 4.09e-04h  1
 986r 1.8286279e+01 1.57e-03 4.12e+02  -8.8 7.65e-01  -3.3 2.06e-02 4.54e-02f  1
 987r 1.8415349e+01 1.57e-03 2.57e+02  -8.8 2.70e-01  -2.9 5.40e-02 4.18e-01f  1
 988r 1.8483459e+01 1.57e-03 3.23e+02  -8.8 9.02e-01  -3.4 1.76e-01 1.21e-01f  1
 989r 1.8495790e+01 1.57e-03 4.49e+02  -8.8 4.17e+00  -3.8 2.94e-02 7.23e-03h  1
iter    objective    inf_pr   inf_du lg(mu)  ||d||  lg(rg) alpha_du alpha_pr  ls
 990r 1.8651465e+01 1.57e-03 4.17e+02  -8.8 1.01e+00  -3.4 7.13e-03 2.46e-01f  1
 991r 1.8687618e+01 1.57e-03 3.68e+02  -8.8 4.43e+00  -3.9 9.86e-03 2.62e-02h  1
 992r 1.8690563e+01 1.57e-03 1.00e+03  -8.8 1.06e+00  -3.5 3.92e-09 4.18e-03f  1
 993r 1.8701765e+01 1.57e-03 9.94e+02  -8.8 5.90e+00  -3.9 2.51e-03 5.32e-03f  1
 994r 1.8765212e+01 1.57e-03 9.25e+02  -8.8 1.15e+00  -3.5 1.34e-01 6.97e-02f  1
 995r 1.8872321e+01 1.57e-03 8.88e+02  -8.8 5.52e+00  -4.0 2.05e-04 3.64e-02f  1
 996r 1.8881168e+01 1.57e-03 8.87e+02  -8.8 5.99e+00  -4.5 5.80e-02 1.57e-03f  1
 997r 1.8974532e+01 1.57e-03 8.77e+02  -8.8 1.62e+01  -4.9 4.04e-02 1.12e-02h  1
 998r 1.8970271e+01 1.57e-03 8.76e+02  -8.8 3.47e+01  -5.4 1.53e-02 1.17e-03h  1
 999r 1.8947731e+01 1.57e-03 8.75e+02  -8.8 1.55e+02  -5.9 5.53e-03 1.23e-03h  1
iter    objective    inf_pr   inf_du lg(mu)  ||d||  lg(rg) alpha_du alpha_pr  ls
1000r 1.8856207e+01 1.57e-03 8.51e+02  -8.8 3.53e+01  -5.5 1.69e-03 2.72e-02h  1

Number of Iterations....: 1000

                                   (scaled)                 (unscaled)
Objective...............:   1.4731411860480396e+01    1.8856207181414906e+01
Dual infeasibility......:   8.5083904746457335e+02    1.0890739807546538e+03
Constraint violation....:   1.5688103082083238e-03    1.5688103082083238e-03
Complementarity.........:   6.6845718950886596e-08    8.5562520257134840e-08
Overall NLP error.......:   8.5083904746457335e+02    1.0890739807546538e+03


Number of objective function evaluations             = 1221
Number of objective gradient evaluations             = 266
Number of equality constraint evaluations            = 1235
Number of inequality constraint evaluations          = 1218
Number of equality constraint Jacobian evaluations   = 1006
Number of inequality constraint Jacobian evaluations = 1006
Number of Lagrangian Hessian evaluations             = 1000
Total CPU secs in IPOPT (w/o function evaluations)   =   2529.640
Total CPU secs in NLP function evaluations           =     35.605

EXIT: Maximum Number of Iterations Exceeded.
