
List of user-set options:

                                    Name   Value                used
                           compl_inf_tol = 1                     yes
                         constr_viol_tol = 1                     yes
                            dual_inf_tol = 1000                  yes
                           linear_solver = ma97                  yes
                              ma86_small = 1e-30                  no
                                  ma86_u = 0.0001                 no
                              ma97_order = best                  yes
                              ma97_small = 1e-30                 yes
                            ma97_switch1 = at_start              yes
                            ma97_switch2 = od_hd_reuse           yes
                                  ma97_u = 1e-06                 yes
                               ma97_umax = 0.5                   yes
                                max_iter = 1000                  yes
                    max_refinement_steps = 20                    yes
                    min_refinement_steps = 5                     yes
                                 mu_init = 1e-06                 yes
           mu_superlinear_decrease_power = 1.25                  yes
                   nlp_scaling_min_value = 1e-08                 yes
                        option_file_name = Preset_Case_444_pf.opt  yes
                             output_file = ./tmp/Preset_Case_444_pf.output  yes
                      print_user_options = yes                   yes
        required_infeasibility_reduction = 1                      no
                                     tol = 1e-08                 yes
                   warm_start_bound_frac = 1e-20                 yes
                   warm_start_bound_push = 1e-20                 yes
                   warm_start_init_point = yes                   yes
              warm_start_mult_bound_push = 1e-20                 yes
                warm_start_mult_init_max = 1e+40                 yes
             warm_start_slack_bound_frac = 1e-20                 yes
             warm_start_slack_bound_push = 1e-20                 yes

******************************************************************************
This program contains Ipopt, a library for large-scale nonlinear optimization.
 Ipopt is released as open source code under the Eclipse Public License (EPL).
         For more information visit http://projects.coin-or.org/Ipopt
******************************************************************************

This is Ipopt version 3.12.10, running with linear solver ma97.

Number of nonzeros in equality constraint Jacobian...:   123443
Number of nonzeros in inequality constraint Jacobian.:      213
Number of nonzeros in Lagrangian Hessian.............:    49069

Total number of variables............................:    31591
                     variables with only lower bounds:    12912
                variables with lower and upper bounds:    15130
                     variables with only upper bounds:        0
Total number of equality constraints.................:    31483
Total number of inequality constraints...............:       25
        inequality constraints with only lower bounds:        4
   inequality constraints with lower and upper bounds:        0
        inequality constraints with only upper bounds:       21

iter    objective    inf_pr   inf_du lg(mu)  ||d||  lg(rg) alpha_du alpha_pr  ls
   0 -5.3007412e+00 4.06e-03 1.02e+00  -6.0 0.00e+00    -  0.00e+00 0.00e+00   0
   1 -5.3041513e+00 6.70e+00 2.83e+01  -6.0 3.45e+05    -  9.60e-05 1.16e-03h  1
   2 -5.3042374e+00 6.70e+00 1.10e+02  -6.0 1.50e+05    -  2.30e-01 3.88e-04f  1
   3 -5.3012533e+00 6.69e+00 1.96e+03  -6.0 1.74e+04    -  5.41e-03 1.19e-03h  4
   4 -5.3004886e+00 6.67e+00 1.97e+03  -6.0 4.85e+03    -  5.87e-03 3.60e-03h  7
   5 -5.3002403e+00 6.66e+00 2.00e+03  -6.0 4.47e+03    -  3.69e-03 1.00e-03h  9
   6 -5.3000332e+00 6.65e+00 2.24e+03  -6.0 4.74e+03    -  3.87e-02 9.53e-04h  9
   7 -5.3000300e+00 6.65e+00 2.28e+03  -6.0 4.79e+03    -  6.35e-03 1.48e-05h 15
   8 -5.2967659e+00 6.55e+00 2.32e+03  -6.0 4.79e+03    -  2.69e-02 1.52e-02h  5
   9 -5.2937451e+00 6.44e+00 2.35e+03  -6.0 4.81e+03    -  2.64e-02 1.67e-02h  5
iter    objective    inf_pr   inf_du lg(mu)  ||d||  lg(rg) alpha_du alpha_pr  ls
  10 -5.2910955e+00 6.33e+00 2.99e+03  -6.0 4.83e+03    -  1.27e-01 1.84e-02h  5
  11 -5.2906688e+00 6.30e+00 3.41e+03  -6.0 1.29e+04    -  7.93e-02 4.23e-03h  5
  12 -5.2887159e+00 6.17e+00 4.24e+03  -6.0 4.82e+03    -  1.89e-01 1.99e-02h  5
  13 -5.2728854e+00 3.70e+01 2.40e+03  -6.0 4.57e+03    -  1.17e-01 2.71e-01w  1
  14 -5.3076982e+00 4.07e+01 2.04e+03  -6.0 5.97e+03    -  7.81e-02 9.79e-02h  1
  15 -5.3110491e+00 4.04e+01 3.23e+03  -6.0 5.38e+03    -  1.89e-01 8.53e-03h  1
  16 -5.3680030e+00 3.55e+01 3.69e+03  -6.0 4.36e+03    -  1.83e-01 1.50e-01h  1
  17 -5.5463864e+00 6.56e+01 5.71e+03  -6.0 3.55e+03    -  1.58e-01 4.27e-01h  1
  18 -5.5773384e+00 6.55e+01 1.88e+03  -6.0 5.61e+03    -  1.55e-01 1.05e-01h  1
  19 -5.5953949e+00 6.44e+01 1.70e+06  -6.0 6.20e+03    -  1.71e-03 6.93e-02h  1
iter    objective    inf_pr   inf_du lg(mu)  ||d||  lg(rg) alpha_du alpha_pr  ls
  20 -5.6096252e+00 6.34e+01 1.60e+06  -6.0 6.63e+03    -  1.29e-02 5.88e-02h  1
  21 -5.6133621e+00 6.26e+01 1.58e+06  -6.0 7.02e+03    -  3.06e-03 1.66e-02h  1
  22 -5.6169951e+00 6.18e+01 1.55e+06  -6.0 7.10e+03    -  2.43e-03 1.64e-02f  1
  23 -5.6419690e+00 6.71e+01 1.37e+06  -6.0 7.17e+03    -  3.05e-02 1.16e-01h  1
  24 -5.6635848e+00 7.39e+01 1.20e+06  -6.0 7.68e+03    -  2.41e-02 1.21e-01h  1
  25 -5.6884821e+00 7.44e+01 1.01e+06  -6.0 5.41e+03    -  1.88e-02 1.61e-01h  1
  26 -5.7004254e+00 1.10e+02 9.16e+05  -6.0 1.75e+04    -  1.61e-02 9.38e-02h  1
  27 -5.7043080e+00 1.06e+02 8.82e+05  -6.0 9.28e+02    -  4.97e-04 3.63e-02h  1
  28 -5.7302002e+00 6.40e+01 5.30e+05  -6.0 2.15e+01  -4.0 6.57e-02 3.99e-01h  1
  29 -5.7594400e+00 7.00e-02 6.47e+04  -6.0 3.93e+01  -4.5 9.97e-02 1.00e+00h  1
iter    objective    inf_pr   inf_du lg(mu)  ||d||  lg(rg) alpha_du alpha_pr  ls
  30 -5.7433917e+00 3.58e-03 5.93e+03  -6.0 6.68e+00  -5.0 6.34e-01 1.00e+00h  1
  31 -5.7600997e+00 2.22e+00 5.15e+03  -6.0 1.42e+03    -  1.12e-01 1.99e-01H  1
  32 -5.7674521e+00 1.13e-01 4.99e+04  -6.0 5.25e+01  -5.4 8.12e-03 1.00e+00h  1
  33 -5.7684199e+00 3.36e-02 5.12e+02  -6.0 1.84e+01  -5.9 9.01e-01 1.00e+00h  1
  34 -5.7741659e+00 1.60e-01 4.75e+01  -6.0 9.33e+01  -6.4 1.00e+00 6.64e-01h  1
  35 -5.7745879e+00 6.15e-01 2.80e+03  -6.0 7.84e+03    -  3.47e-02 9.95e-03h  1
  36 -5.7773078e+00 8.41e+00 1.37e+04  -6.0 8.18e+03    -  1.72e-01 7.23e-02h  1
  37 -5.7822526e+00 7.94e+01 3.79e+03  -6.0 1.30e+04    -  6.93e-02 1.36e-01h  1
  38 -5.7880052e+00 6.21e+01 2.24e+04  -6.0 6.43e+02    -  1.44e-01 2.22e-01h  1
  39 -5.7930345e+00 3.60e+01 7.89e+04  -6.0 4.91e+02  -6.9 1.81e-03 4.21e-01h  1
iter    objective    inf_pr   inf_du lg(mu)  ||d||  lg(rg) alpha_du alpha_pr  ls
  40 -5.7959818e+00 3.31e+01 2.44e+05  -6.0 2.25e+03    -  6.05e-01 1.21e-01h  1
  41 -5.8032703e+00 3.94e+01 8.62e+04  -6.0 3.08e+03    -  1.35e-01 2.88e-01h  1
  42r-5.8032703e+00 3.94e+01 1.00e+03   1.5 0.00e+00    -  0.00e+00 1.90e-07R  2
  43r-5.8138602e+00 3.94e+01 1.02e+03   1.5 1.49e+05    -  1.82e-07 6.03e-08f  1
  44 -5.8136850e+00 3.88e+01 5.73e+03  -6.0 1.05e+01    -  2.64e-06 1.51e-02h  1
  45 -5.8130977e+00 3.69e+01 5.45e+03  -6.0 1.02e+01    -  2.35e-02 4.87e-02h  1
  46 -5.8127135e+00 3.57e+01 5.26e+03  -6.0 1.00e+01    -  1.05e-01 3.32e-02h  1
  47 -5.8083883e+00 2.20e+01 3.24e+03  -6.0 9.98e+00    -  2.33e-01 3.85e-01h  1
  48 -5.8067246e+00 1.68e+01 2.49e+03  -6.0 6.99e+00    -  6.49e-01 2.32e-01h  1
  49 -5.8012265e+00 3.70e-03 1.47e+02  -6.0 6.34e+00    -  8.48e-01 1.00e+00h  1
iter    objective    inf_pr   inf_du lg(mu)  ||d||  lg(rg) alpha_du alpha_pr  ls
  50 -5.8022052e+00 3.10e-04 5.66e+00  -6.0 2.96e+00    -  9.36e-01 1.00e+00h  1
  51 -5.8066126e+00 3.74e-02 1.69e+01  -6.0 3.05e+01    -  7.81e-01 1.00e+00h  1
  52 -5.8093973e+00 5.07e-01 1.73e+01  -6.0 5.04e+01    -  9.35e-01 1.00e+00h  1
  53 -5.8106620e+00 5.09e-01 1.58e+01  -6.0 2.76e+02    -  7.41e-01 1.09e-01h  1
  54 -5.8165343e+00 6.11e-01 1.71e+01  -6.0 2.63e+02    -  8.97e-01 7.38e-01h  1
  55 -5.8230594e+00 1.29e+00 2.73e+01  -6.0 4.99e+02  -7.3 3.06e-01 3.67e-01h  1
  56 -5.8231896e+00 1.27e+00 6.03e+03  -6.0 6.70e+02  -7.8 1.32e-03 2.14e-02h  1
  57 -5.8237397e+00 1.21e+00 1.03e+03  -6.0 2.71e+02  -8.3 9.81e-01 5.27e-02h  1
  58 -5.8252993e+00 1.05e+00 6.96e+02  -6.0 4.70e+02  -8.8 6.00e-02 1.60e-01h  1
  59 -5.8277399e+00 7.91e+00 8.03e+02  -6.0 2.82e+03    -  2.86e-01 2.23e-01h  1
iter    objective    inf_pr   inf_du lg(mu)  ||d||  lg(rg) alpha_du alpha_pr  ls
  60 -5.8291458e+00 7.27e+00 2.84e+03  -6.0 1.12e+03    -  4.02e-01 1.39e-01h  1
  61 -5.8341758e+00 5.79e+00 3.56e+03  -6.0 6.92e+02    -  6.89e-01 4.63e-01h  1
  62 -5.8374687e+00 5.97e+00 1.83e+04  -6.0 1.13e+03    -  1.00e+00 2.77e-01h  1
  63 -5.8494859e+00 2.17e+01 1.92e+04  -6.0 1.10e+03    -  2.92e-03 1.00e+00h  1
  64 -5.8561355e+00 1.97e+01 7.31e+04  -6.0 1.51e+03    -  4.59e-02 4.62e-01h  1
  65 -5.8596833e+00 2.26e+01 1.19e+05  -6.0 2.88e+03    -  2.48e-02 2.32e-01h  1
  66 -5.8627472e+00 1.84e+01 9.42e+04  -6.0 8.34e+02    -  2.11e-01 2.10e-01h  1
  67 -5.8782520e+00 8.46e+00 2.84e+05  -6.0 6.87e+02    -  4.60e-01 1.00e+00h  1
  68 -5.8827305e+00 7.01e+00 1.27e+05  -6.0 2.70e+03    -  2.28e-01 1.74e-01h  1
  69 -5.8859531e+00 6.28e+00 7.90e+05  -6.0 2.88e+03    -  4.54e-01 1.05e-01h  1
iter    objective    inf_pr   inf_du lg(mu)  ||d||  lg(rg) alpha_du alpha_pr  ls
  70r-5.8859531e+00 6.28e+00 1.00e+03   0.7 0.00e+00    -  0.00e+00 7.99e-08R  2
  71r-5.9268704e+00 6.27e+00 1.00e+03   0.7 2.52e+04    -  5.56e-07 5.50e-07f  1
  72 -5.9259273e+00 6.13e+00 1.01e+04  -6.0 8.43e+00    -  2.25e-06 2.27e-02h  1
  73 -5.9185140e+00 5.02e+00 8.25e+03  -6.0 8.28e+00    -  7.56e-02 1.82e-01h  1
  74 -5.9139519e+00 4.35e+00 7.15e+03  -6.0 7.01e+00    -  2.38e-01 1.34e-01h  1
  75 -5.8986129e+00 2.11e+00 3.46e+03  -6.0 6.28e+00    -  6.02e-01 5.15e-01h  1
  76 -5.8840096e+00 4.19e-04 6.56e+01  -6.0 3.52e+00    -  5.06e-01 1.00e+00h  1
  77 -5.8848214e+00 3.79e-05 3.05e+01  -6.0 1.19e+00    -  7.55e-01 1.00e+00h  1
  78 -5.8855270e+00 2.26e-04 2.68e+00  -6.0 2.64e+00    -  9.21e-01 1.00e+00h  1
  79 -5.8867983e+00 1.30e-02 2.24e+00  -6.0 2.16e+01    -  9.35e-01 1.00e+00h  1
iter    objective    inf_pr   inf_du lg(mu)  ||d||  lg(rg) alpha_du alpha_pr  ls
  80 -5.8911088e+00 6.17e-01 2.04e+00  -6.0 9.91e+01    -  8.91e-01 7.67e-01h  1
  81 -5.8937578e+00 4.24e-01 7.65e+00  -6.0 1.10e+02    -  9.62e-01 5.80e-01h  1
  82 -5.8957351e+00 9.45e-01 2.53e+01  -6.0 1.02e+03    -  9.09e-01 2.30e-01h  2
  83 -5.8971112e+00 1.87e+00 2.21e+01  -6.0 1.91e+03    -  1.45e-01 1.32e-01h  2
  84 -5.8970963e+00 2.41e+00 3.68e+01  -6.0 1.64e+03    -  9.39e-01 1.34e-01h  3
  85 -5.8971362e+00 2.72e+00 3.20e+01  -6.0 1.50e+03    -  1.47e-01 1.31e-01h  3
  86 -5.8970669e+00 2.84e+00 3.44e+01  -6.0 1.26e+03    -  1.00e+00 1.39e-01h  3
  87 -5.8960762e+00 5.27e-02 1.29e+01  -6.0 1.01e+03    -  4.34e-01 7.36e-01H  1
  88 -5.8959168e+00 4.90e-02 4.13e-01  -6.0 3.13e+02    -  1.00e+00 1.00e+00H  1
  89 -5.8966183e+00 3.22e-02 1.51e+00  -6.0 3.75e+01    -  1.00e+00 1.00e+00H  1
iter    objective    inf_pr   inf_du lg(mu)  ||d||  lg(rg) alpha_du alpha_pr  ls
  90 -5.8972410e+00 1.51e-01 2.73e+00  -6.0 6.02e+01    -  1.00e+00 1.00e+00h  1
  91 -5.8966078e+00 4.25e-03 2.97e-01  -6.0 1.03e+01    -  1.00e+00 1.00e+00h  1
  92 -5.8964592e+00 3.63e-03 3.13e+01  -6.0 1.30e+01    -  1.00e+00 2.50e-01h  3
  93 -5.8962178e+00 2.98e-03 2.05e+01  -6.0 1.06e+01    -  1.00e+00 5.00e-01h  2
  94 -5.8959331e+00 1.63e-03 5.18e-02  -6.0 6.28e+00    -  1.00e+00 1.00e+00h  1
  95 -5.8959068e+00 1.69e-05 3.13e-04  -6.0 6.41e-01    -  1.00e+00 1.00e+00h  1
  96 -5.8959059e+00 3.14e-08 4.68e-07  -6.0 2.76e-02    -  1.00e+00 1.00e+00h  1
  97 -5.8960315e+00 2.52e+00 5.85e+01  -7.5 5.99e+02    -  4.77e-01 6.78e-01h  1
  98 -5.8960358e+00 8.44e-01 9.34e+00  -7.5 1.90e+02    -  9.45e-01 8.16e-01h  1
  99 -5.8960301e+00 2.10e-02 3.08e-02  -7.5 3.58e+01    -  1.00e+00 1.00e+00h  1
iter    objective    inf_pr   inf_du lg(mu)  ||d||  lg(rg) alpha_du alpha_pr  ls
 100 -5.8960298e+00 7.45e-05 4.07e-05  -7.5 2.20e+00    -  1.00e+00 1.00e+00h  1
 101 -5.8960299e+00 4.00e-07 3.15e-07  -7.5 1.60e-01    -  1.00e+00 1.00e+00h  1
 102 -5.8960299e+00 1.49e-10 3.32e-11  -7.5 1.65e-03    -  1.00e+00 1.00e+00h  1
 103 -5.8960314e+00 2.96e-03 8.84e-01  -9.0 1.65e+01    -  9.30e-01 8.34e-01h  1
 104 -5.8960317e+00 8.49e-05 3.54e-01  -9.0 2.19e+00    -  9.19e-01 1.00e+00h  1
 105 -5.8960317e+00 5.07e-06 3.88e-06  -9.0 5.69e-01    -  1.00e+00 1.00e+00h  1
 106 -5.8960317e+00 1.47e-07 1.13e-07  -9.0 9.68e-02    -  1.00e+00 1.00e+00h  1
 107 -5.8960317e+00 2.94e-10 6.85e-11  -9.0 2.38e-03    -  1.00e+00 1.00e+00h  1

Number of Iterations....: 107

                                   (scaled)                 (unscaled)
Objective...............:  -4.6062747414777840e+00   -5.8960316690915633e+00
Dual infeasibility......:   6.8515075088742592e-11    8.7699296113590522e-11
Constraint violation....:   2.9354612393183571e-10    2.9354612393183571e-10
Complementarity.........:   9.0910368809005319e-10    1.1636527207552681e-09
Overall NLP error.......:   9.0910368809005319e-10    1.1636527207552681e-09


Number of objective function evaluations             = 211
Number of objective gradient evaluations             = 108
Number of equality constraint evaluations            = 211
Number of inequality constraint evaluations          = 211
Number of equality constraint Jacobian evaluations   = 110
Number of inequality constraint Jacobian evaluations = 110
Number of Lagrangian Hessian evaluations             = 107
Total CPU secs in IPOPT (w/o function evaluations)   =    178.243
Total CPU secs in NLP function evaluations           =      4.347

EXIT: Optimal Solution Found.
