
List of user-set options:

                                    Name   Value                used
                           compl_inf_tol = 1                     yes
                         constr_viol_tol = 1                     yes
                            dual_inf_tol = 1000                  yes
                           linear_solver = ma97                  yes
                              ma86_small = 1e-30                  no
                                  ma86_u = 0.0001                 no
                              ma97_order = best                  yes
                              ma97_small = 1e-30                 yes
                            ma97_switch1 = at_start              yes
                            ma97_switch2 = od_hd_reuse           yes
                                  ma97_u = 1e-06                 yes
                               ma97_umax = 0.5                   yes
                                max_iter = 1000                  yes
                    max_refinement_steps = 20                    yes
                    min_refinement_steps = 5                     yes
                                 mu_init = 1e-06                 yes
           mu_superlinear_decrease_power = 1.25                  yes
                   nlp_scaling_min_value = 1e-08                 yes
                        option_file_name = Preset_Case_259_pf.opt  yes
                             output_file = ./tmp/Preset_Case_259_pf.output  yes
                      print_user_options = yes                   yes
        required_infeasibility_reduction = 1                      no
                                     tol = 1e-08                 yes
                   warm_start_bound_frac = 1e-20                 yes
                   warm_start_bound_push = 1e-20                 yes
                   warm_start_init_point = yes                   yes
              warm_start_mult_bound_push = 1e-20                 yes
                warm_start_mult_init_max = 1e+40                 yes
             warm_start_slack_bound_frac = 1e-20                 yes
             warm_start_slack_bound_push = 1e-20                 yes

******************************************************************************
This program contains Ipopt, a library for large-scale nonlinear optimization.
 Ipopt is released as open source code under the Eclipse Public License (EPL).
         For more information visit http://projects.coin-or.org/Ipopt
******************************************************************************

This is Ipopt version 3.12.10, running with linear solver ma97.

Number of nonzeros in equality constraint Jacobian...:   123443
Number of nonzeros in inequality constraint Jacobian.:      213
Number of nonzeros in Lagrangian Hessian.............:    49069

Total number of variables............................:    31591
                     variables with only lower bounds:    12912
                variables with lower and upper bounds:    15130
                     variables with only upper bounds:        0
Total number of equality constraints.................:    31483
Total number of inequality constraints...............:       25
        inequality constraints with only lower bounds:        4
   inequality constraints with lower and upper bounds:        0
        inequality constraints with only upper bounds:       21

iter    objective    inf_pr   inf_du lg(mu)  ||d||  lg(rg) alpha_du alpha_pr  ls
   0 -5.1100225e+00 4.07e-03 1.02e+00  -6.0 0.00e+00    -  0.00e+00 0.00e+00   0
   1 -5.1210538e+00 8.86e+00 4.86e+01  -6.0 6.80e+05    -  4.59e-05 6.75e-04h  1
   2 -5.1210070e+00 8.86e+00 4.86e+01  -6.0 9.74e+02    -  1.04e-04 3.53e-05h  1
   3 -5.1136622e+00 8.82e+00 3.54e+02  -6.0 4.06e+03    -  1.14e-04 3.47e-03h  1
   4 -5.1109903e+00 8.81e+00 3.63e+02  -6.0 1.10e+03    -  2.41e-01 2.02e-03h  1
   5 -5.1098180e+00 8.80e+00 3.62e+02  -6.0 8.82e+02    -  2.42e-03 8.36e-04h  7
   6 -5.1093688e+00 8.80e+00 3.63e+02  -6.0 1.02e+03    -  8.61e-03 3.42e-04h 11
   7 -5.1093119e+00 8.80e+00 3.63e+02  -6.0 1.02e+03    -  4.92e-03 4.35e-05h 14
   8 -5.1092828e+00 8.80e+00 3.66e+02  -6.0 1.02e+03    -  3.93e-02 2.22e-05h 15
   9 -5.1092670e+00 8.80e+00 3.66e+02  -6.0 9.95e+02    -  3.63e-03 1.21e-05h 16
iter    objective    inf_pr   inf_du lg(mu)  ||d||  lg(rg) alpha_du alpha_pr  ls
  10 -5.0983792e+00 8.70e+00 1.25e+02  -6.0 9.95e+02    -  1.89e-02 1.05e-02H  1
  11 -5.0982792e+00 8.70e+00 1.25e+02  -6.0 9.86e+02    -  7.47e-08 7.96e-05h  1
  12 -5.0982634e+00 8.70e+00 1.32e+02  -6.0 9.51e+02    -  1.59e-02 1.74e-05H  1
  13 -5.0982634e+00 8.70e+00 1.32e+02  -6.0 1.01e+03    -  2.41e-09 6.77e-09h  2
  14 -4.7960052e+00 6.69e+00 1.88e+06  -6.0 9.33e+02    -  1.91e-06 2.33e-01h  2
  15r-4.7960052e+00 6.69e+00 9.99e+02   0.8 0.00e+00   4.0 0.00e+00 6.53e-09R  5
  16r-4.8028546e+00 6.69e+00 9.99e+02   0.8 3.29e+04    -  9.23e-08 4.72e-08f  1
  17 -4.8131400e+00 6.68e+00 1.46e+03  -6.0 2.49e+05    -  1.34e-04 1.37e-03h  1
  18 -4.8250148e+00 6.64e+00 1.66e+04  -6.0 1.79e+05    -  4.25e-05 6.09e-03h  2
  19 -4.8290618e+00 6.63e+00 1.78e+04  -6.0 1.08e+05    -  1.15e-02 1.74e-03h  3
iter    objective    inf_pr   inf_du lg(mu)  ||d||  lg(rg) alpha_du alpha_pr  ls
  20 -4.8360405e+00 6.62e+00 1.78e+04  -6.0 1.09e+05    -  4.48e-03 1.19e-03h  4
  21 -4.8401317e+00 6.62e+00 1.78e+04  -6.0 9.98e+04    -  5.36e-03 6.06e-04h  5
  22 -4.8447771e+00 6.61e+00 1.78e+04  -6.0 9.28e+04    -  6.74e-03 6.90e-04h  5
  23 -4.9156336e+00 6.58e+00 1.54e+04  -6.0 8.42e+04    -  9.34e-03 1.11e-02h  1
  24 -4.9218141e+00 6.53e+00 1.93e+04  -6.0 6.54e+03    -  1.19e-02 8.54e-03h  1
  25 -4.9234486e+00 6.50e+00 1.93e+04  -6.0 5.25e+03    -  1.27e-01 3.97e-03h  1
  26 -4.9258210e+00 6.41e+00 2.27e+04  -6.0 4.34e+03    -  1.26e-01 1.34e-02h  1
  27 -4.9256479e+00 6.24e+00 2.84e+04  -6.0 3.32e+03    -  4.50e-02 2.76e-02h  4
  28 -4.9230176e+00 6.01e+00 3.25e+04  -6.0 2.82e+03    -  4.81e-02 3.72e-02h  2
  29 -4.9197384e+00 5.63e+00 3.71e+04  -6.0 2.03e+03    -  3.57e-02 6.29e-02h  1
iter    objective    inf_pr   inf_du lg(mu)  ||d||  lg(rg) alpha_du alpha_pr  ls
  30 -4.9172695e+00 4.23e+00 2.24e+05  -6.0 1.59e+03    -  2.71e-01 2.52e-01h  1
  31 -4.9565571e+00 3.58e+00 2.10e+05  -6.0 6.77e+02    -  3.73e-02 1.54e-01h  1
  32 -5.0288526e+00 2.68e+00 1.75e+05  -6.0 4.12e+02    -  2.54e-01 2.50e-01h  1
  33 -5.1906570e+00 2.14e+00 1.51e+05  -6.0 7.93e+02    -  1.06e-01 5.36e-01h  1
  34 -5.2019008e+00 2.02e+00 5.98e+07  -6.0 2.26e+03    -  9.12e-02 5.62e-02h  1
  35 -5.3281014e+00 1.42e+00 7.22e+08  -6.0 3.05e+02    -  4.64e-02 5.37e-01h  1
  36 -5.3979622e+00 1.19e+00 5.83e+08  -6.0 5.47e+02    -  8.35e-04 7.55e-01h  1
  37 -5.4057876e+00 5.78e-01 1.34e+08  -6.0 7.30e+01    -  4.64e-01 7.55e-01h  1
  38 -5.4057856e+00 5.78e-01 1.34e+08  -6.0 1.22e+00   3.5 3.26e-05 6.89e-05h  1
  39 -5.4057819e+00 5.78e-01 1.34e+08  -6.0 1.33e+00   3.0 8.45e-05 1.20e-04h  1
iter    objective    inf_pr   inf_du lg(mu)  ||d||  lg(rg) alpha_du alpha_pr  ls
  40 -5.4057635e+00 5.78e-01 1.34e+08  -6.0 1.36e+00   2.6 2.91e-04 6.04e-04h  1
  41 -5.4056386e+00 5.76e-01 1.33e+08  -6.0 1.35e+00   2.1 1.14e-03 3.67e-03h  1
  42 -5.4050726e+00 5.67e-01 1.31e+08  -6.0 1.30e+00   1.6 3.56e-03 1.55e-02h  1
  43 -5.4048401e+00 5.64e-01 1.31e+08  -6.0 1.14e+00   1.1 1.26e-02 5.19e-03h  1
  44 -5.4032715e+00 5.41e-01 1.25e+08  -6.0 1.21e+00   1.6 2.48e-02 3.97e-02h  1
  45 -5.4030811e+00 5.41e-01 1.25e+08  -6.0 3.17e+00   1.1 4.83e-03 1.10e-03h  1
  46 -5.4016162e+00 5.25e-01 1.22e+08  -6.0 9.39e-01   1.5 1.86e-02 2.86e-02h  1
  47 -5.4007990e+00 5.24e-01 1.21e+08  -6.0 4.36e+00   1.0 5.44e-03 1.69e-03h  1
  48 -5.3993113e+00 5.14e-01 1.19e+08  -6.0 6.34e-01   1.5 8.20e-02 1.98e-02h  1
  49 -5.3985851e+00 5.14e-01 1.19e+08  -6.0 1.55e+01   1.0 3.05e-03 5.28e-04h  1
iter    objective    inf_pr   inf_du lg(mu)  ||d||  lg(rg) alpha_du alpha_pr  ls
  50 -5.3975926e+00 5.08e-01 1.18e+08  -6.0 5.29e-01   1.4 3.38e-01 1.16e-02h  1
  51 -5.3916676e+00 5.04e-01 1.17e+08  -6.0 9.60e+00   0.9 6.01e-03 6.93e-03h  1
  52 -5.3848225e+00 4.78e-01 1.11e+08  -6.0 5.25e-01   1.4 9.47e-02 5.16e-02h  1
  53 -5.3652753e+00 3.97e-01 9.19e+07  -6.0 6.32e-01   0.9 2.84e-01 1.70e-01h  1
  54 -5.3681548e+00 3.91e-01 9.05e+07  -6.0 4.29e-01   0.4 7.71e-01 1.50e-02h  1
  55 -5.3381905e+00 2.39e-01 5.52e+07  -6.0 4.40e-01  -0.1 4.90e-01 3.89e-01h  1
  56 -5.3285617e+00 1.28e-01 2.95e+07  -6.0 3.87e-01  -0.5 6.20e-01 4.64e-01h  1
  57 -5.3289653e+00 2.21e-04 9.09e+04  -6.0 3.56e-01  -1.0 9.20e-01 1.00e+00h  1
  58 -5.3663646e+00 1.14e-03 3.92e+04  -6.0 1.49e+00  -1.5 2.63e-01 5.46e-01f  1
  59 -5.3675411e+00 1.13e-03 3.89e+04  -6.0 1.62e+00  -2.0 1.15e-01 8.15e-03f  1
iter    objective    inf_pr   inf_du lg(mu)  ||d||  lg(rg) alpha_du alpha_pr  ls
  60 -5.3797365e+00 1.12e-03 3.78e+04  -6.0 4.60e+00  -2.5 5.38e-03 2.92e-02f  1
  61 -5.3799729e+00 1.12e-03 3.77e+04  -6.0 7.52e+00  -2.9 1.18e-01 5.55e-04h  1
  62 -5.3893719e+00 1.10e-03 3.72e+04  -6.0 1.28e+01  -3.4 6.73e-02 1.43e-02f  1
  63 -5.3923604e+00 1.06e-03 3.60e+04  -6.0 6.99e+00  -3.9 4.25e-01 3.15e-02h  1
  64 -5.4020096e+00 4.76e-03 3.27e+04  -6.0 2.55e+01  -4.4 1.91e-01 9.34e-02f  1
  65 -5.4023050e+00 4.54e-03 3.12e+04  -6.0 1.26e+00  -3.9 1.00e+00 4.70e-02h  1
  66 -5.4031640e+00 2.86e-03 1.41e+04  -6.0 3.61e+00  -4.4 8.77e-01 5.66e-01h  1
  67 -5.4038567e+00 1.74e-03 3.63e+03  -6.0 5.02e+00  -4.9 1.00e+00 8.02e-01h  1
  68 -5.4068372e+00 1.65e-02 4.86e+02  -6.0 1.43e+01  -5.4 3.56e-01 1.00e+00f  1
  69 -5.4131842e+00 6.00e-02 1.15e+03  -6.0 3.68e+01  -5.8 1.00e+00 1.00e+00h  1
iter    objective    inf_pr   inf_du lg(mu)  ||d||  lg(rg) alpha_du alpha_pr  ls
  70 -5.4210063e+00 1.68e-01 5.94e+02  -6.0 6.32e+01  -6.3 4.11e-01 1.00e+00h  1
  71 -5.4277163e+00 2.06e-01 3.17e+02  -6.0 1.15e+02  -6.8 7.04e-01 4.63e-01h  1
  72 -5.4407714e+00 1.97e+00 1.51e+03  -6.0 7.56e+02  -7.3 1.71e-01 3.87e-01h  1
  73 -5.4492921e+00 1.48e+00 1.93e+03  -6.0 9.26e+02  -7.8 4.95e-02 1.12e-01h  1
  74 -5.4942813e+00 1.03e+01 2.91e+03  -6.0 1.34e+04    -  5.74e-02 1.22e-01h  1
  75 -5.4998397e+00 9.02e+00 3.97e+03  -6.0 2.77e+03    -  7.97e-02 1.68e-01h  1
  76 -5.4998770e+00 9.01e+00 3.99e+03  -6.0 2.40e+03    -  7.23e-05 1.10e-03h  1
  77 -5.4998818e+00 9.01e+00 3.99e+03  -6.0 7.08e+04    -  2.09e-07 4.16e-05f  1
  78 -5.4998823e+00 9.01e+00 3.99e+03  -6.0 2.98e+04    -  4.37e-07 3.59e-05h  1
  79 -5.4998849e+00 9.01e+00 3.99e+03  -6.0 2.87e+04    -  1.26e-06 3.78e-05f  1
iter    objective    inf_pr   inf_du lg(mu)  ||d||  lg(rg) alpha_du alpha_pr  ls
  80 -5.4998860e+00 9.01e+00 3.99e+03  -6.0 1.05e+04    -  3.95e-06 4.09e-05h  1
  81 -5.4998882e+00 9.01e+00 3.99e+03  -6.0 9.92e+03    -  1.03e-05 4.61e-05f  1
  82 -5.4998903e+00 9.01e+00 3.99e+03  -6.0 4.09e+03    -  5.61e-05 6.75e-05f  1
  83 -5.4998941e+00 9.01e+00 3.99e+03  -6.0 3.41e+03    -  8.44e-05 9.74e-05f  1
  84 -5.4998987e+00 9.01e+00 3.96e+03  -6.0 2.65e+03    -  1.57e-03 1.41e-04f  1
  85 -5.5060384e+00 7.63e+00 1.17e+04  -6.0 1.24e+03    -  8.93e-01 1.78e-01f  1
  86 -5.5187885e+00 2.16e+01 6.16e+03  -6.0 1.85e+03    -  7.71e-01 6.05e-01h  1
  87 -5.5207535e+00 1.93e+01 1.73e+03  -6.0 1.68e+03    -  6.33e-02 2.41e-01h  1
  88 -5.5244506e+00 1.27e+01 1.89e+04  -6.0 9.15e+02  -8.2 1.92e-02 3.41e-01h  1
  89 -5.5379309e+00 1.05e+01 3.59e+04  -6.0 1.70e+03    -  4.37e-02 2.38e-01h  1
iter    objective    inf_pr   inf_du lg(mu)  ||d||  lg(rg) alpha_du alpha_pr  ls
  90 -5.5385430e+00 1.04e+01 3.71e+04  -6.0 2.12e+02  -6.0 1.65e-03 7.87e-03h  1
  91 -5.5700910e+00 1.15e+01 5.25e+04  -6.0 1.30e+03    -  3.69e-01 5.84e-01h  1
  92 -5.5704938e+00 1.10e+01 2.72e+04  -6.0 2.95e+03    -  2.93e-01 4.53e-02h  1
  93 -5.5840838e+00 7.98e+00 5.18e+04  -6.0 9.31e+02    -  5.92e-02 3.03e-01h  1
  94 -5.6091235e+00 2.00e+01 1.99e+05  -6.0 3.32e+03    -  8.40e-02 2.98e-01h  1
  95 -5.6264012e+00 2.14e+01 1.07e+05  -6.0 2.79e+03    -  3.55e-01 1.96e-01h  1
  96 -5.6493641e+00 2.56e+01 2.45e+05  -6.0 2.96e+03    -  2.99e-01 2.42e-01h  1
  97r-5.6493641e+00 2.56e+01 1.00e+03   1.2 0.00e+00    -  0.00e+00 1.19e-07R  2
  98r-5.6560261e+00 2.56e+01 1.00e+03   1.2 7.49e+04    -  6.10e-07 1.08e-07f  1
  99 -5.6558215e+00 2.54e+01 4.34e+03  -6.0 2.86e+02    -  2.12e-06 9.18e-03h  1
iter    objective    inf_pr   inf_du lg(mu)  ||d||  lg(rg) alpha_du alpha_pr  ls
 100 -5.6548548e+00 2.40e+01 4.11e+03  -6.0 2.80e+02    -  6.65e-03 5.21e-02h  1
 101 -5.6528370e+00 2.13e+01 3.64e+03  -6.0 2.32e+02    -  1.05e-01 1.14e-01h  1
 102 -5.6443763e+00 1.06e+01 1.80e+03  -6.0 1.16e+02    -  1.26e-01 5.06e-01h  1
 103 -5.6420322e+00 7.48e+00 1.27e+03  -6.0 3.09e+01    -  6.08e-01 2.92e-01h  1
 104 -5.6396268e+00 2.23e+00 3.80e+02  -6.0 1.49e+01    -  7.85e-01 7.02e-01h  1
 105 -5.6517025e+00 3.90e-01 6.68e+01  -6.0 8.48e+00    -  5.72e-01 8.25e-01h  1
 106 -5.6509573e+00 2.23e-01 3.24e+04  -6.0 5.80e+00    -  4.83e-01 4.30e-01h  1
 107 -5.6609948e+00 1.77e-01 3.51e+04  -6.0 1.21e+01    -  2.15e-01 2.05e-01h  1
 108 -5.6697589e+00 1.22e-01 7.84e+05  -6.0 1.28e+01    -  8.20e-01 3.13e-01h  1
 109 -5.6757159e+00 1.06e-01 1.07e+06  -6.0 3.61e+01  -6.5 2.36e-01 1.28e-01h  1
iter    objective    inf_pr   inf_du lg(mu)  ||d||  lg(rg) alpha_du alpha_pr  ls
 110r-5.6757159e+00 1.06e-01 1.00e+03  -1.2 0.00e+00  -6.1 0.00e+00 6.87e-08R  2
 111r-5.6780338e+00 1.04e-01 1.00e+03  -1.2 5.42e+03    -  3.26e-05 1.62e-05f  1
 112 -5.6779306e+00 9.07e-02 4.58e+05  -6.0 3.97e-01    -  4.13e-01 1.30e-01h  1
 113 -5.6781243e+00 3.37e-02 2.73e+06  -6.0 4.16e-01    -  1.30e-01 6.28e-01h  1
 114 -5.6797065e+00 4.24e-04 2.12e+01  -6.0 4.74e-01    -  8.79e-01 1.00e+00h  1
 115 -5.6922639e+00 1.25e-02 1.08e+01  -6.0 3.05e+00    -  6.51e-01 8.79e-01h  1
 116 -5.6880605e+00 2.90e-03 3.13e+02  -6.0 5.50e+00    -  6.96e-01 1.00e+00H  1
 117 -5.6981769e+00 9.60e-03 2.49e+02  -6.0 6.71e+01    -  5.78e-02 5.47e-02h  1
 118 -5.7045911e+00 9.83e-03 1.13e+01  -6.0 1.89e+01    -  7.52e-01 1.00e+00h  1
 119 -5.7083804e+00 3.25e-02 9.60e+01  -6.0 5.00e+01    -  5.81e-01 5.41e-01h  1
iter    objective    inf_pr   inf_du lg(mu)  ||d||  lg(rg) alpha_du alpha_pr  ls
 120 -5.7139599e+00 1.29e-01 2.45e+01  -6.0 7.27e+01    -  6.29e-01 6.10e-01h  1
 121 -5.7200351e+00 2.28e-01 4.67e+01  -6.0 1.77e+02    -  7.17e-01 6.57e-01h  1
 122 -5.7338292e+00 1.72e+00 9.85e+01  -6.0 4.92e+02    -  6.80e-01 6.92e-01h  1
 123 -5.7489565e+00 4.46e+00 1.73e+03  -6.0 9.73e+02    -  4.88e-01 6.70e-01h  1
 124 -5.7483049e+00 1.96e-01 2.19e+03  -6.0 6.77e+01  -6.5 6.12e-01 1.00e+00h  1
 125 -5.7483535e+00 1.96e-01 3.36e+03  -6.0 3.84e+04    -  5.64e-03 3.87e-05h  1
 126 -5.7563099e+00 1.41e+00 4.28e+03  -6.0 1.48e+03    -  2.47e-01 1.45e-01f  1
 127 -5.7771702e+00 5.89e+00 3.28e+04  -6.0 8.78e+02    -  2.11e-01 1.00e+00h  1
 128 -5.7779677e+00 5.46e+00 9.59e+03  -6.0 2.66e+02    -  2.89e-01 7.43e-02h  1
 129 -5.7855762e+00 2.90e+00 4.94e+04  -6.0 3.22e+02    -  5.10e-01 8.30e-01h  1
iter    objective    inf_pr   inf_du lg(mu)  ||d||  lg(rg) alpha_du alpha_pr  ls
 130 -5.7859899e+00 2.83e+00 1.94e+05  -6.0 5.83e+02    -  1.38e-05 2.42e-02h  1
 131 -5.7938088e+00 1.56e+00 2.85e+05  -6.0 3.71e+02    -  1.54e-01 5.13e-01h  1
 132 -5.7974671e+00 1.27e+00 1.35e+05  -6.0 2.68e+02    -  4.79e-01 1.90e-01h  1
 133 -5.8050249e+00 8.61e-01 8.34e+05  -6.0 3.14e+02    -  9.46e-01 3.48e-01h  1
 134 -5.8069838e+00 7.98e-01 6.03e+05  -6.0 4.92e+02    -  1.11e-01 7.77e-02h  1
 135r-5.8069838e+00 7.98e-01 1.00e+03  -0.1 0.00e+00    -  0.00e+00 8.55e-08R  2
 136r-5.8728611e+00 7.97e-01 1.00e+03  -0.1 1.79e+04    -  7.77e-06 2.06e-06f  1
 137 -5.8717108e+00 7.81e-01 2.40e+04  -6.0 8.25e+01    -  4.25e-03 1.91e-02h  1
 138 -5.8677513e+00 7.66e-01 2.33e+04  -6.0 7.07e+01    -  1.91e-02 2.00e-02h  1
 139 -5.8283633e+00 5.45e-01 1.66e+04  -6.0 4.52e+01    -  3.60e-02 2.88e-01h  1
iter    objective    inf_pr   inf_du lg(mu)  ||d||  lg(rg) alpha_du alpha_pr  ls
 140 -5.8235062e+00 4.21e-01 1.28e+04  -6.0 3.97e+00    -  2.22e-01 2.28e-01h  1
 141 -5.8192280e+00 2.02e-01 6.14e+03  -6.0 4.51e+00    -  4.67e-01 5.20e-01h  1
 142 -5.8215323e+00 1.81e-01 5.49e+03  -6.0 8.56e+00    -  9.06e-01 1.06e-01h  1
 143 -5.8041280e+00 1.41e-04 9.43e+00  -6.0 1.84e+00    -  9.65e-01 1.00e+00h  1
 144 -5.8074506e+00 2.80e-02 2.57e+00  -6.0 2.96e+01    -  9.63e-01 9.99e-01h  1
 145 -5.8099520e+00 1.26e-01 1.20e+01  -6.0 1.43e+02    -  9.18e-01 4.08e-01h  2
 146 -5.8113955e+00 1.46e-01 8.00e+00  -6.0 1.02e+02    -  9.85e-01 5.00e-01h  2
 147 -5.8116637e+00 1.00e-01 4.28e-01  -6.0 6.77e+01    -  1.00e+00 1.00e+00h  1
 148 -5.8109893e+00 1.10e-03 4.62e-02  -6.0 5.22e+00  -7.0 1.00e+00 1.00e+00h  1
 149 -5.8109102e+00 7.46e-04 3.95e-02  -6.0 6.22e+00  -7.5 1.00e+00 1.00e+00H  1
iter    objective    inf_pr   inf_du lg(mu)  ||d||  lg(rg) alpha_du alpha_pr  ls
 150 -5.8109107e+00 7.02e-04 1.22e-02  -6.0 2.78e+00  -8.0 1.00e+00 1.00e+00h  1
 151 -5.8109071e+00 5.50e-05 1.89e-04  -6.0 5.07e+00  -8.4 1.00e+00 1.00e+00H  1
 152 -5.8109065e+00 2.36e-04 2.52e-03  -6.0 1.76e+01  -8.9 1.00e+00 1.00e+00H  1
 153 -5.8109038e+00 1.26e-03 3.97e-02  -6.0 6.46e+01  -9.4 1.00e+00 1.00e+00H  1
 154 -5.8109037e+00 1.27e-03 1.31e+01  -6.0 5.18e+02    -  1.00e+00 1.98e-03h  9
 155 -5.8109037e+00 1.28e-03 1.01e+01  -6.0 3.26e+02    -  1.00e+00 3.17e-03h  9
 156 -5.8109037e+00 1.29e-03 7.04e+00  -6.0 2.37e+02    -  1.00e+00 3.91e-03h  9
 157 -5.8108960e+00 9.02e-01 3.77e-01  -6.0 2.22e+02    -  1.00e+00 1.00e+00h  1
 158 -5.8108815e+00 8.33e-01 1.47e+00  -6.0 2.15e+02    -  7.55e-01 1.00e+00h  1
 159 -5.8108862e+00 1.44e-01 5.60e-02  -6.0 8.89e+01    -  1.00e+00 1.00e+00h  1
iter    objective    inf_pr   inf_du lg(mu)  ||d||  lg(rg) alpha_du alpha_pr  ls
 160 -5.8108861e+00 2.50e-04 1.27e-04  -6.0 3.58e+00    -  1.00e+00 1.00e+00h  1
 161 -5.8108861e+00 8.29e-10 3.42e-10  -6.0 6.52e-03    -  1.00e+00 1.00e+00h  1
 162 -5.8110329e+00 4.78e+00 3.45e+01  -7.5 7.54e+02    -  5.66e-01 6.85e-01f  1
 163 -5.8110321e+00 1.59e+00 1.34e+01  -7.5 2.39e+02  -9.9 7.66e-01 8.24e-01h  1
 164 -5.8110283e+00 4.32e-01 1.45e-01  -7.5 1.45e+02    -  1.00e+00 1.00e+00h  1
 165 -5.8110262e+00 2.38e-03 4.14e-04  -7.5 1.03e+01    -  1.00e+00 1.00e+00h  1
 166 -5.8110262e+00 2.79e-08 5.27e-09  -7.5 3.91e-02    -  1.00e+00 1.00e+00h  1
 167 -5.8110277e+00 9.13e-03 8.06e-01  -9.0 2.65e+01    -  9.23e-01 8.35e-01h  1
 168 -5.8110279e+00 3.62e-04 4.37e-04  -9.0 4.39e+00    -  1.00e+00 1.00e+00h  1
 169 -5.8110279e+00 1.31e-09 2.41e-09  -9.0 8.69e-03    -  1.00e+00 1.00e+00h  1

Number of Iterations....: 169

                                   (scaled)                 (unscaled)
Objective...............:  -4.5398655799158174e+00   -5.8110279422922462e+00
Dual infeasibility......:   2.4093065779009770e-09    3.0839124197132508e-09
Constraint violation....:   8.2600578878920206e-10    1.3060343917459249e-09
Complementarity.........:   1.1212394560483461e-09    1.4351865037418830e-09
Overall NLP error.......:   2.4093065779009770e-09    3.0839124197132508e-09


Number of objective function evaluations             = 326
Number of objective gradient evaluations             = 170
Number of equality constraint evaluations            = 326
Number of inequality constraint evaluations          = 326
Number of equality constraint Jacobian evaluations   = 174
Number of inequality constraint Jacobian evaluations = 174
Number of Lagrangian Hessian evaluations             = 169
Total CPU secs in IPOPT (w/o function evaluations)   =   1416.726
Total CPU secs in NLP function evaluations           =      7.557

EXIT: Optimal Solution Found.
