
List of user-set options:

                                    Name   Value                used
                           compl_inf_tol = 1                     yes
                         constr_viol_tol = 1                     yes
                            dual_inf_tol = 1000                  yes
                           linear_solver = ma97                  yes
                              ma86_small = 1e-30                  no
                                  ma86_u = 0.0001                 no
                              ma97_order = best                  yes
                              ma97_small = 1e-30                 yes
                            ma97_switch1 = at_start              yes
                            ma97_switch2 = od_hd_reuse           yes
                                  ma97_u = 1e-06                 yes
                               ma97_umax = 0.5                   yes
                                max_iter = 1000                  yes
                    max_refinement_steps = 20                    yes
                    min_refinement_steps = 5                     yes
                                 mu_init = 1e-06                 yes
           mu_superlinear_decrease_power = 1.25                  yes
                   nlp_scaling_min_value = 1e-08                 yes
                        option_file_name = Preset_Case_837_pf.opt  yes
                             output_file = ./tmp/Preset_Case_837_pf.output  yes
                      print_user_options = yes                   yes
        required_infeasibility_reduction = 1                      no
                                     tol = 1e-08                 yes
                   warm_start_bound_frac = 1e-20                 yes
                   warm_start_bound_push = 1e-20                 yes
                   warm_start_init_point = yes                   yes
              warm_start_mult_bound_push = 1e-20                 yes
                warm_start_mult_init_max = 1e+40                 yes
             warm_start_slack_bound_frac = 1e-20                 yes
             warm_start_slack_bound_push = 1e-20                 yes

******************************************************************************
This program contains Ipopt, a library for large-scale nonlinear optimization.
 Ipopt is released as open source code under the Eclipse Public License (EPL).
         For more information visit http://projects.coin-or.org/Ipopt
******************************************************************************

This is Ipopt version 3.12.10, running with linear solver ma97.

Number of nonzeros in equality constraint Jacobian...:   117284
Number of nonzeros in inequality constraint Jacobian.:      213
Number of nonzeros in Lagrangian Hessian.............:    47506

Total number of variables............................:    30050
                     variables with only lower bounds:    11392
                variables with lower and upper bounds:    15128
                     variables with only upper bounds:        0
Total number of equality constraints.................:    29944
Total number of inequality constraints...............:       25
        inequality constraints with only lower bounds:        4
   inequality constraints with lower and upper bounds:        0
        inequality constraints with only upper bounds:       21

iter    objective    inf_pr   inf_du lg(mu)  ||d||  lg(rg) alpha_du alpha_pr  ls
   0 -1.3902836e+01 1.39e-01 1.01e+02  -6.0 0.00e+00    -  0.00e+00 0.00e+00   0
In iteration 0, 2 Slacks too small, adjusting variable bounds
   1 -1.3902836e+01 1.39e-01 2.59e+02  -6.0 1.33e+10    -  2.59e-14 6.88e-19h  1
   2 -1.3880641e+01 1.39e-01 2.85e+02  -6.0 8.41e+02    -  9.93e-04 1.79e-03h  1
   3 -1.3879892e+01 1.39e-01 2.80e+02  -6.0 2.48e+02    -  3.01e-02 1.37e-04h  1
   4 -1.3844151e+01 1.38e-01 2.80e+02  -6.0 4.65e+02    -  5.56e-04 3.83e-03h  2
   5 -1.3809209e+01 1.38e-01 2.77e+02  -6.0 2.95e+02    -  1.52e-02 4.08e-03h  1
   6 -1.3718474e+01 1.36e-01 2.75e+02  -6.0 2.59e+02    -  3.57e-06 1.34e-02h  3
   7 -1.3629386e+01 1.34e-01 2.72e+02  -6.0 2.59e+02    -  7.96e-03 1.33e-02h  3
   8 -1.3543365e+01 1.32e-01 2.68e+02  -6.0 2.50e+02    -  1.36e-02 1.37e-02h  3
   9 -1.3464366e+01 1.30e-01 2.64e+02  -6.0 2.50e+02    -  2.03e-02 1.29e-02h  3
iter    objective    inf_pr   inf_du lg(mu)  ||d||  lg(rg) alpha_du alpha_pr  ls
  10 -1.3390165e+01 1.29e-01 2.60e+02  -6.0 2.51e+02    -  1.68e-02 1.22e-02h  3
  11 -1.3321771e+01 1.27e-01 2.53e+02  -6.0 2.52e+02    -  4.88e-02 1.14e-02h  3
  12 -1.3219158e+01 1.25e-01 2.45e+02  -6.0 2.44e+02    -  6.06e-02 1.77e-02h  2
  13 -1.3125976e+01 1.23e-01 2.42e+02  -6.0 2.54e+02    -  9.96e-02 1.58e-02h  2
  14 -1.3056421e+01 1.22e-01 2.76e+02  -6.0 2.59e+02    -  1.35e-01 1.16e-02h  2
  15 -1.2994532e+01 1.20e-01 3.11e+03  -6.0 2.72e+02    -  1.93e-01 9.79e-03h  2
  16 -1.2873985e+01 1.18e-01 3.86e+04  -6.0 2.88e+02    -  2.24e-01 1.79e-02h  1
  17 -1.2791700e+01 1.17e-01 1.05e+06  -6.0 3.06e+02    -  2.71e-01 1.07e-02h  1
  18 -1.2690013e+01 1.16e-01 1.77e+06  -6.0 3.16e+02    -  3.66e-01 1.31e-02h  3
  19 -1.2570773e+01 1.14e-01 1.88e+06  -6.0 3.35e+02    -  4.09e-01 1.57e-02h  3
iter    objective    inf_pr   inf_du lg(mu)  ||d||  lg(rg) alpha_du alpha_pr  ls
  20 -1.2484607e+01 1.12e-01 1.71e+06  -6.0 3.88e+02    -  4.19e-01 1.20e-02h  4
  21 -1.2385387e+01 1.11e-01 1.49e+06  -6.0 5.57e+02    -  4.46e-01 1.52e-02h  4
  22 -1.2332047e+01 1.10e-01 1.44e+06  -6.0 8.12e+02    -  2.35e-01 9.68e-03h  5
  23 -1.2311880e+01 1.09e-01 1.44e+06  -6.0 9.19e+02    -  2.13e-01 3.97e-03h  7
  24 -1.2291447e+01 1.09e-01 1.45e+06  -6.0 1.00e+03    -  2.23e-01 4.28e-03h  7
  25 -1.2281396e+01 1.08e-01 1.47e+06  -6.0 1.08e+03    -  2.29e-01 2.21e-03h  8
  26 -1.2220000e+01 1.07e-01 1.51e+06  -6.0 2.75e+02  -4.0 7.34e-02 9.82e-03h  6
  27 -1.2173812e+01 1.07e-01 1.60e+06  -6.0 3.77e+02  -4.5 2.05e-01 8.06e-03h  5
  28 -1.2024615e+01 1.03e-01 1.54e+06  -6.0 1.32e+03    -  5.42e-02 3.66e-02w  1
  29 -1.0875331e+01 1.61e+00 1.07e+06  -6.0 6.92e+02  -5.0 1.91e-04 2.46e-01w  1
iter    objective    inf_pr   inf_du lg(mu)  ||d||  lg(rg) alpha_du alpha_pr  ls
  30 -1.0901228e+01 1.44e+00 7.82e+05  -6.0 3.70e+02  -3.6 2.38e-02 7.94e-02w  1
  31 -1.2169150e+01 1.06e-01 1.59e+06  -6.0 1.86e+02  -2.3 5.42e-02 1.14e-03h  5
  32 -1.2145829e+01 1.06e-01 1.68e+06  -6.0 2.37e+02  -2.8 9.96e-03 4.55e-03h  5
  33 -1.2113589e+01 1.05e-01 1.77e+06  -6.0 2.32e+02  -3.3 2.22e-02 6.18e-03h  5
  34 -1.2083569e+01 1.05e-01 2.06e+06  -6.0 2.51e+02  -3.7 1.45e-01 5.80e-03h  5
  35 -1.2082151e+01 1.05e-01 2.07e+06  -6.0 3.70e+02  -4.2 6.01e-03 6.58e-04h  6
  36 -1.2071183e+01 1.04e-01 2.30e+06  -6.0 2.59e+02  -3.8 1.06e-01 2.50e-03h  6
  37 -1.2041805e+01 1.04e-01 2.44e+06  -6.0 2.29e+02  -3.4 3.77e-02 6.29e-03h  5
  38 -1.2026786e+01 1.03e-01 2.72e+06  -6.0 2.83e+02  -3.8 1.46e-01 3.75e-03h  6
  39 -1.2009405e+01 1.03e-01 2.90e+06  -6.0 2.44e+02  -3.4 4.33e-02 3.93e-03h  6
iter    objective    inf_pr   inf_du lg(mu)  ||d||  lg(rg) alpha_du alpha_pr  ls
  40 -1.1985752e+01 1.02e-01 3.23e+06  -6.0 3.22e+02  -3.9 1.88e-01 6.36e-03h  6
  41 -1.1987122e+01 1.02e-01 3.24e+06  -6.0 6.20e+02  -4.4 2.09e-02 5.57e-03w  1
  42 -1.0750584e+01 3.51e+00 1.64e+06  -6.0 3.77e+02  -3.9 7.36e-05 3.22e-01w  1
  43 -1.0648915e+01 3.34e+00 5.61e+05  -6.0 2.01e+02  -2.6 9.03e-04 4.48e-02w  1
  44 -1.1986437e+01 1.02e-01 3.25e+06  -6.0 2.44e+02  -3.1 2.09e-02 2.78e-03h  1
  45 -1.1960673e+01 1.01e-01 3.27e+06  -6.0 2.86e+02  -3.6 1.69e-02 6.36e-03h  6
  46 -1.1942575e+01 1.01e-01 3.57e+06  -6.0 4.28e+02  -4.0 2.17e-01 4.99e-03h  7
  47 -1.1929845e+01 1.00e-01 3.60e+06  -6.0 3.17e+02  -3.6 1.42e-02 3.47e-03h  7
  48 -1.1913331e+01 9.99e-02 3.74e+06  -6.0 5.30e+02  -4.1 9.55e-02 4.82e-03h  7
  49 -1.1899168e+01 9.95e-02 3.80e+06  -6.0 3.39e+02  -3.7 2.31e-02 4.08e-03h  7
iter    objective    inf_pr   inf_du lg(mu)  ||d||  lg(rg) alpha_du alpha_pr  ls
  50 -1.1883836e+01 9.91e-02 3.94e+06  -6.0 5.88e+02  -4.1 1.01e-01 4.61e-03h  6
  51 -1.1868110e+01 9.86e-02 4.10e+06  -6.0 3.64e+02  -3.7 5.22e-02 4.67e-03h  7
  52 -1.1851280e+01 9.81e-02 4.55e+06  -6.0 6.72e+02  -4.2 3.62e-01 4.90e-03h  7
  53 -1.1834969e+01 9.79e-02 4.36e+06  -6.0 1.20e+03  -4.7 9.62e-02 2.57e-03h  4
  54 -1.1819360e+01 9.74e-02 4.43e+06  -6.0 8.08e+02  -4.2 7.39e-02 4.36e-03h  7
  55 -1.1129449e+01 1.17e+00 3.00e+06  -6.0 4.80e+02  -3.8 1.08e-01 2.21e-01w  1
  56 -1.1078194e+01 1.15e+00 7.66e+06  -6.0 2.18e+02  -2.5 1.40e-01 2.48e-02w  1
  57 -1.0827460e+01 1.04e+00 5.70e+06  -6.0 2.91e+02  -3.0 1.11e-01 1.57e-01w  1
  58 -1.1808580e+01 9.71e-02 4.83e+06  -6.0 3.49e+02  -3.4 1.08e-01 3.46e-03h  6
  59 -1.1794776e+01 9.67e-02 5.31e+06  -6.0 5.85e+02  -3.9 1.61e-01 4.31e-03h  7
iter    objective    inf_pr   inf_du lg(mu)  ||d||  lg(rg) alpha_du alpha_pr  ls
  60 -1.1778735e+01 9.64e-02 5.24e+06  -6.0 1.05e+03  -4.4 8.27e-02 3.10e-03h  5
  61 -1.1724410e+01 2.20e-01 5.24e+06  -6.0 3.97e+04  -4.9 1.97e-04 1.97e-04s 10
  62 -1.1723434e+01 2.20e-01 5.23e+06  -6.0 1.04e+03  -4.4 2.55e-04 2.55e-04s 10
  63r-1.1723434e+01 2.20e-01 1.00e+03  -1.0 0.00e+00  -4.9 0.00e+00 0.00e+00R  1
  64r-1.1712978e+01 2.16e-01 1.00e+03  -1.0 8.29e+03    -  1.85e-05 2.36e-05f  1
  65r-1.1691678e+01 1.98e-01 1.00e+03  -1.0 6.44e+03    -  8.44e-05 8.97e-05f  1
  66r-1.1681438e+01 1.67e-01 1.00e+03  -1.0 4.53e+03    -  1.78e-04 1.93e-04f  1
  67r-1.1695510e+01 9.27e-02 1.93e+03  -1.0 3.46e+03    -  1.04e-03 8.18e-04f  1
  68r-1.1817120e+01 9.26e-02 9.99e+02  -1.0 2.07e+03    -  1.82e-03 2.25e-03f  1
  69 -1.1810038e+01 9.24e-02 1.29e+05  -6.0 1.93e+02    -  1.32e-01 1.65e-03h  1
iter    objective    inf_pr   inf_du lg(mu)  ||d||  lg(rg) alpha_du alpha_pr  ls
  70 -1.1657771e+01 8.92e-02 2.79e+06  -6.0 1.97e+02    -  1.65e-03 3.52e-02h  2
  71 -1.1530396e+01 8.65e-02 2.71e+06  -6.0 1.96e+02    -  8.69e-02 3.06e-02h  2
  72 -1.1419240e+01 8.41e-02 2.63e+06  -6.0 1.96e+02    -  1.18e-01 2.80e-02h  4
  73 -1.1317113e+01 8.19e-02 2.56e+06  -6.0 1.96e+02    -  2.65e-02 2.68e-02h  4
  74 -1.1228539e+01 7.99e-02 2.50e+06  -6.0 1.95e+02    -  3.22e-01 2.40e-02h  4
  75 -1.1151280e+01 7.82e-02 2.44e+06  -6.0 2.03e+02    -  8.07e-02 2.23e-02h  4
  76 -1.1083413e+01 7.66e-02 2.39e+06  -6.0 2.05e+02    -  3.75e-01 2.05e-02h  4
  77 -1.1017375e+01 7.48e-02 2.34e+06  -6.0 2.39e+02    -  5.05e-01 2.36e-02h  4
  78 -1.1005593e+01 7.42e-02 2.32e+06  -6.0 3.11e+02    -  2.00e-01 7.30e-03h  3
  79 -1.0994348e+01 7.36e-02 2.30e+06  -6.0 3.29e+02    -  2.24e-01 9.21e-03h  2
iter    objective    inf_pr   inf_du lg(mu)  ||d||  lg(rg) alpha_du alpha_pr  ls
  80 -1.0993311e+01 7.27e-02 2.26e+06  -6.0 3.44e+02    -  2.16e-02 1.48e-02w  1
  81 -1.0944057e+01 6.91e-02 2.13e+06  -6.0 3.36e+02    -  3.81e-01 5.75e-02w  1
  82 -1.1005331e+01 2.31e-01 1.86e+06  -6.0 3.31e+02    -  5.81e-02 1.27e-01w  1
  83 -1.0993829e+01 7.31e-02 2.28e+06  -6.0 2.79e+02    -  2.16e-02 7.41e-03h  1
  84 -1.0988912e+01 7.26e-02 2.27e+06  -6.0 3.41e+02    -  2.35e-01 6.79e-03h  3
  85 -1.0986527e+01 7.22e-02 2.25e+06  -6.0 3.61e+02    -  7.03e-02 6.40e-03h  4
  86 -1.0983432e+01 7.17e-02 2.23e+06  -6.0 3.63e+02    -  2.75e-01 7.27e-03h  5
  87 -1.0987293e+01 7.16e-02 2.21e+06  -6.0 3.90e+02    -  4.00e-02 9.61e-03h  5
  88 -1.0986582e+01 7.13e-02 2.20e+06  -6.0 3.84e+02    -  2.49e-01 5.10e-03h  7
  89 -1.0995203e+01 7.16e-02 2.19e+06  -6.0 4.05e+02    -  2.59e-02 5.02e-03h  6
iter    objective    inf_pr   inf_du lg(mu)  ||d||  lg(rg) alpha_du alpha_pr  ls
  90 -1.0993595e+01 7.13e-02 2.18e+06  -6.0 4.09e+02    -  4.86e-01 6.14e-03h  7
  91 -1.0982982e+01 7.09e-02 2.16e+06  -6.0 3.05e+02  -4.5 2.43e-01 7.63e-03h  7
  92 -1.0961778e+01 7.02e-02 2.14e+06  -6.0 2.86e+02  -4.1 4.38e-01 1.04e-02h  6
  93 -1.0940336e+01 6.96e-02 2.12e+06  -6.0 2.79e+02  -3.6 6.47e-01 8.76e-03h  6
  94 -1.0175410e+01 4.60e-01 1.52e+06  -6.0 2.90e+02  -3.2 1.81e-01 2.83e-01w  1
  95 -1.0189406e+01 4.56e-01 1.50e+06  -6.0 2.59e+02  -3.7 3.26e-02 9.42e-03w  1
  96 -1.0301771e+01 4.25e-01 1.26e+06  -6.0 2.58e+02  -3.3 1.67e-01 1.62e-01w  1
  97 -1.0892528e+01 6.85e-02 2.08e+06  -6.0 2.29e+02  -3.7 1.81e-01 1.77e-02h  4
  98 -1.0867414e+01 6.78e-02 2.06e+06  -6.0 3.23e+02  -3.3 3.95e-01 1.12e-02h  6
  99 -1.0862886e+01 6.73e-02 2.04e+06  -6.0 3.58e+02  -3.8 1.29e-01 7.42e-03h  1
iter    objective    inf_pr   inf_du lg(mu)  ||d||  lg(rg) alpha_du alpha_pr  ls
 100 -1.0846957e+01 6.68e-02 2.03e+06  -6.0 3.41e+02  -3.4 6.33e-03 8.42e-03h  7
 101r-1.0846957e+01 6.68e-02 1.00e+03  -1.4 0.00e+00  -3.8 0.00e+00 3.86e-07R  5
 102r-1.0856619e+01 7.59e-02 6.81e+03  -1.4 4.89e+04    -  2.69e-05 2.92e-05f  1
 103r-1.1041885e+01 7.58e-02 6.81e+03  -1.4 5.48e+03    -  2.84e-04 6.05e-04f  1
 104r-1.1063375e+01 7.58e-02 6.81e+03  -1.4 2.29e+03    -  2.47e-03 8.59e-04f  1
 105r-1.1255343e+01 7.53e-02 6.77e+03  -1.4 1.95e+03    -  8.21e-03 5.42e-03f  1
 106r-1.1838638e+01 7.60e-02 7.91e+03  -1.4 1.35e+03    -  1.78e-02 1.49e-02f  1
 107r-1.1939011e+01 8.21e-02 1.11e+04  -1.4 7.53e+02    -  2.48e-02 6.53e-03f  1
 108r-1.2331913e+01 9.43e-02 1.26e+04  -1.4 5.27e+02    -  2.21e-02 1.50e-02f  1
 109r-1.2694725e+01 1.56e-01 7.76e+03  -1.4 2.06e+02    -  3.89e-02 9.24e-02f  1
iter    objective    inf_pr   inf_du lg(mu)  ||d||  lg(rg) alpha_du alpha_pr  ls
 110r-1.1927115e+01 4.89e-01 1.14e+04  -1.4 1.63e+00   0.0 8.99e-02 2.12e-01f  1
 111r-1.1872947e+01 4.83e-01 1.31e+04  -1.4 1.10e-01   1.3 3.00e-01 1.35e-02f  1
 112r-1.0075623e+01 3.80e-01 7.99e+03  -1.4 3.49e-01   0.9 2.45e-01 4.02e-01f  1
 113r-8.7885753e+00 3.83e-01 3.96e+03  -1.4 4.80e-01   0.4 3.82e-01 2.46e-01f  1
 114r-8.2420237e+00 3.89e-01 5.69e+03  -1.4 2.12e-01   1.7 1.97e-01 8.73e-02f  1
 115r-8.0357767e+00 4.01e-01 5.43e+03  -1.4 6.12e-02   2.1 1.68e-01 1.20e-01f  1
 116r-8.2438220e+00 4.86e-01 2.78e+03  -1.4 1.93e-02   2.6 7.05e-01 1.00e+00f  1
 117r-7.8061886e+00 4.79e-01 1.19e+02  -1.4 5.09e-02   2.1 9.04e-01 1.00e+00f  1
 118r-7.5022023e+00 4.79e-01 8.61e+01  -1.4 3.03e+00   1.6 1.66e-02 1.52e-02f  2
 119r-7.5149725e+00 4.78e-01 8.24e+00  -1.4 9.66e-03   2.9 1.00e+00 1.00e+00f  1
iter    objective    inf_pr   inf_du lg(mu)  ||d||  lg(rg) alpha_du alpha_pr  ls
 120r-7.4746244e+00 1.96e-01 3.17e+03  -2.1 1.53e-02   2.5 7.69e-01 6.51e-01f  1
 121 -7.4716153e+00 1.96e-01 1.01e+02  -6.0 3.60e+02    -  1.46e-02 4.54e-04h  2
 122 -7.4700167e+00 1.96e-01 2.22e+02  -6.0 5.06e+02    -  2.23e-02 2.27e-04h  4
 123 -7.4680327e+00 1.95e-01 4.59e+02  -6.0 6.32e+02    -  1.91e-02 2.76e-04h  7
 124 -7.4661063e+00 1.95e-01 5.45e+02  -6.0 6.43e+02    -  7.92e-03 2.89e-04h  7
 125 -7.4642753e+00 1.95e-01 1.16e+03  -6.0 6.54e+02    -  5.33e-02 2.77e-04h  7
 126 -7.4624728e+00 1.95e-01 1.31e+03  -6.0 7.22e+02    -  1.05e-02 2.86e-04h  7
 127 -7.4606615e+00 1.95e-01 1.93e+03  -6.0 7.40e+02    -  4.17e-02 2.90e-04h  7
 128 -7.4597297e+00 1.95e-01 2.15e+03  -6.0 8.67e+02    -  1.26e-02 1.54e-04h  8
 129 -7.4588321e+00 1.95e-01 3.05e+03  -6.0 9.14e+02    -  4.98e-02 1.50e-04h  8
iter    objective    inf_pr   inf_du lg(mu)  ||d||  lg(rg) alpha_du alpha_pr  ls
 130 -7.4580066e+00 1.95e-01 3.33e+03  -6.0 1.09e+03    -  1.40e-02 1.39e-04h  8
 131 -7.3584389e+00 2.52e-01 3.90e+03  -6.0 1.14e+03    -  4.72e-02 1.73e-02w  1
 132 -7.3584349e+00 2.52e-01 5.13e+03  -6.0 1.92e+03    -  1.10e-02 7.70e-07w  1
 133 -7.2710827e+00 2.88e-01 9.49e+03  -6.0 2.03e+03    -  5.41e-02 1.66e-02w  1
 134 -7.4572288e+00 1.95e-01 4.31e+03  -6.0 2.67e+03    -  4.72e-02 1.35e-04h  7
 135 -7.4565523e+00 1.95e-01 4.98e+03  -6.0 1.33e+03    -  2.98e-02 1.26e-04h  8
 136 -7.4562380e+00 1.95e-01 6.28e+03  -6.0 1.47e+03    -  5.55e-02 6.08e-05h  9
 137 -7.4559470e+00 1.95e-01 7.84e+03  -6.0 1.69e+03    -  6.26e-02 5.88e-05h  9
 138 -7.4556683e+00 1.95e-01 1.29e+04  -6.0 1.90e+03    -  8.06e-02 5.83e-05h  9
 139 -7.4553911e+00 1.95e-01 1.93e+04  -6.0 2.12e+03    -  9.68e-02 6.02e-05h  9
iter    objective    inf_pr   inf_du lg(mu)  ||d||  lg(rg) alpha_du alpha_pr  ls
 140 -7.4550793e+00 1.95e-01 2.58e+04  -6.0 2.42e+03    -  8.90e-02 7.09e-05h  9
 141 -7.4548356e+00 1.95e-01 2.95e+04  -6.0 2.91e+03    -  4.11e-02 6.01e-05h 10
 142 -7.4544742e+00 1.95e-01 3.31e+04  -6.0 3.20e+03    -  3.65e-02 9.65e-05h 10
 143 -7.4542660e+00 1.95e-01 3.68e+04  -6.0 3.48e+03    -  3.53e-02 6.03e-05h 11
 144 -7.2798847e+00 4.58e+00 3.24e+04  -6.0 3.75e+03    -  3.18e-02 5.29e-02w  1
 145 -7.2798846e+00 4.58e+00 3.07e+04  -6.0 7.76e+04    -  1.02e-03 8.81e-08w  1
 146 -7.2364736e+00 4.80e+00 2.70e+06  -6.0 5.88e+03    -  1.26e-02 2.94e-02w  1
 147 -7.4540957e+00 1.95e-01 4.02e+04  -6.0 6.49e+03    -  3.18e-02 5.17e-05h 10
 148 -7.4539346e+00 1.95e-01 4.40e+04  -6.0 4.02e+03    -  3.40e-02 4.89e-05h 11
 149 -7.4537706e+00 1.95e-01 4.81e+04  -6.0 4.34e+03    -  3.61e-02 4.85e-05h 11
iter    objective    inf_pr   inf_du lg(mu)  ||d||  lg(rg) alpha_du alpha_pr  ls
 150 -7.4535940e+00 1.95e-01 5.16e+04  -6.0 4.70e+03    -  2.99e-02 5.02e-05h 11
 151 -7.4534969e+00 1.95e-01 5.69e+04  -6.0 5.01e+03    -  4.44e-02 2.66e-05h 12
 152 -7.4533817e+00 1.95e-01 6.10e+04  -6.0 5.48e+03    -  3.29e-02 3.01e-05h 12
 153 -7.4532923e+00 1.95e-01 6.60e+04  -6.0 5.82e+03    -  3.96e-02 2.27e-05h 12
 154 -7.4531896e+00 1.95e-01 7.27e+04  -6.0 6.22e+03    -  5.22e-02 2.52e-05h 11
 155 -7.4530923e+00 1.95e-01 8.12e+04  -6.0 6.69e+03    -  6.81e-02 2.32e-05h 12
 156 -7.4530003e+00 1.95e-01 8.71e+04  -6.0 7.21e+03    -  5.09e-02 2.13e-05h 12
 157 -7.2684252e+00 2.09e+00 8.79e+04  -6.0 7.54e+03    -  8.48e-02 4.19e-02w  1
 158 -7.2683538e+00 2.09e+00 8.58e+04  -6.0 1.12e+04    -  2.64e-02 1.90e-05w  1
 159 -7.2088952e+00 2.05e+00 8.46e+04  -6.0 1.16e+04    -  1.34e-02 1.53e-02w  1
iter    objective    inf_pr   inf_du lg(mu)  ||d||  lg(rg) alpha_du alpha_pr  ls
 160r-7.4530003e+00 1.95e-01 1.00e+03  -2.4 0.00e+00    -  0.00e+00 3.20e-07R 17
 161r-7.4422920e+00 1.85e-01 3.07e+03  -2.4 5.60e+01    -  1.56e-01 2.23e-03f  1
 162r-6.9823637e+00 1.09e-01 2.48e+03  -2.4 2.61e+01    -  9.29e-02 1.04e-01f  1
 163r-6.4842328e+00 5.43e-02 1.37e+04  -2.4 2.41e+01    -  5.03e-01 1.66e-01f  1
 164r-5.7994143e+00 1.49e-01 8.04e+03  -2.4 2.36e+01    -  2.03e-01 2.70e-01f  1
 165r-4.7571451e+00 3.03e-01 7.72e+03  -2.4 1.87e+01    -  6.10e-01 4.70e-01f  1
 166r-3.8523377e+00 2.64e-01 9.17e+03  -2.4 2.53e+01    -  5.07e-01 2.19e-01f  1
 167r-1.1054743e+00 2.37e-01 6.12e+03  -2.4 3.05e+01    -  7.06e-01 4.73e-01f  1
 168r-1.0387804e+00 2.34e-01 6.09e+03  -2.4 3.47e+01    -  3.50e-02 1.13e-02f  1
 169r 5.7029102e-01 5.69e-01 4.66e+03  -2.4 3.46e+01    -  4.43e-01 2.78e-01f  1
iter    objective    inf_pr   inf_du lg(mu)  ||d||  lg(rg) alpha_du alpha_pr  ls
 170r 4.9971701e-01 2.43e-02 2.88e+03  -2.4 7.04e-03   2.0 5.86e-01 1.00e+00f  1
 171r 5.0300194e-01 6.08e-03 1.95e+01  -2.4 7.74e-03   1.5 9.95e-01 1.00e+00f  1
 172r 5.1375729e-01 5.14e-03 7.13e+00  -2.4 7.81e-03   1.9 1.00e+00 1.00e+00h  1
 173r 5.6344778e-01 8.49e-03 4.38e+00  -2.4 9.86e-03   1.5 1.00e+00 1.00e+00f  1
 174r 6.0456561e-01 5.10e-03 4.75e+00  -2.4 3.76e-03   1.9 1.00e+00 1.00e+00h  1
 175r 7.5735151e-01 1.36e-02 2.52e+01  -2.4 1.28e-02   1.4 1.00e+00 1.00e+00f  1
 176r 8.6964704e-01 1.46e-01 1.48e+01  -2.4 1.63e-02   0.9 1.00e+00 1.00e+00f  1
 177r 1.0021706e+00 1.69e-01 4.59e+02  -2.4 3.47e-02   0.5 1.00e+00 5.93e-01h  1
 178r 1.0861809e+00 1.22e-01 7.16e+02  -2.4 2.80e-01  -0.0 9.40e-01 3.51e-01f  1
 179r 1.8725889e+00 5.09e-02 7.43e+02  -2.4 3.90e-01  -0.5 3.57e-01 8.29e-01f  1
iter    objective    inf_pr   inf_du lg(mu)  ||d||  lg(rg) alpha_du alpha_pr  ls
 180r 2.6539676e+00 2.29e-02 2.34e+03  -2.4 6.60e-01  -1.0 2.00e-02 6.16e-01f  1
 181r 3.8649436e+00 2.16e-01 3.88e+03  -2.4 4.09e-01  -1.4 3.01e-02 7.50e-01f  1
 182r 4.6345140e+00 2.09e-01 5.21e+02  -2.4 7.69e-01  -1.9 8.89e-01 1.00e+00f  1
 183r 4.6846383e+00 1.25e-01 8.27e+02  -2.4 4.39e+01    -  9.61e-01 4.12e-01h  1
 184r 4.6728856e+00 1.25e-01 8.24e+02  -2.4 9.22e+00  -2.4 6.11e-03 2.60e-03f  2
 185r 4.6664738e+00 9.50e-02 6.00e+02  -2.4 9.65e-02  -0.2 1.00e+00 3.86e-01h  1
 186r 4.8660899e+00 2.38e-02 7.59e+01  -2.4 2.73e+01    -  1.00e+00 9.28e-01f  1
 187r 4.8802041e+00 5.04e-03 2.84e+00  -2.4 2.31e+00    -  1.00e+00 1.00e+00f  1
 188r 4.8818783e+00 5.04e-03 3.28e-02  -2.4 1.99e-02    -  1.00e+00 1.00e+00h  1
 189r 4.1362063e+00 2.99e-02 4.52e+02  -3.8 7.21e+01    -  2.15e-01 2.79e-01f  1
iter    objective    inf_pr   inf_du lg(mu)  ||d||  lg(rg) alpha_du alpha_pr  ls
 190r 4.6527902e+00 1.03e+00 4.04e+02  -3.8 1.64e+02    -  1.88e-01 1.85e-01f  1
 191r 4.7975094e+00 1.02e+00 5.06e+02  -3.8 3.94e+02    -  9.43e-03 2.37e-02f  1
 192r 5.0307669e+00 1.17e+00 3.03e+03  -3.8 1.15e+02    -  3.14e-01 1.16e-01f  1
 193r 5.1831681e+00 7.08e-01 1.84e+03  -3.8 6.85e-01  -0.6 3.10e-01 3.94e-01f  1
 194r 5.4476493e+00 4.96e-01 1.07e+03  -3.8 3.64e-01  -0.2 1.53e-01 3.00e-01f  1
 195r 5.7731095e+00 4.89e-01 1.04e+03  -3.8 1.43e+01  -0.7 6.38e-03 1.21e-02f  1
 196r 5.8413742e+00 2.99e-01 6.76e+02  -3.8 3.82e-01  -0.3 3.55e-01 3.89e-01f  1
 197r 5.8583506e+00 2.92e-01 8.32e+02  -3.8 8.14e-01   0.2 8.95e-02 2.48e-02f  1
 198r 5.8763670e+00 2.47e-01 1.04e+03  -3.8 9.90e-02   0.6 2.24e-01 1.53e-01f  1
 199r 5.8808670e+00 1.80e-01 6.88e+02  -3.8 3.19e-02   1.0 2.56e-01 2.70e-01f  1
iter    objective    inf_pr   inf_du lg(mu)  ||d||  lg(rg) alpha_du alpha_pr  ls
 200r 5.8981628e+00 1.61e-01 9.74e+02  -3.8 1.69e-01   0.5 1.64e-01 1.05e-01f  1
 201r 5.9061332e+00 1.04e-01 2.41e+02  -3.8 3.93e-02   1.0 2.89e-01 3.54e-01f  1
 202r 5.8862449e+00 9.84e-02 2.90e+02  -3.8 3.59e-01   0.5 2.03e-02 5.67e-02f  1
 203r 5.8782958e+00 8.90e-02 9.06e+02  -3.8 6.30e-02   0.9 2.31e-01 9.50e-02f  1
 204r 5.8289815e+00 8.62e-02 8.00e+02  -3.8 6.51e-01   0.4 1.93e-02 3.20e-02f  1
 205r 5.7802449e+00 6.49e-02 4.83e+02  -3.8 7.48e-02   0.9 2.27e-01 2.47e-01f  1
 206r 5.6817506e+00 6.12e-02 1.66e+03  -3.8 5.07e-01   0.4 1.47e-01 5.76e-02f  1
 207r 5.6747613e+00 6.12e-02 1.73e+03  -3.8 1.24e+01  -0.1 5.72e-03 7.48e-04f  1
 208r 5.6400050e+00 5.61e-02 4.06e+03  -3.8 4.13e-01   0.3 2.40e-01 8.21e-02f  1
 209r 5.6088819e+00 5.60e-02 4.08e+03  -3.8 3.10e+01  -0.1 4.58e-03 2.07e-03f  1
iter    objective    inf_pr   inf_du lg(mu)  ||d||  lg(rg) alpha_du alpha_pr  ls
 210r 5.5777123e+00 5.21e-02 5.88e+03  -3.8 6.03e-01   0.3 2.30e-01 7.07e-02f  1
 211r 5.4843972e+00 2.67e-02 3.85e+03  -3.8 1.58e-01   0.7 5.64e-01 4.87e-01f  1
 212r 5.4436144e+00 2.54e-02 4.38e+03  -3.8 1.03e+00   0.2 1.86e-01 5.10e-02f  1
 213r 5.4122290e+00 2.21e-02 6.08e+03  -3.8 2.29e-01   0.7 6.51e-01 1.30e-01f  1
 214r 5.1643527e+00 1.82e-02 4.94e+03  -3.8 1.52e+00   0.2 1.36e-01 1.77e-01f  1
 215r 5.0823758e+00 1.58e-02 4.40e+03  -3.8 4.62e-01   0.6 2.03e-01 1.30e-01f  1
 216r 5.0190268e+00 1.16e-02 3.23e+03  -3.8 1.36e-01   1.0 2.58e-01 2.64e-01f  1
 217r 4.9029215e+00 1.04e-02 2.89e+03  -3.8 7.75e-01   0.6 1.20e-01 1.08e-01f  1
 218r 4.8376225e+00 8.50e-03 2.84e+03  -3.8 2.01e-01   1.0 8.40e-01 1.82e-01f  1
 219  4.8367120e+00 8.50e-03 4.53e+02  -6.0 1.15e+02    -  5.06e-02 1.12e-04h  1
iter    objective    inf_pr   inf_du lg(mu)  ||d||  lg(rg) alpha_du alpha_pr  ls
 220  4.8220372e+00 8.42e-03 1.26e+03  -6.0 4.92e+02    -  2.01e-02 2.38e-03f  1
 221  4.7721964e+00 7.97e-03 1.12e+04  -6.0 5.18e+02    -  1.83e-02 7.80e-03f  1
 222  4.7721960e+00 7.97e-03 9.25e+05  -6.0 9.96e+02    -  4.32e-03 7.65e-08h  3
 223  4.7752364e+00 7.98e-03 9.85e+05  -6.0 8.38e+02    -  2.62e-03 2.85e-04h  4
 224  4.7766980e+00 7.98e-03 1.09e+06  -6.0 8.56e+02    -  3.74e-03 1.11e-04h  6
 225  4.7784504e+00 7.98e-03 1.81e+06  -6.0 8.80e+02    -  2.30e-02 1.04e-04h  7
 226  4.7829015e+00 7.98e-03 1.91e+06  -6.0 1.00e+03    -  3.87e-03 1.12e-04h  8
 227  4.7884690e+00 7.98e-03 2.21e+06  -6.0 1.03e+03    -  1.26e-02 1.31e-04h  8
 228  4.7952267e+00 7.98e-03 2.28e+06  -6.0 1.11e+03    -  4.74e-03 1.39e-04h  8
 229  4.7989509e+00 7.98e-03 2.50e+06  -6.0 1.15e+03    -  1.40e-02 7.62e-05h  9
iter    objective    inf_pr   inf_du lg(mu)  ||d||  lg(rg) alpha_du alpha_pr  ls
 230  4.8042515e+00 7.99e-03 2.57e+06  -6.0 1.26e+03    -  4.98e-03 1.08e-04h  8
 231  4.8072200e+00 7.99e-03 2.84e+06  -6.0 1.31e+03    -  1.65e-02 6.02e-05h  9
 232  5.9852877e+00 1.28e-01 2.45e+06  -6.0 1.46e+03    -  5.00e-03 2.37e-02w  1
 233  8.6461377e+00 6.62e-01 2.28e+06  -6.0 1.29e+03    -  3.56e-02 4.07e-02w  1
 234  8.6696688e+00 6.61e-01 2.41e+06  -6.0 8.47e+02    -  9.99e-03 2.57e-04w  1
 235  4.8118218e+00 7.99e-03 2.92e+06  -6.0 9.11e+02    -  5.00e-03 9.27e-05h  8
 236  4.8145379e+00 7.99e-03 3.49e+06  -6.0 1.51e+03    -  3.25e-02 5.45e-05h 10
 237  4.8170625e+00 7.99e-03 3.57e+06  -6.0 1.81e+03    -  4.52e-03 5.02e-05h 11
 238  4.8197490e+00 7.99e-03 4.53e+06  -6.0 1.85e+03    -  4.99e-02 5.33e-05h 11
 239  4.8211924e+00 7.99e-03 4.63e+06  -6.0 2.28e+03    -  4.41e-03 2.82e-05h 12
iter    objective    inf_pr   inf_du lg(mu)  ||d||  lg(rg) alpha_du alpha_pr  ls
 240  4.8225479e+00 7.99e-03 5.26e+06  -6.0 2.32e+03    -  2.76e-02 2.65e-05h 12
 241  5.0716614e+00 1.53e-02 5.23e+06  -6.0 2.60e+03    -  4.81e-03 4.81e-03s 18
 242r 5.0716614e+00 1.53e-02 1.00e+03  -2.1 0.00e+00    -  0.00e+00 0.00e+00R  1
 243r 5.0546602e+00 3.76e-03 2.61e+04  -2.1 2.65e+02    -  1.63e-02 1.00e-03f  1
 244r 5.0246796e+00 3.56e-03 3.71e+04  -2.1 5.56e+01    -  3.01e-02 1.77e-02f  1
 245r 4.9802584e+00 4.56e-03 3.29e+04  -2.1 3.98e+01    -  1.37e-01 5.15e-02f  1
 246  4.9801352e+00 4.56e-03 1.33e+03  -6.0 3.71e+02    -  3.74e-02 2.80e-05h  1
 247  4.9782223e+00 4.13e-03 2.48e+03  -6.0 6.64e+02    -  2.10e-02 2.44e-03h  1
 248  4.9785687e+00 4.12e-03 2.11e+04  -6.0 7.59e+02    -  2.26e-02 3.06e-04h  4
 249  4.9792734e+00 4.10e-03 3.12e+04  -6.0 8.86e+02    -  1.16e-02 3.21e-04h  4
iter    objective    inf_pr   inf_du lg(mu)  ||d||  lg(rg) alpha_du alpha_pr  ls
 250  4.9801775e+00 4.10e-03 4.62e+04  -6.0 1.00e+03    -  1.75e-02 1.47e-04h  6
 251  4.9820644e+00 4.10e-03 4.90e+04  -6.0 1.11e+03    -  3.12e-03 8.83e-05h  6
 252  4.9835093e+00 4.09e-03 5.94e+04  -6.0 1.14e+03    -  1.15e-02 5.84e-05h  7
 253  4.9853267e+00 4.09e-03 7.16e+04  -6.0 1.22e+03    -  1.33e-02 5.11e-05h  9
 254  4.9887212e+00 4.09e-03 8.96e+04  -6.0 1.33e+03    -  1.90e-02 7.63e-05h  9
 255  4.9920623e+00 4.09e-03 1.08e+05  -6.0 1.49e+03    -  1.84e-02 6.54e-05h 10
 256  4.9944174e+00 4.09e-03 1.41e+05  -6.0 1.66e+03    -  3.30e-02 4.58e-05h 11
 257  4.9958445e+00 4.09e-03 1.63e+05  -6.0 1.96e+03    -  2.00e-02 2.75e-05h 12
 258  7.4519962e+00 1.11e+00 1.55e+05  -6.0 2.15e+03    -  4.10e-02 4.69e-02w  1
 259  8.8155596e+00 1.02e+00 1.61e+05  -6.0 1.92e+03    -  4.15e-02 1.74e-02w  1
iter    objective    inf_pr   inf_du lg(mu)  ||d||  lg(rg) alpha_du alpha_pr  ls
 260  9.1918127e+00 1.01e+00 1.74e+05  -6.0 1.89e+03    -  4.65e-02 4.12e-03w  1
 261r 4.9958445e+00 4.09e-03 1.00e+03  -2.5 0.00e+00    -  0.00e+00 3.58e-07R 17
 262r 4.9953152e+00 3.64e-03 7.18e+03  -2.5 2.79e+01    -  3.28e-02 9.87e-04f  1
 263r 4.9749677e+00 3.54e-03 1.48e+04  -2.5 2.60e+01    -  2.08e-01 3.48e-02f  1
 264r 4.8644789e+00 9.19e-03 1.28e+04  -2.5 2.09e+01    -  2.99e-01 2.56e-01f  1
 265r 4.7116630e+00 8.70e-03 2.46e+04  -2.5 1.54e+01    -  5.85e-01 8.87e-02f  1
 266r 4.4162724e+00 1.11e-02 1.76e+04  -2.5 3.23e+01    -  5.62e-01 3.70e-01f  1
 267r 4.3974175e+00 1.35e-02 1.62e+04  -2.5 8.73e+01    -  5.75e-01 1.87e-01f  1
 268r 4.7587853e+00 7.73e-02 1.18e+04  -2.5 1.40e+02    -  6.28e-01 3.16e-01f  1
 269r 5.7444582e+00 7.20e-02 7.74e+03  -2.5 7.13e+01    -  6.08e-01 3.55e-01f  1
iter    objective    inf_pr   inf_du lg(mu)  ||d||  lg(rg) alpha_du alpha_pr  ls
 270r 6.7779507e+00 5.64e-02 4.37e+03  -2.5 4.90e+01    -  2.75e-01 4.31e-01f  1
 271r 8.2198360e+00 4.00e-02 1.01e+02  -2.5 3.41e+01    -  7.27e-01 1.00e+00f  1
 272r 8.3040286e+00 2.57e-03 4.79e-01  -2.5 4.90e+00    -  1.00e+00 1.00e+00h  1
 273  8.2936551e+00 2.56e-03 1.21e+02  -6.0 1.56e+02    -  1.09e-01 8.95e-04f  1
 274  8.2337904e+00 2.55e-03 4.39e+02  -6.0 1.27e+03    -  1.12e-02 4.75e-03f  1
 275  8.2228749e+00 2.55e-03 5.20e+02  -6.0 1.44e+03    -  3.38e-03 1.99e-03f  3
 276  8.2181930e+00 2.55e-03 2.74e+03  -6.0 1.60e+03    -  3.62e-02 1.74e-03h  3
 277  8.2182742e+00 2.55e-03 2.98e+03  -6.0 1.74e+03    -  3.40e-03 8.12e-05h  6
 278  8.2183826e+00 2.54e-03 3.57e+03  -6.0 1.75e+03    -  8.61e-03 9.92e-05h  6
 279  8.2184954e+00 2.54e-03 4.87e+03  -6.0 1.76e+03    -  1.81e-02 9.17e-05h  8
iter    objective    inf_pr   inf_du lg(mu)  ||d||  lg(rg) alpha_du alpha_pr  ls
 280  8.2185740e+00 2.54e-03 5.67e+03  -6.0 1.80e+03    -  1.08e-02 5.76e-05h 10
 281  8.2186839e+00 2.54e-03 9.59e+03  -6.0 1.82e+03    -  5.08e-02 7.78e-05h 10
 282  8.2187662e+00 2.54e-03 1.03e+04  -6.0 1.93e+03    -  8.45e-03 5.76e-05h  9
 283  8.2188485e+00 2.54e-03 1.18e+04  -6.0 1.96e+03    -  1.57e-02 5.70e-05h  9
 284  8.2189005e+00 2.54e-03 1.32e+04  -6.0 2.02e+03    -  1.45e-02 3.61e-05h 10
 285  8.2591106e+00 2.90e-01 1.32e+04  -6.0 2.08e+03    -  3.09e-02 2.83e-02w  1
 286  8.2851189e+00 3.36e-01 1.52e+04  -6.0 1.64e+03    -  3.90e-02 1.18e-02w  1
 287  8.3803207e+00 7.20e-01 1.75e+04  -6.0 1.67e+03    -  6.54e-02 3.24e-02w  1
 288  8.2189790e+00 2.54e-03 1.65e+04  -6.0 1.81e+03    -  3.09e-02 5.53e-05h  9
 289  8.2190375e+00 2.54e-03 1.78e+04  -6.0 2.22e+03    -  1.12e-02 4.34e-05h 10
iter    objective    inf_pr   inf_du lg(mu)  ||d||  lg(rg) alpha_du alpha_pr  ls
 290  8.2190787e+00 2.54e-03 1.92e+04  -6.0 2.29e+03    -  1.15e-02 3.08e-05h 11
 291  8.2191050e+00 2.54e-03 2.34e+04  -6.0 2.36e+03    -  3.27e-02 1.98e-05h 12
 292r 8.2191050e+00 2.54e-03 9.99e+02  -2.6 0.00e+00    -  0.00e+00 3.15e-07R 18
 293r 8.2200307e+00 2.54e-03 2.67e+04  -2.6 1.26e+01    -  6.62e-01 1.91e-03f  1
 294r 8.2200307e+00 2.54e-03 9.99e+02  -2.6 0.00e+00    -  0.00e+00 1.20e-07R  2
 295r 8.2210517e+00 2.56e-03 9.14e+03  -2.6 2.67e+01    -  2.21e-01 3.88e-03f  1
 296r 8.2626966e+00 2.56e-03 3.64e+04  -2.6 1.24e+01    -  7.60e-01 9.98e-02f  1
 297r 9.1081375e+00 1.99e-02 1.41e+04  -2.6 2.11e+01    -  8.28e-01 6.68e-01f  1
 298r 1.1699900e+01 7.50e-02 1.54e+02  -2.6 4.67e+01    -  9.44e-01 1.00e+00f  1
 299r 1.2222655e+01 5.33e-02 3.01e+02  -2.6 1.40e+01    -  5.60e-01 2.92e-01h  1
iter    objective    inf_pr   inf_du lg(mu)  ||d||  lg(rg) alpha_du alpha_pr  ls
 300r 1.2935503e+01 2.22e-02 5.10e+02  -2.6 2.03e+01    -  1.00e+00 6.06e-01f  1
 301r 1.3282284e+01 3.01e-03 2.98e+00  -2.6 9.40e+00    -  1.00e+00 1.00e+00f  1
 302r 1.3272636e+01 2.88e-03 1.03e-01  -2.6 5.48e-01    -  1.00e+00 1.00e+00h  1
 303r 1.2411087e+01 1.66e-02 4.52e+02  -3.3 4.70e+01    -  5.43e-01 4.04e-01f  1
 304r 1.2513024e+01 6.65e-02 2.87e+02  -3.3 5.48e+01    -  1.53e-01 2.98e-01f  1
 305r 1.2591598e+01 6.41e-02 6.47e+02  -3.3 2.28e+02    -  1.18e-01 3.62e-02f  1
 306r 1.2711048e+01 7.46e-02 2.72e+02  -3.3 7.97e+01    -  2.33e-01 3.32e-01f  1
 307r 1.2698785e+01 6.42e-02 5.64e+02  -3.3 3.09e+01    -  5.06e-02 2.21e-01f  1
 308r 1.2589273e+01 4.29e-02 7.01e+02  -3.3 3.27e+01    -  2.59e-01 4.12e-01f  1
 309r 1.2423186e+01 1.54e-02 5.56e+02  -3.3 2.43e+01    -  5.85e-01 7.47e-01f  1
iter    objective    inf_pr   inf_du lg(mu)  ||d||  lg(rg) alpha_du alpha_pr  ls
 310r 1.2324983e+01 9.17e-03 2.17e+01  -3.3 5.97e+00    -  1.00e+00 1.00e+00f  1
 311r 1.2299298e+01 3.27e-03 2.14e+00  -3.3 4.81e+00    -  1.00e+00 1.00e+00h  1
 312r 1.2306392e+01 3.27e-03 2.18e-01  -3.3 7.09e-01    -  1.00e+00 1.00e+00h  1
 313r 1.2306326e+01 3.27e-03 3.40e-03  -3.3 4.91e-02    -  1.00e+00 1.00e+00h  1
 314r 1.1436254e+01 9.31e-03 3.98e+02  -5.1 4.18e+01    -  4.09e-01 4.71e-01f  1
 315r 1.1396451e+01 2.24e-01 8.66e+02  -5.1 1.09e+03    -  1.10e-01 8.18e-02f  1
 316r 1.1372611e+01 2.36e-01 1.26e+03  -5.1 1.76e+03    -  2.69e-02 1.82e-02f  1
 317r 1.1227633e+01 1.72e-01 4.88e+03  -5.1 1.95e+01  -4.0 1.48e-01 2.74e-01f  1
 318r 1.1239302e+01 1.68e-01 4.84e+03  -5.1 6.51e+02    -  1.90e-02 2.04e-02f  1
 319r 1.1223304e+01 1.64e-01 9.64e+02  -5.1 1.98e+02    -  1.79e-01 3.40e-02f  1
iter    objective    inf_pr   inf_du lg(mu)  ||d||  lg(rg) alpha_du alpha_pr  ls
 320r 1.1175391e+01 2.27e-01 4.66e+03  -5.1 2.33e+02    -  3.02e-01 1.81e-01f  1
 321r 1.1183058e+01 2.01e-01 3.83e+03  -5.1 1.44e+02    -  1.29e-01 1.38e-01f  1
 322r 1.1244520e+01 1.58e-01 1.56e+03  -5.1 2.85e+01  -4.5 1.68e-02 2.45e-01f  1
 323r 1.1453065e+01 1.41e-01 5.00e+02  -5.1 5.14e+01  -5.0 1.70e-01 1.25e-01f  1
 324r 1.1742555e+01 1.74e-01 2.71e+03  -5.1 2.79e+02    -  6.86e-02 2.14e-01f  1
 325r 1.1754317e+01 1.36e-01 2.12e+03  -5.1 3.92e+01  -5.4 5.14e-01 2.31e-01f  1
 326r 1.1897505e+01 1.19e-01 1.36e+02  -5.1 8.42e+01  -5.9 3.01e-01 4.73e-01f  1
 327r 1.2156711e+01 7.56e-01 2.69e+02  -5.1 3.76e+03    -  3.13e-02 4.73e-02h  1
 328r 1.2166456e+01 7.48e-01 2.37e+02  -5.1 1.57e+02  -5.5 2.58e-02 1.05e-02h  1
 329r 1.2183775e+01 6.33e-01 2.70e+02  -5.1 3.07e+01  -5.1 2.32e-01 1.55e-01h  1
iter    objective    inf_pr   inf_du lg(mu)  ||d||  lg(rg) alpha_du alpha_pr  ls
 330r 1.2334443e+01 5.30e-01 2.36e+02  -5.1 1.18e+02  -5.5 1.05e-01 1.68e-01h  1
 331r 1.2632084e+01 6.07e-01 5.77e+02  -5.1 4.29e+02    -  3.96e-02 2.09e-01h  1
 332r 1.2808548e+01 4.72e-01 1.21e+02  -5.1 1.58e+02    -  4.10e-01 3.23e-01h  1
 333r 1.2807238e+01 4.60e-01 4.33e+02  -5.1 1.09e+00  -2.4 1.13e-01 2.47e-02h  1
 334r 1.2881551e+01 3.58e-01 7.89e+02  -5.1 1.00e+02    -  1.33e-02 2.42e-01h  1
 335r 1.2950200e+01 2.63e-01 6.03e+02  -5.1 7.65e+01    -  6.94e-02 2.86e-01h  1
 336r 1.2949024e+01 2.15e-01 4.37e+02  -5.1 1.38e-01  -2.0 2.59e-01 1.81e-01h  1
 337r 1.2948226e+01 1.83e-01 3.82e+02  -5.1 3.04e-01  -2.4 1.15e-01 1.50e-01h  1
 338r 1.2945618e+01 4.66e-02 4.59e+02  -5.1 1.20e-01  -2.0 3.94e-01 7.45e-01f  1
 339r 1.2947841e+01 3.61e-02 5.03e+02  -5.1 6.31e-01  -2.5 1.62e-01 2.26e-01h  1
iter    objective    inf_pr   inf_du lg(mu)  ||d||  lg(rg) alpha_du alpha_pr  ls
 340r 1.2954264e+01 3.40e-02 8.01e+02  -5.1 6.62e+00  -3.0 2.22e-02 5.76e-02h  1
 341r 1.2956085e+01 2.66e-02 6.19e+02  -5.1 4.67e-01  -2.6 2.24e-01 2.19e-01f  1
 342r 1.2961404e+01 2.18e-02 8.29e+02  -5.1 2.50e+00  -3.0 5.13e-02 1.80e-01f  1
 343r 1.2961244e+01 2.18e-02 7.63e+02  -5.1 5.00e+02  -3.5 9.25e-04 6.22e-04h  1
 344r 1.2958854e+01 1.90e-02 6.74e+02  -5.1 3.02e+00  -3.1 2.14e-01 1.25e-01f  1
 345r 1.2952196e+01 1.36e-02 4.94e+02  -5.1 5.90e+00  -3.6 1.51e-01 2.85e-01f  1
 346r 1.2945214e+01 2.39e-02 4.86e+02  -5.1 5.27e+02    -  2.30e-02 1.62e-02h  1
 347r 1.2930626e+01 2.52e-02 4.96e+02  -5.1 9.48e+02    -  2.06e-02 1.04e-02f  1
 348r 1.2893088e+01 7.04e-02 4.80e+02  -5.1 1.06e+03    -  9.12e-03 2.25e-02f  1
 349r 1.2859660e+01 9.10e-02 4.66e+02  -5.1 4.45e+02    -  3.45e-02 3.24e-02f  1
iter    objective    inf_pr   inf_du lg(mu)  ||d||  lg(rg) alpha_du alpha_pr  ls
 350r 1.2843489e+01 9.69e-02 4.98e+02  -5.1 5.01e+02    -  6.47e-02 1.38e-02h  1
 351r 1.2823895e+01 1.08e-01 4.88e+02  -5.1 4.55e+02    -  2.19e-02 2.11e-02h  1
 352r 1.2760159e+01 1.88e-01 5.02e+02  -5.1 4.41e+02    -  2.73e-02 5.46e-02f  1
 353r 1.2707792e+01 2.44e-01 5.65e+02  -5.1 4.74e+02    -  2.03e-02 4.23e-02h  1
 354r 1.2683952e+01 2.52e-01 5.04e+02  -5.1 4.26e+02    -  5.49e-02 2.17e-02h  1
 355r 1.2502027e+01 9.10e-01 3.70e+02  -5.1 4.21e+02    -  2.15e-01 1.64e-01f  1
 356r 1.2376707e+01 1.05e+00 3.31e+02  -5.1 3.44e+02    -  5.72e-02 1.44e-01h  1
 357r 1.2319334e+01 1.02e+00 3.07e+02  -5.1 3.10e+02    -  1.12e-01 7.64e-02h  1
 358r 1.2289893e+01 9.90e-01 2.94e+02  -5.1 2.97e+02    -  3.39e-02 4.10e-02h  1
 359r 1.2304634e+01 9.56e-01 2.80e+02  -5.1 2.09e+02    -  1.67e-02 3.50e-02h  1
iter    objective    inf_pr   inf_du lg(mu)  ||d||  lg(rg) alpha_du alpha_pr  ls
 360r 1.2309908e+01 9.36e-01 4.15e+02  -5.1 2.15e+02    -  4.89e-02 2.04e-02h  1
 361r 1.2279982e+01 9.02e-01 9.63e+02  -5.1 2.68e+02    -  1.83e-01 5.80e-02h  1
 362r 1.2245793e+01 8.65e-01 4.99e+02  -5.1 2.62e+02    -  2.39e-02 6.85e-02h  1
 363r 1.2189149e+01 8.17e-01 4.44e+02  -5.1 2.50e+02    -  1.10e-01 9.98e-02h  1
 364r 1.2175698e+01 7.90e-01 4.35e+02  -5.1 2.13e+02    -  1.07e-01 3.91e-02h  1
 365r 1.2197051e+01 6.88e-01 3.88e+02  -5.1 1.42e+02    -  6.43e-02 1.55e-01h  1
 366r 1.2203479e+01 6.37e-01 3.67e+02  -5.1 1.28e+02    -  3.78e-02 8.05e-02h  1
 367r 1.2208635e+01 5.95e-01 3.10e+02  -5.1 1.45e+02    -  2.16e-01 7.21e-02h  1
 368r 1.2216859e+01 5.18e-01 2.61e+02  -5.1 1.38e+02    -  1.49e-01 1.68e-01h  1
 369r 1.2223876e+01 4.84e-01 2.44e+02  -5.1 1.29e+02    -  5.83e-02 7.27e-02h  1
iter    objective    inf_pr   inf_du lg(mu)  ||d||  lg(rg) alpha_du alpha_pr  ls
 370r 1.2233844e+01 4.70e-01 2.31e+02  -5.1 3.02e+02    -  9.67e-02 2.95e-02h  1
 371r 1.2237610e+01 4.70e-01 2.27e+02  -5.1 1.01e+04    -  5.75e-04 9.15e-04h  1
 372r 1.2237644e+01 4.51e-01 2.30e+02  -5.1 4.59e+00  -4.0 8.23e-02 4.00e-02h  1
 373r 1.2244481e+01 4.51e-01 2.36e+02  -5.1 1.35e+05    -  1.71e-07 8.53e-06h  3
 374r 1.2250798e+01 4.46e-01 3.13e+02  -5.1 4.25e+01  -4.5 3.41e-04 1.22e-02h  1
 375r 1.2278988e+01 4.31e-01 3.69e+02  -5.1 8.14e+01  -5.0 1.58e-02 3.20e-02h  1
 376r 1.2296969e+01 4.03e-01 4.82e+02  -5.1 4.00e+01  -4.6 2.42e-02 6.60e-02f  1
 377r 1.2302952e+01 3.52e-01 4.70e+02  -5.1 7.04e+00  -4.1 1.51e-01 1.26e-01h  1
 378r 1.2322637e+01 3.24e-01 4.31e+02  -5.1 3.49e+01  -4.6 8.78e-02 8.19e-02f  1
 379r 1.2327462e+01 3.20e-01 4.24e+02  -5.1 1.04e+02  -5.1 1.88e-02 1.15e-02h  1
iter    objective    inf_pr   inf_du lg(mu)  ||d||  lg(rg) alpha_du alpha_pr  ls
 380r 1.2335331e+01 3.19e-01 4.17e+02  -5.1 3.77e+02  -5.6 1.32e-02 4.31e-03h  1
 381r 1.2338013e+01 3.18e-01 4.15e+02  -5.1 4.67e+03  -6.0 3.51e-04 1.61e-04h  4
 382r 1.2353560e+01 3.19e-01 4.14e+02  -5.1 3.85e+03  -5.6 7.90e-04 8.79e-04h  1
 383r 1.2353901e+01 3.12e-01 1.37e+03  -5.1 1.73e+01  -5.2 6.90e-04 1.97e-02f  1
 384r 1.2372763e+01 3.08e-01 1.29e+03  -5.1 3.35e+02  -5.7 3.78e-02 1.43e-02f  1
 385r 1.2376449e+01 2.87e-01 1.28e+03  -5.1 8.41e+00  -4.3 2.19e-01 6.81e-02h  1
 386r 1.2374191e+01 2.49e-01 1.21e+03  -5.1 9.19e+00  -4.8 6.83e-02 1.35e-01h  1
 387r 1.2387438e+01 2.37e-01 1.14e+03  -5.1 6.93e+01  -5.3 6.61e-02 4.91e-02h  1
 388r 1.2388137e+01 2.35e-01 1.13e+03  -5.1 5.10e+00  -4.0 1.99e-02 6.94e-03h  1
 389r 1.2403672e+01 1.81e-01 9.05e+02  -5.1 1.23e+01  -4.4 3.44e-02 2.35e-01f  1
iter    objective    inf_pr   inf_du lg(mu)  ||d||  lg(rg) alpha_du alpha_pr  ls
 390r 1.2405106e+01 1.46e-01 7.33e+02  -5.1 8.86e-01  -3.1 9.19e-02 1.93e-01f  1
 391r 1.2404098e+01 4.11e-02 2.05e+02  -5.1 2.01e-01  -2.7 4.48e-01 7.19e-01f  1
 392r 1.2407143e+01 3.92e-02 1.90e+02  -5.1 3.57e+00  -3.2 1.12e-01 4.78e-02f  1
 393r 1.2411844e+01 3.16e-03 2.42e-01  -5.1 3.95e-01  -2.7 1.00e+00 1.00e+00f  1
 394r 1.2423370e+01 3.17e-03 2.67e+01  -5.1 6.48e+00  -3.2 7.87e-02 8.93e-02h  1
 395r 1.2437516e+01 3.20e-03 6.35e+00  -5.1 7.28e-01  -2.8 9.82e-01 1.00e+00f  1
 396r 1.2453856e+01 4.44e-03 2.27e+02  -5.1 2.78e+00  -3.3 4.10e-02 2.16e-01h  1
 397r 1.2491235e+01 6.21e-03 2.28e+02  -5.1 4.26e+00  -3.7 2.26e-01 4.74e-01f  1
 398r 1.2475107e+01 6.29e-03 2.23e+02  -5.1 1.96e+04    -  4.19e-04 7.12e-04h  1
 399r 1.2473615e+01 6.24e-03 2.57e+02  -5.1 2.58e+02    -  1.85e-01 8.00e-03f  1
iter    objective    inf_pr   inf_du lg(mu)  ||d||  lg(rg) alpha_du alpha_pr  ls
 400r 1.2458493e+01 1.70e-02 2.41e+02  -5.1 1.28e+02    -  2.26e-01 1.31e-01h  1
 401r 1.2472960e+01 1.41e-02 2.63e+02  -5.1 7.56e+01    -  6.08e-01 1.84e-01f  1
 402r 1.2501115e+01 2.04e-02 1.43e+02  -5.1 5.37e+01    -  5.53e-01 4.76e-01h  1
 403r 1.2531574e+01 1.29e-02 7.80e+01  -5.1 2.76e+01    -  1.00e+00 6.33e-01h  1
 404r 1.2550220e+01 3.37e-03 1.27e-01  -5.1 8.86e+00    -  1.00e+00 1.00e+00f  1
 405r 1.2551117e+01 3.37e-03 7.42e-04  -5.1 1.31e+00    -  1.00e+00 1.00e+00h  1
 406r 1.2551159e+01 3.37e-03 3.49e-06  -5.1 1.04e-01    -  1.00e+00 1.00e+00h  1
 407r 1.2441880e+01 3.37e-03 2.42e+02  -8.0 5.66e+00    -  5.45e-01 3.78e-01f  1
 408r 1.2458174e+01 3.36e-03 2.55e+02  -8.0 3.93e+00  -4.2 1.25e-01 7.64e-02f  1
 409r 1.2484899e+01 3.81e-03 2.34e+02  -8.0 1.09e+01  -4.7 3.28e-02 4.79e-02h  1
iter    objective    inf_pr   inf_du lg(mu)  ||d||  lg(rg) alpha_du alpha_pr  ls
 410r 1.2483946e+01 3.80e-03 2.36e+02  -8.0 1.40e+00  -2.5 5.67e-03 1.90e-03h  1
 411r 1.2485898e+01 3.75e-03 4.22e+02  -8.0 1.13e+01  -2.9 3.18e-05 1.53e-02f  1
 412r 1.2484847e+01 3.73e-03 4.20e+02  -8.0 8.55e-01  -2.5 7.82e-03 4.09e-03h  1
 413r 1.2486016e+01 3.63e-03 4.09e+02  -8.0 2.08e+00  -3.0 2.10e-02 2.66e-02h  1
 414r 1.2486046e+01 3.60e-03 4.05e+02  -8.0 1.24e+00  -3.5 7.08e-02 9.06e-03h  1
 415r 1.2492742e+01 5.01e-03 3.60e+02  -8.0 2.62e+00  -3.9 6.27e-03 1.14e-01f  1
 416r 1.2492684e+01 5.00e-03 3.18e+02  -8.0 2.34e-01  -2.6 1.41e-01 2.02e-03h  1
 417r 1.2492320e+01 4.84e-03 2.65e+02  -8.0 5.99e-01  -3.1 1.09e-01 3.44e-02h  1
 418r 1.2489655e+01 4.84e-03 2.88e+02  -8.0 1.35e+00  -3.6 3.12e-02 1.49e-01h  1
 419r 1.2489868e+01 5.07e-03 2.33e+02  -8.0 2.98e+00  -4.1 1.18e-01 5.17e-02h  1
iter    objective    inf_pr   inf_du lg(mu)  ||d||  lg(rg) alpha_du alpha_pr  ls
 420r 1.2495918e+01 5.91e-03 2.29e+02  -8.0 8.23e+00  -4.5 2.90e-02 3.71e-02f  1
 421r 1.2510386e+01 1.09e-02 2.53e+02  -8.0 2.95e+01  -5.0 1.68e-04 5.27e-02f  1
 422r 1.2512182e+01 1.08e-02 2.49e+02  -8.0 1.06e+02  -5.5 7.95e-03 4.06e-03f  1
 423r 1.2512058e+01 1.08e-02 2.49e+02  -8.0 1.13e-01  -2.3 9.32e-05 4.55e-03h  1
 424r 1.2512126e+01 1.08e-02 3.07e+02  -8.0 2.97e-01  -2.8 5.24e-01 3.39e-03f  1
 425r 1.2516672e+01 9.22e-03 2.35e+02  -8.0 7.73e-01  -3.3 1.11e-02 1.73e-01f  1
 426r 1.2536887e+01 1.25e-02 1.98e+02  -8.0 1.62e+00  -3.8 9.37e-02 3.44e-01h  1
 427r 1.2550256e+01 4.69e-02 1.81e+02  -8.0 9.06e+00  -4.3 8.89e-02 9.08e-02h  1
 428r 1.2554974e+01 4.42e-02 1.63e+02  -8.0 1.78e+00  -3.8 8.39e-02 7.55e-02h  1
 429r 1.2576017e+01 3.91e-02 1.99e+02  -8.0 7.49e-01  -3.4 1.47e-03 1.17e-01h  1
iter    objective    inf_pr   inf_du lg(mu)  ||d||  lg(rg) alpha_du alpha_pr  ls
 430r 1.2641981e+01 3.86e-02 1.65e+02  -8.0 4.21e+00  -3.9 7.18e-02 1.54e-02h  1
 431r 1.2726579e+01 3.15e-02 2.38e+02  -8.0 7.83e-01  -3.5 6.40e-01 2.01e-01f  1
 432r 1.2937190e+01 3.06e-02 2.32e+02  -8.0 4.32e+00  -3.9 7.12e-02 4.76e-02f  1
 433r 1.3136324e+01 3.68e-01 2.14e+02  -8.0 3.85e+01  -4.4 8.00e-03 6.17e-02h  1
 434r 1.3290542e+01 3.28e-01 1.73e+02  -8.0 3.80e+00  -4.0 7.23e-02 1.38e-01h  1
 435r 1.3321246e+01 3.03e-01 1.66e+02  -8.0 1.23e+00  -3.6 2.38e-02 7.75e-02f  1
 436r 1.3345786e+01 2.99e-01 1.62e+02  -8.0 4.58e+00  -4.0 8.38e-02 1.49e-02f  1
 437r 1.3350597e+01 5.77e-01 4.96e+02  -8.0 5.50e+01  -4.5 3.17e-03 4.53e-02h  1
 438r 1.3576937e+01 5.30e-01 6.42e+02  -8.0 5.92e+00  -4.1 9.39e-03 1.04e-01f  1
 439r 1.3818628e+01 3.67e-01 4.29e+02  -8.0 1.89e+00  -3.7 2.98e-01 3.28e-01h  1
iter    objective    inf_pr   inf_du lg(mu)  ||d||  lg(rg) alpha_du alpha_pr  ls
 440r 1.3940227e+01 2.08e-01 3.20e+02  -8.0 6.85e-01  -3.2 2.40e-02 4.37e-01h  1
 441r 1.3956842e+01 1.74e-01 2.08e+02  -8.0 2.52e-01  -2.8 4.13e-01 1.66e-01f  1
 442r 1.4065853e+01 1.29e-01 1.60e+02  -8.0 7.62e-01  -3.3 1.99e-01 2.63e-01f  1
 443r 1.4100489e+01 9.43e-02 1.01e+02  -8.0 2.79e-01  -2.9 4.04e-01 2.72e-01f  1
 444r 1.4162814e+01 8.89e-02 9.59e+01  -8.0 2.03e+00  -3.3 1.06e-01 5.84e-02h  1
 445r 1.4259966e+01 3.33e-02 4.82e+01  -8.0 3.44e-01  -2.9 4.69e-01 6.39e-01f  1
 446r 1.4272384e+01 1.31e-02 2.17e+02  -8.0 1.86e-01  -2.5 2.23e-01 6.11e-01h  1
 447r 1.4276251e+01 1.26e-02 1.24e+02  -8.0 6.94e-01  -3.0 4.20e-01 4.07e-02h  1
 448r 1.4282793e+01 9.75e-03 3.06e+02  -8.0 2.07e-01  -2.5 1.00e+00 2.27e-01f  1
 449r 1.4276639e+01 7.72e-03 2.36e+02  -8.0 4.29e-01  -3.0 3.81e-01 2.47e-01h  1
iter    objective    inf_pr   inf_du lg(mu)  ||d||  lg(rg) alpha_du alpha_pr  ls
 450r 1.4267002e+01 1.12e-02 1.63e+02  -8.0 1.35e+00  -3.5 2.99e-01 3.08e-01f  1
 451r 1.4267809e+01 1.16e-02 1.93e+02  -8.0 4.67e+00  -4.0 7.80e-01 3.09e-02h  1
 452r 1.4302516e+01 1.84e-01 1.80e+02  -8.0 2.25e+01  -4.4 2.16e-01 1.01e-01h  1
 453r 1.4344298e+01 5.23e-01 1.73e+02  -8.0 3.63e+02  -4.9 5.34e-03 1.21e-02h  1
 454r 1.4375560e+01 5.31e-01 1.60e+02  -8.0 2.31e+01  -4.5 4.07e-02 6.90e-02f  1
 455r 1.4419826e+01 7.26e-01 1.52e+02  -8.0 1.92e+02  -5.0 4.94e-03 1.98e-02h  1
 456r 1.4455964e+01 7.24e-01 1.39e+02  -8.0 2.66e+01  -4.5 1.87e-02 6.78e-02f  1
 457r 1.4472468e+01 7.33e-01 1.39e+02  -8.0 1.65e+02  -5.0 3.85e-03 6.01e-03h  1
 458r 1.4476004e+01 7.29e-01 2.04e+02  -8.0 2.97e+01  -4.6 1.79e-02 5.65e-03h  1
 459r 1.4487161e+01 7.32e-01 2.36e+02  -8.0 2.32e+02  -5.1 3.71e-03 2.51e-03h  1
iter    objective    inf_pr   inf_du lg(mu)  ||d||  lg(rg) alpha_du alpha_pr  ls
 460r 1.4493243e+01 7.28e-01 2.49e+02  -8.0 3.56e+01  -4.6 1.89e-02 7.09e-03f  1
 461r 1.4497242e+01 7.34e-01 3.28e+02  -8.0 2.89e+02  -5.1 8.83e-03 2.81e-03h  1
 462r 1.4498460e+01 7.27e-01 2.59e+02  -8.0 4.02e+01  -4.7 1.26e-03 1.93e-02h  1
 463r 1.4498889e+01 7.27e-01 3.05e+02  -8.0 3.87e+02  -5.2 8.38e-03 2.73e-04h  1
 464r 1.4500835e+01 7.23e-01 2.84e+02  -8.0 4.70e+01  -4.8 9.18e-03 1.83e-02h  1
 465r 1.4503909e+01 7.31e-01 2.90e+02  -8.0 6.59e+02  -5.2 3.54e-03 1.23e-03h  1
 466r 1.4502487e+01 7.25e-01 2.84e+02  -8.0 1.34e+01  -4.8 1.68e-02 7.51e-03h  1
 467r 1.4498342e+01 7.18e-01 2.80e+02  -8.0 4.85e+01  -5.3 1.38e-02 9.61e-03f  1
 468r 1.4498003e+01 7.17e-01 2.61e+02  -8.0 1.48e+01  -4.9 6.99e-02 1.88e-03f  1
 469r 1.4492606e+01 7.10e-01 2.47e+02  -8.0 5.73e+01  -5.3 3.60e-03 9.98e-03h  1
iter    objective    inf_pr   inf_du lg(mu)  ||d||  lg(rg) alpha_du alpha_pr  ls
 470r 1.4486614e+01 6.88e-01 2.58e+02  -8.0 1.71e+01  -4.9 1.17e-04 3.05e-02f  1
 471r 1.4484954e+01 6.86e-01 2.66e+02  -8.0 6.62e+01  -5.4 2.80e-02 2.55e-03f  1
 472r 1.4459637e+01 5.99e-01 2.68e+02  -8.0 1.95e+01  -5.0 4.18e-03 1.27e-01f  1
 473r 1.4451041e+01 5.92e-01 2.87e+02  -8.0 7.53e+01  -5.4 3.40e-02 1.13e-02h  1
 474r 1.4446140e+01 5.79e-01 4.58e+02  -8.0 2.32e+01  -5.0 8.92e-03 2.18e-02f  1
 475r 1.4445618e+01 5.79e-01 4.27e+02  -8.0 8.23e+01  -5.5 1.47e-03 5.52e-04h  1
 476r 1.4441679e+01 5.70e-01 3.98e+02  -8.0 2.68e+01  -5.1 4.18e-03 1.53e-02f  1
 477r 1.4440968e+01 5.69e-01 3.61e+02  -8.0 9.44e+01  -5.5 1.49e-03 6.32e-04f  1
 478r 1.4436226e+01 5.59e-01 3.22e+02  -8.0 3.02e+01  -5.1 6.96e-03 1.85e-02f  1
 479r 1.4434085e+01 5.58e-01 3.06e+02  -8.0 1.10e+02  -5.6 1.31e-02 1.22e-03f  1
iter    objective    inf_pr   inf_du lg(mu)  ||d||  lg(rg) alpha_du alpha_pr  ls
 480r 1.4425761e+01 5.43e-01 3.03e+02  -8.0 3.59e+01  -5.2 1.51e-02 2.79e-02h  1
 481r 1.4420170e+01 5.24e-01 3.00e+02  -8.0 1.49e+01  -4.7 1.74e-02 3.40e-02h  1
 482r 1.4407217e+01 5.10e-01 2.96e+02  -8.0 3.80e+01  -5.2 1.28e-02 2.72e-02h  1
 483r 1.4406895e+01 5.09e-01 2.43e+02  -8.0 1.84e+01  -4.8 6.45e-02 2.06e-03h  1
 484r 1.4402547e+01 5.04e-01 2.44e+02  -8.0 7.03e+01  -5.3 4.23e-03 9.63e-03h  1
 485r 1.4390371e+01 4.68e-01 2.90e+02  -8.0 2.09e+01  -4.8 3.61e-03 7.16e-02f  1
 486r 1.4387149e+01 4.65e-01 2.92e+02  -8.0 8.36e+01  -5.3 8.18e-04 5.61e-03h  1
 487r 1.4371590e+01 4.25e-01 3.40e+02  -8.0 2.44e+01  -4.9 3.50e-02 8.59e-02f  1
 488r 1.4367647e+01 4.23e-01 4.28e+02  -8.0 9.98e+01  -5.4 1.55e-02 5.93e-03f  1
 489r 1.4351708e+01 3.88e-01 6.27e+02  -8.0 2.84e+01  -4.9 2.04e-02 8.20e-02h  1
iter    objective    inf_pr   inf_du lg(mu)  ||d||  lg(rg) alpha_du alpha_pr  ls
 490r 1.4342713e+01 3.84e-01 4.57e+02  -8.0 1.19e+02  -5.4 1.33e-04 1.18e-02f  1
 491r 1.4335359e+01 3.59e-01 5.11e+02  -8.0 3.28e+01  -5.0 7.04e-03 6.41e-02f  1
 492r 1.4333991e+01 3.58e-01 5.29e+02  -8.0 1.43e+02  -5.5 4.45e-03 1.57e-03f  1
 493r 1.4333265e+01 3.56e-01 5.22e+02  -8.0 3.76e+01  -5.0 1.28e-02 5.97e-03h  1
 494r 1.4328351e+01 3.55e-01 5.19e+02  -8.0 1.82e+02  -5.5 1.84e-03 3.69e-03h  1
 495r 1.4323370e+01 3.42e-01 5.09e+02  -8.0 3.72e+01  -5.1 2.27e-02 3.53e-02f  1
 496r 1.4323458e+01 3.36e-01 5.17e+02  -8.0 1.32e+01  -4.7 3.42e-03 1.89e-02f  1
 497r 1.4320431e+01 3.32e-01 6.25e+02  -8.0 3.27e+01  -5.1 3.25e-03 1.30e-02h  1
 498r 1.4320211e+01 3.30e-01 6.23e+02  -8.0 1.22e+01  -4.7 2.79e-02 5.22e-03f  1
 499r 1.4318303e+01 3.28e-01 6.22e+02  -8.0 3.45e+01  -5.2 1.47e-03 5.97e-03h  1
iter    objective    inf_pr   inf_du lg(mu)  ||d||  lg(rg) alpha_du alpha_pr  ls
 500r 1.4310244e+01 2.97e-01 5.98e+02  -8.0 1.23e+01  -4.8 4.96e-03 9.48e-02f  1
 501r 1.4309167e+01 2.96e-01 5.79e+02  -8.0 5.94e+01  -5.2 2.15e-02 2.17e-03f  1
 502r 1.4296084e+01 2.51e-01 5.32e+02  -8.0 1.40e+01  -4.8 9.56e-02 1.54e-01f  1
 503r 1.4293148e+01 2.50e-01 5.10e+02  -8.0 7.12e+01  -5.3 1.95e-02 3.59e-03h  1
 504r 1.4286976e+01 2.43e-01 4.78e+02  -8.0 1.42e+01  -4.9 7.46e-02 2.85e-02h  1
 505r 1.4282948e+01 2.42e-01 4.77e+02  -8.0 1.07e+02  -5.3 4.21e-03 2.97e-03h  1
 506r 1.4271453e+01 2.29e-01 4.56e+02  -8.0 1.71e+01  -4.9 3.64e-02 5.50e-02h  1
 507r 1.4267194e+01 2.27e-01 4.50e+02  -8.0 7.89e+01  -5.4 1.49e-02 7.90e-03h  1
 508r 1.4259077e+01 2.18e-01 4.34e+02  -8.0 1.98e+01  -5.0 3.21e-02 3.95e-02h  1
 509r 1.4250710e+01 2.15e-01 4.22e+02  -8.0 8.75e+01  -5.5 3.45e-02 1.37e-02f  1
iter    objective    inf_pr   inf_du lg(mu)  ||d||  lg(rg) alpha_du alpha_pr  ls
 510r 1.4243461e+01 2.08e-01 4.11e+02  -8.0 2.33e+01  -5.0 2.10e-02 3.39e-02h  1
 511r 1.4223665e+01 2.02e-01 4.07e+02  -8.0 1.22e+02  -5.5 2.02e-03 2.62e-02h  1
 512r 1.4201685e+01 1.82e-01 4.39e+02  -8.0 2.68e+01  -5.1 7.49e-03 9.94e-02f  1
 513r 1.4192986e+01 1.81e-01 4.32e+02  -8.0 2.42e+02  -5.6 1.83e-03 5.60e-03f  1
 514r 1.4191824e+01 1.80e-01 4.24e+02  -8.0 3.98e+01  -5.1 1.11e-02 3.35e-03f  1
 515r 1.4191296e+01 1.80e-01 4.07e+02  -8.0 1.66e+02  -5.6 2.30e-02 1.42e-03h  1
 516r 1.4190756e+01 1.80e-01 4.07e+02  -8.0 1.18e+03  -6.1 3.43e-04 1.45e-04h  1
 517r 1.4186724e+01 1.79e-01 4.43e+02  -8.0 1.02e+02  -5.7 4.80e-02 8.47e-03h  1
 518r 1.4183606e+01 1.78e-01 4.43e+02  -8.0 8.82e+02  -6.1 1.07e-03 9.50e-04h  1
 519r 1.4180135e+01 1.78e-01 4.42e+02  -8.0 1.19e+03  -6.6 8.82e-04 1.10e-03h  1
iter    objective    inf_pr   inf_du lg(mu)  ||d||  lg(rg) alpha_du alpha_pr  ls
 520r 1.4178909e+01 1.78e-01 4.42e+02  -8.0 2.61e+02  -6.2 1.62e-03 1.81e-03f  1
 521r 1.4177482e+01 1.78e-01 4.42e+02  -8.0 1.57e+03  -6.7 9.44e-04 3.37e-04f  1
 522r 1.4173283e+01 1.76e-01 4.38e+02  -8.0 1.46e+03  -7.1 8.32e-03 8.18e-03h  1
 523r 1.4174380e+01 1.76e-01 4.16e+02  -8.0 2.50e+03  -7.6 1.62e-02 1.37e-03h  1
 524r 1.4172829e+01 1.76e-01 4.61e+02  -8.0 2.87e+03  -7.2 1.16e-02 6.63e-04f  1
 525r 1.4178892e+01 1.75e-01 4.65e+02  -8.0 3.14e+03  -7.7 7.80e-03 7.51e-03h  1
 526r 1.4177020e+01 1.75e-01 4.88e+02  -8.0 3.21e+04  -7.2 3.03e-04 5.23e-05h  1
 527r 1.4177036e+01 1.75e-01 4.89e+02  -8.0 6.11e+02  -6.8 1.01e-03 8.31e-05h  1
 528r 1.4187752e+01 1.72e-01 4.57e+02  -8.0 1.37e+03  -7.3 6.84e-03 1.75e-02f  1
 529r 1.4188560e+01 1.72e-01 4.61e+02  -8.0 4.90e+03  -7.8 3.01e-03 4.88e-04h  1
iter    objective    inf_pr   inf_du lg(mu)  ||d||  lg(rg) alpha_du alpha_pr  ls
 530r 1.4188159e+01 1.71e-01 4.66e+02  -8.0 2.75e+03  -7.3 1.76e-03 7.53e-04h  1
 531r 1.4188003e+01 1.71e-01 4.69e+02  -8.0 2.67e+02  -6.0 3.78e-05 3.07e-04h  1
 532r 1.4186502e+01 1.69e-01 4.69e+02  -8.0 3.62e+02  -6.5 5.81e-06 1.10e-02f  1
 533r 1.4191885e+01 1.66e-01 4.76e+02  -8.0 8.24e+02  -7.0 5.30e-02 2.24e-02h  1
 534r 1.4193920e+01 1.65e-01 4.79e+02  -8.0 2.29e+03  -7.4 4.46e-03 1.87e-03h  1
 535r 1.4192532e+01 1.65e-01 4.78e+02  -8.0 2.04e+03  -7.0 1.09e-03 1.06e-03f  1
 536r 1.4194178e+01 1.65e-01 4.89e+02  -8.0 2.60e+03  -7.5 1.00e-02 1.34e-03h  1
 537r 1.4199939e+01 1.63e-01 4.82e+02  -8.0 1.01e+03  -7.1 1.33e-02 1.43e-02f  1
 538r 1.4228378e+01 2.29e-01 4.65e+02  -8.0 2.98e+03  -7.5 1.61e-02 2.08e-02h  1
 539r 1.4228247e+01 2.34e-01 5.08e+02  -8.0 2.41e+04  -8.0 4.21e-03 1.47e-03h  1
iter    objective    inf_pr   inf_du lg(mu)  ||d||  lg(rg) alpha_du alpha_pr  ls
 540r 1.4228248e+01 2.34e-01 5.13e+02  -8.0 4.76e+02  -6.7 7.31e-03 6.96e-06h  1
 541r 1.4234776e+01 2.73e-01 4.94e+02  -8.0 1.13e+03  -7.2 1.46e-03 1.30e-02f  1
 542r 1.4234777e+01 2.73e-01 4.91e+02  -8.0 5.21e+02  -6.7 3.40e-03 3.17e-06h  1
 543r 1.4240928e+01 2.92e-01 4.88e+02  -8.0 1.22e+03  -7.2 6.24e-04 1.18e-02f  1
 544r 1.4240515e+01 2.91e-01 4.74e+02  -8.0 8.13e+02  -6.8 2.17e-02 2.58e-03f  1
 545r 1.4239998e+01 2.90e-01 4.66e+02  -8.0 2.75e+02  -6.4 2.11e-02 3.62e-03f  1
 546r 1.4239423e+01 2.89e-01 4.65e+02  -8.0 1.06e+03  -6.8 1.30e-03 1.78e-03h  1
 547r 1.4270667e+01 1.73e-01 4.54e+02  -8.0 1.39e+03  -7.3 1.65e-02 4.20e-02f  1
 548r 1.4269773e+01 1.72e-01 4.36e+02  -8.0 1.94e+02  -6.0 2.03e-02 3.34e-03f  1
 549r 1.4268796e+01 1.72e-01 4.35e+02  -8.0 6.17e+02  -6.5 9.51e-04 1.78e-03h  1
iter    objective    inf_pr   inf_du lg(mu)  ||d||  lg(rg) alpha_du alpha_pr  ls
 550r 1.4259525e+01 1.67e-01 4.34e+02  -8.0 1.91e+02  -6.0 7.45e-03 3.50e-02f  1
 551r 1.4250335e+01 1.58e-01 4.36e+02  -8.0 7.25e+01  -5.6 1.04e-02 6.12e-02f  1
 552r 1.4237649e+01 1.57e-01 4.54e+02  -8.0 1.77e+02  -6.1 1.91e-03 6.28e-02h  1
 553r 1.4237005e+01 1.57e-01 4.48e+02  -8.0 1.69e+02  -5.7 1.01e-02 3.07e-03h  1
 554r 1.4220271e+01 1.65e-01 4.43e+02  -8.0 8.18e+02  -6.2 2.76e-03 2.12e-02h  1
 555r 1.4217804e+01 1.62e-01 4.69e+02  -8.0 8.69e+01  -5.7 1.73e-03 3.44e-02h  1
 556r 1.4217670e+01 1.62e-01 4.74e+02  -8.0 8.56e+02  -6.2 8.89e-03 2.35e-04h  1
 557r 1.4223587e+01 4.29e-01 8.40e+02  -8.0 5.39e+02  -6.7 7.07e-04 1.10e-01h  1
 558r 1.4223689e+01 4.29e-01 8.07e+02  -8.0 1.49e+03  -7.2 1.48e-03 3.22e-04h  1
 559r 1.4219393e+01 3.51e-01 8.63e+02  -8.0 1.63e+01  -4.9 1.13e-02 1.83e-01h  1
iter    objective    inf_pr   inf_du lg(mu)  ||d||  lg(rg) alpha_du alpha_pr  ls
 560r 1.4219266e+01 3.48e-01 8.54e+02  -8.0 3.80e+01  -5.4 1.15e-02 9.87e-03h  1
 561r 1.4220509e+01 3.46e-01 8.49e+02  -8.0 2.39e+02  -5.9 6.31e-03 3.64e-03h  1
 562r 1.4222677e+01 3.49e-01 8.51e+02  -8.0 1.08e+03  -6.4 2.73e-04 2.69e-03h  1
 563r 1.4224786e+01 3.48e-01 8.50e+02  -8.0 2.40e+02  -5.9 5.15e-04 2.96e-03h  1
 564r 1.4230132e+01 3.46e-01 8.46e+02  -8.0 1.86e+02  -5.5 4.90e-03 4.40e-03h  1
 565r 1.4234346e+01 3.33e-01 8.18e+02  -8.0 2.58e+01  -5.1 1.98e-03 3.65e-02h  1
 566r 1.4235163e+01 3.26e-01 7.96e+02  -8.0 8.79e+00  -4.7 8.90e-02 2.39e-02h  1
 567r 1.4236564e+01 3.23e-01 7.90e+02  -8.0 3.21e+01  -5.1 3.05e-02 6.66e-03h  1
 568r 1.4237217e+01 2.99e-01 7.30e+02  -8.0 9.69e+00  -4.7 2.61e-02 7.69e-02h  1
 569r 1.4241660e+01 2.95e-01 7.21e+02  -8.0 5.90e+01  -5.2 1.44e-04 1.35e-02h  1
iter    objective    inf_pr   inf_du lg(mu)  ||d||  lg(rg) alpha_du alpha_pr  ls
 570r 1.4242434e+01 2.74e-01 6.71e+02  -8.0 1.18e+01  -4.8 5.51e-03 6.95e-02f  1
 571r 1.4243134e+01 2.74e-01 6.70e+02  -8.0 7.48e+01  -5.2 1.24e-02 1.53e-03f  1
 572r 1.4244849e+01 2.64e-01 6.47e+02  -8.0 1.38e+01  -4.8 5.12e-02 3.47e-02f  1
 573r 1.4256264e+01 2.63e-01 6.44e+02  -8.0 2.89e+02  -5.3 1.10e-02 4.39e-03h  1
 574r 1.4260144e+01 2.56e-01 6.26e+02  -8.0 1.75e+01  -4.9 3.73e-03 2.79e-02h  1
 575r 1.4261924e+01 2.55e-01 6.25e+02  -8.0 1.32e+02  -5.3 2.89e-03 2.03e-03h  1
 576r 1.4263331e+01 2.51e-01 6.15e+02  -8.0 1.87e+01  -4.9 1.52e-03 1.59e-02h  1
 577r 1.4266137e+01 2.51e-01 6.14e+02  -8.0 3.68e+02  -5.4 1.06e-04 9.94e-04h  1
 578r 1.4270239e+01 2.43e-01 5.93e+02  -8.0 2.13e+01  -5.0 6.66e-04 3.35e-02f  1
 579r 1.4270651e+01 2.40e-01 5.86e+02  -8.0 7.14e+00  -4.5 7.82e-02 1.17e-02f  1
iter    objective    inf_pr   inf_du lg(mu)  ||d||  lg(rg) alpha_du alpha_pr  ls
 580r 1.4277449e+01 2.30e-01 5.62e+02  -8.0 2.52e+01  -5.0 3.62e-04 4.13e-02f  1
 581r 1.4279061e+01 2.30e-01 5.62e+02  -8.0 4.91e+02  -5.5 2.14e-03 4.58e-04h  1
 582r 1.4279818e+01 2.29e-01 5.60e+02  -8.0 3.24e+01  -5.1 1.34e-03 2.73e-03f  1
 583r 1.4281104e+01 2.24e-01 5.47e+02  -8.0 9.28e+00  -4.6 8.74e-02 2.37e-02h  1
 584r 1.4291755e+01 2.14e-01 5.24e+02  -8.0 3.57e+01  -5.1 2.15e-02 4.21e-02h  1
 585r 1.4309053e+01 1.61e-01 3.92e+02  -8.0 1.08e+01  -4.7 5.18e-03 2.50e-01f  1
 586r 1.4312045e+01 1.60e-01 3.90e+02  -8.0 4.57e+01  -5.2 1.27e-02 6.86e-03h  1
 587r 1.4321087e+01 1.48e-01 3.59e+02  -8.0 1.53e+01  -4.7 1.51e-04 7.56e-02f  1
 588r 1.4323207e+01 1.47e-01 3.59e+02  -8.0 5.85e+01  -5.2 4.12e-02 3.83e-03h  1
 589r 1.4341345e+01 1.26e-01 3.41e+02  -8.0 1.79e+01  -4.8 3.96e-05 1.40e-01f  1
iter    objective    inf_pr   inf_du lg(mu)  ||d||  lg(rg) alpha_du alpha_pr  ls
 590r 1.4345922e+01 1.25e-01 3.34e+02  -8.0 5.79e+01  -5.3 1.85e-02 1.04e-02h  1
 591r 1.4345978e+01 1.25e-01 3.35e+02  -8.0 1.98e+01  -4.8 2.52e-05 4.36e-04f  1
 592r 1.4347296e+01 1.24e-01 3.16e+02  -8.0 7.06e+01  -5.3 5.42e-02 2.47e-03h  1
 593r 1.4347362e+01 1.24e-01 3.12e+02  -8.0 4.66e+02  -5.8 9.62e-04 3.63e-05h  1
 594r 1.4349927e+01 1.24e-01 3.07e+02  -8.0 7.65e+01  -5.4 8.92e-03 6.36e-03f  1
 595r 1.4350320e+01 1.23e-01 3.01e+02  -8.0 2.05e+01  -4.9 1.05e-02 5.64e-03h  1
 596r 1.4351783e+01 1.15e-01 2.87e+02  -8.0 7.15e+00  -4.5 4.82e-02 6.63e-02h  1
 597r 1.4357852e+01 1.10e-01 2.84e+02  -8.0 2.96e+01  -5.0 8.34e-03 3.79e-02h  1
 598r 1.4360240e+01 9.99e-02 2.46e+02  -8.0 8.05e+00  -4.6 2.09e-01 9.48e-02f  1
 599r 1.4362003e+01 9.87e-02 2.43e+02  -8.0 2.74e+01  -5.0 4.97e-03 1.15e-02h  1
iter    objective    inf_pr   inf_du lg(mu)  ||d||  lg(rg) alpha_du alpha_pr  ls
 600r 1.4362346e+01 9.87e-02 2.42e+02  -8.0 1.97e+02  -5.5 3.70e-03 3.73e-04h  1
 601r 1.4363893e+01 9.80e-02 2.39e+02  -8.0 3.89e+01  -5.1 3.42e-02 6.61e-03h  1
 602r 1.4363606e+01 8.80e-02 2.16e+02  -8.0 9.37e+00  -4.7 4.36e-03 1.02e-01h  1
 603r 1.4364346e+01 8.76e-02 2.15e+02  -8.0 3.55e+01  -5.1 6.02e-03 4.50e-03h  1
 604r 1.4364524e+01 7.94e-02 1.96e+02  -8.0 1.13e+01  -4.7 2.28e-02 9.18e-02h  1
 605r 1.4366397e+01 7.75e-02 1.89e+02  -8.0 3.12e+01  -5.2 9.91e-02 2.37e-02h  1
 606r 1.4370534e+01 7.71e-02 1.85e+02  -8.0 1.06e+02  -5.7 2.22e-02 8.95e-03h  1
 607r 1.4370540e+01 7.71e-02 1.85e+02  -8.0 4.02e+01  -5.2 8.26e-04 2.00e-04h  1
 608r 1.4371936e+01 7.63e-02 1.83e+02  -8.0 1.04e+02  -5.7 9.60e-04 1.19e-02f  1
 609r 1.4371945e+01 7.63e-02 1.83e+02  -8.0 3.80e+02  -6.2 2.00e-03 5.00e-04h  1
iter    objective    inf_pr   inf_du lg(mu)  ||d||  lg(rg) alpha_du alpha_pr  ls
 610r 1.4373394e+01 8.40e-02 1.89e+02  -8.0 2.07e+03  -6.7 1.96e-04 9.79e-03f  1
 611r 1.4373457e+01 8.40e-02 1.89e+02  -8.0 3.55e+02  -6.3 2.59e-06 1.62e-04h  1
 612r 1.4373432e+01 8.40e-02 1.89e+02  -8.0 4.69e+03  -6.7 2.55e-07 6.52e-06h  1
 613r 1.4373432e+01 8.40e-02 1.94e+02  -8.0 3.31e+02  -6.3 1.84e-02 2.16e-07h  1
 614r 1.4379558e+01 8.39e-02 1.88e+02  -8.0 1.75e+02  -5.9 5.76e-03 1.55e-02f  1
 615r 1.4380488e+01 8.35e-02 1.86e+02  -8.0 5.82e+01  -5.5 7.12e-04 5.04e-03f  1
 616r 1.4382033e+01 8.32e-02 1.83e+02  -8.0 1.71e+02  -5.9 6.35e-04 5.10e-03h  1
 617r 1.4382223e+01 8.32e-02 1.85e+02  -8.0 1.37e+03  -6.4 3.99e-03 1.57e-04h  1
 618r 1.4386210e+01 8.38e-02 1.80e+02  -8.0 1.89e+02  -6.0 9.88e-03 1.39e-02h  1
 619r 1.4398583e+01 1.22e-01 1.81e+02  -8.0 4.10e+02  -6.5 4.30e-03 3.67e-02h  1
iter    objective    inf_pr   inf_du lg(mu)  ||d||  lg(rg) alpha_du alpha_pr  ls
 620r 1.4400692e+01 1.23e-01 1.84e+02  -8.0 1.03e+03  -6.9 9.65e-04 2.69e-03f  1
 621r 1.4404309e+01 1.27e-01 1.95e+02  -8.0 1.56e+03  -6.5 1.45e-04 3.53e-03h  1
 622r 1.4413022e+01 1.36e-01 2.12e+02  -8.0 3.26e+02  -6.1 1.52e-02 2.62e-02f  1
 623r 1.4417904e+01 1.40e-01 2.25e+02  -8.0 5.07e+03  -6.6 6.09e-04 1.45e-03f  1
 624r 1.4424900e+01 1.30e-01 2.46e+02  -8.0 3.60e+01  -5.2 1.51e-02 6.90e-02f  1
 625r 1.4426387e+01 1.30e-01 2.44e+02  -8.0 4.43e+02  -5.7 2.13e-03 4.95e-04h  1
 626r 1.4426835e+01 1.30e-01 2.47e+02  -8.0 2.55e+02  -6.2 2.37e-04 1.55e-03h  1
 627r 1.4426952e+01 1.30e-01 2.19e+02  -8.0 7.01e+02  -6.7 6.99e-03 1.65e-04h  1
 628r 1.4431135e+01 1.33e-01 1.72e+02  -8.0 1.75e+03  -7.1 1.31e-02 2.64e-03h  1
 629r 1.4431913e+01 1.33e-01 1.72e+02  -8.0 3.42e+03  -5.8 5.41e-04 4.39e-05h  1
iter    objective    inf_pr   inf_du lg(mu)  ||d||  lg(rg) alpha_du alpha_pr  ls
 630r 1.4433149e+01 1.32e-01 1.70e+02  -8.0 5.00e+01  -5.4 1.13e-02 5.88e-03h  1
 631r 1.4433244e+01 1.32e-01 1.70e+02  -8.0 1.16e+02  -5.9 1.81e-04 9.40e-04h  1
 632r 1.4433358e+01 1.32e-01 1.67e+02  -8.0 3.32e+02  -6.3 3.24e-03 3.35e-04f  1
 633r 1.4431429e+01 1.22e-01 1.64e+02  -8.0 2.01e+01  -5.0 5.79e-02 7.84e-02h  1
 634r 1.4435371e+01 1.19e-01 1.74e+02  -8.0 6.00e+01  -5.5 7.70e-03 2.47e-02h  1
 635r 1.4437379e+01 1.19e-01 1.64e+02  -8.0 7.15e+02  -6.0 5.11e-03 7.49e-04h  1
 636r 1.4443186e+01 1.16e-01 1.71e+02  -8.0 6.60e+01  -5.5 4.96e-03 2.61e-02f  1
 637r 1.4445575e+01 1.16e-01 1.23e+04  -8.0 3.53e+02  -6.0 4.23e-04 2.94e-03h  1
 638r 1.4453467e+01 1.16e-01 1.17e+04  -8.0 9.07e+01  -5.6 2.48e-03 4.25e-02f  1
 639r 1.4455714e+01 1.14e-01 1.15e+04  -8.0 2.82e+01  -5.2 3.03e-02 1.58e-02h  1
iter    objective    inf_pr   inf_du lg(mu)  ||d||  lg(rg) alpha_du alpha_pr  ls
 640r 1.4457421e+01 1.11e-01 1.13e+04  -8.0 9.71e+00  -4.7 1.38e-01 2.49e-02h  1
 641r 1.4458615e+01 1.09e-01 1.11e+04  -8.0 3.26e+01  -5.2 1.41e-02 1.74e-02h  1
 642r 1.4459575e+01 1.06e-01 1.08e+04  -8.0 7.73e+01  -5.7 4.20e-02 2.81e-02h  1
 643r 1.4467614e+01 1.12e-01 1.04e+04  -8.0 2.22e+02  -6.2 1.42e-02 3.33e-02h  1
 644r 1.4472188e+01 1.13e-01 1.03e+04  -8.0 6.06e+02  -6.6 2.35e-03 6.19e-03h  1
 645r 1.4496026e+01 1.72e-01 1.02e+04  -8.0 1.74e+03  -7.1 5.61e-04 1.19e-02h  1
 646r 1.4499907e+01 1.68e-01 9.94e+03  -8.0 1.64e+01  -4.9 7.59e-03 2.65e-02f  1
 647r 1.4519479e+01 1.67e-01 9.89e+03  -8.0 3.35e+02  -5.4 2.82e-04 4.99e-03f  1
 648r 1.4535207e+01 1.56e-01 9.19e+03  -8.0 1.98e+01  -4.9 1.71e-02 7.08e-02f  1
 649r 1.4535619e+01 1.53e-01 9.03e+03  -8.0 9.15e+00  -4.5 3.78e-03 1.68e-02h  1
iter    objective    inf_pr   inf_du lg(mu)  ||d||  lg(rg) alpha_du alpha_pr  ls
 650r 1.4535779e+01 1.53e-01 9.03e+03  -8.0 1.45e+02  -5.0 6.63e-04 6.63e-05h  1
 651r 1.4537148e+01 1.53e-01 9.02e+03  -8.0 1.53e+02  -5.5 1.09e-02 1.85e-03h  1
 652r 1.4538955e+01 1.53e-01 9.01e+03  -8.0 1.78e+02  -5.0 2.94e-04 7.90e-04h  1
 653r 1.4540296e+01 1.52e-01 9.00e+03  -8.0 2.71e+02  -5.5 1.49e-03 1.05e-03h  1
 654r 1.4540097e+01 1.51e-01 8.94e+03  -8.0 2.16e+01  -5.1 5.53e-03 6.14e-03f  1
 655r 1.4566454e+01 1.25e-01 7.45e+03  -8.0 9.25e+00  -4.7 2.43e-02 1.67e-01f  1
 656r 1.4573116e+01 1.15e-01 6.87e+03  -8.0 4.04e+00  -4.2 2.05e-02 7.85e-02f  1
 657r 1.4574389e+01 1.12e-01 6.67e+03  -8.0 1.16e+01  -4.7 3.60e-02 2.89e-02h  1
 658r 1.4578515e+01 1.10e-01 6.55e+03  -8.0 4.19e+01  -5.2 5.04e-02 1.71e-02h  1
 659r 1.4589291e+01 9.24e-02 5.52e+03  -8.0 1.28e+01  -4.8 1.46e-02 1.58e-01h  1
iter    objective    inf_pr   inf_du lg(mu)  ||d||  lg(rg) alpha_du alpha_pr  ls
 660r 1.4587472e+01 8.73e-02 5.22e+03  -8.0 5.39e+00  -4.3 7.10e-02 5.42e-02h  1
 661r 1.4587589e+01 8.71e-02 5.21e+03  -8.0 2.87e+01  -4.8 5.21e-03 2.38e-03h  1
 662r 1.4599737e+01 8.28e-02 4.97e+03  -8.0 4.92e+01  -5.3 7.57e-03 4.63e-02h  1
 663r 1.4603212e+01 8.21e-02 4.93e+03  -8.0 1.01e+02  -5.8 1.82e-03 7.95e-03h  1
 664r 1.4604034e+01 8.20e-02 4.92e+03  -8.0 4.50e+01  -5.4 3.40e-03 1.88e-03h  1
 665r 1.4609893e+01 7.89e-02 4.74e+03  -8.0 1.71e+01  -4.9 1.40e-02 3.69e-02h  1
 666r 1.4610394e+01 7.88e-02 4.73e+03  -8.0 5.11e+01  -5.4 6.47e-05 1.57e-03h  1
 667r 1.4610409e+01 7.87e-02 4.73e+03  -8.0 1.90e+01  -5.0 1.13e-05 1.13e-04f  1
 668r 1.4610414e+01 7.87e-02 4.73e+03  -8.0 5.87e+01  -5.5 4.98e-04 1.50e-05f  1
 669r 1.4591843e+01 7.84e-02 4.71e+03  -8.0 4.83e+01  -5.0 9.70e-05 4.39e-03h  1
iter    objective    inf_pr   inf_du lg(mu)  ||d||  lg(rg) alpha_du alpha_pr  ls
 670r 1.4593890e+01 7.80e-02 4.69e+03  -8.0 1.12e+02  -5.5 9.90e-04 4.35e-03h  1
 671r 1.4593894e+01 7.80e-02 4.69e+03  -8.0 2.80e+01  -5.1 2.90e-02 8.79e-05h  1
 672r 1.4560617e+01 7.59e-02 4.55e+03  -8.0 7.73e+01  -5.6 1.82e-02 2.95e-02f  1
 673r 1.4560518e+01 7.59e-02 4.55e+03  -8.0 2.94e+01  -5.1 4.11e-02 3.33e-04h  1
 674r 1.4525398e+01 7.39e-02 4.41e+03  -8.0 8.61e+01  -5.6 8.66e-04 3.05e-02h  1
 675r 1.4526910e+01 7.37e-02 4.40e+03  -8.0 2.88e+01  -5.2 5.17e-02 2.25e-03h  1
 676r 1.4530689e+01 7.37e-02 4.40e+03  -8.0 1.38e+03  -5.7 1.30e-04 2.82e-04h  1
 677r 1.4540100e+01 7.28e-02 4.34e+03  -8.0 3.28e+01  -5.2 2.75e-04 1.28e-02h  1
 678r 1.4540479e+01 7.28e-02 4.34e+03  -8.0 9.77e+01  -5.7 3.02e-03 1.63e-04h  1
 679r 1.4539287e+01 7.04e-02 4.20e+03  -8.0 5.56e+00  -4.4 4.15e-02 3.28e-02h  1
iter    objective    inf_pr   inf_du lg(mu)  ||d||  lg(rg) alpha_du alpha_pr  ls
 680r 1.4544633e+01 6.94e-02 4.15e+03  -8.0 1.42e+01  -4.9 4.10e-02 1.31e-02h  1
 681r 1.4567327e+01 6.76e-02 4.04e+03  -8.0 3.93e+01  -5.3 5.31e-03 2.56e-02f  1
 682r 1.4570918e+01 6.70e-02 4.01e+03  -8.0 1.63e+01  -4.9 5.59e-03 8.47e-03f  1
 683r 1.4573779e+01 6.67e-02 3.99e+03  -8.0 6.03e+01  -5.4 4.24e-03 4.80e-03h  1
 684r 1.4564068e+01 6.64e-02 3.97e+03  -8.0 1.69e+02  -5.9 4.96e-03 4.16e-03h  1
 685r 1.4563443e+01 6.64e-02 3.97e+03  -8.0 5.82e+01  -5.4 6.88e-03 6.57e-04h  1
 686r 1.4560740e+01 6.63e-02 3.96e+03  -8.0 1.95e+02  -5.9 5.69e-04 1.03e-03h  1
 687r 1.4556441e+01 6.61e-02 3.90e+03  -8.0 3.87e+02  -6.4 1.12e-03 1.50e-02h  1
 688r 1.4563131e+01 6.61e-02 3.90e+03  -8.0 1.25e+04  -6.9 3.31e-08 2.63e-05h  1
 689r 1.4563176e+01 6.61e-02 3.90e+03  -8.0 6.36e+01  -5.5 6.25e-03 9.85e-05h  1
iter    objective    inf_pr   inf_du lg(mu)  ||d||  lg(rg) alpha_du alpha_pr  ls
 690r 1.4568149e+01 6.60e-02 3.90e+03  -8.0 1.43e+02  -6.0 1.84e-03 1.68e-03f  1
 691r 1.4567961e+01 6.60e-02 3.90e+03  -8.0 3.80e+02  -6.5 3.94e-03 1.05e-04h  1
 692r 1.4555786e+01 6.64e-02 3.88e+03  -8.0 9.29e+02  -7.0 2.45e-02 4.77e-03f  1
 693r 1.4500664e+01 6.92e-02 3.76e+03  -8.0 4.13e+02  -6.5 1.65e-02 3.14e-02f  1
 694r 1.4397080e+01 1.36e-01 3.60e+03  -8.0 9.88e+02  -7.0 2.17e-03 4.09e-02f  1
 695r 1.4308180e+01 1.48e-01 3.41e+03  -8.0 4.46e+02  -6.6 3.78e-03 5.25e-02f  1
 696r 1.4315522e+01 1.47e-01 3.39e+03  -8.0 3.90e+01  -5.3 4.08e-03 8.35e-03h  1
 697r 1.4335256e+01 1.47e-01 3.37e+03  -8.0 1.48e+02  -5.7 2.89e-03 4.45e-03h  1
 698r 1.4362654e+01 1.43e-01 3.28e+03  -8.0 4.57e+01  -5.3 2.80e-02 2.82e-02h  1
 699r 1.4368901e+01 1.43e-01 3.27e+03  -8.0 4.43e+02  -5.8 3.89e-04 7.74e-04h  1
iter    objective    inf_pr   inf_du lg(mu)  ||d||  lg(rg) alpha_du alpha_pr  ls
 700r 1.4371097e+01 1.42e-01 3.26e+03  -8.0 5.51e+01  -5.4 4.56e-03 2.83e-03h  1
 701r 1.4370385e+01 1.42e-01 3.25e+03  -8.0 2.10e+01  -4.9 2.30e-02 2.93e-03h  1
 702r 1.4367302e+01 1.42e-01 3.25e+03  -8.0 4.82e+01  -5.4 1.43e-02 1.28e-03h  1
 703r 1.4356521e+01 1.41e-01 3.24e+03  -8.0 1.32e+02  -5.9 2.82e-03 3.79e-03h  1
 704r 1.4357889e+01 1.41e-01 3.23e+03  -8.0 6.72e+01  -5.5 6.23e-04 1.88e-03f  1
 705r 1.4369427e+01 1.41e-01 3.23e+03  -8.0 4.29e+03  -5.9 5.30e-05 2.55e-04h  1
 706r 1.4371422e+01 1.41e-01 3.22e+03  -8.0 7.24e+01  -5.5 1.74e-02 3.16e-03f  1
 707r 1.4369171e+01 1.39e-01 3.18e+03  -8.0 2.86e+01  -5.1 4.01e-02 1.29e-02h  1
 708r 1.4381822e+01 1.37e-01 3.13e+03  -8.0 7.93e+01  -5.6 1.01e-03 1.38e-02h  1
 709r 1.4385253e+01 1.37e-01 3.13e+03  -8.0 4.32e+01  -5.1 1.89e-03 2.68e-03h  1
iter    objective    inf_pr   inf_du lg(mu)  ||d||  lg(rg) alpha_du alpha_pr  ls
 710r 1.4408837e+01 1.30e-01 2.97e+03  -8.0 1.33e+01  -4.7 2.14e-04 4.87e-02f  1
 711r 1.4410130e+01 1.29e-01 2.94e+03  -8.0 4.66e+00  -4.3 3.59e-02 9.97e-03h  1
 712r 1.4412559e+01 1.28e-01 2.93e+03  -8.0 1.94e+01  -4.8 8.67e-03 3.82e-03h  1
 713r 1.4423747e+01 1.28e-01 2.92e+03  -8.0 7.64e+01  -5.2 2.45e-03 4.36e-03h  1
 714r 1.4425981e+01 1.27e-01 2.91e+03  -8.0 1.79e+01  -4.8 3.59e-02 3.48e-03h  1
 715r 1.4434056e+01 1.27e-01 2.91e+03  -8.0 1.52e+02  -5.3 1.29e-03 1.58e-03h  1
 716r 1.4442193e+01 1.27e-01 2.90e+03  -8.0 8.13e+01  -4.9 4.78e-03 2.79e-03h  1
 717r 1.4449699e+01 1.27e-01 2.90e+03  -8.0 4.99e+02  -5.4 9.34e-05 4.94e-04h  1
 718r 1.4450395e+01 1.26e-01 2.88e+03  -8.0 2.93e+00  -4.0 3.04e-02 4.40e-03h  1
 719r 1.4460205e+01 1.24e-01 2.82e+03  -8.0 1.36e+01  -4.5 1.31e-03 2.14e-02f  1
iter    objective    inf_pr   inf_du lg(mu)  ||d||  lg(rg) alpha_du alpha_pr  ls
 720r 1.4463426e+01 1.21e-01 2.77e+03  -8.0 3.42e+00  -4.1 2.27e-02 1.84e-02h  1
 721r 1.4475910e+01 1.19e-01 2.72e+03  -8.0 2.03e+01  -4.6 1.38e-03 1.98e-02h  1
 722r 1.4477255e+01 1.18e-01 2.69e+03  -8.0 4.05e+00  -4.1 2.88e-02 7.50e-03h  1
 723r 1.4481869e+01 1.17e-01 2.68e+03  -8.0 3.29e+01  -4.6 2.25e-03 5.03e-03h  1
 724r 1.4483769e+01 1.17e-01 2.67e+03  -8.0 6.36e+00  -4.2 7.55e-03 4.43e-03h  1
 725r 1.4487711e+01 1.14e-01 2.60e+03  -8.0 1.96e+00  -3.8 1.59e-02 2.51e-02f  1
 726r 1.4493967e+01 1.13e-01 2.58e+03  -8.0 1.28e+01  -4.2 4.86e-03 7.13e-03h  1
 727r 1.4495081e+01 1.11e-01 2.53e+03  -8.0 2.45e+00  -3.8 2.63e-02 2.01e-02f  1
 728r 1.4501004e+01 1.09e-01 2.49e+03  -8.0 8.47e+00  -4.3 1.74e-02 1.75e-02h  1
 729r 1.4502528e+01 1.09e-01 2.48e+03  -8.0 1.50e+01  -4.8 9.91e-03 3.80e-03h  1
iter    objective    inf_pr   inf_du lg(mu)  ||d||  lg(rg) alpha_du alpha_pr  ls
 730r 1.4506873e+01 1.08e-01 2.47e+03  -8.0 5.17e+01  -5.2 7.82e-03 3.40e-03h  1
 731r 1.4525696e+01 1.04e-01 2.37e+03  -8.0 1.69e+01  -4.8 1.72e-02 4.15e-02h  1
 732r 1.4530379e+01 1.04e-01 2.36e+03  -8.0 7.15e+01  -5.3 2.58e-03 2.16e-03h  1
 733r 1.4537540e+01 1.02e-01 2.33e+03  -8.0 1.88e+01  -4.9 3.10e-02 1.38e-02h  1
 734r 1.4556612e+01 1.01e-01 2.31e+03  -8.0 7.11e+01  -5.3 6.96e-03 9.79e-03h  1
 735r 1.4559805e+01 1.01e-01 2.30e+03  -8.0 2.55e+01  -4.9 1.69e-03 3.40e-03h  1
 736r 1.4565788e+01 1.01e-01 2.29e+03  -8.0 9.72e+01  -5.4 2.54e-03 2.00e-03h  1
 737r 1.4573264e+01 9.99e-02 2.27e+03  -8.0 2.34e+01  -5.0 1.60e-02 1.05e-02f  1
 738r 1.4583398e+01 9.98e-02 2.26e+03  -8.0 1.48e+02  -5.4 1.87e-03 2.49e-03h  1
 739r 1.4584216e+01 9.97e-02 2.26e+03  -8.0 2.93e+01  -5.0 1.96e-03 8.35e-04h  1
iter    objective    inf_pr   inf_du lg(mu)  ||d||  lg(rg) alpha_du alpha_pr  ls
 740r 1.4584844e+01 9.97e-02 2.26e+03  -8.0 1.73e+02  -5.5 2.57e-04 1.39e-04h  1
 741r 1.4592167e+01 9.89e-02 2.25e+03  -8.0 3.43e+01  -5.1 3.45e-03 7.69e-03f  1
 742r 1.4596665e+01 9.88e-02 2.24e+03  -8.0 1.47e+02  -5.5 4.59e-03 1.28e-03h  1
 743r 1.4606266e+01 9.77e-02 2.22e+03  -8.0 3.69e+01  -5.1 5.63e-04 9.65e-03f  1
 744r 1.4612326e+01 9.76e-02 2.22e+03  -8.0 1.74e+02  -5.6 4.01e-03 1.38e-03f  1
 745r 1.4625453e+01 9.63e-02 2.19e+03  -8.0 3.97e+01  -5.2 1.24e-02 1.21e-02f  1
 746r 1.4630965e+01 9.62e-02 2.19e+03  -8.0 2.62e+02  -5.6 2.49e-03 9.25e-04h  1
 747r 1.4637562e+01 9.59e-02 2.18e+03  -8.0 5.26e+01  -5.2 3.87e-04 3.15e-03h  1
 748r 1.4639631e+01 9.56e-02 2.18e+03  -8.0 2.22e+01  -4.8 1.84e-03 2.54e-03f  1
 749r 1.4640710e+01 9.55e-02 2.17e+03  -8.0 4.71e+01  -5.3 3.95e-03 6.45e-04h  1
iter    objective    inf_pr   inf_du lg(mu)  ||d||  lg(rg) alpha_du alpha_pr  ls
 750r 1.4645728e+01 9.55e-02 2.17e+03  -8.0 1.86e+04  -5.7 6.60e-05 1.43e-05h  1
 751r 1.4649212e+01 9.38e-02 2.14e+03  -8.0 8.91e+00  -4.4 5.01e-03 1.80e-02f  1
 752r 1.4650186e+01 9.28e-02 2.11e+03  -8.0 2.93e+00  -4.0 8.32e-02 1.09e-02f  1
 753r 1.4656436e+01 9.02e-02 2.05e+03  -8.0 1.04e+01  -4.5 1.87e-02 2.76e-02f  1
 754r 1.4664644e+01 8.94e-02 2.04e+03  -8.0 2.30e+01  -4.9 4.36e-03 8.89e-03h  1
 755r 1.4670161e+01 8.92e-02 2.03e+03  -8.0 7.62e+01  -5.4 2.88e-03 2.10e-03f  1
 756r 1.4678864e+01 8.84e-02 2.01e+03  -8.0 2.60e+01  -5.0 8.84e-03 8.47e-03h  1
 757r 1.4684904e+01 8.82e-02 2.01e+03  -8.0 1.19e+02  -5.5 2.91e-03 1.36e-03h  1
 758r 1.4689969e+01 8.80e-02 2.01e+03  -8.0 4.33e+01  -5.0 3.43e-03 2.52e-03h  1
 759r 1.4694064e+01 8.79e-02 2.00e+03  -8.0 1.14e+02  -5.5 3.52e-03 1.02e-03h  1
iter    objective    inf_pr   inf_du lg(mu)  ||d||  lg(rg) alpha_du alpha_pr  ls
 760r 1.4709274e+01 8.69e-02 1.98e+03  -8.0 3.27e+01  -5.1 3.13e-02 1.09e-02h  1
 761r 1.4711902e+01 8.65e-02 1.97e+03  -8.0 1.84e+01  -4.7 2.12e-02 4.33e-03h  1
 762r 1.4717714e+01 8.62e-02 1.97e+03  -8.0 4.35e+01  -5.1 9.62e-03 2.89e-03h  1
 763r 1.4729968e+01 8.60e-02 1.97e+03  -8.0 3.06e+02  -5.6 2.95e-03 1.28e-03h  1
 764r 1.4737630e+01 8.56e-02 1.96e+03  -8.0 4.24e+01  -5.2 2.86e-03 4.29e-03h  1
 765r 1.4738012e+01 8.56e-02 1.96e+03  -8.0 1.59e+01  -4.8 8.57e-03 5.39e-04h  1
 766r 1.4745057e+01 8.54e-02 1.95e+03  -8.0 8.13e+01  -5.3 1.82e-04 2.24e-03h  1
 767r 1.4749653e+01 8.53e-02 1.95e+03  -8.0 5.09e+02  -5.7 4.29e-03 4.05e-04h  1
 768r 1.4782151e+01 8.42e-02 1.94e+03  -8.0 4.19e+02  -6.2 2.74e-04 4.19e-03h  1
 769r 1.4791649e+01 8.40e-02 1.94e+03  -8.0 1.61e+02  -5.8 1.14e-03 1.92e-03h  1
iter    objective    inf_pr   inf_du lg(mu)  ||d||  lg(rg) alpha_du alpha_pr  ls
 770r 1.4795549e+01 8.39e-02 1.94e+03  -8.0 7.65e+01  -5.4 5.46e-03 8.28e-04f  1
 771r 1.4818095e+01 8.32e-02 1.93e+03  -8.0 1.67e+02  -5.8 1.28e-02 5.32e-03h  1
 772r 1.4818074e+01 8.24e-02 1.91e+03  -8.0 8.40e+00  -4.5 3.89e-03 9.65e-03h  1
 773r 1.4821554e+01 8.20e-02 1.90e+03  -8.0 2.06e+01  -5.0 6.35e-03 5.15e-03h  1
 774r 1.4826993e+01 8.02e-02 1.86e+03  -8.0 9.59e+00  -4.6 7.32e-03 2.08e-02f  1
 775r 1.4826301e+01 7.95e-02 1.84e+03  -8.0 3.43e+00  -4.1 4.52e-02 9.62e-03f  1
 776r 1.4833733e+01 7.76e-02 1.80e+03  -8.0 8.91e+00  -4.6 1.28e-03 2.36e-02h  1
 777r 1.4836222e+01 7.75e-02 1.80e+03  -8.0 2.86e+01  -5.1 2.13e-03 1.25e-03h  1
 778r 1.4839819e+01 7.71e-02 1.79e+03  -8.0 9.69e+00  -4.7 5.46e-03 4.74e-03h  1
 779r 1.4852752e+01 7.69e-02 1.78e+03  -8.0 5.14e+01  -5.1 1.23e-03 2.50e-03h  1
iter    objective    inf_pr   inf_du lg(mu)  ||d||  lg(rg) alpha_du alpha_pr  ls
 780r 1.4861183e+01 7.61e-02 1.77e+03  -8.0 1.09e+01  -4.7 7.18e-03 9.37e-03f  1
 781r 1.4877876e+01 7.57e-02 1.76e+03  -8.0 4.66e+01  -5.2 8.72e-04 4.55e-03f  1
 782r 1.4884974e+01 7.52e-02 1.75e+03  -8.0 1.54e+01  -4.8 3.41e-03 5.95e-03f  1
 783r 1.4893330e+01 7.37e-02 1.71e+03  -8.0 6.39e+00  -4.3 4.89e-02 2.02e-02h  1
 784r 1.4901651e+01 7.32e-02 1.70e+03  -8.0 1.72e+01  -4.8 2.14e-02 6.17e-03h  1
 785r 1.4934898e+01 7.26e-02 1.70e+03  -8.0 1.25e+02  -5.3 2.51e-03 3.32e-03f  1
 786r 1.4997921e+01 6.88e-02 1.63e+03  -8.0 1.94e+01  -4.9 1.76e-02 4.01e-02h  1
 787r 1.5023887e+01 6.84e-02 1.62e+03  -8.0 1.46e+02  -5.3 1.34e-04 2.07e-03h  1
 788r 1.5033076e+01 6.83e-02 1.62e+03  -8.0 1.10e+02  -4.9 6.66e-03 8.22e-04h  1
 789r 1.5065139e+01 6.84e-02 1.62e+03  -8.0 2.21e+02  -5.4 1.26e-04 1.72e-03h  1
iter    objective    inf_pr   inf_du lg(mu)  ||d||  lg(rg) alpha_du alpha_pr  ls
 790r 1.5076315e+01 6.45e-02 1.53e+03  -8.0 3.44e+00  -4.1 1.04e-01 5.85e-02f  1
 791r 1.5081547e+01 6.41e-02 1.52e+03  -8.0 1.40e+01  -4.5 7.69e-03 5.49e-03h  1
 792r 1.5082472e+01 6.30e-02 1.49e+03  -8.0 4.04e+00  -4.1 2.38e-02 1.72e-02h  1
 793r 1.5084220e+01 6.29e-02 1.49e+03  -8.0 4.38e+01  -4.6 9.66e-04 2.15e-03h  1
 794r 1.5090068e+01 6.15e-02 1.46e+03  -8.0 4.40e+00  -4.2 1.53e-01 2.19e-02h  1
 795r 1.5110893e+01 6.05e-02 1.43e+03  -8.0 1.08e+01  -4.6 7.31e-03 1.95e-02h  1
 796r 1.5122035e+01 6.04e-02 1.42e+03  -8.0 3.85e+01  -5.1 1.66e-02 2.61e-03h  1
 797r 1.5136229e+01 6.00e-02 1.41e+03  -8.0 2.18e+01  -4.7 1.04e-02 7.86e-03h  1
 798r 1.5186009e+01 6.05e-02 1.40e+03  -8.0 4.38e+01  -5.2 2.10e-03 9.72e-03h  1
 799r 1.5194166e+01 6.05e-02 1.40e+03  -8.0 2.33e+02  -5.6 1.85e-03 3.14e-04h  1
iter    objective    inf_pr   inf_du lg(mu)  ||d||  lg(rg) alpha_du alpha_pr  ls
 800r 1.5262497e+01 6.17e-02 1.36e+03  -8.0 4.70e+01  -5.2 7.87e-03 2.41e-02h  1
 801r 1.5263631e+01 6.17e-02 1.36e+03  -8.0 7.04e+01  -4.8 1.66e-05 2.32e-04h  1
 802r 1.5274370e+01 5.95e-02 1.31e+03  -8.0 6.37e+00  -4.4 4.64e-04 3.67e-02f  1
 803r 1.5276053e+01 5.95e-02 1.31e+03  -8.0 8.40e+01  -4.8 1.08e-03 2.64e-04h  1
 804r 1.5279548e+01 5.89e-02 1.30e+03  -8.0 7.18e+00  -4.4 7.43e-08 9.87e-03h  1
 805r 1.5279678e+01 5.89e-02 1.30e+03  -8.0 2.24e+01  -4.9 1.88e-02 8.10e-05h  1
 806r 1.5374490e+01 6.22e-02 1.28e+03  -8.0 6.14e+01  -5.4 3.75e-04 1.95e-02f  1
 807r 1.5382618e+01 5.89e-02 1.21e+03  -8.0 2.98e+00  -4.0 3.16e-02 5.43e-02f  1
 808r 1.5395427e+01 5.77e-02 1.18e+03  -8.0 9.77e+00  -4.5 5.00e-03 2.04e-02f  1
 809r 1.5407573e+01 5.74e-02 1.17e+03  -8.0 2.31e+01  -5.0 1.68e-02 6.40e-03h  1
iter    objective    inf_pr   inf_du lg(mu)  ||d||  lg(rg) alpha_du alpha_pr  ls
 810r 1.5411175e+01 5.73e-02 1.17e+03  -8.0 8.06e+01  -5.5 3.24e-04 3.83e-04h  1
 811r 1.5455540e+01 5.74e-02 1.17e+03  -8.0 5.99e+01  -5.0 1.56e-04 5.41e-03f  1
 812r 1.5502102e+01 5.54e-02 1.12e+03  -8.0 1.10e+01  -4.6 1.11e-03 3.94e-02f  1
 813r 1.5517566e+01 5.32e-02 1.08e+03  -8.0 4.17e+00  -4.2 2.55e-02 4.11e-02f  1
 814r 1.5605848e+01 5.11e-02 1.01e+03  -8.0 1.25e+01  -4.7 6.09e-02 5.66e-02h  1
 815r 1.5621266e+01 4.96e-02 9.83e+02  -8.0 4.68e+00  -4.2 5.36e-02 3.06e-02f  1
 816r 1.5818808e+01 4.86e-02 8.99e+02  -8.0 1.47e+01  -4.7 7.35e-03 8.60e-02f  1
 817r 1.5843309e+01 4.72e-02 8.72e+02  -8.0 5.18e+00  -4.3 5.80e-02 2.97e-02h  1
 818r 1.5838409e+01 4.61e-02 8.52e+02  -8.0 2.12e+00  -3.9 2.18e-02 2.32e-02h  1
 819r 1.5835725e+01 4.47e-02 8.26e+02  -8.0 7.73e-01  -3.4 6.02e-02 3.09e-02h  1
iter    objective    inf_pr   inf_du lg(mu)  ||d||  lg(rg) alpha_du alpha_pr  ls
 820r 1.5830793e+01 4.37e-02 8.08e+02  -8.0 2.52e+00  -3.9 7.79e-03 2.17e-02h  1
 821r 1.5830441e+01 4.35e-02 8.04e+02  -8.0 1.12e+00  -3.5 1.20e-02 4.82e-03h  1
 822r 1.5828879e+01 4.35e-02 8.03e+02  -8.0 2.56e+01  -4.0 3.96e-04 9.12e-04h  1
 823r 1.5966945e+01 4.14e-02 7.99e+02  -8.0 8.88e+00  -4.5 1.82e-04 5.59e-02f  1
 824r 1.5966618e+01 4.10e-02 8.00e+02  -8.0 4.75e-01  -3.1 1.22e-01 1.02e-02h  1
 825r 1.5969401e+01 4.06e-02 7.43e+02  -8.0 1.19e+00  -3.6 1.88e-01 9.77e-03h  1
 826r 1.6086149e+01 3.69e-02 6.75e+02  -8.0 3.77e+00  -4.1 3.95e-02 9.13e-02h  1
 827r 1.6107140e+01 3.52e-02 6.44e+02  -8.0 1.35e+00  -3.7 4.68e-02 4.60e-02h  1
 828r 1.6170533e+01 3.39e-02 6.19e+02  -8.0 4.40e+00  -4.1 4.68e-02 3.84e-02f  1
 829r 1.6190484e+01 3.38e-02 6.19e+02  -8.0 4.03e+01  -4.6 6.59e-03 1.09e-03h  1
iter    objective    inf_pr   inf_du lg(mu)  ||d||  lg(rg) alpha_du alpha_pr  ls
 830r 1.6219950e+01 3.29e-02 6.02e+02  -8.0 4.67e+00  -4.2 9.80e-02 2.79e-02h  1
 831r 1.6268508e+01 3.25e-02 5.94e+02  -8.0 1.57e+01  -4.7 3.47e-02 1.18e-02f  1
 832r 1.6330253e+01 3.25e-02 5.93e+02  -8.0 1.06e+02  -5.1 5.61e-03 1.91e-03h  1
 833r 1.6499507e+01 3.17e-02 5.74e+02  -8.0 1.82e+01  -4.7 1.10e-02 3.22e-02h  1
 834r 1.6680057e+01 3.20e-02 5.74e+02  -8.0 7.08e+02  -5.2 1.70e-04 6.32e-04h  1
 835r 1.6765855e+01 3.18e-02 5.69e+02  -8.0 2.48e+01  -4.8 6.00e-03 8.85e-03f  1
 836r 1.6784860e+01 3.16e-02 5.64e+02  -8.0 7.23e+00  -4.3 7.02e-02 7.51e-03f  1
 837r 1.6876062e+01 3.14e-02 5.63e+02  -8.0 5.96e+01  -4.8 2.66e-04 3.24e-03h  1
 838r 1.7006225e+01 3.02e-02 5.40e+02  -8.0 8.30e+00  -4.4 4.74e-02 3.95e-02f  1
 839r 1.7063393e+01 2.86e-02 5.11e+02  -8.0 2.79e+00  -4.0 3.91e-02 5.43e-02f  1
iter    objective    inf_pr   inf_du lg(mu)  ||d||  lg(rg) alpha_du alpha_pr  ls
 840r 1.7145265e+01 2.81e-02 5.02e+02  -8.0 1.00e+01  -4.4 1.05e-02 1.78e-02h  1
 841r 1.7224399e+01 2.64e-02 4.72e+02  -8.0 3.21e+00  -4.0 2.84e-02 6.00e-02h  1
 842r 1.7362640e+01 2.58e-02 4.62e+02  -8.0 1.24e+01  -4.5 2.00e-02 2.15e-02h  1
 843r 1.7479616e+01 2.41e-02 4.31e+02  -8.0 3.76e+00  -4.1 3.05e-02 6.71e-02f  1
 844r 1.7483284e+01 2.41e-02 4.31e+02  -8.0 2.13e+01  -4.5 2.66e-03 2.23e-04h  1
 845r 1.7858414e+01 2.01e-02 5.31e+02  -8.0 4.40e+00  -4.1 9.82e-03 1.68e-01f  1
 846r 1.7870219e+01 1.98e-02 3.52e+02  -8.0 1.58e+00  -3.7 1.33e-01 1.73e-02f  1
 847r 1.7982638e+01 1.91e-02 4.34e+02  -8.0 5.90e+00  -4.2 1.23e-02 3.16e-02f  1
 848r 1.7992352e+01 1.88e-02 4.46e+02  -8.0 1.82e+00  -3.7 6.19e-03 1.48e-02h  1
 849r 1.8072584e+01 1.86e-02 5.43e+02  -8.0 7.79e+00  -4.2 4.35e-03 1.34e-02h  1
iter    objective    inf_pr   inf_du lg(mu)  ||d||  lg(rg) alpha_du alpha_pr  ls
 850r 1.8105616e+01 1.80e-02 5.22e+02  -8.0 2.07e+00  -3.8 3.39e-02 3.20e-02f  1
 851r 1.8109056e+01 1.75e-02 4.95e+02  -8.0 7.18e-01  -3.4 8.81e-02 2.69e-02f  1
 852r 1.8125090e+01 1.72e-02 4.89e+02  -8.0 2.47e+00  -3.8 1.38e-02 1.74e-02h  1
 853r 1.8162148e+01 1.71e-02 4.64e+02  -8.0 1.44e+01  -4.3 7.80e-03 3.07e-03h  1
 854r 1.8253288e+01 1.67e-02 4.64e+02  -8.0 6.09e+00  -3.9 7.24e-03 2.67e-02h  1
 855r 1.8253213e+01 1.63e-02 4.55e+02  -8.0 9.35e-01  -3.5 1.78e-02 2.14e-02f  1
 856r 1.8249459e+01 1.60e-02 4.44e+02  -8.0 3.82e-01  -3.0 1.27e-02 2.16e-02f  1
 857r 1.8249751e+01 1.57e-02 4.39e+02  -8.0 1.04e+00  -3.5 2.45e-02 1.40e-02h  1
 858r 1.8251146e+01 1.57e-02 4.38e+02  -8.0 1.23e+01  -4.0 3.83e-04 2.11e-04f  1
 859r 1.8250393e+01 1.57e-02 4.37e+02  -8.0 1.20e+00  -3.6 3.26e-03 3.15e-03f  1
iter    objective    inf_pr   inf_du lg(mu)  ||d||  lg(rg) alpha_du alpha_pr  ls
 860r 1.8254200e+01 1.57e-02 4.38e+02  -8.0 3.06e+01  -4.0 1.48e-04 1.91e-04h  1
 861r 1.8261142e+01 1.54e-02 4.40e+02  -8.0 1.32e+00  -3.6 7.50e-03 1.75e-02f  1
 862r 1.8260786e+01 1.51e-02 4.30e+02  -8.0 5.06e-01  -3.2 2.99e-02 2.14e-02f  1
 863r 1.8266081e+01 1.49e-02 4.32e+02  -8.0 1.51e+00  -3.7 9.35e-04 1.07e-02f  1
 864r 1.8265301e+01 1.40e-02 4.14e+02  -8.0 5.68e-01  -3.2 1.82e-02 6.08e-02f  1
 865r 1.8269241e+01 1.39e-02 4.15e+02  -8.0 1.86e+00  -3.7 1.39e-03 6.64e-03f  1
 866r 1.8267986e+01 1.29e-02 4.00e+02  -8.0 6.35e-01  -3.3 7.55e-03 7.35e-02f  1
 867r 1.8270356e+01 1.28e-02 3.97e+02  -8.0 2.71e+00  -3.8 6.05e-03 4.26e-03f  1
 868r 1.8270974e+01 1.19e-02 3.87e+02  -8.0 7.39e-01  -3.3 3.59e-03 7.30e-02f  1
 869r 1.8277850e+01 1.18e-02 3.49e+02  -8.0 3.28e+00  -3.8 4.60e-02 1.03e-02f  1
iter    objective    inf_pr   inf_du lg(mu)  ||d||  lg(rg) alpha_du alpha_pr  ls
 870r 1.8275855e+01 9.12e-03 4.23e+02  -8.0 8.30e-01  -3.4 5.16e-02 2.26e-01h  1
 871r 1.8281550e+01 8.97e-03 3.86e+02  -8.0 2.69e+00  -3.9 4.21e-02 1.61e-02h  1
 872r 1.8281111e+01 8.91e-03 2.47e+02  -8.0 9.93e-01  -3.4 1.26e-01 6.90e-03f  1
 873r 1.8281218e+01 8.78e-03 2.37e+02  -8.0 3.12e+00  -3.9 2.37e-02 1.50e-02h  1
 874r 1.8273960e+01 8.30e-03 2.59e+02  -8.0 1.20e+00  -3.5 1.14e-02 5.42e-02h  1
 875r 1.8272165e+01 8.15e-03 2.72e+02  -8.0 3.48e+00  -4.0 2.94e-03 1.84e-02f  1
 876r 1.8264696e+01 7.39e-03 2.96e+02  -8.0 1.32e+00  -3.5 4.94e-02 9.28e-02f  1
 877r 1.8266530e+01 7.34e-03 2.81e+02  -8.0 4.18e+00  -4.0 1.93e-02 6.43e-03h  1
 878r 1.8266389e+01 7.29e-03 2.63e+02  -8.0 1.53e+00  -3.6 2.21e-02 6.76e-03f  1
 879r 1.8278622e+01 7.03e-03 2.73e+02  -8.0 4.75e+00  -4.1 8.54e-04 3.53e-02f  1
iter    objective    inf_pr   inf_du lg(mu)  ||d||  lg(rg) alpha_du alpha_pr  ls
 880r 1.8277351e+01 6.90e-03 2.31e+02  -8.0 1.76e+00  -3.7 5.04e-02 1.82e-02f  1
 881r 1.8274541e+01 6.80e-03 2.32e+02  -8.0 5.55e+00  -4.1 9.80e-03 1.52e-02f  1
 882r 1.8274376e+01 6.79e-03 2.08e+02  -8.0 2.01e+00  -3.7 6.25e-02 1.54e-03h  1
 883r 1.8275859e+01 6.69e-03 2.15e+02  -8.0 6.47e+00  -4.2 7.76e-04 1.41e-02f  1
 884r 1.8266160e+01 5.55e-03 3.62e+02  -8.0 2.30e+00  -3.8 2.43e-02 1.70e-01f  1
 885r 1.8268352e+01 5.52e-03 2.93e+02  -8.0 7.63e+00  -4.2 4.27e-02 5.26e-03h  1
 886r 1.8280971e+01 5.50e-03 2.81e+02  -8.0 3.19e+01  -4.7 7.85e-03 4.17e-03h  1
 887r 1.8285155e+01 5.49e-03 2.75e+02  -8.0 5.01e+01  -5.2 2.23e-03 3.71e-04h  1
 888r 1.8287436e+01 5.49e-03 2.69e+02  -8.0 1.92e+02  -5.7 1.74e-03 1.64e-04h  1
 889r 1.8303398e+01 5.49e-03 2.73e+02  -8.0 6.05e+01  -5.2 5.98e-04 1.75e-03f  1
iter    objective    inf_pr   inf_du lg(mu)  ||d||  lg(rg) alpha_du alpha_pr  ls
 890r 1.8323752e+01 5.45e-03 2.91e+02  -8.0 2.18e+01  -4.8 1.68e-03 1.11e-02f  1
 891r 1.8341715e+01 5.46e-03 2.92e+02  -8.0 1.34e+02  -5.3 3.71e-04 5.94e-04f  1
 892r 1.8341961e+01 5.46e-03 2.89e+02  -8.0 2.45e+02  -5.8 1.03e-03 4.91e-05h  1
 893r 1.8362192e+01 5.34e-03 3.05e+02  -8.0 8.38e+01  -5.3 6.49e-03 1.54e-02f  1
 894r 1.8361513e+01 5.30e-03 2.55e+02  -8.0 1.83e+01  -4.9 4.20e-02 7.53e-03h  1
 895r 1.8342121e+01 5.20e-03 2.53e+02  -8.0 4.06e+01  -5.4 8.09e-03 1.34e-02h  1
 896r 1.8344315e+01 5.16e-03 2.57e+02  -8.0 1.88e+01  -5.0 4.26e-04 8.00e-03h  1
 897r 1.8376685e+01 4.99e-03 2.62e+02  -8.0 9.95e+00  -4.5 6.00e-03 3.14e-02f  1
 898r 1.8400197e+01 4.99e-03 2.51e+02  -8.0 6.26e+01  -5.0 4.75e-03 1.19e-03h  1
 899r 1.8394409e+01 4.97e-03 2.44e+02  -8.0 6.53e+00  -4.6 1.99e-02 4.72e-03h  1
iter    objective    inf_pr   inf_du lg(mu)  ||d||  lg(rg) alpha_du alpha_pr  ls
 900r 1.8379402e+01 4.91e-03 2.42e+02  -8.0 1.93e+01  -5.1 7.65e-03 1.00e-02h  1
 901r 1.8359159e+01 4.85e-03 2.38e+02  -8.0 7.18e+00  -4.6 4.49e-02 1.32e-02f  1
 902r 1.8318226e+01 4.69e-03 2.16e+02  -8.0 2.36e+01  -5.1 2.19e-03 3.12e-02f  1
 903r 1.8313722e+01 4.66e-03 2.15e+02  -8.0 1.39e+01  -4.7 1.18e-02 5.34e-03f  1
 904r 1.8501864e+01 4.64e-03 2.67e+02  -8.0 1.20e+04  -5.2 1.66e-05 1.15e-04f  1
 905r 1.8480531e+01 4.47e-03 2.67e+02  -8.0 7.12e+01  -5.6 1.46e-02 1.10e-02h  1
 906r 1.8458131e+01 4.41e-03 2.61e+02  -8.0 2.71e+01  -5.2 8.45e-03 1.14e-02f  1
 907r 1.8434980e+01 4.36e-03 2.65e+02  -8.0 9.93e+00  -4.8 1.76e-02 1.20e-02f  1
 908r 1.8410409e+01 4.31e-03 2.57e+02  -8.0 2.92e+01  -5.3 3.12e-03 8.00e-03f  1
 909r 1.8392732e+01 4.18e-03 2.15e+02  -8.0 1.60e+01  -4.8 4.41e-03 2.83e-02h  1
iter    objective    inf_pr   inf_du lg(mu)  ||d||  lg(rg) alpha_du alpha_pr  ls
 910r 1.8395619e+01 4.00e-03 1.85e+02  -8.0 6.99e+00  -4.4 2.55e-02 4.32e-02h  1
 911r 1.8398999e+01 3.89e-03 1.56e+02  -8.0 2.09e+01  -4.9 6.38e-03 2.61e-02f  1
 912r 1.8407320e+01 3.81e-03 1.51e+02  -8.0 8.12e+00  -4.5 1.98e-02 2.10e-02f  1
 913r 1.8442120e+01 3.45e-03 1.73e+02  -8.0 3.44e+00  -4.0 2.84e-02 9.46e-02f  1
 914r 1.8475624e+01 3.19e-03 2.13e+02  -8.0 1.05e+01  -4.5 4.66e-02 7.13e-02f  1
 915r 1.8501538e+01 2.96e-03 3.18e+02  -8.0 3.85e+00  -4.1 8.47e-03 7.36e-02f  1
 916r 1.8529909e+01 2.78e-03 3.79e+02  -8.0 1.13e+01  -4.6 1.84e-02 5.62e-02h  1
 917r 1.8548989e+01 2.73e-03 3.77e+02  -8.0 3.32e+00  -4.1 1.41e-02 1.97e-02f  1
 918r 1.8604881e+01 2.70e-03 3.77e+02  -8.0 1.18e+01  -4.6 9.40e-03 2.06e-02f  1
 919r 1.8681353e+01 2.70e-03 3.58e+02  -8.0 4.74e+00  -4.2 5.26e-02 5.76e-02f  1
iter    objective    inf_pr   inf_du lg(mu)  ||d||  lg(rg) alpha_du alpha_pr  ls
 920r 1.8961736e+01 2.70e-03 3.56e+02  -8.0 1.41e+01  -4.7 1.88e-03 6.51e-02f  1
 921r 1.9307671e+01 2.70e-03 3.23e+02  -8.0 4.56e+00  -4.2 3.49e-02 1.30e-01f  1
 922r 1.9413138e+01 2.70e-03 3.53e+02  -8.0 5.58e+01  -4.7 1.38e-02 3.63e-03f  1
 923r 1.9497946e+01 2.70e-03 3.43e+02  -8.0 6.56e+00  -4.3 5.00e-02 6.60e-02f  1
 924r 1.9501947e+01 2.70e-03 3.28e+02  -8.0 2.11e+01  -4.8 1.36e-02 1.23e-03h  1
 925r 1.9534466e+01 2.69e-03 2.61e+02  -8.0 6.47e+00  -4.4 1.18e-01 8.09e-02f  1
 926r 1.9534126e+01 2.69e-03 3.05e+02  -8.0 2.33e+00  -3.9 4.61e-02 1.22e-01h  1
 927r 1.9623339e+01 2.69e-03 4.32e+02  -8.0 7.00e+00  -4.4 1.04e-02 1.78e-01h  1
 928r 1.9714021e+01 2.69e-03 5.30e+02  -8.0 2.81e+00  -4.0 3.07e-02 2.09e-01f  1
 929r 2.0039778e+01 2.69e-03 6.33e+02  -8.0 9.06e+00  -4.5 6.74e-02 2.38e-01f  1
iter    objective    inf_pr   inf_du lg(mu)  ||d||  lg(rg) alpha_du alpha_pr  ls
 930r 2.0135152e+01 2.69e-03 4.34e+02  -8.0 3.09e+01  -4.9 1.10e-01 2.53e-02f  1
 931r 2.0401293e+01 2.69e-03 4.61e+02  -8.0 1.63e+02  -5.4 8.65e-03 1.36e-02f  1
 932r 2.0436064e+01 2.69e-03 4.59e+02  -8.0 2.11e+02  -5.9 5.53e-03 7.54e-03f  1
 933r 2.0456099e+01 2.69e-03 4.52e+02  -8.0 7.98e+02  -6.4 5.26e-03 6.74e-04h  1
 934r 2.0550028e+01 2.68e-03 4.90e+02  -8.0 2.33e+02  -5.9 1.73e-03 1.71e-02f  1
 935r 2.0844972e+01 6.27e-03 5.51e+02  -8.0 8.27e+02  -6.4 5.92e-04 7.14e-03h  1
 936r 2.0847991e+01 6.03e-03 4.86e+02  -8.0 9.39e+00  -4.2 8.88e-02 4.69e-02f  1
 937r 2.0821371e+01 5.73e-03 5.17e+02  -8.0 9.33e+00  -4.7 8.04e-03 5.27e-02f  1
 938r 2.0960207e+01 5.43e-03 5.32e+02  -8.0 5.93e+00  -4.2 6.37e-03 5.83e-02f  1
 939r 2.1068633e+01 4.38e-03 5.72e+02  -8.0 1.81e+00  -3.8 2.54e-02 2.01e-01f  1
iter    objective    inf_pr   inf_du lg(mu)  ||d||  lg(rg) alpha_du alpha_pr  ls
 940r 2.1063895e+01 4.34e-03 5.27e+02  -8.0 4.65e+00  -4.3 4.02e-02 7.83e-03f  1
 941r 2.1059239e+01 4.28e-03 5.28e+02  -8.0 1.12e+01  -4.8 7.94e-03 1.49e-02h  1
 942r 2.1071432e+01 4.25e-03 5.36e+02  -8.0 3.25e+01  -5.2 3.97e-03 4.13e-02f  1
 943r 2.1093607e+01 4.25e-03 5.32e+02  -8.0 9.42e+01  -5.7 6.27e-03 5.68e-03h  1
 944r 2.1276876e+01 4.58e-03 5.34e+02  -8.0 3.58e+02  -6.2 2.91e-03 6.44e-03f  1
 945r 2.1935199e+01 8.00e-03 7.42e+02  -8.0 1.95e+02  -5.8 3.54e-04 2.46e-02f  1
 946r 2.1994496e+01 8.01e-03 6.42e+02  -8.0 9.33e+01  -5.3 1.18e-02 3.43e-03h  1
 947r 2.2334407e+01 1.05e-02 7.60e+02  -8.0 1.98e+01  -4.9 5.20e-02 1.50e-01f  1
 948r 2.2408721e+01 9.72e-03 8.54e+02  -8.0 7.39e+00  -4.5 9.45e-03 9.33e-02f  1
 949r 2.2510861e+01 9.48e-03 8.83e+02  -8.0 5.23e+00  -4.1 2.62e-03 2.16e-02f  1
iter    objective    inf_pr   inf_du lg(mu)  ||d||  lg(rg) alpha_du alpha_pr  ls
 950r 2.2587129e+01 8.49e-03 7.90e+02  -8.0 1.29e+00  -3.6 1.14e-01 1.03e-01f  1
 951r 2.2747236e+01 8.26e-03 7.86e+02  -8.0 8.38e+00  -4.1 1.30e-02 2.09e-02f  1
 952r 2.2782301e+01 7.93e-03 7.55e+02  -8.0 1.71e+00  -3.7 3.84e-02 3.91e-02f  1
 953r 2.2914890e+01 7.83e-03 7.51e+02  -8.0 1.74e+01  -4.2 6.79e-03 8.28e-03f  1
 954r 2.2975842e+01 7.37e-03 7.12e+02  -8.0 2.13e+00  -3.7 5.57e-03 5.57e-02f  1
 955r 2.2979291e+01 7.37e-03 7.07e+02  -8.0 1.20e+03  -4.2 5.22e-05 3.14e-06h  1
 956r 2.3239788e+01 5.72e-03 5.81e+02  -8.0 2.64e+00  -3.8 4.02e-02 1.92e-01f  1
 957r 2.3246552e+01 5.49e-03 5.50e+02  -8.0 9.64e-01  -3.4 9.04e-02 4.03e-02f  1
 958r 2.3282864e+01 5.35e-03 5.31e+02  -8.0 3.74e+00  -3.8 1.33e-01 2.47e-02h  1
 959r 2.3359407e+01 3.30e-03 3.42e+02  -8.0 1.10e+00  -3.4 8.85e-02 3.70e-01f  1
iter    objective    inf_pr   inf_du lg(mu)  ||d||  lg(rg) alpha_du alpha_pr  ls
 960r 2.3362029e+01 3.29e-03 3.40e+02  -8.0 4.73e+00  -3.9 3.81e-02 1.85e-03h  1
 961r 2.3363566e+01 3.29e-03 3.40e+02  -8.0 1.27e+01  -4.4 3.26e-03 1.89e-04h  1
 962r 2.3414779e+01 3.09e-03 3.18e+02  -8.0 2.77e+00  -3.9 4.97e-02 6.49e-02f  1
 963r 2.3439118e+01 3.08e-03 3.21e+02  -8.0 1.67e+01  -4.4 3.89e-04 3.82e-03h  1
 964r 2.3629001e+01 2.71e-03 3.02e+02  -8.0 8.05e+00  -4.0 3.37e-03 6.40e-02f  1
 965r 2.3640840e+01 2.66e-03 2.73e+02  -8.0 1.92e+00  -3.6 2.62e-02 9.55e-02f  1
 966r 2.3723651e+01 2.66e-03 2.58e+02  -8.0 1.00e+01  -4.0 3.10e-02 5.50e-02f  1
 967r 2.3752192e+01 2.66e-03 2.57e+02  -8.0 8.07e+00  -4.5 4.80e-02 8.30e-03f  1
 968r 2.3938867e+01 2.66e-03 2.49e+02  -8.0 2.68e+01  -5.0 8.87e-03 3.09e-02f  1
 969r 2.4138705e+01 2.66e-03 8.75e+02  -8.0 9.74e+01  -5.5 3.43e-04 2.57e-02h  1
iter    objective    inf_pr   inf_du lg(mu)  ||d||  lg(rg) alpha_du alpha_pr  ls
 970r 2.4129817e+01 2.66e-03 8.68e+02  -8.0 2.29e+02  -6.0 3.07e-03 7.00e-03f  1
 971r 2.4133525e+01 2.66e-03 8.67e+02  -8.0 9.89e+02  -6.4 1.61e-05 1.46e-03h  1
 972r 2.4132005e+01 2.66e-03 8.65e+02  -8.0 3.64e+01  -5.1 2.57e-02 5.89e-03h  1
 973r 2.4088004e+01 2.68e-03 8.50e+02  -8.0 8.06e+01  -5.6 4.35e-02 1.56e-02f  1
 974r 2.4013729e+01 4.21e-03 8.31e+02  -8.0 1.81e+02  -6.1 2.37e-02 2.23e-02f  1
 975r 2.4011967e+01 4.21e-03 8.27e+02  -8.0 7.14e+01  -5.6 4.33e-02 1.55e-03h  1
 976r 2.4001692e+01 4.21e-03 8.26e+02  -8.0 2.48e+02  -6.1 1.28e-03 1.77e-03f  1
 977r 2.3944239e+01 2.91e-02 7.96e+02  -8.0 6.52e+02  -6.6 4.59e-03 3.95e-02f  1
 978r 2.3902456e+01 2.81e-02 7.82e+02  -8.0 2.09e+02  -6.2 4.16e-02 1.54e-02h  1
 979r 2.3900567e+01 2.80e-02 7.86e+02  -8.0 8.81e+02  -6.6 6.60e-02 1.58e-03h  1
iter    objective    inf_pr   inf_du lg(mu)  ||d||  lg(rg) alpha_du alpha_pr  ls
 980r 2.3837557e+01 2.16e-02 7.56e+02  -8.0 2.32e+02  -6.2 8.12e-03 3.56e-02h  1
 981r 2.3765781e+01 1.72e-02 7.41e+02  -8.0 4.66e+02  -6.7 8.91e-03 1.87e-02h  1
 982r 2.3731605e+01 1.70e-02 7.35e+02  -8.0 3.10e+01  -5.4 5.25e-02 9.52e-03f  1
 983r 2.2885465e+01 1.75e-02 6.12e+02  -8.0 8.70e+01  -5.8 2.40e-03 1.64e-01h  1
 984r 2.2803653e+01 1.71e-02 5.98e+02  -8.0 3.31e+01  -5.4 1.97e-02 2.38e-02h  1
 985r 2.2607531e+01 1.58e-02 5.37e+02  -8.0 1.17e+01  -5.0 6.55e-03 1.07e-01f  1
 986r 2.2508915e+01 1.59e-02 5.05e+02  -8.0 3.55e+01  -5.5 1.77e-02 6.17e-02f  1
 987r 2.2937215e+01 1.24e-02 5.97e+02  -8.0 2.09e+01  -5.0 3.77e-03 2.34e-01f  1
 988r 2.2938252e+01 1.24e-02 5.02e+02  -8.0 4.82e+01  -5.5 4.82e-02 5.55e-04h  1
 989r 2.3061681e+01 1.52e-02 5.22e+02  -8.0 1.54e+02  -6.0 2.12e-03 4.08e-02f  1
iter    objective    inf_pr   inf_du lg(mu)  ||d||  lg(rg) alpha_du alpha_pr  ls
 990r 2.3061814e+01 1.52e-02 5.04e+02  -8.0 6.30e+01  -5.6 1.72e-02 2.88e-05h  1
 991r 2.3071935e+01 1.49e-02 5.09e+02  -8.0 1.76e+02  -6.0 1.04e-02 1.81e-02f  1
 992r 2.3105074e+01 1.47e-02 5.00e+02  -8.0 7.16e+01  -5.6 1.66e-02 1.69e-02f  1
 993r 2.3107792e+01 1.46e-02 4.98e+02  -8.0 2.01e+02  -6.1 4.45e-03 6.96e-03h  1
 994r 2.3386142e+01 1.41e-02 4.87e+02  -8.0 7.90e+01  -5.7 1.55e-03 3.73e-02f  1
 995r 2.3758887e+01 1.37e-02 4.73e+02  -8.0 4.15e+01  -5.2 3.87e-02 2.83e-02h  1
 996r 2.5360234e+01 1.28e-02 4.31e+02  -8.0 2.12e+01  -4.8 1.26e-02 9.58e-02f  1
 997r 2.6047718e+01 1.13e-02 7.85e+02  -8.0 5.33e+00  -3.5 2.30e-02 1.15e-01f  1
 998r 2.6032365e+01 1.12e-02 8.83e+02  -8.0 7.99e-01  -3.1 1.81e-01 1.30e-02f  1
 999r 2.5641887e+01 7.64e-03 7.29e+02  -8.0 1.38e+00  -3.5 1.98e-02 3.17e-01f  1
iter    objective    inf_pr   inf_du lg(mu)  ||d||  lg(rg) alpha_du alpha_pr  ls
1000r 2.5689003e+01 7.08e-03 4.76e+02  -8.0 2.23e+00  -4.0 2.51e-01 7.44e-02f  1

Number of Iterations....: 1000

                                   (scaled)                 (unscaled)
Objective...............:   2.0069533427838628e+01    2.5689002787633445e+01
Dual infeasibility......:   1.9009834211766838e+02    2.4332587791061553e+02
Constraint violation....:   5.5329640108539024e-03    7.0771836659275786e-03
Complementarity.........:   5.0476510038302157e-07    6.4609932849026759e-07
Overall NLP error.......:   1.9009834211766838e+02    2.4332587791061553e+02


Number of objective function evaluations             = 2119
Number of objective gradient evaluations             = 205
Number of equality constraint evaluations            = 2121
Number of inequality constraint evaluations          = 2121
Number of equality constraint Jacobian evaluations   = 1008
Number of inequality constraint Jacobian evaluations = 1008
Number of Lagrangian Hessian evaluations             = 1000
Total CPU secs in IPOPT (w/o function evaluations)   =   2986.772
Total CPU secs in NLP function evaluations           =     64.222

EXIT: Maximum Number of Iterations Exceeded.
