
List of user-set options:

                                    Name   Value                used
                           compl_inf_tol = 1                     yes
                         constr_viol_tol = 1                     yes
                            dual_inf_tol = 1000                  yes
                           linear_solver = ma97                  yes
                              ma86_small = 1e-30                  no
                                  ma86_u = 0.0001                 no
                              ma97_order = best                  yes
                              ma97_small = 1e-30                 yes
                            ma97_switch1 = at_start              yes
                            ma97_switch2 = od_hd_reuse           yes
                                  ma97_u = 1e-06                 yes
                               ma97_umax = 0.5                   yes
                                max_iter = 2000                  yes
                    max_refinement_steps = 20                    yes
                    min_refinement_steps = 5                     yes
                                 mu_init = 1e-06                 yes
           mu_superlinear_decrease_power = 1.25                  yes
                   nlp_scaling_min_value = 1e-08                 yes
                        option_file_name = Preset_Case:_193_NCP.opt  yes
                             output_file = ./tmp/Preset_Case:_193_NCP.output  yes
                      print_user_options = yes                   yes
        required_infeasibility_reduction = 1                      no
                                     tol = 1e-08                 yes
                   warm_start_bound_frac = 1e-20                 yes
                   warm_start_bound_push = 1e-20                 yes
                   warm_start_init_point = yes                   yes
              warm_start_mult_bound_push = 1e-20                 yes
                warm_start_mult_init_max = 1e+40                 yes
             warm_start_slack_bound_frac = 1e-20                 yes
             warm_start_slack_bound_push = 1e-20                 yes

******************************************************************************
This program contains Ipopt, a library for large-scale nonlinear optimization.
 Ipopt is released as open source code under the Eclipse Public License (EPL).
         For more information visit http://projects.coin-or.org/Ipopt
******************************************************************************

This is Ipopt version 3.12.10, running with linear solver ma97.

Number of nonzeros in equality constraint Jacobian...:   117140
Number of nonzeros in inequality constraint Jacobian.:      213
Number of nonzeros in Lagrangian Hessian.............:    47462

Total number of variables............................:    29971
                     variables with only lower bounds:    11312
                variables with lower and upper bounds:    15132
                     variables with only upper bounds:        0
Total number of equality constraints.................:    29864
Total number of inequality constraints...............:       25
        inequality constraints with only lower bounds:        4
   inequality constraints with lower and upper bounds:        0
        inequality constraints with only upper bounds:       21

iter    objective    inf_pr   inf_du lg(mu)  ||d||  lg(rg) alpha_du alpha_pr  ls
   0 -3.0551561e-02 1.94e-01 1.25e+02  -6.0 0.00e+00    -  0.00e+00 0.00e+00   0
In iteration 0, 5 Slacks too small, adjusting variable bounds
   1 -3.0551561e-02 1.94e-01 1.25e+02  -6.0 3.04e+04   0.0 6.60e-09 7.10e-14f  1
In iteration 1, 1 Slack too small, adjusting variable bound
   2 -3.0551561e-02 1.94e-01 2.89e+02  -6.0 1.15e+03  -0.5 2.66e-07 3.95e-11f  1
   3 -3.0551587e-02 1.94e-01 2.24e+02  -6.0 1.28e+03  -1.0 4.71e-07 7.15e-07f  1
   4 -3.0551770e-02 1.94e-01 1.50e+02  -6.0 1.29e+03  -1.4 1.26e-06 5.45e-06f  1
   5 -3.0552626e-02 1.94e-01 8.50e+02  -6.0 1.29e+03  -1.9 1.09e-06 2.47e-05f  1
   6 -3.0552699e-02 1.94e-01 1.25e+02  -6.0 1.29e+03  -1.5 1.17e-05 2.37e-06f  2
   7 -3.0555093e-02 1.94e-01 2.12e+03  -6.0 1.29e+03  -2.0 2.56e-06 7.85e-05h  1
In iteration 7, 1 Slack too small, adjusting variable bound
   8 -3.0556031e-02 1.94e-01 4.12e+02  -6.0 1.29e+03  -1.5 5.60e-05 3.17e-05f  1
   9 -3.0557916e-02 1.94e-01 9.08e+02  -6.0 1.29e+03  -2.0 5.28e-05 7.40e-05h  1
iter    objective    inf_pr   inf_du lg(mu)  ||d||  lg(rg) alpha_du alpha_pr  ls
  10 -3.0561085e-02 1.94e-01 7.50e+03  -6.0 1.28e+03  -1.6 1.79e-06 1.08e-04f  1
  11 -3.0562686e-02 1.94e-01 2.25e+04  -6.0 1.28e+03  -1.2 2.35e-04 5.42e-05h  1
  12 -3.0604166e-02 1.92e-01 5.16e+04  -6.0 1.28e+03  -1.6 5.78e-05 1.40e-03f  1
  13 -3.0615200e-02 1.92e-01 1.87e+05  -6.0 1.26e+03  -1.2 2.07e-03 3.80e-04h  1
  14 -3.0758868e-02 1.84e-01 1.30e+05  -6.0 1.24e+03  -1.7 1.13e-03 4.89e-03f  1
  15r-3.0758868e-02 1.84e-01 1.00e+03  -0.7 0.00e+00  -1.3 0.00e+00 7.07e-09R  2
  16r-3.0767009e-02 1.83e-01 1.93e+03  -0.7 3.77e+04    -  1.29e-07 4.95e-08f  1
  17r-3.0767009e-02 1.83e-01 9.99e+02  -0.7 0.00e+00    -  0.00e+00 3.55e-08R  2
  18r-3.0767184e-02 1.83e-01 9.99e+02  -0.7 1.20e+04    -  1.29e-06 9.21e-08f  1
  19 -3.0767394e-02 1.83e-01 3.01e+03  -6.0 2.38e+02    -  5.34e-02 1.78e-05h  1
iter    objective    inf_pr   inf_du lg(mu)  ||d||  lg(rg) alpha_du alpha_pr  ls
  20 -3.0771878e-02 1.83e-01 4.14e+04  -6.0 1.17e+03    -  2.78e-03 2.33e-04h  1
  21 -3.0972131e-02 1.76e-01 6.27e+04  -6.0 1.17e+03    -  7.71e-03 1.06e-02h  1
  22 -3.1146048e-02 1.67e-01 5.79e+04  -6.0 9.56e+02    -  3.54e-03 7.96e-03h  1
  23 -3.1147066e-02 1.67e-01 5.79e+04  -6.0 9.18e+02    -  3.08e-02 4.62e-05h  1
  24 -3.1485935e-02 1.64e-01 3.82e+04  -6.0 9.30e+02    -  2.51e-02 1.93e-02h  1
  25 -3.2072354e-02 3.36e-01 1.35e+04  -6.0 7.93e+02    -  5.35e-02 4.35e-02h  1
  26r-3.2072354e-02 3.36e-01 1.00e+03  -0.8 0.00e+00    -  0.00e+00 3.33e-07R  3
  27r-3.2069213e-02 3.36e-01 1.02e+03  -0.8 3.63e+03    -  1.19e-05 7.97e-07f  1
  28r-3.2069213e-02 3.36e-01 9.99e+02  -0.8 0.00e+00    -  0.00e+00 3.34e-07R  3
  29r-3.2069455e-02 3.36e-01 2.05e+03  -0.8 8.18e+03    -  2.74e-06 1.13e-07f  1
iter    objective    inf_pr   inf_du lg(mu)  ||d||  lg(rg) alpha_du alpha_pr  ls
  30 -3.2069683e-02 3.36e-01 7.68e+06  -6.0 1.54e+02    -  6.71e-02 2.07e-05h  1
  31 -3.2087648e-02 3.35e-01 4.36e+08  -6.0 5.73e+02    -  2.20e-05 1.25e-03h  1
  32 -3.2154576e-02 3.34e-01 4.34e+08  -6.0 5.99e+02    -  3.64e-02 4.77e-03h  1
  33 -3.2638151e-02 3.34e-01 4.18e+08  -6.0 5.92e+02    -  6.21e-03 3.70e-02h  1
  34 -3.2922825e-02 3.29e-01 4.10e+08  -6.0 4.95e+02    -  3.38e-02 2.00e-02h  1
  35 -3.3054407e-02 3.27e-01 4.04e+08  -6.0 4.53e+02    -  8.28e-02 1.44e-02h  1
  36 -3.3158386e-02 3.29e-01 3.91e+08  -6.0 4.37e+02    -  1.14e-01 3.12e-02h  2
  37 -3.3266944e-02 3.40e-01 3.75e+08  -6.0 4.35e+02    -  1.49e-01 4.25e-02h  3
  38 -3.3302839e-02 3.40e-01 3.67e+08  -6.0 3.49e+02    -  1.87e-01 2.07e-02h  4
  39 -3.3324790e-02 3.43e-01 3.59e+08  -6.0 3.51e+02    -  2.16e-02 2.15e-02h  4
iter    objective    inf_pr   inf_du lg(mu)  ||d||  lg(rg) alpha_du alpha_pr  ls
  40 -3.3343772e-02 3.45e-01 3.52e+08  -6.0 3.19e+02    -  2.28e-01 1.97e-02h  4
  41 -3.3350878e-02 3.46e-01 3.47e+08  -6.0 3.66e+02    -  1.55e-01 1.36e-02h  5
  42 -3.3352942e-02 3.48e-01 3.41e+08  -6.0 3.93e+02    -  3.45e-01 1.73e-02h  5
  43 -3.3340301e-02 3.48e-01 3.38e+08  -6.0 4.62e+02    -  3.25e-01 8.85e-03h  5
  44 -3.3310037e-02 3.49e-01 3.35e+08  -6.0 5.13e+02    -  3.60e-01 1.01e-02h  4
  45 -3.3278288e-02 3.49e-01 3.32e+08  -6.0 5.64e+02    -  2.17e-01 6.89e-03h  4
  46 -3.3007454e-02 4.42e-01 3.19e+08  -6.0 6.21e+02    -  1.49e-07 4.07e-02w  1
  47 -3.3053642e-02 4.41e-01 3.18e+08  -6.0 1.27e+02  -1.7 1.35e-06 2.23e-03w  1
  48 -3.3166833e-02 4.39e-01 3.16e+08  -6.0 1.35e+02  -2.2 3.02e-02 8.28e-03w  1
  49 -3.3244434e-02 3.49e-01 3.31e+08  -6.0 1.80e+02  -2.7 1.49e-07 5.09e-03h  3
iter    objective    inf_pr   inf_du lg(mu)  ||d||  lg(rg) alpha_du alpha_pr  ls
  50 -3.3253850e-02 3.49e-01 3.30e+08  -6.0 2.80e+02  -3.2 3.01e-02 7.55e-04h  1
  51 -3.3200352e-02 3.50e-01 3.27e+08  -6.0 5.90e+02    -  1.06e-06 9.76e-03h  3
  52 -3.3205296e-02 3.49e-01 3.27e+08  -6.0 1.73e+02  -2.7 2.12e-01 3.73e-04h  1
  53 -3.3158804e-02 3.49e-01 3.25e+08  -6.0 6.43e+02    -  1.68e-05 5.83e-03h  3
  54r-3.3158804e-02 3.49e-01 1.00e+03  -0.9 0.00e+00  -3.2 0.00e+00 3.52e-07R  5
  55r-3.3100154e-02 3.48e-01 1.00e+03  -0.9 1.13e+04    -  3.16e-06 5.41e-06f  1
  56 -3.3100495e-02 3.48e-01 6.22e+06  -6.0 1.37e+02    -  1.10e-01 5.52e-05h  1
  57 -3.3101544e-02 3.48e-01 2.07e+07  -6.0 2.30e+02    -  5.67e-05 1.89e-04h  1
  58 -3.3265332e-02 3.37e-01 2.00e+07  -6.0 2.43e+02    -  1.58e-02 3.44e-02h  1
  59 -3.3328060e-02 3.32e-01 1.97e+07  -6.0 2.25e+02    -  3.52e-02 1.62e-02h  1
iter    objective    inf_pr   inf_du lg(mu)  ||d||  lg(rg) alpha_du alpha_pr  ls
  60 -3.3459780e-02 3.21e-01 1.89e+07  -6.0 2.11e+02    -  6.23e-02 3.88e-02h  1
  61 -3.3460131e-02 3.21e-01 1.89e+07  -6.0 2.34e+02    -  8.69e-02 1.78e-04h  1
  62 -3.3501946e-02 3.18e-01 1.84e+07  -6.0 2.20e+02    -  2.25e-01 2.59e-02h  3
  63 -3.3538150e-02 3.17e-01 1.76e+07  -6.0 2.09e+02    -  3.48e-02 4.56e-02h  3
  64 -3.3539670e-02 3.16e-01 1.67e+07  -6.0 1.86e+02    -  2.91e-01 4.94e-02h  3
  65 -3.3510560e-02 3.14e-01 1.58e+07  -6.0 1.78e+02    -  1.66e-01 5.29e-02h  3
  66 -3.3474565e-02 3.08e-01 1.51e+07  -6.0 1.74e+02    -  2.50e-01 4.66e-02h  3
  67 -3.3461555e-02 3.03e-01 1.38e+07  -6.0 1.94e+02    -  4.27e-01 8.20e-02h  2
  68 -3.3583646e-02 2.92e-01 1.33e+07  -6.0 2.43e+02    -  5.70e-01 3.95e-02h  3
  69 -3.3922739e-02 2.73e-01 1.24e+07  -6.0 2.86e+02    -  5.27e-01 6.46e-02h  2
iter    objective    inf_pr   inf_du lg(mu)  ||d||  lg(rg) alpha_du alpha_pr  ls
  70 -3.4056644e-02 2.66e-01 1.21e+07  -6.0 3.91e+02    -  5.95e-02 2.42e-02h  1
  71 -3.4386725e-02 2.49e-01 1.14e+07  -6.0 4.31e+02    -  2.78e-02 5.77e-02h  1
  72 -3.4387033e-02 2.49e-01 1.14e+07  -6.0 1.16e+03    -  2.05e-03 1.62e-03h  1
  73 -3.4290813e-02 2.49e-01 1.14e+07  -6.0 4.02e+02    -  7.58e-05 1.20e-03h  2
  74 -3.4283774e-02 2.49e-01 1.14e+07  -6.0 3.55e+02    -  2.34e-03 8.33e-05h  5
  75 -3.4280469e-02 2.49e-01 1.14e+07  -6.0 3.55e+02    -  2.66e-03 3.91e-05h  6
  76 -3.4278857e-02 2.49e-01 1.14e+07  -6.0 3.56e+02    -  2.46e-03 1.91e-05h  7
  77 -3.4175113e-02 2.49e-01 1.14e+07  -6.0 3.58e+02    -  1.22e-03 1.22e-03s 13
  78 -3.3972846e-02 2.48e-01 1.14e+07  -6.0 4.08e+02    -  1.47e-02 0.00e+00S 13
  79 -3.2978392e-02 2.46e-01 1.13e+07  -6.0 4.35e+02    -  2.44e-01 1.02e-02h  1
iter    objective    inf_pr   inf_du lg(mu)  ||d||  lg(rg) alpha_du alpha_pr  ls
  80 -3.1801743e-02 2.44e-01 1.11e+07  -6.0 5.11e+02    -  1.47e-02 1.25e-02h  5
  81 -3.0720246e-02 2.42e-01 1.10e+07  -6.0 5.05e+02    -  3.15e-01 1.21e-02h  5
  82 -2.9251327e-02 2.39e-01 1.08e+07  -6.0 6.48e+02    -  4.31e-02 1.76e-02h  4
  83 -2.8018256e-02 2.36e-01 1.06e+07  -6.0 6.48e+02    -  3.59e-01 1.59e-02h  4
  84 -2.6172094e-02 2.34e-01 1.04e+07  -6.0 1.22e+02  -3.7 8.03e-02 2.30e-02h  4
  85 -2.4266361e-02 2.33e-01 1.01e+07  -6.0 1.22e+02  -4.2 1.93e-01 2.51e-02h  4
  86 -2.2939126e-02 2.32e-01 9.94e+06  -6.0 1.21e+02  -4.7 1.93e-01 1.84e-02h  5
  87 -2.1650853e-02 2.33e-01 9.75e+06  -6.0 1.48e+02  -5.1 3.76e-01 1.91e-02h  5
  88 -2.0287946e-02 2.34e-01 9.54e+06  -6.0 1.20e+02  -4.7 2.08e-01 2.16e-02h  5
  89 -1.9430781e-02 2.34e-01 9.40e+06  -6.0 1.55e+02  -5.2 5.98e-01 1.49e-02h  5
iter    objective    inf_pr   inf_du lg(mu)  ||d||  lg(rg) alpha_du alpha_pr  ls
  90 -6.1827127e-03 1.73e+00 7.08e+06  -6.0 1.17e+02  -4.8 2.36e-01 2.47e-01w  1
  91 -5.9114770e-03 2.13e+00 8.11e+06  -6.0 9.10e+01  -5.2 7.08e-01 2.23e-01w  1
  92 -1.0098317e-02 1.86e+00 7.91e+06  -6.0 1.74e+02  -5.7 3.02e-02 1.66e-01w  1
  93 -1.8602777e-02 2.33e-01 9.26e+06  -6.0 1.06e+03  -6.2 2.36e-01 1.54e-02h  4
  94 -1.7492046e-02 2.35e-01 9.06e+06  -6.0 1.18e+02  -4.9 6.43e-01 2.15e-02h  5
  95 -1.6560358e-02 2.36e-01 8.88e+06  -6.0 1.21e+02  -4.4 2.75e-01 1.97e-02h  5
  96 -1.5751317e-02 2.38e-01 1.24e+07  -6.0 1.20e+02  -4.9 3.39e-01 1.83e-02h  5
  97 -1.5017259e-02 2.39e-01 8.55e+06  -6.0 1.19e+02  -4.5 6.20e-01 1.87e-02h  5
  98 -1.4380226e-02 2.40e-01 1.25e+07  -6.0 1.18e+02  -5.0 4.77e-01 1.71e-02h  5
  99 -1.3800192e-02 2.40e-01 1.01e+07  -6.0 1.17e+02  -4.5 5.26e-01 1.78e-02h  5
iter    objective    inf_pr   inf_du lg(mu)  ||d||  lg(rg) alpha_du alpha_pr  ls
 100 -1.3276674e-02 2.41e-01 1.17e+07  -6.0 1.15e+02  -5.0 2.07e-01 1.70e-02h  5
 101r-1.3276674e-02 2.41e-01 1.00e+03  -1.2 0.00e+00  -3.7 0.00e+00 3.84e-07R  2
 102r-1.3156974e-02 2.40e-01 1.00e+03  -1.2 1.83e+05    -  7.91e-07 1.03e-06f  1
 103 -1.3159010e-02 2.40e-01 2.96e+01  -6.0 4.98e+01    -  3.04e-06 8.98e-05h  1
 104 -1.3164573e-02 2.40e-01 4.66e+04  -6.0 8.42e+01    -  6.05e-03 2.83e-04f  1
 105 -1.3320075e-02 2.37e-01 1.42e+03  -6.0 6.33e+01    -  3.67e-04 1.18e-02f  1
 106 -1.3429280e-02 2.36e-01 3.77e+04  -6.0 6.33e+01    -  1.65e-02 7.46e-03h  1
 107 -1.3956238e-02 2.27e-01 1.67e+05  -6.0 6.31e+01    -  6.99e-02 3.82e-02f  1
 108 -1.5214167e-02 2.14e-01 7.16e+05  -6.0 9.11e+01    -  2.79e-01 7.77e-02h  1
 109 -1.5994271e-02 2.14e-01 9.07e+05  -6.0 8.62e+01    -  2.39e-01 4.72e-02h  1
iter    objective    inf_pr   inf_du lg(mu)  ||d||  lg(rg) alpha_du alpha_pr  ls
 110 -1.6237695e-02 2.17e-01 2.18e+07  -6.0 6.27e+01    -  4.30e-01 1.99e-02h  1
 111 -1.6054020e-02 2.24e-01 3.17e+07  -6.0 8.49e+01    -  3.62e-01 2.32e-02h  5
 112 -1.5935161e-02 2.31e-01 3.37e+07  -6.0 9.54e+01    -  3.99e-01 2.29e-02h  5
 113 -1.5880152e-02 2.35e-01 3.16e+07  -6.0 1.17e+02    -  4.38e-01 2.01e-02h  5
 114 -1.5873433e-02 2.36e-01 2.77e+07  -6.0 1.58e+02    -  5.07e-01 1.70e-02h  5
 115 -1.5923636e-02 2.41e-01 2.31e+07  -6.0 2.47e+02    -  5.60e-01 2.70e-02h  4
 116 -1.6008140e-02 2.42e-01 2.03e+07  -6.0 3.85e+02    -  2.93e-01 2.41e-02h  4
 117 -1.6035169e-02 2.40e-01 1.29e+07  -6.0 2.78e+02    -  6.29e-01 2.06e-02h  5
 118 -1.5971206e-02 2.38e-01 1.20e+07  -6.0 3.88e+02    -  8.22e-02 1.57e-02h  6
 119 -1.5943784e-02 2.38e-01 1.14e+07  -6.0 5.30e+03    -  2.42e-02 5.78e-04h  9
iter    objective    inf_pr   inf_du lg(mu)  ||d||  lg(rg) alpha_du alpha_pr  ls
 120 -1.6060876e-02 2.40e-01 1.62e+07  -6.0 9.76e+01  -4.2 7.15e-01 2.74e-02h  4
 121 -1.8074057e-02 5.66e+00 1.11e+07  -6.0 1.06e+02  -4.6 1.55e-01 6.02e-01w  1
 122 -1.8986060e-02 5.51e+00 1.20e+07  -6.0 6.85e+01  -5.1 1.19e-03 2.66e-02w  1
 123 -1.9146736e-02 5.49e+00 8.09e+06  -6.0 1.60e+02  -5.6 2.85e-01 4.32e-03w  1
 124 -1.6186700e-02 2.35e-01 1.44e+07  -6.0 5.79e+02  -6.1 1.55e-01 3.76e-02h  4
 125 -1.6238732e-02 2.32e-01 4.34e+06  -6.0 1.14e+02  -5.6 6.28e-01 2.13e-02h  6
 126 -1.6498797e-02 2.33e-01 2.94e+06  -6.0 1.08e+02  -5.2 2.39e-01 3.91e-02h  5
 127 -1.7063638e-02 2.47e-01 7.46e+05  -6.0 9.87e+01  -4.8 7.21e-01 5.29e-02h  4
 128 -1.8649740e-02 2.96e-01 3.01e+06  -6.0 8.86e+01  -4.4 8.35e-01 1.11e-01h  2
 129 -2.3889249e-02 3.03e-01 3.38e+06  -6.0 8.85e+01  -4.8 1.45e-01 2.43e-01H  1
iter    objective    inf_pr   inf_du lg(mu)  ||d||  lg(rg) alpha_du alpha_pr  ls
 130 -2.7692482e-02 3.75e-01 3.17e+06  -6.0 7.07e+01  -4.4 8.44e-01 2.01e-01h  1
 131 -3.3243949e-02 2.39e-01 4.00e+06  -6.0 1.09e+02  -4.9 8.05e-02 2.62e-01H  1
 132 -4.2175622e-02 1.18e+00 2.52e+06  -6.0 5.46e+01  -4.5 7.83e-03 6.00e-01h  1
 133 -4.2766937e-02 1.06e+00 7.23e+05  -6.0 1.24e+02  -4.9 2.26e-01 8.58e-02h  1
 134 -4.3083281e-02 6.99e-01 8.87e+05  -6.0 1.51e+02  -5.4 1.77e-02 5.51e-02h  1
 135 -4.4046079e-02 5.69e-01 3.60e+06  -6.0 1.54e+02  -5.0 2.36e-02 1.69e-01f  1
 136 -4.4376566e-02 6.35e-01 3.65e+06  -6.0 6.34e+02  -5.5 1.25e-01 2.89e-02h  1
 137 -4.4559829e-02 2.67e+00 9.80e+05  -6.0 3.28e+02  -5.9 2.23e-01 5.11e-02h  1
 138 -4.5082608e-02 5.10e+00 2.15e+06  -6.0 3.13e+02  -6.4 1.06e-01 2.33e-01h  1
 139 -4.5128936e-02 4.51e+00 2.80e+06  -6.0 4.28e+02  -6.9 3.52e-02 1.29e-01h  2
iter    objective    inf_pr   inf_du lg(mu)  ||d||  lg(rg) alpha_du alpha_pr  ls
 140 -4.5688782e-02 3.66e+00 1.84e+06  -6.0 1.01e+03  -7.4 1.25e-02 3.41e-01h  1
 141 -4.5699551e-02 3.31e+00 1.68e+06  -6.0 4.25e+02  -7.0 9.34e-02 9.06e-02h  1
 142 -4.5491249e-02 3.24e+00 2.05e+06  -6.0 1.23e+03  -7.4 1.87e-01 2.39e-02h  1
 143 -4.5376773e-02 3.20e+00 2.16e+06  -6.0 6.60e+02  -7.0 3.19e-02 1.25e-02h  3
 144 -4.5336729e-02 3.18e+00 2.16e+06  -6.0 8.65e+02  -7.5 8.76e-03 4.76e-03h  4
 145 -4.5332022e-02 3.18e+00 2.18e+06  -6.0 6.29e+02  -7.1 4.88e-03 5.24e-04h  7
 146 -4.5327238e-02 3.18e+00 2.18e+06  -6.0 6.72e+02  -7.5 6.96e-04 1.03e-03h  6
 147 -4.5326005e-02 3.18e+00 2.18e+06  -6.0 4.14e+02  -7.1 9.82e-04 4.99e-04h  7
 148 -4.5207377e-02 3.08e+00 2.11e+06  -6.0 6.43e+02  -7.6 7.30e-02 3.15e-02h  1
 149 -4.3290371e-02 2.10e+00 2.08e+07  -6.0 4.17e+02  -7.2 2.60e-03 5.27e-01h  1
iter    objective    inf_pr   inf_du lg(mu)  ||d||  lg(rg) alpha_du alpha_pr  ls
 150 -4.3290439e-02 2.10e+00 2.08e+07  -6.0 2.76e-01   2.7 1.11e-04 3.07e-04h  1
 151 -4.3290987e-02 2.10e+00 2.08e+07  -6.0 2.80e-01   2.2 3.08e-04 1.37e-03h  1
 152 -4.3291358e-02 2.10e+00 2.08e+07  -6.0 3.23e-01   1.7 7.20e-04 4.46e-04h  1
 153 -4.3291637e-02 2.10e+00 2.08e+07  -6.0 4.21e-01   1.3 2.41e-06 8.46e-04h  1
 154 -4.3291677e-02 2.10e+00 2.08e+07  -6.0 3.57e-01   2.6 3.15e-03 1.13e-04h  1
 155 -4.3291950e-02 2.10e+00 2.08e+07  -6.0 4.22e-01   2.1 3.92e-04 8.66e-04h  1
 156 -4.3292131e-02 2.09e+00 2.07e+07  -6.0 4.25e-01   2.5 4.45e-03 5.92e-04h  1
 157 -4.3292369e-02 2.09e+00 2.07e+07  -6.0 4.29e-01   2.1 1.32e-03 7.77e-04h  1
 158 -4.3292700e-02 2.09e+00 2.07e+07  -6.0 4.35e-01   1.6 5.90e-03 1.90e-03h  1
 159 -4.3293317e-02 2.08e+00 2.06e+07  -6.0 4.64e-01   1.1 9.68e-03 2.43e-03h  1
iter    objective    inf_pr   inf_du lg(mu)  ||d||  lg(rg) alpha_du alpha_pr  ls
 160 -4.3295340e-02 2.07e+00 2.05e+07  -6.0 4.97e-01   0.6 1.75e-02 7.08e-03h  1
 161 -4.3332742e-02 1.82e+00 1.80e+07  -6.0 5.23e-01   0.1 2.88e-02 1.20e-01h  1
 162 -4.3337648e-02 1.78e+00 1.77e+07  -6.0 1.03e+00  -0.3 5.34e-03 1.96e-02h  1
 163 -4.3363484e-02 1.43e+00 1.41e+07  -6.0 4.91e-01  -0.8 2.67e-01 2.01e-01h  1
 164 -4.3403836e-02 4.62e-01 4.58e+06  -6.0 5.16e-01  -1.3 2.56e-01 6.76e-01h  1
 165 -4.3412889e-02 7.80e-04 9.85e+04  -6.0 1.88e-01  -1.8 8.22e-04 1.00e+00h  1
 166 -4.3417610e-02 3.01e-07 5.78e+03  -6.0 9.34e-03  -2.2 9.41e-01 1.00e+00h  1
 167 -4.3432527e-02 2.80e-06 3.75e+02  -6.0 2.92e-02  -2.7 9.35e-01 1.00e+00h  1
 168 -4.3561945e-02 9.06e-04 1.77e+02  -6.0 6.50e-01  -3.2 4.97e-01 1.00e+00h  1
 169 -4.3577911e-02 9.58e-06 2.08e+01  -6.0 3.03e-02  -2.8 8.94e-01 1.00e+00h  1
iter    objective    inf_pr   inf_du lg(mu)  ||d||  lg(rg) alpha_du alpha_pr  ls
 170 -4.3631893e-02 5.34e-05 1.15e+01  -6.0 4.54e-01  -3.2 6.20e-01 1.36e-01h  1
 171 -4.3811288e-02 3.00e-04 3.23e+00  -6.0 2.95e-01  -3.7 7.71e-01 1.00e+00f  1
 172 -4.4290195e-02 2.21e-03 1.39e+00  -6.0 1.07e+00  -4.2 5.92e-01 5.14e-01h  1
 173 -4.4801551e-02 4.33e-03 1.20e+00  -6.0 1.99e+00  -4.7 2.14e-01 2.79e-01f  1
 174 -4.5092559e-02 4.81e-03 8.45e+00  -6.0 6.79e+00  -5.2 5.33e-01 6.92e-02f  1
 175 -4.5877387e-02 1.81e-02 6.65e+00  -6.0 1.79e+01  -5.6 3.08e-01 1.88e-01h  1
 176 -4.6679396e-02 3.26e-02 8.33e+00  -6.0 4.34e+01  -6.1 4.03e-01 1.10e-01h  1
 177 -4.7205909e-02 4.42e-02 1.66e+01  -6.0 9.02e+01  -6.6 6.96e-01 6.20e-02h  1
 178 -5.4039677e-02 2.10e+00 4.46e+01  -6.0 2.07e+02  -7.1 3.70e-01 4.53e-01h  1
 179 -5.8910024e-02 2.85e+00 4.96e+01  -6.0 5.93e+02  -7.5 1.84e-01 1.43e-01h  1
iter    objective    inf_pr   inf_du lg(mu)  ||d||  lg(rg) alpha_du alpha_pr  ls
 180 -6.0471488e-02 2.78e+00 5.06e+01  -6.0 9.06e+02  -8.0 1.09e-02 4.49e-02h  1
 181 -6.1160220e-02 2.77e+00 4.94e+01  -6.0 3.54e+02  -7.6 4.48e-02 3.01e-02h  1
 182 -6.1825906e-02 2.65e+00 4.64e+01  -6.0 1.47e+02  -7.2 1.98e-01 6.72e-02h  1
 183 -6.2967192e-02 2.65e+00 4.51e+01  -6.0 3.91e+02  -7.6 1.77e-01 4.63e-02h  1
 184 -6.5197149e-02 2.82e+00 4.75e+01  -6.0 1.54e+03  -8.1 7.53e-02 3.54e-02h  1
 185 -6.5303865e-02 2.81e+00 9.49e+01  -6.0 1.68e+03  -8.6 3.52e-02 1.89e-03h  1
 186 -6.8702452e-02 3.25e+00 1.07e+02  -6.0 6.89e+04  -9.1 2.13e-03 1.85e-03h  1
 187 -6.8990435e-02 3.24e+00 1.89e+02  -6.0 2.59e+03  -8.6 4.60e-02 3.90e-03h  1
 188 -7.0890353e-02 3.30e+00 4.37e+02  -6.0 1.38e+04  -9.1 6.19e-02 8.32e-03h  1
 189 -7.3460624e-02 7.88e+00 5.94e+02  -6.0 5.63e+04  -9.6 3.62e-02 1.35e-02h  1
iter    objective    inf_pr   inf_du lg(mu)  ||d||  lg(rg) alpha_du alpha_pr  ls
 190 -7.4534019e-02 7.72e+00 1.91e+03  -6.0 6.26e+03 -10.1 1.55e-01 2.01e-02h  1
 191 -7.8140190e-02 6.88e+00 2.64e+03  -6.0 2.13e+03  -9.7 2.59e-01 1.09e-01h  1
 192 -8.1716703e-02 1.43e+01 2.11e+03  -6.0 1.10e+04 -10.1 2.77e-02 6.94e-02h  1
 193 -8.6476359e-02 1.53e+01 1.59e+03  -6.0 2.37e+03  -9.7 1.32e-01 1.81e-01h  1
 194 -8.7594797e-02 1.48e+01 1.39e+03  -6.0 4.77e+03 -10.2 1.87e-01 3.98e-02h  1
 195 -9.0799849e-02 1.39e+01 4.59e+03  -6.0 7.35e+03 -10.7 4.32e-02 1.08e-01h  1
 196 -9.5109489e-02 1.23e+01 3.93e+03  -6.0 6.98e+03 -10.2 1.67e-03 1.12e-01h  1
 197 -9.6327390e-02 1.21e+01 3.85e+03  -6.0 1.35e+04 -10.7 2.26e-02 1.96e-02h  1
 198 -9.8361262e-02 1.10e+01 3.47e+03  -6.0 1.11e+03  -8.5 6.21e-02 9.28e-02h  1
 199 -1.0067611e-01 9.02e+00 2.02e+04  -6.0 1.25e+03  -7.1 1.09e-02 1.82e-01h  1
iter    objective    inf_pr   inf_du lg(mu)  ||d||  lg(rg) alpha_du alpha_pr  ls
 200 -1.0155368e-01 6.60e+00 2.40e+04  -6.0 4.77e+02  -6.7 5.75e-03 2.68e-01h  1
 201 -1.0128025e-01 5.76e+00 2.03e+04  -6.0 6.74e+02  -6.3 2.84e-01 1.27e-01h  1
 202 -1.0215360e-01 3.57e+00 1.26e+04  -6.0 6.48e+01  -6.8 5.20e-01 3.81e-01h  1
 203 -1.0272120e-01 1.90e+00 6.71e+03  -6.0 1.22e+02  -6.3 1.64e-01 4.67e-01h  1
 204 -1.0402337e-01 1.65e+00 5.81e+03  -6.0 2.11e+02  -6.8 1.48e-02 1.34e-01h  1
 205 -1.0419257e-01 1.59e+00 5.63e+03  -6.0 2.70e+02  -7.3 4.00e-02 3.13e-02h  1
 206 -1.0424382e-01 1.58e+00 5.59e+03  -6.0 2.88e+02  -6.9 1.94e-01 5.93e-03h  1
 207 -1.0468616e-01 1.39e+00 4.91e+03  -6.0 2.91e+02  -7.4 2.52e-01 1.23e-01h  1
 208 -1.0493896e-01 1.01e+00 3.55e+03  -6.0 3.65e+02  -6.0 7.26e-01 2.75e-01h  1
 209 -1.0433292e-01 4.04e+00 3.08e+02  -6.0 4.72e+02  -6.5 7.82e-01 1.00e+00h  1
iter    objective    inf_pr   inf_du lg(mu)  ||d||  lg(rg) alpha_du alpha_pr  ls
 210 -1.0485046e-01 2.84e+00 1.98e+02  -6.0 3.37e+02  -7.0 3.72e-01 3.64e-01h  1
 211 -1.0624556e-01 8.57e-01 9.79e+01  -6.0 8.15e+01  -7.5 4.83e-01 1.00e+00h  1
 212 -1.0608467e-01 1.37e-01 2.77e+01  -6.0 1.91e+00  -5.2 1.00e+00 8.40e-01h  1
 213 -1.0608725e-01 1.22e-01 3.37e+01  -6.0 1.69e+00  -5.7 1.00e+00 1.12e-01h  1
 214 -1.0617095e-01 2.03e-02 5.08e+00  -6.0 6.23e+00  -6.2 1.00e+00 8.38e-01f  1
 215 -1.0636564e-01 5.92e-03 3.41e-01  -6.0 1.36e+01  -6.7 1.00e+00 1.00e+00h  1
 216 -1.0688600e-01 2.50e-01 2.32e+00  -6.0 3.50e+01  -7.1 1.00e+00 1.00e+00h  1
 217 -1.0810530e-01 5.40e-01 8.88e+00  -6.0 9.33e+01  -7.6 1.00e+00 1.00e+00h  1
 218 -1.0959042e-01 6.26e-01 1.17e+01  -6.0 2.39e+02  -8.1 7.96e-01 6.00e-01h  1
 219 -1.1017409e-01 4.52e-01 1.10e+01  -6.0 5.09e+02  -8.6 6.44e-02 1.17e-01h  1
iter    objective    inf_pr   inf_du lg(mu)  ||d||  lg(rg) alpha_du alpha_pr  ls
 220 -1.1349494e-01 2.88e+00 1.22e+02  -6.0 8.64e+02  -9.0 2.08e-01 4.40e-01h  1
 221 -1.1413044e-01 2.82e+00 1.88e+02  -6.0 3.62e+03  -9.5 9.54e-03 2.68e-02h  1
 222 -1.1414976e-01 2.80e+00 1.80e+02  -6.0 5.56e+02  -8.2 1.77e-02 7.65e-03h  1
 223 -1.1448226e-01 2.53e+00 2.41e+02  -6.0 4.06e+02  -8.7 1.90e-02 1.09e-01h  1
 224 -1.1462223e-01 2.48e+00 1.52e+02  -6.0 8.56e+02  -9.1 1.39e-01 2.05e-02h  1
 225 -1.1582902e-01 2.32e+00 7.61e+02  -6.0 2.58e+03  -9.6 3.94e-01 8.30e-02h  1
 226 -1.1862567e-01 3.37e+00 1.02e+03  -6.0 3.58e+03 -10.1 3.43e-01 2.31e-01h  1
 227 -1.1959154e-01 3.05e+00 2.77e+04  -6.0 1.93e+03  -9.7 1.12e-02 1.38e-01h  1
 228 -1.2053516e-01 2.10e+00 1.68e+04  -6.0 6.36e+02  -9.2 2.39e-01 3.88e-01h  1
 229 -1.2176474e-01 2.52e+00 1.15e+04  -6.0 1.49e+03  -9.7 5.37e-01 3.16e-01h  1
iter    objective    inf_pr   inf_du lg(mu)  ||d||  lg(rg) alpha_du alpha_pr  ls
 230 -1.2226317e-01 2.01e+00 8.68e+03  -6.0 6.21e+02  -9.3 1.38e-01 2.42e-01h  1
Error in an AMPL evaluation. Run with "halt_on_ampl_error yes" to see details.
Warning: Cutting back alpha due to evaluation error
 231 -1.2226266e-01 2.01e+00 8.67e+03  -6.0 7.18e+01  -5.3 4.93e-03 1.45e-03h  2
 232 -1.2227317e-01 1.83e+00 7.89e+03  -6.0 2.54e+01  -4.8 3.78e-03 8.94e-02h  1
 233 -1.2227512e-01 1.80e+00 7.78e+03  -6.0 1.62e+01  -5.3 1.40e-01 1.36e-02h  1
 234 -1.2235202e-01 9.19e-02 4.00e+01  -6.0 9.47e+00  -5.8 3.56e-01 1.00e+00h  1
 235 -1.2241778e-01 8.35e-02 2.91e+01  -6.0 1.20e+01  -6.3 6.15e-01 3.66e-01h  1
 236 -1.2284455e-01 1.16e+00 1.15e+01  -6.0 3.26e+01  -6.7 5.07e-01 9.00e-01f  1
 237 -1.2364265e-01 8.63e+00 1.22e+02  -6.0 6.56e+01  -7.2 3.26e-01 9.63e-01h  1
 238 -1.2366945e-01 4.31e+00 7.43e+01  -6.0 8.52e+01  -7.7 1.59e-01 4.91e-01H  1
 239 -1.2420377e-01 8.08e+00 1.59e+02  -6.0 2.02e+02  -8.2 1.81e-01 2.30e-01h  1
iter    objective    inf_pr   inf_du lg(mu)  ||d||  lg(rg) alpha_du alpha_pr  ls
 240 -1.2473024e-01 7.37e+00 1.56e+02  -6.0 5.23e+02  -8.6 2.13e-03 1.25e-01h  1
 241 -1.2497909e-01 7.24e+00 1.51e+02  -6.0 1.88e+03  -9.1 4.57e-02 1.86e-02h  1
 242 -1.2556966e-01 6.92e+00 1.45e+04  -6.0 3.12e+03  -9.6 3.52e-01 4.89e-02h  1
 243 -1.2844057e-01 6.28e+00 5.48e+03  -6.0 3.94e+03 -10.1 2.08e-01 3.26e-01h  1
 244 -1.2955777e-01 7.57e+00 1.41e+03  -6.0 4.36e+02  -8.7 4.57e-01 5.18e-01h  1
 245 -1.2975721e-01 6.52e+00 5.01e+06  -6.0 6.40e+02  -8.3 1.78e-03 1.67e-01h  1
 246 -1.3017658e-01 8.42e+01 4.73e+06  -6.0 4.70e+04    -  1.36e-04 5.58e-02h  1
 247 -1.3003862e-01 8.30e+01 4.66e+06  -6.0 2.08e+04  -8.8 1.34e-03 1.49e-02h  3
 248 -1.3005294e-01 8.24e+01 4.62e+06  -6.0 2.65e+01  -4.8 1.67e-02 6.59e-03h  1
 249 -1.3002734e-01 8.01e+01 4.50e+06  -6.0 1.15e+01  -5.2 9.00e-02 2.79e-02h  1
iter    objective    inf_pr   inf_du lg(mu)  ||d||  lg(rg) alpha_du alpha_pr  ls
 250 -1.3004607e-01 7.56e+01 4.24e+06  -6.0 2.16e+01  -5.7 5.54e-03 5.58e-02h  1
 251 -1.2990521e-01 1.02e+01 5.71e+05  -6.0 3.83e+01  -6.2 2.75e-01 8.65e-01h  1
 252 -1.2997646e-01 5.81e+00 3.24e+05  -6.0 3.64e+01  -6.7 4.51e-04 4.32e-01h  1
 253 -1.2984208e-01 5.81e+00 3.24e+05  -6.0 1.81e+04  -7.1 2.49e-08 5.13e-04h  1
 254 -1.2981287e-01 5.23e+00 2.92e+05  -6.0 2.83e+02  -7.6 1.09e-01 9.93e-02h  1
 255 -1.2986933e-01 4.26e+00 2.38e+05  -6.0 1.85e+01  -7.2 3.09e-03 1.87e-01h  1
 256 -1.3019822e-01 2.48e+00 1.38e+05  -6.0 1.09e+02  -7.7 2.58e-02 4.18e-01h  1
 257 -1.3030179e-01 2.03e+00 1.13e+05  -6.0 6.56e+02  -8.2 1.53e-02 1.84e-01f  1
 258 -1.3049406e-01 1.69e+00 9.39e+04  -6.0 1.47e+02  -7.7 4.07e-04 1.67e-01f  1
 259 -1.3074174e-01 1.32e+00 7.34e+04  -6.0 3.10e+02  -8.2 2.68e-02 2.18e-01h  1
iter    objective    inf_pr   inf_du lg(mu)  ||d||  lg(rg) alpha_du alpha_pr  ls
 260 -1.3070592e-01 1.19e+00 6.62e+04  -6.0 3.02e+02  -7.8 9.78e-02 9.89e-02f  1
 261 -1.3088240e-01 1.75e-01 3.31e+02  -6.0 5.12e+01  -7.4 4.54e-03 1.00e+00h  1
 262 -1.3127329e-01 2.44e-01 4.39e+01  -6.0 9.95e+01  -7.8 6.29e-01 1.00e+00h  1
 263 -1.3133742e-01 2.17e-01 3.94e+01  -6.0 8.29e+01  -7.4 1.48e-01 1.15e-01h  1
 264 -1.3141604e-01 2.04e-01 3.81e+01  -6.0 5.61e+02  -7.9 2.34e-01 6.87e-02h  1
 265 -1.3151650e-01 1.60e-01 2.89e+01  -6.0 1.09e+02  -7.5 1.89e-01 2.35e-01h  1
 266 -1.3159555e-01 1.45e-01 2.17e+01  -6.0 1.23e+02  -7.9 4.83e-01 2.36e-01h  1
 267 -1.3190518e-01 3.56e-01 1.61e+01  -6.0 2.76e+02  -8.4 1.44e-01 3.52e-01h  1
 268 -1.3223924e-01 2.34e-01 8.70e+01  -6.0 4.26e+02  -8.9 1.56e-01 3.58e-01h  1
 269 -1.3250790e-01 3.10e-01 3.87e+01  -6.0 1.96e+03  -9.4 1.13e-01 6.79e-02h  1
iter    objective    inf_pr   inf_du lg(mu)  ||d||  lg(rg) alpha_du alpha_pr  ls
 270 -1.3347194e-01 1.04e+00 1.19e+02  -6.0 6.36e+02  -8.9 9.44e-01 7.31e-01h  1
 271 -1.3418362e-01 6.03e-01 1.50e+02  -6.0 7.63e+02  -8.5 3.31e-01 5.87e-01h  1
 272 -1.3423270e-01 5.20e-01 1.09e+03  -6.0 5.05e+02  -9.0 6.21e-01 1.19e-01h  1
 273 -1.3422020e-01 4.88e-01 8.80e+02  -6.0 2.00e+02  -7.7 8.29e-02 5.83e-02h  1
 274 -1.3502855e-01 8.75e+00 8.23e+02  -6.0 1.51e+04    -  6.99e-02 6.85e-02h  1
 275 -1.3506209e-01 8.82e+00 8.83e+02  -6.0 1.22e+04    -  4.59e-02 1.73e-02h  1
 276 -1.3552501e-01 4.15e+01 8.96e+02  -6.0 9.75e+03    -  2.39e-01 1.75e-01h  1
 277 -1.3552472e-01 4.12e+01 5.10e+03  -6.0 3.84e+02  -8.1 2.20e-01 6.53e-03h  1
 278 -1.3576459e-01 3.96e+01 5.22e+03  -6.0 6.02e+03    -  2.71e-05 9.21e-02h  1
 279 -1.3577096e-01 3.91e+01 1.18e+03  -6.0 2.85e+02  -8.6 4.87e-02 1.22e-02h  1
iter    objective    inf_pr   inf_du lg(mu)  ||d||  lg(rg) alpha_du alpha_pr  ls
 280 -1.3592013e-01 2.26e+01 6.36e+03  -6.0 2.77e+02  -9.1 1.16e-02 4.24e-01h  1
 281 -1.3599380e-01 1.85e+01 5.22e+03  -6.0 4.84e+02  -9.6 2.50e-01 1.79e-01h  1
Error in an AMPL evaluation. Run with "halt_on_ampl_error yes" to see details.
Warning: Cutting back alpha due to evaluation error
 282 -1.3599324e-01 1.84e+01 5.20e+03  -6.0 5.69e+01  -5.5 4.47e-03 4.09e-03h  2
Error in an AMPL evaluation. Run with "halt_on_ampl_error yes" to see details.
Warning: Cutting back alpha due to evaluation error
 283 -1.3599284e-01 1.84e+01 5.19e+03  -6.0 2.60e+01  -5.1 8.36e-03 2.29e-03h  2
Error in an AMPL evaluation. Run with "halt_on_ampl_error yes" to see details.
Warning: Cutting back alpha due to evaluation error
 284 -1.3599248e-01 1.84e+01 5.18e+03  -6.0 1.15e+01  -5.6 1.03e-02 2.52e-03h  2
Error in an AMPL evaluation. Run with "halt_on_ampl_error yes" to see details.
Warning: Cutting back alpha due to evaluation error
 285 -1.3599308e-01 1.81e+01 5.12e+03  -6.0 4.99e+01  -6.1 3.89e-02 1.16e-02h  2
 286 -1.3600216e-01 1.54e+01 4.35e+03  -6.0 6.38e+01  -6.5 4.74e-02 1.49e-01h  1
Error in an AMPL evaluation. Run with "halt_on_ampl_error yes" to see details.
Warning: Cutting back alpha due to evaluation error
 287 -1.3600683e-01 1.42e+01 4.00e+03  -6.0 6.21e+01  -7.0 4.83e-02 8.04e-02h  2
Error in an AMPL evaluation. Run with "halt_on_ampl_error yes" to see details.
Warning: Cutting back alpha due to evaluation error
 288 -1.3600665e-01 1.42e+01 4.00e+03  -6.0 1.35e+02  -4.8 1.54e-03 3.58e-04h  2
Error in an AMPL evaluation. Run with "halt_on_ampl_error yes" to see details.
Warning: Cutting back alpha due to evaluation error
 289 -1.3600663e-01 1.42e+01 4.00e+03  -6.0 9.41e+00  -5.3 1.16e-02 1.14e-03h  2
iter    objective    inf_pr   inf_du lg(mu)  ||d||  lg(rg) alpha_du alpha_pr  ls
 290 -1.3600723e-01 1.40e+01 3.96e+03  -6.0 5.35e+01  -5.7 4.97e-01 9.15e-03h  1
 291 -1.3602381e-01 8.46e+00 2.39e+03  -6.0 5.64e+01  -6.2 5.43e-01 3.98e-01h  1
 292 -1.3600695e-01 6.05e+00 1.71e+03  -6.0 9.09e+01  -6.7 4.01e-02 2.85e-01h  1
 293 -1.3600311e-01 3.96e+00 1.12e+03  -6.0 3.32e+01  -7.2 7.84e-01 3.45e-01h  1
Error in an AMPL evaluation. Run with "halt_on_ampl_error yes" to see details.
Warning: Cutting back alpha due to evaluation error
 294 -1.3600334e-01 3.96e+00 1.12e+03  -6.0 1.82e+02  -7.6 1.59e-03 8.74e-04h  2
 295 -1.3600371e-01 3.95e+00 1.11e+03  -6.0 1.68e+02  -8.1 2.29e-03 1.10e-03h  1
Error in an AMPL evaluation. Run with "halt_on_ampl_error yes" to see details.
Warning: Cutting back alpha due to evaluation error
 296 -1.3600399e-01 3.95e+00 1.11e+03  -6.0 4.74e+02  -8.6 2.67e-03 3.88e-04h  2
Error in an AMPL evaluation. Run with "halt_on_ampl_error yes" to see details.
Warning: Cutting back alpha due to evaluation error
 297 -1.3600429e-01 3.95e+00 1.11e+03  -6.0 4.89e+03  -9.1 4.78e-03 3.24e-04h  2
Error in an AMPL evaluation. Run with "halt_on_ampl_error yes" to see details.
Warning: Cutting back alpha due to evaluation error
 298 -1.3600057e-01 3.95e+00 3.69e+03  -6.0 3.58e+04  -9.5 5.06e-02 2.19e-04h  2
Error in an AMPL evaluation. Run with "halt_on_ampl_error yes" to see details.
Warning: Cutting back alpha due to evaluation error
 299 -1.3599299e-01 3.95e+00 3.68e+03  -6.0 9.14e+04  -9.1 9.96e-05 1.44e-04h  2
iter    objective    inf_pr   inf_du lg(mu)  ||d||  lg(rg) alpha_du alpha_pr  ls
 300r-1.3599299e-01 3.95e+00 1.00e+03   0.3 0.00e+00  -9.6 0.00e+00 3.30e-07R  8
 301r-1.3600657e-01 3.94e+00 4.11e+04   0.3 3.83e+04    -  7.46e-07 1.32e-06f  1
 302 -1.3600658e-01 3.94e+00 3.53e+04  -6.0 1.63e+02    -  2.22e-02 2.97e-05h  1
 303 -1.3600667e-01 3.94e+00 3.80e+04  -6.0 3.59e+02    -  9.38e-03 2.13e-04h  1
 304 -1.3600666e-01 3.94e+00 5.68e+05  -6.0 2.08e+02    -  3.70e-02 1.31e-04h  1
Error in an AMPL evaluation. Run with "halt_on_ampl_error yes" to see details.
Warning: Cutting back alpha due to evaluation error
 305 -1.3600596e-01 3.94e+00 6.99e+05  -6.0 3.06e+04    -  1.24e-04 6.89e-05h  2
Error in an AMPL evaluation. Run with "halt_on_ampl_error yes" to see details.
Warning: Cutting back alpha due to evaluation error
 306 -1.3600514e-01 3.94e+00 2.14e+06  -6.0 4.72e+04    -  4.32e-04 4.98e-05h  2
 307r-1.3600514e-01 3.94e+00 1.00e+03   0.3 0.00e+00    -  0.00e+00 4.00e-07R  9
 308r-1.3598669e-01 3.94e+00 7.20e+03   0.3 9.71e+03    -  4.69e-07 1.83e-07f  1
 309r-1.3598669e-01 3.94e+00 9.99e+02   0.3 0.00e+00    -  0.00e+00 3.57e-07R  5
iter    objective    inf_pr   inf_du lg(mu)  ||d||  lg(rg) alpha_du alpha_pr  ls
 310r-1.3598548e-01 3.94e+00 7.82e+03   0.3 2.63e+04    -  4.09e-07 1.37e-08f  1
 311 -1.3598548e-01 3.94e+00 1.17e+06  -6.0 1.31e+02    -  3.17e-02 2.26e-05h  1
 312 -1.3598549e-01 3.94e+00 1.21e+06  -6.0 4.09e+02    -  2.42e-05 2.50e-05h  1
 313r-1.3598549e-01 3.94e+00 9.99e+02   0.3 0.00e+00    -  0.00e+00 3.68e-07R  5
 314r-1.3598447e-01 3.94e+00 1.03e+04   0.3 2.19e+04    -  1.20e-06 1.55e-08f  1
 315r-1.3598447e-01 3.94e+00 9.99e+02   0.3 0.00e+00    -  0.00e+00 3.90e-07R  5
 316r-1.3598364e-01 3.94e+00 7.52e+03   0.3 2.47e+04    -  4.00e-07 1.32e-08f  1
 317 -1.3598364e-01 3.94e+00 1.10e+06  -6.0 1.37e+02    -  3.08e-02 2.19e-05h  1
 318 -1.3598365e-01 3.94e+00 9.94e+05  -6.0 4.20e+02    -  2.36e-05 2.14e-05h  1
 319 -1.3598365e-01 3.94e+00 2.36e+06  -6.0 6.46e+02    -  3.95e-02 1.80e-05h  1
iter    objective    inf_pr   inf_du lg(mu)  ||d||  lg(rg) alpha_du alpha_pr  ls
 320r-1.3598365e-01 3.94e+00 1.00e+03   0.3 0.00e+00    -  0.00e+00 2.61e-07R  8
 321r-1.3597680e-01 3.94e+00 1.28e+04   0.3 1.93e+04    -  1.13e-06 1.10e-07f  1
 322r-1.3597680e-01 3.94e+00 9.99e+02   0.3 0.00e+00    -  0.00e+00 1.49e-07R  2
 323r-1.3597617e-01 3.94e+00 1.08e+04   0.3 2.21e+04    -  3.69e-07 1.32e-08f  1
 324 -1.3597618e-01 3.94e+00 1.47e+06  -6.0 1.42e+02    -  2.88e-02 2.02e-05h  1
 325 -1.3597618e-01 3.94e+00 8.77e+05  -6.0 6.42e+02    -  2.17e-05 1.30e-05h  1
 326 -1.3597618e-01 3.94e+00 2.13e+06  -6.0 2.77e+03    -  5.19e-03 1.65e-06h  2
 327 -1.3597475e-01 3.94e+00 2.40e+06  -6.0 1.00e+05    -  3.66e-05 2.14e-05h  3
 328r-1.3597475e-01 3.94e+00 1.00e+03   0.3 0.00e+00    -  0.00e+00 4.52e-07R  9
 329r-1.3597474e-01 3.94e+00 4.40e+03   0.3 2.05e+04    -  1.62e-06 1.31e-10f  1
iter    objective    inf_pr   inf_du lg(mu)  ||d||  lg(rg) alpha_du alpha_pr  ls
 330 -1.3597474e-01 3.94e+00 1.44e+06  -6.0 2.04e+02    -  3.31e-02 7.37e-07h  2
 331 -1.3597468e-01 3.94e+00 1.44e+06  -6.0 4.79e+04    -  2.39e-06 2.39e-06s  4
 332r-1.3597468e-01 3.94e+00 1.00e+03   0.3 0.00e+00    -  0.00e+00 0.00e+00R  1
 333r-1.3597348e-01 3.94e+00 1.33e+04   0.3 2.05e+04    -  1.62e-06 2.48e-08f  1
 334r-1.3597348e-01 3.94e+00 9.99e+02   0.3 0.00e+00    -  0.00e+00 4.10e-08R  2
 335r-1.3597298e-01 3.94e+00 1.74e+04   0.3 2.15e+04    -  4.53e-07 1.09e-08f  1
 336 -1.3597298e-01 3.94e+00 1.14e+06  -6.0 1.39e+02    -  2.62e-02 1.74e-05h  1
 337 -1.3597299e-01 3.94e+00 6.14e+05  -6.0 5.69e+02    -  1.92e-05 1.04e-05h  1
 338 -1.3597299e-01 3.94e+00 2.17e+06  -6.0 4.31e+03    -  2.71e-03 1.05e-06h  2
 339 -1.3596753e-01 3.94e+00 1.10e+06  -6.0 3.47e+04    -  3.10e-05 8.60e-05h  1
iter    objective    inf_pr   inf_du lg(mu)  ||d||  lg(rg) alpha_du alpha_pr  ls
 340 -1.3596679e-01 3.94e+00 6.43e+06  -6.0 2.91e+05    -  2.80e-04 6.67e-06h  4
 341r-1.3596679e-01 3.94e+00 1.00e+03   0.3 0.00e+00    -  0.00e+00 3.57e-07R  9
 342r-1.3595530e-01 3.94e+00 9.17e+03   0.3 2.03e+04    -  1.71e-06 3.03e-08f  1
 343r-1.3595530e-01 3.94e+00 9.99e+02   0.3 0.00e+00    -  0.00e+00 1.64e-07R  2
 344r-1.3595480e-01 3.94e+00 1.61e+04   0.3 2.09e+04    -  5.06e-07 1.10e-08f  1
 345 -1.3595481e-01 3.94e+00 1.08e+06  -6.0 1.13e+02    -  2.46e-02 1.66e-05h  1
 346 -1.3595481e-01 3.94e+00 5.81e+05  -6.0 2.73e+02    -  1.88e-05 1.01e-05h  1
 347 -1.3595481e-01 3.94e+00 1.46e+06  -6.0 4.10e+03    -  2.59e-03 1.27e-06h  2
 348r-1.3595481e-01 3.94e+00 1.00e+03   0.3 0.00e+00    -  0.00e+00 2.97e-07R  9
 349r-1.3595352e-01 3.94e+00 9.06e+03   0.3 1.99e+04    -  1.84e-06 2.92e-08f  1
iter    objective    inf_pr   inf_du lg(mu)  ||d||  lg(rg) alpha_du alpha_pr  ls
 350r-1.3595352e-01 3.94e+00 9.99e+02   0.3 0.00e+00    -  0.00e+00 3.56e-07R  3
 351r-1.3595305e-01 3.94e+00 1.85e+04   0.3 2.04e+04    -  5.58e-07 1.09e-08f  1
 352 -1.3595305e-01 3.94e+00 1.01e+06  -6.0 1.18e+02    -  2.33e-02 1.64e-05h  1
 353 -1.3595306e-01 3.94e+00 6.07e+05  -6.0 1.87e+03    -  1.83e-05 1.09e-05h  1
 354r-1.3595306e-01 3.94e+00 1.00e+03   0.3 0.00e+00    -  0.00e+00 1.78e-07R  2
 355r-1.3595259e-01 3.94e+00 1.99e+04   0.3 1.96e+04    -  1.96e-06 1.10e-08f  1
 356r-1.3595259e-01 3.94e+00 9.99e+02   0.3 0.00e+00    -  0.00e+00 4.67e-07R  3
 357r-1.3595212e-01 3.94e+00 9.10e+03   0.3 2.01e+04    -  6.09e-07 1.09e-08f  1
 358 -1.3595213e-01 3.94e+00 1.05e+06  -6.0 1.22e+02    -  2.41e-02 1.64e-05h  1
 359r-1.3595213e-01 3.94e+00 9.99e+02   0.3 0.00e+00    -  0.00e+00 2.62e-07R  6
iter    objective    inf_pr   inf_du lg(mu)  ||d||  lg(rg) alpha_du alpha_pr  ls
 360r-1.3593157e-01 3.93e+00 1.88e+04   0.3 1.93e+04    -  2.05e-06 4.85e-07f  1
 361 -1.3593157e-01 3.93e+00 9.82e+05  -6.0 3.04e+02    -  1.08e-02 1.73e-06h  3
 362 -1.3593158e-01 3.93e+00 3.79e+06  -6.0 1.33e+03    -  2.73e-06 1.05e-05h  1
 363r-1.3593158e-01 3.93e+00 9.99e+02   0.3 0.00e+00    -  0.00e+00 2.70e-07R  4
 364r-1.3593125e-01 3.93e+00 8.87e+03   0.3 1.69e+04    -  4.32e-06 9.86e-09f  1
 365r-1.3593125e-01 3.93e+00 9.99e+02   0.3 0.00e+00    -  0.00e+00 3.32e-07R  3
 366r-1.3593091e-01 3.93e+00 9.74e+03   0.3 1.69e+04    -  1.13e-06 1.00e-08f  1
 367 -1.3593091e-01 3.93e+00 1.12e+06  -6.0 1.81e+02    -  2.38e-02 1.49e-05h  1
 368r-1.3593091e-01 3.93e+00 9.99e+02   0.3 0.00e+00    -  0.00e+00 3.10e-07R  6
 369r-1.3592809e-01 3.93e+00 1.06e+04   0.3 1.68e+04    -  4.46e-06 8.33e-08f  1
iter    objective    inf_pr   inf_du lg(mu)  ||d||  lg(rg) alpha_du alpha_pr  ls
 370r-1.3592809e-01 3.93e+00 9.99e+02   0.3 0.00e+00    -  0.00e+00 1.18e-08R 10
 371r-1.3592775e-01 3.93e+00 9.79e+03   0.3 1.68e+04    -  1.26e-06 1.01e-08f  1
 372 -1.3592775e-01 3.93e+00 9.94e+05  -6.0 1.99e+02    -  2.09e-02 1.60e-05h  1
 373 -1.3592777e-01 3.93e+00 8.70e+05  -6.0 6.88e+02    -  1.81e-05 1.58e-05h  1
 374r-1.3592777e-01 3.93e+00 9.99e+02   0.3 0.00e+00    -  0.00e+00 4.56e-07R  4
 375r-1.3592743e-01 3.93e+00 8.47e+03   0.3 1.67e+04    -  5.00e-06 9.98e-09f  1
 376r-1.3592743e-01 3.93e+00 9.99e+02   0.3 0.00e+00    -  0.00e+00 4.10e-07R  3
 377r-1.3592709e-01 3.93e+00 9.70e+03   0.3 1.68e+04    -  1.28e-06 1.00e-08f  1
 378 -1.3592710e-01 3.93e+00 1.11e+06  -6.0 1.87e+02    -  2.35e-02 1.47e-05h  1
 379 -1.3592711e-01 3.93e+00 6.90e+05  -6.0 1.29e+03    -  1.68e-05 1.05e-05h  1
iter    objective    inf_pr   inf_du lg(mu)  ||d||  lg(rg) alpha_du alpha_pr  ls
 380r-1.3592711e-01 3.93e+00 9.99e+02   0.3 0.00e+00    -  0.00e+00 3.42e-07R  4
 381r-1.3592673e-01 3.93e+00 8.47e+03   0.3 1.67e+04    -  5.13e-06 1.11e-08f  1
 382r-1.3592673e-01 3.93e+00 9.99e+02   0.3 0.00e+00    -  0.00e+00 2.52e-07R  3
 383r-1.3592639e-01 3.93e+00 9.70e+03   0.3 1.67e+04    -  1.31e-06 1.00e-08f  1
 384 -1.3592640e-01 3.93e+00 1.12e+06  -6.0 1.81e+02    -  2.37e-02 1.45e-05h  1
 385r-1.3592640e-01 3.93e+00 9.99e+02   0.3 0.00e+00    -  0.00e+00 3.04e-07R  6
 386r-1.3592381e-01 3.93e+00 1.28e+04   0.3 1.66e+04    -  5.26e-06 7.73e-08f  1
 387 -1.3592381e-01 3.93e+00 6.66e+05  -6.0 3.29e+02    -  1.03e-02 7.30e-07h  4
 388r-1.3592381e-01 3.93e+00 9.99e+02   0.3 0.00e+00    -  0.00e+00 1.87e-08R 10
 389r-1.3591171e-01 3.93e+00 1.88e+04   0.3 1.66e+04    -  5.72e-06 3.60e-07f  1
iter    objective    inf_pr   inf_du lg(mu)  ||d||  lg(rg) alpha_du alpha_pr  ls
 390 -1.3591171e-01 3.93e+00 9.81e+05  -6.0 3.38e+02    -  1.04e-02 1.38e-06h  3
 391r-1.3591171e-01 3.93e+00 9.99e+02   0.3 0.00e+00    -  0.00e+00 2.68e-07R  6
 392r-1.3591028e-01 3.93e+00 1.37e+04   0.3 1.60e+04    -  8.65e-06 4.27e-08f  1
 393r-1.3591028e-01 3.93e+00 9.99e+02   0.3 0.00e+00    -  0.00e+00 9.80e-09R 10
 394r-1.3590996e-01 3.93e+00 9.99e+03   0.3 1.59e+04    -  1.86e-06 9.63e-09f  1
 395 -1.3590996e-01 3.93e+00 1.03e+06  -6.0 2.06e+02    -  2.10e-02 1.50e-05h  1
 396 -1.3590998e-01 3.93e+00 8.24e+05  -6.0 8.04e+02    -  1.70e-05 1.36e-05h  1
 397r-1.3590998e-01 3.93e+00 9.99e+02   0.3 0.00e+00    -  0.00e+00 4.02e-07R  4
 398r-1.3590965e-01 3.93e+00 1.04e+04   0.3 1.59e+04    -  9.19e-06 9.95e-09f  1
 399r-1.3590965e-01 3.93e+00 9.99e+02   0.3 0.00e+00    -  0.00e+00 2.79e-07R  3
iter    objective    inf_pr   inf_du lg(mu)  ||d||  lg(rg) alpha_du alpha_pr  ls
 400r-1.3590932e-01 3.93e+00 9.99e+03   0.3 1.59e+04    -  1.88e-06 9.63e-09f  1
 401 -1.3590933e-01 3.93e+00 1.12e+06  -6.0 2.01e+02    -  2.28e-02 1.37e-05h  1
 402r-1.3590933e-01 3.93e+00 9.99e+02   0.3 0.00e+00    -  0.00e+00 2.96e-07R  6
 403r-1.3590545e-01 3.93e+00 1.53e+04   0.3 1.59e+04    -  9.38e-06 1.17e-07f  1
 404 -1.3590545e-01 3.93e+00 7.93e+05  -6.0 3.85e+02    -  9.79e-03 1.33e-06h  3
 405r-1.3590545e-01 3.93e+00 9.99e+02   0.3 0.00e+00    -  0.00e+00 2.76e-07R  6
 406r-1.3590402e-01 3.93e+00 1.36e+04   0.3 1.57e+04    -  1.05e-05 4.28e-08f  1
 407r-1.3590402e-01 3.93e+00 9.99e+02   0.3 0.00e+00    -  0.00e+00 9.44e-09R 10
 408r-1.3590370e-01 3.93e+00 9.99e+03   0.3 1.56e+04    -  2.05e-06 9.60e-09f  1
 409 -1.3590370e-01 3.93e+00 1.02e+06  -6.0 2.14e+02    -  2.07e-02 1.47e-05h  1
iter    objective    inf_pr   inf_du lg(mu)  ||d||  lg(rg) alpha_du alpha_pr  ls
 410 -1.3590372e-01 3.93e+00 8.36e+05  -6.0 8.41e+02    -  1.67e-05 1.37e-05h  1
 411r-1.3590372e-01 3.93e+00 9.99e+02   0.3 0.00e+00    -  0.00e+00 3.87e-07R  4
 412r-1.3590339e-01 3.93e+00 1.38e+04   0.3 1.56e+04    -  1.06e-05 9.79e-09f  1
 413r-1.3590339e-01 3.93e+00 9.99e+02   0.3 0.00e+00    -  0.00e+00 4.48e-07R  2
 414r-1.3590307e-01 3.93e+00 9.99e+03   0.3 1.56e+04    -  2.06e-06 9.60e-09f  1
 415 -1.3590307e-01 3.93e+00 1.13e+06  -6.0 2.02e+02    -  2.29e-02 1.35e-05h  1
 416r-1.3590307e-01 3.93e+00 9.99e+02   0.3 0.00e+00    -  0.00e+00 2.88e-07R  6
 417r-1.3590074e-01 3.93e+00 1.36e+04   0.3 1.56e+04    -  1.06e-05 7.02e-08f  1
 418r-1.3590074e-01 3.93e+00 9.99e+02   0.3 0.00e+00    -  0.00e+00 2.02e-08R  9
 419r-1.3590041e-01 3.93e+00 1.00e+04   0.3 1.55e+04    -  2.15e-06 9.67e-09f  1
iter    objective    inf_pr   inf_du lg(mu)  ||d||  lg(rg) alpha_du alpha_pr  ls
 420 -1.3590042e-01 3.93e+00 1.02e+06  -6.0 2.18e+02    -  2.05e-02 1.48e-05h  1
 421 -1.3590043e-01 3.93e+00 8.77e+05  -6.0 7.91e+02    -  1.68e-05 1.44e-05h  1
 422r-1.3590043e-01 3.93e+00 9.99e+02   0.3 0.00e+00    -  0.00e+00 3.88e-07R  4
 423r-1.3590011e-01 3.93e+00 1.67e+04   0.3 1.55e+04    -  1.08e-05 9.77e-09f  1
 424r-1.3590011e-01 3.93e+00 9.99e+02   0.3 0.00e+00    -  0.00e+00 4.48e-07R  2
 425r-1.3589979e-01 3.93e+00 9.97e+03   0.3 1.54e+04    -  2.16e-06 9.60e-09f  1
 426 -1.3589979e-01 3.93e+00 1.13e+06  -6.0 2.05e+02    -  2.29e-02 1.35e-05h  1
 427r-1.3589979e-01 3.93e+00 9.99e+02   0.3 0.00e+00    -  0.00e+00 2.89e-07R  6
 428r-1.3589746e-01 3.93e+00 1.64e+04   0.3 1.55e+04    -  1.08e-05 7.02e-08f  1
 429r-1.3589746e-01 3.93e+00 9.99e+02   0.3 0.00e+00    -  0.00e+00 1.00e-08R 10
iter    objective    inf_pr   inf_du lg(mu)  ||d||  lg(rg) alpha_du alpha_pr  ls
 430r-1.3589713e-01 3.93e+00 1.00e+04   0.3 1.53e+04    -  2.25e-06 9.67e-09f  1
 431 -1.3589714e-01 3.93e+00 1.02e+06  -6.0 2.20e+02    -  2.05e-02 1.47e-05h  1
 432 -1.3589715e-01 3.93e+00 8.81e+05  -6.0 8.00e+02    -  1.67e-05 1.44e-05h  1
 433r-1.3589715e-01 3.93e+00 9.99e+02   0.3 0.00e+00    -  0.00e+00 3.78e-07R  4
 434r-1.3589683e-01 3.93e+00 2.05e+04   0.3 1.53e+04    -  1.09e-05 9.79e-09f  1
 435r-1.3589683e-01 3.93e+00 9.99e+02   0.3 0.00e+00    -  0.00e+00 4.15e-07R  2
 436r-1.3589650e-01 3.93e+00 9.95e+03   0.3 1.53e+04    -  2.25e-06 9.60e-09f  1
 437 -1.3589651e-01 3.93e+00 1.13e+06  -6.0 2.06e+02    -  2.30e-02 1.34e-05h  1
 438r-1.3589651e-01 3.93e+00 9.99e+02   0.3 0.00e+00    -  0.00e+00 2.86e-07R  6
 439r-1.3589421e-01 3.93e+00 2.00e+04   0.3 1.53e+04    -  1.10e-05 6.90e-08f  1
iter    objective    inf_pr   inf_du lg(mu)  ||d||  lg(rg) alpha_du alpha_pr  ls
 440r-1.3589421e-01 3.93e+00 9.99e+02   0.3 0.00e+00    -  0.00e+00 9.93e-09R 10
 441r-1.3589389e-01 3.93e+00 9.91e+03   0.3 1.52e+04    -  2.34e-06 9.66e-09f  1
 442 -1.3589390e-01 3.93e+00 1.01e+06  -6.0 2.21e+02    -  2.06e-02 1.46e-05h  1
 443 -1.3589391e-01 3.93e+00 8.71e+05  -6.0 8.10e+02    -  1.66e-05 1.43e-05h  1
 444r-1.3589391e-01 3.93e+00 9.99e+02   0.3 0.00e+00    -  0.00e+00 3.65e-07R  4
 445r-1.3589358e-01 3.93e+00 2.57e+04   0.3 1.52e+04    -  1.11e-05 9.76e-09f  1
 446r-1.3589358e-01 3.93e+00 9.99e+02   0.3 0.00e+00    -  0.00e+00 3.91e-07R  2
 447r-1.3589326e-01 3.93e+00 9.95e+03   0.3 1.52e+04    -  2.34e-06 9.63e-09f  1
 448 -1.3589326e-01 3.93e+00 1.14e+06  -6.0 2.07e+02    -  2.30e-02 1.34e-05h  1
 449r-1.3589326e-01 3.93e+00 9.99e+02   0.3 0.00e+00    -  0.00e+00 2.84e-07R  6
iter    objective    inf_pr   inf_du lg(mu)  ||d||  lg(rg) alpha_du alpha_pr  ls
 450r-1.3589097e-01 3.93e+00 2.47e+04   0.3 1.52e+04    -  1.11e-05 6.89e-08f  1
 451r-1.3589097e-01 3.93e+00 9.99e+02   0.3 0.00e+00    -  0.00e+00 9.85e-09R 10
 452r-1.3589065e-01 3.93e+00 9.92e+03   0.3 1.51e+04    -  2.42e-06 9.59e-09f  1
 453 -1.3589065e-01 3.93e+00 1.01e+06  -6.0 2.23e+02    -  2.05e-02 1.45e-05h  1
 454 -1.3589067e-01 3.93e+00 8.70e+05  -6.0 8.24e+02    -  1.65e-05 1.42e-05h  1
 455r-1.3589067e-01 3.93e+00 9.99e+02   0.3 0.00e+00    -  0.00e+00 2.76e-07R  4
 456r-1.3589034e-01 3.93e+00 3.22e+04   0.3 1.51e+04    -  1.13e-05 9.74e-09f  1
 457r-1.3589034e-01 3.93e+00 9.99e+02   0.3 0.00e+00    -  0.00e+00 3.66e-07R  2
 458r-1.3589002e-01 3.93e+00 9.92e+03   0.3 1.50e+04    -  2.43e-06 9.59e-09f  1
 459 -1.3589002e-01 3.93e+00 1.14e+06  -6.0 2.08e+02    -  2.31e-02 1.33e-05h  1
iter    objective    inf_pr   inf_du lg(mu)  ||d||  lg(rg) alpha_du alpha_pr  ls
 460r-1.3589002e-01 3.93e+00 9.99e+02   0.3 0.00e+00    -  0.00e+00 2.79e-07R  6
 461r-1.3588767e-01 3.93e+00 3.01e+04   0.3 1.51e+04    -  1.13e-05 7.05e-08f  1
 462r-1.3588767e-01 3.93e+00 9.99e+02   0.3 0.00e+00    -  0.00e+00 9.72e-09R 10
 463r-1.3588735e-01 3.93e+00 9.98e+03   0.3 1.49e+04    -  2.51e-06 9.66e-09f  1
 464 -1.3588735e-01 3.93e+00 1.03e+06  -6.0 2.23e+02    -  2.07e-02 1.45e-05h  1
 465 -1.3588737e-01 3.93e+00 8.79e+05  -6.0 8.34e+02    -  1.65e-05 1.41e-05h  1
 466r-1.3588737e-01 3.93e+00 9.99e+02   0.3 0.00e+00    -  0.00e+00 4.25e-07R  3
 467r-1.3588704e-01 3.93e+00 3.88e+04   0.3 1.50e+04    -  1.14e-05 9.89e-09f  1
 468r-1.3588704e-01 3.93e+00 9.99e+02   0.3 0.00e+00    -  0.00e+00 3.47e-07R  2
 469r-1.3588671e-01 3.93e+00 9.90e+03   0.3 1.49e+04    -  2.51e-06 9.59e-09f  1
iter    objective    inf_pr   inf_du lg(mu)  ||d||  lg(rg) alpha_du alpha_pr  ls
 470 -1.3588672e-01 3.93e+00 1.14e+06  -6.0 2.09e+02    -  2.31e-02 1.33e-05h  1
 471r-1.3588672e-01 3.93e+00 9.99e+02   0.3 0.00e+00    -  0.00e+00 2.75e-07R  6
 472r-1.3588436e-01 3.93e+00 3.52e+04   0.3 1.49e+04    -  1.15e-05 7.09e-08f  1
 473r-1.3588436e-01 3.93e+00 9.99e+02   0.3 0.00e+00    -  0.00e+00 1.93e-08R  9
 474r-1.3588403e-01 3.93e+00 9.87e+03   0.3 1.48e+04    -  2.60e-06 9.60e-09f  1
 475 -1.3588404e-01 3.93e+00 1.02e+06  -6.0 2.25e+02    -  2.07e-02 1.45e-05h  1
 476 -1.3588405e-01 3.93e+00 8.65e+05  -6.0 8.51e+02    -  1.65e-05 1.39e-05h  1
 477r-1.3588405e-01 3.93e+00 9.99e+02   0.3 0.00e+00    -  0.00e+00 3.41e-07R  3
 478r-1.3588372e-01 3.93e+00 4.42e+04   0.3 1.48e+04    -  1.16e-05 9.82e-09f  1
 479r-1.3588372e-01 3.93e+00 9.99e+02   0.3 0.00e+00    -  0.00e+00 3.27e-07R  2
iter    objective    inf_pr   inf_du lg(mu)  ||d||  lg(rg) alpha_du alpha_pr  ls
 480r-1.3588340e-01 3.93e+00 9.93e+03   0.3 1.48e+04    -  2.60e-06 9.60e-09f  1
 481 -1.3588340e-01 3.93e+00 1.15e+06  -6.0 2.10e+02    -  2.32e-02 1.32e-05h  1
 482r-1.3588340e-01 3.93e+00 9.99e+02   0.3 0.00e+00    -  0.00e+00 2.51e-07R  6
 483r-1.3588103e-01 3.93e+00 3.90e+04   0.3 1.48e+04    -  1.16e-05 7.10e-08f  1
 484r-1.3588103e-01 3.93e+00 9.99e+02   0.3 0.00e+00    -  0.00e+00 1.92e-08R  9
 485r-1.3588070e-01 3.93e+00 9.93e+03   0.3 1.47e+04    -  2.68e-06 9.68e-09f  1
 486 -1.3588071e-01 3.93e+00 1.04e+06  -6.0 2.25e+02    -  2.09e-02 1.45e-05h  1
 487 -1.3588072e-01 3.93e+00 8.75e+05  -6.0 8.59e+02    -  1.65e-05 1.39e-05h  1
 488r-1.3588072e-01 3.93e+00 9.99e+02   0.3 0.00e+00    -  0.00e+00 2.92e-07R  3
 489r-1.3588039e-01 3.93e+00 4.77e+04   0.3 1.47e+04    -  1.18e-05 9.97e-09f  1
iter    objective    inf_pr   inf_du lg(mu)  ||d||  lg(rg) alpha_du alpha_pr  ls
 490r-1.3588039e-01 3.93e+00 9.99e+02   0.3 0.00e+00    -  0.00e+00 3.14e-07R  2
 491r-1.3588006e-01 3.93e+00 1.09e+04   0.3 1.47e+04    -  2.68e-06 9.61e-09f  1
 492 -1.3588007e-01 3.93e+00 1.15e+06  -6.0 2.11e+02    -  2.33e-02 1.32e-05h  1
 493r-1.3588007e-01 3.93e+00 9.99e+02   0.3 0.00e+00    -  0.00e+00 4.66e-07R  5
 494r-1.3587769e-01 3.93e+00 4.13e+04   0.3 1.47e+04    -  1.18e-05 7.12e-08f  1
 495r-1.3587769e-01 3.93e+00 9.99e+02   0.3 0.00e+00    -  0.00e+00 9.54e-09R 10
 496r-1.3587736e-01 3.93e+00 9.91e+03   0.3 1.46e+04    -  2.76e-06 9.68e-09f  1
 497 -1.3587737e-01 3.93e+00 1.04e+06  -6.0 2.26e+02    -  2.10e-02 1.45e-05h  1
 498 -1.3587738e-01 3.93e+00 8.74e+05  -6.0 8.74e+02    -  1.65e-05 1.38e-05h  1
 499r-1.3587738e-01 3.93e+00 9.99e+02   0.3 0.00e+00    -  0.00e+00 2.55e-07R  3
iter    objective    inf_pr   inf_du lg(mu)  ||d||  lg(rg) alpha_du alpha_pr  ls
 500r-1.3587704e-01 3.93e+00 4.97e+04   0.3 1.46e+04    -  1.19e-05 1.00e-08f  1
 501r-1.3587704e-01 3.93e+00 9.99e+02   0.3 0.00e+00    -  0.00e+00 3.01e-07R  2
 502r-1.3587672e-01 3.93e+00 1.15e+04   0.3 1.45e+04    -  2.76e-06 9.61e-09f  1
 503 -1.3587672e-01 3.93e+00 1.16e+06  -6.0 2.12e+02    -  2.34e-02 1.32e-05h  1
 504r-1.3587672e-01 3.93e+00 9.99e+02   0.3 0.00e+00    -  0.00e+00 4.43e-07R  5
 505r-1.3587433e-01 3.93e+00 4.27e+04   0.3 1.46e+04    -  1.19e-05 7.14e-08f  1
 506r-1.3587433e-01 3.93e+00 9.99e+02   0.3 0.00e+00    -  0.00e+00 1.90e-08R  9
 507r-1.3587401e-01 3.93e+00 9.89e+03   0.3 1.45e+04    -  2.85e-06 9.68e-09f  1
 508 -1.3587401e-01 3.93e+00 1.05e+06  -6.0 2.27e+02    -  2.11e-02 1.44e-05h  1
 509 -1.3587403e-01 3.93e+00 8.71e+05  -6.0 8.89e+02    -  1.64e-05 1.37e-05h  1
iter    objective    inf_pr   inf_du lg(mu)  ||d||  lg(rg) alpha_du alpha_pr  ls
 510r-1.3587403e-01 3.93e+00 9.99e+02   0.3 0.00e+00    -  0.00e+00 4.47e-07R  2
 511r-1.3587369e-01 3.93e+00 5.11e+04   0.3 1.45e+04    -  1.21e-05 1.01e-08f  1
 512r-1.3587369e-01 3.93e+00 9.99e+02   0.3 0.00e+00    -  0.00e+00 2.91e-07R  2
 513r-1.3587336e-01 3.93e+00 1.20e+04   0.3 1.44e+04    -  2.84e-06 9.61e-09f  1
 514 -1.3587337e-01 3.93e+00 1.16e+06  -6.0 2.13e+02    -  2.35e-02 1.32e-05h  1
 515r-1.3587337e-01 3.93e+00 9.99e+02   0.3 0.00e+00    -  0.00e+00 4.27e-07R  5
 516r-1.3587100e-01 3.93e+00 4.36e+04   0.3 1.45e+04    -  1.21e-05 7.06e-08f  1
 517r-1.3587100e-01 3.93e+00 9.99e+02   0.3 0.00e+00    -  0.00e+00 9.46e-09R 10
 518r-1.3587067e-01 3.93e+00 9.87e+03   0.3 1.43e+04    -  2.93e-06 9.68e-09f  1
 519 -1.3587068e-01 3.93e+00 1.05e+06  -6.0 2.28e+02    -  2.12e-02 1.44e-05h  1
iter    objective    inf_pr   inf_du lg(mu)  ||d||  lg(rg) alpha_du alpha_pr  ls
 520 -1.3587069e-01 3.93e+00 8.68e+05  -6.0 9.04e+02    -  1.64e-05 1.35e-05h  1
 521r-1.3587069e-01 3.93e+00 9.99e+02   0.3 0.00e+00    -  0.00e+00 3.86e-07R  2
 522r-1.3587035e-01 3.93e+00 5.24e+04   0.3 1.44e+04    -  1.22e-05 1.01e-08f  1
 523r-1.3587035e-01 3.93e+00 9.99e+02   0.3 0.00e+00    -  0.00e+00 2.83e-07R  2
 524r-1.3587002e-01 3.93e+00 1.25e+04   0.3 1.43e+04    -  2.92e-06 9.61e-09f  1
 525 -1.3587003e-01 3.93e+00 1.17e+06  -6.0 2.14e+02    -  2.36e-02 1.32e-05h  1
 526r-1.3587003e-01 3.93e+00 9.99e+02   0.3 0.00e+00    -  0.00e+00 4.11e-07R  5
 527r-1.3586761e-01 3.93e+00 4.45e+04   0.3 1.44e+04    -  1.23e-05 7.21e-08f  1
 528r-1.3586761e-01 3.93e+00 9.99e+02   0.3 0.00e+00    -  0.00e+00 1.89e-08R  9
 529r-1.3586728e-01 3.93e+00 9.86e+03   0.3 1.42e+04    -  3.01e-06 9.68e-09f  1
iter    objective    inf_pr   inf_du lg(mu)  ||d||  lg(rg) alpha_du alpha_pr  ls
 530 -1.3586728e-01 3.92e+00 1.06e+06  -6.0 2.28e+02    -  2.13e-02 1.44e-05h  1
 531 -1.3586730e-01 3.92e+00 8.65e+05  -6.0 9.20e+02    -  1.64e-05 1.34e-05h  1
 532r-1.3586730e-01 3.92e+00 9.99e+02   0.3 0.00e+00    -  0.00e+00 3.33e-07R  2
 533r-1.3586696e-01 3.92e+00 5.29e+04   0.3 1.43e+04    -  1.24e-05 1.02e-08f  1
 534r-1.3586696e-01 3.92e+00 9.99e+02   0.3 0.00e+00    -  0.00e+00 2.77e-07R  2
 535r-1.3586663e-01 3.92e+00 1.29e+04   0.3 1.42e+04    -  3.01e-06 9.61e-09f  1
 536 -1.3586663e-01 3.92e+00 1.17e+06  -6.0 2.14e+02    -  2.38e-02 1.31e-05h  1
 537r-1.3586663e-01 3.92e+00 9.99e+02   0.3 0.00e+00    -  0.00e+00 4.00e-07R  5
 538r-1.3586420e-01 3.92e+00 4.50e+04   0.3 1.43e+04    -  1.24e-05 7.23e-08f  1
 539r-1.3586420e-01 3.92e+00 9.99e+02   0.3 0.00e+00    -  0.00e+00 9.41e-09R 10
iter    objective    inf_pr   inf_du lg(mu)  ||d||  lg(rg) alpha_du alpha_pr  ls
 540r-1.3586387e-01 3.92e+00 9.84e+03   0.3 1.41e+04    -  3.09e-06 9.69e-09f  1
 541 -1.3586388e-01 3.92e+00 1.06e+06  -6.0 2.29e+02    -  2.14e-02 1.44e-05h  1
 542 -1.3586389e-01 3.92e+00 8.62e+05  -6.0 9.37e+02    -  1.64e-05 1.33e-05h  1
 543r-1.3586389e-01 3.92e+00 9.99e+02   0.3 0.00e+00    -  0.00e+00 2.80e-07R  2
 544r-1.3586355e-01 3.92e+00 5.36e+04   0.3 1.42e+04    -  1.26e-05 1.02e-08f  1
 545r-1.3586355e-01 3.92e+00 9.99e+02   0.3 0.00e+00    -  0.00e+00 2.74e-07R  2
 546r-1.3586322e-01 3.92e+00 1.32e+04   0.3 1.41e+04    -  3.09e-06 9.61e-09f  1
 547 -1.3586323e-01 3.92e+00 1.18e+06  -6.0 2.15e+02    -  2.39e-02 1.31e-05h  1
 548r-1.3586323e-01 3.92e+00 9.99e+02   0.3 0.00e+00    -  0.00e+00 3.88e-07R  5
 549r-1.3586078e-01 3.92e+00 4.55e+04   0.3 1.42e+04    -  1.26e-05 7.26e-08f  1
iter    objective    inf_pr   inf_du lg(mu)  ||d||  lg(rg) alpha_du alpha_pr  ls
 550r-1.3586078e-01 3.92e+00 9.99e+02   0.3 0.00e+00    -  0.00e+00 1.88e-08R  9
 551r-1.3586045e-01 3.92e+00 9.82e+03   0.3 1.40e+04    -  3.19e-06 9.69e-09f  1
 552 -1.3586046e-01 3.92e+00 1.07e+06  -6.0 2.29e+02    -  2.15e-02 1.44e-05h  1
 553 -1.3586047e-01 3.92e+00 8.58e+05  -6.0 9.54e+02    -  1.64e-05 1.31e-05h  1
 554r-1.3586047e-01 3.92e+00 9.99e+02   0.3 0.00e+00    -  0.00e+00 2.28e-07R  2
 555r-1.3586013e-01 3.92e+00 4.22e+04   0.3 1.41e+04    -  9.86e-06 1.03e-08f  1
 556r-1.3586013e-01 3.92e+00 9.99e+02   0.3 0.00e+00    -  0.00e+00 2.73e-07R  2
 557r-1.3585980e-01 3.92e+00 1.37e+04   0.3 1.40e+04    -  3.20e-06 9.61e-09f  1
 558 -1.3585980e-01 3.92e+00 1.19e+06  -6.0 2.15e+02    -  2.40e-02 1.31e-05h  1
 559r-1.3585980e-01 3.92e+00 9.99e+02   0.3 0.00e+00    -  0.00e+00 3.77e-07R  5
iter    objective    inf_pr   inf_du lg(mu)  ||d||  lg(rg) alpha_du alpha_pr  ls
 560r-1.3585734e-01 3.92e+00 1.49e+04   0.3 1.41e+04    -  4.16e-06 7.30e-08f  1
 561r-1.3585734e-01 3.92e+00 9.99e+02   0.3 0.00e+00    -  0.00e+00 9.40e-09R 10
 562r-1.3585701e-01 3.92e+00 9.77e+03   0.3 1.39e+04    -  3.42e-06 9.69e-09f  1
 563 -1.3585702e-01 3.92e+00 2.56e+05  -6.0 2.30e+02    -  5.17e-03 1.44e-05h  1
 564 -1.3585703e-01 3.92e+00 3.99e+05  -6.0 4.52e+02    -  5.37e-06 1.45e-05h  1
 565 -1.3585703e-01 3.92e+00 3.98e+05  -6.0 1.70e+03    -  1.11e-06 1.04e-06h  2
 566 -1.3585703e-01 3.92e+00 3.90e+05  -6.0 2.37e+03    -  2.56e-06 1.01e-06h  2
 567 -1.3585704e-01 3.92e+00 3.94e+05  -6.0 1.94e+03    -  1.80e-06 2.67e-06h  2
 568 -1.3585691e-01 3.92e+00 8.03e+05  -6.0 1.34e+03    -  5.65e-06 1.06e-04h  1
 569 -1.3585693e-01 3.92e+00 7.55e+05  -6.0 7.52e+01    -  1.41e-04 8.65e-05h  1
iter    objective    inf_pr   inf_du lg(mu)  ||d||  lg(rg) alpha_du alpha_pr  ls
 570 -1.3585936e-01 3.87e+00 7.41e+05  -6.0 5.20e+01    -  1.26e-03 1.24e-02h  1
 571 -1.3586256e-01 3.52e+00 6.76e+05  -6.0 6.73e+01    -  1.54e-02 9.04e-02h  1
 572 -1.3587025e-01 3.16e+00 6.06e+05  -6.0 1.40e+01    -  1.73e-01 1.04e-01h  1
 573 -1.3588556e-01 2.37e+00 4.55e+05  -6.0 1.25e+01    -  1.14e-01 2.50e-01h  1
 574 -1.3588760e-01 1.77e+00 3.40e+05  -6.0 5.73e+01    -  1.86e-07 2.51e-01h  1
 575 -1.3589149e-01 1.58e+00 3.04e+05  -6.0 1.26e+01    -  9.02e-04 1.06e-01h  1
 576 -1.3590517e-01 1.02e+00 1.96e+05  -6.0 2.85e+00    -  5.35e-01 3.57e-01h  1
 577 -1.3590717e-01 9.68e-01 1.86e+05  -6.0 6.62e-01  -1.8 5.47e-02 5.00e-02h  1
 578 -1.3592822e-01 3.69e-01 7.10e+04  -6.0 9.24e-01  -2.2 6.37e-02 6.19e-01h  1
 579 -1.3593211e-01 2.25e-01 4.32e+04  -6.0 2.73e-01  -2.7 9.72e-02 3.92e-01h  1
iter    objective    inf_pr   inf_du lg(mu)  ||d||  lg(rg) alpha_du alpha_pr  ls
 580 -1.3593604e-01 1.68e-01 3.23e+04  -6.0 1.52e+00    -  5.60e-01 2.51e-01h  1
 581 -1.3594128e-01 4.14e-02 8.45e+03  -6.0 1.08e-01  -3.2 8.74e-01 7.54e-01h  1
 582 -1.3595120e-01 3.81e-03 7.32e+02  -6.0 8.15e-02  -3.7 9.88e-01 9.08e-01h  1
 583 -1.3595491e-01 6.50e-05 1.25e+01  -6.0 9.24e-02  -4.1 9.99e-01 9.83e-01h  1
 584 -1.3595297e-01 7.67e-06 1.32e+01  -6.0 9.29e-02  -4.6 1.00e+00 1.00e+00h  1
 585 -1.3595195e-01 6.15e-05 2.87e+01  -6.0 1.82e-01  -5.1 1.00e+00 1.00e+00h  1
 586 -1.3595077e-01 2.97e-07 4.25e+00  -6.0 4.98e-01  -5.6 1.00e+00 1.00e+00H  1
 587 -1.3595015e-01 7.93e-07 1.97e-02  -6.0 1.50e+00  -6.1 1.00e+00 1.00e+00H  1
 588 -1.3595730e-01 4.31e-06 3.84e-02  -6.0 4.47e+00  -6.5 1.00e+00 1.00e+00H  1
 589 -1.3598667e-01 7.22e-05 1.28e-01  -6.0 1.33e+01  -7.0 1.00e+00 1.00e+00H  1
iter    objective    inf_pr   inf_du lg(mu)  ||d||  lg(rg) alpha_du alpha_pr  ls
 590 -1.3606814e-01 1.32e-03 5.72e-01  -6.0 3.92e+01  -7.5 1.00e+00 1.00e+00H  1
 591 -1.3614026e-01 3.57e-02 1.15e+01  -6.0 1.11e+02  -8.0 6.07e-01 3.33e-01h  1
 592 -1.3624592e-01 1.76e-01 4.97e+01  -6.0 2.90e+02  -8.4 6.94e-01 2.60e-01h  1
 593 -1.3639401e-01 5.09e-01 1.12e+02  -6.0 5.58e+02  -8.9 7.25e-01 2.13e-01h  1
 594 -1.3646542e-01 6.07e-01 1.00e+02  -6.0 5.22e+02  -9.4 2.00e-01 1.59e-01h  1
 595 -1.3649385e-01 4.02e+00 4.62e+02  -6.0 8.48e+02  -9.9 3.34e-01 6.01e-01h  1
 596 -1.3655914e-01 8.00e+00 6.52e+02  -6.0 8.16e+03    -  1.10e-01 9.09e-02h  1
 597 -1.3654287e-01 7.61e+00 7.96e+02  -6.0 1.23e+03 -10.3 4.58e-01 2.81e-01h  1
 598 -1.3649382e-01 7.99e+00 9.30e+02  -6.0 8.49e+03 -10.8 7.30e-02 5.94e-02h  1
 599 -1.3652512e-01 5.61e+00 6.55e+02  -6.0 3.62e+02  -9.5 2.97e-02 2.97e-01h  1
iter    objective    inf_pr   inf_du lg(mu)  ||d||  lg(rg) alpha_du alpha_pr  ls
 600 -1.3662089e-01 2.63e+00 3.38e+02  -6.0 9.80e+01  -7.3 4.38e-02 5.32e-01h  1
 601 -1.3663293e-01 1.28e+00 1.65e+02  -6.0 1.67e+01  -7.7 7.08e-01 5.13e-01h  1
 602 -1.3658419e-01 5.74e-03 8.39e+01  -6.0 7.55e+00  -7.3 2.36e-02 1.00e+00h  1
 603 -1.3655290e-01 5.89e-02 2.26e+00  -6.0 1.71e+01  -7.8 9.67e-01 1.00e+00h  1
 604 -1.3651594e-01 1.16e-01 3.07e+00  -6.0 5.12e+01  -8.3 1.00e+00 1.00e+00h  1
 605 -1.3649782e-01 5.21e-01 6.44e+00  -6.0 1.33e+02  -8.7 1.00e+00 1.00e+00h  1
 606 -1.3646576e-01 1.01e+00 7.50e+00  -6.0 4.29e+02  -9.2 5.18e-01 3.56e-01h  1
 607 -1.3642159e-01 8.80e-01 7.71e+01  -6.0 2.83e+02  -9.7 1.00e+00 8.31e-01h  1
 608 -1.3640176e-01 1.11e+00 7.04e+01  -6.0 1.07e+03 -10.2 1.78e-01 1.68e-01h  1
 609 -1.3640800e-01 7.50e+00 3.49e+02  -6.0 9.83e+02 -10.7 1.00e+00 6.83e-01h  1
iter    objective    inf_pr   inf_du lg(mu)  ||d||  lg(rg) alpha_du alpha_pr  ls
 610 -1.3649471e-01 1.52e+01 2.55e+02  -6.0 1.84e+03    -  2.00e-01 5.39e-01h  1
 611 -1.3651980e-01 4.90e+00 1.83e+03  -6.0 5.82e+02 -10.2 1.17e-01 1.00e+00h  1
 612 -1.3657385e-01 4.77e+00 1.76e+03  -6.0 3.26e+02  -8.9 3.25e-02 2.69e-02h  2
 613 -1.3674586e-01 3.47e+00 6.98e+03  -6.0 9.13e+01  -7.6 5.61e-02 4.11e-01h  1
 614 -1.3668478e-01 2.24e+00 3.27e+03  -6.0 2.96e+01  -8.0 7.22e-01 5.35e-01h  1
 615 -1.3667212e-01 2.75e+00 3.20e+03  -6.0 4.95e+02  -8.5 1.51e-02 2.11e-02h  2
 616 -1.3676090e-01 3.54e+00 2.93e+03  -6.0 2.60e+02  -9.0 6.90e-02 8.51e-02h  1
 617 -1.3696903e-01 4.95e+00 5.12e+02  -6.0 2.88e+02  -9.5 1.95e-01 8.18e-01h  1
 618 -1.3728978e-01 3.92e+00 5.19e+02  -6.0 7.19e+02 -10.0 1.04e-01 1.00e+00H  1
 619 -1.3740313e-01 3.69e+00 5.04e+02  -6.0 1.46e+03  -8.6 1.18e-01 5.89e-02h  1
iter    objective    inf_pr   inf_du lg(mu)  ||d||  lg(rg) alpha_du alpha_pr  ls
 620 -1.3763237e-01 2.09e+00 7.48e+01  -6.0 6.11e+01  -8.2 1.00e+00 1.00e+00h  1
 621 -1.3768335e-01 1.72e+00 5.97e+01  -6.0 8.57e+01  -8.7 1.86e-01 1.80e-01h  1
 622 -1.3762620e-01 6.37e-01 1.20e+04  -6.0 1.44e+02  -9.2 1.99e-01 1.00e+00f  1
 623 -1.3768671e-01 7.04e-01 8.70e+03  -6.0 5.49e+02  -9.6 8.59e-01 2.79e-01h  1
 624 -1.3777780e-01 7.33e-01 5.19e+03  -6.0 4.08e+02  -9.2 8.21e-01 4.03e-01H  1
 625 -1.3799862e-01 2.95e+01 4.17e+02  -6.0 1.42e+03  -9.7 1.20e-01 1.00e+00h  1
 626 -1.3818863e-01 1.81e+01 1.13e+03  -6.0 1.46e+03 -10.2 1.80e-01 3.93e-01h  1
 627 -1.3823800e-01 1.30e+01 1.21e+03  -6.0 1.50e+03    -  2.41e-01 3.82e-01h  1
 628 -1.3824882e-01 7.75e+00 8.31e+03  -6.0 7.98e+02    -  6.78e-02 1.00e+00h  1
 629 -1.3825159e-01 7.82e+00 8.49e+03  -6.0 4.51e+05  -9.7 3.37e-04 1.87e-04h  1
iter    objective    inf_pr   inf_du lg(mu)  ||d||  lg(rg) alpha_du alpha_pr  ls
 630 -1.3820807e-01 5.80e+00 1.96e+04  -6.0 6.88e+02  -9.3 3.52e-01 1.00e+00h  1
 631 -1.3826340e-01 5.81e+00 1.87e+04  -6.0 1.17e+03  -9.8 3.23e-01 3.48e-01h  1
 632 -1.3826416e-01 5.77e+00 1.86e+04  -6.0 5.65e+02    -  4.53e-03 6.80e-03h  1
 633 -1.3825718e-01 5.91e+00 1.76e+04  -6.0 3.64e+03    -  1.64e-01 5.16e-02h  4
 634 -1.3825867e-01 5.62e+00 1.68e+04  -6.0 8.67e+02  -9.4 1.22e-01 5.04e-02h  1
 635 -1.3826508e-01 4.22e+00 2.35e+04  -6.0 1.54e+03    -  1.31e-02 5.11e-01F  1
 636 -1.3823782e-01 4.32e-01 1.80e+05  -6.0 1.91e+02  -8.9 4.46e-01 1.00e+00h  1
 637 -1.3826953e-01 5.50e-01 3.56e+04  -6.0 1.44e+02  -9.4 1.00e+00 1.00e+00h  1
 638 -1.3825077e-01 1.92e+00 3.54e+04  -6.0 3.88e+02  -9.9 1.00e+00 1.00e+00h  1
 639 -1.3824575e-01 1.93e+00 3.19e+04  -6.0 1.40e+03    -  9.50e-01 8.07e-02h  1
iter    objective    inf_pr   inf_du lg(mu)  ||d||  lg(rg) alpha_du alpha_pr  ls
 640 -1.3815645e-01 8.11e-01 4.67e+04  -6.0 9.35e+02    -  1.00e+00 6.01e-01H  1
 641 -1.3815450e-01 9.88e-01 3.83e+04  -6.0 1.18e+03    -  1.00e+00 1.85e-01h  2
 642 -1.3810427e-01 2.63e+00 5.36e+03  -6.0 3.76e+02    -  1.70e-01 1.00e+00h  1
 643 -1.3811054e-01 2.02e+00 3.99e+03  -6.0 8.08e+02 -10.4 1.00e+00 2.66e-01h  2
 644 -1.3810473e-01 1.95e+00 3.67e+03  -6.0 1.78e+03    -  1.00e+00 7.82e-02h  1
 645 -1.3810094e-01 1.83e+00 3.40e+03  -6.0 1.41e+03    -  1.46e-01 7.54e-02h  1
 646 -1.3810588e-01 3.90e+00 1.82e+02  -6.0 4.78e+02    -  1.15e-01 1.00e+00h  1
 647 -1.3813415e-01 8.84e-01 4.16e+02  -6.0 1.80e+02  -9.0 7.57e-01 7.78e-01h  1
 648 -1.3809834e-01 3.26e+00 2.91e+02  -6.0 1.08e+03    -  1.00e+00 3.72e-01h  1
 649 -1.3799112e-01 3.07e+00 1.90e+02  -6.0 1.49e+03    -  1.00e+00 5.39e-01H  1
iter    objective    inf_pr   inf_du lg(mu)  ||d||  lg(rg) alpha_du alpha_pr  ls
 650 -1.3796990e-01 8.84e-01 1.01e+02  -6.0 2.39e+02    -  1.17e-01 1.00e+00h  1
 651 -1.3802274e-01 1.15e+00 2.81e+01  -6.0 2.61e+02    -  1.00e+00 1.00e+00h  1
 652 -1.3801601e-01 4.02e-02 2.03e+00  -6.0 5.12e+01    -  1.00e+00 1.00e+00h  1
 653 -1.3801586e-01 7.99e-03 2.76e-03  -6.0 2.18e+01    -  1.00e+00 1.00e+00h  1
 654 -1.3801587e-01 1.51e-05 3.83e-06  -6.0 9.40e-01    -  1.00e+00 1.00e+00h  1
 655 -1.3854828e-01 6.41e+00 3.29e+01  -7.5 3.82e+03    -  1.64e-01 1.67e-01h  1
 656 -1.3874264e-01 7.06e+00 1.22e+01  -7.5 3.72e+03    -  6.60e-02 7.45e-02h  1
 657 -1.3897413e-01 5.64e+00 6.76e+01  -7.5 4.15e+02  -9.5 4.92e-01 2.05e-01h  1
 658 -1.3917842e-01 6.94e+00 7.64e+01  -7.5 3.16e+03    -  1.25e-03 1.33e-01h  1
 659 -1.3936321e-01 8.09e+00 8.76e+01  -7.5 2.88e+03    -  2.89e-01 1.85e-01h  1
iter    objective    inf_pr   inf_du lg(mu)  ||d||  lg(rg) alpha_du alpha_pr  ls
 660 -1.3950086e-01 5.97e+00 7.68e+01  -7.5 3.97e+02 -10.0 4.26e-01 2.76e-01h  1
 661 -1.3979700e-01 1.46e+01 7.54e+01  -7.5 2.46e+03    -  2.40e-02 4.81e-01h  1
 662 -1.3988689e-01 1.12e+01 1.91e+02  -7.5 1.46e+03    -  2.59e-01 3.56e-01h  1
 663 -1.3993053e-01 8.51e+00 1.78e+02  -7.5 8.15e+02 -10.5 1.32e-01 2.41e-01h  1
 664 -1.3993530e-01 8.43e+00 1.77e+02  -7.5 9.32e+03    -  4.44e-03 1.04e-02h  1
 665 -1.3996756e-01 7.10e+00 1.33e+02  -7.5 1.26e+03    -  1.79e-01 1.79e-01h  1
 666 -1.4000327e-01 5.74e+00 9.34e+01  -7.5 1.18e+03    -  1.82e-01 2.21e-01h  1
 667 -1.4006512e-01 4.92e+00 1.89e+01  -7.5 9.49e+02 -10.9 4.93e-01 4.71e-01h  1
 668 -1.4018143e-01 2.16e+00 1.37e+02  -7.5 6.83e+02    -  3.43e-01 1.00e+00h  1
 669 -1.4027957e-01 1.65e+00 3.49e+02  -7.5 3.02e+02    -  5.11e-01 9.72e-01h  1
iter    objective    inf_pr   inf_du lg(mu)  ||d||  lg(rg) alpha_du alpha_pr  ls
 670 -1.4029777e-01 1.38e+00 6.92e+02  -7.5 1.30e+02    -  6.14e-01 1.64e-01h  1
 671 -1.4032785e-01 1.02e+00 9.71e+02  -7.5 4.77e+02    -  5.85e-01 2.72e-01h  1
 672 -1.4035842e-01 1.00e+02 1.81e+02  -7.5 1.12e+04    -  1.88e-02 2.58e-01h  1
 673 -1.4036535e-01 9.50e+01 8.71e+02  -7.5 4.28e+03    -  2.23e-01 5.75e-02h  1
 674 -1.4037242e-01 8.96e+01 9.88e+02  -7.5 1.28e+03    -  9.82e-02 5.60e-02h  1
 675 -1.4041352e-01 6.12e+01 2.13e+02  -7.5 1.49e+03    -  1.10e-01 3.25e-01h  1
 676 -1.4044816e-01 4.71e+01 1.68e+03  -7.5 1.69e+03    -  4.80e-01 2.37e-01h  1
 677 -1.4045222e-01 5.01e+01 1.59e+03  -7.5 2.27e+04    -  7.94e-02 2.56e-02h  1
 678 -1.4045357e-01 4.97e+01 6.21e+03  -7.5 5.78e+03    -  1.30e-01 7.01e-03h  1
 679 -1.4048495e-01 3.07e+01 6.34e+03  -7.5 1.51e+03    -  2.09e-01 9.08e-01h  1
iter    objective    inf_pr   inf_du lg(mu)  ||d||  lg(rg) alpha_du alpha_pr  ls
 680 -1.4049142e-01 2.58e+01 4.50e+03  -7.5 1.67e+03    -  1.12e-02 2.30e-01h  1
 681 -1.4050588e-01 2.73e+01 3.58e+03  -7.5 3.29e+03    -  2.44e-01 2.13e-01h  1
 682 -1.4051750e-01 2.53e+01 2.51e+03  -7.5 2.34e+03    -  1.66e-02 2.27e-01h  1
 683 -1.4052694e-01 2.27e+01 1.67e+03  -7.5 2.01e+03    -  2.15e-02 2.28e-01h  1
 684 -1.4052803e-01 2.24e+01 1.82e+03  -7.5 3.64e+03 -11.4 1.74e-01 1.38e-02h  1
 685 -1.4054439e-01 2.44e+01 1.58e+03  -7.5 2.86e+03    -  4.60e-01 2.43e-01h  1
 686 -1.4055885e-01 2.39e+01 1.04e+03  -7.5 2.29e+03    -  9.53e-02 2.67e-01h  1
 687 -1.4057980e-01 3.59e+01 3.66e+02  -7.5 2.49e+03    -  4.60e-03 4.83e-01h  1
 688 -1.4058222e-01 3.05e+01 2.33e+02  -7.5 1.43e+03    -  3.70e-02 1.85e-01h  1
 689 -1.4058312e-01 2.42e+01 1.77e+02  -7.5 3.52e+02 -10.1 2.38e-01 2.07e-01h  1
iter    objective    inf_pr   inf_du lg(mu)  ||d||  lg(rg) alpha_du alpha_pr  ls
 690 -1.4058318e-01 6.22e-01 2.09e+02  -7.5 1.66e+02 -10.6 5.47e-01 1.00e+00h  1
 691 -1.4060781e-01 5.58e+01 1.91e+02  -7.5 6.56e+03    -  6.13e-02 2.73e-01h  1
 692 -1.4060758e-01 5.53e+01 2.23e+03  -7.5 2.02e+03    -  2.94e-01 8.80e-03h  1
 693 -1.4060467e-01 6.23e-01 1.29e+05  -7.5 2.02e+02    -  1.75e-02 1.00e+00h  1
 694 -1.4060439e-01 3.11e-03 1.28e+02  -7.5 1.33e+01    -  8.37e-03 1.00e+00h  1
 695 -1.4060442e-01 7.37e-05 2.43e-03  -7.5 1.98e+00    -  1.00e+00 1.00e+00h  1
 696 -1.4060853e-01 3.20e+00 7.84e+00  -7.5 3.15e+02 -11.0 7.79e-01 1.00e+00h  1
 697 -1.4061917e-01 1.45e+01 6.26e+01  -7.5 2.05e+04    -  9.57e-02 3.98e-02h  1
 698 -1.4061605e-01 1.05e+00 7.46e+00  -7.5 2.44e+02    -  1.00e+00 1.00e+00h  1
 699 -1.4061963e-01 1.46e+00 1.09e+01  -7.5 2.71e+02    -  1.00e+00 1.00e+00h  1
iter    objective    inf_pr   inf_du lg(mu)  ||d||  lg(rg) alpha_du alpha_pr  ls
 700 -1.4062007e-01 1.83e-02 1.51e-01  -7.5 2.88e+01    -  1.00e+00 1.00e+00h  1
 701 -1.4062003e-01 1.75e-04 9.12e-04  -7.5 2.97e+00    -  1.00e+00 1.00e+00h  1
 702 -1.4062003e-01 1.85e-07 1.15e-06  -7.5 9.62e-02    -  1.00e+00 1.00e+00h  1
 703 -1.4062340e-01 9.92e-02 2.70e+00  -9.0 2.59e+02    -  2.73e-01 3.15e-01h  1
 704 -1.4063040e-01 2.08e+01 2.32e+01  -9.0 3.16e+04    -  7.60e-02 3.24e-02h  1
 705 -1.4063713e-01 2.55e+01 3.15e+01  -9.0 3.59e+03    -  1.67e-01 2.06e-01h  1
 706 -1.4064149e-01 2.54e+01 3.34e+01  -9.0 4.17e+03    -  3.21e-01 1.54e-01h  1
 707 -1.4064965e-01 4.65e+01 4.32e+01  -9.0 3.36e+03    -  3.76e-01 4.09e-01h  1
 708 -1.4065353e-01 4.11e+01 2.49e+01  -9.0 1.55e+03    -  8.04e-03 8.31e-01h  1
 709 -1.4065070e-01 1.39e-01 6.26e+00  -9.0 1.03e+02    -  4.87e-02 1.00e+00h  1
iter    objective    inf_pr   inf_du lg(mu)  ||d||  lg(rg) alpha_du alpha_pr  ls
 710 -1.4065130e-01 3.85e-02 1.07e-02  -9.0 4.34e+01    -  1.00e+00 1.00e+00h  1
 711 -1.4065129e-01 7.82e-03 4.50e-03  -9.0 1.96e+01    -  1.00e+00 1.00e+00h  1
 712 -1.4065129e-01 1.27e-08 6.52e-08  -9.0 1.71e-02    -  1.00e+00 1.00e+00h  1
 713 -1.4065129e-01 2.88e-10 8.21e-13  -9.0 1.28e-06    -  1.00e+00 1.00e+00h  1

Number of Iterations....: 713

                                   (scaled)                 (unscaled)
Objective...............:  -1.4065129268172505e-01   -1.4065129268172505e-01
Dual infeasibility......:   8.2076012652976260e-13    8.2076012652976260e-13
Constraint violation....:   2.8783785424590924e-10    2.8783785424590924e-10
Complementarity.........:   9.0909093390177716e-10    9.0909093390177716e-10
Overall NLP error.......:   9.0909093390177716e-10    9.0909093390177716e-10


Number of objective function evaluations             = 1614
Number of objective gradient evaluations             = 714
Number of equality constraint evaluations            = 1629
Number of inequality constraint evaluations          = 1615
Number of equality constraint Jacobian evaluations   = 810
Number of inequality constraint Jacobian evaluations = 810
Number of Lagrangian Hessian evaluations             = 713
Total CPU secs in IPOPT (w/o function evaluations)   =    370.303
Total CPU secs in NLP function evaluations           =     13.098

EXIT: Optimal Solution Found.
