
List of user-set options:

                                    Name   Value                used
                           compl_inf_tol = 1                     yes
                         constr_viol_tol = 1                     yes
                            dual_inf_tol = 1000                  yes
                           linear_solver = ma97                  yes
                              ma86_small = 1e-30                  no
                                  ma86_u = 0.0001                 no
                              ma97_order = best                  yes
                              ma97_small = 1e-30                 yes
                            ma97_switch1 = at_start              yes
                            ma97_switch2 = od_hd_reuse           yes
                                  ma97_u = 1e-06                 yes
                               ma97_umax = 0.5                   yes
                                max_iter = 1000                  yes
                    max_refinement_steps = 20                    yes
                    min_refinement_steps = 5                     yes
                                 mu_init = 1e-06                 yes
           mu_superlinear_decrease_power = 1.25                  yes
                   nlp_scaling_min_value = 1e-08                 yes
                        option_file_name = Preset_Case_833_pf.opt  yes
                             output_file = ./tmp/Preset_Case_833_pf.output  yes
                      print_user_options = yes                   yes
        required_infeasibility_reduction = 1                      no
                                     tol = 1e-08                 yes
                   warm_start_bound_frac = 1e-20                 yes
                   warm_start_bound_push = 1e-20                 yes
                   warm_start_init_point = yes                   yes
              warm_start_mult_bound_push = 1e-20                 yes
                warm_start_mult_init_max = 1e+40                 yes
             warm_start_slack_bound_frac = 1e-20                 yes
             warm_start_slack_bound_push = 1e-20                 yes

******************************************************************************
This program contains Ipopt, a library for large-scale nonlinear optimization.
 Ipopt is released as open source code under the Eclipse Public License (EPL).
         For more information visit http://projects.coin-or.org/Ipopt
******************************************************************************

This is Ipopt version 3.12.10, running with linear solver ma97.

Number of nonzeros in equality constraint Jacobian...:   123443
Number of nonzeros in inequality constraint Jacobian.:      213
Number of nonzeros in Lagrangian Hessian.............:    49069

Total number of variables............................:    31591
                     variables with only lower bounds:    12912
                variables with lower and upper bounds:    15130
                     variables with only upper bounds:        0
Total number of equality constraints.................:    31483
Total number of inequality constraints...............:       25
        inequality constraints with only lower bounds:        4
   inequality constraints with lower and upper bounds:        0
        inequality constraints with only upper bounds:       21

iter    objective    inf_pr   inf_du lg(mu)  ||d||  lg(rg) alpha_du alpha_pr  ls
   0 -5.4282734e+00 4.00e-03 1.02e+00  -6.0 0.00e+00    -  0.00e+00 0.00e+00   0
   1 -5.4290685e+00 8.51e+00 3.35e+01  -6.0 3.75e+05    -  8.49e-05 1.20e-03h  1
   2 -5.4290311e+00 8.51e+00 3.35e+01  -6.0 2.77e+03    -  1.06e-04 3.38e-05h  1
   3 -5.4277584e+00 8.51e+00 3.35e+01  -6.0 1.57e+04    -  1.01e-04 4.62e-04h  4
   4 -5.4277107e+00 8.51e+00 1.34e+02  -6.0 4.17e+03    -  2.32e-01 4.46e-05h  8
   5 -5.4258410e+00 8.50e+00 1.33e+02  -6.0 1.52e+04    -  6.78e-04 6.78e-04s 15
   6 -5.4244602e+00 8.49e+00 1.33e+02  -6.0 1.21e+04    -  5.58e-04 5.58e-04s 15
   7 -5.4216943e+00 8.47e+00 1.33e+02  -6.0 4.01e+03    -  2.57e-03 2.57e-03s 15
   8r-5.4216943e+00 8.47e+00 9.99e+02   0.9 0.00e+00    -  0.00e+00 0.00e+00R  1
   9r-5.4301058e+00 8.47e+00 2.21e+03   0.9 1.73e+05    -  2.55e-07 5.99e-08f  1
iter    objective    inf_pr   inf_du lg(mu)  ||d||  lg(rg) alpha_du alpha_pr  ls
  10 -5.4494192e+00 8.46e+00 1.08e+03  -6.0 2.41e+05    -  5.25e-06 1.76e-03h  1
  11 -5.4568148e+00 8.43e+00 1.07e+03  -6.0 1.12e+05    -  3.38e-06 2.96e-03h  1
  12 -5.5324805e+00 2.07e+01 5.67e+04  -6.0 4.01e+04    -  8.95e-03 3.34e-02h  1
  13 -5.5683574e+00 2.07e+01 5.77e+04  -6.0 3.90e+04    -  2.13e-05 6.24e-03h  1
  14 -5.5822082e+00 2.06e+01 5.77e+04  -6.0 3.59e+04    -  2.42e-02 3.34e-03h  1
  15 -5.6865591e+00 5.32e+01 6.39e+04  -6.0 4.19e+04    -  6.84e-03 4.10e-02h  1
  16 -5.6336091e+00 5.02e+01 6.15e+05  -6.0 4.51e+02  -4.0 4.87e-04 5.72e-02h  1
  17 -5.5838273e+00 4.70e+01 5.74e+05  -6.0 3.96e+02  -4.5 4.94e-02 6.45e-02h  1
  18 -5.5820562e+00 4.68e+01 5.72e+05  -6.0 3.92e+02  -5.0 1.98e-04 3.04e-03h  9
  19 -5.5819971e+00 4.68e+01 5.72e+05  -6.0 3.74e+02  -4.5 8.05e-02 9.17e-05h  4
iter    objective    inf_pr   inf_du lg(mu)  ||d||  lg(rg) alpha_du alpha_pr  ls
  20 -5.5819690e+00 4.68e+01 5.72e+05  -6.0 3.91e+02  -5.0 4.86e-03 4.86e-05h 15
  21 -5.5813546e+00 4.68e+01 5.72e+05  -6.0 3.78e+02  -4.6 9.80e-04 9.80e-04s 12
  22r-5.5813546e+00 4.68e+01 1.00e+03   1.5 0.00e+00  -5.1 0.00e+00 0.00e+00R  1
  23r-5.6227964e+00 4.68e+01 1.00e+03   1.5 2.59e+06    -  2.90e-10 5.48e-09f  1
  24 -5.6227884e+00 4.68e+01 1.01e+02  -6.0 3.89e+02    -  6.41e-04 1.39e-05h  1
  25 -5.6220957e+00 4.67e+01 1.01e+02  -6.0 3.78e+02    -  1.39e-03 1.07e-03h  1
  26 -5.6197387e+00 4.65e+01 1.31e+02  -6.0 3.88e+02    -  1.38e-03 4.00e-03h  1
  27 -5.6058052e+00 4.59e+01 6.38e+02  -6.0 3.66e+02    -  4.11e-03 1.24e-02h  1
  28 -5.5896297e+00 4.54e+01 7.14e+02  -6.0 3.28e+02    -  1.14e-02 1.27e-02h  1
  29 -5.5838716e+00 4.52e+01 1.49e+02  -6.0 3.24e+02    -  1.31e-02 4.54e-03h  5
iter    objective    inf_pr   inf_du lg(mu)  ||d||  lg(rg) alpha_du alpha_pr  ls
  30 -5.5820760e+00 4.51e+01 1.46e+02  -6.0 3.21e+02    -  4.94e-03 1.40e-03h  7
  31 -5.5812586e+00 4.51e+01 2.50e+03  -6.0 3.19e+02    -  3.90e-02 6.20e-04h  8
  32 -5.5810719e+00 4.51e+01 2.70e+03  -6.0 3.16e+02    -  3.50e-03 1.41e-04h 11
  33 -5.5809847e+00 4.51e+01 3.18e+03  -6.0 3.15e+02    -  8.55e-03 6.46e-05h 12
  34 -5.3880103e+00 3.86e+01 6.60e+03  -6.0 3.14e+02    -  1.16e-03 1.42e-01h  1
  35 -5.3060851e+00 3.58e+01 8.44e+03  -6.0 2.74e+02    -  2.32e-02 7.48e-02h  1
  36 -5.3034272e+00 3.57e+01 6.86e+03  -6.0 2.44e+02    -  1.08e-01 2.73e-03h  1
  37r-5.3034272e+00 3.57e+01 1.00e+03   1.4 0.00e+00    -  0.00e+00 2.63e-08R  6
  38r-5.3039476e+00 3.57e+01 1.00e+03   1.4 6.32e+06    -  6.50e-09 3.40e-09f  1
  39r-5.3039476e+00 3.57e+01 9.99e+02   1.4 0.00e+00    -  0.00e+00 3.34e-07R  3
iter    objective    inf_pr   inf_du lg(mu)  ||d||  lg(rg) alpha_du alpha_pr  ls
  40r-5.3242428e+00 3.57e+01 9.99e+02   1.4 5.82e+04    -  2.17e-07 1.52e-07f  1
  41 -5.2978790e+00 3.40e+01 2.36e+04  -6.0 1.86e+02    -  1.09e-06 4.65e-02h  1
  42 -5.2845280e+00 3.08e+01 2.14e+04  -6.0 1.60e+02    -  6.28e-02 9.36e-02h  1
  43 -5.3088421e+00 2.86e+01 1.99e+04  -6.0 9.18e+01    -  2.09e-01 7.13e-02h  1
  44 -5.2586775e+00 2.39e+01 1.66e+04  -6.0 1.47e+02    -  3.79e-01 1.65e-01h  1
  45 -5.2599750e+00 2.12e+01 1.47e+04  -6.0 1.13e+02    -  1.39e-01 1.14e-01h  1
  46 -5.3883561e+00 6.64e+00 4.60e+03  -6.0 9.08e+01    -  4.41e-01 6.87e-01h  1
  47 -5.6699965e+00 4.57e+00 1.11e+06  -6.0 6.22e+01    -  3.40e-01 3.13e-01h  1
  48 -5.8034019e+00 3.03e+00 9.02e+05  -6.0 9.58e+01    -  4.39e-01 3.37e-01h  1
  49 -5.8333987e+00 1.61e+00 7.56e+05  -6.0 8.92e+01    -  1.47e-01 4.70e-01h  1
iter    objective    inf_pr   inf_du lg(mu)  ||d||  lg(rg) alpha_du alpha_pr  ls
  50 -5.8756447e+00 1.27e+00 6.48e+05  -6.0 8.38e+01    -  1.25e-01 2.08e-01h  1
  51 -5.8754857e+00 1.18e+00 6.04e+05  -6.0 8.29e+01    -  3.54e-01 7.17e-02h  1
  52r-5.8754857e+00 1.18e+00 1.00e+03  -0.1 0.00e+00    -  0.00e+00 1.38e-07R  2
  53r-5.8777203e+00 1.18e+00 1.00e+03  -0.1 1.10e+04    -  7.03e-06 1.81e-06f  1
  54 -5.8777369e+00 1.16e+00 1.89e+04  -6.0 6.50e+01    -  6.64e-04 1.26e-02h  1
  55 -5.8768408e+00 1.12e+00 1.65e+04  -6.0 4.39e+00    -  1.26e-02 3.40e-02h  1
  56 -5.8729896e+00 9.59e-01 1.41e+04  -6.0 4.21e+00    -  4.09e-02 1.47e-01h  1
  57 -5.8631091e+00 6.65e-01 9.77e+03  -6.0 2.76e+00    -  2.13e-01 3.06e-01h  1
  58 -5.8532804e+00 3.65e-01 5.36e+03  -6.0 2.33e+00    -  6.82e-01 4.52e-01h  1
  59 -5.8471885e+00 8.57e-02 1.26e+03  -6.0 5.01e+00    -  2.26e-01 7.65e-01h  1
iter    objective    inf_pr   inf_du lg(mu)  ||d||  lg(rg) alpha_du alpha_pr  ls
  60 -5.8497055e+00 5.35e-03 1.87e+02  -6.0 5.40e+00    -  5.49e-01 1.00e+00h  1
  61 -5.8597477e+00 1.58e-02 3.32e+02  -6.0 1.11e+01    -  5.78e-01 1.00e+00h  1
  62 -5.8773316e+00 4.66e-02 2.71e+01  -6.0 2.30e+01    -  7.68e-01 1.00e+00h  1
  63 -5.9195677e+00 4.48e-01 4.50e+02  -6.0 6.08e+01    -  6.06e-01 1.00e+00h  1
  64 -5.9497798e+00 6.04e-01 7.62e+02  -6.0 1.10e+02    -  8.19e-01 1.00e+00h  1
  65 -5.9516488e+00 4.26e-01 5.35e+02  -6.0 4.61e+01  -5.5 3.19e-01 3.08e-01h  1
  66 -5.9568385e+00 3.39e-01 4.37e+02  -6.0 1.45e+02  -6.0 8.25e-01 1.99e-01h  1
  67 -5.9762715e+00 5.20e-01 3.75e+02  -6.0 8.41e+02    -  9.54e-02 9.97e-02h  1
  68 -5.9846947e+00 3.17e-01 1.42e+04  -6.0 1.34e+02  -6.5 9.68e-01 3.94e-01h  1
  69 -6.0113459e+00 2.45e-01 4.86e+03  -6.0 1.44e+02  -7.0 9.89e-01 7.66e-01h  1
iter    objective    inf_pr   inf_du lg(mu)  ||d||  lg(rg) alpha_du alpha_pr  ls
  70 -6.0204947e+00 5.39e+00 2.23e+03  -6.0 6.66e+03    -  6.37e-02 9.11e-02h  1
  71 -6.0208510e+00 5.36e+00 4.83e+03  -6.0 1.47e+04    -  3.18e-02 6.25e-03h  1
  72 -6.0226135e+00 5.30e+00 6.01e+04  -6.0 2.48e+03    -  5.90e-01 4.21e-02h  1
  73 -6.0225977e+00 4.34e+00 1.50e+06  -6.0 4.44e+01  -3.8 1.16e-02 1.80e-01h  1
  74 -6.0399588e+00 6.80e+01 1.15e+06  -6.0 9.04e+03    -  6.74e-03 2.31e-01h  1
  75 -6.0399654e+00 6.79e+01 1.15e+06  -6.0 1.55e+03    -  2.41e-05 5.89e-04h  1
  76 -6.0399555e+00 6.79e+01 1.15e+06  -6.0 2.13e+04    -  7.13e-07 1.01e-04h  1
  77 -6.0399631e+00 6.79e+01 1.15e+06  -6.0 1.79e+04    -  3.62e-07 4.86e-05f  1
  78 -6.0399583e+00 6.79e+01 1.15e+06  -6.0 2.13e+04    -  7.11e-07 4.90e-05h  1
  79 -6.0399620e+00 6.79e+01 1.15e+06  -6.0 7.79e+03    -  1.73e-06 5.60e-05f  1
iter    objective    inf_pr   inf_du lg(mu)  ||d||  lg(rg) alpha_du alpha_pr  ls
  80 -6.0399588e+00 6.79e+01 1.15e+06  -6.0 9.92e+03    -  3.23e-06 6.59e-05h  1
  81 -6.0399612e+00 6.79e+01 1.15e+06  -6.0 3.58e+03    -  7.08e-06 8.53e-05f  1
  82 -6.0399579e+00 6.79e+01 1.15e+06  -6.0 6.18e+03    -  8.24e-06 1.04e-04h  1
  83 -6.0399603e+00 6.79e+01 1.15e+06  -6.0 2.79e+03    -  1.07e-05 1.16e-04f  1
  84 -6.0399566e+00 6.79e+01 1.15e+06  -6.0 6.52e+03    -  7.43e-06 1.12e-04h  1
  85 -6.0399593e+00 6.79e+01 1.15e+06  -6.0 3.53e+03    -  7.12e-06 9.99e-05f  1
  86 -6.0399558e+00 6.79e+01 1.15e+06  -6.0 7.42e+03    -  5.76e-06 9.43e-05h  1
  87 -6.0399584e+00 6.79e+01 1.15e+06  -6.0 3.53e+03    -  7.21e-06 9.49e-05f  1
  88 -6.0399550e+00 6.79e+01 1.14e+06  -6.0 6.92e+03    -  6.61e-06 9.81e-05h  1
  89 -6.0399575e+00 6.79e+01 1.14e+06  -6.0 3.25e+03    -  8.30e-06 1.02e-04f  1
iter    objective    inf_pr   inf_du lg(mu)  ||d||  lg(rg) alpha_du alpha_pr  ls
  90 -6.0399540e+00 6.78e+01 1.14e+06  -6.0 6.77e+03    -  6.90e-06 1.03e-04h  1
  91 -6.0399566e+00 6.78e+01 1.14e+06  -6.0 3.35e+03    -  7.91e-06 1.01e-04f  1
  92 -6.0399530e+00 6.78e+01 1.14e+06  -6.0 6.99e+03    -  6.50e-06 1.00e-04h  1
  93 -6.0399556e+00 6.78e+01 1.14e+06  -6.0 3.42e+03    -  7.64e-06 9.91e-05f  1
  94 -6.0399521e+00 6.78e+01 1.14e+06  -6.0 6.98e+03    -  6.52e-06 9.93e-05h  1
  95 -6.0399547e+00 6.78e+01 1.14e+06  -6.0 3.38e+03    -  7.84e-06 1.00e-04f  1
  96 -6.0399512e+00 6.78e+01 1.14e+06  -6.0 6.92e+03    -  6.63e-06 1.00e-04h  1
  97 -6.0399538e+00 6.78e+01 1.14e+06  -6.0 3.38e+03    -  7.84e-06 1.00e-04f  1
  98 -6.0399503e+00 6.78e+01 1.14e+06  -6.0 6.95e+03    -  6.57e-06 1.00e-04h  1
  99 -6.0399529e+00 6.78e+01 1.14e+06  -6.0 3.40e+03    -  7.75e-06 1.00e-04f  1
iter    objective    inf_pr   inf_du lg(mu)  ||d||  lg(rg) alpha_du alpha_pr  ls
 100 -6.0399493e+00 6.78e+01 1.14e+06  -6.0 6.98e+03    -  6.54e-06 1.00e-04h  1
 101 -6.0399519e+00 6.78e+01 1.14e+06  -6.0 3.41e+03    -  7.75e-06 1.00e-04f  1
 102 -6.0399484e+00 6.78e+01 1.14e+06  -6.0 6.97e+03    -  6.55e-06 1.00e-04h  1
 103 -6.0399510e+00 6.78e+01 1.14e+06  -6.0 3.41e+03    -  7.76e-06 1.00e-04f  1
 104 -6.0399475e+00 6.78e+01 1.14e+06  -6.0 6.98e+03    -  6.55e-06 1.00e-04h  1
 105 -6.0399501e+00 6.77e+01 1.14e+06  -6.0 3.42e+03    -  7.73e-06 1.00e-04f  1
 106 -6.0399465e+00 6.77e+01 1.14e+06  -6.0 6.99e+03    -  6.53e-06 1.00e-04h  1
 107 -6.0399491e+00 6.77e+01 1.14e+06  -6.0 3.43e+03    -  7.72e-06 1.00e-04f  1
 108 -6.0399456e+00 6.77e+01 1.14e+06  -6.0 7.00e+03    -  6.52e-06 1.00e-04h  1
 109 -6.0399482e+00 6.77e+01 1.14e+06  -6.0 3.44e+03    -  7.71e-06 1.00e-04f  1
iter    objective    inf_pr   inf_du lg(mu)  ||d||  lg(rg) alpha_du alpha_pr  ls
 110 -6.0399446e+00 6.77e+01 1.14e+06  -6.0 7.00e+03    -  6.51e-06 1.00e-04h  1
 111 -6.0399472e+00 6.77e+01 1.14e+06  -6.0 3.45e+03    -  7.69e-06 1.00e-04f  1
 112 -6.0399437e+00 6.77e+01 1.14e+06  -6.0 7.01e+03    -  6.50e-06 1.00e-04h  1
 113 -6.0399463e+00 6.77e+01 1.14e+06  -6.0 3.45e+03    -  7.68e-06 1.00e-04f  1
 114 -6.0399427e+00 6.77e+01 1.14e+06  -6.0 7.02e+03    -  6.49e-06 1.00e-04h  1
 115 -6.0399454e+00 6.77e+01 1.14e+06  -6.0 3.46e+03    -  7.66e-06 1.00e-04f  1
 116 -6.0399418e+00 6.77e+01 1.14e+06  -6.0 7.03e+03    -  6.48e-06 1.00e-04h  1
 117 -6.0399444e+00 6.77e+01 1.14e+06  -6.0 3.47e+03    -  7.65e-06 1.00e-04f  1
 118 -6.0399408e+00 6.77e+01 1.14e+06  -6.0 7.04e+03    -  6.48e-06 1.00e-04h  1
 119 -6.0399435e+00 6.76e+01 1.14e+06  -6.0 3.48e+03    -  7.63e-06 1.00e-04f  1
iter    objective    inf_pr   inf_du lg(mu)  ||d||  lg(rg) alpha_du alpha_pr  ls
 120 -6.0399399e+00 6.76e+01 1.14e+06  -6.0 7.04e+03    -  6.47e-06 1.00e-04h  1
 121 -6.0399425e+00 6.76e+01 1.14e+06  -6.0 3.49e+03    -  7.62e-06 1.00e-04f  1
 122 -6.0399389e+00 6.76e+01 1.14e+06  -6.0 7.05e+03    -  6.46e-06 1.00e-04h  1
 123 -6.0399416e+00 6.76e+01 1.14e+06  -6.0 3.49e+03    -  7.61e-06 1.00e-04f  1
 124 -6.0399380e+00 6.76e+01 1.14e+06  -6.0 7.06e+03    -  6.45e-06 1.00e-04h  1
 125 -6.0399406e+00 6.76e+01 1.14e+06  -6.0 3.50e+03    -  7.59e-06 1.00e-04f  1
 126 -6.0399370e+00 6.76e+01 1.14e+06  -6.0 7.07e+03    -  6.44e-06 1.00e-04h  1
 127 -6.0399397e+00 6.76e+01 1.14e+06  -6.0 3.51e+03    -  7.58e-06 1.00e-04f  1
 128 -6.0399361e+00 6.76e+01 1.14e+06  -6.0 7.08e+03    -  6.43e-06 1.00e-04h  1
 129 -6.0399387e+00 6.76e+01 1.14e+06  -6.0 3.52e+03    -  7.56e-06 1.00e-04f  1
iter    objective    inf_pr   inf_du lg(mu)  ||d||  lg(rg) alpha_du alpha_pr  ls
 130 -6.0399351e+00 6.76e+01 1.14e+06  -6.0 7.09e+03    -  6.42e-06 1.00e-04h  1
 131 -6.0399378e+00 6.76e+01 1.14e+06  -6.0 3.53e+03    -  7.55e-06 1.00e-04f  1
 132 -6.0399342e+00 6.76e+01 1.14e+06  -6.0 7.09e+03    -  6.41e-06 1.00e-04h  1
 133 -6.0399368e+00 6.76e+01 1.14e+06  -6.0 3.53e+03    -  7.54e-06 1.00e-04f  1
 134 -6.0399332e+00 6.75e+01 1.14e+06  -6.0 7.10e+03    -  6.40e-06 1.00e-04h  1
 135 -6.0399359e+00 6.75e+01 1.14e+06  -6.0 3.54e+03    -  7.52e-06 1.00e-04f  1
 136 -6.0399323e+00 6.75e+01 1.14e+06  -6.0 7.11e+03    -  6.39e-06 1.00e-04h  1
 137 -6.0399349e+00 6.75e+01 1.14e+06  -6.0 3.55e+03    -  7.51e-06 1.00e-04f  1
 138 -6.0399313e+00 6.75e+01 1.14e+06  -6.0 7.12e+03    -  6.38e-06 1.00e-04h  1
 139 -6.0399340e+00 6.75e+01 1.14e+06  -6.0 3.56e+03    -  7.49e-06 1.00e-04f  1
iter    objective    inf_pr   inf_du lg(mu)  ||d||  lg(rg) alpha_du alpha_pr  ls
 140 -6.0399303e+00 6.75e+01 1.14e+06  -6.0 7.13e+03    -  6.37e-06 1.00e-04h  1
 141 -6.0399330e+00 6.75e+01 1.14e+06  -6.0 3.57e+03    -  7.48e-06 1.00e-04f  1
 142 -6.0399294e+00 6.75e+01 1.14e+06  -6.0 7.14e+03    -  6.36e-06 1.00e-04h  1
 143 -6.0399320e+00 6.75e+01 1.14e+06  -6.0 3.58e+03    -  7.47e-06 1.00e-04f  1
 144 -6.0399284e+00 6.75e+01 1.14e+06  -6.0 7.14e+03    -  6.35e-06 1.00e-04h  1
 145 -6.0399311e+00 6.75e+01 1.14e+06  -6.0 3.59e+03    -  7.45e-06 1.00e-04f  1
 146 -6.0399274e+00 6.75e+01 1.14e+06  -6.0 7.15e+03    -  6.34e-06 1.00e-04h  1
 147 -6.0399301e+00 6.75e+01 1.14e+06  -6.0 3.59e+03    -  7.44e-06 1.00e-04f  1
 148 -6.0399265e+00 6.75e+01 1.14e+06  -6.0 7.16e+03    -  6.33e-06 1.00e-04h  1
 149 -6.0399291e+00 6.74e+01 1.14e+06  -6.0 3.60e+03    -  7.42e-06 1.00e-04f  1
iter    objective    inf_pr   inf_du lg(mu)  ||d||  lg(rg) alpha_du alpha_pr  ls
 150 -6.0399255e+00 6.74e+01 1.14e+06  -6.0 7.17e+03    -  6.33e-06 1.00e-04h  1
 151 -6.0399282e+00 6.74e+01 1.14e+06  -6.0 3.61e+03    -  7.41e-06 1.00e-04f  1
 152 -6.0399245e+00 6.74e+01 1.14e+06  -6.0 7.18e+03    -  6.32e-06 1.00e-04h  1
 153 -6.0399272e+00 6.74e+01 1.14e+06  -6.0 3.62e+03    -  7.40e-06 1.00e-04f  1
 154 -6.0399235e+00 6.74e+01 1.14e+06  -6.0 7.19e+03    -  6.31e-06 1.00e-04h  1
 155 -6.0399262e+00 6.74e+01 1.14e+06  -6.0 3.63e+03    -  7.38e-06 1.00e-04f  1
 156 -6.0399226e+00 6.74e+01 1.14e+06  -6.0 7.19e+03    -  6.30e-06 1.00e-04h  1
 157 -6.0399253e+00 6.74e+01 1.14e+06  -6.0 3.64e+03    -  7.37e-06 1.00e-04f  1
 158 -6.0399216e+00 6.74e+01 1.14e+06  -6.0 7.20e+03    -  6.29e-06 1.00e-04h  1
 159 -6.0399243e+00 6.74e+01 1.14e+06  -6.0 3.65e+03    -  7.36e-06 1.00e-04f  1
iter    objective    inf_pr   inf_du lg(mu)  ||d||  lg(rg) alpha_du alpha_pr  ls
 160 -6.0399206e+00 6.74e+01 1.14e+06  -6.0 7.21e+03    -  6.28e-06 1.00e-04h  1
 161 -6.0399233e+00 6.74e+01 1.14e+06  -6.0 3.65e+03    -  7.34e-06 1.00e-04f  1
 162 -6.0399196e+00 6.74e+01 1.14e+06  -6.0 7.22e+03    -  6.27e-06 1.00e-04h  1
 163 -6.0399224e+00 6.74e+01 1.14e+06  -6.0 3.66e+03    -  7.33e-06 1.00e-04f  1
 164 -6.0399187e+00 6.73e+01 1.14e+06  -6.0 7.23e+03    -  6.26e-06 1.00e-04h  1
 165 -6.0399214e+00 6.73e+01 1.14e+06  -6.0 3.67e+03    -  7.31e-06 1.00e-04f  1
 166 -6.0399177e+00 6.73e+01 1.14e+06  -6.0 7.24e+03    -  6.25e-06 1.00e-04h  1
 167 -6.0399204e+00 6.73e+01 1.14e+06  -6.0 3.68e+03    -  7.30e-06 1.00e-04f  1
 168 -6.0399167e+00 6.73e+01 1.14e+06  -6.0 7.25e+03    -  6.24e-06 1.00e-04h  1
 169 -6.0399194e+00 6.73e+01 1.14e+06  -6.0 3.69e+03    -  7.29e-06 1.00e-04f  1
iter    objective    inf_pr   inf_du lg(mu)  ||d||  lg(rg) alpha_du alpha_pr  ls
 170 -6.0399157e+00 6.73e+01 1.14e+06  -6.0 7.26e+03    -  6.23e-06 1.00e-04h  1
 171 -6.0399184e+00 6.73e+01 1.14e+06  -6.0 3.70e+03    -  7.27e-06 1.00e-04f  1
 172 -6.0399147e+00 6.73e+01 1.14e+06  -6.0 7.26e+03    -  6.22e-06 1.00e-04h  1
 173 -6.0399175e+00 6.73e+01 1.14e+06  -6.0 3.71e+03    -  7.26e-06 1.00e-04f  1
 174 -6.0399137e+00 6.73e+01 1.14e+06  -6.0 7.27e+03    -  6.21e-06 1.00e-04h  1
 175 -6.0399165e+00 6.73e+01 1.14e+06  -6.0 3.72e+03    -  7.24e-06 1.00e-04f  1
 176 -6.0399128e+00 6.73e+01 1.13e+06  -6.0 7.28e+03    -  6.20e-06 1.00e-04h  1
 177 -6.0399155e+00 6.73e+01 1.13e+06  -6.0 3.72e+03    -  7.23e-06 1.00e-04f  1
 178 -6.0399118e+00 6.73e+01 1.13e+06  -6.0 7.29e+03    -  6.19e-06 1.00e-04h  1
 179 -6.0399145e+00 6.72e+01 1.13e+06  -6.0 3.73e+03    -  7.22e-06 1.00e-04f  1
iter    objective    inf_pr   inf_du lg(mu)  ||d||  lg(rg) alpha_du alpha_pr  ls
 180 -6.0399108e+00 6.72e+01 1.13e+06  -6.0 7.30e+03    -  6.18e-06 1.00e-04h  1
 181 -6.0399135e+00 6.72e+01 1.13e+06  -6.0 3.74e+03    -  7.20e-06 1.00e-04f  1
 182 -6.0399098e+00 6.72e+01 1.13e+06  -6.0 7.31e+03    -  6.18e-06 1.00e-04h  1
 183 -6.0399125e+00 6.72e+01 1.13e+06  -6.0 3.75e+03    -  7.19e-06 1.00e-04f  1
 184 -6.0399088e+00 6.72e+01 1.13e+06  -6.0 7.32e+03    -  6.17e-06 1.00e-04h  1
 185 -6.0399115e+00 6.72e+01 1.13e+06  -6.0 3.76e+03    -  7.17e-06 1.00e-04f  1
 186 -6.0399078e+00 6.72e+01 1.13e+06  -6.0 7.33e+03    -  6.16e-06 1.00e-04h  1
 187 -6.0399106e+00 6.72e+01 1.13e+06  -6.0 3.77e+03    -  7.16e-06 1.00e-04f  1
 188 -6.0399068e+00 6.72e+01 1.13e+06  -6.0 7.34e+03    -  6.15e-06 1.00e-04h  1
 189 -6.0399096e+00 6.72e+01 1.13e+06  -6.0 3.78e+03    -  7.15e-06 1.00e-04f  1
iter    objective    inf_pr   inf_du lg(mu)  ||d||  lg(rg) alpha_du alpha_pr  ls
 190 -6.0399058e+00 6.72e+01 1.13e+06  -6.0 7.35e+03    -  6.14e-06 1.00e-04h  1
 191 -6.0399086e+00 6.72e+01 1.13e+06  -6.0 3.79e+03    -  7.13e-06 1.00e-04f  1
 192 -6.0399048e+00 6.72e+01 1.13e+06  -6.0 7.35e+03    -  6.13e-06 1.00e-04h  1
 193 -6.0399076e+00 6.72e+01 1.13e+06  -6.0 3.80e+03    -  7.12e-06 1.00e-04f  1
 194 -6.0399038e+00 6.71e+01 1.13e+06  -6.0 7.36e+03    -  6.12e-06 1.00e-04h  1
 195 -6.0399066e+00 6.71e+01 1.13e+06  -6.0 3.81e+03    -  7.10e-06 1.00e-04f  1
 196 -6.0399028e+00 6.71e+01 1.13e+06  -6.0 7.37e+03    -  6.11e-06 1.00e-04h  1
 197 -6.0399056e+00 6.71e+01 1.13e+06  -6.0 3.82e+03    -  7.09e-06 1.00e-04f  1
 198 -6.0399018e+00 6.71e+01 1.13e+06  -6.0 7.38e+03    -  6.10e-06 1.00e-04h  1
 199 -6.0399046e+00 6.71e+01 1.13e+06  -6.0 3.83e+03    -  7.08e-06 1.00e-04f  1
iter    objective    inf_pr   inf_du lg(mu)  ||d||  lg(rg) alpha_du alpha_pr  ls
 200 -6.0399008e+00 6.71e+01 1.13e+06  -6.0 7.39e+03    -  6.09e-06 1.00e-04h  1
 201 -6.0399036e+00 6.71e+01 1.13e+06  -6.0 3.83e+03    -  7.06e-06 1.00e-04f  1
 202 -6.0398998e+00 6.71e+01 1.13e+06  -6.0 7.40e+03    -  6.08e-06 1.00e-04h  1
 203 -6.0399026e+00 6.71e+01 1.13e+06  -6.0 3.84e+03    -  7.05e-06 1.00e-04f  1
 204 -6.0398988e+00 6.71e+01 1.13e+06  -6.0 7.41e+03    -  6.07e-06 1.00e-04h  1
 205 -6.0399016e+00 6.71e+01 1.13e+06  -6.0 3.85e+03    -  7.04e-06 1.00e-04f  1
 206 -6.0398978e+00 6.71e+01 1.13e+06  -6.0 7.42e+03    -  6.06e-06 1.00e-04h  1
 207 -6.0399006e+00 6.71e+01 1.13e+06  -6.0 3.86e+03    -  7.02e-06 1.00e-04f  1
 208 -6.0398968e+00 6.70e+01 1.13e+06  -6.0 7.43e+03    -  6.05e-06 1.00e-04h  1
 209 -6.0398996e+00 6.70e+01 1.13e+06  -6.0 3.87e+03    -  7.01e-06 1.00e-04f  1
iter    objective    inf_pr   inf_du lg(mu)  ||d||  lg(rg) alpha_du alpha_pr  ls
 210 -6.0398957e+00 6.70e+01 1.13e+06  -6.0 7.44e+03    -  6.04e-06 1.00e-04h  1
 211 -6.0398986e+00 6.70e+01 1.13e+06  -6.0 3.88e+03    -  6.99e-06 1.00e-04f  1
 212 -6.0398947e+00 6.70e+01 1.13e+06  -6.0 7.45e+03    -  6.03e-06 1.00e-04h  1
 213 -6.0398975e+00 6.70e+01 1.13e+06  -6.0 3.89e+03    -  6.98e-06 1.00e-04f  1
 214 -6.0398937e+00 6.70e+01 1.13e+06  -6.0 7.46e+03    -  6.02e-06 1.00e-04h  1
 215 -6.0398965e+00 6.70e+01 1.13e+06  -6.0 3.90e+03    -  6.97e-06 1.00e-04f  1
 216 -6.0398927e+00 6.70e+01 1.13e+06  -6.0 7.47e+03    -  6.02e-06 1.00e-04h  1
 217 -6.0398955e+00 6.70e+01 1.13e+06  -6.0 3.91e+03    -  6.95e-06 1.00e-04f  1
 218 -6.0398917e+00 6.70e+01 1.13e+06  -6.0 7.48e+03    -  6.01e-06 1.00e-04h  1
 219 -6.0398945e+00 6.70e+01 1.13e+06  -6.0 3.92e+03    -  6.94e-06 1.00e-04f  1
iter    objective    inf_pr   inf_du lg(mu)  ||d||  lg(rg) alpha_du alpha_pr  ls
 220 -6.0398907e+00 6.70e+01 1.13e+06  -6.0 7.49e+03    -  6.00e-06 1.00e-04h  1
 221 -6.0398935e+00 6.70e+01 1.13e+06  -6.0 3.93e+03    -  6.92e-06 1.00e-04f  1
 222 -6.0398896e+00 6.70e+01 1.13e+06  -6.0 7.50e+03    -  5.99e-06 1.00e-04h  1
 223 -6.0398925e+00 6.69e+01 1.13e+06  -6.0 3.94e+03    -  6.91e-06 1.00e-04f  1
 224 -6.0398886e+00 6.69e+01 1.13e+06  -6.0 7.51e+03    -  5.98e-06 1.00e-04h  1
 225 -6.0398915e+00 6.69e+01 1.13e+06  -6.0 3.95e+03    -  6.90e-06 1.00e-04f  1
 226 -6.0398876e+00 6.69e+01 1.13e+06  -6.0 7.51e+03    -  5.97e-06 1.00e-04h  1
 227 -6.0398905e+00 6.69e+01 1.13e+06  -6.0 3.96e+03    -  6.88e-06 1.00e-04f  1
 228 -6.0398866e+00 6.69e+01 1.13e+06  -6.0 7.52e+03    -  5.96e-06 1.00e-04h  1
 229 -6.0398894e+00 6.69e+01 1.13e+06  -6.0 3.97e+03    -  6.87e-06 1.00e-04f  1
iter    objective    inf_pr   inf_du lg(mu)  ||d||  lg(rg) alpha_du alpha_pr  ls
 230 -6.0398856e+00 6.69e+01 1.13e+06  -6.0 7.53e+03    -  5.95e-06 1.00e-04h  1
 231 -6.0398884e+00 6.69e+01 1.13e+06  -6.0 3.98e+03    -  6.86e-06 1.00e-04f  1
 232 -6.0398845e+00 6.69e+01 1.13e+06  -6.0 7.54e+03    -  5.94e-06 1.00e-04h  1
 233 -6.0398874e+00 6.69e+01 1.13e+06  -6.0 3.99e+03    -  6.84e-06 1.00e-04f  1
 234 -6.0398835e+00 6.69e+01 1.13e+06  -6.0 7.55e+03    -  5.93e-06 1.00e-04h  1
 235 -6.0398864e+00 6.69e+01 1.13e+06  -6.0 4.00e+03    -  6.83e-06 1.00e-04f  1
 236 -6.0398825e+00 6.69e+01 1.13e+06  -6.0 7.56e+03    -  5.92e-06 1.00e-04h  1
 237 -6.0398853e+00 6.69e+01 1.13e+06  -6.0 4.01e+03    -  6.81e-06 1.00e-04f  1
 238 -6.0398814e+00 6.68e+01 1.13e+06  -6.0 7.57e+03    -  5.91e-06 1.00e-04h  1
 239 -6.0398843e+00 6.68e+01 1.13e+06  -6.0 4.02e+03    -  6.80e-06 1.00e-04f  1
iter    objective    inf_pr   inf_du lg(mu)  ||d||  lg(rg) alpha_du alpha_pr  ls
 240 -6.0398804e+00 6.68e+01 1.13e+06  -6.0 7.58e+03    -  5.90e-06 1.00e-04h  1
 241 -6.0398833e+00 6.68e+01 1.13e+06  -6.0 4.03e+03    -  6.79e-06 1.00e-04f  1
 242 -6.0398794e+00 6.68e+01 1.13e+06  -6.0 7.59e+03    -  5.89e-06 1.00e-04h  1
 243 -6.0398823e+00 6.68e+01 1.13e+06  -6.0 4.04e+03    -  6.77e-06 1.00e-04f  1
 244 -6.0398783e+00 6.68e+01 1.13e+06  -6.0 7.60e+03    -  5.88e-06 1.00e-04h  1
 245 -6.0398812e+00 6.68e+01 1.13e+06  -6.0 4.05e+03    -  6.76e-06 1.00e-04f  1
 246 -6.0398773e+00 6.68e+01 1.13e+06  -6.0 7.61e+03    -  5.87e-06 1.00e-04h  1
 247 -6.0398802e+00 6.68e+01 1.13e+06  -6.0 4.06e+03    -  6.75e-06 1.00e-04f  1
 248 -6.0398763e+00 6.68e+01 1.13e+06  -6.0 7.62e+03    -  5.86e-06 1.00e-04h  1
 249 -6.0398792e+00 6.68e+01 1.13e+06  -6.0 4.07e+03    -  6.73e-06 1.00e-04f  1
iter    objective    inf_pr   inf_du lg(mu)  ||d||  lg(rg) alpha_du alpha_pr  ls
 250 -6.0398752e+00 6.68e+01 1.13e+06  -6.0 7.63e+03    -  5.85e-06 1.00e-04h  1
 251 -6.0398781e+00 6.68e+01 1.13e+06  -6.0 4.08e+03    -  6.72e-06 1.00e-04f  1
 252 -6.0398742e+00 6.68e+01 1.13e+06  -6.0 7.65e+03    -  5.84e-06 1.00e-04h  1
 253 -6.0398771e+00 6.67e+01 1.13e+06  -6.0 4.09e+03    -  6.70e-06 1.00e-04f  1
 254 -6.0398731e+00 6.67e+01 1.13e+06  -6.0 7.66e+03    -  5.84e-06 1.00e-04h  1
 255 -6.0398761e+00 6.67e+01 1.13e+06  -6.0 4.10e+03    -  6.69e-06 1.00e-04f  1
 256 -6.0398721e+00 6.67e+01 1.13e+06  -6.0 7.67e+03    -  5.83e-06 1.00e-04h  1
 257 -6.0398750e+00 6.67e+01 1.13e+06  -6.0 4.11e+03    -  6.68e-06 1.00e-04f  1
 258 -6.0398711e+00 6.67e+01 1.13e+06  -6.0 7.68e+03    -  5.82e-06 1.00e-04h  1
 259 -6.0398740e+00 6.67e+01 1.13e+06  -6.0 4.12e+03    -  6.66e-06 1.00e-04f  1
iter    objective    inf_pr   inf_du lg(mu)  ||d||  lg(rg) alpha_du alpha_pr  ls
 260 -6.0398700e+00 6.67e+01 1.13e+06  -6.0 7.69e+03    -  5.81e-06 1.00e-04h  1
 261 -6.0398729e+00 6.67e+01 1.13e+06  -6.0 4.13e+03    -  6.65e-06 1.00e-04f  1
 262 -6.0398690e+00 6.67e+01 1.13e+06  -6.0 7.70e+03    -  5.80e-06 1.00e-04h  1
 263 -6.0398719e+00 6.67e+01 1.13e+06  -6.0 4.14e+03    -  6.64e-06 1.00e-04f  1
 264 -6.0398679e+00 6.67e+01 1.12e+06  -6.0 7.71e+03    -  5.79e-06 1.00e-04h  1
 265 -6.0398709e+00 6.67e+01 1.12e+06  -6.0 4.15e+03    -  6.62e-06 1.00e-04f  1
 266 -6.0398669e+00 6.67e+01 1.12e+06  -6.0 7.72e+03    -  5.78e-06 1.00e-04h  1
 267 -6.0398698e+00 6.67e+01 1.12e+06  -6.0 4.16e+03    -  6.61e-06 1.00e-04f  1
 268 -6.0398658e+00 6.66e+01 1.12e+06  -6.0 7.73e+03    -  5.77e-06 1.00e-04h  1
 269 -6.0398688e+00 6.66e+01 1.12e+06  -6.0 4.17e+03    -  6.60e-06 1.00e-04f  1
iter    objective    inf_pr   inf_du lg(mu)  ||d||  lg(rg) alpha_du alpha_pr  ls
 270 -6.0398648e+00 6.66e+01 1.12e+06  -6.0 7.74e+03    -  5.76e-06 1.00e-04h  1
 271 -6.0398677e+00 6.66e+01 1.12e+06  -6.0 4.18e+03    -  6.58e-06 1.00e-04f  1
 272 -6.0398637e+00 6.66e+01 1.12e+06  -6.0 7.75e+03    -  5.75e-06 1.00e-04h  1
 273 -6.0398667e+00 6.66e+01 1.12e+06  -6.0 4.20e+03    -  6.57e-06 1.00e-04f  1
 274 -6.0398627e+00 6.66e+01 1.12e+06  -6.0 7.76e+03    -  5.74e-06 1.00e-04h  1
 275 -6.0398656e+00 6.66e+01 1.12e+06  -6.0 4.21e+03    -  6.55e-06 1.00e-04f  1
 276 -6.0398616e+00 6.66e+01 1.12e+06  -6.0 7.77e+03    -  5.73e-06 1.00e-04h  1
 277 -6.0398646e+00 6.66e+01 1.12e+06  -6.0 4.22e+03    -  6.54e-06 1.00e-04f  1
 278 -6.0398605e+00 6.66e+01 1.12e+06  -6.0 7.78e+03    -  5.72e-06 1.00e-04h  1
 279 -6.0398635e+00 6.66e+01 1.12e+06  -6.0 4.23e+03    -  6.53e-06 1.00e-04f  1
iter    objective    inf_pr   inf_du lg(mu)  ||d||  lg(rg) alpha_du alpha_pr  ls
 280 -6.0398595e+00 6.66e+01 1.12e+06  -6.0 7.79e+03    -  5.71e-06 1.00e-04h  1
 281 -6.0398625e+00 6.66e+01 1.12e+06  -6.0 4.24e+03    -  6.51e-06 1.00e-04f  1
 282 -6.0398584e+00 6.66e+01 1.12e+06  -6.0 7.80e+03    -  5.70e-06 1.00e-04h  1
 283 -6.0398614e+00 6.65e+01 1.12e+06  -6.0 4.25e+03    -  6.50e-06 1.00e-04f  1
 284 -6.0398574e+00 6.65e+01 1.12e+06  -6.0 7.81e+03    -  5.69e-06 1.00e-04h  1
 285 -6.0398603e+00 6.65e+01 1.12e+06  -6.0 4.26e+03    -  6.49e-06 1.00e-04f  1
 286 -6.0398563e+00 6.65e+01 1.12e+06  -6.0 7.83e+03    -  5.68e-06 1.00e-04h  1
 287 -6.0398593e+00 6.65e+01 1.12e+06  -6.0 4.27e+03    -  6.47e-06 1.00e-04f  1
 288 -6.0398552e+00 6.65e+01 1.12e+06  -6.0 7.84e+03    -  5.67e-06 1.00e-04h  1
 289 -6.0398582e+00 6.65e+01 1.12e+06  -6.0 4.28e+03    -  6.46e-06 1.00e-04f  1
iter    objective    inf_pr   inf_du lg(mu)  ||d||  lg(rg) alpha_du alpha_pr  ls
 290 -6.0398542e+00 6.65e+01 1.12e+06  -6.0 7.85e+03    -  5.66e-06 1.00e-04h  1
 291 -6.0398572e+00 6.65e+01 1.12e+06  -6.0 4.29e+03    -  6.44e-06 1.00e-04f  1
 292 -6.0398531e+00 6.65e+01 1.12e+06  -6.0 7.86e+03    -  5.65e-06 1.00e-04h  1
 293 -6.0398561e+00 6.65e+01 1.12e+06  -6.0 4.30e+03    -  6.43e-06 1.00e-04f  1
 294 -6.0398520e+00 6.65e+01 1.12e+06  -6.0 7.87e+03    -  5.64e-06 1.00e-04h  1
 295 -6.0398550e+00 6.65e+01 1.12e+06  -6.0 4.32e+03    -  6.42e-06 1.00e-04f  1
 296 -6.0398510e+00 6.65e+01 1.12e+06  -6.0 7.88e+03    -  5.64e-06 1.00e-04h  1
 297 -6.0398540e+00 6.65e+01 1.12e+06  -6.0 4.33e+03    -  6.40e-06 1.00e-04f  1
 298 -6.0398499e+00 6.64e+01 1.12e+06  -6.0 7.89e+03    -  5.63e-06 1.00e-04h  1
 299 -6.0398529e+00 6.64e+01 1.12e+06  -6.0 4.34e+03    -  6.39e-06 1.00e-04f  1
iter    objective    inf_pr   inf_du lg(mu)  ||d||  lg(rg) alpha_du alpha_pr  ls
 300 -6.0398488e+00 6.64e+01 1.12e+06  -6.0 7.90e+03    -  5.62e-06 1.00e-04h  1
 301 -6.0398518e+00 6.64e+01 1.12e+06  -6.0 4.35e+03    -  6.38e-06 1.00e-04f  1
 302 -6.0398477e+00 6.64e+01 1.12e+06  -6.0 7.91e+03    -  5.61e-06 1.00e-04h  1
 303 -6.0398508e+00 6.64e+01 1.12e+06  -6.0 4.36e+03    -  6.36e-06 1.00e-04f  1
 304 -6.0398467e+00 6.64e+01 1.12e+06  -6.0 7.93e+03    -  5.60e-06 1.00e-04h  1
 305 -6.0398497e+00 6.64e+01 1.12e+06  -6.0 4.37e+03    -  6.35e-06 1.00e-04f  1
 306 -6.0398456e+00 6.64e+01 1.12e+06  -6.0 7.94e+03    -  5.59e-06 1.00e-04h  1
 307 -6.0398486e+00 6.64e+01 1.12e+06  -6.0 4.38e+03    -  6.34e-06 1.00e-04f  1
 308 -6.0398445e+00 6.64e+01 1.12e+06  -6.0 7.95e+03    -  5.58e-06 1.00e-04h  1
 309 -6.0398475e+00 6.64e+01 1.12e+06  -6.0 4.40e+03    -  6.32e-06 1.00e-04f  1
iter    objective    inf_pr   inf_du lg(mu)  ||d||  lg(rg) alpha_du alpha_pr  ls
 310 -6.0398434e+00 6.64e+01 1.12e+06  -6.0 7.96e+03    -  5.57e-06 1.00e-04h  1
 311 -6.0398465e+00 6.64e+01 1.12e+06  -6.0 4.41e+03    -  6.31e-06 1.00e-04f  1
 312 -6.0398423e+00 6.64e+01 1.12e+06  -6.0 7.97e+03    -  5.56e-06 1.00e-04h  1
 313 -6.0398454e+00 6.63e+01 1.12e+06  -6.0 4.42e+03    -  6.30e-06 1.00e-04f  1
 314 -6.0398413e+00 6.63e+01 1.12e+06  -6.0 7.98e+03    -  5.55e-06 1.00e-04h  1
 315 -6.0398443e+00 6.63e+01 1.12e+06  -6.0 4.43e+03    -  6.28e-06 1.00e-04f  1
 316 -6.0398402e+00 6.63e+01 1.12e+06  -6.0 7.99e+03    -  5.54e-06 1.00e-04h  1
 317 -6.0398432e+00 6.63e+01 1.12e+06  -6.0 4.44e+03    -  6.27e-06 1.00e-04f  1
 318 -6.0398391e+00 6.63e+01 1.12e+06  -6.0 8.01e+03    -  5.53e-06 1.00e-04h  1
 319 -6.0398422e+00 6.63e+01 1.12e+06  -6.0 4.45e+03    -  6.25e-06 1.00e-04f  1
iter    objective    inf_pr   inf_du lg(mu)  ||d||  lg(rg) alpha_du alpha_pr  ls
 320 -6.0398380e+00 6.63e+01 1.12e+06  -6.0 8.02e+03    -  5.52e-06 1.00e-04h  1
 321 -6.0398411e+00 6.63e+01 1.12e+06  -6.0 4.47e+03    -  6.24e-06 1.00e-04f  1
 322 -6.0398369e+00 6.63e+01 1.12e+06  -6.0 8.03e+03    -  5.51e-06 1.00e-04h  1
 323 -6.0398400e+00 6.63e+01 1.12e+06  -6.0 4.48e+03    -  6.23e-06 1.00e-04f  1
 324 -6.0398358e+00 6.63e+01 1.12e+06  -6.0 8.04e+03    -  5.50e-06 1.00e-04h  1
 325 -6.0398389e+00 6.63e+01 1.12e+06  -6.0 4.49e+03    -  6.21e-06 1.00e-04f  1
 326 -6.0398347e+00 6.63e+01 1.12e+06  -6.0 8.05e+03    -  5.49e-06 1.00e-04h  1
 327 -6.0398378e+00 6.63e+01 1.12e+06  -6.0 4.50e+03    -  6.20e-06 1.00e-04f  1
 328 -6.0398336e+00 6.62e+01 1.12e+06  -6.0 8.07e+03    -  5.48e-06 1.00e-04h  1
 329 -6.0398367e+00 6.62e+01 1.12e+06  -6.0 4.51e+03    -  6.19e-06 1.00e-04f  1
iter    objective    inf_pr   inf_du lg(mu)  ||d||  lg(rg) alpha_du alpha_pr  ls
 330 -6.0398325e+00 6.62e+01 1.12e+06  -6.0 8.08e+03    -  5.47e-06 1.00e-04h  1
 331 -6.0398356e+00 6.62e+01 1.12e+06  -6.0 4.53e+03    -  6.17e-06 1.00e-04f  1
 332 -6.0398314e+00 6.62e+01 1.12e+06  -6.0 8.09e+03    -  5.46e-06 1.00e-04h  1
 333 -6.0398346e+00 6.62e+01 1.12e+06  -6.0 4.54e+03    -  6.16e-06 1.00e-04f  1
 334 -6.0398303e+00 6.62e+01 1.12e+06  -6.0 8.10e+03    -  5.45e-06 1.00e-04h  1
 335 -6.0398335e+00 6.62e+01 1.12e+06  -6.0 4.55e+03    -  6.15e-06 1.00e-04f  1
 336 -6.0398293e+00 6.62e+01 1.12e+06  -6.0 8.11e+03    -  5.44e-06 1.00e-04h  1
 337 -6.0398324e+00 6.62e+01 1.12e+06  -6.0 4.56e+03    -  6.13e-06 1.00e-04f  1
 338 -6.0398282e+00 6.62e+01 1.12e+06  -6.0 8.13e+03    -  5.43e-06 1.00e-04h  1
 339 -6.0398313e+00 6.62e+01 1.12e+06  -6.0 4.57e+03    -  6.12e-06 1.00e-04f  1
iter    objective    inf_pr   inf_du lg(mu)  ||d||  lg(rg) alpha_du alpha_pr  ls
 340 -6.0398271e+00 6.62e+01 1.12e+06  -6.0 8.14e+03    -  5.42e-06 1.00e-04h  1
 341 -6.0398302e+00 6.62e+01 1.12e+06  -6.0 4.59e+03    -  6.11e-06 1.00e-04f  1
 342 -6.0398259e+00 6.62e+01 1.12e+06  -6.0 8.15e+03    -  5.42e-06 1.00e-04h  1
 343 -6.0398291e+00 6.61e+01 1.12e+06  -6.0 4.60e+03    -  6.09e-06 1.00e-04f  1
 344 -6.0398248e+00 6.61e+01 1.12e+06  -6.0 8.16e+03    -  5.41e-06 1.00e-04h  1
 345 -6.0398280e+00 6.61e+01 1.12e+06  -6.0 4.61e+03    -  6.08e-06 1.00e-04f  1
 346 -6.0398237e+00 6.61e+01 1.12e+06  -6.0 8.17e+03    -  5.40e-06 1.00e-04h  1
 347 -6.0398269e+00 6.61e+01 1.12e+06  -6.0 4.62e+03    -  6.06e-06 1.00e-04f  1
 348 -6.0398226e+00 6.61e+01 1.12e+06  -6.0 8.19e+03    -  5.39e-06 1.00e-04h  1
 349 -6.0398258e+00 6.61e+01 1.12e+06  -6.0 4.64e+03    -  6.05e-06 1.00e-04f  1
iter    objective    inf_pr   inf_du lg(mu)  ||d||  lg(rg) alpha_du alpha_pr  ls
 350 -6.0398215e+00 6.61e+01 1.12e+06  -6.0 8.20e+03    -  5.38e-06 1.00e-04h  1
 351 -6.0398247e+00 6.61e+01 1.12e+06  -6.0 4.65e+03    -  6.04e-06 1.00e-04f  1
 352 -6.0398204e+00 6.61e+01 1.12e+06  -6.0 8.21e+03    -  5.37e-06 1.00e-04h  1
 353 -6.0398236e+00 6.61e+01 1.11e+06  -6.0 4.66e+03    -  6.02e-06 1.00e-04f  1
 354 -6.0398193e+00 6.61e+01 1.11e+06  -6.0 8.22e+03    -  5.36e-06 1.00e-04h  1
 355 -6.0398225e+00 6.61e+01 1.11e+06  -6.0 4.67e+03    -  6.01e-06 1.00e-04f  1
 356 -6.0398182e+00 6.61e+01 1.11e+06  -6.0 8.24e+03    -  5.35e-06 1.00e-04h  1
 357 -6.0398214e+00 6.61e+01 1.11e+06  -6.0 4.69e+03    -  6.00e-06 1.00e-04f  1
 358 -6.0398171e+00 6.61e+01 1.11e+06  -6.0 8.25e+03    -  5.34e-06 1.00e-04h  1
 359 -6.0398203e+00 6.60e+01 1.11e+06  -6.0 4.70e+03    -  5.98e-06 1.00e-04f  1
iter    objective    inf_pr   inf_du lg(mu)  ||d||  lg(rg) alpha_du alpha_pr  ls
 360 -6.0398160e+00 6.60e+01 1.11e+06  -6.0 8.26e+03    -  5.33e-06 1.00e-04h  1
 361 -6.0398192e+00 6.60e+01 1.11e+06  -6.0 4.71e+03    -  5.97e-06 1.00e-04f  1
 362 -6.0398149e+00 6.60e+01 1.11e+06  -6.0 8.28e+03    -  5.32e-06 1.00e-04h  1
 363 -6.0398181e+00 6.60e+01 1.11e+06  -6.0 4.73e+03    -  5.96e-06 1.00e-04f  1
 364 -6.0398137e+00 6.60e+01 1.11e+06  -6.0 8.29e+03    -  5.31e-06 1.00e-04h  1
 365 -6.0398169e+00 6.60e+01 1.11e+06  -6.0 4.74e+03    -  5.94e-06 1.00e-04f  1
 366 -6.0398126e+00 6.60e+01 1.11e+06  -6.0 8.30e+03    -  5.30e-06 1.00e-04h  1
 367 -6.0398158e+00 6.60e+01 1.11e+06  -6.0 4.75e+03    -  5.93e-06 1.00e-04f  1
 368 -6.0398115e+00 6.60e+01 1.11e+06  -6.0 8.31e+03    -  5.29e-06 1.00e-04h  1
 369 -6.0398147e+00 6.60e+01 1.11e+06  -6.0 4.76e+03    -  5.92e-06 1.00e-04f  1
iter    objective    inf_pr   inf_du lg(mu)  ||d||  lg(rg) alpha_du alpha_pr  ls
 370 -6.0398104e+00 6.60e+01 1.11e+06  -6.0 8.33e+03    -  5.28e-06 1.00e-04h  1
 371 -6.0398136e+00 6.60e+01 1.11e+06  -6.0 4.78e+03    -  5.90e-06 1.00e-04f  1
 372 -6.0398093e+00 6.60e+01 1.11e+06  -6.0 8.34e+03    -  5.27e-06 1.00e-04h  1
 373 -6.0398125e+00 6.60e+01 1.11e+06  -6.0 4.79e+03    -  5.89e-06 1.00e-04f  1
 374 -6.0398081e+00 6.59e+01 1.11e+06  -6.0 8.35e+03    -  5.26e-06 1.00e-04h  1
 375 -6.0398114e+00 6.59e+01 1.11e+06  -6.0 4.80e+03    -  5.88e-06 1.00e-04f  1
 376 -6.0398070e+00 6.59e+01 1.11e+06  -6.0 8.37e+03    -  5.25e-06 1.00e-04h  1
 377 -6.0398102e+00 6.59e+01 1.11e+06  -6.0 4.82e+03    -  5.86e-06 1.00e-04f  1
 378 -6.0398059e+00 6.59e+01 1.11e+06  -6.0 8.38e+03    -  5.24e-06 1.00e-04h  1
 379 -6.0398091e+00 6.59e+01 1.11e+06  -6.0 4.83e+03    -  5.85e-06 1.00e-04f  1
iter    objective    inf_pr   inf_du lg(mu)  ||d||  lg(rg) alpha_du alpha_pr  ls
 380 -6.0398047e+00 6.59e+01 1.11e+06  -6.0 8.39e+03    -  5.23e-06 1.00e-04h  1
 381 -6.0398080e+00 6.59e+01 1.11e+06  -6.0 4.84e+03    -  5.84e-06 1.00e-04f  1
 382 -6.0398036e+00 6.59e+01 1.11e+06  -6.0 8.41e+03    -  5.22e-06 1.00e-04h  1
 383 -6.0398069e+00 6.59e+01 1.11e+06  -6.0 4.86e+03    -  5.82e-06 1.00e-04f  1
 384 -6.0398025e+00 6.59e+01 1.11e+06  -6.0 8.42e+03    -  5.21e-06 1.00e-04h  1
 385 -6.0398058e+00 6.59e+01 1.11e+06  -6.0 4.87e+03    -  5.81e-06 1.00e-04f  1
 386 -6.0398014e+00 6.59e+01 1.11e+06  -6.0 8.43e+03    -  5.20e-06 1.00e-04h  1
 387 -6.0398046e+00 6.59e+01 1.11e+06  -6.0 4.88e+03    -  5.80e-06 1.00e-04f  1
 388 -6.0398002e+00 6.59e+01 1.11e+06  -6.0 8.45e+03    -  5.19e-06 1.00e-04h  1
 389 -6.0398035e+00 6.58e+01 1.11e+06  -6.0 4.90e+03    -  5.78e-06 1.00e-04f  1
iter    objective    inf_pr   inf_du lg(mu)  ||d||  lg(rg) alpha_du alpha_pr  ls
 390 -6.0397991e+00 6.58e+01 1.11e+06  -6.0 8.46e+03    -  5.18e-06 1.00e-04h  1
 391 -6.0398024e+00 6.58e+01 1.11e+06  -6.0 4.91e+03    -  5.77e-06 1.00e-04f  1
 392 -6.0397980e+00 6.58e+01 1.11e+06  -6.0 8.47e+03    -  5.17e-06 1.00e-04h  1
 393 -6.0398012e+00 6.58e+01 1.11e+06  -6.0 4.93e+03    -  5.76e-06 1.00e-04f  1
 394 -6.0397968e+00 6.58e+01 1.11e+06  -6.0 8.49e+03    -  5.16e-06 1.00e-04h  1
 395 -6.0398001e+00 6.58e+01 1.11e+06  -6.0 4.94e+03    -  5.74e-06 1.00e-04f  1
 396 -6.0397957e+00 6.58e+01 1.11e+06  -6.0 8.50e+03    -  5.15e-06 1.00e-04h  1
 397 -6.0397990e+00 6.58e+01 1.11e+06  -6.0 4.95e+03    -  5.73e-06 1.00e-04f  1
 398 -6.0397945e+00 6.58e+01 1.11e+06  -6.0 8.52e+03    -  5.14e-06 1.00e-04h  1
 399 -6.0397978e+00 6.58e+01 1.11e+06  -6.0 4.97e+03    -  5.71e-06 1.00e-04f  1
iter    objective    inf_pr   inf_du lg(mu)  ||d||  lg(rg) alpha_du alpha_pr  ls
 400 -6.0397934e+00 6.58e+01 1.11e+06  -6.0 8.53e+03    -  5.13e-06 1.00e-04h  1
 401 -6.0397967e+00 6.58e+01 1.11e+06  -6.0 4.98e+03    -  5.70e-06 1.00e-04f  1
 402 -6.0397922e+00 6.58e+01 1.11e+06  -6.0 8.54e+03    -  5.13e-06 1.00e-04h  1
 403 -6.0397956e+00 6.58e+01 1.11e+06  -6.0 5.00e+03    -  5.69e-06 1.00e-04f  1
 404 -6.0397911e+00 6.57e+01 1.11e+06  -6.0 8.56e+03    -  5.12e-06 1.00e-04h  1
 405 -6.0397944e+00 6.57e+01 1.11e+06  -6.0 5.01e+03    -  5.67e-06 1.00e-04f  1
 406 -6.0397900e+00 6.57e+01 1.11e+06  -6.0 8.57e+03    -  5.11e-06 1.00e-04h  1
 407 -6.0397933e+00 6.57e+01 1.11e+06  -6.0 5.02e+03    -  5.66e-06 1.00e-04f  1
 408 -6.0397888e+00 6.57e+01 1.11e+06  -6.0 8.59e+03    -  5.10e-06 1.00e-04h  1
 409 -6.0397922e+00 6.57e+01 1.11e+06  -6.0 5.04e+03    -  5.65e-06 1.00e-04f  1
iter    objective    inf_pr   inf_du lg(mu)  ||d||  lg(rg) alpha_du alpha_pr  ls
 410 -6.0397877e+00 6.57e+01 1.11e+06  -6.0 8.60e+03    -  5.09e-06 1.00e-04h  1
 411 -6.0397910e+00 6.57e+01 1.11e+06  -6.0 5.05e+03    -  5.63e-06 1.00e-04f  1
 412 -6.0397865e+00 6.57e+01 1.11e+06  -6.0 8.62e+03    -  5.08e-06 1.00e-04h  1
 413 -6.0397899e+00 6.57e+01 1.11e+06  -6.0 5.07e+03    -  5.62e-06 1.00e-04f  1
 414 -6.0397854e+00 6.57e+01 1.11e+06  -6.0 8.63e+03    -  5.07e-06 1.00e-04h  1
 415 -6.0397887e+00 6.57e+01 1.11e+06  -6.0 5.08e+03    -  5.61e-06 1.00e-04f  1
 416 -6.0397842e+00 6.57e+01 1.11e+06  -6.0 8.64e+03    -  5.06e-06 1.00e-04h  1
 417 -6.0397876e+00 6.57e+01 1.11e+06  -6.0 5.10e+03    -  5.59e-06 1.00e-04f  1
 418 -6.0397831e+00 6.57e+01 1.11e+06  -6.0 8.66e+03    -  5.05e-06 1.00e-04h  1
 419 -6.0397864e+00 6.56e+01 1.11e+06  -6.0 5.11e+03    -  5.58e-06 1.00e-04f  1
iter    objective    inf_pr   inf_du lg(mu)  ||d||  lg(rg) alpha_du alpha_pr  ls
 420 -6.0397819e+00 6.56e+01 1.11e+06  -6.0 8.67e+03    -  5.04e-06 1.00e-04h  1
 421 -6.0397853e+00 6.56e+01 1.11e+06  -6.0 5.12e+03    -  5.57e-06 1.00e-04f  1
 422 -6.0397807e+00 6.56e+01 1.11e+06  -6.0 8.69e+03    -  5.03e-06 1.00e-04h  1
 423 -6.0397841e+00 6.56e+01 1.11e+06  -6.0 5.14e+03    -  5.55e-06 1.00e-04f  1
 424 -6.0397796e+00 6.56e+01 1.11e+06  -6.0 8.70e+03    -  5.02e-06 1.00e-04h  1
 425 -6.0397830e+00 6.56e+01 1.11e+06  -6.0 5.15e+03    -  5.54e-06 1.00e-04f  1
 426 -6.0397784e+00 6.56e+01 1.11e+06  -6.0 8.72e+03    -  5.01e-06 1.00e-04h  1
 427 -6.0397818e+00 6.56e+01 1.11e+06  -6.0 5.17e+03    -  5.53e-06 1.00e-04f  1
 428 -6.0397773e+00 6.56e+01 1.11e+06  -6.0 8.73e+03    -  5.00e-06 1.00e-04h  1
 429 -6.0397807e+00 6.56e+01 1.11e+06  -6.0 5.18e+03    -  5.51e-06 1.00e-04f  1
iter    objective    inf_pr   inf_du lg(mu)  ||d||  lg(rg) alpha_du alpha_pr  ls
 430 -6.0397761e+00 6.56e+01 1.11e+06  -6.0 8.75e+03    -  4.99e-06 1.00e-04h  1
 431 -6.0397795e+00 6.56e+01 1.11e+06  -6.0 5.20e+03    -  5.50e-06 1.00e-04f  1
 432 -6.0397749e+00 6.56e+01 1.11e+06  -6.0 8.76e+03    -  4.98e-06 1.00e-04h  1
 433 -6.0397784e+00 6.56e+01 1.11e+06  -6.0 5.21e+03    -  5.49e-06 1.00e-04f  1
 434 -6.0397738e+00 6.55e+01 1.11e+06  -6.0 8.78e+03    -  4.97e-06 1.00e-04h  1
 435 -6.0397772e+00 6.55e+01 1.11e+06  -6.0 5.23e+03    -  5.47e-06 1.00e-04f  1
 436 -6.0397726e+00 6.55e+01 1.11e+06  -6.0 8.79e+03    -  4.96e-06 1.00e-04h  1
 437 -6.0397760e+00 6.55e+01 1.11e+06  -6.0 5.24e+03    -  5.46e-06 1.00e-04f  1
 438 -6.0397714e+00 6.55e+01 1.11e+06  -6.0 8.81e+03    -  4.95e-06 1.00e-04h  1
 439 -6.0397749e+00 6.55e+01 1.11e+06  -6.0 5.26e+03    -  5.45e-06 1.00e-04f  1
iter    objective    inf_pr   inf_du lg(mu)  ||d||  lg(rg) alpha_du alpha_pr  ls
 440 -6.0397703e+00 6.55e+01 1.11e+06  -6.0 8.82e+03    -  4.94e-06 1.00e-04h  1
 441 -6.0397737e+00 6.55e+01 1.11e+06  -6.0 5.28e+03    -  5.43e-06 1.00e-04f  1
 442 -6.0397691e+00 6.55e+01 1.11e+06  -6.0 8.84e+03    -  4.93e-06 1.00e-04h  1
 443 -6.0397726e+00 6.55e+01 1.10e+06  -6.0 5.29e+03    -  5.42e-06 1.00e-04f  1
 444 -6.0397679e+00 6.55e+01 1.10e+06  -6.0 8.85e+03    -  4.92e-06 1.00e-04h  1
 445 -6.0397714e+00 6.55e+01 1.10e+06  -6.0 5.31e+03    -  5.41e-06 1.00e-04f  1
 446 -6.0397668e+00 6.55e+01 1.10e+06  -6.0 8.87e+03    -  4.91e-06 1.00e-04h  1
 447 -6.0397702e+00 6.55e+01 1.10e+06  -6.0 5.32e+03    -  5.39e-06 1.00e-04f  1
 448 -6.0397656e+00 6.55e+01 1.10e+06  -6.0 8.88e+03    -  4.90e-06 1.00e-04h  1
 449 -6.0397691e+00 6.55e+01 1.10e+06  -6.0 5.34e+03    -  5.38e-06 1.00e-04f  1
iter    objective    inf_pr   inf_du lg(mu)  ||d||  lg(rg) alpha_du alpha_pr  ls
 450 -6.0397644e+00 6.54e+01 1.10e+06  -6.0 8.90e+03    -  4.89e-06 1.00e-04h  1
 451 -6.0397679e+00 6.54e+01 1.10e+06  -6.0 5.35e+03    -  5.37e-06 1.00e-04f  1
 452 -6.0397632e+00 6.54e+01 1.10e+06  -6.0 8.92e+03    -  4.88e-06 1.00e-04h  1
 453 -6.0397667e+00 6.54e+01 1.10e+06  -6.0 5.37e+03    -  5.35e-06 1.00e-04f  1
 454 -6.0397620e+00 6.54e+01 1.10e+06  -6.0 8.93e+03    -  4.87e-06 1.00e-04h  1
 455 -6.0397656e+00 6.54e+01 1.10e+06  -6.0 5.39e+03    -  5.34e-06 1.00e-04f  1
 456 -6.0397609e+00 6.54e+01 1.10e+06  -6.0 8.95e+03    -  4.86e-06 1.00e-04h  1
 457 -6.0397644e+00 6.54e+01 1.10e+06  -6.0 5.40e+03    -  5.33e-06 1.00e-04f  1
 458 -6.0397597e+00 6.54e+01 1.10e+06  -6.0 8.96e+03    -  4.85e-06 1.00e-04h  1
 459 -6.0397632e+00 6.54e+01 1.10e+06  -6.0 5.42e+03    -  5.31e-06 1.00e-04f  1
iter    objective    inf_pr   inf_du lg(mu)  ||d||  lg(rg) alpha_du alpha_pr  ls
 460 -6.0397585e+00 6.54e+01 1.10e+06  -6.0 8.98e+03    -  4.84e-06 1.00e-04h  1
 461 -6.0397620e+00 6.54e+01 1.10e+06  -6.0 5.43e+03    -  5.30e-06 1.00e-04f  1
 462 -6.0397573e+00 6.54e+01 1.10e+06  -6.0 9.00e+03    -  4.83e-06 1.00e-04h  1
 463 -6.0397609e+00 6.54e+01 1.10e+06  -6.0 5.45e+03    -  5.29e-06 1.00e-04f  1
 464 -6.0397561e+00 6.54e+01 1.10e+06  -6.0 9.01e+03    -  4.82e-06 1.00e-04h  1
 465 -6.0397597e+00 6.53e+01 1.10e+06  -6.0 5.47e+03    -  5.27e-06 1.00e-04f  1
 466 -6.0397549e+00 6.53e+01 1.10e+06  -6.0 9.03e+03    -  4.81e-06 1.00e-04h  1
 467 -6.0397585e+00 6.53e+01 1.10e+06  -6.0 5.48e+03    -  5.26e-06 1.00e-04f  1
 468 -6.0397538e+00 6.53e+01 1.10e+06  -6.0 9.04e+03    -  4.80e-06 1.00e-04h  1
 469 -6.0397573e+00 6.53e+01 1.10e+06  -6.0 5.50e+03    -  5.25e-06 1.00e-04f  1
iter    objective    inf_pr   inf_du lg(mu)  ||d||  lg(rg) alpha_du alpha_pr  ls
 470 -6.0397526e+00 6.53e+01 1.10e+06  -6.0 9.06e+03    -  4.79e-06 1.00e-04h  1
 471 -6.0397561e+00 6.53e+01 1.10e+06  -6.0 5.52e+03    -  5.23e-06 1.00e-04f  1
 472 -6.0397514e+00 6.53e+01 1.10e+06  -6.0 9.08e+03    -  4.78e-06 1.00e-04h  1
 473 -6.0397550e+00 6.53e+01 1.10e+06  -6.0 5.53e+03    -  5.22e-06 1.00e-04f  1
 474 -6.0397502e+00 6.53e+01 1.10e+06  -6.0 9.09e+03    -  4.77e-06 1.00e-04h  1
 475 -6.0397538e+00 6.53e+01 1.10e+06  -6.0 5.55e+03    -  5.21e-06 1.00e-04f  1
 476 -6.0397490e+00 6.53e+01 1.10e+06  -6.0 9.11e+03    -  4.76e-06 1.00e-04h  1
 477 -6.0397526e+00 6.53e+01 1.10e+06  -6.0 5.57e+03    -  5.20e-06 1.00e-04f  1
 478 -6.0397478e+00 6.53e+01 1.10e+06  -6.0 9.13e+03    -  4.75e-06 1.00e-04h  1
 479 -6.0397514e+00 6.53e+01 1.10e+06  -6.0 5.58e+03    -  5.18e-06 1.00e-04f  1
iter    objective    inf_pr   inf_du lg(mu)  ||d||  lg(rg) alpha_du alpha_pr  ls
 480 -6.0397466e+00 6.52e+01 1.10e+06  -6.0 9.14e+03    -  4.74e-06 1.00e-04h  1
 481 -6.0397502e+00 6.52e+01 1.10e+06  -6.0 5.60e+03    -  5.17e-06 1.00e-04f  1
 482 -6.0397454e+00 6.52e+01 1.10e+06  -6.0 9.16e+03    -  4.73e-06 1.00e-04h  1
 483 -6.0397490e+00 6.52e+01 1.10e+06  -6.0 5.62e+03    -  5.16e-06 1.00e-04f  1
 484 -6.0397442e+00 6.52e+01 1.10e+06  -6.0 9.18e+03    -  4.72e-06 1.00e-04h  1
 485 -6.0397478e+00 6.52e+01 1.10e+06  -6.0 5.63e+03    -  5.14e-06 1.00e-04f  1
 486 -6.0397430e+00 6.52e+01 1.10e+06  -6.0 9.20e+03    -  4.71e-06 1.00e-04h  1
 487 -6.0397466e+00 6.52e+01 1.10e+06  -6.0 5.65e+03    -  5.13e-06 1.00e-04f  1
 488 -6.0397418e+00 6.52e+01 1.10e+06  -6.0 9.21e+03    -  4.70e-06 1.00e-04h  1
 489 -6.0397454e+00 6.52e+01 1.10e+06  -6.0 5.67e+03    -  5.12e-06 1.00e-04f  1
iter    objective    inf_pr   inf_du lg(mu)  ||d||  lg(rg) alpha_du alpha_pr  ls
 490 -6.0397406e+00 6.52e+01 1.10e+06  -6.0 9.23e+03    -  4.69e-06 1.00e-04h  1
 491 -6.0397442e+00 6.52e+01 1.10e+06  -6.0 5.69e+03    -  5.10e-06 1.00e-04f  1
 492 -6.0397394e+00 6.52e+01 1.10e+06  -6.0 9.25e+03    -  4.68e-06 1.00e-04h  1
 493 -6.0397430e+00 6.52e+01 1.10e+06  -6.0 5.70e+03    -  5.09e-06 1.00e-04f  1
 494 -6.0397382e+00 6.52e+01 1.10e+06  -6.0 9.26e+03    -  4.67e-06 1.00e-04h  1
 495 -6.0397418e+00 6.52e+01 1.10e+06  -6.0 5.72e+03    -  5.08e-06 1.00e-04f  1
 496 -6.0397370e+00 6.51e+01 1.10e+06  -6.0 9.28e+03    -  4.66e-06 1.00e-04h  1
 497 -6.0397406e+00 6.51e+01 1.10e+06  -6.0 5.74e+03    -  5.06e-06 1.00e-04f  1
 498 -6.0397358e+00 6.51e+01 1.10e+06  -6.0 9.30e+03    -  4.65e-06 1.00e-04h  1
 499 -6.0397394e+00 6.51e+01 1.10e+06  -6.0 5.76e+03    -  5.05e-06 1.00e-04f  1
iter    objective    inf_pr   inf_du lg(mu)  ||d||  lg(rg) alpha_du alpha_pr  ls
 500 -6.0397346e+00 6.51e+01 1.10e+06  -6.0 9.32e+03    -  4.64e-06 1.00e-04h  1
 501 -6.0397382e+00 6.51e+01 1.10e+06  -6.0 5.77e+03    -  5.04e-06 1.00e-04f  1
 502 -6.0397333e+00 6.51e+01 1.10e+06  -6.0 9.33e+03    -  4.63e-06 1.00e-04h  1
 503 -6.0397370e+00 6.51e+01 1.10e+06  -6.0 5.79e+03    -  5.02e-06 1.00e-04f  1
 504 -6.0397321e+00 6.51e+01 1.10e+06  -6.0 9.35e+03    -  4.62e-06 1.00e-04h  1
 505 -6.0397358e+00 6.51e+01 1.10e+06  -6.0 5.81e+03    -  5.01e-06 1.00e-04f  1
 506 -6.0397309e+00 6.51e+01 1.10e+06  -6.0 9.37e+03    -  4.62e-06 1.00e-04h  1
 507 -6.0397346e+00 6.51e+01 1.10e+06  -6.0 5.83e+03    -  5.00e-06 1.00e-04f  1
 508 -6.0397297e+00 6.51e+01 1.10e+06  -6.0 9.39e+03    -  4.61e-06 1.00e-04h  1
 509 -6.0397334e+00 6.51e+01 1.10e+06  -6.0 5.85e+03    -  4.98e-06 1.00e-04f  1
iter    objective    inf_pr   inf_du lg(mu)  ||d||  lg(rg) alpha_du alpha_pr  ls
 510 -6.0397285e+00 6.51e+01 1.10e+06  -6.0 9.41e+03    -  4.60e-06 1.00e-04h  1
 511 -6.0397322e+00 6.50e+01 1.10e+06  -6.0 5.86e+03    -  4.97e-06 1.00e-04f  1
 512 -6.0397273e+00 6.50e+01 1.10e+06  -6.0 9.43e+03    -  4.59e-06 1.00e-04h  1
 513 -6.0397310e+00 6.50e+01 1.10e+06  -6.0 5.88e+03    -  4.96e-06 1.00e-04f  1
 514 -6.0397260e+00 6.50e+01 1.10e+06  -6.0 9.44e+03    -  4.58e-06 1.00e-04h  1
 515 -6.0397298e+00 6.50e+01 1.10e+06  -6.0 5.90e+03    -  4.94e-06 1.00e-04f  1
 516 -6.0397248e+00 6.50e+01 1.10e+06  -6.0 9.46e+03    -  4.57e-06 1.00e-04h  1
 517 -6.0397286e+00 6.50e+01 1.10e+06  -6.0 5.92e+03    -  4.93e-06 1.00e-04f  1
 518 -6.0397236e+00 6.50e+01 1.10e+06  -6.0 9.48e+03    -  4.56e-06 1.00e-04h  1
 519 -6.0397274e+00 6.50e+01 1.10e+06  -6.0 5.94e+03    -  4.92e-06 1.00e-04f  1
iter    objective    inf_pr   inf_du lg(mu)  ||d||  lg(rg) alpha_du alpha_pr  ls
 520 -6.0397224e+00 6.50e+01 1.10e+06  -6.0 9.50e+03    -  4.55e-06 1.00e-04h  1
 521 -6.0397262e+00 6.50e+01 1.10e+06  -6.0 5.96e+03    -  4.90e-06 1.00e-04f  1
 522 -6.0397211e+00 6.50e+01 1.10e+06  -6.0 9.52e+03    -  4.54e-06 1.00e-04h  1
 523 -6.0397249e+00 6.50e+01 1.10e+06  -6.0 5.98e+03    -  4.89e-06 1.00e-04f  1
 524 -6.0397199e+00 6.50e+01 1.10e+06  -6.0 9.54e+03    -  4.53e-06 1.00e-04h  1
 525 -6.0397237e+00 6.50e+01 1.10e+06  -6.0 6.00e+03    -  4.88e-06 1.00e-04f  1
 526 -6.0397187e+00 6.49e+01 1.10e+06  -6.0 9.56e+03    -  4.52e-06 1.00e-04h  1
 527 -6.0397225e+00 6.49e+01 1.10e+06  -6.0 6.01e+03    -  4.87e-06 1.00e-04f  1
 528 -6.0397175e+00 6.49e+01 1.10e+06  -6.0 9.57e+03    -  4.51e-06 1.00e-04h  1
 529 -6.0397213e+00 6.49e+01 1.10e+06  -6.0 6.03e+03    -  4.85e-06 1.00e-04f  1
iter    objective    inf_pr   inf_du lg(mu)  ||d||  lg(rg) alpha_du alpha_pr  ls
 530 -6.0397162e+00 6.49e+01 1.10e+06  -6.0 9.59e+03    -  4.50e-06 1.00e-04h  1
 531 -6.0397201e+00 6.49e+01 1.10e+06  -6.0 6.05e+03    -  4.84e-06 1.00e-04f  1
 532 -6.0397150e+00 6.49e+01 1.10e+06  -6.0 9.61e+03    -  4.49e-06 1.00e-04h  1
 533 -6.0397188e+00 6.49e+01 1.10e+06  -6.0 6.07e+03    -  4.83e-06 1.00e-04f  1
 534 -6.0397138e+00 6.49e+01 1.09e+06  -6.0 9.63e+03    -  4.48e-06 1.00e-04h  1
 535 -6.0397176e+00 6.49e+01 1.09e+06  -6.0 6.09e+03    -  4.81e-06 1.00e-04f  1
 536 -6.0397125e+00 6.49e+01 1.09e+06  -6.0 9.65e+03    -  4.47e-06 1.00e-04h  1
 537 -6.0397164e+00 6.49e+01 1.09e+06  -6.0 6.11e+03    -  4.80e-06 1.00e-04f  1
 538 -6.0397113e+00 6.49e+01 1.09e+06  -6.0 9.67e+03    -  4.46e-06 1.00e-04h  1
 539 -6.0397152e+00 6.49e+01 1.09e+06  -6.0 6.13e+03    -  4.79e-06 1.00e-04f  1
iter    objective    inf_pr   inf_du lg(mu)  ||d||  lg(rg) alpha_du alpha_pr  ls
 540 -6.0397101e+00 6.49e+01 1.09e+06  -6.0 9.69e+03    -  4.45e-06 1.00e-04h  1
 541 -6.0397139e+00 6.49e+01 1.09e+06  -6.0 6.15e+03    -  4.77e-06 1.00e-04f  1
 542 -6.0397088e+00 6.48e+01 1.09e+06  -6.0 9.71e+03    -  4.44e-06 1.00e-04h  1
 543 -6.0397127e+00 6.48e+01 1.09e+06  -6.0 6.17e+03    -  4.76e-06 1.00e-04f  1
 544 -6.0397076e+00 6.48e+01 1.09e+06  -6.0 9.73e+03    -  4.43e-06 1.00e-04h  1
 545 -6.0397115e+00 6.48e+01 1.09e+06  -6.0 6.19e+03    -  4.75e-06 1.00e-04f  1
 546 -6.0397063e+00 6.48e+01 1.09e+06  -6.0 9.75e+03    -  4.42e-06 1.00e-04h  1
 547 -6.0397102e+00 6.48e+01 1.09e+06  -6.0 6.21e+03    -  4.73e-06 1.00e-04f  1
 548 -6.0397051e+00 6.48e+01 1.09e+06  -6.0 9.77e+03    -  4.41e-06 1.00e-04h  1
 549 -6.0397090e+00 6.48e+01 1.09e+06  -6.0 6.23e+03    -  4.72e-06 1.00e-04f  1
iter    objective    inf_pr   inf_du lg(mu)  ||d||  lg(rg) alpha_du alpha_pr  ls
 550 -6.0397038e+00 6.48e+01 1.09e+06  -6.0 9.79e+03    -  4.40e-06 1.00e-04h  1
 551 -6.0397078e+00 6.48e+01 1.09e+06  -6.0 6.25e+03    -  4.71e-06 1.00e-04f  1
 552 -6.0397026e+00 6.48e+01 1.09e+06  -6.0 9.81e+03    -  4.39e-06 1.00e-04h  1
 553 -6.0397065e+00 6.48e+01 1.09e+06  -6.0 6.27e+03    -  4.69e-06 1.00e-04f  1
 554 -6.0397014e+00 6.48e+01 1.09e+06  -6.0 9.83e+03    -  4.38e-06 1.00e-04h  1
 555 -6.0397053e+00 6.48e+01 1.09e+06  -6.0 6.29e+03    -  4.68e-06 1.00e-04f  1
 556 -6.0397001e+00 6.48e+01 1.09e+06  -6.0 9.85e+03    -  4.37e-06 1.00e-04h  1
 557 -6.0397041e+00 6.47e+01 1.09e+06  -6.0 6.31e+03    -  4.67e-06 1.00e-04f  1
 558 -6.0396989e+00 6.47e+01 1.09e+06  -6.0 9.87e+03    -  4.36e-06 1.00e-04h  1
 559 -6.0397028e+00 6.47e+01 1.09e+06  -6.0 6.33e+03    -  4.66e-06 1.00e-04f  1
iter    objective    inf_pr   inf_du lg(mu)  ||d||  lg(rg) alpha_du alpha_pr  ls
 560 -6.0396976e+00 6.47e+01 1.09e+06  -6.0 9.89e+03    -  4.35e-06 1.00e-04h  1
 561 -6.0397016e+00 6.47e+01 1.09e+06  -6.0 6.36e+03    -  4.64e-06 1.00e-04f  1
 562 -6.0396963e+00 6.47e+01 1.09e+06  -6.0 9.92e+03    -  4.34e-06 1.00e-04h  1
 563 -6.0397003e+00 6.47e+01 1.09e+06  -6.0 6.38e+03    -  4.63e-06 1.00e-04f  1
 564 -6.0396951e+00 6.47e+01 1.09e+06  -6.0 9.94e+03    -  4.33e-06 1.00e-04h  1
 565 -6.0396991e+00 6.47e+01 1.09e+06  -6.0 6.40e+03    -  4.62e-06 1.00e-04f  1
 566 -6.0396938e+00 6.47e+01 1.09e+06  -6.0 9.96e+03    -  4.32e-06 1.00e-04h  1
 567 -6.0396978e+00 6.47e+01 1.09e+06  -6.0 6.42e+03    -  4.60e-06 1.00e-04f  1
 568 -6.0396926e+00 6.47e+01 1.09e+06  -6.0 9.98e+03    -  4.31e-06 1.00e-04h  1
 569 -6.0396966e+00 6.47e+01 1.09e+06  -6.0 6.44e+03    -  4.59e-06 1.00e-04f  1
iter    objective    inf_pr   inf_du lg(mu)  ||d||  lg(rg) alpha_du alpha_pr  ls
 570 -6.0396913e+00 6.47e+01 1.09e+06  -6.0 1.00e+04    -  4.30e-06 1.00e-04h  1
 571 -6.0396954e+00 6.47e+01 1.09e+06  -6.0 6.46e+03    -  4.58e-06 1.00e-04f  1
 572 -6.0396901e+00 6.47e+01 1.09e+06  -6.0 1.00e+04    -  4.29e-06 1.00e-04h  1
 573 -6.0396941e+00 6.46e+01 1.09e+06  -6.0 6.48e+03    -  4.56e-06 1.00e-04f  1
 574 -6.0396888e+00 6.46e+01 1.09e+06  -6.0 1.00e+04    -  4.28e-06 1.00e-04h  1
 575 -6.0396929e+00 6.46e+01 1.09e+06  -6.0 6.51e+03    -  4.55e-06 1.00e-04f  1
 576 -6.0396875e+00 6.46e+01 1.09e+06  -6.0 1.01e+04    -  4.27e-06 1.00e-04h  1
 577 -6.0396916e+00 6.46e+01 1.09e+06  -6.0 6.53e+03    -  4.54e-06 1.00e-04f  1
 578 -6.0396863e+00 6.46e+01 1.09e+06  -6.0 1.01e+04    -  4.26e-06 1.00e-04h  1
 579 -6.0396903e+00 6.46e+01 1.09e+06  -6.0 6.55e+03    -  4.52e-06 1.00e-04f  1
iter    objective    inf_pr   inf_du lg(mu)  ||d||  lg(rg) alpha_du alpha_pr  ls
 580 -6.0396850e+00 6.46e+01 1.09e+06  -6.0 1.01e+04    -  4.25e-06 1.00e-04h  1
 581 -6.0396891e+00 6.46e+01 1.09e+06  -6.0 6.57e+03    -  4.51e-06 1.00e-04f  1
 582 -6.0396837e+00 6.46e+01 1.09e+06  -6.0 1.01e+04    -  4.24e-06 1.00e-04h  1
 583 -6.0396878e+00 6.46e+01 1.09e+06  -6.0 6.59e+03    -  4.50e-06 1.00e-04f  1
 584 -6.0396825e+00 6.46e+01 1.09e+06  -6.0 1.02e+04    -  4.23e-06 1.00e-04h  1
 585 -6.0396866e+00 6.46e+01 1.09e+06  -6.0 6.62e+03    -  4.49e-06 1.00e-04f  1
 586 -6.0396812e+00 6.46e+01 1.09e+06  -6.0 1.02e+04    -  4.22e-06 1.00e-04h  1
 587 -6.0396853e+00 6.46e+01 1.09e+06  -6.0 6.64e+03    -  4.47e-06 1.00e-04f  1
 588 -6.0396799e+00 6.45e+01 1.09e+06  -6.0 1.02e+04    -  4.21e-06 1.00e-04h  1
 589 -6.0396841e+00 6.45e+01 1.09e+06  -6.0 6.66e+03    -  4.46e-06 1.00e-04f  1
iter    objective    inf_pr   inf_du lg(mu)  ||d||  lg(rg) alpha_du alpha_pr  ls
 590 -6.0396787e+00 6.45e+01 1.09e+06  -6.0 1.02e+04    -  4.20e-06 1.00e-04h  1
 591 -6.0396828e+00 6.45e+01 1.09e+06  -6.0 6.68e+03    -  4.45e-06 1.00e-04f  1
 592 -6.0396774e+00 6.45e+01 1.09e+06  -6.0 1.02e+04    -  4.19e-06 1.00e-04h  1
 593 -6.0396815e+00 6.45e+01 1.09e+06  -6.0 6.71e+03    -  4.43e-06 1.00e-04f  1
 594 -6.0396761e+00 6.45e+01 1.09e+06  -6.0 1.03e+04    -  4.17e-06 1.00e-04h  1
 595 -6.0396803e+00 6.45e+01 1.09e+06  -6.0 6.73e+03    -  4.42e-06 1.00e-04f  1
 596 -6.0396748e+00 6.45e+01 1.09e+06  -6.0 1.03e+04    -  4.16e-06 1.00e-04h  1
 597 -6.0396790e+00 6.45e+01 1.09e+06  -6.0 6.75e+03    -  4.41e-06 1.00e-04f  1
 598 -6.0396736e+00 6.45e+01 1.09e+06  -6.0 1.03e+04    -  4.15e-06 1.00e-04h  1
 599 -6.0396777e+00 6.45e+01 1.09e+06  -6.0 6.78e+03    -  4.39e-06 1.00e-04f  1
iter    objective    inf_pr   inf_du lg(mu)  ||d||  lg(rg) alpha_du alpha_pr  ls
 600 -6.0396723e+00 6.45e+01 1.09e+06  -6.0 1.03e+04    -  4.14e-06 1.00e-04h  1
 601 -6.0396765e+00 6.45e+01 1.09e+06  -6.0 6.80e+03    -  4.38e-06 1.00e-04f  1
 602 -6.0396710e+00 6.45e+01 1.09e+06  -6.0 1.04e+04    -  4.13e-06 1.00e-04h  1
 603 -6.0396752e+00 6.45e+01 1.09e+06  -6.0 6.82e+03    -  4.37e-06 1.00e-04f  1
 604 -6.0396697e+00 6.44e+01 1.09e+06  -6.0 1.04e+04    -  4.12e-06 1.00e-04h  1
 605 -6.0396739e+00 6.44e+01 1.09e+06  -6.0 6.85e+03    -  4.35e-06 1.00e-04f  1
 606 -6.0396684e+00 6.44e+01 1.09e+06  -6.0 1.04e+04    -  4.11e-06 1.00e-04h  1
 607 -6.0396727e+00 6.44e+01 1.09e+06  -6.0 6.87e+03    -  4.34e-06 1.00e-04f  1
 608 -6.0396671e+00 6.44e+01 1.09e+06  -6.0 1.04e+04    -  4.10e-06 1.00e-04h  1
 609 -6.0396714e+00 6.44e+01 1.09e+06  -6.0 6.90e+03    -  4.33e-06 1.00e-04f  1
iter    objective    inf_pr   inf_du lg(mu)  ||d||  lg(rg) alpha_du alpha_pr  ls
 610 -6.0396659e+00 6.44e+01 1.09e+06  -6.0 1.05e+04    -  4.09e-06 1.00e-04h  1
 611 -6.0396701e+00 6.44e+01 1.09e+06  -6.0 6.92e+03    -  4.32e-06 1.00e-04f  1
 612 -6.0396646e+00 6.44e+01 1.09e+06  -6.0 1.05e+04    -  4.08e-06 1.00e-04h  1
 613 -6.0396688e+00 6.44e+01 1.09e+06  -6.0 6.94e+03    -  4.30e-06 1.00e-04f  1
 614 -6.0396633e+00 6.44e+01 1.09e+06  -6.0 1.05e+04    -  4.07e-06 1.00e-04h  1
 615 -6.0396676e+00 6.44e+01 1.09e+06  -6.0 6.97e+03    -  4.29e-06 1.00e-04f  1
 616 -6.0396620e+00 6.44e+01 1.09e+06  -6.0 1.05e+04    -  4.06e-06 1.00e-04h  1
 617 -6.0396663e+00 6.44e+01 1.09e+06  -6.0 6.99e+03    -  4.28e-06 1.00e-04f  1
 618 -6.0396607e+00 6.44e+01 1.09e+06  -6.0 1.06e+04    -  4.05e-06 1.00e-04h  1
 619 -6.0396650e+00 6.43e+01 1.09e+06  -6.0 7.02e+03    -  4.26e-06 1.00e-04f  1
iter    objective    inf_pr   inf_du lg(mu)  ||d||  lg(rg) alpha_du alpha_pr  ls
 620 -6.0396594e+00 6.43e+01 1.09e+06  -6.0 1.06e+04    -  4.04e-06 1.00e-04h  1
 621 -6.0396637e+00 6.43e+01 1.09e+06  -6.0 7.04e+03    -  4.25e-06 1.00e-04f  1
 622 -6.0396581e+00 6.43e+01 1.09e+06  -6.0 1.06e+04    -  4.03e-06 1.00e-04h  1
 623 -6.0396624e+00 6.43e+01 1.09e+06  -6.0 7.07e+03    -  4.24e-06 1.00e-04f  1
 624 -6.0396568e+00 6.43e+01 1.09e+06  -6.0 1.06e+04    -  4.02e-06 1.00e-04h  1
 625 -6.0396612e+00 6.43e+01 1.08e+06  -6.0 7.09e+03    -  4.22e-06 1.00e-04f  1
 626 -6.0396555e+00 6.43e+01 1.08e+06  -6.0 1.07e+04    -  4.01e-06 1.00e-04h  1
 627 -6.0396599e+00 6.43e+01 1.08e+06  -6.0 7.12e+03    -  4.21e-06 1.00e-04f  1
 628 -6.0396542e+00 6.43e+01 1.08e+06  -6.0 1.07e+04    -  4.00e-06 1.00e-04h  1
 629 -6.0396586e+00 6.43e+01 1.08e+06  -6.0 7.14e+03    -  4.20e-06 1.00e-04f  1
iter    objective    inf_pr   inf_du lg(mu)  ||d||  lg(rg) alpha_du alpha_pr  ls
 630 -6.0396529e+00 6.43e+01 1.08e+06  -6.0 1.07e+04    -  3.99e-06 1.00e-04h  1
 631 -6.0396573e+00 6.43e+01 1.08e+06  -6.0 7.17e+03    -  4.19e-06 1.00e-04f  1
 632 -6.0396516e+00 6.43e+01 1.08e+06  -6.0 1.07e+04    -  3.98e-06 1.00e-04h  1
 633 -6.0396560e+00 6.43e+01 1.08e+06  -6.0 7.20e+03    -  4.17e-06 1.00e-04f  1
 634 -6.0396503e+00 6.43e+01 1.08e+06  -6.0 1.08e+04    -  3.97e-06 1.00e-04h  1
 635 -6.0396547e+00 6.42e+01 1.08e+06  -6.0 7.22e+03    -  4.16e-06 1.00e-04f  1
 636 -6.0396490e+00 6.42e+01 1.08e+06  -6.0 1.08e+04    -  3.96e-06 1.00e-04h  1
 637 -6.0396534e+00 6.42e+01 1.08e+06  -6.0 7.25e+03    -  4.15e-06 1.00e-04f  1
 638 -6.0396477e+00 6.42e+01 1.08e+06  -6.0 1.08e+04    -  3.95e-06 1.00e-04h  1
 639 -6.0396521e+00 6.42e+01 1.08e+06  -6.0 7.28e+03    -  4.13e-06 1.00e-04f  1
iter    objective    inf_pr   inf_du lg(mu)  ||d||  lg(rg) alpha_du alpha_pr  ls
 640 -6.0396464e+00 6.42e+01 1.08e+06  -6.0 1.08e+04    -  3.94e-06 1.00e-04h  1
 641 -6.0396508e+00 6.42e+01 1.08e+06  -6.0 7.30e+03    -  4.12e-06 1.00e-04f  1
 642 -6.0396451e+00 6.42e+01 1.08e+06  -6.0 1.09e+04    -  3.93e-06 1.00e-04h  1
 643 -6.0396495e+00 6.42e+01 1.08e+06  -6.0 7.33e+03    -  4.11e-06 1.00e-04f  1
 644 -6.0396438e+00 6.42e+01 1.08e+06  -6.0 1.09e+04    -  3.92e-06 1.00e-04h  1
 645 -6.0396482e+00 6.42e+01 1.08e+06  -6.0 7.36e+03    -  4.09e-06 1.00e-04f  1
 646 -6.0396425e+00 6.42e+01 1.08e+06  -6.0 1.09e+04    -  3.91e-06 1.00e-04h  1
 647 -6.0396469e+00 6.42e+01 1.08e+06  -6.0 7.38e+03    -  4.08e-06 1.00e-04f  1
 648 -6.0396412e+00 6.42e+01 1.08e+06  -6.0 1.09e+04    -  3.90e-06 1.00e-04h  1
 649 -6.0396456e+00 6.42e+01 1.08e+06  -6.0 7.41e+03    -  4.07e-06 1.00e-04f  1
iter    objective    inf_pr   inf_du lg(mu)  ||d||  lg(rg) alpha_du alpha_pr  ls
 650 -6.0396398e+00 6.41e+01 1.08e+06  -6.0 1.10e+04    -  3.89e-06 1.00e-04h  1
 651 -6.0396443e+00 6.41e+01 1.08e+06  -6.0 7.44e+03    -  4.06e-06 1.00e-04f  1
 652 -6.0396385e+00 6.41e+01 1.08e+06  -6.0 1.10e+04    -  3.88e-06 1.00e-04h  1
 653 -6.0396430e+00 6.41e+01 1.08e+06  -6.0 7.47e+03    -  4.04e-06 1.00e-04f  1
 654 -6.0396372e+00 6.41e+01 1.08e+06  -6.0 1.10e+04    -  3.87e-06 1.00e-04h  1
 655 -6.0396417e+00 6.41e+01 1.08e+06  -6.0 7.49e+03    -  4.03e-06 1.00e-04f  1
 656 -6.0396359e+00 6.41e+01 1.08e+06  -6.0 1.11e+04    -  3.86e-06 1.00e-04h  1
 657 -6.0396404e+00 6.41e+01 1.08e+06  -6.0 7.52e+03    -  4.02e-06 1.00e-04f  1
 658 -6.0396346e+00 6.41e+01 1.08e+06  -6.0 1.11e+04    -  3.85e-06 1.00e-04h  1
 659 -6.0396391e+00 6.41e+01 1.08e+06  -6.0 7.55e+03    -  4.00e-06 1.00e-04f  1
iter    objective    inf_pr   inf_du lg(mu)  ||d||  lg(rg) alpha_du alpha_pr  ls
 660 -6.0396332e+00 6.41e+01 1.08e+06  -6.0 1.11e+04    -  3.84e-06 1.00e-04h  1
 661 -6.0396378e+00 6.41e+01 1.08e+06  -6.0 7.58e+03    -  3.99e-06 1.00e-04f  1
 662 -6.0396319e+00 6.41e+01 1.08e+06  -6.0 1.11e+04    -  3.83e-06 1.00e-04h  1
 663 -6.0396365e+00 6.41e+01 1.08e+06  -6.0 7.61e+03    -  3.98e-06 1.00e-04f  1
 664 -6.0396306e+00 6.41e+01 1.08e+06  -6.0 1.12e+04    -  3.82e-06 1.00e-04h  1
 665 -6.0396352e+00 6.41e+01 1.08e+06  -6.0 7.63e+03    -  3.96e-06 1.00e-04f  1
 666 -6.0396293e+00 6.40e+01 1.08e+06  -6.0 1.12e+04    -  3.81e-06 1.00e-04h  1
 667 -6.0396339e+00 6.40e+01 1.08e+06  -6.0 7.66e+03    -  3.95e-06 1.00e-04f  1
 668 -6.0396279e+00 6.40e+01 1.08e+06  -6.0 1.12e+04    -  3.80e-06 1.00e-04h  1
 669 -6.0396326e+00 6.40e+01 1.08e+06  -6.0 7.69e+03    -  3.94e-06 1.00e-04f  1
iter    objective    inf_pr   inf_du lg(mu)  ||d||  lg(rg) alpha_du alpha_pr  ls
 670 -6.0396266e+00 6.40e+01 1.08e+06  -6.0 1.13e+04    -  3.79e-06 1.00e-04h  1
 671 -6.0396313e+00 6.40e+01 1.08e+06  -6.0 7.72e+03    -  3.93e-06 1.00e-04f  1
 672 -6.0396253e+00 6.40e+01 1.08e+06  -6.0 1.13e+04    -  3.78e-06 1.00e-04h  1
 673 -6.0396300e+00 6.40e+01 1.08e+06  -6.0 7.75e+03    -  3.91e-06 1.00e-04f  1
 674 -6.0396240e+00 6.40e+01 1.08e+06  -6.0 1.13e+04    -  3.77e-06 1.00e-04h  1
 675 -6.0396286e+00 6.40e+01 1.08e+06  -6.0 7.78e+03    -  3.90e-06 1.00e-04f  1
 676 -6.0396226e+00 6.40e+01 1.08e+06  -6.0 1.13e+04    -  3.76e-06 1.00e-04h  1
 677 -6.0396273e+00 6.40e+01 1.08e+06  -6.0 7.81e+03    -  3.89e-06 1.00e-04f  1
 678 -6.0396213e+00 6.40e+01 1.08e+06  -6.0 1.14e+04    -  3.75e-06 1.00e-04h  1
 679 -6.0396260e+00 6.40e+01 1.08e+06  -6.0 7.84e+03    -  3.87e-06 1.00e-04f  1
iter    objective    inf_pr   inf_du lg(mu)  ||d||  lg(rg) alpha_du alpha_pr  ls
 680 -6.0396200e+00 6.40e+01 1.08e+06  -6.0 1.14e+04    -  3.74e-06 1.00e-04h  1
 681 -6.0396247e+00 6.39e+01 1.08e+06  -6.0 7.87e+03    -  3.86e-06 1.00e-04f  1
 682 -6.0396186e+00 6.39e+01 1.08e+06  -6.0 1.14e+04    -  3.73e-06 1.00e-04h  1
 683 -6.0396234e+00 6.39e+01 1.08e+06  -6.0 7.90e+03    -  3.85e-06 1.00e-04f  1
 684 -6.0396173e+00 6.39e+01 1.08e+06  -6.0 1.15e+04    -  3.72e-06 1.00e-04h  1
 685 -6.0396220e+00 6.39e+01 1.08e+06  -6.0 7.93e+03    -  3.84e-06 1.00e-04f  1
 686 -6.0396159e+00 6.39e+01 1.08e+06  -6.0 1.15e+04    -  3.71e-06 1.00e-04h  1
 687 -6.0396207e+00 6.39e+01 1.08e+06  -6.0 7.96e+03    -  3.82e-06 1.00e-04f  1
 688 -6.0396146e+00 6.39e+01 1.08e+06  -6.0 1.15e+04    -  3.69e-06 1.00e-04h  1
 689 -6.0396194e+00 6.39e+01 1.08e+06  -6.0 8.00e+03    -  3.81e-06 1.00e-04f  1
iter    objective    inf_pr   inf_du lg(mu)  ||d||  lg(rg) alpha_du alpha_pr  ls
 690 -6.0396133e+00 6.39e+01 1.08e+06  -6.0 1.16e+04    -  3.68e-06 1.00e-04h  1
 691 -6.0396181e+00 6.39e+01 1.08e+06  -6.0 8.03e+03    -  3.80e-06 1.00e-04f  1
 692 -6.0396119e+00 6.39e+01 1.08e+06  -6.0 1.16e+04    -  3.67e-06 1.00e-04h  1
 693 -6.0396167e+00 6.39e+01 1.08e+06  -6.0 8.06e+03    -  3.78e-06 1.00e-04f  1
 694 -6.0396106e+00 6.39e+01 1.08e+06  -6.0 1.16e+04    -  3.66e-06 1.00e-04h  1
 695 -6.0396154e+00 6.39e+01 1.08e+06  -6.0 8.09e+03    -  3.77e-06 1.00e-04f  1
 696 -6.0396092e+00 6.39e+01 1.08e+06  -6.0 1.16e+04    -  3.65e-06 1.00e-04h  1
 697 -6.0396141e+00 6.38e+01 1.08e+06  -6.0 8.12e+03    -  3.76e-06 1.00e-04f  1
 698 -6.0396079e+00 6.38e+01 1.08e+06  -6.0 1.17e+04    -  3.64e-06 1.00e-04h  1
 699 -6.0396127e+00 6.38e+01 1.08e+06  -6.0 8.15e+03    -  3.75e-06 1.00e-04f  1
iter    objective    inf_pr   inf_du lg(mu)  ||d||  lg(rg) alpha_du alpha_pr  ls
 700 -6.0396065e+00 6.38e+01 1.08e+06  -6.0 1.17e+04    -  3.63e-06 1.00e-04h  1
 701 -6.0396114e+00 6.38e+01 1.08e+06  -6.0 8.19e+03    -  3.73e-06 1.00e-04f  1
 702 -6.0396052e+00 6.38e+01 1.08e+06  -6.0 1.17e+04    -  3.62e-06 1.00e-04h  1
 703 -6.0396101e+00 6.38e+01 1.08e+06  -6.0 8.22e+03    -  3.72e-06 1.00e-04f  1
 704 -6.0396038e+00 6.38e+01 1.08e+06  -6.0 1.18e+04    -  3.61e-06 1.00e-04h  1
 705 -6.0396087e+00 6.38e+01 1.08e+06  -6.0 8.25e+03    -  3.71e-06 1.00e-04f  1
 706 -6.0396025e+00 6.38e+01 1.08e+06  -6.0 1.18e+04    -  3.60e-06 1.00e-04h  1
 707 -6.0396074e+00 6.38e+01 1.08e+06  -6.0 8.29e+03    -  3.69e-06 1.00e-04f  1
 708 -6.0396011e+00 6.38e+01 1.08e+06  -6.0 1.18e+04    -  3.59e-06 1.00e-04h  1
 709 -6.0396061e+00 6.38e+01 1.08e+06  -6.0 8.32e+03    -  3.68e-06 1.00e-04f  1
iter    objective    inf_pr   inf_du lg(mu)  ||d||  lg(rg) alpha_du alpha_pr  ls
 710 -6.0395998e+00 6.38e+01 1.08e+06  -6.0 1.19e+04    -  3.58e-06 1.00e-04h  1
 711 -6.0396047e+00 6.38e+01 1.08e+06  -6.0 8.35e+03    -  3.67e-06 1.00e-04f  1
 712 -6.0395984e+00 6.38e+01 1.08e+06  -6.0 1.19e+04    -  3.57e-06 1.00e-04h  1
 713 -6.0396034e+00 6.37e+01 1.08e+06  -6.0 8.39e+03    -  3.65e-06 1.00e-04f  1
 714 -6.0395970e+00 6.37e+01 1.08e+06  -6.0 1.19e+04    -  3.56e-06 1.00e-04h  1
 715 -6.0396020e+00 6.37e+01 1.08e+06  -6.0 8.42e+03    -  3.64e-06 1.00e-04f  1
 716 -6.0395957e+00 6.37e+01 1.08e+06  -6.0 1.20e+04    -  3.55e-06 1.00e-04h  1
 717 -6.0396007e+00 6.37e+01 1.08e+06  -6.0 8.46e+03    -  3.63e-06 1.00e-04f  1
 718 -6.0395943e+00 6.37e+01 1.07e+06  -6.0 1.20e+04    -  3.54e-06 1.00e-04h  1
 719 -6.0395993e+00 6.37e+01 1.07e+06  -6.0 8.49e+03    -  3.62e-06 1.00e-04f  1
iter    objective    inf_pr   inf_du lg(mu)  ||d||  lg(rg) alpha_du alpha_pr  ls
 720 -6.0395930e+00 6.37e+01 1.07e+06  -6.0 1.20e+04    -  3.53e-06 1.00e-04h  1
 721 -6.0395980e+00 6.37e+01 1.07e+06  -6.0 8.53e+03    -  3.60e-06 1.00e-04f  1
 722 -6.0395916e+00 6.37e+01 1.07e+06  -6.0 1.21e+04    -  3.52e-06 1.00e-04h  1
 723 -6.0395967e+00 6.37e+01 1.07e+06  -6.0 8.56e+03    -  3.59e-06 1.00e-04f  1
 724 -6.0395902e+00 6.37e+01 1.07e+06  -6.0 1.21e+04    -  3.51e-06 1.00e-04h  1
 725 -6.0395953e+00 6.37e+01 1.07e+06  -6.0 8.60e+03    -  3.58e-06 1.00e-04f  1
 726 -6.0395889e+00 6.37e+01 1.07e+06  -6.0 1.22e+04    -  3.50e-06 1.00e-04h  1
 727 -6.0395940e+00 6.37e+01 1.07e+06  -6.0 8.63e+03    -  3.56e-06 1.00e-04f  1
 728 -6.0395875e+00 6.36e+01 1.07e+06  -6.0 1.22e+04    -  3.49e-06 1.00e-04h  1
 729 -6.0395926e+00 6.36e+01 1.07e+06  -6.0 8.67e+03    -  3.55e-06 1.00e-04f  1
iter    objective    inf_pr   inf_du lg(mu)  ||d||  lg(rg) alpha_du alpha_pr  ls
 730 -6.0395861e+00 6.36e+01 1.07e+06  -6.0 1.22e+04    -  3.48e-06 1.00e-04h  1
 731 -6.0395913e+00 6.36e+01 1.07e+06  -6.0 8.70e+03    -  3.54e-06 1.00e-04f  1
 732 -6.0395847e+00 6.36e+01 1.07e+06  -6.0 1.23e+04    -  3.47e-06 1.00e-04h  1
 733 -6.0395899e+00 6.36e+01 1.07e+06  -6.0 8.74e+03    -  3.53e-06 1.00e-04f  1
 734 -6.0395834e+00 6.36e+01 1.07e+06  -6.0 1.23e+04    -  3.46e-06 1.00e-04h  1
 735 -6.0395885e+00 6.36e+01 1.07e+06  -6.0 8.78e+03    -  3.51e-06 1.00e-04f  1
 736 -6.0395820e+00 6.36e+01 1.07e+06  -6.0 1.23e+04    -  3.45e-06 1.00e-04h  1
 737 -6.0395872e+00 6.36e+01 1.07e+06  -6.0 8.82e+03    -  3.50e-06 1.00e-04f  1
 738 -6.0395806e+00 6.36e+01 1.07e+06  -6.0 1.24e+04    -  3.44e-06 1.00e-04h  1
 739 -6.0395858e+00 6.36e+01 1.07e+06  -6.0 8.85e+03    -  3.49e-06 1.00e-04f  1
iter    objective    inf_pr   inf_du lg(mu)  ||d||  lg(rg) alpha_du alpha_pr  ls
 740 -6.0395792e+00 6.36e+01 1.07e+06  -6.0 1.24e+04    -  3.42e-06 1.00e-04h  1
 741 -6.0395845e+00 6.36e+01 1.07e+06  -6.0 8.89e+03    -  3.47e-06 1.00e-04f  1
 742 -6.0395779e+00 6.36e+01 1.07e+06  -6.0 1.24e+04    -  3.41e-06 1.00e-04h  1
 743 -6.0395831e+00 6.36e+01 1.07e+06  -6.0 8.93e+03    -  3.46e-06 1.00e-04f  1
 744 -6.0395765e+00 6.35e+01 1.07e+06  -6.0 1.25e+04    -  3.40e-06 1.00e-04h  1
 745 -6.0395817e+00 6.35e+01 1.07e+06  -6.0 8.97e+03    -  3.45e-06 1.00e-04f  1
 746 -6.0395751e+00 6.35e+01 1.07e+06  -6.0 1.25e+04    -  3.39e-06 1.00e-04h  1
 747 -6.0395804e+00 6.35e+01 1.07e+06  -6.0 9.01e+03    -  3.44e-06 1.00e-04f  1
 748 -6.0395737e+00 6.35e+01 1.07e+06  -6.0 1.26e+04    -  3.38e-06 1.00e-04h  1
 749 -6.0395790e+00 6.35e+01 1.07e+06  -6.0 9.04e+03    -  3.42e-06 1.00e-04f  1
iter    objective    inf_pr   inf_du lg(mu)  ||d||  lg(rg) alpha_du alpha_pr  ls
 750 -6.0395723e+00 6.35e+01 1.07e+06  -6.0 1.26e+04    -  3.37e-06 1.00e-04h  1
 751 -6.0395777e+00 6.35e+01 1.07e+06  -6.0 9.08e+03    -  3.41e-06 1.00e-04f  1
 752 -6.0395709e+00 6.35e+01 1.07e+06  -6.0 1.26e+04    -  3.36e-06 1.00e-04h  1
 753 -6.0395763e+00 6.35e+01 1.07e+06  -6.0 9.12e+03    -  3.40e-06 1.00e-04f  1
 754 -6.0395695e+00 6.35e+01 1.07e+06  -6.0 1.27e+04    -  3.35e-06 1.00e-04h  1
 755 -6.0395749e+00 6.35e+01 1.07e+06  -6.0 9.16e+03    -  3.38e-06 1.00e-04f  1
 756 -6.0395682e+00 6.35e+01 1.07e+06  -6.0 1.27e+04    -  3.34e-06 1.00e-04h  1
 757 -6.0395735e+00 6.35e+01 1.07e+06  -6.0 9.20e+03    -  3.37e-06 1.00e-04f  1
 758 -6.0395668e+00 6.35e+01 1.07e+06  -6.0 1.28e+04    -  3.33e-06 1.00e-04h  1
 759 -6.0395722e+00 6.35e+01 1.07e+06  -6.0 9.24e+03    -  3.36e-06 1.00e-04f  1
iter    objective    inf_pr   inf_du lg(mu)  ||d||  lg(rg) alpha_du alpha_pr  ls
 760 -6.0395654e+00 6.34e+01 1.07e+06  -6.0 1.28e+04    -  3.32e-06 1.00e-04h  1
 761 -6.0395708e+00 6.34e+01 1.07e+06  -6.0 9.28e+03    -  3.35e-06 1.00e-04f  1
 762 -6.0395640e+00 6.34e+01 1.07e+06  -6.0 1.28e+04    -  3.31e-06 1.00e-04h  1
 763 -6.0395694e+00 6.34e+01 1.07e+06  -6.0 9.33e+03    -  3.33e-06 1.00e-04f  1
 764 -6.0395626e+00 6.34e+01 1.07e+06  -6.0 1.29e+04    -  3.30e-06 1.00e-04h  1
 765 -6.0395681e+00 6.34e+01 1.07e+06  -6.0 9.37e+03    -  3.32e-06 1.00e-04f  1
 766 -6.0395612e+00 6.34e+01 1.07e+06  -6.0 1.29e+04    -  3.29e-06 1.00e-04h  1
 767 -6.0395667e+00 6.34e+01 1.07e+06  -6.0 9.41e+03    -  3.31e-06 1.00e-04f  1
 768 -6.0395598e+00 6.34e+01 1.07e+06  -6.0 1.30e+04    -  3.28e-06 1.00e-04h  1
 769 -6.0395653e+00 6.34e+01 1.07e+06  -6.0 9.45e+03    -  3.29e-06 1.00e-04f  1
iter    objective    inf_pr   inf_du lg(mu)  ||d||  lg(rg) alpha_du alpha_pr  ls
 770 -6.0395584e+00 6.34e+01 1.07e+06  -6.0 1.30e+04    -  3.27e-06 1.00e-04h  1
 771 -6.0395639e+00 6.34e+01 1.07e+06  -6.0 9.49e+03    -  3.28e-06 1.00e-04f  1
 772 -6.0395570e+00 6.34e+01 1.07e+06  -6.0 1.30e+04    -  3.26e-06 1.00e-04h  1
 773 -6.0395625e+00 6.34e+01 1.07e+06  -6.0 9.54e+03    -  3.27e-06 1.00e-04f  1
 774 -6.0395556e+00 6.34e+01 1.07e+06  -6.0 1.31e+04    -  3.25e-06 1.00e-04h  1
 775 -6.0395612e+00 6.34e+01 1.07e+06  -6.0 9.58e+03    -  3.26e-06 1.00e-04f  1
 776 -6.0395542e+00 6.33e+01 1.07e+06  -6.0 1.31e+04    -  3.24e-06 1.00e-04h  1
 777 -6.0395598e+00 6.33e+01 1.07e+06  -6.0 9.62e+03    -  3.24e-06 1.00e-04f  1
 778 -6.0395528e+00 6.33e+01 1.07e+06  -6.0 1.32e+04    -  3.23e-06 1.00e-04h  1
 779 -6.0395584e+00 6.33e+01 1.07e+06  -6.0 9.67e+03    -  3.23e-06 1.00e-04f  1
iter    objective    inf_pr   inf_du lg(mu)  ||d||  lg(rg) alpha_du alpha_pr  ls
 780 -6.0395514e+00 6.33e+01 1.07e+06  -6.0 1.32e+04    -  3.21e-06 1.00e-04h  1
 781 -6.0395570e+00 6.33e+01 1.07e+06  -6.0 9.71e+03    -  3.22e-06 1.00e-04f  1
 782 -6.0395500e+00 6.33e+01 1.07e+06  -6.0 1.33e+04    -  3.20e-06 1.00e-04h  1
 783 -6.0395556e+00 6.33e+01 1.07e+06  -6.0 9.76e+03    -  3.20e-06 1.00e-04f  1
 784 -6.0395485e+00 6.33e+01 1.07e+06  -6.0 1.33e+04    -  3.19e-06 1.00e-04h  1
 785 -6.0395542e+00 6.33e+01 1.07e+06  -6.0 9.80e+03    -  3.19e-06 1.00e-04f  1
 786 -6.0395471e+00 6.33e+01 1.07e+06  -6.0 1.34e+04    -  3.18e-06 1.00e-04h  1
 787 -6.0395528e+00 6.33e+01 1.07e+06  -6.0 9.85e+03    -  3.18e-06 1.00e-04f  1
 788 -6.0395457e+00 6.33e+01 1.07e+06  -6.0 1.34e+04    -  3.17e-06 1.00e-04h  1
 789 -6.0395515e+00 6.33e+01 1.07e+06  -6.0 9.89e+03    -  3.17e-06 1.00e-04f  1
iter    objective    inf_pr   inf_du lg(mu)  ||d||  lg(rg) alpha_du alpha_pr  ls
 790 -6.0395443e+00 6.33e+01 1.07e+06  -6.0 1.34e+04    -  3.16e-06 1.00e-04h  1
 791 -6.0395501e+00 6.32e+01 1.07e+06  -6.0 9.94e+03    -  3.15e-06 1.00e-04f  1
 792 -6.0395429e+00 6.32e+01 1.07e+06  -6.0 1.35e+04    -  3.15e-06 1.00e-04h  1
 793 -6.0395487e+00 6.32e+01 1.07e+06  -6.0 9.99e+03    -  3.14e-06 1.00e-04f  1
 794 -6.0395415e+00 6.32e+01 1.07e+06  -6.0 1.35e+04    -  3.14e-06 1.00e-04h  1
 795 -6.0395473e+00 6.32e+01 1.07e+06  -6.0 1.00e+04    -  3.13e-06 1.00e-04f  1
 796 -6.0395400e+00 6.32e+01 1.07e+06  -6.0 1.36e+04    -  3.13e-06 1.00e-04h  1
 797 -6.0395459e+00 6.32e+01 1.07e+06  -6.0 1.01e+04    -  3.11e-06 1.00e-04f  1
 798 -6.0395386e+00 6.32e+01 1.07e+06  -6.0 1.36e+04    -  3.12e-06 1.00e-04h  1
 799 -6.0395445e+00 6.32e+01 1.07e+06  -6.0 1.01e+04    -  3.10e-06 1.00e-04f  1
iter    objective    inf_pr   inf_du lg(mu)  ||d||  lg(rg) alpha_du alpha_pr  ls
 800 -6.0395372e+00 6.32e+01 1.07e+06  -6.0 1.37e+04    -  3.11e-06 1.00e-04h  1
 801 -6.0395431e+00 6.32e+01 1.07e+06  -6.0 1.02e+04    -  3.09e-06 1.00e-04f  1
 802 -6.0395358e+00 6.32e+01 1.07e+06  -6.0 1.37e+04    -  3.10e-06 1.00e-04h  1
 803 -6.0395417e+00 6.32e+01 1.07e+06  -6.0 1.02e+04    -  3.08e-06 1.00e-04f  1
 804 -6.0395344e+00 6.32e+01 1.07e+06  -6.0 1.38e+04    -  3.09e-06 1.00e-04h  1
 805 -6.0395403e+00 6.32e+01 1.07e+06  -6.0 1.03e+04    -  3.06e-06 1.00e-04f  1
 806 -6.0395329e+00 6.32e+01 1.07e+06  -6.0 1.38e+04    -  3.08e-06 1.00e-04h  1
 807 -6.0395389e+00 6.31e+01 1.07e+06  -6.0 1.03e+04    -  3.05e-06 1.00e-04f  1
 808 -6.0395315e+00 6.31e+01 1.07e+06  -6.0 1.39e+04    -  3.07e-06 1.00e-04h  1
 809 -6.0395375e+00 6.31e+01 1.07e+06  -6.0 1.04e+04    -  3.04e-06 1.00e-04f  1
iter    objective    inf_pr   inf_du lg(mu)  ||d||  lg(rg) alpha_du alpha_pr  ls
 810 -6.0395301e+00 6.31e+01 1.07e+06  -6.0 1.39e+04    -  3.06e-06 1.00e-04h  1
 811 -6.0395361e+00 6.31e+01 1.06e+06  -6.0 1.04e+04    -  3.03e-06 1.00e-04f  1
 812 -6.0395286e+00 6.31e+01 1.06e+06  -6.0 1.40e+04    -  3.05e-06 1.00e-04h  1
 813 -6.0395347e+00 6.31e+01 1.06e+06  -6.0 1.05e+04    -  3.01e-06 1.00e-04f  1
 814 -6.0395272e+00 6.31e+01 1.06e+06  -6.0 1.40e+04    -  3.03e-06 1.00e-04h  1
 815 -6.0395333e+00 6.31e+01 1.06e+06  -6.0 1.05e+04    -  3.00e-06 1.00e-04f  1
 816 -6.0395258e+00 6.31e+01 1.06e+06  -6.0 1.41e+04    -  3.02e-06 1.00e-04h  1
 817 -6.0395319e+00 6.31e+01 1.06e+06  -6.0 1.06e+04    -  2.99e-06 1.00e-04f  1
 818 -6.0395243e+00 6.31e+01 1.06e+06  -6.0 1.41e+04    -  3.01e-06 1.00e-04h  1
 819 -6.0395304e+00 6.31e+01 1.06e+06  -6.0 1.06e+04    -  2.97e-06 1.00e-04f  1
iter    objective    inf_pr   inf_du lg(mu)  ||d||  lg(rg) alpha_du alpha_pr  ls
 820 -6.0395229e+00 6.31e+01 1.06e+06  -6.0 1.42e+04    -  3.00e-06 1.00e-04h  1
 821 -6.0395290e+00 6.31e+01 1.06e+06  -6.0 1.07e+04    -  2.96e-06 1.00e-04f  1
 822 -6.0395215e+00 6.31e+01 1.06e+06  -6.0 1.42e+04    -  2.99e-06 1.00e-04h  1
 823 -6.0395276e+00 6.30e+01 1.06e+06  -6.0 1.07e+04    -  2.95e-06 1.00e-04f  1
 824 -6.0395200e+00 6.30e+01 1.06e+06  -6.0 1.43e+04    -  2.98e-06 1.00e-04h  1
 825 -6.0395262e+00 6.30e+01 1.06e+06  -6.0 1.08e+04    -  2.94e-06 1.00e-04f  1
 826 -6.0395186e+00 6.30e+01 1.06e+06  -6.0 1.43e+04    -  2.97e-06 1.00e-04h  1
 827 -6.0395248e+00 6.30e+01 1.06e+06  -6.0 1.08e+04    -  2.92e-06 1.00e-04f  1
 828 -6.0395171e+00 6.30e+01 1.06e+06  -6.0 1.44e+04    -  2.96e-06 1.00e-04h  1
 829 -6.0395234e+00 6.30e+01 1.06e+06  -6.0 1.09e+04    -  2.91e-06 1.00e-04f  1
iter    objective    inf_pr   inf_du lg(mu)  ||d||  lg(rg) alpha_du alpha_pr  ls
 830 -6.0395157e+00 6.30e+01 1.06e+06  -6.0 1.45e+04    -  2.95e-06 1.00e-04h  1
 831 -6.0395220e+00 6.30e+01 1.06e+06  -6.0 1.10e+04    -  2.90e-06 1.00e-04f  1
 832 -6.0395142e+00 6.30e+01 1.06e+06  -6.0 1.45e+04    -  2.94e-06 1.00e-04h  1
 833 -6.0395205e+00 6.30e+01 1.06e+06  -6.0 1.10e+04    -  2.88e-06 1.00e-04f  1
 834 -6.0395128e+00 6.30e+01 1.06e+06  -6.0 1.46e+04    -  2.93e-06 1.00e-04h  1
 835 -6.0395191e+00 6.30e+01 1.06e+06  -6.0 1.11e+04    -  2.87e-06 1.00e-04f  1
 836 -6.0395113e+00 6.30e+01 1.06e+06  -6.0 1.46e+04    -  2.92e-06 1.00e-04h  1
 837 -6.0395177e+00 6.30e+01 1.06e+06  -6.0 1.11e+04    -  2.86e-06 1.00e-04f  1
 838 -6.0395099e+00 6.30e+01 1.06e+06  -6.0 1.47e+04    -  2.91e-06 1.00e-04h  1
 839 -6.0395163e+00 6.29e+01 1.06e+06  -6.0 1.12e+04    -  2.85e-06 1.00e-04f  1
iter    objective    inf_pr   inf_du lg(mu)  ||d||  lg(rg) alpha_du alpha_pr  ls
 840 -6.0395084e+00 6.29e+01 1.06e+06  -6.0 1.47e+04    -  2.90e-06 1.00e-04h  1
 841 -6.0395148e+00 6.29e+01 1.06e+06  -6.0 1.12e+04    -  2.83e-06 1.00e-04f  1
 842 -6.0395070e+00 6.29e+01 1.06e+06  -6.0 1.48e+04    -  2.89e-06 1.00e-04h  1
 843 -6.0395134e+00 6.29e+01 1.06e+06  -6.0 1.13e+04    -  2.82e-06 1.00e-04f  1
 844 -6.0395055e+00 6.29e+01 1.06e+06  -6.0 1.48e+04    -  2.88e-06 1.00e-04h  1
 845 -6.0395120e+00 6.29e+01 1.06e+06  -6.0 1.14e+04    -  2.81e-06 1.00e-04f  1
 846 -6.0395041e+00 6.29e+01 1.06e+06  -6.0 1.49e+04    -  2.86e-06 1.00e-04h  1
 847 -6.0395106e+00 6.29e+01 1.06e+06  -6.0 1.14e+04    -  2.80e-06 1.00e-04f  1
 848 -6.0395026e+00 6.29e+01 1.06e+06  -6.0 1.50e+04    -  2.85e-06 1.00e-04h  1
 849 -6.0395091e+00 6.29e+01 1.06e+06  -6.0 1.15e+04    -  2.78e-06 1.00e-04f  1
iter    objective    inf_pr   inf_du lg(mu)  ||d||  lg(rg) alpha_du alpha_pr  ls
 850 -6.0395011e+00 6.29e+01 1.06e+06  -6.0 1.50e+04    -  2.84e-06 1.00e-04h  1
 851 -6.0395077e+00 6.29e+01 1.06e+06  -6.0 1.15e+04    -  2.77e-06 1.00e-04f  1
 852 -6.0394997e+00 6.29e+01 1.06e+06  -6.0 1.51e+04    -  2.83e-06 1.00e-04h  1
 853 -6.0395063e+00 6.29e+01 1.06e+06  -6.0 1.16e+04    -  2.76e-06 1.00e-04f  1
 854 -6.0394982e+00 6.29e+01 1.06e+06  -6.0 1.52e+04    -  2.82e-06 1.00e-04h  1
 855 -6.0395048e+00 6.28e+01 1.06e+06  -6.0 1.17e+04    -  2.74e-06 1.00e-04f  1
 856 -6.0394967e+00 6.28e+01 1.06e+06  -6.0 1.52e+04    -  2.81e-06 1.00e-04h  1
 857 -6.0395034e+00 6.28e+01 1.06e+06  -6.0 1.17e+04    -  2.73e-06 1.00e-04f  1
 858 -6.0394953e+00 6.28e+01 1.06e+06  -6.0 1.53e+04    -  2.80e-06 1.00e-04h  1
 859 -6.0395020e+00 6.28e+01 1.06e+06  -6.0 1.18e+04    -  2.72e-06 1.00e-04f  1
iter    objective    inf_pr   inf_du lg(mu)  ||d||  lg(rg) alpha_du alpha_pr  ls
 860 -6.0394938e+00 6.28e+01 1.06e+06  -6.0 1.53e+04    -  2.79e-06 1.00e-04h  1
 861 -6.0395005e+00 6.28e+01 1.06e+06  -6.0 1.19e+04    -  2.71e-06 1.00e-04f  1
 862 -6.0394923e+00 6.28e+01 1.06e+06  -6.0 1.54e+04    -  2.78e-06 1.00e-04h  1
 863 -6.0394991e+00 6.28e+01 1.06e+06  -6.0 1.19e+04    -  2.69e-06 1.00e-04f  1
 864 -6.0394909e+00 6.28e+01 1.06e+06  -6.0 1.55e+04    -  2.77e-06 1.00e-04h  1
 865 -6.0394977e+00 6.28e+01 1.06e+06  -6.0 1.20e+04    -  2.68e-06 1.00e-04f  1
 866 -6.0394894e+00 6.28e+01 1.06e+06  -6.0 1.55e+04    -  2.76e-06 1.00e-04h  1
 867 -6.0394962e+00 6.28e+01 1.06e+06  -6.0 1.20e+04    -  2.67e-06 1.00e-04f  1
 868 -6.0394879e+00 6.28e+01 1.06e+06  -6.0 1.56e+04    -  2.75e-06 1.00e-04h  1
 869 -6.0394948e+00 6.28e+01 1.06e+06  -6.0 1.21e+04    -  2.65e-06 1.00e-04f  1
iter    objective    inf_pr   inf_du lg(mu)  ||d||  lg(rg) alpha_du alpha_pr  ls
 870 -6.0394864e+00 6.28e+01 1.06e+06  -6.0 1.57e+04    -  2.74e-06 1.00e-04h  1
 871 -6.0394933e+00 6.27e+01 1.06e+06  -6.0 1.22e+04    -  2.64e-06 1.00e-04f  1
 872 -6.0394850e+00 6.27e+01 1.06e+06  -6.0 1.57e+04    -  2.73e-06 1.00e-04h  1
 873 -6.0394919e+00 6.27e+01 1.06e+06  -6.0 1.23e+04    -  2.63e-06 1.00e-04f  1
 874 -6.0394835e+00 6.27e+01 1.06e+06  -6.0 1.58e+04    -  2.72e-06 1.00e-04h  1
 875 -6.0394904e+00 6.27e+01 1.06e+06  -6.0 1.23e+04    -  2.62e-06 1.00e-04f  1
 876 -6.0394820e+00 6.27e+01 1.06e+06  -6.0 1.59e+04    -  2.70e-06 1.00e-04h  1
 877 -6.0394890e+00 6.27e+01 1.06e+06  -6.0 1.24e+04    -  2.60e-06 1.00e-04f  1
 878 -6.0394805e+00 6.27e+01 1.06e+06  -6.0 1.59e+04    -  2.69e-06 1.00e-04h  1
 879 -6.0394875e+00 6.27e+01 1.06e+06  -6.0 1.25e+04    -  2.59e-06 1.00e-04f  1
iter    objective    inf_pr   inf_du lg(mu)  ||d||  lg(rg) alpha_du alpha_pr  ls
 880 -6.0394790e+00 6.27e+01 1.06e+06  -6.0 1.60e+04    -  2.68e-06 1.00e-04h  1
 881 -6.0394861e+00 6.27e+01 1.06e+06  -6.0 1.25e+04    -  2.58e-06 1.00e-04f  1
 882 -6.0394775e+00 6.27e+01 1.06e+06  -6.0 1.61e+04    -  2.67e-06 1.00e-04h  1
 883 -6.0394846e+00 6.27e+01 1.06e+06  -6.0 1.26e+04    -  2.57e-06 1.00e-04f  1
 884 -6.0394761e+00 6.27e+01 1.06e+06  -6.0 1.62e+04    -  2.66e-06 1.00e-04h  1
 885 -6.0394832e+00 6.27e+01 1.06e+06  -6.0 1.27e+04    -  2.55e-06 1.00e-04f  1
 886 -6.0394746e+00 6.27e+01 1.06e+06  -6.0 1.62e+04    -  2.65e-06 1.00e-04h  1
 887 -6.0394817e+00 6.26e+01 1.06e+06  -6.0 1.27e+04    -  2.54e-06 1.00e-04f  1
 888 -6.0394731e+00 6.26e+01 1.06e+06  -6.0 1.63e+04    -  2.64e-06 1.01e-04h  1
 889 -6.0394803e+00 6.26e+01 1.06e+06  -6.0 1.28e+04    -  2.53e-06 1.00e-04f  1
iter    objective    inf_pr   inf_du lg(mu)  ||d||  lg(rg) alpha_du alpha_pr  ls
 890 -6.0394716e+00 6.26e+01 1.06e+06  -6.0 1.64e+04    -  2.63e-06 1.01e-04h  1
 891 -6.0394788e+00 6.26e+01 1.06e+06  -6.0 1.29e+04    -  2.51e-06 1.00e-04f  1
 892 -6.0394701e+00 6.26e+01 1.06e+06  -6.0 1.64e+04    -  2.62e-06 1.01e-04h  1
 893 -6.0394774e+00 6.26e+01 1.06e+06  -6.0 1.30e+04    -  2.50e-06 1.00e-04f  1
 894 -6.0394686e+00 6.26e+01 1.06e+06  -6.0 1.65e+04    -  2.61e-06 1.01e-04h  1
 895 -6.0394759e+00 6.26e+01 1.06e+06  -6.0 1.31e+04    -  2.49e-06 1.01e-04f  1
 896 -6.0394671e+00 6.26e+01 1.06e+06  -6.0 1.66e+04    -  2.60e-06 1.01e-04h  1
 897 -6.0394745e+00 6.26e+01 1.06e+06  -6.0 1.31e+04    -  2.48e-06 1.01e-04f  1
 898 -6.0394656e+00 6.26e+01 1.06e+06  -6.0 1.67e+04    -  2.59e-06 1.01e-04h  1
 899 -6.0394730e+00 6.26e+01 1.06e+06  -6.0 1.32e+04    -  2.46e-06 1.01e-04f  1
iter    objective    inf_pr   inf_du lg(mu)  ||d||  lg(rg) alpha_du alpha_pr  ls
 900 -6.0394641e+00 6.26e+01 1.06e+06  -6.0 1.68e+04    -  2.58e-06 1.01e-04h  1
 901 -6.0394715e+00 6.26e+01 1.06e+06  -6.0 1.33e+04    -  2.45e-06 1.01e-04f  1
 902 -6.0394626e+00 6.26e+01 1.06e+06  -6.0 1.68e+04    -  2.57e-06 1.01e-04h  1
 903 -6.0394701e+00 6.25e+01 1.06e+06  -6.0 1.34e+04    -  2.44e-06 1.01e-04f  1
 904 -6.0394611e+00 6.25e+01 1.06e+06  -6.0 1.69e+04    -  2.56e-06 1.01e-04h  1
 905 -6.0394686e+00 6.25e+01 1.05e+06  -6.0 1.34e+04    -  2.43e-06 1.01e-04f  1
 906 -6.0394596e+00 6.25e+01 1.05e+06  -6.0 1.70e+04    -  2.55e-06 1.01e-04h  1
 907 -6.0394671e+00 6.25e+01 1.05e+06  -6.0 1.35e+04    -  2.41e-06 1.01e-04f  1
 908 -6.0394581e+00 6.25e+01 1.05e+06  -6.0 1.71e+04    -  2.54e-06 1.01e-04h  1
 909 -6.0394657e+00 6.25e+01 1.05e+06  -6.0 1.36e+04    -  2.40e-06 1.01e-04f  1
iter    objective    inf_pr   inf_du lg(mu)  ||d||  lg(rg) alpha_du alpha_pr  ls
 910 -6.0394565e+00 6.25e+01 1.05e+06  -6.0 1.72e+04    -  2.52e-06 1.01e-04h  1
 911 -6.0394642e+00 6.25e+01 1.05e+06  -6.0 1.37e+04    -  2.39e-06 1.01e-04f  1
 912 -6.0394550e+00 6.25e+01 1.05e+06  -6.0 1.72e+04    -  2.51e-06 1.01e-04h  1
 913 -6.0394627e+00 6.25e+01 1.05e+06  -6.0 1.38e+04    -  2.38e-06 1.01e-04f  1
 914 -6.0394535e+00 6.25e+01 1.05e+06  -6.0 1.73e+04    -  2.50e-06 1.01e-04h  1
 915 -6.0394613e+00 6.25e+01 1.05e+06  -6.0 1.39e+04    -  2.36e-06 1.01e-04f  1
 916 -6.0394520e+00 6.25e+01 1.05e+06  -6.0 1.74e+04    -  2.49e-06 1.01e-04h  1
 917 -6.0394598e+00 6.25e+01 1.05e+06  -6.0 1.40e+04    -  2.35e-06 1.01e-04f  1
 918 -6.0394505e+00 6.25e+01 1.05e+06  -6.0 1.75e+04    -  2.48e-06 1.01e-04h  1
 919 -6.0394583e+00 6.24e+01 1.05e+06  -6.0 1.40e+04    -  2.34e-06 1.01e-04f  1
iter    objective    inf_pr   inf_du lg(mu)  ||d||  lg(rg) alpha_du alpha_pr  ls
 920 -6.0394490e+00 6.24e+01 1.05e+06  -6.0 1.76e+04    -  2.47e-06 1.01e-04h  1
 921 -6.0394568e+00 6.24e+01 1.05e+06  -6.0 1.41e+04    -  2.32e-06 1.01e-04f  1
 922 -6.0394474e+00 6.24e+01 1.05e+06  -6.0 1.77e+04    -  2.46e-06 1.01e-04h  1
 923 -6.0394554e+00 6.24e+01 1.05e+06  -6.0 1.42e+04    -  2.31e-06 1.01e-04f  1
 924 -6.0394459e+00 6.24e+01 1.05e+06  -6.0 1.78e+04    -  2.45e-06 1.01e-04h  1
 925 -6.0394539e+00 6.24e+01 1.05e+06  -6.0 1.43e+04    -  2.30e-06 1.01e-04f  1
 926 -6.0394444e+00 6.24e+01 1.05e+06  -6.0 1.79e+04    -  2.44e-06 1.01e-04h  1
 927 -6.0394524e+00 6.24e+01 1.05e+06  -6.0 1.44e+04    -  2.29e-06 1.01e-04f  1
 928 -6.0394429e+00 6.24e+01 1.05e+06  -6.0 1.80e+04    -  2.43e-06 1.01e-04h  1
 929 -6.0394509e+00 6.24e+01 1.05e+06  -6.0 1.45e+04    -  2.27e-06 1.01e-04f  1
iter    objective    inf_pr   inf_du lg(mu)  ||d||  lg(rg) alpha_du alpha_pr  ls
 930 -6.0394413e+00 6.24e+01 1.05e+06  -6.0 1.81e+04    -  2.42e-06 1.01e-04h  1
 931 -6.0394495e+00 6.24e+01 1.05e+06  -6.0 1.46e+04    -  2.26e-06 1.01e-04f  1
 932 -6.0394398e+00 6.24e+01 1.05e+06  -6.0 1.81e+04    -  2.41e-06 1.01e-04h  1
 933 -6.0394480e+00 6.24e+01 1.05e+06  -6.0 1.47e+04    -  2.25e-06 1.01e-04f  1
 934 -6.0394383e+00 6.24e+01 1.05e+06  -6.0 1.82e+04    -  2.40e-06 1.01e-04h  1
 935 -6.0394465e+00 6.23e+01 1.05e+06  -6.0 1.48e+04    -  2.24e-06 1.01e-04f  1
 936 -6.0394367e+00 6.23e+01 1.05e+06  -6.0 1.83e+04    -  2.39e-06 1.01e-04h  1
 937 -6.0394450e+00 6.23e+01 1.05e+06  -6.0 1.49e+04    -  2.22e-06 1.01e-04f  1
 938 -6.0394352e+00 6.23e+01 1.05e+06  -6.0 1.84e+04    -  2.38e-06 1.01e-04h  1
 939 -6.0394435e+00 6.23e+01 1.05e+06  -6.0 1.50e+04    -  2.21e-06 1.01e-04f  1
iter    objective    inf_pr   inf_du lg(mu)  ||d||  lg(rg) alpha_du alpha_pr  ls
 940 -6.0394337e+00 6.23e+01 1.05e+06  -6.0 1.85e+04    -  2.37e-06 1.01e-04h  1
 941 -6.0394420e+00 6.23e+01 1.05e+06  -6.0 1.51e+04    -  2.20e-06 1.01e-04f  1
 942 -6.0394321e+00 6.23e+01 1.05e+06  -6.0 1.86e+04    -  2.36e-06 1.01e-04h  1
 943 -6.0394405e+00 6.23e+01 1.05e+06  -6.0 1.52e+04    -  2.19e-06 1.01e-04f  1
 944 -6.0394306e+00 6.23e+01 1.05e+06  -6.0 1.87e+04    -  2.35e-06 1.01e-04h  1
 945 -6.0394390e+00 6.23e+01 1.05e+06  -6.0 1.53e+04    -  2.17e-06 1.01e-04f  1
 946 -6.0394290e+00 6.23e+01 1.05e+06  -6.0 1.88e+04    -  2.34e-06 1.01e-04h  1
 947 -6.0394376e+00 6.23e+01 1.05e+06  -6.0 1.54e+04    -  2.16e-06 1.01e-04f  1
 948 -6.0394275e+00 6.23e+01 1.05e+06  -6.0 1.89e+04    -  2.33e-06 1.01e-04h  1
 949 -6.0394361e+00 6.23e+01 1.05e+06  -6.0 1.55e+04    -  2.15e-06 1.01e-04f  1
iter    objective    inf_pr   inf_du lg(mu)  ||d||  lg(rg) alpha_du alpha_pr  ls
 950 -6.0394259e+00 6.23e+01 1.05e+06  -6.0 1.91e+04    -  2.32e-06 1.01e-04h  1
 951 -6.0394346e+00 6.22e+01 1.05e+06  -6.0 1.56e+04    -  2.14e-06 1.01e-04f  1
 952 -6.0394244e+00 6.22e+01 1.05e+06  -6.0 1.92e+04    -  2.31e-06 1.01e-04h  1
 953 -6.0394331e+00 6.22e+01 1.05e+06  -6.0 1.57e+04    -  2.12e-06 1.01e-04f  1
 954 -6.0394228e+00 6.22e+01 1.05e+06  -6.0 1.93e+04    -  2.30e-06 1.01e-04h  1
 955 -6.0394316e+00 6.22e+01 1.05e+06  -6.0 1.58e+04    -  2.11e-06 1.01e-04f  1
 956 -6.0394213e+00 6.22e+01 1.05e+06  -6.0 1.94e+04    -  2.28e-06 1.01e-04h  1
 957 -6.0394301e+00 6.22e+01 1.05e+06  -6.0 1.60e+04    -  2.10e-06 1.01e-04f  1
 958 -6.0394197e+00 6.22e+01 1.05e+06  -6.0 1.95e+04    -  2.27e-06 1.01e-04h  1
 959 -6.0394286e+00 6.22e+01 1.05e+06  -6.0 1.61e+04    -  2.09e-06 1.01e-04f  1
iter    objective    inf_pr   inf_du lg(mu)  ||d||  lg(rg) alpha_du alpha_pr  ls
 960 -6.0394182e+00 6.22e+01 1.05e+06  -6.0 1.96e+04    -  2.26e-06 1.01e-04h  1
 961 -6.0394271e+00 6.22e+01 1.05e+06  -6.0 1.62e+04    -  2.07e-06 1.01e-04f  1
 962 -6.0394166e+00 6.22e+01 1.05e+06  -6.0 1.97e+04    -  2.25e-06 1.01e-04h  1
 963 -6.0394256e+00 6.22e+01 1.05e+06  -6.0 1.63e+04    -  2.06e-06 1.01e-04f  1
 964 -6.0394150e+00 6.22e+01 1.05e+06  -6.0 1.98e+04    -  2.24e-06 1.01e-04h  1
 965 -6.0394241e+00 6.22e+01 1.05e+06  -6.0 1.64e+04    -  2.05e-06 1.01e-04f  1
 966 -6.0394135e+00 6.22e+01 1.05e+06  -6.0 2.00e+04    -  2.23e-06 1.01e-04h  1
 967 -6.0394226e+00 6.21e+01 1.05e+06  -6.0 1.65e+04    -  2.04e-06 1.01e-04f  1
 968 -6.0394119e+00 6.21e+01 1.05e+06  -6.0 2.01e+04    -  2.22e-06 1.01e-04h  1
 969 -6.0394211e+00 6.21e+01 1.05e+06  -6.0 1.67e+04    -  2.02e-06 1.01e-04f  1
iter    objective    inf_pr   inf_du lg(mu)  ||d||  lg(rg) alpha_du alpha_pr  ls
 970 -6.0394103e+00 6.21e+01 1.05e+06  -6.0 2.02e+04    -  2.21e-06 1.01e-04h  1
 971 -6.0394196e+00 6.21e+01 1.05e+06  -6.0 1.68e+04    -  2.01e-06 1.01e-04f  1
 972 -6.0394088e+00 6.21e+01 1.05e+06  -6.0 2.03e+04    -  2.20e-06 1.01e-04h  1
 973 -6.0394181e+00 6.21e+01 1.05e+06  -6.0 1.69e+04    -  2.00e-06 1.01e-04f  1
 974 -6.0394072e+00 6.21e+01 1.05e+06  -6.0 2.04e+04    -  2.19e-06 1.01e-04h  1
 975 -6.0394166e+00 6.21e+01 1.05e+06  -6.0 1.70e+04    -  1.99e-06 1.01e-04f  1
 976 -6.0394056e+00 6.21e+01 1.05e+06  -6.0 2.06e+04    -  2.18e-06 1.01e-04h  1
 977 -6.0394150e+00 6.21e+01 1.05e+06  -6.0 1.72e+04    -  1.97e-06 1.01e-04f  1
 978 -6.0394040e+00 6.21e+01 1.05e+06  -6.0 2.07e+04    -  2.17e-06 1.01e-04h  1
 979 -6.0394135e+00 6.21e+01 1.05e+06  -6.0 1.73e+04    -  1.96e-06 1.01e-04f  1
iter    objective    inf_pr   inf_du lg(mu)  ||d||  lg(rg) alpha_du alpha_pr  ls
 980 -6.0394025e+00 6.21e+01 1.05e+06  -6.0 2.08e+04    -  2.16e-06 1.01e-04h  1
 981 -6.0394120e+00 6.21e+01 1.05e+06  -6.0 1.74e+04    -  1.95e-06 1.01e-04f  1
 982 -6.0394009e+00 6.21e+01 1.05e+06  -6.0 2.10e+04    -  2.15e-06 1.01e-04h  1
 983 -6.0394105e+00 6.20e+01 1.05e+06  -6.0 1.76e+04    -  1.94e-06 1.01e-04f  1
 984 -6.0393993e+00 6.20e+01 1.05e+06  -6.0 2.11e+04    -  2.15e-06 1.01e-04h  1
 985 -6.0394090e+00 6.20e+01 1.05e+06  -6.0 1.77e+04    -  1.92e-06 1.01e-04f  1
 986 -6.0393977e+00 6.20e+01 1.05e+06  -6.0 2.12e+04    -  2.14e-06 1.01e-04h  1
 987 -6.0394075e+00 6.20e+01 1.05e+06  -6.0 1.78e+04    -  1.91e-06 1.01e-04f  1
 988 -6.0393961e+00 6.20e+01 1.05e+06  -6.0 2.14e+04    -  2.13e-06 1.01e-04h  1
 989 -6.0394060e+00 6.20e+01 1.05e+06  -6.0 1.80e+04    -  1.90e-06 1.01e-04f  1
iter    objective    inf_pr   inf_du lg(mu)  ||d||  lg(rg) alpha_du alpha_pr  ls
 990 -6.0393945e+00 6.20e+01 1.05e+06  -6.0 2.15e+04    -  2.12e-06 1.01e-04h  1
 991 -6.0394044e+00 6.20e+01 1.05e+06  -6.0 1.81e+04    -  1.89e-06 1.01e-04f  1
 992 -6.0393929e+00 6.20e+01 1.05e+06  -6.0 2.17e+04    -  2.11e-06 1.01e-04h  1
 993 -6.0394029e+00 6.20e+01 1.05e+06  -6.0 1.83e+04    -  1.87e-06 1.01e-04f  1
 994 -6.0393913e+00 6.20e+01 1.05e+06  -6.0 2.18e+04    -  2.10e-06 1.01e-04h  1
 995 -6.0394014e+00 6.20e+01 1.05e+06  -6.0 1.84e+04    -  1.86e-06 1.01e-04f  1
 996 -6.0393897e+00 6.20e+01 1.05e+06  -6.0 2.19e+04    -  2.09e-06 1.01e-04h  1
 997 -6.0393999e+00 6.20e+01 1.05e+06  -6.0 1.86e+04    -  1.85e-06 1.01e-04f  1
 998 -6.0393881e+00 6.20e+01 1.05e+06  -6.0 2.21e+04    -  2.08e-06 1.01e-04h  1
 999 -6.0393984e+00 6.19e+01 1.04e+06  -6.0 1.87e+04    -  1.84e-06 1.01e-04f  1
iter    objective    inf_pr   inf_du lg(mu)  ||d||  lg(rg) alpha_du alpha_pr  ls
1000 -6.0393865e+00 6.19e+01 1.04e+06  -6.0 2.22e+04    -  2.07e-06 1.01e-04h  1

Number of Iterations....: 1000

                                   (scaled)                 (unscaled)
Objective...............:  -4.7182707297290012e+00   -6.0393865340531212e+00
Dual infeasibility......:   1.0448781103682419e+06    1.3374439812713496e+06
Constraint violation....:   3.3659880844325201e+01    6.1942999736875215e+01
Complementarity.........:   1.3683603918091867e-04    1.7515013015157591e-04
Overall NLP error.......:   3.6308748376630124e+05    1.3374439812713496e+06


Number of objective function evaluations             = 1112
Number of objective gradient evaluations             = 1001
Number of equality constraint evaluations            = 1112
Number of inequality constraint evaluations          = 1112
Number of equality constraint Jacobian evaluations   = 1006
Number of inequality constraint Jacobian evaluations = 1006
Number of Lagrangian Hessian evaluations             = 1000
Total CPU secs in IPOPT (w/o function evaluations)   =   1458.090
Total CPU secs in NLP function evaluations           =     38.010

EXIT: Maximum Number of Iterations Exceeded.
