
List of user-set options:

                                    Name   Value                used
                           compl_inf_tol = 1                     yes
                         constr_viol_tol = 1                     yes
                            dual_inf_tol = 1000                  yes
                           linear_solver = ma97                  yes
                              ma86_small = 1e-30                  no
                                  ma86_u = 0.0001                 no
                              ma97_order = best                  yes
                              ma97_small = 1e-30                 yes
                            ma97_switch1 = at_start              yes
                            ma97_switch2 = od_hd_reuse           yes
                                  ma97_u = 1e-06                 yes
                               ma97_umax = 0.5                   yes
                                max_iter = 1000                  yes
                    max_refinement_steps = 20                    yes
                    min_refinement_steps = 5                     yes
                                 mu_init = 1e-06                 yes
           mu_superlinear_decrease_power = 1.25                  yes
                   nlp_scaling_min_value = 1e-08                 yes
                        option_file_name = Preset_Case_938_pf.opt  yes
                             output_file = ./tmp/Preset_Case_938_pf.output  yes
                      print_user_options = yes                   yes
        required_infeasibility_reduction = 1                      no
                                     tol = 1e-08                 yes
                   warm_start_bound_frac = 1e-20                 yes
                   warm_start_bound_push = 1e-20                 yes
                   warm_start_init_point = yes                   yes
              warm_start_mult_bound_push = 1e-20                 yes
                warm_start_mult_init_max = 1e+40                 yes
             warm_start_slack_bound_frac = 1e-20                 yes
             warm_start_slack_bound_push = 1e-20                 yes

******************************************************************************
This program contains Ipopt, a library for large-scale nonlinear optimization.
 Ipopt is released as open source code under the Eclipse Public License (EPL).
         For more information visit http://projects.coin-or.org/Ipopt
******************************************************************************

This is Ipopt version 3.12.10, running with linear solver ma97.

Number of nonzeros in equality constraint Jacobian...:   123443
Number of nonzeros in inequality constraint Jacobian.:      213
Number of nonzeros in Lagrangian Hessian.............:    49069

Total number of variables............................:    31591
                     variables with only lower bounds:    12912
                variables with lower and upper bounds:    15130
                     variables with only upper bounds:        0
Total number of equality constraints.................:    31483
Total number of inequality constraints...............:       25
        inequality constraints with only lower bounds:        4
   inequality constraints with lower and upper bounds:        0
        inequality constraints with only upper bounds:       21

iter    objective    inf_pr   inf_du lg(mu)  ||d||  lg(rg) alpha_du alpha_pr  ls
   0 -5.0861103e+00 4.08e-03 1.02e+00  -6.0 0.00e+00    -  0.00e+00 0.00e+00   0
   1 -5.0954116e+00 8.79e+00 6.10e+01  -6.0 3.35e+05    -  9.75e-05 1.37e-03h  1
   2 -5.0953718e+00 8.79e+00 6.10e+01  -6.0 1.22e+03    -  1.06e-04 3.18e-05h  1
   3 -5.0875639e+00 8.76e+00 2.38e+02  -6.0 2.19e+04    -  1.01e-04 2.88e-03h  1
   4 -5.0863863e+00 8.75e+00 2.56e+02  -6.0 3.49e+03    -  2.40e-01 1.00e-03h  2
   5 -5.0856727e+00 8.75e+00 2.56e+02  -6.0 9.26e+02    -  1.35e-03 4.96e-04h  7
   6 -5.0854307e+00 8.75e+00 2.56e+02  -6.0 3.46e+03    -  6.13e-03 2.06e-04h 11
   7 -5.0853095e+00 8.75e+00 2.56e+02  -6.0 3.47e+03    -  2.33e-03 1.03e-04h 12
   8r-5.0853095e+00 8.75e+00 9.99e+02   0.9 0.00e+00    -  0.00e+00 4.03e-07R 20
   9r-5.0888714e+00 8.75e+00 9.99e+02   0.9 2.37e+06    -  2.47e-07 5.69e-08f  1
iter    objective    inf_pr   inf_du lg(mu)  ||d||  lg(rg) alpha_du alpha_pr  ls
  10 -5.1059183e+00 8.73e+00 5.10e+03  -6.0 1.22e+05    -  2.70e-04 1.94e-03h  1
  11 -5.1171692e+00 1.92e+01 1.03e+04  -6.0 1.08e+05    -  9.91e-06 1.34e-02h  1
  12 -5.1296798e+00 2.37e+01 7.08e+04  -6.0 3.03e+04    -  6.08e-05 3.58e-02h  1
  13 -5.1368997e+00 2.35e+01 5.11e+04  -6.0 2.39e+04    -  5.44e-05 1.37e-02h  1
  14 -5.1511970e+00 2.28e+01 6.30e+04  -6.0 1.82e+04    -  3.35e-02 3.36e-02h  1
  15 -5.1519745e+00 2.23e+01 5.57e+04  -6.0 8.39e+03    -  5.07e-02 2.42e-02h  1
  16 -5.1413987e+00 2.13e+01 4.71e+04  -6.0 5.41e+03    -  1.15e-01 4.53e-02h  1
  17 -5.1283226e+00 2.05e+01 4.92e+04  -6.0 3.27e+03    -  3.20e-01 3.51e-02h  3
  18 -5.1287737e+00 2.05e+01 4.89e+04  -6.0 1.17e+04    -  3.42e-02 1.81e-03h  1
  19 -5.1206962e+00 2.00e+01 4.94e+04  -6.0 2.77e+03    -  2.78e-01 2.37e-02h  2
iter    objective    inf_pr   inf_du lg(mu)  ||d||  lg(rg) alpha_du alpha_pr  ls
  20 -5.1182292e+00 1.98e+01 4.91e+04  -6.0 2.49e+03    -  1.65e-01 8.12e-03h  6
  21 -5.1170255e+00 1.98e+01 5.73e+04  -6.0 2.41e+03    -  6.12e-01 4.15e-03h  7
  22 -5.1169878e+00 1.98e+01 6.00e+04  -6.0 2.41e+03    -  1.37e-01 1.33e-04h 12
  23 -5.1169689e+00 1.98e+01 7.41e+04  -6.0 2.42e+03    -  7.97e-01 6.69e-05h 13
  24 -5.1167891e+00 1.97e+01 7.42e+04  -6.0 5.74e+04    -  2.99e-02 9.48e-04h  5
  25 -5.0336347e+00 1.40e+01 4.55e+05  -6.0 2.47e+03    -  7.24e-02 2.94e-01h  1
  26 -5.0416681e+00 1.36e+01 4.42e+05  -6.0 1.72e+04    -  1.34e-01 2.56e-02h  1
  27 -5.0459495e+00 1.34e+01 4.30e+05  -6.0 1.92e+04    -  4.04e-02 1.60e-02h  3
  28 -5.0516892e+00 1.31e+01 4.11e+05  -6.0 1.64e+04    -  1.46e-01 2.18e-02h  2
  29 -5.0533520e+00 1.31e+01 4.08e+05  -6.0 1.74e+04    -  8.13e-02 6.27e-03h  4
iter    objective    inf_pr   inf_du lg(mu)  ||d||  lg(rg) alpha_du alpha_pr  ls
  30 -5.0607607e+00 1.26e+01 3.92e+05  -6.0 9.34e+03    -  8.22e-02 3.23e-02h  1
  31 -5.0638419e+00 1.25e+01 3.85e+05  -6.0 1.26e+04    -  2.00e-01 1.12e-02h  4
  32 -5.0674018e+00 1.24e+01 3.76e+05  -6.0 1.28e+04    -  2.41e-02 1.32e-02h  4
  33 -5.0709838e+00 1.25e+01 3.70e+05  -6.0 1.50e+04    -  3.18e-01 1.33e-02h  4
  34 -5.1242494e+00 8.53e+01 5.71e+05  -6.0 9.33e+03    -  7.95e-02 2.02e-01h  1
  35 -5.1840236e+00 8.47e+01 5.16e+05  -6.0 4.59e+03    -  5.42e-03 1.96e-01h  1
  36 -5.1845194e+00 8.47e+01 5.15e+05  -6.0 5.33e+04    -  2.42e-02 1.64e-03h  1
  37 -5.2679430e+00 1.06e+02 1.27e+07  -6.0 5.98e+03    -  6.39e-02 2.48e-01h  1
  38 -5.2679501e+00 1.06e+02 1.27e+07  -6.0 5.08e+03    -  3.01e-03 2.34e-05h  1
  39 -5.3508137e+00 8.15e+01 2.58e+07  -6.0 3.39e+03    -  3.11e-02 2.73e-01f  1
iter    objective    inf_pr   inf_du lg(mu)  ||d||  lg(rg) alpha_du alpha_pr  ls
  40 -5.3644853e+00 7.75e+01 2.44e+07  -6.0 4.51e+03    -  6.30e-02 5.48e-02h  1
  41 -5.3784625e+00 7.34e+01 2.31e+07  -6.0 2.98e+03    -  3.71e-04 5.85e-02h  1
  42 -5.4839686e+00 7.63e+01 1.57e+07  -6.0 3.20e+03    -  1.07e-04 4.66e-01h  1
  43 -5.4852110e+00 7.55e+01 1.59e+07  -6.0 2.97e+01  -2.0 2.99e-04 1.03e-02h  1
  44 -5.4875761e+00 7.39e+01 1.55e+07  -6.0 1.80e+01  -2.5 1.79e-03 2.17e-02h  1
  45 -5.4879922e+00 7.34e+01 1.54e+07  -6.0 1.06e+01  -3.0 1.19e-02 6.20e-03h  1
  46 -5.4895562e+00 7.20e+01 1.51e+07  -6.0 8.92e+00  -1.6 1.16e-02 1.96e-02h  1
  47 -5.4896499e+00 7.15e+01 1.50e+07  -6.0 2.62e+00  -2.1 5.03e-02 6.42e-03h  1
  48 -5.4861728e+00 7.14e+01 1.50e+07  -6.0 2.60e+02  -2.6 3.73e-04 1.59e-03h  1
  49 -5.4869571e+00 6.59e+01 1.38e+07  -6.0 3.55e+00  -2.2 7.62e-02 7.70e-02h  1
iter    objective    inf_pr   inf_du lg(mu)  ||d||  lg(rg) alpha_du alpha_pr  ls
  50 -5.4908072e+00 5.39e+01 1.13e+07  -6.0 1.96e+00  -1.7 2.31e-01 1.82e-01h  1
  51 -5.4914425e+00 4.38e+01 9.20e+06  -6.0 2.58e+00  -2.2 3.25e-01 1.87e-01h  1
  52 -5.4914443e+00 4.38e+01 9.20e+06  -6.0 1.35e+00  -1.8 7.34e-01 8.39e-05h  1
  53 -5.4908889e+00 1.01e+01 2.12e+06  -6.0 2.14e+00  -2.3 4.07e-01 7.69e-01h  1
  54 -5.4908903e+00 1.01e+01 2.12e+06  -6.0 4.09e-01  -1.8 6.97e-01 3.60e-04h  1
  55 -5.4941253e+00 1.64e-03 2.67e+02  -6.0 6.46e-01  -2.3 4.78e-01 1.00e+00h  1
  56 -5.5070418e+00 1.08e-03 2.95e+01  -6.0 1.16e+00  -2.8 3.23e-01 1.00e+00h  1
  57 -5.5452998e+00 8.50e-03 6.97e+00  -6.0 3.32e+00  -3.3 7.99e-01 1.00e+00h  1
  58 -5.5630934e+00 1.02e-02 2.97e+01  -6.0 8.27e+00  -3.7 4.34e-01 1.51e-01h  1
  59 -5.5650204e+00 9.96e-03 1.67e+02  -6.0 5.43e+00  -4.2 1.00e+00 7.51e-02f  1
iter    objective    inf_pr   inf_du lg(mu)  ||d||  lg(rg) alpha_du alpha_pr  ls
  60 -5.5787121e+00 2.27e-02 1.38e+02  -6.0 9.44e+00  -4.7 2.64e-01 2.43e-01f  1
  61 -5.5788012e+00 2.26e-02 2.47e+02  -6.0 1.47e+01  -5.2 3.05e-01 5.31e-03h  1
  62 -5.5800208e+00 2.23e-02 1.36e+02  -6.0 1.46e+03    -  2.62e-01 1.46e-02h  1
  63 -5.5850096e+00 1.10e-01 2.59e+02  -6.0 1.02e+03    -  8.03e-01 7.96e-02h  1
  64 -5.5866211e+00 1.91e+01 2.53e+02  -6.0 3.26e+04    -  4.19e-02 2.72e-02h  1
  65 -5.6173627e+00 1.15e+01 4.31e+03  -6.0 8.16e+02    -  6.08e-01 5.56e-01h  1
  66 -5.6249539e+00 1.49e+00 3.08e+02  -6.0 3.25e+01  -5.6 4.65e-01 8.71e-01h  1
  67 -5.6395247e+00 1.97e+01 5.94e+02  -6.0 4.41e+03    -  1.42e-01 2.06e-01h  1
  68 -5.6399476e+00 1.01e+02 5.40e+02  -6.0 1.26e+04    -  1.03e-01 1.58e-01h  1
  69 -5.6447713e+00 8.80e+01 3.75e+04  -6.0 2.00e+03    -  5.55e-03 1.43e-01h  1
iter    objective    inf_pr   inf_du lg(mu)  ||d||  lg(rg) alpha_du alpha_pr  ls
  70 -5.6547768e+00 2.40e-01 7.00e+03  -6.0 7.59e+01  -6.1 1.83e-01 1.00e+00h  1
  71 -5.6555075e+00 2.31e-01 6.72e+03  -6.0 6.84e+02    -  6.18e-02 3.93e-02h  1
  72 -5.6689281e+00 5.01e+00 2.73e+03  -6.0 6.82e+02    -  9.61e-01 7.47e-01h  1
  73 -5.6712220e+00 4.50e+01 2.98e+03  -6.0 4.00e+03    -  1.64e-01 3.76e-01h  1
  74 -5.6742631e+00 4.10e+01 8.08e+03  -6.0 1.99e+03    -  3.20e-01 4.80e-01h  1
  75 -5.6771281e+00 2.40e+01 2.50e+04  -6.0 1.80e+02    -  1.42e-01 4.16e-01h  1
  76 -5.6848565e+00 6.19e-01 2.03e+03  -6.0 1.44e+02    -  9.88e-01 1.00e+00h  1
  77 -5.6877459e+00 6.78e-01 1.37e+05  -6.0 4.39e+02    -  6.04e-01 2.25e-01h  1
  78 -5.6967101e+00 2.48e-01 1.29e+05  -6.0 7.98e+01  -6.6 1.00e+00 6.45e-01h  1
  79r-5.6967101e+00 2.48e-01 1.00e+03  -0.6 0.00e+00  -7.1 0.00e+00 4.12e-07R  2
iter    objective    inf_pr   inf_du lg(mu)  ||d||  lg(rg) alpha_du alpha_pr  ls
  80r-5.7078608e+00 2.47e-01 1.00e+03  -0.6 1.37e+04    -  1.36e-05 4.95e-06f  1
  81 -5.7070414e+00 2.32e-01 7.66e+05  -6.0 1.17e+01    -  5.37e-01 6.24e-02h  1
  82 -5.7031918e+00 1.59e-01 4.02e+06  -6.0 5.79e+00    -  6.24e-02 3.14e-01h  1
  83 -5.6951374e+00 1.11e-03 2.16e+02  -6.0 3.33e+00    -  5.65e-01 1.00e+00h  1
  84 -5.6956277e+00 3.21e-05 3.03e+00  -6.0 6.64e-01    -  9.94e-01 1.00e+00h  1
  85 -5.7016688e+00 3.42e-02 1.59e+01  -6.0 6.66e+01  -7.6 8.73e-01 4.38e-01h  1
  86 -5.7086632e+00 4.10e-01 3.17e+01  -6.0 1.07e+02    -  8.77e-01 4.92e-01h  1
  87 -5.7101579e+00 4.85e-01 1.39e+02  -6.0 2.69e+02    -  7.04e-01 2.00e-01h  1
  88 -5.7157405e+00 1.08e+00 1.92e+01  -6.0 1.88e+02  -8.0 4.08e-01 1.00e+00h  1
  89 -5.7172305e+00 1.14e+00 1.73e+01  -6.0 6.60e+02  -7.6 9.73e-02 1.18e-01h  1
iter    objective    inf_pr   inf_du lg(mu)  ||d||  lg(rg) alpha_du alpha_pr  ls
  90 -5.7197682e+00 4.01e+00 1.31e+03  -6.0 9.01e+02  -8.1 4.48e-02 5.26e-01h  1
  91 -5.7233570e+00 3.55e+00 1.10e+03  -6.0 9.94e+02  -7.7 1.78e-01 1.22e-01h  1
  92 -5.7265495e+00 4.05e+00 1.13e+03  -6.0 7.28e+03  -8.1 1.92e-02 2.47e-02h  1
  93 -5.7523146e+00 1.16e+01 4.17e+03  -6.0 2.32e+03    -  5.62e-02 3.61e-01h  1
  94 -5.7540458e+00 9.78e+00 3.16e+03  -6.0 7.80e+02    -  1.92e-01 1.80e-01h  1
  95 -5.7561919e+00 7.77e+00 4.36e+03  -6.0 7.84e+02    -  1.52e-01 2.27e-01h  1
  96 -5.7589849e+00 4.17e+00 1.24e+04  -6.0 2.23e+02  -8.6 9.06e-01 4.67e-01h  1
  97 -5.7640173e+00 9.71e+00 3.88e+03  -6.0 1.81e+03    -  1.18e-01 3.82e-01h  1
  98 -5.7788012e+00 2.30e+01 8.15e+04  -6.0 1.16e+03    -  1.47e-01 9.99e-01h  1
  99 -5.7860059e+00 1.53e+01 3.87e+05  -6.0 3.46e+02  -9.1 3.94e-02 3.35e-01h  1
iter    objective    inf_pr   inf_du lg(mu)  ||d||  lg(rg) alpha_du alpha_pr  ls
 100 -5.7860191e+00 1.53e+01 3.88e+05  -6.0 2.02e+03  -6.9 1.65e-02 9.20e-05h  1
 101 -5.8051773e+00 3.65e+00 6.82e+05  -6.0 4.37e+02    -  3.84e-01 1.00e+00f  1
 102 -5.8095983e+00 3.19e+00 4.13e+05  -6.0 4.86e+02    -  2.24e-01 1.31e-01h  1
 103 -5.8083199e+00 6.34e-01 2.62e+07  -6.0 1.88e+02    -  3.14e-02 1.00e+00h  1
 104 -5.8082716e+00 6.54e-02 6.08e+03  -6.0 4.41e+01    -  9.98e-01 1.00e+00h  1
 105 -5.8146226e+00 9.33e-01 1.52e+01  -6.0 1.71e+02    -  8.28e-01 1.00e+00h  1
 106 -5.8107455e+00 6.87e-02 1.35e+02  -6.0 4.76e+01    -  9.49e-02 1.00e+00h  1
 107 -5.8110740e+00 6.00e-02 6.75e-01  -6.0 4.37e+01    -  1.00e+00 1.00e+00h  1
 108 -5.8108958e+00 2.64e-03 1.49e-02  -6.0 9.10e+00    -  1.00e+00 1.00e+00h  1
 109 -5.8108861e+00 3.44e-08 2.52e-06  -6.0 4.43e-02    -  1.00e+00 1.00e+00h  1
iter    objective    inf_pr   inf_du lg(mu)  ||d||  lg(rg) alpha_du alpha_pr  ls
 110 -5.8110329e+00 4.78e+00 3.45e+01  -7.5 7.54e+02    -  5.66e-01 6.85e-01h  1
 111 -5.8110198e+00 8.44e-01 1.37e+01  -7.5 2.36e+00  -7.3 9.72e-01 8.24e-01h  1
 112 -5.8110417e+00 5.50e+00 1.05e+01  -7.5 5.28e+02    -  2.04e-01 1.00e+00h  1
 113 -5.8110362e+00 3.39e+00 5.01e+00  -7.5 1.94e+02    -  1.00e+00 3.86e-01h  1
 114 -5.8110262e+00 4.21e-01 2.76e-02  -7.5 6.19e+01    -  1.00e+00 1.00e+00h  1
 115 -5.8110272e+00 5.35e-01 1.62e-01  -7.5 2.12e+02    -  1.00e+00 7.84e-01h  1
 116 -5.8110267e+00 5.41e-01 1.99e-01  -7.5 5.00e+02    -  2.58e-02 1.25e-01h  4
 117 -5.8110273e+00 4.59e-01 1.69e-01  -7.5 1.56e+02    -  1.00e+00 1.00e+00h  1
 118 -5.8110262e+00 4.77e-07 4.80e-04  -7.5 2.99e-01  -7.8 9.03e-01 1.00e+00h  1
 119 -5.8110263e+00 3.18e-02 1.16e-02  -7.5 4.11e+01    -  1.00e+00 1.00e+00h  1
iter    objective    inf_pr   inf_du lg(mu)  ||d||  lg(rg) alpha_du alpha_pr  ls
 120 -5.8110262e+00 1.34e-03 5.01e-04  -7.5 8.49e+00    -  1.00e+00 1.00e+00h  1
 121 -5.8110262e+00 8.95e-10 1.66e-10  -7.5 5.59e-03    -  1.00e+00 1.00e+00h  1
 122 -5.8110277e+00 9.11e-03 8.13e-01  -9.0 2.65e+01    -  9.23e-01 8.34e-01h  1
 123 -5.8110279e+00 3.66e-04 4.41e-04  -9.0 4.41e+00    -  1.00e+00 1.00e+00h  1
 124 -5.8110279e+00 1.32e-09 2.41e-09  -9.0 8.81e-03    -  1.00e+00 1.00e+00h  1

Number of Iterations....: 124

                                   (scaled)                 (unscaled)
Objective...............:  -4.5398655799153707e+00   -5.8110279422916742e+00
Dual infeasibility......:   2.4100387738471419e-09    3.0848496305243419e-09
Constraint violation....:   1.0852776500465621e-09    1.3205863069742918e-09
Complementarity.........:   1.1212530374765608e-09    1.4352038879699978e-09
Overall NLP error.......:   2.4100387738471419e-09    3.0848496305243419e-09


Number of objective function evaluations             = 249
Number of objective gradient evaluations             = 125
Number of equality constraint evaluations            = 249
Number of inequality constraint evaluations          = 249
Number of equality constraint Jacobian evaluations   = 127
Number of inequality constraint Jacobian evaluations = 127
Number of Lagrangian Hessian evaluations             = 124
Total CPU secs in IPOPT (w/o function evaluations)   =    276.033
Total CPU secs in NLP function evaluations           =      5.330

EXIT: Optimal Solution Found.
