
List of user-set options:

                                    Name   Value                used
                           compl_inf_tol = 1                     yes
                         constr_viol_tol = 1                     yes
                            dual_inf_tol = 1000                  yes
                           linear_solver = ma97                  yes
                              ma86_small = 1e-30                  no
                                  ma86_u = 0.0001                 no
                              ma97_order = best                  yes
                              ma97_small = 1e-30                 yes
                            ma97_switch1 = at_start              yes
                            ma97_switch2 = od_hd_reuse           yes
                                  ma97_u = 1e-06                 yes
                               ma97_umax = 0.5                   yes
                                max_iter = 1000                  yes
                    max_refinement_steps = 20                    yes
                    min_refinement_steps = 5                     yes
                                 mu_init = 1e-06                 yes
           mu_superlinear_decrease_power = 1.25                  yes
                   nlp_scaling_min_value = 1e-08                 yes
                        option_file_name = Preset_Case_814_pf.opt  yes
                             output_file = ./tmp/Preset_Case_814_pf.output  yes
                      print_user_options = yes                   yes
        required_infeasibility_reduction = 1                      no
                                     tol = 1e-08                 yes
                   warm_start_bound_frac = 1e-20                 yes
                   warm_start_bound_push = 1e-20                 yes
                   warm_start_init_point = yes                   yes
              warm_start_mult_bound_push = 1e-20                 yes
                warm_start_mult_init_max = 1e+40                 yes
             warm_start_slack_bound_frac = 1e-20                 yes
             warm_start_slack_bound_push = 1e-20                 yes

******************************************************************************
This program contains Ipopt, a library for large-scale nonlinear optimization.
 Ipopt is released as open source code under the Eclipse Public License (EPL).
         For more information visit http://projects.coin-or.org/Ipopt
******************************************************************************

This is Ipopt version 3.12.10, running with linear solver ma97.

Number of nonzeros in equality constraint Jacobian...:   123442
Number of nonzeros in inequality constraint Jacobian.:      213
Number of nonzeros in Lagrangian Hessian.............:    49069

Total number of variables............................:    31591
                     variables with only lower bounds:    12912
                variables with lower and upper bounds:    15130
                     variables with only upper bounds:        0
Total number of equality constraints.................:    31483
Total number of inequality constraints...............:       25
        inequality constraints with only lower bounds:        4
   inequality constraints with lower and upper bounds:        0
        inequality constraints with only upper bounds:       21

iter    objective    inf_pr   inf_du lg(mu)  ||d||  lg(rg) alpha_du alpha_pr  ls
   0 -5.1562344e+00 4.07e-03 1.02e+00  -6.0 0.00e+00    -  0.00e+00 0.00e+00   0
   1 -5.1612884e+00 1.89e+00 1.79e+01  -6.0 3.68e+05    -  8.70e-05 5.75e-04h  1
   2 -5.1613010e+00 1.89e+00 4.78e+01  -6.0 7.38e+01  -4.0 2.03e-01 2.81e-04h  1
   3 -5.2105465e+00 1.73e+00 2.00e+02  -6.0 8.78e+03    -  5.15e-02 9.22e-02h  1
   4 -5.2645136e+00 1.56e+00 3.79e+02  -6.0 6.58e+03    -  4.14e-01 1.10e-01h  1
   5 -5.4411711e+00 7.89e+00 1.01e+03  -6.0 4.58e+03    -  3.08e-01 2.36e-01h  1
   6 -5.5797486e+00 1.19e+01 2.06e+03  -6.0 3.41e+03    -  4.90e-01 4.49e-01h  1
   7 -5.6450791e+00 1.19e+01 2.39e+03  -6.0 1.48e+03    -  2.55e-01 3.37e-01h  1
   8 -5.6715709e+00 1.05e+01 2.49e+03  -6.0 2.07e+03    -  2.26e-01 1.33e-01h  1
   9 -5.6720321e+00 1.02e+01 4.59e+03  -6.0 2.65e+01  -4.5 1.64e-01 3.15e-02h  1
iter    objective    inf_pr   inf_du lg(mu)  ||d||  lg(rg) alpha_du alpha_pr  ls
  10 -5.7454198e+00 4.76e+00 2.51e+04  -6.0 1.18e+03    -  9.72e-02 7.84e-01f  1
  11 -5.7404481e+00 3.46e+00 4.01e+04  -6.0 5.98e+01  -5.0 4.39e-02 2.74e-01h  1
  12 -5.7359501e+00 1.71e-01 8.67e+03  -6.0 6.82e+00  -5.4 9.09e-01 9.51e-01h  1
  13 -5.7433247e+00 1.05e-01 1.68e+05  -6.0 1.62e+01  -5.9 1.00e+00 3.88e-01h  1
  14 -5.7665571e+00 5.12e-02 1.41e+05  -6.0 3.59e+01  -6.4 5.21e-01 1.00e+00h  1
  15 -5.7755782e+00 4.68e-02 7.81e+05  -6.0 7.40e+01  -6.9 6.97e-01 2.68e-01h  1
  16 -5.7769066e+00 4.59e-02 1.46e+06  -6.0 2.19e+02  -7.3 2.06e-01 2.48e-02h  1
  17r-5.7769066e+00 4.59e-02 1.00e+03  -1.3 0.00e+00  -6.9 0.00e+00 7.75e-08R  2
  18r-5.7797130e+00 4.48e-02 1.00e+03  -1.3 4.03e+03    -  4.82e-05 2.39e-05f  1
  19 -5.7857386e+00 7.96e-01 2.99e+02  -6.0 3.16e+05    -  1.15e-03 7.33e-04h  1
iter    objective    inf_pr   inf_du lg(mu)  ||d||  lg(rg) alpha_du alpha_pr  ls
  20 -5.8353690e+00 7.67e+01 3.15e+02  -6.0 1.91e+05    -  1.33e-03 1.19e-02h  1
  21 -5.8376006e+00 7.65e+01 3.14e+02  -6.0 5.60e+04    -  7.16e-04 2.19e-03h  1
  22 -5.8387858e+00 7.64e+01 3.13e+02  -6.0 3.61e+04    -  5.02e-03 1.63e-03h  1
  23 -5.8476379e+00 7.54e+01 3.09e+02  -6.0 3.60e+04    -  1.62e-02 1.38e-02h  1
  24 -5.8520158e+00 7.27e+01 2.98e+02  -6.0 2.76e+04    -  2.74e-02 3.66e-02h  1
  25 -5.8535530e+00 7.10e+01 2.91e+02  -6.0 1.45e+04    -  5.52e-02 2.30e-02h  1
  26 -5.8581189e+00 6.66e+01 2.72e+02  -6.0 1.35e+04    -  5.34e-02 6.68e-02h  1
  27 -5.8819079e+00 6.11e+01 8.63e+02  -6.0 1.63e+04    -  1.63e-02 8.82e-02h  1
  28 -5.8836101e+00 5.61e+01 1.56e+04  -6.0 1.60e+03  -7.4 3.55e-03 8.72e-02h  1
  29 -5.8837064e+00 4.37e+01 1.21e+04  -6.0 2.20e+03  -7.9 1.16e-02 2.22e-01h  1
iter    objective    inf_pr   inf_du lg(mu)  ||d||  lg(rg) alpha_du alpha_pr  ls
  30 -5.8853382e+00 4.32e+01 1.20e+04  -6.0 3.76e+03  -8.3 1.57e-01 1.13e-02h  1
  31 -5.8897759e+00 4.27e+01 1.18e+04  -6.0 1.12e+04  -8.8 7.45e-02 1.15e-02h  1
  32 -5.8939095e+00 3.93e+01 1.02e+04  -6.0 8.19e+03    -  1.09e-01 1.36e-01h  1
  33 -5.8970319e+00 4.09e+01 8.25e+03  -6.0 3.46e+03    -  3.52e-01 1.92e-01h  1
  34 -5.9004609e+00 9.20e+01 8.26e+03  -6.0 4.97e+03    -  4.34e-01 3.62e-01h  1
  35 -5.9043668e+00 6.43e+01 2.88e+05  -6.0 1.75e+03    -  2.37e-02 4.19e-01h  1
  36 -5.9050911e+00 6.16e+01 2.92e+05  -6.0 4.02e+02  -8.4 7.00e-01 4.27e-02h  1
  37 -5.9182951e+00 1.79e+01 5.66e+04  -6.0 6.31e+02  -8.9 4.68e-01 8.06e-01h  1
  38 -5.9208166e+00 1.98e+01 5.10e+04  -6.0 4.38e+03  -9.4 9.43e-02 9.84e-02h  1
  39 -5.9208254e+00 1.98e+01 5.10e+04  -6.0 4.60e+04  -9.8 2.95e-02 1.16e-04h  1
iter    objective    inf_pr   inf_du lg(mu)  ||d||  lg(rg) alpha_du alpha_pr  ls
  40 -5.9352274e+00 1.69e+01 1.36e+06  -6.0 1.17e+03  -9.4 1.14e-01 5.72e-01f  1
  41 -5.9378393e+00 1.56e+01 1.36e+06  -6.0 1.70e+03    -  2.91e-02 1.70e-01h  1
  42 -5.9447832e+00 1.33e+01 1.20e+06  -6.0 1.23e+03    -  1.93e-01 2.85e-01h  1
  43r-5.9447832e+00 1.33e+01 1.00e+03   1.0 0.00e+00    -  0.00e+00 1.45e-07R  2
  44r-6.0792341e+00 1.33e+01 1.37e+03   1.0 7.17e+04    -  3.83e-06 2.23e-07f  1
  45 -6.0782275e+00 1.32e+01 2.28e+03  -6.0 6.91e+00    -  3.12e-06 7.14e-03h  1
  46 -6.0722141e+00 1.27e+01 2.19e+03  -6.0 6.81e+00    -  6.92e-02 4.28e-02h  1
  47 -6.0674737e+00 1.22e+01 2.11e+03  -6.0 6.22e+00    -  5.02e-02 3.52e-02h  1
  48 -6.0387488e+00 9.53e+00 1.64e+03  -6.0 5.83e+00    -  4.59e-02 2.21e-01h  1
  49 -6.0104428e+00 6.86e+00 1.18e+03  -6.0 4.25e+00    -  5.13e-01 2.79e-01h  1
iter    objective    inf_pr   inf_du lg(mu)  ||d||  lg(rg) alpha_du alpha_pr  ls
  50 -5.9586183e+00 1.99e+00 3.43e+02  -6.0 3.43e+00    -  7.12e-01 7.10e-01h  1
  51 -5.9451568e+00 7.12e-01 1.23e+02  -6.0 7.84e+00    -  3.60e-01 6.43e-01h  1
  52 -5.9378933e+00 8.50e-04 1.04e+01  -6.0 4.66e+00    -  8.73e-01 1.00e+00h  1
  53 -5.9393604e+00 5.08e-03 7.60e+02  -6.0 1.04e+01    -  8.49e-01 1.00e+00h  1
  54 -5.9429463e+00 4.22e-02 1.44e+03  -6.0 4.76e+01    -  7.50e-01 1.00e+00h  1
  55 -5.9459686e+00 1.29e-01 7.44e+00  -6.0 6.36e+01    -  7.82e-01 1.00e+00h  1
  56 -5.9459866e+00 7.97e-02 3.03e+01  -6.0 1.62e+01  -6.3 9.38e-01 3.91e-01h  1
  57 -5.9489339e+00 5.19e-01 2.28e+04  -6.0 3.21e+02    -  2.95e-01 1.00e+00F  1
  58 -5.9659240e+00 1.72e-02 1.62e+03  -6.0 2.20e+00  -4.0 7.23e-01 1.00e+00h  1
  59 -5.9596723e+00 1.70e-02 1.79e+03  -6.0 5.71e+00  -4.5 5.96e-01 4.03e-01H  1
iter    objective    inf_pr   inf_du lg(mu)  ||d||  lg(rg) alpha_du alpha_pr  ls
  60 -5.9597849e+00 1.69e-02 4.80e+03  -6.0 1.15e+03    -  4.74e-01 9.31e-03h  6
  61 -5.9672555e+00 2.12e+00 2.93e+03  -6.0 1.80e+03    -  7.56e-01 3.74e-01h  1
  62 -5.9676543e+00 2.65e+00 5.56e+02  -6.0 9.78e+02    -  9.60e-01 8.12e-01H  1
  63 -5.9682024e+00 2.21e+00 5.77e+02  -6.0 1.30e+03    -  4.15e-01 1.70e-01h  2
  64 -5.9701432e+00 2.37e+00 3.91e+02  -6.0 4.39e+02    -  1.00e+00 7.44e-01h  1
  65 -5.9725096e+00 1.45e+00 4.93e+03  -6.0 2.78e+02    -  4.18e-01 1.00e+00h  1
  66 -5.9724602e+00 1.41e+00 4.66e+03  -6.0 8.41e+02    -  6.03e-01 7.10e-02h  3
  67 -5.9724482e+00 1.39e+00 4.44e+03  -6.0 9.44e+02    -  5.25e-01 2.88e-02h  4
  68 -5.9723987e+00 1.60e+00 3.86e+03  -6.0 9.93e+02    -  1.00e+00 1.52e-01h  1
  69 -5.9726338e+00 9.09e-01 1.58e+03  -6.0 2.24e+02    -  4.42e-03 1.00e+00h  1
iter    objective    inf_pr   inf_du lg(mu)  ||d||  lg(rg) alpha_du alpha_pr  ls
  70 -5.9747823e+00 5.56e-01 5.20e+03  -6.0 2.66e+02    -  2.32e-01 3.90e-01h  1
  71 -5.9813529e+00 2.33e-01 5.94e+03  -6.0 2.84e+02    -  8.88e-01 1.00e+00h  1
  72 -5.9843059e+00 2.33e-01 1.44e+05  -6.0 3.56e+02    -  1.00e+00 2.43e-01h  1
  73 -5.9974302e+00 9.74e-01 6.45e+04  -6.0 3.70e+02    -  5.34e-01 1.00e+00h  1
  74 -6.0027389e+00 8.69e-01 7.69e+05  -6.0 5.04e+02    -  8.61e-01 2.35e-01h  1
  75 -6.0129904e+00 1.04e+00 4.31e+05  -6.0 6.10e+02    -  3.26e-01 3.63e-01h  1
  76r-6.0129904e+00 1.04e+00 1.00e+03  -0.1 0.00e+00    -  0.00e+00 1.61e-07R  2
  77r-6.0201422e+00 1.03e+00 1.00e+03  -0.1 8.49e+03    -  7.44e-06 1.96e-06f  1
  78 -6.0195268e+00 9.23e-01 1.06e+06  -6.0 6.79e-01    -  7.67e-01 1.08e-01h  1
  79 -6.0196697e+00 5.93e-01 3.55e+06  -6.0 2.36e+00    -  1.08e-01 3.57e-01h  1
iter    objective    inf_pr   inf_du lg(mu)  ||d||  lg(rg) alpha_du alpha_pr  ls
  80 -6.0214322e+00 1.34e-01 8.02e+05  -6.0 2.27e+00    -  7.29e-01 7.74e-01h  1
  81 -6.0299905e+00 1.14e-02 6.83e+04  -6.0 3.72e+00    -  6.76e-01 9.15e-01f  1
  82 -6.0319746e+00 2.82e-03 3.62e+01  -6.0 5.44e+00    -  8.08e-02 1.00e+00f  1
  83 -6.0313953e+00 9.88e-04 1.04e+01  -6.0 4.59e+00    -  7.28e-01 1.00e+00h  1
  84 -6.0315706e+00 2.44e-05 1.55e+02  -6.0 1.17e+01    -  9.70e-01 1.00e+00H  1
  85 -6.0330744e+00 3.51e-02 9.87e-01  -6.0 7.75e+01    -  8.74e-01 1.00e+00h  1
  86 -6.0343264e+00 9.32e-02 5.76e+00  -6.0 3.49e+02    -  5.04e-01 3.86e-01h  1
  87 -6.0343569e+00 7.21e-04 3.81e+00  -6.0 8.23e-01  -4.1 7.54e-01 1.00e+00f  1
  88 -6.0346941e+00 1.62e-04 4.54e-02  -6.0 3.73e-01  -3.7 9.90e-01 1.00e+00h  1
  89 -6.0360644e+00 4.87e-03 2.84e+00  -6.0 2.56e+00  -4.1 3.56e-01 7.88e-01h  1
iter    objective    inf_pr   inf_du lg(mu)  ||d||  lg(rg) alpha_du alpha_pr  ls
  90 -6.0362270e+00 5.01e-03 2.62e+04  -6.0 6.59e+02    -  8.58e-01 2.68e-02f  1
  91 -6.0408864e+00 6.76e-01 2.33e+04  -6.0 9.44e+02    -  4.44e-01 3.22e-01f  1
  92 -6.0443007e+00 7.69e-01 8.44e+04  -6.0 7.18e+02    -  1.00e+00 3.23e-01h  1
  93 -6.0542147e+00 2.01e+00 5.52e+04  -6.0 5.98e+02    -  5.68e-01 1.00e+00h  1
  94 -6.0575260e+00 1.62e+00 1.47e+04  -6.0 4.53e+02    -  2.41e-01 2.11e-01h  1
  95 -6.0640654e+00 1.08e+00 7.11e+05  -6.0 5.32e+02    -  7.96e-01 3.33e-01h  1
  96r-6.0640654e+00 1.08e+00 1.00e+03  -0.1 0.00e+00    -  0.00e+00 1.68e-07R  2
  97r-6.0708243e+00 1.08e+00 1.00e+03  -0.1 8.88e+03    -  7.62e-06 1.91e-06f  1
  98 -6.0700838e+00 9.56e-01 3.20e+05  -6.0 6.33e-01    -  3.10e-01 1.12e-01h  1
  99 -6.0677618e+00 5.61e-01 1.54e+06  -6.0 7.85e-01    -  1.12e-01 4.13e-01h  1
iter    objective    inf_pr   inf_du lg(mu)  ||d||  lg(rg) alpha_du alpha_pr  ls
 100 -6.0655201e+00 1.23e-01 3.38e+05  -6.0 6.61e-01    -  8.92e-01 7.81e-01h  1
 101 -6.0662260e+00 1.07e-01 2.93e+05  -6.0 2.42e+00    -  6.53e-01 1.32e-01h  1
 102 -6.0733263e+00 1.32e-02 3.61e+04  -6.0 3.41e+00    -  8.50e-01 8.77e-01h  1
 103 -6.0702844e+00 5.20e-04 6.98e+01  -6.0 5.44e+00    -  7.76e-01 1.00e+00h  1
 104 -6.0734679e+00 6.62e-03 1.66e+00  -6.0 1.94e+01    -  9.65e-01 1.00e+00h  1
 105 -6.0715203e+00 9.48e-04 9.89e+03  -6.0 1.67e+02    -  4.77e-01 1.00e+00H  1
 106 -6.0724830e+00 4.37e-03 8.87e-01  -6.0 9.99e+01    -  8.67e-01 1.00e+00h  1
 107 -6.0721543e+00 8.69e-04 6.32e-02  -6.0 5.22e+01    -  9.89e-01 1.00e+00h  1
 108 -6.0721317e+00 6.65e-04 7.36e-04  -6.0 6.54e+00    -  1.00e+00 1.00e+00h  1
 109 -6.0721314e+00 6.83e-07 1.55e-07  -6.0 2.10e-01    -  1.00e+00 1.00e+00h  1
iter    objective    inf_pr   inf_du lg(mu)  ||d||  lg(rg) alpha_du alpha_pr  ls
 110 -6.0722454e+00 3.35e+00 4.23e+01  -7.5 5.78e+02    -  6.60e-01 8.04e-01h  1
 111 -6.0722345e+00 6.43e-01 9.94e+00  -7.5 1.03e+02    -  1.00e+00 8.46e-01h  1
 112 -6.0722308e+00 5.23e-03 2.10e-02  -7.5 1.75e+01    -  1.00e+00 1.00e+00h  1
 113 -6.0722308e+00 3.79e-07 1.81e-07  -7.5 1.59e-01    -  1.00e+00 1.00e+00h  1
 114 -6.0722322e+00 3.62e-03 6.85e-01  -9.0 1.79e+01    -  9.19e-01 8.44e-01h  1
 115 -6.0722325e+00 1.24e-04 4.88e-04  -9.0 2.78e+00    -  1.00e+00 1.00e+00h  1
 116 -6.0722325e+00 2.95e-10 4.42e-09  -9.0 2.04e-03    -  1.00e+00 1.00e+00h  1

Number of Iterations....: 116

                                   (scaled)                 (unscaled)
Objective...............:  -4.7439316270693466e+00   -6.0722324826487633e+00
Dual infeasibility......:   4.4245822145102806e-09    5.6634652345731596e-09
Constraint violation....:   2.9530863420845072e-10    2.9530863420845072e-10
Complementarity.........:   1.1109351491688926e-09    1.4219969909361824e-09
Overall NLP error.......:   4.4245822145102806e-09    5.6634652345731596e-09


Number of objective function evaluations             = 148
Number of objective gradient evaluations             = 117
Number of equality constraint evaluations            = 148
Number of inequality constraint evaluations          = 148
Number of equality constraint Jacobian evaluations   = 121
Number of inequality constraint Jacobian evaluations = 121
Number of Lagrangian Hessian evaluations             = 116
Total CPU secs in IPOPT (w/o function evaluations)   =    248.065
Total CPU secs in NLP function evaluations           =      4.295

EXIT: Optimal Solution Found.
