
List of user-set options:

                                    Name   Value                used
                           compl_inf_tol = 1                     yes
                         constr_viol_tol = 1                     yes
                            dual_inf_tol = 1000                  yes
                           linear_solver = ma97                  yes
                              ma86_small = 1e-30                  no
                                  ma86_u = 0.0001                 no
                              ma97_order = best                  yes
                              ma97_small = 1e-30                 yes
                            ma97_switch1 = at_start              yes
                            ma97_switch2 = od_hd_reuse           yes
                                  ma97_u = 1e-06                 yes
                               ma97_umax = 0.5                   yes
                                max_iter = 2000                  yes
                    max_refinement_steps = 20                    yes
                    min_refinement_steps = 5                     yes
                                 mu_init = 1e-06                 yes
           mu_superlinear_decrease_power = 1.25                  yes
                   nlp_scaling_min_value = 1e-08                 yes
                        option_file_name = Preset_Case:_377_NCP.opt  yes
                             output_file = ./tmp/Preset_Case:_377_NCP.output  yes
                      print_user_options = yes                   yes
        required_infeasibility_reduction = 1                      no
                                     tol = 1e-08                 yes
                   warm_start_bound_frac = 1e-20                 yes
                   warm_start_bound_push = 1e-20                 yes
                   warm_start_init_point = yes                   yes
              warm_start_mult_bound_push = 1e-20                 yes
                warm_start_mult_init_max = 1e+40                 yes
             warm_start_slack_bound_frac = 1e-20                 yes
             warm_start_slack_bound_push = 1e-20                 yes

******************************************************************************
This program contains Ipopt, a library for large-scale nonlinear optimization.
 Ipopt is released as open source code under the Eclipse Public License (EPL).
         For more information visit http://projects.coin-or.org/Ipopt
******************************************************************************

This is Ipopt version 3.12.10, running with linear solver ma97.

Number of nonzeros in equality constraint Jacobian...:   117140
Number of nonzeros in inequality constraint Jacobian.:      213
Number of nonzeros in Lagrangian Hessian.............:    47462

Total number of variables............................:    29971
                     variables with only lower bounds:    11312
                variables with lower and upper bounds:    15132
                     variables with only upper bounds:        0
Total number of equality constraints.................:    29864
Total number of inequality constraints...............:       25
        inequality constraints with only lower bounds:        4
   inequality constraints with lower and upper bounds:        0
        inequality constraints with only upper bounds:       21

iter    objective    inf_pr   inf_du lg(mu)  ||d||  lg(rg) alpha_du alpha_pr  ls
   0 -3.5273704e-02 2.77e-01 2.07e+02  -6.0 0.00e+00    -  0.00e+00 0.00e+00   0
In iteration 0, 5 Slacks too small, adjusting variable bounds
   1 -3.5273704e-02 2.77e-01 9.56e+03  -6.0 1.34e+06  -2.0 8.97e-09 1.25e-16f  1
   2 -3.5273704e-02 2.77e-01 9.56e+03  -6.0 2.34e+02  -2.5 2.24e-05 1.87e-09f  1
   3 -3.5273855e-02 2.77e-01 9.56e+03  -6.0 2.96e+03  -3.0 5.73e-06 9.39e-06f  1
   4 -3.5275277e-02 2.77e-01 9.56e+03  -6.0 2.95e+03  -3.4 1.21e-04 1.24e-04f  1
   5 -3.5276317e-02 2.77e-01 9.56e+03  -6.0 2.94e+03  -3.0 2.87e-04 7.16e-05f  1
   6 -3.5276460e-02 2.77e-01 9.56e+03  -6.0 2.92e+03  -3.5 9.96e-05 3.39e-05f  1
   7 -3.5282203e-02 2.77e-01 9.55e+03  -6.0 2.93e+03  -3.1 3.07e-04 4.43e-04f  1
   8 -3.5282840e-02 2.77e-01 9.55e+03  -6.0 2.87e+03  -2.6 3.13e-04 2.75e-04f  1
   9 -3.5229518e-02 2.74e-01 1.05e+04  -6.0 2.80e+03  -3.1 9.58e-05 1.47e-03f  3
iter    objective    inf_pr   inf_du lg(mu)  ||d||  lg(rg) alpha_du alpha_pr  ls
  10 -3.5219767e-02 2.73e-01 1.24e+04  -6.0 2.52e+03  -2.7 1.15e-04 1.98e-04h  1
  11 -3.5204528e-02 2.72e-01 1.17e+04  -6.0 2.39e+03  -3.2 2.82e-04 1.63e-04f  5
  12 -3.5188454e-02 2.72e-01 9.79e+03  -6.0 2.43e+03  -2.7 3.84e-04 2.78e-04h  3
  13 -3.5180646e-02 2.71e-01 9.76e+03  -6.0 2.27e+03  -3.2 8.05e-05 7.23e-05h  6
  14 -3.5162694e-02 2.70e-01 9.54e+03  -6.0 2.35e+03  -2.8 3.16e-04 2.76e-04h  4
  15 -3.5155110e-02 2.70e-01 9.54e+03  -6.0 2.17e+03  -3.3 5.81e-05 6.67e-05h  6
  16 -3.5141215e-02 2.69e-01 1.41e+04  -6.0 2.28e+03  -2.8 2.11e-03 1.92e-04h  5
  17 -3.5133994e-02 2.69e-01 1.41e+04  -6.0 2.10e+03  -3.3 7.07e-05 6.30e-05h  6
  18 -3.5119875e-02 2.68e-01 2.35e+05  -6.0 2.22e+03  -2.9 2.25e-02 1.81e-04h  5
  19 -3.5107195e-02 2.68e-01 2.35e+05  -6.0 2.02e+03  -3.4 7.23e-05 1.20e-04h  5
iter    objective    inf_pr   inf_du lg(mu)  ||d||  lg(rg) alpha_du alpha_pr  ls
  20 -3.5092925e-02 2.67e-01 2.55e+05  -6.0 2.16e+03  -2.9 2.72e-03 1.73e-04h  5
  21 -3.5141031e-02 2.64e-01 2.55e+05  -6.0 1.03e+04  -3.4 2.36e-05 3.74e-04w  1
  22 -3.4947060e-02 2.54e-01 3.13e+05  -6.0 2.03e+03  -3.0 1.26e-02 2.35e-03w  1
  23 -3.4947059e-02 2.54e-01 4.97e+05  -6.0 1.94e+03  -2.6 1.08e-02 3.33e-08w  1
  24 -3.5094428e-02 2.67e-01 2.55e+05  -6.0 1.93e+03  -3.0 2.36e-05 1.17e-05h  5
  25 -3.5081140e-02 2.66e-01 8.23e+05  -6.0 2.18e+03  -2.6 2.94e-02 2.06e-04h  5
  26 -3.5073670e-02 2.66e-01 8.29e+05  -6.0 2.05e+03  -3.1 2.21e-03 7.61e-05h  6
  27 -3.5060163e-02 2.65e-01 9.93e+05  -6.0 2.13e+03  -2.7 1.07e-02 1.97e-04h  5
  28 -3.5052555e-02 2.65e-01 9.97e+05  -6.0 1.99e+03  -3.1 2.77e-03 7.33e-05h  6
  29 -3.5038856e-02 2.64e-01 1.39e+06  -6.0 2.08e+03  -2.7 3.18e-02 1.89e-04h  5
iter    objective    inf_pr   inf_du lg(mu)  ||d||  lg(rg) alpha_du alpha_pr  ls
  30 -3.5031078e-02 2.64e-01 1.40e+06  -6.0 1.94e+03  -3.2 2.57e-03 7.24e-05h  6
  31 -3.5017128e-02 2.63e-01 2.05e+06  -6.0 2.04e+03  -2.8 6.64e-02 1.85e-04h  5
  32 -3.5014340e-02 2.63e-01 2.04e+06  -6.0 1.98e+03  -3.2 3.23e-03 3.14e-05h  8
  33 -3.5005345e-02 2.63e-01 2.10e+06  -6.0 2.07e+03  -2.8 7.67e-03 1.49e-04h  6
  34 -3.4227151e-02 1.30e+00 2.09e+06  -6.0 2.02e+03  -3.3 3.11e-03 1.05e-02w  1
  35 -3.4120698e-02 1.37e+00 2.09e+06  -6.0 1.30e+03  -2.9 1.49e-02 3.58e-03w  1
  36 -3.3934897e-02 1.80e+00 2.07e+06  -6.0 1.07e+03  -3.3 7.97e-03 7.36e-03w  1
  37 -3.5002305e-02 2.63e-01 2.10e+06  -6.0 9.76e+02  -2.9 3.11e-03 4.09e-05h  8
  38 -3.5000427e-02 2.63e-01 2.10e+06  -6.0 2.47e+03  -3.4 2.14e-04 6.95e-05h  6
  39 -3.4996331e-02 2.62e-01 2.14e+06  -6.0 2.08e+03  -3.0 9.47e-03 7.67e-05h  7
iter    objective    inf_pr   inf_du lg(mu)  ||d||  lg(rg) alpha_du alpha_pr  ls
  40 -3.4991130e-02 2.62e-01 2.14e+06  -6.0 2.12e+03  -2.5 2.86e-04 9.68e-05h  7
  41 -3.4987930e-02 2.62e-01 2.16e+06  -6.0 2.07e+03  -3.0 4.49e-03 6.05e-05h  7
  42 -3.4969327e-02 2.62e-01 2.16e+06  -6.0 2.11e+03  -2.6 8.59e-05 1.61e-04h  6
  43 -3.4936934e-02 2.62e-01 2.16e+06  -6.0 2.04e+03  -3.1 2.84e-05 5.49e-05h  7
  44 -8.9502368e-03 2.62e-01 2.15e+06  -6.0 2.00e+03  -2.6 2.77e-07 1.47e-04h  6
  45  2.2854505e-02 2.62e-01 2.15e+06  -6.0 1.78e+03  -3.1 7.44e-05 6.26e-05h  7
  46  6.2862500e-02 2.62e-01 2.15e+06  -6.0 1.61e+03  -2.7 8.94e-05 4.01e-05h  8
  47  1.9805613e+00 2.56e-01 2.12e+06  -6.0 1.80e+03  -3.2 7.46e-02 4.54e-03w  1
  48  2.2168214e+01 6.81e+00 1.97e+06  -6.0 1.41e+03  -2.8 2.88e-03 2.87e-02w  1
  49  1.9958460e+01 6.82e+00 1.98e+06  -6.0 9.07e+02  -3.2 1.71e-04 3.38e-03w  1
iter    objective    inf_pr   inf_du lg(mu)  ||d||  lg(rg) alpha_du alpha_pr  ls
  50  7.7844522e-02 2.62e-01 2.13e+06  -6.0 7.11e+02  -2.8 7.46e-02 3.55e-05h  7
  51  8.7308263e-02 2.62e-01 2.13e+06  -6.0 1.85e+03  -3.3 4.28e-04 3.56e-05h 10
  52  1.3656156e-01 2.62e-01 2.13e+06  -6.0 1.67e+03  -2.9 4.74e-04 5.72e-05h  7
  53  1.3988993e-01 2.62e-01 2.13e+06  -6.0 1.86e+03  -3.3 1.87e-03 1.97e-05h 10
  54  1.8275490e-01 2.61e-01 2.13e+06  -6.0 1.69e+03  -2.9 2.47e-04 5.36e-05h  7
  55  1.8453358e-01 2.61e-01 2.13e+06  -6.0 1.87e+03  -3.4 4.78e-04 2.74e-05h  8
  56  2.2367895e-01 2.61e-01 2.13e+06  -6.0 1.70e+03  -3.0 6.41e-04 5.34e-05h  7
  57  2.6762208e-01 2.61e-01 3.05e+06  -6.0 1.56e+03  -2.5 7.84e-02 3.92e-05h  8
  58  3.0038334e-01 2.61e-01 3.05e+06  -6.0 1.72e+03  -3.0 4.60e-04 4.93e-05h  7
  59  3.3784608e-01 2.61e-01 3.25e+06  -6.0 1.57e+03  -2.6 2.16e-02 3.45e-05h  8
iter    objective    inf_pr   inf_du lg(mu)  ||d||  lg(rg) alpha_du alpha_pr  ls
  60  2.1546985e+00 2.58e-01 3.24e+06  -6.0 1.74e+03  -3.1 6.49e-04 3.08e-03w  1
  61  3.0221813e+01 1.27e+01 3.14e+06  -6.0 1.45e+03  -2.6 3.31e-02 3.22e-02w  1
  62  2.6113223e+01 1.27e+01 3.13e+06  -6.0 8.63e+02  -3.1 5.25e-03 6.61e-03w  1
  63  3.6623440e-01 2.61e-01 3.25e+06  -6.0 6.62e+02  -2.7 6.49e-04 4.82e-05h  6
  64  3.7795342e-01 2.61e-01 3.23e+06  -6.0 1.78e+03  -3.2 1.73e-02 2.69e-05h  8
  65  4.0672867e-01 2.61e-01 3.23e+06  -6.0 1.61e+03  -2.7 4.42e-04 3.01e-05h  8
  66  4.2053252e-01 2.61e-01 3.20e+06  -6.0 1.80e+03  -3.2 1.43e-02 3.93e-05h  8
  67  4.5068703e-01 2.61e-01 3.21e+06  -6.0 1.63e+03  -2.8 5.22e-04 3.34e-05h  8
  68  4.6014084e-01 2.61e-01 3.19e+06  -6.0 1.81e+03  -3.3 9.09e-03 3.63e-05h 10
  69  4.9107259e-01 2.61e-01 3.19e+06  -6.0 1.64e+03  -2.8 6.24e-04 3.65e-05h  8
iter    objective    inf_pr   inf_du lg(mu)  ||d||  lg(rg) alpha_du alpha_pr  ls
  70  4.9476006e-01 2.61e-01 3.17e+06  -6.0 1.82e+03  -3.3 5.15e-03 2.22e-05h 10
  71  5.4456102e-01 2.61e-01 3.17e+06  -6.0 1.66e+03  -2.9 7.73e-04 6.33e-05h  7
  72  5.4595093e-01 2.61e-01 3.17e+06  -6.0 1.83e+03  -3.4 1.91e-03 2.13e-05h  9
  73  2.7775497e+00 2.58e-01 3.16e+06  -6.0 1.67e+03  -2.9 1.38e-03 3.09e-03w  1
  74  2.3472201e+00 2.56e-01 3.16e+06  -6.0 1.72e+03  -3.4 9.42e-05 1.90e-03w  1
  75  2.3479113e+00 2.56e-01 3.11e+06  -6.0 1.44e+03  -3.0 8.43e-02 1.76e-06w  1
  76  5.8081966e-01 2.61e-01 3.17e+06  -6.0 1.62e+03  -3.5 1.38e-03 4.83e-05h  6
  77  6.0894316e-01 2.61e-01 3.17e+06  -6.0 1.71e+03  -3.0 5.36e-02 4.79e-05h  7
  78  6.6189322e-01 2.61e-01 3.17e+06  -6.0 1.56e+03  -2.6 6.31e-04 5.13e-05h  8
  79  6.8192335e-01 2.61e-01 3.16e+06  -6.0 1.73e+03  -3.1 1.41e-02 3.94e-05h  9
iter    objective    inf_pr   inf_du lg(mu)  ||d||  lg(rg) alpha_du alpha_pr  ls
  80  7.2614394e-01 2.61e-01 3.17e+06  -6.0 1.57e+03  -2.7 7.65e-04 4.49e-05h  9
  81  7.4640272e-01 2.61e-01 3.20e+06  -6.0 1.74e+03  -3.1 4.07e-02 4.74e-05h 10
  82  7.9451113e-01 2.61e-01 3.21e+06  -6.0 1.59e+03  -2.7 8.50e-04 5.13e-05h 10
  83  8.1084116e-01 2.61e-01 3.28e+06  -6.0 1.76e+03  -3.2 1.49e-02 4.77e-05h 10
  84  8.6655442e-01 2.61e-01 3.28e+06  -6.0 1.60e+03  -2.8 1.02e-03 6.30e-05h 10
  85  8.7626555e-01 2.61e-01 3.35e+06  -6.0 1.77e+03  -3.2 1.56e-02 3.85e-05h 10
  86  3.1339360e+01 1.54e+01 2.94e+06  -6.0 1.61e+03  -2.8 1.18e-03 3.68e-02w  1
  87  2.2993437e+01 1.56e+01 2.91e+06  -6.0 9.48e+02  -3.3 1.76e-02 8.80e-03w  1
  88  2.2784406e+01 1.56e+01 2.95e+06  -6.0 6.51e+02  -2.9 1.20e-02 7.42e-04w  1
  89  9.0601467e-01 2.61e-01 3.36e+06  -6.0 5.93e+02  -2.4 1.18e-03 3.60e-05h 10
iter    objective    inf_pr   inf_du lg(mu)  ||d||  lg(rg) alpha_du alpha_pr  ls
  90  9.3181085e-01 2.61e-01 3.48e+06  -6.0 1.64e+03  -2.9 1.79e-02 3.63e-05h 11
  91  9.3108838e-01 2.60e-01 3.49e+06  -6.0 1.81e+03  -3.4 2.80e-03 2.47e-05h  9
  92  9.5523071e-01 2.60e-01 3.50e+06  -6.0 1.66e+03  -3.0 1.60e-03 3.74e-05h 11
  93  9.5083762e-01 2.60e-01 3.51e+06  -6.0 1.83e+03  -3.4 4.32e-03 3.20e-05f  8
  94  9.9078314e-01 2.60e-01 3.52e+06  -6.0 1.68e+03  -3.0 2.57e-03 6.94e-05h 10
  95  9.8626708e-01 2.60e-01 3.52e+06  -6.0 1.95e+03  -3.5 1.03e-03 1.73e-05f  8
  96  1.0184475e+00 2.60e-01 3.74e+06  -6.0 1.69e+03  -3.1 4.61e-02 6.42e-05h 10
  97  1.0130294e+00 2.60e-01 3.74e+06  -6.0 2.50e+03  -3.6 5.73e-04 1.39e-05f  8
  98  1.0388791e+00 2.60e-01 3.75e+06  -6.0 1.71e+03  -3.1 2.72e-03 6.07e-05h 10
  99  5.7720700e-01 2.59e-01 3.75e+06  -6.0 5.55e+03  -3.6 2.35e-04 7.20e-04w  1
iter    objective    inf_pr   inf_du lg(mu)  ||d||  lg(rg) alpha_du alpha_pr  ls
 100  8.9867495e+00 6.64e+00 3.81e+06  -6.0 1.66e+03  -3.2 7.45e-02 2.73e-02w  1
 101  4.0580744e+00 6.59e+00 3.77e+06  -6.0 9.74e+02  -3.7 8.94e-03 7.67e-03w  1
 102  1.0316654e+00 2.60e-01 3.75e+06  -6.0 7.52e+02  -3.2 2.35e-04 1.12e-05f  6
 103  1.0680565e+00 2.60e-01 3.88e+06  -6.0 1.59e+03  -2.8 1.66e-02 4.43e-05h 11
 104  1.0730316e+00 2.60e-01 3.90e+06  -6.0 1.76e+03  -3.3 1.12e-02 2.80e-05h 10
 105  1.1065299e+00 2.60e-01 3.91e+06  -6.0 1.60e+03  -2.9 1.66e-03 4.37e-05h 11
 106  1.1084326e+00 2.60e-01 3.95e+06  -6.0 1.77e+03  -3.3 2.12e-02 2.16e-05h 10
 107  1.1381632e+00 2.60e-01 3.95e+06  -6.0 1.62e+03  -2.9 1.75e-03 4.21e-05h 11
 108  1.1381553e+00 2.60e-01 3.96e+06  -6.0 1.78e+03  -3.4 5.41e-03 3.76e-05h  9
 109  1.1896061e+00 2.60e-01 3.97e+06  -6.0 1.63e+03  -3.0 2.71e-03 8.01e-05h 10
iter    objective    inf_pr   inf_du lg(mu)  ||d||  lg(rg) alpha_du alpha_pr  ls
 110  1.1864523e+00 2.60e-01 3.97e+06  -6.0 1.79e+03  -3.4 3.42e-03 3.27e-05f  9
 111  1.2300811e+00 2.60e-01 3.99e+06  -6.0 1.65e+03  -3.0 5.37e-03 7.61e-05h 10
 112 -3.4204975e-02 7.49e-01 3.97e+06  -6.0 1.83e+03  -3.5 2.13e-03 6.51e-03w  1
 113  4.6599425e+00 1.49e+00 6.26e+06  -6.0 1.27e+03  -3.1 9.96e-01 1.35e-02w  1
 114  4.4692604e+00 1.50e+00 6.20e+06  -6.0 9.73e+02  -3.5 1.46e-02 1.77e-02w  1
 115  1.2251425e+00 2.60e-01 3.98e+06  -6.0 7.68e+02  -3.1 2.13e-03 2.54e-05f  8
 116  1.2153031e+00 2.60e-01 3.98e+06  -6.0 2.18e+03  -3.6 1.47e-03 2.32e-05f  8
 117  1.2384367e+00 2.60e-01 4.00e+06  -6.0 1.70e+03  -3.2 1.11e-02 6.50e-05h 10
 118  1.2284943e+00 2.60e-01 4.00e+06  -6.0 3.50e+03  -3.6 3.09e-04 1.75e-05f  8
 119  1.2463880e+00 2.59e-01 4.64e+06  -6.0 1.71e+03  -3.2 6.29e-01 6.42e-05h 10
iter    objective    inf_pr   inf_du lg(mu)  ||d||  lg(rg) alpha_du alpha_pr  ls
 120  1.2263786e+00 2.59e-01 4.63e+06  -6.0 2.04e+03  -3.7 4.70e-04 5.22e-05f  7
 121  1.3231716e+00 2.59e-01 4.57e+06  -6.0 1.77e+03  -3.3 4.75e-03 3.63e-04h  6
 122  1.3125722e+00 2.59e-01 4.56e+06  -6.0 5.30e+03  -3.7 1.90e-04 1.90e-05f  8
 123  1.3698134e+00 2.59e-01 4.42e+06  -6.0 1.77e+03  -3.3 9.24e-03 3.16e-04h  6
 124  1.4350019e+00 2.59e-01 4.40e+06  -6.0 1.58e+03  -2.9 2.54e-03 9.32e-05h  9
 125  2.2678322e+00 2.51e-01 4.36e+06  -6.0 1.77e+03  -3.4 8.45e-03 8.68e-03w  1
 126  3.3662518e+01 1.03e+01 4.49e+06  -6.0 1.26e+03  -2.9 1.37e-02 9.23e-02w  1
 127  6.9322082e-01 1.61e+01 3.59e+06  -6.0 7.59e+02  -3.4 2.54e-01 4.34e-02w  1
 128  1.4610279e+00 2.59e-01 4.25e+06  -6.0 4.82e+02  -3.9 8.45e-03 2.71e-04h  5
 129  1.4373474e+00 2.58e-01 3.77e+06  -6.0 1.79e+03  -3.5 2.34e-02 4.39e-04f  5
iter    objective    inf_pr   inf_du lg(mu)  ||d||  lg(rg) alpha_du alpha_pr  ls
 130  1.5472852e+00 2.58e-01 3.74e+06  -6.0 1.61e+03  -3.0 3.19e-03 2.21e-04h  7
 131  1.4982201e+00 2.58e-01 3.66e+06  -6.0 1.79e+03  -3.5 3.80e-03 3.67e-04f  5
 132  1.6484570e+00 2.57e-01 3.41e+06  -6.0 1.60e+03  -3.1 1.93e-02 3.62e-04h  6
 133  1.6146737e+00 2.57e-01 3.33e+06  -6.0 1.80e+03  -3.6 3.48e-03 1.59e-04f  6
 134  1.7160788e+00 2.57e-01 3.18e+06  -6.0 1.60e+03  -3.1 1.06e-02 3.01e-04h  6
 135  1.6705253e+00 2.57e-01 3.10e+06  -6.0 1.82e+03  -3.6 2.96e-03 1.59e-04f  6
 136  1.8092033e+00 2.57e-01 2.90e+06  -6.0 1.60e+03  -3.2 1.32e-02 5.34e-04h  5
 137  1.7804028e+00 2.56e-01 2.88e+06  -6.0 1.83e+03  -3.7 9.69e-04 7.91e-05f  7
 138  3.2204298e+00 2.51e-01 2.40e+06  -6.0 1.60e+03  -3.2 3.53e-02 8.02e-03w  1
 139  9.3930875e+00 4.37e-01 2.40e+06  -6.0 1.20e+03  -2.8 9.51e-03 1.51e-02w  1
iter    objective    inf_pr   inf_du lg(mu)  ||d||  lg(rg) alpha_du alpha_pr  ls
 140 -3.2852436e-02 2.06e+00 1.69e+06  -6.0 1.04e+03  -3.3 8.35e-02 3.19e-02w  1
 141  1.8704045e+00 2.56e-01 2.29e+06  -6.0 5.82e+02  -3.8 3.53e-02 5.01e-04h  4
 142  1.8920915e+00 2.56e-01 2.16e+06  -6.0 1.62e+03  -3.3 7.88e-03 4.94e-04h  6
 143  2.0028537e+00 2.56e-01 2.12e+06  -6.0 1.45e+03  -2.9 4.24e-03 2.14e-04h  7
 144  1.9904354e+00 2.55e-01 1.77e+06  -6.0 1.61e+03  -3.4 1.87e-02 3.62e-04f  7
 145  2.1444303e+00 2.55e-01 1.71e+06  -6.0 1.45e+03  -3.0 5.59e-03 3.43e-04h  6
 146  2.1104024e+00 2.55e-01 1.65e+06  -6.0 1.59e+03  -3.5 3.48e-03 3.09e-04f  7
 147  2.2427420e+00 2.55e-01 1.70e+06  -6.0 1.44e+03  -3.0 1.35e-01 3.53e-04h  6
 148  2.1716123e+00 2.54e-01 1.70e+06  -6.0 1.58e+03  -3.5 1.17e-03 3.35e-04f  6
 149  2.2857855e+00 2.54e-01 1.70e+06  -6.0 1.43e+03  -3.1 8.27e-03 3.83e-04h  6
iter    objective    inf_pr   inf_du lg(mu)  ||d||  lg(rg) alpha_du alpha_pr  ls
 150  2.2495483e+00 2.54e-01 1.70e+06  -6.0 1.58e+03  -3.6 7.78e-04 1.25e-04f  7
 151  5.7386268e+00 2.43e-01 1.64e+06  -6.0 1.43e+03  -3.1 6.82e-02 1.53e-02w  1
 152 -3.2806162e-02 6.76e-01 1.66e+06  -6.0 1.15e+03  -3.6 1.45e-06 1.28e-02w  1
 153 -3.2811894e-02 6.76e-01 1.25e+06  -6.0 8.13e+02  -3.2 2.27e-01 1.50e-06w  1
 154  2.3585820e+00 2.53e-01 1.66e+06  -6.0 3.22e+03  -3.7 6.82e-02 4.79e-04h  5
 155  2.4427577e+00 2.53e-01 1.62e+06  -6.0 1.44e+03  -3.2 3.81e-02 8.73e-04h  6
 156  2.5387502e+00 2.53e-01 1.63e+06  -6.0 1.30e+03  -2.8 6.34e-03 1.85e-04h  7
 157  2.5501731e+00 2.52e-01 1.58e+06  -6.0 1.42e+03  -3.3 3.48e-02 7.47e-04h  7
 158  2.7064742e+00 2.52e-01 1.59e+06  -6.0 1.29e+03  -2.9 6.70e-03 3.49e-04h  6
 159  2.6636940e+00 2.51e-01 1.54e+06  -6.0 1.39e+03  -3.3 2.80e-02 6.89e-04f  7
iter    objective    inf_pr   inf_du lg(mu)  ||d||  lg(rg) alpha_du alpha_pr  ls
 160  2.7896582e+00 2.51e-01 1.55e+06  -6.0 1.28e+03  -2.9 9.62e-03 3.35e-04h  6
 161  2.7014571e+00 2.50e-01 1.50e+06  -6.0 1.37e+03  -3.4 2.18e-02 6.69e-04f  6
 162  2.9096852e+00 2.50e-01 1.51e+06  -6.0 1.26e+03  -3.0 1.53e-02 6.82e-04h  5
 163  2.8177232e+00 2.50e-01 1.50e+06  -6.0 1.35e+03  -3.4 5.69e-03 4.61e-04f  6
 164  5.4177517e+00 2.43e-01 1.47e+06  -6.0 1.25e+03  -3.0 1.86e-01 1.11e-02w  1
 165 -3.2845120e-02 6.90e-01 1.49e+06  -6.0 1.12e+03  -3.5 1.81e-05 1.60e-02w  1
 166 -1.4948921e-02 6.89e-01 1.18e+06  -6.0 7.81e+02  -3.1 2.24e-01 1.22e-03w  1
 167  2.9802250e+00 2.49e-01 1.48e+06  -6.0 7.18e+02  -3.5 1.86e-01 6.96e-04h  4
 168  3.1342379e+00 2.48e-01 1.46e+06  -6.0 1.26e+03  -3.1 3.14e-02 1.29e-03h  4
 169  3.0352560e+00 2.48e-01 1.46e+06  -6.0 1.35e+03  -3.6 1.02e-03 2.71e-04f  6
iter    objective    inf_pr   inf_du lg(mu)  ||d||  lg(rg) alpha_du alpha_pr  ls
 170  3.1043127e+00 2.47e-01 1.32e+06  -6.0 1.23e+03  -3.2 1.29e-01 1.45e-03h  4
 171  3.0062637e+00 2.47e-01 1.32e+06  -6.0 1.31e+03  -3.6 1.30e-03 2.46e-04f  6
 172  2.9831959e+00 2.46e-01 1.12e+06  -6.0 1.20e+03  -3.2 1.66e-01 1.22e-03f  4
 173  2.7946523e+00 2.45e-01 1.07e+06  -6.0 1.29e+03  -3.7 2.45e-02 4.54e-04f  5
 174  2.7155368e+00 2.44e-01 9.24e+05  -6.0 1.17e+03  -3.3 1.30e-01 1.07e-03f  3
 175  2.3766286e+00 2.44e-01 8.25e+05  -6.0 1.28e+03  -3.7 4.76e-02 8.18e-04f  2
 176  1.5668313e+00 2.38e-01 7.14e+05  -6.0 1.15e+03  -3.3 1.21e-01 7.25e-03f  1
 177 -3.3629275e-02 2.34e-01 6.00e+05  -6.0 1.13e+03  -3.8 7.39e-02 5.40e-03f  1
 178 -3.4020146e-02 1.53e+00 5.86e+05  -6.0 4.68e+03  -4.3 1.07e-02 3.80e-03h  1
 179 -3.4078572e-02 1.47e+00 3.73e+05  -6.0 8.46e+02  -3.8 1.88e-01 2.05e-02f  1
iter    objective    inf_pr   inf_du lg(mu)  ||d||  lg(rg) alpha_du alpha_pr  ls
 180 -3.6461781e-02 8.03e+00 3.27e+05  -6.0 8.23e+02  -4.3 9.66e-02 7.41e-02f  1
 181r-3.6461781e-02 8.03e+00 1.00e+03   0.4 0.00e+00  -4.8 0.00e+00 1.68e-07R  2
 182r-3.6585398e-02 8.03e+00 1.00e+03   0.4 4.93e+05    -  3.45e-07 4.87e-08f  1
 183r-3.6585398e-02 8.03e+00 9.99e+02   0.4 0.00e+00    -  0.00e+00 1.89e-08R  9
 184r-3.6584273e-02 8.03e+00 2.56e+04   0.4 2.69e+04    -  1.94e-07 9.00e-09f  1
 185 -3.6584251e-02 8.03e+00 5.77e+04  -6.0 3.31e+01    -  6.23e-04 3.16e-05h  1
 186 -3.6583890e-02 8.03e+00 1.99e+05  -6.0 2.45e+02    -  3.28e-05 1.09e-04h  1
 187 -3.6580580e-02 8.02e+00 1.99e+05  -6.0 2.45e+02    -  7.13e-04 9.90e-04h  1
 188 -3.6577293e-02 8.01e+00 1.99e+05  -6.0 2.47e+02    -  1.41e-03 9.95e-04h  1
 189 -3.6560368e-02 7.97e+00 1.98e+05  -6.0 2.49e+02    -  7.96e-03 5.23e-03h  1
iter    objective    inf_pr   inf_du lg(mu)  ||d||  lg(rg) alpha_du alpha_pr  ls
 190 -3.6508182e-02 7.82e+00 1.95e+05  -6.0 2.61e+02    -  5.26e-03 1.85e-02h  1
 191 -3.6500387e-02 7.77e+00 1.93e+05  -6.0 2.60e+02    -  1.56e-02 7.30e-03h  1
 192r-3.6500387e-02 7.77e+00 9.99e+02   0.4 0.00e+00    -  0.00e+00 2.51e-07R  3
 193r-3.6494334e-02 7.77e+00 1.56e+04   0.4 1.59e+04    -  9.06e-08 8.51e-08f  1
 194 -3.6494332e-02 7.77e+00 1.08e+06  -6.0 2.39e+02    -  1.76e-02 1.36e-06h  3
 195 -3.6492634e-02 7.74e+00 1.20e+09  -6.0 5.74e+02    -  3.03e-06 3.36e-03h  1
 196 -3.6485833e-02 7.66e+00 1.19e+09  -6.0 3.86e+02    -  5.64e-03 9.94e-03h  1
 197 -3.6482291e-02 7.62e+00 1.18e+09  -6.0 3.60e+02    -  3.24e-02 5.88e-03h  1
 198 -3.6428761e-02 6.96e+00 1.08e+09  -6.0 3.53e+02    -  2.79e-02 8.72e-02h  1
 199 -3.6385606e-02 6.23e+00 9.65e+08  -6.0 2.20e+02    -  8.36e-03 1.04e-01h  1
iter    objective    inf_pr   inf_du lg(mu)  ||d||  lg(rg) alpha_du alpha_pr  ls
 200 -3.6377713e-02 6.16e+00 9.53e+08  -6.0 1.76e+02    -  4.00e-01 1.24e-02h  1
 201 -3.6540854e-02 4.45e+00 6.90e+08  -6.0 1.71e+02    -  1.68e-02 2.76e-01h  1
 202 -3.6540849e-02 4.45e+00 6.90e+08  -6.0 7.28e+01    -  2.42e-02 1.44e-05h  1
 203 -3.6417422e-02 3.51e+00 5.44e+08  -6.0 8.12e+01    -  3.19e-01 2.12e-01h  1
 204 -3.6362201e-02 3.43e+00 5.32e+08  -6.0 6.79e+01    -  2.42e-01 2.28e-02h  1
 205 -3.6820154e-02 2.03e+00 3.45e+08  -6.0 5.60e+01    -  8.63e-07 3.51e-01h  1
 206 -3.6912423e-02 1.92e+00 3.27e+08  -6.0 3.57e+01    -  3.64e-01 5.11e-02h  1
 207 -3.7991830e-02 8.44e-01 1.58e+08  -6.0 3.16e+01    -  4.06e-01 5.16e-01h  1
 208 -4.0006182e-02 6.36e-02 3.68e+06  -6.0 9.66e+00    -  2.17e-05 9.94e-01h  1
 209 -4.0006658e-02 6.28e-02 2.21e+06  -6.0 1.20e+01    -  2.45e-01 1.12e-02h  1
iter    objective    inf_pr   inf_du lg(mu)  ||d||  lg(rg) alpha_du alpha_pr  ls
 210 -4.0033329e-02 3.70e-02 2.54e+06  -6.0 1.21e+01    -  2.63e-01 4.80e-01h  1
 211r-4.0033329e-02 3.70e-02 1.00e+03  -1.9 0.00e+00    -  0.00e+00 2.30e-07R  2
 212r-4.0026651e-02 3.27e-02 1.00e+03  -1.9 7.20e+02    -  6.43e-05 1.75e-04f  1
 213 -4.0031064e-02 2.92e-02 8.29e+06  -6.0 1.81e+00    -  2.30e-02 1.07e-01h  1
 214 -4.0054028e-02 7.82e-03 1.11e+07  -6.0 1.78e+00    -  1.07e-01 7.32e-01h  1
 215 -4.0055956e-02 5.90e-03 8.38e+06  -6.0 4.72e-01    -  8.02e-02 2.45e-01h  1
 216 -4.0059948e-02 2.90e-03 4.12e+06  -6.0 3.41e-01    -  9.44e-01 5.08e-01h  1
 217 -4.0120999e-02 9.80e-05 3.72e+01  -6.0 3.73e-01    -  4.40e-01 1.00e+00h  1
 218 -4.0565578e-02 1.95e-03 3.04e+01  -6.0 1.88e+00    -  6.89e-01 1.00e+00h  1
 219 -4.1427967e-02 6.44e-03 1.77e+01  -6.0 4.80e+00    -  4.15e-01 1.00e+00h  1
iter    objective    inf_pr   inf_du lg(mu)  ||d||  lg(rg) alpha_du alpha_pr  ls
 220 -4.2623475e-02 3.15e-02 5.62e+00  -6.0 4.54e+00    -  6.82e-01 1.00e+00h  1
 221 -4.4879260e-02 8.71e-02 9.73e+00  -6.0 1.15e+01    -  2.21e-01 7.78e-01H  1
 222 -4.5058881e-02 8.73e-02 6.64e+01  -6.0 1.93e+01    -  2.60e-01 1.32e-01f  1
 223 -4.7977019e-02 8.63e-01 1.14e+01  -6.0 1.97e+01    -  6.71e-01 7.75e-01f  1
 224 -5.1186826e-02 2.09e+00 3.17e+01  -6.0 5.75e+01    -  4.33e-01 3.44e-01h  1
 225 -5.6126537e-02 4.75e+00 7.13e+01  -6.0 1.10e+02    -  5.38e-01 3.99e-01h  1
 226 -5.8585901e-02 4.50e+00 1.14e+02  -6.0 4.44e+02    -  2.27e-01 1.50e-01h  1
 227 -5.9588354e-02 4.40e+00 1.26e+02  -6.0 1.55e+04    -  1.83e-02 1.27e-02h  1
 228 -6.9203775e-02 8.68e+00 2.15e+02  -6.0 1.23e+03    -  1.02e-01 4.19e-01h  1
 229 -7.0815571e-02 8.33e+00 1.88e+02  -6.0 1.28e+03    -  7.90e-02 6.99e-02h  1
iter    objective    inf_pr   inf_du lg(mu)  ||d||  lg(rg) alpha_du alpha_pr  ls
 230 -7.2568532e-02 8.02e+00 1.26e+02  -6.0 1.70e+03    -  9.13e-02 6.86e-02h  1
 231 -7.2621415e-02 7.84e+00 1.19e+02  -6.0 2.15e+01  -5.3 1.87e-02 2.32e-02h  1
 232 -7.2604969e-02 5.60e+00 4.10e+02  -6.0 3.25e+01  -5.8 3.59e-02 2.86e-01h  1
 233 -7.3712791e-02 3.47e+00 8.09e+02  -6.0 2.02e+01  -6.2 1.32e-01 3.82e-01h  1
 234 -7.5687435e-02 1.92e+00 1.89e+02  -6.0 6.84e+01  -6.7 6.44e-01 5.07e-01h  1
 235 -7.7866903e-02 1.26e+00 2.78e+03  -6.0 8.29e+01  -7.2 9.42e-01 4.89e-01h  1
 236 -8.0161568e-02 1.28e+00 3.27e+03  -6.0 4.23e+02  -7.7 3.15e-01 1.43e-01h  1
 237 -8.3010917e-02 9.88e-01 1.12e+03  -6.0 1.87e+02  -7.2 3.22e-02 3.93e-01h  1
 238 -8.3816607e-02 8.42e-01 2.39e+03  -6.0 3.48e+02  -7.7 1.25e-01 1.70e-01h  1
 239 -8.4152448e-02 8.00e-01 5.90e+02  -6.0 1.26e+02  -7.3 1.03e-01 5.10e-02h  1
iter    objective    inf_pr   inf_du lg(mu)  ||d||  lg(rg) alpha_du alpha_pr  ls
 240 -8.4372670e-02 7.67e-01 2.30e+04  -6.0 3.45e+02  -7.8 5.83e-01 4.39e-02h  1
 241 -8.5130847e-02 7.61e-01 2.32e+04  -6.0 1.27e+03  -8.2 7.93e-02 5.04e-02h  1
 242 -8.7708216e-02 1.08e+00 6.54e+03  -6.0 3.85e+02  -7.8 2.01e-01 6.53e-01h  1
 243 -9.1013051e-02 2.26e+00 4.26e+03  -6.0 1.21e+03  -8.3 2.58e-01 2.54e-01h  1
 244 -9.1681852e-02 2.30e+00 9.95e+04  -6.0 4.34e+03  -8.8 1.35e-01 1.65e-02h  1
 245 -9.2566803e-02 2.31e+00 7.08e+06  -6.0 8.90e+03  -8.3 2.65e-04 8.06e-03h  1
 246 -9.6528204e-02 4.74e+00 6.31e+06  -6.0 3.83e+03  -8.8 8.12e-02 1.08e-01h  1
 247 -1.0036896e-01 5.31e+00 4.20e+06  -6.0 1.07e+03  -8.4 9.39e-02 3.43e-01h  1
 248 -1.0091983e-01 5.19e+00 4.08e+06  -6.0 1.65e+03  -8.9 8.90e-02 2.75e-02h  1
 249 -1.0245024e-01 4.57e+00 3.34e+06  -6.0 7.70e+02  -8.4 4.25e-01 1.82e-01h  1
iter    objective    inf_pr   inf_du lg(mu)  ||d||  lg(rg) alpha_du alpha_pr  ls
 250 -1.0402341e-01 4.37e+00 3.04e+06  -6.0 1.29e+03  -8.9 1.62e-01 8.86e-02h  1
 251 -1.0957728e-01 6.29e+00 1.08e+06  -6.0 8.28e+02  -8.5 6.37e-01 6.44e-01h  1
 252 -1.1084357e-01 5.88e+00 9.96e+05  -6.0 2.76e+03  -9.0 2.33e-01 7.90e-02h  1
 253 -1.1178169e-01 5.13e+00 8.56e+05  -6.0 8.49e+02  -8.5 3.44e-01 1.40e-01h  1
 254 -1.1320615e-01 4.70e+00 7.65e+05  -6.0 1.34e+03  -9.0 3.16e-01 1.06e-01h  1
 255 -1.1486429e-01 3.62e+00 5.42e+05  -6.0 5.99e+02  -8.6 5.69e-02 2.91e-01h  1
 256 -1.1517761e-01 3.14e+00 4.69e+05  -6.0 2.87e+02  -8.2 1.79e-01 1.34e-01h  1
 257 -1.1527486e-01 3.10e+00 4.62e+05  -6.0 7.90e+02  -8.6 1.05e-01 1.33e-02h  1
 258 -1.1650447e-01 3.07e+00 4.24e+05  -6.0 3.86e+03  -9.1 2.43e-01 8.39e-02h  1
 259 -1.1778106e-01 2.76e+00 3.45e+05  -6.0 6.92e+02  -8.7 2.11e-01 1.85e-01h  1
iter    objective    inf_pr   inf_du lg(mu)  ||d||  lg(rg) alpha_du alpha_pr  ls
 260 -1.1828370e-01 5.10e+00 3.37e+05  -6.0 1.38e+04  -9.2 6.71e-02 2.46e-02h  1
 261 -1.1904861e-01 4.63e+00 2.92e+05  -6.0 7.69e+02  -8.8 8.72e-02 1.32e-01h  1
 262 -1.2011077e-01 2.60e+01 2.91e+05  -6.0 2.12e+05  -9.2 4.45e-03 4.82e-03h  1
 263 -1.2127363e-01 1.97e+01 2.20e+05  -6.0 6.55e+02  -8.8 4.79e-01 2.44e-01h  1
 264 -1.2212736e-01 1.80e+01 1.99e+05  -6.0 1.10e+03  -9.3 3.69e-01 9.58e-02h  1
 265 -1.2281516e-01 1.73e+01 1.90e+05  -6.0 5.00e+03  -9.8 3.07e-01 4.86e-02h  1
 266 -1.2407344e-01 1.46e+01 1.57e+05  -6.0 1.05e+03  -9.3 6.42e-02 1.74e-01h  1
 267 -1.2429363e-01 1.43e+01 1.53e+05  -6.0 3.74e+03  -9.8 6.11e-02 2.13e-02h  1
 268 -1.2523332e-01 1.33e+01 1.42e+05  -6.0 4.76e+03 -10.3 6.01e-01 7.47e-02h  1
 269 -1.2707535e-01 1.02e+01 1.08e+05  -6.0 2.30e+03  -9.9 2.95e-01 2.38e-01h  1
iter    objective    inf_pr   inf_du lg(mu)  ||d||  lg(rg) alpha_du alpha_pr  ls
 270 -1.3017900e-01 9.82e+00 7.57e+04  -6.0 9.36e+03 -10.3 3.65e-01 3.01e-01h  1
 271 -1.3036585e-01 9.30e+00 7.12e+04  -6.0 1.02e+03  -9.0 7.12e-02 6.02e-02h  1
 272 -1.3088569e-01 8.13e+00 6.10e+04  -6.0 1.59e+03  -9.5 4.35e-02 1.43e-01h  1
 273 -1.3119349e-01 7.13e+00 5.44e+04  -6.0 1.09e+03  -9.1 1.73e-02 1.09e-01h  1
 274 -1.3103473e-01 3.57e+00 1.62e+04  -6.0 4.41e+02  -8.6 1.13e-03 7.06e-01h  1
 275 -1.3186437e-01 5.99e+00 3.50e+03  -6.0 5.76e+02  -9.1 1.96e-01 7.83e-01f  1
 276 -1.3202933e-01 4.84e+00 2.53e+03  -6.0 2.33e+02  -8.7 2.62e-01 2.76e-01h  1
 277 -1.3314345e-01 1.64e+01 1.36e+03  -6.0 6.25e+02  -9.2 3.39e-01 4.60e-01h  1
 278 -1.3315776e-01 1.62e+01 1.35e+03  -6.0 3.30e+02  -8.7 1.40e-01 1.05e-02h  1
 279 -1.3335274e-01 1.33e+01 1.11e+03  -6.0 8.74e+02  -9.2 1.45e-01 1.77e-01h  1
iter    objective    inf_pr   inf_du lg(mu)  ||d||  lg(rg) alpha_du alpha_pr  ls
 280 -1.3365542e-01 1.10e+01 9.12e+02  -6.0 2.20e+03  -9.7 1.71e-01 1.77e-01h  1
 281 -1.3441483e-01 1.09e+01 7.81e+02  -6.0 5.16e+03 -10.2 5.14e-02 1.44e-01h  1
 282 -1.3459750e-01 1.02e+01 7.10e+02  -6.0 8.87e+03 -10.6 3.20e-02 9.06e-02h  1
 283 -1.3460637e-01 9.77e+00 6.78e+02  -6.0 2.79e+01  -7.5 7.40e-01 4.47e-02h  1
 284 -1.3476456e-01 3.11e+00 2.16e+02  -6.0 5.72e+01  -7.1 1.83e-01 6.81e-01h  1
 285 -1.3477867e-01 2.26e+00 1.57e+02  -6.0 4.60e+01  -6.7 1.66e-01 2.73e-01h  1
 286 -1.3477518e-01 2.18e+00 1.51e+02  -6.0 1.28e+01  -7.1 9.67e-03 3.54e-02h  1
 287 -1.3477607e-01 2.18e+00 1.51e+02  -6.0 1.10e+02  -5.8 1.54e-02 1.18e-03h  1
 288 -1.3477880e-01 1.71e+00 1.19e+02  -6.0 8.47e+00  -6.3 1.00e+00 2.14e-01f  1
 289 -1.3482174e-01 4.36e-03 5.85e+00  -6.0 4.91e+00  -6.8 5.67e-01 1.00e+00h  1
iter    objective    inf_pr   inf_du lg(mu)  ||d||  lg(rg) alpha_du alpha_pr  ls
 290 -1.3491444e-01 9.04e-03 4.48e+00  -6.0 1.75e+01  -7.2 1.00e+00 1.00e+00h  1
 291 -1.3506775e-01 5.22e-02 2.89e+00  -6.0 4.78e+01  -7.7 1.00e+00 1.00e+00h  1
 292 -1.3533866e-01 8.09e-01 1.17e+00  -6.0 1.17e+02  -8.2 1.00e+00 1.00e+00h  1
 293 -1.3549416e-01 6.52e-01 4.47e+00  -6.0 2.17e+02  -8.7 1.00e+00 3.91e-01h  1
 294 -1.3569513e-01 3.54e-01 5.48e+00  -6.0 2.15e+02  -9.1 1.00e+00 1.00e+00h  1
 295 -1.3583231e-01 1.79e-01 7.23e-01  -6.0 9.86e+01  -7.8 1.00e+00 1.00e+00h  1
 296 -1.3593454e-01 2.67e-01 3.30e-01  -6.0 9.43e+01  -8.3 8.99e-01 1.00e+00h  1
 297 -1.3602259e-01 1.72e-01 5.41e-01  -6.0 9.73e+01  -8.8 1.00e+00 1.00e+00h  1
 298 -1.3610326e-01 2.52e-01 1.15e+00  -6.0 1.33e+02  -9.2 1.00e+00 1.00e+00h  1
 299 -1.3614956e-01 3.96e+00 1.21e+01  -6.0 4.43e+02  -9.7 8.30e-01 1.00e+00h  1
iter    objective    inf_pr   inf_du lg(mu)  ||d||  lg(rg) alpha_du alpha_pr  ls
 300 -1.3616160e-01 3.42e+00 1.62e+01  -6.0 1.76e+03 -10.2 2.34e-01 9.12e-02h  1
 301 -1.3622948e-01 1.01e+01 2.45e+01  -6.0 8.25e+02  -9.8 4.71e-01 1.00e+00h  1
 302 -1.3630859e-01 1.05e+01 4.11e+01  -6.0 8.87e+02 -10.3 3.75e-01 8.60e-01h  1
 303 -1.3637864e-01 2.29e+01 3.50e+01  -6.0 1.35e+03 -10.7 5.73e-01 1.00e+00h  1
 304 -1.3644792e-01 9.74e+00 1.01e+02  -6.0 7.34e+02 -10.3 5.31e-01 5.75e-01h  1
 305 -1.3630067e-01 1.69e+01 3.61e+01  -6.0 1.01e+03 -10.8 4.21e-01 1.00e+00h  1
 306 -1.3639738e-01 2.07e+00 2.35e+01  -6.0 7.24e+00  -6.7 5.91e-01 8.77e-01h  1
 307 -1.3642108e-01 2.08e+00 1.70e+01  -6.0 2.07e+04    -  2.29e-02 3.60e-03h  1
 308 -1.3651674e-01 9.73e-02 3.85e+00  -6.0 1.35e+01  -7.2 1.00e+00 1.00e+00h  1
 309 -1.3659065e-01 1.13e-01 7.29e+00  -6.0 3.04e+01  -7.7 5.02e-01 4.10e-01h  1
iter    objective    inf_pr   inf_du lg(mu)  ||d||  lg(rg) alpha_du alpha_pr  ls
 310 -1.3663477e-01 2.12e-01 1.84e+01  -6.0 4.23e+01  -8.2 1.00e+00 1.00e+00h  1
 311 -1.3667945e-01 1.63e-01 3.97e+01  -6.0 8.18e+01  -8.6 5.54e-01 3.36e-01h  1
 312 -1.3677547e-01 9.11e-01 2.43e+01  -6.0 2.29e+02  -9.1 1.00e+00 1.00e+00h  1
 313 -1.3689339e-01 1.84e+00 8.42e+01  -6.0 4.83e+02  -9.6 4.15e-01 5.99e-01h  1
 314 -1.3709765e-01 2.25e+01 8.72e+01  -6.0 3.07e+04    -  4.28e-02 4.33e-02h  1
 315 -1.3710100e-01 1.99e+01 1.30e+02  -6.0 1.41e+02  -7.4 5.99e-02 1.12e-01h  1
 316 -1.3711143e-01 1.95e+01 4.62e+02  -6.0 2.99e+02  -7.8 4.76e-01 2.04e-02h  1
 317 -1.3745856e-01 5.30e+01 8.80e+02  -6.0 4.67e+03    -  1.53e-01 3.77e-01h  1
 318 -1.3747284e-01 4.94e+01 3.25e+02  -6.0 3.80e+02  -8.3 3.38e-01 6.80e-02h  1
 319 -1.3747263e-01 4.72e+01 2.49e+02  -6.0 1.81e+03  -8.8 5.04e-02 4.34e-02h  3
iter    objective    inf_pr   inf_du lg(mu)  ||d||  lg(rg) alpha_du alpha_pr  ls
 320 -1.3749449e-01 4.56e+01 1.75e+03  -6.0 2.41e+03  -9.3 2.11e-01 3.55e-02h  1
 321 -1.3751428e-01 4.26e+01 1.66e+03  -6.0 6.07e+02  -9.8 1.00e+00 6.45e-02h  1
 322 -1.3761760e-01 2.69e+01 6.40e+02  -6.0 1.06e+03 -10.2 2.35e-01 3.87e-01h  1
 323 -1.3761763e-01 2.69e+01 6.32e+02  -6.0 1.76e+03 -10.7 1.37e-03 5.69e-05h  1
 324 -1.3771871e-01 2.49e+01 6.01e+01  -6.0 2.49e+03 -11.2 2.48e-01 1.52e-01f  1
 325 -1.3781635e-01 3.26e+01 1.47e+03  -6.0 4.66e+04 -10.8 3.81e-03 1.61e-02h  2
 326 -1.3781477e-01 3.01e+01 3.92e+03  -6.0 6.66e+02    -  3.68e-02 7.82e-02h  4
 327 -1.3795547e-01 6.49e+00 2.22e+03  -6.0 1.28e+02    -  1.53e-01 1.00e+00h  1
 328 -1.3789496e-01 2.72e+00 1.96e+02  -6.0 6.32e+01  -8.5 2.92e-01 8.85e-01h  1
 329 -1.3801541e-01 1.15e+01 4.75e+01  -6.0 8.82e+02    -  1.88e-01 1.00e+00h  1
iter    objective    inf_pr   inf_du lg(mu)  ||d||  lg(rg) alpha_du alpha_pr  ls
 330 -1.3800925e-01 8.64e+00 1.76e+01  -6.0 5.79e+02    -  7.21e-01 2.85e-01h  1
 331 -1.3800988e-01 2.99e+00 5.49e+00  -6.0 3.28e+02    -  6.37e-01 7.76e-01h  1
 332 -1.3801276e-01 7.85e-02 3.41e-01  -6.0 4.18e+01    -  1.00e+00 1.00e+00h  1
 333 -1.3801147e-01 9.60e-03 1.27e-01  -6.0 2.39e+01    -  1.00e+00 1.00e+00h  1
 334 -1.3801154e-01 2.53e-04 3.81e-05  -6.0 1.93e+00    -  1.00e+00 1.00e+00h  1
 335 -1.3801153e-01 1.94e-08 1.59e-09  -6.0 1.80e-02    -  1.00e+00 1.00e+00h  1
 336 -1.3855075e-01 6.51e+00 1.17e+01  -7.5 3.73e+03    -  1.71e-01 1.73e-01f  1
 337 -1.3874167e-01 7.36e+00 2.56e+01  -7.5 4.03e+03    -  3.42e-02 7.08e-02h  1
 338 -1.3912735e-01 1.01e+01 2.11e+01  -7.5 2.55e+03    -  3.45e-01 2.32e-01h  1
 339 -1.3929633e-01 1.07e+01 1.86e+01  -7.5 2.43e+03    -  1.61e-01 1.81e-01h  1
iter    objective    inf_pr   inf_du lg(mu)  ||d||  lg(rg) alpha_du alpha_pr  ls
 340 -1.3930271e-01 1.06e+01 9.12e+01  -7.5 1.48e+02  -9.0 5.51e-01 1.21e-02h  1
 341 -1.3981191e-01 3.16e+01 3.42e+01  -7.5 2.71e+03    -  8.00e-03 5.97e-01h  1
 342 -1.3987246e-01 2.55e+01 2.73e+01  -7.5 2.05e+03    -  1.98e-01 1.95e-01h  1
 343 -1.3988983e-01 2.34e+01 2.16e+01  -7.5 1.51e+03    -  1.71e-01 8.01e-02h  1
 344 -1.3994343e-01 1.64e+01 1.49e+01  -7.5 1.08e+03    -  4.52e-01 3.06e-01h  1
 345 -1.4002843e-01 9.63e-01 2.29e+01  -7.5 5.37e+01  -9.5 4.05e-01 9.42e-01h  1
 346 -1.4006648e-01 8.99e-01 3.52e+01  -7.5 7.29e+02    -  1.62e-01 2.76e-01h  1
 347 -1.4010224e-01 1.18e+00 8.81e+01  -7.5 5.77e+02    -  2.65e-02 3.13e-01h  1
 348 -1.4018458e-01 2.19e+00 1.92e+02  -7.5 4.22e+02    -  2.88e-01 7.77e-01h  1
 349 -1.4022515e-01 1.45e+00 3.32e+01  -7.5 4.13e+02    -  4.95e-01 3.92e-01h  1
iter    objective    inf_pr   inf_du lg(mu)  ||d||  lg(rg) alpha_du alpha_pr  ls
 350 -1.4028143e-01 7.69e-01 2.04e+01  -7.5 1.57e+02    -  5.86e-01 5.49e-01h  1
 351 -1.4028933e-01 7.13e-01 1.08e+03  -7.5 1.77e+02    -  6.56e-01 7.33e-02h  1
 352 -1.4031711e-01 5.42e-01 1.33e+03  -7.5 4.74e+02    -  8.56e-01 2.56e-01h  1
 353 -1.4035898e-01 6.88e+00 6.12e+02  -7.5 2.00e+03    -  2.11e-01 3.73e-01h  1
 354 -1.4037258e-01 6.10e+00 4.59e+02  -7.5 4.38e+02 -10.0 8.49e-02 1.19e-01h  1
 355 -1.4043116e-01 4.11e+00 4.39e+02  -7.5 5.72e+02 -10.4 5.50e-01 4.84e-01h  1
 356 -1.4043938e-01 4.39e+00 4.54e+02  -7.5 7.62e+03    -  4.03e-01 5.19e-02h  1
 357 -1.4045553e-01 6.22e+00 4.05e+02  -7.5 4.59e+03    -  5.63e-02 9.47e-02h  1
 358 -1.4045589e-01 6.19e+00 2.71e+02  -7.5 1.24e+04    -  6.09e-03 4.82e-03h  1
 359 -1.4049110e-01 3.76e+01 2.20e+03  -7.5 1.72e+03    -  9.56e-02 1.00e+00h  1
iter    objective    inf_pr   inf_du lg(mu)  ||d||  lg(rg) alpha_du alpha_pr  ls
 360 -1.4053224e-01 7.71e+01 3.56e+02  -7.5 2.82e+03    -  3.82e-01 7.97e-01h  1
 361 -1.4053183e-01 7.68e+01 3.58e+02  -7.5 4.03e+03    -  1.72e-02 3.04e-03h  1
 362 -1.4053720e-01 6.67e+01 3.83e+03  -7.5 3.46e+03    -  4.04e-04 1.33e-01f  1
 363 -1.4053717e-01 6.04e+01 3.41e+03  -7.5 3.53e+01  -8.2 1.19e-01 9.44e-02h  1
 364 -1.4053723e-01 5.47e+01 3.09e+03  -7.5 4.92e+02  -8.7 2.04e-02 9.46e-02h  1
 365 -1.4053252e-01 1.30e-01 3.24e+02  -7.5 9.69e+00  -8.3 3.85e-01 1.00e+00h  1
 366 -1.4053101e-01 4.72e-03 4.17e+01  -7.5 1.88e+01  -8.7 4.86e-01 1.00e+00h  1
 367 -1.4053454e-01 4.63e-01 3.64e+01  -7.5 2.51e+03    -  1.36e-01 7.01e-02h  1
 368 -1.4057193e-01 6.88e+01 9.66e+01  -7.5 5.23e+03    -  6.78e-01 4.11e-01h  1
 369 -1.4056820e-01 1.53e+01 2.86e+01  -7.5 2.57e+02    -  9.92e-01 7.78e-01h  1
iter    objective    inf_pr   inf_du lg(mu)  ||d||  lg(rg) alpha_du alpha_pr  ls
 370 -1.4059461e-01 5.56e+01 1.45e+02  -7.5 2.56e+03    -  4.91e-01 6.85e-01h  1
 371 -1.4060297e-01 4.12e+01 1.31e+02  -7.5 1.65e+03    -  2.41e-02 4.33e-01h  1
 372 -1.4061868e-01 3.66e+01 1.50e+03  -7.5 1.40e+03    -  1.78e-02 9.56e-01h  1
 373 -1.4060915e-01 3.86e+01 1.18e+03  -7.5 3.24e+03    -  1.10e-01 2.22e-01h  1
 374 -1.4060685e-01 2.55e+01 7.60e+02  -7.5 5.48e+02    -  1.70e-01 3.54e-01h  1
 375 -1.4060698e-01 1.58e+01 4.71e+02  -7.5 3.39e+01  -9.2 9.32e-01 3.80e-01h  1
 376 -1.4060625e-01 1.79e-01 2.82e+00  -7.5 5.56e+01    -  7.95e-01 1.00e+00h  1
 377 -1.4060643e-01 4.98e-01 1.55e+00  -7.5 3.44e+02    -  1.00e+00 4.70e-01h  1
 378 -1.4060468e-01 3.81e+00 3.56e-01  -7.5 4.57e+02  -9.7 4.85e-03 1.00e+00h  1
 379 -1.4061242e-01 8.97e+00 3.35e+01  -7.5 6.42e+02    -  1.66e-01 1.00e+00h  1
iter    objective    inf_pr   inf_du lg(mu)  ||d||  lg(rg) alpha_du alpha_pr  ls
 380 -1.4061347e-01 8.37e-02 8.47e-01  -7.5 6.81e+01 -10.2 1.00e+00 1.00e+00h  1
 381 -1.4061852e-01 2.69e+00 1.34e+01  -7.5 5.52e+03    -  5.45e-01 6.69e-02h  1
 382 -1.4062006e-01 8.55e-01 2.21e-01  -7.5 2.18e+02    -  1.00e+00 1.00e+00h  1
 383 -1.4062001e-01 1.45e-02 2.27e-01  -7.5 2.69e+01    -  1.00e+00 1.00e+00h  1
 384 -1.4062002e-01 5.42e-06 7.53e-05  -7.5 5.05e-01    -  1.00e+00 1.00e+00h  1
 385 -1.4062002e-01 5.99e-08 3.95e-07  -7.5 5.47e-02    -  1.00e+00 1.00e+00h  1
 386 -1.4062002e-01 3.05e-10 1.63e-12  -7.5 2.50e-05    -  1.00e+00 1.00e+00h  1
 387 -1.4062328e-01 9.23e-02 2.40e+00  -9.0 2.59e+02    -  2.88e-01 3.04e-01h  1
 388 -1.4063019e-01 2.10e+01 7.95e+01  -9.0 1.17e+05    -  2.16e-02 8.78e-03h  1
 389 -1.4063790e-01 2.77e+01 1.19e+02  -9.0 3.62e+03    -  1.86e-01 2.32e-01h  1
iter    objective    inf_pr   inf_du lg(mu)  ||d||  lg(rg) alpha_du alpha_pr  ls
 390 -1.4064255e-01 2.74e+01 1.26e+02  -9.0 4.34e+03    -  2.91e-01 1.62e-01h  1
 391 -1.4064967e-01 4.42e+01 1.33e+02  -9.0 3.43e+03    -  3.20e-01 3.66e-01h  1
 392 -1.4065356e-01 4.07e+01 2.54e+01  -9.0 1.55e+03    -  1.00e-02 8.19e-01h  1
 393 -1.4065068e-01 1.55e-01 7.70e+00  -9.0 1.02e+02    -  4.01e-02 1.00e+00h  1
 394 -1.4065131e-01 8.47e-02 7.37e-01  -9.0 6.42e+01    -  1.00e+00 1.00e+00h  1
 395 -1.4065130e-01 2.12e-02 8.98e-02  -9.0 3.23e+01    -  1.00e+00 1.00e+00h  1
 396 -1.4065129e-01 6.76e-08 1.75e-05  -9.0 3.78e-02    -  1.00e+00 1.00e+00h  1
 397 -1.4065129e-01 1.92e-10 2.60e-12  -9.0 2.81e-05    -  1.00e+00 1.00e+00h  1

Number of Iterations....: 397

                                   (scaled)                 (unscaled)
Objective...............:  -1.4065129338052276e-01   -1.4065129338052276e-01
Dual infeasibility......:   2.6011531422981838e-12    2.6011531422981838e-12
Constraint violation....:   1.9189138125708105e-10    1.9189138125708105e-10
Complementarity.........:   9.0909098745595554e-10    9.0909098745595554e-10
Overall NLP error.......:   9.0909098745595554e-10    9.0909098745595554e-10


Number of objective function evaluations             = 1373
Number of objective gradient evaluations             = 398
Number of equality constraint evaluations            = 1373
Number of inequality constraint evaluations          = 1374
Number of equality constraint Jacobian evaluations   = 402
Number of inequality constraint Jacobian evaluations = 402
Number of Lagrangian Hessian evaluations             = 397
Total CPU secs in IPOPT (w/o function evaluations)   =    203.559
Total CPU secs in NLP function evaluations           =      9.167

EXIT: Optimal Solution Found.
