
List of user-set options:

                                    Name   Value                used
                           compl_inf_tol = 1                     yes
                         constr_viol_tol = 1                     yes
                            dual_inf_tol = 1000                  yes
                           linear_solver = ma97                  yes
                              ma86_small = 1e-30                  no
                                  ma86_u = 0.0001                 no
                              ma97_order = best                  yes
                              ma97_small = 1e-30                 yes
                            ma97_switch1 = at_start              yes
                            ma97_switch2 = od_hd_reuse           yes
                                  ma97_u = 1e-06                 yes
                               ma97_umax = 0.5                   yes
                                max_iter = 1000                  yes
                    max_refinement_steps = 20                    yes
                    min_refinement_steps = 5                     yes
                                 mu_init = 1e-06                 yes
           mu_superlinear_decrease_power = 1.25                  yes
                   nlp_scaling_min_value = 1e-08                 yes
                        option_file_name = Preset_Case:_47_NCP.opt  yes
                             output_file = ./tmp/Preset_Case:_47_NCP.output  yes
                      print_user_options = yes                   yes
        required_infeasibility_reduction = 1                      no
                                     tol = 1e-08                 yes
                   warm_start_bound_frac = 1e-20                 yes
                   warm_start_bound_push = 1e-20                 yes
                   warm_start_init_point = yes                   yes
              warm_start_mult_bound_push = 1e-20                 yes
                warm_start_mult_init_max = 1e+40                 yes
             warm_start_slack_bound_frac = 1e-20                 yes
             warm_start_slack_bound_push = 1e-20                 yes

******************************************************************************
This program contains Ipopt, a library for large-scale nonlinear optimization.
 Ipopt is released as open source code under the Eclipse Public License (EPL).
         For more information visit http://projects.coin-or.org/Ipopt
******************************************************************************

This is Ipopt version 3.12.10, running with linear solver ma97.

Number of nonzeros in equality constraint Jacobian...:   117167
Number of nonzeros in inequality constraint Jacobian.:      213
Number of nonzeros in Lagrangian Hessian.............:    47513

Total number of variables............................:    29977
                     variables with only lower bounds:    11312
                variables with lower and upper bounds:    15135
                     variables with only upper bounds:        0
Total number of equality constraints.................:    29864
Total number of inequality constraints...............:       25
        inequality constraints with only lower bounds:        4
   inequality constraints with lower and upper bounds:        0
        inequality constraints with only upper bounds:       21

iter    objective    inf_pr   inf_du lg(mu)  ||d||  lg(rg) alpha_du alpha_pr  ls
   0 -1.7288205e-01 1.87e-01 2.00e+00  -6.0 0.00e+00    -  0.00e+00 0.00e+00   0
In iteration 0, 8 Slacks too small, adjusting variable bounds
   1 -1.7288205e-01 1.87e-01 1.20e+02  -6.0 1.05e+10    -  1.19e-14 1.14e-18h  1
   2 -1.7288140e-01 1.87e-01 3.90e+02  -6.0 1.85e+02    -  1.00e-02 2.57e-05f  1
   3 -1.7287878e-01 1.87e-01 3.89e+02  -6.0 1.67e+02    -  1.40e-02 1.18e-04h  1
   4 -1.7230659e-01 1.82e-01 3.80e+02  -6.0 1.66e+02    -  1.30e-02 2.56e-02h  1
   5 -1.7100223e-01 1.74e-01 3.65e+02  -6.0 9.51e+01    -  6.65e-03 4.17e-02h  3
   6 -1.6961461e-01 1.66e-01 4.71e+02  -6.0 1.18e+02    -  4.61e-02 4.88e-02h  2
   7 -1.6829608e-01 1.58e-01 6.07e+02  -6.0 1.04e+02    -  1.80e-02 4.87e-02h  2
   8 -1.6724716e-01 1.51e-01 6.63e+02  -6.0 9.86e+01    -  6.51e-02 4.12e-02h  3
   9 -1.6501061e-01 1.38e-01 8.22e+02  -6.0 1.09e+02    -  3.87e-02 8.99e-02h  2
iter    objective    inf_pr   inf_du lg(mu)  ||d||  lg(rg) alpha_du alpha_pr  ls
  10 -1.6281239e-01 1.24e-01 7.93e+02  -6.0 1.20e+02    -  5.27e-02 9.79e-02h  2
  11 -1.6136649e-01 1.14e-01 7.26e+02  -6.0 1.19e+02    -  1.25e-01 7.85e-02h  3
  12 -1.5980280e-01 1.04e-01 6.90e+02  -6.0 1.12e+02    -  7.47e-02 9.40e-02h  3
  13 -1.5856888e-01 9.51e-02 6.62e+02  -6.0 9.12e+01    -  1.47e-01 8.29e-02h  3
  14 -1.5786063e-01 9.03e-02 6.38e+02  -6.0 9.35e+01    -  1.01e-01 5.08e-02h  3
  15 -1.5768814e-01 5.06e-01 4.44e+04  -6.0 4.51e+03    -  2.56e-04 3.00e-03w  1
  16 -1.5365225e-01 3.74e-01 3.28e+04  -6.0 5.56e+01    -  2.62e-01 2.59e-01w  1
  17 -1.4849751e-01 9.37e-01 1.61e+04  -6.0 3.49e+01    -  3.71e-01 4.37e-01w  1
  18 -1.5784985e-01 9.02e-02 6.38e+02  -6.0 1.32e+01  -2.0 2.56e-04 1.87e-04h  4
  19 -1.5710881e-01 8.57e-02 7.93e+02  -6.0 3.29e+01  -2.5 8.64e-02 4.99e-02h  1
iter    objective    inf_pr   inf_du lg(mu)  ||d||  lg(rg) alpha_du alpha_pr  ls
  20 -1.5556228e-01 7.69e-02 8.78e+02  -6.0 3.90e+01  -3.0 2.92e-01 1.03e-01h  2
  21 -1.5531646e-01 7.56e-02 9.28e+02  -6.0 5.91e+01  -3.4 4.09e-02 1.69e-02h  5
  22 -1.5445554e-01 7.10e-02 9.22e+02  -6.0 3.30e+01  -3.0 3.89e-01 6.10e-02h  4
  23 -1.5444608e-01 7.09e-02 9.23e+02  -6.0 2.75e+02  -3.5 1.09e-02 5.41e-04h  8
  24 -1.5360180e-01 6.66e-02 9.00e+02  -6.0 2.98e+01  -3.1 1.72e-02 6.18e-02h  4
  25 -1.5312455e-01 6.44e-02 1.15e+03  -6.0 4.19e+01  -3.5 1.75e-01 3.29e-02h  4
  26 -1.5231349e-01 6.02e-02 9.98e+02  -6.0 2.57e+01  -3.1 6.78e-02 6.42e-02h  4
  27 -1.5203610e-01 5.87e-02 9.68e+02  -6.0 3.08e+01  -3.6 5.25e-01 2.59e-02h  1
  28 -1.5167409e-01 5.66e-02 9.14e+02  -6.0 2.17e+01  -3.2 1.14e-03 3.55e-02h  5
  29 -1.5099533e-01 5.34e-02 8.19e+02  -6.0 1.84e+01  -2.7 4.96e-01 5.59e-02h  4
iter    objective    inf_pr   inf_du lg(mu)  ||d||  lg(rg) alpha_du alpha_pr  ls
  30 -1.5052608e-01 5.42e-02 7.49e+02  -6.0 1.96e+01  -3.2 1.36e-01 4.67e-02h  5
  31 -1.5020136e-01 5.37e-02 7.15e+02  -6.0 1.67e+01  -2.8 5.69e-01 2.99e-02h  5
  32 -1.4995853e-01 5.35e-02 6.87e+02  -6.0 1.79e+01  -3.3 5.86e-01 2.80e-02h  6
  33 -1.4970117e-01 5.30e-02 6.60e+02  -6.0 1.57e+01  -2.8 7.43e-01 2.70e-02h  5
  34 -1.4953374e-01 5.27e-02 6.44e+02  -6.0 1.70e+01  -3.3 7.90e-01 2.38e-02h  6
  35 -1.4914615e-01 5.26e-02 5.97e+02  -6.0 1.47e+01  -2.9 2.53e-01 4.61e-02h  4
  36 -1.4887196e-01 5.19e-02 5.71e+02  -6.0 1.37e+01  -2.5 8.81e-01 3.04e-02h  4
  37 -1.4839209e-01 5.23e-02 5.01e+02  -6.0 1.48e+01  -2.9 3.20e-01 5.40e-02h  5
  38 -1.4428545e-01 2.80e-01 3.28e+03  -6.0 1.34e+01  -2.5 9.84e-01 4.63e-01w  1
  39 -1.3986656e-01 1.62e+00 4.24e+03  -6.0 8.89e+00  -3.0 6.85e-01 1.00e+00w  1
iter    objective    inf_pr   inf_du lg(mu)  ||d||  lg(rg) alpha_du alpha_pr  ls
  40 -1.3919249e-01 7.52e-03 1.46e+02  -6.0 7.74e-01  -2.6 9.69e-01 1.00e+00h  1
  41 -1.3945318e-01 5.38e-04 1.25e+00  -6.0 1.59e-01  -3.0 9.52e-01 1.00e+00h  1
  42 -1.4015701e-01 3.39e-03 6.21e-01  -6.0 4.98e-01  -3.5 9.65e-01 7.64e-01h  1
  43 -1.4078524e-01 4.79e-03 7.33e-01  -6.0 9.59e-01  -4.0 5.26e-01 1.00e+00f  1
  44 -1.4233576e-01 1.76e-02 1.94e+00  -6.0 2.29e+00  -4.5 4.82e-01 6.56e-01h  1
  45 -1.4481255e-01 6.43e-02 6.51e+00  -6.0 7.71e+00  -4.9 5.17e-01 5.28e-01h  1
  46 -1.4611904e-01 6.57e-02 1.00e+01  -6.0 2.47e+01  -5.4 8.91e-01 1.35e-01h  1
  47 -1.4706668e-01 6.97e-02 1.43e+01  -6.0 7.63e+01  -5.9 7.61e-01 5.35e-02h  1
  48 -1.4953869e-01 8.99e-02 4.43e+01  -6.0 2.78e+02  -6.4 3.77e-01 4.75e-02h  3
  49 -1.5316525e-01 9.84e-02 6.62e+01  -6.0 2.52e+03  -6.9 3.76e-02 8.64e-03h  2
iter    objective    inf_pr   inf_du lg(mu)  ||d||  lg(rg) alpha_du alpha_pr  ls
  50 -1.5526901e-01 1.02e-01 1.24e+02  -6.0 3.82e+02  -6.4 3.03e-01 2.95e-02h  2
  51 -1.5710941e-01 1.02e-01 1.21e+02  -6.0 5.64e+03  -6.9 3.74e-03 1.77e-03h  2
  52 -1.5892326e-01 9.52e-02 9.10e+01  -6.0 3.83e+01  -5.6 1.00e+00 2.11e-01h  1
  53 -1.6667084e-01 3.79e-01 7.76e+01  -6.0 4.94e+01  -6.1 1.84e-01 7.76e-01H  1
  54 -1.6727980e-01 3.88e-01 5.12e+01  -6.0 5.88e+01  -6.5 6.02e-01 6.49e-02h  3
  55 -1.6748775e-01 3.88e-01 1.10e+02  -6.0 1.25e+02  -7.0 6.95e-01 1.38e-02h  4
  56 -1.6768084e-01 3.91e-01 1.77e+02  -6.0 3.58e+02  -7.5 3.78e-01 9.43e-03h  5
  57 -1.6775037e-01 3.94e-01 2.23e+02  -6.0 5.94e+03  -8.0 6.01e-02 7.00e-04h  6
  58 -1.7249841e-01 4.10e+00 1.70e+02  -6.0 3.87e+02  -7.5 5.21e-01 2.56e-01h  1
  59 -1.7476123e-01 4.19e+00 9.81e+01  -6.0 1.62e+02  -7.1 1.00e+00 2.41e-01h  1
iter    objective    inf_pr   inf_du lg(mu)  ||d||  lg(rg) alpha_du alpha_pr  ls
  60 -1.7603338e-01 4.75e+00 1.43e+02  -6.0 1.53e+03  -7.6 4.44e-01 4.49e-02h  1
  61 -1.7887570e-01 6.31e+00 4.93e+01  -6.0 3.01e+02  -7.2 1.00e+00 3.17e-01h  1
  62 -1.8245499e-01 1.47e+01 1.56e+01  -6.0 1.35e+02  -6.7 1.00e+00 6.23e-01h  1
  63 -1.8254972e-01 1.44e+01 4.47e+01  -6.0 6.08e+01  -6.3 1.00e+00 1.70e-02h  1
  64 -1.8180398e-01 7.15e+00 6.41e+01  -6.0 1.26e+02  -6.8 8.61e-02 5.23e-01h  1
  65 -1.8223195e-01 5.09e+00 3.92e+01  -6.0 7.72e+01  -7.3 3.91e-01 2.89e-01h  1
  66 -1.8524914e-01 3.52e+00 1.87e+01  -6.0 3.03e+02  -7.7 6.81e-01 3.71e-01h  1
  67 -1.8642191e-01 2.30e+00 1.11e+01  -6.0 1.03e+02  -7.3 4.04e-01 3.69e-01h  1
  68 -1.8726793e-01 2.17e+00 2.88e+01  -6.0 3.47e+02  -7.8 1.00e+00 8.27e-02h  1
  69 -1.9494013e-01 4.12e+00 1.75e+01  -6.0 9.72e+02  -8.3 1.70e-01 2.99e-01h  1
iter    objective    inf_pr   inf_du lg(mu)  ||d||  lg(rg) alpha_du alpha_pr  ls
  70 -1.9495017e-01 4.12e+00 3.72e+04  -6.0 6.01e+02  -5.1 1.80e-02 1.18e-03H  1
  71 -1.9505660e-01 3.93e+00 3.66e+04  -6.0 8.06e+01  -5.6 6.41e-02 5.62e-02h  1
  72 -1.9506745e-01 3.91e+00 3.27e+04  -6.0 2.67e+01  -6.1 4.30e-03 3.99e-03h  1
  73 -1.9516919e-01 3.74e+00 4.41e+04  -6.0 2.55e+01  -6.6 5.94e-01 4.46e-02f  1
  74 -1.9551761e-01 3.32e+00 5.11e+04  -6.0 5.06e+01  -7.0 6.02e-02 1.12e-01h  1
  75 -1.9635781e-01 2.73e+00 4.30e+04  -6.0 1.38e+02  -7.5 7.27e-01 1.79e-01h  1
  76 -1.9767449e-01 2.36e+00 3.55e+05  -6.0 4.15e+02  -8.0 3.06e-03 1.37e-01h  1
  77 -1.9830319e-01 2.31e+00 3.47e+05  -6.0 1.79e+03  -8.5 5.53e-02 2.11e-02h  1
  78 -1.9919521e-01 2.03e+00 3.05e+05  -6.0 4.96e+02  -8.1 3.05e-02 1.21e-01h  1
  79 -1.9996924e-01 1.96e+00 2.95e+05  -6.0 2.05e+03  -8.5 1.33e-01 3.28e-02h  1
iter    objective    inf_pr   inf_du lg(mu)  ||d||  lg(rg) alpha_du alpha_pr  ls
  80 -2.0642878e-01 4.15e+00 6.36e+04  -6.0 5.74e+02  -8.1 2.61e-01 7.85e-01h  1
  81 -2.0725721e-01 4.15e+00 6.24e+04  -6.0 3.84e+03  -8.6 2.06e-01 1.77e-02h  1
  82 -2.0732318e-01 4.10e+00 6.16e+04  -6.0 7.78e+02  -8.2 9.86e-02 1.25e-02h  1
  83 -2.0764032e-01 3.92e+00 5.87e+04  -6.0 6.70e+02  -7.7 1.00e+00 4.69e-02h  1
  84 -2.0915972e-01 3.66e+00 4.77e+04  -6.0 1.34e+03  -8.2 1.01e-01 1.88e-01h  1
  85 -2.1162421e-01 2.34e+00 3.02e+04  -6.0 1.12e+03  -7.8 1.00e+00 3.66e-01h  1
Error in an AMPL evaluation. Run with "halt_on_ampl_error yes" to see details.
Warning: Cutting back alpha due to evaluation error
  86 -2.1229077e-01 2.18e+00 2.79e+04  -6.0 7.63e+02  -7.4 6.78e-02 7.59e-02h  2
  87 -2.1324581e-01 2.09e+00 2.67e+04  -6.0 1.55e+03  -7.8 6.03e-02 4.51e-02h  1
  88 -2.1324579e-01 2.08e+00 2.67e+04  -6.0 2.39e+02  -5.6 7.24e-02 1.65e-05h  1
  89 -2.1329307e-01 2.07e+00 2.65e+04  -6.0 4.57e+02  -6.1 1.34e-01 7.59e-03h  1
Error in an AMPL evaluation. Run with "halt_on_ampl_error yes" to see details.
Warning: Cutting back alpha due to evaluation error
iter    objective    inf_pr   inf_du lg(mu)  ||d||  lg(rg) alpha_du alpha_pr  ls
  90 -2.1352187e-01 1.76e+00 2.22e+04  -6.0 4.58e+02  -6.6 1.60e-01 1.61e-01h  2
Error in an AMPL evaluation. Run with "halt_on_ampl_error yes" to see details.
Warning: Cutting back alpha due to evaluation error
  91 -2.1395156e-01 1.77e+00 1.92e+04  -6.0 6.81e+02  -7.0 1.20e-01 1.36e-01h  2
Error in an AMPL evaluation. Run with "halt_on_ampl_error yes" to see details.
Warning: Cutting back alpha due to evaluation error
  92 -2.1412516e-01 2.03e+00 1.70e+04  -6.0 3.99e+02  -6.6 2.56e-02 1.15e-01h  2
  93 -2.1412442e-01 2.09e+00 4.12e+04  -6.0 1.21e+02  -5.3 1.02e-01 8.79e-03h  3
  94 -2.1413362e-01 2.22e+00 3.95e+04  -6.0 1.11e+02  -5.7 9.52e-03 1.38e-02h  2
  95 -2.1414021e-01 2.26e+00 6.42e+04  -6.0 3.08e+03  -6.2 3.32e-02 8.36e-04h  2
  96 -2.1414968e-01 2.28e+00 1.44e+05  -6.0 1.34e+02  -5.8 3.36e-01 8.85e-03h  1
  97 -2.1431797e-01 2.02e+00 1.27e+05  -6.0 3.48e+02  -6.3 6.59e-02 1.20e-01h  1
  98 -2.1415334e-01 1.90e+00 1.25e+05  -6.0 6.75e+02  -6.8 1.04e-02 5.75e-02h  1
  99 -2.1437085e-01 1.89e+00 1.24e+05  -6.0 1.98e+03  -7.2 5.39e-05 7.55e-03h  1
iter    objective    inf_pr   inf_du lg(mu)  ||d||  lg(rg) alpha_du alpha_pr  ls
 100 -2.1441288e-01 1.88e+00 1.23e+05  -6.0 6.78e+03  -6.8 5.80e-03 3.11e-03f  1
 101 -2.1867606e-01 5.86e+00 1.01e+05  -6.0 2.55e+03  -7.3 9.11e-06 1.24e-01f  1
 102 -2.1841658e-01 6.15e+00 9.25e+04  -6.0 9.05e+02  -6.9 2.80e-04 1.12e-01h  2
 103 -2.1846774e-01 5.94e+00 1.16e+05  -6.0 3.69e+02  -6.4 5.15e-01 1.23e-01h  1
 104 -2.1942829e-01 5.56e+00 2.35e+05  -6.0 6.90e+02  -6.9 4.88e-01 7.14e-02h  1
 105 -2.2011541e-01 4.65e+00 2.01e+05  -6.0 4.16e+02  -6.5 2.40e-01 2.06e-01h  1
Error in an AMPL evaluation. Run with "halt_on_ampl_error yes" to see details.
Warning: Cutting back alpha due to evaluation error
 106 -2.2040798e-01 4.27e+00 1.55e+05  -6.0 6.82e+02  -7.0 1.30e-01 1.59e-01h  2
 107 -2.2049052e-01 4.02e+00 3.54e+05  -6.0 4.44e+02  -6.5 2.31e-01 6.78e-02h  1
Error in an AMPL evaluation. Run with "halt_on_ampl_error yes" to see details.
Warning: Cutting back alpha due to evaluation error
 108 -2.2036580e-01 3.82e+00 2.74e+05  -6.0 7.53e+02  -7.0 5.20e-02 1.24e-01h  2
Error in an AMPL evaluation. Run with "halt_on_ampl_error yes" to see details.
Warning: Cutting back alpha due to evaluation error
 109 -2.2044779e-01 3.41e+00 8.78e+04  -6.0 3.28e+02  -6.6 1.31e-02 1.29e-01h  2
iter    objective    inf_pr   inf_du lg(mu)  ||d||  lg(rg) alpha_du alpha_pr  ls
 110 -2.2232995e-01 6.92e+00 1.33e+05  -6.0 2.34e+03  -7.1 6.90e-03 2.78e-01h  1
 111 -2.2201308e-01 6.23e+00 4.37e+05  -6.0 1.57e+02  -5.7 1.50e-01 9.96e-02h  1
 112 -2.2201423e-01 6.23e+00 4.08e+06  -6.0 5.28e+02  -6.2 2.65e-01 1.49e-04h  1
 113 -2.2201741e-01 6.17e+00 4.01e+06  -6.0 1.12e+02  -3.1 2.68e-02 1.05e-02h  1
 114 -2.2199877e-01 6.12e+00 4.56e+06  -6.0 1.23e+01  -2.6 5.23e-03 8.40e-03h  1
 115 -2.2181001e-01 5.71e+00 7.26e+06  -6.0 3.02e+01  -3.1 1.13e-02 6.65e-02h  1
 116 -2.2170797e-01 5.04e+00 6.74e+06  -6.0 1.23e+02  -3.6 2.57e-02 1.17e-01h  1
 117 -2.2173924e-01 4.19e+00 8.66e+06  -6.0 1.94e+01  -4.1 8.83e-02 1.69e-01h  1
 118 -2.2168931e-01 4.18e+00 8.41e+06  -6.0 1.39e+02  -4.6 6.26e-03 3.08e-03h  1
 119 -2.2182424e-01 3.20e+00 6.45e+06  -6.0 2.95e+00  -4.1 2.65e-01 2.34e-01h  1
iter    objective    inf_pr   inf_du lg(mu)  ||d||  lg(rg) alpha_du alpha_pr  ls
 120 -2.2215761e-01 2.66e+00 5.35e+06  -6.0 7.10e+00  -4.6 2.33e-01 1.67e-01h  1
 121 -2.2204506e-01 1.64e+00 3.30e+06  -6.0 1.30e+00  -4.2 5.01e-01 3.84e-01h  1
 122 -2.2225797e-01 2.17e-01 4.36e+05  -6.0 1.61e+00  -4.7 3.23e-01 8.68e-01h  1
 123 -2.2247350e-01 7.97e-04 2.32e+01  -6.0 2.64e+00  -5.1 3.93e-01 1.00e+00h  1
 124 -2.2294433e-01 3.28e-03 1.75e+01  -6.0 5.36e+00  -5.6 5.63e-01 1.00e+00h  1
 125 -2.2331873e-01 4.57e-03 4.42e+01  -6.0 9.49e+00  -6.1 3.48e-01 4.51e-01h  1
 126 -2.2401956e-01 2.42e-02 1.60e+02  -6.0 2.73e+01  -6.6 3.41e-01 5.54e-01h  1
 127 -2.2412031e-01 2.28e-02 1.35e+02  -6.0 4.70e+01  -7.0 2.03e-03 1.04e-01f  1
 128 -2.2449603e-01 3.01e-02 8.92e+01  -6.0 1.39e+02  -7.5 6.20e-01 2.64e-01f  1
 129 -2.2769069e-01 9.22e-01 3.17e+01  -6.0 3.15e+02  -8.0 6.27e-01 7.48e-01h  1
iter    objective    inf_pr   inf_du lg(mu)  ||d||  lg(rg) alpha_du alpha_pr  ls
 130 -2.3037384e-01 1.19e+00 9.08e+00  -6.0 4.92e+02  -8.5 7.29e-01 3.95e-01h  1
 131 -2.3125099e-01 5.43e+00 9.56e+00  -6.0 1.03e+04  -9.0 5.73e-02 4.96e-02h  1
 132 -2.3680700e-01 9.07e+00 1.17e+04  -6.0 7.68e+02  -8.5 2.70e-01 9.53e-01h  1
 133 -2.3723290e-01 6.25e-01 2.80e+03  -6.0 1.24e+02  -8.1 6.23e-01 1.00e+00h  1
 134 -2.4006125e-01 6.78e-01 1.52e+01  -6.0 3.09e+02  -8.6 9.92e-01 1.00e+00h  1
 135 -2.4369890e-01 1.60e+00 7.72e+00  -6.0 6.43e+02  -9.1 1.00e+00 8.62e-01h  1
 136 -2.4427298e-01 1.45e+00 8.26e+00  -6.0 1.82e+03  -9.5 9.22e-03 1.11e-01h  1
 137 -2.4481595e-01 1.13e+00 3.61e+01  -6.0 5.23e+02  -9.1 1.00e+00 2.63e-01h  1
 138 -2.4607992e-01 1.78e+01 4.33e+01  -6.0 6.51e+03  -9.6 1.10e-01 1.43e-01h  1
 139 -2.4664833e-01 1.63e+01 3.97e+01  -6.0 4.90e+03 -10.1 1.19e-01 1.01e-01h  1
iter    objective    inf_pr   inf_du lg(mu)  ||d||  lg(rg) alpha_du alpha_pr  ls
 140 -2.4705731e-01 1.75e+01 4.31e+01  -6.0 2.95e+04 -10.5 2.07e-02 8.52e-03h  1
 141 -2.4974880e-01 3.50e+01 2.53e+02  -6.0 3.24e+03 -10.1 3.55e-02 3.22e-01h  1
 142 -2.5087834e-01 2.89e+01 4.65e+02  -6.0 1.32e+03  -9.7 3.84e-02 2.47e-01h  1
 143 -2.5112744e-01 2.74e+01 3.95e+02  -6.0 1.26e+03  -9.3 3.35e-01 5.79e-02h  1
 144 -2.5154681e-01 2.58e+01 3.71e+02  -6.0 1.86e+03  -9.7 1.09e-01 7.29e-02h  1
 145 -2.5293331e-01 2.17e+01 2.25e+02  -6.0 1.29e+03  -9.3 2.79e-01 3.44e-01h  1
 146 -2.5293959e-01 2.16e+01 2.24e+02  -6.0 9.59e+02  -7.1 3.34e-03 2.02e-03h  1
 147 -2.5295555e-01 1.81e+01 1.87e+02  -6.0 1.84e+01  -6.7 1.52e-01 1.63e-01h  1
 148 -2.5308289e-01 1.06e-02 4.70e+01  -6.0 1.88e+01  -7.1 1.65e-01 1.00e+00h  1
 149 -2.5315253e-01 5.92e-03 5.96e+00  -6.0 1.75e+01  -7.6 9.53e-01 8.42e-01h  1
iter    objective    inf_pr   inf_du lg(mu)  ||d||  lg(rg) alpha_du alpha_pr  ls
 150 -2.5331066e-01 3.84e-02 2.61e-01  -6.0 4.55e+01  -8.1 1.00e+00 1.00e+00h  1
 151 -2.5370940e-01 1.89e-01 1.32e+00  -6.0 1.23e+02  -8.6 1.00e+00 1.00e+00h  1
 152 -2.5378789e-01 8.56e-02 7.21e-01  -6.0 8.54e+01  -8.1 5.04e-01 6.10e-01h  1
 153 -2.5404276e-01 2.53e-01 1.40e+00  -6.0 1.42e+02  -8.6 1.00e+00 1.00e+00f  1
 154 -2.5407769e-01 7.84e-03 4.17e-01  -6.0 6.93e+00  -7.3 1.00e+00 1.00e+00h  1
 155 -2.5407873e-01 4.30e-02 1.51e+00  -6.0 3.11e+02  -7.8 9.61e-02 1.12e-01h  1
 156 -2.5413054e-01 1.49e-01 6.99e+00  -6.0 5.69e+01  -8.2 5.11e-01 6.01e-01h  1
 157 -2.5404216e-01 1.95e-01 3.44e+01  -6.0 1.05e+02  -7.8 1.24e-01 1.82e-01h  1
 158 -2.5396079e-01 1.06e+00 2.29e+02  -6.0 7.18e+01  -7.4 1.89e-01 5.72e-01h  1
 159 -2.5387225e-01 6.36e-01 2.50e+02  -6.0 1.93e+01  -6.1 9.61e-03 2.87e-01f  1
iter    objective    inf_pr   inf_du lg(mu)  ||d||  lg(rg) alpha_du alpha_pr  ls
 160 -2.5394969e-01 2.44e-01 1.09e+02  -6.0 3.59e+00  -5.6 8.38e-01 6.16e-01f  1
 161 -2.5397501e-01 1.18e-01 6.58e+01  -6.0 2.48e+00  -6.1 1.00e+00 5.15e-01h  1
 162 -2.5401199e-01 6.96e-02 8.21e+00  -6.0 5.70e+00  -6.6 4.70e-01 1.00e+00f  1
 163 -2.5409475e-01 5.91e-01 6.19e+01  -6.0 2.50e+01  -7.1 7.40e-01 6.40e-01h  1
 164 -2.5433261e-01 1.82e+00 8.88e+01  -6.0 1.71e+01  -6.6 4.19e-01 1.00e+00h  1
 165 -2.5448763e-01 7.59e-01 3.53e+01  -6.0 5.57e+00  -6.2 1.00e+00 5.77e-01h  1
 166 -2.5481907e-01 1.75e+00 5.17e+01  -6.0 1.06e+01  -6.7 1.00e+00 1.00e+00h  1
 167 -2.5498262e-01 1.46e+00 8.17e+01  -6.0 2.68e+01  -7.2 4.79e-01 3.17e-01h  1
 168 -2.5528275e-01 7.21e-01 4.06e+01  -6.0 2.32e+01  -7.6 1.00e+00 1.00e+00h  1
 169 -2.5537197e-01 7.75e-01 4.89e+01  -6.0 7.46e+01  -7.2 1.06e-01 9.06e-02h  1
iter    objective    inf_pr   inf_du lg(mu)  ||d||  lg(rg) alpha_du alpha_pr  ls
 170 -2.5557938e-01 6.17e-01 9.95e+01  -6.0 2.46e+01  -7.7 1.00e+00 1.00e+00h  1
 171 -2.5572647e-01 4.21e-01 6.09e+01  -6.0 7.24e+01  -8.2 3.79e-01 3.79e-01h  1
 172 -2.5649294e-01 4.75e-01 3.21e+01  -6.0 2.18e+02  -8.6 1.00e+00 1.00e+00h  1
 173 -2.5655238e-01 3.93e-01 1.79e+01  -6.0 1.27e+02  -8.2 2.44e-01 1.77e-01h  1
 174 -2.5657491e-01 3.13e-01 1.04e+03  -6.0 5.39e+01  -7.8 2.95e-01 2.23e-01h  1
 175 -2.5658827e-01 3.09e-01 1.03e+03  -6.0 4.32e+03  -8.3 1.03e-02 1.11e-02h  1
 176 -2.5694280e-01 4.72e-01 8.83e+02  -6.0 3.00e+02  -8.8 4.22e-02 6.36e-01h  1
 177 -2.5685973e-01 3.50e-01 6.15e+02  -6.0 1.96e+02  -6.5 9.37e-01 2.59e-01h  1
 178 -2.5700604e-01 5.03e-02 8.99e+01  -6.0 1.71e+01  -7.0 9.10e-01 8.57e-01h  1
 179 -2.5694059e-01 5.99e-03 2.67e+00  -6.0 1.43e+01  -7.5 1.00e+00 1.00e+00h  1
iter    objective    inf_pr   inf_du lg(mu)  ||d||  lg(rg) alpha_du alpha_pr  ls
 180 -2.5704375e-01 2.66e-02 4.62e-01  -6.0 3.62e+01  -7.9 9.04e-01 1.00e+00h  1
 181 -2.5719939e-01 1.11e-01 6.93e-01  -6.0 1.20e+02  -8.4 3.88e-01 5.28e-01h  1
 182 -2.5755376e-01 1.29e+00 5.82e+00  -6.0 6.61e+02  -8.9 3.05e-01 3.12e-01h  1
 183 -2.5800364e-01 2.88e+00 4.23e+01  -6.0 7.80e+02  -9.4 5.17e-01 5.63e-01h  1
 184 -2.5829334e-01 3.29e+00 1.47e+02  -6.0 2.17e+03  -9.9 1.24e-01 8.66e-02h  1
 185 -2.5866122e-01 4.25e+00 2.11e+02  -6.0 2.94e+03 -10.3 2.50e-01 1.88e-01h  1
 186 -2.5902074e-01 3.16e+00 1.24e+03  -6.0 7.78e+02  -9.9 1.00e+00 3.41e-01h  1
 187 -2.5945297e-01 1.80e+01 4.14e+02  -6.0 2.09e+03 -10.4 3.76e-01 5.14e-01h  1
 188 -2.5950115e-01 2.45e+01 3.00e+02  -6.0 4.02e+04    -  4.03e-03 3.12e-02h  1
 189 -2.5961087e-01 1.68e+01 2.17e+02  -6.0 2.14e+03 -10.0 2.06e-01 3.18e-01h  1
iter    objective    inf_pr   inf_du lg(mu)  ||d||  lg(rg) alpha_du alpha_pr  ls
 190 -2.5990941e-01 2.17e+01 3.18e+03  -6.0 1.48e+03  -9.5 2.17e-03 7.29e-01h  1
 191 -2.5983284e-01 1.97e+01 6.00e+04  -6.0 8.58e+01  -5.5 6.17e-03 9.32e-02h  1
 192 -2.5979260e-01 1.87e+01 5.68e+04  -6.0 7.09e+00  -5.1 5.42e-02 5.28e-02h  1
 193 -2.5930043e-01 8.23e+00 2.49e+04  -6.0 4.84e+01  -5.5 2.16e-01 5.61e-01h  1
 194 -2.5889209e-01 3.07e-02 1.01e+01  -6.0 3.17e+01  -6.0 6.94e-01 1.00e+00h  1
 195 -2.5894312e-01 1.90e-02 7.62e+00  -6.0 3.58e+00  -6.5 1.00e+00 3.84e-01h  1
 196 -2.5905301e-01 4.06e-02 6.44e+00  -6.0 9.90e+00  -7.0 1.00e+00 6.26e-01f  1
 197 -2.5912103e-01 3.58e-02 5.59e+00  -6.0 2.69e+01  -7.5 1.00e+00 4.25e-01h  1
 198 -2.5932888e-01 9.83e-02 4.25e-01  -6.0 7.13e+01  -7.9 1.00e+00 1.00e+00f  1
 199 -2.5960841e-01 4.23e-01 1.48e-01  -6.0 1.48e+02  -8.4 1.00e+00 1.00e+00h  1
iter    objective    inf_pr   inf_du lg(mu)  ||d||  lg(rg) alpha_du alpha_pr  ls
 200 -2.5985139e-01 1.39e+00 8.83e-01  -6.0 2.03e+02  -8.9 1.00e+00 1.00e+00h  1
 201 -2.5985232e-01 1.44e+00 1.50e+01  -6.0 7.42e+02  -9.4 6.32e-01 3.55e-01h  1
 202 -2.6000980e-01 1.77e+01 1.27e+01  -6.0 3.52e+02  -8.9 8.88e-04 7.17e-01H  1
 203 -2.6005385e-01 1.77e+01 5.06e+01  -6.0 6.64e+04  -9.4 1.04e-02 2.98e-03h  2
 204 -2.5988260e-01 1.10e+01 5.42e+01  -6.0 4.78e+02  -9.0 6.82e-02 3.96e-01h  2
 205 -2.5997326e-01 9.24e+00 2.04e+01  -6.0 1.65e+03  -9.5 2.94e-01 1.91e-01h  1
 206 -2.5975064e-01 8.32e+00 4.87e+03  -6.0 9.15e+02  -9.0 5.12e-02 4.88e-01h  1
 207 -2.5972342e-01 8.14e+00 4.49e+03  -6.0 6.15e+03  -9.5 5.82e-02 2.99e-02h  2
 208 -2.5957241e-01 9.33e+00 1.48e+02  -6.0 7.27e+02  -9.1 6.71e-01 1.00e+00h  1
 209 -2.5981257e-01 5.49e+00 1.84e+03  -6.0 5.54e+02  -9.6 2.96e-01 1.00e+00h  1
iter    objective    inf_pr   inf_du lg(mu)  ||d||  lg(rg) alpha_du alpha_pr  ls
 210 -2.5983390e-01 1.38e+00 7.15e+00  -6.0 3.64e+02 -10.0 8.12e-01 1.00e+00h  1
 211 -2.5985210e-01 9.49e+00 7.06e-01  -6.0 8.77e+02 -10.5 1.00e+00 1.00e+00h  1
 212 -2.5984568e-01 3.61e+00 2.04e+00  -6.0 4.14e+02 -10.1 1.00e+00 7.07e-01h  1
 213 -2.5984632e-01 4.07e+00 5.91e+00  -6.0 2.56e+03  -9.7 1.29e-04 5.18e-02H  1
 214 -2.5984552e-01 3.56e+00 1.70e+01  -6.0 1.22e+03 -10.1 1.00e+00 1.54e-01h  1
 215 -2.5983526e-01 2.48e+00 2.85e+00  -6.0 4.51e+02 -10.6 9.14e-01 1.00e+00h  1
 216 -2.5983581e-01 3.34e+00 1.86e+01  -6.0 1.41e+03 -10.2 1.00e+00 3.35e-01H  1
 217 -2.5983206e-01 6.50e+00 2.57e+01  -6.0 6.45e+02 -10.7 1.54e-01 1.00e+00h  1
 218 -2.5983976e-01 7.04e+00 2.21e+01  -6.0 6.57e+02    -  6.43e-01 1.00e+00h  1
 219 -2.5986128e-01 7.51e+00 8.30e+01  -6.0 2.63e+03    -  1.67e-01 1.02e-01h  2
iter    objective    inf_pr   inf_du lg(mu)  ||d||  lg(rg) alpha_du alpha_pr  ls
 220 -2.5989056e-01 5.11e+00 1.81e+02  -6.0 4.64e+01  -7.5 4.81e-01 3.20e-01h  2
 221 -2.6012416e-01 1.96e+00 3.49e+02  -6.0 1.54e+01  -7.1 6.29e-01 1.00e+00h  1
 222 -2.6033370e-01 1.58e+00 9.93e+02  -6.0 7.06e+00  -7.6 6.10e-01 1.00e+00h  1
 223 -2.6033052e-01 1.23e+00 4.48e+02  -6.0 2.41e+01  -8.1 9.02e-01 2.14e-01h  1
 224 -2.6033781e-01 8.13e-01 4.69e+02  -6.0 8.07e+01  -8.5 1.00e+00 3.38e-01h  1
 225 -2.6038544e-01 1.21e+00 2.07e+02  -6.0 2.69e+02  -9.0 1.00e+00 1.00e+00h  1
 226 -2.6062159e-01 3.10e+01 9.63e+02  -6.0 1.35e+03  -9.5 3.36e-01 1.00e+00h  1
 227 -2.6060175e-01 3.78e-01 1.45e+02  -6.0 5.03e+02    -  2.85e-01 1.00e+00h  1
 228 -2.6074565e-01 1.58e+00 8.83e+01  -6.0 2.93e+02    -  1.00e+00 1.00e+00h  1
 229 -2.6073039e-01 1.29e-01 1.81e+01  -6.0 8.24e+01    -  1.00e+00 1.00e+00h  1
iter    objective    inf_pr   inf_du lg(mu)  ||d||  lg(rg) alpha_du alpha_pr  ls
 230 -2.6072269e-01 2.72e-03 2.53e-01  -6.0 9.04e+00    -  1.00e+00 1.00e+00h  1
 231 -2.6072248e-01 4.24e-05 9.37e-04  -6.0 5.43e-01    -  1.00e+00 1.00e+00h  1
 232 -2.6072249e-01 4.66e-09 4.71e-08  -6.0 6.36e-03    -  1.00e+00 1.00e+00h  1
 233 -2.6117392e-01 1.18e+00 7.59e+01  -7.5 2.44e+03    -  4.71e-01 2.04e-01f  1
 234 -2.6139687e-01 1.90e+00 6.50e+01  -7.5 2.23e+03    -  1.35e-01 1.38e-01h  1
 235 -2.6140792e-01 1.88e+00 9.99e+01  -7.5 2.88e+02  -9.1 2.86e-01 1.22e-02h  1
 236 -2.6188907e-01 8.59e+00 4.72e+01  -7.5 2.57e+03    -  2.79e-03 4.00e-01f  1
 237 -2.6194661e-01 7.35e+00 9.92e+01  -7.5 2.12e+02  -9.6 5.05e-01 1.44e-01h  1
 238 -2.6199023e-01 6.87e+00 8.60e+01  -7.5 2.39e+03    -  1.85e-02 7.61e-02h  1
 239 -2.6199886e-01 6.71e+00 1.14e+02  -7.5 3.59e+02 -10.0 3.77e-01 2.34e-02h  1
iter    objective    inf_pr   inf_du lg(mu)  ||d||  lg(rg) alpha_du alpha_pr  ls
 240 -2.6236900e-01 4.88e+00 7.21e+00  -7.5 1.97e+03    -  2.76e-01 7.77e-01h  1
 241 -2.6237293e-01 4.48e+00 1.54e+01  -7.5 8.03e+02    -  6.60e-01 8.21e-02h  1
 242 -2.6238858e-01 9.21e-01 4.52e+00  -7.5 2.73e+02 -10.5 1.00e+00 7.94e-01h  1
 243 -2.6239354e-01 7.55e-01 3.86e+00  -7.5 2.93e+01  -7.4 6.82e-02 1.80e-01h  1
 244 -2.6241102e-01 2.15e+00 1.25e+00  -7.5 6.53e+02    -  4.01e-01 8.11e-01h  1
 245 -2.6241440e-01 1.64e+00 8.09e-01  -7.5 1.53e+01  -7.8 4.33e-01 2.39e-01h  1
 246 -2.6241346e-01 6.72e-01 3.15e-01  -7.5 2.69e+00  -8.3 6.30e-01 5.89e-01h  1
 247 -2.6241243e-01 3.64e-04 6.29e-04  -7.5 2.00e+00  -8.8 1.00e+00 1.00e+00h  1
 248 -2.6241259e-01 1.59e+00 1.04e-02  -7.5 8.89e+03    -  4.40e-02 4.15e-02h  4
 249 -2.6241267e-01 1.40e-03 2.52e-05  -7.5 5.32e+00  -9.3 1.00e+00 1.00e+00h  1
iter    objective    inf_pr   inf_du lg(mu)  ||d||  lg(rg) alpha_du alpha_pr  ls
 250 -2.6241279e-01 1.33e-02 1.86e-04  -7.5 1.47e+01  -9.8 1.00e+00 1.00e+00h  1
 251 -2.6241307e-01 1.08e-01 1.06e-03  -7.5 3.51e+01 -10.2 1.00e+00 1.00e+00h  1
 252 -2.6241349e-01 1.42e-02 3.14e-03  -7.5 6.04e+01 -10.7 1.00e+00 1.00e+00h  1
 253 -2.6241384e-01 3.53e-01 2.76e-03  -7.5 9.13e+01 -11.2 1.00e+00 1.00e+00h  1
 254 -2.6241388e-01 2.75e-01 1.10e-04  -7.5 4.96e+01 -10.8 1.00e+00 1.00e+00h  1
 255 -2.6241412e-01 3.98e+00 3.14e-01  -7.5 8.33e+02    -  7.94e-02 1.00e+00H  1
 256 -2.6241411e-01 7.02e-04 4.12e-06  -7.5 1.15e+01 -10.3 1.00e+00 1.00e+00h  1
 257 -2.6241429e-01 6.23e+00 3.46e-02  -7.5 6.14e+03    -  1.27e-01 1.17e-01h  3
 258 -2.6241432e-01 1.64e-02 9.14e-05  -7.5 3.01e+01 -10.8 1.00e+00 1.00e+00h  1
 259 -2.6241435e-01 1.05e-01 1.69e-04  -7.5 9.19e+01 -11.3 1.00e+00 1.00e+00h  1
iter    objective    inf_pr   inf_du lg(mu)  ||d||  lg(rg) alpha_du alpha_pr  ls
 260 -2.6241444e-01 1.02e+00 1.61e-03  -7.5 2.86e+02 -11.8 1.00e+00 1.00e+00h  1
 261 -2.6241477e-01 1.19e+01 1.89e-02  -7.5 9.72e+02 -12.2 1.00e+00 1.00e+00h  1
 262 -2.6241607e-01 5.95e+01 3.21e+00  -7.5 3.52e+03 -12.7 2.25e-02 1.00e+00H  1
 263 -2.6241591e-01 3.94e-02 1.31e-03  -7.5 1.12e+02    -  1.00e+00 1.00e+00h  1
 264 -2.6241623e-01 4.77e+00 5.99e-01  -7.5 6.30e+03    -  2.37e-01 9.16e-02h  3
 265 -2.6241634e-01 3.78e-01 4.10e-01  -7.5 1.56e+02    -  1.98e-01 1.00e+00h  1
 266 -2.6241647e-01 2.12e+00 2.25e-03  -7.5 2.23e+02 -11.4 1.00e+00 1.00e+00h  1
 267 -2.6241645e-01 9.14e-02 8.33e-03  -7.5 3.79e+01    -  5.55e-01 1.00e+00h  1
 268 -2.6241653e-01 8.56e-01 6.24e-04  -7.5 1.24e+02 -11.0 1.00e+00 1.00e+00h  1
 269 -2.6241680e-01 3.13e+00 5.29e-02  -7.5 4.59e+02    -  8.04e-01 1.00e+00h  1
iter    objective    inf_pr   inf_du lg(mu)  ||d||  lg(rg) alpha_du alpha_pr  ls
 270 -2.6241745e-01 3.76e+00 7.31e-02  -7.5 9.05e+02    -  1.00e+00 1.00e+00H  1
 271 -2.6241727e-01 1.18e+00 9.16e-03  -7.5 2.76e+02    -  1.00e+00 1.00e+00h  1
 272 -2.6241727e-01 1.10e-04 8.20e-06  -7.5 3.82e+00    -  1.00e+00 1.00e+00h  1
 273 -2.6241727e-01 1.07e-06 5.51e-09  -7.5 2.61e-01    -  1.00e+00 1.00e+00h  1
 274 -2.6241727e-01 3.22e-10 4.91e-13  -7.5 1.04e-05    -  1.00e+00 1.00e+00h  1
 275 -2.6241977e-01 2.99e+00 2.50e+00  -9.0 1.70e+03    -  5.24e-01 2.58e-01h  1
 276 -2.6242184e-01 6.18e+01 1.34e+00  -9.0 5.71e+03    -  2.68e-01 3.41e-01h  1
 277 -2.6242274e-01 4.38e+01 6.20e-01  -9.0 1.56e+03    -  3.78e-01 4.23e-01h  1
 278 -2.6242315e-01 3.66e+01 3.91e-01  -9.0 1.85e+03    -  2.54e-01 2.81e-01h  1
 279 -2.6242423e-01 1.00e+02 1.39e+01  -9.0 4.56e+03    -  3.28e-02 6.49e-01h  1
iter    objective    inf_pr   inf_du lg(mu)  ||d||  lg(rg) alpha_du alpha_pr  ls
 280 -2.6242529e-01 4.83e+01 3.88e+01  -9.0 1.82e+03    -  9.40e-04 1.00e+00h  1
 281 -2.6242551e-01 9.27e+00 7.58e+00  -9.0 7.77e+02    -  1.15e-01 1.00e+00h  1
 282 -2.6242585e-01 1.79e+01 7.82e-01  -9.0 1.12e+03    -  4.28e-01 1.00e+00h  1
 283 -2.6242597e-01 8.59e+00 1.81e-01  -9.0 6.71e+02    -  7.60e-01 9.19e-01h  1
 284 -2.6242598e-01 8.58e+00 1.83e-01  -9.0 8.06e+03    -  2.03e-01 5.19e-03h  5
 285 -2.6242601e-01 8.55e+00 1.24e-01  -9.0 2.23e+03    -  9.12e-01 7.01e-02h  3
 286 -2.6242610e-01 8.75e+00 4.65e-02  -9.0 1.19e+03    -  9.92e-01 3.57e-01H  1
 287 -2.6242604e-01 1.42e+00 5.27e-02  -9.0 3.11e+02    -  4.77e-01 1.00e+00h  1
 288 -2.6242637e-01 3.60e+01 4.23e-02  -9.0 2.00e+03    -  9.89e-02 7.87e-01h  1
 289 -2.6242632e-01 2.80e+01 3.46e-02  -9.0 1.06e+03    -  1.80e-01 2.50e-01h  3
iter    objective    inf_pr   inf_du lg(mu)  ||d||  lg(rg) alpha_du alpha_pr  ls
 290 -2.6242634e-01 2.80e+01 3.29e-02  -9.0 3.27e+04    -  5.04e-02 2.97e-03h  5
 291 -2.6242638e-01 2.83e+01 4.31e-02  -9.0 1.50e+04    -  1.02e-01 1.29e-02h  4
 292 -2.6242641e-01 2.41e-01 2.89e-02  -9.0 9.65e+01 -11.4 2.60e-01 1.00e+00h  1
 293 -2.6242693e-01 3.65e+01 1.73e-02  -9.0 2.43e+03    -  1.00e+00 1.00e+00H  1
 294 -2.6242695e-01 3.53e+01 1.65e-02  -9.0 3.78e+03    -  2.69e-02 5.20e-02h  3
 295 -2.6242694e-01 2.41e-01 2.29e-04  -9.0 8.16e+01 -11.9 1.00e+00 1.00e+00h  1
 296 -2.6242698e-01 9.90e-01 1.89e-04  -9.0 2.36e+02 -12.4 1.00e+00 1.00e+00h  1
 297 -2.6242705e-01 6.17e+00 2.05e-03  -9.0 5.86e+02 -12.9 9.59e-01 1.00e+00h  1
Error in an AMPL evaluation. Run with "halt_on_ampl_error yes" to see details.
Warning: Cutting back alpha due to evaluation error
 298 -2.6242704e-01 6.02e+00 6.68e-03  -9.0 3.88e+03    -  1.14e-01 2.49e-02h  5
Error in an AMPL evaluation. Run with "halt_on_ampl_error yes" to see details.
Warning: Cutting back alpha due to evaluation error
 299 -2.6242704e-01 5.99e+00 2.42e-02  -9.0 9.04e+03    -  1.24e-01 5.35e-03h  6
iter    objective    inf_pr   inf_du lg(mu)  ||d||  lg(rg) alpha_du alpha_pr  ls
 300 -2.6242701e-01 1.04e+01 1.26e-02  -9.0 1.08e+03 -13.4 9.24e-02 1.00e+00H  1
 301 -2.6242703e-01 7.11e-03 4.04e-04  -9.0 1.43e+01 -11.1 1.00e+00 1.00e+00h  1
 302 -2.6242724e-01 2.61e+01 2.98e-02  -9.0 1.54e+03    -  3.17e-01 1.00e+00H  1
 303 -2.6242729e-01 8.93e+00 6.83e-03  -9.0 6.26e+02    -  1.00e+00 1.00e+00h  1
 304 -2.6242731e-01 8.86e+00 1.43e-02  -9.0 1.25e+03    -  1.00e+00 2.50e-01h  3
 305 -2.6242730e-01 5.76e-01 3.22e-04  -9.0 1.52e+02    -  1.00e+00 1.00e+00h  1
 306 -2.6242730e-01 8.34e-03 1.99e-06  -9.0 1.98e+01    -  1.00e+00 1.00e+00h  1
 307 -2.6242730e-01 5.02e-06 1.09e-09  -9.0 4.80e-01    -  1.00e+00 1.00e+00h  1
 308 -2.6242730e-01 2.80e-10 1.59e-14  -9.0 1.33e-04    -  1.00e+00 1.00e+00h  1

Number of Iterations....: 308

                                   (scaled)                 (unscaled)
Objective...............:  -2.6242729589463298e-01   -2.6242729589463298e-01
Dual infeasibility......:   1.5931700403370996e-14    1.5931700403370996e-14
Constraint violation....:   2.8029290954217911e-10    2.8029290954217911e-10
Complementarity.........:   9.0909092287323758e-10    9.0909092287323758e-10
Overall NLP error.......:   9.0909092287323758e-10    9.0909092287323758e-10


Number of objective function evaluations             = 582
Number of objective gradient evaluations             = 309
Number of equality constraint evaluations            = 591
Number of inequality constraint evaluations          = 583
Number of equality constraint Jacobian evaluations   = 309
Number of inequality constraint Jacobian evaluations = 309
Number of Lagrangian Hessian evaluations             = 308
Total CPU secs in IPOPT (w/o function evaluations)   =    557.601
Total CPU secs in NLP function evaluations           =     10.360

EXIT: Optimal Solution Found.
