
List of user-set options:

                                    Name   Value                used
                           compl_inf_tol = 1                     yes
                         constr_viol_tol = 1                     yes
                            dual_inf_tol = 1000                  yes
                           linear_solver = ma97                  yes
                              ma86_small = 1e-30                  no
                                  ma86_u = 0.0001                 no
                              ma97_order = best                  yes
                              ma97_small = 1e-30                 yes
                            ma97_switch1 = at_start              yes
                            ma97_switch2 = od_hd_reuse           yes
                                  ma97_u = 1e-06                 yes
                               ma97_umax = 0.5                   yes
                                max_iter = 1000                  yes
                    max_refinement_steps = 20                    yes
                    min_refinement_steps = 5                     yes
                                 mu_init = 1e-06                 yes
           mu_superlinear_decrease_power = 1.25                  yes
                   nlp_scaling_min_value = 1e-08                 yes
                        option_file_name = Preset_Case:_30_NCP.opt  yes
                             output_file = ./tmp/Preset_Case:_30_NCP.output  yes
                      print_user_options = yes                   yes
        required_infeasibility_reduction = 1                      no
                                     tol = 1e-08                 yes
                   warm_start_bound_frac = 1e-20                 yes
                   warm_start_bound_push = 1e-20                 yes
                   warm_start_init_point = yes                   yes
              warm_start_mult_bound_push = 1e-20                 yes
                warm_start_mult_init_max = 1e+40                 yes
             warm_start_slack_bound_frac = 1e-20                 yes
             warm_start_slack_bound_push = 1e-20                 yes

******************************************************************************
This program contains Ipopt, a library for large-scale nonlinear optimization.
 Ipopt is released as open source code under the Eclipse Public License (EPL).
         For more information visit http://projects.coin-or.org/Ipopt
******************************************************************************

This is Ipopt version 3.12.10, running with linear solver ma97.

Number of nonzeros in equality constraint Jacobian...:   117167
Number of nonzeros in inequality constraint Jacobian.:      213
Number of nonzeros in Lagrangian Hessian.............:    47513

Total number of variables............................:    29977
                     variables with only lower bounds:    11312
                variables with lower and upper bounds:    15135
                     variables with only upper bounds:        0
Total number of equality constraints.................:    29864
Total number of inequality constraints...............:       25
        inequality constraints with only lower bounds:        4
   inequality constraints with lower and upper bounds:        0
        inequality constraints with only upper bounds:       21

iter    objective    inf_pr   inf_du lg(mu)  ||d||  lg(rg) alpha_du alpha_pr  ls
   0 -1.8628060e-01 4.53e-01 2.00e+00  -6.0 0.00e+00    -  0.00e+00 0.00e+00   0
In iteration 0, 9 Slacks too small, adjusting variable bounds
   1 -1.8628060e-01 4.53e-01 1.01e+02  -6.0 1.08e+10    -  1.00e-14 6.27e-19h  1
   2 -1.8628081e-01 4.53e-01 6.28e+02  -6.0 4.92e+02    -  1.00e-02 1.60e-05f  1
   3 -1.8628102e-01 4.53e-01 6.27e+02  -6.0 4.20e+02    -  1.26e-03 2.86e-05h  1
   4 -1.8635545e-01 4.48e-01 6.22e+02  -6.0 4.20e+02    -  7.98e-03 1.01e-02h  1
   5 -1.8572191e-01 4.18e-01 1.90e+03  -6.0 2.08e+02    -  1.11e-01 6.61e-02h  1
   6 -1.8525090e-01 3.86e-01 1.87e+03  -6.0 3.05e+02    -  1.07e-01 7.72e-02h  1
   7 -1.8418048e-01 3.64e-01 1.76e+03  -6.0 2.25e+02    -  1.11e-01 5.83e-02h  1
   8 -1.8291597e-01 3.45e-01 6.31e+04  -6.0 1.87e+02    -  1.26e-01 5.07e-02h  3
   9 -1.8111848e-01 3.23e-01 6.15e+04  -6.0 1.55e+02    -  6.77e-02 6.44e-02h  2
iter    objective    inf_pr   inf_du lg(mu)  ||d||  lg(rg) alpha_du alpha_pr  ls
  10 -1.7911739e-01 3.08e-01 1.71e+05  -6.0 8.43e+01    -  2.28e-01 4.64e-02h  3
  11 -1.7750696e-01 2.94e-01 1.95e+05  -6.0 8.54e+01    -  1.02e-01 4.48e-02h  3
  12 -1.7559673e-01 2.81e-01 2.76e+05  -6.0 5.77e+01    -  2.38e-01 4.43e-02h  3
  13 -1.7370211e-01 2.69e-01 3.02e+05  -6.0 5.55e+01    -  1.30e-01 4.39e-02h  3
  14 -1.7184965e-01 2.57e-01 3.74e+05  -6.0 5.37e+01    -  2.52e-01 4.36e-02h  3
  15 -1.6999644e-01 2.45e-01 3.94e+05  -6.0 9.05e+01    -  1.34e-01 4.60e-02h  3
  16 -1.6904636e-01 2.39e-01 4.05e+05  -6.0 1.50e+02    -  9.11e-02 2.53e-02h  4
  17 -1.6829902e-01 2.34e-01 4.09e+05  -6.0 2.02e+02    -  7.63e-02 2.19e-02h  4
  18 -1.6408522e-01 4.63e-01 3.42e+05  -6.0 2.48e+02    -  6.87e-02 1.39e-01w  1
  19 -1.6404440e-01 4.63e-01 3.21e+05  -6.0 3.98e+02    -  1.38e-02 9.18e-04w  1
iter    objective    inf_pr   inf_du lg(mu)  ||d||  lg(rg) alpha_du alpha_pr  ls
  20 -1.6387227e-01 4.61e-01 2.96e+05  -6.0 4.08e+02    -  1.85e-02 4.12e-03w  1
  21 -1.6777230e-01 2.30e-01 4.11e+05  -6.0 4.53e+02    -  6.87e-02 1.73e-02h  3
  22 -1.6732328e-01 2.26e-01 4.09e+05  -6.0 2.59e+02    -  7.61e-02 1.64e-02h  4
  23 -1.6686620e-01 2.22e-01 4.05e+05  -6.0 2.36e+02    -  9.57e-02 1.82e-02h  4
  24 -1.6663032e-01 2.19e-01 4.04e+05  -6.0 2.03e+02    -  1.27e-01 1.04e-02h  5
  25 -1.6646475e-01 2.18e-01 4.14e+05  -6.0 1.43e+02    -  1.05e-01 7.46e-03h  6
  26 -1.6596767e-01 2.16e-01 4.58e+05  -6.0 1.42e+02    -  1.77e-01 7.98e-03h  6
  27 -1.6589632e-01 2.15e-01 5.11e+05  -6.0 1.88e+02    -  1.57e-01 4.63e-03h  7
  28 -1.6584363e-01 2.14e-01 5.49e+05  -6.0 2.71e+02    -  8.64e-02 3.85e-03h  7
  29 -1.6582007e-01 2.14e-01 6.21e+05  -6.0 3.21e+02    -  1.40e-01 1.77e-03h  8
iter    objective    inf_pr   inf_du lg(mu)  ||d||  lg(rg) alpha_du alpha_pr  ls
  30 -1.6578938e-01 2.14e-01 6.51e+05  -6.0 4.40e+02    -  5.19e-02 1.64e-03h  8
  31 -1.6239852e-01 1.12e+01 5.35e+05  -6.0 4.88e+02    -  2.41e-01 2.08e-01w  1
  32 -1.6288074e-01 1.03e+01 4.40e+05  -6.0 3.87e+02  -4.0 1.36e-02 4.95e-02w  1
  33 -1.6058164e-01 1.06e+01 4.06e+05  -6.0 4.33e+03    -  5.61e-03 1.83e-02w  1
  34 -1.6576288e-01 2.13e-01 7.94e+05  -6.0 2.80e+02    -  2.41e-01 1.63e-03h  7
  35 -1.6575783e-01 2.13e-01 8.08e+05  -6.0 8.06e+02    -  2.85e-02 1.18e-03h  7
  36 -1.6575368e-01 2.13e-01 9.20e+05  -6.0 8.43e+02    -  2.09e-01 1.69e-03h  6
  37 -1.6577726e-01 2.12e-01 9.29e+05  -6.0 1.22e+03    -  2.52e-02 2.09e-03h  4
  38 -1.6579909e-01 2.12e-01 9.99e+05  -6.0 1.24e+03    -  1.77e-01 1.70e-03h  4
  39 -1.6584404e-01 2.11e-01 1.01e+06  -6.0 1.60e+03    -  2.68e-02 2.31e-03h  3
iter    objective    inf_pr   inf_du lg(mu)  ||d||  lg(rg) alpha_du alpha_pr  ls
  40 -1.6586894e-01 2.11e-01 1.07e+06  -6.0 1.63e+03    -  1.99e-01 3.17e-03h  3
  41 -1.6586609e-01 2.10e-01 1.07e+06  -6.0 2.02e+03    -  2.60e-02 1.40e-03h  7
  42 -1.6586395e-01 2.10e-01 1.12e+06  -6.0 2.04e+03    -  1.96e-01 1.36e-03h  7
  43 -1.6586911e-01 2.10e-01 1.13e+06  -6.0 2.33e+03    -  2.64e-02 1.25e-03h  7
  44 -1.6626618e-01 1.59e+00 1.08e+06  -6.0 2.32e+03    -  2.47e-01 7.73e-02w  1
  45 -1.6961878e-01 3.69e+00 9.44e+05  -6.0 1.64e+03    -  1.20e-01 1.30e-01w  1
  46 -1.6952790e-01 3.67e+00 9.44e+05  -6.0 4.07e+02  -4.5 2.05e-05 5.11e-03w  1
  47 -1.6587531e-01 2.10e-01 1.19e+06  -6.0 1.42e+04    -  2.47e-01 1.21e-03h  6
  48 -1.6589803e-01 2.09e-01 1.19e+06  -6.0 2.38e+03    -  2.80e-02 1.20e-03h  7
  49 -1.6591024e-01 2.09e-01 1.26e+06  -6.0 2.40e+03    -  2.46e-01 5.85e-04h  8
iter    objective    inf_pr   inf_du lg(mu)  ||d||  lg(rg) alpha_du alpha_pr  ls
  50 -1.6596152e-01 2.09e-01 1.27e+06  -6.0 3.07e+03    -  3.60e-02 9.88e-04h  7
  51 -1.6910683e-01 1.45e+00 1.23e+06  -6.0 3.14e+03    -  1.23e-01 5.58e-02h  1
  52 -1.6908650e-01 1.44e+00 1.16e+06  -6.0 2.73e+03    -  6.47e-02 4.94e-03h  3
  53 -1.6906273e-01 1.44e+00 1.06e+06  -6.0 2.88e+03    -  3.43e-01 5.24e-03h  4
  54 -1.6901648e-01 1.44e+00 1.19e+06  -6.0 4.18e+03    -  3.25e-01 5.46e-03h  6
  55 -1.6898342e-01 1.43e+00 1.35e+06  -6.0 5.32e+03    -  2.71e-01 2.21e-03h  7
  56 -1.6895466e-01 1.43e+00 1.47e+06  -6.0 6.26e+03    -  1.55e-01 1.94e-03h  7
  57 -1.6892832e-01 1.43e+00 1.48e+06  -6.0 6.94e+03    -  1.89e-02 1.63e-03h  7
  58 -1.6889965e-01 1.43e+00 1.65e+06  -6.0 7.31e+03    -  2.29e-01 1.61e-03h  7
  59 -1.6915491e-01 1.49e+00 1.78e+06  -6.0 5.35e+02  -5.0 1.42e-01 2.13e-02h  1
iter    objective    inf_pr   inf_du lg(mu)  ||d||  lg(rg) alpha_du alpha_pr  ls
  60 -1.6934832e-01 1.94e+00 1.68e+06  -6.0 1.22e+03  -5.4 1.10e-03 5.50e-02h  1
  61r-1.6934832e-01 1.94e+00 1.00e+03  -0.2 0.00e+00  -5.9 0.00e+00 3.47e-07R  3
  62r-1.6937084e-01 1.94e+00 1.00e+03  -0.2 1.93e+06    -  6.92e-07 8.81e-08f  1
  63 -1.6936640e-01 1.94e+00 1.85e+02  -6.0 8.48e+01    -  2.36e-06 4.37e-04h  1
  64 -1.6927668e-01 1.92e+00 2.34e+05  -6.0 8.34e+01    -  1.27e-01 8.90e-03h  1
  65 -1.6918117e-01 1.91e+00 2.33e+05  -6.0 1.21e+02    -  9.03e-03 7.48e-03h  4
  66 -1.6912634e-01 1.90e+00 3.24e+05  -6.0 1.22e+02    -  1.53e-01 4.22e-03h  5
  67 -1.6912380e-01 1.90e+00 3.32e+05  -6.0 1.09e+02    -  2.35e-02 1.66e-04h 11
  68 -1.6912313e-01 1.90e+00 3.33e+05  -6.0 1.09e+02    -  1.19e-03 4.43e-05h 13
  69 -1.6631781e-01 1.56e+00 2.72e+05  -6.0 1.08e+02    -  1.83e-01 1.83e-01s 20
iter    objective    inf_pr   inf_du lg(mu)  ||d||  lg(rg) alpha_du alpha_pr  ls
  70 -1.6558182e-01 1.50e+00 2.61e+05  -6.0 8.24e+01    -  4.26e-02 4.26e-02s 20
  71 -1.6308141e-01 1.45e+00 2.30e+05  -6.0 8.66e+01    -  1.17e-01 1.17e-01s 20
  72 -1.6217855e-01 1.30e+00 2.08e+05  -6.0 7.56e+01    -  9.50e-02 9.50e-02s 20
  73 -1.6129862e-01 1.16e+00 1.89e+05  -6.0 6.61e+01    -  9.23e-02 9.23e-02s 20
  74 -1.6125601e-01 1.15e+00 1.88e+05  -6.0 1.28e+02    -  5.06e-03 5.06e-03s 20
  75 -1.6116417e-01 1.14e+00 1.86e+05  -6.0 1.29e+02    -  1.10e-02 1.10e-02s 20
  76 -1.6086617e-01 1.10e+00 1.79e+05  -6.0 1.28e+02    -  3.66e-02 3.66e-02s 20
  77 -1.6033531e-01 1.03e+00 1.67e+05  -6.0 1.24e+02    -  6.97e-02 6.97e-02s 20
  78 -1.5962943e-01 9.27e-01 1.50e+05  -6.0 1.10e+02    -  1.01e-01 1.01e-01s 20
  79 -1.5934346e-01 8.86e-01 1.43e+05  -6.0 8.46e+01    -  4.43e-02 4.43e-02s 20
iter    objective    inf_pr   inf_du lg(mu)  ||d||  lg(rg) alpha_du alpha_pr  ls
  80r-1.5934346e-01 8.86e-01 1.00e+03  -0.6 0.00e+00    -  0.00e+00 0.00e+00R  1
  81r-1.6676492e-01 8.82e-01 1.00e+03  -0.6 2.60e+05    -  2.83e-06 3.37e-06f  1
  82 -1.6662840e-01 8.75e-01 2.29e+03  -6.0 4.13e+01    -  3.73e-06 8.54e-03h  1
  83 -1.6642789e-01 8.64e-01 2.27e+03  -6.0 4.37e+01    -  3.80e-02 1.24e-02h  1
  84 -1.6494227e-01 7.89e-01 2.06e+03  -6.0 4.29e+01    -  2.68e-02 9.23e-02h  1
  85 -1.6399713e-01 7.39e-01 1.93e+03  -6.0 3.74e+01    -  7.99e-02 6.59e-02h  1
  86 -1.5788821e-01 4.75e-01 1.03e+03  -6.0 3.75e+01    -  2.97e-01 4.67e-01h  1
  87 -1.5404539e-01 1.85e-01 3.90e+02  -6.0 2.50e+01    -  3.42e-01 6.21e-01h  1
  88 -1.5235115e-01 3.60e-02 1.17e+02  -6.0 8.18e+00    -  4.88e-01 8.01e-01h  1
  89 -1.5216713e-01 1.47e-02 6.15e+01  -6.0 1.69e+00    -  8.32e-01 5.92e-01h  1
iter    objective    inf_pr   inf_du lg(mu)  ||d||  lg(rg) alpha_du alpha_pr  ls
  90 -1.5228423e-01 8.05e-04 3.99e+01  -6.0 3.09e+00    -  1.23e-01 1.00e+00f  1
  91 -1.5249369e-01 7.22e-04 1.77e+01  -6.0 7.87e+00    -  5.83e-01 1.12e-01h  1
  92 -1.5486742e-01 1.12e-02 1.31e+01  -6.0 1.28e+01    -  1.04e-01 1.00e+00f  1
  93 -1.5734228e-01 8.79e-03 3.13e+00  -6.0 1.93e+01    -  7.90e-01 5.84e-01h  1
  94 -1.7151725e-01 2.01e-01 1.62e+01  -6.0 8.04e+01    -  2.36e-01 7.76e-01h  1
  95 -1.7498100e-01 3.28e-01 1.39e+04  -6.0 6.64e+01    -  1.20e-01 4.28e-01h  1
  96 -1.7600113e-01 3.15e-01 1.02e+04  -6.0 1.69e+02  -6.4 1.88e-01 3.44e-02h  1
  97 -1.8226174e-01 2.66e-01 3.40e+03  -6.0 2.71e+02    -  2.16e-01 1.29e-01f  1
  98 -1.8640856e-01 2.47e-01 1.20e+03  -6.0 1.66e+02    -  2.37e-01 1.22e-01h  1
  99 -1.8833819e-01 2.64e-01 6.60e+03  -6.0 1.83e+02    -  4.04e-04 1.39e-01h  1
iter    objective    inf_pr   inf_du lg(mu)  ||d||  lg(rg) alpha_du alpha_pr  ls
 100 -1.9454325e-01 7.12e-01 2.88e+04  -6.0 1.94e+02    -  5.25e-02 4.78e-01f  1
 101 -1.9567863e-01 6.55e-01 1.40e+04  -6.0 2.25e+02    -  1.91e-01 1.14e-01h  1
 102 -1.9985262e-01 7.20e-01 5.63e+03  -6.0 1.03e+02    -  2.97e-01 4.18e-01h  1
 103 -2.0052617e-01 5.85e-01 4.32e+02  -6.0 1.16e+02    -  5.59e-01 1.31e-01h  1
 104 -2.0373250e-01 3.63e+00 2.14e+02  -6.0 1.88e+02    -  4.71e-01 3.46e-01h  1
 105 -2.0682721e-01 9.28e+00 1.74e+02  -6.0 4.89e+02    -  7.54e-02 4.05e-01h  1
 106 -2.0711789e-01 9.07e+00 1.44e+02  -6.0 7.15e+02    -  2.81e-01 2.09e-02h  1
 107 -2.0944415e-01 4.88e+00 8.27e+01  -6.0 3.49e+02    -  3.92e-01 4.66e-01h  1
 108 -2.1037825e-01 4.30e+00 7.54e+01  -6.0 6.82e+02    -  2.67e-03 1.20e-01h  1
 109 -2.1353299e-01 3.43e+00 1.75e+03  -6.0 6.31e+02    -  3.77e-01 5.50e-01h  1
iter    objective    inf_pr   inf_du lg(mu)  ||d||  lg(rg) alpha_du alpha_pr  ls
 110 -2.1589977e-01 2.68e+00 9.45e+02  -6.0 6.01e+02    -  3.85e-01 2.84e-01h  1
 111 -2.1695731e-01 6.25e-01 1.70e+04  -6.0 1.61e+02  -6.9 3.14e-02 8.51e-01h  1
 112 -2.1942969e-01 1.15e+00 1.28e+04  -6.0 8.03e+02    -  3.77e-02 2.93e-01h  1
 113 -2.2094428e-01 6.23e-01 5.27e+03  -6.0 7.40e+01  -7.3 4.82e-01 6.45e-01h  1
 114 -2.2135922e-01 2.62e-01 1.72e+03  -6.0 1.24e+01  -6.0 7.08e-01 6.49e-01h  1
 115 -2.2236894e-01 5.69e-01 7.56e+02  -6.0 4.09e+01  -6.5 8.04e-02 7.72e-01h  1
 116 -2.2248982e-01 1.33e-02 2.02e+02  -6.0 8.34e-01  -4.3 5.76e-01 1.00e+00h  1
 117 -2.2251314e-01 1.05e-02 7.77e+00  -6.0 8.09e-01  -4.7 1.00e+00 2.14e-01h  1
 118 -2.2268577e-01 2.46e-02 9.57e+00  -6.0 4.15e+00  -5.2 5.16e-01 4.00e-01f  1
 119 -2.2277650e-01 1.77e-02 1.65e+01  -6.0 1.70e+00  -4.8 1.00e+00 3.48e-01f  1
iter    objective    inf_pr   inf_du lg(mu)  ||d||  lg(rg) alpha_du alpha_pr  ls
 120 -2.2293650e-01 1.70e-02 2.73e+01  -6.0 2.07e+01  -5.3 1.36e-01 5.83e-02h  1
 121 -2.2389269e-01 1.18e+00 1.96e+03  -6.0 1.00e+01  -5.7 2.90e-01 9.95e-01f  1
 122 -2.2412526e-01 1.11e+00 1.40e+03  -6.0 1.91e+01  -5.3 9.50e-02 6.05e-02h  1
 123 -2.2432053e-01 9.96e-01 8.37e+03  -6.0 7.92e+00  -5.8 1.00e+00 1.67e-01h  1
 124 -2.2486026e-01 2.35e+00 5.91e+03  -6.0 2.12e+01  -6.3 2.93e-01 2.93e-01h  1
 125 -2.2607898e-01 1.74e+01 5.42e+03  -6.0 4.79e+01  -6.7 5.07e-01 3.70e-01h  1
 126 -2.2634466e-01 1.72e+01 9.37e+03  -6.0 1.07e+02  -7.2 2.86e-01 5.74e-02h  1
 127 -2.2765871e-01 1.37e+01 1.05e+04  -6.0 2.85e+02  -7.7 3.40e-01 1.86e-01h  1
 128 -2.2766432e-01 1.36e+01 9.99e+03  -6.0 1.12e+03  -8.2 7.29e-03 3.29e-04h  1
 129 -2.2743669e-01 1.35e+01 1.00e+04  -6.0 3.08e+03  -8.7 7.86e-03 1.08e-02h  5
iter    objective    inf_pr   inf_du lg(mu)  ||d||  lg(rg) alpha_du alpha_pr  ls
 130 -2.2808388e-01 1.26e+01 5.24e+03  -6.0 5.81e+02  -8.2 4.79e-01 6.51e-02h  1
 131 -2.2961063e-01 1.16e+01 1.73e+03  -6.0 2.19e+03  -8.7 1.38e-01 8.18e-02h  1
 132 -2.2977787e-01 1.12e+01 8.51e+03  -6.0 2.98e+02  -8.3 7.65e-02 3.75e-02h  1
 133 -2.3041953e-01 1.03e+01 1.20e+03  -6.0 1.14e+03  -8.8 5.18e-01 7.94e-02h  1
 134 -2.3352584e-01 1.53e+00 6.40e+04  -6.0 3.16e+02  -8.3 9.87e-02 9.00e-01h  1
 135 -2.3662229e-01 1.12e+01 5.18e+04  -6.0 4.86e+03  -8.8 3.31e-01 1.90e-01h  1
 136 -2.3733335e-01 1.39e+01 5.02e+04  -6.0 3.64e+03  -8.4 1.28e-01 3.05e-02h  1
 137 -2.3798556e-01 1.38e+01 4.73e+04  -6.0 9.56e+02  -8.9 1.82e-01 5.87e-02h  1
 138 -2.3902273e-01 1.35e+01 4.60e+04  -6.0 1.76e+04  -9.3 2.08e-02 2.71e-02h  1
 139 -2.3926602e-01 1.30e+01 4.44e+04  -6.0 7.51e+02  -8.9 1.87e-01 3.52e-02h  1
iter    objective    inf_pr   inf_du lg(mu)  ||d||  lg(rg) alpha_du alpha_pr  ls
 140 -2.4098143e-01 1.40e+01 4.24e+04  -6.0 1.52e+04  -9.4 1.62e-02 4.38e-02h  1
 141 -2.4371488e-01 1.32e+01 2.44e+04  -6.0 1.12e+03  -9.0 5.42e-02 4.25e-01h  1
 142 -2.4476095e-01 1.10e+01 1.99e+04  -6.0 1.56e+03  -9.4 4.70e-02 1.83e-01h  1
 143 -2.4628356e-01 1.19e+01 1.58e+04  -6.0 1.76e+03  -9.0 1.08e-01 2.09e-01h  1
 144 -2.4720777e-01 1.29e+01 1.47e+04  -6.0 4.25e+03  -9.5 6.48e-02 6.52e-02h  1
 145 -2.4849499e-01 1.00e+01 1.11e+04  -6.0 2.58e+03 -10.0 1.80e-01 2.50e-01h  1
 146 -2.4975891e-01 7.15e+00 7.58e+03  -6.0 7.78e+02  -9.5 3.33e-02 3.14e-01h  1
 147 -2.5391384e-01 5.12e+00 2.53e+02  -6.0 1.02e+03 -10.0 4.62e-01 9.63e-01h  1
 148 -2.5364683e-01 2.43e+00 1.16e+02  -6.0 7.28e+02  -9.6 2.09e-01 5.28e-01h  1
 149 -2.5364916e-01 2.42e+00 1.20e+02  -6.0 2.02e+02  -8.3 6.19e-01 5.64e-03h  1
iter    objective    inf_pr   inf_du lg(mu)  ||d||  lg(rg) alpha_du alpha_pr  ls
 150 -2.5354850e-01 1.32e+00 6.62e+01  -6.0 1.05e+02  -8.7 7.01e-01 4.55e-01h  1
 151 -2.5365591e-01 2.26e-01 1.02e+01  -6.0 1.60e+02  -9.2 2.36e-01 1.00e+00h  1
 152 -2.5363865e-01 1.50e-03 4.63e+00  -6.0 2.70e+00  -6.1 8.60e-01 1.00e+00h  1
 153 -2.5363379e-01 4.80e-04 1.33e-02  -6.0 1.94e+00  -6.6 1.00e+00 1.00e+00h  1
 154 -2.5363216e-01 5.24e-04 4.30e-02  -6.0 1.63e+00  -7.0 1.00e+00 9.79e-01h  1
 155 -2.5363196e-01 1.11e-04 1.32e-02  -6.0 3.71e+00  -7.5 1.00e+00 1.00e+00f  1
 156 -2.5364497e-01 3.28e-04 2.69e-03  -6.0 9.29e+00  -8.0 1.00e+00 1.00e+00h  1
 157 -2.5368096e-01 1.71e-03 5.30e-03  -6.0 2.60e+01  -8.5 1.00e+00 1.00e+00h  1
 158 -2.5374407e-01 1.06e-02 1.43e-02  -6.0 6.92e+01  -8.9 1.00e+00 1.00e+00h  1
 159 -2.5381343e-01 6.99e-02 2.21e-02  -6.0 1.74e+02  -9.4 1.00e+00 1.00e+00h  1
iter    objective    inf_pr   inf_du lg(mu)  ||d||  lg(rg) alpha_du alpha_pr  ls
 160 -2.5389051e-01 6.01e-01 1.53e-01  -6.0 4.38e+02  -9.9 1.00e+00 1.00e+00h  1
 161 -2.5391646e-01 8.17e-02 5.34e-02  -6.0 1.61e+02  -9.5 1.00e+00 1.00e+00h  1
 162 -2.5408188e-01 1.02e+01 2.77e+01  -6.0 3.85e+03  -9.9 8.47e-01 1.00e+00h  1
 163 -2.5457438e-01 9.67e+00 2.27e+01  -6.0 1.35e+04 -10.4 1.22e-01 9.25e-02h  1
 164 -2.5481056e-01 9.38e+00 2.18e+01  -6.0 4.36e+03 -10.0 5.55e-02 2.97e-02h  1
 165 -2.5528579e-01 9.28e+00 2.15e+01  -6.0 2.51e+04 -10.5 1.59e-03 1.12e-02h  1
 166 -2.5741824e-01 1.07e+01 5.66e+01  -6.0 2.83e+04 -10.1 4.64e-03 4.26e-02h  1
 167 -2.5762894e-01 1.06e+01 4.75e+01  -6.0 1.89e+04 -10.5 3.30e-02 1.84e-02h  1
 168 -2.5769039e-01 1.04e+01 4.14e+01  -6.0 4.02e+03 -11.0 4.30e-01 5.54e-02h  1
 169 -2.5799354e-01 2.26e+01 3.50e+01  -6.0 1.51e+04 -11.5 3.50e-02 8.56e-02h  1
iter    objective    inf_pr   inf_du lg(mu)  ||d||  lg(rg) alpha_du alpha_pr  ls
 170 -2.5799900e-01 2.22e+01 3.38e+01  -6.0 2.88e+02  -6.5 2.23e-04 1.83e-02h  1
 171 -2.5798090e-01 2.17e+01 3.30e+01  -6.0 1.73e+02  -6.1 7.22e-03 2.15e-02h  1
 172 -2.5828211e-01 1.94e+01 2.74e+01  -6.0 6.26e+01  -6.6 3.58e-04 1.07e-01f  1
 173 -2.5835369e-01 1.87e+01 2.71e+01  -6.0 1.60e+02  -7.1 1.22e-03 3.48e-02h  1
 174 -2.5838346e-01 1.84e+01 3.32e+01  -6.0 1.68e+02  -7.5 2.70e-01 1.43e-02h  1
 175 -2.5870445e-01 1.57e+01 2.76e+01  -6.0 3.71e+02  -8.0 1.28e-01 1.47e-01h  1
 176 -2.5885741e-01 2.98e+01 2.75e+01  -6.0 1.60e+05    -  7.55e-03 6.68e-03h  1
 177 -2.5908522e-01 2.46e+01 2.20e+01  -6.0 2.68e+02  -8.5 1.37e-01 1.73e-01h  1
 178 -2.5934099e-01 1.90e+01 2.13e+01  -6.0 2.85e+02  -9.0 4.33e-02 2.30e-01h  1
 179 -2.5994218e-01 5.36e+00 6.80e+01  -6.0 6.18e+02  -9.5 1.95e-01 7.94e-01h  1
iter    objective    inf_pr   inf_du lg(mu)  ||d||  lg(rg) alpha_du alpha_pr  ls
 180 -2.5992562e-01 5.28e+00 6.47e+03  -6.0 7.81e+02  -7.2 2.14e-03 1.49e-02h  1
 181 -2.5992690e-01 4.55e+00 5.57e+03  -6.0 1.01e+02  -7.7 1.58e-01 1.38e-01h  1
 182 -2.5993318e-01 4.43e+00 6.17e+03  -6.0 1.85e+02  -8.2 7.13e-02 2.60e-02h  1
 183 -2.5995019e-01 4.06e+00 5.57e+03  -6.0 6.44e+01  -7.7 4.51e-01 8.32e-02h  1
 184 -2.6001962e-01 3.16e+00 4.38e+03  -6.0 1.61e+02  -7.3 3.81e-01 2.21e-01h  1
 185 -2.6017416e-01 1.33e+00 1.83e+03  -6.0 1.35e+02  -6.9 6.67e-01 5.81e-01h  1
 186 -2.6020715e-01 1.12e+00 1.55e+03  -6.0 6.89e+01  -7.4 5.16e-01 1.57e-01h  1
 187 -2.6022298e-01 9.89e-01 1.37e+03  -6.0 9.80e+01  -7.9 7.54e-02 1.15e-01h  1
 188 -2.6028317e-01 6.63e-01 9.17e+02  -6.0 3.42e+01  -7.4 1.46e-02 3.30e-01h  1
 189 -2.6037045e-01 5.88e-01 8.14e+02  -6.0 2.19e+02  -7.9 1.57e-01 1.13e-01h  1
iter    objective    inf_pr   inf_du lg(mu)  ||d||  lg(rg) alpha_du alpha_pr  ls
 190 -2.6035377e-01 5.05e-01 6.99e+02  -6.0 1.88e+01  -6.6 5.60e-02 1.41e-01h  1
 191 -2.6034255e-01 4.20e-01 5.81e+02  -6.0 9.06e+00  -7.1 2.05e-01 1.69e-01f  1
 192 -2.6032709e-01 3.71e-01 5.14e+02  -6.0 1.31e+01  -7.5 2.18e-01 1.17e-01h  1
 193 -2.6021907e-01 7.33e-02 1.48e+02  -6.0 1.14e+01  -8.0 6.96e-01 8.03e-01h  1
 194 -2.6029508e-01 8.79e-02 3.82e+02  -6.0 5.21e+01  -8.5 6.31e-01 8.60e-01h  1
 195 -2.6031698e-01 3.50e-01 1.33e+05  -6.0 1.07e+02  -9.0 1.60e-02 5.42e-01f  1
 196 -2.6031786e-01 7.36e-01 1.01e+05  -6.0 3.02e+02  -9.4 3.22e-01 2.38e-01h  1
 197 -2.6028708e-01 2.23e+00 2.12e+04  -6.0 4.40e+02  -9.9 6.37e-01 7.91e-01h  1
 198 -2.6008967e-01 4.22e-01 4.47e+01  -6.0 1.52e+02  -9.5 5.73e-01 1.00e+00h  1
 199 -2.5999259e-01 1.94e+00 1.47e+01  -6.0 4.62e+02 -10.0 5.58e-01 7.02e-01h  1
iter    objective    inf_pr   inf_du lg(mu)  ||d||  lg(rg) alpha_du alpha_pr  ls
 200 -2.5997077e-01 1.39e+01 4.29e+01  -6.0 2.27e+03 -10.4 1.64e-01 3.75e-01h  1
 201 -2.5993294e-01 8.63e+00 2.36e+01  -6.0 3.71e+02 -10.0 4.63e-01 4.01e-01h  1
 202 -2.5992769e-01 7.97e+00 2.18e+01  -6.0 1.56e+03 -10.5 7.73e-02 7.80e-02h  1
 203 -2.5992697e-01 7.59e+00 1.05e+02  -6.0 3.63e+03 -11.0 4.85e-01 4.74e-02h  1
 204 -2.5991565e-01 9.44e+00 1.01e+02  -6.0 4.15e+04 -11.4 6.88e-02 2.01e-02h  2
 205 -2.5983920e-01 4.98e+01 7.23e+01  -6.0 4.87e+03 -11.0 2.68e-01 3.86e-01h  1
 206 -2.5983012e-01 4.56e+01 1.69e+02  -6.0 2.30e+03    -  1.65e-01 9.57e-02h  1
 207 -2.5982299e-01 2.27e+01 9.27e+02  -6.0 8.63e+02    -  1.78e-01 5.06e-01h  1
 208 -2.5980585e-01 1.34e+01 5.62e+02  -6.0 9.56e+02    -  5.34e-01 4.11e-01h  1
 209 -2.5980549e-01 1.29e+01 5.41e+02  -6.0 1.45e+03 -10.6 3.38e-02 3.69e-02h  1
iter    objective    inf_pr   inf_du lg(mu)  ||d||  lg(rg) alpha_du alpha_pr  ls
 210 -2.5978357e-01 4.60e-01 1.78e-01  -6.0 2.34e+02    -  1.00e+00 1.00e+00h  1
 211 -2.5978384e-01 6.90e-01 1.85e+01  -6.0 1.08e+03    -  1.00e+00 1.05e-01h  2
 212 -2.5978360e-01 5.03e-01 2.41e+01  -6.0 1.14e+03    -  1.00e+00 8.12e-02h  2
 213 -2.5978327e-01 6.91e-01 9.90e+00  -6.0 5.86e+02    -  1.00e+00 2.86e-01h  2
 214 -2.5978335e-01 1.62e+00 6.21e+01  -6.0 3.33e+03    -  9.76e-01 8.72e-02h  2
 215 -2.5978245e-01 1.38e+00 3.33e+01  -6.0 4.79e+02    -  4.94e-01 3.31e-01h  2
 216 -2.5978438e-01 8.69e-02 6.54e+00  -6.0 8.80e+01    -  8.11e-01 1.00e+00h  1
 217 -2.5978542e-01 3.51e-03 6.50e-04  -6.0 1.75e+01    -  1.00e+00 1.00e+00h  1
 218 -2.5978551e-01 2.99e-04 1.00e-05  -6.0 5.09e+00    -  1.00e+00 1.00e+00h  1
 219 -2.5978551e-01 6.81e-09 5.06e-10  -6.0 2.40e-02    -  1.00e+00 1.00e+00h  1
iter    objective    inf_pr   inf_du lg(mu)  ||d||  lg(rg) alpha_du alpha_pr  ls
 220 -2.6041233e-01 2.86e+00 4.03e+01  -7.5 2.87e+03    -  4.38e-01 2.97e-01f  1
 221 -2.6061371e-01 3.14e+00 2.09e+01  -7.5 2.89e+03    -  1.12e-01 1.86e-01h  1
 222 -2.6072604e-01 2.99e+00 6.22e+01  -7.5 2.45e+03    -  4.45e-01 1.34e-01h  1
 223 -2.6089634e-01 3.33e+00 4.25e+01  -7.5 2.44e+03    -  1.48e-01 2.36e-01h  1
 224 -2.6091069e-01 3.23e+00 1.73e+02  -7.5 4.99e+02 -10.2 8.08e-01 3.15e-02h  1
 225 -2.6122303e-01 1.73e+01 4.42e+01  -7.5 2.35e+03    -  3.33e-02 5.81e-01h  1
 226 -2.6130561e-01 1.18e+01 1.97e+01  -7.5 1.18e+03    -  1.01e-01 3.19e-01h  1
 227 -2.6131342e-01 1.07e+01 3.65e+01  -7.5 8.84e+02    -  5.03e-01 8.96e-02h  1
 228 -2.6133607e-01 6.51e+00 2.07e+01  -7.5 6.92e+02    -  3.35e-01 3.95e-01h  1
 229 -2.6134178e-01 2.76e+00 9.60e+00  -7.5 2.25e+02 -10.6 6.68e-01 5.91e-01h  1
iter    objective    inf_pr   inf_du lg(mu)  ||d||  lg(rg) alpha_du alpha_pr  ls
 230 -2.6134666e-01 2.01e+00 9.67e+00  -7.5 3.55e+02 -11.1 1.00e+00 3.11e-01h  1
 231 -2.6134674e-01 1.95e+00 9.37e+00  -7.5 4.43e+03    -  1.13e-01 3.22e-02h  2
 232 -2.6134721e-01 1.73e+00 5.31e+00  -7.5 5.30e+02    -  3.04e-01 4.35e-01h  1
 233 -2.6134736e-01 3.09e+00 6.36e-01  -7.5 3.16e+02    -  1.01e-02 1.00e+00h  1
 234 -2.6134717e-01 1.68e-03 4.04e-01  -7.5 8.58e+00    -  3.21e-01 1.00e+00h  1
 235 -2.6134717e-01 7.91e-05 6.37e-08  -7.5 2.17e+00  -9.8 1.00e+00 1.00e+00h  1
 236 -2.6134717e-01 3.45e-04 2.83e-07  -7.5 4.59e+00 -10.3 1.00e+00 1.00e+00h  1
 237 -2.6134716e-01 3.01e-03 2.88e-06  -7.5 1.40e+01 -10.7 1.00e+00 1.00e+00h  1
 238 -2.6134716e-01 2.62e-02 3.01e-05  -7.5 4.53e+01 -11.2 1.00e+00 1.00e+00h  1
 239 -2.6134713e-01 2.81e+00 2.79e-02  -7.5 2.96e+02 -11.7 7.79e-01 1.00e+00h  1
iter    objective    inf_pr   inf_du lg(mu)  ||d||  lg(rg) alpha_du alpha_pr  ls
 240 -2.6134726e-01 8.78e+00 3.87e-01  -7.5 1.44e+03 -12.2 6.95e-01 1.00e+00H  1
 241 -2.6134742e-01 1.31e+01 8.92e-01  -7.5 7.01e+03 -12.7 3.62e-01 8.95e-02h  3
 242 -2.6134761e-01 1.71e+01 1.81e+00  -7.5 2.55e+04 -13.1 1.44e-01 2.23e-02h  3
 243 -2.6134818e-01 2.91e+01 1.16e+00  -7.5 2.65e+03    -  1.00e+00 4.53e-01h  2
 244 -2.6134898e-01 3.32e+01 6.13e-01  -7.5 2.28e+03    -  2.41e-01 4.94e-01h  2
 245 -2.6134891e-01 1.23e+00 6.38e-01  -7.5 3.21e+02    -  5.78e-01 1.00e+00h  1
 246 -2.6134915e-01 3.10e+00 1.95e-02  -7.5 3.17e+02    -  9.25e-01 1.00e+00h  1
 247 -2.6134917e-01 6.46e-03 2.42e-02  -7.5 1.87e+01    -  3.47e-01 1.00e+00h  1
 248 -2.6135002e-01 1.75e+01 5.80e-01  -7.5 5.83e+03 -11.8 3.30e-01 1.86e-01h  2
 249 -2.6135073e-01 1.81e+01 5.62e-01  -7.5 1.54e+03    -  1.00e+00 5.00e-01h  2
iter    objective    inf_pr   inf_du lg(mu)  ||d||  lg(rg) alpha_du alpha_pr  ls
 250 -2.6135094e-01 6.00e-01 5.87e-03  -7.5 1.75e+02    -  1.00e+00 1.00e+00h  1
 251 -2.6135091e-01 1.57e-02 1.91e-04  -7.5 3.16e+01    -  1.00e+00 1.00e+00h  1
 252 -2.6135091e-01 1.90e-07 5.87e-09  -7.5 1.24e-01    -  1.00e+00 1.00e+00h  1
 253 -2.6135294e-01 2.99e+00 4.06e+00  -9.0 2.03e+03    -  4.68e-01 2.11e-01h  1
 254 -2.6135586e-01 5.86e+01 1.21e+00  -9.0 4.13e+03    -  3.30e-01 4.52e-01h  1
 255 -2.6135697e-01 4.01e+01 3.40e+00  -9.0 1.52e+03    -  1.83e-01 5.33e-01h  1
 256 -2.6135754e-01 7.35e+00 1.96e+01  -9.0 3.49e+02    -  6.66e-02 8.70e-01h  1
 257 -2.6135786e-01 2.99e+00 8.70e-01  -9.0 3.88e+02 -11.4 7.96e-01 1.00e+00h  1
 258 -2.6135913e-01 5.10e+01 7.49e-01  -9.0 4.39e+03    -  1.43e-01 3.62e-01h  1
 259 -2.6135888e-01 6.91e-02 9.12e+00  -9.0 7.47e+01 -11.9 2.66e-01 1.00e+00h  1
iter    objective    inf_pr   inf_du lg(mu)  ||d||  lg(rg) alpha_du alpha_pr  ls
 260 -2.6135997e-01 4.83e+01 6.42e+00  -9.0 4.79e+03 -12.3 2.90e-01 3.16e-01h  1
Error in an AMPL evaluation. Run with "halt_on_ampl_error yes" to see details.
Warning: Cutting back alpha due to evaluation error
 261 -2.6135983e-01 3.71e+01 5.52e+01  -9.0 1.53e+03 -12.8 9.97e-03 4.17e-01h  2
 262 -2.6135990e-01 3.64e+01 5.44e+01  -9.0 4.14e+03 -13.3 9.19e-02 2.78e-02h  4
 263 -2.6136055e-01 4.68e+01 4.36e+01  -9.0 9.61e+03 -13.8 8.14e-02 1.66e-01h  1
 264 -2.6136046e-01 4.60e+01 4.92e+01  -9.0 5.43e+03 -12.4 2.43e-03 3.38e-02h  3
 265 -2.6136065e-01 4.52e+01 4.88e+01  -9.0 4.89e+03 -12.9 9.61e-02 5.34e-02h  1
 266 -2.6136065e-01 4.50e+01 4.08e+01  -9.0 1.33e+03 -12.5 4.18e-01 4.19e-03h  1
 267 -2.6136167e-01 7.44e+01 2.05e+04  -9.0 4.28e+03 -13.0 2.23e-05 6.46e-01H  1
 268 -2.6136167e-01 6.87e+01 1.86e+04  -9.0 7.39e+03 -13.4 1.18e-01 9.44e-02h  3
 269 -2.6136208e-01 6.56e+01 1.54e+04  -9.0 4.57e+03 -13.0 2.10e-01 1.69e-01h  1
iter    objective    inf_pr   inf_du lg(mu)  ||d||  lg(rg) alpha_du alpha_pr  ls
 270 -2.6136217e-01 6.40e+01 1.51e+04  -9.0 1.38e+04 -13.5 1.77e-01 2.39e-02h  4
 271 -2.6136381e-01 7.03e+01 1.23e+00  -9.0 2.18e+03 -13.1 3.16e-01 1.00e+00h  1
 272 -2.6136383e-01 7.03e+01 1.21e+00  -9.0 8.79e+04 -13.5 1.78e-02 7.30e-04h  5
 273 -2.6136400e-01 6.56e+01 1.14e+00  -9.0 3.66e+03 -13.1 5.04e-02 7.07e-02h  1
 274 -2.6136408e-01 6.50e+01 1.06e+00  -9.0 2.44e+04 -13.6 9.17e-02 9.62e-03h  3
 275 -2.6136422e-01 6.33e+01 8.09e-01  -9.0 1.50e+04    -  3.54e-01 2.69e-02h  2
 276 -2.6136494e-01 5.38e+01 6.24e-01  -9.0 3.03e+03    -  1.48e-01 3.29e-01h  1
 277 -2.6136588e-01 4.25e+01 7.82e-01  -9.0 2.00e+03    -  2.50e-02 4.91e-01h  1
 278 -2.6136599e-01 4.07e+01 1.14e+00  -9.0 2.75e+03    -  5.65e-01 5.15e-02h  1
 279 -2.6136784e-01 6.08e+01 2.13e-02  -9.0 1.94e+03    -  1.00e+00 1.00e+00h  1
iter    objective    inf_pr   inf_du lg(mu)  ||d||  lg(rg) alpha_du alpha_pr  ls
 280 -2.6136842e-01 4.57e+01 8.01e+00  -9.0 1.74e+03    -  1.62e-02 3.84e-01h  1
 281 -2.6136933e-01 3.76e+01 6.15e+00  -9.0 1.67e+03    -  4.32e-02 6.36e-01h  1
 282 -2.6137034e-01 3.96e+01 4.23e+01  -9.0 1.37e+03    -  3.04e-02 1.00e+00h  1
 283 -2.6137050e-01 4.04e+01 4.02e+01  -9.0 5.62e+03    -  1.66e-01 7.15e-02h  1
 284 -2.6137083e-01 3.96e+01 2.85e+01  -9.0 2.70e+03    -  1.22e-01 3.52e-01h  1
 285 -2.6137096e-01 3.46e+01 2.48e+01  -9.0 3.48e+03    -  8.65e-02 1.27e-01h  1
 286 -2.6137114e-01 3.10e+01 1.99e+01  -9.0 1.92e+03    -  7.69e-02 2.29e-01h  1
 287 -2.6137129e-01 4.16e+01 2.78e+01  -9.0 1.43e+03    -  3.61e-02 9.21e-01h  1
 288 -2.6137107e-01 9.43e+00 3.11e+00  -9.0 6.68e+02    -  1.62e-02 1.00e+00h  1
 289 -2.6137120e-01 1.57e+00 5.84e-01  -9.0 2.52e+02 -12.3 7.92e-01 1.00e+00h  1
iter    objective    inf_pr   inf_du lg(mu)  ||d||  lg(rg) alpha_du alpha_pr  ls
 290 -2.6137132e-01 7.00e+00 4.03e-01  -9.0 6.62e+03    -  2.83e-01 7.39e-02h  1
 291 -2.6137138e-01 4.42e+00 4.18e-02  -9.0 7.99e+02    -  1.00e+00 3.80e-01h  1
 292 -2.6137138e-01 5.24e-02 4.44e-04  -9.0 4.23e+01    -  1.00e+00 1.00e+00h  1
 293 -2.6137138e-01 3.41e-04 1.31e-07  -9.0 3.76e+00    -  1.00e+00 1.00e+00h  1
 294 -2.6137138e-01 1.00e-08 2.12e-12  -9.0 2.01e-02    -  1.00e+00 1.00e+00h  1

Number of Iterations....: 294

                                   (scaled)                 (unscaled)
Objective...............:  -2.6137138198740562e-01   -2.6137138198740562e-01
Dual infeasibility......:   2.1227621623649751e-12    2.1227621623649751e-12
Constraint violation....:   5.4318951083354907e-09    1.0029907571151853e-08
Complementarity.........:   9.0909093006617457e-10    9.0909093006617457e-10
Overall NLP error.......:   5.4318951083354907e-09    1.0029907571151853e-08


Number of objective function evaluations             = 668
Number of objective gradient evaluations             = 294
Number of equality constraint evaluations            = 669
Number of inequality constraint evaluations          = 669
Number of equality constraint Jacobian evaluations   = 296
Number of inequality constraint Jacobian evaluations = 296
Number of Lagrangian Hessian evaluations             = 294
Total CPU secs in IPOPT (w/o function evaluations)   =    599.901
Total CPU secs in NLP function evaluations           =     15.054

EXIT: Optimal Solution Found.
