
List of user-set options:

                                    Name   Value                used
                           compl_inf_tol = 1                     yes
                         constr_viol_tol = 1                     yes
                            dual_inf_tol = 1000                  yes
                           linear_solver = ma97                  yes
                              ma86_small = 1e-30                  no
                                  ma86_u = 0.0001                 no
                              ma97_order = best                  yes
                              ma97_small = 1e-30                 yes
                            ma97_switch1 = at_start              yes
                            ma97_switch2 = od_hd_reuse           yes
                                  ma97_u = 1e-06                 yes
                               ma97_umax = 0.5                   yes
                                max_iter = 1000                  yes
                    max_refinement_steps = 20                    yes
                    min_refinement_steps = 5                     yes
                                 mu_init = 1e-06                 yes
           mu_superlinear_decrease_power = 1.25                  yes
                   nlp_scaling_min_value = 1e-08                 yes
                        option_file_name = Preset_Case:_229_NCP.opt  yes
                             output_file = ./tmp/Preset_Case:_229_NCP.output  yes
                      print_user_options = yes                   yes
        required_infeasibility_reduction = 1                      no
                                     tol = 1e-08                 yes
                   warm_start_bound_frac = 1e-20                 yes
                   warm_start_bound_push = 1e-20                 yes
                   warm_start_init_point = yes                   yes
              warm_start_mult_bound_push = 1e-20                 yes
                warm_start_mult_init_max = 1e+40                 yes
             warm_start_slack_bound_frac = 1e-20                 yes
             warm_start_slack_bound_push = 1e-20                 yes

******************************************************************************
This program contains Ipopt, a library for large-scale nonlinear optimization.
 Ipopt is released as open source code under the Eclipse Public License (EPL).
         For more information visit http://projects.coin-or.org/Ipopt
******************************************************************************

This is Ipopt version 3.12.10, running with linear solver ma97.

Number of nonzeros in equality constraint Jacobian...:   117167
Number of nonzeros in inequality constraint Jacobian.:      213
Number of nonzeros in Lagrangian Hessian.............:    47513

Total number of variables............................:    29977
                     variables with only lower bounds:    11312
                variables with lower and upper bounds:    15135
                     variables with only upper bounds:        0
Total number of equality constraints.................:    29864
Total number of inequality constraints...............:       25
        inequality constraints with only lower bounds:        4
   inequality constraints with lower and upper bounds:        0
        inequality constraints with only upper bounds:       21

iter    objective    inf_pr   inf_du lg(mu)  ||d||  lg(rg) alpha_du alpha_pr  ls
   0 -1.4956117e-01 1.81e-01 2.00e+00  -6.0 0.00e+00    -  0.00e+00 0.00e+00   0
In iteration 0, 8 Slacks too small, adjusting variable bounds
   1 -1.4956117e-01 1.81e-01 1.36e+03  -6.0 1.08e+10    -  1.36e-13 1.86e-18h  1
   2 -1.4956096e-01 1.81e-01 1.36e+03  -6.0 2.43e+02    -  1.00e-02 1.35e-05f  1
   3 -1.4955763e-01 1.81e-01 1.35e+03  -6.0 2.12e+02    -  1.66e-02 2.03e-04h  1
   4 -1.4944462e-01 1.81e-01 1.34e+03  -6.0 3.94e+02    -  4.37e-02 4.26e-03h  4
   5 -1.4937612e-01 1.80e-01 1.33e+03  -6.0 2.05e+02    -  1.45e-02 4.68e-03h  4
   6 -1.4909374e-01 1.78e-01 1.31e+03  -6.0 2.15e+02    -  7.45e-02 1.12e-02h  3
   7 -1.4903848e-01 1.77e-01 1.30e+03  -6.0 2.07e+02    -  2.08e-02 3.22e-03h  5
   8 -1.4896532e-01 1.77e-01 1.27e+03  -6.0 2.72e+02    -  8.98e-02 3.65e-03h  5
   9 -1.4883991e-01 1.76e-01 1.26e+03  -6.0 2.89e+02    -  2.22e-02 4.07e-03h  5
iter    objective    inf_pr   inf_du lg(mu)  ||d||  lg(rg) alpha_du alpha_pr  ls
  10 -1.4876374e-01 1.75e-01 1.24e+03  -6.0 2.97e+02    -  4.69e-02 3.10e-03h  6
  11 -1.4868350e-01 1.75e-01 1.23e+03  -6.0 3.07e+02    -  3.52e-02 2.92e-03h  6
  12 -1.4859988e-01 1.74e-01 1.19e+03  -6.0 3.14e+02    -  9.77e-02 2.91e-03h  6
  13 -1.4850305e-01 1.74e-01 1.18e+03  -6.0 3.32e+02    -  3.31e-02 2.96e-03h  6
  14 -1.4522929e-01 6.27e-01 1.14e+04  -6.0 3.37e+02    -  1.77e-01 9.69e-02w  1
  15 -1.4520215e-01 6.26e-01 3.53e+04  -6.0 2.48e+02    -  1.45e-01 7.40e-04w  1
  16 -1.4476420e-01 6.38e-01 5.72e+04  -6.0 2.32e+02    -  1.49e-01 1.09e-02w  1
  17 -1.4840074e-01 1.73e-01 1.13e+03  -6.0 2.67e+02    -  1.77e-01 3.03e-03h  5
  18 -1.4832515e-01 1.73e-01 1.12e+03  -6.0 3.69e+02    -  3.37e-02 1.90e-03h  6
  19 -1.4822443e-01 1.72e-01 1.07e+03  -6.0 3.74e+02    -  1.86e-01 2.48e-03h  5
iter    objective    inf_pr   inf_du lg(mu)  ||d||  lg(rg) alpha_du alpha_pr  ls
  20 -1.4806207e-01 1.72e-01 1.06e+03  -6.0 4.09e+02    -  3.70e-02 3.63e-03h  3
  21 -1.4794866e-01 1.71e-01 1.02e+03  -6.0 4.12e+02    -  1.88e-01 2.51e-03h  3
  22 -1.4779856e-01 1.71e-01 1.01e+03  -6.0 4.57e+02    -  4.21e-02 3.02e-03h  3
  23 -1.4769028e-01 1.71e-01 1.28e+03  -6.0 4.66e+02    -  2.82e-01 2.12e-03h  5
  24 -1.4757877e-01 1.70e-01 1.39e+03  -6.0 5.55e+02    -  3.82e-02 2.08e-03h  8
  25 -1.4745490e-01 1.70e-01 2.50e+03  -6.0 5.63e+02    -  3.54e-01 2.31e-03h  8
  26 -1.4726372e-01 1.69e-01 2.58e+03  -6.0 7.07e+02    -  3.27e-02 3.56e-03h  8
  27 -1.2268090e-01 4.46e+00 8.18e+04  -6.0 7.16e+02    -  4.00e-01 4.59e-01w  1
  28 -1.2265919e-01 4.46e+00 2.21e+05  -6.0 6.07e+01  -2.0 2.70e-02 4.79e-04w  1
  29 -1.1921525e-01 4.13e+00 4.03e+05  -6.0 5.97e+01  -2.5 1.60e-01 7.78e-02w  1
iter    objective    inf_pr   inf_du lg(mu)  ||d||  lg(rg) alpha_du alpha_pr  ls
  30 -1.4707167e-01 1.69e-01 3.80e+03  -6.0 4.03e+01  -2.1 4.00e-01 3.59e-03h  7
  31 -1.4673275e-01 1.67e-01 3.85e+03  -6.0 1.00e+03    -  2.54e-02 6.50e-03h  6
  32 -1.4632589e-01 1.66e-01 5.04e+03  -6.0 1.13e+03    -  2.66e-01 8.00e-03h  5
  33 -1.4614976e-01 1.65e-01 7.38e+03  -6.0 7.32e+01  -2.5 5.37e-02 4.58e-03h  5
  34 -1.4584567e-01 1.64e-01 1.17e+04  -6.0 1.08e+02  -3.0 1.26e-01 5.73e-03h  5
  35 -1.4558069e-01 1.64e-01 1.50e+04  -6.0 1.57e+02  -3.5 1.20e-01 3.77e-03h  6
  36 -1.4542915e-01 1.63e-01 1.69e+04  -6.0 2.25e+02  -4.0 1.67e-01 2.13e-03h  4
  37 -1.4528214e-01 1.63e-01 1.72e+04  -6.0 7.31e+02  -4.4 8.07e-02 2.61e-03h  7
  38 -1.4517052e-01 1.63e-01 2.11e+04  -6.0 3.37e+02  -4.0 3.08e-01 1.73e-03h  7
  39 -1.4503640e-01 1.62e-01 2.15e+04  -6.0 1.45e+03  -4.5 2.87e-02 3.09e-03h  6
iter    objective    inf_pr   inf_du lg(mu)  ||d||  lg(rg) alpha_du alpha_pr  ls
  40 -1.3771483e-01 1.79e+00 2.25e+04  -6.0 4.92e+02  -4.1 3.61e-01 1.26e-01w  1
  41 -1.3557242e-01 3.45e+00 2.65e+04  -6.0 2.12e+02  -3.6 1.19e-01 3.45e-02w  1
  42 -1.3557113e-01 3.45e+00 3.47e+04  -6.0 3.23e+02  -4.1 1.58e-01 2.57e-05w  1
  43 -1.4480760e-01 1.62e-01 2.70e+04  -6.0 1.95e+02  -3.7 3.61e-01 3.93e-03h  5
  44 -1.4459412e-01 1.61e-01 2.81e+04  -6.0 7.29e+02  -4.2 7.52e-02 4.03e-03h  6
  45 -1.4447816e-01 1.61e-01 4.15e+04  -6.0 3.32e+02  -3.7 3.42e-01 1.95e-03h  7
  46 -1.4434113e-01 1.60e-01 4.24e+04  -6.0 1.01e+03  -4.2 5.54e-02 2.86e-03h  7
  47 -1.4422160e-01 1.60e-01 6.26e+04  -6.0 4.34e+02  -3.8 4.90e-01 2.13e-03h  7
  48 -1.4404086e-01 1.59e-01 6.31e+04  -6.0 1.33e+03  -4.3 4.18e-02 3.97e-03h  6
  49 -1.4364018e-01 1.58e-01 8.96e+04  -6.0 5.76e+02  -3.8 6.29e-01 7.60e-03h  6
iter    objective    inf_pr   inf_du lg(mu)  ||d||  lg(rg) alpha_du alpha_pr  ls
  50 -1.4354060e-01 1.58e-01 9.04e+04  -6.0 1.74e+03  -4.3 3.54e-02 2.26e-03h  6
  51 -1.4317927e-01 1.57e-01 1.20e+05  -6.0 7.12e+02  -3.9 6.75e-01 6.95e-03h  7
  52 -1.4312879e-01 1.56e-01 1.21e+05  -6.0 2.44e+03  -4.4 2.69e-02 1.25e-03h  6
  53 -1.3053842e-01 2.07e+00 8.98e+04  -6.0 8.25e+02  -3.9 1.87e-01 2.41e-01w  1
  54 -1.2392164e-01 2.52e+00 3.65e+04  -6.0 7.34e+01  -2.6 8.91e-06 1.45e-01w  1
  55 -1.2327365e-01 2.49e+00 2.01e+05  -6.0 4.97e+01  -2.2 3.98e-02 1.45e-02w  1
  56 -1.4293206e-01 1.56e-01 1.29e+05  -6.0 5.07e+01  -1.8 1.87e-01 3.76e-03h  6
  57 -1.4265392e-01 1.55e-01 1.31e+05  -6.0 6.84e+01  -2.2 1.21e-02 6.49e-03h  2
  58 -1.4245694e-01 1.54e-01 1.33e+05  -6.0 1.09e+02  -2.7 1.14e-02 3.95e-03h  2
  59 -1.4236763e-01 1.54e-01 1.46e+05  -6.0 7.12e+01  -2.3 2.53e-02 2.23e-03h  3
iter    objective    inf_pr   inf_du lg(mu)  ||d||  lg(rg) alpha_du alpha_pr  ls
  60 -1.4225532e-01 1.53e-01 1.97e+05  -6.0 1.31e+02  -2.8 1.05e-01 2.14e-03h  4
  61 -1.4217377e-01 1.53e-01 2.19e+05  -6.0 2.62e+02  -3.2 7.37e-02 1.35e-03h  8
  62 -1.4205361e-01 1.53e-01 2.29e+05  -6.0 5.83e+02  -3.7 1.04e-01 2.16e-03h  5
  63 -1.4204381e-01 1.53e-01 2.29e+05  -6.0 4.98e+03  -4.2 7.90e-04 4.73e-04h  6
  64 -1.4191796e-01 1.52e-01 2.44e+05  -6.0 7.02e+02  -3.8 1.75e-01 2.40e-03h  6
  65 -1.4184531e-01 1.52e-01 2.43e+05  -6.0 2.49e+02  -2.4 3.79e-03 1.53e-03h  1
  66 -1.4177080e-01 1.52e-01 2.63e+05  -6.0 1.99e+02  -2.9 3.51e-02 1.38e-03h  8
  67 -1.4167250e-01 1.52e-01 4.04e+05  -6.0 4.04e+02  -3.4 4.84e-01 1.78e-03h  8
  68 -1.4138513e-01 1.51e-01 3.99e+05  -6.0 1.13e+03  -3.9 6.09e-02 6.11e-03h  6
  69 -1.4138183e-01 1.51e-01 3.99e+05  -6.0 6.02e+03  -4.4 4.23e-03 4.81e-05h  9
iter    objective    inf_pr   inf_du lg(mu)  ||d||  lg(rg) alpha_du alpha_pr  ls
  70 -1.4138127e-01 1.51e-01 4.10e+05  -6.0 7.22e+01  -2.1 1.24e-02 1.36e-05h  1
  71 -1.4108486e-01 1.50e-01 1.11e+06  -6.0 1.64e+02  -2.6 5.77e-01 6.07e-03h  6
  72 -1.4093191e-01 1.49e-01 1.12e+06  -6.0 4.55e+02  -3.1 1.71e-01 2.80e-03h  7
  73 -1.4069951e-01 1.49e-01 1.05e+06  -6.0 9.25e+02  -3.6 2.06e-01 4.63e-03h  6
  74 -1.4064236e-01 1.49e-01 1.04e+06  -6.0 1.79e+03  -4.0 1.16e-02 1.08e-03h  7
  75 -1.4038244e-01 1.48e-01 8.61e+05  -6.0 9.89e+02  -3.6 5.57e-01 5.24e-03h  7
  76 -1.4036315e-01 1.48e-01 8.56e+05  -6.0 2.24e+03  -4.1 6.42e-03 3.54e-04h  8
  77 -1.4015376e-01 1.47e-01 8.24e+05  -6.0 1.03e+03  -3.7 1.36e-01 4.19e-03h  7
  78 -1.4014849e-01 1.47e-01 8.21e+05  -6.0 3.42e+03  -4.1 3.15e-03 9.15e-05h  9
  79 -1.4000173e-01 1.47e-01 7.48e+05  -6.0 1.11e+03  -3.7 2.70e-01 2.97e-03h  7
iter    objective    inf_pr   inf_du lg(mu)  ||d||  lg(rg) alpha_du alpha_pr  ls
  80r-1.4000173e-01 1.47e-01 1.00e+03  -0.8 0.00e+00  -2.4 0.00e+00 3.90e-07R  4
  81r-1.3984547e-01 1.45e-01 1.16e+03  -0.8 6.92e+03    -  4.88e-05 1.64e-05f  1
  82 -1.3983043e-01 1.45e-01 8.66e+06  -6.0 2.43e+02    -  8.81e-02 6.21e-04h  1
  83 -1.3956748e-01 1.44e-01 1.54e+08  -6.0 2.53e+02    -  6.26e-04 1.11e-02h  3
  84 -1.3944043e-01 1.43e-01 1.53e+08  -6.0 2.51e+02    -  1.19e-02 5.45e-03h  4
  85 -1.3936188e-01 1.43e-01 1.53e+08  -6.0 2.50e+02    -  7.97e-02 3.35e-03h  5
  86 -1.3925443e-01 1.42e-01 1.52e+08  -6.0 2.51e+02    -  2.60e-02 4.47e-03h  5
  87 -1.3914580e-01 1.41e-01 1.51e+08  -6.0 2.50e+02    -  1.51e-02 4.38e-03h  5
  88 -1.3903531e-01 1.41e-01 1.50e+08  -6.0 2.49e+02    -  1.35e-01 4.40e-03h  5
  89 -1.3891487e-01 1.40e-01 1.50e+08  -6.0 2.56e+02    -  4.38e-02 4.60e-03h  5
iter    objective    inf_pr   inf_du lg(mu)  ||d||  lg(rg) alpha_du alpha_pr  ls
  90 -1.3878826e-01 1.39e-01 1.49e+08  -6.0 2.59e+02    -  1.64e-01 4.76e-03h  5
  91 -1.3869643e-01 1.39e-01 1.49e+08  -6.0 2.79e+02    -  7.11e-02 3.24e-03h  5
  92 -1.3852245e-01 1.38e-01 1.48e+08  -6.0 2.89e+02    -  2.24e-01 5.98e-03h  3
  93 -1.3827758e-01 1.37e-01 1.47e+08  -6.0 3.28e+02    -  6.43e-02 7.68e-03w  1
  94 -1.3376215e-01 7.85e-01 1.28e+08  -6.0 3.38e+02    -  2.98e-01 1.28e-01w  1
  95 -1.3317101e-01 7.80e-01 1.26e+08  -6.0 2.39e+02    -  3.38e-02 1.31e-02w  1
  96 -1.3840002e-01 1.38e-01 1.47e+08  -6.0 4.71e+02    -  6.43e-02 3.84e-03h  1
  97 -1.3826991e-01 1.37e-01 1.47e+08  -6.0 3.40e+02    -  2.78e-01 3.82e-03h  2
  98 -1.3809485e-01 1.36e-01 1.46e+08  -6.0 4.08e+02    -  7.29e-02 4.48e-03h  6
  99 -1.3796826e-01 1.36e-01 1.45e+08  -6.0 4.19e+02    -  2.63e-01 3.20e-03h  7
iter    objective    inf_pr   inf_du lg(mu)  ||d||  lg(rg) alpha_du alpha_pr  ls
 100 -1.3776184e-01 1.35e-01 1.45e+08  -6.0 4.84e+02    -  8.64e-02 5.03e-03h  7
 101 -1.3757571e-01 1.35e-01 1.44e+08  -6.0 4.98e+02    -  2.87e-01 4.52e-03h  7
 102 -1.3747435e-01 1.34e-01 1.44e+08  -6.0 8.58e+01  -2.9 4.11e-02 2.76e-03h  5
 103 -1.3735276e-01 1.34e-01 1.43e+08  -6.0 1.56e+02  -3.3 6.16e-02 2.80e-03h  5
 104 -1.3718570e-01 1.33e-01 1.43e+08  -6.0 2.65e+02  -3.8 1.50e-02 3.33e-03h  3
 105 -1.3707414e-01 1.33e-01 1.42e+08  -6.0 5.85e+01  -2.5 4.67e-02 3.72e-03h  5
 106 -1.3693982e-01 1.33e-01 1.42e+08  -6.0 9.85e+01  -3.0 1.14e-01 3.44e-03h  5
 107 -1.3515376e-01 2.36e-01 1.34e+08  -6.0 6.50e+01  -2.5 6.03e-02 5.46e-02w  1
 108 -1.3026812e-01 1.09e+00 1.19e+08  -6.0 7.58e+01  -3.0 6.66e-07 1.09e-01w  1
 109 -1.2871585e-01 1.11e+00 1.13e+08  -6.0 3.12e+01  -2.6 2.45e-01 5.63e-02w  1
iter    objective    inf_pr   inf_du lg(mu)  ||d||  lg(rg) alpha_du alpha_pr  ls
 110 -1.3682819e-01 1.32e-01 1.41e+08  -6.0 7.34e+01  -3.1 6.03e-02 3.41e-03h  4
 111 -1.3669663e-01 1.32e-01 1.41e+08  -6.0 7.48e+01  -2.6 1.64e-01 3.59e-03h  5
 112 -1.3658729e-01 1.31e-01 1.40e+08  -6.0 1.35e+02  -3.1 6.55e-02 2.17e-03h  7
 113 -1.3649146e-01 1.31e-01 1.40e+08  -6.0 8.77e+01  -2.7 7.18e-02 2.28e-03h  6
 114 -1.3637786e-01 1.31e-01 1.40e+08  -6.0 1.45e+02  -3.2 7.41e-02 2.15e-03h  6
 115 -1.3623329e-01 1.30e-01 1.39e+08  -6.0 9.53e+01  -2.7 3.15e-02 3.26e-03h  5
 116 -1.3612190e-01 1.30e-01 1.39e+08  -6.0 5.96e+01  -2.3 8.71e-02 3.15e-03h  5
 117 -1.3603541e-01 1.30e-01 1.39e+08  -6.0 1.04e+02  -2.8 7.33e-03 1.80e-03h  7
 118 -1.3597120e-01 1.29e-01 1.38e+08  -6.0 6.58e+01  -2.4 2.57e-01 1.67e-03h  6
 119 -1.3581286e-01 1.29e-01 1.38e+08  -6.0 1.21e+02  -2.8 1.67e-02 2.94e-03h  7
iter    objective    inf_pr   inf_du lg(mu)  ||d||  lg(rg) alpha_du alpha_pr  ls
 120 -1.3539445e-01 1.28e-01 1.37e+08  -6.0 1.72e+02  -3.3 3.23e-02 7.02e-03w  1
 121 -1.3381540e-01 1.24e-01 1.33e+08  -6.0 1.20e+02  -2.9 3.52e-02 2.84e-02w  1
 122 -1.3381531e-01 1.24e-01 1.33e+08  -6.0 1.41e+02  -3.4 2.31e-01 1.57e-06w  1
 123 -1.3560366e-01 1.29e-01 1.38e+08  -6.0 3.06e+02  -3.8 3.23e-02 3.51e-03h  1
 124 -1.3547178e-01 1.28e-01 1.37e+08  -6.0 8.61e+01  -2.5 5.85e-03 2.82e-03h  6
 125 -1.3540108e-01 1.28e-01 1.37e+08  -6.0 5.65e+01  -2.1 6.82e-02 1.92e-03h  6
 126 -1.3525892e-01 1.28e-01 1.37e+08  -6.0 9.31e+01  -2.6 1.22e-02 2.86e-03h  7
 127 -1.3517720e-01 1.27e-01 1.36e+08  -6.0 6.14e+01  -2.1 2.97e-01 2.06e-03h  6
 128 -1.3502930e-01 1.27e-01 1.36e+08  -6.0 1.09e+02  -2.6 2.24e-02 2.67e-03h  7
 129 -1.3472637e-01 1.26e-01 1.35e+08  -6.0 1.46e+02  -3.1 2.96e-02 4.91e-03h  3
iter    objective    inf_pr   inf_du lg(mu)  ||d||  lg(rg) alpha_du alpha_pr  ls
 130 -1.3457148e-01 1.26e-01 1.35e+08  -6.0 1.08e+02  -2.7 5.39e-02 2.75e-03h  5
 131 -1.3446960e-01 1.26e-01 1.35e+08  -6.0 7.59e+01  -2.2 1.90e-02 2.17e-03h  7
 132 -1.3422539e-01 1.25e-01 1.34e+08  -6.0 1.31e+02  -2.7 2.43e-02 4.27e-03h  3
 133 -1.3410035e-01 1.25e-01 1.34e+08  -6.0 7.81e+01  -2.3 4.40e-02 2.59e-03h  7
 134 -1.3328970e-01 1.23e-01 1.32e+08  -6.0 1.30e+02  -2.8 2.78e-02 1.43e-02w  1
 135 -1.3328925e-01 1.23e-01 1.32e+08  -6.0 1.51e+02  -3.2 3.00e-01 8.27e-06w  1
 136 -1.3300872e-01 1.22e-01 1.31e+08  -6.0 2.94e+02  -3.7 2.72e-01 6.33e-03w  1
 137 -1.3389769e-01 1.24e-01 1.33e+08  -6.0 1.40e+03  -4.2 2.78e-02 3.57e-03h  2
 138 -1.3367574e-01 1.24e-01 1.33e+08  -6.0 1.17e+02  -2.9 1.31e-01 3.95e-03h  3
 139 -1.3345698e-01 1.23e-01 1.32e+08  -6.0 1.33e+02  -3.3 1.89e-02 4.29e-03h  2
iter    objective    inf_pr   inf_du lg(mu)  ||d||  lg(rg) alpha_du alpha_pr  ls
 140 -1.3333317e-01 1.23e-01 1.32e+08  -6.0 2.38e+02  -3.8 2.14e-01 2.67e-03h  1
 141 -1.3331147e-01 1.23e-01 1.31e+08  -6.0 4.23e+03  -4.3 5.02e-04 1.69e-03h  5
 142r-1.3331147e-01 1.23e-01 1.00e+03  -0.9 0.00e+00  -3.9 0.00e+00 4.28e-07R  2
 143r-1.3325867e-01 1.23e-01 1.00e+03  -0.9 3.24e+07    -  2.41e-07 1.17e-07f  2
 144r-1.3296774e-01 1.20e-01 1.00e+03  -0.9 7.56e+03    -  7.37e-05 3.40e-05f  1
 145 -1.3294818e-01 1.20e-01 1.58e+05  -6.0 1.86e+02    -  1.07e-01 8.68e-04h  1
 146 -1.3284102e-01 1.20e-01 8.80e+05  -6.0 1.87e+02    -  8.71e-04 4.81e-03h  5
 147 -1.3273081e-01 1.19e-01 8.76e+05  -6.0 1.85e+02    -  1.42e-01 4.89e-03h  5
 148 -1.3261222e-01 1.19e-01 8.71e+05  -6.0 1.83e+02    -  1.10e-02 5.15e-03h  5
 149 -1.3249055e-01 1.18e-01 8.67e+05  -6.0 1.81e+02    -  1.77e-01 5.23e-03h  5
iter    objective    inf_pr   inf_du lg(mu)  ||d||  lg(rg) alpha_du alpha_pr  ls
 150 -1.3236278e-01 1.17e-01 8.62e+05  -6.0 1.83e+02    -  2.28e-02 5.33e-03h  5
 151 -1.3223215e-01 1.17e-01 8.58e+05  -6.0 1.82e+02    -  2.22e-01 5.41e-03h  5
 152 -1.3208509e-01 1.16e-01 8.53e+05  -6.0 1.95e+02    -  3.54e-02 5.78e-03h  5
 153 -1.3193335e-01 1.15e-01 8.48e+05  -6.0 1.96e+02    -  2.67e-01 5.90e-03h  5
 154 -1.3173506e-01 1.14e-01 8.42e+05  -6.0 2.25e+02    -  4.94e-02 7.11e-03h  5
 155 -1.3152576e-01 1.14e-01 8.35e+05  -6.0 2.28e+02    -  3.79e-01 7.44e-03h  5
 156 -1.2566579e-01 8.30e-01 6.76e+05  -6.0 2.90e+02    -  6.49e-02 1.91e-01w  1
 157 -1.2009538e-01 1.34e+00 5.28e+05  -6.0 1.74e+02    -  4.18e-01 2.18e-01w  1
 158 -1.1874046e-01 1.25e+00 4.80e+05  -6.0 1.35e+02    -  1.28e-02 9.06e-02w  1
 159 -1.3134264e-01 1.13e-01 8.30e+05  -6.0 4.71e+02  -2.5 6.49e-02 5.97e-03h  5
iter    objective    inf_pr   inf_du lg(mu)  ||d||  lg(rg) alpha_du alpha_pr  ls
 160 -1.3114508e-01 1.12e-01 8.25e+05  -6.0 2.96e+02    -  3.99e-01 6.43e-03h  6
 161 -1.3089567e-01 1.11e-01 8.19e+05  -6.0 3.77e+02    -  8.06e-02 7.86e-03h  6
 162 -1.3066350e-01 1.11e-01 8.13e+05  -6.0 3.85e+02    -  4.48e-01 7.35e-03h  6
 163 -1.3037060e-01 1.10e-01 8.05e+05  -6.0 4.94e+02    -  9.89e-02 9.03e-03h  5
 164 -1.3010802e-01 1.09e-01 7.99e+05  -6.0 5.07e+02    -  4.11e-01 8.11e-03h  5
 165 -1.2973136e-01 1.07e-01 7.90e+05  -6.0 6.59e+02    -  1.26e-01 1.13e-02h  4
 166 -1.2955697e-01 1.07e-01 7.85e+05  -6.0 6.99e+02    -  5.06e-01 5.31e-03h  5
 167 -1.2941629e-01 1.06e-01 7.82e+05  -6.0 8.71e+02    -  1.43e-01 4.37e-03h  6
 168 -1.2929204e-01 1.06e-01 7.79e+05  -6.0 8.72e+02    -  5.31e-01 3.87e-03h  6
 169 -1.2630146e-01 1.85e-01 7.09e+05  -6.0 1.04e+03    -  1.54e-01 9.03e-02w  1
iter    objective    inf_pr   inf_du lg(mu)  ||d||  lg(rg) alpha_du alpha_pr  ls
 170 -1.1113945e-01 7.28e+00 3.22e+05  -6.0 1.10e+03    -  5.39e-01 5.45e-01w  1
 171 -1.1117789e-01 7.25e+00 3.21e+05  -6.0 6.89e+01  -3.0 3.26e-02 3.78e-03w  1
 172 -1.2910513e-01 1.05e-01 7.75e+05  -6.0 9.66e+01  -3.5 1.54e-01 5.65e-03h  4
 173 -1.2892252e-01 1.05e-01 7.70e+05  -6.0 1.07e+03    -  5.09e-01 5.53e-03h  5
 174 -1.2878008e-01 1.04e-01 7.67e+05  -6.0 8.92e+01  -4.0 1.72e-01 4.88e-03h  6
 175 -1.2867613e-01 1.04e-01 7.64e+05  -6.0 1.45e+02  -4.5 2.39e-01 3.31e-03h  7
 176 -1.2856368e-01 1.04e-01 7.61e+05  -6.0 2.56e+02  -4.9 3.13e-01 3.89e-03h  7
 177 -1.2841645e-01 1.03e-01 7.57e+05  -6.0 3.70e+02  -5.4 6.34e-01 5.30e-03h  5
 178 -1.2827868e-01 1.02e-01 7.53e+05  -6.0 2.57e+02  -5.0 1.86e-01 5.54e-03h  6
 179 -1.2816197e-01 1.02e-01 7.49e+05  -6.0 3.35e+02  -5.5 7.94e-01 4.57e-03h  5
iter    objective    inf_pr   inf_du lg(mu)  ||d||  lg(rg) alpha_du alpha_pr  ls
 180 -1.2798138e-01 1.01e-01 7.43e+05  -6.0 2.66e+02  -5.0 1.89e-01 8.10e-03h  5
 181 -1.2785837e-01 1.01e-01 7.39e+05  -6.0 3.32e+02  -5.5 8.94e-01 5.32e-03h  5
 182 -1.2324726e-01 8.09e-01 5.78e+05  -6.0 2.70e+02  -5.1 2.01e-01 2.19e-01w  1
 183 -1.2505977e-01 7.96e-01 5.42e+05  -6.0 3.98e+02  -5.6 1.22e-01 6.12e-02w  1
 184 -1.3071368e-01 7.27e-01 4.81e+05  -6.0 5.15e+02  -5.1 1.88e-01 1.14e-01w  1
 185 -1.2771427e-01 9.99e-02 7.34e+05  -6.0 2.88e+02  -5.6 2.01e-01 6.83e-03h  5
 186 -1.2752882e-01 9.90e-02 7.28e+05  -6.0 2.91e+02  -5.2 9.64e-01 8.80e-03h  6
 187 -1.2750532e-01 9.89e-02 7.27e+05  -6.0 7.60e+02  -5.7 8.77e-02 1.29e-03h  9
 188 -1.2733324e-01 9.81e-02 7.21e+05  -6.0 3.33e+02  -5.2 2.55e-01 8.19e-03h  7
 189 -1.2722421e-01 9.76e-02 7.17e+05  -6.0 2.58e+02  -4.8 9.93e-01 5.12e-03h  7
iter    objective    inf_pr   inf_du lg(mu)  ||d||  lg(rg) alpha_du alpha_pr  ls
 190 -1.2713593e-01 9.71e-02 7.14e+05  -6.0 4.06e+02  -5.3 2.34e-01 4.61e-03h  8
 191 -1.2702269e-01 9.66e-02 7.10e+05  -6.0 3.12e+02  -4.9 1.00e+00 5.52e-03h  7
 192 -1.2699339e-01 9.64e-02 7.09e+05  -6.0 5.54e+02  -5.3 2.05e-01 1.94e-03h  9
 193 -1.2687802e-01 9.58e-02 7.04e+05  -6.0 3.55e+02  -4.9 8.48e-01 6.32e-03h  7
 194 -1.2686979e-01 9.56e-02 7.03e+05  -6.0 7.22e+02  -5.4 1.53e-01 1.87e-03h  9
 195 -1.2067679e-01 1.81e+00 4.32e+05  -6.0 4.00e+02  -5.0 7.04e-02 3.85e-01w  1
 196 -1.2069928e-01 1.81e+00 4.32e+05  -6.0 1.86e+04  -5.4 1.21e-02 1.82e-05w  1
 197 -1.2069763e-01 1.82e+00 4.04e+05  -6.0 4.58e+02  -5.0 6.29e-03 6.45e-02w  1
 198 -1.2677302e-01 9.50e-02 6.99e+05  -6.0 6.45e+01  -1.9 7.04e-02 6.02e-03h  6
 199 -1.2662435e-01 9.39e-02 6.91e+05  -6.0 3.12e+01  -2.4 8.56e-02 1.14e-02h  4
iter    objective    inf_pr   inf_du lg(mu)  ||d||  lg(rg) alpha_du alpha_pr  ls
 200 -1.2650673e-01 9.33e-02 6.86e+05  -6.0 4.68e+01  -2.8 4.30e-02 7.20e-03h  5
 201 -1.2632539e-01 9.24e-02 6.79e+05  -6.0 8.59e+01  -3.3 4.79e-01 9.68e-03h  5
 202 -1.2614209e-01 9.15e-02 6.73e+05  -6.0 2.20e+02  -3.8 1.53e-02 9.02e-03h  4
 203 -1.2605560e-01 9.10e-02 6.69e+05  -6.0 3.72e+02  -4.3 3.22e-01 5.81e-03h  3
 204 -1.2600711e-01 9.06e-02 6.66e+05  -6.0 5.04e+02  -4.7 1.62e-02 4.86e-03h  2
 205 -1.2598123e-01 9.02e-02 6.63e+05  -6.0 5.72e+02  -5.2 3.37e-02 3.46e-03h  1
 206 -1.2597846e-01 9.02e-02 6.78e+05  -6.0 1.66e+03  -5.7 4.58e-02 4.53e-04h  9
 207 -1.2595115e-01 8.99e-02 7.71e+05  -6.0 5.97e+02  -5.3 1.06e-01 3.28e-03h  7
 208 -1.2594679e-01 8.98e-02 8.03e+05  -6.0 1.38e+03  -5.8 4.06e-02 6.90e-04h  8
 209 -1.2591832e-01 8.95e-02 8.82e+05  -6.0 6.07e+02  -5.3 1.03e-01 3.45e-03h  8
iter    objective    inf_pr   inf_du lg(mu)  ||d||  lg(rg) alpha_du alpha_pr  ls
 210 -1.2591459e-01 8.95e-02 9.08e+05  -6.0 1.48e+03  -5.8 4.44e-02 5.54e-04h  8
 211 -1.2588608e-01 8.92e-02 9.46e+05  -6.0 6.51e+02  -5.4 8.96e-02 3.23e-03h  7
 212 -1.2568187e-01 8.80e-02 1.08e+06  -6.0 1.96e+02  -4.0 2.12e-01 1.29e-02h  5
 213 -1.2557580e-01 8.75e-02 1.13e+06  -6.0 3.27e+02  -4.5 1.52e-01 6.61e-03h  5
 214 -1.2540504e-01 8.65e-02 1.23e+06  -6.0 2.06e+02  -4.1 1.45e-01 1.11e-02h  6
 215 -1.2527532e-01 8.58e-02 1.21e+06  -6.0 4.53e+02  -4.6 9.65e-02 8.30e-03h  4
 216 -1.2170454e-01 9.34e-01 1.44e+06  -6.0 2.06e+02  -4.1 1.00e+00 2.45e-01w  1
 217 -1.2465131e-01 2.05e+00 6.61e+05  -6.0 7.25e+02  -4.6 4.91e-02 2.85e-01w  1
 218 -1.2465150e-01 2.05e+00 3.93e+05  -6.0 1.06e+04  -5.1 1.35e-02 6.40e-07w  1
 219 -1.2516374e-01 8.51e-02 1.97e+06  -6.0 4.89e+02  -4.7 1.00e+00 7.67e-03h  5
iter    objective    inf_pr   inf_du lg(mu)  ||d||  lg(rg) alpha_du alpha_pr  ls
 220 -1.2514456e-01 8.50e-02 1.89e+06  -6.0 3.93e+03  -5.2 4.72e-03 9.91e-04h  3
 221 -1.2510396e-01 8.48e-02 1.71e+06  -6.0 8.27e+02  -4.7 5.96e-02 2.72e-03h  4
 222 -1.2499358e-01 8.42e-02 1.73e+06  -6.0 2.93e+02  -4.3 1.19e-01 7.62e-03h  5
 223 -1.2496634e-01 8.40e-02 1.62e+06  -6.0 1.02e+03  -4.8 2.56e-02 1.90e-03h  4
 224 -1.2488271e-01 8.35e-02 1.62e+06  -6.0 3.21e+02  -4.4 4.16e-01 6.07e-03h  5
 225 -1.2487197e-01 8.34e-02 1.52e+06  -6.0 1.33e+03  -4.8 2.15e-02 8.77e-04h  5
 226 -1.2479820e-01 8.29e-02 1.51e+06  -6.0 4.05e+02  -4.4 1.51e-01 6.01e-03h  5
 227 -1.2479270e-01 8.29e-02 1.43e+06  -6.0 1.63e+03  -4.9 2.51e-02 5.16e-04h  6
 228 -1.2472571e-01 8.24e-02 2.13e+06  -6.0 4.96e+02  -4.5 8.89e-01 5.81e-03h  5
 229 -1.2448176e-01 1.24e-01 2.07e+06  -6.0 1.95e+03  -4.9 2.55e-02 2.83e-02w  1
iter    objective    inf_pr   inf_du lg(mu)  ||d||  lg(rg) alpha_du alpha_pr  ls
 230 -1.2391333e-01 1.71e-01 2.00e+06  -6.0 8.74e+02  -4.5 1.50e-01 5.79e-02w  1
 231 -1.2391320e-01 1.71e-01 1.99e+06  -6.0 5.30e+02  -5.0 7.57e-02 4.32e-05w  1
 232 -1.2472190e-01 8.24e-02 2.12e+06  -6.0 1.34e+03  -5.5 2.55e-02 4.42e-04h  6
 233 -1.2471747e-01 8.23e-02 2.09e+06  -6.0 2.69e+03  -5.0 4.15e-02 5.15e-04h  6
 234 -1.2469908e-01 8.22e-02 2.15e+06  -6.0 8.41e+02  -4.6 2.28e-01 1.87e-03h  7
 235 -1.2469725e-01 8.21e-02 2.13e+06  -6.0 3.31e+03  -5.1 1.68e-02 1.96e-04h  7
 236 -1.2468210e-01 8.20e-02 2.24e+06  -6.0 9.59e+02  -4.7 5.67e-01 1.56e-03h  7
 237 -1.2468045e-01 8.20e-02 2.22e+06  -6.0 3.86e+03  -5.1 1.34e-02 1.68e-04h  7
 238 -1.2466729e-01 8.19e-02 2.23e+06  -6.0 1.06e+03  -4.7 5.77e-01 1.38e-03h  7
 239 -1.2466322e-01 8.18e-02 2.20e+06  -6.0 2.09e+03  -5.2 2.64e-02 5.68e-04h  7
iter    objective    inf_pr   inf_du lg(mu)  ||d||  lg(rg) alpha_du alpha_pr  ls
 240 -1.2466067e-01 8.18e-02 2.09e+06  -6.0 2.31e+03  -5.7 6.01e-02 4.49e-04h  7
 241 -1.2464945e-01 8.16e-02 2.05e+06  -6.0 8.26e+02  -5.2 5.06e-02 1.96e-03h  7
 242 -1.2371142e-01 7.16e-01 1.72e+06  -6.0 1.85e+03  -5.7 1.77e-01 1.31e-01w  1
 243 -1.1805681e-01 7.07e+00 1.51e+06  -6.0 6.38e+03  -6.2 1.03e-01 2.45e-01w  1
 244 -1.1805680e-01 7.07e+00 1.44e+06  -6.0 1.87e+03  -5.8 5.83e-02 1.86e-06w  1
 245 -1.2464213e-01 8.16e-02 1.84e+06  -6.0 1.63e+03  -6.2 1.77e-01 1.02e-03h  7
 246 -1.2463596e-01 8.15e-02 1.82e+06  -6.0 2.32e+03  -5.8 2.46e-02 7.31e-04h  8
 247 -1.2462200e-01 8.13e-02 1.80e+06  -6.0 1.10e+03  -5.4 1.06e-01 2.32e-03h  8
 248 -1.2461562e-01 8.13e-02 1.78e+06  -6.0 2.57e+03  -5.9 2.76e-02 6.83e-04h  8
 249 -1.2460159e-01 8.11e-02 1.80e+06  -6.0 1.19e+03  -5.4 1.95e-01 2.19e-03h  8
iter    objective    inf_pr   inf_du lg(mu)  ||d||  lg(rg) alpha_du alpha_pr  ls
 250 -1.2459731e-01 8.10e-02 1.79e+06  -6.0 2.75e+03  -5.9 1.71e-02 3.48e-04h  9
 251 -1.2458038e-01 8.09e-02 1.82e+06  -6.0 1.42e+03  -5.5 5.71e-02 2.13e-03h  8
 252 -1.2457607e-01 8.09e-02 1.82e+06  -6.0 2.97e+03  -6.0 6.47e-03 3.23e-04h  9
 253 -1.2455945e-01 8.07e-02 1.91e+06  -6.0 1.53e+03  -5.5 1.59e-01 2.01e-03h  8
 254 -1.2455519e-01 8.07e-02 1.91e+06  -6.0 3.18e+03  -6.0 6.88e-03 3.01e-04h  9
 255 -1.2254363e-01 4.81e+00 1.37e+06  -6.0 1.57e+03  -5.6 5.02e-02 2.47e-01w  1
 256 -1.2282365e-01 4.43e+00 1.30e+06  -6.0 6.50e+02  -5.2 5.12e-05 1.03e-01w  1
 257 -1.3144027e-01 7.42e+00 1.09e+06  -6.0 2.11e+03  -5.6 1.10e-01 1.60e-01w  1
 258 -1.2453947e-01 8.05e-02 2.00e+06  -6.0 4.80e+02  -5.2 5.02e-02 1.93e-03h  7
 259 -1.2453229e-01 8.04e-02 2.03e+06  -6.0 1.86e+03  -5.7 1.93e-02 7.99e-04h  9
iter    objective    inf_pr   inf_du lg(mu)  ||d||  lg(rg) alpha_du alpha_pr  ls
 260 -1.2452866e-01 8.04e-02 1.95e+06  -6.0 3.99e+03  -6.2 8.52e-02 1.85e-04h  9
 261 -1.2452139e-01 8.04e-02 1.97e+06  -6.0 1.96e+03  -5.8 1.72e-02 7.74e-04h  9
 262 -1.2451785e-01 8.04e-02 1.88e+06  -6.0 4.20e+03  -6.2 6.28e-02 1.59e-04h  9
 263 -1.2451047e-01 8.03e-02 1.90e+06  -6.0 2.09e+03  -5.8 1.83e-02 7.49e-04h  9
 264 -1.2450661e-01 8.03e-02 1.51e+06  -6.0 6.48e+03  -6.3 1.32e-01 1.41e-04h  9
 265 -1.2449860e-01 8.02e-02 1.53e+06  -6.0 2.16e+03  -5.9 1.59e-02 8.11e-04h  9
 266 -1.2447520e-01 7.99e-02 1.63e+06  -6.0 9.54e+02  -5.4 6.68e-02 3.46e-03h  8
 267 -1.2446788e-01 7.99e-02 1.66e+06  -6.0 4.93e+03  -5.9 1.69e-02 7.04e-04h  8
 268 -1.2152841e-01 6.15e+00 1.86e+06  -6.0 1.04e+03  -5.5 6.60e-01 4.22e-01w  1
 269 -1.2904798e-01 5.76e+00 1.94e+06  -6.0 8.55e+02  -5.1 6.82e-05 1.13e-01w  1
iter    objective    inf_pr   inf_du lg(mu)  ||d||  lg(rg) alpha_du alpha_pr  ls
 270 -1.2908976e-01 5.74e+00 1.91e+06  -6.0 8.77e+02  -5.5 7.64e-03 4.35e-03w  1
 271 -1.2444492e-01 7.96e-02 2.75e+06  -6.0 3.11e+02  -5.1 6.60e-01 3.29e-03h  7
 272 -1.2441737e-01 7.94e-02 2.76e+06  -6.0 1.26e+03  -5.6 3.64e-02 2.93e-03h  8
 273 -1.2436462e-01 7.90e-02 3.10e+06  -6.0 5.41e+02  -5.2 4.75e-01 5.34e-03h  8
 274 -1.2435149e-01 7.89e-02 3.11e+06  -6.0 1.48e+03  -5.6 3.47e-02 1.35e-03h  9
 275 -1.2432444e-01 7.86e-02 3.62e+06  -6.0 6.38e+02  -5.2 6.92e-01 2.69e-03h  9
 276 -1.2431329e-01 7.86e-02 3.61e+06  -6.0 1.76e+03  -5.7 3.06e-02 1.20e-03h  9
 277 -1.2429043e-01 7.84e-02 3.73e+06  -6.0 7.59e+02  -5.3 2.26e-01 2.31e-03h  9
 278 -1.2428551e-01 7.83e-02 3.72e+06  -6.0 1.98e+03  -5.7 3.11e-02 5.63e-04h 10
 279 -1.2426526e-01 7.82e-02 3.84e+06  -6.0 8.45e+02  -5.3 3.11e-01 2.13e-03h  9
iter    objective    inf_pr   inf_du lg(mu)  ||d||  lg(rg) alpha_du alpha_pr  ls
 280 -1.2426073e-01 7.81e-02 3.83e+06  -6.0 2.53e+03  -5.8 2.25e-02 7.18e-04h  9
 281 -1.1964501e-01 7.23e+00 3.16e+06  -6.0 9.38e+02  -5.4 5.28e-01 5.07e-01w  1
 282 -1.2745932e-01 7.11e+00 3.10e+06  -6.0 1.46e+03  -4.9 2.09e-04 8.02e-02w  1
 283 -1.2750134e-01 7.07e+00 3.09e+06  -6.0 8.93e+02  -5.4 6.40e-03 5.03e-03w  1
 284 -1.2424270e-01 7.79e-02 3.94e+06  -6.0 3.00e+02  -5.0 5.28e-01 1.98e-03h  8
 285 -1.2422820e-01 7.78e-02 3.93e+06  -6.0 1.16e+03  -5.5 6.38e-02 1.69e-03h  9
 286 -1.2416722e-01 7.74e-02 4.62e+06  -6.0 4.96e+02  -5.0 1.00e+00 5.83e-03h  7
 287 -1.2415569e-01 7.72e-02 4.60e+06  -6.0 1.47e+03  -5.5 4.19e-02 1.44e-03h  9
 288 -1.2412505e-01 7.70e-02 5.09e+06  -6.0 6.32e+02  -5.1 6.31e-01 2.94e-03h  9
 289 -1.2412050e-01 7.70e-02 5.06e+06  -6.0 1.70e+03  -5.6 3.67e-02 6.49e-04h 10
iter    objective    inf_pr   inf_du lg(mu)  ||d||  lg(rg) alpha_du alpha_pr  ls
 290 -1.2409692e-01 7.68e-02 5.54e+06  -6.0 7.39e+02  -5.1 8.98e-01 2.51e-03h  9
 291 -1.2409357e-01 7.67e-02 5.50e+06  -6.0 1.95e+03  -5.6 3.03e-02 5.53e-04h 10
 292 -1.2407449e-01 7.66e-02 5.58e+06  -6.0 8.53e+02  -5.2 3.30e-01 2.22e-03h  9
 293 -1.2407062e-01 7.65e-02 5.54e+06  -6.0 2.19e+03  -5.7 2.57e-02 7.88e-04h  9
 294 -1.1966746e-01 8.05e+00 4.96e+06  -6.0 9.39e+02  -5.2 3.95e-01 5.34e-01w  1
 295 -1.2753382e-01 7.94e+00 4.98e+06  -6.0 1.63e+03  -4.8 7.59e-04 7.45e-02w  1
 296 -1.2759918e-01 7.90e+00 4.95e+06  -6.0 3.41e+03  -5.3 1.81e-03 5.59e-03w  1
 297 -1.2405342e-01 7.63e-02 5.56e+06  -6.0 2.93e+02  -4.9 3.95e-01 2.09e-03h  8
 298 -1.2403936e-01 7.62e-02 5.53e+06  -6.0 1.14e+03  -5.3 8.04e-02 1.82e-03h  9
 299 -1.2397731e-01 7.57e-02 6.47e+06  -6.0 4.83e+02  -4.9 1.00e+00 6.30e-03h  7
iter    objective    inf_pr   inf_du lg(mu)  ||d||  lg(rg) alpha_du alpha_pr  ls
 300 -1.2396597e-01 7.56e-02 6.42e+06  -6.0 1.41e+03  -5.4 5.26e-02 1.56e-03h  9
 301 -1.2393494e-01 7.54e-02 6.70e+06  -6.0 6.25e+02  -5.0 2.91e-01 3.19e-03h  9
 302 -1.2393018e-01 7.53e-02 6.64e+06  -6.0 1.58e+03  -5.4 5.39e-02 7.09e-04h 10
 303 -1.2390394e-01 7.51e-02 7.41e+06  -6.0 7.03e+02  -5.0 1.00e+00 2.88e-03h  9
 304 -1.2390045e-01 7.51e-02 7.33e+06  -6.0 1.81e+03  -5.5 4.10e-02 5.86e-04h 10
 305 -1.2387962e-01 7.49e-02 7.38e+06  -6.0 8.19e+02  -5.1 1.72e-01 2.50e-03h  9
 306 -1.2387680e-01 7.48e-02 7.29e+06  -6.0 1.99e+03  -5.5 4.47e-02 5.12e-04h 10
 307 -1.1902284e-01 9.40e+00 8.11e+06  -6.0 8.94e+02  -5.1 1.00e+00 6.06e-01w  1
 308 -1.2642988e-01 9.43e+00 8.60e+06  -6.0 2.33e+03  -4.7 1.76e-03 5.43e-02w  1
 309 -1.2683821e-01 9.10e+00 8.30e+06  -6.0 1.60e+02  -4.3 1.88e-02 3.49e-02w  1
iter    objective    inf_pr   inf_du lg(mu)  ||d||  lg(rg) alpha_du alpha_pr  ls
 310 -1.2385784e-01 7.47e-02 7.44e+06  -6.0 2.11e+02  -4.7 1.00e+00 2.37e-03h  8
 311 -1.2384218e-01 7.45e-02 7.39e+06  -6.0 1.08e+03  -5.2 8.90e-02 2.08e-03h  9
 312 -1.2378585e-01 7.41e-02 8.63e+06  -6.0 4.65e+02  -4.8 9.56e-01 5.79e-03h  7
 313 -1.2377368e-01 7.39e-02 8.56e+06  -6.0 1.33e+03  -5.3 6.63e-02 1.74e-03h  9
 314 -1.2374232e-01 7.37e-02 9.92e+06  -6.0 5.97e+02  -4.8 1.00e+00 3.30e-03h  9
 315 -1.2373404e-01 7.36e-02 9.79e+06  -6.0 1.56e+03  -5.3 5.56e-02 1.38e-03h  9
 316 -1.2370832e-01 7.34e-02 9.98e+06  -6.0 7.21e+02  -4.9 2.49e-01 3.03e-03h  9
 317 -1.2370145e-01 7.33e-02 9.83e+06  -6.0 1.71e+03  -5.4 6.15e-02 1.21e-03h  9
 318 -1.2367834e-01 7.31e-02 1.04e+07  -6.0 7.92e+02  -5.0 1.00e+00 2.86e-03h  9
 319 -1.2367273e-01 7.30e-02 1.02e+07  -6.0 1.89e+03  -5.4 4.77e-02 1.04e-03h  9
iter    objective    inf_pr   inf_du lg(mu)  ||d||  lg(rg) alpha_du alpha_pr  ls
 320 -1.1835323e-01 1.18e+01 1.48e+07  -6.0 8.83e+02  -5.0 2.18e-01 6.87e-01w  1
 321 -1.2489366e-01 1.18e+01 1.62e+07  -6.0 2.84e+03  -4.6 2.35e-03 4.66e-02w  1
 322 -1.2492780e-01 1.18e+01 1.62e+07  -6.0 1.48e+02  -4.2 2.33e-02 2.80e-03w  1
 323 -1.2365195e-01 7.28e-02 1.02e+07  -6.0 3.03e+02  -4.6 2.18e-01 2.68e-03h  8
 324 -1.2363529e-01 7.26e-02 1.01e+07  -6.0 1.06e+03  -5.1 1.73e-01 2.32e-03h  9
 325 -1.2363426e-01 7.26e-02 9.85e+06  -6.0 3.87e+03  -5.6 8.06e-02 4.35e-04h  9
 326 -1.2361954e-01 7.24e-02 9.01e+06  -6.0 1.12e+03  -5.2 1.00e+00 2.11e-03h  9
 327 -1.2357978e-01 7.21e-02 9.42e+06  -6.0 4.47e+02  -4.7 2.84e-01 4.15e-03h  7
 328 -1.2356612e-01 7.20e-02 9.32e+06  -6.0 1.19e+03  -5.2 1.14e-01 1.88e-03h  9
 329 -1.2352853e-01 7.17e-02 1.08e+07  -6.0 5.16e+02  -4.8 1.00e+00 3.99e-03h  8
iter    objective    inf_pr   inf_du lg(mu)  ||d||  lg(rg) alpha_du alpha_pr  ls
 330 -1.2351861e-01 7.16e-02 1.07e+07  -6.0 1.45e+03  -5.3 7.61e-02 1.43e-03h  9
 331 -1.2348650e-01 7.14e-02 1.15e+07  -6.0 6.51e+02  -4.8 5.87e-01 3.42e-03h  9
 332 -1.2347892e-01 7.13e-02 1.13e+07  -6.0 1.62e+03  -5.3 7.15e-02 1.21e-03h  9
 333 -1.1564527e-01 1.45e+01 2.57e+07  -6.0 7.41e+02  -4.9 1.00e+00 9.07e-01w  1
 334 -1.1741471e-01 1.04e+01 3.34e+07  -6.0 4.58e+02  -4.5 2.30e-05 3.06e-01w  1
 335 -1.1984783e-01 7.94e+00 4.48e+07  -6.0 1.97e+02  -4.0 3.68e-02 2.84e-01w  1
 336 -1.2344832e-01 7.10e-02 1.22e+07  -6.0 7.57e+00  -1.8 1.00e+00 3.54e-03h  8
 337 -1.2315804e-01 6.98e-02 1.17e+07  -6.0 5.45e+01  -2.3 4.51e-02 1.74e-02h  1
 338 -1.2302975e-01 6.92e-02 1.47e+07  -6.0 5.59e+01  -2.8 5.36e-01 8.03e-03h  3
 339 -1.2290770e-01 6.86e-02 1.81e+07  -6.0 1.22e+02  -3.2 4.58e-01 8.91e-03h  5
iter    objective    inf_pr   inf_du lg(mu)  ||d||  lg(rg) alpha_du alpha_pr  ls
 340 -1.2281751e-01 6.82e-02 1.84e+07  -6.0 4.46e+02  -3.7 8.08e-02 6.25e-03h  4
 341 -1.2278000e-01 6.81e-02 1.79e+07  -6.0 2.00e+03  -4.2 3.06e-02 1.96e-03h  4
 342 -1.2269052e-01 6.76e-02 1.93e+07  -6.0 5.05e+02  -3.8 3.23e-01 6.50e-03h  4
 343 -1.2267859e-01 6.76e-02 1.89e+07  -6.0 3.09e+03  -4.2 9.97e-03 4.83e-04h  5
 344 -1.2261151e-01 6.73e-02 1.91e+07  -6.0 5.97e+02  -3.8 7.56e-02 4.58e-03h  4
 345 -1.2246806e-01 6.65e-02 2.05e+07  -6.0 2.00e+02  -3.4 1.95e-01 1.09e-02h  4
 346 -1.2237800e-01 6.62e-02 2.04e+07  -6.0 9.06e+02  -3.9 1.32e-02 4.52e-03h  3
 347 -1.2222275e-01 6.54e-02 2.03e+07  -6.0 2.42e+02  -3.4 2.73e-02 1.20e-02h  3
 348 -1.2204021e-01 6.48e-02 2.00e+07  -6.0 9.17e+02  -3.9 3.72e-02 1.03e-02w  1
 349 -1.2191678e-01 6.37e-02 1.93e+07  -6.0 1.65e+03  -4.4 1.22e-01 1.58e-02w  1
iter    objective    inf_pr   inf_du lg(mu)  ||d||  lg(rg) alpha_du alpha_pr  ls
 350 -1.2086148e-01 1.64e-01 1.63e+07  -6.0 5.53e+02  -4.0 1.75e-01 1.55e-01w  1
 351 -1.2217712e-01 6.53e-02 2.02e+07  -6.0 5.69e+02  -4.4 3.72e-02 2.58e-03h  2
 352 -1.2211482e-01 6.50e-02 2.06e+07  -6.0 5.21e+02  -4.0 1.84e-01 4.94e-03h  3
 353 -1.2210836e-01 6.49e-02 2.04e+07  -6.0 2.13e+03  -4.5 2.23e-02 8.67e-04h  4
 354 -1.2204107e-01 6.44e-02 2.08e+07  -6.0 6.76e+02  -4.1 1.06e-01 7.45e-03h  5
 355 -1.2203731e-01 6.44e-02 2.05e+07  -6.0 2.52e+03  -4.5 2.21e-02 5.62e-04h  5
 356 -1.2198380e-01 6.40e-02 2.10e+07  -6.0 7.60e+02  -4.1 1.65e-01 6.54e-03h  5
 357 -1.2198223e-01 6.39e-02 2.06e+07  -6.0 2.45e+03  -4.6 2.75e-02 6.87e-04h  5
 358 -1.2199021e-01 6.39e-02 1.98e+07  -6.0 3.84e+04  -5.1 3.32e-03 5.71e-05h  6
 359 -1.2198698e-01 6.38e-02 1.53e+07  -6.0 1.59e+03  -4.6 5.09e-01 1.40e-03h  6
iter    objective    inf_pr   inf_du lg(mu)  ||d||  lg(rg) alpha_du alpha_pr  ls
 360 -1.2197564e-01 6.37e-02 1.49e+07  -6.0 1.19e+03  -5.1 1.05e-01 1.48e-03h  9
 361 -1.1896464e-01 1.47e+00 8.24e+06  -6.0 6.00e+02  -4.7 4.26e-01 4.14e-01w  1
 362 -1.2069254e-01 1.39e+00 5.57e+06  -6.0 5.12e+02  -4.3 3.12e-01 6.69e-02w  1
 363 -1.2182077e-01 1.31e+00 4.02e+06  -6.0 4.78e+02  -4.7 6.32e-01 6.00e-02w  1
 364 -1.2192860e-01 6.33e-02 1.52e+07  -6.0 1.63e+02  -4.3 4.26e-01 6.47e-03h  6
 365 -1.2189096e-01 6.30e-02 1.52e+07  -6.0 7.23e+02  -4.8 2.71e-01 4.65e-03h  8
 366 -1.2182429e-01 6.24e-02 1.67e+07  -6.0 3.70e+02  -4.4 4.51e-01 9.34e-03h  4
 367 -1.2181367e-01 6.22e-02 1.66e+07  -6.0 1.08e+03  -4.9 1.64e-02 3.71e-03h  3
 368 -1.2172268e-01 6.14e-02 1.83e+07  -6.0 4.26e+02  -4.4 6.00e-01 1.32e-02h  3
 369 -1.2171573e-01 6.12e-02 1.82e+07  -6.0 1.19e+03  -4.9 2.35e-02 2.16e-03h  3
iter    objective    inf_pr   inf_du lg(mu)  ||d||  lg(rg) alpha_du alpha_pr  ls
 370 -1.2165017e-01 6.07e-02 1.83e+07  -6.0 4.84e+02  -4.5 1.18e-01 9.24e-03h  3
 371 -1.2163300e-01 6.05e-02 1.76e+07  -6.0 1.07e+03  -5.0 2.81e-01 2.67e-03h  5
 372 -1.2157085e-01 6.00e-02 1.80e+07  -6.0 4.84e+02  -4.5 2.44e-01 8.57e-03h  6
 373 -1.2155633e-01 5.98e-02 1.73e+07  -6.0 1.01e+03  -5.0 2.83e-01 2.69e-03h  8
 374 -1.1762372e-01 2.84e+00 1.09e+07  -6.0 5.03e+02  -4.6 3.58e-01 5.90e-01w  1
 375 -1.1983005e-01 2.45e+00 9.38e+06  -6.0 3.98e+02  -4.2 1.03e-01 1.24e-01w  1
 376 -1.2013073e-01 2.41e+00 9.22e+06  -6.0 4.90e+02  -4.6 2.27e-07 1.74e-02w  1
 377 -1.2149489e-01 5.93e-02 1.78e+07  -6.0 2.36e+02  -4.2 3.58e-01 9.23e-03h  6
 378 -1.2146022e-01 5.90e-02 1.83e+07  -6.0 5.96e+02  -4.7 5.74e-01 5.44e-03h  8
 379 -1.2145331e-01 5.89e-02 1.82e+07  -6.0 1.38e+03  -5.2 1.72e-02 1.39e-03h  9
iter    objective    inf_pr   inf_du lg(mu)  ||d||  lg(rg) alpha_du alpha_pr  ls
 380 -1.2141187e-01 5.85e-02 1.84e+07  -6.0 6.40e+02  -4.7 1.00e+00 6.53e-03h  8
 381 -1.2140654e-01 5.84e-02 1.83e+07  -6.0 1.55e+03  -5.2 1.68e-02 1.18e-03h  9
 382 -1.2138422e-01 5.82e-02 1.81e+07  -6.0 6.74e+02  -4.8 2.73e-01 3.64e-03h  9
 383 -1.2138187e-01 5.82e-02 1.81e+07  -6.0 1.84e+03  -5.3 1.25e-02 9.28e-04h  9
 384 -1.2136171e-01 5.80e-02 1.71e+07  -6.0 7.11e+02  -4.8 1.00e+00 3.46e-03h  9
 385 -1.2123207e-01 5.69e-02 1.81e+07  -6.0 3.42e+02  -4.4 5.08e-01 1.81e-02h  5
 386 -1.2121557e-01 5.67e-02 1.80e+07  -6.0 7.48e+02  -4.9 5.55e-02 2.99e-03h  9
 387 -1.1597310e-01 3.27e+00 1.62e+07  -6.0 3.89e+02  -4.5 1.00e+00 7.92e-01w  1
 388 -1.1628057e-01 2.65e+00 1.40e+07  -6.0 2.00e+02  -4.0 1.52e-01 1.82e-01w  1
 389 -1.1660362e-01 2.12e+00 1.52e+07  -6.0 3.65e+01  -2.7 1.11e-02 2.01e-01w  1
iter    objective    inf_pr   inf_du lg(mu)  ||d||  lg(rg) alpha_du alpha_pr  ls
 390 -1.2113366e-01 5.60e-02 2.05e+07  -6.0 2.48e+01  -3.2 1.00e+00 1.24e-02h  6
 391 -1.2094861e-01 5.49e-02 2.06e+07  -6.0 9.75e+01  -3.7 9.95e-02 1.99e-02h  3
 392 -1.2071598e-01 5.36e-02 2.00e+07  -6.0 2.32e+02  -4.1 9.43e-03 2.41e-02h  3
 393 -1.2057175e-01 5.32e-02 1.99e+07  -6.0 5.22e+02  -4.6 5.21e-03 6.47e-03h  8
 394 -1.2077258e-01 5.32e-02 1.98e+07  -6.0 1.10e+03  -5.1 2.02e-02 2.81e-04h  1
 395 -1.2068368e-01 5.29e-02 1.96e+07  -6.0 5.55e+02  -4.7 2.96e-04 6.48e-03h  8
 396 -1.2068504e-01 5.28e-02 1.88e+07  -6.0 1.22e+03  -5.1 1.65e-01 1.02e-03h  5
 397 -1.2066366e-01 5.25e-02 1.88e+07  -6.0 5.71e+02  -4.7 2.39e-01 6.53e-03h  8
 398 -1.2066239e-01 5.25e-02 1.76e+07  -6.0 1.39e+03  -5.2 2.67e-01 6.92e-04h  9
 399 -1.2064229e-01 5.21e-02 1.73e+07  -6.0 5.76e+02  -4.8 2.33e-01 5.94e-03h  8
iter    objective    inf_pr   inf_du lg(mu)  ||d||  lg(rg) alpha_du alpha_pr  ls
 400 -1.2056963e-01 5.13e-02 1.87e+07  -6.0 2.74e+02  -4.3 7.70e-01 1.54e-02h  4
 401 -1.2054957e-01 5.11e-02 1.86e+07  -6.0 6.38e+02  -4.8 5.93e-02 3.71e-03h  8
 402 -1.2041789e-01 5.01e-02 1.87e+07  -6.0 3.22e+02  -4.4 2.13e-01 1.98e-02h  5
 403 -1.2040486e-01 4.99e-02 1.85e+07  -6.0 6.63e+02  -4.9 7.04e-02 3.94e-03h  5
 404 -1.2032834e-01 4.93e-02 1.84e+07  -6.0 3.43e+02  -4.4 5.65e-02 1.25e-02h  6
 405 -1.2035217e-01 4.86e-02 1.69e+07  -6.0 6.85e+02  -4.9 6.19e-01 1.40e-02w  1
 406 -1.1904854e-01 4.61e-01 1.07e+07  -6.0 3.30e+02  -4.5 9.86e-02 3.23e-01w  1
 407 -1.2120289e-01 5.68e-01 8.67e+06  -6.0 1.88e+03  -5.0 1.37e-01 5.87e-02w  1
 408 -1.2033430e-01 4.91e-02 1.71e+07  -6.0 9.26e+02  -4.5 6.19e-01 3.51e-03h  2
 409 -1.2032355e-01 4.90e-02 1.39e+07  -6.0 7.39e+02  -5.0 1.00e+00 2.99e-03h  8
iter    objective    inf_pr   inf_du lg(mu)  ||d||  lg(rg) alpha_du alpha_pr  ls
 410 -1.2027058e-01 4.83e-02 1.38e+07  -6.0 3.41e+02  -4.6 6.37e-01 1.39e-02h  5
 411 -1.2025782e-01 4.82e-02 1.36e+07  -6.0 7.21e+02  -5.1 7.33e-02 2.77e-03h  9
 412 -1.2018794e-01 4.75e-02 1.41e+07  -6.0 3.75e+02  -4.6 1.00e+00 1.39e-02h  7
 413 -1.2017740e-01 4.74e-02 1.39e+07  -6.0 7.28e+02  -5.1 6.27e-02 2.41e-03h  8
 414 -1.2010464e-01 4.67e-02 1.40e+07  -6.0 4.07e+02  -4.7 8.20e-01 1.49e-02h  7
 415 -1.2009992e-01 4.66e-02 1.39e+07  -6.0 7.54e+02  -5.2 3.48e-02 1.61e-03h  8
 416 -1.2003494e-01 4.59e-02 1.36e+07  -6.0 4.29e+02  -4.7 1.00e+00 1.52e-02h  7
 417 -1.1986229e-01 4.44e-02 1.37e+07  -6.0 1.93e+02  -4.3 3.63e-01 3.27e-02h  3
 418 -1.1966448e-01 1.09e-01 1.26e+07  -6.0 4.71e+02  -4.8 4.83e-01 5.84e-02w  1
 419 -1.1954053e-01 1.36e-01 1.19e+07  -6.0 1.61e+02  -4.4 8.36e-02 6.09e-02w  1
iter    objective    inf_pr   inf_du lg(mu)  ||d||  lg(rg) alpha_du alpha_pr  ls
 420 -1.1953251e-01 1.37e-01 1.26e+07  -6.0 2.12e+02  -3.9 2.84e-01 2.47e-02w  1
 421 -1.1983756e-01 4.41e-02 1.33e+07  -6.0 2.76e+02  -4.4 4.83e-01 7.30e-03h  3
 422 -1.1965872e-01 4.26e-02 1.29e+07  -6.0 9.31e+01  -4.0 7.27e-02 3.47e-02h  2
 423 -1.1959350e-01 4.16e-02 1.27e+07  -6.0 2.17e+02  -4.5 8.90e-02 2.29e-02h  2
 424 -1.1955477e-01 4.10e-02 1.26e+07  -6.0 8.89e+01  -4.1 4.89e-02 1.51e-02h  1
 425 -1.1953319e-01 4.02e-02 1.31e+07  -6.0 2.88e+02  -4.5 1.00e+00 1.93e-02h  4
 426 -1.1921314e-01 4.19e-02 1.25e+07  -6.0 1.79e+02  -4.1 1.92e-01 5.10e-02h  3
 427 -1.1920091e-01 4.16e-02 1.23e+07  -6.0 2.63e+02  -4.6 7.72e-02 1.74e-02h  2
 428 -1.1908557e-01 4.13e-02 1.19e+07  -6.0 2.06e+02  -4.2 5.59e-02 3.27e-02h  3
 429 -1.1914244e-01 4.11e-02 1.17e+07  -6.0 2.92e+02  -4.6 1.17e-01 5.77e-03h  1
iter    objective    inf_pr   inf_du lg(mu)  ||d||  lg(rg) alpha_du alpha_pr  ls
 430 -1.1911777e-01 4.07e-02 1.15e+07  -6.0 2.13e+02  -4.2 2.06e-02 1.65e-02h  3
 431 -1.1911917e-01 4.03e-02 1.13e+07  -6.0 2.95e+02  -4.7 1.93e-02 1.19e-02h  2
 432 -1.1912185e-01 3.98e-02 1.10e+07  -6.0 2.21e+02  -4.3 7.91e-02 2.85e-02h  1
 433 -1.1926378e-01 3.92e-02 1.04e+07  -6.0 3.05e+02  -4.7 9.66e-02 4.51e-02h  4
 434 -1.1939091e-01 4.07e-02 9.91e+06  -6.0 2.19e+02  -4.3 8.05e-02 3.81e-02h  4
 435 -1.1971079e-01 4.36e-02 8.90e+06  -6.0 3.27e+02  -4.8 1.73e-01 4.84e-02h  3
 436 -1.1999256e-01 4.77e-02 8.12e+06  -6.0 2.09e+02  -4.4 1.95e-01 4.92e-02h  3
 437 -1.2043016e-01 4.85e-02 7.86e+06  -6.0 3.33e+02  -4.8 2.69e-02 3.95e-02h  1
 438 -1.2106743e-01 5.59e-02 7.50e+06  -6.0 2.04e+02  -4.4 1.83e-02 6.69e-02f  1
 439 -1.2125215e-01 5.53e-02 3.96e+06  -6.0 3.12e+02  -4.9 4.99e-01 1.12e-02h  1
iter    objective    inf_pr   inf_du lg(mu)  ||d||  lg(rg) alpha_du alpha_pr  ls
 440 -1.2162802e-01 6.05e-02 3.56e+06  -6.0 5.85e+01  -3.6 3.48e-01 1.79e-01h  1
 441 -1.2358012e-01 6.23e-02 1.88e+06  -6.0 4.45e+01  -3.1 6.10e-02 1.70e-01h  3
 442 -1.2898268e-01 1.58e-01 2.70e+11  -6.0 2.82e+01  -2.7 1.40e-01 1.94e-01H  1
 443 -1.3082539e-01 1.65e-01 2.67e+11  -6.0 5.05e+02  -3.2 2.81e-02 1.06e-02h  4
 444r-1.3082539e-01 1.65e-01 1.00e+03  -1.0 0.00e+00  -1.9 0.00e+00 2.63e-07R  4
 445r-1.2931936e-01 1.62e-01 1.00e+03  -1.0 5.10e+05    -  4.60e-06 1.13e-05f  1
 446r-1.2904193e-01 1.55e-01 1.01e+03  -1.0 4.98e+03    -  7.49e-05 4.41e-05f  1
 447 -1.2916452e-01 1.47e-01 8.73e+04  -6.0 5.74e+00    -  1.17e-01 5.07e-02h  1
 448 -1.3060773e-01 6.26e-02 1.55e+06  -6.0 5.04e+00    -  5.07e-02 5.46e-01h  1
 449 -1.3079122e-01 5.24e-02 1.29e+06  -6.0 2.61e+00    -  2.39e-01 1.64e-01h  1
iter    objective    inf_pr   inf_du lg(mu)  ||d||  lg(rg) alpha_du alpha_pr  ls
 450 -1.3130895e-01 2.59e-02 6.40e+05  -6.0 2.22e+00    -  3.13e-01 5.05e-01h  1
 451 -1.3176662e-01 1.16e-02 1.78e+05  -6.0 1.65e+00    -  8.77e-01 7.22e-01h  1
 452 -1.3308496e-01 2.34e-03 5.31e+01  -6.0 3.71e+00    -  8.65e-01 1.00e+00h  1
 453 -1.4291644e-01 5.64e-02 2.37e+01  -6.0 2.97e+01    -  2.22e-01 1.00e+00h  1
 454 -1.5021197e-01 1.48e-01 1.58e+01  -6.0 1.92e+01    -  3.73e-01 8.97e-01h  1
 455 -1.5414199e-01 1.33e-01 9.90e+00  -6.0 2.47e+01    -  7.60e-01 4.32e-01f  1
 456 -1.6368437e-01 3.71e-01 2.16e+01  -6.0 6.95e+01    -  5.72e-01 4.61e-01h  1
 457 -1.6649881e-01 3.41e-01 3.32e+01  -6.0 1.02e+02    -  6.63e-01 1.59e-01h  1
 458 -1.7097263e-01 4.63e-01 3.06e+01  -6.0 3.42e+02    -  6.09e-01 2.05e-01h  1
 459 -1.7498221e-01 5.08e-01 2.39e+01  -6.0 8.36e+02    -  4.45e-01 1.58e-01h  1
iter    objective    inf_pr   inf_du lg(mu)  ||d||  lg(rg) alpha_du alpha_pr  ls
 460 -1.7645229e-01 5.15e-01 2.68e+01  -6.0 2.18e+03    -  2.75e-01 4.62e-02h  1
 461 -1.7643994e-01 5.02e-01 2.79e+01  -6.0 5.54e-01  -2.3 2.16e-02 2.58e-02h  1
 462 -1.7862902e-01 2.47e+00 9.03e+01  -6.0 6.46e+03    -  1.93e-02 4.73e-02h  1
 463 -1.7862312e-01 2.38e+00 2.40e+02  -6.0 2.44e+00  -2.8 3.76e-02 3.42e-02h  1
 464 -1.7854415e-01 1.97e+00 2.99e+02  -6.0 1.55e+00  -3.3 1.14e-01 1.72e-01h  1
 465 -1.7847802e-01 8.64e-01 1.76e+02  -6.0 1.32e+00  -3.8 4.99e-01 5.69e-01h  1
 466 -1.7899024e-01 1.66e-01 3.37e+01  -6.0 1.22e+00  -4.2 6.06e-01 8.07e-01h  1
 467 -1.7955267e-01 1.06e-01 2.14e+01  -6.0 2.86e+00  -4.7 4.41e-01 3.66e-01h  1
 468 -1.8009338e-01 9.02e-02 1.77e+01  -6.0 6.38e+00  -5.2 5.32e-02 1.84e-01f  1
 469 -1.8109739e-01 1.16e-01 1.42e+01  -6.0 1.27e+01  -5.7 1.94e-01 2.05e-01f  1
iter    objective    inf_pr   inf_du lg(mu)  ||d||  lg(rg) alpha_du alpha_pr  ls
 470 -1.8355898e-01 6.04e-01 1.15e+01  -6.0 2.19e+01  -6.1 3.13e-01 3.50e-01f  1
 471 -1.8400877e-01 5.85e-01 1.62e+01  -6.0 3.65e+01  -6.6 6.07e-01 6.66e-02h  1
 472 -1.8564765e-01 4.82e-01 4.56e+01  -6.0 1.23e+02  -7.1 9.37e-01 2.06e-01h  1
 473 -1.8645993e-01 9.53e-01 3.77e+01  -6.0 1.64e+03  -7.6 4.93e-02 3.98e-02h  1
 474 -1.8814940e-01 8.09e-01 7.45e+01  -6.0 4.47e+02  -8.1 2.28e-01 1.57e-01h  1
 475 -1.8850871e-01 7.61e-01 6.19e+01  -6.0 1.87e+02  -7.6 6.60e-01 5.94e-02h  1
 476 -1.9056710e-01 5.96e-01 3.63e+01  -6.0 3.25e+02  -8.1 3.55e-01 4.22e-01h  1
 477 -1.9222599e-01 1.20e+00 2.96e+01  -6.0 1.10e+03  -8.6 3.04e-01 1.81e-01h  1
 478 -1.9445787e-01 8.73e-01 3.51e+01  -6.0 3.04e+02  -8.2 3.81e-01 6.61e-01h  1
 479 -1.9500700e-01 6.61e-01 4.38e+01  -6.0 2.13e+02  -7.7 2.42e-01 3.35e-01h  1
iter    objective    inf_pr   inf_du lg(mu)  ||d||  lg(rg) alpha_du alpha_pr  ls
 480 -1.9661174e-01 1.32e+01 3.53e+02  -6.0 2.21e+03  -8.2 4.32e-02 1.97e-01h  1
 481 -1.9818322e-01 1.09e+01 2.88e+02  -6.0 6.74e+02  -8.7 5.72e-01 2.07e-01h  1
 482 -1.9819041e-01 1.09e+01 2.82e+02  -6.0 2.05e+02  -4.6 3.37e-03 9.58e-04h  1
 483 -1.9819294e-01 1.09e+01 3.79e+02  -6.0 4.58e+01  -5.1 9.97e-04 2.54e-03h  1
 484 -1.9818359e-01 1.08e+01 2.28e+03  -6.0 3.86e+01  -5.6 3.04e-02 1.24e-02f  1
 485 -1.9827385e-01 9.33e+00 4.25e+03  -6.0 3.97e+01  -6.1 7.86e-02 1.34e-01h  1
 486 -1.9869752e-01 2.91e+00 2.09e+04  -6.0 1.09e+01  -6.6 5.69e-02 7.05e-01h  1
 487r-1.9869752e-01 2.91e+00 9.99e+02   0.0 0.00e+00   1.3 0.00e+00 3.22e-07R  5
 488r-1.9862689e-01 2.90e+00 1.32e+04   0.0 1.32e+04    -  3.39e-06 4.38e-07f  1
 489 -2.0856133e-01 6.92e+00 2.23e+02  -6.0 3.40e+05    -  1.17e-02 9.28e-03h  1
iter    objective    inf_pr   inf_du lg(mu)  ||d||  lg(rg) alpha_du alpha_pr  ls
 490 -2.2254519e-01 1.23e+01 1.00e+03  -6.0 9.43e+05    -  9.47e-04 1.04e-02h  1
 491 -2.2254182e-01 1.23e+01 1.00e+03  -6.0 2.20e+01   0.8 9.77e-05 2.22e-04h  1
 492 -2.2253648e-01 1.23e+01 1.00e+03  -6.0 2.01e+01   0.3 9.67e-04 3.82e-04h  1
 493 -2.2252520e-01 1.23e+01 1.00e+03  -6.0 1.91e+01  -0.1 8.87e-04 7.81e-04h  1
 494 -2.2250297e-01 1.23e+01 1.00e+03  -6.0 1.91e+01  -0.6 2.93e-03 1.39e-03h  1
 495 -2.2241757e-01 1.22e+01 9.96e+02  -6.0 1.96e+01  -1.1 5.07e-03 5.23e-03h  1
 496 -2.2237803e-01 1.22e+01 9.94e+02  -6.0 1.85e+01  -1.6 8.97e-03 2.49e-03h  1
 497 -2.2213951e-01 1.20e+01 9.75e+02  -6.0 2.31e+01  -2.1 6.63e-03 1.73e-02h  1
 498 -2.1127013e-01 2.27e+00 1.41e+04  -6.0 2.30e+01  -2.5 1.15e-02 7.73e-01h  1
 499 -2.1100968e-01 2.06e+00 1.28e+04  -6.0 1.43e+01  -3.0 9.79e-03 9.12e-02h  1
iter    objective    inf_pr   inf_du lg(mu)  ||d||  lg(rg) alpha_du alpha_pr  ls
 500 -2.1091972e-01 2.02e+00 1.25e+04  -6.0 7.10e+01  -3.5 7.37e-03 2.09e-02h  1
 501 -2.1101996e-01 7.95e-01 1.52e+03  -6.0 5.24e+00  -4.0 3.21e-01 1.00e+00h  1
 502 -2.1130741e-01 1.12e-03 3.90e+01  -6.0 1.44e-01  -2.6 6.65e-01 1.00e+00h  1
 503 -2.1201974e-01 2.72e-03 4.01e+00  -6.0 3.40e-01  -3.1 9.35e-01 1.00e+00h  1
 504 -2.1422753e-01 2.75e-02 1.59e+01  -6.0 1.07e+00  -3.6 6.10e-01 1.00e+00h  1
 505 -2.1500208e-01 2.87e-02 1.09e+01  -6.0 3.76e+00  -4.1 9.75e-01 1.04e-01h  1
 506 -2.1897722e-01 3.09e-02 7.59e+00  -6.0 6.41e+00  -4.5 3.05e-01 2.95e-01h  1
 507 -2.2202622e-01 4.87e-02 1.60e+01  -6.0 2.42e+01  -5.0 3.96e-01 8.51e-02h  1
 508 -2.2202647e-01 4.77e-02 2.19e+01  -6.0 1.19e+00  -4.6 5.20e-01 1.93e-02h  1
 509 -2.2235494e-01 1.99e-02 8.29e+00  -6.0 3.06e+00  -5.1 6.65e-01 6.12e-01h  1
iter    objective    inf_pr   inf_du lg(mu)  ||d||  lg(rg) alpha_du alpha_pr  ls
 510 -2.2264050e-01 5.48e-02 3.63e+00  -6.0 7.09e+00  -5.5 5.69e-01 5.18e-01h  1
 511 -2.2338744e-01 4.93e-01 3.00e+01  -6.0 2.09e+01  -6.0 3.14e-01 5.86e-01f  1
 512 -2.2345926e-01 4.95e-01 2.42e+01  -6.0 6.42e+01  -6.5 2.33e-01 1.85e-02h  1
 513 -2.2402633e-01 8.41e-01 7.89e+01  -6.0 2.13e+01  -6.1 1.00e+00 4.51e-01h  1
 514 -2.2436698e-01 7.91e-01 9.67e+01  -6.0 5.62e+01  -6.6 2.60e-01 1.21e-01h  1
 515 -2.2546296e-01 4.74e+00 2.02e+04  -6.0 7.65e+02  -7.0 1.40e-02 9.99e-02h  1
 516 -2.2585639e-01 5.25e+00 1.92e+04  -6.0 2.94e+02  -7.5 6.10e-04 3.81e-02h  1
 517 -2.2589428e-01 5.25e+00 1.92e+04  -6.0 8.38e+02  -7.1 1.14e-03 1.35e-03h  2
 518 -2.2592429e-01 5.25e+00 1.97e+04  -6.0 9.86e+02  -5.7 4.86e-03 8.86e-04h  1
 519 -2.2679938e-01 2.75e+00 1.10e+04  -6.0 2.83e+01  -6.2 8.63e-02 4.65e-01h  1
iter    objective    inf_pr   inf_du lg(mu)  ||d||  lg(rg) alpha_du alpha_pr  ls
 520 -2.2792698e-01 1.43e+00 6.55e+03  -6.0 6.57e+01  -6.7 1.00e+00 3.27e-01h  1
 521 -2.2931221e-01 3.22e+00 4.32e+03  -6.0 1.41e+02  -7.2 6.70e-01 3.37e-01h  1
 522 -2.3097008e-01 1.40e+01 3.46e+03  -6.0 3.53e+02  -7.7 4.06e-01 2.06e-01h  1
 523 -2.3139110e-01 1.32e+01 3.04e+03  -6.0 1.43e+02  -7.2 5.09e-01 1.29e-01h  1
 524 -2.3179513e-01 1.25e+01 2.91e+03  -6.0 3.71e+02  -7.7 6.63e-01 6.48e-02h  1
 525 -2.3286984e-01 1.27e+01 2.57e+03  -6.0 7.94e+02  -8.2 5.64e-01 9.62e-02h  1
 526 -2.3476640e-01 1.08e+01 1.38e+03  -6.0 3.69e+02  -7.8 1.00e+00 4.05e-01h  1
 527 -2.3675689e-01 1.15e+01 1.02e+03  -6.0 5.79e+02  -8.2 4.64e-01 2.75e-01h  1
 528 -2.3730847e-01 8.58e+00 6.67e+02  -6.0 1.65e+02  -7.8 1.37e-04 2.53e-01h  1
 529 -2.3787271e-01 5.33e+00 2.01e+03  -6.0 3.39e+02  -8.3 5.54e-01 3.06e-01h  1
iter    objective    inf_pr   inf_du lg(mu)  ||d||  lg(rg) alpha_du alpha_pr  ls
 530 -2.3812759e-01 4.25e+00 3.65e+03  -6.0 9.94e+03  -8.8 1.09e-01 2.20e-02h  1
 531 -2.3886675e-01 1.97e+00 2.34e+02  -6.0 2.39e+02  -8.3 4.00e-01 5.16e-01h  1
 532 -2.4029276e-01 1.29e+00 1.39e+06  -6.0 6.78e+02  -8.8 4.80e-03 4.54e-01h  1
 533 -2.4082569e-01 3.37e+00 1.27e+06  -6.0 4.31e+03  -9.3 6.45e-02 9.03e-02h  1
 534 -2.4141859e-01 3.12e+00 1.01e+06  -6.0 7.10e+02  -8.9 3.01e-01 2.03e-01h  1
 535 -2.4207750e-01 1.09e+01 9.76e+05  -6.0 1.90e+04  -9.3 8.70e-02 3.24e-02h  1
 536 -2.4316698e-01 1.02e+01 6.78e+05  -6.0 1.13e+03  -8.9 7.64e-01 3.05e-01h  1
 537 -2.4396651e-01 1.51e+01 6.46e+05  -6.0 1.05e+04  -9.4 2.25e-03 4.74e-02h  1
 538 -2.4482261e-01 1.14e+01 4.30e+05  -6.0 8.69e+02  -9.0 9.01e-02 3.34e-01h  1
 539 -2.4534029e-01 1.40e+01 4.29e+05  -6.0 8.74e+04  -9.4 2.10e-02 3.91e-03h  1
iter    objective    inf_pr   inf_du lg(mu)  ||d||  lg(rg) alpha_du alpha_pr  ls
 540 -2.4604029e-01 1.31e+01 3.50e+05  -6.0 1.44e+03  -9.0 1.67e-01 1.83e-01h  1
 541 -2.4636172e-01 1.22e+01 3.24e+05  -6.0 1.95e+03  -9.5 3.83e-01 7.53e-02h  1
 542 -2.4717043e-01 8.21e+00 2.18e+05  -6.0 9.78e+02  -9.1 1.57e-01 3.25e-01h  1
 543 -2.4794138e-01 6.22e+00 1.66e+05  -6.0 1.88e+03  -9.5 1.54e-01 2.42e-01h  1
 544 -2.4910713e-01 1.29e+00 3.41e+04  -6.0 6.98e+02  -9.1 3.72e-01 7.93e-01h  1
 545 -2.4950431e-01 3.83e+00 2.11e+04  -6.0 9.76e+02  -9.6 3.18e-01 3.81e-01h  1
 546 -2.4971307e-01 2.13e+00 7.40e+00  -6.0 3.36e+02  -9.2 1.24e-01 1.00e+00h  1
 547 -2.4971591e-01 4.41e+00 2.97e+01  -6.0 6.90e+02  -9.7 3.41e-01 1.00e+00h  1
 548 -2.4970918e-01 2.56e+00 2.82e+01  -6.0 3.56e+02  -8.3 1.44e-01 4.28e-01h  1
 549 -2.4989322e-01 1.39e+00 2.67e+01  -6.0 9.83e+01  -8.8 1.16e-01 1.00e+00h  1
iter    objective    inf_pr   inf_du lg(mu)  ||d||  lg(rg) alpha_du alpha_pr  ls
 550 -2.4988524e-01 6.06e-01 3.73e+00  -6.0 2.97e+02  -9.3 8.87e-01 1.00e+00h  1
 551 -2.4996832e-01 7.28e+00 5.59e+00  -6.0 8.61e+02  -9.8 1.00e+00 9.78e-01h  1
 552 -2.5001123e-01 1.53e+01 2.38e+01  -6.0 2.69e+03  -9.3 6.47e-05 1.79e-01H  1
 553 -2.5027518e-01 3.40e+01 1.20e+04  -6.0 2.53e+03  -9.8 1.12e-01 7.05e-01h  1
 554 -2.5029570e-01 2.66e+01 9.66e+03  -6.0 1.66e+03 -10.3 2.89e-01 2.19e-01h  1
 555 -2.5050995e-01 3.25e+01 4.78e+03  -6.0 4.31e+03 -10.8 1.68e-01 4.41e-01h  1
 556 -2.5052381e-01 3.24e+01 4.77e+03  -6.0 1.33e+05    -  4.74e-03 3.16e-03h  2
 557 -2.5031862e-01 1.00e+01 2.41e+03  -6.0 1.86e+03 -10.3 6.19e-02 8.91e-01h  1
 558 -2.5046148e-01 6.52e+00 2.32e+03  -6.0 7.63e+02  -9.0 5.05e-02 4.95e-01h  1
 559 -2.5050795e-01 1.46e+00 2.30e+03  -6.0 7.06e+01  -8.6 5.30e-02 7.78e-01h  1
iter    objective    inf_pr   inf_du lg(mu)  ||d||  lg(rg) alpha_du alpha_pr  ls
 560 -2.5046983e-01 4.64e-01 4.25e+02  -6.0 1.37e+02  -9.1 4.32e-02 7.56e-01h  1
 561 -2.5040537e-01 1.24e+00 1.67e+01  -6.0 2.90e+02  -9.5 1.00e+00 1.00e+00f  1
 562 -2.5042087e-01 3.32e-01 5.48e+00  -6.0 1.23e+02  -9.1 1.00e+00 1.00e+00h  1
 563 -2.5044496e-01 4.88e-01 3.33e+01  -6.0 6.68e+02  -9.6 5.85e-01 1.90e-01h  1
 564 -2.5049420e-01 1.15e+00 2.35e+01  -6.0 2.49e+03 -10.1 7.25e-02 8.11e-02h  1
 565 -2.5050856e-01 1.75e+00 2.70e+01  -6.0 3.17e+03 -10.5 3.10e-01 9.04e-02h  1
 566 -2.5056864e-01 3.99e+01 1.72e+01  -6.0 1.40e+03 -10.1 7.67e-01 9.99e-01f  1
 567 -2.5061811e-01 3.30e+01 2.48e+01  -6.0 9.13e+02  -9.7 7.30e-02 1.84e-01h  1
 568 -2.5063779e-01 3.25e+01 2.10e+02  -6.0 1.24e+04    -  1.46e-01 1.66e-02h  1
 569 -2.5070205e-01 3.55e+01 2.68e+02  -6.0 9.70e+03 -10.2 1.49e-02 5.17e-02h  1
iter    objective    inf_pr   inf_du lg(mu)  ||d||  lg(rg) alpha_du alpha_pr  ls
 570 -2.5061611e-01 3.44e+01 3.19e+02  -6.0 8.52e+03    -  3.37e-01 1.58e-01H  1
 571 -2.5056699e-01 2.71e+01 5.92e+02  -6.0 7.53e+03    -  1.17e-02 2.15e-01h  1
 572 -2.5055197e-01 2.26e+01 7.31e+02  -6.0 3.43e+03    -  8.75e-02 1.65e-01h  1
 573 -2.5053259e-01 1.86e+01 6.69e+02  -6.0 2.91e+03    -  1.15e-01 1.79e-01h  1
 574 -2.5049459e-01 1.28e+01 5.12e+02  -6.0 2.75e+03    -  1.38e-01 3.12e-01h  1
 575 -2.5050311e-01 1.20e+01 4.76e+02  -6.0 1.41e+04 -10.6 2.13e-04 6.99e-02H  1
 576 -2.5064753e-01 1.56e+01 4.58e+02  -6.0 1.07e+04 -10.2 4.29e-02 7.60e-02h  2
 577 -2.5106831e-01 1.06e+01 3.24e+02  -6.0 2.69e+03  -9.8 1.78e-01 3.33e-01h  1
 578 -2.5110065e-01 1.03e+01 3.15e+02  -6.0 1.82e+03    -  1.99e-02 2.81e-02h  1
 579 -2.5109968e-01 9.90e+00 3.02e+02  -6.0 9.92e+02  -9.4 1.23e-02 3.88e-02h  1
iter    objective    inf_pr   inf_du lg(mu)  ||d||  lg(rg) alpha_du alpha_pr  ls
 580 -2.5117328e-01 9.23e+00 2.75e+02  -6.0 1.11e+02  -8.0 2.54e-01 6.72e-02h  1
 581 -2.5124562e-01 8.35e+00 2.48e+02  -6.0 2.79e+02  -8.5 1.16e-01 9.51e-02h  1
 582 -2.5125165e-01 8.34e+00 2.45e+02  -6.0 8.81e+03    -  1.28e-02 3.86e-03h  1
 583 -2.5133630e-01 7.97e+00 2.31e+02  -6.0 1.98e+03    -  1.20e-02 7.01e-02f  1
 584 -2.5142088e-01 7.26e+00 2.11e+02  -6.0 7.34e+02  -9.0 3.77e-02 9.82e-02h  1
 585 -2.5165399e-01 6.71e+00 1.73e+02  -6.0 1.94e+03    -  1.96e-01 1.77e-01h  1
 586 -2.5187593e-01 2.11e+01 1.23e+02  -6.0 3.63e+03    -  4.22e-02 2.98e-01h  1
 587 -2.5191478e-01 1.65e+01 9.74e+01  -6.0 2.70e+02  -7.7 4.21e-02 2.18e-01h  1
 588 -2.5194356e-01 1.10e+01 7.60e+01  -6.0 2.92e+01  -8.1 8.28e-01 3.35e-01h  1
 589 -2.5263778e-01 7.10e+01 5.05e+01  -6.0 9.24e+03    -  5.26e-02 2.37e-01h  1
iter    objective    inf_pr   inf_du lg(mu)  ||d||  lg(rg) alpha_du alpha_pr  ls
 590 -2.5255755e-01 6.09e+01 6.69e+01  -6.0 3.08e+03    -  1.34e-01 1.98e-01h  1
 591 -2.5223148e-01 4.67e+01 1.39e+02  -6.0 2.09e+03    -  1.78e-01 4.36e-01h  1
 592 -2.5233748e-01 4.02e+01 3.32e+02  -6.0 1.86e+03    -  1.40e-02 1.75e-01h  1
 593 -2.5244838e-01 5.38e+00 2.22e+02  -6.0 6.50e+01  -8.6 7.45e-01 8.67e-01h  1
 594 -2.5329714e-01 4.86e+01 1.72e+03  -6.0 3.25e+03    -  5.84e-02 5.59e-01h  1
 595 -2.5329742e-01 4.10e+01 1.46e+03  -6.0 2.23e+03    -  2.51e-01 2.84e-01h  1
 596 -2.5331796e-01 3.95e+01 3.77e+03  -6.0 2.00e+03    -  1.40e-01 3.94e-02h  1
 597 -2.5347134e-01 3.63e+01 8.27e+04  -6.0 1.49e+03    -  1.71e-02 1.00e+00h  1
 598 -2.5333486e-01 1.38e+01 4.78e+02  -6.0 9.41e+02    -  5.99e-01 1.00e+00h  1
 599 -2.5333784e-01 1.03e+01 3.10e+02  -6.0 1.29e+03    -  3.65e-01 2.50e-01h  3
iter    objective    inf_pr   inf_du lg(mu)  ||d||  lg(rg) alpha_du alpha_pr  ls
 600 -2.5331595e-01 8.61e-02 2.17e+02  -6.0 6.80e+01  -9.1 2.54e-01 1.00e+00h  1
 601 -2.5332380e-01 2.60e+00 8.29e+01  -6.0 3.83e+02  -9.6 6.20e-01 1.00e+00h  1
 602 -2.5334859e-01 1.92e+00 4.57e+01  -6.0 3.24e+02    -  4.87e-01 1.00e+00h  1
 603 -2.5333570e-01 4.05e-01 7.83e-01  -6.0 1.50e+02    -  1.00e+00 1.00e+00h  1
 604 -2.5332863e-01 6.82e-02 1.79e+00  -6.0 6.08e+01    -  4.86e-01 1.00e+00h  1
 605 -2.5332987e-01 2.17e-03 2.71e-03  -6.0 1.30e+01    -  1.00e+00 1.00e+00h  1
 606 -2.5332990e-01 2.37e-06 1.22e-06  -6.0 3.69e-01    -  1.00e+00 1.00e+00h  1
 607 -2.5368684e-01 7.66e-01 1.12e+01  -7.5 6.42e+03    -  1.60e-01 1.19e-01h  1
 608 -2.5399779e-01 1.14e+00 6.07e+01  -7.5 3.67e+03    -  3.67e-01 1.48e-01h  1
 609 -2.5449182e-01 5.32e+00 2.13e+01  -7.5 4.35e+03    -  6.84e-02 2.36e-01h  1
iter    objective    inf_pr   inf_du lg(mu)  ||d||  lg(rg) alpha_du alpha_pr  ls
 610 -2.5455253e-01 4.92e+00 8.74e+01  -7.5 1.62e+02  -9.1 5.65e-01 7.69e-02h  1
 611 -2.5502030e-01 2.52e+00 5.11e+01  -7.5 4.89e+02  -9.6 6.66e-01 5.19e-01h  1
 612 -2.5536364e-01 3.37e+00 3.72e+01  -7.5 2.34e+03 -10.1 6.11e-01 3.57e-01h  1
 613 -2.5554451e-01 2.68e+00 2.50e+01  -7.5 7.72e+02  -9.7 3.29e-01 3.28e-01h  1
 614 -2.5559973e-01 2.78e+00 2.43e+01  -7.5 2.45e+03 -10.1 9.54e-02 4.19e-02h  1
 615 -2.5578218e-01 1.32e+01 2.37e+01  -7.5 4.21e+04 -10.6 7.26e-03 1.75e-02h  1
 616 -2.5582023e-01 1.30e+01 2.29e+01  -7.5 2.94e+03    -  1.63e-02 3.39e-02h  1
 617 -2.5616886e-01 2.94e+01 1.53e+01  -7.5 3.25e+03    -  1.89e-01 3.08e-01h  1
 618 -2.5626740e-01 2.69e+01 1.32e+01  -7.5 1.79e+03    -  1.46e-02 1.20e-01h  1
 619 -2.5653409e-01 3.49e+01 2.19e+01  -7.5 2.96e+03    -  1.01e-01 2.83e-01h  1
iter    objective    inf_pr   inf_du lg(mu)  ||d||  lg(rg) alpha_du alpha_pr  ls
 620 -2.5673470e-01 2.64e+01 1.66e+03  -7.5 1.52e+03    -  1.26e-01 2.45e-01h  1
 621 -2.5685059e-01 2.73e+01 2.19e+03  -7.5 4.53e+03    -  3.18e-02 8.00e-02h  1
 622 -2.5694365e-01 2.64e+01 2.27e+03  -7.5 2.98e+03    -  6.29e-02 7.43e-02h  1
 623 -2.5704334e-01 2.41e+01 1.87e+03  -7.5 1.20e+03    -  9.57e-02 1.00e-01h  1
 624 -2.5716742e-01 1.95e+01 4.83e+04  -7.5 1.21e+03    -  1.56e-02 1.95e-01h  1
 625 -2.5739147e-01 1.09e+01 2.70e+04  -7.5 1.03e+03    -  7.21e-04 4.41e-01h  1
 626 -2.5739216e-01 1.09e+01 2.70e+04  -7.5 1.61e+03    -  7.63e-04 1.02e-03h  1
 627 -2.5740222e-01 1.04e+01 2.58e+04  -7.5 2.45e+03    -  7.55e-02 4.27e-02h  1
 628 -2.5740762e-01 1.02e+01 2.53e+04  -7.5 3.00e+02    -  4.74e-02 1.94e-02h  1
 629 -2.5741969e-01 9.74e+00 2.41e+04  -7.5 9.74e+02    -  5.80e-01 4.67e-02h  1
iter    objective    inf_pr   inf_du lg(mu)  ||d||  lg(rg) alpha_du alpha_pr  ls
 630 -2.5758374e-01 3.01e+00 7.38e+03  -7.5 7.22e+02    -  1.38e-01 6.94e-01h  1
 631 -2.5762544e-01 1.27e+00 3.11e+03  -7.5 1.51e+02    -  8.43e-01 5.79e-01h  1
 632 -2.5765117e-01 7.88e-01 1.73e+03  -7.5 2.77e+02    -  4.82e-01 4.42e-01h  1
 633 -2.5767679e-01 4.62e-01 1.85e+03  -7.5 1.46e+02    -  1.66e-02 4.63e-01h  1
 634 -2.5760706e-01 3.39e-01 3.99e+06  -7.5 1.57e+03    -  2.64e-04 3.78e-01H  1
 635 -2.5778412e-01 8.30e-01 4.89e+02  -7.5 5.82e+02    -  5.60e-01 1.00e+00h  1
 636 -2.5768604e-01 2.09e-01 3.70e+00  -7.5 1.31e+02    -  1.00e+00 1.00e+00h  1
 637 -2.5767474e-01 8.23e-03 1.03e-03  -7.5 2.16e+01    -  1.00e+00 1.00e+00h  1
 638 -2.5767463e-01 7.97e-06 2.11e-08  -7.5 2.84e-01    -  1.00e+00 1.00e+00h  1
 639 -2.5767463e-01 4.17e-10 4.65e-13  -7.5 2.05e-03    -  1.00e+00 1.00e+00h  1
iter    objective    inf_pr   inf_du lg(mu)  ||d||  lg(rg) alpha_du alpha_pr  ls
 640 -2.5768226e-01 1.64e-02 3.58e+00  -9.0 2.75e+02    -  5.88e-01 1.99e-01h  1
 641 -2.5768521e-01 1.89e-02 6.32e+00  -9.0 2.12e+02    -  9.74e-01 1.26e-01h  1
 642 -2.5768616e-01 3.05e-02 4.64e+00  -9.0 1.80e+02    -  9.28e-01 2.73e-01h  1
 643 -2.5768788e-01 1.90e-01 1.16e-01  -9.0 1.31e+02    -  1.00e+00 9.74e-01h  1
 644 -2.5768744e-01 2.31e-04 1.17e-05  -9.0 2.19e+00    -  1.00e+00 1.00e+00h  1
 645 -2.5768744e-01 2.84e-10 7.93e-11  -9.0 1.65e-03    -  1.00e+00 1.00e+00h  1

Number of Iterations....: 645

                                   (scaled)                 (unscaled)
Objective...............:  -2.5768743949017997e-01   -2.5768743949017997e-01
Dual infeasibility......:   7.9320994217368934e-11    7.9320994217368934e-11
Constraint violation....:   2.8377106578176409e-10    2.8377106578176409e-10
Complementarity.........:   9.7300508635724318e-10    9.7300508635724318e-10
Overall NLP error.......:   9.7300508635724318e-10    9.7300508635724318e-10


Number of objective function evaluations             = 2995
Number of objective gradient evaluations             = 644
Number of equality constraint evaluations            = 2995
Number of inequality constraint evaluations          = 2996
Number of equality constraint Jacobian evaluations   = 650
Number of inequality constraint Jacobian evaluations = 650
Number of Lagrangian Hessian evaluations             = 645
Total CPU secs in IPOPT (w/o function evaluations)   =   1765.233
Total CPU secs in NLP function evaluations           =     41.171

EXIT: Optimal Solution Found.
