
List of user-set options:

                                    Name   Value                used
                           compl_inf_tol = 1                     yes
                         constr_viol_tol = 1                     yes
                            dual_inf_tol = 1000                  yes
                           linear_solver = ma97                  yes
                              ma86_small = 1e-30                  no
                                  ma86_u = 0.0001                 no
                              ma97_order = best                  yes
                              ma97_small = 1e-30                 yes
                            ma97_switch1 = at_start              yes
                            ma97_switch2 = od_hd_reuse           yes
                                  ma97_u = 1e-06                 yes
                               ma97_umax = 0.5                   yes
                                max_iter = 1000                  yes
                    max_refinement_steps = 20                    yes
                    min_refinement_steps = 5                     yes
                                 mu_init = 1e-06                 yes
           mu_superlinear_decrease_power = 1.25                  yes
                   nlp_scaling_min_value = 1e-08                 yes
                        option_file_name = Preset_Case:_416_NCP.opt  yes
                             output_file = ./tmp/Preset_Case:_416_NCP.output  yes
                      print_user_options = yes                   yes
        required_infeasibility_reduction = 1                      no
                                     tol = 1e-08                 yes
                   warm_start_bound_frac = 1e-20                 yes
                   warm_start_bound_push = 1e-20                 yes
                   warm_start_init_point = yes                   yes
              warm_start_mult_bound_push = 1e-20                 yes
                warm_start_mult_init_max = 1e+40                 yes
             warm_start_slack_bound_frac = 1e-20                 yes
             warm_start_slack_bound_push = 1e-20                 yes

******************************************************************************
This program contains Ipopt, a library for large-scale nonlinear optimization.
 Ipopt is released as open source code under the Eclipse Public License (EPL).
         For more information visit http://projects.coin-or.org/Ipopt
******************************************************************************

This is Ipopt version 3.12.10, running with linear solver ma97.

Number of nonzeros in equality constraint Jacobian...:   117167
Number of nonzeros in inequality constraint Jacobian.:      213
Number of nonzeros in Lagrangian Hessian.............:    47513

Total number of variables............................:    29977
                     variables with only lower bounds:    11312
                variables with lower and upper bounds:    15135
                     variables with only upper bounds:        0
Total number of equality constraints.................:    29864
Total number of inequality constraints...............:       25
        inequality constraints with only lower bounds:        4
   inequality constraints with lower and upper bounds:        0
        inequality constraints with only upper bounds:       21

iter    objective    inf_pr   inf_du lg(mu)  ||d||  lg(rg) alpha_du alpha_pr  ls
   0 -1.2634016e-01 3.10e-01 2.00e+00  -6.0 0.00e+00    -  0.00e+00 0.00e+00   0
In iteration 0, 10 Slacks too small, adjusting variable bounds
   1 -1.2634016e-01 3.10e-01 3.19e+04  -6.0 1.05e+12    -  3.19e-12 1.08e-20h  1
   2 -1.2634023e-01 3.10e-01 3.19e+04  -6.0 4.37e+02    -  7.43e-08 1.19e-05f  1
   3 -1.2634024e-01 3.10e-01 3.15e+04  -6.0 3.62e+01    -  4.87e-02 5.18e-07f  2
   4 -1.2625224e-01 3.09e-01 3.14e+04  -6.0 3.60e+02    -  3.26e-04 2.22e-03h  1
   5 -1.2628232e-01 3.08e-01 3.14e+04  -6.0 3.06e+02    -  7.38e-03 3.69e-03h  1
   6 -1.2637374e-01 3.04e-01 3.09e+04  -6.0 3.05e+02    -  3.67e-03 1.22e-02h  1
   7 -1.2660571e-01 2.93e-01 2.97e+04  -6.0 2.97e+02    -  1.79e-02 3.76e-02f  1
   8 -1.2665095e-01 2.88e-01 2.92e+04  -6.0 2.75e+02    -  3.82e-02 1.60e-02h  2
   9 -1.2665637e-01 2.85e-01 2.90e+04  -6.0 2.67e+02    -  2.62e-02 1.01e-02h  2
iter    objective    inf_pr   inf_du lg(mu)  ||d||  lg(rg) alpha_du alpha_pr  ls
  10 -1.2665309e-01 2.82e-01 2.91e+04  -6.0 2.62e+02    -  7.97e-02 1.22e-02h  1
  11 -1.2678942e-01 2.76e-01 4.40e+04  -6.0 2.44e+02    -  5.72e-02 1.96e-02h  3
  12 -1.2681670e-01 2.69e-01 2.18e+05  -6.0 2.38e+02    -  1.64e-01 2.54e-02h  2
  13 -1.2679432e-01 2.64e-01 3.98e+05  -6.0 2.48e+02    -  1.42e-01 1.90e-02h  3
  14 -1.2666844e-01 2.61e-01 6.01e+05  -6.0 2.91e+02    -  1.18e-01 1.01e-02h  4
  15 -1.2652132e-01 2.60e-01 6.95e+05  -6.0 3.58e+02    -  4.73e-02 5.75e-03h  5
  16 -1.2632102e-01 2.58e-01 8.24e+05  -6.0 3.89e+02    -  5.96e-02 6.18e-03h  5
  17 -1.2617760e-01 2.57e-01 9.40e+05  -6.0 4.29e+02    -  4.92e-02 3.42e-03h  6
  18 -1.2599148e-01 2.56e-01 1.03e+06  -6.0 4.63e+02    -  4.09e-02 3.81e-03h  6
  19 -1.2588185e-01 2.56e-01 1.25e+06  -6.0 4.87e+02    -  8.23e-02 2.06e-03h  7
iter    objective    inf_pr   inf_du lg(mu)  ||d||  lg(rg) alpha_du alpha_pr  ls
  20 -1.2580836e-01 2.56e-01 1.33e+06  -6.0 5.37e+02    -  3.38e-02 1.22e-03h  8
  21 -1.1547073e-01 1.25e+01 7.29e+05  -6.0 5.54e+02    -  2.36e-02 1.67e-01w  1
  22 -1.1295747e-01 1.25e+01 6.56e+05  -6.0 4.17e+02    -  1.89e-04 2.39e-02w  1
  23 -1.1268472e-01 1.25e+01 1.39e+06  -6.0 3.57e+02    -  4.12e-02 3.28e-03w  1
  24 -1.2572759e-01 2.55e-01 1.39e+06  -6.0 5.23e+02    -  2.36e-02 1.31e-03h  7
  25 -1.2565515e-01 2.55e-01 1.44e+06  -6.0 5.80e+02    -  2.44e-02 1.11e-03h  5
  26 -1.2556379e-01 2.55e-01 1.48e+06  -6.0 5.75e+02    -  1.49e-02 1.43e-03h  8
  27 -1.2543983e-01 2.54e-01 1.89e+06  -6.0 5.88e+02    -  1.70e-01 1.90e-03h  5
  28 -1.2536397e-01 2.54e-01 1.89e+06  -6.0 6.50e+02    -  3.23e-03 1.12e-03h  5
  29 -1.2529299e-01 2.54e-01 1.94e+06  -6.0 6.49e+02    -  2.48e-02 1.05e-03h  5
iter    objective    inf_pr   inf_du lg(mu)  ||d||  lg(rg) alpha_du alpha_pr  ls
  30 -1.2516713e-01 2.53e-01 1.94e+06  -6.0 6.55e+02    -  6.34e-03 1.87e-03h  4
  31 -1.2505682e-01 2.53e-01 2.27e+06  -6.0 6.54e+02    -  1.57e-01 1.64e-03h  4
  32 -1.2498860e-01 2.52e-01 2.28e+06  -6.0 6.95e+02    -  7.80e-03 1.05e-03h  4
  33 -1.2485821e-01 2.52e-01 2.32e+06  -6.0 6.96e+02    -  2.91e-02 1.99e-03h  3
  34 -1.2414016e-01 2.49e-01 2.32e+06  -6.0 7.03e+02    -  2.33e-02 1.05e-02w  1
  35 -1.0722722e-01 2.28e+01 1.52e+06  -6.0 6.96e+02    -  9.93e-02 2.35e-01w  1
  36 -1.0620953e-01 2.23e+01 1.60e+06  -6.0 3.32e+02    -  1.11e-01 1.96e-02w  1
  37 -1.2476846e-01 2.52e-01 2.36e+06  -6.0 4.01e+02    -  2.33e-02 1.32e-03h  3
  38 -1.2467109e-01 2.51e-01 2.69e+06  -6.0 7.09e+02    -  1.83e-01 1.39e-03h  5
  39 -1.2458750e-01 2.51e-01 2.70e+06  -6.0 7.56e+02    -  4.70e-03 1.24e-03h  8
iter    objective    inf_pr   inf_du lg(mu)  ||d||  lg(rg) alpha_du alpha_pr  ls
  40 -1.2450149e-01 2.51e-01 2.75e+06  -6.0 7.55e+02    -  3.30e-02 1.28e-03h  8
  41 -1.2440249e-01 2.50e-01 2.77e+06  -6.0 7.61e+02    -  1.86e-02 1.49e-03h  8
  42 -1.2429611e-01 2.50e-01 3.12e+06  -6.0 7.62e+02    -  2.23e-01 1.62e-03h  8
  43 -1.2420815e-01 2.49e-01 3.12e+06  -6.0 8.13e+02    -  3.79e-03 1.49e-03h  8
  44 -1.2411914e-01 2.49e-01 3.18e+06  -6.0 8.11e+02    -  4.99e-02 1.51e-03h  8
  45 -1.2403850e-01 2.49e-01 3.18e+06  -6.0 8.18e+02    -  5.87e-03 1.40e-03h  8
  46 -1.2395744e-01 2.48e-01 3.50e+06  -6.0 8.17e+02    -  2.35e-01 1.41e-03h  8
  47 -1.1741373e-01 4.79e+00 2.89e+06  -6.0 8.62e+02    -  7.01e-03 1.33e-01w  1
  48 -1.0796576e-01 1.10e+01 2.09e+06  -6.0 6.64e+02    -  2.32e-05 1.66e-01w  1
  49 -1.0673048e-01 1.05e+01 2.01e+06  -6.0 4.54e+02    -  5.19e-02 4.42e-02w  1
iter    objective    inf_pr   inf_du lg(mu)  ||d||  lg(rg) alpha_du alpha_pr  ls
  50 -1.2385519e-01 2.48e-01 3.50e+06  -6.0 4.92e+02    -  7.01e-03 2.07e-03h  6
  51 -1.2375196e-01 2.47e-01 3.55e+06  -6.0 8.58e+02    -  5.04e-02 2.10e-03h  7
  52 -1.2365377e-01 2.47e-01 3.55e+06  -6.0 8.68e+02    -  1.24e-02 2.06e-03h  7
  53 -1.2355539e-01 2.46e-01 3.77e+06  -6.0 8.65e+02    -  1.91e-01 2.08e-03h  7
  54 -1.2346424e-01 2.46e-01 3.77e+06  -6.0 1.06e+03    -  1.33e-02 2.28e-03h  6
  55 -1.2337728e-01 2.45e-01 3.87e+06  -6.0 1.07e+03    -  9.31e-02 2.19e-03h  6
  56 -1.2331512e-01 2.45e-01 3.88e+06  -6.0 1.20e+03    -  1.85e-02 1.73e-03h  6
  57 -1.2325751e-01 2.44e-01 4.07e+06  -6.0 1.23e+03    -  1.76e-01 1.63e-03h  6
  58 -1.2319531e-01 2.44e-01 4.07e+06  -6.0 1.53e+03    -  1.85e-02 2.26e-03h  5
  59 -1.2313956e-01 2.43e-01 4.33e+06  -6.0 1.56e+03    -  2.57e-01 2.06e-03h  5
iter    objective    inf_pr   inf_du lg(mu)  ||d||  lg(rg) alpha_du alpha_pr  ls
  60 -1.2278658e-01 2.38e-01 4.24e+06  -6.0 2.13e+03    -  1.91e-02 2.06e-02w  1
  61 -1.2131195e-01 3.80e+00 3.96e+06  -6.0 2.03e+03    -  2.63e-01 1.04e-01w  1
  62 -1.2078080e-01 3.81e+00 4.14e+06  -6.0 2.58e+03    -  3.25e-01 3.24e-02w  1
  63 -1.2311750e-01 2.43e-01 4.33e+06  -6.0 3.40e+03    -  1.91e-02 1.29e-03h  4
  64 -1.2309732e-01 2.43e-01 4.51e+06  -6.0 2.16e+03    -  2.41e-01 1.21e-03h  5
  65 -1.2308611e-01 2.42e-01 4.51e+06  -6.0 2.73e+03    -  3.24e-02 1.66e-03h  5
  66 -1.2308051e-01 2.42e-01 4.62e+06  -6.0 2.78e+03    -  2.21e-01 1.34e-03h  6
  67 -1.2308268e-01 2.42e-01 4.69e+06  -6.0 3.43e+03    -  2.50e-01 9.60e-04h  7
  68 -1.2308616e-01 2.41e-01 4.67e+06  -6.0 4.35e+03    -  2.81e-01 9.85e-04h  7
  69 -1.2308659e-01 2.41e-01 4.61e+06  -6.0 5.56e+03    -  1.30e-01 4.28e-04h  7
iter    objective    inf_pr   inf_du lg(mu)  ||d||  lg(rg) alpha_du alpha_pr  ls
  70 -1.2308582e-01 2.41e-01 4.44e+06  -6.0 6.10e+03    -  2.56e-01 3.84e-04h  7
  71 -1.2308090e-01 2.41e-01 4.34e+06  -6.0 7.27e+03    -  9.61e-02 4.33e-04h  8
  72 -1.2307566e-01 2.41e-01 3.96e+06  -6.0 7.65e+03    -  3.34e-01 3.33e-04h  9
  73 -1.1894867e-01 2.12e+01 3.60e+06  -6.0 9.02e+03    -  6.62e-02 1.10e-01w  1
  74 -1.1792052e-01 2.14e+01 3.45e+06  -6.0 1.19e+04    -  8.83e-02 3.58e-02w  1
  75 -1.2185893e-01 4.35e+01 3.28e+06  -6.0 2.95e+05    -  1.55e-05 4.43e-03w  1
  76 -1.2306760e-01 2.41e-01 3.85e+06  -6.0 7.16e+03    -  6.62e-02 2.15e-04h  9
  77 -1.2305853e-01 2.41e-01 3.49e+06  -6.0 9.19e+03    -  2.22e-01 2.28e-04h 10
  78 -1.2306033e-01 2.41e-01 3.60e+06  -6.0 3.79e+05    -  3.31e-03 2.40e-06h 12
  79 -1.2299474e-01 2.41e-01 4.31e+06  -6.0 4.56e+02  -4.0 1.47e-01 1.52e-03h  7
iter    objective    inf_pr   inf_du lg(mu)  ||d||  lg(rg) alpha_du alpha_pr  ls
  80 -1.2293245e-01 2.40e-01 5.83e+06  -6.0 6.56e+02  -4.5 3.30e-01 1.33e-03h  7
  81 -1.2288758e-01 2.40e-01 6.67e+06  -6.0 1.69e+03  -5.0 2.25e-01 1.35e-03h  5
  82 -1.2287433e-01 2.40e-01 7.12e+06  -6.0 3.95e+03  -5.4 3.16e-01 8.94e-04h  9
  83 -1.2286971e-01 2.40e-01 6.86e+06  -6.0 7.43e+03  -5.9 1.53e-01 2.90e-04h 10
  84 -1.2287103e-01 2.40e-01 6.82e+06  -6.0 3.10e+04  -6.4 2.92e-02 5.56e-05h 11
  85 -1.2286580e-01 2.40e-01 6.53e+06  -6.0 7.85e+03  -6.0 1.60e-01 2.75e-04h 10
  86 -1.1889872e-01 2.81e+01 5.31e+06  -6.0 4.80e+03  -5.5 4.94e-01 2.38e-01w  1
  87 -1.1816171e-01 2.76e+01 5.14e+06  -6.0 8.24e+02  -4.2 8.43e-05 2.06e-02w  1
  88 -1.1024903e-01 2.19e+01 3.68e+06  -6.0 6.72e+02  -4.7 1.50e-01 2.22e-01w  1
  89 -1.2285805e-01 2.40e-01 7.16e+06  -6.0 7.22e+02  -4.3 4.94e-01 4.66e-04h  9
iter    objective    inf_pr   inf_du lg(mu)  ||d||  lg(rg) alpha_du alpha_pr  ls
  90 -1.2280220e-01 2.39e-01 1.01e+07  -6.0 1.41e+03  -4.7 4.68e-01 1.47e-03h  7
  91 -1.2278654e-01 2.39e-01 1.20e+07  -6.0 4.07e+03  -5.2 5.70e-01 9.53e-04h  9
  92 -1.2278122e-01 2.39e-01 1.18e+07  -6.0 8.23e+03  -5.7 8.04e-02 2.64e-04h 10
  93 -1.2277875e-01 2.39e-01 1.15e+07  -6.0 1.13e+04  -6.2 4.91e-02 9.55e-05h 11
  94 -1.2277281e-01 2.39e-01 1.01e+07  -6.0 8.37e+03  -5.7 5.26e-01 2.60e-04h 10
  95 -1.2277224e-01 2.39e-01 9.88e+06  -6.0 1.98e+04  -6.2 4.92e-02 4.07e-05h 12
  96 -1.2276220e-01 2.39e-01 9.70e+06  -6.0 7.25e+03  -5.8 1.47e-01 3.10e-04h 10
  97 -1.2276502e-01 2.39e-01 9.73e+06  -6.0 8.42e+04  -6.3 1.11e-02 2.10e-05h 11
  98 -1.2275175e-01 2.39e-01 9.44e+06  -6.0 6.49e+03  -5.8 2.80e-01 3.58e-04h 10
  99 -1.1303787e-01 3.31e+01 5.98e+06  -6.0 4.02e+03  -5.4 1.51e-01 3.09e-01w  1
iter    objective    inf_pr   inf_du lg(mu)  ||d||  lg(rg) alpha_du alpha_pr  ls
 100 -1.1206122e-01 3.20e+01 5.76e+06  -6.0 1.01e+03  -4.1 2.06e-02 3.21e-02w  1
 101 -1.1206119e-01 3.20e+01 6.24e+06  -6.0 1.63e+02  -3.7 9.06e-02 1.61e-06w  1
 102 -1.2273278e-01 2.38e-01 9.97e+06  -6.0 8.52e+02  -4.1 1.51e-01 6.03e-04h  9
 103 -1.2268709e-01 2.38e-01 1.28e+07  -6.0 1.39e+03  -4.6 2.98e-01 1.12e-03h  8
 104 -1.2265743e-01 2.38e-01 1.40e+07  -6.0 3.33e+03  -5.1 1.90e-01 1.06e-03h  9
 105 -1.2262542e-01 2.38e-01 1.41e+07  -6.0 4.55e+03  -5.6 1.11e-01 8.72e-04h  9
 106 -1.2261891e-01 2.38e-01 1.38e+07  -6.0 1.02e+04  -6.0 1.01e-01 1.37e-04h 11
 107 -1.2258392e-01 2.38e-01 1.44e+07  -6.0 3.92e+03  -5.6 4.94e-01 8.28e-04h  9
 108 -1.2257965e-01 2.37e-01 1.42e+07  -6.0 1.52e+04  -6.1 6.23e-02 9.52e-05h 11
 109 -1.2255844e-01 2.37e-01 1.51e+07  -6.0 4.88e+03  -5.7 5.32e-01 4.11e-04h 10
iter    objective    inf_pr   inf_du lg(mu)  ||d||  lg(rg) alpha_du alpha_pr  ls
 110 -1.2255741e-01 2.37e-01 1.50e+07  -6.0 2.21e+04  -6.1 4.21e-02 3.43e-05h 12
 111 -1.2253171e-01 2.37e-01 1.53e+07  -6.0 5.92e+03  -5.7 2.35e-01 4.55e-04h 10
 112 -1.2208490e-01 6.05e+01 1.46e+07  -6.0 3.10e+04  -6.2 3.21e-02 5.23e-02w  1
 113 -1.2208403e-01 6.05e+01 1.52e+07  -6.0 4.90e+03  -5.8 8.30e-02 1.17e-05w  1
 114 -1.1655059e-01 5.33e+01 1.22e+07  -6.0 9.71e+02  -4.4 6.55e-02 1.24e-01w  1
 115 -1.2225778e-01 2.26e+01 1.49e+07  -6.0 1.01e+03  -4.0 3.21e-02 3.21e-02s 17
 116 -1.1773040e-01 2.02e+01 1.32e+07  -6.0 1.09e+03  -4.5 1.15e-01 1.15e-01s 17
 117r-1.1773040e-01 2.02e+01 1.00e+03   1.2 0.00e+00  -4.1 0.00e+00 0.00e+00R  1
 118r-1.1806164e-01 2.02e+01 1.00e+03   1.2 4.50e+06    -  1.13e-08 7.07e-09f  1
 119r-1.1794727e-01 2.02e+01 4.28e+03   1.2 1.70e+04    -  3.32e-07 3.18e-07f  1
iter    objective    inf_pr   inf_du lg(mu)  ||d||  lg(rg) alpha_du alpha_pr  ls
 120r-1.1769311e-01 2.02e+01 9.20e+03   1.2 1.60e+04    -  2.00e-06 7.19e-07f  1
 121 -1.1767769e-01 2.02e+01 6.14e+04  -6.0 1.90e+02    -  1.18e-02 1.18e-03h  1
 122 -1.1767607e-01 2.02e+01 3.48e+02  -6.0 1.90e+02    -  1.19e-03 1.25e-04h  1
 123 -1.1760635e-01 2.00e+01 5.80e+04  -6.0 1.73e+02    -  3.11e-02 1.06e-02h  1
 124 -1.1738439e-01 1.94e+01 4.85e+03  -6.0 1.70e+02    -  1.25e-02 3.12e-02h  1
 125 -1.1729036e-01 1.91e+01 2.44e+04  -6.0 1.61e+02    -  1.72e-02 1.08e-02h  1
 126 -1.1658177e-01 1.77e+01 7.51e+04  -6.0 1.58e+02    -  4.12e-02 7.31e-02h  1
 127 -1.1643847e-01 1.76e+01 2.51e+04  -6.0 1.40e+02    -  3.49e-02 9.34e-03h  1
 128r-1.1643847e-01 1.76e+01 1.00e+03   1.1 0.00e+00    -  0.00e+00 2.41e-07R  2
 129r-1.1637451e-01 1.76e+01 7.23e+04   1.1 1.58e+06    -  8.82e-08 5.25e-08f  1
iter    objective    inf_pr   inf_du lg(mu)  ||d||  lg(rg) alpha_du alpha_pr  ls
 130 -1.1637339e-01 1.76e+01 5.63e+06  -6.0 1.50e+02    -  1.10e-01 6.68e-05h  1
 131 -1.1619947e-01 1.74e+01 1.07e+09  -6.0 1.30e+02    -  6.80e-05 1.29e-02h  1
 132r-1.1619947e-01 1.74e+01 1.00e+03   1.1 0.00e+00    -  0.00e+00 1.75e-07R  2
 133r-1.1619707e-01 1.74e+01 4.96e+04   1.1 4.63e+04    -  5.16e-07 1.14e-08f  1
 134 -1.1619681e-01 1.74e+01 4.22e+06  -6.0 1.47e+02    -  1.17e-01 1.53e-05h  1
 135 -1.1610151e-01 1.72e+01 1.60e+09  -6.0 1.27e+02    -  1.78e-05 6.74e-03h  1
 136 -1.1607647e-01 1.72e+01 1.60e+09  -6.0 3.25e+02    -  6.00e-02 1.23e-03h  1
 137 -1.1600832e-01 1.72e+01 1.59e+09  -6.0 3.33e+02    -  9.04e-03 1.97e-03h  1
 138 -1.1482027e-01 1.66e+01 1.54e+09  -6.0 3.31e+02    -  9.29e-02 3.25e-02h  1
 139 -1.1312199e-01 1.59e+01 1.48e+09  -6.0 3.69e+02    -  4.72e-02 4.28e-02h  1
iter    objective    inf_pr   inf_du lg(mu)  ||d||  lg(rg) alpha_du alpha_pr  ls
 140r-1.1312199e-01 1.59e+01 1.00e+03   1.1 0.00e+00    -  0.00e+00 2.99e-07R  6
 141r-1.1312183e-01 1.59e+01 3.94e+04   1.1 3.98e+04    -  5.76e-07 9.18e-10f  1
 142r-1.1312183e-01 1.59e+01 9.99e+02   1.1 0.00e+00    -  0.00e+00 3.43e-07R  3
 143r-1.1312138e-01 1.59e+01 4.51e+04   1.1 6.03e+04    -  4.49e-07 2.20e-09f  1
 144 -1.1309490e-01 1.59e+01 3.47e+06  -6.0 1.36e+02    -  9.85e-02 1.52e-03h  1
 145 -1.1307245e-01 1.59e+01 1.95e+06  -6.0 1.95e+02    -  1.52e-03 8.65e-04h  1
 146 -1.1305178e-01 1.59e+01 1.95e+06  -6.0 3.55e+02    -  3.99e-02 3.76e-04h  1
 147 -1.1187690e-01 1.55e+01 1.91e+06  -6.0 3.56e+02    -  2.95e-03 2.14e-02h  2
 148 -1.1155442e-01 1.54e+01 1.90e+06  -6.0 3.33e+02    -  6.19e-02 6.02e-03h  4
 149 -1.1154964e-01 1.54e+01 1.90e+06  -6.0 3.29e+02    -  4.90e-02 8.99e-05h 11
iter    objective    inf_pr   inf_du lg(mu)  ||d||  lg(rg) alpha_du alpha_pr  ls
 150 -1.1154898e-01 1.54e+01 2.74e+06  -6.0 3.31e+02    -  1.13e-01 1.24e-05h 14
 151 -1.0939312e-01 1.48e+01 2.63e+06  -6.0 3.37e+02    -  4.10e-02 4.10e-02s 19
 152 -1.0573673e-01 1.37e+01 2.43e+06  -6.0 2.96e+02    -  7.45e-02 7.45e-02s 19
 153r-1.0573673e-01 1.37e+01 1.00e+03   1.0 0.00e+00    -  0.00e+00 0.00e+00R  1
 154r-1.0570141e-01 1.37e+01 7.52e+04   1.0 3.66e+04    -  6.11e-07 2.04e-07f  1
 155r-1.0553820e-01 1.37e+01 7.52e+04   1.0 1.97e+04    -  7.58e-06 1.02e-06f  1
 156 -1.0550944e-01 1.37e+01 1.57e+06  -6.0 1.16e+02    -  3.88e-02 1.92e-03h  1
 157 -1.0550782e-01 1.37e+01 1.37e+04  -6.0 1.08e+02    -  1.92e-03 8.27e-05h  1
 158 -1.0545796e-01 1.36e+01 2.61e+05  -6.0 2.43e+02    -  2.09e-02 1.17e-03h  1
 159 -1.0481990e-01 1.34e+01 1.17e+05  -6.0 2.42e+02    -  3.51e-03 1.50e-02h  1
iter    objective    inf_pr   inf_du lg(mu)  ||d||  lg(rg) alpha_du alpha_pr  ls
 160 -1.0366749e-01 1.31e+01 4.14e+05  -6.0 2.32e+02    -  5.34e-02 2.82e-02h  1
 161 -1.0224246e-01 1.26e+01 7.72e+05  -6.0 1.92e+02    -  6.92e-02 3.61e-02h  1
 162 -1.0101804e-01 1.21e+01 6.73e+05  -6.0 1.79e+02    -  3.00e-02 3.52e-02h  1
 163 -1.0101757e-01 1.21e+01 5.74e+06  -6.0 2.93e+02    -  1.97e-01 1.65e-05h  1
 164 -1.0080576e-01 1.20e+01 7.71e+06  -6.0 4.26e+02    -  9.84e-02 1.43e-02h  1
 165 -9.9642956e-02 1.11e+01 9.86e+06  -6.0 5.06e+02    -  1.45e-01 6.99e-02h  1
 166 -9.9612239e-02 1.09e+01 1.28e+07  -6.0 7.98e+02    -  8.40e-02 2.38e-02h  1
 167 -9.9001318e-02 9.85e+00 1.79e+07  -6.0 7.04e+02    -  1.94e-01 9.53e-02h  1
 168 -9.9001331e-02 9.85e+00 1.79e+07  -6.0 1.18e+03    -  4.92e-07 1.69e-05h  1
 169 -9.8796280e-02 9.57e+00 1.77e+07  -6.0 1.20e+03    -  3.11e-02 2.84e-02h  1
iter    objective    inf_pr   inf_du lg(mu)  ||d||  lg(rg) alpha_du alpha_pr  ls
 170 -9.8689735e-02 9.50e+00 1.87e+07  -6.0 1.75e+03    -  1.50e-02 8.07e-03h  1
 171 -9.7971361e-02 9.09e+00 2.82e+07  -6.0 1.78e+03    -  1.17e-01 4.58e-02h  1
 172 -9.7566049e-02 8.93e+00 3.18e+07  -6.0 1.81e+03    -  7.09e-02 1.74e-02h  1
 173 -9.7566749e-02 8.93e+00 4.54e+07  -6.0 1.96e+03    -  8.23e-02 2.13e-05h  1
 174 -1.0005476e-01 8.47e+00 5.36e+07  -6.0 2.06e+03    -  1.44e-01 6.68e-02h  2
 175 -1.0046738e-01 8.35e+00 7.75e+07  -6.0 1.93e+03    -  2.48e-01 1.42e-02h  1
 176 -1.0248490e-01 7.84e+00 9.06e+07  -6.0 1.74e+03    -  4.42e-01 5.67e-02H  1
 177 -9.9429316e-02 7.84e+00 9.30e+07  -6.0 5.52e+04    -  1.84e-08 9.48e-04h  3
 178 -9.6559251e-02 7.41e+00 8.96e+07  -6.0 1.98e+03    -  2.64e-02 6.69e-02h  2
 179 -9.5358646e-02 7.11e+00 8.45e+07  -6.0 1.41e+03    -  5.88e-02 5.61e-02h  2
iter    objective    inf_pr   inf_du lg(mu)  ||d||  lg(rg) alpha_du alpha_pr  ls
 180 -9.3638882e-02 6.89e+00 8.31e+07  -6.0 1.65e+03    -  4.18e-07 3.61e-02h  1
 181 -9.3641280e-02 6.89e+00 7.43e+07  -6.0 1.88e+03    -  3.31e-01 9.50e-05h  1
 182 -9.3664839e-02 6.88e+00 7.25e+07  -6.0 2.39e+03    -  4.35e-02 7.51e-04h  1
 183 -9.4682434e-02 6.77e+00 5.81e+07  -6.0 2.28e+03    -  2.50e-01 2.24e-02h  3
 184 -9.6211067e-02 6.51e+00 5.57e+07  -6.0 1.29e+03  -4.5 5.69e-02 4.70e-02h  3
 185 -9.8722376e-02 6.27e+00 5.18e+07  -6.0 1.86e+03  -5.0 1.49e-07 7.51e-02h  1
 186 -9.8736874e-02 6.27e+00 5.13e+07  -6.0 1.98e+03  -5.5 9.55e-02 4.05e-04h  1
 187 -9.9601716e-02 6.13e+00 5.42e+07  -6.0 1.62e+03  -5.1 2.42e-01 3.15e-02h  4
 188 -1.0113730e-01 5.86e+00 5.79e+07  -6.0 1.25e+03  -4.6 1.60e-01 5.90e-02h  3
 189 -1.0271734e-01 5.66e+00 5.41e+07  -6.0 2.32e+03  -5.1 1.93e-01 3.65e-02h  3
iter    objective    inf_pr   inf_du lg(mu)  ||d||  lg(rg) alpha_du alpha_pr  ls
 190 -1.0415553e-01 5.39e+00 6.67e+07  -6.0 9.58e+02  -4.7 3.74e-01 5.92e-02h  3
 191 -1.0536468e-01 5.13e+00 6.75e+07  -6.0 8.89e+02  -4.3 8.36e-02 5.44e-02h  1
 192 -1.0728314e-01 4.75e+00 6.23e+07  -6.0 1.45e+03  -4.8 9.88e-02 7.94e-02h  2
 193 -1.0789460e-01 4.58e+00 8.75e+07  -6.0 7.97e+02  -4.3 2.63e-01 3.78e-02h  1
 194 -1.0880976e-01 4.36e+00 8.15e+07  -6.0 2.08e+03  -4.8 8.33e-02 4.79e-02h  1
 195 -1.0881159e-01 4.36e+00 8.53e+07  -6.0 6.28e+02  -4.4 4.63e-02 1.44e-04h  1
 196 -1.1017354e-01 4.68e+00 8.11e+07  -6.0 1.86e+03  -4.9 2.92e-07 1.01e-01h  2
 197 -1.1070987e-01 4.51e+00 7.13e+07  -6.0 8.34e+02  -4.4 6.23e-02 1.06e-01h  2
 198 -1.1068402e-01 4.50e+00 7.00e+07  -6.0 4.19e+03  -4.9 1.39e-02 2.29e-03h  4
 199 -1.1084802e-01 4.30e+00 6.79e+07  -6.0 6.54e+02  -4.5 2.21e-01 8.26e-02h  1
iter    objective    inf_pr   inf_du lg(mu)  ||d||  lg(rg) alpha_du alpha_pr  ls
 200r-1.1084802e-01 4.30e+00 1.00e+03   0.4 0.00e+00  -4.1 0.00e+00 2.54e-07R  4
 201r-1.1059621e-01 4.30e+00 1.37e+04   0.4 1.07e+04    -  3.16e-07 1.66e-06f  1
 202 -1.1060026e-01 4.29e+00 2.59e+04  -6.0 2.28e+01    -  1.75e-03 2.24e-03h  1
 203 -1.1061914e-01 4.26e+00 1.58e+05  -6.0 2.62e+01    -  2.25e-03 6.70e-03h  1
 204r-1.1061914e-01 4.26e+00 9.99e+02   0.4 0.00e+00    -  0.00e+00 1.91e-08R  2
 205r-1.1061907e-01 4.26e+00 8.81e+03   0.4 2.18e+04    -  3.74e-07 1.08e-09f  1
 206 -1.1062208e-01 4.25e+00 9.88e+05  -6.0 2.26e+01    -  2.91e-02 1.68e-03h  1
 207 -1.1062348e-01 4.25e+00 2.74e+05  -6.0 2.53e+01    -  1.68e-03 5.38e-04h  1
 208 -1.1062384e-01 4.25e+00 5.89e+07  -6.0 4.57e+02    -  8.18e-02 4.33e-05h  1
 209 -1.1102265e-01 4.05e+00 2.79e+07  -6.0 5.03e+02    -  2.33e-03 4.54e-02h  1
iter    objective    inf_pr   inf_du lg(mu)  ||d||  lg(rg) alpha_du alpha_pr  ls
 210 -1.1154986e-01 3.74e+00 7.89e+07  -6.0 4.94e+02    -  1.50e-01 7.73e-02h  1
 211 -1.1290249e-01 2.71e+00 5.90e+06  -6.0 4.75e+02    -  1.78e-01 2.70e-01h  1
 212 -1.1329318e-01 2.26e+00 1.98e+08  -6.0 3.70e+02    -  5.27e-01 1.65e-01h  1
 213 -1.1457090e-01 2.05e+00 1.81e+08  -6.0 1.11e+03    -  1.00e-01 9.16e-02h  1
 214r-1.1457090e-01 2.05e+00 1.00e+03   0.2 0.00e+00  -3.6 0.00e+00 4.75e-07R  4
 215r-1.1455854e-01 2.05e+00 1.00e+03   0.2 1.71e+04    -  6.50e-08 9.41e-08f  1
 216 -1.1456763e-01 2.04e+00 1.67e+02  -6.0 3.34e+02    -  1.67e-05 2.78e-03h  1
 217 -1.1456552e-01 2.04e+00 6.12e+07  -6.0 1.03e+03    -  2.17e-02 4.89e-05h  1
 218 -1.1456567e-01 2.04e+00 6.16e+07  -6.0 3.36e+02    -  2.90e-03 6.23e-04h  1
 219 -1.1474736e-01 1.90e+00 9.44e+07  -6.0 3.36e+02    -  1.66e-01 6.74e-02h  1
iter    objective    inf_pr   inf_du lg(mu)  ||d||  lg(rg) alpha_du alpha_pr  ls
 220 -1.1517307e-01 1.57e+00 4.09e+07  -6.0 1.79e+02    -  7.68e-02 1.72e-01h  1
 221 -1.1571748e-01 1.09e+00 2.87e+07  -6.0 1.31e+02    -  1.42e-01 3.00e-01h  1
 222 -1.1560299e-01 5.77e-01 6.56e+06  -6.0 2.87e+01    -  5.07e-01 4.70e-01h  1
 223r-1.1560299e-01 5.77e-01 1.00e+03  -0.4 0.00e+00    -  0.00e+00 3.80e-07R  2
 224r-1.1565867e-01 5.77e-01 3.32e+03  -0.4 6.97e+03    -  1.37e-05 4.66e-06f  1
 225 -1.1572043e-01 3.89e-01 2.38e+07  -6.0 3.19e+00    -  6.06e-01 3.26e-01h  1
 226 -1.1577743e-01 1.97e-01 4.00e+07  -6.0 1.17e+00    -  3.17e-01 4.94e-01h  1
 227 -1.1582800e-01 6.58e-02 1.36e+07  -6.0 6.18e-01    -  5.56e-01 6.66e-01h  1
 228 -1.1593237e-01 4.63e-04 1.65e+05  -6.0 4.92e-01    -  7.08e-01 9.93e-01h  1
 229 -1.1758281e-01 2.82e-03 1.75e+04  -6.0 8.85e+00    -  5.88e-01 1.00e+00f  1
iter    objective    inf_pr   inf_du lg(mu)  ||d||  lg(rg) alpha_du alpha_pr  ls
 230 -1.1930777e-01 3.37e-03 1.23e+04  -6.0 8.96e+00    -  2.97e-01 1.00e+00h  1
 231 -1.2248303e-01 8.94e-03 9.20e+03  -6.0 1.46e+01    -  2.50e-01 1.00e+00h  1
 232 -1.2412477e-01 7.01e-03 5.30e+03  -6.0 1.57e+01    -  4.24e-01 4.42e-01h  1
 233 -1.2684516e-01 3.04e-02 4.13e+03  -6.0 1.63e+01    -  2.22e-01 5.85e-01f  1
 234 -1.2701325e-01 2.91e-02 2.93e+03  -6.0 2.17e+01    -  2.89e-01 1.16e-01f  1
 235 -1.2896119e-01 2.01e-02 2.61e+03  -6.0 2.28e+01    -  1.11e-01 4.42e-01h  1
 236 -1.3070731e-01 2.03e-02 1.88e+03  -6.0 2.77e+01    -  2.77e-01 4.06e-01f  1
 237 -1.3412952e-01 1.17e-01 1.19e+03  -6.0 3.93e+01    -  3.66e-01 6.10e-01h  1
 238 -1.3600357e-01 1.07e-01 5.74e+02  -6.0 6.89e+01    -  5.19e-01 2.77e-01f  1
 239 -1.3776851e-01 2.43e-01 4.68e+02  -6.0 1.25e+02    -  1.85e-01 1.50e-01h  1
iter    objective    inf_pr   inf_du lg(mu)  ||d||  lg(rg) alpha_du alpha_pr  ls
 240 -1.4435868e-01 3.04e+00 4.23e+02  -6.0 1.43e+02    -  6.97e-01 5.22e-01h  1
 241 -1.4447763e-01 2.64e+00 1.63e+02  -6.0 1.81e+00  -4.1 1.48e-01 1.30e-01h  1
 242 -1.4473132e-01 1.87e+00 8.40e+01  -6.0 1.94e+00  -4.6 4.11e-01 2.91e-01h  1
 243 -1.4477408e-01 1.81e+00 1.74e+02  -6.0 3.66e+00  -5.1 3.80e-01 3.40e-02h  1
 244 -1.4502711e-01 1.57e+00 2.99e+03  -6.0 8.55e+00  -5.5 9.41e-01 1.32e-01h  1
 245 -1.4571854e-01 1.28e+00 4.73e+03  -6.0 2.42e+01  -6.0 9.86e-01 1.86e-01h  1
 246 -1.4663768e-01 9.16e+00 4.77e+03  -6.0 4.61e+02  -6.5 1.76e-01 6.21e-02h  1
 247 -1.5221631e-01 7.06e+00 4.03e+03  -6.0 3.60e+02  -7.0 3.41e-01 1.64e-01h  1
 248 -1.5553794e-01 4.23e+00 5.01e+03  -6.0 1.78e+02  -7.4 7.43e-01 4.08e-01h  1
 249 -1.6203211e-01 2.59e+00 2.63e+03  -6.0 5.24e+02  -7.9 3.21e-01 3.61e-01h  1
iter    objective    inf_pr   inf_du lg(mu)  ||d||  lg(rg) alpha_du alpha_pr  ls
 250 -1.6641521e-01 2.83e+00 2.34e+03  -6.0 1.97e+03  -8.4 6.42e-02 7.82e-02h  1
 251 -1.6774011e-01 2.82e+00 1.21e+03  -6.0 1.60e+03  -8.0 1.97e-02 4.89e-02h  1
 252 -1.6796657e-01 2.82e+00 1.26e+03  -6.0 4.14e+03  -8.4 5.38e-04 2.37e-03h  1
 253 -1.6833931e-01 2.78e+00 1.81e+04  -6.0 7.15e+02  -8.0 5.71e-01 1.64e-02f  1
 254 -1.6944645e-01 3.66e+00 2.06e+04  -6.0 5.09e+02  -7.6 2.42e-01 9.17e-02h  1
 255 -1.7881671e-01 2.40e+00 1.74e+04  -6.0 7.51e+02  -8.1 6.69e-01 3.83e-01h  1
 256 -1.8307919e-01 1.42e+00 9.55e+03  -6.0 4.35e+02  -7.6 6.56e-02 3.96e-01h  1
 257 -1.8436750e-01 1.36e+00 5.46e+04  -6.0 1.20e+03  -8.1 4.02e-01 6.10e-02h  1
 258 -1.8867090e-01 1.12e+00 1.96e+04  -6.0 3.21e+02  -7.7 1.11e-01 4.15e-01h  1
 259 -1.8994071e-01 1.05e+00 1.43e+05  -6.0 7.38e+02  -8.2 2.42e-01 6.30e-02h  1
iter    objective    inf_pr   inf_du lg(mu)  ||d||  lg(rg) alpha_du alpha_pr  ls
 260 -1.9056772e-01 7.41e+00 3.76e+07  -6.0 2.48e+03  -7.7 3.58e-04 3.66e-02h  1
 261 -1.9254843e-01 6.41e+00 3.23e+07  -6.0 2.32e+02  -7.3 5.40e-02 1.41e-01h  1
 262 -1.9679558e-01 7.16e+00 1.34e+07  -6.0 3.61e+02  -7.8 2.64e-01 5.84e-01h  1
 263 -1.9953963e-01 4.05e+00 2.95e+06  -6.0 2.83e+02  -7.4 1.39e-01 7.80e-01h  1
 264 -1.9963389e-01 4.03e+00 2.93e+06  -6.0 1.90e+03  -7.9 6.34e-03 6.95e-03h  1
 265 -2.0226420e-01 8.80e+00 2.82e+06  -6.0 4.18e+03  -8.3 9.98e-03 3.73e-02h  1
 266 -2.0312860e-01 8.62e+00 2.68e+06  -6.0 5.13e+02  -7.9 4.32e-01 5.10e-02h  1
 267 -2.0416299e-01 8.12e+00 2.51e+06  -6.0 7.91e+02  -8.4 5.49e-02 6.39e-02h  1
 268 -2.0496977e-01 7.58e+00 2.21e+06  -6.0 3.41e+02  -8.0 1.54e-01 1.18e-01h  1
 269 -2.0573296e-01 2.66e+00 3.22e+03  -6.0 1.55e+01  -6.6 8.25e-01 1.00e+00h  1
iter    objective    inf_pr   inf_du lg(mu)  ||d||  lg(rg) alpha_du alpha_pr  ls
 270 -2.0615722e-01 4.70e+00 3.03e+03  -6.0 2.88e+02  -7.1 6.27e-02 6.09e-02h  1
 271 -2.0647267e-01 3.62e+00 2.31e+03  -6.0 2.70e+01  -6.7 4.69e-01 2.34e-01h  1
 272 -2.0698447e-01 3.01e+00 1.88e+03  -6.0 6.89e+01  -7.2 1.00e+00 1.83e-01h  1
 273 -2.0999029e-01 1.47e+00 9.21e+02  -6.0 1.68e+02  -7.6 5.58e-01 5.12e-01h  1
 274 -2.1031278e-01 1.38e+00 8.62e+02  -6.0 3.00e+02  -8.1 4.62e-01 6.54e-02h  1
 275 -2.1201698e-01 1.17e+00 7.25e+02  -6.0 7.37e+02  -8.6 9.96e-01 1.60e-01h  1
 276 -2.1228036e-01 1.09e+00 7.05e+02  -6.0 2.73e+02  -8.2 9.09e-01 6.59e-02h  1
 277 -2.1367278e-01 9.39e-01 5.67e+02  -6.0 7.15e+02  -8.6 7.76e-01 1.62e-01h  1
 278 -2.1435024e-01 1.00e+00 5.49e+02  -6.0 5.88e+03  -9.1 5.56e-02 3.11e-02h  1
 279 -2.1595573e-01 9.90e-01 4.41e+02  -6.0 7.67e+02  -8.7 5.61e-01 1.97e-01h  1
iter    objective    inf_pr   inf_du lg(mu)  ||d||  lg(rg) alpha_du alpha_pr  ls
 280 -2.1960881e-01 3.69e+00 5.95e+01  -6.0 4.73e+02  -8.3 1.13e-01 9.36e-01h  1
 281 -2.1989428e-01 2.39e+00 4.89e+01  -6.0 1.66e+02  -7.8 4.74e-02 3.54e-01h  1
 282 -2.2240528e-01 2.15e+00 6.43e+00  -6.0 3.42e+02  -8.3 8.08e-01 1.00e+00h  1
 283 -2.2240542e-01 1.60e+00 4.68e+00  -6.0 3.47e-01  -4.3 2.27e-01 2.52e-01h  1
 284 -2.2241031e-01 1.19e+00 1.40e+02  -6.0 7.92e-01  -4.8 4.65e-01 2.56e-01h  1
 285 -2.2232117e-01 3.99e-04 7.18e+00  -6.0 5.20e-01  -5.2 1.00e+00 1.00e+00h  1
 286 -2.2236461e-01 1.94e-04 1.24e+02  -6.0 1.71e+00  -5.7 1.00e+00 5.98e-01h  1
 287 -2.2242795e-01 1.35e-04 4.52e+01  -6.0 3.10e+00  -6.2 6.17e-01 6.42e-01f  1
 288 -2.2243894e-01 1.28e-04 4.67e+01  -6.0 4.44e+00  -5.8 5.56e-01 7.59e-02h  1
 289 -2.2242794e-01 1.30e-04 4.58e+01  -6.0 7.97e+01  -6.2 1.02e-02 2.98e-03h  4
iter    objective    inf_pr   inf_du lg(mu)  ||d||  lg(rg) alpha_du alpha_pr  ls
 290 -2.2253164e-01 1.01e-03 5.23e+01  -6.0 1.63e+01  -6.7 1.00e+00 2.41e-01h  1
 291 -2.2323761e-01 3.95e-02 9.03e+01  -6.0 2.94e+01  -7.2 1.68e-01 1.00e+00f  1
 292 -2.2370631e-01 5.00e-02 1.53e+02  -6.0 1.05e+02  -7.7 1.00e+00 1.89e-01h  1
 293 -2.2477661e-01 1.01e-01 1.19e+02  -6.0 2.76e+02  -8.1 2.21e-01 2.11e-01h  1
Error in an AMPL evaluation. Run with "halt_on_ampl_error yes" to see details.
Warning: Cutting back alpha due to evaluation error
 294 -2.2682499e-01 3.18e-01 1.01e+02  -6.0 9.59e+02  -8.6 1.54e-01 1.95e-01h  2
 295 -2.2842236e-01 2.92e+00 1.01e+02  -6.0 6.96e+05  -9.1 5.97e-04 4.98e-04h  1
 296 -2.2876916e-01 2.57e+00 3.44e+02  -6.0 6.22e+01  -6.9 1.71e-01 1.20e-01h  1
 297 -2.3006218e-01 1.64e+00 9.54e+02  -6.0 1.23e+02  -7.3 1.51e-01 3.62e-01h  1
 298 -2.3112322e-01 1.14e+00 7.02e+02  -6.0 1.60e+02  -7.8 3.34e-01 3.04e-01h  1
 299 -2.3155282e-01 1.03e+00 2.64e+03  -6.0 4.94e+02  -8.3 2.56e-03 1.04e-01h  1
iter    objective    inf_pr   inf_du lg(mu)  ||d||  lg(rg) alpha_du alpha_pr  ls
 300 -2.3182236e-01 1.00e+00 2.30e+03  -6.0 2.00e+03  -8.8 7.10e-03 2.73e-02h  1
 301 -2.3183825e-01 9.95e-01 1.21e+03  -6.0 5.41e+02  -8.3 2.13e-01 4.63e-03h  1
 302 -2.3257828e-01 9.22e-01 1.08e+03  -6.0 1.36e+03  -8.8 4.35e-02 9.40e-02f  1
 303 -2.3275953e-01 8.70e-01 1.04e+03  -6.0 1.07e+03  -8.4 1.46e-01 5.74e-02h  1
 304 -2.3318240e-01 8.30e-01 9.77e+02  -6.0 1.59e+03  -8.9 3.17e-03 5.30e-02h  1
 305 -2.3496611e-01 8.36e-01 4.77e+02  -6.0 6.17e+02  -8.4 4.41e-01 5.07e-01h  1
 306 -2.3543437e-01 1.50e+00 3.21e+01  -6.0 5.20e+01  -7.1 4.01e-01 1.00e+00f  1
 307 -2.3543737e-01 1.53e+00 1.89e+01  -6.0 1.48e+01  -6.7 5.91e-01 1.00e+00h  1
 308 -2.3569433e-01 8.18e+00 1.05e+01  -6.0 4.81e+01  -7.2 2.52e-01 6.50e-01h  1
 309 -2.3611886e-01 5.38e+00 4.48e+00  -6.0 1.30e+02  -7.6 6.84e-01 5.37e-01h  1
iter    objective    inf_pr   inf_du lg(mu)  ||d||  lg(rg) alpha_du alpha_pr  ls
 310 -2.3653742e-01 4.21e+00 7.40e+00  -6.0 3.82e+02  -8.1 1.00e+00 2.51e-01h  1
 311 -2.3898325e-01 2.71e+00 6.30e+00  -6.0 9.02e+02  -8.6 5.27e-01 6.61e-01h  1
 312 -2.4138860e-01 4.79e+00 2.79e+01  -6.0 5.38e+02  -8.2 4.44e-01 9.52e-01h  1
 313 -2.4271776e-01 1.17e+01 1.45e+01  -6.0 6.35e+01  -6.8 4.59e-01 4.92e-01h  1
 314 -2.4273341e-01 1.09e+01 3.44e+01  -6.0 8.13e+01  -7.3 7.58e-01 6.98e-02h  1
 315 -2.4358176e-01 2.86e+00 2.36e+01  -6.0 1.60e+02  -7.8 1.37e-01 7.31e-01h  1
 316 -2.4407733e-01 2.35e+00 2.64e+01  -6.0 3.94e+02  -8.3 5.40e-02 1.80e-01h  1
 317 -2.4436804e-01 2.23e+00 6.89e+01  -6.0 8.29e+02  -8.8 1.98e-01 5.13e-02h  1
 318 -2.4591846e-01 2.24e+00 9.58e+01  -6.0 1.26e+03  -9.2 6.31e-01 2.42e-01h  1
 319 -2.4628065e-01 2.35e+00 1.19e+02  -6.0 1.42e+03  -9.7 3.41e-01 2.40e-01h  1
iter    objective    inf_pr   inf_du lg(mu)  ||d||  lg(rg) alpha_du alpha_pr  ls
 320 -2.4659367e-01 2.12e+00 2.11e+02  -6.0 5.84e+02  -9.3 5.96e-01 3.80e-01h  1
 321 -2.4745214e-01 3.68e+01 2.63e+02  -6.0 2.15e+03  -9.8 3.69e-01 5.90e-01h  1
 322 -2.4804252e-01 1.83e+01 3.01e+03  -6.0 9.75e+02  -9.3 3.03e-01 1.00e+00h  1
 323 -2.4818529e-01 1.68e+01 3.77e+02  -6.0 1.55e+03  -9.8 2.08e-01 9.32e-02h  1
 324 -2.4836787e-01 1.32e+01 8.80e+03  -6.0 7.97e+02  -9.4 6.03e-01 2.68e-01h  1
 325 -2.4844638e-01 1.00e+01 1.85e+06  -6.0 5.92e+02  -9.0 3.27e-03 2.58e-01h  1
 326 -2.4845527e-01 9.54e+00 1.75e+06  -6.0 1.05e+03  -9.4 1.86e-03 5.38e-02h  1
 327 -2.4846919e-01 9.42e+00 1.73e+06  -6.0 1.72e+03  -9.9 1.91e-01 1.39e-02h  1
 328 -2.4853342e-01 8.44e+00 1.42e+06  -6.0 1.09e+03  -9.5 5.34e-01 1.79e-01h  1
 329 -2.4874110e-01 1.28e+01 7.17e+05  -6.0 1.51e+03 -10.0 4.83e-01 4.95e-01h  1
iter    objective    inf_pr   inf_du lg(mu)  ||d||  lg(rg) alpha_du alpha_pr  ls
 330 -2.4875123e-01 1.27e+01 7.11e+05  -6.0 3.81e+03  -8.6 6.88e-03 7.44e-03h  1
 331 -2.4875997e-01 1.26e+01 7.08e+05  -6.0 4.46e+03  -9.1 5.21e-03 4.40e-03h  1
 332 -2.4875997e-01 1.26e+01 7.08e+05  -6.0 2.42e+04  -9.6 8.45e-07 4.05e-07h  2
 333 -2.4875997e-01 1.26e+01 7.08e+05  -6.0 2.79e+00   0.3 8.54e-03 1.02e-06h  2
 334 -2.4875997e-01 1.26e+01 7.07e+05  -6.0 2.35e+00  -0.2 1.20e-02 1.27e-03h  1
 335r-2.4875997e-01 1.26e+01 9.99e+02   1.0 0.00e+00  -0.7 0.00e+00 5.48e-08R  2
 336r-2.4879612e-01 1.26e+01 9.99e+02   1.0 1.07e+06    -  1.24e-09 4.73e-09f  1
 337 -2.4879613e-01 1.26e+01 2.00e+00  -6.0 1.52e+02    -  1.77e-06 2.46e-06h  2
 338r-2.4879613e-01 1.26e+01 9.99e+02   1.0 0.00e+00    -  0.00e+00 5.06e-08R  8
 339r-2.4879613e-01 1.26e+01 9.99e+02   1.0 1.19e+06    -  1.66e-09 1.70e-12f  2
iter    objective    inf_pr   inf_du lg(mu)  ||d||  lg(rg) alpha_du alpha_pr  ls
 340r-2.4879293e-01 1.26e+01 1.00e+05   1.0 1.11e+05    -  3.97e-08 6.78e-09f  1
 341 -2.4879294e-01 1.26e+01 7.83e+04  -6.0 4.32e+01    -  8.35e-04 1.88e-05h  1
 342 -2.4879405e-01 1.20e+01 2.13e+08  -6.0 1.26e+01    -  1.98e-05 5.28e-02h  1
 343 -2.4879409e-01 1.17e+01 2.09e+08  -6.0 1.03e+01    -  6.67e-03 1.88e-02h  1
 344 -2.4878663e-01 7.80e+00 1.39e+08  -6.0 9.89e+00    -  3.00e-02 3.35e-01h  1
 345 -2.4878560e-01 7.36e+00 1.31e+08  -6.0 4.86e+00    -  1.04e-01 5.76e-02h  1
 346 -2.4877519e-01 4.41e+00 7.86e+07  -6.0 3.96e+00    -  3.55e-01 4.00e-01h  1
 347 -2.4876085e-01 3.33e-01 5.94e+06  -6.0 1.59e+00    -  6.38e-01 9.24e-01h  1
 348 -2.4876267e-01 1.58e-01 2.81e+06  -6.0 1.28e-01    -  9.85e-01 5.28e-01h  1
 349 -2.4875820e-01 2.20e-04 6.57e+00  -6.0 8.56e-01    -  9.42e-01 1.00e+00h  1
iter    objective    inf_pr   inf_du lg(mu)  ||d||  lg(rg) alpha_du alpha_pr  ls
 350 -2.4874380e-01 8.00e-03 4.27e+00  -6.0 1.66e+01    -  8.53e-01 9.23e-01h  1
 351 -2.4875110e-01 3.86e-03 3.69e+00  -6.0 9.75e+01    -  8.94e-01 1.00e+00F  1
 352 -2.4876977e-01 9.64e-02 1.37e+01  -6.0 4.05e+02    -  7.30e-01 1.71e-01h  3
 353 -2.4877412e-01 1.18e-01 8.37e+01  -6.0 1.53e+03    -  4.00e-01 2.27e-02h  5
 354 -2.4878139e-01 3.70e-01 1.56e+02  -6.0 5.00e+03    -  1.52e-01 2.26e-02h  5
 355 -2.4878012e-01 1.97e-05 1.06e+02  -6.0 4.12e-02  -1.2 3.48e-01 1.00e+00h  1
 356 -2.4877942e-01 6.98e-08 7.66e-03  -6.0 1.65e-03  -1.7 1.00e+00 1.00e+00h  1
 357 -2.4877998e-01 3.71e-07 5.28e-04  -6.0 3.79e-03  -2.1 1.00e+00 1.00e+00h  1
 358 -2.4878088e-01 4.26e-07 1.42e-03  -6.0 4.07e-03  -2.6 1.00e+00 1.00e+00h  1
 359 -2.4878065e-01 5.21e-08 1.41e-04  -6.0 6.45e-03  -3.1 1.00e+00 1.00e+00h  1
iter    objective    inf_pr   inf_du lg(mu)  ||d||  lg(rg) alpha_du alpha_pr  ls
 360 -2.4878058e-01 5.65e-07 6.28e-05  -6.0 1.64e-02  -3.6 1.00e+00 1.00e+00h  1
 361 -2.4878009e-01 3.31e-06 1.08e-04  -6.0 3.39e-02  -4.0 1.00e+00 1.00e+00h  1
 362 -2.4877844e-01 1.25e-05 2.98e-04  -6.0 5.78e-02  -4.5 1.00e+00 1.00e+00h  1
 363 -2.4877413e-01 1.46e-05 1.91e-03  -6.0 1.51e-01  -5.0 1.00e+00 1.00e+00h  1
 364 -2.4876449e-01 7.29e-05 9.64e-03  -6.0 3.55e-01  -5.5 1.00e+00 1.00e+00h  1
 365 -2.4874786e-01 1.89e-04 2.92e-02  -6.0 6.27e-01  -5.9 1.00e+00 1.00e+00h  1
 366 -2.4872994e-01 1.58e-04 4.05e-02  -6.0 1.50e+00  -6.4 1.00e+00 1.00e+00h  1
 367 -2.4871694e-01 1.40e-04 3.44e-02  -6.0 2.57e+00  -6.9 1.00e+00 1.00e+00h  1
 368 -2.4870943e-01 1.12e-03 6.11e-03  -6.0 7.77e+00  -7.4 1.00e+00 1.00e+00h  1
 369 -2.4870839e-01 9.65e-03 1.93e-03  -6.0 2.23e+01  -7.9 1.00e+00 1.00e+00h  1
iter    objective    inf_pr   inf_du lg(mu)  ||d||  lg(rg) alpha_du alpha_pr  ls
 370 -2.4871550e-01 9.47e-02 4.93e-03  -6.0 5.76e+01  -8.3 1.00e+00 1.00e+00h  1
 371 -2.4873563e-01 1.00e-02 2.01e-02  -6.0 1.23e+02  -8.8 1.00e+00 1.00e+00H  1
 372 -2.4881802e-01 1.49e+00 1.42e-01  -6.0 3.85e+02  -9.3 1.00e+00 1.00e+00H  1
 373 -2.4894989e-01 4.00e+00 1.05e+01  -6.0 1.93e+03  -9.8 2.23e-01 3.33e-01H  1
 374 -2.4911324e-01 1.55e+00 4.68e+02  -6.0 3.87e+03 -10.2 2.75e-02 6.52e-01H  1
 375 -2.4911218e-01 9.17e-02 1.13e+00  -6.0 7.35e+01  -8.9 1.00e+00 1.00e+00h  1
 376 -2.4917332e-01 9.35e-01 5.71e-01  -6.0 2.34e+02  -9.4 1.00e+00 1.00e+00h  1
 377 -2.4918489e-01 9.51e-01 2.77e+00  -6.0 3.34e+03  -9.9 8.55e-03 1.20e-02h  2
 378 -2.4919166e-01 9.28e-01 2.33e+00  -6.0 2.52e+02  -7.6 2.71e-02 2.43e-02h  2
 379 -2.4921082e-01 7.89e-01 2.16e+00  -6.0 4.10e+01  -7.2 2.41e-01 1.50e-01h  1
iter    objective    inf_pr   inf_du lg(mu)  ||d||  lg(rg) alpha_du alpha_pr  ls
 380 -2.4928001e-01 6.84e+00 6.21e+00  -6.0 1.56e+01  -7.7 6.74e-01 1.00e+00h  1
 381 -2.4934887e-01 1.30e+01 9.83e+00  -6.0 1.70e+02  -8.2 1.42e-01 7.84e-02h  1
 382 -2.4937896e-01 9.60e+00 7.01e+00  -6.0 3.26e+01  -8.6 1.00e+00 1.00e+00h  1
 383 -2.4939552e-01 1.44e-01 3.36e-01  -6.0 9.25e+01  -9.1 1.00e+00 1.00e+00h  1
 384 -2.4943984e-01 2.68e-01 1.63e-01  -6.0 2.56e+02  -9.6 1.00e+00 1.00e+00h  1
 385 -2.4953023e-01 1.67e+00 1.47e+00  -6.0 6.70e+02 -10.1 1.00e+00 1.00e+00h  1
 386 -2.4953110e-01 1.50e+00 1.88e+01  -6.0 1.74e+03 -10.6 1.00e+00 1.87e-01h  1
 387 -2.4953182e-01 2.14e+00 7.37e+01  -6.0 2.39e+04    -  1.21e-01 1.03e-02h  4
 388 -2.4953422e-01 2.74e+00 1.05e+02  -6.0 3.58e+03 -11.0 7.00e-01 6.89e-02h  4
 389 -2.4953374e-01 2.73e+00 1.47e+02  -6.0 1.09e+04    -  3.21e-01 1.10e-02h  5
iter    objective    inf_pr   inf_du lg(mu)  ||d||  lg(rg) alpha_du alpha_pr  ls
 390 -2.4953174e-01 2.72e+00 3.54e+02  -6.0 7.67e+03    -  7.18e-01 2.62e-02h  4
 391 -2.4957476e-01 6.39e-01 8.24e+01  -6.0 2.53e+02  -9.7 7.71e-01 1.00e+00h  1
 392 -2.4959525e-01 1.33e+00 1.45e+00  -6.0 5.20e+02 -10.2 1.00e+00 1.00e+00h  1
 393 -2.4961456e-01 1.88e+00 6.07e+00  -6.0 1.77e+03 -10.7 1.00e+00 1.00e+00H  1
 394 -2.4963856e-01 1.10e+00 4.62e+00  -6.0 4.50e+02 -10.2 1.00e+00 3.81e-01h  1
 395 -2.4963282e-01 1.29e+00 6.58e+00  -6.0 2.16e+03    -  1.00e+00 3.58e-01h  1
 396 -2.4963715e-01 7.93e-01 6.24e+00  -6.0 6.63e+02 -10.7 4.49e-01 2.65e-01h  1
 397 -2.4967274e-01 2.56e-01 8.06e+00  -6.0 1.18e+02  -9.4 3.14e-02 1.00e+00h  1
 398 -2.4967844e-01 2.62e-03 5.47e-01  -6.0 5.04e-01  -7.1 9.31e-01 1.00e+00h  1
 399 -2.4967911e-01 1.41e-04 2.91e-04  -6.0 8.41e-01  -7.6 1.00e+00 1.00e+00h  1
iter    objective    inf_pr   inf_du lg(mu)  ||d||  lg(rg) alpha_du alpha_pr  ls
 400 -2.4967982e-01 2.40e-04 2.56e-04  -6.0 2.49e+00  -8.1 1.00e+00 1.00e+00h  1
 401 -2.4968178e-01 1.82e-03 1.64e-03  -6.0 7.12e+00  -8.6 1.00e+00 1.00e+00h  1
 402 -2.4968650e-01 1.47e-02 1.01e-02  -6.0 2.08e+01  -9.1 1.00e+00 1.00e+00h  1
 403 -2.4969476e-01 8.77e-02 3.98e-02  -6.0 6.79e+01  -9.5 1.00e+00 1.00e+00h  1
 404 -2.4969909e-01 5.58e-01 4.05e-02  -6.0 2.17e+02 -10.0 1.00e+00 1.00e+00h  1
 405 -2.4969786e-01 1.08e+00 4.38e+01  -6.0 6.61e+03    -  4.53e-01 3.24e-02h  2
 406 -2.4967485e-01 1.86e+00 8.25e+00  -6.0 7.78e+02    -  1.00e+00 5.10e-01h  1
 407 -2.4965031e-01 2.11e-01 7.55e-02  -6.0 3.82e+02    -  9.98e-01 1.00e+00h  1
 408 -2.4965243e-01 1.08e-01 3.43e-02  -6.0 7.72e+01    -  1.00e+00 1.00e+00h  1
 409 -2.4965236e-01 8.00e-05 3.58e-05  -6.0 2.21e+00    -  1.00e+00 1.00e+00h  1
iter    objective    inf_pr   inf_du lg(mu)  ||d||  lg(rg) alpha_du alpha_pr  ls
 410 -2.4965236e-01 8.21e-08 3.31e-08  -6.0 6.75e-02    -  1.00e+00 1.00e+00h  1
 411 -2.4984370e-01 5.27e-01 4.22e+01  -7.5 3.45e+03    -  2.69e-01 1.42e-01f  1
 412 -2.5006685e-01 1.41e+00 1.86e+01  -7.5 3.68e+03    -  1.35e-01 2.09e-01h  1
 413 -2.5041566e-01 3.21e+00 8.10e+00  -7.5 2.86e+03    -  3.76e-01 3.91e-01h  1
 414 -2.5047110e-01 2.98e+00 1.31e+01  -7.5 4.59e+03    -  1.61e-01 1.04e-01h  1
 415 -2.5070637e-01 4.34e+00 2.58e+01  -7.5 8.61e+03    -  3.24e-01 4.01e-01h  1
 416 -2.5089186e-01 1.59e+00 2.64e+01  -7.5 2.57e+02  -9.6 5.60e-01 6.38e-01h  1
 417 -2.5129936e-01 1.17e+01 2.73e+01  -7.5 3.58e+03 -10.1 4.18e-01 6.12e-01h  1
 418 -2.5163508e-01 6.24e+00 3.27e+01  -7.5 2.11e+02  -8.7 1.01e-01 4.88e-01h  1
 419 -2.5234212e-01 7.78e+00 7.69e+00  -7.5 8.86e+02  -9.2 7.52e-01 5.69e-01h  1
iter    objective    inf_pr   inf_du lg(mu)  ||d||  lg(rg) alpha_du alpha_pr  ls
 420 -2.5257494e-01 5.80e+00 4.79e+01  -7.5 3.50e+02  -8.8 7.99e-01 2.81e-01h  1
 421 -2.5382726e-01 1.35e+01 7.47e+01  -7.5 1.83e+03  -9.3 6.13e-01 3.80e-01h  1
 422 -2.5517974e-01 4.34e+01 1.35e+01  -7.5 9.43e+03    -  1.09e-02 1.30e-01h  1
 423 -2.5564401e-01 4.21e+01 8.64e+02  -7.5 3.14e+04    -  2.03e-02 2.99e-02h  1
 424 -2.5581380e-01 4.17e+01 1.27e+03  -7.5 6.69e+03    -  5.04e-03 1.00e-02h  1
 425 -2.5632557e-01 3.70e+01 2.70e+03  -7.5 1.59e+03    -  2.20e-02 1.43e-01h  1
 426 -2.5645302e-01 3.57e+01 2.43e+01  -7.5 1.40e+03    -  1.70e-01 3.61e-02h  1
 427 -2.5739330e-01 2.96e+01 6.53e+02  -7.5 1.40e+03    -  3.04e-01 2.66e-01h  1
 428 -2.5759961e-01 2.81e+01 1.62e+06  -7.5 1.33e+03    -  3.90e-04 5.70e-02h  1
 429 -2.5837451e-01 2.03e+01 1.16e+06  -7.5 2.87e+03    -  1.20e-03 2.86e-01h  1
iter    objective    inf_pr   inf_du lg(mu)  ||d||  lg(rg) alpha_du alpha_pr  ls
 430 -2.5947183e-01 6.64e+00 3.79e+05  -7.5 1.31e+03    -  1.50e-02 6.73e-01h  1
 431 -2.5951402e-01 6.20e+00 3.54e+05  -7.5 1.17e+03    -  3.15e-01 6.59e-02h  1
 432 -2.5980732e-01 3.33e+00 1.88e+05  -7.5 2.91e+02  -9.7 4.40e-01 4.70e-01h  1
 433 -2.5981128e-01 3.33e+00 1.87e+05  -7.5 5.61e+03 -10.2 5.72e-04 1.02e-03h  1
 434 -2.5991214e-01 2.54e+00 1.42e+05  -7.5 3.34e+02 -10.7 3.04e-01 2.42e-01h  1
 435 -2.5994511e-01 1.86e+00 1.47e+06  -7.5 7.69e+02 -11.2 6.54e-04 2.71e-01h  1
 436 -2.5996705e-01 1.17e+00 2.41e+05  -7.5 1.28e+02 -11.6 2.18e-01 8.35e-01h  1
 437 -2.5996477e-01 1.08e+00 2.24e+05  -7.5 7.54e+02 -12.1 5.19e-04 7.19e-02h  1
 438 -2.5996618e-01 9.61e-01 1.99e+05  -7.5 7.35e+01  -8.1 1.62e-01 1.10e-01h  1
 439 -2.5975846e-01 9.57e-01 1.99e+05  -7.5 3.70e+03  -7.7 7.73e-03 4.10e-03h  3
iter    objective    inf_pr   inf_du lg(mu)  ||d||  lg(rg) alpha_du alpha_pr  ls
 440 -2.5996987e-01 9.48e-01 1.97e+05  -7.5 1.63e+03  -8.1 2.11e-02 9.18e-03h  1
 441 -2.5996864e-01 9.43e-01 1.96e+05  -7.5 1.83e+03  -6.8 1.28e-03 5.62e-03h  1
 442 -2.5996592e-01 4.56e-01 9.46e+04  -7.5 1.99e+01  -7.3 1.00e+00 5.17e-01h  1
 443 -2.5996544e-01 3.85e-01 7.99e+04  -7.5 3.04e+00  -7.8 1.00e+00 1.56e-01h  1
 444 -2.5994852e-01 5.78e-03 3.31e+01  -7.5 6.24e+01  -8.2 8.21e-03 1.00e+00h  1
 445 -2.5995888e-01 2.95e-03 1.87e-01  -7.5 3.90e+01  -8.7 1.00e+00 1.00e+00h  1
 446 -2.5995980e-01 2.51e-03 8.94e-01  -7.5 1.45e+01  -8.3 1.00e+00 1.64e-01h  1
 447 -2.5996644e-01 2.79e-03 1.79e-02  -7.5 2.01e+01  -8.8 1.00e+00 1.00e+00f  1
 448 -2.5996710e-01 2.32e-02 1.17e-03  -7.5 3.57e+01  -9.2 1.00e+00 1.00e+00h  1
 449 -2.5996917e-01 1.48e-01 1.37e-03  -7.5 9.04e+01  -9.7 1.00e+00 1.00e+00h  1
iter    objective    inf_pr   inf_du lg(mu)  ||d||  lg(rg) alpha_du alpha_pr  ls
 450 -2.5997209e-01 5.08e-01 3.66e-03  -7.5 1.74e+02 -10.2 1.00e+00 9.60e-01h  1
 451 -2.5997377e-01 6.42e-01 6.49e-03  -7.5 1.90e+02 -10.7 1.00e+00 1.00e+00h  1
 452 -2.5997350e-01 1.23e-01 1.34e-03  -7.5 8.37e+01 -11.1 1.00e+00 1.00e+00h  1
 453 -2.5997350e-01 1.07e-01 8.00e-02  -7.5 2.08e+02 -11.6 1.00e+00 1.25e-01h  4
 454 -2.5997342e-01 1.99e-02 1.26e-04  -7.5 7.46e+01 -11.2 1.00e+00 1.00e+00H  1
 455 -2.5997344e-01 8.56e-02 2.02e-05  -7.5 4.53e+01 -10.8 1.00e+00 1.00e+00H  1
 456 -2.5997346e-01 8.54e-02 3.75e-02  -7.5 7.95e+02    -  1.38e-01 3.12e-02h  6
 457 -2.5997347e-01 1.05e-01 3.07e-01  -7.5 1.09e+03    -  6.36e-01 1.56e-02h  7
 458 -2.5997381e-01 2.84e-01 1.72e-02  -7.5 3.35e+02    -  8.16e-01 1.00e+00H  1
 459 -2.5997394e-01 3.69e-01 1.06e-02  -7.5 1.74e+02    -  8.62e-01 1.00e+00h  1
iter    objective    inf_pr   inf_du lg(mu)  ||d||  lg(rg) alpha_du alpha_pr  ls
 460 -2.5997397e-01 2.85e-02 3.89e-05  -7.5 4.80e+01 -11.2 1.00e+00 1.00e+00h  1
 461 -2.5997409e-01 4.20e-01 5.15e-01  -7.5 3.08e+04    -  4.15e-02 5.82e-03h  5
 462 -2.5997415e-01 5.13e-01 1.56e+00  -7.5 9.22e+03    -  3.64e-01 9.62e-03h  6
 463 -2.5997476e-01 4.93e+00 5.39e-03  -7.5 8.24e+02    -  1.00e+00 1.00e+00H  1
 464 -2.5997508e-01 4.28e-01 4.53e-03  -7.5 1.78e+02 -11.7 1.00e+00 1.00e+00h  1
 465 -2.5997556e-01 4.38e+00 6.34e-03  -7.5 5.84e+02 -12.2 1.00e+00 1.00e+00h  1
 466 -2.5997604e-01 7.24e+00 9.12e-01  -7.5 2.19e+03 -12.7 1.00e+00 2.50e-01h  3
 467 -2.5997653e-01 1.14e+01 2.44e+00  -7.5 5.53e+03    -  1.00e+00 1.10e-01h  3
 468 -2.5997712e-01 9.09e+00 1.58e-02  -7.5 8.04e+02    -  1.00e+00 1.00e+00h  1
 469 -2.5997767e-01 1.26e+01 2.36e-01  -7.5 6.20e+03 -13.2 1.29e-01 8.92e-02h  3
iter    objective    inf_pr   inf_du lg(mu)  ||d||  lg(rg) alpha_du alpha_pr  ls
 470 -2.5997805e-01 2.86e+00 8.23e-03  -7.5 2.42e+02    -  1.00e+00 1.00e+00h  1
 471 -2.5997835e-01 3.14e+00 5.12e-03  -7.5 3.71e+02    -  1.00e+00 1.00e+00h  1
 472 -2.5997842e-01 1.36e-01 4.01e-02  -7.5 8.76e+01    -  4.13e-01 1.00e+00h  1
 473 -2.5997886e-01 4.48e+00 8.57e-01  -7.5 5.22e+03 -12.7 3.51e-01 1.04e-01h  3
 474 -2.5997917e-01 3.12e+00 5.59e-03  -7.5 4.48e+02    -  1.00e+00 1.00e+00h  1
 475 -2.5997915e-01 3.43e-02 7.65e-04  -7.5 5.00e+01    -  1.00e+00 1.00e+00h  1
 476 -2.5997915e-01 1.79e-05 2.27e-07  -7.5 1.11e+00    -  1.00e+00 1.00e+00h  1
 477 -2.5997915e-01 4.23e-10 5.03e-13  -7.5 1.14e-04    -  1.00e+00 1.00e+00h  1
 478 -2.5998206e-01 1.09e+00 8.12e+00  -9.0 2.39e+03    -  4.38e-01 1.11e-01h  1
 479 -2.5998607e-01 2.19e+01 7.44e+00  -9.0 5.81e+03    -  2.74e-01 1.99e-01h  1
iter    objective    inf_pr   inf_du lg(mu)  ||d||  lg(rg) alpha_du alpha_pr  ls
 480 -2.5998778e-01 2.14e+01 9.41e+00  -9.0 3.55e+03    -  3.39e-01 7.18e-02h  1
 481 -2.5998973e-01 5.31e+01 3.88e+00  -9.0 3.11e+03    -  3.92e-01 5.13e-01h  1
 482 -2.5999045e-01 3.85e+01 1.01e+00  -9.0 1.56e+03 -12.3 9.84e-02 4.69e-01h  1
 483 -2.5999132e-01 2.59e+01 3.78e+00  -9.0 1.16e+03 -12.8 4.87e-02 9.24e-01h  1
 484 -2.5999149e-01 1.52e+01 3.50e+00  -9.0 8.51e+02    -  2.02e-01 1.00e+00h  1
 485 -2.5999163e-01 4.23e+00 2.92e+00  -9.0 5.01e+02    -  1.63e-01 1.00e+00h  1
 486 -2.5999171e-01 3.16e+00 2.11e+00  -9.0 3.83e+02    -  2.68e-01 1.00e+00h  1
 487 -2.5999172e-01 2.11e-01 1.22e-04  -9.0 4.59e+01 -11.5 1.00e+00 1.00e+00h  1
 488 -2.5999214e-01 2.26e+01 2.15e-02  -9.0 1.35e+03    -  1.55e-01 7.91e-01H  1
 489 -2.5999200e-01 2.36e+01 9.35e-03  -9.0 1.24e+03 -11.9 1.00e+00 6.71e-01h  1
iter    objective    inf_pr   inf_du lg(mu)  ||d||  lg(rg) alpha_du alpha_pr  ls
 490 -2.5999193e-01 2.12e+01 2.37e-02  -9.0 1.30e+03 -12.4 3.32e-04 5.00e-01h  2
 491 -2.5999212e-01 1.82e+01 1.58e-03  -9.0 1.20e+03 -12.9 1.00e+00 1.00e+00h  1
 492 -2.5999254e-01 8.45e+01 6.15e-03  -9.0 5.37e+03 -13.4 4.47e-01 4.44e-01h  1
 493 -2.5999251e-01 5.93e+01 1.38e-01  -9.0 8.54e+02    -  1.00e+00 3.07e-01h  1
 494 -2.5999242e-01 6.35e+00 6.83e-01  -9.0 7.26e+02    -  7.91e-03 1.00e+00h  1
 495 -2.5999249e-01 1.58e+00 1.47e-04  -9.0 3.32e+02    -  1.00e+00 1.00e+00h  1
 496 -2.5999269e-01 2.05e+01 3.37e-03  -9.0 2.10e+04 -13.8 6.23e-02 5.55e-02h  2
 497 -2.5999269e-01 2.05e+01 4.96e-03  -9.0 7.20e+04 -14.3 1.73e-03 9.77e-05h  9
 498 -2.5999323e-01 5.59e+01 1.77e-02  -9.0 2.98e+03 -13.0 4.72e-01 8.08e-01H  1
 499 -2.5999361e-01 3.99e+01 2.88e-01  -9.0 1.71e+03    -  3.28e-01 1.00e+00H  1
iter    objective    inf_pr   inf_du lg(mu)  ||d||  lg(rg) alpha_du alpha_pr  ls
 500 -2.5999357e-01 7.35e-01 7.32e-01  -9.0 1.09e+02    -  1.99e-01 1.00e+00h  1
 501 -2.5999357e-01 5.49e-03 1.55e-05  -9.0 6.75e+00 -10.8 1.00e+00 1.00e+00h  1
 502 -2.5999382e-01 1.68e+01 5.93e-02  -9.0 1.61e+03    -  3.37e-02 1.00e+00H  1
 503 -2.5999381e-01 1.02e-02 8.09e-04  -9.0 5.56e+00 -11.2 1.00e+00 1.00e+00h  1
 504 -2.5999388e-01 1.25e+01 2.05e-02  -9.0 1.76e+03    -  1.00e+00 4.46e-01h  2
 505 -2.5999395e-01 1.27e+01 2.03e-03  -9.0 7.61e+02    -  1.00e+00 1.00e+00h  1
 506 -2.5999391e-01 1.21e+00 1.97e-04  -9.0 2.45e+02    -  1.00e+00 1.00e+00h  1
 507 -2.5999391e-01 5.48e-03 2.58e-06  -9.0 1.45e+01    -  1.00e+00 1.00e+00h  1
 508 -2.5999391e-01 2.86e-06 8.92e-10  -9.0 3.54e-01    -  1.00e+00 1.00e+00h  1
 509 -2.5999391e-01 2.83e-10 1.36e-14  -9.0 3.08e-06    -  1.00e+00 1.00e+00h  1

Number of Iterations....: 509

                                   (scaled)                 (unscaled)
Objective...............:  -2.5999391358233126e-01   -2.5999391358233126e-01
Dual infeasibility......:   1.3586354263850353e-14    1.3586354263850353e-14
Constraint violation....:   2.8326471300955253e-10    2.8326471300955253e-10
Complementarity.........:   9.0909092662617411e-10    9.0909092662617411e-10
Overall NLP error.......:   9.0909092662617411e-10    9.0909092662617411e-10


Number of objective function evaluations             = 1463
Number of objective gradient evaluations             = 506
Number of equality constraint evaluations            = 1464
Number of inequality constraint evaluations          = 1464
Number of equality constraint Jacobian evaluations   = 522
Number of inequality constraint Jacobian evaluations = 522
Number of Lagrangian Hessian evaluations             = 509
Total CPU secs in IPOPT (w/o function evaluations)   =   1005.565
Total CPU secs in NLP function evaluations           =     25.220

EXIT: Optimal Solution Found.
