
List of user-set options:

                                    Name   Value                used
                           compl_inf_tol = 1                     yes
                         constr_viol_tol = 1                     yes
                            dual_inf_tol = 1000                  yes
                           linear_solver = ma97                  yes
                              ma86_small = 1e-30                  no
                                  ma86_u = 0.0001                 no
                              ma97_order = best                  yes
                              ma97_small = 1e-30                 yes
                            ma97_switch1 = at_start              yes
                            ma97_switch2 = od_hd_reuse           yes
                                  ma97_u = 1e-06                 yes
                               ma97_umax = 0.5                   yes
                                max_iter = 1000                  yes
                    max_refinement_steps = 20                    yes
                    min_refinement_steps = 5                     yes
                                 mu_init = 1e-06                 yes
           mu_superlinear_decrease_power = 1.25                  yes
                   nlp_scaling_min_value = 1e-08                 yes
                        option_file_name = Preset_Case:_426_NCP.opt  yes
                             output_file = ./tmp/Preset_Case:_426_NCP.output  yes
                      print_user_options = yes                   yes
        required_infeasibility_reduction = 1                      no
                                     tol = 1e-08                 yes
                   warm_start_bound_frac = 1e-20                 yes
                   warm_start_bound_push = 1e-20                 yes
                   warm_start_init_point = yes                   yes
              warm_start_mult_bound_push = 1e-20                 yes
                warm_start_mult_init_max = 1e+40                 yes
             warm_start_slack_bound_frac = 1e-20                 yes
             warm_start_slack_bound_push = 1e-20                 yes

******************************************************************************
This program contains Ipopt, a library for large-scale nonlinear optimization.
 Ipopt is released as open source code under the Eclipse Public License (EPL).
         For more information visit http://projects.coin-or.org/Ipopt
******************************************************************************

This is Ipopt version 3.12.10, running with linear solver ma97.

Number of nonzeros in equality constraint Jacobian...:   117167
Number of nonzeros in inequality constraint Jacobian.:      213
Number of nonzeros in Lagrangian Hessian.............:    47513

Total number of variables............................:    29977
                     variables with only lower bounds:    11312
                variables with lower and upper bounds:    15135
                     variables with only upper bounds:        0
Total number of equality constraints.................:    29864
Total number of inequality constraints...............:       25
        inequality constraints with only lower bounds:        4
   inequality constraints with lower and upper bounds:        0
        inequality constraints with only upper bounds:       21

iter    objective    inf_pr   inf_du lg(mu)  ||d||  lg(rg) alpha_du alpha_pr  ls
   0 -1.4022818e-01 2.39e-01 2.00e+00  -6.0 0.00e+00    -  0.00e+00 0.00e+00   0
In iteration 0, 8 Slacks too small, adjusting variable bounds
   1 -1.4022818e-01 2.39e-01 3.16e+03  -6.0 1.14e+10    -  3.16e-13 2.12e-18h  1
   2 -1.4022846e-01 2.39e-01 3.16e+03  -6.0 4.22e+02    -  5.12e-03 7.65e-06f  1
   3 -1.4038471e-01 2.37e-01 3.14e+03  -6.0 3.99e+02    -  3.89e-02 5.59e-03h  1
   4 -1.4145478e-01 2.28e-01 3.01e+03  -6.0 3.96e+02    -  3.18e-02 4.02e-02h  1
   5r-1.4145478e-01 2.28e-01 1.00e+03  -0.6 0.00e+00    -  0.00e+00 2.57e-07R  4
   6r-1.4145132e-01 2.28e-01 2.25e+03  -0.6 2.52e+03    -  4.69e-06 7.71e-07f  1
   7 -1.4146218e-01 2.27e-01 2.27e+06  -6.0 3.87e+02    -  2.35e-02 6.21e-04h  1
   8 -1.4215828e-01 2.50e-01 6.85e+07  -6.0 5.16e+02    -  6.25e-04 1.84e-02h  1
   9 -1.4217516e-01 2.50e-01 6.85e+07  -6.0 5.28e+02    -  1.96e-02 5.23e-04h  1
iter    objective    inf_pr   inf_du lg(mu)  ||d||  lg(rg) alpha_du alpha_pr  ls
  10 -1.4348483e-01 4.62e-01 6.59e+07  -6.0 5.31e+02    -  6.09e-02 3.85e-02h  1
  11 -1.4475165e-01 7.11e-01 6.36e+07  -6.0 7.84e+02    -  8.49e-02 3.46e-02h  1
  12 -1.4539336e-01 8.70e-01 6.20e+07  -6.0 9.62e+02    -  1.49e-01 2.53e-02h  1
  13 -1.4787716e-01 3.89e+00 5.52e+07  -6.0 1.07e+03    -  2.24e-01 1.10e-01h  1
  14 -1.4852347e-01 3.86e+00 5.35e+07  -6.0 1.17e+03    -  1.44e-02 2.94e-02h  1
  15 -1.4873176e-01 3.84e+00 5.19e+07  -6.0 9.78e+02    -  2.45e-01 3.04e-02h  2
  16 -1.4839360e-01 3.76e+00 5.07e+07  -6.0 9.92e+02    -  1.45e-01 2.29e-02h  3
  17 -1.4805615e-01 3.72e+00 5.01e+07  -6.0 9.89e+02    -  6.68e-02 1.17e-02h  4
  18 -1.4772682e-01 3.68e+00 4.97e+07  -6.0 9.90e+02    -  1.26e-01 9.57e-03h  4
  19 -1.4735278e-01 3.65e+00 4.92e+07  -6.0 1.01e+03    -  8.90e-02 9.17e-03h  4
iter    objective    inf_pr   inf_du lg(mu)  ||d||  lg(rg) alpha_du alpha_pr  ls
  20 -1.4694019e-01 3.62e+00 4.87e+07  -6.0 1.03e+03    -  1.29e-01 9.41e-03h  4
  21 -1.4673590e-01 3.61e+00 4.85e+07  -6.0 1.06e+03    -  8.94e-02 3.99e-03h  5
  22 -1.4671899e-01 3.61e+00 4.85e+07  -6.0 1.07e+03    -  4.34e-05 2.15e-04h  9
  23 -1.4671479e-01 3.61e+00 4.85e+07  -6.0 1.07e+03    -  8.35e-02 5.32e-05h 11
  24 -1.4671280e-01 3.61e+00 4.85e+07  -6.0 1.09e+03    -  2.06e-04 1.90e-05h 12
  25 -1.4277807e-01 4.20e+00 4.67e+07  -6.0 1.09e+03    -  5.90e-02 3.70e-02w  1
  26 -1.4277802e-01 4.20e+00 4.67e+07  -6.0 1.05e+03    -  8.30e-02 5.28e-07w  1
  27 -1.2470209e-01 1.63e+01 3.71e+07  -6.0 1.04e+03    -  1.57e-01 2.06e-01w  1
  28 -1.4277807e-01 4.20e+00 4.67e+07  -6.0 7.06e+01   2.0 3.70e-02 3.70e-02s 17
  29r-1.4277807e-01 4.20e+00 1.00e+03   0.1 0.00e+00    -  0.00e+00 0.00e+00R  1
iter    objective    inf_pr   inf_du lg(mu)  ||d||  lg(rg) alpha_du alpha_pr  ls
  30r-1.4253099e-01 4.19e+00 1.00e+03   0.1 1.30e+04    -  2.78e-06 2.36e-06f  1
  31 -1.4253062e-01 4.19e+00 9.88e+04  -6.0 2.35e+02    -  5.83e-02 7.24e-05h  1
  32 -1.4263259e-01 4.14e+00 1.78e+07  -6.0 6.91e+02    -  7.33e-05 1.32e-02h  1
  33 -1.4263326e-01 4.14e+00 1.78e+07  -6.0 6.83e+02    -  1.05e-01 2.42e-04h  1
  34 -1.4285648e-01 4.03e+00 1.72e+07  -6.0 8.38e+02    -  1.56e-02 3.36e-02h  1
  35r-1.4285648e-01 4.03e+00 1.00e+03   0.1 0.00e+00    -  0.00e+00 3.58e-07R  4
  36r-1.4285081e-01 4.03e+00 1.00e+03   0.1 6.03e+03    -  2.66e-06 8.08e-08f  1
  37r-1.4285081e-01 4.03e+00 9.99e+02   0.1 0.00e+00    -  0.00e+00 9.04e-08R  6
  38r-1.4284771e-01 4.03e+00 9.01e+03   0.1 1.88e+04    -  6.65e-07 9.03e-08f  1
  39 -1.4283885e-01 4.03e+00 3.44e+06  -6.0 2.11e+02    -  5.27e-02 9.56e-04h  1
iter    objective    inf_pr   inf_du lg(mu)  ||d||  lg(rg) alpha_du alpha_pr  ls
  40 -1.4282556e-01 4.02e+00 7.05e+06  -6.0 2.23e+02    -  9.57e-04 1.95e-03h  1
  41 -1.4282260e-01 3.98e+00 6.98e+06  -6.0 7.05e+02    -  1.31e-02 9.25e-03h  1
  42 -1.4263527e-01 3.96e+00 6.93e+06  -6.0 8.24e+02    -  1.58e-02 7.24e-03h  1
  43 -1.4223615e-01 3.90e+00 6.83e+06  -6.0 8.42e+02    -  1.37e-01 1.56e-02h  1
  44 -1.4159832e-01 3.80e+00 6.65e+06  -6.0 9.53e+02    -  4.03e-02 2.62e-02h  2
  45 -1.4078007e-01 3.65e+00 6.43e+06  -6.0 9.20e+02    -  1.62e-01 3.29e-02h  1
  46 -1.4040059e-01 3.60e+00 6.34e+06  -6.0 1.12e+03    -  4.00e-02 1.31e-02h  2
  47 -1.4035630e-01 3.60e+00 6.34e+06  -6.0 1.10e+03    -  1.42e-01 1.22e-03h  7
  48 -1.4033000e-01 3.60e+00 6.33e+06  -6.0 1.10e+03    -  3.79e-02 6.39e-04h  9
  49 -1.4032833e-01 3.60e+00 6.33e+06  -6.0 1.10e+03    -  1.19e-01 4.00e-05h 13
iter    objective    inf_pr   inf_du lg(mu)  ||d||  lg(rg) alpha_du alpha_pr  ls
  50 -1.3841195e-01 3.49e+00 6.05e+06  -6.0 1.12e+03    -  4.53e-02 4.53e-02s 20
  51 -1.3357284e-01 3.78e+00 5.48e+06  -6.0 8.38e+02    -  9.36e-02 9.36e-02s 20
  52 -1.3306707e-01 3.77e+00 5.45e+06  -6.0 4.50e+02    -  6.35e-03 6.35e-03s 20
  53r-1.3306707e-01 3.77e+00 1.00e+03   0.1 0.00e+00    -  0.00e+00 0.00e+00R  1
  54r-1.3291137e-01 3.76e+00 6.50e+03   0.1 6.49e+03    -  5.07e-06 2.00e-06f  1
  55r-1.3226624e-01 3.72e+00 6.50e+03   0.1 8.52e+03    -  6.21e-06 1.05e-05f  1
  56 -1.3226105e-01 3.71e+00 5.87e+04  -6.0 1.49e+02    -  4.65e-02 5.74e-04h  1
  57 -1.3225997e-01 3.71e+00 1.44e+04  -6.0 1.68e+02    -  5.77e-04 1.47e-04h  1
  58 -1.3223196e-01 3.70e+00 4.98e+05  -6.0 6.27e+02    -  7.40e-02 2.55e-03h  1
  59 -1.3210265e-01 3.69e+00 4.97e+05  -6.0 6.38e+02    -  3.30e-03 3.32e-03h  5
iter    objective    inf_pr   inf_du lg(mu)  ||d||  lg(rg) alpha_du alpha_pr  ls
  60 -1.3203449e-01 3.69e+00 8.97e+05  -6.0 6.29e+02    -  6.98e-02 1.74e-03h  2
  61 -1.3201105e-01 3.68e+00 9.42e+05  -6.0 6.66e+02    -  9.18e-03 5.98e-04h  8
  62 -1.3199797e-01 3.68e+00 2.98e+06  -6.0 6.70e+02    -  2.79e-01 3.35e-04h  9
  63 -1.3199293e-01 3.68e+00 3.02e+06  -6.0 8.15e+02    -  9.55e-03 1.51e-04h 10
  64 -1.3069967e-01 3.59e+00 4.05e+06  -6.0 8.21e+02    -  2.66e-01 3.91e-02h  2
  65 -1.2833923e-01 3.40e+00 3.61e+06  -6.0 8.03e+02    -  4.99e-02 7.96e-02h  2
  66 -1.2519545e-01 3.19e+00 4.19e+06  -6.0 6.45e+02    -  2.55e-01 8.12e-02h  2
  67 -1.2253375e-01 3.16e+00 4.89e+06  -6.0 7.59e+02    -  2.57e-01 5.68e-02h  3
  68 -1.2049787e-01 3.35e+00 5.49e+06  -6.0 1.04e+03    -  2.83e-01 3.81e-02h  3
  69 -1.1380788e-01 5.31e+00 5.10e+06  -6.0 1.30e+03    -  3.10e-01 1.27e-01w  1
iter    objective    inf_pr   inf_du lg(mu)  ||d||  lg(rg) alpha_du alpha_pr  ls
  70 -1.1380196e-01 5.30e+00 6.32e+06  -6.0 1.59e+03    -  5.78e-01 3.23e-04w  1
  71 -1.0967764e-01 4.52e+00 5.17e+06  -6.0 1.96e+03    -  4.77e-01 1.42e-01w  1
  72 -1.1882537e-01 3.39e+00 5.79e+06  -6.0 1.10e+03    -  3.10e-01 3.18e-02h  2
  73 -1.1586590e-01 3.46e+00 5.62e+06  -6.0 1.54e+03    -  3.70e-01 6.15e-02h  2
  74 -1.1375468e-01 3.31e+00 5.44e+06  -6.0 1.71e+03    -  4.83e-01 5.30e-02h  2
  75 -1.1214204e-01 3.12e+00 5.04e+06  -6.0 1.71e+03    -  5.56e-01 5.24e-02h  2
  76 -1.1179435e-01 3.00e+00 4.42e+06  -6.0 1.59e+03    -  3.77e-01 3.80e-02h  3
  77r-1.1179435e-01 3.00e+00 1.00e+03  -0.1 0.00e+00   1.5 0.00e+00 4.15e-07R  5
  78r-1.1176669e-01 2.99e+00 2.12e+03  -0.1 1.16e+04    -  1.88e-05 3.48e-06f  1
  79 -1.1175475e-01 2.98e+00 1.26e+05  -6.0 4.86e+01    -  1.07e-01 7.48e-04h  1
iter    objective    inf_pr   inf_du lg(mu)  ||d||  lg(rg) alpha_du alpha_pr  ls
  80 -1.1126816e-01 2.93e+00 3.62e+06  -6.0 1.89e+02    -  7.49e-04 2.13e-02h  1
  81 -1.1124882e-01 2.92e+00 3.62e+06  -6.0 1.97e+02    -  6.51e-02 7.96e-04h  1
  82 -1.1073247e-01 2.87e+00 3.53e+06  -6.0 2.34e+02    -  3.51e-02 2.40e-02h  1
  83 -1.1066371e-01 2.86e+00 3.52e+06  -6.0 2.91e+02    -  6.65e-02 2.95e-03h  1
  84 -1.1039454e-01 2.83e+00 3.49e+06  -6.0 5.75e+02    -  5.90e-03 8.40e-03h  1
  85 -1.1023720e-01 2.79e+00 4.79e+06  -6.0 4.19e+02    -  1.82e-03 1.88e-02h  1
  86 -1.1001206e-01 2.74e+00 4.71e+06  -6.0 6.53e+02    -  1.91e-02 1.96e-02h  1
  87 -1.0999338e-01 2.72e+00 4.51e+06  -6.0 1.16e+03    -  1.60e-01 5.01e-03h  1
  88 -1.0989506e-01 2.59e+00 4.29e+06  -6.0 1.26e+03    -  5.40e-02 4.85e-02h  3
  89 -1.0960186e-01 2.39e+00 7.75e+06  -6.0 1.29e+03    -  3.30e-01 6.99e-02h  2
iter    objective    inf_pr   inf_du lg(mu)  ||d||  lg(rg) alpha_du alpha_pr  ls
  90 -1.0919117e-01 2.24e+00 9.00e+06  -6.0 1.23e+03    -  1.99e-01 6.18e-02h  1
  91 -1.0960836e-01 2.10e+00 9.82e+06  -6.0 7.50e+02    -  1.26e-01 5.97e-02h  1
  92 -1.0977875e-01 2.00e+00 1.42e+07  -6.0 7.52e+02    -  3.12e-01 4.92e-02h  3
  93 -1.0980587e-01 1.90e+00 1.33e+07  -6.0 7.51e+02    -  5.43e-07 4.91e-02h  4
  94 -1.0984827e-01 1.80e+00 1.28e+07  -6.0 7.17e+02    -  1.00e-01 4.97e-02h  3
  95 -1.0988790e-01 1.75e+00 1.25e+07  -6.0 8.46e+02    -  3.36e-02 3.08e-02h  3
  96 -1.0995900e-01 1.73e+00 1.24e+07  -6.0 1.87e+03    -  4.09e-02 9.89e-03h  3
  97 -1.0995912e-01 1.73e+00 7.24e+07  -6.0 1.24e+02   1.0 8.01e-05 1.71e-05h  1
  98 -1.0996043e-01 1.73e+00 8.69e+07  -6.0 1.78e+02   0.6 2.48e-04 2.17e-04h  1
  99 -1.0996174e-01 1.73e+00 2.79e+07  -6.0 4.13e+02   0.1 1.15e-04 4.39e-04h  1
iter    objective    inf_pr   inf_du lg(mu)  ||d||  lg(rg) alpha_du alpha_pr  ls
 100 -1.0996314e-01 1.73e+00 1.94e+08  -6.0 4.80e+02  -0.4 3.86e-07 1.20e-03h  1
 101 -1.0995948e-01 1.73e+00 9.79e+08  -6.0 7.43e+02  -0.9 1.75e-02 6.05e-04h  1
 102r-1.0995948e-01 1.73e+00 1.00e+03  -0.3 0.00e+00  -1.3 0.00e+00 1.52e-09R  2
 103r-1.0996055e-01 1.72e+00 1.08e+03  -0.3 8.06e+04    -  1.12e-05 1.41e-06f  1
 104 -1.0996183e-01 1.72e+00 5.58e+01  -6.0 1.64e+02    -  1.08e-06 6.12e-05h  1
 105 -1.0996705e-01 1.72e+00 3.02e+06  -6.0 5.90e+02    -  1.40e-01 1.63e-04h  1
 106 -1.0997638e-01 1.72e+00 3.02e+06  -6.0 5.28e+02    -  2.26e-04 2.99e-04h  1
 107 -1.1032672e-01 1.62e+00 3.92e+07  -6.0 6.21e+02    -  4.03e-01 5.98e-02h  1
 108 -1.1034284e-01 1.56e+00 3.82e+07  -6.0 6.56e+02    -  5.80e-02 3.90e-02h  4
 109 -1.1028103e-01 1.50e+00 4.58e+07  -6.0 6.46e+02    -  4.22e-01 4.01e-02h  3
iter    objective    inf_pr   inf_du lg(mu)  ||d||  lg(rg) alpha_du alpha_pr  ls
 110 -1.1015622e-01 1.44e+00 4.24e+07  -6.0 7.06e+02    -  1.59e-01 4.29e-02h  2
 111 -1.1006168e-01 1.37e+00 3.59e+07  -6.0 7.35e+02    -  3.66e-01 4.45e-02h  1
 112 -1.1009291e-01 1.33e+00 2.86e+07  -6.0 8.96e+02    -  4.03e-01 3.37e-02h  4
 113 -1.1020865e-01 1.28e+00 2.36e+07  -6.0 1.04e+03    -  4.44e-01 3.72e-02h  4
 114 -1.1057471e-01 1.22e+00 2.24e+07  -6.0 1.28e+03    -  4.67e-01 5.64e-02h  3
 115 -1.1113948e-01 1.17e+00 2.64e+07  -6.0 1.78e+03    -  4.02e-01 4.42e-02h  3
 116 -1.1171785e-01 1.14e+00 3.39e+07  -6.0 3.82e+03    -  2.29e-01 1.84e-02h  4
 117 -1.1171677e-01 1.14e+00 6.02e+08  -6.0 4.70e+02  -1.8 8.42e-02 4.70e-04h  1
 118 -1.1163764e-01 1.08e+00 1.09e+09  -6.0 4.60e+02  -2.3 3.68e-01 5.08e-02h  3
 119 -1.1163733e-01 1.05e+00 7.53e+08  -6.0 4.22e+02  -2.8 7.11e-01 3.04e-02h  1
iter    objective    inf_pr   inf_du lg(mu)  ||d||  lg(rg) alpha_du alpha_pr  ls
 120 -1.1149353e-01 9.76e-01 3.93e+08  -6.0 4.35e+02  -3.2 6.36e-01 6.98e-02h  2
 121 -1.1128346e-01 8.97e-01 3.83e+08  -6.0 4.13e+02  -3.7 2.73e-06 8.17e-02h  1
 122 -1.1195649e-01 8.55e-01 3.63e+08  -6.0 5.56e+02  -4.2 1.29e-04 4.84e-02h  3
 123 -1.1287956e-01 8.27e-01 3.38e+08  -6.0 1.09e+03  -3.8 4.93e-04 3.33e-02h  2
 124 -1.1338295e-01 7.94e-01 3.43e+08  -6.0 5.33e+02  -3.4 1.83e-01 3.94e-02h  1
 125 -1.1596744e-01 9.25e-01 2.53e+08  -6.0 1.25e+03  -3.8 4.65e-07 1.02e-01h  1
 126r-1.1596744e-01 9.25e-01 1.00e+03  -0.2 0.00e+00  -3.4 0.00e+00 4.70e-07R  3
 127r-1.1585284e-01 9.17e-01 1.00e+03  -0.2 1.56e+04    -  1.13e-07 7.66e-06f  1
 128 -1.1586311e-01 9.16e-01 8.37e+04  -6.0 1.77e+02    -  4.45e-02 1.34e-03h  1
 129 -1.1587122e-01 9.15e-01 6.27e+04  -6.0 6.55e+01    -  1.34e-03 1.01e-03h  1
iter    objective    inf_pr   inf_du lg(mu)  ||d||  lg(rg) alpha_du alpha_pr  ls
 130 -1.1591236e-01 9.12e-01 1.62e+06  -6.0 2.34e+02    -  1.08e-01 3.34e-03h  1
 131 -1.1659698e-01 8.62e-01 9.21e+05  -6.0 2.37e+02    -  5.81e-03 5.52e-02h  1
 132 -1.1678085e-01 8.45e-01 1.92e+06  -6.0 2.92e+02    -  8.26e-02 1.98e-02h  1
 133 -1.1686516e-01 8.34e-01 1.76e+06  -6.0 2.89e+02    -  3.79e-03 1.39e-02h  1
 134 -1.1700071e-01 8.23e-01 1.68e+06  -6.0 2.88e+02    -  9.19e-03 1.30e-02h  1
 135 -1.1703755e-01 8.19e-01 1.65e+06  -6.0 2.89e+02    -  2.09e-03 3.96e-03h  1
 136 -1.1785918e-01 7.51e-01 5.51e+05  -6.0 2.90e+02    -  1.51e-02 8.23e-02h  1
 137 -1.1815211e-01 7.26e-01 1.47e+06  -6.0 2.86e+02    -  9.49e-02 3.28e-02h  1
 138 -1.2057864e-01 5.13e-01 1.66e+05  -6.0 2.81e+02    -  2.13e-01 2.84e-01h  1
 139 -1.2207811e-01 3.71e-01 2.75e+06  -6.0 2.21e+02    -  5.38e-01 2.79e-01h  1
iter    objective    inf_pr   inf_du lg(mu)  ||d||  lg(rg) alpha_du alpha_pr  ls
 140 -1.2313301e-01 2.74e-01 2.58e+06  -6.0 1.49e+02    -  6.48e-01 2.84e-01h  1
 141r-1.2313301e-01 2.74e-01 1.00e+03  -0.8 0.00e+00    -  0.00e+00 4.26e-07R  4
 142r-1.2328691e-01 2.74e-01 1.29e+03  -0.8 3.41e+03    -  5.03e-05 2.72e-05f  1
 143 -1.2329806e-01 2.72e-01 2.30e+02  -6.0 1.32e+01    -  3.09e-01 7.87e-03h  1
 144 -1.2332439e-01 2.67e-01 2.24e+02  -6.0 1.26e+01    -  2.03e-02 1.81e-02h  1
 145 -1.2335287e-01 2.64e-01 2.58e+06  -6.0 8.95e+01    -  2.84e-01 9.99e-03h  1
 146 -1.2338306e-01 2.61e-01 5.08e+06  -6.0 8.50e+01    -  6.60e-01 1.05e-02h  1
 147 -1.2383943e-01 2.14e-01 4.03e+06  -6.0 8.75e+01    -  2.25e-01 1.85e-01h  1
 148 -1.2374510e-01 1.95e-01 3.81e+06  -6.0 3.74e+02    -  1.73e-03 9.81e-02h  1
 149 -1.2387988e-01 1.73e-01 3.62e+06  -6.0 6.01e+01    -  2.22e-03 1.15e-01h  1
iter    objective    inf_pr   inf_du lg(mu)  ||d||  lg(rg) alpha_du alpha_pr  ls
 150 -1.2481895e-01 3.38e-02 1.90e+06  -6.0 4.90e+01    -  1.53e-01 9.61e-01h  1
 151 -1.2481870e-01 3.38e-02 1.88e+06  -6.0 5.10e+01    -  2.64e-03 1.29e-04h  1
 152 -1.2434650e-01 2.79e-02 3.75e+06  -6.0 3.90e+01    -  6.46e-04 3.33e-01h  2
 153 -1.2445603e-01 2.06e-02 6.92e+06  -6.0 8.85e+00    -  2.02e-02 3.04e-01h  1
 154 -1.2445605e-01 2.06e-02 2.97e+06  -6.0 2.86e+01    -  5.30e-03 2.25e-05h  1
 155 -1.2538032e-01 1.45e-02 1.04e+05  -6.0 3.30e+01    -  1.32e-01 1.00e+00h  1
 156 -1.2568638e-01 1.38e-03 1.25e+03  -6.0 9.13e+00    -  7.80e-01 1.00e+00h  1
 157 -1.2617333e-01 3.17e-03 5.28e+02  -6.0 3.87e+00    -  7.65e-02 1.00e+00h  1
 158 -1.2808061e-01 3.97e-03 1.14e+02  -6.0 7.27e+00    -  7.79e-01 1.00e+00h  1
 159 -1.3275281e-01 4.30e-02 8.56e+01  -6.0 2.77e+01    -  2.52e-01 7.12e-01h  1
iter    objective    inf_pr   inf_du lg(mu)  ||d||  lg(rg) alpha_du alpha_pr  ls
 160 -1.3721778e-01 1.60e-01 8.84e+01  -6.0 3.03e+01    -  3.33e-03 1.00e+00h  1
 161 -1.4047472e-01 9.73e-02 3.79e+01  -6.0 3.13e+01    -  6.20e-01 1.00e+00h  1
 162 -1.4375382e-01 1.41e-01 1.07e+01  -6.0 8.45e+01    -  7.07e-01 5.16e-01h  1
 163 -1.4819094e-01 2.32e-01 2.08e+01  -6.0 2.86e+02    -  8.27e-03 3.38e-01h  1
 164 -1.5400879e-01 8.94e-01 5.36e+01  -6.0 2.92e+02    -  3.53e-01 8.76e-01f  1
 165 -1.5629382e-01 7.79e-01 1.37e+02  -6.0 2.11e+02    -  8.57e-04 4.01e-01h  1
 166 -1.6231826e-01 8.92e-01 7.87e+01  -6.0 2.12e+02    -  7.98e-01 1.00e+00h  1
 167 -1.6218502e-01 8.08e-01 7.11e+01  -6.0 2.14e+00  -3.9 2.65e-02 9.45e-02h  1
 168 -1.6134936e-01 4.92e-03 3.20e+01  -6.0 1.26e+00  -4.4 5.57e-02 1.00e+00h  1
 169 -1.6351899e-01 3.36e-01 2.80e+01  -6.0 1.19e+03    -  1.57e-01 1.11e-01h  1
iter    objective    inf_pr   inf_du lg(mu)  ||d||  lg(rg) alpha_du alpha_pr  ls
 170 -1.6388714e-01 3.52e-03 1.24e+01  -6.0 7.95e-01  -4.8 2.10e-01 1.00e+00h  1
 171 -1.7027964e-01 2.69e+00 7.66e+00  -6.0 1.21e+03    -  3.53e-01 3.08e-01h  1
 172 -1.7295521e-01 2.51e+00 1.91e+01  -6.0 4.07e+02  -5.3 4.92e-05 8.05e-01h  1
 173 -1.7281916e-01 1.19e+00 9.96e+00  -6.0 5.06e+00  -5.8 3.14e-01 5.24e-01h  1
 174 -1.7328340e-01 8.68e-03 1.40e+00  -6.0 1.02e+01  -6.3 9.66e-01 1.00e+00h  1
 175 -1.7423965e-01 1.10e-01 2.75e-01  -6.0 3.97e+01  -6.7 9.65e-01 1.00e+00h  1
 176 -1.7515132e-01 1.04e-01 2.51e+00  -6.0 1.12e+02  -7.2 1.00e+00 3.51e-01h  1
 177 -1.7975931e-01 7.02e-01 5.21e+00  -6.0 3.04e+02  -7.7 1.00e+00 6.36e-01h  1
 178 -1.8224902e-01 2.16e-01 2.50e+00  -6.0 1.10e+02  -7.3 6.78e-01 1.00e+00h  1
 179 -1.8979228e-01 5.48e+00 1.29e+01  -6.0 5.16e+02  -7.7 1.00e+00 1.00e+00h  1
iter    objective    inf_pr   inf_du lg(mu)  ||d||  lg(rg) alpha_du alpha_pr  ls
 180 -1.9395036e-01 8.80e+00 1.22e+01  -6.0 6.77e+02  -7.3 3.36e-01 3.40e-01h  1
 181 -1.9801327e-01 3.40e+00 4.55e+01  -6.0 2.94e+02  -7.8 1.00e+00 8.55e-01h  1
 182 -2.1032319e-01 6.10e+00 9.62e+01  -6.0 6.51e+02  -8.3 1.00e+00 1.00e+00h  1
 183 -2.1238664e-01 4.29e-01 1.66e+01  -6.0 3.09e+02  -7.8 1.00e+00 1.00e+00h  1
 184 -2.1361640e-01 4.61e-01 1.63e+01  -6.0 3.79e+03  -8.3 3.17e-02 4.67e-02h  1
 185 -2.1361223e-01 4.55e-01 1.60e+01  -6.0 5.87e+02  -7.9 3.05e-04 1.07e-02h  1
 186 -2.1363978e-01 4.55e-01 1.61e+01  -6.0 6.50e+03  -7.5 1.54e-07 2.46e-04f  1
 187 -2.1360386e-01 4.54e-01 1.60e+01  -6.0 4.31e+04  -8.0 4.22e-09 2.33e-05h  1
 188 -2.1361086e-01 4.54e-01 1.60e+01  -6.0 1.51e+04  -7.5 2.17e-08 2.52e-05f  1
 189 -2.1360229e-01 4.54e-01 1.60e+01  -6.0 1.11e+04  -8.0 6.84e-08 2.33e-05h  1
iter    objective    inf_pr   inf_du lg(mu)  ||d||  lg(rg) alpha_du alpha_pr  ls
 190 -2.1360401e-01 4.54e-01 1.60e+01  -6.0 3.74e+03  -7.6 3.18e-07 2.38e-05f  1
 191 -2.1360216e-01 4.54e-01 1.60e+01  -6.0 3.12e+03  -8.1 1.34e-06 2.50e-05h  1
 192 -2.1360276e-01 4.54e-01 1.60e+01  -6.0 7.44e+02  -7.6 6.33e-06 3.00e-05h  1
 193 -2.1360377e-01 4.54e-01 2.19e+01  -6.0 1.19e+03  -8.1 4.23e-01 1.88e-04f  1
 194 -2.1594089e-01 1.50e-01 4.44e+01  -6.0 2.81e+02  -7.7 3.88e-01 1.00e+00f  1
 195 -2.1597417e-01 1.47e-01 4.31e+01  -6.0 2.13e+01  -5.4 2.82e-02 2.14e-02h  1
 196 -2.1692638e-01 4.77e-01 8.83e+01  -6.0 1.35e+01  -5.9 4.04e-02 9.47e-01f  1
 197 -2.1707102e-01 4.82e-01 6.00e+01  -6.0 6.89e+01  -6.4 1.79e-01 3.13e-02h  1
 198 -2.1938499e-01 5.53e+00 1.47e+02  -6.0 8.50e+01  -6.9 3.00e-01 3.81e-01h  1
 199 -2.2020281e-01 2.31e+00 5.25e+01  -6.0 1.31e+02  -7.4 2.51e-01 6.32e-01h  1
iter    objective    inf_pr   inf_du lg(mu)  ||d||  lg(rg) alpha_du alpha_pr  ls
 200 -2.2100227e-01 2.76e+00 3.13e+01  -6.0 4.95e+02  -7.8 3.46e-01 8.98e-02h  1
 201 -2.2205745e-01 4.75e+00 2.99e+01  -6.0 7.00e+02  -8.3 1.13e-01 1.10e-01h  1
 202 -2.2288442e-01 4.60e+00 2.92e+01  -6.0 4.74e+03  -7.9 2.74e-02 2.62e-02h  1
 203 -2.2288543e-01 4.60e+00 2.92e+01  -6.0 6.84e+02  -7.5 7.99e-05 2.04e-04h  1
 204 -2.2288547e-01 4.60e+00 2.92e+01  -6.0 4.38e+03  -7.0 6.02e-07 1.35e-06f  2
 205 -2.2288548e-01 4.60e+00 2.88e+01  -6.0 1.32e+03  -6.6 6.32e-03 3.55e-06h  2
 206 -2.2308059e-01 4.31e+00 2.66e+01  -6.0 4.11e+01  -7.1 9.74e-02 1.30e-01h  1
 207 -2.2342612e-01 6.66e+00 2.64e+01  -6.0 1.30e+02  -7.6 2.67e-01 5.88e-02h  1
 208 -2.2370702e-01 6.03e+00 2.43e+01  -6.0 3.96e+02  -8.0 1.36e-01 9.44e-02h  1
 209 -2.2406766e-01 5.88e+00 2.37e+01  -6.0 1.72e+03  -8.5 2.27e-02 2.55e-02h  1
iter    objective    inf_pr   inf_du lg(mu)  ||d||  lg(rg) alpha_du alpha_pr  ls
 210 -2.2482194e-01 5.73e+00 2.30e+01  -6.0 4.88e+03  -9.0 2.50e-02 2.51e-02h  1
 211 -2.3101662e-01 4.34e+01 3.81e+01  -6.0 1.42e+04  -9.5 3.38e-02 8.72e-02h  1
 212 -2.3186476e-01 4.19e+01 4.29e+01  -6.0 4.30e+03  -9.0 2.77e-01 4.07e-02h  1
 213 -2.3468381e-01 4.00e+01 4.07e+01  -6.0 1.19e+04  -9.5 6.02e-02 5.00e-02h  1
 214 -2.3592272e-01 3.71e+01 3.73e+01  -6.0 3.25e+03  -9.1 2.83e-01 7.39e-02h  1
 215 -2.4227919e-01 3.31e+01 2.74e+01  -6.0 5.75e+03  -9.6 1.23e-01 2.20e-01h  1
 216 -2.4287319e-01 3.07e+01 2.29e+01  -6.0 1.19e+03  -9.1 7.98e-04 7.03e-02h  1
 217 -2.4288129e-01 3.07e+01 2.32e+01  -6.0 1.56e+03  -9.6 1.73e-01 1.48e-03h  1
 218 -2.4360576e-01 1.98e+01 1.90e+01  -6.0 6.68e+02  -9.2 4.61e-01 3.33e-01h  1
 219 -2.4360980e-01 1.95e+01 5.69e+01  -6.0 6.80e+00  -4.3 7.49e-03 1.47e-02h  1
iter    objective    inf_pr   inf_du lg(mu)  ||d||  lg(rg) alpha_du alpha_pr  ls
 220 -2.4363227e-01 1.72e+01 4.87e+01  -6.0 6.93e+00  -4.7 4.62e-02 1.15e-01h  1
 221 -2.4374850e-01 5.38e+00 1.08e+02  -6.0 6.10e+00  -5.2 1.55e-01 6.50e-01h  1
 222 -2.4380452e-01 3.29e+00 2.68e+02  -6.0 3.23e+00  -5.7 1.00e+00 3.74e-01h  1
 223 -2.4385897e-01 6.24e-01 2.60e+00  -6.0 1.51e+00  -6.2 1.00e+00 7.95e-01h  1
 224 -2.4386962e-01 5.80e-01 1.81e+01  -6.0 2.24e+01  -4.8 7.20e-02 7.01e-02h  1
 225 -2.4387064e-01 5.68e-01 1.44e+02  -6.0 7.62e+00  -5.3 1.00e+00 2.00e-02h  1
 226 -2.4387720e-01 5.15e-01 1.32e+02  -6.0 2.79e+00  -5.8 1.52e-01 9.20e-02h  1
 227 -2.4388039e-01 5.09e-01 1.23e+02  -6.0 8.98e+01  -6.3 2.80e-01 1.21e-02h  1
 228 -2.4392120e-01 4.33e-01 2.36e+02  -6.0 8.66e+01  -6.7 1.53e-02 1.48e-01h  1
 229 -2.4410498e-01 4.70e-01 1.86e+02  -6.0 7.27e+01  -7.2 1.00e+00 3.45e-01h  1
iter    objective    inf_pr   inf_du lg(mu)  ||d||  lg(rg) alpha_du alpha_pr  ls
 230 -2.4412633e-01 4.33e-01 2.49e+02  -6.0 1.04e+03  -7.7 5.92e-01 7.70e-02h  1
 231 -2.4412606e-01 5.54e-01 2.40e+02  -6.0 2.00e+03  -8.2 3.41e-02 4.51e-02h  3
 232 -2.4414731e-01 5.46e-01 2.07e+02  -6.0 3.98e+02  -7.7 2.34e-01 5.22e-02h  1
 233 -2.4509130e-01 1.85e+01 5.20e+02  -6.0 1.73e+03  -8.2 1.06e-03 3.09e-01f  1
 234 -2.4521946e-01 1.74e+01 4.91e+02  -6.0 5.02e+02  -8.7 3.50e-01 5.46e-02h  1
 235 -2.4551255e-01 1.60e+01 3.90e+02  -6.0 1.97e+02  -8.3 5.62e-01 1.11e-01h  1
 236 -2.4555177e-01 1.46e+01 2.97e+02  -6.0 1.27e+03  -8.8 3.15e-01 8.20e-02h  1
 237 -2.4553614e-01 1.16e+01 5.09e+02  -6.0 8.95e+02  -8.3 2.81e-01 2.06e-01h  1
 238 -2.4505284e-01 9.76e+00 6.51e+02  -6.0 1.13e+03  -8.8 3.07e-02 1.58e-01H  1
 239 -2.4507130e-01 9.53e+00 6.40e+02  -6.0 2.96e+03  -9.3 3.67e-01 2.38e-02h  4
iter    objective    inf_pr   inf_du lg(mu)  ||d||  lg(rg) alpha_du alpha_pr  ls
 240 -2.4482581e-01 9.12e+00 7.38e+02  -6.0 1.95e+03  -8.9 2.34e-01 1.76e-01h  2
 241 -2.4486052e-01 9.01e+00 7.29e+02  -6.0 3.22e+03  -9.3 1.77e-01 1.23e-02h  3
 242 -2.4473399e-01 7.72e+00 8.01e+02  -6.0 1.11e+03  -8.9 5.15e-01 2.20e-01h  1
 243 -2.4481831e-01 7.58e+00 7.87e+02  -6.0 5.77e+03  -9.4 3.79e-02 1.84e-02h  3
 244 -2.4486467e-01 7.33e+00 7.65e+02  -6.0 1.03e+03  -9.0 9.50e-03 3.35e-02h  1
 245 -2.4464641e-01 7.33e+00 7.64e+02  -6.0 9.66e+03  -6.7 1.40e-05 2.66e-04h  2
 246 -2.4475365e-01 7.33e+00 7.62e+02  -6.0 4.14e+00   1.1 2.63e-04 1.80e-04h  1
 247 -2.4464015e-01 7.33e+00 7.64e+02  -6.0 5.14e+00   0.6 1.00e-04 1.10e-04h  1
 248r-2.4464015e-01 7.33e+00 1.00e+03   0.3 0.00e+00   0.2 0.00e+00 4.39e-07R  7
 249r-2.3025972e-01 7.33e+00 9.99e+02   0.3 2.66e+04    -  4.08e-08 8.84e-07f  1
iter    objective    inf_pr   inf_du lg(mu)  ||d||  lg(rg) alpha_du alpha_pr  ls
 250r-2.3020396e-01 7.33e+00 3.06e+03   0.3 1.54e+02   2.0 9.68e-06 9.74e-07f  1
 251r-2.2923926e-01 7.33e+00 2.06e+03   0.3 1.90e+02   1.5 4.51e-06 1.34e-05f  1
 252 -2.2944430e-01 7.24e+00 6.62e+03  -6.0 3.42e+01    -  1.71e-06 1.13e-02h  1
 253 -2.3048403e-01 6.76e+00 6.17e+03  -6.0 2.82e+01    -  1.02e-04 6.76e-02h  1
 254 -2.3050545e-01 6.74e+00 6.16e+03  -6.0 9.97e+00    -  3.88e-04 2.32e-03h  1
 255 -2.3054675e-01 6.69e+00 6.11e+03  -6.0 1.01e+01    -  3.33e-03 7.47e-03f  1
 256 -2.3058831e-01 6.64e+00 6.07e+03  -6.0 9.89e+00    -  2.01e-02 6.67e-03h  1
 257 -2.3144831e-01 5.72e+00 5.22e+03  -6.0 9.53e+00    -  2.77e-02 1.40e-01f  1
 258 -2.3430775e-01 4.52e+00 4.13e+03  -6.0 6.74e+00    -  2.07e-01 2.09e-01h  1
 259 -2.4079245e-01 1.69e+00 4.68e+03  -6.0 3.67e+00    -  3.71e-01 6.26e-01h  1
iter    objective    inf_pr   inf_du lg(mu)  ||d||  lg(rg) alpha_du alpha_pr  ls
 260 -2.4304943e-01 7.12e-01 2.85e+05  -6.0 1.02e+00    -  2.15e-01 5.78e-01h  1
 261 -2.4404007e-01 2.92e-01 7.46e+04  -6.0 4.79e-01    -  8.13e-01 5.89e-01h  1
 262 -2.4473654e-01 6.96e-03 4.44e+03  -6.0 1.84e-01    -  9.52e-01 9.76e-01h  1
 263 -2.4520007e-01 4.92e-03 2.28e+03  -6.0 6.39e+00    -  1.01e-01 4.75e-01f  1
 264 -2.4534950e-01 2.92e-03 1.27e+03  -6.0 2.11e+00    -  6.23e-01 4.41e-01f  1
 265 -2.4583387e-01 7.10e-03 2.33e+02  -6.0 4.65e+00    -  6.62e-01 7.90e-01f  1
 266 -2.4648521e-01 3.24e-02 2.84e+01  -6.0 1.23e+01    -  8.39e-01 8.19e-01f  1
 267 -2.4724747e-01 3.28e-02 1.14e+01  -6.0 8.21e+01    -  6.83e-01 1.00e+00F  1
 268 -2.4734073e-01 3.13e-02 1.01e+01  -6.0 2.86e+02    -  4.38e-01 1.09e-01h  3
 269 -2.4743325e-01 3.46e-02 2.09e+01  -6.0 6.55e+02    -  4.26e-01 5.12e-02h  3
iter    objective    inf_pr   inf_du lg(mu)  ||d||  lg(rg) alpha_du alpha_pr  ls
 270 -2.4752652e-01 9.00e-02 4.51e+01  -6.0 2.12e+03    -  1.11e-01 2.44e-02h  3
 271 -2.4757477e-01 1.08e-01 1.16e+02  -6.0 2.42e+03    -  1.37e-01 1.24e-02h  4
 272 -2.4798203e-01 2.14e+00 3.87e+02  -6.0 2.73e+03    -  3.73e-01 1.14e-01h  1
 273 -2.4883166e-01 2.95e+01 2.14e+03  -6.0 3.63e+03    -  1.57e-01 3.16e-01h  1
 274 -2.4883792e-01 2.92e+01 9.68e+02  -6.0 7.07e-01  -0.3 5.41e-05 9.75e-03h  1
 275 -2.4884053e-01 2.91e+01 3.37e+03  -6.0 7.00e-01  -0.8 3.41e-02 5.71e-03h  1
 276 -2.4886379e-01 2.73e+01 3.21e+03  -6.0 6.96e-01  -1.3 2.10e-02 6.05e-02h  1
 277 -2.4888082e-01 2.59e+01 3.03e+03  -6.0 6.54e-01  -1.7 1.25e-01 5.17e-02h  1
 278 -2.4891007e-01 2.33e+01 2.73e+03  -6.0 6.20e-01  -2.2 2.86e-01 1.01e-01h  1
 279 -2.4894457e-01 1.98e+01 2.31e+03  -6.0 5.58e-01  -2.7 6.09e-01 1.50e-01h  1
iter    objective    inf_pr   inf_du lg(mu)  ||d||  lg(rg) alpha_du alpha_pr  ls
 280 -2.4904129e-01 9.62e+00 1.12e+03  -6.0 4.74e-01  -3.2 4.82e-01 5.14e-01h  1
 281 -2.4913973e-01 2.10e-03 2.25e+00  -6.0 2.31e-01  -3.7 9.52e-01 1.00e+00h  1
 282 -2.4913165e-01 1.77e-03 2.99e+00  -6.0 1.36e+00  -4.1 1.00e+00 1.57e-01h  1
 283 -2.4913042e-01 4.79e-04 1.05e-01  -6.0 1.84e-01  -4.6 9.68e-01 1.00e+00f  1
 284 -2.4913141e-01 3.92e-04 6.92e-02  -6.0 4.18e-01  -5.1 1.00e+00 1.00e+00h  1
 285 -2.4917484e-01 3.73e-04 2.72e-01  -6.0 9.24e-01  -5.6 1.00e+00 1.00e+00h  1
 286 -2.4922924e-01 2.15e-04 8.51e-01  -6.0 2.06e+00  -6.0 1.00e+00 8.33e-01h  1
 287 -2.4926840e-01 8.79e-04 7.30e-01  -6.0 3.61e+00  -6.5 1.00e+00 9.99e-01f  1
 288 -2.4931478e-01 2.81e-03 1.43e-01  -6.0 1.20e+01  -7.0 1.00e+00 1.00e+00f  1
 289 -2.4949591e-01 2.69e-02 4.12e-01  -6.0 3.41e+01  -7.5 1.00e+00 1.00e+00h  1
iter    objective    inf_pr   inf_du lg(mu)  ||d||  lg(rg) alpha_du alpha_pr  ls
 290 -2.4986798e-01 2.83e-01 8.51e-01  -6.0 1.11e+02  -7.9 1.00e+00 1.00e+00h  1
 291 -2.5060641e-01 3.21e+00 1.36e-01  -6.0 3.71e+02  -8.4 1.00e+00 1.00e+00h  1
 292 -2.5081760e-01 3.26e+00 1.99e+01  -6.0 1.44e+03  -8.9 6.88e-01 7.87e-02h  1
 293 -2.5138762e-01 1.57e+00 5.54e+00  -6.0 8.19e+02  -9.4 9.02e-01 5.20e-01h  1
 294 -2.5197710e-01 9.46e+00 2.46e+00  -6.0 1.34e+03  -9.9 2.63e-01 4.56e-01h  1
 295 -2.5274695e-01 1.31e+02 4.02e+01  -6.0 3.38e+03 -10.3 2.43e-01 7.00e-01h  1
 296 -2.5273617e-01 6.18e+01 4.24e+01  -6.0 3.44e+01  -8.1 1.36e-01 5.27e-01h  1
 297 -2.5276479e-01 3.17e+01 8.53e+00  -6.0 7.51e+01  -8.6 8.70e-01 4.87e-01h  1
 298 -2.5277025e-01 2.51e+00 2.38e+01  -6.0 3.90e+02  -9.1 1.27e-01 1.00e+00h  1
 299 -2.5279138e-01 2.19e+00 1.96e+01  -6.0 4.72e+00  -6.8 1.00e+00 1.30e-01h  1
iter    objective    inf_pr   inf_du lg(mu)  ||d||  lg(rg) alpha_du alpha_pr  ls
 300 -2.5280522e-01 2.29e-03 5.81e+00  -6.0 1.06e+01  -7.3 1.00e+00 1.00e+00h  1
 301 -2.5279914e-01 7.21e-03 7.20e-02  -6.0 2.00e+01  -7.8 1.00e+00 9.69e-01h  1
 302 -2.5276765e-01 9.54e-02 7.90e-02  -6.0 6.36e+01  -8.3 1.00e+00 1.00e+00f  1
 303 -2.5275333e-01 7.11e-01 1.60e-01  -6.0 1.93e+02  -8.7 1.00e+00 1.00e+00h  1
 304 -2.5276590e-01 1.63e+00 4.56e+00  -6.0 4.68e+02  -9.2 1.00e+00 5.66e-01h  1
 305 -2.5270301e-01 1.73e+00 9.47e-01  -6.0 3.04e+02  -9.7 1.00e+00 1.00e+00h  1
 306 -2.5268800e-01 9.46e-03 3.37e-01  -6.0 1.61e+01  -6.5 6.99e-01 1.00e+00h  1
 307 -2.5269060e-01 3.23e-04 1.37e-03  -6.0 3.14e+00  -7.0 1.00e+00 1.00e+00h  1
 308 -2.5269478e-01 4.40e-03 6.71e-04  -6.0 1.26e+01  -7.5 1.00e+00 1.00e+00h  1
 309 -2.5270293e-01 2.53e-02 1.11e-03  -6.0 3.66e+01  -8.0 1.00e+00 1.00e+00h  1
iter    objective    inf_pr   inf_du lg(mu)  ||d||  lg(rg) alpha_du alpha_pr  ls
 310 -2.5271622e-01 1.88e-01 6.88e-03  -6.0 1.00e+02  -8.5 1.00e+00 1.00e+00h  1
 311 -2.5272954e-01 9.22e-01 4.43e-02  -6.0 2.22e+02  -8.9 1.00e+00 1.00e+00h  1
 312 -2.5271516e-01 8.49e-01 1.90e-01  -6.0 2.17e+02  -9.4 1.00e+00 9.82e-01h  1
 313 -2.5268318e-01 6.94e+00 1.73e+00  -6.0 7.91e+02  -9.9 8.68e-01 7.68e-01h  1
 314 -2.5268481e-01 6.94e+00 4.49e+01  -6.0 1.60e+07    -  1.46e-04 4.03e-05h  2
 315 -2.5270288e-01 6.77e+00 3.98e+01  -6.0 3.55e+03 -10.4 2.12e-01 2.44e-02h  3
 316 -2.5268713e-01 6.74e+00 4.63e+01  -6.0 2.14e+03 -10.8 5.17e-01 1.63e-01h  1
 317 -2.5265963e-01 3.98e+01 1.86e+01  -6.0 1.96e+04    -  3.66e-02 7.99e-02h  1
 318 -2.5255064e-01 2.36e+01 2.82e+02  -6.0 3.49e+03    -  6.02e-01 7.27e-01h  1
 319 -2.5249251e-01 1.26e+01 4.80e+02  -6.0 8.88e+02 -10.4 1.00e+00 5.99e-01h  1
iter    objective    inf_pr   inf_du lg(mu)  ||d||  lg(rg) alpha_du alpha_pr  ls
 320 -2.5254196e-01 3.93e+00 2.29e+02  -6.0 3.15e+02  -8.2 2.14e-02 6.89e-01h  1
 321 -2.5258366e-01 3.70e+00 2.43e+02  -6.0 1.32e+03  -8.7 3.11e-05 5.89e-02H  1
 322 -2.5280510e-01 3.08e+00 6.74e+01  -6.0 4.14e+02  -9.1 8.56e-01 1.00e+00h  1
 323 -2.5288454e-01 2.48e+00 1.96e+01  -6.0 2.50e+02  -8.7 1.00e+00 4.27e-01h  1
 324 -2.5276692e-01 5.33e-01 4.44e+00  -6.0 1.81e+02  -9.2 4.78e-01 8.03e-01h  1
 325 -2.5278691e-01 6.29e-01 1.65e+00  -6.0 3.39e+02  -9.7 6.11e-01 6.74e-01f  1
 326 -2.5294864e-01 1.01e+01 2.21e+01  -6.0 1.07e+03 -10.1 5.57e-01 1.00e+00h  1
 327 -2.5309643e-01 5.73e+00 2.50e+01  -6.0 5.87e+02  -9.7 3.00e-01 5.08e-01h  1
 328 -2.5299431e-01 2.01e+00 9.24e+00  -6.0 3.14e+02 -10.2 1.00e+00 6.81e-01h  1
 329 -2.5304269e-01 7.69e-01 9.16e-01  -6.0 5.55e+02    -  1.00e+00 1.00e+00h  1
iter    objective    inf_pr   inf_du lg(mu)  ||d||  lg(rg) alpha_du alpha_pr  ls
 330 -2.5303077e-01 5.66e-03 1.33e-03  -6.0 1.49e+01  -8.9 1.00e+00 1.00e+00h  1
 331 -2.5303188e-01 1.11e+00 1.87e+01  -6.0 1.31e+03    -  1.00e+00 1.50e-01h  2
 332 -2.5303269e-01 3.48e-02 2.00e-04  -6.0 1.96e+01  -9.3 1.00e+00 1.00e+00h  1
 333 -2.5303366e-01 2.43e-01 1.56e-02  -6.0 1.35e+02  -9.8 1.00e+00 1.00e+00H  1
 334 -2.5303527e-01 9.73e-01 4.26e-02  -6.0 2.87e+02 -10.3 1.00e+00 1.00e+00h  1
 335 -2.5303530e-01 1.33e+00 3.71e+01  -6.0 2.47e+03    -  1.00e+00 7.78e-02h  2
 336 -2.5303771e-01 3.32e-01 6.51e+00  -6.0 1.70e+02    -  8.06e-01 1.00e+00h  1
 337 -2.5303818e-01 1.24e-02 2.00e-03  -6.0 3.25e+01    -  1.00e+00 1.00e+00h  1
 338 -2.5303818e-01 2.30e-04 3.86e-06  -6.0 4.45e+00    -  1.00e+00 1.00e+00h  1
 339 -2.5303818e-01 2.87e-10 1.13e-11  -6.0 1.52e-03    -  1.00e+00 1.00e+00h  1
iter    objective    inf_pr   inf_du lg(mu)  ||d||  lg(rg) alpha_du alpha_pr  ls
 340 -2.5340740e-01 7.40e-01 1.73e+01  -7.5 6.32e+03    -  1.91e-01 1.28e-01f  1
 341 -2.5365461e-01 9.54e-01 5.78e+01  -7.5 3.63e+03    -  3.16e-01 1.26e-01h  1
 342 -2.5407562e-01 3.36e+01 1.50e+02  -7.5 6.71e+03    -  1.23e-02 2.09e-01h  1
 343 -2.5408026e-01 2.13e+01 1.42e+02  -7.5 1.43e+00  -4.5 4.68e-02 3.66e-01h  1
 344 -2.5408030e-01 1.38e+01 1.00e+02  -7.5 9.07e-01  -4.0 3.95e-01 3.53e-01h  1
 345 -2.5407986e-01 7.37e+00 3.48e+01  -7.5 5.88e-01  -3.6 3.67e-01 4.65e-01h  1
 346 -2.5408177e-01 9.69e-04 1.21e+00  -7.5 3.14e-01  -4.1 9.81e-01 1.00e+00h  1
 347 -2.5408509e-01 6.94e-04 1.34e+01  -7.5 1.90e-01  -4.6 1.00e+00 2.84e-01h  1
 348 -2.5409123e-01 9.86e-04 3.60e+00  -7.5 4.15e-01  -5.0 1.00e+00 2.49e-01f  1
 349 -2.5410310e-01 6.94e-04 2.71e+00  -7.5 8.71e-01  -5.5 3.57e-01 3.03e-01f  1
iter    objective    inf_pr   inf_du lg(mu)  ||d||  lg(rg) alpha_du alpha_pr  ls
 350 -2.5410625e-01 7.60e-03 3.76e+04  -7.5 9.63e+00  -6.0 8.16e-04 5.22e-02f  1
 351 -2.5410625e-01 7.71e-03 3.73e+04  -7.5 1.90e-03   1.9 2.25e-01 9.20e-03h  1
 352 -2.5410625e-01 7.62e-03 3.69e+04  -7.5 1.81e-03   1.4 4.65e-01 1.10e-02h  1
 353 -2.5410612e-01 3.47e-03 1.68e+04  -7.5 2.15e-03   0.9 1.00e+00 5.46e-01h  1
 354 -2.5410605e-01 3.89e-07 2.50e+01  -7.5 9.77e-04   0.4 1.00e+00 1.00e+00f  1
 355 -2.5410605e-01 2.82e-10 3.34e-04  -7.5 1.49e-05  -0.1 1.00e+00 1.00e+00h  1
 356 -2.5410604e-01 4.24e-10 6.83e-05  -7.5 3.36e-05  -0.5 1.00e+00 1.00e+00h  1
 357 -2.5410605e-01 3.62e-10 1.36e-05  -7.5 4.98e-05  -1.0 1.00e+00 1.00e+00h  1
 358 -2.5410606e-01 2.02e-09 5.32e-06  -7.5 1.62e-04  -1.5 1.00e+00 1.00e+00h  1
 359 -2.5410609e-01 1.47e-08 5.07e-06  -7.5 4.63e-04  -2.0 1.00e+00 1.00e+00h  1
iter    objective    inf_pr   inf_du lg(mu)  ||d||  lg(rg) alpha_du alpha_pr  ls
 360 -2.5410617e-01 8.82e-08 1.49e-05  -7.5 1.25e-03  -2.4 1.00e+00 1.00e+00h  1
 361 -2.5410637e-01 3.08e-07 1.05e-04  -7.5 3.34e-03  -2.9 1.00e+00 1.00e+00h  1
 362 -2.5410678e-01 6.71e-07 4.53e-04  -7.5 7.25e-03  -3.4 1.00e+00 1.00e+00h  1
 363 -2.5410765e-01 6.43e-07 1.96e-03  -7.5 2.06e-02  -3.9 1.00e+00 1.00e+00h  1
 364 -2.5411009e-01 5.03e-06 1.57e-02  -7.5 6.25e-02  -4.3 1.00e+00 1.00e+00h  1
 365 -2.5411196e-01 6.13e-06 2.00e-02  -7.5 1.74e-01  -4.8 1.00e+00 2.85e-01h  1
 366 -2.5412217e-01 3.59e-05 9.13e-02  -7.5 7.73e-01  -5.3 3.73e-01 8.06e-01f  1
 367 -2.5413323e-01 1.06e-04 3.15e-01  -7.5 1.32e+00  -5.8 1.00e+00 3.29e-01f  1
 368 -2.5413552e-01 9.37e-05 2.70e-01  -7.5 1.84e+00  -6.3 1.00e+00 1.78e-01f  1
 369 -2.5415117e-01 2.95e-04 1.05e+00  -7.5 5.53e+00  -6.7 1.00e+00 5.53e-01f  1
iter    objective    inf_pr   inf_du lg(mu)  ||d||  lg(rg) alpha_du alpha_pr  ls
 370 -2.5420749e-01 1.29e-02 7.69e+00  -7.5 1.65e+01  -7.2 1.00e+00 1.00e+00f  1
 371 -2.5421881e-01 1.25e-02 7.03e+00  -7.5 4.78e+01  -7.7 1.00e+00 9.22e-02h  1
 372 -2.5437969e-01 1.30e-01 1.62e+01  -7.5 1.31e+02  -8.2 3.66e-01 4.97e-01f  1
 373 -2.5447971e-01 1.45e-01 1.38e+01  -7.5 2.90e+02  -8.6 1.00e+00 1.49e-01h  1
 374 -2.5460432e-01 1.56e-01 1.18e+01  -7.5 4.19e+02  -9.1 6.99e-01 1.46e-01h  1
 375 -2.5474034e-01 1.28e+00 7.47e+00  -7.5 5.25e+02  -9.6 1.00e+00 3.65e-01h  1
 376 -2.5483063e-01 1.06e+00 6.21e+00  -7.5 2.18e+03 -10.1 4.62e-01 1.69e-01h  1
 377 -2.5505229e-01 2.49e+00 1.73e-01  -7.5 7.17e+02  -9.6 1.00e+00 1.00e+00h  1
 378 -2.5523560e-01 2.65e+00 4.85e-01  -7.5 1.12e+04 -10.1 1.33e-02 4.86e-02h  1
 379 -2.5555624e-01 2.41e+01 7.52e-01  -7.5 3.36e+03    -  9.68e-02 3.20e-01h  1
iter    objective    inf_pr   inf_du lg(mu)  ||d||  lg(rg) alpha_du alpha_pr  ls
 380 -2.5573755e-01 2.26e+01 6.59e-01  -7.5 3.01e+03  -9.7 2.81e-02 8.57e-02h  1
 381 -2.5588596e-01 1.53e+01 4.46e-01  -7.5 6.66e+02  -9.3 4.32e-01 3.30e-01h  1
 382 -2.5593249e-01 1.42e+01 2.94e+00  -7.5 7.43e+02  -9.7 4.75e-01 7.90e-02h  1
 383 -2.5607310e-01 1.68e+01 7.80e+00  -7.5 1.09e+04    -  1.25e-02 3.58e-02h  1
 384 -2.5612888e-01 1.71e+01 7.72e+00  -7.5 1.61e+04    -  2.71e-03 9.49e-03h  1
 385 -2.5647053e-01 3.47e+01 1.02e+01  -7.5 5.38e+04    -  9.49e-04 1.70e-02h  1
 386 -2.5643983e-01 3.19e+01 1.49e+02  -7.5 1.90e+03    -  1.02e-01 8.60e-02h  1
 387 -2.5639272e-01 6.15e+00 8.02e+03  -7.5 1.76e+03    -  6.19e-04 1.00e+00h  1
 388 -2.5642353e-01 5.02e+00 6.29e+03  -7.5 5.03e+02    -  5.85e-01 1.85e-01h  1
 389 -2.5652547e-01 4.12e+00 2.62e+02  -7.5 3.22e+02    -  4.15e-01 1.00e+00h  1
iter    objective    inf_pr   inf_du lg(mu)  ||d||  lg(rg) alpha_du alpha_pr  ls
 390 -2.5654247e-01 2.06e+00 5.52e+01  -7.5 7.08e+01  -8.4 9.94e-01 4.99e-01h  1
 391 -2.5660499e-01 1.11e+00 9.20e-01  -7.5 9.18e+01  -8.9 4.46e-01 1.00e+00h  1
 392 -2.5668996e-01 1.18e+00 6.93e-01  -7.5 2.76e+02  -9.4 1.45e-01 5.93e-01h  1
 393 -2.5701675e-01 9.78e+00 4.86e-01  -7.5 1.00e+03  -9.9 1.43e-01 6.41e-01h  1
 394 -2.5699836e-01 9.28e+00 4.28e-01  -7.5 6.32e+02    -  1.00e+00 5.38e-02h  1
 395 -2.5697589e-01 1.21e+00 4.78e-01  -7.5 1.87e+02    -  1.09e-02 8.74e-01h  1
 396 -2.5707731e-01 2.37e-01 5.76e-01  -7.5 8.96e+01    -  3.54e-01 1.00e+00h  1
 397 -2.5708236e-01 5.02e-01 4.06e-01  -7.5 6.42e+01    -  3.78e-01 6.42e-01h  1
 398 -2.5706941e-01 5.60e-02 1.18e-03  -7.5 1.85e+01    -  1.00e+00 1.00e+00h  1
 399 -2.5706748e-01 2.74e-04 1.04e-05  -7.5 1.50e+00    -  1.00e+00 1.00e+00h  1
iter    objective    inf_pr   inf_du lg(mu)  ||d||  lg(rg) alpha_du alpha_pr  ls
 400 -2.5706747e-01 3.90e-09 1.12e-09  -7.5 7.16e-03    -  1.00e+00 1.00e+00h  1
 401 -2.5706962e-01 7.99e-02 6.07e+00  -9.0 6.56e+02    -  7.86e-01 1.26e-01h  1
 402 -2.5707094e-01 8.65e-03 8.74e-01  -9.0 1.61e-01  -5.8 9.88e-01 8.92e-01h  1
 403 -2.5707136e-01 2.62e-04 3.25e-02  -9.0 5.32e-01  -6.3 1.00e+00 9.70e-01h  1
 404 -2.5707259e-01 2.08e-02 5.95e-02  -9.0 5.12e+03    -  1.34e-01 8.22e-03h  1
 405 -2.5707269e-01 1.10e-02 1.16e-01  -9.0 9.76e-01  -6.8 1.00e+00 4.72e-01h  1
 406 -2.5707279e-01 1.01e-01 1.15e-01  -9.0 3.16e+03    -  9.58e-02 2.79e-02h  1
 407 -2.5707282e-01 4.59e-03 4.45e-04  -9.0 1.99e+01  -7.2 1.00e+00 1.00e+00h  1
 408 -2.5707294e-01 4.36e-03 1.33e-02  -9.0 2.17e+02    -  4.99e-02 5.02e-02h  1
 409 -2.5707296e-01 4.66e-04 1.74e-02  -9.0 5.10e-01  -7.7 1.00e+00 1.00e+00f  1
iter    objective    inf_pr   inf_du lg(mu)  ||d||  lg(rg) alpha_du alpha_pr  ls
 410 -2.5707302e-01 3.18e-03 1.70e-01  -9.0 1.62e+00  -8.2 7.87e-01 8.21e-01h  1
 411 -2.5707311e-01 3.53e-03 3.25e-01  -9.0 2.06e+02    -  1.00e+00 3.98e-02h  1
 412 -2.5707462e-01 2.01e-01 1.16e+00  -9.0 1.98e+02    -  2.35e-01 1.00e+00h  1
 413 -2.5707462e-01 2.00e-01 1.31e+00  -9.0 9.17e-02  -5.1 1.00e+00 1.01e-03h  1
 414 -2.5707391e-01 3.37e-06 4.81e-01  -9.0 9.16e-02  -5.5 1.00e+00 1.00e+00h  1
 415 -2.5707391e-01 1.04e-04 1.76e-02  -9.0 2.39e+00    -  1.00e+00 1.00e+00h  1
 416 -2.5707390e-01 7.49e-06 4.53e-03  -9.0 6.26e-01    -  1.00e+00 1.00e+00h  1
 417 -2.5707390e-01 4.74e-10 3.05e-06  -9.0 5.36e-04    -  1.00e+00 1.00e+00h  1
 418 -2.5707390e-01 2.83e-10 2.44e-08  -9.0 6.52e-06    -  1.00e+00 1.00e+00h  1
 419 -2.5707390e-01 2.82e-10 1.50e-09  -9.0 3.01e-08    -  1.00e+00 1.00e+00H  1

Number of Iterations....: 419

                                   (scaled)                 (unscaled)
Objective...............:  -2.5707390456451412e-01   -2.5707390456451412e-01
Dual infeasibility......:   1.5009739839921821e-09    1.5009739839921821e-09
Constraint violation....:   2.8228348749204796e-10    2.8228348749204796e-10
Complementarity.........:   9.0909091079608072e-10    9.0909091079608072e-10
Overall NLP error.......:   1.5009739839921821e-09    1.5009739839921821e-09


Number of objective function evaluations             = 800
Number of objective gradient evaluations             = 417
Number of equality constraint evaluations            = 800
Number of inequality constraint evaluations          = 801
Number of equality constraint Jacobian evaluations   = 430
Number of inequality constraint Jacobian evaluations = 430
Number of Lagrangian Hessian evaluations             = 419
Total CPU secs in IPOPT (w/o function evaluations)   =    891.281
Total CPU secs in NLP function evaluations           =     20.544

EXIT: Optimal Solution Found.
