
List of user-set options:

                                    Name   Value                used
                           compl_inf_tol = 1                     yes
                         constr_viol_tol = 1                     yes
                            dual_inf_tol = 1000                  yes
                           linear_solver = ma97                  yes
                              ma86_small = 1e-30                  no
                                  ma86_u = 0.0001                 no
                              ma97_order = best                  yes
                              ma97_small = 1e-30                 yes
                            ma97_switch1 = at_start              yes
                            ma97_switch2 = od_hd_reuse           yes
                                  ma97_u = 1e-06                 yes
                               ma97_umax = 0.5                   yes
                                max_iter = 1000                  yes
                    max_refinement_steps = 20                    yes
                    min_refinement_steps = 5                     yes
                                 mu_init = 1e-06                 yes
           mu_superlinear_decrease_power = 1.25                  yes
                   nlp_scaling_min_value = 1e-08                 yes
                        option_file_name = Preset_Case:_210_NCP.opt  yes
                             output_file = ./tmp/Preset_Case:_210_NCP.output  yes
                      print_user_options = yes                   yes
        required_infeasibility_reduction = 1                      no
                                     tol = 1e-08                 yes
                   warm_start_bound_frac = 1e-20                 yes
                   warm_start_bound_push = 1e-20                 yes
                   warm_start_init_point = yes                   yes
              warm_start_mult_bound_push = 1e-20                 yes
                warm_start_mult_init_max = 1e+40                 yes
             warm_start_slack_bound_frac = 1e-20                 yes
             warm_start_slack_bound_push = 1e-20                 yes

******************************************************************************
This program contains Ipopt, a library for large-scale nonlinear optimization.
 Ipopt is released as open source code under the Eclipse Public License (EPL).
         For more information visit http://projects.coin-or.org/Ipopt
******************************************************************************

This is Ipopt version 3.12.10, running with linear solver ma97.

Number of nonzeros in equality constraint Jacobian...:   117167
Number of nonzeros in inequality constraint Jacobian.:      213
Number of nonzeros in Lagrangian Hessian.............:    47513

Total number of variables............................:    29977
                     variables with only lower bounds:    11312
                variables with lower and upper bounds:    15135
                     variables with only upper bounds:        0
Total number of equality constraints.................:    29864
Total number of inequality constraints...............:       25
        inequality constraints with only lower bounds:        4
   inequality constraints with lower and upper bounds:        0
        inequality constraints with only upper bounds:       21

iter    objective    inf_pr   inf_du lg(mu)  ||d||  lg(rg) alpha_du alpha_pr  ls
   0 -1.6002226e-01 1.95e-01 2.00e+00  -6.0 0.00e+00    -  0.00e+00 0.00e+00   0
In iteration 0, 9 Slacks too small, adjusting variable bounds
   1 -1.6002226e-01 1.95e-01 1.85e+03  -6.0 1.08e+10    -  1.85e-13 3.26e-18h  1
   2 -1.6002163e-01 1.95e-01 1.85e+03  -6.0 3.74e+02    -  7.22e-08 9.84e-06f  1
   3 -1.6002163e-01 1.95e-01 1.83e+03  -6.0 3.33e+01    -  2.96e-02 7.02e-07h  2
   4 -1.6000097e-01 1.95e-01 1.83e+03  -6.0 3.32e+02    -  2.34e-04 3.58e-04h  1
   5 -1.5994230e-01 1.95e-01 1.82e+03  -6.0 2.23e+02    -  2.44e-02 2.24e-03h  1
   6 -1.5932544e-01 1.91e-01 1.80e+03  -6.0 3.39e+02    -  2.70e-03 1.69e-02h  2
   7 -1.5884188e-01 1.89e-01 1.77e+03  -6.0 2.64e+02    -  2.09e-02 1.28e-02h  2
   8 -1.5838308e-01 1.87e-01 1.73e+03  -6.0 2.68e+02    -  4.00e-02 1.14e-02h  2
   9 -1.5798612e-01 1.85e-01 1.71e+03  -6.0 2.69e+02    -  1.79e-02 9.74e-03h  2
iter    objective    inf_pr   inf_du lg(mu)  ||d||  lg(rg) alpha_du alpha_pr  ls
  10 -1.5734945e-01 1.83e-01 1.66e+03  -6.0 2.76e+02    -  5.93e-02 1.26e-02h  1
  11 -1.5678914e-01 1.79e-01 1.22e+05  -6.0 2.54e+02    -  3.94e-02 1.85e-02h  2
  12 -1.5624104e-01 1.76e-01 1.07e+06  -6.0 2.52e+02    -  1.68e-01 1.76e-02h  2
  13 -1.5551663e-01 1.72e-01 1.10e+06  -6.0 2.62e+02    -  3.26e-02 2.17e-02h  4
  14 -1.5478213e-01 1.69e-01 1.72e+06  -6.0 2.60e+02    -  1.32e-01 2.16e-02h  4
  15 -1.5435917e-01 1.67e-01 1.85e+06  -6.0 2.75e+02    -  3.44e-02 1.11e-02h  5
  16 -1.5391542e-01 1.65e-01 3.38e+06  -6.0 2.77e+02    -  2.66e-01 1.14e-02h  5
  17 -1.5355229e-01 1.64e-01 3.42e+06  -6.0 3.42e+02    -  1.92e-02 7.02e-03h  6
  18 -1.5318254e-01 1.62e-01 3.78e+06  -6.0 3.43e+02    -  7.26e-02 7.10e-03h  6
  19 -1.5276301e-01 1.61e-01 3.93e+06  -6.0 3.60e+02    -  3.93e-02 7.60e-03h  6
iter    objective    inf_pr   inf_du lg(mu)  ||d||  lg(rg) alpha_du alpha_pr  ls
  20 -1.5231924e-01 1.60e-01 4.27e+06  -6.0 3.65e+02    -  7.41e-02 7.85e-03h  6
  21 -1.3615475e-01 5.05e+00 2.01e+06  -6.0 3.80e+02    -  6.46e-02 2.72e-01w  1
  22 -1.3615460e-01 5.05e+00 5.59e+06  -6.0 2.38e+02    -  3.53e-01 2.98e-06w  1
  23 -1.2851701e-01 5.04e+00 4.99e+06  -6.0 4.57e+02    -  1.34e-01 7.54e-02w  1
  24 -1.5206667e-01 1.59e-01 4.58e+06  -6.0 2.82e+02    -  6.46e-02 4.24e-03h  6
  25 -1.5178551e-01 1.59e-01 4.65e+06  -6.0 3.94e+02    -  2.17e-02 4.52e-03h  7
  26 -1.5149519e-01 1.58e-01 6.07e+06  -6.0 3.96e+02    -  2.87e-01 4.63e-03h  7
  27 -1.5118680e-01 1.57e-01 6.05e+06  -6.0 4.57e+02    -  8.57e-03 4.05e-03h  7
  28 -1.5088092e-01 1.57e-01 6.18e+06  -6.0 4.55e+02    -  5.31e-02 4.01e-03h  7
  29 -1.5072817e-01 1.56e-01 6.22e+06  -6.0 4.58e+02    -  2.02e-02 1.96e-03h  8
iter    objective    inf_pr   inf_du lg(mu)  ||d||  lg(rg) alpha_du alpha_pr  ls
  30 -1.5057558e-01 1.56e-01 6.91e+06  -6.0 4.59e+02    -  2.63e-01 1.95e-03h  8
  31 -1.5041390e-01 1.56e-01 6.92e+06  -6.0 4.70e+02    -  1.72e-02 1.80e-03h  8
  32 -1.5025249e-01 1.55e-01 6.98e+06  -6.0 4.69e+02    -  6.89e-02 1.79e-03h  8
  33 -1.5008953e-01 1.55e-01 6.98e+06  -6.0 4.70e+02    -  2.48e-02 1.79e-03h  8
  34 -1.2923558e-01 7.41e+00 5.37e+06  -6.0 4.69e+02    -  2.09e-01 2.29e-01w  1
  35 -1.2921913e-01 7.41e+00 5.18e+06  -6.0 3.49e+02    -  2.48e-01 1.99e-04w  1
  36 -1.1604206e-01 7.67e+00 4.11e+06  -6.0 3.45e+02    -  3.43e-01 2.28e-01w  1
  37 -1.4992661e-01 1.55e-01 7.14e+06  -6.0 3.25e+02    -  2.09e-01 1.79e-03h  7
  38 -1.4975492e-01 1.55e-01 7.13e+06  -6.0 4.79e+02    -  2.04e-02 1.87e-03h  8
  39 -1.4958324e-01 1.54e-01 7.15e+06  -6.0 4.81e+02    -  1.10e-01 1.88e-03h  8
iter    objective    inf_pr   inf_du lg(mu)  ||d||  lg(rg) alpha_du alpha_pr  ls
  40 -1.4940409e-01 1.54e-01 7.13e+06  -6.0 5.07e+02    -  2.44e-02 2.07e-03h  8
  41 -1.4922399e-01 1.54e-01 7.15e+06  -6.0 5.10e+02    -  2.53e-01 2.10e-03h  8
  42 -1.4901243e-01 1.53e-01 7.12e+06  -6.0 6.58e+02    -  2.12e-02 3.20e-03h  8
  43 -1.4880425e-01 1.53e-01 7.04e+06  -6.0 6.68e+02    -  1.25e-01 3.22e-03h  8
  44 -1.4831413e-01 1.51e-01 6.95e+06  -6.0 8.62e+02    -  2.94e-02 1.11e-02h  6
  45 -1.4845119e-01 1.50e-01 6.84e+06  -6.0 1.59e+03    -  4.40e-02 3.64e-03h  5
  46 -1.4757007e-01 1.49e-01 7.57e+06  -6.0 3.94e+02  -4.0 2.49e-01 1.08e-02h  6
  47 -1.2209444e-01 1.54e+01 5.06e+06  -6.0 5.78e+02  -4.5 1.44e-01 3.11e-01w  1
  48 -1.2207426e-01 1.54e+01 3.62e+06  -6.0 2.75e+02  -4.1 2.73e-01 1.90e-04w  1
  49 -1.2060229e-01 1.50e+01 3.59e+06  -6.0 5.54e+02  -4.5 1.11e-02 2.73e-02w  1
iter    objective    inf_pr   inf_du lg(mu)  ||d||  lg(rg) alpha_du alpha_pr  ls
  50 -1.4717202e-01 1.48e-01 7.67e+06  -6.0 1.71e+02  -4.1 1.44e-01 4.85e-03h  6
  51 -1.4685114e-01 1.47e-01 7.77e+06  -6.0 7.28e+02  -4.6 3.06e-01 5.07e-03h  7
  52 -1.4673227e-01 1.47e-01 8.42e+06  -6.0 5.13e+02  -4.2 2.44e-01 1.60e-03h  9
  53 -1.4690822e-01 1.47e-01 8.26e+06  -6.0 1.97e+03  -4.6 3.06e-02 2.56e-03h  5
  54 -1.4669101e-01 1.46e-01 9.17e+06  -6.0 5.88e+02  -4.2 4.23e-01 3.10e-03h  8
  55 -1.4648113e-01 1.46e-01 9.90e+06  -6.0 4.11e+02  -3.8 1.21e-01 3.17e-03h  8
  56 -1.4627338e-01 1.45e-01 9.99e+06  -6.0 8.20e+02  -4.3 1.31e-01 4.63e-03h  7
  57 -1.4605573e-01 1.45e-01 1.16e+07  -6.0 4.60e+02  -3.8 2.63e-01 3.34e-03h  8
  58 -1.4595997e-01 1.44e-01 1.15e+07  -6.0 1.05e+03  -4.3 5.71e-02 4.16e-03h  6
  59 -1.4574850e-01 1.43e-01 1.38e+07  -6.0 5.90e+02  -3.9 4.84e-01 4.06e-03h  8
iter    objective    inf_pr   inf_du lg(mu)  ||d||  lg(rg) alpha_du alpha_pr  ls
  60 -1.4690960e-01 3.59e+00 1.32e+07  -6.0 1.46e+03  -4.4 1.84e-02 5.99e-02w  1
  61 -1.4690960e-01 3.59e+00 1.31e+07  -6.0 3.32e+02  -3.0 1.95e-02 8.85e-08w  1
  62 -1.2579023e-01 1.93e+01 1.89e+06  -6.0 4.31e+02  -3.5 4.99e-03 4.41e-01w  1
  63 -1.4578479e-01 1.43e-01 1.36e+07  -6.0 2.65e+03  -4.0 1.84e-02 1.87e-03h  5
  64 -1.4540816e-01 1.42e-01 1.58e+07  -6.0 4.10e+02  -3.6 2.11e-01 5.50e-03h  6
  65 -1.4532251e-01 1.42e-01 1.59e+07  -6.0 8.00e+02  -4.0 1.07e-01 1.97e-03h  8
  66 -1.4538878e-01 1.42e-01 1.55e+07  -6.0 8.63e+03  -4.5 3.99e-03 8.27e-05h  7
  67 -1.4538693e-01 1.42e-01 1.51e+07  -6.0 1.08e+03  -4.1 9.72e-02 5.54e-04h  8
  68 -1.4513955e-01 1.41e-01 1.64e+07  -6.0 4.23e+02  -3.7 1.52e-01 3.27e-03h  2
  69 -1.4520150e-01 1.41e-01 1.64e+07  -6.0 2.63e+03  -4.1 1.83e-04 4.17e-04h  6
iter    objective    inf_pr   inf_du lg(mu)  ||d||  lg(rg) alpha_du alpha_pr  ls
  70 -1.4499167e-01 1.41e-01 1.65e+07  -6.0 5.48e+02  -3.7 2.44e-02 3.51e-03h  8
  71 -1.4453124e-01 1.40e-01 2.13e+07  -6.0 3.04e+02  -3.3 2.47e-01 7.20e-03h  2
  72 -1.4437211e-01 1.39e-01 2.12e+07  -6.0 7.09e+02  -3.8 3.78e-03 3.31e-03h  7
  73 -1.4686259e-01 4.42e+00 2.18e+07  -6.0 8.62e+03  -4.2 2.48e-04 3.41e-03w  1
  74 -1.4686259e-01 4.42e+00 2.02e+07  -6.0 3.08e+02  -2.9 1.01e-01 9.14e-08w  1
  75 -1.2747023e-01 9.90e+00 1.64e+07  -6.0 4.74e+02  -3.4 4.20e-01 2.84e-01w  1
  76 -1.4441102e-01 1.39e-01 2.11e+07  -6.0 6.48e+02  -3.9 2.48e-04 5.32e-05h  6
  77 -1.4422004e-01 1.39e-01 3.16e+07  -6.0 4.46e+02  -3.4 6.26e-01 3.13e-03h  8
  78 -1.4418341e-01 1.39e-01 3.15e+07  -6.0 9.94e+02  -3.9 4.44e-03 1.24e-03h  7
  79 -1.4419106e-01 1.39e-01 3.13e+07  -6.0 2.12e+03  -4.4 3.10e-03 1.73e-04h  8
iter    objective    inf_pr   inf_du lg(mu)  ||d||  lg(rg) alpha_du alpha_pr  ls
  80 -1.4416652e-01 1.39e-01 2.64e+07  -6.0 1.06e+03  -4.0 2.38e-01 1.03e-03h  7
  81 -1.4398401e-01 1.38e-01 2.69e+07  -6.0 5.46e+02  -3.5 5.76e-02 2.86e-03h  8
  82 -1.4400264e-01 1.38e-01 2.68e+07  -6.0 3.61e+03  -4.0 8.80e-04 5.61e-05h  8
  83 -1.4383987e-01 1.38e-01 3.17e+07  -6.0 5.98e+02  -3.6 6.37e-01 2.73e-03h  8
  84 -1.4384051e-01 1.38e-01 3.15e+07  -6.0 1.39e+03  -4.1 4.84e-03 1.39e-04h  9
  85 -1.4375008e-01 1.38e-01 3.15e+07  -6.0 7.28e+02  -3.6 2.21e-02 1.95e-03h  7
  86 -1.4466751e-01 3.73e+00 3.17e+07  -6.0 1.72e+03  -4.1 4.63e-03 2.36e-02w  1
  87 -1.4466751e-01 3.73e+00 3.06e+07  -6.0 6.85e+02  -4.6 2.45e-02 1.19e-07w  1
  88 -1.4283304e-01 5.41e+00 2.86e+07  -6.0 1.07e+03  -5.1 6.80e-02 5.80e-02w  1
  89 -1.4375725e-01 1.38e-01 3.13e+07  -6.0 8.35e+02  -4.6 4.63e-03 1.85e-04h  7
iter    objective    inf_pr   inf_du lg(mu)  ||d||  lg(rg) alpha_du alpha_pr  ls
  90 -1.4377128e-01 1.38e-01 3.09e+07  -6.0 3.15e+03  -4.2 4.01e-03 7.62e-05h  8
  91 -1.4376140e-01 1.38e-01 3.01e+07  -6.0 9.15e+02  -3.8 7.87e-02 3.12e-04h  9
  92 -1.4357947e-01 1.37e-01 3.95e+07  -6.0 4.93e+02  -3.4 5.22e-01 2.68e-03h  8
  93 -1.4354628e-01 1.37e-01 3.84e+07  -6.0 9.97e+02  -3.8 5.42e-02 1.09e-03h  7
  94 -1.4354974e-01 1.37e-01 3.81e+07  -6.0 3.85e+03  -4.3 1.90e-03 1.48e-05h 10
  95 -1.4354105e-01 1.37e-01 3.38e+07  -6.0 1.09e+03  -3.9 1.72e-01 4.17e-04h  8
  96 -1.4348025e-01 1.37e-01 3.59e+07  -6.0 4.98e+02  -3.5 1.63e-01 1.06e-03h  1
  97 -1.4348675e-01 1.37e-01 3.59e+07  -6.0 1.55e+03  -3.9 2.79e-05 1.88e-04h  8
  98 -1.4326764e-01 1.36e-01 3.59e+07  -6.0 6.52e+02  -3.5 2.82e-02 3.22e-03h  7
  99 -1.4327489e-01 1.36e-01 3.58e+07  -6.0 4.38e+03  -4.0 8.74e-04 2.01e-05h  9
iter    objective    inf_pr   inf_du lg(mu)  ||d||  lg(rg) alpha_du alpha_pr  ls
 100 -1.4313329e-01 1.36e-01 3.67e+07  -6.0 6.93e+02  -3.6 2.44e-01 2.45e-03h  7
 101 -1.4278128e-01 1.35e-01 4.41e+07  -6.0 3.89e+02  -3.1 2.36e-01 6.40e-03h  1
 102 -1.4271672e-01 1.35e-01 4.40e+07  -6.0 8.20e+02  -3.6 1.79e-03 1.48e-03h  7
 103 -1.4252758e-01 1.35e-01 4.58e+07  -6.0 4.87e+02  -3.2 6.78e-02 2.85e-03h  7
 104 -1.4248235e-01 1.34e-01 4.55e+07  -6.0 9.12e+02  -3.7 2.21e-02 1.26e-03h  7
 105 -1.4233974e-01 1.34e-01 6.24e+07  -6.0 5.24e+02  -3.3 6.54e-01 2.48e-03h  7
 106 -1.4229996e-01 1.34e-01 6.18e+07  -6.0 9.80e+02  -3.7 1.98e-02 1.12e-03h  7
 107 -1.4230336e-01 1.34e-01 6.08e+07  -6.0 2.02e+03  -4.2 8.36e-03 6.41e-05h  9
 108 -1.4228883e-01 1.34e-01 6.02e+07  -6.0 1.04e+03  -3.8 1.68e-02 4.61e-04h  8
 109 -1.4216837e-01 1.34e-01 6.67e+07  -6.0 6.84e+02  -3.4 7.68e-01 2.01e-03h  7
iter    objective    inf_pr   inf_du lg(mu)  ||d||  lg(rg) alpha_du alpha_pr  ls
 110 -1.4215752e-01 1.34e-01 6.66e+07  -6.0 1.27e+03  -3.8 6.33e-04 1.34e-04h  9
 111 -1.4207022e-01 1.33e-01 6.66e+07  -6.0 7.34e+02  -3.4 4.43e-02 1.42e-03h  8
 112 -1.3993311e-01 6.99e+00 6.68e+07  -6.0 1.65e+03  -3.9 4.81e-04 1.89e-02w  1
 113 -1.3993307e-01 6.99e+00 6.35e+07  -6.0 9.44e+02  -4.4 6.04e-02 9.36e-07w  1
 114 -1.3761470e-01 5.37e+01 5.32e+07  -6.0 1.41e+03  -4.8 1.63e-01 5.85e-02w  1
 115 -1.4201584e-01 1.33e-01 6.66e+07  -6.0 8.09e+02  -4.4 4.81e-04 4.81e-04s 16
 116 -1.4142725e-01 4.95e+00 6.65e+07  -6.0 1.40e+04  -4.0 7.87e-04 7.87e-04s 16
 117 -1.4008488e-01 5.94e+00 6.53e+07  -6.0 8.06e+02  -3.6 1.80e-02 1.80e-02s 16
 118r-1.4008488e-01 5.94e+00 1.00e+03   0.3 0.00e+00  -4.0 0.00e+00 0.00e+00R  1
 119r-1.4015889e-01 5.93e+00 1.00e+03   0.3 1.76e+05    -  4.75e-06 1.48e-06f  1
iter    objective    inf_pr   inf_du lg(mu)  ||d||  lg(rg) alpha_du alpha_pr  ls
 120r-1.3964837e-01 5.91e+00 3.35e+03   0.3 6.98e+02   0.0 2.34e-06 1.30e-05f  1
 121r-1.3929915e-01 5.83e+00 3.35e+03   0.3 4.12e+03    -  5.97e-05 1.51e-05f  1
 122r-1.3598595e-01 5.14e+00 3.35e+03   0.3 2.06e+03    -  1.20e-04 1.27e-04f  1
 123 -1.3595368e-01 5.14e+00 3.20e+05  -6.0 2.18e+02    -  6.20e-02 1.09e-03h  1
 124 -1.3540158e-01 5.04e+00 5.45e+06  -6.0 2.16e+02    -  1.09e-03 1.83e-02h  1
 125 -1.3444771e-01 4.87e+00 5.27e+06  -6.0 2.08e+02    -  1.09e-01 3.29e-02h  2
 126 -1.3420404e-01 4.83e+00 5.22e+06  -6.0 1.93e+02    -  3.07e-02 8.43e-03h  4
 127 -1.3407874e-01 4.81e+00 5.20e+06  -6.0 1.90e+02    -  9.18e-02 4.28e-03h  5
 128 -1.3404611e-01 4.81e+00 5.20e+06  -6.0 1.89e+02    -  4.22e-02 1.11e-03h  7
 129 -1.3404406e-01 4.81e+00 5.19e+06  -6.0 1.89e+02    -  1.10e-01 6.88e-05h 11
iter    objective    inf_pr   inf_du lg(mu)  ||d||  lg(rg) alpha_du alpha_pr  ls
 130 -1.3191486e-01 4.46e+00 4.83e+06  -6.0 1.89e+02    -  1.62e-02 7.03e-02h  1
 131r-1.3191486e-01 4.46e+00 9.99e+02   0.2 0.00e+00    -  0.00e+00 2.80e-07R  4
 132r-1.3190177e-01 4.45e+00 7.03e+03   0.2 1.08e+04    -  9.04e-06 1.11e-06f  1
 133 -1.3024301e-01 4.17e+00 4.48e+06  -6.0 1.74e+02    -  1.97e-01 6.08e-02h  1
 134r-1.3024301e-01 4.17e+00 9.99e+02   0.2 0.00e+00    -  0.00e+00 2.78e-07R  2
 135r-1.3022893e-01 4.17e+00 5.98e+03   0.2 9.99e+03    -  1.65e-05 1.22e-06f  1
 136 -1.3019230e-01 4.16e+00 5.59e+06  -6.0 1.58e+02    -  1.10e-01 1.67e-03h  1
 137 -1.2913742e-01 3.96e+00 1.61e+08  -6.0 1.58e+02    -  1.67e-03 4.75e-02h  1
 138 -1.2656842e-01 3.43e+00 1.41e+08  -6.0 1.33e+02    -  1.20e-01 1.26e-01h  1
 139 -1.2492622e-01 3.05e+00 1.26e+08  -6.0 1.14e+02    -  1.06e-01 1.08e-01h  1
iter    objective    inf_pr   inf_du lg(mu)  ||d||  lg(rg) alpha_du alpha_pr  ls
 140 -1.2318127e-01 2.59e+00 1.08e+08  -6.0 9.93e+01    -  7.68e-02 1.43e-01h  1
 141 -1.2316438e-01 2.58e+00 1.08e+08  -6.0 9.73e+01    -  3.40e-01 1.75e-03h  1
 142 -1.2039256e-01 1.79e+00 8.01e+07  -6.0 1.03e+02    -  3.07e-01 2.56e-01h  1
 143 -1.1568624e-01 1.20e+00 5.58e+07  -6.0 1.03e+02    -  3.41e-01 3.03e-01H  1
 144 -1.1583347e-01 1.21e+00 5.54e+07  -6.0 4.11e+02    -  2.28e-02 7.90e-03h  3
 145 -1.1524597e-01 1.28e+00 5.24e+07  -6.0 1.14e+02    -  2.02e-01 5.46e-02h  2
 146 -1.1395153e-01 1.35e+00 4.87e+07  -6.0 1.04e+02    -  4.10e-01 7.08e-02h  3
 147 -1.1328589e-01 1.35e+00 4.71e+07  -6.0 1.10e+02    -  4.23e-01 3.13e-02h  5
 148 -1.1258492e-01 1.36e+00 4.57e+07  -6.0 1.29e+02    -  4.94e-01 3.08e-02h  5
 149 -1.1118832e-01 1.43e+00 4.30e+07  -6.0 1.63e+02    -  3.94e-01 5.96e-02h  4
iter    objective    inf_pr   inf_du lg(mu)  ||d||  lg(rg) alpha_du alpha_pr  ls
 150 -1.1118762e-01 1.43e+00 4.30e+07  -6.0 5.32e+01  -3.6 5.32e-01 9.59e-05h  1
 151 -1.1109586e-01 1.42e+00 4.26e+07  -6.0 7.82e+01  -4.1 7.14e-01 7.38e-03h  1
 152 -1.0960190e-01 1.48e+00 3.92e+07  -6.0 9.63e+01  -4.6 1.17e-01 8.08e-02h  4
 153 -1.0719428e-01 1.55e+00 3.48e+07  -6.0 1.06e+02  -5.0 5.60e-01 1.12e-01h  3
 154 -1.0571872e-01 1.66e+00 2.74e+07  -6.0 5.29e+01  -3.7 4.06e-01 2.13e-01h  2
 155 -1.0311537e-01 1.81e+00 2.18e+07  -6.0 6.58e+01  -4.2 8.38e-01 2.03e-01h  2
 156 -9.4403303e-02 9.48e-01 6.99e+06  -6.0 7.01e+01  -4.7 7.41e-01 6.80e-01H  1
 157 -9.3959587e-02 7.45e-01 5.53e+06  -6.0 3.70e+01  -5.1 1.28e-02 2.09e-01h  1
 158 -9.4235720e-02 5.82e-01 4.29e+06  -6.0 3.14e+01  -5.6 1.60e-02 2.25e-01h  1
 159 -9.5296355e-02 4.36e-01 3.21e+06  -6.0 7.92e+01  -6.1 4.93e-01 2.51e-01h  1
iter    objective    inf_pr   inf_du lg(mu)  ||d||  lg(rg) alpha_du alpha_pr  ls
 160 -9.5342787e-02 4.03e-01 2.97e+06  -6.0 2.42e+01  -5.7 4.23e-02 7.64e-02h  1
 161 -9.5218379e-02 3.94e-01 2.90e+06  -6.0 6.08e+01  -6.1 2.68e-03 2.12e-02h  1
 162 -9.5660398e-02 2.08e-01 1.54e+06  -6.0 1.53e+01  -5.7 1.69e-02 4.68e-01h  1
 163 -9.5477667e-02 2.06e-01 1.53e+06  -6.0 6.29e+02  -6.2 2.77e-03 6.21e-03h  4
 164 -9.6345191e-02 1.27e-01 9.57e+05  -6.0 1.56e+01  -5.8 2.58e-02 3.76e-01h  1
 165 -1.0198536e-01 1.99e-01 4.52e+07  -6.0 7.81e+01  -6.3 2.89e-03 9.74e-01F  1
 166 -1.0647495e-01 9.16e-01 4.19e+07  -6.0 3.38e+02  -5.8 2.03e-01 7.36e-02h  2
 167 -1.1056105e-01 1.59e-01 2.12e+07  -6.0 2.07e+01  -5.4 3.42e-01 1.00e+00H  1
 168 -1.1512163e-01 7.28e-01 9.18e+06  -6.0 1.96e+01  -5.9 4.56e-01 5.73e-01h  1
 169 -1.1599274e-01 3.96e-01 4.02e+06  -6.0 4.82e+01  -6.4 4.11e-01 5.61e-01h  1
iter    objective    inf_pr   inf_du lg(mu)  ||d||  lg(rg) alpha_du alpha_pr  ls
 170 -1.2134686e-01 7.43e-01 2.93e+06  -6.0 1.42e+02  -6.8 2.64e-01 2.71e-01h  1
 171 -1.2360688e-01 6.97e-01 2.73e+06  -6.0 4.74e+02  -7.3 2.26e-01 6.87e-02h  4
 172 -1.2565809e-01 6.96e-01 2.73e+06  -6.0 1.30e+05  -7.8 4.38e-03 2.96e-04h  4
 173 -1.2888323e-01 6.50e-01 2.53e+06  -6.0 6.22e+02  -7.4 3.43e-01 7.46e-02h  4
 174 -1.4750579e-01 2.73e-01 1.85e+04  -6.0 1.89e+02  -6.9 3.03e-01 1.00e+00H  1
 175 -1.5151015e-01 2.72e-01 1.82e+04  -6.0 1.53e+03  -6.5 6.46e-04 1.41e-02h  1
 176 -1.5608756e-01 3.88e-01 1.21e+04  -6.0 3.36e+02  -7.0 9.17e-02 3.20e-01f  1
 177 -1.5826939e-01 3.74e-01 1.16e+04  -6.0 9.80e+02  -7.5 4.81e-06 4.03e-02f  1
 178 -1.5879129e-01 3.59e-01 1.11e+04  -6.0 2.08e+02  -7.0 3.10e-01 4.04e-02h  1
 179 -1.6035504e-01 2.87e-01 8.91e+03  -6.0 8.52e+01  -6.6 2.95e-01 1.99e-01h  1
iter    objective    inf_pr   inf_du lg(mu)  ||d||  lg(rg) alpha_du alpha_pr  ls
 180 -1.6126116e-01 2.99e-01 8.18e+03  -6.0 1.75e+02  -7.1 7.15e-02 8.17e-02h  1
 181 -1.6458917e-01 1.86e+00 2.90e+03  -6.0 6.02e+01  -6.7 2.19e-01 6.26e-01f  1
 182 -1.6861411e-01 1.12e+00 1.78e+03  -6.0 1.52e+02  -7.1 3.57e-01 4.21e-01h  1
 183 -1.7537669e-01 7.27e-01 8.64e+02  -6.0 2.86e+02  -7.6 6.17e-01 4.19e-01h  1
 184 -1.8593173e-01 2.31e+00 6.44e+02  -6.0 4.56e+02  -8.1 5.56e-02 5.42e-01h  1
 185 -1.8968288e-01 3.66e+00 5.10e+02  -6.0 5.42e+02  -7.7 2.10e-01 6.72e-01h  1
 186 -1.9126238e-01 3.12e+00 5.07e+02  -6.0 6.04e+02  -8.1 6.36e-03 1.46e-01h  1
 187 -1.9296664e-01 1.45e+00 2.64e+02  -6.0 1.56e+02  -7.7 4.78e-01 5.08e-01h  1
 188 -1.9593459e-01 7.46e-01 5.18e+04  -6.0 2.70e+02  -8.2 1.02e-03 4.83e-01h  1
 189 -1.9581125e-01 7.90e-01 4.44e+04  -6.0 1.78e+02  -7.8 1.75e-01 1.43e-01h  1
iter    objective    inf_pr   inf_du lg(mu)  ||d||  lg(rg) alpha_du alpha_pr  ls
 190 -1.9732736e-01 5.70e-01 2.83e+04  -6.0 3.11e+02  -8.2 9.94e-03 3.64e-01h  1
 191 -1.9896587e-01 2.24e-01 2.50e+03  -6.0 1.23e+02  -7.8 8.55e-01 9.15e-01h  1
 192 -2.0165796e-01 7.34e-01 1.40e+03  -6.0 4.44e+02  -8.3 3.38e-01 4.48e-01h  1
 193 -2.0205916e-01 7.21e-01 1.11e+03  -6.0 2.22e+02  -7.9 3.56e-01 1.96e-01h  1
 194 -2.0535715e-01 7.06e-01 6.50e+02  -6.0 7.05e+02  -8.3 2.74e-01 4.12e-01h  1
 195 -2.0628942e-01 5.87e-01 5.04e+02  -6.0 2.55e+02  -7.9 3.07e-01 2.25e-01h  1
 196 -2.0939378e-01 6.17e-01 1.76e+03  -6.0 2.08e+03  -8.4 3.81e-01 1.65e-01h  1
 197 -2.0939387e-01 6.13e-01 3.74e+04  -6.0 1.47e+00  -0.6 7.51e-04 6.37e-03h  1
 198 -2.0939434e-01 6.12e-01 3.77e+04  -6.0 6.55e+00  -0.1 1.17e-04 1.87e-03h  1
 199 -2.0939006e-01 5.94e-01 3.92e+04  -6.0 1.43e+00  -0.6 5.34e-03 2.98e-02h  1
iter    objective    inf_pr   inf_du lg(mu)  ||d||  lg(rg) alpha_du alpha_pr  ls
 200 -2.0937673e-01 5.78e-01 3.83e+04  -6.0 1.41e+00  -1.1 1.05e-02 2.70e-02h  1
 201 -2.0936261e-01 5.62e-01 3.70e+04  -6.0 1.39e+00  -1.6 7.04e-02 2.69e-02h  1
 202 -2.0933009e-01 5.25e-01 3.45e+04  -6.0 1.38e+00  -2.0 4.05e-02 6.73e-02h  1
 203 -2.0917317e-01 2.84e-01 1.87e+04  -6.0 1.36e+00  -2.5 1.43e-01 4.59e-01h  1
 204 -2.0901349e-01 2.53e-03 2.18e+02  -6.0 7.16e-01  -3.0 2.66e-01 1.00e+00h  1
 205 -2.0911435e-01 1.37e-03 1.15e+02  -6.0 5.93e-01  -3.5 4.55e-01 4.75e-01h  1
 206 -2.0916778e-01 1.24e-03 1.04e+02  -6.0 1.69e+00  -3.9 3.44e-01 9.29e-02f  1
 207 -2.0948023e-01 1.00e-03 8.40e+01  -6.0 5.04e+00  -4.4 2.09e-01 2.01e-01f  1
 208 -2.0961159e-01 1.31e-03 7.59e+01  -6.0 6.45e+00  -4.9 4.21e-01 9.68e-02f  1
 209 -2.0968272e-01 1.54e-03 4.97e+01  -6.0 1.27e+00  -4.5 1.00e+00 3.44e-01f  1
iter    objective    inf_pr   inf_du lg(mu)  ||d||  lg(rg) alpha_du alpha_pr  ls
 210 -2.0974011e-01 1.41e-03 4.00e+01  -6.0 1.43e+00  -5.0 1.00e+00 1.93e-01f  1
 211 -2.0992211e-01 2.87e-03 3.36e+01  -6.0 4.75e+00  -5.4 9.30e-01 3.83e-01f  1
 212 -2.1010981e-01 5.76e-03 2.21e+02  -6.0 2.60e+01  -5.9 2.42e-01 7.08e-02h  1
 213 -2.1059005e-01 5.72e-03 6.32e+03  -6.0 1.22e+01  -6.4 5.42e-01 3.99e-01f  1
 214 -2.1125469e-01 1.27e-02 6.36e+04  -6.0 3.51e+01  -6.9 1.17e-01 4.04e-01f  1
 215 -2.1160444e-01 1.26e-02 5.74e+04  -6.0 1.03e+02  -7.3 7.12e-01 9.99e-02f  1
 216 -2.1160548e-01 1.24e-02 5.66e+04  -6.0 3.11e-01   0.5 1.37e-02 1.36e-02h  1
 217 -2.1159924e-01 1.16e-02 5.29e+04  -6.0 3.22e-01   0.0 3.65e-03 6.57e-02h  1
 218 -2.1159744e-01 1.14e-02 5.21e+04  -6.0 3.08e-01  -0.4 6.03e-02 1.52e-02h  1
 219 -2.1159150e-01 1.08e-02 4.92e+04  -6.0 3.16e-01  -0.9 1.18e-01 5.52e-02h  1
iter    objective    inf_pr   inf_du lg(mu)  ||d||  lg(rg) alpha_du alpha_pr  ls
 220 -2.1157906e-01 9.53e-03 4.35e+04  -6.0 3.14e-01  -1.4 2.22e-01 1.15e-01h  1
 221 -2.1156595e-01 8.39e-03 3.83e+04  -6.0 3.02e-01  -1.9 4.55e-01 1.20e-01h  1
 222 -2.1152334e-01 4.87e-03 2.23e+04  -6.0 2.43e-01  -2.4 4.04e-02 4.17e-01h  1
 223 -2.1151940e-01 4.51e-03 2.06e+04  -6.0 1.40e-01  -2.8 2.97e-01 7.56e-02h  1
 224 -2.1147478e-01 1.10e-04 1.11e+02  -6.0 1.51e-01  -3.3 3.40e-01 1.00e+00h  1
 225 -2.1159767e-01 4.60e-04 4.97e+01  -6.0 4.52e-01  -3.8 5.18e-01 5.78e-01h  1
 226 -2.1161164e-01 3.49e-04 4.00e+01  -6.0 4.96e-01  -4.3 9.45e-01 1.96e-01f  1
 227 -2.1162803e-01 5.01e-04 3.74e+01  -6.0 3.83e+00  -4.7 7.32e-01 6.52e-02f  1
 228 -2.1161630e-01 4.98e-04 3.69e+01  -6.0 9.48e+00  -5.2 6.48e-02 1.31e-02h  4
 229 -2.1166549e-01 4.34e-04 2.69e+01  -6.0 9.95e-01  -4.8 7.44e-01 2.60e-01h  1
iter    objective    inf_pr   inf_du lg(mu)  ||d||  lg(rg) alpha_du alpha_pr  ls
 230 -2.1171056e-01 6.98e-04 6.15e+00  -6.0 5.57e-01  -4.4 7.46e-01 8.07e-01f  1
 231 -2.1181097e-01 1.16e-03 1.80e+00  -6.0 6.69e-01  -4.8 1.00e+00 8.87e-01f  1
 232 -2.1199637e-01 3.09e-03 1.36e+01  -6.0 1.86e+00  -5.3 4.17e-01 7.81e-01f  1
 233 -2.1238678e-01 2.50e-02 4.56e+01  -6.0 4.13e+00  -5.8 7.63e-01 8.87e-01f  1
 234 -2.1247121e-01 1.42e-02 3.94e+01  -6.0 7.84e+00  -6.3 1.77e-01 4.68e-01f  1
 235 -2.1283626e-01 8.14e-03 1.55e+01  -6.0 2.30e+01  -6.8 1.00e+00 6.85e-01f  1
 236 -2.1363831e-01 3.31e-02 1.62e+00  -6.0 6.46e+01  -7.2 1.00e+00 1.00e+00f  1
 237 -2.1442872e-01 5.30e-02 7.67e+00  -6.0 1.84e+02  -7.7 1.00e+00 3.60e-01h  1
 238 -2.1507825e-01 7.12e-02 5.28e+01  -6.0 4.38e+02  -8.2 7.27e-01 1.24e-01h  1
 239 -2.1746862e-01 2.08e+00 3.05e+02  -6.0 1.54e+03  -8.7 1.00e+00 2.01e-01h  1
iter    objective    inf_pr   inf_du lg(mu)  ||d||  lg(rg) alpha_du alpha_pr  ls
 240 -2.1928518e-01 1.91e+00 2.47e+01  -6.0 4.57e+02  -8.2 8.61e-01 3.82e-01h  1
 241 -2.2396058e-01 1.97e+01 1.62e+01  -6.0 2.26e+03  -8.7 3.82e-01 4.21e-01h  1
 242 -2.2474620e-01 1.55e+01 6.37e+02  -6.0 1.18e+03  -8.3 3.14e-01 2.16e-01h  1
 243 -2.2478201e-01 1.52e+01 6.72e+02  -6.0 3.70e+02  -7.9 7.58e-03 1.65e-02h  1
 244 -2.2479433e-01 1.52e+01 6.88e+02  -6.0 4.77e+02  -7.4 2.77e-04 2.65e-03f  1
 245 -2.2479051e-01 1.52e+01 6.87e+02  -6.0 1.40e+04  -7.9 1.53e-07 3.07e-05h  1
 246 -2.2479144e-01 1.52e+01 6.87e+02  -6.0 1.23e+04  -7.5 3.67e-07 1.14e-05h  1
 247 -2.2479103e-01 1.52e+01 6.87e+02  -6.0 4.19e+03  -8.0 1.61e-06 1.15e-05h  1
 248 -2.2514822e-01 1.23e+01 1.53e+03  -6.0 6.45e+02  -7.5 7.24e-02 1.91e-01f  1
 249 -2.2526076e-01 1.05e+01 1.43e+03  -6.0 5.50e+01  -7.1 1.08e-01 1.42e-01h  1
iter    objective    inf_pr   inf_du lg(mu)  ||d||  lg(rg) alpha_du alpha_pr  ls
 250 -2.2703010e-01 1.70e+00 1.74e+03  -6.0 1.27e+02  -7.6 3.90e-02 8.56e-01h  1
 251 -2.2791938e-01 1.31e+00 1.04e+03  -6.0 2.84e+02  -8.1 5.49e-01 3.15e-01h  1
 252 -2.2904295e-01 1.57e+00 8.50e+02  -6.0 7.05e+02  -8.5 2.04e-02 1.92e-01h  1
 253 -2.3053322e-01 2.16e+00 7.75e+02  -6.0 1.65e+03  -9.0 2.00e-01 1.35e-01h  1
 254 -2.3051985e-01 2.10e+00 1.81e+02  -6.0 8.85e+02  -8.6 4.03e-01 1.13e-01h  1
 255 -2.3425475e-01 2.30e+00 7.05e+01  -6.0 1.27e+03  -9.1 7.27e-02 5.99e-01h  1
 256 -2.3422897e-01 2.18e+00 7.11e+01  -6.0 6.06e+02  -8.6 1.78e-01 5.16e-02h  1
 257 -2.3570342e-01 1.53e+00 8.43e+01  -6.0 1.79e+03  -9.1 5.72e-01 3.47e-01h  1
 258 -2.3854850e-01 6.49e+00 8.51e+01  -6.0 6.48e+02  -8.7 6.27e-01 9.03e-01h  1
 259 -2.3854853e-01 6.49e+00 8.39e+01  -6.0 1.58e+03  -8.3 1.07e-02 1.35e-05h  1
iter    objective    inf_pr   inf_du lg(mu)  ||d||  lg(rg) alpha_du alpha_pr  ls
 260 -2.3914718e-01 5.60e+00 6.97e+01  -6.0 7.74e+02  -8.7 1.79e-01 2.06e-01f  1
 261 -2.4031651e-01 9.67e+00 1.70e+03  -6.0 1.06e+03  -9.2 1.46e-01 6.09e-01h  1
 262 -2.4068709e-01 9.62e+00 1.87e+03  -6.0 3.88e+04  -8.8 3.48e-03 5.27e-03h  1
 263 -2.4022267e-01 8.40e+00 6.13e+04  -6.0 6.07e+02  -9.3 1.19e-02 1.00e+00h  1
 264 -2.4010622e-01 1.42e-02 2.32e+02  -6.0 7.72e+00  -6.1 4.09e-01 1.00e+00h  1
 265 -2.3999111e-01 4.11e-01 1.73e+02  -6.0 2.46e+01  -6.6 3.63e-01 1.00e+00h  1
 266 -2.4021351e-01 8.57e-01 7.52e+01  -6.0 7.05e+01  -7.1 2.60e-01 1.00e+00h  1
 267 -2.4060428e-01 1.21e+00 2.74e+01  -6.0 6.23e+00  -5.8 5.75e-01 7.81e-01h  1
 268 -2.4068990e-01 8.78e-01 2.23e+01  -6.0 9.37e+00  -6.2 7.55e-01 3.76e-01h  1
 269 -2.4083528e-01 1.01e-01 1.95e+00  -6.0 5.09e+00  -6.7 1.00e+00 9.95e-01h  1
iter    objective    inf_pr   inf_du lg(mu)  ||d||  lg(rg) alpha_du alpha_pr  ls
 270 -2.4098179e-01 5.32e-03 5.39e-01  -6.0 1.53e+01  -7.2 1.00e+00 1.00e+00h  1
 271 -2.4115844e-01 3.62e-02 2.31e-02  -6.0 4.56e+01  -7.7 1.00e+00 1.00e+00h  1
 272 -2.4152796e-01 1.90e-01 5.78e-02  -6.0 1.04e+02  -8.1 1.00e+00 1.00e+00h  1
 273 -2.4225468e-01 4.93e-01 4.73e-01  -6.0 2.09e+02  -8.6 1.00e+00 1.00e+00h  1
 274 -2.4237717e-01 4.47e-01 1.58e+01  -6.0 5.01e+02  -9.1 1.00e+00 1.03e-01h  1
 275 -2.4394880e-01 1.67e+01 3.99e+01  -6.0 2.03e+03  -9.6 6.77e-01 4.58e-01h  1
 276 -2.4568431e-01 8.17e+01 4.86e+01  -6.0 3.54e+03 -10.1 5.12e-02 5.43e-01h  1
 277 -2.4616155e-01 4.52e+00 3.14e+01  -6.0 5.82e+02  -8.7 1.15e-01 9.45e-01h  1
 278 -2.4831669e-01 2.07e+01 7.50e+01  -6.0 2.59e+03  -9.2 2.41e-01 3.59e-01h  1
 279 -2.4868001e-01 2.04e+01 7.37e+01  -6.0 3.64e+03  -9.7 1.14e-02 4.01e-02h  1
iter    objective    inf_pr   inf_du lg(mu)  ||d||  lg(rg) alpha_du alpha_pr  ls
 280 -2.5051072e-01 1.98e+01 6.87e+01  -6.0 1.21e+03  -9.3 1.45e-01 5.54e-01h  1
 281 -2.5055157e-01 1.88e+01 6.54e+01  -6.0 2.66e+03  -9.7 6.93e-02 5.15e-02h  1
 282 -2.5091107e-01 2.88e+00 2.92e+01  -6.0 5.84e+02  -9.3 5.87e-02 8.63e-01h  1
 283 -2.5090772e-01 1.01e+00 3.75e+01  -6.0 3.13e+02  -8.9 5.62e-03 7.70e-01h  1
 284 -2.5100118e-01 9.00e-01 2.75e+01  -6.0 7.06e+02  -9.4 3.04e-01 1.36e-01h  1
 285 -2.5118277e-01 1.16e-01 6.69e+00  -6.0 5.57e+01  -8.0 7.94e-01 1.00e+00h  1
 286 -2.5149067e-01 1.02e+00 8.55e+00  -6.0 2.87e+02  -8.5 1.97e-01 5.18e-01h  1
 287 -2.5156313e-01 3.32e+00 1.95e+01  -6.0 3.06e+02  -8.1 2.01e-01 5.59e-01h  1
 288 -2.5183458e-01 3.67e+00 2.46e+01  -6.0 1.03e+03  -8.6 1.18e-02 8.61e-02h  1
 289 -2.5182201e-01 1.87e+00 1.28e+01  -6.0 2.66e+02  -8.1 2.33e-01 5.39e-01h  1
iter    objective    inf_pr   inf_du lg(mu)  ||d||  lg(rg) alpha_du alpha_pr  ls
 290 -2.5222950e-01 9.82e+00 1.66e+01  -6.0 2.30e+02  -7.7 9.48e-02 4.02e-01h  1
 291 -2.5245584e-01 1.18e+01 6.90e+01  -6.0 7.83e+02  -8.2 2.25e-01 4.13e-02h  1
 292 -2.5317660e-01 4.37e+00 4.11e+01  -6.0 1.69e+02  -8.7 4.03e-01 6.74e-01h  1
 293 -2.5373164e-01 2.80e+00 1.57e+01  -6.0 4.74e+02  -9.1 7.70e-01 4.67e-01h  1
 294 -2.5417907e-01 2.28e+00 2.09e+01  -6.0 1.12e+03  -9.6 4.87e-01 1.86e-01h  1
 295 -2.5452450e-01 1.32e+00 1.98e+01  -6.0 6.91e+02  -9.2 7.57e-01 4.16e-01h  1
 296 -2.5503114e-01 9.02e-01 5.09e+01  -6.0 1.26e+03  -9.7 6.36e-01 3.20e-01h  1
 297 -2.5586293e-01 1.76e+00 1.51e+02  -6.0 3.01e+03 -10.1 6.24e-01 3.31e-01h  1
 298 -2.5626225e-01 1.65e+00 1.35e+02  -6.0 1.78e+03  -9.7 3.55e-01 2.83e-01h  1
 299 -2.5747744e-01 4.85e+00 1.49e+02  -6.0 8.13e+03 -10.2 2.08e-01 3.65e-01h  1
iter    objective    inf_pr   inf_du lg(mu)  ||d||  lg(rg) alpha_du alpha_pr  ls
 300 -2.5741729e-01 4.69e+00 2.93e+02  -6.0 1.61e+03  -8.0 2.65e-01 3.28e-02h  1
 301 -2.5722884e-01 4.92e+00 2.90e+02  -6.0 3.33e+02  -8.4 4.19e-02 1.11e-01h  1
 302 -2.5870342e-01 4.69e+01 1.11e+03  -6.0 3.08e+02  -8.0 1.91e-02 2.37e-01h  1
 303 -2.5874962e-01 4.21e+01 8.67e+02  -6.0 1.73e+03  -8.5 9.19e-02 4.50e-02h  1
 304 -2.5880644e-01 4.18e+01 7.55e+02  -6.0 4.06e+03  -9.0 4.90e-02 8.56e-03h  1
 305 -2.5878776e-01 1.42e+01 1.54e+04  -6.0 1.27e+02  -6.7 7.08e-03 6.34e-01h  1
 306 -2.5879830e-01 1.01e+01 1.11e+04  -6.0 5.03e+00  -6.3 4.75e-01 2.83e-01h  1
 307 -2.5883534e-01 4.03e+00 4.67e+03  -6.0 2.86e+01  -6.8 3.19e-01 5.87e-01h  1
 308 -2.5890131e-01 3.45e+00 4.00e+03  -6.0 1.46e+01  -7.3 2.30e-01 1.43e-01h  1
 309 -2.5896601e-01 8.16e-01 1.09e+06  -6.0 8.60e+00  -6.8 7.89e-03 7.48e-01h  1
iter    objective    inf_pr   inf_du lg(mu)  ||d||  lg(rg) alpha_du alpha_pr  ls
 310 -2.5896799e-01 1.06e+00 3.80e+02  -6.0 1.20e+01  -7.3 6.70e-01 1.00e+00f  1
 311 -2.5905951e-01 8.29e-02 2.31e+01  -6.0 3.36e+01  -7.8 1.00e+00 9.36e-01h  1
 312 -2.5927038e-01 4.40e-01 1.87e+00  -6.0 1.23e+02  -8.3 1.00e+00 1.00e+00h  1
 313 -2.5953916e-01 9.39e-01 5.74e+00  -6.0 3.87e+02  -8.7 5.32e-01 3.91e-01h  1
 314 -2.5968717e-01 3.75e-01 7.55e+00  -6.0 1.53e+02  -9.2 1.00e+00 1.00e+00h  1
 315 -2.6001591e-01 1.55e+00 1.04e+03  -6.0 1.01e+03  -9.7 1.58e-01 1.98e-01h  1
 316 -2.6002392e-01 1.52e+00 1.04e+04  -6.0 7.06e+02 -10.2 2.67e-01 1.85e-02h  1
 317 -2.6027675e-01 2.51e+01 5.13e+05  -6.0 1.38e+03 -10.7 6.71e-03 9.65e-01h  1
 318 -2.6026011e-01 2.13e+01 3.97e+05  -6.0 3.70e+03 -11.1 6.02e-01 2.29e-01h  1
 319 -2.6025461e-01 3.03e+01 3.90e+05  -6.0 5.93e+04    -  4.46e-02 1.72e-02h  1
iter    objective    inf_pr   inf_du lg(mu)  ||d||  lg(rg) alpha_du alpha_pr  ls
 320 -2.6023376e-01 3.33e+01 3.36e+05  -6.0 5.57e+03    -  9.80e-02 1.38e-01h  1
 321 -2.6022971e-01 3.41e+01 3.36e+05  -6.0 5.29e+05 -11.6 3.69e-03 4.73e-04h  2
 322 -2.6022565e-01 3.05e+01 2.96e+05  -6.0 4.69e+03    -  2.93e-01 1.19e-01h  1
 323 -2.6022360e-01 2.68e+01 2.60e+05  -6.0 1.79e+03 -10.3 1.38e-01 1.21e-01h  1
 324 -2.6020363e-01 1.99e+01 1.92e+05  -6.0 4.77e+02  -9.9 2.18e-01 2.62e-01h  1
 325 -2.6013037e-01 2.32e-02 3.16e+02  -6.0 2.79e+01  -8.5 2.35e-01 1.00e+00h  1
 326 -2.6013307e-01 8.21e-02 9.94e-02  -6.0 6.83e+01  -9.0 1.00e+00 1.00e+00h  1
 327 -2.6013570e-01 1.42e+00 8.53e-01  -6.0 2.84e+02  -9.5 1.00e+00 1.00e+00h  1
 328 -2.6013657e-01 4.15e-01 5.45e-01  -6.0 1.51e+02  -9.1 1.00e+00 1.00e+00h  1
 329 -2.6014163e-01 3.24e+01 2.28e+01  -6.0 1.88e+04    -  1.48e-01 8.54e-02h  1
iter    objective    inf_pr   inf_du lg(mu)  ||d||  lg(rg) alpha_du alpha_pr  ls
 330 -2.6016571e-01 1.64e+00 4.33e-01  -6.0 3.00e+02  -9.5 1.00e+00 1.00e+00h  1
 331 -2.6016465e-01 1.60e+00 3.17e+01  -6.0 9.94e+03    -  2.84e-01 2.37e-02h  2
 332 -2.6015862e-01 1.37e+00 4.43e+01  -6.0 1.54e+03    -  1.00e+00 1.43e-01h  2
 333 -2.6013349e-01 2.54e-01 1.87e-01  -6.0 3.22e+02    -  1.00e+00 1.00e+00h  1
 334 -2.6013285e-01 3.01e-02 6.07e-03  -6.0 2.99e+01    -  1.00e+00 1.00e+00h  1
 335 -2.6013255e-01 5.17e-03 1.04e-04  -6.0 6.63e+00    -  1.00e+00 1.00e+00h  1
 336 -2.6013253e-01 1.66e-05 4.03e-07  -6.0 3.92e-01    -  1.00e+00 1.00e+00h  1
 337 -2.6013253e-01 2.30e-10 1.70e-11  -6.0 1.46e-03    -  1.00e+00 1.00e+00h  1
 338 -2.6064116e-01 1.57e+00 6.98e+01  -7.5 2.22e+03    -  4.68e-01 2.23e-01f  1
 339 -2.6075183e-01 1.60e+00 6.45e+01  -7.5 2.42e+03    -  6.40e-02 6.77e-02h  1
iter    objective    inf_pr   inf_du lg(mu)  ||d||  lg(rg) alpha_du alpha_pr  ls
 340 -2.6077263e-01 1.58e+00 1.20e+02  -7.5 2.59e+02  -9.1 4.09e-01 1.90e-02h  1
 341 -2.6129395e-01 7.47e+00 5.37e+01  -7.5 2.81e+03    -  3.11e-03 3.78e-01h  1
 342 -2.6132732e-01 7.52e+00 6.96e+01  -7.5 6.37e+03    -  1.40e-01 3.90e-02h  1
 343 -2.6139879e-01 6.36e+00 8.55e+01  -7.5 2.46e+02  -9.6 1.49e-02 1.54e-01h  1
 344 -2.6142375e-01 5.95e+00 8.08e+01  -7.5 4.29e+02 -10.1 2.35e-01 6.44e-02h  1
 345 -2.6169683e-01 4.84e+00 3.66e+01  -7.5 2.21e+03    -  5.58e-02 5.51e-01h  1
 346 -2.6173853e-01 4.19e+00 3.78e+01  -7.5 1.63e+03    -  6.01e-02 1.49e-01h  1
 347 -2.6183274e-01 2.80e+00 2.07e+01  -7.5 1.23e+03    -  7.17e-01 3.34e-01h  1
 348 -2.6185040e-01 2.31e+00 1.71e+01  -7.5 9.86e+02    -  1.07e-01 1.75e-01h  1
 349 -2.6187736e-01 1.42e+00 2.24e+01  -7.5 2.74e+02 -10.5 1.00e+00 3.88e-01h  1
iter    objective    inf_pr   inf_du lg(mu)  ||d||  lg(rg) alpha_du alpha_pr  ls
 350 -2.6190994e-01 2.96e+00 1.53e+00  -7.5 3.92e+02 -11.0 5.55e-01 9.64e-01h  1
 351 -2.6191482e-01 2.55e+01 1.21e+00  -7.5 4.78e+03    -  6.47e-02 3.10e-01h  2
 352 -2.6192357e-01 1.70e+01 6.44e-01  -7.5 1.26e+03    -  2.56e-01 7.80e-01h  1
 353 -2.6191476e-01 3.29e+00 1.17e+00  -7.5 3.57e+02    -  1.11e-01 1.00e+00h  1
 354 -2.6192287e-01 2.11e+00 6.60e-01  -7.5 4.22e+02 -11.5 3.83e-01 1.00e+00h  1
 355 -2.6192316e-01 1.54e+00 4.86e-01  -7.5 3.56e+02    -  6.83e-01 2.69e-01h  1
 356 -2.6192338e-01 1.17e+01 4.00e-01  -7.5 4.77e+03    -  1.46e-01 1.76e-01h  2
 357 -2.6192401e-01 6.71e+00 2.23e-01  -7.5 7.28e+02 -12.0 5.47e-01 1.00e+00h  1
 358 -2.6192469e-01 2.73e+01 4.18e-01  -7.5 5.27e+03 -12.4 4.24e-01 2.52e-01h  2
 359 -2.6192566e-01 2.32e+01 4.50e-02  -7.5 1.30e+03 -12.0 1.00e+00 1.00e+00h  1
iter    objective    inf_pr   inf_du lg(mu)  ||d||  lg(rg) alpha_du alpha_pr  ls
 360 -2.6192504e-01 4.42e+01 8.90e-01  -7.5 3.97e+03 -12.5 2.49e-02 1.00e+00H  1
 361 -2.6192552e-01 7.90e+00 6.77e-01  -7.5 2.11e+03    -  1.00e+00 5.00e-01h  2
 362 -2.6192646e-01 2.43e+01 3.09e-02  -7.5 1.33e+03    -  1.00e+00 1.00e+00h  1
 363 -2.6192716e-01 5.57e+00 5.63e-01  -7.5 5.93e+02    -  6.28e-02 1.00e+00h  1
 364 -2.6192812e-01 1.30e+01 1.16e+00  -7.5 9.28e+02    -  1.31e-01 1.00e+00h  1
 365 -2.6193067e-01 2.72e+01 2.73e+00  -7.5 2.51e+03    -  3.73e-01 1.00e+00H  1
 366 -2.6192998e-01 6.68e+00 2.05e-01  -7.5 6.45e+02    -  1.00e+00 1.00e+00h  1
 367 -2.6192994e-01 6.91e-04 3.15e-04  -7.5 1.31e+01    -  1.00e+00 1.00e+00h  1
 368 -2.6192991e-01 9.48e-03 4.76e-05  -7.5 2.37e+01    -  1.00e+00 1.00e+00h  1
 369 -2.6192991e-01 3.02e-08 5.51e-10  -7.5 5.18e-02    -  1.00e+00 1.00e+00h  1
iter    objective    inf_pr   inf_du lg(mu)  ||d||  lg(rg) alpha_du alpha_pr  ls
 370 -2.6193232e-01 2.66e+00 3.86e+00  -9.0 1.63e+03    -  5.20e-01 2.44e-01h  1
 371 -2.6193561e-01 5.63e+01 4.27e-01  -9.0 3.09e+03    -  4.08e-01 5.84e-01h  1
 372 -2.6193637e-01 3.87e+01 1.02e+01  -9.0 1.48e+03    -  6.50e-03 5.45e-01h  1
 373 -2.6193740e-01 3.72e+01 3.34e+00  -9.0 1.43e+03    -  1.01e-01 8.87e-01h  1
 374 -2.6193822e-01 2.84e+01 1.94e+00  -9.0 1.13e+03    -  4.52e-01 1.00e+00h  1
 375 -2.6193874e-01 3.84e+01 1.69e+00  -9.0 9.44e+03    -  1.28e-01 7.79e-02h  1
 376 -2.6193921e-01 2.78e+01 3.36e+00  -9.0 1.66e+03    -  2.29e-01 3.41e-01h  1
 377 -2.6193921e-01 2.78e+01 3.67e+00  -9.0 1.27e+05    -  5.84e-03 9.01e-05h  9
 378 -2.6193975e-01 7.64e+00 4.18e+01  -9.0 8.08e+02 -13.0 1.37e-01 1.00e+00h  1
 379 -2.6193977e-01 4.69e+00 2.56e+01  -9.0 1.13e+02    -  3.24e-01 3.89e-01h  1
iter    objective    inf_pr   inf_du lg(mu)  ||d||  lg(rg) alpha_du alpha_pr  ls
 380 -2.6193999e-01 3.62e+01 5.95e+00  -9.0 2.23e+03    -  1.77e-02 7.67e-01h  1
 381 -2.6194002e-01 3.59e+01 5.90e+00  -9.0 1.21e+04 -13.4 1.01e-02 9.46e-03h  5
 382 -2.6194061e-01 4.22e+01 7.38e-01  -9.0 1.79e+03 -12.1 5.43e-03 1.00e+00h  1
 383 -2.6194136e-01 2.49e+01 3.40e-01  -9.0 1.31e+03 -12.6 5.39e-01 1.00e+00h  1
 384 -2.6194252e-01 5.27e+01 3.01e-01  -9.0 2.07e+03 -13.1 1.08e-01 1.00e+00h  1
 385 -2.6194255e-01 5.27e+01 2.93e-01  -9.0 6.19e+04 -13.6 2.31e-02 1.43e-03h  5
 386 -2.6194358e-01 2.45e+01 1.11e-01  -9.0 1.24e+03 -12.2 6.18e-01 1.00e+00h  1
 387 -2.6194491e-01 5.62e+01 6.37e-02  -9.0 3.67e+03 -12.7 4.24e-01 4.43e-01h  1
 388 -2.6194504e-01 5.20e+01 9.19e-01  -9.0 7.62e+03 -13.2 2.28e-01 7.58e-02h  3
 389 -2.6194624e-01 4.32e+01 3.62e-01  -9.0 1.88e+03 -12.8 6.67e-01 6.35e-01h  1
iter    objective    inf_pr   inf_du lg(mu)  ||d||  lg(rg) alpha_du alpha_pr  ls
 390 -2.6194733e-01 4.80e+01 3.49e+00  -9.0 1.64e+03    -  5.34e-02 9.36e-01h  1
 391 -2.6194843e-01 6.86e+01 1.10e+02  -9.0 2.58e+03 -12.3 1.57e-02 8.30e-01h  1
 392 -2.6194859e-01 6.28e+01 9.84e+01  -9.0 5.17e+03    -  2.47e-01 1.09e-01h  2
 393 -2.6194890e-01 5.96e+01 9.05e+01  -9.0 4.43e+03    -  2.39e-01 8.07e-02h  2
 394 -2.6194943e-01 5.07e+01 7.02e+01  -9.0 3.32e+03    -  6.97e-01 2.25e-01h  1
 395 -2.6195026e-01 4.32e+01 2.32e+01  -9.0 1.83e+03    -  7.40e-02 6.70e-01h  1
 396 -2.6195030e-01 4.25e+01 2.29e+01  -9.0 7.75e+03    -  1.19e-01 1.56e-02h  1
 397 -2.6195110e-01 5.21e+01 2.14e+01  -9.0 1.67e+03    -  1.39e-01 1.00e+00h  1
 398 -2.6195149e-01 4.12e+01 1.12e+01  -9.0 1.54e+03    -  2.69e-02 7.77e-01h  1
 399 -2.6195153e-01 3.83e+01 1.01e+01  -9.0 1.76e+03    -  4.41e-01 8.22e-02h  1
iter    objective    inf_pr   inf_du lg(mu)  ||d||  lg(rg) alpha_du alpha_pr  ls
 400 -2.6195189e-01 2.69e+01 5.52e+00  -9.0 1.47e+03    -  8.13e-02 7.15e-01H  1
 401 -2.6195209e-01 2.31e+01 6.15e+00  -9.0 1.11e+03    -  5.63e-02 7.39e-01h  1
 402 -2.6195200e-01 2.21e+01 4.75e+00  -9.0 1.99e+03    -  1.37e-01 1.91e-01h  2
 403 -2.6195207e-01 1.22e+01 1.88e+00  -9.0 6.10e+02 -12.8 5.48e-01 6.04e-01h  1
 404 -2.6195204e-01 9.74e-02 2.16e-04  -9.0 7.58e+01    -  1.00e+00 1.00e+00h  1
 405 -2.6195205e-01 7.06e-02 2.97e-05  -9.0 5.42e+01    -  1.00e+00 1.00e+00h  1
 406 -2.6195205e-01 1.04e-05 2.50e-09  -9.0 7.27e-01    -  1.00e+00 1.00e+00h  1
 407 -2.6195205e-01 2.85e-10 1.57e-14  -9.0 5.20e-04    -  1.00e+00 1.00e+00h  1

Number of Iterations....: 407

                                   (scaled)                 (unscaled)
Objective...............:  -2.6195204910857545e-01   -2.6195204910857545e-01
Dual infeasibility......:   1.5668022435022522e-14    1.5668022435022522e-14
Constraint violation....:   2.8494429949246780e-10    2.8494429949246780e-10
Complementarity.........:   9.0909091854473171e-10    9.0909091854473171e-10
Overall NLP error.......:   9.0909091854473171e-10    9.0909091854473171e-10


Number of objective function evaluations             = 1253
Number of objective gradient evaluations             = 405
Number of equality constraint evaluations            = 1253
Number of inequality constraint evaluations          = 1254
Number of equality constraint Jacobian evaluations   = 411
Number of inequality constraint Jacobian evaluations = 411
Number of Lagrangian Hessian evaluations             = 407
Total CPU secs in IPOPT (w/o function evaluations)   =    614.539
Total CPU secs in NLP function evaluations           =     15.225

EXIT: Optimal Solution Found.
