
List of user-set options:

                                    Name   Value                used
                           compl_inf_tol = 1                     yes
                         constr_viol_tol = 1                     yes
                            dual_inf_tol = 1000                  yes
                           linear_solver = ma97                  yes
                              ma86_small = 1e-30                  no
                                  ma86_u = 0.0001                 no
                              ma97_order = best                  yes
                              ma97_small = 1e-30                 yes
                            ma97_switch1 = at_start              yes
                            ma97_switch2 = od_hd_reuse           yes
                                  ma97_u = 1e-06                 yes
                               ma97_umax = 0.5                   yes
                                max_iter = 1000                  yes
                    max_refinement_steps = 20                    yes
                    min_refinement_steps = 5                     yes
                                 mu_init = 1e-06                 yes
           mu_superlinear_decrease_power = 1.25                  yes
                   nlp_scaling_min_value = 1e-08                 yes
                        option_file_name = Preset_Case:_37_NCP.opt  yes
                             output_file = ./tmp/Preset_Case:_37_NCP.output  yes
                      print_user_options = yes                   yes
        required_infeasibility_reduction = 1                      no
                                     tol = 1e-08                 yes
                   warm_start_bound_frac = 1e-20                 yes
                   warm_start_bound_push = 1e-20                 yes
                   warm_start_init_point = yes                   yes
              warm_start_mult_bound_push = 1e-20                 yes
                warm_start_mult_init_max = 1e+40                 yes
             warm_start_slack_bound_frac = 1e-20                 yes
             warm_start_slack_bound_push = 1e-20                 yes

******************************************************************************
This program contains Ipopt, a library for large-scale nonlinear optimization.
 Ipopt is released as open source code under the Eclipse Public License (EPL).
         For more information visit http://projects.coin-or.org/Ipopt
******************************************************************************

This is Ipopt version 3.12.10, running with linear solver ma97.

Number of nonzeros in equality constraint Jacobian...:   117167
Number of nonzeros in inequality constraint Jacobian.:      213
Number of nonzeros in Lagrangian Hessian.............:    47513

Total number of variables............................:    29977
                     variables with only lower bounds:    11312
                variables with lower and upper bounds:    15135
                     variables with only upper bounds:        0
Total number of equality constraints.................:    29864
Total number of inequality constraints...............:       25
        inequality constraints with only lower bounds:        4
   inequality constraints with lower and upper bounds:        0
        inequality constraints with only upper bounds:       21

iter    objective    inf_pr   inf_du lg(mu)  ||d||  lg(rg) alpha_du alpha_pr  ls
   0 -1.3080451e-01 1.57e-01 2.00e+00  -6.0 0.00e+00    -  0.00e+00 0.00e+00   0
In iteration 0, 9 Slacks too small, adjusting variable bounds
   1 -1.3080451e-01 1.57e-01 8.18e+02  -6.0 1.04e+10    -  8.17e-14 3.18e-19h  1
   2 -1.3080414e-01 1.57e-01 8.22e+02  -6.0 5.97e+02    -  6.45e-03 1.57e-05f  1
   3 -1.3073233e-01 1.56e-01 8.16e+02  -6.0 5.65e+02    -  3.62e-04 4.66e-03h  1
   4 -1.3067822e-01 1.56e-01 8.14e+02  -6.0 5.50e+02    -  5.26e-03 3.79e-03h  2
   5 -1.3059418e-01 1.55e-01 8.07e+02  -6.0 5.46e+02    -  4.33e-04 6.84e-03h  2
   6 -1.3054700e-01 1.54e-01 8.05e+02  -6.0 5.41e+02    -  9.02e-03 3.88e-03h  3
   7 -1.3045983e-01 1.53e-01 7.98e+02  -6.0 5.38e+02    -  3.66e-03 6.94e-03h  3
   8 -1.3040052e-01 1.52e-01 8.03e+02  -6.0 5.32e+02    -  2.13e-02 4.46e-03h  4
   9 -1.3035061e-01 1.52e-01 8.07e+02  -6.0 5.29e+02    -  1.69e-02 3.61e-03h  5
iter    objective    inf_pr   inf_du lg(mu)  ||d||  lg(rg) alpha_du alpha_pr  ls
  10 -1.3029877e-01 1.51e-01 8.21e+02  -6.0 5.26e+02    -  3.74e-02 3.61e-03h  5
  11 -1.3024418e-01 1.51e-01 8.31e+02  -6.0 5.25e+02    -  2.97e-02 3.61e-03h  5
  12 -1.3018660e-01 1.50e-01 8.57e+02  -6.0 5.24e+02    -  6.38e-02 3.60e-03h  5
  13 -1.3012391e-01 1.50e-01 8.83e+02  -6.0 5.29e+02    -  6.96e-02 3.59e-03h  5
  14 -1.2902203e-01 1.41e-01 8.54e+02  -6.0 5.39e+02    -  1.20e-01 5.74e-02w  1
  15 -1.2902199e-01 1.41e-01 6.35e+04  -6.0 6.68e+02    -  1.19e-02 1.61e-05w  1
  16 -1.2891315e-01 2.06e-01 2.10e+05  -6.0 6.77e+02    -  6.36e-02 3.56e-02w  1
  17 -1.3005504e-01 1.49e-01 9.21e+02  -6.0 6.37e+02    -  1.20e-01 3.59e-03h  4
  18 -1.2997588e-01 1.49e-01 9.45e+02  -6.0 5.69e+02    -  1.36e-01 3.68e-03h  5
  19 -1.2984624e-01 1.48e-01 1.01e+03  -6.0 6.18e+02    -  1.21e-01 5.71e-03h  3
iter    objective    inf_pr   inf_du lg(mu)  ||d||  lg(rg) alpha_du alpha_pr  ls
  20 -1.2977048e-01 1.47e-01 1.49e+03  -6.0 6.72e+02    -  9.61e-02 3.36e-03h  3
  21 -1.2966914e-01 1.47e-01 3.05e+03  -6.0 7.20e+02    -  1.07e-01 4.73e-03h  2
  22 -1.2961189e-01 1.46e-01 4.00e+03  -6.0 7.67e+02    -  4.43e-02 3.03e-03h  2
  23 -1.2956036e-01 1.46e-01 8.99e+03  -6.0 7.79e+02    -  2.26e-01 3.67e-03h  3
  24 -1.2951474e-01 1.45e-01 9.32e+03  -6.0 8.68e+02    -  2.44e-02 3.90e-03h  6
  25 -1.2945834e-01 1.44e-01 1.29e+04  -6.0 8.70e+02    -  2.13e-01 4.46e-03h  6
  26 -1.2940776e-01 1.44e-01 1.29e+04  -6.0 9.35e+02    -  2.88e-02 3.68e-03h  7
  27 -1.2570654e-01 2.70e+00 9.67e+03  -6.0 9.38e+02    -  2.84e-01 2.51e-01w  1
  28 -1.2570583e-01 2.70e+00 9.64e+06  -6.0 6.54e+02    -  1.15e-01 1.52e-05w  1
  29 -1.1426428e-01 2.67e+00 1.29e+07  -6.0 6.72e+02    -  3.03e-01 2.47e-01w  1
iter    objective    inf_pr   inf_du lg(mu)  ||d||  lg(rg) alpha_du alpha_pr  ls
  30 -1.2934993e-01 1.43e-01 1.29e+04  -6.0 4.75e+02    -  2.84e-01 3.93e-03h  6
  31 -1.2930890e-01 1.43e-01 1.22e+04  -6.0 1.02e+03    -  3.33e-02 2.31e-03h  8
  32 -1.2926516e-01 1.43e-01 6.14e+03  -6.0 1.02e+03    -  2.91e-01 2.36e-03h  8
  33 -1.2920567e-01 1.42e-01 5.37e+03  -6.0 1.09e+03    -  3.84e-02 2.50e-03h  8
  34 -1.2914291e-01 1.42e-01 3.46e+03  -6.0 1.09e+03    -  3.07e-01 2.52e-03h  8
  35 -1.2906234e-01 1.42e-01 3.61e+03  -6.0 1.16e+03    -  4.42e-02 2.47e-03h  8
  36 -1.2898487e-01 1.41e-01 4.36e+03  -6.0 1.16e+03    -  2.05e-01 2.29e-03h  8
  37 -1.2891094e-01 1.41e-01 4.50e+03  -6.0 1.21e+03    -  6.89e-02 1.53e-03h  8
  38 -1.2885361e-01 1.41e-01 4.74e+03  -6.0 1.21e+03    -  1.21e-01 1.41e-03h  8
  39 -1.2874046e-01 1.40e-01 4.80e+03  -6.0 1.13e+03    -  7.51e-02 2.43e-03h  7
iter    objective    inf_pr   inf_du lg(mu)  ||d||  lg(rg) alpha_du alpha_pr  ls
  40 -1.2171439e-01 8.99e-01 4.08e+03  -6.0 1.13e+03    -  6.67e-03 1.46e-01w  1
  41 -1.2171424e-01 8.99e-01 2.54e+04  -6.0 9.81e+02    -  2.72e-01 3.82e-06w  1
  42 -1.0673280e-01 3.28e+00 5.97e+03  -6.0 1.16e+03    -  2.01e-01 3.28e-01w  1
  43 -1.2863068e-01 1.40e-01 4.79e+03  -6.0 6.71e+02    -  6.67e-03 2.28e-03h  6
  44 -1.2852123e-01 1.40e-01 4.87e+03  -6.0 1.13e+03    -  1.89e-01 2.27e-03h  7
  45 -1.2841860e-01 1.40e-01 4.85e+03  -6.0 1.14e+03    -  1.04e-02 1.96e-03h  7
  46 -1.2831629e-01 1.39e-01 4.76e+03  -6.0 1.14e+03    -  8.09e-02 1.95e-03h  7
  47 -1.2821437e-01 1.39e-01 4.74e+03  -6.0 1.14e+03    -  1.59e-02 1.88e-03h  7
  48 -1.2811277e-01 1.39e-01 4.51e+03  -6.0 1.14e+03    -  1.66e-01 1.87e-03h  7
  49 -1.2801182e-01 1.38e-01 4.47e+03  -6.0 1.15e+03    -  1.85e-02 1.74e-03h  7
iter    objective    inf_pr   inf_du lg(mu)  ||d||  lg(rg) alpha_du alpha_pr  ls
  50 -1.2791117e-01 1.38e-01 4.21e+03  -6.0 1.15e+03    -  1.23e-01 1.73e-03h  7
  51 -1.2781046e-01 1.38e-01 4.15e+03  -6.0 1.16e+03    -  2.37e-02 1.65e-03h  7
  52 -1.2770987e-01 1.38e-01 3.03e+03  -6.0 1.16e+03    -  4.66e-01 1.64e-03h  7
  53 -1.2579283e-01 6.65e+00 5.74e+03  -6.0 6.02e+02  -4.0 2.48e-02 1.99e-01w  1
  54 -1.2579282e-01 6.65e+00 3.72e+04  -6.0 2.92e+02  -3.6 9.32e-02 3.41e-07w  1
  55 -1.2432753e-01 6.57e+00 5.75e+04  -6.0 4.39e+02  -4.1 2.64e-02 7.53e-02w  1
  56 -1.2767991e-01 1.37e-01 3.28e+03  -6.0 7.21e+02  -4.5 2.48e-02 3.11e-03h  6
  57 -1.2755542e-01 1.37e-01 3.33e+03  -6.0 1.21e+03  -5.0 7.02e-02 2.24e-03h  7
  58 -1.2746403e-01 1.37e-01 3.29e+03  -6.0 1.44e+03  -5.5 1.08e-02 1.45e-03h  7
  59 -1.2734254e-01 1.37e-01 3.39e+03  -6.0 1.23e+03  -5.1 3.88e-01 2.11e-03h  7
iter    objective    inf_pr   inf_du lg(mu)  ||d||  lg(rg) alpha_du alpha_pr  ls
  60 -1.2726754e-01 1.36e-01 3.51e+03  -6.0 9.85e+02  -4.6 2.41e-02 1.45e-03h  9
  61 -1.2719759e-01 1.36e-01 3.50e+03  -6.0 1.24e+03  -5.1 8.91e-02 1.04e-03h  8
  62 -1.2711574e-01 1.36e-01 3.67e+03  -6.0 1.00e+03  -4.7 3.52e-02 1.47e-03h  9
  63 -1.2703703e-01 1.36e-01 3.74e+03  -6.0 1.16e+03  -5.2 3.69e-01 1.09e-03h  8
  64 -1.2693543e-01 1.36e-01 3.98e+03  -6.0 9.33e+02  -4.7 4.19e-02 1.51e-03h  9
  65 -1.2684304e-01 1.35e-01 5.38e+03  -6.0 7.47e+02  -4.3 1.20e-01 2.08e-03h  8
  66 -1.0627500e-01 1.37e+01 1.67e+04  -6.0 1.01e+03  -4.8 5.03e-02 2.86e-01w  1
  67 -1.0521206e-01 1.30e+01 1.72e+04  -6.0 4.53e+02  -4.4 2.43e-03 4.95e-02w  1
  68 -1.0301318e-01 1.22e+01 1.59e+04  -6.0 3.06e+02  -3.9 1.97e-01 6.18e-02w  1
  69 -1.2676270e-01 1.35e-01 5.65e+03  -6.0 5.05e+02  -4.4 5.03e-02 1.12e-03h  8
iter    objective    inf_pr   inf_du lg(mu)  ||d||  lg(rg) alpha_du alpha_pr  ls
  70 -1.2661066e-01 1.35e-01 7.61e+03  -6.0 9.63e+02  -4.9 4.00e-01 1.93e-03h  8
  71 -1.2652441e-01 1.35e-01 8.22e+03  -6.0 8.85e+02  -4.5 4.39e-02 1.38e-03h  9
  72 -1.2632126e-01 1.35e-01 1.04e+04  -6.0 1.30e+03  -4.9 2.33e-01 2.06e-03h  5
  73 -1.2622183e-01 1.34e-01 1.12e+04  -6.0 9.03e+02  -4.5 4.84e-02 1.43e-03h  9
  74 -1.2595718e-01 1.34e-01 1.35e+04  -6.0 1.86e+03  -5.0 1.45e-01 2.24e-03h  3
  75 -1.2585126e-01 1.34e-01 1.43e+04  -6.0 9.15e+02  -4.6 4.58e-02 1.43e-03h  9
  76 -1.2564800e-01 1.34e-01 1.74e+04  -6.0 3.07e+03  -5.0 1.01e-01 1.38e-03h  2
  77 -1.2552047e-01 1.33e-01 1.78e+04  -6.0 9.46e+02  -4.6 2.35e-02 1.68e-03h  8
  78 -1.2547395e-01 1.33e-01 2.10e+04  -6.0 1.34e+04  -5.1 2.09e-02 1.30e-04h  2
  79 -1.0674357e-01 1.06e+01 2.15e+04  -6.0 1.02e+03  -4.7 2.16e-02 2.54e-01w  1
iter    objective    inf_pr   inf_du lg(mu)  ||d||  lg(rg) alpha_du alpha_pr  ls
  80 -1.0620199e-01 1.05e+01 2.12e+04  -6.0 4.39e+02  -4.2 3.42e-04 1.46e-02w  1
  81 -1.0621550e-01 1.05e+01 2.12e+04  -6.0 1.76e+02  -2.9 3.04e-02 4.81e-04w  1
  82 -1.2540079e-01 1.33e-01 2.13e+04  -6.0 2.21e+02  -3.4 2.16e-02 9.93e-04h  8
  83 -1.2537703e-01 1.33e-01 2.48e+04  -6.0 6.22e+02  -3.9 6.29e-02 1.74e-03h  8
  84 -1.2526985e-01 1.33e-01 2.50e+04  -6.0 9.48e+02  -4.3 9.63e-03 1.98e-03h  8
  85 -1.2518587e-01 1.33e-01 2.73e+04  -6.0 1.02e+03  -4.8 2.00e-01 9.46e-04h  8
  86 -1.2506183e-01 1.32e-01 2.76e+04  -6.0 9.40e+02  -4.4 1.27e-02 1.93e-03h  7
  87 -1.2486745e-01 1.32e-01 3.83e+04  -6.0 1.27e+03  -4.9 5.76e-01 1.93e-03h  4
  88 -1.2476209e-01 1.32e-01 3.92e+04  -6.0 8.87e+02  -4.4 1.76e-02 1.30e-03h  7
  89 -1.2454845e-01 1.32e-01 4.11e+04  -6.0 1.83e+03  -4.9 4.85e-02 1.76e-03h  2
iter    objective    inf_pr   inf_du lg(mu)  ||d||  lg(rg) alpha_du alpha_pr  ls
  90 -1.2440239e-01 1.32e-01 4.20e+04  -6.0 8.67e+02  -4.5 2.06e-02 1.74e-03h  7
  91 -1.2425191e-01 1.31e-01 5.03e+04  -6.0 2.40e+03  -5.0 1.50e-01 1.17e-03h  1
  92 -1.2404638e-01 1.31e-01 5.06e+04  -6.0 1.41e+03  -5.4 8.98e-02 1.70e-03h  8
  93 -1.2391201e-01 1.31e-01 4.86e+04  -6.0 1.82e+03  -5.9 2.95e-01 1.14e-03h  7
  94 -1.2383638e-01 1.31e-01 4.86e+04  -6.0 5.61e+03  -6.4 7.38e-02 6.99e-04h  8
  95 -1.2369597e-01 1.31e-01 5.24e+04  -6.0 2.00e+03  -6.0 3.18e-01 1.32e-03h  8
  96 -1.2352151e-01 1.31e-01 5.37e+04  -6.0 1.41e+03  -5.6 4.40e-02 1.63e-03h  8
  97 -1.2339470e-01 1.30e-01 7.36e+04  -6.0 1.03e+03  -5.1 3.75e-01 1.26e-03h  9
  98 -1.2325382e-01 1.30e-01 7.53e+04  -6.0 1.89e+03  -5.6 4.32e-02 1.43e-03h  7
  99 -1.2306883e-01 1.30e-01 1.19e+05  -6.0 1.10e+03  -5.2 6.19e-01 1.86e-03h  7
iter    objective    inf_pr   inf_du lg(mu)  ||d||  lg(rg) alpha_du alpha_pr  ls
 100 -1.2288324e-01 1.30e-01 1.21e+05  -6.0 3.76e+03  -5.7 4.27e-02 2.39e-03h  6
 101 -1.2274082e-01 1.29e-01 1.70e+05  -6.0 1.17e+03  -5.2 4.83e-01 1.62e-03h  7
 102 -1.1830915e-01 3.37e+00 1.56e+05  -6.0 5.16e+03  -5.7 4.78e-02 7.32e-02w  1
 103 -1.1815584e-01 5.24e+00 1.48e+05  -6.0 6.11e+03  -5.3 1.54e-02 3.11e-02w  1
 104 -1.1814444e-01 6.19e+00 1.42e+05  -6.0 3.48e+03  -4.9 4.03e-02 4.03e-02w  1
 105 -1.2267158e-01 1.29e-01 1.73e+05  -6.0 1.10e+03  -4.4 4.78e-02 1.14e-03h  6
 106 -1.2249179e-01 1.29e-01 2.02e+05  -6.0 9.27e+02  -4.9 1.56e-01 2.27e-03h  7
 107 -1.2238521e-01 1.29e-01 2.08e+05  -6.0 2.24e+03  -5.4 4.76e-02 1.50e-03h  7
 108 -1.2236018e-01 1.29e-01 2.13e+05  -6.0 7.30e+03  -5.9 8.05e-02 5.60e-04h  8
 109 -1.2235636e-01 1.29e-01 2.15e+05  -6.0 1.26e+04  -6.3 8.78e-02 1.15e-04h 10
iter    objective    inf_pr   inf_du lg(mu)  ||d||  lg(rg) alpha_du alpha_pr  ls
 110 -1.2235424e-01 1.29e-01 2.14e+05  -6.0 4.76e+04  -6.8 2.06e-02 5.23e-05h 11
 111 -1.2235129e-01 1.29e-01 2.17e+05  -6.0 1.70e+04  -6.4 8.83e-02 6.52e-05h 11
 112 -1.2232768e-01 1.29e-01 2.26e+05  -6.0 7.48e+03  -6.0 1.15e-01 3.99e-04h  9
 113 -1.2232565e-01 1.29e-01 2.29e+05  -6.0 1.95e+04  -6.4 8.69e-02 4.62e-05h 12
 114 -1.2230984e-01 1.29e-01 2.45e+05  -6.0 8.43e+03  -6.0 1.88e-01 2.77e-04h 10
 115 -1.1355255e-01 3.33e+00 2.51e+05  -6.0 3.62e+03  -5.6 3.98e-01 1.38e-01w  1
 116 -1.0798248e-01 2.90e+00 1.14e+05  -6.0 2.11e+03  -5.2 5.97e-05 1.78e-01w  1
 117 -1.0422684e-01 2.76e+00 9.87e+04  -6.0 2.06e+03  -4.7 4.66e-02 5.17e-02w  1
 118 -1.2224142e-01 1.28e-01 3.05e+05  -6.0 4.03e+02  -3.4 3.98e-01 1.07e-03h  7
 119 -1.2216127e-01 1.28e-01 3.38e+05  -6.0 6.27e+02  -3.9 4.68e-02 1.71e-03h  8
iter    objective    inf_pr   inf_du lg(mu)  ||d||  lg(rg) alpha_du alpha_pr  ls
 120 -1.2201672e-01 1.28e-01 6.93e+05  -6.0 7.51e+02  -4.4 6.52e-01 2.41e-03h  8
 121 -1.2188881e-01 1.28e-01 7.05e+05  -6.0 1.37e+03  -4.8 4.77e-02 1.79e-03h  7
 122 -1.2184372e-01 1.28e-01 7.01e+05  -6.0 3.70e+03  -5.3 1.98e-01 7.11e-04h  8
 123 -1.2183652e-01 1.28e-01 6.76e+05  -6.0 9.76e+03  -5.8 1.33e-01 1.49e-04h 10
 124 -1.2183492e-01 1.28e-01 6.58e+05  -6.0 2.16e+04  -6.3 5.02e-02 4.54e-05h 11
 125 -1.2182650e-01 1.28e-01 6.49e+05  -6.0 1.56e+04  -5.8 4.70e-02 1.84e-04h  9
 126 -1.2177893e-01 1.27e-01 6.55e+05  -6.0 5.00e+03  -5.4 9.52e-02 8.16e-04h  8
 127 -1.2163341e-01 1.27e-01 7.34e+05  -6.0 2.16e+03  -5.0 2.21e-01 2.30e-03h  7
 128 -1.1394007e-01 1.09e+01 6.33e+05  -6.0 6.24e+03  -5.5 1.81e-01 1.44e-01w  1
 129 -1.1377918e-01 1.08e+01 4.83e+05  -6.0 1.54e+04  -5.0 1.84e-03 8.19e-03w  1
iter    objective    inf_pr   inf_du lg(mu)  ||d||  lg(rg) alpha_du alpha_pr  ls
 130 -1.1377918e-01 1.08e+01 4.83e+05  -6.0 1.84e+03  -4.6 5.24e-07 1.68e-07w  1
 131 -1.2161839e-01 1.27e-01 7.56e+05  -6.0 5.12e+03  -5.1 1.81e-01 2.82e-04h  9
 132 -1.2160130e-01 1.27e-01 7.90e+05  -6.0 7.94e+03  -5.6 3.23e-01 3.38e-04h 10
 133 -1.2156817e-01 1.27e-01 8.38e+05  -6.0 3.74e+03  -5.1 9.54e-02 5.82e-04h 10
 134 -1.2155915e-01 1.27e-01 8.78e+05  -6.0 9.52e+03  -5.6 2.32e-01 1.82e-04h 11
 135 -1.2152589e-01 1.27e-01 9.47e+05  -6.0 4.44e+03  -5.2 1.25e-01 5.92e-04h 10
 136 -1.2152069e-01 1.27e-01 9.92e+05  -6.0 1.10e+04  -5.7 1.88e-01 1.01e-04h 12
 137 -1.2148600e-01 1.27e-01 1.10e+06  -6.0 5.20e+03  -5.2 1.69e-01 6.10e-04h 10
 138 -1.2148125e-01 1.27e-01 1.13e+06  -6.0 1.27e+04  -5.7 9.80e-02 8.54e-05h 12
 139 -1.2146289e-01 1.27e-01 1.61e+06  -6.0 6.06e+03  -5.3 6.23e-01 3.13e-04h 11
iter    objective    inf_pr   inf_du lg(mu)  ||d||  lg(rg) alpha_du alpha_pr  ls
 140 -1.2145892e-01 1.27e-01 1.65e+06  -6.0 1.66e+04  -5.8 6.27e-02 6.34e-05h 12
 141 -1.0756171e-01 4.32e+01 1.10e+06  -6.0 8.04e+03  -5.3 4.17e-02 2.24e-01w  1
 142 -1.0513265e-01 4.05e+01 1.48e+08  -6.0 5.09e+02  -3.1 5.70e-06 6.27e-02w  1
 143 -1.0513264e-01 4.05e+01 1.48e+08  -6.0 6.81e+02  -3.6 2.01e-02 2.60e-07w  1
 144 -1.2144535e-01 1.27e-01 1.69e+06  -6.0 9.98e+02  -4.1 4.17e-02 2.19e-04h 10
 145 -1.2136746e-01 1.27e-01 1.89e+06  -6.0 1.61e+03  -4.5 9.43e-02 1.27e-03h  1
 146 -1.2132737e-01 1.26e-01 1.88e+06  -6.0 4.55e+03  -5.0 3.71e-05 6.51e-04h 10
 147 -1.2132219e-01 1.26e-01 2.11e+06  -6.0 1.11e+04  -5.5 2.15e-01 8.27e-05h 12
 148 -1.2075718e-01 9.10e-01 2.09e+06  -6.0 3.31e+04  -6.0 7.85e-03 7.85e-03s 18
 149r-1.2075718e-01 9.10e-01 1.00e+03  -0.3 0.00e+00  -5.6 0.00e+00 0.00e+00R  1
iter    objective    inf_pr   inf_du lg(mu)  ||d||  lg(rg) alpha_du alpha_pr  ls
 150r-1.2065256e-01 9.07e-01 1.25e+03  -0.3 2.49e+04    -  9.72e-06 2.92e-06f  1
 151r-1.1985053e-01 8.66e-01 1.00e+03  -0.3 4.85e+03    -  1.23e-05 4.59e-05f  1
 152 -1.1984414e-01 8.65e-01 4.87e+02  -6.0 3.83e+02    -  1.04e-06 5.07e-04h  1
 153 -1.1953788e-01 8.51e-01 4.78e+02  -6.0 3.81e+02    -  8.95e-03 1.64e-02h  1
 154 -1.1933924e-01 8.43e-01 4.74e+02  -6.0 3.73e+02    -  9.65e-03 1.01e-02h  1
 155 -1.1893531e-01 8.20e-01 4.61e+02  -6.0 3.51e+02    -  1.16e-02 2.65e-02h  1
 156 -1.1855352e-01 8.03e-01 4.52e+02  -6.0 3.30e+02    -  4.19e-02 2.10e-02h  2
 157 -1.1853227e-01 8.02e-01 4.51e+02  -6.0 3.12e+02    -  2.04e-02 1.07e-03h  7
 158 -1.1851948e-01 8.02e-01 4.51e+02  -6.0 3.13e+02    -  8.88e-02 6.32e-04h  8
 159 -1.1851604e-01 8.02e-01 4.51e+02  -6.0 3.18e+02    -  2.69e-02 1.61e-04h 10
iter    objective    inf_pr   inf_du lg(mu)  ||d||  lg(rg) alpha_du alpha_pr  ls
 160 -1.1851426e-01 8.02e-01 4.51e+02  -6.0 3.22e+02    -  1.42e-01 8.17e-05h 11
 161 -1.1740974e-01 7.65e-01 4.30e+02  -6.0 3.42e+02    -  2.33e-02 4.55e-02h  2
 162 -1.1663244e-01 7.43e-01 4.18e+02  -6.0 2.97e+02    -  7.70e-02 2.93e-02h  2
 163 -1.1546990e-01 7.15e-01 4.02e+02  -6.0 2.78e+02    -  1.41e-01 3.72e-02h  1
 164 -1.1546884e-01 7.15e-01 6.39e+05  -6.0 4.69e+02    -  3.69e-02 1.65e-05h  1
 165 -1.1326501e-01 6.91e-01 3.58e+06  -6.0 4.75e+02    -  2.18e-01 3.39e-02h  2
 166 -1.1074450e-01 6.62e-01 5.58e+06  -6.0 4.82e+02    -  2.26e-01 4.18e-02H  1
 167 -1.1074315e-01 6.62e-01 1.03e+07  -6.0 5.51e+02    -  2.28e-01 2.21e-05h  1
 168 -1.0932419e-01 6.47e-01 9.93e+06  -6.0 5.84e+02    -  1.35e-02 2.22e-02h  2
 169 -1.0765091e-01 6.30e-01 1.35e+07  -6.0 5.79e+02    -  3.22e-01 2.71e-02h  1
iter    objective    inf_pr   inf_du lg(mu)  ||d||  lg(rg) alpha_du alpha_pr  ls
 170 -1.0657989e-01 6.20e-01 1.34e+07  -6.0 6.28e+02    -  3.51e-02 1.57e-02h  3
 171 -1.0534813e-01 6.09e-01 1.59e+07  -6.0 6.24e+02    -  4.65e-01 1.83e-02h  2
 172 -1.0452130e-01 6.01e-01 1.52e+07  -6.0 6.85e+02    -  2.13e-01 1.25e-02h  1
 173 -1.0334808e-01 5.89e-01 1.46e+07  -6.0 7.19e+02    -  9.45e-02 1.95e-02h  2
 174 -1.0285450e-01 5.84e-01 1.36e+07  -6.0 7.32e+02    -  1.28e-01 8.91e-03h  1
 175 -1.0190577e-01 5.75e-01 1.19e+07  -6.0 6.80e+02    -  3.11e-01 1.59e-02h  5
 176 -1.0121683e-01 5.68e-01 8.78e+06  -6.0 7.03e+02    -  4.98e-01 1.27e-02h  2
 177 -1.0118944e-01 5.67e-01 8.55e+06  -6.0 1.37e+03    -  1.77e-02 1.58e-03h  3
 178 -1.0125879e-01 5.67e-01 8.42e+06  -6.0 2.41e+04    -  1.11e-03 1.21e-04h  4
 179 -1.0126192e-01 5.66e-01 7.99e+06  -6.0 1.46e+03    -  2.52e-02 8.63e-04h  5
iter    objective    inf_pr   inf_du lg(mu)  ||d||  lg(rg) alpha_du alpha_pr  ls
 180 -1.0126151e-01 5.66e-01 7.30e+06  -6.0 1.37e+03    -  4.58e-02 7.22e-05h  9
 181 -1.0123158e-01 5.66e-01 6.70e+06  -6.0 1.11e+03    -  6.17e-02 9.55e-04h  7
 182 -1.0122466e-01 5.65e-01 4.88e+06  -6.0 1.33e+03    -  1.80e-01 2.66e-04h  9
 183 -1.0120218e-01 5.64e-01 2.76e+06  -6.0 2.57e+03    -  1.41e-01 2.48e-03h  6
 184 -1.0540523e-01 1.94e+00 2.97e+06  -6.0 9.41e+04    -  2.16e-03 2.57e-03h  1
 185 -1.0537278e-01 1.94e+00 3.74e+06  -6.0 1.33e+03    -  1.52e-01 4.83e-04h  1
 186 -1.0308211e-01 2.01e+00 3.65e+06  -6.0 6.17e+02  -6.0 4.89e-02 3.64e-02h  4
 187 -1.0242783e-01 2.01e+00 4.60e+06  -6.0 5.92e+02  -6.5 3.20e-01 1.16e-02h  5
 188 -1.0170379e-01 2.00e+00 4.55e+06  -6.0 5.70e+02  -5.2 2.29e-02 1.42e-02h  5
 189 -1.0157895e-01 1.99e+00 5.44e+06  -6.0 5.73e+02  -5.7 4.49e-01 2.48e-03h  8
iter    objective    inf_pr   inf_du lg(mu)  ||d||  lg(rg) alpha_du alpha_pr  ls
 190 -1.0154383e-01 1.99e+00 5.47e+06  -6.0 5.57e+02  -5.2 2.59e-02 8.59e-04h  9
 191 -1.0152868e-01 1.99e+00 6.26e+06  -6.0 5.27e+02  -4.8 3.39e-01 3.61e-04h 10
 192 -1.0151964e-01 1.99e+00 6.58e+06  -6.0 4.89e+02  -4.4 2.44e-01 2.56e-04h 11
 193 -1.0077446e-01 2.03e+00 6.40e+06  -6.0 5.05e+02  -4.9 4.37e-03 1.60e-02h  5
 194 -9.7181186e-02 1.93e+00 5.64e+06  -6.0 4.84e+02  -4.4 4.95e-02 9.07e-02h  3
 195 -9.6419517e-02 1.93e+00 5.36e+06  -6.0 5.14e+02  -4.9 1.12e-01 3.08e-02h  3
 196 -9.1932865e-02 2.01e+00 5.04e+06  -6.0 4.31e+02  -4.5 2.54e-01 1.50e-01w  1
 197 -8.6670287e-02 1.62e+00 2.95e+06  -6.0 2.48e+02  -4.1 9.60e-02 1.99e-01w  1
 198 -8.6812729e-02 5.16e+00 2.91e+06  -6.0 4.67e+02  -4.5 3.31e-02 2.85e-02w  1
 199 -9.4176191e-02 1.88e+00 5.79e+06  -6.0 2.76e+02  -5.0 2.54e-01 7.52e-02h  1
iter    objective    inf_pr   inf_du lg(mu)  ||d||  lg(rg) alpha_du alpha_pr  ls
 200 -9.3377574e-02 1.85e+00 5.88e+06  -6.0 4.03e+02  -4.6 1.98e-01 3.67e-02h  2
 201 -9.3353240e-02 1.86e+00 5.71e+06  -6.0 3.72e+02  -5.1 1.24e-01 2.60e-03h  4
 202 -9.1848548e-02 1.75e+00 5.35e+06  -6.0 3.63e+02  -4.6 4.32e-01 7.92e-02h  1
 203 -9.1522924e-02 1.72e+00 5.05e+06  -6.0 7.59e+02  -4.2 4.76e-02 1.73e-02h  3
 204 -8.8643743e-02 1.49e+00 3.10e+06  -6.0 2.35e+02  -3.8 5.25e-02 1.16e-01h  2
 205 -8.8614146e-02 1.49e+00 4.20e+06  -6.0 2.40e+02  -4.3 1.38e-01 2.77e-03h  1
 206 -8.6765479e-02 1.37e+00 1.35e+06  -6.0 2.35e+02  -3.8 1.48e-03 1.08e-01h  2
 207 -8.4569145e-02 1.24e+00 6.37e+06  -6.0 1.65e+02  -3.4 1.98e-01 1.03e-01h  1
 208 -8.4580478e-02 1.25e+00 7.05e+06  -6.0 1.55e+02  -3.9 4.76e-02 5.17e-03h  3
 209 -8.4188178e-02 1.25e+00 1.05e+07  -6.0 1.84e+02  -3.5 1.10e-01 3.82e-02h  1
iter    objective    inf_pr   inf_du lg(mu)  ||d||  lg(rg) alpha_du alpha_pr  ls
 210 -8.4188997e-02 1.26e+00 1.17e+07  -6.0 1.84e+02  -3.9 1.65e-01 7.21e-03h  4
 211 -8.3969788e-02 1.25e+00 2.17e+07  -6.0 1.97e+02  -3.5 2.78e-01 3.03e-02h  3
 212 -8.4029898e-02 1.27e+00 2.01e+07  -6.0 4.90e+02  -4.0 9.01e-02 3.25e-03h  3
 213 -8.4195339e-02 1.23e+00 1.21e+07  -6.0 2.81e+02  -4.5 4.25e-01 2.99e-02h  1
 214 -8.4916444e-02 1.06e+00 6.46e+06  -6.0 4.68e+02  -4.9 3.32e-01 1.17e-01h  1
 215r-8.4916444e-02 1.06e+00 1.00e+03  -0.5 0.00e+00  -3.6 0.00e+00 4.86e-07R  5
 216r-8.7274556e-02 1.06e+00 1.00e+03  -0.5 2.63e+05    -  4.66e-06 1.03e-05f  1
 217 -8.7249756e-02 1.06e+00 5.60e+04  -6.0 4.57e+01    -  3.68e-02 1.76e-03h  1
 218 -8.7018175e-02 1.04e+00 5.44e+05  -6.0 4.61e+01    -  1.76e-03 1.64e-02h  1
 219 -8.6590587e-02 1.02e+00 1.62e+06  -6.0 9.28e+01    -  1.27e-01 2.41e-02h  1
iter    objective    inf_pr   inf_du lg(mu)  ||d||  lg(rg) alpha_du alpha_pr  ls
 220 -8.5956198e-02 9.78e-01 1.67e+06  -6.0 8.30e+01    -  4.89e-02 3.74e-02h  1
 221 -8.5657254e-02 9.60e-01 3.50e+06  -6.0 8.53e+01    -  2.11e-01 1.80e-02h  1
 222 -8.3180446e-02 8.16e-01 2.91e+06  -6.0 9.51e+01    -  1.49e-01 1.56e-01h  1
 223 -8.3301432e-02 7.91e-01 1.07e+07  -6.0 1.68e+02    -  4.08e-01 2.79e-02h  1
 224 -8.4614649e-02 8.07e-01 5.14e+06  -6.0 1.84e+02    -  3.92e-01 4.53e-01h  1
 225 -8.5825547e-02 6.66e-01 4.42e+06  -6.0 1.67e+02    -  5.67e-01 2.72e-01h  1
 226 -8.9592629e-02 6.25e-01 2.88e+06  -6.0 1.66e+02    -  5.17e-01 6.22e-01h  1
 227 -8.9662873e-02 5.90e-01 3.47e+06  -6.0 2.05e+02    -  4.43e-03 5.61e-02h  2
 228 -8.9716897e-02 5.70e-01 3.38e+06  -6.0 1.90e+02    -  3.15e-02 3.25e-02h  2
 229 -8.9828337e-02 5.55e-01 1.06e+06  -6.0 1.49e+02    -  3.10e-01 2.62e-02h  2
iter    objective    inf_pr   inf_du lg(mu)  ||d||  lg(rg) alpha_du alpha_pr  ls
 230 -8.9867718e-02 5.49e-01 7.37e+05  -6.0 1.43e+02    -  5.55e-02 1.14e-02h  2
 231 -8.9973356e-02 5.39e-01 6.15e+05  -6.0 2.17e+02    -  3.41e-01 1.82e-02h  1
 232 -9.0052827e-02 5.35e-01 6.10e+05  -6.0 4.69e+02    -  1.28e-03 7.29e-03h  1
 233 -9.0242156e-02 5.26e-01 6.00e+05  -6.0 4.87e+02    -  4.23e-03 1.67e-02h  1
 234 -9.3475249e-02 4.45e-01 2.98e+06  -6.0 4.84e+02    -  9.02e-03 2.88e-01f  1
 235 -9.3674573e-02 4.36e-01 2.20e+06  -6.0 3.96e+02    -  1.60e-01 2.23e-02h  1
 236 -9.7041900e-02 7.78e-01 1.70e+06  -6.0 4.48e+02    -  1.30e-01 3.55e-01h  2
 237 -1.0076069e-01 9.80e-01 2.88e+06  -6.0 3.62e+02    -  3.11e-01 4.73e-01h  1
 238 -1.0328460e-01 8.60e-01 6.93e+06  -6.0 3.21e+02    -  3.77e-03 2.73e-01h  1
 239 -1.0507349e-01 8.10e-01 6.38e+06  -6.0 4.57e+02    -  6.80e-02 8.30e-02h  1
iter    objective    inf_pr   inf_du lg(mu)  ||d||  lg(rg) alpha_du alpha_pr  ls
 240 -1.0476741e-01 7.98e-01 1.73e+07  -6.0 6.32e+02    -  7.12e-02 1.91e-02h  4
 241 -1.0562460e-01 5.56e-01 2.26e+07  -6.0 1.78e+02    -  7.69e-04 3.04e-01h  1
 242 -1.1048805e-01 3.25e-01 6.35e+06  -6.0 1.21e+02    -  2.09e-01 7.14e-01h  1
 243 -1.1311884e-01 1.50e-01 3.56e+05  -6.0 3.55e+01    -  9.05e-02 1.00e+00h  1
 244 -1.1296374e-01 5.13e-02 4.80e+05  -6.0 2.68e+00  -4.1 9.93e-02 1.00e+00h  1
 245 -1.1382700e-01 5.63e-03 1.18e+04  -6.0 9.16e+00    -  5.28e-01 1.00e+00h  1
 246 -1.1772984e-01 1.68e-01 4.05e+03  -6.0 3.32e+01    -  5.55e-01 1.00e+00h  1
 247 -1.1948634e-01 1.47e-01 7.57e+03  -6.0 7.93e+01    -  5.17e-01 2.55e-01h  1
 248 -1.2284452e-01 1.95e-01 5.10e+03  -6.0 1.52e+02    -  2.25e-01 2.37e-01h  1
 249 -1.2719320e-01 2.21e-01 3.55e+04  -6.0 1.03e+02    -  7.35e-01 4.33e-01h  1
iter    objective    inf_pr   inf_du lg(mu)  ||d||  lg(rg) alpha_du alpha_pr  ls
 250 -1.2745400e-01 2.20e-01 1.17e+06  -6.0 7.88e+02    -  5.11e-04 5.50e-03h  1
 251 -1.3358120e-01 3.95e-01 8.52e+05  -6.0 3.54e+02    -  1.34e-01 2.70e-01f  1
 252 -1.3358381e-01 3.95e-01 8.51e+05  -6.0 2.31e+01  -4.6 4.28e-02 1.06e-03h  1
 253 -1.3325797e-01 3.94e-01 8.48e+05  -6.0 9.86e+02  -5.0 1.92e-04 2.72e-03h  1
 254 -1.3325869e-01 4.00e-01 8.31e+05  -6.0 3.61e+02  -5.5 4.99e-03 2.08e-02h  2
 255 -1.3514852e-01 5.03e-02 3.89e+03  -6.0 5.04e+00  -5.1 2.96e-01 1.00e+00h  1
 256 -1.3592114e-01 3.61e-02 2.97e+03  -6.0 1.74e+01  -5.6 1.94e-01 3.21e-01h  1
 257 -1.4676150e-01 2.22e+00 1.48e+03  -6.0 6.84e+01  -6.0 1.42e-01 1.00e+00f  1
 258 -1.4716490e-01 2.20e+00 1.47e+03  -6.0 1.98e+02  -5.6 3.81e-03 1.02e-02h  1
 259 -1.4721420e-01 2.19e+00 1.47e+03  -6.0 3.06e+02  -6.1 5.32e-03 4.09e-04f  1
iter    objective    inf_pr   inf_du lg(mu)  ||d||  lg(rg) alpha_du alpha_pr  ls
 260 -1.4963857e-01 2.23e+00 1.46e+03  -6.0 1.99e+02  -5.7 8.23e-04 3.84e-02f  1
 261 -1.5871221e-01 1.82e+00 1.71e+03  -6.0 3.74e+01  -5.2 1.27e-02 6.48e-01h  1
 262 -1.5879616e-01 1.76e+00 1.44e+03  -6.0 4.92e+01  -5.7 1.41e-01 3.29e-02h  1
 263 -1.6105837e-01 1.60e+00 6.18e+02  -6.0 1.90e+02  -6.2 5.43e-01 9.37e-02h  1
 264 -1.6397875e-01 1.57e+00 6.11e+02  -6.0 2.30e+03  -6.7 6.46e-03 1.16e-02h  1
 265 -1.6633720e-01 1.45e+00 5.18e+02  -6.0 2.27e+02  -6.3 1.38e-01 7.28e-02h  1
 266 -1.7298167e-01 8.21e-01 9.00e+02  -6.0 7.36e+01  -5.8 1.05e-01 7.58e-01f  1
 267 -1.7946890e-01 6.40e-01 5.03e+02  -6.0 1.05e+02  -6.3 2.43e-01 4.38e-01h  1
 268 -1.8010145e-01 6.02e-01 4.81e+02  -6.0 1.03e+02  -6.8 6.03e-01 4.40e-02h  1
 269 -1.8559511e-01 1.75e+00 3.86e+02  -6.0 1.81e+02  -7.3 1.09e-01 2.00e-01h  1
iter    objective    inf_pr   inf_du lg(mu)  ||d||  lg(rg) alpha_du alpha_pr  ls
 270 -1.8719626e-01 2.07e+00 3.60e+02  -6.0 2.15e+02  -7.7 4.47e-01 6.61e-02h  1
 271 -1.8969299e-01 2.59e+00 3.21e+02  -6.0 3.14e+02  -8.2 7.61e-01 1.07e-01h  1
 272 -1.9619504e-01 1.67e+00 9.41e+01  -6.0 1.71e+02  -7.8 7.09e-01 7.12e-01h  1
 273 -1.9648269e-01 1.04e+00 1.06e+02  -6.0 7.43e+01  -7.4 2.23e-01 4.05e-01h  1
 274 -1.9635228e-01 7.14e-01 8.05e+02  -6.0 2.83e+01  -6.9 6.15e-03 3.22e-01h  1
 275 -1.9648214e-01 6.29e-01 7.24e+02  -6.0 1.10e+02  -7.4 7.36e-01 1.43e-01h  1
 276 -1.9808312e-01 5.18e+00 6.84e+02  -6.0 1.13e+03  -7.9 6.65e-04 2.28e-01h  1
 277 -1.9875917e-01 4.44e+00 5.58e+02  -6.0 5.64e+02  -8.4 1.84e-01 1.45e-01h  1
 278 -1.9916631e-01 3.77e+00 3.83e+03  -6.0 1.88e+02  -7.9 7.68e-01 1.59e-01h  1
 279 -2.0116501e-01 2.88e+00 2.82e+03  -6.0 8.26e+02  -8.4 3.28e-01 2.68e-01h  1
iter    objective    inf_pr   inf_du lg(mu)  ||d||  lg(rg) alpha_du alpha_pr  ls
 280 -2.0149003e-01 2.54e+00 1.18e+04  -6.0 2.73e+02  -8.0 1.00e+00 1.19e-01h  1
 281 -2.0277122e-01 2.30e+00 1.01e+04  -6.0 1.63e+03  -8.5 2.15e-01 1.22e-01h  1
 282 -2.0549976e-01 2.42e+00 4.58e+03  -6.0 4.01e+02  -8.0 1.37e-01 7.65e-01h  1
 283 -2.0924590e-01 9.98e+00 1.34e+06  -6.0 4.30e+03  -8.5 1.81e-03 1.42e-01h  1
 284 -2.0917979e-01 9.77e+00 1.32e+06  -6.0 3.70e+02  -7.2 6.38e-04 2.03e-02h  1
 285 -2.1184776e-01 8.35e-01 4.06e+03  -6.0 2.13e+02  -7.7 5.19e-02 1.00e+00h  1
 286 -2.1201046e-01 7.24e-01 3.52e+03  -6.0 1.29e+01  -5.4 8.61e-02 1.34e-01h  1
 287 -2.1208411e-01 6.88e-01 3.34e+03  -6.0 3.47e+01  -5.9 1.31e-01 4.90e-02h  1
 288 -2.1228393e-01 2.93e-01 1.40e+03  -6.0 4.08e+00  -5.5 1.00e+00 5.75e-01h  1
 289 -2.1299661e-01 2.66e+00 3.94e+00  -6.0 1.86e+01  -6.0 5.66e-01 1.00e+00h  1
iter    objective    inf_pr   inf_du lg(mu)  ||d||  lg(rg) alpha_du alpha_pr  ls
 290 -2.1313320e-01 1.83e+00 3.46e+00  -6.0 6.03e+00  -5.5 1.04e-01 4.26e-01h  1
 291 -2.1357805e-01 3.18e+00 3.24e+00  -6.0 5.70e+01  -6.0 1.91e-01 1.98e-01h  1
 292 -2.1374544e-01 2.76e+00 2.93e+01  -6.0 1.19e+01  -5.6 4.54e-01 1.68e-01h  1
 293 -2.1405814e-01 3.18e+00 1.18e+02  -6.0 1.73e+01  -6.1 1.00e+00 2.72e-01h  1
 294 -2.1433867e-01 3.51e+00 2.81e+02  -6.0 3.74e+01  -6.5 7.08e-01 1.25e-01h  1
 295 -2.1517329e-01 2.23e+00 2.50e+02  -6.0 9.45e+01  -7.0 1.00e+00 3.66e-01h  1
 296 -2.1855527e-01 8.19e-01 2.26e+02  -6.0 2.55e+02  -7.5 1.00e+00 7.92e-01h  1
 297 -2.2353004e-01 6.21e+00 3.23e+03  -6.0 6.56e+02  -8.0 1.25e-01 8.46e-01h  1
 298 -2.2588335e-01 6.52e+00 1.23e+03  -6.0 2.94e+03  -8.5 2.50e-01 9.01e-02h  1
 299 -2.2887276e-01 4.93e+00 3.68e+03  -6.0 5.81e+02  -8.0 5.72e-01 3.88e-01h  1
iter    objective    inf_pr   inf_du lg(mu)  ||d||  lg(rg) alpha_du alpha_pr  ls
 300 -2.3017717e-01 5.57e+00 7.18e+03  -6.0 1.10e+03  -8.5 5.08e-02 1.66e-02H  1
 301 -2.3079457e-01 5.56e+00 1.53e+04  -6.0 4.94e+04  -9.0 1.17e-02 2.13e-03h  1
 302 -2.3134361e-01 5.41e+00 1.66e+04  -6.0 6.08e+03  -9.5 2.33e-01 2.87e-02h  1
 303 -2.3796256e-01 5.90e+00 6.97e+03  -6.0 9.64e+02  -9.0 8.96e-02 6.77e-01h  1
 304 -2.3785532e-01 5.98e+00 4.55e+03  -6.0 1.98e+03  -8.6 1.82e-02 9.45e-02h  1
 305 -2.3662803e-01 1.77e+00 2.91e+05  -6.0 1.05e+02  -6.4 3.59e-04 7.25e-01h  1
 306 -2.3662074e-01 1.76e+00 5.70e+05  -6.0 9.80e+02  -6.8 2.95e-02 3.24e-03h  1
 307 -2.3654434e-01 1.70e+00 6.20e+05  -6.0 4.55e+02  -7.3 6.62e-02 3.37e-02h  1
 308 -2.3655855e-01 1.70e+00 4.19e+05  -6.0 1.25e+04  -7.8 1.08e-06 1.45e-04h  1
 309 -2.3655811e-01 1.70e+00 4.19e+05  -6.0 1.61e+04  -7.4 8.63e-07 3.18e-06f  2
iter    objective    inf_pr   inf_du lg(mu)  ||d||  lg(rg) alpha_du alpha_pr  ls
 310r-2.3655811e-01 1.70e+00 1.00e+03   0.1 0.00e+00  -7.0 0.00e+00 4.75e-07R  5
 311r-2.3648286e-01 1.70e+00 1.00e+03   0.1 1.37e+05    -  2.11e-08 1.65e-07f  1
 312 -2.3666438e-01 1.70e+00 5.94e+02  -6.0 3.01e+04    -  1.55e-02 1.84e-03h  1
 313 -2.4209905e-01 1.46e+01 5.71e+02  -6.0 2.39e+04    -  1.86e-02 5.51e-02h  1
 314 -2.4407249e-01 1.51e+01 5.53e+02  -6.0 4.56e+04    -  2.65e-02 3.42e-02h  1
 315 -2.4560008e-01 1.49e+01 1.70e+03  -6.0 3.15e+04    -  1.81e-02 3.33e-02h  1
 316 -2.4658454e-01 1.45e+01 1.90e+03  -6.0 1.26e+04    -  6.02e-03 2.67e-02h  1
 317 -2.4668746e-01 1.45e+01 1.64e+03  -6.0 5.53e+04    -  3.62e-02 1.44e-03h  1
 318 -2.4893410e-01 3.21e+01 1.67e+03  -6.0 1.07e+05    -  6.40e-03 1.00e-02h  1
 319 -2.4974637e-01 3.13e+01 1.29e+03  -6.0 8.60e+03    -  2.15e-02 4.07e-02h  1
iter    objective    inf_pr   inf_du lg(mu)  ||d||  lg(rg) alpha_du alpha_pr  ls
 320 -2.5074053e-01 3.08e+01 2.06e+03  -6.0 1.01e+04    -  8.72e-02 5.51e-02h  1
 321 -2.5190571e-01 3.04e+01 1.84e+03  -6.0 1.10e+04    -  1.28e-01 7.76e-02h  1
 322 -2.5357323e-01 3.80e+01 1.71e+03  -6.0 1.05e+04    -  1.92e-02 6.40e-02h  1
 323 -2.5367207e-01 3.71e+01 1.67e+03  -6.0 6.01e+03    -  2.92e-02 2.39e-02h  1
 324 -2.5419619e-01 3.63e+01 1.60e+03  -6.0 8.42e+03    -  2.81e-02 4.15e-02h  1
 325 -2.5420619e-01 3.63e+01 1.61e+03  -6.0 1.16e+04    -  6.36e-02 5.47e-04h  1
 326 -2.5483025e-01 3.20e+01 1.36e+03  -6.0 6.53e+03    -  3.70e-02 1.46e-01h  1
Error in an AMPL evaluation. Run with "halt_on_ampl_error yes" to see details.
Warning: Cutting back alpha due to evaluation error
 327 -2.5487794e-01 3.17e+01 1.34e+03  -6.0 3.15e+04    -  6.82e-03 1.10e-02h  2
 328 -2.5517010e-01 8.11e+01 1.26e+03  -6.0 3.78e+04    -  7.15e-02 6.54e-02h  1
 329 -2.5518802e-01 8.05e+01 1.25e+03  -6.0 1.23e+03  -7.4 4.35e-03 7.74e-03h  1
iter    objective    inf_pr   inf_du lg(mu)  ||d||  lg(rg) alpha_du alpha_pr  ls
 330 -2.5519651e-01 7.89e+01 1.22e+03  -6.0 2.48e+02  -7.0 8.75e-03 1.96e-02h  1
 331 -2.5519893e-01 7.72e+01 1.20e+03  -6.0 6.52e+02  -7.5 3.06e-02 2.14e-02h  1
 332 -2.5519801e-01 7.18e+01 1.11e+03  -6.0 1.21e+03  -8.0 1.84e-02 7.00e-02h  1
 333 -2.5519771e-01 7.17e+01 1.11e+03  -6.0 4.69e+03  -8.4 2.60e-04 2.14e-03h  1
 334 -2.5521481e-01 7.07e+01 1.09e+03  -6.0 3.91e+03  -8.9 4.33e-04 1.31e-02h  1
 335 -2.5495079e-01 6.78e+01 1.05e+03  -6.0 6.25e+03  -9.4 7.66e-03 4.16e-02h  1
 336 -2.5561646e-01 6.56e+01 1.01e+03  -6.0 7.50e+03  -9.9 7.53e-02 3.24e-02h  1
 337 -2.5564104e-01 6.34e+01 2.92e+03  -6.0 2.61e+03  -7.6 6.88e-05 3.43e-02h  1
 338 -2.5529091e-01 3.09e+01 1.35e+03  -6.0 1.54e+02  -7.2 2.82e-03 5.12e-01h  1
 339 -2.5525758e-01 2.83e+01 1.24e+03  -6.0 7.80e+01  -7.7 1.16e-02 8.56e-02h  1
iter    objective    inf_pr   inf_du lg(mu)  ||d||  lg(rg) alpha_du alpha_pr  ls
 340 -2.5499013e-01 8.46e+00 7.51e+02  -6.0 3.93e+01  -7.3 1.48e-01 7.01e-01h  1
 341 -2.5507745e-01 2.04e-01 9.91e+01  -6.0 8.93e+01  -7.7 5.70e-01 1.00e+00h  1
 342 -2.5531278e-01 2.83e-01 7.44e+01  -6.0 2.40e+02  -8.2 1.80e-01 3.25e-01h  1
 343 -2.5530101e-01 2.05e-01 6.10e+01  -6.0 1.31e+02  -8.7 1.18e-01 4.45e-01f  1
 344 -2.5542074e-01 5.30e-01 3.73e+01  -6.0 1.31e+02  -8.3 3.90e-01 3.32e-01h  1
 345 -2.5549732e-01 4.87e+00 3.27e+01  -6.0 2.85e+02  -8.7 1.87e-01 2.99e-01h  1
 346 -2.5576562e-01 1.50e+01 2.16e+01  -6.0 7.02e+02  -9.2 3.27e-01 2.90e-01h  1
 347 -2.5597856e-01 2.65e+01 2.39e+01  -6.0 2.78e+03  -9.7 9.54e-02 8.81e-02h  1
 348 -2.5602183e-01 2.38e+01 2.15e+01  -6.0 1.36e+03 -10.2 1.94e-02 1.02e-01h  1
 349 -2.5605759e-01 2.36e+01 3.52e+01  -6.0 1.73e+05    -  1.38e-02 7.28e-03f  1
iter    objective    inf_pr   inf_du lg(mu)  ||d||  lg(rg) alpha_du alpha_pr  ls
 350 -2.5611401e-01 1.89e+01 2.77e+02  -6.0 4.84e+02  -8.8 2.87e-02 2.00e-01h  1
 351 -2.5617449e-01 1.07e+01 8.28e+01  -6.0 1.81e+02  -8.4 1.12e-01 4.38e-01h  1
 352 -2.5618008e-01 8.77e+00 7.69e+01  -6.0 1.26e+02  -8.9 8.46e-01 1.81e-01h  1
 353 -2.5628929e-01 8.69e+00 8.33e+01  -6.0 4.63e+04    -  2.42e-02 9.54e-03h  1
 354 -2.5649675e-01 2.94e+01 1.17e+02  -6.0 1.95e+04    -  1.87e-01 9.17e-02h  1
 355 -2.5689988e-01 3.56e+01 6.31e+02  -6.0 2.41e+04    -  7.14e-02 1.63e-01h  1
 356 -2.5716106e-01 2.13e+01 1.71e+04  -6.0 1.45e+03  -9.4 6.17e-02 4.03e-01h  1
 357 -2.5718348e-01 1.92e+01 1.70e+04  -6.0 3.44e+01  -8.0 4.21e-01 9.65e-02h  1
 358 -2.5750784e-01 7.75e+00 1.84e+03  -6.0 4.10e+01  -8.5 3.15e-01 1.00e+00h  1
 359 -2.5753222e-01 7.05e+00 1.64e+03  -6.0 1.05e+01  -6.3 5.27e-01 9.69e-02h  1
iter    objective    inf_pr   inf_du lg(mu)  ||d||  lg(rg) alpha_du alpha_pr  ls
 360 -2.5774749e-01 1.27e+01 1.68e+02  -6.0 1.61e+01  -6.8 7.85e-01 9.21e-01h  1
 361 -2.5789109e-01 2.12e+01 4.88e+01  -6.0 1.95e+01  -7.2 4.49e-01 7.00e-01h  1
 362 -2.5795219e-01 2.00e+01 4.63e+01  -6.0 5.46e+01  -7.7 9.01e-02 5.58e-02h  1
 363 -2.5798304e-01 1.20e+01 6.84e+01  -6.0 2.23e+01  -8.2 1.00e+00 3.97e-01h  1
 364 -2.5811397e-01 3.60e-02 2.59e+01  -6.0 7.16e+01  -8.7 7.46e-01 1.00e+00h  1
 365 -2.5828828e-01 1.39e-01 1.52e+02  -6.0 2.54e+02  -9.1 1.00e+00 6.76e-01h  1
 366 -2.5877981e-01 2.51e+00 3.28e+02  -6.0 9.63e+02  -9.6 4.49e-01 1.00e+00h  1
 367 -2.5931075e-01 7.92e+00 2.30e+02  -6.0 3.50e+03 -10.1 3.09e-01 3.11e-01h  1
 368 -2.5984096e-01 1.71e+01 2.58e+02  -6.0 5.43e+03    -  3.73e-03 2.29e-01h  1
 369 -2.5986990e-01 1.56e+01 1.09e+03  -6.0 4.11e+03 -10.6 4.80e-02 9.08e-02h  1
iter    objective    inf_pr   inf_du lg(mu)  ||d||  lg(rg) alpha_du alpha_pr  ls
 370 -2.6013532e-01 9.63e+01 2.49e+02  -6.0 5.54e+03    -  8.35e-03 5.15e-01h  1
 371 -2.6015590e-01 8.45e+01 3.59e+02  -6.0 3.98e+03    -  4.75e-03 2.38e-01h  1
 372 -2.6014900e-01 9.07e+01 3.43e+02  -6.0 1.97e+04 -11.1 6.61e-02 4.54e-02h  1
 373 -2.6018092e-01 7.86e+01 2.36e+02  -6.0 3.62e+03    -  7.02e-04 2.97e-01h  1
 374 -2.6015968e-01 1.13e+02 2.15e+02  -6.0 1.00e+04 -10.6 4.78e-01 1.99e-01h  1
 375 -2.6018256e-01 6.59e+01 2.14e+03  -6.0 1.26e+03    -  4.41e-02 4.46e-01h  1
 376 -2.6018253e-01 5.69e+01 1.77e+03  -6.0 1.86e+03    -  4.34e-02 1.49e-01h  1
 377 -2.6018109e-01 3.84e+01 1.13e+03  -6.0 2.39e+02    -  7.26e-02 3.26e-01h  1
 378 -2.6016560e-01 2.42e+01 7.11e+02  -6.0 2.78e+02    -  2.20e-01 3.72e-01f  1
 379 -2.6015432e-01 8.03e-01 5.81e+01  -6.0 2.13e+02    -  4.73e-01 1.00e+00h  1
iter    objective    inf_pr   inf_du lg(mu)  ||d||  lg(rg) alpha_du alpha_pr  ls
 380 -2.6015539e-01 4.06e+00 1.84e+01  -6.0 4.79e+02    -  6.42e-01 1.00e+00h  1
 381 -2.6014382e-01 2.80e-02 3.83e+01  -6.0 8.72e+01    -  3.69e-01 1.00e+00h  1
 382 -2.6015907e-01 5.64e+00 2.88e+01  -6.0 5.59e+02    -  5.98e-01 1.00e+00h  1
 383 -2.6015357e-01 5.36e+00 2.12e+01  -6.0 1.23e+03    -  2.05e-01 1.08e-01h  1
 384 -2.6012484e-01 8.69e-01 1.66e+00  -6.0 3.30e+02    -  1.00e+00 1.00e+00h  1
 385 -2.6012259e-01 3.13e-01 1.02e+00  -6.0 1.94e+02    -  1.00e+00 1.00e+00h  1
 386 -2.6013456e-01 3.17e-01 2.69e-02  -6.0 5.92e+01    -  1.00e+00 1.00e+00h  1
 387 -2.6013618e-01 6.28e-02 1.29e-03  -6.0 1.63e+01    -  1.00e+00 1.00e+00h  1
 388 -2.6013605e-01 1.65e-04 7.12e-06  -6.0 1.66e+00    -  1.00e+00 1.00e+00h  1
 389 -2.6013604e-01 2.25e-06 5.43e-08  -6.0 1.65e-01    -  1.00e+00 1.00e+00h  1
iter    objective    inf_pr   inf_du lg(mu)  ||d||  lg(rg) alpha_du alpha_pr  ls
 390 -2.6075657e-01 2.14e+00 5.43e+01  -7.5 3.33e+03    -  4.47e-01 2.58e-01h  1
 391 -2.6091090e-01 2.18e+00 3.73e+01  -7.5 3.25e+03 -11.1 1.95e-02 9.24e-02h  1
 392 -2.6111772e-01 4.81e+00 6.43e+01  -7.5 1.99e+03 -10.7 3.90e-01 1.80e-01h  1
 393 -2.6130515e-01 3.92e+00 6.20e+01  -7.5 7.87e+02 -10.3 3.78e-01 2.39e-01h  1
 394 -2.6142670e-01 7.22e+00 6.49e+01  -7.5 2.52e+03 -10.7 3.73e-01 1.65e-01h  1
 395 -2.6154857e-01 5.60e+00 4.84e+01  -7.5 8.00e+02 -10.3 2.01e-01 2.37e-01h  1
 396 -2.6172857e-01 1.17e+01 5.14e+01  -7.5 1.62e+03 -10.8 5.19e-01 3.74e-01h  1
 397 -2.6188415e-01 5.04e+00 2.55e+01  -7.5 7.06e+02 -10.4 7.10e-01 6.36e-01h  1
 398 -2.6188768e-01 4.98e+00 2.98e+01  -7.5 2.53e+03 -10.8 2.42e-01 1.21e-02h  1
 399 -2.6191587e-01 1.53e+01 2.68e+01  -7.5 7.42e+03 -11.3 8.75e-02 9.61e-02h  1
iter    objective    inf_pr   inf_du lg(mu)  ||d||  lg(rg) alpha_du alpha_pr  ls
 400 -2.6192166e-01 8.92e+00 1.78e+01  -7.5 3.21e+03 -10.0 8.35e-03 2.29e-01H  1
 401 -2.6192478e-01 8.19e+00 1.75e+04  -7.5 2.72e+01  -6.8 9.00e-01 8.21e-02h  1
 402 -2.6204471e-01 9.25e+00 1.55e+04  -7.5 1.85e+03    -  8.90e-02 3.58e-01h  1
 403 -2.6204471e-01 9.24e+00 5.40e+03  -7.5 4.56e+01  -7.3 1.00e+00 4.20e-04h  1
 404 -2.6203927e-01 2.87e+00 7.31e+04  -7.5 2.71e+02  -7.8 6.76e-02 6.96e-01h  1
 405 -2.6204330e-01 2.70e+00 6.88e+04  -7.5 3.23e+03    -  6.95e-02 5.84e-02h  1
 406 -2.6205348e-01 2.20e+00 5.14e+04  -7.5 3.97e+02  -8.3 4.80e-02 2.52e-01h  1
 407 -2.6205062e-01 1.19e+00 2.77e+04  -7.5 2.38e+01  -7.9 1.59e-02 4.61e-01h  1
 408 -2.6203569e-01 2.22e-02 5.15e+02  -7.5 1.05e+01  -6.5 1.63e-01 9.81e-01h  1
 409 -2.6203268e-01 8.79e-05 7.82e-01  -7.5 2.30e+00  -6.1 1.00e+00 1.00e+00h  1
iter    objective    inf_pr   inf_du lg(mu)  ||d||  lg(rg) alpha_du alpha_pr  ls
 410 -2.6203454e-01 2.93e-05 5.67e-02  -7.5 1.55e+00  -6.6 1.00e+00 1.00e+00h  1
 411 -2.6203948e-01 1.93e-04 9.67e-03  -7.5 3.94e+00  -7.1 1.00e+00 1.00e+00h  1
 412 -2.6204767e-01 4.81e-04 5.07e-03  -7.5 6.23e+00  -7.5 1.00e+00 1.00e+00h  1
 413 -2.6205225e-01 2.98e-04 1.87e-03  -7.5 7.68e+00  -8.0 1.00e+00 1.00e+00h  1
 414 -2.6205450e-01 3.40e-03 1.14e-03  -7.5 2.02e+01  -8.5 1.00e+00 1.00e+00h  1
 415 -2.6206209e-01 6.10e-02 1.42e-03  -7.5 6.38e+01  -9.0 1.00e+00 1.00e+00h  1
 416 -2.6209666e-01 8.98e-01 1.46e-02  -7.5 2.57e+02  -9.4 9.97e-01 1.00e+00h  1
 417 -2.6217342e-01 1.75e+00 1.52e-01  -7.5 9.10e+02  -9.9 1.00e+00 5.45e-01h  1
 418 -2.6230937e-01 1.37e-01 4.44e-01  -7.5 1.28e+03 -10.4 1.62e-03 1.00e+00h  1
 419 -2.6241938e-01 8.50e-01 2.52e-01  -7.5 1.78e+03 -10.9 6.74e-01 1.00e+00h  1
iter    objective    inf_pr   inf_du lg(mu)  ||d||  lg(rg) alpha_du alpha_pr  ls
 420 -2.6242774e-01 9.48e-02 1.32e-01  -7.5 1.36e+03 -11.3 1.00e+00 1.00e+00h  1
 421 -2.6241388e-01 8.97e-02 2.25e-01  -7.5 4.34e+02 -11.8 8.20e-01 1.00e+00H  1
 422 -2.6241401e-01 2.32e-02 9.67e-04  -7.5 2.44e+02    -  1.00e+00 1.00e+00H  1
 423 -2.6241402e-01 6.95e-02 9.79e-02  -7.5 5.59e+02    -  5.35e-01 1.25e-01h  4
 424 -2.6241406e-01 7.07e-02 4.82e-04  -7.5 2.16e+02 -11.4 1.00e+00 1.00e+00H  1
 425 -2.6241408e-01 6.39e-02 1.88e-01  -7.5 1.64e+03    -  2.87e-01 3.12e-02h  6
 426 -2.6241409e-01 8.78e-02 7.02e-01  -7.5 5.54e+03    -  2.58e-01 8.12e-03h  7
 427 -2.6241426e-01 6.31e+00 5.48e-01  -7.5 3.02e+03    -  2.94e-01 2.38e-01h  3
 428 -2.6241445e-01 1.20e+01 1.12e+00  -7.5 8.98e+05    -  2.35e-03 7.54e-04h  3
 429 -2.6241468e-01 1.58e+01 2.64e+00  -7.5 4.90e+03    -  1.00e+00 1.33e-01h  3
iter    objective    inf_pr   inf_du lg(mu)  ||d||  lg(rg) alpha_du alpha_pr  ls
 430 -2.6241521e-01 1.94e+01 3.83e-02  -7.5 1.21e+03    -  1.00e+00 1.00e+00h  1
 431 -2.6241524e-01 1.94e+01 1.48e+00  -7.5 1.13e+04    -  1.69e-01 5.94e-03h  6
 432 -2.6241585e-01 3.03e+01 8.65e-01  -7.5 2.74e+03    -  1.00e+00 4.34e-01h  2
 433 -2.6241599e-01 2.91e+01 8.70e-01  -7.5 3.55e+03    -  1.23e-01 6.86e-02h  4
 434 -2.6241616e-01 1.68e+00 8.40e-03  -7.5 1.35e+02 -11.0 1.00e+00 1.00e+00h  1
 435 -2.6241614e-01 8.63e-02 1.27e-01  -7.5 3.25e+01    -  6.30e-01 1.00e+00h  1
 436 -2.6241616e-01 1.00e-01 4.49e-05  -7.5 3.47e+01 -10.5 1.00e+00 1.00e+00h  1
 437 -2.6241627e-01 1.21e+00 2.74e-02  -7.5 1.82e+02    -  7.54e-01 1.00e+00h  1
 438 -2.6241630e-01 4.13e-02 1.16e-04  -7.5 5.26e+01 -11.0 1.00e+00 1.00e+00h  1
 439 -2.6241663e-01 4.56e+00 5.11e-02  -7.5 3.71e+04    -  1.25e-02 1.50e-02h  3
iter    objective    inf_pr   inf_du lg(mu)  ||d||  lg(rg) alpha_du alpha_pr  ls
 440 -2.6241671e-01 4.70e+00 1.17e+00  -7.5 5.17e+03    -  3.57e-01 2.54e-02h  5
 441 -2.6241707e-01 5.04e+00 7.38e-01  -7.5 5.74e+02    -  3.30e-01 1.00e+00h  1
 442 -2.6241736e-01 3.40e+00 1.77e-02  -7.5 4.65e+02    -  1.00e+00 1.00e+00h  1
 443 -2.6241727e-01 3.17e-01 5.83e-04  -7.5 1.45e+02    -  1.00e+00 1.00e+00h  1
 444 -2.6241727e-01 4.41e-04 8.05e-07  -7.5 5.62e+00    -  1.00e+00 1.00e+00h  1
 445 -2.6241727e-01 8.55e-10 3.28e-12  -7.5 6.92e-03    -  1.00e+00 1.00e+00h  1
 446 -2.6241977e-01 2.99e+00 5.12e+00  -9.0 1.70e+03    -  5.24e-01 2.58e-01h  1
 447 -2.6242184e-01 6.18e+01 2.74e+00  -9.0 5.71e+03    -  2.68e-01 3.41e-01h  1
 448 -2.6242274e-01 4.38e+01 1.27e+00  -9.0 1.56e+03    -  3.78e-01 4.23e-01h  1
 449 -2.6242315e-01 3.66e+01 8.00e-01  -9.0 1.85e+03    -  2.54e-01 2.81e-01h  1
iter    objective    inf_pr   inf_du lg(mu)  ||d||  lg(rg) alpha_du alpha_pr  ls
 450 -2.6242423e-01 1.00e+02 1.39e+01  -9.0 4.56e+03    -  3.28e-02 6.49e-01h  1
 451 -2.6242529e-01 4.83e+01 3.88e+01  -9.0 1.82e+03    -  9.40e-04 1.00e+00h  1
 452 -2.6242551e-01 9.27e+00 7.58e+00  -9.0 7.77e+02    -  1.15e-01 1.00e+00h  1
 453 -2.6242585e-01 1.79e+01 1.60e+00  -9.0 1.12e+03    -  4.28e-01 1.00e+00h  1
 454 -2.6242597e-01 8.59e+00 3.71e-01  -9.0 6.71e+02    -  7.60e-01 9.19e-01h  1
 455 -2.6242598e-01 8.58e+00 3.15e-01  -9.0 8.06e+03    -  2.03e-01 5.19e-03h  5
 456 -2.6242601e-01 8.55e+00 1.24e-01  -9.0 2.23e+03    -  9.12e-01 7.01e-02h  3
 457 -2.6242610e-01 8.75e+00 4.65e-02  -9.0 1.19e+03    -  9.92e-01 3.57e-01H  1
 458 -2.6242604e-01 1.42e+00 5.27e-02  -9.0 3.11e+02    -  4.77e-01 1.00e+00h  1
 459 -2.6242637e-01 3.60e+01 4.23e-02  -9.0 2.00e+03    -  9.90e-02 7.87e-01h  1
iter    objective    inf_pr   inf_du lg(mu)  ||d||  lg(rg) alpha_du alpha_pr  ls
 460 -2.6242632e-01 2.80e+01 3.46e-02  -9.0 1.06e+03    -  1.80e-01 2.50e-01h  3
 461 -2.6242634e-01 2.81e+01 3.29e-02  -9.0 3.27e+04    -  5.04e-02 2.97e-03h  5
 462 -2.6242638e-01 2.83e+01 4.31e-02  -9.0 1.50e+04    -  1.02e-01 1.29e-02h  4
 463 -2.6242641e-01 2.97e-01 2.88e-02  -9.0 1.10e+02 -11.5 2.61e-01 1.00e+00h  1
 464 -2.6242694e-01 3.87e+01 1.78e-02  -9.0 2.46e+03    -  1.00e+00 1.00e+00H  1
 465 -2.6242695e-01 3.82e+01 1.73e-02  -9.0 6.16e+03    -  9.79e-03 2.32e-02h  3
 466 -2.6242694e-01 3.03e-01 2.86e-04  -9.0 9.30e+01 -12.0 1.00e+00 1.00e+00h  1
 467 -2.6242698e-01 1.29e+00 2.56e-04  -9.0 2.69e+02 -12.5 1.00e+00 1.00e+00h  1
 468 -2.6242705e-01 7.77e+00 2.80e-03  -9.0 6.58e+02 -12.9 8.94e-01 1.00e+00h  1
Error in an AMPL evaluation. Run with "halt_on_ampl_error yes" to see details.
Warning: Cutting back alpha due to evaluation error
 469 -2.6242704e-01 7.18e+00 2.82e-03  -9.0 2.54e+03    -  7.75e-02 7.79e-02h  4
Error in an AMPL evaluation. Run with "halt_on_ampl_error yes" to see details.
Warning: Cutting back alpha due to evaluation error
iter    objective    inf_pr   inf_du lg(mu)  ||d||  lg(rg) alpha_du alpha_pr  ls
 470 -2.6242704e-01 7.19e+00 1.23e-02  -9.0 1.05e+04    -  5.40e-02 4.61e-03h  6
Error in an AMPL evaluation. Run with "halt_on_ampl_error yes" to see details.
Warning: Cutting back alpha due to evaluation error
 471 -2.6242704e-01 7.19e+00 1.59e-02  -9.0 1.91e+04    -  1.36e-02 1.28e-03h  7
Error in an AMPL evaluation. Run with "halt_on_ampl_error yes" to see details.
Warning: Cutting back alpha due to evaluation error
 472 -2.6242704e-01 7.19e+00 4.09e-02  -9.0 2.96e+04    -  4.92e-02 4.14e-04h  8
 473 -2.6242705e-01 6.85e+00 4.74e-02  -9.0 1.38e+03 -13.4 1.00e+00 1.25e-01h  4
 474 -2.6242708e-01 4.21e-01 3.61e-02  -9.0 9.52e+02 -13.0 1.03e-01 1.00e+00H  1
 475 -2.6242708e-01 2.39e-02 7.13e-06  -9.0 3.52e+01 -11.7 1.00e+00 1.00e+00h  1
 476 -2.6242712e-01 3.31e+00 9.04e-03  -9.0 2.61e+03    -  2.97e-01 1.58e-01h  3
 477 -2.6242712e-01 3.29e+00 4.93e-02  -9.0 2.36e+03    -  9.92e-01 2.13e-02h  6
 478 -2.6242713e-01 3.25e+00 4.54e-02  -9.0 1.49e+03    -  1.00e+00 6.25e-02h  5
 479 -2.6242723e-01 1.09e+01 7.36e-03  -9.0 1.07e+03    -  9.62e-01 1.00e+00H  1
iter    objective    inf_pr   inf_du lg(mu)  ||d||  lg(rg) alpha_du alpha_pr  ls
 480 -2.6242731e-01 9.91e-01 3.39e-03  -9.0 8.63e+02    -  1.00e+00 1.00e+00H  1
 481 -2.6242729e-01 1.43e-01 3.06e-04  -9.0 8.21e+01    -  1.00e+00 1.00e+00h  1
 482 -2.6242730e-01 2.53e-02 8.94e-06  -9.0 3.35e+01    -  1.00e+00 1.00e+00h  1
 483 -2.6242730e-01 3.40e-07 4.87e-10  -9.0 9.75e-02    -  1.00e+00 1.00e+00h  1
 484 -2.6242730e-01 2.85e-10 1.53e-14  -9.0 1.77e-04    -  1.00e+00 1.00e+00h  1

Number of Iterations....: 484

                                   (scaled)                 (unscaled)
Objective...............:  -2.6242729589471436e-01   -2.6242729589471436e-01
Dual infeasibility......:   1.5321077739827160e-14    1.5321077739827160e-14
Constraint violation....:   2.8514219696344767e-10    2.8514219696344767e-10
Complementarity.........:   9.0909092287338709e-10    9.0909092287338709e-10
Overall NLP error.......:   9.0909092287338709e-10    9.0909092287338709e-10


Number of objective function evaluations             = 1794
Number of objective gradient evaluations             = 484
Number of equality constraint evaluations            = 1799
Number of inequality constraint evaluations          = 1795
Number of equality constraint Jacobian evaluations   = 488
Number of inequality constraint Jacobian evaluations = 488
Number of Lagrangian Hessian evaluations             = 484
Total CPU secs in IPOPT (w/o function evaluations)   =    860.464
Total CPU secs in NLP function evaluations           =     23.147

EXIT: Optimal Solution Found.
