
List of user-set options:

                                    Name   Value                used
                           compl_inf_tol = 1                     yes
                         constr_viol_tol = 1                     yes
                            dual_inf_tol = 1000                  yes
                           linear_solver = ma97                  yes
                              ma86_small = 1e-30                  no
                                  ma86_u = 0.0001                 no
                              ma97_order = best                  yes
                              ma97_small = 1e-30                 yes
                            ma97_switch1 = at_start              yes
                            ma97_switch2 = od_hd_reuse           yes
                                  ma97_u = 1e-06                 yes
                               ma97_umax = 0.5                   yes
                                max_iter = 1000                  yes
                    max_refinement_steps = 20                    yes
                    min_refinement_steps = 5                     yes
                                 mu_init = 1e-06                 yes
           mu_superlinear_decrease_power = 1.25                  yes
                   nlp_scaling_min_value = 1e-08                 yes
                        option_file_name = Preset_Case:_225_NCP.opt  yes
                             output_file = ./tmp/Preset_Case:_225_NCP.output  yes
                      print_user_options = yes                   yes
        required_infeasibility_reduction = 1                      no
                                     tol = 1e-08                 yes
                   warm_start_bound_frac = 1e-20                 yes
                   warm_start_bound_push = 1e-20                 yes
                   warm_start_init_point = yes                   yes
              warm_start_mult_bound_push = 1e-20                 yes
                warm_start_mult_init_max = 1e+40                 yes
             warm_start_slack_bound_frac = 1e-20                 yes
             warm_start_slack_bound_push = 1e-20                 yes

******************************************************************************
This program contains Ipopt, a library for large-scale nonlinear optimization.
 Ipopt is released as open source code under the Eclipse Public License (EPL).
         For more information visit http://projects.coin-or.org/Ipopt
******************************************************************************

This is Ipopt version 3.12.10, running with linear solver ma97.

Number of nonzeros in equality constraint Jacobian...:   117167
Number of nonzeros in inequality constraint Jacobian.:      213
Number of nonzeros in Lagrangian Hessian.............:    47513

Total number of variables............................:    29977
                     variables with only lower bounds:    11312
                variables with lower and upper bounds:    15135
                     variables with only upper bounds:        0
Total number of equality constraints.................:    29864
Total number of inequality constraints...............:       25
        inequality constraints with only lower bounds:        4
   inequality constraints with lower and upper bounds:        0
        inequality constraints with only upper bounds:       21

iter    objective    inf_pr   inf_du lg(mu)  ||d||  lg(rg) alpha_du alpha_pr  ls
   0 -1.7020431e-01 2.50e-01 2.00e+00  -6.0 0.00e+00    -  0.00e+00 0.00e+00   0
In iteration 0, 9 Slacks too small, adjusting variable bounds
   1 -1.7020431e-01 2.50e-01 2.42e+02  -6.0 1.07e+10    -  2.41e-14 5.76e-19h  1
   2 -1.7020284e-01 2.50e-01 2.42e+02  -6.0 2.43e+02    -  5.48e-08 1.74e-05f  1
   3 -1.7020283e-01 2.50e-01 2.44e+02  -6.0 8.23e+01    -  1.55e-02 4.54e-07h  2
   4 -1.7019792e-01 2.50e-01 2.44e+02  -6.0 2.33e+02    -  5.13e-05 5.97e-05h  1
   5 -1.6988098e-01 2.48e-01 2.44e+02  -6.0 1.86e+02    -  1.66e-02 6.90e-03h  1
   6 -1.6913120e-01 2.45e-01 2.39e+02  -6.0 2.07e+02    -  6.42e-03 1.36e-02h  3
   7 -1.6846178e-01 2.41e-01 2.39e+02  -6.0 1.67e+02    -  2.83e-02 1.36e-02h  3
   8 -1.6759539e-01 2.37e-01 2.47e+02  -6.0 1.64e+02    -  7.66e-02 1.73e-02h  4
   9 -1.6684029e-01 2.34e-01 2.60e+02  -6.0 1.47e+02    -  1.02e-01 1.41e-02h  5
iter    objective    inf_pr   inf_du lg(mu)  ||d||  lg(rg) alpha_du alpha_pr  ls
  10 -1.6604472e-01 2.30e-01 2.74e+02  -6.0 1.49e+02    -  1.11e-01 1.54e-02h  5
  11 -1.6523637e-01 2.27e-01 2.91e+02  -6.0 1.61e+02    -  1.33e-01 1.47e-02h  5
  12 -1.6438062e-01 2.23e-01 2.90e+02  -6.0 1.68e+02    -  3.85e-02 1.51e-02h  5
  13 -1.6351830e-01 2.20e-01 3.03e+02  -6.0 1.70e+02    -  1.29e-01 1.52e-02h  5
  14 -1.6256475e-01 2.17e-01 3.11e+02  -6.0 1.68e+02    -  1.08e-01 1.62e-02h  5
  15 -1.6153697e-01 2.13e-01 3.17e+02  -6.0 1.80e+02    -  1.13e-01 1.73e-02h  5
  16 -1.4309174e-01 1.44e+00 1.63e+03  -6.0 1.84e+02    -  1.06e-01 3.04e-01w  1
  17 -1.3594086e-01 1.35e+00 5.39e+05  -6.0 1.52e+02    -  5.06e-06 1.65e-01w  1
  18 -1.3594076e-01 1.35e+00 5.39e+05  -6.0 1.66e+02    -  7.57e-02 2.57e-06w  1
  19 -1.6038414e-01 2.09e-01 3.19e+02  -6.0 1.95e+02    -  1.06e-01 1.90e-02h  4
iter    objective    inf_pr   inf_du lg(mu)  ||d||  lg(rg) alpha_du alpha_pr  ls
  20 -1.5919007e-01 2.05e-01 3.43e+02  -6.0 1.85e+02    -  1.08e-01 1.95e-02h  5
  21 -1.5841525e-01 2.02e-01 3.79e+02  -6.0 1.84e+02    -  1.17e-01 1.26e-02h  5
  22 -1.5725902e-01 1.98e-01 4.17e+02  -6.0 1.84e+02    -  1.32e-01 1.86e-02h  4
  23 -1.5565841e-01 1.93e-01 4.59e+02  -6.0 1.79e+02    -  1.54e-01 2.56e-02h  3
  24 -1.5458269e-01 1.90e-01 4.86e+02  -6.0 1.63e+02    -  1.06e-01 1.72e-02h  3
  25 -1.5335386e-01 1.86e-01 5.35e+02  -6.0 1.55e+02    -  1.71e-01 2.00e-02h  3
  26 -1.5282077e-01 1.84e-01 6.19e+02  -6.0 1.55e+02    -  2.26e-01 9.13e-03h  5
  27 -1.5268268e-01 1.84e-01 6.50e+02  -6.0 1.89e+02    -  7.05e-02 2.67e-03h  6
  28 -1.5270036e-01 1.84e-01 6.61e+02  -6.0 9.10e+02    -  8.13e-03 1.06e-03h  3
  29 -1.4347934e-01 1.89e+00 2.94e+03  -6.0 9.85e+01  -4.0 1.61e-01 1.69e-01w  1
iter    objective    inf_pr   inf_du lg(mu)  ||d||  lg(rg) alpha_du alpha_pr  ls
  30 -1.4273769e-01 1.55e+00 7.74e+03  -6.0 1.50e+02    -  1.69e-07 3.67e-02w  1
  31 -1.4122851e-01 1.49e+00 7.45e+03  -6.0 1.97e+02    -  1.06e-01 3.68e-02w  1
  32 -1.5241220e-01 1.83e-01 7.03e+02  -6.0 1.06e+02    -  1.61e-01 5.27e-03h  5
  33 -1.5219451e-01 1.82e-01 7.33e+02  -6.0 7.43e+01  -3.6 1.65e-01 4.29e-03h  7
  34 -1.5201776e-01 1.81e-01 8.05e+02  -6.0 1.14e+02  -4.1 1.67e-01 3.82e-03h  7
  35 -1.5158785e-01 1.80e-01 8.29e+02  -6.0 7.21e+01  -3.6 9.49e-02 9.41e-03h  6
  36 -1.5137016e-01 1.79e-01 8.82e+02  -6.0 7.17e+01  -3.2 2.50e-01 5.02e-03h  7
  37 -1.5117285e-01 1.78e-01 8.91e+02  -6.0 8.32e+01  -3.7 3.39e-02 5.07e-03h  7
  38 -1.5097384e-01 1.77e-01 9.82e+02  -6.0 7.10e+01  -3.3 3.17e-01 4.95e-03h  7
  39 -1.5080610e-01 1.76e-01 1.00e+03  -6.0 8.84e+01  -3.7 4.78e-02 5.30e-03h  7
iter    objective    inf_pr   inf_du lg(mu)  ||d||  lg(rg) alpha_du alpha_pr  ls
  40 -1.5063822e-01 1.75e-01 1.15e+03  -6.0 7.30e+01  -3.3 3.85e-01 4.63e-03h  7
  41 -1.5061376e-01 1.75e-01 1.18e+03  -6.0 1.58e+02  -3.8 3.47e-02 2.49e-03h  5
  42 -1.3961949e-01 6.87e+00 3.44e+04  -6.0 7.93e+01  -3.4 3.84e-01 3.40e-01w  1
  43 -1.4021304e-01 7.01e+00 3.36e+04  -6.0 1.25e+02  -2.9 9.01e-02 4.75e-02w  1
  44 -1.4021291e-01 7.01e+00 3.36e+04  -6.0 5.23e+01  -2.5 6.87e-02 5.56e-06w  1
  45 -1.5044197e-01 1.74e-01 1.39e+03  -6.0 7.73e+01  -3.0 3.84e-01 5.31e-03h  6
  46 -1.5036217e-01 1.73e-01 1.44e+03  -6.0 8.61e+01  -3.5 7.31e-02 2.84e-03h  8
  47 -1.5025108e-01 1.73e-01 1.66e+03  -6.0 6.70e+01  -3.0 4.48e-01 3.16e-03h  8
  48 -1.5015528e-01 1.72e-01 1.70e+03  -6.0 9.09e+01  -3.5 5.45e-02 4.13e-03h  7
  49 -1.4997615e-01 1.71e-01 2.07e+03  -6.0 7.34e+01  -3.1 5.40e-01 5.56e-03h  7
iter    objective    inf_pr   inf_du lg(mu)  ||d||  lg(rg) alpha_du alpha_pr  ls
  50 -1.4991883e-01 1.70e-01 2.14e+03  -6.0 9.90e+01  -3.6 5.85e-02 3.53e-03h  6
  51 -1.4983308e-01 1.70e-01 2.86e+03  -6.0 8.05e+01  -3.1 5.34e-01 2.91e-03h  8
  52 -1.4981671e-01 1.70e-01 3.02e+03  -6.0 1.28e+02  -3.6 5.22e-02 1.85e-03h  6
  53 -1.4967377e-01 1.69e-01 4.16e+03  -6.0 8.64e+01  -3.2 3.60e-01 5.09e-03h  7
  54 -1.4967806e-01 1.69e-01 4.32e+03  -6.0 1.83e+02  -3.7 3.24e-02 1.04e-03h  6
  55 -1.4187062e-01 4.27e+00 4.36e+04  -6.0 9.11e+01  -3.2 2.12e-01 2.91e-01w  1
  56 -1.4186841e-01 4.27e+00 4.36e+04  -6.0 7.31e+01  -2.8 7.08e-02 9.02e-05w  1
  57 -1.4031724e-01 4.12e+00 4.14e+04  -6.0 5.27e+01  -2.4 1.72e-01 6.14e-02w  1
  58 -1.4955607e-01 1.68e-01 5.20e+03  -6.0 7.19e+01  -2.9 2.12e-01 4.55e-03h  6
  59 -1.4946667e-01 1.67e-01 6.77e+03  -6.0 9.57e+01  -3.3 3.16e-01 3.77e-03h  7
iter    objective    inf_pr   inf_du lg(mu)  ||d||  lg(rg) alpha_du alpha_pr  ls
  60 -1.4936800e-01 1.67e-01 8.66e+03  -6.0 7.36e+01  -2.9 2.74e-01 2.96e-03h  8
  61 -1.4929638e-01 1.66e-01 1.00e+04  -6.0 9.91e+01  -3.4 1.90e-01 3.28e-03h  7
  62 -1.4919835e-01 1.66e-01 1.65e+04  -6.0 7.89e+01  -3.0 7.02e-01 3.06e-03h  8
  63 -1.4915863e-01 1.65e-01 1.76e+04  -6.0 1.16e+02  -3.4 1.00e-01 1.93e-03h  7
  64 -1.4898605e-01 1.64e-01 2.23e+04  -6.0 8.62e+01  -3.0 3.90e-01 5.46e-03h  7
  65 -1.4893637e-01 1.64e-01 2.35e+04  -6.0 1.36e+02  -3.5 9.19e-02 2.82e-03h  6
  66 -1.4879061e-01 1.63e-01 3.58e+04  -6.0 9.10e+01  -3.1 7.94e-01 4.82e-03h  7
  67 -1.4874186e-01 1.63e-01 3.70e+04  -6.0 1.62e+02  -3.5 7.84e-02 2.53e-03h  6
  68 -1.3963024e-01 6.11e+00 7.56e+04  -6.0 9.64e+01  -3.1 3.88e-01 2.96e-01w  1
  69 -1.3926715e-01 6.04e+00 7.44e+04  -6.0 6.75e+01  -2.7 8.23e-02 1.63e-02w  1
iter    objective    inf_pr   inf_du lg(mu)  ||d||  lg(rg) alpha_du alpha_pr  ls
  70 -1.3881256e-01 6.93e+00 7.27e+04  -6.0 2.11e+02  -3.2 5.83e-02 2.33e-02w  1
  71 -1.4859949e-01 1.62e-01 4.45e+04  -6.0 1.16e+02  -3.6 3.88e-01 4.63e-03h  6
  72 -1.4847244e-01 1.61e-01 5.14e+04  -6.0 1.04e+02  -3.2 3.50e-01 4.23e-03h  7
  73 -1.4838493e-01 1.61e-01 5.25e+04  -6.0 1.99e+02  -3.7 1.39e-01 3.32e-03h  6
  74 -1.4839638e-01 1.60e-01 5.15e+04  -6.0 3.31e+02  -4.2 3.74e-02 2.06e-03h  4
  75 -1.4815532e-01 1.59e-01 5.20e+04  -6.0 1.90e+02  -3.7 1.19e-01 6.43e-03h  6
  76 -1.4794950e-01 1.59e-01 5.24e+04  -6.0 4.39e+02  -4.2 3.16e-02 3.98e-03h  4
  77 -1.4785712e-01 1.58e-01 5.63e+04  -6.0 1.94e+02  -3.8 6.37e-01 2.79e-03h  8
  78 -1.4784488e-01 1.58e-01 5.66e+04  -6.0 4.04e+02  -4.3 2.38e-02 4.58e-04h  9
  79 -1.4775750e-01 1.58e-01 5.77e+04  -6.0 1.98e+02  -3.8 1.42e-01 2.71e-03h  8
iter    objective    inf_pr   inf_du lg(mu)  ||d||  lg(rg) alpha_du alpha_pr  ls
  80 -1.4774703e-01 1.58e-01 5.84e+04  -6.0 4.46e+02  -4.3 3.03e-02 3.96e-04h  9
  81 -1.3813371e-01 1.27e+01 4.77e+04  -6.0 2.09e+02  -3.9 1.14e-02 3.04e-01w  1
  82 -1.3749702e-01 1.24e+01 4.62e+04  -6.0 6.93e+01  -3.5 1.18e-05 3.49e-02w  1
  83 -1.3748490e-01 1.24e+01 4.76e+04  -6.0 1.64e+02  -3.9 1.36e-01 3.54e-03w  1
  84 -1.4767192e-01 1.57e-01 5.83e+04  -6.0 1.83e+02  -4.4 1.14e-02 2.37e-03h  7
  85 -1.4761737e-01 1.57e-01 6.35e+04  -6.0 2.41e+02  -4.0 6.47e-01 1.81e-03h  8
  86 -1.4759113e-01 1.57e-01 6.35e+04  -6.0 1.16e+03  -4.5 1.81e-03 1.15e-03h  6
  87 -1.4751405e-01 1.57e-01 6.46e+04  -6.0 2.55e+02  -4.1 8.27e-02 2.57e-03h  5
  88 -1.4730560e-01 1.56e-01 7.56e+04  -6.0 1.27e+02  -3.6 4.96e-01 6.24e-03h  2
  89 -1.4720036e-01 1.55e-01 7.65e+04  -6.0 2.68e+02  -4.1 9.62e-02 3.65e-03h  6
iter    objective    inf_pr   inf_du lg(mu)  ||d||  lg(rg) alpha_du alpha_pr  ls
  90 -1.4703971e-01 1.54e-01 8.91e+04  -6.0 1.32e+02  -3.7 6.77e-01 4.97e-03h  7
  91 -1.4696770e-01 1.54e-01 8.91e+04  -6.0 2.82e+02  -4.2 2.42e-02 2.85e-03h  6
  92 -1.4677745e-01 1.53e-01 9.08e+04  -6.0 1.42e+02  -3.7 1.37e-01 5.99e-03h  6
  93 -1.4665157e-01 1.52e-01 9.04e+04  -6.0 2.84e+02  -4.2 6.75e-03 5.46e-03h  5
  94 -1.4212333e-01 1.97e+00 7.57e+04  -6.0 1.40e+02  -3.8 6.91e-02 1.54e-01w  1
  95 -1.4225235e-01 1.89e+00 7.37e+04  -6.0 2.34e+02  -4.3 2.11e-02 3.14e-02w  1
  96 -1.4222554e-01 1.87e+00 5.98e+04  -6.0 3.42e+02  -4.7 1.81e-01 4.36e-03w  1
  97 -1.4651006e-01 1.51e-01 9.06e+04  -6.0 1.25e+02  -4.3 6.91e-02 4.81e-03h  5
  98 -1.4630577e-01 1.50e-01 9.00e+04  -6.0 1.56e+02  -3.9 1.61e-02 7.50e-03h  5
  99 -1.4626971e-01 1.50e-01 9.58e+04  -6.0 3.42e+02  -4.4 2.05e-01 3.27e-03h  5
iter    objective    inf_pr   inf_du lg(mu)  ||d||  lg(rg) alpha_du alpha_pr  ls
 100 -1.4611742e-01 1.49e-01 9.51e+04  -6.0 1.61e+02  -3.9 4.11e-02 6.22e-03h  5
 101 -1.4608213e-01 1.48e-01 9.86e+04  -6.0 3.71e+02  -4.4 1.98e-01 5.24e-03h  4
 102 -1.4594604e-01 1.47e-01 9.78e+04  -6.0 1.75e+02  -4.0 6.49e-02 6.17e-03h  5
 103 -1.4591939e-01 1.46e-01 1.07e+05  -6.0 3.85e+02  -4.5 4.48e-01 8.09e-03h  3
 104 -1.4578401e-01 1.45e-01 1.06e+05  -6.0 1.51e+02  -4.0 1.35e-01 5.73e-03h  5
 105 -1.4552237e-01 1.43e-01 9.85e+04  -6.0 2.37e+02  -4.5 2.26e-01 1.21e-02h  4
 106 -1.4529621e-01 1.42e-01 9.56e+04  -6.0 1.19e+02  -4.1 1.31e-01 8.35e-03h  6
 107 -1.3820364e-01 7.33e+00 6.89e+04  -6.0 2.76e+02  -4.6 2.63e-01 3.23e-01w  1
 108 -1.3425735e-01 6.02e+00 5.42e+04  -6.0 1.16e+02  -4.1 3.47e-02 1.79e-01w  1
 109 -1.3425734e-01 6.02e+00 5.94e+04  -6.0 5.93e+01  -3.7 1.19e-01 7.62e-07w  1
iter    objective    inf_pr   inf_du lg(mu)  ||d||  lg(rg) alpha_du alpha_pr  ls
 110 -1.4507457e-01 1.41e-01 7.76e+04  -6.0 2.94e+02  -4.2 2.63e-01 1.01e-02h  5
 111 -1.4492248e-01 1.40e-01 7.62e+04  -6.0 3.49e+02  -4.7 6.37e-02 7.50e-03h  7
 112 -1.4474602e-01 1.39e-01 6.84e+04  -6.0 1.38e+02  -4.2 4.14e-01 6.94e-03h  7
 113 -1.4472166e-01 1.38e-01 5.60e+04  -6.0 8.02e+02  -4.7 5.13e-02 2.22e-03h  5
 114 -1.4462590e-01 1.38e-01 5.77e+04  -6.0 1.62e+02  -4.3 1.10e-01 4.13e-03h  7
 115 -1.4458577e-01 1.37e-01 6.29e+04  -6.0 4.92e+02  -4.8 4.89e-02 2.65e-03h  6
 116 -1.4423354e-01 1.35e-01 5.04e+04  -6.0 1.70e+02  -4.3 4.66e-01 1.46e-02h  6
 117 -1.4400605e-01 1.34e-01 5.14e+04  -6.0 7.66e+01  -3.9 4.14e-01 8.91e-03h  6
 118 -1.4365475e-01 1.32e-01 4.94e+04  -6.0 1.82e+02  -4.4 2.21e-01 1.50e-02h  6
 119 -1.4344950e-01 1.31e-01 5.98e+04  -6.0 7.72e+01  -4.0 7.16e-01 8.27e-03h  6
iter    objective    inf_pr   inf_du lg(mu)  ||d||  lg(rg) alpha_du alpha_pr  ls
 120 -1.3557151e-01 1.34e+01 5.34e+04  -6.0 1.92e+02  -4.4 2.29e-01 3.38e-01w  1
 121 -1.3567114e-01 1.34e+01 5.31e+04  -6.0 4.54e+02  -0.4 5.59e-03 3.07e-03w  1
 122 -1.3567108e-01 1.34e+01 5.31e+04  -6.0 3.18e+01   0.9 4.76e-03 5.21e-06w  1
 123 -1.4320331e-01 1.30e-01 6.46e+04  -6.0 3.12e+01   0.4 2.29e-01 1.06e-02h  5
 124 -1.4317479e-01 1.30e-01 6.45e+04  -6.0 6.61e+01  -0.0 3.46e-03 1.05e-03h  1
 125 -1.4307562e-01 1.29e-01 6.40e+04  -6.0 6.41e+01  -0.5 4.58e-02 3.48e-03h  3
 126 -1.4296474e-01 1.29e-01 6.37e+04  -6.0 6.06e+01  -1.0 3.62e-03 3.91e-03h  5
 127 -1.4282307e-01 1.28e-01 6.19e+04  -6.0 5.52e+01  -1.5 2.24e-01 5.32e-03h  5
 128 -1.4262592e-01 1.27e-01 6.12e+04  -6.0 5.44e+01  -1.9 3.59e-02 9.43e-03h  3
 129 -1.4252503e-01 1.26e-01 6.49e+04  -6.0 1.06e+02  -2.4 1.41e-01 4.78e-03h  3
iter    objective    inf_pr   inf_du lg(mu)  ||d||  lg(rg) alpha_du alpha_pr  ls
 130 -1.4232646e-01 1.25e-01 7.27e+04  -6.0 5.70e+01  -2.0 9.54e-02 9.79e-03h  2
 131 -1.4231840e-01 1.25e-01 8.35e+04  -6.0 1.99e+02  -2.5 3.30e-02 3.36e-04h  7
 132 -1.4218373e-01 1.24e-01 1.57e+05  -6.0 6.15e+01  -2.0 6.10e-01 6.91e-03h  2
 133 -1.4218297e-01 1.24e-01 1.61e+05  -6.0 5.07e+02  -2.5 1.95e-03 2.89e-05h  9
 134 -1.4207361e-01 1.23e-01 1.75e+05  -6.0 7.19e+01  -2.1 8.98e-02 5.38e-03h  4
 135 -1.4057356e-01 2.90e-01 1.93e+05  -6.0 5.27e+01  -1.7 2.49e-01 7.12e-02w  1
 136 -1.4055378e-01 2.90e-01 1.59e+06  -6.0 6.95e+01  -2.1 3.74e-01 1.14e-03w  1
 137 -1.3910868e-01 2.27e+00 1.35e+06  -6.0 8.44e+01  -2.6 6.02e-02 8.90e-02w  1
 138 -1.4188610e-01 1.22e-01 2.15e+05  -6.0 7.13e+04  -3.1 2.49e-01 8.89e-03h  3
 139 -1.4171594e-01 1.21e-01 2.33e+05  -6.0 5.95e+01  -1.8 1.14e-01 8.16e-03h  4
iter    objective    inf_pr   inf_du lg(mu)  ||d||  lg(rg) alpha_du alpha_pr  ls
 140 -1.4169195e-01 1.21e-01 3.53e+05  -6.0 1.13e+02  -2.2 3.02e-01 1.15e-03h  6
 141 -1.4169094e-01 1.21e-01 3.59e+05  -6.0 4.75e+02  -2.7 1.57e-03 5.08e-05h  9
 142 -1.4163619e-01 1.21e-01 4.46e+05  -6.0 8.11e+01  -2.3 2.93e-01 2.76e-03h  4
 143 -1.4159456e-01 1.20e-01 6.07e+05  -6.0 8.58e+01  -2.8 2.49e-01 2.14e-03h  4
 144 -1.4147616e-01 1.20e-01 8.60e+05  -6.0 7.19e+01  -2.3 4.47e-01 5.98e-03h  2
 145 -1.4140677e-01 1.19e-01 8.75e+05  -6.0 7.29e+01  -2.8 2.03e-01 3.31e-03h  3
 146 -1.4127535e-01 1.19e-01 9.77e+05  -6.0 7.24e+01  -2.4 3.45e-01 6.06e-03h  5
 147 -1.4112731e-01 1.18e-01 9.35e+05  -6.0 7.76e+01  -2.9 1.85e-01 6.55e-03h  4
 148 -1.3839163e-01 1.19e+00 8.39e+05  -6.0 7.16e+01  -2.5 2.20e-01 1.19e-01w  1
 149 -1.3318682e-01 1.20e+01 7.46e+05  -6.0 8.85e+01  -2.9 2.43e-01 2.00e-01w  1
iter    objective    inf_pr   inf_du lg(mu)  ||d||  lg(rg) alpha_du alpha_pr  ls
 150 -1.3150139e-01 1.31e+01 5.49e+06  -6.0 7.36e+01  -2.5 5.14e-01 8.51e-02w  1
 151 -1.4095633e-01 1.17e-01 9.60e+05  -6.0 1.02e+02  -3.0 2.20e-01 7.44e-03h  4
 152 -1.4083683e-01 1.16e-01 9.75e+05  -6.0 7.11e+01  -2.6 4.27e-01 4.78e-03h  5
 153 -1.4068397e-01 1.16e-01 1.06e+06  -6.0 1.24e+02  -3.0 2.44e-01 6.66e-03h  3
 154 -1.4048720e-01 1.15e-01 1.55e+06  -6.0 6.91e+01  -2.6 5.51e-01 7.84e-03h  4
 155 -1.4011978e-01 1.14e-01 1.58e+06  -6.0 9.47e+01  -3.1 1.28e-01 1.02e-02h  5
 156 -1.3986890e-01 1.13e-01 2.07e+06  -6.0 6.66e+01  -2.7 6.22e-01 8.85e-03h  6
 157 -1.3945399e-01 1.11e-01 2.05e+06  -6.0 1.07e+02  -3.1 6.75e-02 1.04e-02h  4
 158 -1.3930588e-01 1.11e-01 2.10e+06  -6.0 6.81e+01  -2.7 1.19e-01 5.07e-03h  8
 159 -1.3897029e-01 1.15e-01 2.08e+06  -6.0 1.13e+02  -3.2 8.28e-02 8.15e-03h  4
iter    objective    inf_pr   inf_du lg(mu)  ||d||  lg(rg) alpha_du alpha_pr  ls
 160 -1.3882264e-01 1.15e-01 2.20e+06  -6.0 7.38e+01  -2.8 2.32e-01 5.02e-03h  8
 161 -1.3620347e-01 1.65e+00 2.07e+06  -6.0 1.64e+02  -3.2 7.79e-02 6.06e-02w  1
 162 -1.2078940e-01 3.69e+01 9.12e+05  -6.0 7.86e+01  -2.8 5.92e-01 5.72e-01w  1
 163 -1.2078941e-01 3.69e+01 2.92e+06  -6.0 4.13e+02  -3.3 1.28e-01 7.34e-06w  1
 164 -1.3849524e-01 1.38e-01 2.17e+06  -6.0 8.48e+01  -2.9 7.79e-02 7.58e-03h  3
 165 -1.3825835e-01 1.36e-01 2.40e+06  -6.0 6.21e+01  -2.4 2.74e-01 9.43e-03h  7
 166 -1.3810786e-01 1.36e-01 2.45e+06  -6.0 9.38e+01  -2.9 2.48e-01 4.83e-03h  8
 167 -1.3787866e-01 1.35e-01 2.69e+06  -6.0 6.22e+01  -2.5 3.44e-01 9.02e-03h  7
 168 -1.3773778e-01 1.34e-01 2.68e+06  -6.0 1.02e+02  -3.0 1.97e-01 4.48e-03h  7
 169 -1.3751430e-01 1.33e-01 3.13e+06  -6.0 6.20e+01  -2.5 7.61e-01 8.69e-03h  7
iter    objective    inf_pr   inf_du lg(mu)  ||d||  lg(rg) alpha_du alpha_pr  ls
 170 -1.3730199e-01 1.33e-01 3.02e+06  -6.0 1.12e+02  -3.0 2.31e-01 6.65e-03h  6
 171 -1.3708638e-01 1.32e-01 3.19e+06  -6.0 6.27e+01  -2.6 5.25e-01 8.31e-03h  7
 172 -1.3692944e-01 1.32e-01 3.07e+06  -6.0 1.21e+02  -3.1 2.49e-01 4.91e-03h  6
 173 -1.3671935e-01 1.31e-01 3.29e+06  -6.0 6.76e+01  -2.6 6.56e-01 8.08e-03h  7
 174 -1.3165558e-01 1.34e+00 2.69e+06  -6.0 1.30e+02  -3.1 2.92e-01 1.58e-01w  1
 175 -1.2476449e-01 1.73e+01 2.00e+06  -6.0 6.43e+01  -2.7 4.95e-01 3.45e-01w  1
 176 -1.2501774e-01 1.67e+01 1.99e+06  -6.0 3.68e+02  -3.2 3.95e-02 3.56e-02w  1
 177 -1.3640287e-01 1.33e-01 3.10e+06  -6.0 7.14e+01  -2.7 2.92e-01 9.89e-03h  4
 178 -1.3621769e-01 1.34e-01 2.87e+06  -6.0 1.43e+02  -3.2 4.11e-01 5.58e-03h  6
 179 -1.3600836e-01 1.34e-01 3.00e+06  -6.0 8.25e+01  -2.8 3.32e-01 7.99e-03h  7
iter    objective    inf_pr   inf_du lg(mu)  ||d||  lg(rg) alpha_du alpha_pr  ls
 180 -1.3584148e-01 1.32e-01 3.43e+06  -6.0 5.79e+01  -2.4 3.95e-01 7.49e-03h  7
 181 -1.3563940e-01 1.32e-01 3.37e+06  -6.0 9.00e+01  -2.8 5.27e-01 7.56e-03h  7
 182 -1.3548109e-01 1.31e-01 3.63e+06  -6.0 5.92e+01  -2.4 3.33e-01 7.03e-03h  7
 183 -1.3528820e-01 1.30e-01 3.35e+06  -6.0 9.70e+01  -2.9 1.00e+00 7.23e-03h  7
 184 -1.3513808e-01 1.29e-01 3.62e+06  -6.0 5.89e+01  -2.5 3.30e-01 6.75e-03h  7
 185 -1.3495691e-01 1.28e-01 3.38e+06  -6.0 1.03e+02  -2.9 8.58e-01 6.96e-03h  7
 186 -1.3481385e-01 1.27e-01 3.65e+06  -6.0 5.88e+01  -2.5 3.42e-01 6.48e-03h  7
 187 -1.2395531e-01 1.16e+01 1.90e+06  -6.0 1.09e+02  -3.0 1.00e+00 4.29e-01w  1
 188 -1.2394643e-01 1.16e+01 3.74e+06  -6.0 7.09e+01  -2.6 2.06e-01 1.42e-03w  1
 189 -1.2355714e-01 1.33e+01 5.06e+06  -6.0 2.06e+02  -3.0 3.90e-01 8.14e-02w  1
iter    objective    inf_pr   inf_du lg(mu)  ||d||  lg(rg) alpha_du alpha_pr  ls
 190 -1.3464418e-01 1.27e-01 3.30e+06  -6.0 9.37e+01  -2.6 1.00e+00 6.71e-03h  6
 191 -1.3448218e-01 1.26e-01 3.24e+06  -6.0 1.20e+02  -3.1 2.53e-01 6.72e-03h  7
 192 -1.3434774e-01 1.25e-01 3.58e+06  -6.0 6.71e+01  -2.7 4.67e-01 6.14e-03h  7
 193 -1.3422018e-01 1.24e-01 3.52e+06  -6.0 1.28e+02  -3.2 9.81e-02 5.58e-03h  6
 194 -1.3409142e-01 1.24e-01 3.95e+06  -6.0 7.15e+01  -2.7 1.00e+00 5.87e-03h  7
 195 -1.3402526e-01 1.23e-01 3.91e+06  -6.0 2.38e+02  -3.2 3.31e-02 3.39e-03h  5
 196 -1.3390387e-01 1.23e-01 3.86e+06  -6.0 7.64e+01  -2.8 1.00e+00 5.59e-03h  7
 197 -1.3379500e-01 1.22e-01 4.17e+06  -6.0 5.83e+01  -2.3 2.77e-01 5.50e-03h  7
 198 -1.3368100e-01 1.21e-01 3.86e+06  -6.0 8.25e+01  -2.8 1.00e+00 5.38e-03h  7
 199 -1.3357700e-01 1.20e-01 4.19e+06  -6.0 5.64e+01  -2.4 2.71e-01 5.34e-03h  7
iter    objective    inf_pr   inf_du lg(mu)  ||d||  lg(rg) alpha_du alpha_pr  ls
 200 -1.2611290e-01 1.24e+01 2.59e+06  -6.0 9.38e+01  -2.9 1.00e+00 3.66e-01w  1
 201 -1.2559657e-01 1.42e+01 2.05e+06  -6.0 6.80e+01  -2.5 4.87e-02 7.76e-02w  1
 202 -1.2559659e-01 1.42e+01 3.47e+06  -6.0 3.04e+02  -2.9 5.23e-02 1.28e-06w  1
 203 -1.3346037e-01 1.20e-01 4.04e+06  -6.0 9.53e+01  -2.5 1.00e+00 5.72e-03h  6
 204 -1.3340829e-01 1.19e-01 4.11e+06  -6.0 1.28e+02  -3.0 3.45e-01 2.66e-03h  8
 205 -1.3335062e-01 1.19e-01 5.61e+06  -6.0 7.01e+01  -2.6 9.65e-01 2.85e-03h  1
 206 -1.3329540e-01 1.19e-01 5.60e+06  -6.0 1.81e+02  -3.0 7.95e-04 2.99e-03h  5
 207 -1.3329498e-01 1.19e-01 5.86e+06  -6.0 8.98e+01  -2.6 3.54e-01 2.06e-05h  1
 208 -1.3322232e-01 1.18e-01 7.35e+06  -6.0 6.23e+01  -2.2 5.80e-01 3.83e-03h  8
 209 -1.3316102e-01 1.18e-01 7.26e+06  -6.0 1.10e+02  -2.7 1.78e-01 3.08e-03h  7
iter    objective    inf_pr   inf_du lg(mu)  ||d||  lg(rg) alpha_du alpha_pr  ls
 210 -1.3310346e-01 1.17e-01 8.60e+06  -6.0 6.56e+01  -2.2 6.56e-01 3.01e-03h  8
 211 -1.3304483e-01 1.18e-01 8.47e+06  -6.0 1.37e+02  -2.7 8.84e-02 3.42e-03h  6
 212 -1.3299752e-01 1.19e-01 9.92e+06  -6.0 7.48e+01  -2.3 9.27e-01 2.58e-03h  8
 213 -1.3295125e-01 1.21e-01 9.69e+06  -6.0 1.82e+02  -2.8 9.53e-02 3.89e-03h  5
 214 -1.3291967e-01 1.21e-01 9.70e+06  -6.0 9.12e+01  -2.3 2.88e-02 2.02e-03h  8
 215 -1.3291102e-01 1.22e-01 9.62e+06  -6.0 2.09e+02  -2.8 4.44e-02 1.71e-03h  6
 216 -1.3288680e-01 1.22e-01 9.62e+06  -6.0 9.66e+01  -2.4 1.51e-02 1.70e-03h  8
 217 -1.3288161e-01 1.22e-01 9.52e+06  -6.0 2.34e+02  -2.9 5.02e-02 1.36e-03h  6
 218 -1.3042703e-01 7.77e+00 7.56e+06  -6.0 1.02e+02  -2.4 2.12e-02 1.86e-01w  1
 219 -1.3177390e-01 7.19e+00 6.88e+06  -6.0 1.72e+03  -2.9 4.03e-03 1.21e-02w  1
iter    objective    inf_pr   inf_du lg(mu)  ||d||  lg(rg) alpha_du alpha_pr  ls
 220 -1.3177391e-01 7.19e+00 1.41e+07  -6.0 2.52e+02  -2.5 3.05e-01 7.82e-06w  1
 221 -1.3286244e-01 1.23e-01 9.53e+06  -6.0 1.19e+02  -2.1 2.12e-02 1.46e-03h  7
 222 -1.3283750e-01 1.23e-01 9.87e+06  -6.0 1.25e+02  -2.5 6.12e-01 2.15e-03h  7
 223 -1.3284415e-01 1.24e-01 9.85e+06  -6.0 5.52e+02  -3.0 1.53e-03 1.09e-03h  7
 224 -1.3282650e-01 1.24e-01 9.87e+06  -6.0 1.50e+02  -2.6 1.01e-01 2.09e-03h  7
 225 -1.3283520e-01 1.25e-01 9.86e+06  -6.0 7.31e+02  -3.1 2.28e-03 9.29e-04h  7
 226 -1.3281862e-01 1.25e-01 1.02e+07  -6.0 1.71e+02  -2.6 2.91e-01 2.25e-03h  7
 227 -1.3282767e-01 1.26e-01 1.02e+07  -6.0 1.07e+03  -3.1 2.42e-03 6.73e-04h  7
 228 -1.3281967e-01 1.26e-01 1.04e+07  -6.0 1.95e+02  -2.7 1.46e-01 1.34e-03h  8
 229 -1.3282997e-01 1.26e-01 1.04e+07  -6.0 2.77e+03  -3.2 1.29e-03 4.07e-04h  6
iter    objective    inf_pr   inf_du lg(mu)  ||d||  lg(rg) alpha_du alpha_pr  ls
 230 -1.3282374e-01 1.27e-01 1.09e+07  -6.0 2.18e+02  -2.7 3.57e-01 1.26e-03h  8
 231 -1.3020256e-01 1.17e+01 8.39e+06  -6.0 9.51e+01  -2.3 1.48e-01 2.20e-01w  1
 232 -1.3038438e-01 1.17e+01 8.63e+06  -6.0 4.06e+03  -2.8 4.46e-03 5.96e-04w  1
 233 -1.2973298e-01 1.03e+01 1.34e+07  -6.0 2.26e+02  -2.4 3.32e-01 1.09e-01w  1
 234 -1.3280326e-01 1.27e-01 1.11e+07  -6.0 1.17e+02  -1.9 1.48e-01 1.72e-03h  7
 235 -1.3278726e-01 1.28e-01 1.18e+07  -6.0 1.16e+02  -2.4 4.07e-01 1.56e-03h  8
 236 -1.3278593e-01 1.28e-01 1.18e+07  -6.0 3.08e+02  -2.9 1.96e-02 2.13e-03h  7
 237 -1.3277302e-01 1.28e-01 1.32e+07  -6.0 1.38e+02  -2.5 8.44e-01 1.44e-03h  8
 238 -1.3277211e-01 1.29e-01 1.32e+07  -6.0 3.35e+02  -2.9 1.79e-02 1.68e-03h  7
 239 -1.3274821e-01 1.30e-01 1.34e+07  -6.0 1.64e+02  -2.5 1.73e-01 2.95e-03h  7
iter    objective    inf_pr   inf_du lg(mu)  ||d||  lg(rg) alpha_du alpha_pr  ls
 240 -1.3274742e-01 1.30e-01 1.33e+07  -6.0 3.59e+02  -3.0 2.03e-02 1.44e-03h  7
 241 -1.3272161e-01 1.31e-01 1.42e+07  -6.0 1.83e+02  -2.6 3.61e-01 3.14e-03h  7
 242 -1.3271949e-01 1.31e-01 1.44e+07  -6.0 3.68e+02  -3.0 1.97e-02 2.40e-03h  6
 243 -1.3269093e-01 1.32e-01 1.61e+07  -6.0 2.02e+02  -2.6 9.87e-02 3.21e-03h  7
 244 -1.3271861e-01 1.23e+00 1.43e+07  -6.0 3.95e+02  -3.1 2.42e-02 6.65e-02w  1
 245 -1.3271793e-01 1.23e+00 1.99e+07  -6.0 2.88e+02  -2.7 2.02e-01 1.12e-04w  1
 246 -1.2857042e-01 8.55e+00 1.48e+07  -6.0 1.28e+02  -2.2 3.59e-01 3.18e-01w  1
 247 -1.3269180e-01 1.32e-01 1.64e+07  -6.0 1.04e+02  -1.8 2.42e-02 2.08e-03h  5
 248 -1.3266074e-01 1.32e-01 3.01e+07  -6.0 1.12e+02  -2.3 7.16e-01 2.37e-03h  8
 249 -1.3263818e-01 1.32e-01 3.08e+07  -6.0 2.77e+02  -2.8 5.21e-02 3.58e-03h  6
iter    objective    inf_pr   inf_du lg(mu)  ||d||  lg(rg) alpha_du alpha_pr  ls
 250 -1.3264490e-01 1.33e-01 3.05e+07  -6.0 5.31e+03  -3.3 3.47e-03 2.77e-04h  5
 251 -1.3262681e-01 1.33e-01 3.16e+07  -6.0 3.02e+02  -2.8 6.94e-02 3.23e-03h  6
 252 -1.3254005e-01 1.35e-01 5.67e+07  -6.0 1.56e+02  -2.4 1.00e+00 6.87e-03h  6
 253 -1.3252808e-01 1.34e-01 5.72e+07  -6.0 3.67e+02  -2.9 5.26e-02 4.60e-03h  5
 254 -1.3245242e-01 1.35e-01 6.27e+07  -6.0 2.02e+02  -2.5 2.06e-01 7.04e-03h  5
 255 -1.3244437e-01 1.34e-01 6.43e+07  -6.0 4.28e+02  -2.9 7.85e-02 4.76e-03h  5
 256 -1.3238257e-01 1.34e-01 9.69e+07  -6.0 2.37e+02  -2.5 1.00e+00 6.30e-03h  5
 257 -1.3233683e-01 3.78e-01 9.10e+07  -6.0 5.17e+02  -3.0 7.29e-02 6.42e-02w  1
 258 -1.2974561e-01 3.77e+00 2.05e+07  -6.0 3.44e+02  -2.6 3.07e-03 3.86e-01w  1
 259 -1.2974603e-01 3.77e+00 1.61e+08  -6.0 3.01e+02  -2.1 9.73e-02 8.71e-05w  1
iter    objective    inf_pr   inf_du lg(mu)  ||d||  lg(rg) alpha_du alpha_pr  ls
 260 -1.3237685e-01 1.33e-01 9.84e+07  -6.0 2.87e+01  -0.8 7.29e-02 8.02e-03h  3
 261 -1.3230788e-01 1.34e-01 1.23e+08  -6.0 4.59e+01  -1.3 4.58e-01 4.48e-03h  7
 262 -1.3221341e-01 1.35e-01 1.37e+08  -6.0 8.83e+01  -1.8 2.06e-01 5.34e-03h  7
 263 -1.3209429e-01 1.36e-01 1.52e+08  -6.0 2.32e+02  -2.2 2.52e-01 1.03e-02h  4
 264 -1.3207376e-01 1.35e-01 1.62e+08  -6.0 4.95e+02  -2.7 1.69e-01 7.80e-03h  4
 265 -1.3197997e-01 1.35e-01 2.37e+08  -6.0 2.76e+02  -2.3 1.00e+00 9.29e-03h  4
 266 -1.3197232e-01 1.34e-01 2.40e+08  -6.0 5.58e+02  -2.8 1.01e-01 6.22e-03h  4
 267 -1.3192349e-01 1.34e-01 2.58e+08  -6.0 3.37e+02  -2.3 2.54e-01 6.38e-03h  4
 268 -1.3192057e-01 1.34e-01 2.62e+08  -6.0 5.82e+02  -2.8 1.16e-01 3.48e-03h  5
 269 -1.3187531e-01 1.33e-01 3.12e+08  -6.0 3.65e+02  -2.4 8.04e-01 6.11e-03h  4
iter    objective    inf_pr   inf_du lg(mu)  ||d||  lg(rg) alpha_du alpha_pr  ls
 270 -1.3173530e-01 1.65e+00 2.89e+08  -6.0 6.95e+02  -2.9 6.84e-02 7.39e-02w  1
 271 -1.3173530e-01 1.65e+00 2.81e+08  -6.0 5.91e+02  -1.5 3.82e-02 6.94e-08w  1
 272 -1.2975359e-01 3.37e+00 1.92e+08  -6.0 2.14e+02  -2.0 2.02e-01 2.71e-01w  1
 273 -1.3187093e-01 1.33e-01 3.06e+08  -6.0 1.36e+02  -1.6 6.84e-02 2.31e-03h  5
 274 -1.3179853e-01 1.34e-01 3.43e+08  -6.0 2.27e+02  -2.1 4.15e-01 6.27e-03h  5
 275 -1.3175474e-01 1.33e-01 3.36e+08  -6.0 4.90e+02  -2.5 1.92e-01 5.89e-03h  6
 276 -1.3176140e-01 1.34e-01 3.32e+08  -6.0 5.26e+03  -3.0 6.93e-03 1.10e-04h  6
 277 -1.3174315e-01 1.33e-01 3.10e+08  -6.0 5.15e+02  -2.6 3.63e-01 2.61e-03h  7
 278 -1.3168016e-01 1.34e-01 3.21e+08  -6.0 2.73e+02  -2.2 2.95e-01 5.41e-03h  7
 279 -1.3165017e-01 1.34e-01 2.98e+08  -6.0 7.21e+02  -2.6 1.00e-01 3.67e-03h  6
iter    objective    inf_pr   inf_du lg(mu)  ||d||  lg(rg) alpha_du alpha_pr  ls
 280 -1.3159123e-01 1.34e-01 3.05e+08  -6.0 3.19e+02  -2.2 1.00e+00 5.11e-03h  7
 281 -1.3157966e-01 1.34e-01 2.80e+08  -6.0 8.32e+02  -2.7 8.53e-02 2.13e-03h  6
 282 -1.3152975e-01 1.34e-01 2.11e+08  -6.0 4.03e+02  -2.3 1.00e+00 4.18e-03h  7
 283 -1.3148029e-01 1.04e+00 1.95e+08  -6.0 9.09e+02  -2.7 7.11e-02 3.79e-02w  1
 284 -1.3147982e-01 1.04e+00 1.86e+08  -6.0 5.38e+02  -2.3 3.19e-01 6.95e-05w  1
 285 -1.3211182e-01 2.23e+00 1.66e+08  -6.0 1.78e+03  -2.8 7.75e-02 3.18e-02w  1
 286 -1.3152821e-01 1.34e-01 1.93e+08  -6.0 5.41e+02  -2.4 7.11e-02 1.18e-03h  5
 287 -1.3153349e-01 1.34e-01 1.88e+08  -6.0 2.36e+03  -2.8 2.57e-02 2.52e-04h  6
 288 -1.3151104e-01 1.34e-01 1.12e+08  -6.0 5.41e+02  -2.4 1.00e+00 2.20e-03h  7
 289 -1.3151941e-01 1.35e-01 1.09e+08  -6.0 2.53e+03  -2.9 2.39e-02 3.38e-04h  6
iter    objective    inf_pr   inf_du lg(mu)  ||d||  lg(rg) alpha_du alpha_pr  ls
 290 -1.3149305e-01 1.35e-01 9.64e+07  -6.0 5.56e+02  -2.5 2.35e-01 2.63e-03h  7
 291 -1.3150075e-01 1.35e-01 7.83e+07  -6.0 1.29e+03  -2.9 1.29e-01 8.99e-04h  7
 292 -1.3147442e-01 1.35e-01 7.72e+07  -6.0 5.72e+02  -2.5 2.92e-01 2.72e-03h  7
 293 -1.3147290e-01 1.35e-01 7.51e+07  -6.0 2.03e+03  -3.0 3.44e-02 5.24e-04h  7
 294 -1.3144830e-01 1.35e-01 7.03e+07  -6.0 6.25e+02  -2.6 1.00e+00 2.55e-03h  7
 295 -1.3144747e-01 1.34e-01 6.88e+07  -6.0 3.03e+03  -3.1 1.81e-02 3.28e-04h  7
 296 -1.2977193e-01 6.25e-01 5.90e+07  -6.0 6.90e+02  -2.6 3.07e-01 1.35e-01w  1
 297 -1.2977465e-01 6.25e-01 5.52e+07  -6.0 9.71e+02  -3.1 2.83e-01 7.91e-05w  1
 298 -1.2930602e-01 5.58e-01 5.80e+07  -6.0 4.16e+02  -2.7 3.36e-01 6.31e-02w  1
 299 -1.3139511e-01 1.34e-01 6.76e+07  -6.0 1.63e+03  -3.2 3.07e-01 4.23e-03h  5
iter    objective    inf_pr   inf_du lg(mu)  ||d||  lg(rg) alpha_du alpha_pr  ls
 300 -1.3136217e-01 1.34e-01 6.66e+07  -6.0 9.50e+02  -2.7 8.17e-02 2.53e-03h  6
 301 -1.3128912e-01 1.34e-01 7.07e+07  -6.0 2.93e+02  -2.3 2.54e-01 6.52e-03h  7
 302 -1.3126474e-01 1.33e-01 6.94e+07  -6.0 1.17e+03  -2.8 6.28e-02 1.91e-03h  6
 303 -1.3116826e-01 1.33e-01 7.85e+07  -6.0 3.54e+02  -2.4 5.44e-01 7.96e-03h  7
 304 -1.3115983e-01 1.33e-01 7.70e+07  -6.0 1.47e+03  -2.8 4.17e-02 7.20e-04h  7
 305 -1.3108507e-01 1.33e-01 8.21e+07  -6.0 4.50e+02  -2.4 3.78e-01 5.49e-03h  7
 306 -1.3107965e-01 1.33e-01 8.04e+07  -6.0 1.81e+03  -2.9 3.35e-02 5.65e-04h  7
 307 -1.3102988e-01 1.33e-01 8.59e+07  -6.0 5.28e+02  -2.5 5.20e-01 3.60e-03h  7
 308 -1.3102678e-01 1.33e-01 8.40e+07  -6.0 2.17e+03  -2.9 2.67e-02 4.61e-04h  7
 309 -1.2858591e-01 3.93e-01 7.04e+07  -6.0 6.06e+02  -2.5 3.41e-01 1.73e-01w  1
iter    objective    inf_pr   inf_du lg(mu)  ||d||  lg(rg) alpha_du alpha_pr  ls
 310 -1.2891574e-01 3.90e-01 6.84e+07  -6.0 1.01e+03  -3.0 7.88e-02 7.61e-03w  1
 311 -1.3053167e-01 1.06e+00 3.22e+07  -6.0 5.13e+02  -2.6 2.08e-01 4.02e-01w  1
 312 -1.3095050e-01 1.32e-01 8.54e+07  -6.0 1.70e+02  -2.1 3.41e-01 5.41e-03h  5
 313 -1.3089938e-01 1.31e-01 8.46e+07  -6.0 7.59e+02  -2.6 1.28e-01 3.71e-03h  6
 314 -1.3089952e-01 1.31e-01 7.89e+07  -6.0 2.20e+03  -3.1 7.04e-02 2.49e-04h  8
 315 -1.3085588e-01 1.31e-01 7.85e+07  -6.0 6.11e+02  -2.7 4.61e-01 3.64e-03h  7
 316 -1.3081560e-01 1.30e-01 7.47e+07  -6.0 6.96e+02  -3.1 1.55e-01 3.35e-03h  7
 317 -1.3075881e-01 1.30e-01 7.68e+07  -6.0 4.93e+02  -2.7 5.82e-01 4.33e-03h  8
 318 -1.3071527e-01 1.29e-01 7.41e+07  -6.0 5.08e+02  -3.2 1.66e-01 2.73e-03h  7
 319 -1.3064390e-01 1.29e-01 7.88e+07  -6.0 4.59e+02  -2.8 8.15e-01 4.96e-03h  8
iter    objective    inf_pr   inf_du lg(mu)  ||d||  lg(rg) alpha_du alpha_pr  ls
 320 -1.3060493e-01 1.28e-01 7.64e+07  -6.0 4.91e+02  -3.2 1.57e-01 2.15e-03h  6
 321 -1.3050511e-01 1.27e-01 7.96e+07  -6.0 4.47e+02  -2.8 6.02e-01 6.62e-03h  8
 322 -1.2907392e-01 3.63e+00 7.34e+07  -6.0 1.15e+03  -3.3 8.78e-02 7.58e-02w  1
 323 -1.2907390e-01 3.63e+00 8.83e+07  -6.0 1.80e+02  -2.0 2.00e-01 1.91e-06w  1
 324 -1.2887887e-01 3.57e+00 1.13e+08  -6.0 3.59e+02  -2.4 7.64e-01 1.88e-02w  1
 325 -1.3049952e-01 1.27e-01 7.81e+07  -6.0 4.62e+02  -2.9 8.78e-02 2.96e-04h  8
 326 -1.3041110e-01 1.27e-01 9.04e+07  -6.0 3.70e+02  -2.5 5.14e-01 6.02e-03h  7
 327 -1.3032165e-01 1.26e-01 8.45e+07  -6.0 4.78e+02  -3.0 7.89e-01 5.92e-03h  6
 328 -1.3021228e-01 1.26e-01 8.89e+07  -6.0 3.84e+02  -2.5 2.13e-01 7.54e-03h  7
 329 -1.3008115e-01 1.24e-01 8.61e+07  -6.0 4.35e+02  -3.0 8.54e-01 8.67e-03h  7
iter    objective    inf_pr   inf_du lg(mu)  ||d||  lg(rg) alpha_du alpha_pr  ls
 330 -1.2995054e-01 1.24e-01 9.07e+07  -6.0 3.84e+02  -2.6 2.23e-01 9.35e-03h  6
 331 -1.2977565e-01 1.21e-01 8.80e+07  -6.0 4.08e+02  -3.1 1.00e+00 1.22e-02h  6
 332 -1.2963679e-01 1.21e-01 9.29e+07  -6.0 3.76e+02  -2.6 2.28e-01 1.05e-02h  6
 333 -1.2959475e-01 1.21e-01 9.10e+07  -6.0 4.54e+02  -3.1 8.08e-01 3.23e-03h  7
 334 -1.2944659e-01 1.20e-01 9.51e+07  -6.0 3.71e+02  -2.7 2.22e-01 1.15e-02h  6
 335 -1.2868266e-01 4.24e+00 8.92e+07  -6.0 1.30e+03  -3.2 8.95e-02 6.03e-02w  1
 336 -1.3122379e-01 3.84e+00 9.00e+07  -6.0 3.76e+03  -3.6 6.13e-05 3.05e-02w  1
 337 -1.3122206e-01 3.84e+00 9.84e+07  -6.0 2.79e+02  -2.3 2.14e-01 2.93e-04w  1
 338 -1.2944360e-01 1.20e-01 9.44e+07  -6.0 3.96e+02  -2.8 8.95e-02 2.36e-04h  8
 339 -1.2934725e-01 1.20e-01 1.09e+08  -6.0 3.13e+02  -2.4 3.30e-01 7.69e-03h  6
iter    objective    inf_pr   inf_du lg(mu)  ||d||  lg(rg) alpha_du alpha_pr  ls
 340 -1.2916452e-01 1.19e-01 1.13e+08  -6.0 4.07e+02  -2.8 7.58e-01 1.62e-02h  3
 341 -1.2899263e-01 1.20e-01 1.25e+08  -6.0 3.37e+02  -2.4 3.47e-01 1.47e-02h  6
 342 -1.2887233e-01 1.18e-01 1.25e+08  -6.0 4.01e+02  -2.9 7.32e-01 1.27e-02h  6
 343 -1.2869477e-01 1.19e-01 1.35e+08  -6.0 3.42e+02  -2.5 2.87e-01 1.63e-02h  6
 344 -1.2866683e-01 1.19e-01 1.34e+08  -6.0 3.82e+02  -2.9 5.74e-01 3.48e-03h  7
 345 -1.2848703e-01 1.20e-01 1.43e+08  -6.0 3.43e+02  -2.5 3.01e-01 1.75e-02h  6
 346 -1.2848244e-01 1.20e-01 1.42e+08  -6.0 8.34e+02  -3.0 1.42e-01 6.54e-04h  8
 347 -1.2832519e-01 1.20e-01 1.77e+08  -6.0 3.53e+02  -2.6 1.00e+00 1.75e-02h  6
 348 -1.2371390e-01 3.24e+00 1.13e+08  -6.0 2.80e+02  -2.1 7.15e-01 4.60e-01w  1
 349 -1.2436128e-01 3.04e+00 9.61e+07  -6.0 1.81e+02  -1.7 3.14e-02 6.64e-02w  1
iter    objective    inf_pr   inf_du lg(mu)  ||d||  lg(rg) alpha_du alpha_pr  ls
 350 -1.2821009e-01 4.32e+00 1.51e+08  -6.0 5.06e+02  -2.2 1.53e-02 1.92e-01w  1
 351 -1.2818109e-01 1.21e-01 2.22e+08  -6.0 3.16e+02  -2.7 7.15e-01 1.44e-02h  5
 352 -1.2807637e-01 1.21e-01 2.24e+08  -6.0 3.43e+02  -2.3 1.31e-01 1.23e-02h  7
 353 -1.2802823e-01 1.20e-01 2.16e+08  -6.0 4.13e+02  -2.7 2.67e-01 9.66e-03h  6
 354 -1.2793303e-01 1.20e-01 2.17e+08  -6.0 3.41e+02  -2.3 9.15e-02 1.26e-02h  7
 355 -1.2792375e-01 1.19e-01 2.12e+08  -6.0 3.83e+02  -2.8 2.80e-01 2.77e-03h  7
 356 -1.2783370e-01 1.19e-01 2.23e+08  -6.0 3.35e+02  -2.4 2.67e-01 1.28e-02h  7
 357 -1.2783287e-01 1.19e-01 2.20e+08  -6.0 9.12e+02  -2.8 1.08e-01 2.65e-04h  9
 358 -1.2775696e-01 1.19e-01 2.29e+08  -6.0 3.39e+02  -2.4 2.62e-01 1.19e-02h  7
 359 -1.2764059e-01 1.20e-01 2.29e+08  -6.0 2.50e+02  -2.0 4.61e-02 1.43e-02h  6
iter    objective    inf_pr   inf_du lg(mu)  ||d||  lg(rg) alpha_du alpha_pr  ls
 360 -1.2760002e-01 1.19e-01 2.31e+08  -6.0 3.51e+02  -2.5 8.85e-02 9.12e-03h  7
 361 -1.2395550e-01 2.69e+00 5.67e+07  -6.0 2.68e+02  -2.0 2.87e-02 5.08e-01w  1
 362 -1.2431208e-01 2.68e+00 6.91e+07  -6.0 1.58e+02  -1.6 7.92e-02 2.30e-03w  1
 363 -1.2476442e-01 2.64e+00 8.28e+07  -6.0 4.36e+02  -2.1 3.65e-03 3.79e-02w  1
 364 -1.2748613e-01 1.20e-01 2.29e+08  -6.0 1.50e+02  -1.7 2.87e-02 1.59e-02h  5
 365 -1.2736596e-01 1.20e-01 2.25e+08  -6.0 2.97e+02  -2.1 2.24e-02 1.90e-02h  6
 366 -1.2739501e-01 1.19e-01 2.28e+08  -6.0 3.74e+02  -2.6 1.53e-01 4.60e-03h  2
 367 -1.2730783e-01 1.19e-01 2.37e+08  -6.0 3.04e+02  -2.2 1.31e-01 2.02e-02h  6
 368 -1.2731003e-01 1.19e-01 2.36e+08  -6.0 8.93e+02  -2.7 8.15e-02 9.71e-04h  7
 369 -1.2727253e-01 1.19e-01 2.96e+08  -6.0 3.10e+02  -2.2 6.07e-01 1.16e-02h  7
iter    objective    inf_pr   inf_du lg(mu)  ||d||  lg(rg) alpha_du alpha_pr  ls
 370 -1.2716044e-01 1.19e-01 3.10e+08  -6.0 2.08e+02  -1.8 1.45e-01 1.55e-02h  6
 371 -1.2716727e-01 5.87e-02 3.03e+08  -6.0 3.20e+02  -2.3 8.93e-02 2.27e-02H  1
 372 -1.2697173e-01 6.54e-02 2.89e+08  -6.0 2.26e+02  -1.9 2.15e-02 3.67e-02h  5
 373 -1.2700755e-01 6.59e-02 3.28e+08  -6.0 3.34e+02  -2.3 1.00e+00 2.22e-02h  5
 374 -1.2693438e-01 6.65e-02 3.56e+08  -6.0 1.97e+02  -1.9 3.33e-01 1.11e-02h  5
 375 -1.2693270e-01 6.64e-02 3.38e+08  -6.0 2.86e+02  -2.4 4.41e-01 1.42e-03h  8
 376 -1.2683933e-01 6.78e-02 3.64e+08  -6.0 2.13e+02  -2.0 3.92e-01 1.79e-02h  6
 377 -1.2683938e-01 6.78e-02 3.59e+08  -6.0 9.30e+02  -2.4 5.77e-02 9.70e-05h 10
 378 -1.2676822e-01 6.89e-02 3.91e+08  -6.0 2.31e+02  -2.0 6.79e-01 1.92e-02h  6
 379 -1.2667597e-01 6.98e-02 4.14e+08  -6.0 1.50e+02  -1.6 2.12e-01 1.72e-02h  6
iter    objective    inf_pr   inf_du lg(mu)  ||d||  lg(rg) alpha_du alpha_pr  ls
 380 -1.2663765e-01 7.02e-02 4.04e+08  -6.0 2.62e+02  -2.1 1.42e-02 2.56e-02h  6
 381 -1.2656535e-01 6.99e-02 4.56e+08  -6.0 1.70e+02  -1.6 4.26e-01 2.02e-02h  6
 382 -1.2687284e-01 1.03e+00 2.60e+08  -6.0 2.88e+02  -2.1 4.41e-02 5.11e-01w  1
 383 -1.2703818e-01 1.03e+00 2.72e+08  -6.0 4.23e+02  -2.6 1.24e-02 3.55e-02w  1
 384 -1.2703898e-01 1.03e+00 2.30e+08  -6.0 5.52e+01  -1.3 2.67e-01 3.69e-04w  1
 385 -1.2657496e-01 6.92e-02 4.46e+08  -6.0 1.16e+02  -1.7 4.41e-02 1.60e-02h  5
 386 -1.2659143e-01 6.88e-02 4.14e+08  -6.0 3.05e+02  -2.2 2.53e-01 6.67e-03h  6
 387 -1.2655764e-01 6.84e-02 4.11e+08  -6.0 1.90e+02  -1.8 4.98e-02 1.22e-02h  7
 388 -1.2655841e-01 6.83e-02 4.02e+08  -6.0 8.80e+02  -2.3 6.57e-02 3.58e-04h  8
 389 -1.2653931e-01 6.79e-02 4.12e+08  -6.0 1.95e+02  -1.8 2.08e-01 8.72e-03h  7
iter    objective    inf_pr   inf_du lg(mu)  ||d||  lg(rg) alpha_du alpha_pr  ls
 390 -1.2647832e-01 6.78e-02 4.81e+08  -6.0 1.13e+02  -1.4 4.00e-01 1.39e-02h  6
 391 -1.2645517e-01 6.67e-02 4.67e+08  -6.0 2.27e+02  -1.9 6.82e-02 2.37e-02h  6
 392 -1.2637304e-01 6.61e-02 5.68e+08  -6.0 1.26e+02  -1.5 9.92e-01 2.74e-02h  5
 393 -1.2637422e-01 6.58e-02 5.27e+08  -6.0 3.53e+02  -1.9 1.59e-01 4.45e-03h  2
 394 -1.2630611e-01 6.50e-02 5.15e+08  -6.0 1.32e+02  -1.5 1.98e-01 2.11e-02h  6
 395 -1.2651135e-01 5.31e+00 4.38e+08  -6.0 3.19e+02  -2.0 1.22e-01 1.75e-01w  1
 396 -1.2651135e-01 5.31e+00 4.23e+08  -6.0 1.15e+02  -1.6 9.38e-02 3.75e-07w  1
 397 -1.2653913e-01 5.28e+00 3.94e+08  -6.0 2.19e+02  -2.0 6.55e-02 4.15e-03w  1
 398 -1.2630771e-01 6.50e-02 4.87e+08  -6.0 1.17e+02  -1.6 1.22e-01 1.36e-03h  7
 399 -1.2625639e-01 6.47e-02 5.11e+08  -6.0 6.96e+01  -1.2 2.25e-01 1.23e-02h  6
iter    objective    inf_pr   inf_du lg(mu)  ||d||  lg(rg) alpha_du alpha_pr  ls
 400 -1.2623349e-01 6.37e-02 4.92e+08  -6.0 1.69e+02  -1.7 1.73e-01 1.61e-02h  4
 401 -1.2616535e-01 6.33e-02 4.84e+08  -6.0 7.47e+01  -1.2 3.95e-02 2.02e-02h  4
 402 -1.2615287e-01 6.07e-02 4.56e+08  -6.0 1.78e+02  -1.7 2.23e-01 2.95e-02h  4
 403 -1.2610493e-01 5.98e-02 4.48e+08  -6.0 7.60e+01  -1.3 1.39e-02 1.65e-02h  6
 404 -1.2611401e-01 5.86e-02 4.27e+08  -6.0 1.80e+02  -1.8 1.70e-01 1.55e-02h  4
 405 -1.2606816e-01 5.76e-02 4.22e+08  -6.0 7.74e+01  -1.3 4.17e-02 1.73e-02h  6
 406 -1.2607418e-01 5.73e-02 3.95e+08  -6.0 1.93e+02  -1.8 2.17e-01 4.87e-03h  5
 407 -1.2607388e-01 5.73e-02 4.03e+08  -6.0 7.56e+01  -1.4 8.07e-02 1.01e-04h 13
 408 -1.2439746e-01 8.07e-01 2.73e+08  -6.0 3.45e+01  -1.0 5.77e-01 4.23e-01w  1
 409 -1.2484723e-01 5.20e-01 5.46e+07  -6.0 1.77e+01  -0.5 1.79e-01 4.23e-01w  1
iter    objective    inf_pr   inf_du lg(mu)  ||d||  lg(rg) alpha_du alpha_pr  ls
 410 -1.2526872e-01 2.83e-01 2.11e+08  -6.0 1.30e+01  -1.0 9.26e-07 4.56e-01w  1
 411 -1.2602150e-01 5.71e-02 5.41e+08  -6.0 1.38e+01  -1.5 5.77e-01 1.32e-02h  5
 412 -1.2597932e-01 5.62e-02 5.31e+08  -6.0 4.78e+01  -1.1 5.71e-02 1.71e-02h  6
 413 -1.2598625e-01 5.59e-02 4.84e+08  -6.0 9.81e+01  -1.6 2.24e-01 4.83e-03h  6
 414 -1.2593709e-01 5.53e-02 4.81e+08  -6.0 4.24e+01  -1.1 1.19e-01 1.47e-02h  5
 415r-1.2593709e-01 5.53e-02 1.00e+03  -1.6 0.00e+00  -1.6 0.00e+00 4.80e-07R  4
 416r-1.2591421e-01 5.42e-02 1.56e+03  -1.6 9.88e+04    -  1.62e-04 3.41e-05f  1
 417 -1.2584896e-01 5.33e-02 1.35e+02  -6.0 1.92e+01    -  2.24e-01 1.55e-02h  1
 418 -1.2525310e-01 4.50e-02 1.50e+02  -6.0 1.84e+01    -  3.87e-01 1.47e-01h  1
 419 -1.2395620e-01 8.95e-02 1.43e+05  -6.0 1.90e+01    -  5.16e-01 3.16e-01h  1
iter    objective    inf_pr   inf_du lg(mu)  ||d||  lg(rg) alpha_du alpha_pr  ls
 420 -1.2361392e-01 8.97e-02 6.93e+04  -6.0 1.66e+01    -  3.47e-02 3.16e-01h  1
 421 -1.2361632e-01 8.90e-02 9.54e+05  -6.0 1.89e+01    -  6.93e-01 8.09e-03h  1
 422 -1.2406865e-01 4.50e-02 4.52e+05  -6.0 2.75e+01    -  7.93e-01 4.21e-01h  1
 423 -1.2718016e-01 2.62e-02 2.20e+05  -6.0 1.89e+01    -  4.16e-01 1.00e+00h  1
 424 -1.2603949e-01 1.55e-01 2.11e+07  -6.0 2.63e+00  -2.1 3.44e-02 1.00e+00H  1
 425 -1.2605672e-01 4.17e-02 5.62e+06  -6.0 2.79e-02  -1.7 8.58e-01 7.31e-01h  1
 426 -1.2605913e-01 1.19e-05 4.90e+02  -6.0 1.76e-02  -2.1 8.77e-01 1.00e+00f  1
 427 -1.2614565e-01 5.88e-05 3.91e-01  -6.0 4.68e-02  -2.6 9.16e-01 1.00e+00h  1
 428 -1.2625288e-01 1.59e-04 2.40e-01  -6.0 1.32e-01  -3.1 7.84e-01 5.24e-01h  1
 429 -1.2672011e-01 2.52e-03 8.32e-01  -6.0 4.40e-01  -3.6 5.59e-01 9.14e-01f  1
iter    objective    inf_pr   inf_du lg(mu)  ||d||  lg(rg) alpha_du alpha_pr  ls
 430 -1.2763113e-01 1.50e-02 1.35e+00  -6.0 1.09e+00  -4.0 4.15e-01 6.61e-01f  1
 431 -1.2970895e-01 8.52e-02 2.93e+00  -6.0 3.50e+00  -4.5 3.96e-01 4.52e-01h  1
 432 -1.2996936e-01 8.41e-02 5.34e+00  -6.0 1.22e+01  -5.0 2.15e-01 2.25e-02h  1
 433 -1.3362307e-01 2.05e-01 2.03e+01  -6.0 5.14e+01  -5.5 1.98e-01 9.02e-02h  1
 434 -1.3439849e-01 1.77e-01 1.53e+01  -6.0 1.33e+01  -5.0 9.21e-01 1.03e-01h  1
 435 -1.3788663e-01 1.27e-01 1.57e+01  -6.0 5.12e+01  -5.5 3.25e-01 1.12e-01h  3
 436 -1.4248911e-01 1.67e-01 6.21e+00  -6.0 1.61e+01  -5.1 1.00e+00 4.82e-01h  1
 437 -1.4519117e-01 2.06e-01 8.57e+00  -6.0 6.27e+01  -5.6 1.47e-01 7.36e-02h  2
 438 -1.4779950e-01 2.14e-01 7.85e+00  -6.0 2.22e+01  -5.1 3.80e-01 1.99e-01h  1
 439 -1.4861806e-01 2.02e-01 7.11e+00  -6.0 3.06e+01  -5.6 1.11e-01 8.08e-02h  1
iter    objective    inf_pr   inf_du lg(mu)  ||d||  lg(rg) alpha_du alpha_pr  ls
 440 -1.5129579e-01 2.17e-01 1.83e+01  -6.0 9.66e+01  -6.1 2.01e-01 9.42e-02h  1
 441 -1.5234823e-01 2.04e-01 6.19e+01  -6.0 3.43e+01  -5.7 4.58e-01 1.01e-01h  3
 442 -1.5352876e-01 1.99e-01 2.26e+02  -6.0 1.01e+02  -6.2 4.63e-01 4.54e-02h  3
 443 -1.5510282e-01 1.90e-01 2.48e+02  -6.0 3.80e+01  -5.7 3.36e-01 1.47e-01h  2
 444 -1.5659101e-01 2.12e-01 4.47e+02  -6.0 1.08e+02  -6.2 4.51e-01 5.97e-02h  2
 445 -1.5715289e-01 2.15e-01 4.76e+02  -6.0 2.93e+02  -6.7 1.31e-01 1.08e-02h  4
 446 -1.6115986e-01 5.33e-01 3.18e+02  -6.0 1.15e+02  -6.3 7.59e-01 1.71e-01h  1
 447 -1.6397364e-01 6.14e-01 4.23e+02  -6.0 2.92e+02  -6.7 2.68e-01 6.57e-02h  1
 448 -1.7142526e-01 1.73e+00 3.73e+02  -6.0 5.48e+02  -7.2 2.59e-01 1.13e-01h  1
 449 -1.7330581e-01 1.67e+00 1.71e+02  -6.0 4.74e+02  -7.7 4.42e-01 3.95e-02h  1
iter    objective    inf_pr   inf_du lg(mu)  ||d||  lg(rg) alpha_du alpha_pr  ls
 450 -1.7865696e-01 3.53e+00 1.77e+02  -6.0 1.38e+03  -8.2 9.73e-02 7.43e-02h  1
 451 -1.7962393e-01 3.52e+00 1.20e+02  -6.0 4.40e+02  -7.7 4.60e-01 2.75e-02h  1
 452 -1.8366076e-01 4.86e+00 1.12e+02  -6.0 1.48e+03  -8.2 8.14e-02 7.59e-02h  1
 453 -1.8539502e-01 4.73e+00 1.01e+02  -6.0 7.46e+02  -7.8 9.20e-02 4.94e-02f  1
 454 -1.8667305e-01 4.70e+00 9.72e+01  -6.0 2.04e+03  -8.3 4.44e-02 2.87e-02h  1
 455 -1.8705988e-01 4.58e+00 8.29e+01  -6.0 3.57e+02  -7.8 1.40e-01 2.60e-02h  1
 456 -1.8894876e-01 4.28e+00 6.72e+01  -6.0 1.94e+03  -8.3 2.54e-01 7.64e-02h  1
 457 -1.8978021e-01 3.97e+00 5.60e+01  -6.0 5.27e+02  -7.9 1.98e-01 7.47e-02h  1
 458 -1.9580647e-01 3.08e+00 4.22e+01  -6.0 1.24e+03  -8.4 7.14e-01 3.18e-01h  1
 459 -2.0054296e-01 2.15e+00 1.71e+01  -6.0 4.80e+02  -7.9 4.83e-01 5.88e-01h  1
iter    objective    inf_pr   inf_du lg(mu)  ||d||  lg(rg) alpha_du alpha_pr  ls
 460 -2.0409414e-01 2.72e+00 1.31e+01  -6.0 1.46e+03  -8.4 2.15e-02 2.20e-01h  1
 461 -2.0613436e-01 1.76e+01 3.05e+01  -6.0 1.15e+03  -8.0 2.81e-01 8.49e-01h  1
 462 -2.0784196e-01 1.69e+01 1.93e+01  -6.0 5.57e+03  -8.5 1.31e-01 3.93e-02h  1
 463 -2.0634321e-01 1.18e+01 7.31e+01  -6.0 4.92e+02  -7.1 1.19e-01 3.05e-01h  1
 464 -2.0725449e-01 3.41e+00 3.81e+02  -6.0 3.32e+01  -6.7 1.13e-01 7.11e-01h  1
 465 -2.0725224e-01 3.37e+00 3.78e+02  -6.0 1.04e+00  -0.9 1.98e-02 1.11e-02h  1
 466 -2.0724966e-01 3.35e+00 3.74e+02  -6.0 1.09e+00  -1.3 3.10e-02 6.22e-03h  1
 467 -2.0722274e-01 3.17e+00 3.53e+02  -6.0 1.09e+00  -1.8 2.29e-02 5.43e-02h  1
 468 -2.0722094e-01 3.16e+00 3.51e+02  -6.0 1.04e+00  -2.3 5.82e-03 3.63e-03h  1
 469 -2.0718135e-01 2.91e+00 3.24e+02  -6.0 1.04e+00  -2.8 6.46e-03 7.84e-02h  1
iter    objective    inf_pr   inf_du lg(mu)  ||d||  lg(rg) alpha_du alpha_pr  ls
 470 -2.0715457e-01 2.73e+00 3.04e+02  -6.0 9.59e-01  -3.3 3.96e-02 6.16e-02h  1
 471 -2.0700556e-01 1.68e+00 1.87e+02  -6.0 9.01e-01  -3.7 1.72e-01 3.84e-01h  1
 472 -2.0693813e-01 1.14e+00 1.27e+02  -6.0 5.66e-01  -4.2 5.66e-01 3.23e-01h  1
 473 -2.0687481e-01 3.89e-01 4.32e+01  -6.0 5.84e-01  -4.7 9.49e-01 6.58e-01h  1
 474 -2.0695001e-01 1.08e-02 3.06e+01  -6.0 1.62e+00  -5.2 3.58e-01 1.00e+00h  1
 475 -2.0736146e-01 6.23e-02 8.12e-01  -6.0 3.97e+00  -5.6 1.00e+00 1.00e+00h  1
 476 -2.0797734e-01 1.34e-01 2.52e+00  -6.0 7.75e+00  -6.1 1.00e+00 1.00e+00h  1
 477 -2.0830030e-01 8.92e-02 4.68e+00  -6.0 2.44e+01  -6.6 1.00e+00 4.00e-01h  1
 478 -2.0910339e-01 2.75e-01 3.97e+00  -6.0 7.69e+01  -7.1 1.00e+00 4.95e-01h  1
 479 -2.0964733e-01 5.76e-01 1.43e+01  -6.0 3.24e+02  -7.6 5.57e-01 1.12e-01h  1
iter    objective    inf_pr   inf_du lg(mu)  ||d||  lg(rg) alpha_du alpha_pr  ls
 480 -2.0967637e-01 5.74e-01 8.15e+01  -6.0 5.21e+02  -8.0 6.91e-01 3.22e-03h  1
 481 -2.1290886e-01 1.43e+00 7.81e+01  -6.0 2.02e+03  -8.5 1.73e-02 1.32e-01h  1
 482 -2.1333940e-01 5.96e-01 4.50e+01  -6.0 8.07e+01  -7.2 4.41e-01 6.17e-01h  1
 483 -2.1633234e-01 1.09e+00 1.02e+01  -6.0 2.36e+02  -7.7 7.55e-01 1.00e+00h  1
 484 -2.1969041e-01 2.76e+00 7.41e+00  -6.0 8.00e+02  -8.1 5.21e-01 4.13e-01h  1
 485 -2.2103721e-01 2.77e+00 1.89e+01  -6.0 2.26e+03  -8.6 1.61e-01 5.67e-02h  1
 486 -2.2226587e-01 2.55e+00 9.07e+02  -6.0 6.68e+02  -8.2 1.00e+00 1.63e-01h  1
 487 -2.2264402e-01 2.46e+00 1.17e+03  -6.0 1.30e+03  -8.7 2.93e-01 3.38e-02h  1
 488 -2.2447718e-01 1.81e+00 7.84e+02  -6.0 5.17e+02  -8.2 2.59e-01 3.19e-01h  1
 489 -2.2654933e-01 1.29e+01 5.33e+02  -6.0 8.14e+02  -8.7 5.77e-02 1.65e-01h  1
iter    objective    inf_pr   inf_du lg(mu)  ||d||  lg(rg) alpha_du alpha_pr  ls
 490 -2.2733504e-01 1.32e+01 7.56e+02  -6.0 2.52e+03  -9.2 1.66e-01 5.97e-02h  1
 491 -2.2975420e-01 1.83e+01 1.04e+03  -6.0 6.45e+02  -8.8 5.89e-01 2.67e-01h  1
 492 -2.3209234e-01 1.53e+01 2.61e+03  -6.0 2.49e+03  -9.2 8.30e-01 1.92e-01h  1
 493r-2.3209234e-01 1.53e+01 1.00e+03   0.6 0.00e+00  -8.8 0.00e+00 4.11e-07R  4
 494r-2.3191993e-01 1.53e+01 1.00e+03   0.6 1.15e+07    -  1.81e-07 8.80e-07f  1
 495 -2.3193334e-01 1.52e+01 3.02e+03  -6.0 2.79e+02    -  4.93e-03 6.80e-03h  1
 496 -2.3196113e-01 1.43e+01 5.52e+04  -6.0 8.80e+01    -  6.80e-03 5.65e-02h  1
 497 -2.3197239e-01 1.35e+01 5.20e+04  -6.0 4.82e+01    -  8.16e-02 5.81e-02h  1
 498 -2.3198012e-01 9.92e+00 3.83e+04  -6.0 2.69e+01    -  1.91e-01 2.63e-01h  1
 499 -2.3194786e-01 5.72e+00 2.21e+04  -6.0 3.41e+00    -  4.08e-01 4.23e-01h  1
iter    objective    inf_pr   inf_du lg(mu)  ||d||  lg(rg) alpha_du alpha_pr  ls
 500 -2.3188954e-01 1.48e-02 7.26e+01  -6.0 9.67e-01    -  6.60e-01 1.00e+00h  1
 501 -2.3189339e-01 4.88e-06 9.92e-01  -6.0 1.72e-01    -  9.93e-01 1.00e+00h  1
 502 -2.3206901e-01 4.39e-03 1.15e+01  -6.0 2.62e+01    -  8.82e-01 3.17e-01h  1
 503 -2.3220939e-01 6.23e-03 1.03e+01  -6.0 1.37e+02    -  9.12e-01 1.03e-01f  1
 504 -2.3343197e-01 3.24e+00 8.73e+00  -6.0 1.03e+03    -  3.08e-01 1.89e-01h  1
 505 -2.3417573e-01 2.74e+00 5.22e+01  -6.0 5.26e+02    -  3.80e-01 1.45e-01h  1
 506 -2.3569601e-01 1.77e+00 5.94e+03  -6.0 8.45e+02    -  9.07e-01 3.47e-01H  1
 507 -2.3769414e-01 2.87e+00 5.12e+01  -6.0 2.13e+03  -9.3 1.16e-01 2.84e-01h  1
 508 -2.3896641e-01 4.34e+00 3.28e+03  -6.0 3.37e+04  -9.8 5.71e-02 1.57e-02h  2
 509 -2.4099427e-01 7.32e+00 4.07e+03  -6.0 2.39e+04 -10.2 4.25e-02 2.80e-02h  1
iter    objective    inf_pr   inf_du lg(mu)  ||d||  lg(rg) alpha_du alpha_pr  ls
 510 -2.4248707e-01 7.17e+00 1.57e+04  -6.0 3.66e+03    -  3.69e-01 1.70e-01h  1
 511 -2.4277726e-01 1.09e+01 1.61e+04  -6.0 5.18e+03  -8.9 3.40e-02 2.63e-02h  1
 512 -2.4314989e-01 1.04e+01 5.29e+04  -6.0 2.60e+03    -  3.56e-01 5.60e-02h  1
 513 -2.4362432e-01 9.95e+00 4.04e+06  -6.0 4.67e+03    -  9.45e-04 4.25e-02h  1
 514 -2.4431364e-01 8.64e+00 3.54e+06  -6.0 6.34e+03    -  4.76e-02 1.23e-01h  1
 515 -2.4468451e-01 7.95e+00 3.24e+06  -6.0 4.72e+03    -  1.69e-02 8.42e-02h  1
 516 -2.4674344e-01 3.80e+01 9.66e+05  -6.0 2.97e+03    -  4.09e-02 7.02e-01h  1
 517 -2.4673814e-01 1.57e+00 8.78e+03  -6.0 3.18e+02  -9.4 1.28e-01 1.00e+00h  1
 518 -2.4713161e-01 1.52e-01 4.60e+02  -6.0 1.04e+02  -8.1 3.73e-01 9.44e-01h  1
 519 -2.4717677e-01 1.31e-01 4.98e+02  -6.0 1.52e+02  -8.5 9.30e-02 1.63e-01h  1
iter    objective    inf_pr   inf_du lg(mu)  ||d||  lg(rg) alpha_du alpha_pr  ls
 520 -2.4787583e-01 9.91e-01 1.08e+02  -6.0 3.07e+02  -9.0 1.33e-01 9.07e-01f  1
 521 -2.4796477e-01 4.91e-01 3.35e+01  -6.0 9.30e+01  -7.7 8.05e-01 5.16e-01h  1
 522 -2.4816176e-01 2.08e-01 7.86e+00  -6.0 9.75e+01  -8.2 7.19e-01 8.98e-01h  1
 523 -2.4834688e-01 1.80e-01 5.57e+00  -6.0 1.65e+02  -8.6 2.89e-01 2.96e-01h  1
 524 -2.4844059e-01 1.72e-01 2.38e+01  -6.0 3.50e+02  -9.1 1.91e-01 1.05e-01h  1
 525 -2.4870494e-01 2.22e-01 1.05e+01  -6.0 4.53e+02  -9.6 2.61e-01 2.80e-01h  1
 526 -2.4919815e-01 1.72e+00 1.56e+02  -6.0 7.72e+02 -10.1 2.22e-01 5.39e-01h  1
 527 -2.4932562e-01 1.12e+00 1.06e+02  -6.0 3.83e+02  -9.6 3.07e-01 3.04e-01h  1
 528 -2.4973886e-01 9.67e+00 1.18e+02  -6.0 1.73e+04 -10.1 8.17e-02 9.83e-02h  1
 529 -2.5041304e-01 1.70e+00 2.27e+02  -6.0 1.99e+02  -8.8 8.38e-01 1.00e+00h  1
iter    objective    inf_pr   inf_du lg(mu)  ||d||  lg(rg) alpha_du alpha_pr  ls
 530 -2.5082164e-01 2.29e+00 2.66e+03  -6.0 8.29e+02  -9.3 1.00e+00 3.54e-01h  1
 531 -2.5149793e-01 2.18e+00 5.55e+02  -6.0 3.24e+02  -8.8 8.09e-01 1.00e+00h  1
 532 -2.5269056e-01 1.17e+01 3.24e+03  -6.0 1.90e+03  -9.3 5.50e-01 3.72e-01h  1
 533 -2.5363427e-01 8.64e+00 1.23e+03  -6.0 7.01e+02  -8.9 4.59e-01 4.76e-01h  1
 534 -2.5371273e-01 8.59e+00 8.23e+04  -6.0 3.87e+03  -9.4 2.22e-03 7.86e-03h  1
 535 -2.5584387e-01 1.49e+01 6.20e+03  -6.0 8.13e+02  -8.9 3.35e-01 1.00e+00f  1
 536 -2.5587199e-01 1.30e+01 5.09e+03  -6.0 1.80e+01  -5.8 3.81e-02 1.28e-01h  1
 537 -2.5608637e-01 8.69e-01 1.74e+03  -6.0 1.78e+01  -6.3 2.98e-01 9.33e-01h  1
 538 -2.5614817e-01 8.23e-03 7.86e+02  -6.0 8.39e+00  -6.8 5.72e-01 1.00e+00h  1
 539 -2.5622834e-01 1.20e-02 1.30e+00  -6.0 2.26e+01  -7.2 1.00e+00 1.00e+00h  1
iter    objective    inf_pr   inf_du lg(mu)  ||d||  lg(rg) alpha_du alpha_pr  ls
 540 -2.5636240e-01 9.13e-02 3.43e-01  -6.0 6.25e+01  -7.7 1.00e+00 1.00e+00h  1
 541 -2.5679149e-01 6.57e-01 1.69e+00  -6.0 1.67e+02  -8.2 1.00e+00 1.00e+00h  1
 542 -2.5737168e-01 1.34e+00 9.22e+00  -6.0 4.65e+02  -8.7 1.00e+00 4.33e-01h  1
 543 -2.5802013e-01 1.11e+00 1.35e+01  -6.0 5.79e+02  -9.2 4.79e-01 6.81e-01h  1
 544 -2.5858245e-01 5.74e-01 1.08e+01  -6.0 1.05e+03  -9.6 1.00e+00 4.55e-01h  1
 545 -2.5957752e-01 1.20e+01 3.45e+01  -6.0 8.89e+02 -10.1 1.66e-01 9.71e-01h  1
 546 -2.5956256e-01 3.72e+01 3.20e+01  -6.0 4.38e+04    -  6.21e-02 3.82e-02h  1
 547 -2.5949620e-01 3.17e+01 2.52e+03  -6.0 2.33e+03    -  3.20e-02 2.78e-01h  1
 548 -2.5949248e-01 3.05e+01 2.39e+03  -6.0 5.01e+03  -9.7 1.47e-04 3.87e-02H  1
 549 -2.5944028e-01 1.76e+01 1.43e+03  -6.0 2.69e+03 -10.2 5.47e-01 4.30e-01H  1
iter    objective    inf_pr   inf_du lg(mu)  ||d||  lg(rg) alpha_du alpha_pr  ls
 550 -2.5936194e-01 2.40e+00 1.24e+02  -6.0 1.24e+03    -  3.86e-01 9.11e-01h  1
 551 -2.5936516e-01 5.28e+00 1.07e+02  -6.0 3.90e+03 -10.6 1.04e-01 1.42e-01h  3
 552 -2.5936228e-01 4.42e+00 8.48e+01  -6.0 4.90e+02 -10.2 1.00e+00 1.87e-01h  1
 553 -2.5940536e-01 1.73e+01 8.89e+01  -6.0 1.45e+03 -10.7 1.29e-01 1.00e+00H  1
 554 -2.5935180e-01 6.34e-03 4.41e+01  -6.0 2.35e+01  -8.5 4.54e-01 1.00e+00h  1
 555 -2.5931642e-01 1.39e-01 5.84e+00  -6.0 8.81e+01  -8.9 1.00e+00 1.00e+00h  1
 556 -2.5932764e-01 6.40e-01 3.06e+00  -6.0 1.88e+02  -9.4 1.00e+00 1.00e+00h  1
 557 -2.5933156e-01 6.16e-01 1.54e+01  -6.0 2.67e+02  -9.9 1.00e+00 4.96e-01h  1
 558 -2.5934010e-01 2.69e+00 9.61e+01  -6.0 1.84e+04 -10.4 2.80e-02 2.06e-02h  2
 559 -2.5934986e-01 2.64e+00 1.11e+02  -6.0 3.84e+02  -8.1 2.08e-02 1.81e-02h  3
iter    objective    inf_pr   inf_du lg(mu)  ||d||  lg(rg) alpha_du alpha_pr  ls
 560 -2.5940208e-01 1.62e+00 2.01e+02  -6.0 3.80e+01  -7.7 6.26e-01 3.88e-01h  2
 561 -2.5953698e-01 2.11e+00 2.71e+02  -6.0 5.40e+01  -8.2 3.63e-01 2.89e-01h  2
 562 -2.5971270e-01 5.55e-01 1.58e+02  -6.0 1.05e+02  -8.7 7.84e-01 1.00e+00h  1
 563 -2.5984530e-01 2.60e+00 2.23e+02  -6.0 3.93e+02  -9.1 9.92e-01 1.00e+00h  1
 564 -2.6028784e-01 5.64e+01 3.85e+02  -6.0 3.43e+03  -9.6 1.27e-01 5.25e-01h  1
 565 -2.6025061e-01 5.44e+01 1.23e+03  -6.0 2.05e+03 -10.1 9.90e-02 3.71e-02h  1
 566 -2.6000092e-01 4.72e+01 4.36e+03  -6.0 2.27e+03  -9.7 4.06e-02 1.35e-01h  1
 567 -2.6008933e-01 2.94e+01 3.78e+03  -6.0 6.00e+02 -10.1 3.63e-03 3.87e-01h  1
 568 -2.6009480e-01 2.79e+01 3.60e+03  -6.0 9.63e+03    -  3.63e-02 5.08e-02h  1
 569 -2.6009379e-01 2.57e+01 3.35e+03  -6.0 1.02e+03    -  3.52e-02 7.88e-02h  1
iter    objective    inf_pr   inf_du lg(mu)  ||d||  lg(rg) alpha_du alpha_pr  ls
 570 -2.6008494e-01 1.78e+01 2.33e+03  -6.0 7.50e+02    -  2.95e-01 3.07e-01h  1
 571 -2.6005503e-01 3.74e-01 1.38e+02  -6.0 5.48e+02    -  5.86e-01 1.00e+00h  1
 572 -2.6013823e-01 7.88e-01 7.00e+00  -6.0 5.43e+00  -7.9 1.00e+00 1.00e+00h  1
 573 -2.6013217e-01 1.85e-01 1.55e+00  -6.0 1.35e+02    -  1.00e+00 7.61e-01H  1
 574 -2.6013251e-01 2.25e-02 5.59e-02  -6.0 4.42e+01    -  1.00e+00 1.00e+00h  1
 575 -2.6013250e-01 6.91e-07 7.98e-06  -6.0 1.48e-01    -  1.00e+00 1.00e+00h  1
 576 -2.6064113e-01 1.57e+00 6.98e+01  -7.5 2.22e+03    -  4.68e-01 2.23e-01h  1
 577 -2.6075180e-01 1.60e+00 6.45e+01  -7.5 2.42e+03    -  6.40e-02 6.78e-02h  1
 578 -2.6077542e-01 1.59e+00 1.15e+02  -7.5 7.42e+01  -8.4 3.85e-01 2.56e-02h  1
 579 -2.6130830e-01 8.12e+00 3.77e+01  -7.5 2.85e+03    -  2.57e-03 3.75e-01h  1
iter    objective    inf_pr   inf_du lg(mu)  ||d||  lg(rg) alpha_du alpha_pr  ls
 580 -2.6135947e-01 7.21e+00 7.80e+01  -7.5 1.75e+02  -8.9 5.34e-01 1.12e-01h  1
 581 -2.6137854e-01 3.22e+01 7.66e+01  -7.5 1.81e+05    -  1.03e-04 6.60e-03h  1
 582 -2.6177100e-01 1.43e+01 3.79e+01  -7.5 2.28e+03    -  1.72e-01 6.27e-01h  1
 583 -2.6181960e-01 1.08e+01 3.40e+01  -7.5 1.37e+03    -  1.98e-01 2.44e-01h  1
 584 -2.6183230e-01 9.84e+00 1.77e+01  -7.5 1.38e+03    -  5.36e-01 9.08e-02h  1
 585 -2.6185783e-01 6.93e+00 1.21e+01  -7.5 9.01e+02    -  2.64e-01 2.96e-01h  1
 586 -2.6189603e-01 1.47e-02 2.02e-01  -7.5 4.24e+01  -9.3 1.00e+00 1.00e+00h  1
 587 -2.6189890e-01 8.50e-02 5.11e-01  -7.5 1.07e+03    -  2.17e-01 8.00e-02h  1
 588 -2.6191418e-01 5.86e-02 1.22e-02  -7.5 5.26e+01  -9.8 1.00e+00 1.00e+00f  1
 589 -2.6191908e-01 2.97e+01 5.24e-01  -7.5 6.64e+03    -  4.82e-02 2.41e-01h  1
iter    objective    inf_pr   inf_du lg(mu)  ||d||  lg(rg) alpha_du alpha_pr  ls
 590 -2.6191940e-01 2.91e+01 6.60e-01  -7.5 1.63e+03    -  1.19e-01 9.15e-01h  1
 591 -2.6192263e-01 1.99e-01 2.62e-01  -7.5 6.29e+01 -10.3 1.00e+00 1.00e+00h  1
 592 -2.6192309e-01 5.54e-01 3.50e-02  -7.5 1.27e+02 -10.8 1.00e+00 9.01e-01H  1
 593 -2.6192328e-01 7.57e-01 2.39e-01  -7.5 2.17e+02 -11.3 1.69e-03 1.98e-01H  1
 594 -2.6192312e-01 7.64e-01 1.69e-03  -7.5 2.56e+02 -11.7 1.00e+00 1.00e+00h  1
 595 -2.6192325e-01 7.00e+00 1.73e-01  -7.5 2.12e+04 -12.2 1.53e-02 3.45e-02h  3
 596 -2.6192337e-01 1.18e+00 2.11e-02  -7.5 3.17e+02    -  4.52e-01 1.00e+00h  1
 597 -2.6192342e-01 2.07e+00 8.31e-04  -7.5 1.99e+02    -  1.00e+00 1.00e+00h  1
 598 -2.6192346e-01 6.10e-01 4.44e-02  -7.5 1.62e+02    -  3.82e-01 1.00e+00h  1
 599 -2.6192361e-01 4.08e+00 6.76e-03  -7.5 5.80e+02 -11.8 1.00e+00 1.00e+00h  1
iter    objective    inf_pr   inf_du lg(mu)  ||d||  lg(rg) alpha_du alpha_pr  ls
 600 -2.6192458e-01 1.51e+01 1.29e-01  -7.5 1.84e+03 -12.3 8.89e-01 1.00e+00H  1
 601 -2.6192528e-01 3.07e+01 6.46e-01  -7.5 3.46e+04 -12.7 6.69e-02 3.19e-02h  2
 602 -2.6192592e-01 3.91e+01 9.68e-01  -7.5 3.11e+04 -13.2 5.57e-02 2.61e-02h  2
 603 -2.6192739e-01 3.04e+01 7.77e-02  -7.5 1.42e+03 -11.9 1.00e+00 1.00e+00h  1
 604 -2.6192634e-01 1.87e+01 6.22e-01  -7.5 1.13e+03    -  2.22e-01 1.00e+00h  1
 605 -2.6192649e-01 4.02e-01 2.61e-03  -7.5 1.05e+02 -10.6 1.00e+00 1.00e+00h  1
 606 -2.6193027e-01 3.91e+01 5.17e+00  -7.5 2.96e+03    -  4.19e-02 1.00e+00H  1
 607 -2.6192942e-01 1.03e+01 3.48e-01  -7.5 8.13e+02    -  1.00e+00 1.00e+00h  1
 608 -2.6193002e-01 5.71e+00 4.81e-02  -7.5 5.79e+02    -  1.00e+00 1.00e+00h  1
 609 -2.6192994e-01 7.07e-02 1.39e-03  -7.5 7.03e+01    -  1.00e+00 1.00e+00h  1
iter    objective    inf_pr   inf_du lg(mu)  ||d||  lg(rg) alpha_du alpha_pr  ls
 610 -2.6192991e-01 8.18e-03 3.32e-05  -7.5 2.21e+01    -  1.00e+00 1.00e+00h  1
 611 -2.6192991e-01 1.24e-09 1.92e-10  -7.5 1.67e-02    -  1.00e+00 1.00e+00h  1
 612 -2.6193232e-01 2.66e+00 2.60e+00  -9.0 1.63e+03    -  5.20e-01 2.44e-01h  1
 613 -2.6193560e-01 5.63e+01 4.27e-01  -9.0 3.09e+03    -  4.08e-01 5.84e-01h  1
 614 -2.6193637e-01 3.87e+01 1.02e+01  -9.0 1.48e+03    -  6.50e-03 5.45e-01h  1
 615 -2.6193740e-01 3.72e+01 2.25e+00  -9.0 1.43e+03    -  1.01e-01 8.86e-01h  1
 616 -2.6193822e-01 2.85e+01 1.31e+00  -9.0 1.13e+03    -  4.52e-01 1.00e+00h  1
 617 -2.6193874e-01 3.84e+01 1.14e+00  -9.0 9.43e+03    -  1.28e-01 7.79e-02h  1
 618 -2.6193921e-01 2.78e+01 3.38e+00  -9.0 1.66e+03    -  2.29e-01 3.42e-01h  1
 619 -2.6193921e-01 2.78e+01 3.71e+00  -9.0 1.17e+05    -  6.30e-03 1.95e-04h  8
iter    objective    inf_pr   inf_du lg(mu)  ||d||  lg(rg) alpha_du alpha_pr  ls
 620 -2.6193966e-01 3.25e-02 4.13e+01  -9.0 6.46e+01 -11.0 1.38e-01 1.00e+00h  1
 621 -2.6193966e-01 2.66e-02 1.69e+01  -9.0 6.22e+01 -11.5 1.00e+00 5.92e-01H  1
 622 -2.6193966e-01 1.58e-02 5.54e-04  -9.0 1.21e+02 -12.0 1.00e+00 1.00e+00H  1
 623 -2.6193973e-01 2.25e+00 2.39e-03  -9.0 3.22e+02 -12.5 3.96e-01 1.00e+00h  1
 624 -2.6193999e-01 3.44e+01 1.89e-02  -9.0 1.69e+03 -12.9 2.03e-01 1.00e+00h  1
 625 -2.6194065e-01 6.92e+00 5.50e-02  -9.0 2.54e+03 -12.5 5.16e-02 1.00e+00H  1
 626 -2.6194081e-01 1.88e+00 5.43e-04  -9.0 3.88e+02 -12.1 1.00e+00 1.00e+00h  1
 627 -2.6194153e-01 3.31e+01 3.31e-03  -9.0 1.59e+03 -12.6 1.00e+00 1.00e+00h  1
 628 -2.6194235e-01 7.25e+01 9.47e-03  -9.0 6.56e+04 -13.0 2.03e-02 2.60e-02h  1
 629 -2.6194236e-01 6.16e+01 1.25e+00  -9.0 1.11e+03 -12.6 1.00e+00 1.53e-01h  1
iter    objective    inf_pr   inf_du lg(mu)  ||d||  lg(rg) alpha_du alpha_pr  ls
 630 -2.6194328e-01 5.92e+01 5.59e+00  -9.0 4.71e+03 -13.1 2.02e-02 6.55e-01H  1
 631 -2.6194268e-01 1.95e+01 2.19e+00  -9.0 3.36e+03    -  1.21e-03 8.92e-01H  1
 632 -2.6194300e-01 3.52e+01 2.18e+00  -9.0 2.65e+05    -  2.44e-03 3.96e-03h  2
 633 -2.6194280e-01 6.67e+00 9.30e-01  -9.0 7.01e+02    -  3.02e-01 1.00e+00h  1
 634 -2.6194313e-01 2.92e+00 6.06e-01  -9.0 4.45e+02    -  1.61e-01 1.00e+00h  1
 635 -2.6194471e-01 6.82e+01 2.06e-01  -9.0 4.06e+03 -12.7 4.04e-01 5.21e-01h  1
 636 -2.6194609e-01 6.66e+01 7.25e-01  -9.0 4.41e+03 -13.1 4.85e-02 4.59e-01h  1
 637 -2.6194601e-01 6.19e+01 1.87e+00  -9.0 4.89e+03    -  4.69e-02 3.69e-01H  1
 638 -2.6194714e-01 7.04e+01 1.85e+00  -9.0 4.44e+03 -12.7 1.74e-01 3.53e-01H  1
 639 -2.6194818e-01 4.77e+01 3.29e+00  -9.0 1.71e+03    -  1.08e-01 5.36e-01h  1
iter    objective    inf_pr   inf_du lg(mu)  ||d||  lg(rg) alpha_du alpha_pr  ls
 640 -2.6194836e-01 4.40e+01 1.65e+00  -9.0 2.11e+03    -  2.41e-02 9.02e-02h  1
 641 -2.6194925e-01 3.51e+01 5.15e-01  -9.0 1.68e+03    -  5.20e-01 5.04e-01h  1
 642 -2.6195008e-01 3.21e+01 3.52e+02  -9.0 1.68e+03    -  1.84e-02 5.53e-01h  1
 643 -2.6195031e-01 2.84e+01 2.98e+02  -9.0 1.93e+03    -  2.61e-02 1.55e-01h  1
 644 -2.6195074e-01 2.61e+01 1.78e+02  -9.0 1.67e+03    -  2.91e-02 4.01e-01h  1
 645 -2.6195095e-01 2.36e+01 1.58e+02  -9.0 3.80e+03    -  1.20e-02 1.13e-01h  1
 646 -2.6195114e-01 2.17e+01 1.24e+02  -9.0 1.82e+03    -  3.13e-02 2.16e-01h  1
 647 -2.6195116e-01 2.16e+01 1.23e+02  -9.0 4.11e+03    -  2.34e-02 6.82e-03h  1
 648 -2.6195133e-01 1.99e+01 1.10e+02  -9.0 3.25e+03    -  3.08e-02 1.05e-01h  1
 649 -2.6195158e-01 1.89e+01 7.82e+01  -9.0 1.63e+03    -  4.42e-02 2.90e-01h  1
iter    objective    inf_pr   inf_du lg(mu)  ||d||  lg(rg) alpha_du alpha_pr  ls
 650 -2.6195161e-01 1.85e+01 7.62e+01  -9.0 2.83e+03    -  9.07e-03 2.58e-02h  1
 651 -2.6195172e-01 1.85e+01 5.12e+01  -9.0 1.60e+03    -  6.66e-02 3.28e-01f  1
 652 -2.6195195e-01 1.68e+01 1.46e+02  -9.0 1.13e+03    -  7.41e-03 5.13e-01f  1
 653 -2.6195207e-01 1.84e+01 9.96e+01  -9.0 1.71e+03    -  4.94e-01 3.18e-01h  1
 654 -2.6195191e-01 9.79e+00 1.31e+01  -9.0 6.54e+02    -  1.15e-01 1.00e+00h  1
 655 -2.6195198e-01 2.24e+00 1.44e-03  -9.0 3.02e+02    -  1.00e+00 1.00e+00h  1
 656 -2.6195200e-01 2.21e+00 3.48e-02  -9.0 9.39e+02    -  8.86e-01 8.98e-02h  3
 657 -2.6195206e-01 2.12e+00 2.02e-02  -9.0 3.47e+02    -  1.00e+00 7.23e-01h  1
 658 -2.6195205e-01 2.75e-03 9.72e-05  -9.0 1.28e+01    -  1.00e+00 1.00e+00h  1
 659 -2.6195205e-01 7.00e-06 1.09e-08  -9.0 5.37e-01    -  1.00e+00 1.00e+00h  1
iter    objective    inf_pr   inf_du lg(mu)  ||d||  lg(rg) alpha_du alpha_pr  ls
 660 -2.6195205e-01 2.84e-10 1.60e-14  -9.0 9.01e-04    -  1.00e+00 1.00e+00h  1

Number of Iterations....: 660

                                   (scaled)                 (unscaled)
Objective...............:  -2.6195204894564772e-01   -2.6195204894564772e-01
Dual infeasibility......:   1.5973333766794440e-14    1.5973333766794440e-14
Constraint violation....:   2.8358734685627468e-10    2.8358734685627468e-10
Complementarity.........:   9.0909091850968996e-10    9.0909091850968996e-10
Overall NLP error.......:   9.0909091850968996e-10    9.0909091850968996e-10


Number of objective function evaluations             = 2916
Number of objective gradient evaluations             = 661
Number of equality constraint evaluations            = 2916
Number of inequality constraint evaluations          = 2917
Number of equality constraint Jacobian evaluations   = 663
Number of inequality constraint Jacobian evaluations = 663
Number of Lagrangian Hessian evaluations             = 660
Total CPU secs in IPOPT (w/o function evaluations)   =   1417.080
Total CPU secs in NLP function evaluations           =     42.836

EXIT: Optimal Solution Found.
