
List of user-set options:

                                    Name   Value                used
                           compl_inf_tol = 1                     yes
                         constr_viol_tol = 1                     yes
                            dual_inf_tol = 1000                  yes
                           linear_solver = ma97                  yes
                              ma86_small = 1e-30                  no
                                  ma86_u = 0.0001                 no
                              ma97_order = best                  yes
                              ma97_small = 1e-30                 yes
                            ma97_switch1 = at_start              yes
                            ma97_switch2 = od_hd_reuse           yes
                                  ma97_u = 1e-06                 yes
                               ma97_umax = 0.5                   yes
                                max_iter = 1000                  yes
                    max_refinement_steps = 20                    yes
                    min_refinement_steps = 5                     yes
                                 mu_init = 1e-06                 yes
           mu_superlinear_decrease_power = 1.25                  yes
                   nlp_scaling_min_value = 1e-08                 yes
                        option_file_name = Preset_Case:_221_NCP.opt  yes
                             output_file = ./tmp/Preset_Case:_221_NCP.output  yes
                      print_user_options = yes                   yes
        required_infeasibility_reduction = 1                      no
                                     tol = 1e-08                 yes
                   warm_start_bound_frac = 1e-20                 yes
                   warm_start_bound_push = 1e-20                 yes
                   warm_start_init_point = yes                   yes
              warm_start_mult_bound_push = 1e-20                 yes
                warm_start_mult_init_max = 1e+40                 yes
             warm_start_slack_bound_frac = 1e-20                 yes
             warm_start_slack_bound_push = 1e-20                 yes

******************************************************************************
This program contains Ipopt, a library for large-scale nonlinear optimization.
 Ipopt is released as open source code under the Eclipse Public License (EPL).
         For more information visit http://projects.coin-or.org/Ipopt
******************************************************************************

This is Ipopt version 3.12.10, running with linear solver ma97.

Number of nonzeros in equality constraint Jacobian...:   117167
Number of nonzeros in inequality constraint Jacobian.:      213
Number of nonzeros in Lagrangian Hessian.............:    47513

Total number of variables............................:    29977
                     variables with only lower bounds:    11312
                variables with lower and upper bounds:    15135
                     variables with only upper bounds:        0
Total number of equality constraints.................:    29864
Total number of inequality constraints...............:       25
        inequality constraints with only lower bounds:        4
   inequality constraints with lower and upper bounds:        0
        inequality constraints with only upper bounds:       21

iter    objective    inf_pr   inf_du lg(mu)  ||d||  lg(rg) alpha_du alpha_pr  ls
   0 -1.5574506e-01 1.15e-01 2.00e+00  -6.0 0.00e+00    -  0.00e+00 0.00e+00   0
In iteration 0, 8 Slacks too small, adjusting variable bounds
   1 -1.5574506e-01 1.15e-01 2.20e+03  -6.0 1.06e+10    -  2.20e-13 1.04e-18h  1
   2 -1.5574496e-01 1.15e-01 2.20e+03  -6.0 2.63e+02    -  4.80e-03 4.70e-06f  1
   3 -1.5568729e-01 1.14e-01 2.20e+03  -6.0 2.37e+02    -  2.02e-02 2.84e-03h  2
   4 -1.5564457e-01 1.14e-01 2.19e+03  -6.0 2.45e+02    -  1.86e-02 3.11e-03h  4
   5 -1.5558162e-01 1.13e-01 2.18e+03  -6.0 2.53e+02    -  5.16e-02 4.02e-03h  4
   6 -1.5555905e-01 1.13e-01 2.17e+03  -6.0 2.79e+02    -  6.31e-03 2.49e-03h  5
   7 -1.5549222e-01 1.13e-01 2.17e+03  -6.0 2.82e+02    -  1.59e-02 3.09e-03h  5
   8 -1.5547964e-01 1.13e-01 2.17e+03  -6.0 2.96e+02    -  1.45e-02 1.44e-03h  6
   9 -1.5544176e-01 1.12e-01 2.16e+03  -6.0 2.82e+02    -  3.06e-02 1.77e-03h  6
iter    objective    inf_pr   inf_du lg(mu)  ||d||  lg(rg) alpha_du alpha_pr  ls
  10 -1.5541323e-01 1.12e-01 2.16e+03  -6.0 3.13e+02    -  7.56e-02 2.36e-03h  6
  11 -1.5538603e-01 1.12e-01 2.16e+03  -6.0 3.22e+02    -  1.08e-02 1.86e-03h  6
  12 -1.5536176e-01 1.12e-01 2.16e+03  -6.0 3.25e+02    -  3.74e-03 1.60e-03h  6
  13 -1.5401754e-01 1.54e+00 8.72e+03  -6.0 3.50e+02    -  1.74e-01 9.24e-02w  1
  14 -1.5201498e-01 2.18e+00 1.13e+04  -6.0 3.95e+02    -  2.35e-02 5.54e-02w  1
  15 -1.5201449e-01 2.18e+00 1.13e+04  -6.0 4.60e+02    -  6.44e-03 1.83e-05w  1
  16 -1.5534076e-01 1.12e-01 2.17e+03  -6.0 4.54e+02    -  1.74e-01 1.44e-03h  6
  17 -1.5531005e-01 1.11e-01 2.16e+03  -6.0 3.41e+02    -  1.78e-02 1.70e-03h  5
  18 -1.5528263e-01 1.11e-01 2.15e+03  -6.0 3.45e+02    -  5.54e-02 1.47e-03h  5
  19 -1.5525912e-01 1.11e-01 2.14e+03  -6.0 3.52e+02    -  2.91e-02 1.20e-03h  5
iter    objective    inf_pr   inf_du lg(mu)  ||d||  lg(rg) alpha_du alpha_pr  ls
  20 -1.5523593e-01 1.11e-01 2.14e+03  -6.0 3.57e+02    -  5.77e-03 1.16e-03h  5
  21 -1.5521073e-01 1.11e-01 2.13e+03  -6.0 3.52e+02    -  6.63e-02 1.36e-03h  5
  22 -1.5518734e-01 1.11e-01 2.11e+03  -6.0 3.80e+02    -  9.21e-02 1.16e-03h  5
  23 -1.5515919e-01 1.11e-01 2.10e+03  -6.0 3.95e+02    -  3.57e-03 1.39e-03h  4
  24 -1.5513445e-01 1.10e-01 2.10e+03  -6.0 3.95e+02    -  6.60e-03 1.21e-03h  4
  25 -1.5511313e-01 1.10e-01 2.09e+03  -6.0 3.96e+02    -  2.13e-02 1.04e-03h  4
  26 -1.5496138e-01 1.09e-01 2.08e+03  -6.0 4.00e+02    -  8.14e-03 7.28e-03w  1
  27 -1.5276831e-01 1.69e+00 3.41e+03  -6.0 3.99e+02    -  9.16e-02 8.77e-02w  1
  28 -1.5064200e-01 1.87e+00 4.15e+03  -6.0 4.17e+02    -  3.61e-02 4.73e-02w  1
  29 -1.5507520e-01 1.10e-01 2.09e+03  -6.0 4.83e+02    -  8.14e-03 1.82e-03h  2
iter    objective    inf_pr   inf_du lg(mu)  ||d||  lg(rg) alpha_du alpha_pr  ls
  30 -1.5504135e-01 1.10e-01 2.07e+03  -6.0 4.01e+02    -  6.05e-02 1.56e-03h  3
  31 -1.5499603e-01 1.10e-01 2.06e+03  -6.0 4.10e+02    -  1.22e-02 1.90e-03h  4
  32 -1.5495926e-01 1.10e-01 2.04e+03  -6.0 4.12e+02    -  8.09e-02 1.49e-03h  5
  33 -1.5492852e-01 1.09e-01 2.03e+03  -6.0 4.29e+02    -  1.84e-02 1.20e-03h  7
  34 -1.5489196e-01 1.09e-01 2.01e+03  -6.0 4.33e+02    -  4.65e-02 1.41e-03h  7
  35 -1.5484231e-01 1.09e-01 2.00e+03  -6.0 4.44e+02    -  3.09e-02 1.88e-03h  7
  36 -1.5478306e-01 1.09e-01 1.98e+03  -6.0 4.52e+02    -  3.19e-02 2.19e-03h  7
  37 -1.5471851e-01 1.09e-01 1.96e+03  -6.0 4.60e+02    -  6.21e-02 2.32e-03h  7
  38 -1.5468298e-01 1.08e-01 1.94e+03  -6.0 4.75e+02    -  2.89e-02 1.23e-03h  8
  39 -1.5096299e-01 2.17e+00 4.93e+03  -6.0 4.83e+02    -  7.60e-02 1.27e-01w  1
iter    objective    inf_pr   inf_du lg(mu)  ||d||  lg(rg) alpha_du alpha_pr  ls
  40 -1.4811287e-01 2.55e+00 7.78e+03  -6.0 4.51e+02    -  1.43e-01 7.46e-02w  1
  41 -1.4759131e-01 2.52e+00 1.36e+05  -6.0 5.13e+02    -  2.94e-01 1.29e-02w  1
  42 -1.5462485e-01 1.08e-01 1.91e+03  -6.0 5.50e+02    -  7.60e-02 1.98e-03h  6
  43 -1.5458535e-01 1.08e-01 1.90e+03  -6.0 5.02e+02    -  3.14e-02 1.30e-03h  7
  44 -1.5451515e-01 1.08e-01 1.81e+03  -6.0 5.10e+02    -  2.14e-01 2.25e-03h  6
  45 -1.5443102e-01 1.08e-01 1.79e+03  -6.0 5.62e+02    -  2.69e-02 2.52e-03h  5
  46 -1.5434908e-01 1.07e-01 2.09e+03  -6.0 5.73e+02    -  6.31e-02 2.20e-03h  5
  47 -1.5427274e-01 1.07e-01 2.47e+03  -6.0 5.89e+02    -  6.12e-02 1.86e-03h  5
  48 -1.5420078e-01 1.07e-01 2.73e+03  -6.0 6.02e+02    -  4.07e-02 1.66e-03h  5
  49 -1.5413027e-01 1.07e-01 3.87e+03  -6.0 6.09e+02    -  1.66e-01 1.59e-03h  5
iter    objective    inf_pr   inf_du lg(mu)  ||d||  lg(rg) alpha_du alpha_pr  ls
  50 -1.5402113e-01 1.07e-01 4.05e+03  -6.0 6.39e+02    -  3.05e-02 2.27e-03h  5
  51 -1.5394802e-01 1.06e-01 4.57e+03  -6.0 6.38e+02    -  8.08e-02 1.58e-03h  6
  52 -1.5030346e-01 5.61e-01 4.20e+03  -6.0 7.30e+02    -  5.52e-02 6.70e-02w  1
  53 -1.3432524e-01 9.47e+00 4.90e+04  -6.0 5.89e+02    -  1.25e-01 4.39e-01w  1
  54 -1.3341273e-01 9.11e+00 4.86e+04  -6.0 2.37e+02    -  7.95e-02 4.08e-02w  1
  55 -1.5383413e-01 1.06e-01 4.87e+03  -6.0 4.60e+02    -  5.52e-02 2.09e-03h  5
  56 -1.5371652e-01 1.06e-01 5.67e+03  -6.0 6.49e+02    -  1.47e-01 2.67e-03h  7
  57 -1.5361717e-01 1.06e-01 5.96e+03  -6.0 6.63e+02    -  7.11e-02 2.31e-03h  8
  58 -1.5350124e-01 1.05e-01 6.85e+03  -6.0 6.67e+02    -  2.52e-01 2.77e-03h  8
  59 -1.5342428e-01 1.05e-01 6.92e+03  -6.0 6.90e+02    -  7.47e-02 1.86e-03h  9
iter    objective    inf_pr   inf_du lg(mu)  ||d||  lg(rg) alpha_du alpha_pr  ls
  60 -1.5334516e-01 1.05e-01 7.09e+03  -6.0 6.94e+02    -  3.29e-01 1.95e-03h  9
  61 -1.5326420e-01 1.05e-01 6.89e+03  -6.0 7.10e+02    -  8.30e-02 2.05e-03h  9
  62 -1.5318433e-01 1.04e-01 6.51e+03  -6.0 7.12e+02    -  1.28e-01 2.06e-03h  9
  63 -1.5310510e-01 1.04e-01 5.75e+03  -6.0 7.15e+02    -  2.14e-01 2.09e-03h  9
  64 -1.5294671e-01 1.04e-01 5.57e+03  -6.0 7.19e+02    -  3.93e-02 4.31e-03h  8
  65 -1.3252141e-01 5.97e+00 2.74e+04  -6.0 7.16e+02    -  5.27e-01 5.59e-01w  1
  66 -1.3107209e-01 6.46e+00 5.57e+04  -6.0 6.60e+02  -4.0 8.19e-06 2.61e-02w  1
  67 -1.2707758e-01 6.29e+00 4.58e+04  -6.0 2.21e+02  -3.6 5.47e-03 1.74e-01w  1
  68 -1.5278714e-01 1.03e-01 3.20e+03  -6.0 1.05e+02  -3.1 5.27e-01 4.37e-03h  7
  69 -1.5269966e-01 1.03e-01 3.15e+03  -6.0 7.27e+02    -  1.06e-02 2.57e-03h  9
iter    objective    inf_pr   inf_du lg(mu)  ||d||  lg(rg) alpha_du alpha_pr  ls
  70 -1.5261086e-01 1.03e-01 1.49e+03  -6.0 7.33e+02    -  3.08e-01 2.60e-03h  9
  71 -1.5259994e-01 1.03e-01 1.48e+03  -6.0 1.35e+03    -  2.39e-03 2.81e-04h  9
  72 -1.5259746e-01 1.03e-01 1.46e+03  -6.0 2.61e+03    -  1.10e-02 5.62e-05h 10
  73 -1.5260620e-01 1.03e-01 3.11e+03  -6.0 2.42e+02  -3.6 8.77e-02 1.32e-03h  6
  74 -1.5257206e-01 1.02e-01 5.94e+03  -6.0 4.27e+02  -4.1 1.23e-01 1.72e-03h  7
  75 -1.5247102e-01 1.02e-01 6.15e+03  -6.0 6.16e+02  -4.6 1.93e-02 2.56e-03h  8
  76 -1.5237564e-01 1.02e-01 5.82e+03  -6.0 7.03e+02  -5.1 1.78e-01 2.13e-03h  9
  77 -1.5226623e-01 1.02e-01 5.98e+03  -6.0 6.32e+02  -4.6 1.76e-02 2.70e-03h  8
  78 -1.3743523e-01 1.40e+01 6.96e+03  -6.0 7.39e+02  -5.1 7.77e-02 3.20e-01w  1
  79 -1.3743017e-01 1.40e+01 7.78e+04  -6.0 3.65e+02  -3.8 2.15e-01 1.77e-04w  1
iter    objective    inf_pr   inf_du lg(mu)  ||d||  lg(rg) alpha_du alpha_pr  ls
  80 -1.3412716e-01 1.30e+01 9.78e+04  -6.0 2.50e+02  -3.4 3.34e-01 2.29e-01w  1
  81 -1.5215037e-01 1.01e-01 5.75e+03  -6.0 1.85e+02  -2.9 7.77e-02 2.50e-03h  7
  82 -1.5215801e-01 1.01e-01 7.57e+03  -6.0 2.10e+02  -3.4 3.30e-02 7.12e-04h  7
  83 -1.5213977e-01 1.01e-01 2.04e+04  -6.0 3.69e+02  -3.9 2.40e-01 1.39e-03h  7
  84 -1.5202196e-01 1.01e-01 2.11e+04  -6.0 5.96e+02  -4.4 2.80e-02 3.05e-03h  8
  85 -1.5190139e-01 1.01e-01 2.06e+04  -6.0 7.33e+02  -4.8 1.03e-01 2.52e-03h  8
  86 -1.5177529e-01 1.00e-01 2.15e+04  -6.0 6.19e+02  -4.4 3.80e-02 3.11e-03h  8
  87 -1.5174205e-01 1.00e-01 2.10e+04  -6.0 8.09e+02  -4.9 8.44e-02 6.35e-04h  9
  88 -1.5160241e-01 1.00e-01 2.21e+04  -6.0 6.40e+02  -4.5 4.81e-02 3.28e-03h  8
  89 -1.5155334e-01 9.98e-02 4.80e+04  -6.0 4.82e+02  -4.0 3.29e-01 1.77e-03h  8
iter    objective    inf_pr   inf_du lg(mu)  ||d||  lg(rg) alpha_du alpha_pr  ls
  90 -1.5143477e-01 9.96e-02 4.82e+04  -6.0 6.90e+02  -4.5 3.51e-02 2.61e-03h  8
  91 -1.4011786e-01 6.76e+00 4.86e+04  -6.0 5.40e+02  -4.1 1.92e-01 3.41e-01w  1
  92 -1.4009714e-01 6.76e+00 1.03e+05  -6.0 4.71e+02  -3.7 1.49e-01 5.04e-04w  1
  93 -1.3612149e-01 6.49e+00 4.61e+05  -6.0 3.58e+02  -3.2 4.95e-01 1.16e-01w  1
  94 -1.5134636e-01 9.93e-02 6.40e+04  -6.0 8.10e+02  -3.7 1.92e-01 2.66e-03h  7
  95 -1.5124415e-01 9.90e-02 6.69e+04  -6.0 5.96e+02  -4.2 5.18e-02 2.70e-03h  8
  96 -1.5120915e-01 9.90e-02 6.48e+04  -6.0 8.09e+02  -4.7 9.76e-02 6.57e-04h  9
  97 -1.5109269e-01 9.87e-02 6.86e+04  -6.0 6.18e+02  -4.2 7.57e-02 2.91e-03h  8
  98 -1.5108247e-01 9.87e-02 6.80e+04  -6.0 1.01e+03  -4.7 2.68e-02 1.50e-04h 10
  99 -1.5095347e-01 9.84e-02 8.11e+04  -6.0 6.42e+02  -4.3 3.06e-01 3.06e-03h  8
iter    objective    inf_pr   inf_du lg(mu)  ||d||  lg(rg) alpha_du alpha_pr  ls
 100 -1.5088781e-01 9.81e-02 9.39e+04  -6.0 4.79e+02  -3.9 7.62e-02 2.52e-03h  8
 101 -1.5076598e-01 9.78e-02 9.94e+04  -6.0 6.81e+02  -4.3 2.89e-01 2.75e-03h  8
 102 -1.5068014e-01 9.76e-02 1.10e+05  -6.0 5.17e+02  -3.9 6.68e-02 2.91e-03h  8
 103 -1.5062249e-01 9.74e-02 1.09e+05  -6.0 7.16e+02  -4.4 4.40e-01 1.24e-03h  9
 104 -1.3805469e-01 1.02e+01 9.36e+04  -6.0 5.44e+02  -4.0 6.66e-02 3.98e-01w  1
 105 -1.3697577e-01 9.63e+00 1.16e+05  -6.0 1.85e+02  -2.6 1.10e-01 5.95e-02w  1
 106 -1.3692277e-01 9.61e+00 1.52e+05  -6.0 3.42e+02  -3.1 2.56e-02 3.43e-03w  1
 107 -1.5052431e-01 9.71e-02 1.20e+05  -6.0 8.04e+02  -3.6 6.66e-02 3.11e-03h  7
 108 -1.5039509e-01 9.68e-02 2.12e+05  -6.0 5.97e+02  -4.1 7.56e-01 3.52e-03h  8
 109 -1.5037613e-01 9.68e-02 2.08e+05  -6.0 8.43e+02  -4.5 2.66e-02 3.48e-04h 10
iter    objective    inf_pr   inf_du lg(mu)  ||d||  lg(rg) alpha_du alpha_pr  ls
 110 -1.5030573e-01 9.66e-02 2.41e+05  -6.0 6.42e+02  -4.1 7.56e-01 1.81e-03h  9
 111 -1.5029111e-01 9.66e-02 2.37e+05  -6.0 9.18e+02  -4.6 2.03e-02 2.46e-04h 10
 112 -1.5020852e-01 9.64e-02 2.37e+05  -6.0 6.58e+02  -4.2 2.49e-01 2.12e-03h  9
 113 -1.4943412e-01 5.20e-01 2.35e+05  -6.0 1.43e+03  -4.6 7.58e-03 7.58e-03s 18
 114r-1.4943412e-01 5.20e-01 1.00e+03  -0.8 0.00e+00  -4.2 0.00e+00 0.00e+00R  1
 115r-1.4934381e-01 5.17e-01 2.98e+03  -0.8 1.94e+03    -  8.88e-05 7.98e-06f  1
 116r-1.4617861e-01 3.83e-01 1.23e+04  -0.8 1.01e+03    -  2.36e-05 3.23e-04f  1
 117 -1.4615682e-01 3.82e-01 7.52e+02  -6.0 2.71e+02    -  1.04e-06 7.79e-04h  1
 118 -1.4612060e-01 3.82e-01 7.51e+02  -6.0 2.71e+02    -  9.22e-04 1.31e-03h  1
 119 -1.4600956e-01 3.81e-01 7.48e+02  -6.0 2.74e+02    -  9.58e-03 4.02e-03h  1
iter    objective    inf_pr   inf_du lg(mu)  ||d||  lg(rg) alpha_du alpha_pr  ls
 120 -1.4585051e-01 3.79e-01 7.43e+02  -6.0 2.93e+02    -  7.98e-03 6.09e-03h  2
 121 -1.4573150e-01 3.78e-01 7.39e+02  -6.0 3.29e+02    -  5.03e-02 5.13e-03h  2
 122 -1.4563294e-01 3.76e-01 7.36e+02  -6.0 3.73e+02    -  2.30e-02 4.84e-03h  4
 123 -1.4554763e-01 3.75e-01 7.33e+02  -6.0 3.77e+02    -  1.63e-02 3.85e-03h  5
 124 -1.4541513e-01 3.74e-01 7.29e+02  -6.0 3.75e+02    -  3.91e-02 4.93e-03h  5
 125 -1.4527333e-01 3.73e-01 7.26e+02  -6.0 3.76e+02    -  1.01e-02 5.00e-03h  5
 126 -1.4513652e-01 3.72e-01 7.22e+02  -6.0 3.78e+02    -  1.14e-01 4.73e-03h  5
 127 -1.4499289e-01 3.70e-01 7.19e+02  -6.0 3.74e+02    -  3.27e-02 4.95e-03h  5
 128 -1.4485367e-01 3.69e-01 7.15e+02  -6.0 3.76e+02    -  1.43e-01 4.72e-03h  5
 129 -1.4471017e-01 3.68e-01 7.12e+02  -6.0 3.85e+02    -  1.99e-01 4.78e-03h  5
iter    objective    inf_pr   inf_du lg(mu)  ||d||  lg(rg) alpha_du alpha_pr  ls
 130 -1.4307913e-01 7.13e-01 2.10e+03  -6.0 4.07e+02    -  2.14e-01 5.43e-02w  1
 131 -1.4211592e-01 7.48e-01 3.43e+03  -6.0 4.18e+02    -  2.48e-01 2.76e-02w  1
 132 -1.4112705e-01 7.90e-01 2.51e+05  -6.0 4.58e+02    -  2.08e-01 3.13e-02w  1
 133 -1.4450629e-01 3.67e-01 7.21e+02  -6.0 4.88e+02    -  2.14e-01 6.79e-03h  3
 134 -1.4436408e-01 3.66e-01 1.14e+03  -6.0 4.36e+02    -  1.60e-01 4.82e-03h  3
 135 -1.4421575e-01 3.65e-01 3.25e+03  -6.0 4.50e+02    -  1.82e-01 5.18e-03h  2
 136 -1.4403272e-01 3.63e-01 5.72e+03  -6.0 4.69e+02    -  1.20e-01 6.35e-03h  1
 137 -1.4379185e-01 3.61e-01 1.03e+04  -6.0 5.19e+02    -  1.71e-01 7.88e-03h  4
 138 -1.4348966e-01 3.59e-01 1.46e+04  -6.0 5.63e+02    -  1.70e-01 1.00e-02h  3
 139 -1.4330498e-01 3.57e-01 1.99e+04  -6.0 5.89e+02    -  2.37e-01 6.05e-03h  3
iter    objective    inf_pr   inf_du lg(mu)  ||d||  lg(rg) alpha_du alpha_pr  ls
 140 -1.4306780e-01 3.55e-01 2.14e+04  -6.0 6.17e+02    -  1.28e-01 7.48e-03h  2
 141 -1.4279066e-01 3.53e-01 2.61e+04  -6.0 6.43e+02    -  4.50e-01 7.75e-03h  2
 142 -1.4254432e-01 3.51e-01 2.57e+04  -6.0 6.85e+02    -  8.01e-02 5.75e-03h  7
 143 -1.4229080e-01 3.49e-01 2.37e+04  -6.0 6.80e+02    -  4.82e-01 5.81e-03h  7
 144 -1.4206217e-01 3.49e-01 2.26e+04  -6.0 6.98e+02    -  7.61e-02 4.63e-03h  7
 145 -1.4187244e-01 3.49e-01 1.93e+04  -6.0 7.07e+02    -  2.54e-01 3.84e-03h  7
 146 -1.4185992e-01 3.49e-01 1.76e+04  -6.0 9.73e+02    -  4.85e-02 3.71e-04h  8
 147 -1.4157626e-01 3.58e+00 1.70e+04  -6.0 1.78e+03    -  2.30e-02 1.98e-02w  1
 148 -1.4089336e-01 3.54e+00 1.64e+04  -6.0 6.34e+02    -  4.76e-02 1.71e-02w  1
 149 -1.2657331e-01 3.81e+00 1.19e+04  -6.0 6.40e+02    -  1.88e-01 3.40e-01w  1
iter    objective    inf_pr   inf_du lg(mu)  ||d||  lg(rg) alpha_du alpha_pr  ls
 150 -1.4185881e-01 3.49e-01 1.58e+04  -6.0 4.98e+02    -  2.30e-02 7.72e-05h  8
 151 -1.4184648e-01 3.49e-01 1.24e+04  -6.0 1.04e+03    -  8.57e-02 3.14e-04h  8
 152 -1.4179430e-01 3.49e-01 9.29e+03  -6.0 8.57e+02    -  1.53e-01 1.14e-03h  7
 153 -1.4170950e-01 3.49e-01 6.65e+03  -6.0 7.56e+02    -  2.82e-01 1.92e-03h  7
 154 -1.4141190e-01 3.48e-01 1.02e+04  -6.0 5.99e+02  -4.7 2.27e-01 6.07e-03h  6
 155 -1.4125534e-01 3.48e-01 9.18e+03  -6.0 7.29e+02  -5.2 3.84e-01 2.89e-03h  7
 156 -1.4105747e-01 3.47e-01 1.01e+04  -6.0 6.27e+02  -4.8 1.15e-01 3.91e-03h  7
 157 -1.4108507e-01 3.48e-01 8.49e+03  -6.0 6.14e+03  -5.2 5.00e-03 1.20e-04h  6
 158 -1.4082195e-01 3.47e-01 1.20e+04  -6.0 6.37e+02  -4.8 3.64e-01 4.99e-03h  7
 159 -1.4072466e-01 3.46e-01 1.44e+04  -6.0 5.25e+02  -4.4 1.38e-01 2.49e-03h  7
iter    objective    inf_pr   inf_du lg(mu)  ||d||  lg(rg) alpha_du alpha_pr  ls
 160 -1.2661668e-01 4.71e+00 1.03e+04  -6.0 6.81e+02  -4.9 5.45e-01 2.60e-01w  1
 161 -1.2144674e-01 5.96e+00 1.05e+04  -6.0 4.25e+02  -4.4 3.30e-01 1.38e-01w  1
 162 -1.1605885e-01 7.49e+00 1.56e+04  -6.0 4.83e+02  -4.9 6.14e-01 1.83e-01w  1
 163 -1.4050423e-01 3.46e-01 1.36e+04  -6.0 2.71e+02  -4.5 5.45e-01 4.06e-03h  6
 164 -1.4035856e-01 3.45e-01 1.33e+04  -6.0 6.80e+02  -5.0 1.36e-01 2.61e-03h  8
 165 -1.4033769e-01 3.45e-01 1.98e+04  -6.0 5.79e+02  -4.5 6.55e-01 4.62e-04h 10
 166 -1.4032992e-01 3.45e-01 1.90e+04  -6.0 6.95e+02  -5.0 1.37e-01 1.23e-04h 13
 167 -1.4032859e-01 3.45e-01 2.51e+04  -6.0 6.24e+02  -4.6 7.54e-01 2.61e-05h 15
 168 -1.4032768e-01 3.45e-01 2.40e+04  -6.0 7.21e+02  -5.1 8.04e-02 1.26e-05h 16
 169 -1.3995080e-01 3.44e-01 3.01e+04  -6.0 6.40e+02  -4.6 2.61e-01 7.01e-03h  7
iter    objective    inf_pr   inf_du lg(mu)  ||d||  lg(rg) alpha_du alpha_pr  ls
 170 -1.3978747e-01 3.43e-01 2.84e+04  -6.0 8.91e+02  -5.1 3.79e-02 1.51e-03h  7
 171 -1.3940619e-01 3.42e-01 4.39e+04  -6.0 6.46e+02  -4.7 5.52e-01 7.03e-03h  7
 172 -1.3926165e-01 3.41e-01 5.66e+04  -6.0 5.28e+02  -4.3 1.78e-01 3.57e-03h  7
 173 -1.1003729e-01 7.08e+00 3.80e+04  -6.0 6.58e+02  -4.7 1.92e-01 4.95e-01w  1
 174 -1.0935327e-01 6.95e+00 8.01e+05  -6.0 3.25e+02  -4.3 2.25e-01 1.78e-02w  1
 175 -1.0225565e-01 6.46e+00 1.80e+06  -6.0 2.65e+02  -3.9 5.02e-01 2.08e-01w  1
 176 -1.3880502e-01 3.39e-01 6.38e+04  -6.0 2.62e+02  -4.4 1.92e-01 7.73e-03h  6
 177 -1.3830054e-01 3.37e-01 7.90e+04  -6.0 6.66e+02  -4.8 4.33e-01 8.17e-03h  7
 178 -1.3809510e-01 3.36e-01 1.43e+05  -6.0 5.63e+02  -4.4 5.90e-01 4.42e-03h  7
 179 -1.3751997e-01 3.34e-01 1.49e+05  -6.0 6.82e+02  -4.9 1.40e-01 8.27e-03h  7
iter    objective    inf_pr   inf_du lg(mu)  ||d||  lg(rg) alpha_du alpha_pr  ls
 180 -1.3712012e-01 3.32e-01 2.27e+05  -6.0 6.05e+02  -4.5 4.59e-01 7.36e-03h  7
 181 -1.3661448e-01 3.30e-01 2.34e+05  -6.0 6.92e+02  -4.9 1.10e-01 6.69e-03h  7
 182 -1.3615094e-01 3.29e-01 4.51e+05  -6.0 6.19e+02  -4.5 9.48e-01 8.00e-03h  7
 183 -1.3556599e-01 3.29e-01 4.46e+05  -6.0 7.27e+02  -5.0 7.77e-02 6.77e-03h  6
 184 -1.3498559e-01 3.27e-01 5.52e+05  -6.0 6.33e+02  -4.6 3.58e-01 9.15e-03h  7
 185 -1.3494721e-01 3.27e-01 5.25e+05  -6.0 1.66e+03  -5.0 2.14e-02 2.23e-04h  8
 186 -9.9749935e-02 8.12e+00 2.25e+05  -6.0 6.40e+02  -4.6 5.05e-01 5.46e-01w  1
 187 -9.3189921e-02 6.82e+00 4.59e+05  -6.0 2.46e+02  -4.2 5.10e-01 2.47e-01w  1
 188 -8.9903105e-02 6.98e+00 5.97e+05  -6.0 3.40e+02  -4.7 3.36e-01 1.96e-01w  1
 189 -1.3439725e-01 3.26e-01 6.84e+05  -6.0 2.54e+02  -5.1 5.05e-01 8.53e-03h  6
iter    objective    inf_pr   inf_du lg(mu)  ||d||  lg(rg) alpha_du alpha_pr  ls
 190 -1.3375674e-01 3.23e-01 7.24e+05  -6.0 6.53e+02  -4.7 2.10e-01 9.10e-03h  7
 191 -1.3345500e-01 3.24e-01 1.21e+06  -6.0 5.50e+02  -4.3 6.22e-01 5.74e-03h  5
 192 -1.3295766e-01 3.22e-01 1.20e+06  -6.0 6.77e+02  -4.8 1.12e-01 6.25e-03h  7
 193 -1.3231970e-01 3.21e-01 1.79e+06  -6.0 6.08e+02  -4.3 1.00e+00 9.65e-03h  7
 194 -1.3216321e-01 3.22e-01 1.78e+06  -6.0 8.83e+02  -4.8 2.81e-03 1.39e-03h  7
 195 -1.3146106e-01 3.19e-01 1.82e+06  -6.0 6.43e+02  -4.4 2.57e-01 9.32e-03h  7
 196 -1.3114124e-01 3.35e-01 1.82e+06  -6.0 3.61e+03  -4.9 7.90e-04 7.90e-04s 16
 197r-1.3114124e-01 3.35e-01 1.00e+03  -0.9 0.00e+00  -4.4 0.00e+00 0.00e+00R  1
 198r-1.3104668e-01 3.22e-01 4.56e+03  -0.9 3.54e+03    -  1.83e-04 3.85e-05f  1
 199 -1.3102826e-01 3.22e-01 9.70e+01  -6.0 2.78e+02    -  7.02e-02 7.93e-04h  1
iter    objective    inf_pr   inf_du lg(mu)  ||d||  lg(rg) alpha_du alpha_pr  ls
 200 -1.3081816e-01 3.27e-01 1.83e+02  -6.0 3.09e+02    -  7.33e-02 9.30e-03h  3
 201 -1.3067608e-01 3.27e-01 2.73e+02  -6.0 3.11e+02    -  8.40e-02 5.13e-03h  4
 202 -1.3043214e-01 3.32e-01 2.93e+02  -6.0 3.18e+02    -  3.22e-02 9.06e-03h  3
 203 -1.3022263e-01 3.34e-01 4.82e+02  -6.0 3.17e+02    -  2.22e-01 7.29e-03h  3
 204 -1.3000957e-01 3.35e-01 6.43e+02  -6.0 3.21e+02    -  4.46e-02 7.31e-03h  3
 205 -1.2976994e-01 3.38e-01 4.64e+03  -6.0 3.12e+02    -  1.94e-01 8.20e-03h  3
 206 -1.2957999e-01 3.38e-01 1.29e+04  -6.0 3.23e+02    -  2.40e-01 6.73e-03h  5
 207 -1.2934705e-01 3.39e-01 2.16e+04  -6.0 3.60e+02    -  3.07e-01 8.82e-03h  2
 208 -1.2923178e-01 3.38e-01 2.80e+04  -6.0 4.05e+02    -  3.41e-01 4.54e-03h  1
 209 -1.2874923e-01 3.34e-01 2.98e+04  -6.0 4.46e+02    -  2.97e-01 1.63e-02h  3
iter    objective    inf_pr   inf_du lg(mu)  ||d||  lg(rg) alpha_du alpha_pr  ls
 210 -1.2847441e-01 3.32e-01 3.02e+04  -6.0 4.74e+02    -  2.72e-01 8.86e-03h  3
 211 -1.2810650e-01 3.28e-01 2.88e+04  -6.0 5.09e+02    -  3.00e-01 1.13e-02h  2
 212 -1.2776365e-01 3.25e-01 2.60e+04  -6.0 5.08e+02    -  3.19e-01 9.00e-03h  2
 213 -1.2713636e-01 3.21e-01 2.07e+04  -6.0 5.35e+02    -  4.88e-01 1.38e-02h  5
 214 -1.2674796e-01 3.18e-01 2.01e+04  -6.0 5.73e+02  -4.9 2.32e-01 7.05e-03h  7
 215 -1.2626712e-01 3.18e-01 2.38e+04  -6.0 5.12e+02  -4.5 4.59e-01 9.96e-03h  6
 216 -1.2598662e-01 3.20e-01 3.14e+04  -6.0 4.08e+02  -4.1 2.76e-01 7.20e-03h  6
 217 -1.2582187e-01 3.20e-01 2.73e+04  -6.0 6.14e+02  -4.5 2.38e-01 2.99e-03h  7
 218 -1.2559861e-01 3.20e-01 3.71e+04  -6.0 4.60e+02  -4.1 4.34e-01 4.96e-03h  7
 219 -1.1787749e-01 6.44e+00 5.68e+04  -6.0 3.41e+02  -3.7 3.18e-01 2.32e-01w  1
iter    objective    inf_pr   inf_du lg(mu)  ||d||  lg(rg) alpha_du alpha_pr  ls
 220 -1.1783254e-01 6.43e+00 2.37e+06  -6.0 1.10e+02  -2.4 1.16e-01 2.83e-03w  1
 221 -1.1647311e-01 6.88e+00 1.00e+07  -6.0 1.06e+02  -1.9 2.62e-01 7.56e-02w  1
 222 -1.2535733e-01 3.24e-01 5.84e+04  -6.0 2.16e+02  -1.5 3.18e-01 7.24e-03h  5
 223 -1.2536290e-01 3.25e-01 1.26e+05  -6.0 9.55e+01  -2.0 8.57e-02 2.24e-03h  6
 224 -1.2535527e-01 3.26e-01 2.59e+05  -6.0 1.18e+02  -2.5 2.89e-01 2.33e-03h  7
 225 -1.2519220e-01 3.28e-01 5.08e+05  -6.0 2.68e+02  -2.9 3.74e-01 5.70e-03h  4
 226 -1.2468274e-01 3.27e-01 7.04e+05  -6.0 4.79e+02  -3.4 5.27e-01 9.16e-03h  6
 227 -1.2447266e-01 3.26e-01 5.74e+05  -6.0 6.37e+02  -3.9 3.94e-01 3.40e-03h  7
 228 -1.2416574e-01 3.25e-01 8.23e+05  -6.0 4.99e+02  -3.5 5.13e-01 5.97e-03h  7
 229 -1.2404952e-01 3.24e-01 7.60e+05  -6.0 6.83e+02  -4.0 1.62e-01 1.89e-03h  7
iter    objective    inf_pr   inf_du lg(mu)  ||d||  lg(rg) alpha_du alpha_pr  ls
 230 -1.2372056e-01 3.23e-01 1.08e+06  -6.0 5.23e+02  -3.5 7.01e-01 6.30e-03h  7
 231 -1.2370902e-01 3.23e-01 1.06e+06  -6.0 9.60e+02  -4.0 3.22e-02 1.80e-04h  8
 232 -1.0509523e-01 5.88e+00 8.66e+05  -6.0 5.49e+02  -3.6 8.76e-01 3.46e-01w  1
 233 -1.0347020e-01 5.20e+00 3.13e+05  -6.0 1.41e+02  -2.2 3.05e-06 1.11e-01w  1
 234 -1.0008230e-01 4.43e+00 1.60e+06  -6.0 1.98e+02  -2.7 2.97e-01 1.34e-01w  1
 235 -1.2341818e-01 3.22e-01 1.34e+06  -6.0 2.42e+02  -3.2 8.76e-01 5.41e-03h  6
 236 -1.2297466e-01 3.20e-01 1.33e+06  -6.0 5.78e+02  -3.7 4.83e-01 7.90e-03h  6
 237 -1.2271255e-01 3.20e-01 2.75e+06  -6.0 4.41e+02  -3.3 7.11e-01 5.86e-03h  7
 238 -1.2238847e-01 3.19e-01 2.31e+06  -6.0 6.25e+02  -3.7 3.32e-01 5.37e-03h  6
 239 -1.2203567e-01 3.18e-01 3.83e+06  -6.0 4.95e+02  -3.3 9.74e-01 6.95e-03h  7
iter    objective    inf_pr   inf_du lg(mu)  ||d||  lg(rg) alpha_du alpha_pr  ls
 240 -1.2180119e-01 3.17e-01 3.37e+06  -6.0 6.64e+02  -3.8 1.78e-01 3.74e-03h  6
 241 -1.2126153e-01 3.16e-01 4.64e+06  -6.0 5.33e+02  -3.4 8.02e-01 9.83e-03h  6
 242 -1.2118837e-01 3.16e-01 4.68e+06  -6.0 6.93e+02  -3.8 1.20e-01 1.18e-03h  7
 243 -1.2072239e-01 3.14e-01 7.20e+06  -6.0 5.43e+02  -3.4 1.00e+00 8.26e-03h  6
 244 -1.2056835e-01 3.14e-01 7.17e+06  -6.0 6.63e+02  -3.9 1.32e-01 2.56e-03h  6
 245 -1.0511801e-01 4.04e+00 6.46e+06  -6.0 5.35e+02  -3.5 8.04e-01 2.74e-01w  1
 246 -1.0478116e-01 3.97e+00 9.54e+06  -6.0 7.67e+02  -3.9 3.80e-01 1.83e-02w  1
 247 -9.7027374e-02 3.27e+00 1.10e+07  -6.0 3.03e+02  -3.5 1.00e+00 2.35e-01w  1
 248 -1.2008552e-01 3.13e-01 8.99e+06  -6.0 9.56e+02  -4.0 8.04e-01 8.56e-03h  5
 249 -1.1950983e-01 3.11e-01 9.64e+06  -6.0 5.32e+02  -3.6 5.40e-01 1.02e-02h  6
iter    objective    inf_pr   inf_du lg(mu)  ||d||  lg(rg) alpha_du alpha_pr  ls
 250 -1.1931426e-01 3.11e-01 9.28e+06  -6.0 6.20e+02  -4.0 4.62e-02 2.54e-03h  7
 251 -1.1850661e-01 3.08e-01 9.89e+06  -6.0 5.12e+02  -3.6 9.43e-01 1.44e-02h  6
 252 -1.1832870e-01 3.08e-01 9.83e+06  -6.0 6.49e+02  -4.1 7.26e-03 2.42e-03h  7
 253 -1.1748247e-01 3.04e-01 1.02e+07  -6.0 4.82e+02  -3.7 5.98e-01 1.63e-02h  6
 254 -1.1705177e-01 3.07e-01 1.61e+07  -6.0 3.98e+02  -3.2 7.99e-01 1.03e-02h  5
 255 -1.1636480e-01 3.03e-01 1.55e+07  -6.0 4.82e+02  -3.7 3.48e-01 1.40e-02h  6
 256 -1.1585068e-01 3.04e-01 2.20e+07  -6.0 4.23e+02  -3.3 1.00e+00 1.19e-02h  4
 257 -1.1509319e-01 3.00e-01 2.01e+07  -6.0 4.71e+02  -3.8 8.06e-01 1.78e-02h  4
 258 -1.1297867e-01 4.67e-01 2.34e+07  -6.0 3.76e+02  -3.3 3.74e-01 6.03e-02w  1
 259 -9.7771323e-02 1.66e+00 1.36e+07  -6.0 4.64e+02  -3.8 3.07e-01 4.36e-01w  1
iter    objective    inf_pr   inf_du lg(mu)  ||d||  lg(rg) alpha_du alpha_pr  ls
 260 -9.6966381e-02 1.58e+00 1.42e+07  -6.0 2.26e+02  -3.4 2.95e-01 5.36e-02w  1
 261 -1.1482887e-01 3.01e-01 2.53e+07  -6.0 4.01e+02  -3.9 3.74e-01 7.53e-03h  3
 262 -1.1450070e-01 3.01e-01 3.15e+07  -6.0 4.02e+02  -3.4 1.00e+00 8.93e-03h  3
 263 -1.1410818e-01 2.98e-01 3.02e+07  -6.0 6.27e+02  -3.9 8.38e-02 1.08e-02h  6
 264 -1.1353074e-01 2.98e-01 3.35e+07  -6.0 4.20e+02  -3.5 1.00e+00 1.66e-02h  2
 265 -1.1308984e-01 3.04e-01 4.04e+07  -6.0 3.21e+02  -3.1 2.47e-01 1.38e-02h  3
 266 -1.1269043e-01 3.00e-01 3.83e+07  -6.0 4.95e+02  -3.5 2.72e-01 1.23e-02h  1
 267 -1.1235205e-01 3.01e-01 3.83e+07  -6.0 3.31e+02  -3.1 2.22e-02 1.02e-02h  5
 268 -1.1235024e-01 3.01e-01 5.18e+07  -6.0 2.55e+02  -2.7 2.31e-01 6.18e-05h  1
 269 -1.1172688e-01 3.00e-01 6.28e+07  -6.0 3.63e+02  -3.2 7.96e-01 1.75e-02h  5
iter    objective    inf_pr   inf_du lg(mu)  ||d||  lg(rg) alpha_du alpha_pr  ls
 270 -1.1165893e-01 3.00e-01 5.99e+07  -6.0 7.72e+02  -3.6 3.23e-02 2.88e-03h  4
 271 -1.1094454e-01 2.96e-01 5.92e+07  -6.0 4.25e+02  -3.2 6.53e-01 2.17e-02h  5
 272 -1.1053788e-01 2.99e-01 7.65e+07  -6.0 3.01e+02  -2.8 3.50e-01 1.30e-02h  5
 273 -1.0939831e-01 2.87e-01 6.99e+07  -6.0 5.04e+02  -3.3 1.64e-01 3.84e-02h  3
 274 -1.0899888e-01 2.87e-01 1.05e+08  -6.0 3.22e+02  -2.8 1.00e+00 1.31e-02h  6
 275 -1.0892810e-01 2.86e-01 9.89e+07  -6.0 5.64e+02  -3.3 7.47e-02 3.10e-03h  5
 276 -1.0845573e-01 2.84e-01 1.06e+08  -6.0 3.72e+02  -2.9 7.25e-01 1.64e-02h  5
 277 -1.0842158e-01 2.83e-01 1.00e+08  -6.0 6.58e+02  -3.4 5.54e-02 1.86e-03h  5
 278 -1.0797984e-01 2.80e-01 9.68e+07  -6.0 4.11e+02  -2.9 7.34e-01 1.66e-02h  4
 279 -1.0777947e-01 4.52e-01 9.26e+07  -6.0 7.87e+02  -3.4 4.10e-02 1.69e-02w  1
iter    objective    inf_pr   inf_du lg(mu)  ||d||  lg(rg) alpha_du alpha_pr  ls
 280 -1.0777558e-01 4.52e-01 7.81e+07  -6.0 4.67e+02  -3.0 7.86e-01 1.55e-04w  1
 281 -1.0708535e-01 4.41e-01 7.82e+07  -6.0 1.08e+03  -3.5 2.33e-02 3.74e-02w  1
 282 -1.0797358e-01 2.79e-01 9.24e+07  -6.0 4.69e+02  -3.0 4.10e-02 5.29e-04h  5
 283 -1.0798763e-01 2.80e-01 9.99e+07  -6.0 1.24e+04  -3.5 8.27e-03 4.31e-05h  5
 284 -1.0778190e-01 2.77e-01 6.52e+07  -6.0 4.93e+02  -3.1 7.63e-01 8.29e-03h  4
 285 -1.0776306e-01 2.77e-01 6.16e+07  -6.0 9.54e+02  -3.6 2.31e-02 1.79e-03h  5
 286 -1.0747249e-01 2.74e-01 5.10e+07  -6.0 5.28e+02  -3.2 3.55e-01 1.20e-02h  4
 287 -1.0745874e-01 2.73e-01 4.74e+07  -6.0 1.68e+03  -3.6 1.26e-02 1.24e-03h  5
 288 -1.0707492e-01 2.70e-01 2.88e+07  -6.0 5.90e+02  -3.2 4.52e-01 1.59e-02h  4
 289 -1.0666193e-01 2.72e-01 4.83e+07  -6.0 2.87e+02  -2.8 3.88e-01 1.95e-02h  5
iter    objective    inf_pr   inf_du lg(mu)  ||d||  lg(rg) alpha_du alpha_pr  ls
 290 -1.0653897e-01 2.71e-01 4.40e+07  -6.0 6.94e+02  -3.3 5.40e-02 5.30e-03h  5
 291 -9.9684424e-02 3.48e-01 6.13e+09  -6.0 3.34e+02  -2.8 2.36e-01 3.25e-01H  1
 292 -9.9088266e-02 3.56e-01 5.90e+09  -6.0 1.67e+02  -2.4 1.51e-01 3.74e-02h  4
 293 -9.9023455e-02 3.54e-01 5.87e+09  -6.0 2.88e+02  -2.9 2.04e-01 5.47e-03h  1
 294 -9.8265075e-02 3.67e-01 5.56e+09  -6.0 1.63e+02  -2.5 1.00e+00 5.29e-02h  4
 295 -9.7633351e-02 3.55e-01 5.22e+09  -6.0 4.15e+02  -2.9 8.40e-02 6.18e-02h  2
 296 -9.6968692e-02 3.45e-01 4.88e+09  -6.0 2.25e+02  -2.5 5.48e-01 6.46e-02h  3
 297 -9.6926865e-02 3.45e-01 4.87e+09  -6.0 5.72e+02  -3.0 5.76e-02 2.34e-03h  6
 298 -9.6528174e-02 3.30e-01 4.63e+09  -6.0 2.49e+02  -2.6 7.02e-01 4.90e-02h  3
 299 -9.5925865e-02 3.35e-01 4.32e+09  -6.0 1.51e+02  -2.1 4.70e-01 6.64e-02h  4
iter    objective    inf_pr   inf_du lg(mu)  ||d||  lg(rg) alpha_du alpha_pr  ls
 300 -9.5753426e-02 3.23e-01 4.17e+09  -6.0 2.87e+02  -2.6 2.80e-01 3.43e-02h  3
 301 -9.5183434e-02 3.14e-01 3.84e+09  -6.0 1.76e+02  -2.2 5.13e-01 8.06e-02h  3
 302 -9.5125113e-02 3.05e-01 3.72e+09  -6.0 2.73e+02  -2.7 2.70e-01 3.05e-02h  3
 303 -9.4833598e-02 2.91e-01 3.50e+09  -6.0 1.84e+02  -2.2 3.82e-01 5.93e-02h  3
 304 -9.5315533e-02 4.85e-01 3.05e+09  -6.0 2.64e+02  -2.7 4.16e-01 1.28e-01w  1
 305 -9.5315487e-02 4.85e-01 3.05e+09  -6.0 1.42e+02  -2.3 6.08e-01 2.94e-05w  1
 306 -9.6411368e-02 1.23e+00 2.84e+09  -6.0 4.83e+02  -2.8 2.64e-01 6.87e-02w  1
 307 -9.4893840e-02 2.89e-01 3.44e+09  -6.0 1.61e+02  -2.3 4.16e-01 1.60e-02h  3
 308 -9.4544843e-02 2.86e-01 3.25e+09  -6.0 1.15e+02  -1.9 8.00e-01 5.74e-02h  3
 309 -9.4527784e-02 2.81e-01 3.19e+09  -6.0 2.18e+02  -2.4 2.55e-01 1.81e-02h  4
iter    objective    inf_pr   inf_du lg(mu)  ||d||  lg(rg) alpha_du alpha_pr  ls
 310 -9.4370825e-02 2.72e-01 3.06e+09  -6.0 1.49e+02  -2.0 1.00e+00 3.85e-02h  4
 311 -9.4387391e-02 2.68e-01 3.02e+09  -6.0 2.31e+02  -2.4 1.39e-01 1.56e-02h  4
 312 -9.4355853e-02 2.64e-01 2.98e+09  -6.0 1.73e+02  -2.0 8.76e-01 1.36e-02h  5
 313 -9.4373502e-02 2.62e-01 2.95e+09  -6.0 2.36e+02  -2.5 1.44e-01 7.50e-03h  5
 314 -9.4354107e-02 2.59e-01 2.92e+09  -6.0 1.79e+02  -2.1 1.00e+00 1.22e-02h  5
 315 -9.4433290e-02 2.57e-01 2.87e+09  -6.0 2.41e+02  -2.5 1.63e-01 1.72e-02h  4
 316 -9.4421073e-02 2.53e-01 2.83e+09  -6.0 1.73e+02  -2.1 8.57e-01 1.29e-02h  5
 317 -9.5868913e-02 1.47e+00 2.50e+09  -6.0 4.04e+02  -2.6 3.13e-01 1.16e-01w  1
 318 -9.5923924e-02 1.39e+00 2.35e+09  -6.0 1.53e+02  -2.2 5.14e-01 6.10e-02w  1
 319 -9.5923931e-02 1.39e+00 2.35e+09  -6.0 1.89e+02  -2.6 7.09e-02 5.65e-06w  1
iter    objective    inf_pr   inf_du lg(mu)  ||d||  lg(rg) alpha_du alpha_pr  ls
 320 -9.4511563e-02 2.57e-01 2.81e+09  -6.0 2.57e+02  -3.1 3.13e-01 7.27e-03h  4
 321 -9.4416761e-02 2.51e-01 2.73e+09  -6.0 1.17e+02  -1.8 1.61e-01 2.85e-02h  1
 322 -9.4437101e-02 2.48e-01 2.68e+09  -6.0 1.82e+02  -2.3 4.74e-01 1.61e-02h  5
 323 -9.3809972e-02 2.01e-01 8.13e+09  -6.0 1.21e+02  -1.8 7.06e-01 2.50e-01H  1
 324 -9.4045887e-02 2.21e-01 7.83e+09  -6.0 2.42e+02  -2.3 4.62e-01 3.70e-02h  3
 325 -9.4055895e-02 2.31e-01 6.48e+09  -6.0 1.17e+02  -1.9 1.00e+00 1.73e-01h  2
 326 -9.4218350e-02 2.42e-01 6.38e+09  -6.0 2.97e+02  -2.4 3.11e-01 1.55e-02h  2
 327 -9.4322297e-02 2.35e-01 5.91e+09  -6.0 1.20e+02  -1.9 1.00e+00 7.36e-02h  1
 328 -9.4324775e-02 2.35e-01 5.90e+09  -6.0 1.50e+02  -2.4 3.82e-01 1.32e-03h  1
 329 -9.4805488e-02 2.10e-01 5.23e+09  -6.0 1.76e+02  -2.9 4.80e-01 1.13e-01h  3
iter    objective    inf_pr   inf_du lg(mu)  ||d||  lg(rg) alpha_du alpha_pr  ls
 330 -9.5851673e-02 5.35e-02 1.30e+09  -6.0 1.16e+02  -2.5 8.16e-01 8.70e-01H  1
 331 -9.6271708e-02 3.82e-02 6.46e+08  -6.0 4.76e+01  -2.9 8.65e-01 5.00e-01h  2
 332 -9.7035530e-02 5.10e-02 5.11e+08  -6.0 9.55e+01  -3.4 3.62e-02 2.07e-01h  3
 333 -9.7029660e-02 4.87e-02 4.93e+08  -6.0 3.69e+01  -3.0 2.80e-01 3.63e-02h  5
 334 -9.7029125e-02 4.87e-02 4.93e+08  -6.0 1.65e+02  -3.5 1.35e-02 7.40e-05h  1
 335 -9.6914920e-02 4.29e-02 4.31e+08  -6.0 2.23e+01  -1.2 1.04e-02 1.12e-01h  1
 336 -9.6932599e-02 3.27e-02 3.15e+08  -6.0 2.16e+01  -1.7 1.19e-02 2.68e-01h  1
 337 -9.6924018e-02 3.23e-02 3.11e+08  -6.0 6.63e+00  -2.2 3.14e-01 1.23e-02h  1
 338 -9.6935617e-02 3.60e-02 2.96e+08  -6.0 1.63e+01  -2.7 1.44e-02 4.75e-02h  1
 339 -9.6942384e-02 4.39e-02 2.86e+08  -6.0 4.35e+01  -3.2 1.21e-01 3.41e-02h  2
iter    objective    inf_pr   inf_du lg(mu)  ||d||  lg(rg) alpha_du alpha_pr  ls
 340 -9.6939233e-02 5.08e-02 2.61e+08  -6.0 1.44e+01  -2.7 1.87e-01 8.78e-02h  1
 341 -9.6925749e-02 4.98e-02 2.55e+08  -6.0 3.08e+01  -3.2 3.94e-01 2.09e-02h  1
 342 -9.6640446e-02 1.91e-02 6.61e+07  -6.0 9.54e+00  -2.8 1.10e-01 7.11e-01h  1
 343 -9.6435244e-02 7.07e-03 1.01e+07  -6.0 4.41e+00  -3.3 9.65e-01 8.27e-01h  1
 344 -9.5759196e-02 1.03e-04 6.09e+05  -6.0 5.02e+00  -3.7 8.91e-01 1.00e+00H  1
 345 -9.5923423e-02 6.42e-04 3.20e+02  -6.0 2.98e-01  -4.2 9.47e-01 1.00e+00h  1
 346 -9.6197912e-02 1.81e-03 2.69e+02  -6.0 1.83e+00  -4.7 4.28e-01 1.58e-01h  1
 347 -9.6738292e-02 9.91e-03 1.34e+02  -6.0 5.91e+00  -5.2 7.85e-01 5.00e-01f  1
 348 -9.8063713e-02 8.61e-02 2.55e+01  -6.0 1.06e+01  -5.6 1.00e+00 7.95e-01H  1
 349 -9.8655369e-02 7.07e-02 2.64e+01  -6.0 3.27e+01  -6.1 1.00e+00 1.48e-01h  1
iter    objective    inf_pr   inf_du lg(mu)  ||d||  lg(rg) alpha_du alpha_pr  ls
 350 -1.0539641e-01 7.48e-02 1.67e+01  -6.0 1.00e+02  -6.6 3.58e-01 7.78e-01H  1
 351 -1.0910538e-01 9.42e-02 1.55e+01  -6.0 4.65e+02  -7.1 7.34e-02 9.53e-02h  1
 352 -1.1248635e-01 1.28e-01 9.37e+03  -6.0 1.51e+02  -6.6 2.70e-01 3.25e-01H  1
 353 -1.1486814e-01 7.96e-02 1.00e+03  -6.0 6.54e+01  -6.2 7.25e-01 4.24e-01h  1
 354 -1.1544139e-01 2.98e-03 2.01e+05  -6.0 2.62e+00  -4.9 2.37e-01 1.00e+00f  1
 355 -1.1587465e-01 5.53e-03 1.66e+05  -6.0 1.57e+01  -5.4 2.59e-01 1.75e-01h  1
 356 -1.1931352e-01 2.30e-01 3.09e+03  -6.0 2.47e+01  -5.8 4.53e-01 1.00e+00h  1
 357 -1.1950290e-01 2.30e-01 8.73e+02  -6.0 2.78e+02  -6.3 5.80e-02 7.23e-03h  1
 358 -1.2290306e-01 2.19e-01 1.06e+04  -6.0 2.76e+02  -6.8 4.45e-01 1.49e-01h  1
 359 -1.2384343e-01 2.23e-01 1.10e+04  -6.0 4.54e+03  -7.3 2.82e-02 2.77e-03h  4
iter    objective    inf_pr   inf_du lg(mu)  ||d||  lg(rg) alpha_du alpha_pr  ls
 360 -1.2578360e-01 2.49e-01 2.90e+04  -6.0 3.52e+02  -6.8 6.57e-01 6.59e-02h  3
 361 -1.2606764e-01 2.49e-01 5.63e+03  -6.0 2.87e+04  -7.3 1.03e-02 1.96e-04h  4
 362 -1.2763545e-01 2.62e-01 3.49e+04  -6.0 3.62e+02  -6.9 7.79e-01 4.90e-02h  3
 363 -1.3090585e-01 2.56e-01 3.01e+04  -6.0 9.98e+01  -6.5 1.00e+00 2.95e-01h  2
 364 -1.3524309e-01 3.09e-01 3.92e+04  -6.0 2.52e+02  -7.0 5.10e-01 1.65e-01h  1
 365 -1.4249954e-01 2.26e+00 1.04e+04  -6.0 7.11e+01  -6.5 1.00e+00 8.60e-01h  1
 366 -1.4506878e-01 2.15e+00 1.57e+04  -6.0 2.57e+02  -7.0 1.68e-01 1.08e-01h  1
 367 -1.4808046e-01 2.31e+00 5.71e+07  -6.0 1.51e+02  -6.6 7.57e-04 3.10e-01h  1
 368 -1.7141847e-01 3.23e+00 1.18e+07  -6.0 3.42e+02  -7.1 1.05e-01 7.92e-01h  1
 369 -1.7628032e-01 4.08e+00 9.13e+06  -6.0 1.38e+02  -6.6 1.79e-01 2.30e-01h  1
iter    objective    inf_pr   inf_du lg(mu)  ||d||  lg(rg) alpha_du alpha_pr  ls
 370 -1.7689958e-01 4.00e+00 8.94e+06  -6.0 3.07e+02  -7.1 2.42e-02 2.00e-02h  1
 371 -1.7700457e-01 3.91e+00 8.74e+06  -6.0 1.91e+01  -4.9 1.04e-01 2.31e-02h  1
 372 -1.7929144e-01 1.16e+00 2.67e+06  -6.0 1.01e+01  -5.4 2.27e-03 6.94e-01f  1
 373 -1.7952571e-01 1.17e+00 2.66e+06  -6.0 3.46e+02  -4.9 1.40e-03 2.58e-03h  1
 374 -1.8134169e-01 2.89e-02 1.70e+03  -6.0 9.06e+00  -5.4 6.08e-03 1.00e+00h  1
 375 -1.8299654e-01 3.62e-01 3.93e+02  -6.0 2.04e+01  -5.9 8.87e-01 7.65e-01h  1
 376 -1.8557257e-01 1.26e+00 1.84e+02  -6.0 5.13e+01  -6.4 1.00e+00 5.28e-01f  1
 377 -1.8714633e-01 1.42e+00 1.62e+02  -6.0 1.39e+02  -6.8 1.00e+00 1.35e-01h  1
 378 -1.9379978e-01 1.70e+01 1.35e+02  -6.0 1.29e+03  -7.3 1.12e-01 1.69e-01h  1
 379 -1.9380858e-01 1.69e+01 1.35e+02  -6.0 2.62e+02  -6.9 1.16e-03 6.38e-04h  1
iter    objective    inf_pr   inf_du lg(mu)  ||d||  lg(rg) alpha_du alpha_pr  ls
 380 -1.9384796e-01 1.69e+01 1.35e+02  -6.0 2.95e+02  -7.4 7.29e-05 2.72e-03f  1
 381 -1.9384401e-01 1.69e+01 1.35e+02  -6.0 8.28e+04  -7.8 2.19e-08 1.18e-05f  2
 382 -1.9385509e-01 1.69e+01 1.35e+02  -6.0 2.65e+02  -6.5 8.62e-04 1.00e-03h  1
 383 -1.9386257e-01 1.69e+01 1.35e+02  -6.0 3.83e+02  -7.0 1.13e-05 2.73e-04h  1
 384 -1.9386334e-01 1.69e+01 1.35e+02  -6.0 2.33e+03  -6.6 5.72e-08 3.27e-05f  1
 385 -1.9386411e-01 1.69e+01 1.35e+02  -6.0 8.01e+02  -7.0 1.82e-06 9.95e-05h  1
 386 -1.9386609e-01 1.69e+01 1.35e+02  -6.0 1.45e+03  -6.6 4.55e-08 5.40e-05f  1
 387 -1.9386290e-01 1.69e+01 1.34e+02  -6.0 1.01e+03  -7.1 1.96e-06 2.81e-04h  1
 388 -1.9376806e-01 1.68e+01 1.33e+02  -6.0 1.24e+03  -7.6 2.54e-05 6.75e-03h  2
 389 -1.9400310e-01 1.59e+01 1.26e+02  -6.0 4.26e+01  -6.2 1.28e-01 5.29e-02h  1
iter    objective    inf_pr   inf_du lg(mu)  ||d||  lg(rg) alpha_du alpha_pr  ls
 390 -1.9412054e-01 1.58e+01 1.25e+02  -6.0 1.56e+02  -6.7 1.22e-01 9.60e-03h  1
 391 -1.9430014e-01 1.55e+01 1.23e+02  -6.0 1.38e+02  -7.2 1.91e-01 1.75e-02h  1
 392 -1.9649607e-01 1.33e+01 1.06e+02  -6.0 2.27e+02  -7.7 4.39e-02 1.43e-01h  1
 393 -1.9652190e-01 1.33e+01 1.10e+02  -6.0 1.53e+05  -8.1 6.09e-03 8.39e-05h  1
 394 -1.9653355e-01 1.33e+01 1.09e+02  -6.0 2.89e+02  -7.7 2.46e-01 7.87e-04h  1
 395 -2.0364549e-01 1.32e+00 1.51e+02  -6.0 1.37e+02  -7.3 3.36e-01 1.00e+00f  1
 396 -2.0674087e-01 1.03e+00 9.26e+01  -6.0 1.99e+02  -7.8 9.32e-01 3.75e-01h  1
 397 -2.0935819e-01 1.22e+00 1.54e+00  -6.0 8.84e+01  -7.3 1.00e+00 1.00e+00h  1
 398 -2.1028936e-01 9.40e-02 2.39e+00  -6.0 3.72e+01  -6.9 4.08e-01 1.00e+00h  1
 399 -2.1068673e-01 8.64e-02 3.22e+00  -6.0 1.11e+02  -7.4 1.00e+00 1.38e-01h  1
iter    objective    inf_pr   inf_du lg(mu)  ||d||  lg(rg) alpha_du alpha_pr  ls
 400 -2.1235004e-01 1.43e+00 2.09e+01  -6.0 1.42e+03  -7.9 3.95e-01 1.56e-01h  1
 401 -2.1601686e-01 1.09e+00 1.12e+01  -6.0 7.22e+02  -8.3 2.09e-01 2.24e-01h  1
 402 -2.1653760e-01 7.06e-01 5.81e+00  -6.0 7.06e+01  -7.0 2.41e-01 6.23e-01h  1
 403 -2.1731999e-01 5.08e-01 3.10e+00  -6.0 1.15e+02  -7.5 5.00e-01 2.95e-01h  1
 404 -2.1824251e-01 5.49e-02 3.12e+00  -6.0 3.76e+01  -7.1 5.93e-01 1.00e+00h  1
 405 -2.1870846e-01 4.20e-01 3.61e+01  -6.0 2.62e+01  -6.6 1.00e+00 1.00e+00h  1
 406 -2.1981154e-01 2.15e-01 1.98e+01  -6.0 4.83e+01  -7.1 4.79e-01 1.00e+00h  1
 407 -2.2090513e-01 9.85e-01 3.75e+01  -6.0 3.78e+02  -7.6 2.20e-01 1.75e-01h  1
 408 -2.2177097e-01 1.16e+00 4.25e+01  -6.0 9.17e+02  -8.1 8.59e-02 5.70e-02h  1
 409 -2.2393526e-01 2.88e+00 3.57e+01  -6.0 2.51e+03  -8.6 2.12e-01 1.44e-01h  1
iter    objective    inf_pr   inf_du lg(mu)  ||d||  lg(rg) alpha_du alpha_pr  ls
 410 -2.2566325e-01 2.55e+00 2.62e+01  -6.0 5.36e+02  -8.1 7.42e-01 2.89e-01h  1
 411 -2.2577585e-01 1.74e+00 1.80e+01  -6.0 8.83e+00  -5.9 4.13e-01 3.19e-01h  1
 412 -2.2589633e-01 1.25e+00 1.30e+01  -6.0 7.56e+00  -6.4 6.17e-01 2.79e-01h  1
 413 -2.2629395e-01 2.35e-01 4.63e+00  -6.0 2.23e+01  -6.9 3.79e-01 8.17e-01h  1
 414 -2.2671816e-01 1.32e-01 1.34e+00  -6.0 6.74e+01  -7.3 1.00e+00 5.66e-01h  1
 415 -2.2845412e-01 7.64e-01 4.43e+00  -6.0 2.08e+02  -7.8 3.73e-01 9.14e-01h  1
 416 -2.3376161e-01 9.72e+00 6.09e+01  -6.0 7.20e+02  -8.3 4.59e-01 9.49e-01h  1
 417 -2.3487288e-01 2.32e+01 1.05e+02  -6.0 2.24e+03  -7.9 3.42e-02 3.06e-02h  1
 418 -2.3556802e-01 2.05e+01 9.15e+01  -6.0 5.64e+02  -8.3 2.74e-01 1.54e-01h  1
 419 -2.3970473e-01 1.89e+01 8.41e+01  -6.0 2.24e+03  -8.8 3.65e-01 2.19e-01h  1
iter    objective    inf_pr   inf_du lg(mu)  ||d||  lg(rg) alpha_du alpha_pr  ls
 420 -2.4024216e-01 1.83e+01 8.21e+01  -6.0 3.09e+03  -9.3 1.22e-01 3.11e-02h  1
 421 -2.4098540e-01 1.60e+01 7.17e+01  -6.0 6.43e+02  -8.9 1.63e-01 1.29e-01h  1
 422 -2.4207866e-01 1.45e+01 2.53e+02  -6.0 4.16e+03  -9.3 4.47e-02 1.04e-01h  1
 423 -2.4385822e-01 2.12e+01 2.19e+02  -6.0 9.31e+03  -9.8 6.26e-02 9.16e-02h  1
 424 -2.4418539e-01 1.95e+01 2.05e+02  -6.0 9.17e+02  -9.4 1.38e-01 8.15e-02h  1
 425 -2.4476807e-01 1.53e+01 1.65e+02  -6.0 4.53e+02  -9.0 2.38e-01 2.22e-01h  1
 426 -2.4550168e-01 1.23e+01 1.20e+02  -6.0 1.09e+03  -9.4 3.74e-01 2.64e-01h  1
 427 -2.4579058e-01 9.82e+00 9.63e+01  -6.0 3.67e+02  -9.0 1.51e-01 2.06e-01h  1
 428 -2.4755094e-01 1.51e+01 5.51e+01  -6.0 2.01e+03  -9.5 6.17e-01 4.12e-01h  1
 429 -2.4917346e-01 8.87e+00 3.12e+01  -6.0 6.27e+02  -9.1 6.58e-01 6.68e-01h  1
iter    objective    inf_pr   inf_du lg(mu)  ||d||  lg(rg) alpha_du alpha_pr  ls
 430 -2.5064396e-01 1.47e+01 5.44e+01  -6.0 2.63e+03  -9.5 5.12e-02 2.29e-01h  1
 431 -2.5142399e-01 1.70e+01 6.15e+01  -6.0 3.83e+03 -10.0 2.26e-02 1.08e-01h  1
 432 -2.5179318e-01 1.68e+01 6.11e+01  -6.0 3.74e+03  -9.6 7.23e-04 3.98e-02h  1
 433 -2.5179646e-01 1.68e+01 6.09e+01  -6.0 4.32e+02  -6.5 1.07e-04 2.44e-03h  1
 434 -2.5174016e-01 4.89e+00 5.34e+01  -6.0 6.84e+00  -6.0 5.38e-02 7.08e-01h  1
 435 -2.5174181e-01 4.79e+00 5.65e+01  -6.0 6.02e+00  -6.5 7.33e-01 2.14e-02h  1
 436 -2.5173916e-01 2.60e+00 3.07e+01  -6.0 1.21e+01  -7.0 7.91e-01 4.58e-01h  1
 437 -2.5176894e-01 1.61e-02 9.49e-01  -6.0 2.71e+01  -7.5 1.00e+00 1.00e+00h  1
 438 -2.5193151e-01 6.78e-02 3.24e-01  -6.0 5.40e+01  -7.9 1.00e+00 1.00e+00h  1
 439 -2.5240664e-01 5.98e-01 2.67e+00  -6.0 1.60e+02  -8.4 1.00e+00 1.00e+00h  1
iter    objective    inf_pr   inf_du lg(mu)  ||d||  lg(rg) alpha_du alpha_pr  ls
 440 -2.5340689e-01 3.12e+00 1.39e+01  -6.0 4.88e+02  -8.9 1.00e+00 7.26e-01h  1
 441 -2.5362554e-01 2.26e+00 9.91e+00  -6.0 5.14e+02  -9.4 4.92e-01 2.90e-01h  1
 442 -2.5456767e-01 5.29e+01 1.39e+01  -6.0 2.96e+03  -9.8 1.85e-01 5.37e-01h  1
 443 -2.5460768e-01 5.21e+01 1.47e+01  -6.0 1.61e+03  -9.4 9.65e-02 1.57e-02h  1
 444 -2.5465382e-01 5.12e+01 8.27e+01  -6.0 1.16e+04  -9.9 1.48e-01 1.60e-02h  1
 445 -2.5506683e-01 6.76e+01 7.40e+01  -6.0 8.98e+03 -10.4 3.56e-02 1.23e-01h  1
 446 -2.5499273e-01 5.89e+01 5.85e+01  -6.0 2.67e+03  -8.1 1.35e-02 2.53e-01h  1
 447 -2.5499865e-01 3.87e+01 9.08e+01  -6.0 1.81e+02  -5.9 4.17e-02 3.44e-01h  1
 448 -2.5498539e-01 1.03e+00 4.64e+01  -6.0 4.83e+01  -5.5 3.51e-01 1.00e+00h  1
 449 -2.5498581e-01 1.02e-02 1.86e+00  -6.0 1.05e+00  -6.0 9.59e-01 1.00e+00h  1
iter    objective    inf_pr   inf_du lg(mu)  ||d||  lg(rg) alpha_du alpha_pr  ls
 450 -2.5499185e-01 5.89e-04 3.44e-02  -6.0 2.00e+00  -6.4 1.00e+00 1.00e+00h  1
 451 -2.5499832e-01 7.24e-04 4.55e-02  -6.0 3.92e+00  -6.9 1.00e+00 1.00e+00h  1
 452 -2.5501194e-01 3.47e-03 2.86e-02  -6.0 1.12e+01  -7.4 1.00e+00 1.00e+00h  1
 453 -2.5505984e-01 2.97e-02 1.72e-01  -6.0 3.26e+01  -7.9 1.00e+00 1.00e+00h  1
 454 -2.5522768e-01 3.54e-01 2.20e+00  -6.0 1.13e+02  -8.4 1.00e+00 1.00e+00h  1
 455 -2.5551164e-01 1.31e+00 7.67e+00  -6.0 7.61e+02  -8.8 2.72e-01 2.54e-01h  1
 456 -2.5557122e-01 9.53e-01 5.57e+00  -6.0 8.64e+02  -9.3 2.73e-01 2.77e-01h  1
 457 -2.5573978e-01 1.06e+00 4.40e+02  -6.0 8.68e+02  -9.8 3.79e-01 9.67e-02h  1
 458 -2.5626857e-01 2.91e+00 2.20e+02  -6.0 1.32e+03 -10.3 5.68e-01 5.38e-01h  1
 459 -2.5643449e-01 2.77e+00 1.43e+02  -6.0 3.27e+03 -10.7 1.54e-01 1.79e-01h  1
iter    objective    inf_pr   inf_du lg(mu)  ||d||  lg(rg) alpha_du alpha_pr  ls
 460 -2.5671909e-01 2.57e+00 1.17e+02  -6.0 1.44e+03 -10.3 3.37e-01 4.38e-01h  1
 461 -2.5689313e-01 3.35e+00 5.35e+02  -6.0 8.42e+02  -9.9 6.04e-01 4.08e-01h  1
 462 -2.5726426e-01 1.63e+00 3.50e+03  -6.0 3.12e+02  -9.5 3.44e-02 1.00e+00h  1
 463 -2.5761363e-01 9.52e-01 5.83e+03  -6.0 1.92e+02  -9.0 2.19e-01 8.47e-01h  1
 464 -2.5762449e-01 9.19e-01 4.54e+04  -6.0 2.96e+03  -9.5 3.79e-03 3.69e-02h  2
 465 -2.5771570e-01 8.96e-01 4.22e+03  -6.0 2.47e+02  -9.1 2.40e-01 8.88e-01h  1
 466 -2.5770814e-01 8.64e-01 4.07e+03  -6.0 7.24e+02  -9.6 1.47e-03 3.79e-02h  1
 467 -2.5779304e-01 4.19e+01 3.66e+03  -6.0 1.50e+04 -10.0 3.17e-02 1.05e-01f  1
 468 -2.5781690e-01 4.12e+01 3.59e+03  -6.0 8.30e+03 -10.5 2.66e-02 1.76e-02h  1
 469 -2.5786031e-01 3.79e+01 3.27e+03  -6.0 1.24e+04    -  2.02e-01 8.24e-02h  1
iter    objective    inf_pr   inf_du lg(mu)  ||d||  lg(rg) alpha_du alpha_pr  ls
 470 -2.5791635e-01 3.09e+01 2.62e+03  -6.0 3.70e+03 -11.0 2.95e-01 1.94e-01h  1
 471 -2.5793263e-01 3.37e+01 2.48e+03  -6.0 2.28e+04    -  2.92e-02 5.21e-02h  1
 472 -2.5793857e-01 3.44e+01 2.44e+03  -6.0 1.78e+04    -  8.83e-02 1.41e-02H  1
 473 -2.5804091e-01 2.74e+01 1.94e+03  -6.0 4.68e+03    -  2.87e-01 2.03e-01h  1
 474 -2.5805086e-01 2.61e+01 1.84e+03  -6.0 6.27e+01  -7.0 9.80e-03 4.91e-02h  1
 475 -2.5808931e-01 2.02e+01 1.44e+03  -6.0 2.42e+03    -  4.65e-02 2.25e-01h  1
 476 -2.5809259e-01 2.00e+01 1.43e+03  -6.0 2.94e+03    -  1.61e-03 1.09e-02h  1
 477 -2.5809115e-01 2.00e+01 1.42e+03  -6.0 2.39e+04    -  2.11e-06 1.03e-03h  1
 478 -2.5809164e-01 2.00e+01 1.42e+03  -6.0 5.42e+05    -  1.39e-08 2.99e-05f  2
 479 -2.5809571e-01 1.94e+01 1.57e+03  -6.0 1.65e+01  -6.5 6.30e-02 2.97e-02h  1
iter    objective    inf_pr   inf_du lg(mu)  ||d||  lg(rg) alpha_du alpha_pr  ls
 480 -2.5810275e-01 1.84e+01 1.30e+03  -6.0 2.45e+03    -  3.38e-01 4.89e-02h  1
 481 -2.5812665e-01 1.51e+01 1.06e+03  -6.0 2.44e+03    -  2.38e-01 1.79e-01h  1
 482 -2.5813339e-01 1.34e+01 9.45e+02  -6.0 2.94e+03    -  1.39e-01 1.12e-01h  1
 483 -2.5813479e-01 1.24e+01 1.87e+03  -6.0 2.73e+03    -  2.29e-02 7.98e-02h  1
 484 -2.5813223e-01 1.16e+01 1.68e+03  -6.0 3.51e+03    -  2.54e-02 6.03e-02h  1
 485 -2.5812856e-01 1.15e+01 3.02e+03  -6.0 9.97e+03    -  3.95e-03 1.36e-02h  1
 486 -2.5812823e-01 1.11e+01 3.05e+03  -6.0 1.55e+03    -  8.13e-02 2.86e-02h  1
 487 -2.5813506e-01 3.53e+00 3.04e+03  -6.0 5.85e+02    -  5.57e-02 1.00e+00h  1
 488 -2.5812359e-01 4.07e+00 2.69e+03  -6.0 2.18e+03    -  5.47e-01 1.23e-01H  1
 489 -2.5805564e-01 3.06e+01 5.32e+02  -6.0 1.80e+03    -  1.00e+00 8.02e-01h  1
iter    objective    inf_pr   inf_du lg(mu)  ||d||  lg(rg) alpha_du alpha_pr  ls
 490 -2.5815715e-01 4.34e+01 4.62e+02  -6.0 7.74e+03    -  6.74e-03 1.46e-01h  2
 491 -2.5811451e-01 2.55e-02 8.15e+01  -6.0 7.47e-01  -7.0 3.13e-01 1.00e+00h  1
 492 -2.5812866e-01 1.79e-01 3.32e-01  -6.0 1.45e+02    -  1.00e+00 1.00e+00h  1
 493 -2.5811509e-01 1.47e+00 7.83e-02  -6.0 3.25e+02    -  1.00e+00 1.00e+00h  1
 494 -2.5811466e-01 6.65e-04 7.27e-04  -6.0 4.36e+00    -  1.00e+00 1.00e+00h  1
 495 -2.5811465e-01 5.23e-08 3.79e-08  -6.0 5.81e-02    -  1.00e+00 1.00e+00h  1
 496 -2.5831162e-01 4.49e+00 2.20e+01  -7.5 5.25e+03    -  1.34e-01 6.05e-02f  1
 497 -2.5832953e-01 4.44e+00 4.14e+01  -7.5 1.64e+03    -  8.91e-02 1.04e-02h  1
 498 -2.5871464e-01 4.43e+00 2.41e+01  -7.5 1.83e+03    -  1.52e-01 2.53e-01f  1
 499 -2.5871462e-01 4.37e+00 3.13e+01  -7.5 1.87e+00  -3.9 1.42e-01 1.50e-02h  1
iter    objective    inf_pr   inf_du lg(mu)  ||d||  lg(rg) alpha_du alpha_pr  ls
 500 -2.5871541e-01 4.14e+00 1.68e+02  -7.5 1.89e+00  -4.3 1.01e-02 5.19e-02h  1
 501 -2.5871541e-01 4.14e+00 1.68e+02  -7.5 3.02e+03    -  5.81e-07 2.32e-06h  2
 502 -2.5871541e-01 4.14e+00 8.16e+01  -7.5 1.73e+00   0.6 4.73e-03 2.18e-05h  1
 503 -2.5871545e-01 4.13e+00 1.46e+02  -7.5 1.83e+00   0.1 2.61e-02 9.83e-04h  1
 504 -2.5871567e-01 4.10e+00 1.87e+02  -7.5 1.82e+00  -0.4 2.60e-02 8.29e-03h  1
 505 -2.5871529e-01 3.98e+00 1.90e+02  -7.5 1.78e+00  -0.8 3.39e-02 3.03e-02h  1
 506 -2.5871241e-01 3.43e+00 9.05e+01  -7.5 1.73e+00  -1.3 2.23e-03 1.38e-01h  1
 507 -2.5871187e-01 3.31e+00 5.30e+01  -7.5 1.49e+00  -1.8 5.89e-02 3.56e-02h  1
 508 -2.5871178e-01 3.14e+00 4.88e+01  -7.5 1.43e+00  -2.3 2.57e-02 5.13e-02h  1
 509 -2.5870750e-01 2.60e+00 3.47e+01  -7.5 1.36e+00  -2.7 3.86e-01 1.72e-01h  1
iter    objective    inf_pr   inf_du lg(mu)  ||d||  lg(rg) alpha_du alpha_pr  ls
 510 -2.5870237e-01 1.50e+00 6.91e+01  -7.5 1.11e+00  -3.2 2.12e-01 4.24e-01h  1
 511 -2.5870221e-01 1.38e+00 6.46e+01  -7.5 6.31e-01  -3.7 4.79e-01 7.75e-02h  1
 512 -2.5870834e-01 5.86e-01 6.75e+01  -7.5 6.51e-01  -4.2 5.01e-01 5.75e-01h  1
 513 -2.5871411e-01 4.61e-01 5.39e+01  -7.5 4.26e-01  -4.7 6.26e-01 2.14e-01h  1
 514 -2.5872273e-01 3.87e-01 4.56e+01  -7.5 1.05e+00  -5.1 4.48e-01 1.60e-01h  1
 515 -2.5872834e-01 3.47e-01 4.09e+01  -7.5 1.13e+00  -5.6 9.34e-01 1.03e-01h  1
 516 -2.5873508e-01 3.12e-01 3.69e+01  -7.5 2.31e+00  -6.1 2.91e-01 9.92e-02h  1
 517 -2.5873549e-01 3.11e-01 3.67e+01  -7.5 7.11e+00  -6.6 4.89e-01 4.68e-03h  1
 518 -2.5873923e-01 3.04e-01 3.60e+01  -7.5 4.08e+01  -7.0 3.76e-02 2.12e-02h  1
 519 -2.5874481e-01 2.82e-01 3.48e+01  -7.5 4.53e+01  -5.7 5.58e-02 3.20e-02h  1
iter    objective    inf_pr   inf_du lg(mu)  ||d||  lg(rg) alpha_du alpha_pr  ls
 520 -2.5874540e-01 2.73e-01 3.37e+01  -7.5 1.23e+00  -6.2 1.00e+00 3.28e-02h  1
 521 -2.5875221e-01 1.73e-02 7.80e+00  -7.5 4.33e-01  -5.8 1.00e+00 9.38e-01f  1
 522 -2.5876492e-01 1.98e-02 4.87e+00  -7.5 1.48e+00  -6.2 1.00e+00 2.86e-01h  1
 523 -2.5877035e-01 9.53e-03 2.22e+00  -7.5 8.13e-01  -5.8 5.94e-01 5.18e-01h  1
 524 -2.5878888e-01 2.41e-03 7.55e+00  -7.5 2.01e+00  -6.3 1.00e+00 1.00e+00f  1
 525 -2.5913804e-01 4.03e+00 6.66e+00  -7.5 3.58e+03    -  6.97e-02 1.47e-01h  1
 526 -2.5924316e-01 3.83e+00 5.94e+00  -7.5 2.10e+03    -  3.85e-01 1.25e-01h  1
 527 -2.5937077e-01 4.29e+00 3.16e+01  -7.5 1.84e+03    -  1.78e-01 3.91e-01h  1
 528 -2.5937854e-01 3.80e+00 2.73e+01  -7.5 1.28e+03    -  2.47e-01 1.19e-01h  1
 529 -2.5939316e-01 3.26e+00 9.19e+04  -7.5 1.26e+03    -  1.20e-03 1.62e-01h  1
iter    objective    inf_pr   inf_du lg(mu)  ||d||  lg(rg) alpha_du alpha_pr  ls
 530 -2.5939319e-01 3.26e+00 9.19e+04  -7.5 4.95e-01   1.6 1.37e-03 5.93e-04h  1
 531 -2.5939320e-01 3.26e+00 9.18e+04  -7.5 6.08e-01   1.1 1.82e-03 9.55e-04h  1
 532 -2.5939318e-01 3.25e+00 9.16e+04  -7.5 6.10e-01   0.6 7.68e-03 1.49e-03h  1
 533 -2.5939296e-01 3.23e+00 9.10e+04  -7.5 6.25e-01   0.1 7.15e-03 6.84e-03h  1
 534 -2.5939289e-01 3.22e+00 9.08e+04  -7.5 6.71e-01  -0.4 6.07e-04 2.55e-03h  1
 535 -2.5939289e-01 3.22e+00 9.08e+04  -7.5 6.16e-01   1.0 7.79e-03 2.37e-04h  1
 536 -2.5939287e-01 3.22e+00 9.07e+04  -7.5 6.21e-01   0.5 1.29e-02 6.16e-04h  1
 537 -2.5939270e-01 3.20e+00 9.01e+04  -7.5 6.39e-01   0.0 1.18e-04 6.55e-03h  1
 538 -2.5939269e-01 3.20e+00 9.01e+04  -7.5 6.07e-01   1.4 4.92e-04 1.75e-04h  1
In iteration 538, 1 Slack too small, adjusting variable bound
 539 -2.5939243e-01 3.19e+00 8.98e+04  -7.5 6.11e-01   0.9 1.80e-02 3.12e-03h  1
iter    objective    inf_pr   inf_du lg(mu)  ||d||  lg(rg) alpha_du alpha_pr  ls
 540 -2.5938935e-01 3.07e+00 8.66e+04  -7.5 6.14e-01   0.4 3.38e-03 3.55e-02h  1
 541 -2.5938712e-01 2.99e+00 8.44e+04  -7.5 6.02e-01  -0.1 1.40e-02 2.61e-02h  1
 542 -2.5938711e-01 2.99e+00 8.43e+04  -7.5 5.70e-01   1.2 2.67e-02 1.66e-04h  1
 543 -2.5938622e-01 2.96e+00 8.35e+04  -7.5 5.70e-01   0.8 1.42e-01 1.05e-02h  1
 544 -2.5937084e-01 2.41e+00 6.80e+04  -7.5 5.67e-01   0.3 2.33e-01 1.85e-01h  1
 545 -2.5930246e-01 4.27e-03 1.12e+03  -7.5 4.69e-01  -0.2 1.92e-01 1.00e+00h  1
 546 -2.5930225e-01 1.95e-03 8.49e+02  -7.5 7.58e-03  -0.7 9.97e-01 2.17e-01h  1
 547 -2.5930181e-01 6.30e-04 2.71e+02  -7.5 5.94e-03  -1.1 1.67e-01 6.77e-01f  1
 548 -2.5930215e-01 1.35e-07 2.54e+00  -7.5 3.01e-03  -1.6 8.35e-01 1.00e+00f  1
 549 -2.5930398e-01 4.74e-08 3.39e+00  -7.5 8.75e-03  -2.1 6.15e-01 1.00e+00h  1
iter    objective    inf_pr   inf_du lg(mu)  ||d||  lg(rg) alpha_du alpha_pr  ls
 550 -2.5930931e-01 3.17e-07 1.46e-01  -7.5 2.62e-02  -2.6 1.00e+00 9.21e-01h  1
 551 -2.5932599e-01 3.37e-06 2.45e-03  -7.5 7.86e-02  -3.0 1.00e+00 1.00e+00f  1
 552 -2.5933885e-01 4.30e-06 6.14e-02  -7.5 2.35e-01  -3.5 1.00e+00 2.57e-01h  1
 553 -2.5935921e-01 4.05e-06 6.42e-02  -7.5 7.11e-01  -4.0 1.00e+00 1.61e-01f  1
 554 -2.5936307e-01 2.52e-05 1.99e-01  -7.5 3.22e-01  -4.5 6.30e-01 2.43e-01f  1
 555 -2.5936345e-01 2.44e-05 4.33e-01  -7.5 6.27e-01  -5.0 1.00e+00 2.59e-02f  1
 556 -2.5936683e-01 1.63e-03 2.86e-01  -7.5 4.35e-01  -5.4 1.00e+00 3.95e-01f  1
 557 -2.5936755e-01 1.37e-03 2.63e-01  -7.5 5.20e-01  -5.9 1.00e+00 1.58e-01f  1
 558 -2.5936947e-01 1.08e-03 1.22e+00  -7.5 9.92e-01  -6.4 1.00e+00 2.81e-01f  1
 559 -2.5938110e-01 1.61e-02 2.44e+01  -7.5 2.96e+00  -6.9 9.95e-01 1.00e+00f  1
iter    objective    inf_pr   inf_du lg(mu)  ||d||  lg(rg) alpha_du alpha_pr  ls
 560 -2.5939795e-01 4.65e-02 2.22e+01  -7.5 2.08e+03    -  1.01e-01 6.49e-02h  1
 561 -2.5947304e-01 4.15e+00 7.38e+00  -7.5 1.95e+03    -  7.37e-01 6.59e-01h  1
 562 -2.5947961e-01 1.06e+02 3.73e+00  -7.5 6.52e+03    -  2.20e-01 4.68e-01h  1
 563 -2.5947863e-01 8.47e+01 2.39e+00  -7.5 2.82e+03    -  7.16e-02 8.45e-01h  1
 564 -2.5947901e-01 7.20e+01 2.14e+00  -7.5 7.92e+02    -  6.11e-01 1.53e-01h  2
 565 -2.5947921e-01 2.92e-01 1.13e-01  -7.5 3.49e+00  -7.3 8.65e-01 1.00e+00h  1
 566 -2.5947943e-01 1.50e-04 8.35e-04  -7.5 2.62e+00  -7.8 1.00e+00 1.00e+00h  1
 567 -2.5948020e-01 5.23e-04 1.38e-02  -7.5 7.77e+00  -8.3 1.00e+00 1.00e+00h  1
 568 -2.5948093e-01 7.40e-04 1.03e+00  -7.5 3.75e+01  -8.8 1.00e+00 1.86e-01h  2
 569 -2.5948211e-01 2.27e-03 1.47e+00  -7.5 4.43e+01  -9.2 1.00e+00 2.75e-01H  1
iter    objective    inf_pr   inf_du lg(mu)  ||d||  lg(rg) alpha_du alpha_pr  ls
 570 -2.5948432e-01 1.37e-01 2.22e-03  -7.5 8.65e+01  -9.7 1.00e+00 1.00e+00f  1
 571 -2.5948617e-01 2.45e-01 1.19e-01  -7.5 1.72e+02 -10.2 1.00e+00 5.92e-01h  1
 572 -2.5948911e-01 9.30e-01 1.00e-02  -7.5 2.27e+02 -10.7 1.00e+00 1.00e+00h  1
 573 -2.5948894e-01 3.41e-01 1.04e-01  -7.5 1.27e+02    -  9.01e-01 1.00e+00H  1
 574 -2.5948893e-01 3.07e-02 1.27e-04  -7.5 4.57e+01 -11.2 1.00e+00 1.00e+00h  1
 575 -2.5948896e-01 2.62e-01 3.91e-02  -7.5 1.77e+02 -11.6 1.00e+00 5.00e-01h  2
 576 -2.5948898e-01 8.18e-01 4.36e-02  -7.5 6.10e+02 -11.2 1.66e-01 1.25e-01h  4
 577 -2.5948905e-01 2.47e-02 1.88e-02  -7.5 2.05e+02    -  1.00e+00 1.00e+00H  1
 578 -2.5948917e-01 2.74e-01 7.82e-03  -7.5 3.27e+02    -  9.49e-01 1.00e+00H  1
 579 -2.5948923e-01 5.83e-01 8.05e-01  -7.5 2.61e+03    -  7.21e-01 6.25e-02h  5
iter    objective    inf_pr   inf_du lg(mu)  ||d||  lg(rg) alpha_du alpha_pr  ls
 580 -2.5948929e-01 1.27e+00 3.57e-01  -7.5 1.04e+03    -  1.00e+00 2.50e-01h  3
 581 -2.5948969e-01 3.53e+00 3.59e-02  -7.5 8.49e+02    -  1.00e+00 1.00e+00H  1
 582 -2.5948978e-01 3.49e+00 1.73e-01  -7.5 7.26e+02    -  1.00e+00 5.00e-01h  2
 583 -2.5948982e-01 6.93e-01 1.74e-03  -7.5 2.26e+02    -  1.00e+00 1.00e+00h  1
 584 -2.5948983e-01 2.97e-02 1.01e-04  -7.5 4.66e+01    -  1.00e+00 1.00e+00h  1
 585 -2.5948983e-01 9.21e-08 2.17e-09  -7.5 5.35e-02    -  1.00e+00 1.00e+00h  1
 586 -2.5949250e-01 1.38e+00 2.88e+00  -9.0 3.23e+03    -  4.13e-01 9.98e-02h  1
 587 -2.5949581e-01 1.10e+00 6.19e+00  -9.0 2.83e+02 -11.7 9.28e-01 2.03e-01h  1
 588 -2.5949915e-01 7.59e-01 4.40e+00  -9.0 2.93e+02 -12.2 1.00e+00 3.28e-01h  1
 589 -2.5950095e-01 2.17e-01 1.82e-01  -9.0 1.12e+02 -11.7 9.36e-01 9.59e-01h  1
iter    objective    inf_pr   inf_du lg(mu)  ||d||  lg(rg) alpha_du alpha_pr  ls
 590 -2.5950093e-01 2.35e-02 5.00e-02  -9.0 4.05e+01 -12.2 1.00e+00 8.98e-01h  1
 591 -2.5950092e-01 1.92e-01 1.19e-04  -9.0 1.19e+02 -12.7 1.00e+00 1.00e+00h  1
 592 -2.5950100e-01 2.49e+01 8.45e-02  -9.0 3.28e+04    -  2.13e-02 1.00e+00H  1
 593 -2.5950101e-01 1.82e-02 2.15e-04  -9.0 9.56e+00 -11.4 9.99e-01 1.00e+00h  1
 594 -2.5950102e-01 4.21e+00 3.56e-02  -9.0 2.84e+03    -  1.00e+00 1.84e-01h  3
 595 -2.5950106e-01 3.94e+00 7.55e-04  -9.0 7.90e+02    -  1.00e+00 1.00e+00H  1
 596 -2.5950107e-01 1.18e+00 5.38e-04  -9.0 2.65e+02    -  1.00e+00 1.00e+00h  1
 597 -2.5950107e-01 1.58e-04 5.36e-07  -9.0 1.91e+00    -  1.00e+00 1.00e+00h  1
 598 -2.5950107e-01 2.03e-06 1.54e-09  -9.0 3.50e-01    -  1.00e+00 1.00e+00h  1
 599 -2.5950107e-01 2.94e-10 1.73e-14  -9.0 1.95e-06    -  1.00e+00 1.00e+00h  1

Number of Iterations....: 599

                                   (scaled)                 (unscaled)
Objective...............:  -2.5950106664864492e-01   -2.5950106664864492e-01
Dual infeasibility......:   1.7290075798582158e-14    1.7290075798582158e-14
Constraint violation....:   2.9355017223432756e-10    2.9355017223432756e-10
Complementarity.........:   9.0909091260381447e-10    9.0909091260381447e-10
Overall NLP error.......:   9.0909091260381447e-10    9.0909091260381447e-10


Number of objective function evaluations             = 2388
Number of objective gradient evaluations             = 599
Number of equality constraint evaluations            = 2388
Number of inequality constraint evaluations          = 2389
Number of equality constraint Jacobian evaluations   = 602
Number of inequality constraint Jacobian evaluations = 602
Number of Lagrangian Hessian evaluations             = 599
Total CPU secs in IPOPT (w/o function evaluations)   =   1388.580
Total CPU secs in NLP function evaluations           =     32.368

EXIT: Optimal Solution Found.
