
List of user-set options:

                                    Name   Value                used
                           compl_inf_tol = 1                     yes
                         constr_viol_tol = 1                     yes
                            dual_inf_tol = 1000                  yes
                           linear_solver = ma97                  yes
                              ma86_small = 1e-30                  no
                                  ma86_u = 0.0001                 no
                              ma97_order = best                  yes
                              ma97_small = 1e-30                 yes
                            ma97_switch1 = at_start              yes
                            ma97_switch2 = od_hd_reuse           yes
                                  ma97_u = 1e-06                 yes
                               ma97_umax = 0.5                   yes
                                max_iter = 1000                  yes
                    max_refinement_steps = 20                    yes
                    min_refinement_steps = 5                     yes
                                 mu_init = 1e-06                 yes
           mu_superlinear_decrease_power = 1.25                  yes
                   nlp_scaling_min_value = 1e-08                 yes
                        option_file_name = Preset_Case:_246_NCP.opt  yes
                             output_file = ./tmp/Preset_Case:_246_NCP.output  yes
                      print_user_options = yes                   yes
        required_infeasibility_reduction = 1                      no
                                     tol = 1e-08                 yes
                   warm_start_bound_frac = 1e-20                 yes
                   warm_start_bound_push = 1e-20                 yes
                   warm_start_init_point = yes                   yes
              warm_start_mult_bound_push = 1e-20                 yes
                warm_start_mult_init_max = 1e+40                 yes
             warm_start_slack_bound_frac = 1e-20                 yes
             warm_start_slack_bound_push = 1e-20                 yes

******************************************************************************
This program contains Ipopt, a library for large-scale nonlinear optimization.
 Ipopt is released as open source code under the Eclipse Public License (EPL).
         For more information visit http://projects.coin-or.org/Ipopt
******************************************************************************

This is Ipopt version 3.12.10, running with linear solver ma97.

Number of nonzeros in equality constraint Jacobian...:   116670
Number of nonzeros in inequality constraint Jacobian.:      145
Number of nonzeros in Lagrangian Hessian.............:    47112

Total number of variables............................:    29938
                     variables with only lower bounds:    11309
                variables with lower and upper bounds:    15099
                     variables with only upper bounds:        0
Total number of equality constraints.................:    29862
Total number of inequality constraints...............:       21
        inequality constraints with only lower bounds:        0
   inequality constraints with lower and upper bounds:        0
        inequality constraints with only upper bounds:       21

iter    objective    inf_pr   inf_du lg(mu)  ||d||  lg(rg) alpha_du alpha_pr  ls
   0 -6.7993261e+03 5.00e+01 1.07e+02  -6.0 0.00e+00    -  0.00e+00 0.00e+00   0
   1 -6.7993261e+03 4.99e+01 1.07e+02  -6.0 9.90e+13  -2.0 8.22e-13 5.16e-17h  1
   2 -6.7993260e+03 4.99e+01 1.42e+04  -6.0 1.23e+02  -2.5 7.93e-11 1.39e-08f  1
   3 -6.7993260e+03 4.99e+01 1.42e+04  -6.0 5.25e+01  -3.0 1.40e-08 1.49e-08f  2
   4 -6.7993200e+03 4.99e+01 5.69e+04  -6.0 1.24e+01  -2.5 2.90e-08 6.16e-05h  1
   5 -6.7993254e+03 4.99e+01 5.69e+04  -6.0 9.23e+02  -3.0 1.93e-06 3.17e-07f  1
   6 -6.7993259e+03 4.99e+01 5.69e+04  -6.0 2.86e+02  -2.6 2.24e-05 4.32e-07f  1
   7 -6.7993260e+03 4.99e+01 5.69e+04  -6.0 2.32e+01  -3.1 6.26e-05 5.93e-06f  1
   8 -6.7993260e+03 4.99e+01 5.69e+04  -6.0 1.04e+01  -2.6 5.76e-05 7.88e-05f  1
   9 -6.7993260e+03 4.99e+01 5.69e+04  -6.0 1.55e+01  -3.1 1.49e-04 5.33e-05f  1
iter    objective    inf_pr   inf_du lg(mu)  ||d||  lg(rg) alpha_du alpha_pr  ls
  10 -6.7993260e+03 4.99e+01 5.69e+04  -6.0 7.97e+00  -2.7 2.22e-04 9.75e-05f  1
  11 -6.7993260e+03 4.99e+01 5.69e+04  -6.0 4.46e+01  -3.2 9.32e-05 3.99e-05f  1
  12 -6.7993260e+03 4.99e+01 5.69e+04  -6.0 5.22e+01  -2.7 5.36e-04 2.90e-05f  1
  13 -6.7993260e+03 4.99e+01 5.69e+04  -6.0 5.20e+01  -3.2 1.61e-04 3.91e-05h  1
  14 -6.7993261e+03 4.99e+01 5.69e+04  -6.0 5.33e+01  -3.7 6.42e-04 6.92e-05f  1
  15 -6.7993263e+03 4.98e+01 5.68e+04  -6.0 9.48e+01  -4.2 2.64e-04 4.29e-04f  1
  16 -6.7993276e+03 4.98e+01 5.68e+04  -6.0 3.42e+02  -4.6 2.76e-04 5.45e-04f  1
  17 -6.7993277e+03 4.98e+01 5.68e+04  -6.0 1.07e+02  -4.2 8.11e-04 1.72e-04f  1
  18 -6.7993284e+03 4.98e+01 5.68e+04  -6.0 3.97e+02  -4.7 3.94e-04 2.60e-04f  1
  19 -6.7993323e+03 4.98e+01 5.68e+04  -6.0 2.71e+03  -5.2 7.45e-05 2.19e-04f  1
iter    objective    inf_pr   inf_du lg(mu)  ||d||  lg(rg) alpha_du alpha_pr  ls
  20 -6.7993324e+03 4.98e+01 5.68e+04  -6.0 2.12e+04    -  3.13e-05 5.17e-07f  1
  21 -6.7993383e+03 4.98e+01 5.67e+04  -6.0 1.63e+03    -  1.55e-04 5.38e-04f  1
  22 -6.7993383e+03 4.98e+01 5.67e+04  -6.0 3.12e+02  -4.7 1.22e-03 4.66e-05f  1
  23 -6.7993400e+03 4.98e+01 5.67e+04  -6.0 1.83e+03    -  5.56e-05 1.36e-04f  1
  24 -6.7993400e+03 4.98e+01 5.67e+04  -6.0 1.08e+02  -4.3 1.41e-02 2.45e-05f  1
  25 -6.7993410e+03 4.97e+01 5.67e+04  -6.0 3.37e+02    -  1.17e-03 4.41e-04f  1
  26 -6.7993420e+03 4.97e+01 5.67e+04  -6.0 3.04e+02    -  1.69e-03 4.92e-04h  1
  27 -6.7993422e+03 4.98e+01 5.66e+04  -6.0 2.85e+02    -  3.90e-03 1.14e-03h  1
  28 -6.7993422e+03 4.98e+01 5.66e+04  -6.0 1.86e+02  -4.8 9.94e-04 1.12e-06h  2
  29 -6.7993430e+03 5.05e+01 5.64e+04  -6.0 2.71e+02    -  2.01e-03 4.24e-03f  1
iter    objective    inf_pr   inf_du lg(mu)  ||d||  lg(rg) alpha_du alpha_pr  ls
  30 -6.7993430e+03 5.05e+01 5.64e+04  -6.0 2.05e+02  -5.3 2.27e-03 1.50e-05h  1
  31 -6.7993430e+03 5.05e+01 5.63e+04  -6.0 2.82e+02    -  8.00e-04 9.25e-04f  1
  32 -6.7993430e+03 5.05e+01 5.63e+04  -6.0 1.33e+02  -4.8 9.34e-04 1.39e-06h  2
  33 -6.7993430e+03 5.05e+01 5.63e+04  -6.0 4.11e+03    -  1.20e-03 1.76e-05f  1
  34 -6.7993430e+03 5.03e+01 5.61e+04  -6.0 2.72e+02    -  2.05e-03 3.17e-03h  1
  35 -6.7993430e+03 5.03e+01 5.61e+04  -6.0 2.40e+02  -5.3 3.07e-03 3.73e-05h  1
  36 -6.7993431e+03 6.92e+01 5.61e+04  -6.0 1.50e+04    -  7.00e-04 1.91e-04f  1
  37 -6.7993431e+03 6.79e+01 5.47e+04  -6.0 2.71e+02    -  3.75e-04 2.54e-02f  1
  38 -6.7993431e+03 6.79e+01 5.47e+04  -6.0 1.03e+02  -4.9 2.48e-04 1.54e-04h  1
  39 -6.7993431e+03 6.79e+01 5.47e+04  -6.0 3.71e+02    -  2.11e-06 5.98e-04f  1
iter    objective    inf_pr   inf_du lg(mu)  ||d||  lg(rg) alpha_du alpha_pr  ls
  40 -6.7993431e+03 6.79e+01 5.46e+04  -6.0 4.31e+02    -  2.56e-07 1.00e-04h  1
  41 -6.7993431e+03 6.79e+01 5.46e+04  -6.0 9.12e+02    -  1.31e-07 1.00e-04f  1
  42 -6.7993431e+03 6.79e+01 5.46e+04  -6.0 4.31e+02    -  2.56e-07 1.00e-04h  1
  43 -6.7993431e+03 6.78e+01 5.46e+04  -6.0 9.12e+02    -  1.31e-07 1.00e-04f  1
  44 -6.7993431e+03 6.78e+01 5.46e+04  -6.0 4.32e+02    -  2.56e-07 1.00e-04h  1
  45 -6.7993431e+03 6.78e+01 5.46e+04  -6.0 9.13e+02    -  1.30e-07 1.00e-04f  1
  46 -6.7993431e+03 6.78e+01 5.46e+04  -6.0 4.32e+02    -  2.55e-07 1.00e-04h  1
  47 -6.7993431e+03 6.78e+01 5.46e+04  -6.0 9.13e+02    -  1.30e-07 1.00e-04f  1
  48 -6.7993431e+03 6.78e+01 5.46e+04  -6.0 4.33e+02    -  2.55e-07 1.00e-04h  1
  49 -6.7993431e+03 6.78e+01 5.46e+04  -6.0 9.14e+02    -  1.30e-07 1.00e-04f  1
iter    objective    inf_pr   inf_du lg(mu)  ||d||  lg(rg) alpha_du alpha_pr  ls
  50 -6.7993431e+03 6.78e+01 5.46e+04  -6.0 4.33e+02    -  2.55e-07 1.00e-04h  1
  51 -6.7993431e+03 6.78e+01 5.46e+04  -6.0 9.14e+02    -  1.30e-07 1.00e-04f  1
  52 -6.7993431e+03 6.78e+01 5.46e+04  -6.0 4.33e+02    -  2.54e-07 1.00e-04h  1
  53 -6.7993431e+03 6.78e+01 5.46e+04  -6.0 9.14e+02    -  1.30e-07 1.00e-04f  1
  54 -6.7993431e+03 6.78e+01 5.46e+04  -6.0 4.34e+02    -  2.54e-07 1.00e-04h  1
  55 -6.7993431e+03 6.78e+01 5.46e+04  -6.0 9.15e+02    -  1.30e-07 1.00e-04f  1
  56 -6.7993431e+03 6.78e+01 5.46e+04  -6.0 4.34e+02    -  2.53e-07 1.00e-04h  1
  57 -6.7993431e+03 6.78e+01 5.46e+04  -6.0 9.15e+02    -  1.30e-07 1.00e-04f  1
  58 -6.7993431e+03 6.77e+01 5.46e+04  -6.0 4.35e+02    -  2.53e-07 1.00e-04h  1
  59 -6.7993431e+03 6.77e+01 5.45e+04  -6.0 9.16e+02    -  1.29e-07 1.00e-04f  1
iter    objective    inf_pr   inf_du lg(mu)  ||d||  lg(rg) alpha_du alpha_pr  ls
  60 -6.7993431e+03 6.77e+01 5.45e+04  -6.0 4.35e+02    -  2.52e-07 1.00e-04h  1
  61 -6.7993431e+03 6.77e+01 5.45e+04  -6.0 9.16e+02    -  1.29e-07 1.00e-04f  1
  62 -6.7993431e+03 6.77e+01 5.45e+04  -6.0 4.35e+02    -  2.52e-07 1.00e-04h  1
  63 -6.7993431e+03 6.77e+01 5.45e+04  -6.0 9.17e+02    -  1.29e-07 1.00e-04f  1
  64 -6.7993431e+03 6.77e+01 5.45e+04  -6.0 4.36e+02    -  2.51e-07 1.00e-04h  1
  65 -6.7993431e+03 6.77e+01 5.45e+04  -6.0 9.17e+02    -  1.29e-07 1.00e-04f  1
  66 -6.7993431e+03 6.77e+01 5.45e+04  -6.0 4.36e+02    -  2.51e-07 1.00e-04h  1
  67 -6.7993431e+03 6.77e+01 5.45e+04  -6.0 9.17e+02    -  1.29e-07 1.00e-04f  1
  68 -6.7993431e+03 6.77e+01 5.45e+04  -6.0 4.37e+02    -  2.51e-07 1.00e-04h  1
  69 -6.7993431e+03 6.77e+01 5.45e+04  -6.0 9.18e+02    -  1.29e-07 1.00e-04f  1
iter    objective    inf_pr   inf_du lg(mu)  ||d||  lg(rg) alpha_du alpha_pr  ls
  70 -6.7993431e+03 6.77e+01 5.45e+04  -6.0 4.37e+02    -  2.50e-07 1.00e-04h  1
  71 -6.7993431e+03 6.77e+01 5.45e+04  -6.0 9.18e+02    -  1.29e-07 1.00e-04f  1
  72 -6.7993431e+03 6.77e+01 5.45e+04  -6.0 4.38e+02    -  2.50e-07 1.00e-04h  1
  73 -6.7993431e+03 6.76e+01 5.45e+04  -6.0 9.19e+02    -  1.29e-07 1.00e-04f  1
  74 -6.7993431e+03 6.76e+01 5.45e+04  -6.0 4.38e+02    -  2.49e-07 1.00e-04h  1
  75 -6.7993431e+03 6.76e+01 5.45e+04  -6.0 9.19e+02    -  1.28e-07 1.00e-04f  1
  76 -6.7993431e+03 6.76e+01 5.45e+04  -6.0 4.38e+02    -  2.49e-07 1.00e-04h  1
  77 -6.7993431e+03 6.76e+01 5.44e+04  -6.0 9.20e+02    -  1.28e-07 1.00e-04f  1
  78 -6.7993431e+03 6.76e+01 5.44e+04  -6.0 4.39e+02    -  2.48e-07 1.00e-04h  1
  79 -6.7993431e+03 6.76e+01 5.44e+04  -6.0 9.20e+02    -  1.28e-07 1.00e-04f  1
iter    objective    inf_pr   inf_du lg(mu)  ||d||  lg(rg) alpha_du alpha_pr  ls
  80 -6.7993431e+03 6.76e+01 5.44e+04  -6.0 4.39e+02    -  2.48e-07 1.00e-04h  1
  81 -6.7993431e+03 6.76e+01 5.44e+04  -6.0 9.20e+02    -  1.28e-07 1.00e-04f  1
  82 -6.7993431e+03 6.76e+01 5.44e+04  -6.0 4.40e+02    -  2.47e-07 1.00e-04h  1
  83 -6.7993431e+03 6.76e+01 5.44e+04  -6.0 9.21e+02    -  1.28e-07 1.00e-04f  1
  84 -6.7993431e+03 6.76e+01 5.44e+04  -6.0 4.40e+02    -  2.47e-07 1.00e-04h  1
  85 -6.7993431e+03 6.76e+01 5.44e+04  -6.0 9.21e+02    -  1.28e-07 1.00e-04f  1
  86 -6.7993431e+03 6.76e+01 5.44e+04  -6.0 4.40e+02    -  2.47e-07 1.00e-04h  1
  87 -6.7993431e+03 6.76e+01 5.44e+04  -6.0 9.22e+02    -  1.28e-07 1.00e-04f  1
  88 -6.7993431e+03 6.75e+01 5.44e+04  -6.0 4.41e+02    -  2.46e-07 1.00e-04h  1
  89 -6.7993431e+03 6.75e+01 5.44e+04  -6.0 9.22e+02    -  1.27e-07 1.00e-04f  1
iter    objective    inf_pr   inf_du lg(mu)  ||d||  lg(rg) alpha_du alpha_pr  ls
  90 -6.7993431e+03 6.75e+01 5.44e+04  -6.0 4.41e+02    -  2.46e-07 1.00e-04h  1
  91 -6.7993431e+03 6.75e+01 5.44e+04  -6.0 9.23e+02    -  1.27e-07 1.00e-04f  1
  92 -6.7993431e+03 6.75e+01 5.44e+04  -6.0 4.42e+02    -  2.45e-07 1.00e-04h  1
  93 -6.7993431e+03 6.75e+01 5.44e+04  -6.0 9.23e+02    -  1.27e-07 1.00e-04f  1
  94 -6.7993431e+03 6.75e+01 5.44e+04  -6.0 4.42e+02    -  2.45e-07 1.00e-04h  1
  95 -6.7993431e+03 6.75e+01 5.43e+04  -6.0 9.23e+02    -  1.27e-07 1.00e-04f  1
  96 -6.7993431e+03 6.75e+01 5.43e+04  -6.0 4.43e+02    -  2.44e-07 1.00e-04h  1
  97 -6.7993431e+03 6.75e+01 5.43e+04  -6.0 9.24e+02    -  1.27e-07 1.00e-04f  1
  98 -6.7993431e+03 6.75e+01 5.43e+04  -6.0 4.43e+02    -  2.44e-07 1.00e-04h  1
  99 -6.7993431e+03 6.75e+01 5.43e+04  -6.0 9.24e+02    -  1.27e-07 1.00e-04f  1
iter    objective    inf_pr   inf_du lg(mu)  ||d||  lg(rg) alpha_du alpha_pr  ls
 100 -6.7993431e+03 6.75e+01 5.43e+04  -6.0 4.43e+02    -  2.43e-07 1.00e-04h  1
 101 -6.7993431e+03 6.75e+01 5.43e+04  -6.0 9.25e+02    -  1.27e-07 1.00e-04f  1
 102 -6.7993431e+03 6.74e+01 5.43e+04  -6.0 4.44e+02    -  2.43e-07 1.00e-04h  1
 103 -6.7993431e+03 6.74e+01 5.43e+04  -6.0 9.25e+02    -  1.26e-07 1.00e-04f  1
 104 -6.7993431e+03 6.74e+01 5.43e+04  -6.0 4.44e+02    -  2.43e-07 1.00e-04h  1
 105 -6.7993431e+03 6.74e+01 5.43e+04  -6.0 9.25e+02    -  1.26e-07 1.00e-04f  1
 106 -6.7993431e+03 6.74e+01 5.43e+04  -6.0 4.45e+02    -  2.42e-07 1.00e-04h  1
 107 -6.7993431e+03 6.74e+01 5.43e+04  -6.0 9.26e+02    -  1.26e-07 1.00e-04f  1
 108 -6.7993430e+03 6.74e+01 5.43e+04  -6.0 4.45e+02    -  2.42e-07 1.00e-04h  1
 109 -6.7993431e+03 6.74e+01 5.43e+04  -6.0 9.26e+02    -  1.26e-07 1.00e-04f  1
iter    objective    inf_pr   inf_du lg(mu)  ||d||  lg(rg) alpha_du alpha_pr  ls
 110 -6.7993430e+03 6.74e+01 5.43e+04  -6.0 4.46e+02    -  2.41e-07 1.00e-04h  1
 111 -6.7993431e+03 6.74e+01 5.43e+04  -6.0 9.27e+02    -  1.26e-07 1.00e-04f  1
 112 -6.7993430e+03 6.74e+01 5.43e+04  -6.0 4.46e+02    -  2.41e-07 1.00e-04h  1
 113 -6.7993431e+03 6.74e+01 5.43e+04  -6.0 9.27e+02    -  1.26e-07 1.00e-04f  1
 114 -6.7993430e+03 6.74e+01 5.42e+04  -6.0 4.47e+02    -  2.40e-07 1.00e-04h  1
 115 -6.7993431e+03 6.74e+01 5.42e+04  -6.0 9.27e+02    -  1.26e-07 1.00e-04f  1
 116 -6.7993430e+03 6.74e+01 5.42e+04  -6.0 4.47e+02    -  2.40e-07 1.00e-04h  1
 117 -6.7993431e+03 6.73e+01 5.42e+04  -6.0 9.28e+02    -  1.25e-07 1.00e-04f  1
 118 -6.7993430e+03 6.73e+01 5.42e+04  -6.0 4.48e+02    -  2.39e-07 1.00e-04h  1
 119 -6.7993431e+03 6.73e+01 5.42e+04  -6.0 9.28e+02    -  1.25e-07 1.00e-04f  1
iter    objective    inf_pr   inf_du lg(mu)  ||d||  lg(rg) alpha_du alpha_pr  ls
 120 -6.7993430e+03 6.73e+01 5.42e+04  -6.0 4.48e+02    -  2.39e-07 1.00e-04h  1
 121 -6.7993431e+03 6.73e+01 5.42e+04  -6.0 9.28e+02    -  1.25e-07 1.00e-04f  1
 122 -6.7993430e+03 6.73e+01 5.42e+04  -6.0 4.49e+02    -  2.39e-07 1.00e-04h  1
 123 -6.7993431e+03 6.73e+01 5.42e+04  -6.0 9.29e+02    -  1.25e-07 1.00e-04f  1
 124 -6.7993430e+03 6.73e+01 5.42e+04  -6.0 4.49e+02    -  2.38e-07 1.00e-04h  1
 125 -6.7993431e+03 6.73e+01 5.42e+04  -6.0 9.29e+02    -  1.25e-07 1.00e-04f  1
 126 -6.7993430e+03 6.73e+01 5.42e+04  -6.0 4.50e+02    -  2.38e-07 1.00e-04h  1
 127 -6.7993431e+03 6.73e+01 5.42e+04  -6.0 9.29e+02    -  1.25e-07 1.00e-04f  1
 128 -6.7993430e+03 6.73e+01 5.42e+04  -6.0 4.50e+02    -  2.37e-07 1.00e-04h  1
 129 -6.7993431e+03 6.73e+01 5.42e+04  -6.0 9.29e+02    -  1.25e-07 1.00e-04f  1
iter    objective    inf_pr   inf_du lg(mu)  ||d||  lg(rg) alpha_du alpha_pr  ls
 130 -6.7993430e+03 6.73e+01 5.42e+04  -6.0 4.51e+02    -  2.37e-07 1.00e-04h  1
 131 -6.7993431e+03 6.73e+01 5.42e+04  -6.0 9.29e+02    -  1.25e-07 1.00e-04f  1
 132 -6.7993430e+03 6.72e+01 5.41e+04  -6.0 4.52e+02    -  2.36e-07 1.00e-04h  1
 133 -6.7993431e+03 6.72e+01 5.41e+04  -6.0 9.30e+02    -  1.24e-07 1.00e-04f  1
 134 -6.7993430e+03 6.72e+01 5.41e+04  -6.0 4.52e+02    -  2.36e-07 1.00e-04h  1
 135 -6.7993431e+03 6.72e+01 5.41e+04  -6.0 9.30e+02    -  1.24e-07 1.00e-04f  1
 136 -6.7993430e+03 6.72e+01 5.41e+04  -6.0 4.53e+02    -  2.35e-07 1.00e-04h  1
 137 -6.7993431e+03 6.72e+01 5.41e+04  -6.0 9.30e+02    -  1.24e-07 1.00e-04f  1
 138 -6.7993430e+03 6.72e+01 5.41e+04  -6.0 4.53e+02    -  2.35e-07 1.00e-04h  1
 139 -6.7993431e+03 6.72e+01 5.41e+04  -6.0 9.30e+02    -  1.24e-07 1.00e-04f  1
iter    objective    inf_pr   inf_du lg(mu)  ||d||  lg(rg) alpha_du alpha_pr  ls
 140 -6.7993430e+03 6.72e+01 5.41e+04  -6.0 4.54e+02    -  2.35e-07 1.00e-04h  1
 141 -6.7993431e+03 6.72e+01 5.41e+04  -6.0 9.30e+02    -  1.24e-07 1.00e-04f  1
 142 -6.7993430e+03 6.72e+01 5.41e+04  -6.0 4.55e+02    -  2.34e-07 1.00e-04h  1
 143 -6.7993431e+03 6.72e+01 5.41e+04  -6.0 9.31e+02    -  1.24e-07 1.00e-04f  1
 144 -6.7993430e+03 6.72e+01 5.41e+04  -6.0 4.55e+02    -  2.34e-07 1.00e-04h  1
 145 -6.7993431e+03 6.72e+01 5.41e+04  -6.0 9.31e+02    -  1.24e-07 1.00e-04f  1
 146 -6.7993430e+03 6.72e+01 5.41e+04  -6.0 4.56e+02    -  2.33e-07 1.00e-04h  1
 147 -6.7993431e+03 6.71e+01 5.41e+04  -6.0 9.31e+02    -  1.23e-07 1.00e-04f  1
 148 -6.7993430e+03 6.71e+01 5.41e+04  -6.0 4.56e+02    -  2.33e-07 1.00e-04h  1
 149 -6.7993431e+03 6.71e+01 5.41e+04  -6.0 9.32e+02    -  1.23e-07 1.00e-04f  1
iter    objective    inf_pr   inf_du lg(mu)  ||d||  lg(rg) alpha_du alpha_pr  ls
 150 -6.7993430e+03 6.71e+01 5.41e+04  -6.0 4.57e+02    -  2.32e-07 1.00e-04h  1
 151 -6.7993431e+03 6.71e+01 5.40e+04  -6.0 9.32e+02    -  1.23e-07 1.00e-04f  1
 152 -6.7993430e+03 6.71e+01 5.40e+04  -6.0 4.57e+02    -  2.32e-07 1.00e-04h  1
 153 -6.7993431e+03 6.71e+01 5.40e+04  -6.0 9.32e+02    -  1.23e-07 1.00e-04f  1
 154 -6.7993430e+03 6.71e+01 5.40e+04  -6.0 4.57e+02    -  2.32e-07 1.00e-04h  1
 155 -6.7993431e+03 6.71e+01 5.40e+04  -6.0 9.33e+02    -  1.23e-07 1.00e-04f  1
 156 -6.7993430e+03 6.71e+01 5.40e+04  -6.0 4.58e+02    -  2.31e-07 1.00e-04h  1
 157 -6.7993431e+03 6.71e+01 5.40e+04  -6.0 9.33e+02    -  1.23e-07 1.00e-04f  1
 158 -6.7993430e+03 6.71e+01 5.40e+04  -6.0 4.58e+02    -  2.31e-07 1.00e-04h  1
 159 -6.7993431e+03 6.71e+01 5.40e+04  -6.0 9.34e+02    -  1.23e-07 1.00e-04f  1
iter    objective    inf_pr   inf_du lg(mu)  ||d||  lg(rg) alpha_du alpha_pr  ls
 160 -6.7993430e+03 6.71e+01 5.40e+04  -6.0 4.59e+02    -  2.30e-07 1.00e-04h  1
 161 -6.7993431e+03 6.71e+01 5.40e+04  -6.0 9.34e+02    -  1.22e-07 1.00e-04f  1
 162 -6.7993430e+03 6.70e+01 5.40e+04  -6.0 4.59e+02    -  2.30e-07 1.00e-04h  1
 163 -6.7993431e+03 6.70e+01 5.40e+04  -6.0 9.35e+02    -  1.22e-07 1.00e-04f  1
 164 -6.7993430e+03 6.70e+01 5.40e+04  -6.0 4.60e+02    -  2.29e-07 1.00e-04h  1
 165 -6.7993431e+03 6.70e+01 5.40e+04  -6.0 9.35e+02    -  1.22e-07 1.00e-04f  1
 166 -6.7993430e+03 6.70e+01 5.40e+04  -6.0 4.60e+02    -  2.29e-07 1.00e-04h  1
 167 -6.7993431e+03 6.70e+01 5.40e+04  -6.0 9.35e+02    -  1.22e-07 1.00e-04f  1
 168 -6.7993430e+03 6.70e+01 5.40e+04  -6.0 4.61e+02    -  2.29e-07 1.00e-04h  1
 169 -6.7993431e+03 6.70e+01 5.39e+04  -6.0 9.36e+02    -  1.22e-07 1.00e-04f  1
iter    objective    inf_pr   inf_du lg(mu)  ||d||  lg(rg) alpha_du alpha_pr  ls
 170 -6.7993430e+03 6.70e+01 5.39e+04  -6.0 4.61e+02    -  2.28e-07 1.00e-04h  1
 171 -6.7993431e+03 6.70e+01 5.39e+04  -6.0 9.36e+02    -  1.22e-07 1.00e-04f  1
 172 -6.7993430e+03 6.70e+01 5.39e+04  -6.0 4.62e+02    -  2.28e-07 1.00e-04h  1
 173 -6.7993431e+03 6.70e+01 5.39e+04  -6.0 9.37e+02    -  1.22e-07 1.00e-04f  1
 174 -6.7993430e+03 6.70e+01 5.39e+04  -6.0 4.62e+02    -  2.27e-07 1.00e-04h  1
 175 -6.7993431e+03 6.70e+01 5.39e+04  -6.0 9.37e+02    -  1.21e-07 1.00e-04f  1
 176 -6.7993430e+03 6.70e+01 5.39e+04  -6.0 4.62e+02    -  2.27e-07 1.00e-04h  1
 177 -6.7993431e+03 6.69e+01 5.39e+04  -6.0 9.38e+02    -  1.21e-07 1.00e-04f  1
 178 -6.7993430e+03 6.69e+01 5.39e+04  -6.0 4.63e+02    -  2.26e-07 1.00e-04h  1
 179 -6.7993431e+03 6.69e+01 5.39e+04  -6.0 9.38e+02    -  1.21e-07 1.00e-04f  1
iter    objective    inf_pr   inf_du lg(mu)  ||d||  lg(rg) alpha_du alpha_pr  ls
 180 -6.7993430e+03 6.69e+01 5.39e+04  -6.0 4.63e+02    -  2.26e-07 1.00e-04h  1
 181 -6.7993431e+03 6.69e+01 5.39e+04  -6.0 9.39e+02    -  1.21e-07 1.00e-04f  1
 182 -6.7993430e+03 6.69e+01 5.39e+04  -6.0 4.64e+02    -  2.26e-07 1.00e-04h  1
 183 -6.7993431e+03 6.69e+01 5.39e+04  -6.0 9.39e+02    -  1.21e-07 1.00e-04f  1
 184 -6.7993430e+03 6.69e+01 5.39e+04  -6.0 4.64e+02    -  2.25e-07 1.00e-04h  1
 185 -6.7993431e+03 6.69e+01 5.39e+04  -6.0 9.40e+02    -  1.21e-07 1.00e-04f  1
 186 -6.7993430e+03 6.69e+01 5.39e+04  -6.0 4.65e+02    -  2.25e-07 1.00e-04h  1
 187 -6.7993431e+03 6.69e+01 5.39e+04  -6.0 9.40e+02    -  1.21e-07 1.00e-04f  1
 188 -6.7993430e+03 6.69e+01 5.38e+04  -6.0 4.65e+02    -  2.24e-07 1.00e-04h  1
 189 -6.7993431e+03 6.69e+01 5.38e+04  -6.0 9.41e+02    -  1.20e-07 1.00e-04f  1
iter    objective    inf_pr   inf_du lg(mu)  ||d||  lg(rg) alpha_du alpha_pr  ls
 190 -6.7993430e+03 6.69e+01 5.38e+04  -6.0 4.66e+02    -  2.24e-07 1.00e-04h  1
 191 -6.7993431e+03 6.69e+01 5.38e+04  -6.0 9.41e+02    -  1.20e-07 1.00e-04f  1
 192 -6.7993430e+03 6.68e+01 5.38e+04  -6.0 4.66e+02    -  2.23e-07 1.00e-04h  1
 193 -6.7993431e+03 6.68e+01 5.38e+04  -6.0 9.42e+02    -  1.20e-07 1.00e-04f  1
 194 -6.7993430e+03 6.68e+01 5.38e+04  -6.0 4.66e+02    -  2.23e-07 1.00e-04h  1
 195 -6.7993431e+03 6.68e+01 5.38e+04  -6.0 9.42e+02    -  1.20e-07 1.00e-04f  1
 196 -6.7993430e+03 6.68e+01 5.38e+04  -6.0 4.67e+02    -  2.23e-07 1.00e-04h  1
 197 -6.7993431e+03 6.68e+01 5.38e+04  -6.0 9.42e+02    -  1.20e-07 1.00e-04f  1
 198 -6.7993430e+03 6.68e+01 5.38e+04  -6.0 4.67e+02    -  2.22e-07 1.00e-04h  1
 199 -6.7993431e+03 6.68e+01 5.38e+04  -6.0 9.43e+02    -  1.20e-07 1.00e-04f  1
iter    objective    inf_pr   inf_du lg(mu)  ||d||  lg(rg) alpha_du alpha_pr  ls
 200 -6.7993430e+03 6.68e+01 5.38e+04  -6.0 4.68e+02    -  2.22e-07 1.00e-04h  1
 201 -6.7993431e+03 6.68e+01 5.38e+04  -6.0 9.43e+02    -  1.20e-07 1.00e-04f  1
 202 -6.7993430e+03 6.68e+01 5.38e+04  -6.0 4.68e+02    -  2.21e-07 1.00e-04h  1
 203 -6.7993431e+03 6.68e+01 5.38e+04  -6.0 9.44e+02    -  1.19e-07 1.00e-04f  1
 204 -6.7993430e+03 6.68e+01 5.38e+04  -6.0 4.69e+02    -  2.21e-07 1.00e-04h  1
 205 -6.7993431e+03 6.68e+01 5.38e+04  -6.0 9.44e+02    -  1.19e-07 1.00e-04f  1
 206 -6.7993430e+03 6.68e+01 5.37e+04  -6.0 4.69e+02    -  2.20e-07 1.00e-04h  1
 207 -6.7993431e+03 6.67e+01 5.37e+04  -6.0 9.45e+02    -  1.19e-07 1.00e-04f  1
 208 -6.7993430e+03 6.67e+01 5.37e+04  -6.0 4.70e+02    -  2.20e-07 1.00e-04h  1
 209 -6.7993431e+03 6.67e+01 5.37e+04  -6.0 9.45e+02    -  1.19e-07 1.00e-04f  1
iter    objective    inf_pr   inf_du lg(mu)  ||d||  lg(rg) alpha_du alpha_pr  ls
 210 -6.7993430e+03 6.67e+01 5.37e+04  -6.0 4.70e+02    -  2.20e-07 1.00e-04h  1
 211 -6.7993431e+03 6.67e+01 5.37e+04  -6.0 9.46e+02    -  1.19e-07 1.00e-04f  1
 212 -6.7993430e+03 6.67e+01 5.37e+04  -6.0 4.71e+02    -  2.19e-07 1.00e-04h  1
 213 -6.7993431e+03 6.67e+01 5.37e+04  -6.0 9.46e+02    -  1.19e-07 1.00e-04f  1
 214 -6.7993430e+03 6.67e+01 5.37e+04  -6.0 4.71e+02    -  2.19e-07 1.00e-04h  1
 215 -6.7993431e+03 6.67e+01 5.37e+04  -6.0 9.47e+02    -  1.19e-07 1.00e-04f  1
 216 -6.7993430e+03 6.67e+01 5.37e+04  -6.0 4.71e+02    -  2.18e-07 1.00e-04h  1
 217 -6.7993431e+03 6.67e+01 5.37e+04  -6.0 9.47e+02    -  1.18e-07 1.00e-04f  1
 218 -6.7993430e+03 6.67e+01 5.37e+04  -6.0 4.72e+02    -  2.18e-07 1.00e-04h  1
 219 -6.7993431e+03 6.67e+01 5.37e+04  -6.0 9.48e+02    -  1.18e-07 1.00e-04f  1
iter    objective    inf_pr   inf_du lg(mu)  ||d||  lg(rg) alpha_du alpha_pr  ls
 220 -6.7993430e+03 6.67e+01 5.37e+04  -6.0 4.72e+02    -  2.18e-07 1.00e-04h  1
 221 -6.7993431e+03 6.67e+01 5.37e+04  -6.0 9.48e+02    -  1.18e-07 1.00e-04f  1
 222 -6.7993430e+03 6.66e+01 5.37e+04  -6.0 4.73e+02    -  2.17e-07 1.00e-04h  1
 223 -6.7993431e+03 6.66e+01 5.37e+04  -6.0 9.49e+02    -  1.18e-07 1.00e-04f  1
 224 -6.7993430e+03 6.66e+01 5.37e+04  -6.0 4.73e+02    -  2.17e-07 1.00e-04h  1
 225 -6.7993431e+03 6.66e+01 5.36e+04  -6.0 9.49e+02    -  1.18e-07 1.00e-04f  1
 226 -6.7993430e+03 6.66e+01 5.36e+04  -6.0 4.74e+02    -  2.16e-07 1.00e-04h  1
 227 -6.7993431e+03 6.66e+01 5.36e+04  -6.0 9.50e+02    -  1.18e-07 1.00e-04f  1
 228 -6.7993430e+03 6.66e+01 5.36e+04  -6.0 4.74e+02    -  2.16e-07 1.00e-04h  1
 229 -6.7993431e+03 6.66e+01 5.36e+04  -6.0 9.50e+02    -  1.18e-07 1.00e-04f  1
iter    objective    inf_pr   inf_du lg(mu)  ||d||  lg(rg) alpha_du alpha_pr  ls
 230 -6.7993430e+03 6.66e+01 5.36e+04  -6.0 4.75e+02    -  2.15e-07 1.00e-04h  1
 231 -6.7993431e+03 6.66e+01 5.36e+04  -6.0 9.51e+02    -  1.17e-07 1.00e-04f  1
 232 -6.7993430e+03 6.66e+01 5.36e+04  -6.0 4.75e+02    -  2.15e-07 1.00e-04h  1
 233 -6.7993431e+03 6.66e+01 5.36e+04  -6.0 9.51e+02    -  1.17e-07 1.00e-04f  1
 234 -6.7993430e+03 6.66e+01 5.36e+04  -6.0 4.76e+02    -  2.15e-07 1.00e-04h  1
 235 -6.7993431e+03 6.66e+01 5.36e+04  -6.0 9.52e+02    -  1.17e-07 1.00e-04f  1
 236 -6.7993430e+03 6.66e+01 5.36e+04  -6.0 4.76e+02    -  2.14e-07 1.00e-04h  1
 237 -6.7993431e+03 6.65e+01 5.36e+04  -6.0 9.52e+02    -  1.17e-07 1.00e-04f  1
 238 -6.7993430e+03 6.65e+01 5.36e+04  -6.0 4.76e+02    -  2.14e-07 1.00e-04h  1
 239 -6.7993431e+03 6.65e+01 5.36e+04  -6.0 9.53e+02    -  1.17e-07 1.00e-04f  1
iter    objective    inf_pr   inf_du lg(mu)  ||d||  lg(rg) alpha_du alpha_pr  ls
 240 -6.7993430e+03 6.65e+01 5.36e+04  -6.0 4.77e+02    -  2.13e-07 1.00e-04h  1
 241 -6.7993431e+03 6.65e+01 5.36e+04  -6.0 9.53e+02    -  1.17e-07 1.00e-04f  1
 242 -6.7993430e+03 6.65e+01 5.36e+04  -6.0 4.77e+02    -  2.13e-07 1.00e-04h  1
 243 -6.7993431e+03 6.65e+01 5.36e+04  -6.0 9.54e+02    -  1.17e-07 1.00e-04f  1
 244 -6.7993430e+03 6.65e+01 5.35e+04  -6.0 4.78e+02    -  2.13e-07 1.00e-04h  1
 245 -6.7993431e+03 6.65e+01 5.35e+04  -6.0 9.54e+02    -  1.16e-07 1.00e-04f  1
 246 -6.7993430e+03 6.65e+01 5.35e+04  -6.0 4.78e+02    -  2.12e-07 1.00e-04h  1
 247 -6.7993431e+03 6.65e+01 5.35e+04  -6.0 9.55e+02    -  1.16e-07 1.00e-04f  1
 248 -6.7993430e+03 6.65e+01 5.35e+04  -6.0 4.79e+02    -  2.12e-07 1.00e-04h  1
 249 -6.7993431e+03 6.65e+01 5.35e+04  -6.0 9.55e+02    -  1.16e-07 1.00e-04f  1
iter    objective    inf_pr   inf_du lg(mu)  ||d||  lg(rg) alpha_du alpha_pr  ls
 250 -6.7993430e+03 6.65e+01 5.35e+04  -6.0 4.79e+02    -  2.11e-07 1.00e-04h  1
 251 -6.7993431e+03 6.65e+01 5.35e+04  -6.0 9.56e+02    -  1.16e-07 1.00e-04f  1
 252 -6.7993430e+03 6.64e+01 5.35e+04  -6.0 4.80e+02    -  2.11e-07 1.00e-04h  1
 253 -6.7993431e+03 6.64e+01 5.35e+04  -6.0 9.56e+02    -  1.16e-07 1.00e-04f  1
 254 -6.7993430e+03 6.64e+01 5.35e+04  -6.0 4.80e+02    -  2.10e-07 1.00e-04h  1
 255 -6.7993431e+03 6.64e+01 5.35e+04  -6.0 9.57e+02    -  1.16e-07 1.00e-04f  1
 256 -6.7993430e+03 6.64e+01 5.35e+04  -6.0 4.81e+02    -  2.10e-07 1.00e-04h  1
 257 -6.7993431e+03 6.64e+01 5.35e+04  -6.0 9.57e+02    -  1.16e-07 1.00e-04f  1
 258 -6.7993430e+03 6.64e+01 5.35e+04  -6.0 4.81e+02    -  2.10e-07 1.00e-04h  1
 259 -6.7993431e+03 6.64e+01 5.35e+04  -6.0 9.58e+02    -  1.15e-07 1.00e-04f  1
iter    objective    inf_pr   inf_du lg(mu)  ||d||  lg(rg) alpha_du alpha_pr  ls
 260 -6.7993430e+03 6.64e+01 5.35e+04  -6.0 4.82e+02    -  2.09e-07 1.00e-04h  1
 261 -6.7993431e+03 6.64e+01 5.35e+04  -6.0 9.58e+02    -  1.15e-07 1.00e-04f  1
 262 -6.7993430e+03 6.64e+01 5.34e+04  -6.0 4.82e+02    -  2.09e-07 1.00e-04h  1
 263 -6.7993431e+03 6.64e+01 5.34e+04  -6.0 9.59e+02    -  1.15e-07 1.00e-04f  1
 264 -6.7993430e+03 6.64e+01 5.34e+04  -6.0 4.83e+02    -  2.08e-07 1.00e-04h  1
 265 -6.7993431e+03 6.64e+01 5.34e+04  -6.0 9.59e+02    -  1.15e-07 1.00e-04f  1
 266 -6.7993430e+03 6.64e+01 5.34e+04  -6.0 4.83e+02    -  2.08e-07 1.00e-04h  1
 267 -6.7993431e+03 6.63e+01 5.34e+04  -6.0 9.60e+02    -  1.15e-07 1.00e-04f  1
 268 -6.7993430e+03 6.63e+01 5.34e+04  -6.0 4.84e+02    -  2.08e-07 1.00e-04h  1
 269 -6.7993431e+03 6.63e+01 5.34e+04  -6.0 9.60e+02    -  1.15e-07 1.00e-04f  1
iter    objective    inf_pr   inf_du lg(mu)  ||d||  lg(rg) alpha_du alpha_pr  ls
 270 -6.7993430e+03 6.63e+01 5.34e+04  -6.0 4.84e+02    -  2.07e-07 1.00e-04h  1
 271 -6.7993431e+03 6.63e+01 5.34e+04  -6.0 9.61e+02    -  1.15e-07 1.00e-04f  1
 272 -6.7993430e+03 6.63e+01 5.34e+04  -6.0 4.85e+02    -  2.07e-07 1.00e-04h  1
 273 -6.7993431e+03 6.63e+01 5.34e+04  -6.0 9.61e+02    -  1.14e-07 1.00e-04f  1
 274 -6.7993430e+03 6.63e+01 5.34e+04  -6.0 4.85e+02    -  2.06e-07 1.00e-04h  1
 275 -6.7993431e+03 6.63e+01 5.34e+04  -6.0 9.61e+02    -  1.14e-07 1.00e-04f  1
 276 -6.7993430e+03 6.63e+01 5.34e+04  -6.0 4.86e+02    -  2.06e-07 1.00e-04h  1
 277 -6.7993431e+03 6.63e+01 5.34e+04  -6.0 9.61e+02    -  1.14e-07 1.00e-04f  1
 278 -6.7993430e+03 6.63e+01 5.34e+04  -6.0 4.87e+02    -  2.05e-07 1.00e-04h  1
 279 -6.7993431e+03 6.63e+01 5.34e+04  -6.0 9.62e+02    -  1.14e-07 1.00e-04f  1
iter    objective    inf_pr   inf_du lg(mu)  ||d||  lg(rg) alpha_du alpha_pr  ls
 280 -6.7993430e+03 6.63e+01 5.34e+04  -6.0 4.87e+02    -  2.05e-07 1.00e-04h  1
 281 -6.7993431e+03 6.63e+01 5.33e+04  -6.0 9.62e+02    -  1.14e-07 1.00e-04f  1
 282 -6.7993430e+03 6.62e+01 5.33e+04  -6.0 4.88e+02    -  2.05e-07 1.00e-04h  1
 283 -6.7993431e+03 6.62e+01 5.33e+04  -6.0 9.62e+02    -  1.14e-07 1.00e-04f  1
 284 -6.7993430e+03 6.62e+01 5.33e+04  -6.0 4.89e+02    -  2.04e-07 1.00e-04h  1
 285 -6.7993430e+03 6.62e+01 5.33e+04  -6.0 9.61e+02    -  1.14e-07 1.00e-04f  1
 286 -6.7993430e+03 6.62e+01 5.33e+04  -6.0 4.90e+02    -  2.04e-07 1.00e-04h  1
 287 -6.7993430e+03 6.62e+01 5.33e+04  -6.0 9.61e+02    -  1.14e-07 1.00e-04f  1
 288 -6.7993430e+03 6.62e+01 5.33e+04  -6.0 4.91e+02    -  2.03e-07 1.00e-04h  1
 289 -6.7993430e+03 6.62e+01 5.33e+04  -6.0 9.60e+02    -  1.13e-07 1.00e-04f  1
iter    objective    inf_pr   inf_du lg(mu)  ||d||  lg(rg) alpha_du alpha_pr  ls
 290 -6.7993430e+03 6.62e+01 5.33e+04  -6.0 4.92e+02    -  2.03e-07 1.00e-04h  1
 291 -6.7993430e+03 6.62e+01 5.33e+04  -6.0 9.60e+02    -  1.13e-07 1.00e-04f  1
 292 -6.7993430e+03 6.62e+01 5.33e+04  -6.0 4.93e+02    -  2.03e-07 1.00e-04h  1
 293 -6.7993430e+03 6.62e+01 5.33e+04  -6.0 9.60e+02    -  1.13e-07 1.00e-04f  1
 294 -6.7993430e+03 6.62e+01 5.33e+04  -6.0 4.94e+02    -  2.02e-07 1.00e-04h  1
 295 -6.7993430e+03 6.62e+01 5.33e+04  -6.0 9.60e+02    -  1.13e-07 1.00e-04f  1
 296 -6.7993430e+03 6.62e+01 5.33e+04  -6.0 4.95e+02    -  2.02e-07 1.00e-04h  1
 297 -6.7993430e+03 6.61e+01 5.33e+04  -6.0 9.60e+02    -  1.13e-07 1.00e-04f  1
 298 -6.7993430e+03 6.61e+01 5.33e+04  -6.0 4.96e+02    -  2.01e-07 1.00e-04h  1
 299 -6.7993430e+03 6.61e+01 5.33e+04  -6.0 9.60e+02    -  1.13e-07 1.00e-04f  1
iter    objective    inf_pr   inf_du lg(mu)  ||d||  lg(rg) alpha_du alpha_pr  ls
 300 -6.7993430e+03 6.61e+01 5.32e+04  -6.0 4.96e+02    -  2.01e-07 1.00e-04h  1
 301 -6.7993430e+03 6.61e+01 5.32e+04  -6.0 9.60e+02    -  1.13e-07 1.00e-04f  1
 302 -6.7993430e+03 6.61e+01 5.32e+04  -6.0 4.97e+02    -  2.01e-07 1.00e-04h  1
 303 -6.7993430e+03 6.61e+01 5.32e+04  -6.0 9.61e+02    -  1.12e-07 1.00e-04f  1
 304 -6.7993430e+03 6.61e+01 5.32e+04  -6.0 4.97e+02    -  2.00e-07 1.00e-04h  1
 305 -6.7993430e+03 6.61e+01 5.32e+04  -6.0 9.61e+02    -  1.12e-07 1.00e-04f  1
 306 -6.7993430e+03 6.61e+01 5.32e+04  -6.0 4.98e+02    -  2.00e-07 1.00e-04h  1
 307 -6.7993430e+03 6.61e+01 5.32e+04  -6.0 9.62e+02    -  1.12e-07 1.00e-04f  1
 308 -6.7993430e+03 6.61e+01 5.32e+04  -6.0 4.98e+02    -  1.99e-07 1.00e-04h  1
 309 -6.7993430e+03 6.61e+01 5.32e+04  -6.0 9.62e+02    -  1.12e-07 1.00e-04f  1
iter    objective    inf_pr   inf_du lg(mu)  ||d||  lg(rg) alpha_du alpha_pr  ls
 310 -6.7993430e+03 6.61e+01 5.32e+04  -6.0 4.99e+02    -  1.99e-07 1.00e-04h  1
 311 -6.7993430e+03 6.61e+01 5.32e+04  -6.0 9.63e+02    -  1.12e-07 1.00e-04f  1
 312 -6.7993430e+03 6.60e+01 5.32e+04  -6.0 4.99e+02    -  1.98e-07 1.00e-04h  1
 313 -6.7993430e+03 6.60e+01 5.32e+04  -6.0 9.63e+02    -  1.12e-07 1.00e-04f  1
 314 -6.7993430e+03 6.60e+01 5.32e+04  -6.0 5.00e+02    -  1.98e-07 1.00e-04h  1
 315 -6.7993430e+03 6.60e+01 5.32e+04  -6.0 9.64e+02    -  1.12e-07 1.00e-04f  1
 316 -6.7993430e+03 6.60e+01 5.32e+04  -6.0 5.00e+02    -  1.98e-07 1.00e-04h  1
 317 -6.7993430e+03 6.60e+01 5.32e+04  -6.0 9.64e+02    -  1.11e-07 1.00e-04f  1
 318 -6.7993430e+03 6.60e+01 5.32e+04  -6.0 5.01e+02    -  1.97e-07 1.00e-04h  1
 319 -6.7993430e+03 6.60e+01 5.31e+04  -6.0 9.65e+02    -  1.11e-07 1.00e-04f  1
iter    objective    inf_pr   inf_du lg(mu)  ||d||  lg(rg) alpha_du alpha_pr  ls
 320 -6.7993430e+03 6.60e+01 5.31e+04  -6.0 5.02e+02    -  1.97e-07 1.00e-04h  1
 321 -6.7993430e+03 6.60e+01 5.31e+04  -6.0 9.65e+02    -  1.11e-07 1.00e-04f  1
 322 -6.7993430e+03 6.60e+01 5.31e+04  -6.0 5.02e+02    -  1.96e-07 1.00e-04h  1
 323 -6.7993430e+03 6.60e+01 5.31e+04  -6.0 9.66e+02    -  1.11e-07 1.00e-04f  1
 324 -6.7993430e+03 6.60e+01 5.31e+04  -6.0 5.03e+02    -  1.96e-07 1.00e-04h  1
 325 -6.7993430e+03 6.60e+01 5.31e+04  -6.0 9.66e+02    -  1.11e-07 1.00e-04f  1
 326 -6.7993430e+03 6.60e+01 5.31e+04  -6.0 5.03e+02    -  1.96e-07 1.00e-04h  1
 327 -6.7993430e+03 6.60e+01 5.31e+04  -6.0 9.67e+02    -  1.11e-07 1.00e-04f  1
 328 -6.7993430e+03 6.59e+01 5.31e+04  -6.0 5.04e+02    -  1.95e-07 1.00e-04h  1
 329 -6.7993430e+03 6.59e+01 5.31e+04  -6.0 9.67e+02    -  1.10e-07 1.00e-04f  1
iter    objective    inf_pr   inf_du lg(mu)  ||d||  lg(rg) alpha_du alpha_pr  ls
 330 -6.7993430e+03 6.59e+01 5.31e+04  -6.0 5.04e+02    -  1.95e-07 1.00e-04h  1
 331 -6.7993430e+03 6.59e+01 5.31e+04  -6.0 9.67e+02    -  1.10e-07 1.00e-04f  1
 332 -6.7993430e+03 6.59e+01 5.31e+04  -6.0 5.05e+02    -  1.94e-07 1.00e-04h  1
 333 -6.7993430e+03 6.59e+01 5.31e+04  -6.0 9.68e+02    -  1.10e-07 1.00e-04f  1
 334 -6.7993430e+03 6.59e+01 5.31e+04  -6.0 5.05e+02    -  1.94e-07 1.00e-04h  1
 335 -6.7993430e+03 6.59e+01 5.31e+04  -6.0 9.68e+02    -  1.10e-07 1.00e-04f  1
 336 -6.7993430e+03 6.59e+01 5.31e+04  -6.0 5.06e+02    -  1.94e-07 1.00e-04h  1
 337 -6.7993430e+03 6.59e+01 5.30e+04  -6.0 9.69e+02    -  1.10e-07 1.00e-04f  1
 338 -6.7993430e+03 6.59e+01 5.30e+04  -6.0 5.06e+02    -  1.93e-07 1.00e-04h  1
 339 -6.7993430e+03 6.59e+01 5.30e+04  -6.0 9.69e+02    -  1.10e-07 1.00e-04f  1
iter    objective    inf_pr   inf_du lg(mu)  ||d||  lg(rg) alpha_du alpha_pr  ls
 340 -6.7993430e+03 6.59e+01 5.30e+04  -6.0 5.07e+02    -  1.93e-07 1.00e-04h  1
 341 -6.7993430e+03 6.59e+01 5.30e+04  -6.0 9.70e+02    -  1.10e-07 1.00e-04f  1
 342 -6.7993430e+03 6.59e+01 5.30e+04  -6.0 5.07e+02    -  1.93e-07 1.00e-04h  1
 343 -6.7993430e+03 6.58e+01 5.30e+04  -6.0 9.70e+02    -  1.09e-07 1.00e-04f  1
 344 -6.7993430e+03 6.58e+01 5.30e+04  -6.0 5.08e+02    -  1.92e-07 1.00e-04h  1
 345 -6.7993430e+03 6.58e+01 5.30e+04  -6.0 9.71e+02    -  1.09e-07 1.00e-04f  1
 346 -6.7993430e+03 6.58e+01 5.30e+04  -6.0 5.08e+02    -  1.92e-07 1.00e-04h  1
 347 -6.7993430e+03 6.58e+01 5.30e+04  -6.0 9.71e+02    -  1.09e-07 1.00e-04f  1
 348 -6.7993430e+03 6.58e+01 5.30e+04  -6.0 5.09e+02    -  1.91e-07 1.00e-04h  1
 349 -6.7993430e+03 6.58e+01 5.30e+04  -6.0 9.72e+02    -  1.09e-07 1.00e-04f  1
iter    objective    inf_pr   inf_du lg(mu)  ||d||  lg(rg) alpha_du alpha_pr  ls
 350 -6.7993430e+03 6.58e+01 5.30e+04  -6.0 5.09e+02    -  1.91e-07 1.00e-04h  1
 351 -6.7993430e+03 6.58e+01 5.30e+04  -6.0 9.72e+02    -  1.09e-07 1.00e-04f  1
 352 -6.7993430e+03 6.58e+01 5.30e+04  -6.0 5.10e+02    -  1.91e-07 1.00e-04h  1
 353 -6.7993430e+03 6.58e+01 5.30e+04  -6.0 9.73e+02    -  1.09e-07 1.00e-04f  1
 354 -6.7993430e+03 6.58e+01 5.30e+04  -6.0 5.10e+02    -  1.90e-07 1.00e-04h  1
 355 -6.7993430e+03 6.58e+01 5.30e+04  -6.0 9.73e+02    -  1.09e-07 1.00e-04f  1
 356 -6.7993430e+03 6.58e+01 5.29e+04  -6.0 5.11e+02    -  1.90e-07 1.00e-04h  1
 357 -6.7993430e+03 6.58e+01 5.29e+04  -6.0 9.74e+02    -  1.08e-07 1.00e-04f  1
 358 -6.7993430e+03 6.57e+01 5.29e+04  -6.0 5.12e+02    -  1.89e-07 1.00e-04h  1
 359 -6.7993430e+03 6.57e+01 5.29e+04  -6.0 9.74e+02    -  1.08e-07 1.00e-04f  1
iter    objective    inf_pr   inf_du lg(mu)  ||d||  lg(rg) alpha_du alpha_pr  ls
 360 -6.7993430e+03 6.57e+01 5.29e+04  -6.0 5.12e+02    -  1.89e-07 1.00e-04h  1
 361 -6.7993430e+03 6.57e+01 5.29e+04  -6.0 9.75e+02    -  1.08e-07 1.00e-04f  1
 362 -6.7993430e+03 6.57e+01 5.29e+04  -6.0 5.13e+02    -  1.89e-07 1.00e-04h  1
 363 -6.7993430e+03 6.57e+01 5.29e+04  -6.0 9.75e+02    -  1.08e-07 1.00e-04f  1
 364 -6.7993430e+03 6.57e+01 5.29e+04  -6.0 5.13e+02    -  1.88e-07 1.00e-04h  1
 365 -6.7993430e+03 6.57e+01 5.29e+04  -6.0 9.76e+02    -  1.08e-07 1.00e-04f  1
 366 -6.7993430e+03 6.57e+01 5.29e+04  -6.0 5.14e+02    -  1.88e-07 1.00e-04h  1
 367 -6.7993430e+03 6.57e+01 5.29e+04  -6.0 9.76e+02    -  1.08e-07 1.00e-04f  1
 368 -6.7993430e+03 6.57e+01 5.29e+04  -6.0 5.14e+02    -  1.87e-07 1.00e-04h  1
 369 -6.7993430e+03 6.57e+01 5.29e+04  -6.0 9.77e+02    -  1.08e-07 1.00e-04f  1
iter    objective    inf_pr   inf_du lg(mu)  ||d||  lg(rg) alpha_du alpha_pr  ls
 370 -6.7993430e+03 6.57e+01 5.29e+04  -6.0 5.15e+02    -  1.87e-07 1.00e-04h  1
 371 -6.7993430e+03 6.57e+01 5.29e+04  -6.0 9.77e+02    -  1.07e-07 1.00e-04f  1
 372 -6.7993430e+03 6.57e+01 5.29e+04  -6.0 5.15e+02    -  1.87e-07 1.00e-04h  1
 373 -6.7993430e+03 6.56e+01 5.29e+04  -6.0 9.78e+02    -  1.07e-07 1.00e-04f  1
 374 -6.7993430e+03 6.56e+01 5.29e+04  -6.0 5.16e+02    -  1.86e-07 1.00e-04h  1
 375 -6.7993430e+03 6.56e+01 5.28e+04  -6.0 9.78e+02    -  1.07e-07 1.00e-04f  1
 376 -6.7993430e+03 6.56e+01 5.28e+04  -6.0 5.16e+02    -  1.86e-07 1.00e-04h  1
 377 -6.7993430e+03 6.56e+01 5.28e+04  -6.0 9.79e+02    -  1.07e-07 1.00e-04f  1
 378 -6.7993430e+03 6.56e+01 5.28e+04  -6.0 5.17e+02    -  1.85e-07 1.00e-04h  1
 379 -6.7993430e+03 6.56e+01 5.28e+04  -6.0 9.79e+02    -  1.07e-07 1.00e-04f  1
iter    objective    inf_pr   inf_du lg(mu)  ||d||  lg(rg) alpha_du alpha_pr  ls
 380 -6.7993430e+03 6.56e+01 5.28e+04  -6.0 5.17e+02    -  1.85e-07 1.00e-04h  1
 381 -6.7993430e+03 6.56e+01 5.28e+04  -6.0 9.80e+02    -  1.07e-07 1.00e-04f  1
 382 -6.7993430e+03 6.56e+01 5.28e+04  -6.0 5.18e+02    -  1.85e-07 1.00e-04h  1
 383 -6.7993430e+03 6.56e+01 5.28e+04  -6.0 9.80e+02    -  1.07e-07 1.00e-04f  1
 384 -6.7993430e+03 6.56e+01 5.28e+04  -6.0 5.19e+02    -  1.84e-07 1.00e-04h  1
 385 -6.7993430e+03 6.56e+01 5.28e+04  -6.0 9.81e+02    -  1.06e-07 1.00e-04f  1
 386 -6.7993430e+03 6.56e+01 5.28e+04  -6.0 5.19e+02    -  1.84e-07 1.00e-04h  1
 387 -6.7993430e+03 6.56e+01 5.28e+04  -6.0 9.81e+02    -  1.06e-07 1.00e-04f  1
 388 -6.7993430e+03 6.55e+01 5.28e+04  -6.0 5.20e+02    -  1.84e-07 1.00e-04h  1
 389 -6.7993430e+03 6.55e+01 5.28e+04  -6.0 9.82e+02    -  1.06e-07 1.00e-04f  1
iter    objective    inf_pr   inf_du lg(mu)  ||d||  lg(rg) alpha_du alpha_pr  ls
 390 -6.7993430e+03 6.55e+01 5.28e+04  -6.0 5.20e+02    -  1.83e-07 1.00e-04h  1
 391 -6.7993430e+03 6.55e+01 5.28e+04  -6.0 9.82e+02    -  1.06e-07 1.00e-04f  1
 392 -6.7993430e+03 6.55e+01 5.28e+04  -6.0 5.21e+02    -  1.83e-07 1.00e-04h  1
 393 -6.7993430e+03 6.55e+01 5.28e+04  -6.0 9.83e+02    -  1.06e-07 1.00e-04f  1
 394 -6.7993430e+03 6.55e+01 5.27e+04  -6.0 5.21e+02    -  1.82e-07 1.00e-04h  1
 395 -6.7993430e+03 6.55e+01 5.27e+04  -6.0 9.83e+02    -  1.06e-07 1.00e-04f  1
 396 -6.7993430e+03 6.55e+01 5.27e+04  -6.0 5.22e+02    -  1.82e-07 1.00e-04h  1
 397 -6.7993430e+03 6.55e+01 5.27e+04  -6.0 9.84e+02    -  1.06e-07 1.00e-04f  1
 398 -6.7993430e+03 6.55e+01 5.27e+04  -6.0 5.22e+02    -  1.82e-07 1.00e-04h  1
 399 -6.7993430e+03 6.55e+01 5.27e+04  -6.0 9.84e+02    -  1.05e-07 1.00e-04f  1
iter    objective    inf_pr   inf_du lg(mu)  ||d||  lg(rg) alpha_du alpha_pr  ls
 400 -6.7993430e+03 6.55e+01 5.27e+04  -6.0 5.23e+02    -  1.81e-07 1.00e-04h  1
 401 -6.7993430e+03 6.55e+01 5.27e+04  -6.0 9.85e+02    -  1.05e-07 1.00e-04f  1
 402 -6.7993430e+03 6.55e+01 5.27e+04  -6.0 5.24e+02    -  1.81e-07 1.00e-04h  1
 403 -6.7993430e+03 6.55e+01 5.27e+04  -6.0 9.85e+02    -  1.05e-07 1.00e-04f  1
 404 -6.7993429e+03 6.54e+01 5.27e+04  -6.0 5.24e+02    -  1.80e-07 1.00e-04h  1
 405 -6.7993430e+03 6.54e+01 5.27e+04  -6.0 9.86e+02    -  1.05e-07 1.00e-04f  1
 406 -6.7993429e+03 6.54e+01 5.27e+04  -6.0 5.25e+02    -  1.80e-07 1.00e-04h  1
 407 -6.7993430e+03 6.54e+01 5.27e+04  -6.0 9.86e+02    -  1.05e-07 1.00e-04f  1
 408 -6.7993429e+03 6.54e+01 5.27e+04  -6.0 5.25e+02    -  1.80e-07 1.00e-04h  1
 409 -6.7993430e+03 6.54e+01 5.27e+04  -6.0 9.87e+02    -  1.05e-07 1.00e-04f  1
iter    objective    inf_pr   inf_du lg(mu)  ||d||  lg(rg) alpha_du alpha_pr  ls
 410 -6.7993429e+03 6.54e+01 5.27e+04  -6.0 5.26e+02    -  1.79e-07 1.00e-04h  1
 411 -6.7993430e+03 6.54e+01 5.27e+04  -6.0 9.87e+02    -  1.04e-07 1.00e-04f  1
 412 -6.7993429e+03 6.54e+01 5.27e+04  -6.0 5.26e+02    -  1.79e-07 1.00e-04h  1
 413 -6.7993430e+03 6.54e+01 5.26e+04  -6.0 9.88e+02    -  1.04e-07 1.00e-04f  1
 414 -6.7993429e+03 6.54e+01 5.26e+04  -6.0 5.27e+02    -  1.79e-07 1.00e-04h  1
 415 -6.7993430e+03 6.54e+01 5.26e+04  -6.0 9.89e+02    -  1.04e-07 1.00e-04f  1
 416 -6.7993429e+03 6.54e+01 5.26e+04  -6.0 5.27e+02    -  1.78e-07 1.00e-04h  1
 417 -6.7993430e+03 6.54e+01 5.26e+04  -6.0 9.89e+02    -  1.04e-07 1.00e-04f  1
 418 -6.7993429e+03 6.54e+01 5.26e+04  -6.0 5.28e+02    -  1.78e-07 1.00e-04h  1
 419 -6.7993430e+03 6.53e+01 5.26e+04  -6.0 9.90e+02    -  1.04e-07 1.00e-04f  1
iter    objective    inf_pr   inf_du lg(mu)  ||d||  lg(rg) alpha_du alpha_pr  ls
 420 -6.7993429e+03 6.53e+01 5.26e+04  -6.0 5.29e+02    -  1.77e-07 1.00e-04h  1
 421 -6.7993430e+03 6.53e+01 5.26e+04  -6.0 9.90e+02    -  1.04e-07 1.00e-04f  1
 422 -6.7993429e+03 6.53e+01 5.26e+04  -6.0 5.29e+02    -  1.77e-07 1.00e-04h  1
 423 -6.7993430e+03 6.53e+01 5.26e+04  -6.0 9.91e+02    -  1.04e-07 1.00e-04f  1
 424 -6.7993429e+03 6.53e+01 5.26e+04  -6.0 5.30e+02    -  1.77e-07 1.00e-04h  1
 425 -6.7993430e+03 6.53e+01 5.26e+04  -6.0 9.91e+02    -  1.03e-07 1.00e-04f  1
 426 -6.7993429e+03 6.53e+01 5.26e+04  -6.0 5.30e+02    -  1.76e-07 1.00e-04h  1
 427 -6.7993430e+03 6.53e+01 5.26e+04  -6.0 9.92e+02    -  1.03e-07 1.00e-04f  1
 428 -6.7993429e+03 6.53e+01 5.26e+04  -6.0 5.31e+02    -  1.76e-07 1.00e-04h  1
 429 -6.7993430e+03 6.53e+01 5.26e+04  -6.0 9.92e+02    -  1.03e-07 1.00e-04f  1
iter    objective    inf_pr   inf_du lg(mu)  ||d||  lg(rg) alpha_du alpha_pr  ls
 430 -6.7993429e+03 6.53e+01 5.26e+04  -6.0 5.31e+02    -  1.75e-07 1.00e-04h  1
 431 -6.7993430e+03 6.53e+01 5.26e+04  -6.0 9.93e+02    -  1.03e-07 1.00e-04f  1
 432 -6.7993429e+03 6.53e+01 5.25e+04  -6.0 5.32e+02    -  1.75e-07 1.00e-04h  1
 433 -6.7993430e+03 6.53e+01 5.25e+04  -6.0 9.93e+02    -  1.03e-07 1.00e-04f  1
 434 -6.7993429e+03 6.52e+01 5.25e+04  -6.0 5.33e+02    -  1.75e-07 1.00e-04h  1
 435 -6.7993430e+03 6.52e+01 5.25e+04  -6.0 9.94e+02    -  1.03e-07 1.00e-04f  1
 436 -6.7993429e+03 6.52e+01 5.25e+04  -6.0 5.33e+02    -  1.74e-07 1.00e-04h  1
 437 -6.7993430e+03 6.52e+01 5.25e+04  -6.0 9.94e+02    -  1.03e-07 1.00e-04f  1
 438 -6.7993429e+03 6.52e+01 5.25e+04  -6.0 5.34e+02    -  1.74e-07 1.00e-04h  1
 439 -6.7993430e+03 6.52e+01 5.25e+04  -6.0 9.95e+02    -  1.02e-07 1.00e-04f  1
iter    objective    inf_pr   inf_du lg(mu)  ||d||  lg(rg) alpha_du alpha_pr  ls
 440 -6.7993429e+03 6.52e+01 5.25e+04  -6.0 5.34e+02    -  1.74e-07 1.00e-04h  1
 441 -6.7993430e+03 6.52e+01 5.25e+04  -6.0 9.95e+02    -  1.02e-07 1.00e-04f  1
 442 -6.7993429e+03 6.52e+01 5.25e+04  -6.0 5.35e+02    -  1.73e-07 1.00e-04h  1
 443 -6.7993430e+03 6.52e+01 5.25e+04  -6.0 9.96e+02    -  1.02e-07 1.00e-04f  1
 444 -6.7993429e+03 6.52e+01 5.25e+04  -6.0 5.36e+02    -  1.73e-07 1.00e-04h  1
 445 -6.7993430e+03 6.52e+01 5.25e+04  -6.0 9.96e+02    -  1.02e-07 1.00e-04f  1
 446 -6.7993429e+03 6.52e+01 5.25e+04  -6.0 5.36e+02    -  1.72e-07 1.00e-04h  1
 447 -6.7993430e+03 6.52e+01 5.25e+04  -6.0 9.97e+02    -  1.02e-07 1.00e-04f  1
 448 -6.7993429e+03 6.52e+01 5.25e+04  -6.0 5.37e+02    -  1.72e-07 1.00e-04h  1
 449 -6.7993430e+03 6.51e+01 5.25e+04  -6.0 9.97e+02    -  1.02e-07 1.00e-04f  1
iter    objective    inf_pr   inf_du lg(mu)  ||d||  lg(rg) alpha_du alpha_pr  ls
 450 -6.7993429e+03 6.51e+01 5.25e+04  -6.0 5.37e+02    -  1.72e-07 1.00e-04h  1
 451 -6.7993430e+03 6.51e+01 5.24e+04  -6.0 9.98e+02    -  1.02e-07 1.00e-04f  1
 452 -6.7993429e+03 6.51e+01 5.24e+04  -6.0 5.38e+02    -  1.71e-07 1.00e-04h  1
 453 -6.7993430e+03 6.51e+01 5.24e+04  -6.0 9.98e+02    -  1.01e-07 1.00e-04f  1
 454 -6.7993429e+03 6.51e+01 5.24e+04  -6.0 5.39e+02    -  1.71e-07 1.00e-04h  1
 455 -6.7993430e+03 6.51e+01 5.24e+04  -6.0 9.98e+02    -  1.01e-07 1.00e-04f  1
 456 -6.7993429e+03 6.51e+01 5.24e+04  -6.0 5.39e+02    -  1.71e-07 1.00e-04h  1
 457 -6.7993430e+03 6.51e+01 5.24e+04  -6.0 9.99e+02    -  1.01e-07 1.00e-04f  1
 458 -6.7993429e+03 6.51e+01 5.24e+04  -6.0 5.40e+02    -  1.70e-07 1.00e-04h  1
 459 -6.7993430e+03 6.51e+01 5.24e+04  -6.0 9.99e+02    -  1.01e-07 1.00e-04f  1
iter    objective    inf_pr   inf_du lg(mu)  ||d||  lg(rg) alpha_du alpha_pr  ls
 460 -6.7993429e+03 6.51e+01 5.24e+04  -6.0 5.41e+02    -  1.70e-07 1.00e-04h  1
 461 -6.7993430e+03 6.51e+01 5.24e+04  -6.0 1.00e+03    -  1.01e-07 1.00e-04f  1
 462 -6.7993429e+03 6.51e+01 5.24e+04  -6.0 5.41e+02    -  1.69e-07 1.00e-04h  1
 463 -6.7993430e+03 6.51e+01 5.24e+04  -6.0 1.00e+03    -  1.01e-07 1.00e-04f  1
 464 -6.7993429e+03 6.51e+01 5.24e+04  -6.0 5.42e+02    -  1.69e-07 1.00e-04h  1
 465 -6.7993430e+03 6.50e+01 5.24e+04  -6.0 1.00e+03    -  1.01e-07 1.00e-04f  1
 466 -6.7993429e+03 6.50e+01 5.24e+04  -6.0 5.43e+02    -  1.69e-07 1.00e-04h  1
 467 -6.7993430e+03 6.50e+01 5.24e+04  -6.0 1.00e+03    -  1.00e-07 1.00e-04f  1
 468 -6.7993429e+03 6.50e+01 5.24e+04  -6.0 5.44e+02    -  1.68e-07 1.00e-04h  1
 469 -6.7993430e+03 6.50e+01 5.24e+04  -6.0 1.00e+03    -  1.00e-07 1.00e-04f  1
iter    objective    inf_pr   inf_du lg(mu)  ||d||  lg(rg) alpha_du alpha_pr  ls
 470 -6.7993429e+03 6.50e+01 5.23e+04  -6.0 5.45e+02    -  1.68e-07 1.00e-04h  1
 471 -6.7993430e+03 6.50e+01 5.23e+04  -6.0 1.00e+03    -  1.00e-07 1.00e-04f  1
 472 -6.7993429e+03 6.50e+01 5.23e+04  -6.0 5.46e+02    -  1.68e-07 1.00e-04h  1
 473 -6.7993430e+03 6.50e+01 5.23e+04  -6.0 1.00e+03    -  1.00e-07 1.00e-04f  1
 474 -6.7993429e+03 6.50e+01 5.23e+04  -6.0 5.47e+02    -  1.67e-07 1.00e-04h  1
 475 -6.7993430e+03 6.50e+01 5.23e+04  -6.0 1.00e+03    -  9.98e-08 1.00e-04f  1
 476 -6.7993429e+03 6.50e+01 5.23e+04  -6.0 5.48e+02    -  1.67e-07 1.00e-04h  1
 477 -6.7993430e+03 6.50e+01 5.23e+04  -6.0 9.99e+02    -  9.97e-08 1.00e-04f  1
 478 -6.7993429e+03 6.50e+01 5.23e+04  -6.0 5.49e+02    -  1.66e-07 1.00e-04h  1
 479 -6.7993430e+03 6.50e+01 5.23e+04  -6.0 1.00e+03    -  9.95e-08 1.00e-04f  1
iter    objective    inf_pr   inf_du lg(mu)  ||d||  lg(rg) alpha_du alpha_pr  ls
 480 -6.7993429e+03 6.49e+01 5.23e+04  -6.0 5.50e+02    -  1.66e-07 1.00e-04h  1
 481 -6.7993430e+03 6.49e+01 5.23e+04  -6.0 1.00e+03    -  9.94e-08 1.00e-04f  1
 482 -6.7993429e+03 6.49e+01 5.23e+04  -6.0 5.50e+02    -  1.66e-07 1.00e-04h  1
 483 -6.7993430e+03 6.49e+01 5.23e+04  -6.0 1.00e+03    -  9.92e-08 1.00e-04f  1
 484 -6.7993429e+03 6.49e+01 5.23e+04  -6.0 5.51e+02    -  1.65e-07 1.00e-04h  1
 485 -6.7993430e+03 6.49e+01 5.23e+04  -6.0 1.00e+03    -  9.91e-08 1.00e-04f  1
 486 -6.7993429e+03 6.49e+01 5.23e+04  -6.0 5.52e+02    -  1.65e-07 1.00e-04h  1
 487 -6.7993430e+03 6.49e+01 5.23e+04  -6.0 1.00e+03    -  9.89e-08 1.00e-04f  1
 488 -6.7993429e+03 6.49e+01 5.23e+04  -6.0 5.52e+02    -  1.65e-07 1.00e-04h  1
 489 -6.7993430e+03 6.49e+01 5.22e+04  -6.0 1.00e+03    -  9.88e-08 1.00e-04f  1
iter    objective    inf_pr   inf_du lg(mu)  ||d||  lg(rg) alpha_du alpha_pr  ls
 490 -6.7993429e+03 6.49e+01 5.22e+04  -6.0 5.53e+02    -  1.64e-07 1.00e-04h  1
 491 -6.7993430e+03 6.49e+01 5.22e+04  -6.0 1.00e+03    -  9.86e-08 1.00e-04f  1
 492 -6.7993429e+03 6.49e+01 5.22e+04  -6.0 5.53e+02    -  1.64e-07 1.00e-04h  1
 493 -6.7993430e+03 6.49e+01 5.22e+04  -6.0 1.00e+03    -  9.85e-08 1.00e-04f  1
 494 -6.7993429e+03 6.49e+01 5.22e+04  -6.0 5.54e+02    -  1.64e-07 1.00e-04h  1
 495 -6.7993430e+03 6.49e+01 5.22e+04  -6.0 1.00e+03    -  9.83e-08 1.00e-04f  1
 496 -6.7993429e+03 6.48e+01 5.22e+04  -6.0 5.55e+02    -  1.63e-07 1.00e-04h  1
 497 -6.7993430e+03 6.48e+01 5.22e+04  -6.0 1.00e+03    -  9.82e-08 1.00e-04f  1
 498 -6.7993429e+03 6.48e+01 5.22e+04  -6.0 5.55e+02    -  1.63e-07 1.00e-04h  1
 499 -6.7993430e+03 6.48e+01 5.22e+04  -6.0 1.00e+03    -  9.80e-08 1.00e-04f  1
iter    objective    inf_pr   inf_du lg(mu)  ||d||  lg(rg) alpha_du alpha_pr  ls
 500 -6.7993429e+03 6.48e+01 5.22e+04  -6.0 5.56e+02    -  1.62e-07 1.00e-04h  1
 501 -6.7993430e+03 6.48e+01 5.22e+04  -6.0 1.00e+03    -  9.79e-08 1.00e-04f  1
 502 -6.7993429e+03 6.48e+01 5.22e+04  -6.0 5.57e+02    -  1.62e-07 1.00e-04h  1
 503 -6.7993430e+03 6.48e+01 5.22e+04  -6.0 1.01e+03    -  9.78e-08 1.00e-04f  1
 504 -6.7993429e+03 6.48e+01 5.22e+04  -6.0 5.57e+02    -  1.62e-07 1.00e-04h  1
 505 -6.7993430e+03 6.48e+01 5.22e+04  -6.0 1.01e+03    -  9.76e-08 1.00e-04f  1
 506 -6.7993429e+03 6.48e+01 5.22e+04  -6.0 5.58e+02    -  1.61e-07 1.00e-04h  1
 507 -6.7993430e+03 6.48e+01 5.22e+04  -6.0 1.01e+03    -  9.75e-08 1.00e-04f  1
 508 -6.7993429e+03 6.48e+01 5.22e+04  -6.0 5.58e+02    -  1.61e-07 1.00e-04h  1
 509 -6.7993430e+03 6.48e+01 5.21e+04  -6.0 1.01e+03    -  9.73e-08 1.00e-04f  1
iter    objective    inf_pr   inf_du lg(mu)  ||d||  lg(rg) alpha_du alpha_pr  ls
 510 -6.7993429e+03 6.48e+01 5.21e+04  -6.0 5.59e+02    -  1.61e-07 1.00e-04h  1
 511 -6.7993430e+03 6.47e+01 5.21e+04  -6.0 1.01e+03    -  9.72e-08 1.00e-04f  1
 512 -6.7993429e+03 6.47e+01 5.21e+04  -6.0 5.60e+02    -  1.60e-07 1.00e-04h  1
 513 -6.7993430e+03 6.47e+01 5.21e+04  -6.0 1.01e+03    -  9.70e-08 1.00e-04f  1
 514 -6.7993429e+03 6.47e+01 5.21e+04  -6.0 5.60e+02    -  1.60e-07 1.00e-04h  1
 515 -6.7993430e+03 6.47e+01 5.21e+04  -6.0 1.01e+03    -  9.69e-08 1.00e-04f  1
 516 -6.7993429e+03 6.47e+01 5.21e+04  -6.0 5.61e+02    -  1.60e-07 1.00e-04h  1
 517 -6.7993430e+03 6.47e+01 5.21e+04  -6.0 1.01e+03    -  9.67e-08 1.00e-04f  1
 518 -6.7993429e+03 6.47e+01 5.21e+04  -6.0 5.61e+02    -  1.59e-07 1.00e-04h  1
 519 -6.7993430e+03 6.47e+01 5.21e+04  -6.0 1.01e+03    -  9.66e-08 1.00e-04f  1
iter    objective    inf_pr   inf_du lg(mu)  ||d||  lg(rg) alpha_du alpha_pr  ls
 520 -6.7993429e+03 6.47e+01 5.21e+04  -6.0 5.62e+02    -  1.59e-07 1.00e-04h  1
 521 -6.7993430e+03 6.47e+01 5.21e+04  -6.0 1.01e+03    -  9.64e-08 1.00e-04f  1
 522 -6.7993429e+03 6.47e+01 5.21e+04  -6.0 5.63e+02    -  1.58e-07 1.00e-04h  1
 523 -6.7993430e+03 6.47e+01 5.21e+04  -6.0 1.01e+03    -  9.63e-08 1.00e-04f  1
 524 -6.7993429e+03 6.47e+01 5.21e+04  -6.0 5.63e+02    -  1.58e-07 1.00e-04h  1
 525 -6.7993430e+03 6.47e+01 5.21e+04  -6.0 1.01e+03    -  9.61e-08 1.00e-04f  1
 526 -6.7993429e+03 6.46e+01 5.21e+04  -6.0 5.64e+02    -  1.58e-07 1.00e-04h  1
 527 -6.7993430e+03 6.46e+01 5.21e+04  -6.0 1.01e+03    -  9.60e-08 1.00e-04f  1
 528 -6.7993429e+03 6.46e+01 5.20e+04  -6.0 5.65e+02    -  1.57e-07 1.00e-04h  1
 529 -6.7993430e+03 6.46e+01 5.20e+04  -6.0 1.01e+03    -  9.58e-08 1.00e-04f  1
iter    objective    inf_pr   inf_du lg(mu)  ||d||  lg(rg) alpha_du alpha_pr  ls
 530 -6.7993429e+03 6.46e+01 5.20e+04  -6.0 5.65e+02    -  1.57e-07 1.00e-04h  1
 531 -6.7993430e+03 6.46e+01 5.20e+04  -6.0 1.01e+03    -  9.57e-08 1.00e-04f  1
 532 -6.7993429e+03 6.46e+01 5.20e+04  -6.0 5.66e+02    -  1.57e-07 1.00e-04h  1
 533 -6.7993430e+03 6.46e+01 5.20e+04  -6.0 1.01e+03    -  9.55e-08 1.00e-04f  1
 534 -6.7993429e+03 6.46e+01 5.20e+04  -6.0 5.66e+02    -  1.56e-07 1.00e-04h  1
 535 -6.7993430e+03 6.46e+01 5.20e+04  -6.0 1.01e+03    -  9.54e-08 1.00e-04f  1
 536 -6.7993429e+03 6.46e+01 5.20e+04  -6.0 5.67e+02    -  1.56e-07 1.00e-04h  1
 537 -6.7993430e+03 6.46e+01 5.20e+04  -6.0 1.01e+03    -  9.52e-08 1.00e-04f  1
 538 -6.7993429e+03 6.46e+01 5.20e+04  -6.0 5.68e+02    -  1.56e-07 1.00e-04h  1
 539 -6.7993430e+03 6.46e+01 5.20e+04  -6.0 1.01e+03    -  9.51e-08 1.00e-04f  1
iter    objective    inf_pr   inf_du lg(mu)  ||d||  lg(rg) alpha_du alpha_pr  ls
 540 -6.7993429e+03 6.46e+01 5.20e+04  -6.0 5.68e+02    -  1.55e-07 1.00e-04h  1
 541 -6.7993430e+03 6.46e+01 5.20e+04  -6.0 1.02e+03    -  9.49e-08 1.00e-04f  1
 542 -6.7993429e+03 6.45e+01 5.20e+04  -6.0 5.69e+02    -  1.55e-07 1.00e-04h  1
 543 -6.7993430e+03 6.45e+01 5.20e+04  -6.0 1.02e+03    -  9.48e-08 1.00e-04f  1
 544 -6.7993429e+03 6.45e+01 5.20e+04  -6.0 5.70e+02    -  1.55e-07 1.00e-04h  1
 545 -6.7993430e+03 6.45e+01 5.20e+04  -6.0 1.02e+03    -  9.46e-08 1.00e-04f  1
 546 -6.7993429e+03 6.45e+01 5.20e+04  -6.0 5.70e+02    -  1.54e-07 1.00e-04h  1
 547 -6.7993430e+03 6.45e+01 5.19e+04  -6.0 1.02e+03    -  9.45e-08 1.00e-04f  1
 548 -6.7993429e+03 6.45e+01 5.19e+04  -6.0 5.71e+02    -  1.54e-07 1.00e-04h  1
 549 -6.7993430e+03 6.45e+01 5.19e+04  -6.0 1.02e+03    -  9.43e-08 1.00e-04f  1
iter    objective    inf_pr   inf_du lg(mu)  ||d||  lg(rg) alpha_du alpha_pr  ls
 550 -6.7993429e+03 6.45e+01 5.19e+04  -6.0 5.72e+02    -  1.54e-07 1.00e-04h  1
 551 -6.7993430e+03 6.45e+01 5.19e+04  -6.0 1.02e+03    -  9.42e-08 1.00e-04f  1
 552 -6.7993429e+03 6.45e+01 5.19e+04  -6.0 5.72e+02    -  1.53e-07 1.00e-04h  1
 553 -6.7993430e+03 6.45e+01 5.19e+04  -6.0 1.02e+03    -  9.40e-08 1.00e-04f  1
 554 -6.7993429e+03 6.45e+01 5.19e+04  -6.0 5.73e+02    -  1.53e-07 1.00e-04h  1
 555 -6.7993430e+03 6.45e+01 5.19e+04  -6.0 1.02e+03    -  9.39e-08 1.00e-04f  1
 556 -6.7993429e+03 6.45e+01 5.19e+04  -6.0 5.73e+02    -  1.52e-07 1.00e-04h  1
 557 -6.7993430e+03 6.44e+01 5.19e+04  -6.0 1.02e+03    -  9.37e-08 1.00e-04f  1
 558 -6.7993429e+03 6.44e+01 5.19e+04  -6.0 5.74e+02    -  1.52e-07 1.00e-04h  1
 559 -6.7993430e+03 6.44e+01 5.19e+04  -6.0 1.02e+03    -  9.36e-08 1.00e-04f  1
iter    objective    inf_pr   inf_du lg(mu)  ||d||  lg(rg) alpha_du alpha_pr  ls
 560 -6.7993429e+03 6.44e+01 5.19e+04  -6.0 5.75e+02    -  1.52e-07 1.00e-04h  1
 561 -6.7993430e+03 6.44e+01 5.19e+04  -6.0 1.02e+03    -  9.34e-08 1.00e-04f  1
 562 -6.7993429e+03 6.44e+01 5.19e+04  -6.0 5.75e+02    -  1.51e-07 1.00e-04h  1
 563 -6.7993430e+03 6.44e+01 5.19e+04  -6.0 1.02e+03    -  9.33e-08 1.00e-04f  1
 564 -6.7993429e+03 6.44e+01 5.19e+04  -6.0 5.76e+02    -  1.51e-07 1.00e-04h  1
 565 -6.7993430e+03 6.44e+01 5.19e+04  -6.0 1.02e+03    -  9.31e-08 1.00e-04f  1
 566 -6.7993429e+03 6.44e+01 5.18e+04  -6.0 5.77e+02    -  1.51e-07 1.00e-04h  1
 567 -6.7993430e+03 6.44e+01 5.18e+04  -6.0 1.02e+03    -  9.30e-08 1.00e-04f  1
 568 -6.7993429e+03 6.44e+01 5.18e+04  -6.0 5.77e+02    -  1.50e-07 1.00e-04h  1
 569 -6.7993430e+03 6.44e+01 5.18e+04  -6.0 1.02e+03    -  9.29e-08 1.00e-04f  1
iter    objective    inf_pr   inf_du lg(mu)  ||d||  lg(rg) alpha_du alpha_pr  ls
 570 -6.7993429e+03 6.44e+01 5.18e+04  -6.0 5.78e+02    -  1.50e-07 1.00e-04h  1
 571 -6.7993430e+03 6.44e+01 5.18e+04  -6.0 1.02e+03    -  9.27e-08 1.00e-04f  1
 572 -6.7993429e+03 6.44e+01 5.18e+04  -6.0 5.79e+02    -  1.50e-07 1.00e-04h  1
 573 -6.7993430e+03 6.43e+01 5.18e+04  -6.0 1.02e+03    -  9.26e-08 1.00e-04f  1
 574 -6.7993429e+03 6.43e+01 5.18e+04  -6.0 5.79e+02    -  1.49e-07 1.00e-04h  1
 575 -6.7993430e+03 6.43e+01 5.18e+04  -6.0 1.02e+03    -  9.24e-08 1.00e-04f  1
 576 -6.7993429e+03 6.43e+01 5.18e+04  -6.0 5.80e+02    -  1.49e-07 1.00e-04h  1
 577 -6.7993430e+03 6.43e+01 5.18e+04  -6.0 1.03e+03    -  9.23e-08 1.00e-04f  1
 578 -6.7993429e+03 6.43e+01 5.18e+04  -6.0 5.81e+02    -  1.49e-07 1.00e-04h  1
 579 -6.7993430e+03 6.43e+01 5.18e+04  -6.0 1.03e+03    -  9.21e-08 1.00e-04f  1
iter    objective    inf_pr   inf_du lg(mu)  ||d||  lg(rg) alpha_du alpha_pr  ls
 580 -6.7993429e+03 6.43e+01 5.18e+04  -6.0 5.81e+02    -  1.48e-07 1.00e-04h  1
 581 -6.7993430e+03 6.43e+01 5.18e+04  -6.0 1.03e+03    -  9.20e-08 1.00e-04f  1
 582 -6.7993429e+03 6.43e+01 5.18e+04  -6.0 5.82e+02    -  1.48e-07 1.00e-04h  1
 583 -6.7993430e+03 6.43e+01 5.18e+04  -6.0 1.03e+03    -  9.18e-08 1.00e-04f  1
 584 -6.7993429e+03 6.43e+01 5.18e+04  -6.0 5.83e+02    -  1.48e-07 1.00e-04h  1
 585 -6.7993430e+03 6.43e+01 5.18e+04  -6.0 1.03e+03    -  9.17e-08 1.00e-04f  1
 586 -6.7993429e+03 6.43e+01 5.17e+04  -6.0 5.83e+02    -  1.47e-07 1.00e-04h  1
 587 -6.7993430e+03 6.43e+01 5.17e+04  -6.0 1.03e+03    -  9.15e-08 1.00e-04f  1
 588 -6.7993429e+03 6.42e+01 5.17e+04  -6.0 5.84e+02    -  1.47e-07 1.00e-04h  1
 589 -6.7993430e+03 6.42e+01 5.17e+04  -6.0 1.03e+03    -  9.14e-08 1.00e-04f  1
iter    objective    inf_pr   inf_du lg(mu)  ||d||  lg(rg) alpha_du alpha_pr  ls
 590 -6.7993429e+03 6.42e+01 5.17e+04  -6.0 5.85e+02    -  1.47e-07 1.00e-04h  1
 591 -6.7993430e+03 6.42e+01 5.17e+04  -6.0 1.03e+03    -  9.12e-08 1.00e-04f  1
 592 -6.7993429e+03 6.42e+01 5.17e+04  -6.0 5.85e+02    -  1.46e-07 1.00e-04h  1
 593 -6.7993430e+03 6.42e+01 5.17e+04  -6.0 1.03e+03    -  9.11e-08 1.00e-04f  1
 594 -6.7993429e+03 6.42e+01 5.17e+04  -6.0 5.86e+02    -  1.46e-07 1.00e-04h  1
 595 -6.7993430e+03 6.42e+01 5.17e+04  -6.0 1.03e+03    -  9.09e-08 1.00e-04f  1
 596 -6.7993429e+03 6.42e+01 5.17e+04  -6.0 5.87e+02    -  1.46e-07 1.00e-04h  1
 597 -6.7993430e+03 6.42e+01 5.17e+04  -6.0 1.03e+03    -  9.08e-08 1.00e-04f  1
 598 -6.7993429e+03 6.42e+01 5.17e+04  -6.0 5.87e+02    -  1.45e-07 1.00e-04h  1
 599 -6.7993430e+03 6.42e+01 5.17e+04  -6.0 1.03e+03    -  9.06e-08 1.00e-04f  1
iter    objective    inf_pr   inf_du lg(mu)  ||d||  lg(rg) alpha_du alpha_pr  ls
 600 -6.7993429e+03 6.42e+01 5.17e+04  -6.0 5.88e+02    -  1.45e-07 1.00e-04h  1
 601 -6.7993430e+03 6.42e+01 5.17e+04  -6.0 1.03e+03    -  9.05e-08 1.00e-04f  1
 602 -6.7993429e+03 6.42e+01 5.17e+04  -6.0 5.89e+02    -  1.44e-07 1.00e-04h  1
 603 -6.7993430e+03 6.42e+01 5.17e+04  -6.0 1.03e+03    -  9.03e-08 1.00e-04f  1
 604 -6.7993429e+03 6.41e+01 5.17e+04  -6.0 5.89e+02    -  1.44e-07 1.00e-04h  1
 605 -6.7993430e+03 6.41e+01 5.16e+04  -6.0 1.03e+03    -  9.02e-08 1.00e-04f  1
 606 -6.7993429e+03 6.41e+01 5.16e+04  -6.0 5.90e+02    -  1.44e-07 1.00e-04h  1
 607 -6.7993430e+03 6.41e+01 5.16e+04  -6.0 1.03e+03    -  9.00e-08 1.00e-04f  1
 608 -6.7993429e+03 6.41e+01 5.16e+04  -6.0 5.91e+02    -  1.43e-07 1.00e-04h  1
 609 -6.7993430e+03 6.41e+01 5.16e+04  -6.0 1.03e+03    -  8.99e-08 1.00e-04f  1
iter    objective    inf_pr   inf_du lg(mu)  ||d||  lg(rg) alpha_du alpha_pr  ls
 610 -6.7993429e+03 6.41e+01 5.16e+04  -6.0 5.91e+02    -  1.43e-07 1.00e-04h  1
 611 -6.7993430e+03 6.41e+01 5.16e+04  -6.0 1.03e+03    -  8.97e-08 1.00e-04f  1
 612 -6.7993429e+03 6.41e+01 5.16e+04  -6.0 5.92e+02    -  1.43e-07 1.00e-04h  1
 613 -6.7993430e+03 6.41e+01 5.16e+04  -6.0 1.04e+03    -  8.96e-08 1.00e-04f  1
 614 -6.7993429e+03 6.41e+01 5.16e+04  -6.0 5.93e+02    -  1.42e-07 1.00e-04h  1
 615 -6.7993430e+03 6.41e+01 5.16e+04  -6.0 1.04e+03    -  8.94e-08 1.00e-04f  1
 616 -6.7993429e+03 6.41e+01 5.16e+04  -6.0 5.93e+02    -  1.42e-07 1.00e-04h  1
 617 -6.7993430e+03 6.41e+01 5.16e+04  -6.0 1.04e+03    -  8.93e-08 1.00e-04f  1
 618 -6.7993429e+03 6.41e+01 5.16e+04  -6.0 5.94e+02    -  1.42e-07 1.00e-04h  1
 619 -6.7993430e+03 6.41e+01 5.16e+04  -6.0 1.04e+03    -  8.91e-08 1.00e-04f  1
iter    objective    inf_pr   inf_du lg(mu)  ||d||  lg(rg) alpha_du alpha_pr  ls
 620 -6.7993429e+03 6.40e+01 5.16e+04  -6.0 5.95e+02    -  1.41e-07 1.00e-04h  1
 621 -6.7993430e+03 6.40e+01 5.16e+04  -6.0 1.04e+03    -  8.90e-08 1.00e-04f  1
 622 -6.7993429e+03 6.40e+01 5.16e+04  -6.0 5.95e+02    -  1.41e-07 1.00e-04h  1
 623 -6.7993430e+03 6.40e+01 5.16e+04  -6.0 1.04e+03    -  8.88e-08 1.00e-04f  1
 624 -6.7993429e+03 6.40e+01 5.15e+04  -6.0 5.96e+02    -  1.41e-07 1.00e-04h  1
 625 -6.7993430e+03 6.40e+01 5.15e+04  -6.0 1.04e+03    -  8.87e-08 1.00e-04f  1
 626 -6.7993429e+03 6.40e+01 5.15e+04  -6.0 5.97e+02    -  1.40e-07 1.00e-04h  1
 627 -6.7993430e+03 6.40e+01 5.15e+04  -6.0 1.04e+03    -  8.85e-08 1.00e-04f  1
 628 -6.7993429e+03 6.40e+01 5.15e+04  -6.0 5.97e+02    -  1.40e-07 1.00e-04h  1
 629 -6.7993430e+03 6.40e+01 5.15e+04  -6.0 1.04e+03    -  8.84e-08 1.00e-04f  1
iter    objective    inf_pr   inf_du lg(mu)  ||d||  lg(rg) alpha_du alpha_pr  ls
 630 -6.7993429e+03 6.40e+01 5.15e+04  -6.0 5.98e+02    -  1.40e-07 1.00e-04h  1
 631 -6.7993430e+03 6.40e+01 5.15e+04  -6.0 1.04e+03    -  8.82e-08 1.00e-04f  1
 632 -6.7993429e+03 6.40e+01 5.15e+04  -6.0 5.99e+02    -  1.39e-07 1.00e-04h  1
 633 -6.7993430e+03 6.40e+01 5.15e+04  -6.0 1.04e+03    -  8.81e-08 1.00e-04f  1
 634 -6.7993429e+03 6.40e+01 5.15e+04  -6.0 5.99e+02    -  1.39e-07 1.00e-04h  1
 635 -6.7993430e+03 6.39e+01 5.15e+04  -6.0 1.04e+03    -  8.79e-08 1.00e-04f  1
 636 -6.7993429e+03 6.39e+01 5.15e+04  -6.0 6.00e+02    -  1.39e-07 1.00e-04h  1
 637 -6.7993430e+03 6.39e+01 5.15e+04  -6.0 1.04e+03    -  8.78e-08 1.00e-04f  1
 638 -6.7993429e+03 6.39e+01 5.15e+04  -6.0 6.01e+02    -  1.38e-07 1.00e-04h  1
 639 -6.7993430e+03 6.39e+01 5.15e+04  -6.0 1.04e+03    -  8.76e-08 1.00e-04f  1
iter    objective    inf_pr   inf_du lg(mu)  ||d||  lg(rg) alpha_du alpha_pr  ls
 640 -6.7993429e+03 6.39e+01 5.15e+04  -6.0 6.01e+02    -  1.38e-07 1.00e-04h  1
 641 -6.7993430e+03 6.39e+01 5.15e+04  -6.0 1.04e+03    -  8.75e-08 1.00e-04f  1
 642 -6.7993429e+03 6.39e+01 5.15e+04  -6.0 6.02e+02    -  1.38e-07 1.00e-04h  1
 643 -6.7993430e+03 6.39e+01 5.15e+04  -6.0 1.04e+03    -  8.73e-08 1.00e-04f  1
 644 -6.7993429e+03 6.39e+01 5.14e+04  -6.0 6.03e+02    -  1.37e-07 1.00e-04h  1
 645 -6.7993430e+03 6.39e+01 5.14e+04  -6.0 1.04e+03    -  8.72e-08 1.00e-04f  1
 646 -6.7993429e+03 6.39e+01 5.14e+04  -6.0 6.04e+02    -  1.37e-07 1.00e-04h  1
 647 -6.7993430e+03 6.39e+01 5.14e+04  -6.0 1.05e+03    -  8.70e-08 1.00e-04f  1
 648 -6.7993429e+03 6.39e+01 5.14e+04  -6.0 6.04e+02    -  1.37e-07 1.00e-04h  1
 649 -6.7993430e+03 6.39e+01 5.14e+04  -6.0 1.05e+03    -  8.69e-08 1.00e-04f  1
iter    objective    inf_pr   inf_du lg(mu)  ||d||  lg(rg) alpha_du alpha_pr  ls
 650 -6.7993429e+03 6.39e+01 5.14e+04  -6.0 6.05e+02    -  1.36e-07 1.00e-04h  1
 651 -6.7993430e+03 6.38e+01 5.14e+04  -6.0 1.05e+03    -  8.67e-08 1.00e-04f  1
 652 -6.7993429e+03 6.38e+01 5.14e+04  -6.0 6.06e+02    -  1.36e-07 1.00e-04h  1
 653 -6.7993430e+03 6.38e+01 5.14e+04  -6.0 1.05e+03    -  8.66e-08 1.00e-04f  1
 654 -6.7993429e+03 6.38e+01 5.14e+04  -6.0 6.06e+02    -  1.36e-07 1.00e-04h  1
 655 -6.7993430e+03 6.38e+01 5.14e+04  -6.0 1.05e+03    -  8.65e-08 1.00e-04f  1
 656 -6.7993429e+03 6.38e+01 5.14e+04  -6.0 6.07e+02    -  1.35e-07 1.00e-04h  1
 657 -6.7993430e+03 6.38e+01 5.14e+04  -6.0 1.05e+03    -  8.63e-08 1.00e-04f  1
 658 -6.7993429e+03 6.38e+01 5.14e+04  -6.0 6.08e+02    -  1.35e-07 1.00e-04h  1
 659 -6.7993430e+03 6.38e+01 5.14e+04  -6.0 1.05e+03    -  8.62e-08 1.00e-04f  1
iter    objective    inf_pr   inf_du lg(mu)  ||d||  lg(rg) alpha_du alpha_pr  ls
 660 -6.7993429e+03 6.38e+01 5.14e+04  -6.0 6.08e+02    -  1.35e-07 1.00e-04h  1
 661 -6.7993430e+03 6.38e+01 5.14e+04  -6.0 1.05e+03    -  8.60e-08 1.00e-04f  1
 662 -6.7993429e+03 6.38e+01 5.14e+04  -6.0 6.09e+02    -  1.34e-07 1.00e-04h  1
 663 -6.7993430e+03 6.38e+01 5.13e+04  -6.0 1.05e+03    -  8.59e-08 1.00e-04f  1
 664 -6.7993429e+03 6.38e+01 5.13e+04  -6.0 6.10e+02    -  1.34e-07 1.00e-04h  1
 665 -6.7993430e+03 6.38e+01 5.13e+04  -6.0 1.05e+03    -  8.57e-08 1.00e-04f  1
 666 -6.7993429e+03 6.37e+01 5.13e+04  -6.0 6.10e+02    -  1.34e-07 1.00e-04h  1
 667 -6.7993430e+03 6.37e+01 5.13e+04  -6.0 1.05e+03    -  8.56e-08 1.00e-04f  1
 668 -6.7993429e+03 6.37e+01 5.13e+04  -6.0 6.11e+02    -  1.33e-07 1.00e-04h  1
 669 -6.7993430e+03 6.37e+01 5.13e+04  -6.0 1.05e+03    -  8.54e-08 1.00e-04f  1
iter    objective    inf_pr   inf_du lg(mu)  ||d||  lg(rg) alpha_du alpha_pr  ls
 670 -6.7993429e+03 6.37e+01 5.13e+04  -6.0 6.12e+02    -  1.33e-07 1.00e-04h  1
 671 -6.7993430e+03 6.37e+01 5.13e+04  -6.0 1.05e+03    -  8.53e-08 1.00e-04f  1
 672 -6.7993429e+03 6.37e+01 5.13e+04  -6.0 6.13e+02    -  1.33e-07 1.00e-04h  1
 673 -6.7993430e+03 6.37e+01 5.13e+04  -6.0 1.05e+03    -  8.51e-08 1.00e-04f  1
 674 -6.7993429e+03 6.37e+01 5.13e+04  -6.0 6.13e+02    -  1.32e-07 1.00e-04h  1
 675 -6.7993430e+03 6.37e+01 5.13e+04  -6.0 1.05e+03    -  8.50e-08 1.00e-04f  1
 676 -6.7993429e+03 6.37e+01 5.13e+04  -6.0 6.14e+02    -  1.32e-07 1.00e-04h  1
 677 -6.7993430e+03 6.37e+01 5.13e+04  -6.0 1.05e+03    -  8.48e-08 1.00e-04f  1
 678 -6.7993429e+03 6.37e+01 5.13e+04  -6.0 6.15e+02    -  1.32e-07 1.00e-04h  1
 679 -6.7993430e+03 6.37e+01 5.13e+04  -6.0 1.06e+03    -  8.47e-08 1.00e-04f  1
iter    objective    inf_pr   inf_du lg(mu)  ||d||  lg(rg) alpha_du alpha_pr  ls
 680 -6.7993429e+03 6.37e+01 5.13e+04  -6.0 6.15e+02    -  1.32e-07 1.00e-04h  1
 681 -6.7993430e+03 6.37e+01 5.13e+04  -6.0 1.06e+03    -  8.45e-08 1.00e-04f  1
 682 -6.7993429e+03 6.36e+01 5.13e+04  -6.0 6.16e+02    -  1.31e-07 1.00e-04h  1
 683 -6.7993430e+03 6.36e+01 5.12e+04  -6.0 1.06e+03    -  8.44e-08 1.00e-04f  1
 684 -6.7993429e+03 6.36e+01 5.12e+04  -6.0 6.17e+02    -  1.31e-07 1.00e-04h  1
 685 -6.7993430e+03 6.36e+01 5.12e+04  -6.0 1.06e+03    -  8.42e-08 1.00e-04f  1
 686 -6.7993429e+03 6.36e+01 5.12e+04  -6.0 6.18e+02    -  1.31e-07 1.00e-04h  1
 687 -6.7993429e+03 6.36e+01 5.12e+04  -6.0 1.06e+03    -  8.41e-08 1.00e-04f  1
 688 -6.7993429e+03 6.36e+01 5.12e+04  -6.0 6.18e+02    -  1.30e-07 1.00e-04h  1
 689 -6.7993429e+03 6.36e+01 5.12e+04  -6.0 1.06e+03    -  8.39e-08 1.00e-04f  1
iter    objective    inf_pr   inf_du lg(mu)  ||d||  lg(rg) alpha_du alpha_pr  ls
 690 -6.7993429e+03 6.36e+01 5.12e+04  -6.0 6.19e+02    -  1.30e-07 1.00e-04h  1
 691 -6.7993429e+03 6.36e+01 5.12e+04  -6.0 1.06e+03    -  8.38e-08 1.00e-04f  1
 692 -6.7993429e+03 6.36e+01 5.12e+04  -6.0 6.20e+02    -  1.30e-07 1.00e-04h  1
 693 -6.7993429e+03 6.36e+01 5.12e+04  -6.0 1.06e+03    -  8.36e-08 1.00e-04f  1
 694 -6.7993429e+03 6.36e+01 5.12e+04  -6.0 6.20e+02    -  1.29e-07 1.00e-04h  1
 695 -6.7993429e+03 6.36e+01 5.12e+04  -6.0 1.06e+03    -  8.35e-08 1.00e-04f  1
 696 -6.7993429e+03 6.36e+01 5.12e+04  -6.0 6.21e+02    -  1.29e-07 1.00e-04h  1
 697 -6.7993429e+03 6.36e+01 5.12e+04  -6.0 1.06e+03    -  8.33e-08 1.00e-04f  1
 698 -6.7993429e+03 6.35e+01 5.12e+04  -6.0 6.22e+02    -  1.29e-07 1.00e-04h  1
 699 -6.7993429e+03 6.35e+01 5.12e+04  -6.0 1.06e+03    -  8.32e-08 1.00e-04f  1
iter    objective    inf_pr   inf_du lg(mu)  ||d||  lg(rg) alpha_du alpha_pr  ls
 700 -6.7993429e+03 6.35e+01 5.12e+04  -6.0 6.23e+02    -  1.28e-07 1.00e-04h  1
 701 -6.7993429e+03 6.35e+01 5.12e+04  -6.0 1.06e+03    -  8.30e-08 1.00e-04f  1
 702 -6.7993429e+03 6.35e+01 5.11e+04  -6.0 6.23e+02    -  1.28e-07 1.00e-04h  1
 703 -6.7993429e+03 6.35e+01 5.11e+04  -6.0 1.06e+03    -  8.29e-08 1.00e-04f  1
 704 -6.7993429e+03 6.35e+01 5.11e+04  -6.0 6.24e+02    -  1.28e-07 1.00e-04h  1
 705 -6.7993429e+03 6.35e+01 5.11e+04  -6.0 1.06e+03    -  8.27e-08 1.00e-04f  1
 706 -6.7993429e+03 6.35e+01 5.11e+04  -6.0 6.25e+02    -  1.27e-07 1.00e-04h  1
 707 -6.7993429e+03 6.35e+01 5.11e+04  -6.0 1.06e+03    -  8.26e-08 1.00e-04f  1
 708 -6.7993429e+03 6.35e+01 5.11e+04  -6.0 6.26e+02    -  1.27e-07 1.00e-04h  1
 709 -6.7993429e+03 6.35e+01 5.11e+04  -6.0 1.06e+03    -  8.24e-08 1.00e-04f  1
iter    objective    inf_pr   inf_du lg(mu)  ||d||  lg(rg) alpha_du alpha_pr  ls
 710 -6.7993429e+03 6.35e+01 5.11e+04  -6.0 6.26e+02    -  1.27e-07 1.00e-04h  1
 711 -6.7993429e+03 6.35e+01 5.11e+04  -6.0 1.07e+03    -  8.23e-08 1.00e-04f  1
 712 -6.7993429e+03 6.35e+01 5.11e+04  -6.0 6.27e+02    -  1.26e-07 1.00e-04h  1
 713 -6.7993429e+03 6.35e+01 5.11e+04  -6.0 1.07e+03    -  8.21e-08 1.00e-04f  1
 714 -6.7993429e+03 6.34e+01 5.11e+04  -6.0 6.28e+02    -  1.26e-07 1.00e-04h  1
 715 -6.7993429e+03 6.34e+01 5.11e+04  -6.0 1.07e+03    -  8.20e-08 1.00e-04f  1
 716 -6.7993429e+03 6.34e+01 5.11e+04  -6.0 6.29e+02    -  1.26e-07 1.00e-04h  1
 717 -6.7993429e+03 6.34e+01 5.11e+04  -6.0 1.07e+03    -  8.18e-08 1.00e-04f  1
 718 -6.7993429e+03 6.34e+01 5.11e+04  -6.0 6.29e+02    -  1.25e-07 1.00e-04h  1
 719 -6.7993429e+03 6.34e+01 5.11e+04  -6.0 1.07e+03    -  8.17e-08 1.00e-04f  1
iter    objective    inf_pr   inf_du lg(mu)  ||d||  lg(rg) alpha_du alpha_pr  ls
 720 -6.7993429e+03 6.34e+01 5.11e+04  -6.0 6.30e+02    -  1.25e-07 1.00e-04h  1
 721 -6.7993429e+03 6.34e+01 5.11e+04  -6.0 1.07e+03    -  8.15e-08 1.00e-04f  1
 722 -6.7993429e+03 6.34e+01 5.10e+04  -6.0 6.31e+02    -  1.25e-07 1.00e-04h  1
 723 -6.7993429e+03 6.34e+01 5.10e+04  -6.0 1.07e+03    -  8.14e-08 1.00e-04f  1
 724 -6.7993429e+03 6.34e+01 5.10e+04  -6.0 6.31e+02    -  1.24e-07 1.00e-04h  1
 725 -6.7993429e+03 6.34e+01 5.10e+04  -6.0 1.07e+03    -  8.13e-08 1.00e-04f  1
 726 -6.7993429e+03 6.34e+01 5.10e+04  -6.0 6.32e+02    -  1.24e-07 1.00e-04h  1
 727 -6.7993429e+03 6.34e+01 5.10e+04  -6.0 1.07e+03    -  8.11e-08 1.00e-04f  1
 728 -6.7993429e+03 6.34e+01 5.10e+04  -6.0 6.33e+02    -  1.24e-07 1.00e-04h  1
 729 -6.7993429e+03 6.33e+01 5.10e+04  -6.0 1.07e+03    -  8.10e-08 1.00e-04f  1
iter    objective    inf_pr   inf_du lg(mu)  ||d||  lg(rg) alpha_du alpha_pr  ls
 730 -6.7993429e+03 6.33e+01 5.10e+04  -6.0 6.34e+02    -  1.24e-07 1.00e-04h  1
 731 -6.7993429e+03 6.33e+01 5.10e+04  -6.0 1.07e+03    -  8.08e-08 1.00e-04f  1
 732 -6.7993429e+03 6.33e+01 5.10e+04  -6.0 6.34e+02    -  1.23e-07 1.00e-04h  1
 733 -6.7993429e+03 6.33e+01 5.10e+04  -6.0 1.07e+03    -  8.07e-08 1.00e-04f  1
 734 -6.7993429e+03 6.33e+01 5.10e+04  -6.0 6.35e+02    -  1.23e-07 1.00e-04h  1
 735 -6.7993429e+03 6.33e+01 5.10e+04  -6.0 1.07e+03    -  8.05e-08 1.00e-04f  1
 736 -6.7993429e+03 6.33e+01 5.10e+04  -6.0 6.36e+02    -  1.23e-07 1.00e-04h  1
 737 -6.7993429e+03 6.33e+01 5.10e+04  -6.0 1.07e+03    -  8.04e-08 1.00e-04f  1
 738 -6.7993429e+03 6.33e+01 5.10e+04  -6.0 6.37e+02    -  1.22e-07 1.00e-04h  1
 739 -6.7993429e+03 6.33e+01 5.10e+04  -6.0 1.07e+03    -  8.02e-08 1.00e-04f  1
iter    objective    inf_pr   inf_du lg(mu)  ||d||  lg(rg) alpha_du alpha_pr  ls
 740 -6.7993429e+03 6.33e+01 5.10e+04  -6.0 6.37e+02    -  1.22e-07 1.00e-04h  1
 741 -6.7993429e+03 6.33e+01 5.09e+04  -6.0 1.08e+03    -  8.01e-08 1.00e-04f  1
 742 -6.7993429e+03 6.33e+01 5.09e+04  -6.0 6.38e+02    -  1.22e-07 1.00e-04h  1
 743 -6.7993429e+03 6.33e+01 5.09e+04  -6.0 1.08e+03    -  7.99e-08 1.00e-04f  1
 744 -6.7993429e+03 6.33e+01 5.09e+04  -6.0 6.39e+02    -  1.21e-07 1.00e-04h  1
 745 -6.7993429e+03 6.32e+01 5.09e+04  -6.0 1.08e+03    -  7.98e-08 1.00e-04f  1
 746 -6.7993429e+03 6.32e+01 5.09e+04  -6.0 6.40e+02    -  1.21e-07 1.00e-04h  1
 747 -6.7993429e+03 6.32e+01 5.09e+04  -6.0 1.08e+03    -  7.96e-08 1.00e-04f  1
 748 -6.7993429e+03 6.32e+01 5.09e+04  -6.0 6.40e+02    -  1.21e-07 1.00e-04h  1
 749 -6.7993429e+03 6.32e+01 5.09e+04  -6.0 1.08e+03    -  7.95e-08 1.00e-04f  1
iter    objective    inf_pr   inf_du lg(mu)  ||d||  lg(rg) alpha_du alpha_pr  ls
 750 -6.7993429e+03 6.32e+01 5.09e+04  -6.0 6.41e+02    -  1.20e-07 1.00e-04h  1
 751 -6.7993429e+03 6.32e+01 5.09e+04  -6.0 1.08e+03    -  7.93e-08 1.00e-04f  1
 752 -6.7993429e+03 6.32e+01 5.09e+04  -6.0 6.42e+02    -  1.20e-07 1.00e-04h  1
 753 -6.7993429e+03 6.32e+01 5.09e+04  -6.0 1.08e+03    -  7.92e-08 1.00e-04f  1
 754 -6.7993429e+03 6.32e+01 5.09e+04  -6.0 6.43e+02    -  1.20e-07 1.00e-04h  1
 755 -6.7993429e+03 6.32e+01 5.09e+04  -6.0 1.08e+03    -  7.90e-08 1.00e-04f  1
 756 -6.7993429e+03 6.32e+01 5.09e+04  -6.0 6.44e+02    -  1.20e-07 1.00e-04h  1
 757 -6.7993429e+03 6.32e+01 5.09e+04  -6.0 1.08e+03    -  7.89e-08 1.00e-04f  1
 758 -6.7993429e+03 6.32e+01 5.09e+04  -6.0 6.44e+02    -  1.19e-07 1.00e-04h  1
 759 -6.7993429e+03 6.32e+01 5.09e+04  -6.0 1.08e+03    -  7.87e-08 1.00e-04f  1
iter    objective    inf_pr   inf_du lg(mu)  ||d||  lg(rg) alpha_du alpha_pr  ls
 760 -6.7993429e+03 6.32e+01 5.09e+04  -6.0 6.45e+02    -  1.19e-07 1.00e-04h  1
 761 -6.7993429e+03 6.31e+01 5.08e+04  -6.0 1.08e+03    -  7.86e-08 1.00e-04f  1
 762 -6.7993429e+03 6.31e+01 5.08e+04  -6.0 6.46e+02    -  1.19e-07 1.00e-04h  1
 763 -6.7993429e+03 6.31e+01 5.08e+04  -6.0 1.08e+03    -  7.84e-08 1.00e-04f  1
 764 -6.7993429e+03 6.31e+01 5.08e+04  -6.0 6.47e+02    -  1.18e-07 1.00e-04h  1
 765 -6.7993429e+03 6.31e+01 5.08e+04  -6.0 1.08e+03    -  7.83e-08 1.00e-04f  1
 766 -6.7993429e+03 6.31e+01 5.08e+04  -6.0 6.47e+02    -  1.18e-07 1.00e-04h  1
 767 -6.7993429e+03 6.31e+01 5.08e+04  -6.0 1.08e+03    -  7.81e-08 1.00e-04f  1
 768 -6.7993429e+03 6.31e+01 5.08e+04  -6.0 6.48e+02    -  1.18e-07 1.00e-04h  1
 769 -6.7993429e+03 6.31e+01 5.08e+04  -6.0 1.08e+03    -  7.80e-08 1.00e-04f  1
iter    objective    inf_pr   inf_du lg(mu)  ||d||  lg(rg) alpha_du alpha_pr  ls
 770 -6.7993429e+03 6.31e+01 5.08e+04  -6.0 6.49e+02    -  1.17e-07 1.00e-04h  1
 771 -6.7993429e+03 6.31e+01 5.08e+04  -6.0 1.09e+03    -  7.78e-08 1.00e-04f  1
 772 -6.7993429e+03 6.31e+01 5.08e+04  -6.0 6.50e+02    -  1.17e-07 1.00e-04h  1
 773 -6.7993429e+03 6.31e+01 5.08e+04  -6.0 1.09e+03    -  7.77e-08 1.00e-04f  1
 774 -6.7993429e+03 6.31e+01 5.08e+04  -6.0 6.50e+02    -  1.17e-07 1.00e-04h  1
 775 -6.7993429e+03 6.31e+01 5.08e+04  -6.0 1.09e+03    -  7.76e-08 1.00e-04f  1
 776 -6.7993429e+03 6.31e+01 5.08e+04  -6.0 6.51e+02    -  1.16e-07 1.00e-04h  1
 777 -6.7993429e+03 6.30e+01 5.08e+04  -6.0 1.09e+03    -  7.74e-08 1.00e-04f  1
 778 -6.7993429e+03 6.30e+01 5.08e+04  -6.0 6.52e+02    -  1.16e-07 1.00e-04h  1
 779 -6.7993429e+03 6.30e+01 5.08e+04  -6.0 1.09e+03    -  7.73e-08 1.00e-04f  1
iter    objective    inf_pr   inf_du lg(mu)  ||d||  lg(rg) alpha_du alpha_pr  ls
 780 -6.7993429e+03 6.30e+01 5.08e+04  -6.0 6.53e+02    -  1.16e-07 1.00e-04h  1
 781 -6.7993429e+03 6.30e+01 5.07e+04  -6.0 1.09e+03    -  7.71e-08 1.00e-04f  1
 782 -6.7993429e+03 6.30e+01 5.07e+04  -6.0 6.54e+02    -  1.16e-07 1.00e-04h  1
 783 -6.7993429e+03 6.30e+01 5.07e+04  -6.0 1.09e+03    -  7.70e-08 1.00e-04f  1
 784 -6.7993429e+03 6.30e+01 5.07e+04  -6.0 6.54e+02    -  1.15e-07 1.00e-04h  1
 785 -6.7993429e+03 6.30e+01 5.07e+04  -6.0 1.09e+03    -  7.68e-08 1.00e-04f  1
 786 -6.7993429e+03 6.30e+01 5.07e+04  -6.0 6.55e+02    -  1.15e-07 1.00e-04h  1
 787 -6.7993429e+03 6.30e+01 5.07e+04  -6.0 1.09e+03    -  7.67e-08 1.00e-04f  1
 788 -6.7993429e+03 6.30e+01 5.07e+04  -6.0 6.56e+02    -  1.15e-07 1.00e-04h  1
 789 -6.7993429e+03 6.30e+01 5.07e+04  -6.0 1.09e+03    -  7.65e-08 1.00e-04f  1
iter    objective    inf_pr   inf_du lg(mu)  ||d||  lg(rg) alpha_du alpha_pr  ls
 790 -6.7993429e+03 6.30e+01 5.07e+04  -6.0 6.57e+02    -  1.14e-07 1.00e-04h  1
 791 -6.7993429e+03 6.30e+01 5.07e+04  -6.0 1.09e+03    -  7.64e-08 1.00e-04f  1
 792 -6.7993429e+03 6.30e+01 5.07e+04  -6.0 6.57e+02    -  1.14e-07 1.00e-04h  1
 793 -6.7993429e+03 6.29e+01 5.07e+04  -6.0 1.09e+03    -  7.62e-08 1.00e-04f  1
 794 -6.7993428e+03 6.29e+01 5.07e+04  -6.0 6.58e+02    -  1.14e-07 1.00e-04h  1
 795 -6.7993429e+03 6.29e+01 5.07e+04  -6.0 1.09e+03    -  7.61e-08 1.00e-04f  1
 796 -6.7993428e+03 6.29e+01 5.07e+04  -6.0 6.59e+02    -  1.13e-07 1.00e-04h  1
 797 -6.7993429e+03 6.29e+01 5.07e+04  -6.0 1.09e+03    -  7.59e-08 1.00e-04f  1
 798 -6.7993428e+03 6.29e+01 5.07e+04  -6.0 6.60e+02    -  1.13e-07 1.00e-04h  1
 799 -6.7993429e+03 6.29e+01 5.07e+04  -6.0 1.09e+03    -  7.58e-08 1.00e-04f  1
iter    objective    inf_pr   inf_du lg(mu)  ||d||  lg(rg) alpha_du alpha_pr  ls
 800 -6.7993428e+03 6.29e+01 5.06e+04  -6.0 6.61e+02    -  1.13e-07 1.00e-04h  1
 801 -6.7993429e+03 6.29e+01 5.06e+04  -6.0 1.10e+03    -  7.56e-08 1.00e-04f  1
 802 -6.7993428e+03 6.29e+01 5.06e+04  -6.0 6.61e+02    -  1.13e-07 1.00e-04h  1
 803 -6.7993429e+03 6.29e+01 5.06e+04  -6.0 1.10e+03    -  7.55e-08 1.00e-04f  1
 804 -6.7993428e+03 6.29e+01 5.06e+04  -6.0 6.62e+02    -  1.12e-07 1.00e-04h  1
 805 -6.7993429e+03 6.29e+01 5.06e+04  -6.0 1.10e+03    -  7.53e-08 1.00e-04f  1
 806 -6.7993428e+03 6.29e+01 5.06e+04  -6.0 6.63e+02    -  1.12e-07 1.00e-04h  1
 807 -6.7993429e+03 6.29e+01 5.06e+04  -6.0 1.10e+03    -  7.52e-08 1.00e-04f  1
 808 -6.7993428e+03 6.28e+01 5.06e+04  -6.0 6.64e+02    -  1.12e-07 1.00e-04h  1
 809 -6.7993429e+03 6.28e+01 5.06e+04  -6.0 1.10e+03    -  7.50e-08 1.00e-04f  1
iter    objective    inf_pr   inf_du lg(mu)  ||d||  lg(rg) alpha_du alpha_pr  ls
 810 -6.7993428e+03 6.28e+01 5.06e+04  -6.0 6.65e+02    -  1.11e-07 1.00e-04h  1
 811 -6.7993429e+03 6.28e+01 5.06e+04  -6.0 1.10e+03    -  7.49e-08 1.00e-04f  1
 812 -6.7993428e+03 6.28e+01 5.06e+04  -6.0 6.65e+02    -  1.11e-07 1.00e-04h  1
 813 -6.7993429e+03 6.28e+01 5.06e+04  -6.0 1.10e+03    -  7.48e-08 1.00e-04f  1
 814 -6.7993428e+03 6.28e+01 5.06e+04  -6.0 6.66e+02    -  1.11e-07 1.00e-04h  1
 815 -6.7993429e+03 6.28e+01 5.06e+04  -6.0 1.10e+03    -  7.46e-08 1.00e-04f  1
 816 -6.7993428e+03 6.28e+01 5.06e+04  -6.0 6.67e+02    -  1.10e-07 1.00e-04h  1
 817 -6.7993429e+03 6.28e+01 5.06e+04  -6.0 1.10e+03    -  7.45e-08 1.00e-04f  1
 818 -6.7993428e+03 6.28e+01 5.06e+04  -6.0 6.68e+02    -  1.10e-07 1.00e-04h  1
 819 -6.7993429e+03 6.28e+01 5.06e+04  -6.0 1.10e+03    -  7.43e-08 1.00e-04f  1
iter    objective    inf_pr   inf_du lg(mu)  ||d||  lg(rg) alpha_du alpha_pr  ls
 820 -6.7993428e+03 6.28e+01 5.05e+04  -6.0 6.69e+02    -  1.10e-07 1.00e-04h  1
 821 -6.7993429e+03 6.28e+01 5.05e+04  -6.0 1.10e+03    -  7.42e-08 1.00e-04f  1
 822 -6.7993428e+03 6.28e+01 5.05e+04  -6.0 6.69e+02    -  1.10e-07 1.00e-04h  1
 823 -6.7993429e+03 6.28e+01 5.05e+04  -6.0 1.10e+03    -  7.40e-08 1.00e-04f  1
 824 -6.7993428e+03 6.27e+01 5.05e+04  -6.0 6.70e+02    -  1.09e-07 1.00e-04h  1
 825 -6.7993429e+03 6.27e+01 5.05e+04  -6.0 1.10e+03    -  7.39e-08 1.00e-04f  1
 826 -6.7993428e+03 6.27e+01 5.05e+04  -6.0 6.71e+02    -  1.09e-07 1.00e-04h  1
 827 -6.7993429e+03 6.27e+01 5.05e+04  -6.0 1.10e+03    -  7.37e-08 1.00e-04f  1
 828 -6.7993428e+03 6.27e+01 5.05e+04  -6.0 6.72e+02    -  1.09e-07 1.00e-04h  1
 829 -6.7993429e+03 6.27e+01 5.05e+04  -6.0 1.11e+03    -  7.36e-08 1.00e-04f  1
iter    objective    inf_pr   inf_du lg(mu)  ||d||  lg(rg) alpha_du alpha_pr  ls
 830 -6.7993428e+03 6.27e+01 5.05e+04  -6.0 6.73e+02    -  1.08e-07 1.00e-04h  1
 831 -6.7993429e+03 6.27e+01 5.05e+04  -6.0 1.11e+03    -  7.34e-08 1.00e-04f  1
 832 -6.7993428e+03 6.27e+01 5.05e+04  -6.0 6.74e+02    -  1.08e-07 1.00e-04h  1
 833 -6.7993429e+03 6.27e+01 5.05e+04  -6.0 1.11e+03    -  7.33e-08 1.00e-04f  1
 834 -6.7993428e+03 6.27e+01 5.05e+04  -6.0 6.74e+02    -  1.08e-07 1.00e-04h  1
 835 -6.7993429e+03 6.27e+01 5.05e+04  -6.0 1.11e+03    -  7.31e-08 1.00e-04f  1
 836 -6.7993428e+03 6.27e+01 5.05e+04  -6.0 6.75e+02    -  1.08e-07 1.00e-04h  1
 837 -6.7993429e+03 6.27e+01 5.05e+04  -6.0 1.11e+03    -  7.30e-08 1.00e-04f  1
 838 -6.7993428e+03 6.27e+01 5.05e+04  -6.0 6.76e+02    -  1.07e-07 1.00e-04h  1
 839 -6.7993429e+03 6.27e+01 5.05e+04  -6.0 1.11e+03    -  7.28e-08 1.00e-04f  1
iter    objective    inf_pr   inf_du lg(mu)  ||d||  lg(rg) alpha_du alpha_pr  ls
 840 -6.7993428e+03 6.26e+01 5.04e+04  -6.0 6.77e+02    -  1.07e-07 1.00e-04h  1
 841 -6.7993429e+03 6.26e+01 5.04e+04  -6.0 1.11e+03    -  7.27e-08 1.00e-04f  1
 842 -6.7993428e+03 6.26e+01 5.04e+04  -6.0 6.78e+02    -  1.07e-07 1.00e-04h  1
 843 -6.7993429e+03 6.26e+01 5.04e+04  -6.0 1.11e+03    -  7.25e-08 1.00e-04f  1
 844 -6.7993428e+03 6.26e+01 5.04e+04  -6.0 6.79e+02    -  1.06e-07 1.00e-04h  1
 845 -6.7993429e+03 6.26e+01 5.04e+04  -6.0 1.11e+03    -  7.24e-08 1.00e-04f  1
 846 -6.7993428e+03 6.26e+01 5.04e+04  -6.0 6.79e+02    -  1.06e-07 1.00e-04h  1
 847 -6.7993429e+03 6.26e+01 5.04e+04  -6.0 1.11e+03    -  7.23e-08 1.00e-04f  1
 848 -6.7993428e+03 6.26e+01 5.04e+04  -6.0 6.80e+02    -  1.06e-07 1.00e-04h  1
 849 -6.7993429e+03 6.26e+01 5.04e+04  -6.0 1.11e+03    -  7.21e-08 1.00e-04f  1
iter    objective    inf_pr   inf_du lg(mu)  ||d||  lg(rg) alpha_du alpha_pr  ls
 850 -6.7993428e+03 6.26e+01 5.04e+04  -6.0 6.81e+02    -  1.06e-07 1.00e-04h  1
 851 -6.7993429e+03 6.26e+01 5.04e+04  -6.0 1.11e+03    -  7.20e-08 1.00e-04f  1
 852 -6.7993428e+03 6.26e+01 5.04e+04  -6.0 6.82e+02    -  1.05e-07 1.00e-04h  1
 853 -6.7993429e+03 6.26e+01 5.04e+04  -6.0 1.11e+03    -  7.18e-08 1.00e-04f  1
 854 -6.7993428e+03 6.26e+01 5.04e+04  -6.0 6.83e+02    -  1.05e-07 1.00e-04h  1
 855 -6.7993429e+03 6.26e+01 5.04e+04  -6.0 1.12e+03    -  7.17e-08 1.00e-04f  1
 856 -6.7993428e+03 6.25e+01 5.04e+04  -6.0 6.84e+02    -  1.05e-07 1.00e-04h  1
 857 -6.7993429e+03 6.25e+01 5.04e+04  -6.0 1.12e+03    -  7.15e-08 1.00e-04f  1
 858 -6.7993428e+03 6.25e+01 5.04e+04  -6.0 6.84e+02    -  1.04e-07 1.00e-04h  1
 859 -6.7993429e+03 6.25e+01 5.04e+04  -6.0 1.12e+03    -  7.14e-08 1.00e-04f  1
iter    objective    inf_pr   inf_du lg(mu)  ||d||  lg(rg) alpha_du alpha_pr  ls
 860 -6.7993428e+03 6.25e+01 5.03e+04  -6.0 6.85e+02    -  1.04e-07 1.00e-04h  1
 861 -6.7993429e+03 6.25e+01 5.03e+04  -6.0 1.12e+03    -  7.12e-08 9.99e-05f  1
 862 -6.7993428e+03 6.25e+01 5.03e+04  -6.0 6.86e+02    -  1.04e-07 1.00e-04h  1
 863 -6.7993429e+03 6.25e+01 5.03e+04  -6.0 1.12e+03    -  7.11e-08 9.99e-05f  1
 864 -6.7993428e+03 6.25e+01 5.03e+04  -6.0 6.87e+02    -  1.04e-07 1.00e-04h  1
 865 -6.7993429e+03 6.25e+01 5.03e+04  -6.0 1.12e+03    -  7.09e-08 9.99e-05f  1
 866 -6.7993428e+03 6.25e+01 5.03e+04  -6.0 6.88e+02    -  1.03e-07 1.00e-04h  1
 867 -6.7993429e+03 6.25e+01 5.03e+04  -6.0 1.12e+03    -  7.08e-08 9.99e-05f  1
 868 -6.7993428e+03 6.25e+01 5.03e+04  -6.0 6.89e+02    -  1.03e-07 1.00e-04h  1
 869 -6.7993429e+03 6.25e+01 5.03e+04  -6.0 1.12e+03    -  7.07e-08 9.99e-05f  1
iter    objective    inf_pr   inf_du lg(mu)  ||d||  lg(rg) alpha_du alpha_pr  ls
 870 -6.7993428e+03 6.25e+01 5.03e+04  -6.0 6.89e+02    -  1.03e-07 1.00e-04h  1
 871 -6.7993429e+03 6.25e+01 5.03e+04  -6.0 1.12e+03    -  7.05e-08 9.99e-05f  1
 872 -6.7993428e+03 6.24e+01 5.03e+04  -6.0 6.90e+02    -  1.02e-07 1.00e-04h  1
 873 -6.7993429e+03 6.24e+01 5.03e+04  -6.0 1.12e+03    -  7.04e-08 9.99e-05f  1
 874 -6.7993428e+03 6.24e+01 5.03e+04  -6.0 6.91e+02    -  1.02e-07 1.00e-04h  1
 875 -6.7993429e+03 6.24e+01 5.03e+04  -6.0 1.12e+03    -  7.02e-08 9.99e-05f  1
 876 -6.7993428e+03 6.24e+01 5.03e+04  -6.0 6.92e+02    -  1.02e-07 1.00e-04h  1
 877 -6.7993429e+03 6.24e+01 5.03e+04  -6.0 1.12e+03    -  7.01e-08 9.99e-05f  1
 878 -6.7993428e+03 6.24e+01 5.03e+04  -6.0 6.93e+02    -  1.02e-07 1.00e-04h  1
 879 -6.7993429e+03 6.24e+01 5.03e+04  -6.0 1.12e+03    -  6.99e-08 9.99e-05f  1
iter    objective    inf_pr   inf_du lg(mu)  ||d||  lg(rg) alpha_du alpha_pr  ls
 880 -6.7993428e+03 6.24e+01 5.02e+04  -6.0 6.94e+02    -  1.01e-07 1.00e-04h  1
 881 -6.7993429e+03 6.24e+01 5.02e+04  -6.0 1.13e+03    -  6.98e-08 9.99e-05f  1
 882 -6.7993428e+03 6.24e+01 5.02e+04  -6.0 6.95e+02    -  1.01e-07 1.00e-04h  1
 883 -6.7993429e+03 6.24e+01 5.02e+04  -6.0 1.13e+03    -  6.96e-08 9.99e-05f  1
 884 -6.7993428e+03 6.24e+01 5.02e+04  -6.0 6.95e+02    -  1.01e-07 1.00e-04h  1
 885 -6.7993429e+03 6.24e+01 5.02e+04  -6.0 1.13e+03    -  6.95e-08 9.99e-05f  1
 886 -6.7993428e+03 6.24e+01 5.02e+04  -6.0 6.96e+02    -  1.00e-07 1.00e-04h  1
 887 -6.7993429e+03 6.24e+01 5.02e+04  -6.0 1.13e+03    -  6.93e-08 9.99e-05f  1
 888 -6.7993428e+03 6.23e+01 5.02e+04  -6.0 6.97e+02    -  1.00e-07 1.00e-04h  1
 889 -6.7993429e+03 6.23e+01 5.02e+04  -6.0 1.13e+03    -  6.92e-08 9.99e-05f  1
iter    objective    inf_pr   inf_du lg(mu)  ||d||  lg(rg) alpha_du alpha_pr  ls
 890 -6.7993428e+03 6.23e+01 5.02e+04  -6.0 6.98e+02    -  9.99e-08 1.00e-04h  1
 891 -6.7993429e+03 6.23e+01 5.02e+04  -6.0 1.13e+03    -  6.91e-08 9.99e-05f  1
 892 -6.7993428e+03 6.23e+01 5.02e+04  -6.0 6.99e+02    -  9.96e-08 1.00e-04h  1
 893 -6.7993429e+03 6.23e+01 5.02e+04  -6.0 1.13e+03    -  6.89e-08 9.99e-05f  1
 894 -6.7993428e+03 6.23e+01 5.02e+04  -6.0 7.00e+02    -  9.94e-08 1.00e-04h  1
 895 -6.7993429e+03 6.23e+01 5.02e+04  -6.0 1.13e+03    -  6.88e-08 9.99e-05f  1
 896 -6.7993428e+03 6.23e+01 5.02e+04  -6.0 7.01e+02    -  9.91e-08 1.00e-04h  1
 897 -6.7993429e+03 6.23e+01 5.02e+04  -6.0 1.13e+03    -  6.86e-08 9.99e-05f  1
 898 -6.7993428e+03 6.23e+01 5.02e+04  -6.0 7.02e+02    -  9.88e-08 1.00e-04h  1
 899 -6.7993429e+03 6.23e+01 5.02e+04  -6.0 1.13e+03    -  6.85e-08 9.99e-05f  1
iter    objective    inf_pr   inf_du lg(mu)  ||d||  lg(rg) alpha_du alpha_pr  ls
 900 -6.7993428e+03 6.23e+01 5.01e+04  -6.0 7.02e+02    -  9.85e-08 1.00e-04h  1
 901 -6.7993429e+03 6.23e+01 5.01e+04  -6.0 1.13e+03    -  6.83e-08 9.99e-05f  1
 902 -6.7993428e+03 6.23e+01 5.01e+04  -6.0 7.03e+02    -  9.83e-08 1.00e-04h  1
 903 -6.7993429e+03 6.23e+01 5.01e+04  -6.0 1.13e+03    -  6.82e-08 9.99e-05f  1
 904 -6.7993428e+03 6.22e+01 5.01e+04  -6.0 7.04e+02    -  9.80e-08 1.00e-04h  1
 905 -6.7993429e+03 6.22e+01 5.01e+04  -6.0 1.13e+03    -  6.80e-08 9.99e-05f  1
 906 -6.7993428e+03 6.22e+01 5.01e+04  -6.0 7.05e+02    -  9.77e-08 1.00e-04h  1
 907 -6.7993429e+03 6.22e+01 5.01e+04  -6.0 1.14e+03    -  6.79e-08 9.99e-05f  1
 908 -6.7993428e+03 6.22e+01 5.01e+04  -6.0 7.06e+02    -  9.74e-08 1.00e-04h  1
 909 -6.7993429e+03 6.22e+01 5.01e+04  -6.0 1.14e+03    -  6.77e-08 9.99e-05f  1
iter    objective    inf_pr   inf_du lg(mu)  ||d||  lg(rg) alpha_du alpha_pr  ls
 910 -6.7993428e+03 6.22e+01 5.01e+04  -6.0 7.07e+02    -  9.72e-08 1.00e-04h  1
 911 -6.7993429e+03 6.22e+01 5.01e+04  -6.0 1.14e+03    -  6.76e-08 9.99e-05f  1
 912 -6.7993428e+03 6.22e+01 5.01e+04  -6.0 7.08e+02    -  9.69e-08 1.00e-04h  1
 913 -6.7993429e+03 6.22e+01 5.01e+04  -6.0 1.14e+03    -  6.75e-08 9.99e-05f  1
 914 -6.7993428e+03 6.22e+01 5.01e+04  -6.0 7.09e+02    -  9.66e-08 1.00e-04h  1
 915 -6.7993429e+03 6.22e+01 5.01e+04  -6.0 1.14e+03    -  6.73e-08 9.99e-05f  1
 916 -6.7993428e+03 6.22e+01 5.01e+04  -6.0 7.09e+02    -  9.63e-08 1.00e-04h  1
 917 -6.7993429e+03 6.22e+01 5.01e+04  -6.0 1.14e+03    -  6.72e-08 9.99e-05f  1
 918 -6.7993428e+03 6.22e+01 5.01e+04  -6.0 7.10e+02    -  9.61e-08 1.00e-04h  1
 919 -6.7993429e+03 6.22e+01 5.01e+04  -6.0 1.14e+03    -  6.70e-08 9.99e-05f  1
iter    objective    inf_pr   inf_du lg(mu)  ||d||  lg(rg) alpha_du alpha_pr  ls
 920 -6.7993428e+03 6.21e+01 5.00e+04  -6.0 7.11e+02    -  9.58e-08 1.00e-04h  1
 921 -6.7993429e+03 6.21e+01 5.00e+04  -6.0 1.14e+03    -  6.69e-08 9.99e-05f  1
 922 -6.7993428e+03 6.21e+01 5.00e+04  -6.0 7.12e+02    -  9.55e-08 1.00e-04h  1
 923 -6.7993429e+03 6.21e+01 5.00e+04  -6.0 1.14e+03    -  6.67e-08 9.99e-05f  1
 924 -6.7993428e+03 6.21e+01 5.00e+04  -6.0 7.13e+02    -  9.53e-08 1.00e-04h  1
 925 -6.7993429e+03 6.21e+01 5.00e+04  -6.0 1.14e+03    -  6.66e-08 9.99e-05f  1
 926 -6.7993428e+03 6.21e+01 5.00e+04  -6.0 7.14e+02    -  9.50e-08 1.00e-04h  1
 927 -6.7993429e+03 6.21e+01 5.00e+04  -6.0 1.14e+03    -  6.64e-08 9.99e-05f  1
 928 -6.7993428e+03 6.21e+01 5.00e+04  -6.0 7.15e+02    -  9.47e-08 1.00e-04h  1
 929 -6.7993429e+03 6.21e+01 5.00e+04  -6.0 1.14e+03    -  6.63e-08 9.99e-05f  1
iter    objective    inf_pr   inf_du lg(mu)  ||d||  lg(rg) alpha_du alpha_pr  ls
 930 -6.7993428e+03 6.21e+01 5.00e+04  -6.0 7.16e+02    -  9.45e-08 1.00e-04h  1
 931 -6.7993429e+03 6.21e+01 5.00e+04  -6.0 1.14e+03    -  6.62e-08 9.99e-05f  1
 932 -6.7993428e+03 6.21e+01 5.00e+04  -6.0 7.17e+02    -  9.42e-08 1.00e-04h  1
 933 -6.7993429e+03 6.21e+01 5.00e+04  -6.0 1.15e+03    -  6.60e-08 9.99e-05f  1
 934 -6.7993428e+03 6.21e+01 5.00e+04  -6.0 7.18e+02    -  9.39e-08 1.00e-04h  1
 935 -6.7993429e+03 6.21e+01 5.00e+04  -6.0 1.15e+03    -  6.59e-08 9.99e-05f  1
 936 -6.7993428e+03 6.20e+01 5.00e+04  -6.0 7.18e+02    -  9.36e-08 1.00e-04h  1
 937 -6.7993429e+03 6.20e+01 5.00e+04  -6.0 1.15e+03    -  6.57e-08 9.99e-05f  1
 938 -6.7993428e+03 6.20e+01 5.00e+04  -6.0 7.19e+02    -  9.34e-08 1.00e-04h  1
 939 -6.7993429e+03 6.20e+01 5.00e+04  -6.0 1.15e+03    -  6.56e-08 9.99e-05f  1
iter    objective    inf_pr   inf_du lg(mu)  ||d||  lg(rg) alpha_du alpha_pr  ls
 940 -6.7993428e+03 6.20e+01 4.99e+04  -6.0 7.20e+02    -  9.31e-08 1.00e-04h  1
 941 -6.7993429e+03 6.20e+01 4.99e+04  -6.0 1.15e+03    -  6.54e-08 9.99e-05f  1
 942 -6.7993428e+03 6.20e+01 4.99e+04  -6.0 7.21e+02    -  9.28e-08 1.00e-04h  1
 943 -6.7993429e+03 6.20e+01 4.99e+04  -6.0 1.15e+03    -  6.53e-08 9.99e-05f  1
 944 -6.7993428e+03 6.20e+01 4.99e+04  -6.0 7.22e+02    -  9.26e-08 1.00e-04h  1
 945 -6.7993429e+03 6.20e+01 4.99e+04  -6.0 1.15e+03    -  6.52e-08 9.99e-05f  1
 946 -6.7993428e+03 6.20e+01 4.99e+04  -6.0 7.23e+02    -  9.23e-08 1.00e-04h  1
 947 -6.7993429e+03 6.20e+01 4.99e+04  -6.0 1.15e+03    -  6.50e-08 9.99e-05f  1
 948 -6.7993428e+03 6.20e+01 4.99e+04  -6.0 7.24e+02    -  9.20e-08 1.00e-04h  1
 949 -6.7993429e+03 6.20e+01 4.99e+04  -6.0 1.15e+03    -  6.49e-08 9.99e-05f  1
iter    objective    inf_pr   inf_du lg(mu)  ||d||  lg(rg) alpha_du alpha_pr  ls
 950 -6.7993428e+03 6.20e+01 4.99e+04  -6.0 7.25e+02    -  9.18e-08 1.00e-04h  1
 951 -6.7993429e+03 6.20e+01 4.99e+04  -6.0 1.15e+03    -  6.47e-08 9.99e-05f  1
 952 -6.7993428e+03 6.19e+01 4.99e+04  -6.0 7.26e+02    -  9.15e-08 1.00e-04h  1
 953 -6.7993429e+03 6.19e+01 4.99e+04  -6.0 1.15e+03    -  6.46e-08 9.99e-05f  1
 954 -6.7993428e+03 6.19e+01 4.99e+04  -6.0 7.27e+02    -  9.13e-08 1.00e-04h  1
 955 -6.7993429e+03 6.19e+01 4.99e+04  -6.0 1.15e+03    -  6.44e-08 9.99e-05f  1
 956 -6.7993428e+03 6.19e+01 4.99e+04  -6.0 7.28e+02    -  9.10e-08 1.00e-04h  1
 957 -6.7993429e+03 6.19e+01 4.99e+04  -6.0 1.16e+03    -  6.43e-08 9.99e-05f  1
 958 -6.7993428e+03 6.19e+01 4.99e+04  -6.0 7.29e+02    -  9.07e-08 1.00e-04h  1
 959 -6.7993429e+03 6.19e+01 4.99e+04  -6.0 1.16e+03    -  6.41e-08 9.99e-05f  1
iter    objective    inf_pr   inf_du lg(mu)  ||d||  lg(rg) alpha_du alpha_pr  ls
 960 -6.7993428e+03 6.19e+01 4.98e+04  -6.0 7.29e+02    -  9.05e-08 1.00e-04h  1
 961 -6.7993429e+03 6.19e+01 4.98e+04  -6.0 1.16e+03    -  6.40e-08 9.99e-05f  1
 962 -6.7993428e+03 6.19e+01 4.98e+04  -6.0 7.30e+02    -  9.02e-08 1.00e-04h  1
 963 -6.7993429e+03 6.19e+01 4.98e+04  -6.0 1.16e+03    -  6.39e-08 9.99e-05f  1
 964 -6.7993428e+03 6.19e+01 4.98e+04  -6.0 7.31e+02    -  8.99e-08 1.00e-04h  1
 965 -6.7993429e+03 6.19e+01 4.98e+04  -6.0 1.16e+03    -  6.37e-08 9.99e-05f  1
 966 -6.7993428e+03 6.19e+01 4.98e+04  -6.0 7.32e+02    -  8.97e-08 1.00e-04h  1
 967 -6.7993429e+03 6.19e+01 4.98e+04  -6.0 1.16e+03    -  6.36e-08 9.99e-05f  1
 968 -6.7993428e+03 6.18e+01 4.98e+04  -6.0 7.33e+02    -  8.94e-08 1.00e-04h  1
 969 -6.7993429e+03 6.18e+01 4.98e+04  -6.0 1.16e+03    -  6.34e-08 9.99e-05f  1
iter    objective    inf_pr   inf_du lg(mu)  ||d||  lg(rg) alpha_du alpha_pr  ls
 970 -6.7993428e+03 6.18e+01 4.98e+04  -6.0 7.34e+02    -  8.92e-08 1.00e-04h  1
 971 -6.7993429e+03 6.18e+01 4.98e+04  -6.0 1.16e+03    -  6.33e-08 9.99e-05f  1
 972 -6.7993428e+03 6.18e+01 4.98e+04  -6.0 7.35e+02    -  8.89e-08 1.00e-04h  1
 973 -6.7993429e+03 6.18e+01 4.98e+04  -6.0 1.16e+03    -  6.31e-08 9.99e-05f  1
 974 -6.7993428e+03 6.18e+01 4.98e+04  -6.0 7.36e+02    -  8.86e-08 1.00e-04h  1
 975 -6.7993429e+03 6.18e+01 4.98e+04  -6.0 1.16e+03    -  6.30e-08 9.99e-05f  1
 976 -6.7993428e+03 6.18e+01 4.98e+04  -6.0 7.37e+02    -  8.84e-08 1.00e-04h  1
 977 -6.7993429e+03 6.18e+01 4.98e+04  -6.0 1.16e+03    -  6.29e-08 9.99e-05f  1
 978 -6.7993428e+03 6.18e+01 4.98e+04  -6.0 7.38e+02    -  8.81e-08 1.00e-04h  1
 979 -6.7993429e+03 6.18e+01 4.98e+04  -6.0 1.17e+03    -  6.27e-08 9.99e-05f  1
iter    objective    inf_pr   inf_du lg(mu)  ||d||  lg(rg) alpha_du alpha_pr  ls
 980 -6.7993428e+03 6.18e+01 4.97e+04  -6.0 7.39e+02    -  8.79e-08 1.00e-04h  1
 981 -6.7993429e+03 6.18e+01 4.97e+04  -6.0 1.17e+03    -  6.26e-08 9.99e-05f  1
 982 -6.7993428e+03 6.18e+01 4.97e+04  -6.0 7.40e+02    -  8.76e-08 1.00e-04h  1
 983 -6.7993429e+03 6.18e+01 4.97e+04  -6.0 1.17e+03    -  6.24e-08 9.99e-05f  1
 984 -6.7993428e+03 6.18e+01 4.97e+04  -6.0 7.41e+02    -  8.74e-08 1.00e-04h  1
 985 -6.7993429e+03 6.17e+01 4.97e+04  -6.0 1.17e+03    -  6.23e-08 9.99e-05f  1
 986 -6.7993428e+03 6.17e+01 4.97e+04  -6.0 7.42e+02    -  8.71e-08 1.00e-04h  1
 987 -6.7993429e+03 6.17e+01 4.97e+04  -6.0 1.17e+03    -  6.22e-08 9.99e-05f  1
 988 -6.7993428e+03 6.17e+01 4.97e+04  -6.0 7.43e+02    -  8.68e-08 1.00e-04h  1
 989 -6.7993429e+03 6.17e+01 4.97e+04  -6.0 1.17e+03    -  6.20e-08 9.99e-05f  1
iter    objective    inf_pr   inf_du lg(mu)  ||d||  lg(rg) alpha_du alpha_pr  ls
 990 -6.7993428e+03 6.17e+01 4.97e+04  -6.0 7.44e+02    -  8.66e-08 1.00e-04h  1
 991 -6.7993429e+03 6.17e+01 4.97e+04  -6.0 1.17e+03    -  6.19e-08 9.99e-05f  1
 992 -6.7993428e+03 6.17e+01 4.97e+04  -6.0 7.45e+02    -  8.63e-08 1.00e-04h  1
 993 -6.7993429e+03 6.17e+01 4.97e+04  -6.0 1.17e+03    -  6.17e-08 9.99e-05f  1
 994 -6.7993428e+03 6.17e+01 4.97e+04  -6.0 7.46e+02    -  8.61e-08 1.00e-04h  1
 995 -6.7993429e+03 6.17e+01 4.97e+04  -6.0 1.17e+03    -  6.16e-08 9.99e-05f  1
 996 -6.7993428e+03 6.17e+01 4.97e+04  -6.0 7.47e+02    -  8.58e-08 1.00e-04h  1
 997 -6.7993429e+03 6.17e+01 4.97e+04  -6.0 1.17e+03    -  6.14e-08 9.99e-05f  1
 998 -6.7993428e+03 6.17e+01 4.97e+04  -6.0 7.48e+02    -  8.56e-08 1.00e-04h  1
 999 -6.7993429e+03 6.17e+01 4.97e+04  -6.0 1.17e+03    -  6.13e-08 9.99e-05f  1
iter    objective    inf_pr   inf_du lg(mu)  ||d||  lg(rg) alpha_du alpha_pr  ls
1000 -6.7993428e+03 6.17e+01 4.96e+04  -6.0 7.48e+02    -  8.53e-08 1.00e-04h  1

Number of Iterations....: 1000

                                   (scaled)                 (unscaled)
Objective...............:  -6.7993427971349383e+03   -6.7993427971349383e+03
Dual infeasibility......:   4.9646965995594437e+04    4.9646965995594437e+04
Constraint violation....:   5.5332282409697696e-02    6.1651822383494576e+01
Complementarity.........:   4.0151255209035352e-03    4.0151255209035352e-03
Overall NLP error.......:   4.9646965995594437e+04    4.9646965995594437e+04


Number of objective function evaluations             = 1004
Number of objective gradient evaluations             = 1001
Number of equality constraint evaluations            = 1004
Number of inequality constraint evaluations          = 1005
Number of equality constraint Jacobian evaluations   = 1001
Number of inequality constraint Jacobian evaluations = 1001
Number of Lagrangian Hessian evaluations             = 1000
Total CPU secs in IPOPT (w/o function evaluations)   =    603.906
Total CPU secs in NLP function evaluations           =     25.369

EXIT: Maximum Number of Iterations Exceeded.
