
List of user-set options:

                                    Name   Value                used
                           compl_inf_tol = 1                     yes
                         constr_viol_tol = 1                     yes
                            dual_inf_tol = 1000                  yes
                           linear_solver = ma97                  yes
                              ma86_small = 1e-30                  no
                                  ma86_u = 0.0001                 no
                              ma97_order = best                  yes
                              ma97_small = 1e-30                 yes
                            ma97_switch1 = at_start              yes
                            ma97_switch2 = od_hd_reuse           yes
                                  ma97_u = 1e-06                 yes
                               ma97_umax = 0.5                   yes
                                max_iter = 1000                  yes
                    max_refinement_steps = 20                    yes
                    min_refinement_steps = 5                     yes
                                 mu_init = 1e-06                 yes
           mu_superlinear_decrease_power = 1.25                  yes
                   nlp_scaling_min_value = 1e-08                 yes
                        option_file_name = Preset_Case:_885_NCP.opt  yes
                             output_file = ./tmp/Preset_Case:_885_NCP.output  yes
                      print_user_options = yes                   yes
        required_infeasibility_reduction = 1                      no
                                     tol = 1e-08                 yes
                   warm_start_bound_frac = 1e-20                 yes
                   warm_start_bound_push = 1e-20                 yes
                   warm_start_init_point = yes                   yes
              warm_start_mult_bound_push = 1e-20                 yes
                warm_start_mult_init_max = 1e+40                 yes
             warm_start_slack_bound_frac = 1e-20                 yes
             warm_start_slack_bound_push = 1e-20                 yes

******************************************************************************
This program contains Ipopt, a library for large-scale nonlinear optimization.
 Ipopt is released as open source code under the Eclipse Public License (EPL).
         For more information visit http://projects.coin-or.org/Ipopt
******************************************************************************

This is Ipopt version 3.12.10, running with linear solver ma97.

Number of nonzeros in equality constraint Jacobian...:   117167
Number of nonzeros in inequality constraint Jacobian.:      213
Number of nonzeros in Lagrangian Hessian.............:    47513

Total number of variables............................:    29977
                     variables with only lower bounds:    11312
                variables with lower and upper bounds:    15135
                     variables with only upper bounds:        0
Total number of equality constraints.................:    29864
Total number of inequality constraints...............:       25
        inequality constraints with only lower bounds:        4
   inequality constraints with lower and upper bounds:        0
        inequality constraints with only upper bounds:       21

iter    objective    inf_pr   inf_du lg(mu)  ||d||  lg(rg) alpha_du alpha_pr  ls
   0 -2.0188751e-01 1.91e-01 2.00e+00  -6.0 0.00e+00    -  0.00e+00 0.00e+00   0
In iteration 0, 8 Slacks too small, adjusting variable bounds
   1 -2.0188751e-01 1.91e-01 1.80e+02  -6.0 1.10e+10    -  1.79e-14 6.47e-18h  1
   2 -2.0188485e-01 1.91e-01 2.31e+02  -6.0 4.83e+02    -  7.49e-03 3.25e-05f  1
   3 -2.0156199e-01 1.90e-01 2.30e+02  -6.0 3.86e+02    -  4.32e-08 4.63e-03h  2
   4 -2.0121001e-01 1.89e-01 2.30e+02  -6.0 3.36e+02    -  2.85e-02 4.64e-03h  2
   5 -2.0067159e-01 1.88e-01 2.29e+02  -6.0 3.17e+02    -  6.22e-03 6.90e-03h  3
   6 -2.0014262e-01 1.87e-01 2.27e+02  -6.0 2.99e+02    -  2.19e-04 6.77e-03h  3
   7 -1.9962834e-01 1.86e-01 2.29e+02  -6.0 2.71e+02    -  6.61e-02 6.56e-03h  3
   8 -1.9902648e-01 1.84e-01 2.27e+02  -6.0 2.73e+02    -  4.54e-03 7.07e-03h  3
   9 -1.9845336e-01 1.83e-01 2.26e+02  -6.0 2.76e+02    -  2.20e-02 6.71e-03h  3
iter    objective    inf_pr   inf_du lg(mu)  ||d||  lg(rg) alpha_du alpha_pr  ls
  10 -1.9808780e-01 1.82e-01 2.26e+02  -6.0 3.27e+02    -  1.59e-02 4.22e-03h  4
  11 -1.9743330e-01 1.81e-01 2.24e+02  -6.0 2.76e+02    -  8.29e-03 7.47e-03h  3
  12 -1.9680242e-01 1.80e-01 2.27e+02  -6.0 2.83e+02    -  1.03e-01 7.19e-03h  3
  13 -1.9309842e-01 1.73e-01 5.09e+02  -6.0 2.91e+02    -  1.76e-02 3.93e-02w  1
  14 -1.9303394e-01 1.72e-01 1.61e+05  -6.0 3.09e+02    -  6.64e-02 7.06e-04w  1
  15 -1.7223789e-01 2.13e+00 1.94e+05  -6.0 3.14e+02    -  7.73e-02 2.26e-01w  1
  16 -1.9633942e-01 1.79e-01 2.34e+02  -6.0 4.10e+02    -  1.76e-02 4.91e-03h  3
  17 -1.9588336e-01 1.78e-01 7.93e+02  -6.0 2.94e+02    -  8.73e-02 4.84e-03h  4
  18 -1.9527281e-01 1.77e-01 1.26e+03  -6.0 3.02e+02    -  3.52e-02 6.41e-03h  4
  19 -1.9463250e-01 1.75e-01 2.20e+03  -6.0 3.07e+02    -  4.41e-02 6.74e-03h  4
iter    objective    inf_pr   inf_du lg(mu)  ||d||  lg(rg) alpha_du alpha_pr  ls
  20 -1.9426035e-01 1.75e-01 5.96e+03  -6.0 2.95e+02    -  9.65e-02 3.73e-03h  5
  21 -1.9378549e-01 1.74e-01 1.43e+04  -6.0 3.27e+02    -  1.16e-01 4.96e-03h  5
  22 -1.9309646e-01 1.73e-01 2.76e+04  -6.0 3.45e+02    -  1.19e-01 7.11e-03h  5
  23 -1.9284384e-01 1.72e-01 4.64e+04  -6.0 3.63e+02    -  1.29e-01 2.58e-03h  7
  24 -1.9270347e-01 1.72e-01 6.77e+04  -6.0 3.81e+02    -  1.38e-01 1.42e-03h  7
  25 -1.9250702e-01 1.72e-01 9.71e+04  -6.0 4.07e+02    -  1.94e-01 2.00e-03h  7
  26 -1.8111502e-01 3.56e+00 7.78e+04  -6.0 5.12e+02    -  7.88e-02 1.29e-01w  1
  27 -1.8014605e-01 3.61e+00 5.34e+04  -6.0 1.06e+02  -2.0 4.82e-05 1.84e-02w  1
  28 -1.7936217e-01 3.65e+00 5.25e+04  -6.0 1.00e+02  -1.6 1.85e-02 1.64e-02w  1
  29 -1.9232902e-01 1.71e-01 1.07e+05  -6.0 9.99e+01  -1.1 7.88e-02 2.01e-03h  6
iter    objective    inf_pr   inf_du lg(mu)  ||d||  lg(rg) alpha_du alpha_pr  ls
  30 -1.9215590e-01 1.71e-01 1.32e+05  -6.0 5.57e+02    -  1.86e-01 2.03e-03h  7
  31 -1.9200865e-01 1.71e-01 1.44e+05  -6.0 6.18e+02    -  7.94e-02 1.74e-03h  7
  32 -1.9183839e-01 1.70e-01 1.89e+05  -6.0 6.22e+02    -  2.40e-01 1.98e-03h  7
  33 -1.9165572e-01 1.70e-01 2.15e+05  -6.0 6.59e+02    -  8.12e-02 2.10e-03h  7
  34 -1.9146819e-01 1.70e-01 2.45e+05  -6.0 6.68e+02    -  8.20e-02 2.17e-03h  7
  35 -1.9129368e-01 1.69e-01 2.44e+05  -6.0 1.12e+03    -  3.41e-07 1.88e-03h  6
  36 -1.9102215e-01 1.69e-01 3.18e+05  -6.0 1.30e+03    -  3.44e-01 2.84e-03h  5
  37 -1.9083014e-01 1.68e-01 3.27e+05  -6.0 9.54e+02    -  1.99e-02 2.24e-03h  6
  38 -1.9065269e-01 1.68e-01 4.04e+05  -6.0 9.53e+02    -  1.38e-01 2.09e-03h  6
  39 -1.8647527e-01 3.09e-01 3.70e+05  -6.0 9.89e+02    -  3.29e-02 5.11e-02w  1
iter    objective    inf_pr   inf_du lg(mu)  ||d||  lg(rg) alpha_du alpha_pr  ls
  40 -1.7048028e-01 2.86e+00 2.99e+05  -6.0 8.01e+02    -  2.78e-01 2.08e-01w  1
  41 -1.6870001e-01 1.45e+01 6.74e+05  -6.0 8.98e+02    -  1.20e-02 9.01e-02w  1
  42 -1.9052215e-01 1.68e-01 4.25e+05  -6.0 5.35e+01   0.2 3.29e-02 1.60e-03h  5
  43 -1.9040287e-01 1.68e-01 7.23e+05  -6.0 9.94e+02    -  4.08e-01 1.48e-03h  6
  44 -1.9027432e-01 1.67e-01 7.65e+05  -6.0 1.17e+03    -  4.26e-02 1.76e-03h  5
  45 -1.9015723e-01 1.67e-01 1.01e+06  -6.0 1.17e+03    -  2.40e-01 1.62e-03h  5
  46 -1.9004801e-01 1.67e-01 1.08e+06  -6.0 1.45e+03    -  6.34e-02 1.54e-03h  5
  47 -1.8989736e-01 1.66e-01 1.43e+06  -6.0 1.58e+03    -  3.33e-01 2.10e-03h  5
  48 -1.8977448e-01 1.66e-01 1.50e+06  -6.0 2.39e+03    -  9.98e-02 1.62e-03h  8
  49 -1.8970642e-01 1.66e-01 1.69e+06  -6.0 2.60e+03    -  3.43e-01 8.86e-04h  9
iter    objective    inf_pr   inf_du lg(mu)  ||d||  lg(rg) alpha_du alpha_pr  ls
  50 -1.8967136e-01 1.66e-01 1.67e+06  -6.0 3.48e+03    -  1.61e-01 4.13e-04h 10
  51 -1.8960357e-01 1.66e-01 1.49e+06  -6.0 3.82e+03    -  3.72e-01 7.62e-04h  9
  52 -1.7337931e-01 9.82e+00 9.17e+05  -6.0 4.65e+03    -  4.25e-01 1.60e-01w  1
  53 -1.7337447e-01 9.82e+00 1.49e+06  -6.0 3.35e+03    -  6.44e-02 7.82e-05w  1
  54 -1.6871827e-01 9.40e+00 1.63e+06  -6.0 6.35e+03    -  4.10e-02 4.99e-02w  1
  55 -1.8954020e-01 1.66e-01 9.53e+05  -6.0 9.47e+01  -0.3 4.25e-01 6.25e-04h  8
  56 -1.8950897e-01 1.66e-01 3.23e+05  -6.0 5.45e+03    -  3.69e-01 2.72e-04h 10
  57 -1.8947776e-01 1.66e-01 3.11e+05  -6.0 6.03e+03    -  2.52e-01 2.55e-04h 10
  58 -1.8944952e-01 1.66e-01 2.97e+05  -6.0 6.50e+03    -  3.36e-01 2.34e-04h 10
  59 -1.8942166e-01 1.66e-01 2.89e+05  -6.0 6.15e+03    -  2.35e-01 2.52e-04h 10
iter    objective    inf_pr   inf_du lg(mu)  ||d||  lg(rg) alpha_du alpha_pr  ls
  60 -1.8936545e-01 1.65e-01 2.88e+05  -6.0 7.09e+03    -  5.68e-02 5.95e-04h  9
  61 -1.8931137e-01 1.65e-01 2.98e+05  -6.0 8.95e+03    -  2.06e-01 6.15e-04h  9
  62 -1.8930725e-01 1.65e-01 2.98e+05  -6.0 7.04e+01  -0.8 4.09e-04 9.28e-05h  1
  63 -1.8920373e-01 1.65e-01 2.98e+05  -6.0 7.16e+01  -1.3 1.90e-03 1.72e-03h  3
  64 -1.8909577e-01 1.65e-01 2.97e+05  -6.0 7.49e+01  -1.7 2.07e-03 1.88e-03h  4
  65 -1.8899171e-01 1.64e-01 3.20e+05  -6.0 8.42e+01  -2.2 3.24e-02 2.15e-03h  4
  66 -1.8892531e-01 1.64e-01 3.91e+05  -6.0 9.18e+01  -2.7 1.09e-01 1.77e-03h  4
  67 -1.8888712e-01 1.64e-01 4.78e+05  -6.0 1.10e+02  -3.2 2.34e-01 1.43e-03h  2
  68 -1.8877522e-01 1.64e-01 5.17e+05  -6.0 3.49e+02  -3.6 1.15e-01 1.95e-03h  1
  69 -1.8870648e-01 1.63e-01 6.17e+05  -6.0 3.91e+02  -4.1 2.29e-01 1.38e-03h  3
iter    objective    inf_pr   inf_du lg(mu)  ||d||  lg(rg) alpha_du alpha_pr  ls
  70 -1.8861522e-01 1.63e-01 8.20e+05  -6.0 6.82e+02  -4.6 2.82e-01 1.83e-03h  3
  71 -1.8858563e-01 1.63e-01 1.24e+06  -6.0 1.48e+03  -5.1 5.79e-01 5.83e-04h  6
  72 -1.8856473e-01 1.63e-01 1.27e+06  -6.0 3.55e+03  -5.5 9.03e-02 3.37e-04h  9
  73 -1.8852572e-01 1.63e-01 1.56e+06  -6.0 2.11e+03  -5.1 3.58e-01 8.54e-04h  7
  74 -1.8850302e-01 1.63e-01 1.57e+06  -6.0 4.26e+03  -5.6 7.65e-02 3.49e-04h  9
  75 -1.8847432e-01 1.63e-01 2.00e+06  -6.0 2.57e+03  -5.2 5.14e-01 6.29e-04h  9
  76 -1.8844819e-01 1.62e-01 2.00e+06  -6.0 5.33e+03  -5.6 6.91e-02 3.17e-04h  9
  77 -1.8842346e-01 1.62e-01 3.19e+06  -6.0 3.16e+03  -5.2 6.58e-01 4.36e-04h 10
  78 -1.8839189e-01 1.62e-01 3.31e+06  -6.0 6.62e+03  -5.7 4.13e-02 2.90e-04h  9
  79 -1.7205096e-01 1.30e+01 3.15e+06  -6.0 4.03e+03  -5.3 3.99e-01 2.12e-01w  1
iter    objective    inf_pr   inf_du lg(mu)  ||d||  lg(rg) alpha_du alpha_pr  ls
  80 -1.6988827e-01 1.18e+01 4.64e+08  -6.0 3.38e+02  -3.0 3.00e-06 8.99e-02w  1
  81 -1.6361504e-01 1.02e+01 4.01e+08  -6.0 1.22e+02  -2.6 6.00e-02 1.35e-01w  1
  82 -1.8835998e-01 1.62e-01 4.56e+06  -6.0 2.02e+02  -3.1 3.99e-01 4.15e-04h  9
  83 -1.8825244e-01 1.62e-01 5.76e+06  -6.0 3.35e+02  -3.6 1.74e-01 1.86e-03h  6
  84 -1.8807068e-01 1.61e-01 7.82e+06  -6.0 6.01e+02  -4.0 2.08e-01 3.48e-03h  5
  85 -1.8802218e-01 1.61e-01 1.16e+07  -6.0 1.65e+03  -4.5 5.63e-01 9.72e-04h  8
  86 -1.8797066e-01 1.61e-01 1.17e+07  -6.0 4.56e+03  -5.0 5.22e-02 6.00e-04h  9
  87 -1.8793438e-01 1.61e-01 1.13e+07  -6.0 7.72e+03  -5.5 4.78e-02 2.45e-04h  9
  88 -1.8788329e-01 1.61e-01 1.35e+07  -6.0 4.93e+03  -5.1 3.23e-01 5.70e-04h  9
  89 -1.8784619e-01 1.61e-01 1.39e+07  -6.0 9.17e+03  -5.5 1.28e-02 2.11e-04h  9
iter    objective    inf_pr   inf_du lg(mu)  ||d||  lg(rg) alpha_du alpha_pr  ls
  90 -1.8778879e-01 1.61e-01 2.21e+07  -6.0 5.59e+03  -5.1 2.83e-01 5.78e-04h  9
  91 -1.8776181e-01 1.61e-01 2.23e+07  -6.0 1.67e+04  -5.6 6.17e-03 1.13e-04h  9
  92 -1.7369620e-01 1.11e+01 3.02e+07  -6.0 6.07e+03  -5.2 4.82e-01 1.31e-01w  1
  93 -1.6851417e-01 9.35e+00 3.07e+09  -6.0 4.11e+02  -2.9 2.20e-05 1.66e-01w  1
  94 -1.6833178e-01 9.31e+00 3.06e+09  -6.0 6.78e+01  -0.7 8.08e-03 3.43e-03w  1
  95 -1.8773434e-01 1.61e-01 3.72e+07  -6.0 9.38e+01  -1.2 4.82e-01 2.55e-04h  9
  96 -1.8763358e-01 1.61e-01 3.64e+07  -6.0 9.71e+01  -1.6 2.06e-02 1.93e-03h  5
  97 -1.8754969e-01 1.60e-01 3.54e+07  -6.0 1.03e+02  -2.1 2.26e-02 1.34e-03h  6
  98 -1.8744756e-01 1.60e-01 3.19e+07  -6.0 1.55e+02  -2.6 8.65e-02 1.64e-03h  6
  99 -1.8726683e-01 1.60e-01 2.64e+07  -6.0 3.10e+02  -3.1 1.74e-01 3.35e-03h  2
iter    objective    inf_pr   inf_du lg(mu)  ||d||  lg(rg) alpha_du alpha_pr  ls
 100 -1.8721276e-01 1.59e-01 3.23e+07  -6.0 5.12e+02  -3.6 1.94e-01 1.32e-03h  1
 101 -1.8713737e-01 1.59e-01 4.88e+07  -6.0 1.41e+03  -4.0 4.41e-01 1.31e-03h  6
 102 -1.8709028e-01 1.59e-01 5.18e+07  -6.0 4.04e+03  -4.5 1.11e-01 5.85e-04h  8
 103 -1.8704655e-01 1.59e-01 5.27e+07  -6.0 7.41e+03  -5.0 8.27e-02 3.74e-04h  9
 104 -1.8701554e-01 1.59e-01 8.31e+07  -6.0 4.45e+03  -4.6 4.98e-01 3.58e-04h  9
 105 -1.8698979e-01 1.59e-01 8.55e+07  -6.0 7.81e+03  -5.0 4.28e-02 1.88e-04h 10
 106 -1.8692984e-01 1.59e-01 1.29e+08  -6.0 5.12e+03  -4.6 4.85e-01 5.91e-04h  9
 107 -1.8690380e-01 1.59e-01 1.31e+08  -6.0 6.45e+03  -5.1 3.97e-02 1.87e-04h 10
 108 -1.8687274e-01 1.59e-01 1.89e+08  -6.0 4.95e+03  -4.7 6.87e-01 2.89e-04h 10
 109 -1.8684993e-01 1.59e-01 1.90e+08  -6.0 8.66e+03  -5.1 6.97e-02 1.74e-04h 10
iter    objective    inf_pr   inf_du lg(mu)  ||d||  lg(rg) alpha_du alpha_pr  ls
 110 -1.8679291e-01 1.59e-01 2.21e+08  -6.0 4.41e+03  -4.7 3.89e-01 5.28e-04h  9
 111 -1.7520089e-01 7.28e+00 2.00e+08  -6.0 1.05e+04  -5.2 3.83e-02 9.49e-02w  1
 112 -1.7520061e-01 7.28e+00 1.71e+08  -6.0 1.29e+03  -3.9 1.72e-01 8.48e-06w  1
 113 -1.7396464e-01 8.37e+00 1.56e+08  -6.0 2.35e+03  -4.3 1.78e-01 3.20e-02w  1
 114 -1.8677027e-01 1.59e-01 2.21e+08  -6.0 1.13e+03  -3.9 3.83e-02 1.85e-04h  9
 115 -1.8670824e-01 1.58e-01 2.72e+08  -6.0 2.68e+03  -4.4 4.53e-01 6.74e-04h  9
 116 -1.8667854e-01 1.58e-01 2.76e+08  -6.0 7.45e+03  -4.9 5.82e-02 2.57e-04h 10
 117 -1.8667232e-01 1.58e-01 2.75e+08  -6.0 1.51e+04  -5.3 3.21e-02 7.68e-05h  9
 118 -1.8664331e-01 1.58e-01 2.99e+08  -6.0 8.11e+03  -4.9 2.69e-01 2.46e-04h 10
 119 -1.8663939e-01 1.58e-01 2.98e+08  -6.0 1.66e+04  -5.4 2.42e-02 5.51e-05h  9
iter    objective    inf_pr   inf_du lg(mu)  ||d||  lg(rg) alpha_du alpha_pr  ls
 120 -1.8661043e-01 1.58e-01 3.58e+08  -6.0 9.00e+03  -5.0 3.07e-01 2.41e-04h 10
 121 -1.8660818e-01 1.58e-01 3.56e+08  -6.0 2.20e+04  -5.4 1.93e-02 3.85e-05h  9
 122 -1.8657982e-01 1.58e-01 3.92e+08  -6.0 9.93e+03  -5.0 2.31e-01 2.31e-04h 10
 123 -1.8635292e-01 6.20e-01 3.90e+08  -6.0 3.29e+04  -5.5 6.30e-03 6.30e-03s 15
 124r-1.8635292e-01 6.20e-01 1.00e+03  -0.6 0.00e+00  -5.1 0.00e+00 0.00e+00R  1
 125r-1.8649155e-01 8.75e-01 1.00e+03  -0.6 2.41e+05    -  6.42e-06 8.73e-06f  1
 126r-1.8635778e-01 8.75e-01 1.00e+03  -0.6 3.17e+03    -  2.25e-05 3.84e-05f  1
 127r-1.8606310e-01 8.75e-01 1.00e+03  -0.6 2.39e+03    -  7.96e-05 9.70e-05f  1
 128r-1.8533242e-01 8.75e-01 1.49e+03  -0.6 1.67e+03    -  4.29e-04 2.19e-04f  1
 129 -1.8528777e-01 8.74e-01 1.24e+06  -6.0 2.82e+02    -  5.23e-02 6.12e-04h  1
iter    objective    inf_pr   inf_du lg(mu)  ||d||  lg(rg) alpha_du alpha_pr  ls
 130 -1.8351245e-01 8.55e-01 4.78e+07  -6.0 2.86e+02    -  6.15e-04 2.34e-02h  1
 131 -1.8343232e-01 8.54e-01 4.78e+07  -6.0 2.92e+02    -  6.70e-02 1.07e-03h  7
 132 -1.8337664e-01 8.53e-01 4.77e+07  -6.0 2.94e+02    -  3.94e-02 7.24e-04h  8
 133 -1.8336082e-01 8.53e-01 4.77e+07  -6.0 2.95e+02    -  1.01e-01 2.02e-04h 10
 134 -1.8335798e-01 8.53e-01 4.77e+07  -6.0 2.99e+02    -  3.49e-02 3.47e-05h 13
 135 -1.8335654e-01 8.53e-01 4.77e+07  -6.0 3.01e+02    -  9.32e-02 1.74e-05h 14
 136 -1.8024392e-01 8.24e-01 4.60e+07  -6.0 3.07e+02    -  3.61e-02 3.64e-02h  3
 137 -1.7884541e-01 8.11e-01 4.52e+07  -6.0 3.04e+02    -  1.06e-01 1.69e-02h  4
 138 -1.7733087e-01 7.97e-01 4.44e+07  -6.0 3.02e+02    -  1.18e-01 1.80e-02h  4
 139 -1.7632238e-01 7.88e-01 4.39e+07  -6.0 2.89e+02    -  1.18e-01 1.15e-02h  5
iter    objective    inf_pr   inf_du lg(mu)  ||d||  lg(rg) alpha_du alpha_pr  ls
 140 -1.7501091e-01 7.77e-01 4.33e+07  -6.0 2.49e+02    -  9.00e-02 1.38e-02h  5
 141 -1.5420200e-01 1.10e+00 3.43e+07  -6.0 2.70e+02    -  9.80e-02 2.08e-01w  1
 142 -1.4565699e-01 1.13e+00 2.98e+07  -6.0 2.94e+02    -  1.07e-01 1.32e-01w  1
 143 -1.2798983e-01 1.48e+00 2.10e+07  -6.0 2.93e+02    -  1.81e-01 2.95e-01w  1
 144 -1.7371036e-01 7.67e-01 4.27e+07  -6.0 3.15e+02    -  9.80e-02 1.30e-02h  4
 145 -1.7233329e-01 7.57e-01 4.21e+07  -6.0 2.92e+02    -  1.09e-01 1.39e-02h  5
 146 -1.7080650e-01 7.45e-01 4.14e+07  -6.0 3.12e+02    -  1.77e-01 1.63e-02h  5
 147 -1.6826022e-01 7.24e-01 4.02e+07  -6.0 3.49e+02    -  2.00e-01 2.90e-02h  4
 148 -1.6545564e-01 7.00e-01 3.88e+07  -6.0 3.87e+02    -  2.27e-01 3.51e-02h  3
 149 -1.6281114e-01 6.75e-01 3.74e+07  -6.0 4.20e+02    -  2.32e-01 3.75e-02h  2
iter    objective    inf_pr   inf_du lg(mu)  ||d||  lg(rg) alpha_du alpha_pr  ls
 150 -1.6280968e-01 6.75e-01 3.74e+07  -6.0 1.01e+05  -4.6 6.07e-05 2.73e-05h  2
 151 -1.6065866e-01 6.59e-01 3.64e+07  -6.0 9.00e+01  -3.3 1.55e-01 2.57e-02h  4
 152 -1.5907641e-01 6.47e-01 3.57e+07  -6.0 7.72e+01  -2.9 2.82e-01 1.95e-02h  4
 153 -1.5586134e-01 6.25e-01 3.43e+07  -6.0 1.28e+02  -3.4 9.95e-02 3.87e-02h  2
 154 -1.4750578e-01 5.92e-01 3.07e+07  -6.0 9.90e+01  -2.9 2.38e-01 1.04e-01w  1
 155 -1.4647885e-01 5.87e-01 3.02e+07  -6.0 2.01e+02  -3.4 3.76e-02 1.68e-02w  1
 156 -1.4109083e-01 5.49e-01 2.77e+07  -6.0 2.67e+02  -3.9 2.57e-01 8.37e-02w  1
 157 -1.5377245e-01 6.11e-01 3.34e+07  -6.0 3.35e+02  -4.4 2.38e-01 2.61e-02h  2
 158 -1.5187736e-01 5.97e-01 3.26e+07  -6.0 1.07e+02  -3.0 2.65e-01 2.37e-02h  3
 159 -1.5167212e-01 5.96e-01 3.25e+07  -6.0 3.78e+02  -3.5 1.77e-02 4.01e-03h  2
iter    objective    inf_pr   inf_du lg(mu)  ||d||  lg(rg) alpha_du alpha_pr  ls
 160 -1.5163312e-01 5.95e-01 3.24e+07  -6.0 3.18e+02  -4.0 3.38e-02 1.93e-03h  3
 161 -1.4926511e-01 5.78e-01 3.14e+07  -6.0 1.88e+02  -3.6 2.93e-01 3.25e-02h  2
 162 -1.4698374e-01 5.66e-01 3.01e+07  -6.0 2.75e+02  -4.0 3.88e-01 4.01e-02h  1
 163 -1.4642898e-01 5.61e-01 2.99e+07  -6.0 4.00e+02  -4.5 1.79e-03 8.78e-03h  1
 164 -1.4317492e-01 5.34e-01 2.83e+07  -6.0 2.79e+02  -4.1 5.13e-01 5.07e-02h  4
 165 -1.4055952e-01 5.13e-01 2.72e+07  -6.0 2.01e+02  -3.7 2.94e-01 4.09e-02h  4
 166 -1.3853265e-01 4.99e-01 2.64e+07  -6.0 1.44e+02  -3.2 3.71e-01 3.03e-02h  4
 167 -1.3640048e-01 4.84e-01 2.55e+07  -6.0 2.41e+02  -3.7 2.97e-02 3.18e-02h  4
 168 -1.3349383e-01 4.64e-01 2.44e+07  -6.0 1.75e+02  -3.3 4.29e-01 4.41e-02h  3
 169 -1.3332134e-01 4.64e-01 2.44e+07  -6.0 3.02e+02  -3.8 1.23e-02 1.54e-03h  6
iter    objective    inf_pr   inf_du lg(mu)  ||d||  lg(rg) alpha_du alpha_pr  ls
 170 -1.3182143e-01 4.55e-01 2.38e+07  -6.0 2.15e+02  -3.3 2.55e-01 2.07e-02h  4
 171 -1.2928705e-01 4.41e-01 2.30e+07  -6.0 1.72e+02  -2.9 5.36e-02 3.37e-02h  3
 172 -1.2922642e-01 4.41e-01 2.30e+07  -6.0 4.40e+02  -3.4 2.37e-02 4.79e-04h  6
 173 -1.2813788e-01 4.35e-01 2.27e+07  -6.0 1.79e+02  -3.0 1.44e-01 1.42e-02h  3
 174 -1.2476352e-01 4.21e-01 2.16e+07  -6.0 1.39e+02  -2.5 5.95e-02 4.70e-02w  1
 175 -1.2476299e-01 4.21e-01 2.16e+07  -6.0 2.64e+02  -3.0 3.41e-01 6.54e-06w  1
 176 -1.0596032e-01 8.92e+00 1.61e+07  -6.0 3.43e+02  -3.5 2.52e-01 2.56e-01w  1
 177 -1.2645070e-01 4.27e-01 2.22e+07  -6.0 2.83e+02  -3.1 5.95e-02 2.35e-02h  1
 178 -1.2630721e-01 4.26e-01 2.20e+07  -6.0 4.55e+02  -2.6 1.12e-02 5.92e-03h  1
 179 -1.2630535e-01 4.26e-01 2.20e+07  -6.0 2.63e+02  -3.1 3.41e-01 2.27e-05h  1
iter    objective    inf_pr   inf_du lg(mu)  ||d||  lg(rg) alpha_du alpha_pr  ls
 180 -1.2567646e-01 4.23e-01 2.19e+07  -6.0 3.42e+02  -3.6 2.41e-01 8.56e-03h  6
 181 -1.2506004e-01 4.19e-01 2.17e+07  -6.0 2.89e+02  -3.2 2.29e-01 7.75e-03h  6
 182 -1.2397426e-01 4.12e-01 2.13e+07  -6.0 3.44e+02  -3.7 2.59e-01 1.95e-02h  5
 183 -1.2298634e-01 4.05e-01 2.09e+07  -6.0 3.06e+02  -3.2 3.25e-01 1.67e-02h  5
 184 -1.2243862e-01 3.99e-01 2.05e+07  -6.0 4.50e+02  -3.7 3.81e-01 1.92e-02h  4
 185 -1.2171646e-01 3.92e-01 2.00e+07  -6.0 3.30e+02  -3.3 5.70e-01 2.31e-02h  4
 186 -1.2160732e-01 3.89e-01 1.98e+07  -6.0 5.91e+02  -3.8 3.02e-01 1.17e-02h  3
 187 -1.2110031e-01 3.83e-01 1.91e+07  -6.0 3.91e+02  -3.3 4.63e-01 3.57e-02h  3
 188 -1.2047841e-01 3.75e-01 1.85e+07  -6.0 2.98e+02  -2.9 2.92e-01 3.03e-02h  3
 189 -1.2041236e-01 3.69e-01 1.81e+07  -6.0 4.50e+02  -3.4 3.93e-01 2.22e-02h  3
iter    objective    inf_pr   inf_du lg(mu)  ||d||  lg(rg) alpha_du alpha_pr  ls
 190 -1.1954600e-01 4.03e-01 1.67e+07  -6.0 3.25e+02  -3.0 6.33e-01 7.72e-02w  1
 191 -1.1940742e-01 4.02e-01 1.28e+08  -6.0 2.72e+02  -2.5 5.04e-01 3.65e-03w  1
 192 -1.1680227e-01 1.66e+00 1.80e+08  -6.0 4.65e+02  -3.0 8.04e-01 1.65e-01w  1
 193 -1.2019577e-01 3.64e-01 1.78e+07  -6.0 3.47e+02  -2.6 6.33e-01 1.93e-02h  2
 194 -1.2010881e-01 3.60e-01 1.75e+07  -6.0 3.82e+02  -3.1 8.27e-01 1.61e-02h  3
 195 -1.1964853e-01 3.56e-01 5.81e+07  -6.0 3.19e+02  -2.6 6.76e-01 1.75e-02h  4
 196 -1.1951246e-01 3.54e-01 8.44e+07  -6.0 5.21e+02  -3.1 7.90e-01 9.74e-03h  5
 197 -1.1912861e-01 3.53e-01 1.52e+08  -6.0 3.94e+02  -2.7 9.90e-01 1.78e-02h  4
 198 -1.1902736e-01 3.52e-01 1.16e+08  -6.0 5.94e+02  -3.2 5.65e-01 8.48e-03h  5
 199 -1.1876043e-01 3.51e-01 1.55e+08  -6.0 4.40e+02  -2.7 1.00e+00 1.52e-02h  4
iter    objective    inf_pr   inf_du lg(mu)  ||d||  lg(rg) alpha_du alpha_pr  ls
 200 -1.1861582e-01 3.51e-01 1.37e+08  -6.0 6.19e+02  -3.2 1.62e-01 1.19e-02h  3
 201 -1.1842077e-01 3.51e-01 1.28e+08  -6.0 4.78e+02  -2.8 8.11e-01 1.29e-02h  4
 202 -1.1815134e-01 3.49e-01 2.12e+08  -6.0 3.73e+02  -2.4 8.30e-01 1.23e-02h  4
 203 -1.1726051e-01 5.44e-01 1.88e+08  -6.0 5.34e+02  -2.8 5.02e-01 8.09e-02w  1
 204 -1.1724685e-01 5.44e-01 2.67e+08  -6.0 7.13e+02  -3.3 4.62e-01 8.13e-04w  1
 205 -1.1575380e-01 5.88e-01 2.47e+08  -6.0 7.92e+02  -3.8 7.32e-02 8.17e-02w  1
 206 -1.1803998e-01 3.48e-01 2.07e+08  -6.0 5.23e+02  -3.4 5.02e-01 1.01e-02h  3
 207 -1.1739448e-01 3.46e-01 3.71e+08  -6.0 3.23e+02  -2.0 6.22e-01 2.50e-02h  4
 208 -1.1725388e-01 3.45e-01 6.15e+08  -6.0 4.96e+02  -2.5 7.61e-01 1.14e-02h  4
 209 -1.1697753e-01 3.43e-01 1.23e+09  -6.0 3.80e+02  -2.1 1.00e+00 1.42e-02h  5
iter    objective    inf_pr   inf_du lg(mu)  ||d||  lg(rg) alpha_du alpha_pr  ls
 210 -1.1679577e-01 3.37e-01 1.20e+09  -6.0 5.63e+02  -2.6 4.06e-02 1.86e-02h  4
 211 -1.1655313e-01 3.33e-01 1.32e+09  -6.0 4.76e+02  -2.1 4.78e-01 1.70e-02h  4
 212 -1.1641650e-01 3.29e-01 1.27e+09  -6.0 5.74e+02  -2.6 5.89e-02 1.42e-02h  5
 213 -1.1630256e-01 3.24e-01 1.03e+09  -6.0 5.91e+02  -3.1 2.22e-01 1.54e-02h  4
 214 -1.1618728e-01 3.20e-01 9.58e+08  -6.0 4.94e+02  -2.7 1.23e-01 1.44e-02h  5
 215 -1.1615284e-01 3.16e-01 9.07e+08  -6.0 4.75e+02  -3.1 6.45e-02 1.36e-02h  2
 216 -1.1263080e-01 6.56e-01 1.08e+09  -6.0 3.30e+02  -1.8 4.43e-01 1.76e-01w  1
 217 -1.1234769e-01 6.49e-01 1.00e+09  -6.0 2.59e+02  -1.4 4.52e-05 1.75e-02w  1
 218 -1.1234769e-01 6.49e-01 1.45e+09  -6.0 1.48e+02  -1.0 7.99e-02 1.07e-08w  1
 219 -1.1527233e-01 3.08e-01 1.37e+09  -6.0 3.10e+02  -1.4 4.43e-01 4.39e-02h  2
iter    objective    inf_pr   inf_du lg(mu)  ||d||  lg(rg) alpha_du alpha_pr  ls
 220 -1.1477574e-01 3.01e-01 1.69e+09  -6.0 4.02e+02  -1.9 4.87e-01 3.49e-02h  3
 221 -1.1475160e-01 2.99e-01 1.66e+09  -6.0 4.06e+02  -2.4 3.82e-02 6.48e-03h  1
 222 -1.1476028e-01 2.95e-01 1.62e+09  -6.0 4.55e+02  -2.9 2.86e-02 1.45e-02h  4
 223r-1.1476028e-01 2.95e-01 1.00e+03  -1.0 0.00e+00  -1.5 0.00e+00 3.51e-07R  3
 224r-1.1471952e-01 2.95e-01 1.01e+03  -1.0 2.72e+05    -  1.77e-06 4.26e-07f  1
 225 -1.1362217e-01 2.81e-01 7.42e+03  -6.0 8.38e+01    -  6.66e-06 4.94e-02h  1
 226 -1.1361802e-01 2.80e-01 7.42e+03  -6.0 7.91e+01    -  2.74e-01 2.03e-04h  1
 227 -1.1206154e-01 2.61e-01 6.92e+03  -6.0 1.21e+02    -  3.93e-02 6.85e-02h  1
 228 -1.1155838e-01 2.55e-01 1.49e+04  -6.0 1.89e+02    -  5.10e-01 2.34e-02h  1
 229 -1.0986235e-01 2.47e-01 1.41e+04  -6.0 2.42e+02    -  1.57e-01 7.93e-02h  2
iter    objective    inf_pr   inf_du lg(mu)  ||d||  lg(rg) alpha_du alpha_pr  ls
 230 -1.0836101e-01 2.35e-01 1.43e+04  -6.0 2.43e+02    -  3.68e-01 9.52e-02h  1
 231 -1.0849078e-01 2.29e-01 7.73e+06  -6.0 3.07e+02    -  2.79e-01 2.62e-02h  2
 232 -1.0876574e-01 2.21e-01 8.90e+06  -6.0 4.07e+02    -  2.05e-01 4.34e-02h  3
 233 -1.0917712e-01 2.09e-01 1.01e+07  -6.0 4.20e+02    -  3.23e-01 7.02e-02h  2
 234 -1.0917787e-01 2.08e-01 1.06e+07  -6.0 3.94e+02    -  1.35e-01 1.57e-04h 10
 235 -1.0917821e-01 2.08e-01 1.15e+07  -6.0 3.87e+02    -  3.66e-01 7.68e-05h 11
 236 -1.0940055e-01 1.96e-01 1.07e+07  -6.0 3.58e+02    -  7.28e-02 7.28e-02s 19
 237r-1.0940055e-01 1.96e-01 1.00e+03  -0.9 0.00e+00    -  0.00e+00 0.00e+00R  1
 238r-1.0924862e-01 1.96e-01 1.26e+03  -0.9 6.45e+03    -  1.17e-04 2.89e-05f  1
 239r-1.0862967e-01 1.96e-01 1.00e+03  -0.9 2.69e+03    -  1.22e-04 2.60e-04f  1
iter    objective    inf_pr   inf_du lg(mu)  ||d||  lg(rg) alpha_du alpha_pr  ls
 240 -1.0862915e-01 1.96e-01 1.60e+05  -6.0 4.49e+01    -  1.31e-01 1.77e-04h  1
 241 -1.0899736e-01 1.91e-01 2.40e+07  -6.0 1.65e+02    -  1.80e-04 2.69e-02h  1
 242 -1.0923094e-01 1.88e-01 2.36e+07  -6.0 2.04e+02    -  4.23e-01 1.61e-02h  1
 243 -1.0923981e-01 1.88e-01 2.36e+07  -6.0 2.41e+02    -  4.58e-02 6.00e-04h  1
 244 -1.0973970e-01 1.90e-01 2.25e+07  -6.0 5.10e+02    -  2.42e-02 4.42e-02h  1
 245 -1.0992708e-01 1.88e-01 2.21e+07  -6.0 5.69e+02    -  1.49e-01 2.04e-02h  1
 246 -1.1061501e-01 2.01e-01 2.00e+07  -6.0 6.29e+02    -  1.23e-01 9.50e-02h  1
 247 -1.1106280e-01 1.96e-01 1.90e+07  -6.0 6.70e+02    -  6.50e-02 5.02e-02h  3
 248 -1.1146266e-01 1.90e-01 1.80e+07  -6.0 6.70e+02    -  1.55e-01 4.83e-02h  2
 249 -1.1182613e-01 1.82e-01 1.72e+07  -6.0 6.72e+02    -  1.85e-01 4.64e-02h  3
iter    objective    inf_pr   inf_du lg(mu)  ||d||  lg(rg) alpha_du alpha_pr  ls
 250 -1.1215980e-01 1.82e-01 2.67e+07  -6.0 6.66e+02    -  2.71e-01 4.49e-02h  3
 251 -1.1244800e-01 1.90e-01 2.34e+07  -6.0 6.54e+02    -  1.10e-02 4.37e-02h  3
 252 -1.1250036e-01 1.88e-01 6.32e+07  -6.0 1.14e+02  -2.0 3.32e-02 1.53e-02h  1
 253 -1.1250192e-01 1.87e-01 1.95e+08  -6.0 3.89e+02  -2.5 5.67e-02 2.05e-03h  1
 254 -1.1255533e-01 1.87e-01 1.93e+08  -6.0 1.11e+03    -  9.98e-05 2.38e-03h  1
 255 -1.1255533e-01 1.87e-01 1.93e+08  -6.0 4.10e+02  -3.0 7.27e-07 1.29e-06h  2
 256 -1.1287065e-01 1.93e-01 1.68e+08  -6.0 4.63e+02  -3.5 1.92e-03 6.53e-02h  1
 257 -1.1311885e-01 1.92e-01 1.85e+08  -6.0 3.88e+02  -3.0 1.06e-01 6.19e-02h  3
 258 -1.1335347e-01 1.89e-01 8.10e+08  -6.0 3.38e+02  -2.6 4.37e-01 5.87e-02h  1
 259 -1.1422860e-01 2.03e-01 1.08e+09  -6.0 2.97e+02  -2.2 3.22e-01 2.00e-01H  1
iter    objective    inf_pr   inf_du lg(mu)  ||d||  lg(rg) alpha_du alpha_pr  ls
 260 -1.1918990e-01 3.94e+00 5.44e+08  -6.0 1.90e+02  -2.7 4.40e-07 5.71e-01f  1
 261 -1.1914941e-01 3.92e+00 2.14e+09  -6.0 2.76e+02  -2.2 2.48e-01 6.66e-03h  5
 262 -1.1910867e-01 3.90e+00 2.14e+09  -6.0 4.44e+02  -2.7 2.85e-01 4.17e-03h  6
 263 -1.1910817e-01 3.90e+00 2.43e+09  -6.0 2.83e+02  -2.3 5.90e-02 8.10e-05h 12
 264 -1.1910288e-01 3.90e+00 2.42e+09  -6.0 5.21e+02  -2.8 2.00e-02 4.59e-04h  9
 265 -1.1910263e-01 3.90e+00 2.43e+09  -6.0 2.89e+02  -2.3 4.80e-03 4.00e-05h 13
 266r-1.1910263e-01 3.90e+00 1.00e+03   0.4 0.00e+00  -2.8 0.00e+00 4.50e-07R  5
 267r-1.1906520e-01 3.89e+00 1.04e+03   0.4 1.44e+04    -  1.60e-06 1.19e-06f  1
 268 -1.1906600e-01 3.89e+00 2.30e+04  -6.0 1.60e+01    -  1.76e-02 1.77e-03h  1
 269 -1.1946372e-01 3.28e+00 2.26e+06  -6.0 1.93e+01    -  1.77e-03 1.57e-01h  1
iter    objective    inf_pr   inf_du lg(mu)  ||d||  lg(rg) alpha_du alpha_pr  ls
 270 -1.1951502e-01 3.16e+00 2.19e+06  -6.0 1.51e+01    -  2.34e-01 3.48e-02h  1
 271 -1.2006649e-01 1.96e+00 1.36e+06  -6.0 1.46e+01    -  2.97e-02 3.80e-01h  1
 272 -1.2026187e-01 1.53e+00 1.06e+06  -6.0 4.93e+00    -  8.36e-02 2.21e-01h  1
 273 -1.2053039e-01 1.03e+00 7.11e+05  -6.0 4.48e+00    -  2.64e-01 3.26e-01h  1
 274 -1.2085651e-01 5.24e-01 3.63e+05  -6.0 3.11e+00    -  2.46e-01 4.90e-01h  1
 275 -1.2116691e-01 1.73e-01 1.20e+05  -6.0 1.74e+00    -  4.02e-01 6.69e-01h  1
 276 -1.2150241e-01 7.01e-03 4.83e+03  -6.0 7.69e-01    -  9.69e-01 9.60e-01h  1
 277 -1.2888596e-01 9.49e-02 1.59e+02  -6.0 2.19e+01    -  2.81e-01 9.67e-01f  1
 278 -1.2923485e-01 5.21e-02 8.74e+01  -6.0 3.28e-01  -3.3 1.16e-01 4.52e-01h  1
 279 -1.3390566e-01 5.54e-02 6.14e+01  -6.0 4.43e+01    -  1.54e-01 2.98e-01f  1
iter    objective    inf_pr   inf_du lg(mu)  ||d||  lg(rg) alpha_du alpha_pr  ls
 280 -1.4165335e-01 8.01e-02 3.88e+01  -6.0 6.05e+01    -  3.53e-01 3.67e-01f  1
 281 -1.5064022e-01 1.13e-01 3.66e+01  -6.0 1.18e+02    -  3.75e-02 2.24e-01h  1
 282 -1.5097533e-01 1.12e-01 3.39e+01  -6.0 5.61e+01    -  6.99e-04 1.51e-02h  1
 283 -1.5090138e-01 1.12e-01 7.78e+01  -6.0 1.17e+03    -  4.54e-02 2.28e-03h  3
 284 -1.5281748e-01 1.11e-01 5.32e+01  -6.0 6.85e+01    -  6.33e-03 9.64e-02h  1
 285 -1.6485514e-01 4.97e-01 9.69e+01  -6.0 6.46e+01    -  2.70e-01 6.99e-01h  1
 286 -1.6636074e-01 4.44e-01 1.32e+02  -6.0 7.09e+01    -  1.91e-01 1.15e-01h  1
 287 -1.7032338e-01 3.92e-01 7.60e+01  -6.0 7.44e+01    -  6.52e-02 2.24e-01f  1
 288 -1.7045570e-01 3.88e-01 4.11e+01  -6.0 8.14e+01    -  6.65e-01 9.81e-03h  1
 289 -1.8044110e-01 6.78e-01 6.34e+01  -6.0 1.81e+02    -  5.62e-01 3.87e-01h  1
iter    objective    inf_pr   inf_du lg(mu)  ||d||  lg(rg) alpha_du alpha_pr  ls
 290 -1.8909455e-01 2.16e+00 9.40e+01  -6.0 1.89e+02    -  6.16e-01 4.14e-01h  1
 291 -1.9257982e-01 4.57e+00 7.24e+01  -6.0 5.68e+02    -  2.47e-01 1.77e-01h  1
 292 -1.9540986e-01 3.91e+00 4.16e+01  -6.0 5.25e+02    -  4.37e-01 1.65e-01h  1
 293 -1.9960976e-01 3.98e+00 5.40e+01  -6.0 9.07e+02    -  1.62e-01 2.10e-01h  1
 294 -2.0426132e-01 3.80e+00 7.98e+01  -6.0 8.28e+02    -  3.49e-01 3.20e-01h  1
 295 -2.0556658e-01 3.77e+00 7.22e+01  -6.0 1.14e+03    -  9.79e-02 6.82e-02h  1
 296 -2.1012608e-01 7.38e+00 1.73e+03  -6.0 1.08e+03    -  6.58e-01 3.30e-01h  1
 297 -2.1258449e-01 1.16e+01 1.78e+03  -6.0 3.24e+03    -  6.09e-02 4.64e-02h  1
 298 -2.1051899e-01 1.80e-01 1.19e+04  -6.0 4.19e+00  -3.8 6.47e-03 1.00e+00h  1
 299 -2.1049447e-01 8.25e-02 3.69e+03  -6.0 3.48e-01  -2.4 9.84e-01 5.43e-01h  1
iter    objective    inf_pr   inf_du lg(mu)  ||d||  lg(rg) alpha_du alpha_pr  ls
 300 -2.1049599e-01 1.25e-04 1.30e+01  -6.0 1.69e-01  -2.9 1.00e+00 1.00e+00h  1
 301 -2.1056517e-01 3.21e-04 5.72e-02  -6.0 1.00e-01  -3.4 1.00e+00 1.00e+00h  1
 302 -2.1070897e-01 3.00e-03 8.31e-02  -6.0 2.38e-01  -3.9 1.00e+00 1.00e+00h  1
 303 -2.1084353e-01 4.01e-03 1.28e+00  -6.0 7.17e-01  -4.3 1.00e+00 4.11e-01h  1
 304 -2.1099021e-01 7.01e-03 4.74e+00  -6.0 1.86e+00  -4.8 1.00e+00 3.21e-01f  1
 305 -2.1112779e-01 1.22e-02 1.66e+01  -6.0 4.24e+00  -5.3 1.00e+00 1.95e-01f  1
 306 -2.1141799e-01 2.29e-02 2.54e+01  -6.0 5.75e+00  -5.8 1.00e+00 4.05e-01h  1
 307 -2.1160143e-01 1.98e-02 1.70e+01  -6.0 1.20e+01  -6.2 4.77e-01 2.75e-01h  1
 308 -2.1177552e-01 2.00e-02 1.21e+01  -6.0 2.86e+01  -6.7 1.00e+00 1.83e-01h  1
 309 -2.1207567e-01 2.48e-02 9.05e+00  -6.0 6.78e+01  -7.2 1.00e+00 2.03e-01h  1
iter    objective    inf_pr   inf_du lg(mu)  ||d||  lg(rg) alpha_du alpha_pr  ls
 310 -2.1303518e-01 1.35e-01 1.97e+01  -6.0 2.34e+02  -7.7 6.95e-01 2.16e-01h  1
 311 -2.1451969e-01 4.63e-01 1.93e+01  -6.0 1.35e+03  -8.2 6.88e-02 6.55e-02h  1
 312 -2.1452436e-01 4.44e-01 1.05e+01  -6.0 4.50e+00  -5.0 5.78e-01 4.06e-02h  1
 313 -2.1461589e-01 8.20e-02 2.51e+00  -6.0 1.30e+00  -5.5 1.00e+00 8.15e-01f  1
 314 -2.1465076e-01 3.35e-02 8.39e-01  -6.0 3.32e+00  -6.0 1.00e+00 5.92e-01h  1
 315 -2.1481272e-01 1.87e-03 7.31e-01  -6.0 9.53e+00  -6.5 1.00e+00 1.00e+00f  1
 316 -2.1519337e-01 1.76e-02 4.81e+00  -6.0 2.61e+01  -6.9 1.00e+00 1.00e+00h  1
 317 -2.1610086e-01 1.14e-01 1.15e+01  -6.0 7.78e+01  -7.4 1.00e+00 1.00e+00h  1
 318 -2.1731939e-01 2.38e-01 3.57e+01  -6.0 1.73e+02  -7.9 1.00e+00 5.80e-01h  1
 319 -2.2034752e-01 1.97e+00 6.08e+01  -6.0 4.03e+02  -8.4 3.18e-01 7.97e-01h  1
iter    objective    inf_pr   inf_du lg(mu)  ||d||  lg(rg) alpha_du alpha_pr  ls
 320 -2.2261679e-01 8.46e+00 4.01e+04  -6.0 1.43e+02  -7.0 7.88e-02 9.77e-01h  1
 321 -2.2158410e-01 2.92e+00 5.22e+03  -6.0 6.83e+01  -6.6 1.97e-04 8.22e-01h  1
 322 -2.2158349e-01 2.90e+00 5.58e+03  -6.0 3.44e+00  -1.7 1.09e-01 8.26e-03h  1
 323 -2.2156828e-01 2.84e+00 6.14e+03  -6.0 3.94e+00  -2.1 2.09e-01 2.00e-02h  1
 324 -2.2148246e-01 2.59e+00 5.43e+03  -6.0 4.07e+00  -2.6 2.20e-02 8.72e-02h  1
Error in an AMPL evaluation. Run with "halt_on_ampl_error yes" to see details.
Warning: Cutting back alpha due to evaluation error
 325 -2.2141247e-01 2.41e+00 7.12e+03  -6.0 3.78e+00  -3.1 8.68e-01 6.94e-02h  2
Error in an AMPL evaluation. Run with "halt_on_ampl_error yes" to see details.
Warning: Cutting back alpha due to evaluation error
 326 -2.2138081e-01 2.32e+00 6.87e+03  -6.0 3.55e+00  -3.6 2.04e-01 3.60e-02h  2
Error in an AMPL evaluation. Run with "halt_on_ampl_error yes" to see details.
Warning: Cutting back alpha due to evaluation error
 327 -2.2136144e-01 2.27e+00 6.71e+03  -6.0 3.41e+00  -4.0 2.44e-01 2.38e-02h  2
Error in an AMPL evaluation. Run with "halt_on_ampl_error yes" to see details.
Warning: Cutting back alpha due to evaluation error
 328 -2.2129605e-01 2.07e+00 6.13e+03  -6.0 6.61e+00  -4.5 2.00e-02 8.67e-02h  2
 329 -2.2131006e-01 1.91e+00 5.57e+03  -6.0 1.08e+01  -5.0 2.20e-02 9.11e-02h  1
iter    objective    inf_pr   inf_du lg(mu)  ||d||  lg(rg) alpha_du alpha_pr  ls
 330 -2.2111815e-01 1.54e+00 4.34e+03  -6.0 2.00e+01  -5.5 6.19e-02 2.21e-01h  1
 331 -2.2108665e-01 1.33e+00 3.74e+03  -6.0 2.15e+00  -5.1 1.15e-02 1.38e-01h  1
 332 -2.2100487e-01 1.07e+00 2.97e+03  -6.0 7.56e+00  -5.5 3.24e-01 2.06e-01h  1
 333 -2.2061970e-01 1.04e+00 1.54e+03  -6.0 4.39e+01  -6.0 4.37e-01 4.82e-01h  1
 334 -2.2064417e-01 1.03e+00 1.51e+03  -6.0 1.72e+02  -6.5 9.55e-03 1.42e-02h  1
 335 -2.2060771e-01 1.33e-01 7.33e+01  -6.0 9.67e+00  -6.1 2.27e-02 1.00e+00f  1
 336 -2.2068477e-01 1.47e-01 5.69e+01  -6.0 4.49e+01  -6.5 4.25e-01 1.30e-01h  1
 337 -2.2090086e-01 4.96e-01 4.96e+01  -6.0 1.37e+01  -6.1 5.43e-01 1.00e+00h  1
 338 -2.2166153e-01 2.78e+00 1.02e+02  -6.0 7.10e+01  -6.6 9.11e-01 1.00e+00h  1
 339 -2.2226110e-01 3.36e+00 7.81e+01  -6.0 6.46e+01  -6.2 1.39e-01 2.45e-01h  1
iter    objective    inf_pr   inf_du lg(mu)  ||d||  lg(rg) alpha_du alpha_pr  ls
 340 -2.2330624e-01 2.25e+00 6.39e+01  -6.0 5.12e+01  -6.6 7.79e-01 4.37e-01h  1
 341 -2.2374791e-01 1.81e-01 1.19e+01  -6.0 2.64e+01  -7.1 1.00e+00 1.00e+00h  1
 342 -2.2487115e-01 2.91e-01 1.25e+01  -6.0 6.80e+01  -7.6 1.00e+00 7.82e-01h  1
 343 -2.2679317e-01 5.65e-01 3.40e+01  -6.0 1.73e+02  -8.1 6.71e-01 8.57e-01h  1
 344 -2.2773174e-01 5.00e-01 8.06e+01  -6.0 9.89e+02  -8.5 7.43e-02 1.37e-01h  1
 345 -2.2826973e-01 4.78e-01 5.84e+01  -6.0 3.13e+02  -8.1 5.24e-01 1.88e-01h  1
 346 -2.2845933e-01 4.45e-01 1.79e+02  -6.0 1.93e+02  -7.7 3.12e-01 8.73e-02h  1
 347 -2.2866803e-01 4.50e-01 5.62e+02  -6.0 1.98e+03  -8.2 3.33e-02 7.83e-03h  1
 348 -2.2966419e-01 3.83e-01 3.97e+02  -6.0 4.22e+02  -8.6 3.05e-01 1.91e-01h  1
 349 -2.3155132e-01 4.37e+00 2.54e+02  -6.0 2.69e+03  -9.1 3.99e-01 1.74e-01h  1
iter    objective    inf_pr   inf_du lg(mu)  ||d||  lg(rg) alpha_du alpha_pr  ls
 350 -2.3263894e-01 6.39e+00 2.64e+02  -6.0 1.17e+05  -9.6 4.06e-03 1.30e-02h  1
 351 -2.3636629e-01 1.12e+01 2.99e+02  -6.0 1.52e+03  -9.2 2.78e-04 4.45e-01h  1
 352 -2.3630227e-01 1.37e+01 3.04e+02  -6.0 7.77e+03  -9.7 2.00e-02 1.13e-01h  1
 353 -2.3647109e-01 1.30e+01 1.71e+02  -6.0 5.66e+02  -9.2 3.83e-01 4.92e-02h  1
 354 -2.3687323e-01 1.06e+01 1.44e+02  -6.0 3.85e+03  -9.7 1.38e-01 1.84e-01h  1
 355 -2.3762994e-01 1.01e+01 1.41e+02  -6.0 2.20e+04 -10.2 2.78e-02 5.05e-02h  1
 356 -2.3788892e-01 9.84e+00 1.40e+02  -6.0 7.64e+03  -9.8 1.11e-02 2.56e-02h  1
 357 -2.3936829e-01 3.32e+01 2.91e+02  -6.0 6.89e+03 -10.2 4.18e-02 1.70e-01h  1
 358 -2.3999456e-01 3.43e+01 1.58e+02  -6.0 1.81e+04  -9.8 3.38e-03 2.03e-02h  1
 359 -2.4191516e-01 2.94e+01 1.14e+03  -6.0 4.64e+03 -10.3 6.92e-02 3.47e-01h  1
iter    objective    inf_pr   inf_du lg(mu)  ||d||  lg(rg) alpha_du alpha_pr  ls
 360 -2.4243982e-01 2.66e+01 1.25e+03  -6.0 8.47e+03 -10.8 4.25e-02 9.52e-02h  1
 361 -2.4255673e-01 2.62e+01 1.28e+03  -6.0 3.75e+03  -9.4 1.15e-02 1.89e-02h  1
 362 -2.4372640e-01 2.49e+01 1.37e+03  -6.0 1.95e+03  -9.9 1.93e-01 2.50e-01h  1
 363 -2.4398677e-01 2.34e+01 1.47e+03  -6.0 4.25e+03 -10.4 3.24e-02 5.82e-02h  1
 364 -2.4515674e-01 1.99e+01 5.39e+02  -6.0 1.30e+03  -9.1 4.04e-01 3.36e-01h  1
 365 -2.4806709e-01 2.51e+01 6.09e+03  -6.0 1.38e+03  -9.5 1.60e-02 6.36e-01h  1
 366 -2.4805142e-01 2.48e+01 6.18e+03  -6.0 2.84e+03 -10.0 5.77e-02 1.18e-02h  1
 367 -2.4876909e-01 1.96e+01 6.48e+03  -6.0 5.15e+03 -10.5 1.25e-02 2.13e-01h  1
 368 -2.4944790e-01 1.71e+01 4.34e+03  -6.0 1.16e+04 -11.0 2.38e-01 1.32e-01h  1
 369 -2.4974698e-01 4.44e+00 2.13e+04  -6.0 2.02e+02  -6.9 1.03e-04 7.40e-01h  1
iter    objective    inf_pr   inf_du lg(mu)  ||d||  lg(rg) alpha_du alpha_pr  ls
 370 -2.4989919e-01 2.23e+00 4.46e+04  -6.0 7.82e+01  -7.4 1.01e-01 5.00e-01h  1
 371 -2.5004524e-01 1.47e+00 2.94e+04  -6.0 1.73e+02  -7.9 6.03e-01 3.43e-01h  1
 372 -2.5030499e-01 1.07e+00 9.68e+03  -6.0 2.32e+02  -8.4 1.28e-03 7.03e-01h  1
 373 -2.5036145e-01 1.04e+00 9.28e+03  -6.0 4.09e+02  -8.8 1.18e-01 3.84e-02h  1
 374 -2.5076841e-01 5.21e-01 4.46e+03  -6.0 4.85e+02  -9.3 7.89e-01 5.09e-01h  1
 375 -2.5095399e-01 3.24e-01 2.74e+03  -6.0 1.80e+02  -8.9 8.02e-01 3.81e-01h  1
 376 -2.5133643e-01 1.24e-01 1.41e+01  -6.0 6.40e+01  -8.5 1.00e+00 1.00e+00h  1
 377 -2.5190784e-01 3.14e-01 1.57e+01  -6.0 1.19e+02  -8.0 4.60e-01 7.42e-01h  1
 378 -2.5195604e-01 2.94e-01 1.42e+01  -6.0 1.48e+02  -8.5 1.55e-01 7.10e-02h  1
 379 -2.5210137e-01 2.50e-01 1.28e+01  -6.0 1.77e+02  -9.0 5.75e-01 2.02e-01h  1
iter    objective    inf_pr   inf_du lg(mu)  ||d||  lg(rg) alpha_du alpha_pr  ls
 380 -2.5282539e-01 4.88e-01 2.78e+00  -6.0 5.13e+02  -9.5 1.00e+00 1.00e+00h  1
 381 -2.5312814e-01 1.11e+00 2.20e+01  -6.0 1.47e+03  -9.9 8.29e-01 4.58e-01h  1
 382 -2.5406713e-01 7.07e+00 2.32e+02  -6.0 3.78e+03 -10.4 4.51e-01 8.52e-01h  1
 383 -2.5414280e-01 4.41e+00 8.17e+01  -6.0 3.58e+02  -9.1 6.03e-01 3.76e-01h  1
 384 -2.5424216e-01 2.33e+00 6.32e+01  -6.0 5.48e+02  -9.6 7.21e-01 4.81e-01h  1
 385 -2.5423574e-01 1.23e+00 1.80e+02  -6.0 2.59e+02  -8.2 3.08e-02 4.71e-01h  1
 386 -2.5424796e-01 1.08e+00 2.01e+02  -6.0 2.01e+02  -8.7 1.71e-03 1.26e-01h  1
 387 -2.5425372e-01 1.03e+00 2.10e+02  -6.0 3.89e+02  -8.3 2.71e-04 4.24e-02h  1
 388 -2.5425273e-01 1.03e+00 2.12e+02  -6.0 6.05e+04  -8.8 1.29e-03 2.03e-04h  1
 389 -2.5425387e-01 1.01e+00 2.18e+02  -6.0 1.46e+03  -8.3 4.71e-07 2.05e-02f  1
iter    objective    inf_pr   inf_du lg(mu)  ||d||  lg(rg) alpha_du alpha_pr  ls
 390 -2.5425043e-01 1.01e+00 2.19e+02  -6.0 5.84e+03  -6.1 1.04e-04 4.16e-04f  1
 391 -2.5425008e-01 9.17e-01 2.05e+03  -6.0 2.43e+01  -5.7 8.01e-03 9.11e-02h  1
 392 -2.5424530e-01 7.27e-02 1.56e+02  -6.0 1.37e+01  -6.2 6.69e-01 9.21e-01h  1
 393 -2.5424195e-01 1.05e-05 6.16e-02  -6.0 3.47e-01  -4.8 1.00e+00 1.00e+00h  1
 394 -2.5424104e-01 7.65e-06 7.79e-02  -6.0 2.59e-01  -5.3 1.00e+00 1.00e+00h  1
 395 -2.5423835e-01 2.68e-05 1.78e-02  -6.0 6.19e-01  -5.8 1.00e+00 1.00e+00h  1
 396 -2.5423652e-01 9.13e-05 1.04e-02  -6.0 1.78e+00  -6.3 1.00e+00 1.00e+00h  1
 397 -2.5423727e-01 7.77e-04 5.82e-03  -6.0 5.33e+00  -6.7 1.00e+00 1.00e+00h  1
 398 -2.5424814e-01 7.20e-03 4.89e-02  -6.0 1.62e+01  -7.2 1.00e+00 1.00e+00h  1
 399 -2.5425300e-01 1.02e-03 6.72e-03  -6.0 6.11e+00  -6.8 1.00e+00 1.00e+00h  1
iter    objective    inf_pr   inf_du lg(mu)  ||d||  lg(rg) alpha_du alpha_pr  ls
 400 -2.5425557e-01 2.19e-03 5.79e-01  -6.0 1.18e+02  -7.3 1.70e-01 1.01e-01h  1
 401 -2.5426085e-01 1.33e-03 9.67e-03  -6.0 6.97e+00  -6.8 1.00e+00 1.00e+00f  1
 402 -2.5426317e-01 1.35e-03 1.02e+00  -6.0 2.35e+01  -7.3 6.04e-01 1.21e-01h  2
 403 -2.5426330e-01 1.36e-03 4.90e+00  -6.0 9.48e+01  -7.8 8.57e-02 1.51e-02h  2
 404 -2.5434461e-01 6.78e-01 4.92e+00  -6.0 2.09e+02  -8.3 8.23e-01 7.54e-01h  1
 405 -2.5437830e-01 6.64e-02 3.05e+00  -6.0 6.17e+01  -8.8 1.00e+00 1.00e+00h  1
 406 -2.5447914e-01 7.14e-01 3.98e+01  -6.0 2.65e+04  -9.2 6.16e-03 6.00e-03h  1
 407 -2.5459617e-01 1.01e+00 2.18e+03  -6.0 4.44e+02  -9.7 1.00e+00 5.33e-01h  1
 408 -2.5476355e-01 4.80e+00 3.14e+03  -6.0 5.28e+02 -10.2 4.97e-01 1.00e+00h  1
 409 -2.5477378e-01 4.54e+00 1.79e+03  -6.0 1.29e+03 -10.7 5.28e-01 2.23e-01h  1
iter    objective    inf_pr   inf_du lg(mu)  ||d||  lg(rg) alpha_du alpha_pr  ls
 410 -2.5477224e-01 4.50e+00 1.66e+04  -6.0 3.47e+03 -11.1 1.86e-01 9.46e-03h  1
 411 -2.5468416e-01 1.71e+01 1.27e+04  -6.0 1.56e+03 -10.7 4.38e-01 7.24e-01h  1
 412 -2.5469323e-01 1.70e+01 1.46e+04  -6.0 1.20e+03 -10.3 3.72e-01 1.00e+00h  1
 413 -2.5468091e-01 6.28e+00 2.93e+03  -6.0 7.13e+02  -9.9 3.45e-01 9.53e-01h  1
 414 -2.5468427e-01 7.68e+00 3.31e-01  -6.0 8.02e+02  -8.5 1.00e+00 1.00e+00h  1
 415 -2.5468507e-01 1.44e+00 4.15e+00  -6.0 3.49e+02  -9.0 7.01e-01 1.00e+00h  1
 416 -2.5468533e-01 1.87e-01 7.62e-03  -6.0 1.26e+02  -8.6 1.00e+00 1.00e+00h  1
 417 -2.5468701e-01 2.50e-02 1.17e-02  -6.0 3.83e+01  -9.1 1.00e+00 1.00e+00h  1
 418 -2.5469651e-01 3.09e-01 1.51e-01  -6.0 1.35e+02  -9.5 1.00e+00 1.00e+00h  1
 419 -2.5471256e-01 9.30e-01 3.28e+01  -6.0 6.37e+02 -10.0 1.00e+00 3.24e-01h  2
iter    objective    inf_pr   inf_du lg(mu)  ||d||  lg(rg) alpha_du alpha_pr  ls
 420 -2.5474283e-01 7.69e+00 1.71e+01  -6.0 9.13e+02 -10.5 1.00e+00 7.30e-01h  1
 421 -2.5475252e-01 3.04e+00 3.50e+02  -6.0 3.43e+02 -10.1 2.29e-01 7.32e-01h  1
 422 -2.5477762e-01 2.18e+00 2.05e+02  -6.0 4.59e+02  -9.6 4.70e-01 4.07e-01h  1
 423 -2.5477765e-01 2.13e+00 4.06e+02  -6.0 2.25e+03  -9.2 7.71e-01 2.26e-02h  2
 424 -2.5478701e-01 1.38e+00 1.77e+00  -6.0 2.48e+02  -9.7 1.00e+00 1.00e+00h  1
 425 -2.5478815e-01 1.73e+00 4.48e+01  -6.0 6.07e+03 -10.2 4.76e-01 4.87e-02h  1
 426 -2.5479892e-01 3.66e+00 4.27e+01  -6.0 1.30e+03 -10.6 1.75e-02 3.41e-01h  1
 427 -2.5479666e-01 4.73e-01 3.33e+01  -6.0 9.11e+01  -7.5 2.36e-01 1.00e+00h  1
 428 -2.5479711e-01 1.51e-03 8.73e+00  -6.0 3.15e+00  -6.2 7.39e-01 1.00e+00h  1
 429 -2.5479729e-01 5.68e-07 9.92e-06  -6.0 1.92e-01  -6.7 1.00e+00 1.00e+00h  1
iter    objective    inf_pr   inf_du lg(mu)  ||d||  lg(rg) alpha_du alpha_pr  ls
 430 -2.5490599e-01 2.08e-03 2.69e+01  -7.5 1.11e+01  -7.1 2.48e-01 3.41e-01h  1
 431 -2.5499387e-01 3.20e-03 1.92e+01  -7.5 2.59e+01  -7.6 4.64e-01 2.88e-01h  1
 432 -2.5504201e-01 3.24e-03 8.24e+01  -7.5 7.46e+01  -8.1 7.21e-01 1.53e-01h  1
 433 -2.5514014e-01 1.69e-02 8.61e+01  -7.5 2.16e+02  -8.6 7.66e-01 1.85e-01h  1
 434 -2.5515750e-01 3.23e-04 1.20e+00  -7.5 1.43e+00  -6.3 1.00e+00 9.92e-01h  1
 435 -2.5517167e-01 2.55e-04 6.53e-03  -7.5 4.25e+00  -6.8 1.00e+00 1.00e+00f  1
 436 -2.5520362e-01 1.98e-03 2.57e-02  -7.5 1.24e+01  -7.3 1.00e+00 1.00e+00h  1
 437 -2.5528773e-01 1.55e-02 6.15e-02  -7.5 3.68e+01  -7.8 1.00e+00 1.00e+00h  1
 438 -2.5550495e-01 1.15e-01 3.19e-01  -7.5 1.10e+02  -8.2 6.57e-01 1.00e+00h  1
 439 -2.5550582e-01 1.13e-01 2.69e-01  -7.5 3.64e+01  -7.8 1.00e+00 1.39e-02h  1
iter    objective    inf_pr   inf_du lg(mu)  ||d||  lg(rg) alpha_du alpha_pr  ls
 440 -2.5553560e-01 9.36e-02 2.82e+00  -7.5 1.14e+02  -8.3 7.48e-01 2.61e-01h  1
 441 -2.5556922e-01 9.27e-02 3.78e-01  -7.5 2.71e+02  -8.8 7.69e-01 1.06e-01h  1
 442 -2.5560318e-01 9.85e-02 5.27e-01  -7.5 5.16e+02  -9.2 1.30e-01 6.21e-02h  1
 443 -2.5568622e-01 1.79e-01 2.00e+00  -7.5 7.70e+02  -9.7 4.34e-01 1.13e-01h  1
 444 -2.5578216e-01 6.85e-01 5.36e+00  -7.5 7.99e+02 -10.2 1.00e+00 1.81e-01h  1
 445 -2.5598390e-01 3.34e+00 5.39e+00  -7.5 1.34e+03 -10.7 3.35e-01 5.93e-01h  1
 446 -2.5603031e-01 2.48e+00 4.27e+00  -7.5 1.95e+03 -11.2 1.42e-01 2.10e-01h  1
 447 -2.5603781e-01 2.17e+00 3.77e+00  -7.5 9.87e+02 -10.7 3.17e-01 1.20e-01h  1
 448 -2.5612027e-01 2.38e+00 2.26e+00  -7.5 1.66e+03 -11.2 1.25e-01 7.88e-01h  1
 449 -2.5611637e-01 1.53e+00 4.75e-01  -7.5 3.93e+02 -10.8 1.00e+00 3.69e-01h  1
iter    objective    inf_pr   inf_du lg(mu)  ||d||  lg(rg) alpha_du alpha_pr  ls
 450 -2.5611296e-01 4.67e-01 5.31e-02  -7.5 5.26e+02 -11.3 1.00e+00 1.00e+00h  1
 451 -2.5611285e-01 4.43e-01 3.41e-01  -7.5 8.45e+02 -11.7 1.00e+00 5.27e-02h  3
 452 -2.5611276e-01 4.19e-01 3.87e-01  -7.5 9.19e+02 -12.2 1.00e+00 5.39e-02h  4
 453 -2.5611274e-01 4.13e-01 1.14e+00  -7.5 2.66e+03 -12.7 1.00e+00 1.53e-02h  6
 454 -2.5611273e-01 4.06e-01 1.57e+00  -7.5 2.79e+03    -  1.00e+00 1.50e-02h  7
 455 -2.5611264e-01 3.81e-01 6.16e-01  -7.5 9.39e+02    -  1.00e+00 6.25e-02h  5
 456 -2.5611264e-01 3.80e-01 1.67e+00  -7.5 4.59e+03    -  6.68e-01 4.53e-03h  8
 457 -2.5611256e-01 3.56e-01 6.24e-01  -7.5 9.29e+02    -  1.00e+00 6.25e-02h  5
 458 -2.5611256e-01 3.54e-01 1.32e+00  -7.5 3.76e+03    -  6.08e-01 6.60e-03h  7
 459 -2.5611249e-01 3.32e-01 7.51e-01  -7.5 1.28e+03    -  1.00e+00 6.25e-02h  5
iter    objective    inf_pr   inf_du lg(mu)  ||d||  lg(rg) alpha_du alpha_pr  ls
 460 -2.5611248e-01 3.27e-01 1.25e+00  -7.5 2.76e+03    -  8.10e-01 1.40e-02h  6
 461 -2.5611148e-01 2.58e+01 1.72e-02  -7.5 1.41e+03    -  1.00e+00 1.00e+00w  1
 462 -2.5611155e-01 2.66e+01 1.20e+00  -7.5 5.12e+04 -13.2 5.85e-02 8.33e-03w  1
 463 -2.5611275e-01 7.48e+01 8.38e-01  -7.5 3.54e+03    -  2.28e-01 6.08e-01w  1
 464 -2.5611245e-01 3.17e-01 8.24e-01  -7.5 5.24e+02    -  1.00e+00 3.12e-02h  5
 465 -2.5611243e-01 3.12e-01 1.17e+00  -7.5 2.34e+03    -  9.58e-01 1.68e-02h  6
 466 -2.5611241e-01 3.20e-01 8.75e-01  -7.5 1.56e+03    -  1.00e+00 3.12e-02h  6
 467 -2.5611239e-01 3.34e-01 1.10e+00  -7.5 2.14e+03    -  1.00e+00 1.81e-02h  6
 468 -2.5611237e-01 3.61e-01 9.28e-01  -7.5 1.70e+03    -  1.00e+00 3.12e-02h  6
 469 -2.5611236e-01 3.74e-01 1.03e+00  -7.5 1.99e+03    -  1.00e+00 1.97e-02h  6
iter    objective    inf_pr   inf_du lg(mu)  ||d||  lg(rg) alpha_du alpha_pr  ls
 470 -2.5611233e-01 4.06e-01 9.84e-01  -7.5 1.86e+03    -  1.00e+00 3.12e-02h  6
 471 -2.5611232e-01 4.21e-01 9.67e-01  -7.5 1.86e+03    -  1.00e+00 2.29e-02h  6
 472 -2.5611231e-01 4.27e-01 1.05e+00  -7.5 2.01e+03    -  1.00e+00 1.56e-02h  7
 473 -2.5611229e-01 4.43e-01 8.80e-01  -7.5 1.69e+03    -  1.00e+00 2.67e-02h  6
 474 -2.5611189e-01 6.49e+01 8.34e-02  -7.5 2.23e+03    -  1.00e+00 1.00e+00w  1
 475 -2.5611263e-01 6.75e+01 7.48e-01  -7.5 5.66e+03    -  3.31e-02 1.71e-01w  1
 476 -2.5611319e-01 2.65e+00 2.64e+01  -7.5 3.54e+02    -  1.22e-03 1.00e+00w  1
 477 -2.5611323e-01 3.51e-02 1.63e-03  -7.5 4.54e+01 -10.9 1.00e+00 1.00e+00h  1
 478 -2.5611483e-01 8.22e-01 4.76e-01  -7.5 1.29e+03    -  6.92e-01 1.00e+00H  1
 479 -2.5611445e-01 2.44e-01 4.22e-02  -7.5 4.08e+02    -  1.00e+00 1.00e+00H  1
iter    objective    inf_pr   inf_du lg(mu)  ||d||  lg(rg) alpha_du alpha_pr  ls
 480 -2.5611441e-01 2.90e-02 5.18e-04  -7.5 4.21e+01    -  1.00e+00 1.00e+00h  1
 481 -2.5611441e-01 1.12e-05 2.61e-07  -7.5 8.03e-01    -  1.00e+00 1.00e+00h  1
 482 -2.5611441e-01 3.05e-10 5.25e-13  -7.5 3.44e-04    -  1.00e+00 1.00e+00h  1
 483 -2.5611582e-01 1.99e+00 2.67e+00  -9.0 2.43e+03    -  4.20e-01 1.45e-01h  1
 484 -2.5611933e-01 5.99e+01 9.93e-01  -9.0 4.68e+03    -  3.02e-01 4.07e-01h  1
 485 -2.5612187e-01 4.20e+01 5.01e+00  -9.0 1.54e+03    -  3.00e-01 8.53e-01h  1
 486 -2.5612185e-01 9.05e-01 2.40e+01  -9.0 2.80e+02    -  6.72e-02 1.00e+00h  1
 487 -2.5612330e-01 5.22e+01 1.78e+01  -9.0 6.55e+03 -11.4 1.96e-01 2.54e-01h  1
 488 -2.5612377e-01 2.16e+01 7.89e+00  -9.0 9.68e+02    -  2.06e-01 1.00e+00h  1
 489 -2.5612453e-01 7.22e+00 1.78e+00  -9.0 5.50e+02 -11.9 1.68e-01 1.00e+00h  1
iter    objective    inf_pr   inf_du lg(mu)  ||d||  lg(rg) alpha_du alpha_pr  ls
 490 -2.5612486e-01 1.27e+00 8.84e-01  -9.0 2.28e+02 -11.5 4.54e-01 1.00e+00h  1
 491 -2.5612534e-01 5.74e+00 3.19e-01  -9.0 8.95e+02 -11.9 7.30e-01 5.24e-01h  1
 492 -2.5612567e-01 1.05e+02 3.84e-01  -9.0 1.20e+04    -  3.28e-02 2.49e-01h  1
 493 -2.5612570e-01 9.00e+01 2.91e+00  -9.0 1.68e+03 -11.5 1.70e-01 1.45e-01h  1
 494 -2.5612609e-01 4.08e+01 2.23e+01  -9.0 1.69e+03 -12.0 4.72e-01 1.00e+00h  1
 495 -2.5612626e-01 1.85e+01 9.87e+00  -9.0 6.69e+02 -12.5 5.66e-01 5.57e-01h  1
 496 -2.5612722e-01 6.15e+01 3.23e+00  -9.0 3.37e+03 -12.9 2.92e-01 6.72e-01h  1
 497 -2.5612829e-01 2.56e+01 7.45e-02  -9.0 1.35e+03 -12.5 4.17e-04 1.00e+00h  1
 498 -2.5612929e-01 7.05e+01 8.41e-02  -9.0 8.02e+03 -13.0 1.18e-01 2.38e-01h  1
 499 -2.5612932e-01 6.91e+01 8.10e-02  -9.0 9.30e+03 -13.5 1.16e-02 2.40e-02h  1
iter    objective    inf_pr   inf_du lg(mu)  ||d||  lg(rg) alpha_du alpha_pr  ls
 500 -2.5612891e-01 2.61e+01 4.59e-01  -9.0 1.38e+03 -12.1 1.77e-02 1.00e+00h  1
 501 -2.5612976e-01 6.96e+01 3.83e-01  -9.0 8.80e+04    -  1.78e-02 1.66e-01H  1
 502 -2.5612958e-01 7.21e+01 3.63e-01  -9.0 1.19e+04    -  8.67e-05 5.22e-02h  2
 503 -2.5613011e-01 6.18e+01 2.03e-01  -9.0 2.60e+03 -12.6 6.85e-02 4.54e-01h  1
 504 -2.5612989e-01 6.43e+01 5.17e-01  -9.0 6.63e+03 -12.2 1.45e-01 1.18e-01h  2
 505 -2.5612993e-01 6.40e+01 5.09e-01  -9.0 2.90e+04 -12.7 1.40e-02 4.67e-03h  5
 506 -2.5613057e-01 2.69e+01 1.41e+00  -9.0 1.25e+03 -12.2 3.84e-01 1.00e+00h  1
 507 -2.5613070e-01 2.36e+01 1.31e+00  -9.0 1.10e+03 -12.7 6.21e-02 1.31e-01h  1
 508 -2.5613170e-01 6.95e+01 1.24e+00  -9.0 1.72e+04 -13.2 1.08e-01 1.26e-01h  1
 509 -2.5613171e-01 6.94e+01 9.82e-01  -9.0 5.41e+04    -  3.57e-02 1.19e-03h  6
iter    objective    inf_pr   inf_du lg(mu)  ||d||  lg(rg) alpha_du alpha_pr  ls
 510 -2.5613174e-01 6.91e+01 6.82e-01  -9.0 2.70e+04    -  1.20e-01 4.76e-03h  5
 511 -2.5613195e-01 6.45e+01 1.92e+00  -9.0 7.26e+03    -  7.11e-01 7.04e-02h  3
 512 -2.5613368e-01 6.31e+01 4.50e-01  -9.0 2.51e+03    -  8.63e-01 7.93e-01h  1
 513 -2.5613480e-01 3.86e+01 5.26e-01  -9.0 1.93e+03    -  4.52e-01 6.04e-01h  1
 514 -2.5613517e-01 3.68e+01 2.89e+00  -9.0 3.54e+03    -  1.40e-02 1.77e-01h  1
 515 -2.5613558e-01 3.12e+01 3.83e+01  -9.0 2.66e+03    -  2.77e-03 2.21e-01h  1
 516 -2.5613587e-01 3.20e+01 3.02e+01  -9.0 3.33e+03    -  2.48e-02 2.01e-01h  1
 517 -2.5613589e-01 3.18e+01 3.00e+01  -9.0 9.31e+03    -  3.20e-04 7.78e-03h  3
 518 -2.5613590e-01 3.16e+01 2.97e+01  -9.0 5.29e+03    -  7.37e-02 7.11e-03h  1
 519 -2.5613624e-01 2.94e+01 1.45e+01  -9.0 1.60e+03    -  4.85e-02 5.15e-01h  1
iter    objective    inf_pr   inf_du lg(mu)  ||d||  lg(rg) alpha_du alpha_pr  ls
 520 -2.5613676e-01 3.48e+01 1.37e+01  -9.0 1.27e+03    -  5.05e-02 1.00e+00f  1
 521 -2.5613678e-01 3.47e+01 1.37e+01  -9.0 2.72e+04 -13.7 5.81e-02 3.37e-03h  5
 522 -2.5613696e-01 2.55e+01 1.01e+01  -9.0 2.89e+03 -13.3 4.97e-01 2.64e-01h  2
 523 -2.5613699e-01 2.52e+01 9.89e+00  -9.0 8.46e+03 -13.7 2.05e-01 1.73e-02h  4
Error in an AMPL evaluation. Run with "halt_on_ampl_error yes" to see details.
Warning: Cutting back alpha due to evaluation error
 524 -2.5613699e-01 2.52e+01 9.79e+00  -9.0 1.25e+04 -14.2 9.77e-02 7.72e-03h  5
Error in an AMPL evaluation. Run with "halt_on_ampl_error yes" to see details.
Warning: Cutting back alpha due to evaluation error
 525 -2.5613699e-01 2.52e+01 9.79e+00  -9.0 1.29e+05    -  6.82e-03 9.33e-05h  8
Error in an AMPL evaluation. Run with "halt_on_ampl_error yes" to see details.
Warning: Cutting back alpha due to evaluation error
 526 -2.5613698e-01 2.51e+01 9.45e+00  -9.0 5.48e+03    -  4.95e-01 3.64e-02h  4
 527 -2.5613702e-01 2.23e+01 7.09e+00  -9.0 1.61e+03    -  5.66e-01 2.50e-01h  3
 528 -2.5613714e-01 1.99e+01 5.56e+00  -9.0 2.78e+03    -  8.11e-01 2.16e-01h  2
 529 -2.5613748e-01 3.07e+01 3.18e+00  -9.0 2.26e+03    -  7.67e-01 4.29e-01H  1
iter    objective    inf_pr   inf_du lg(mu)  ||d||  lg(rg) alpha_du alpha_pr  ls
 530 -2.5613752e-01 2.85e+01 2.93e+00  -9.0 1.34e+03    -  3.34e-01 7.93e-02h  1
 531 -2.5613734e-01 2.93e+00 2.99e+02  -9.0 3.78e+02    -  4.29e-03 1.00e+00h  1
 532 -2.5613738e-01 6.18e-01 3.59e-04  -9.0 1.68e+02    -  1.00e+00 1.00e+00h  1
 533 -2.5613739e-01 3.89e-01 1.91e-03  -9.0 6.47e+01    -  1.00e+00 3.72e-01h  1
 534 -2.5613739e-01 8.46e-03 5.12e-06  -9.0 1.95e+01    -  1.00e+00 1.00e+00h  1
 535 -2.5613739e-01 1.97e-06 3.07e-10  -9.0 3.12e-01    -  1.00e+00 1.00e+00h  1
 536 -2.5613739e-01 2.75e-10 1.41e-14  -9.0 7.51e-05    -  1.00e+00 1.00e+00h  1

Number of Iterations....: 536

                                   (scaled)                 (unscaled)
Objective...............:  -2.5613739042171701e-01   -2.5613739042171701e-01
Dual infeasibility......:   1.4075546284075813e-14    1.4075546284075813e-14
Constraint violation....:   2.7498862778876920e-10    2.7498862778876920e-10
Complementarity.........:   9.0909091981945467e-10    9.0909091981945467e-10
Overall NLP error.......:   9.0909091981945467e-10    9.0909091981945467e-10


Number of objective function evaluations             = 1954
Number of objective gradient evaluations             = 533
Number of equality constraint evaluations            = 1961
Number of inequality constraint evaluations          = 1955
Number of equality constraint Jacobian evaluations   = 541
Number of inequality constraint Jacobian evaluations = 541
Number of Lagrangian Hessian evaluations             = 536
Total CPU secs in IPOPT (w/o function evaluations)   =   1380.655
Total CPU secs in NLP function evaluations           =     27.373

EXIT: Optimal Solution Found.
