
List of user-set options:

                                    Name   Value                used
                           compl_inf_tol = 1                     yes
                         constr_viol_tol = 1                     yes
                            dual_inf_tol = 1000                  yes
                           linear_solver = ma97                  yes
                              ma86_small = 1e-30                  no
                                  ma86_u = 0.0001                 no
                              ma97_order = best                  yes
                              ma97_small = 1e-30                 yes
                            ma97_switch1 = at_start              yes
                            ma97_switch2 = od_hd_reuse           yes
                                  ma97_u = 1e-06                 yes
                               ma97_umax = 0.5                   yes
                                max_iter = 2000                  yes
                    max_refinement_steps = 20                    yes
                    min_refinement_steps = 5                     yes
                                 mu_init = 1e-06                 yes
           mu_superlinear_decrease_power = 1.25                  yes
                   nlp_scaling_min_value = 1e-08                 yes
                        option_file_name = Preset_Case:_11_NCP.opt  yes
                             output_file = ./tmp/Preset_Case:_11_NCP.output  yes
                      print_user_options = yes                   yes
        required_infeasibility_reduction = 1                      no
                                     tol = 1e-08                 yes
                   warm_start_bound_frac = 1e-20                 yes
                   warm_start_bound_push = 1e-20                 yes
                   warm_start_init_point = yes                   yes
              warm_start_mult_bound_push = 1e-20                 yes
                warm_start_mult_init_max = 1e+40                 yes
             warm_start_slack_bound_frac = 1e-20                 yes
             warm_start_slack_bound_push = 1e-20                 yes

******************************************************************************
This program contains Ipopt, a library for large-scale nonlinear optimization.
 Ipopt is released as open source code under the Eclipse Public License (EPL).
         For more information visit http://projects.coin-or.org/Ipopt
******************************************************************************

This is Ipopt version 3.12.10, running with linear solver ma97.

Number of nonzeros in equality constraint Jacobian...:   117140
Number of nonzeros in inequality constraint Jacobian.:      213
Number of nonzeros in Lagrangian Hessian.............:    47462

Total number of variables............................:    29971
                     variables with only lower bounds:    11312
                variables with lower and upper bounds:    15132
                     variables with only upper bounds:        0
Total number of equality constraints.................:    29864
Total number of inequality constraints...............:       25
        inequality constraints with only lower bounds:        4
   inequality constraints with lower and upper bounds:        0
        inequality constraints with only upper bounds:       21

iter    objective    inf_pr   inf_du lg(mu)  ||d||  lg(rg) alpha_du alpha_pr  ls
   0 -3.7806202e-02 9.57e-02 1.00e+00  -6.0 0.00e+00    -  0.00e+00 0.00e+00   0
In iteration 0, 2 Slacks too small, adjusting variable bounds
   1 -3.7806202e-02 9.57e-02 7.37e+03  -6.0 7.11e+07  -4.0 3.63e-08 9.58e-18f  1
   2 -3.7738696e-02 9.52e-02 7.37e+03  -6.0 1.09e+03  -4.5 6.79e-05 4.68e-03f  1
   3 -3.7740828e-02 9.52e-02 7.30e+03  -6.0 7.07e+02  -5.0 9.43e-03 3.65e-04f  1
   4 -3.7699235e-02 9.48e-02 7.22e+03  -6.0 1.36e+03  -5.4 1.11e-02 4.26e-03h  2
   5 -3.7690387e-02 9.44e-02 7.07e+03  -6.0 1.11e+03  -5.0 2.05e-02 3.43e-03h  2
   6 -3.7683749e-02 9.44e-02 6.89e+03  -6.0 1.28e+03  -5.5 2.59e-02 2.83e-04h  4
   7 -3.7677337e-02 9.43e-02 6.68e+03  -6.0 1.09e+03  -5.1 3.08e-02 6.75e-04h  4
   8 -3.7675486e-02 9.43e-02 6.51e+03  -6.0 1.29e+03  -5.5 2.59e-02 9.73e-05h  8
   9 -3.7674043e-02 9.43e-02 6.27e+03  -6.0 1.10e+03  -5.1 3.57e-02 1.79e-04h  8
iter    objective    inf_pr   inf_du lg(mu)  ||d||  lg(rg) alpha_du alpha_pr  ls
  10 -3.7442603e-02 2.08e-01 6.20e+03  -6.0 1.31e+03  -5.6 1.19e-02 1.19e-02s 16
  11 -3.7352044e-02 2.57e-01 6.09e+03  -6.0 1.00e+03  -5.2 1.79e-02 1.79e-02s 16
  12 -3.7341449e-02 2.58e-01 6.08e+03  -6.0 1.01e+03  -5.6 6.62e-04 6.62e-04s 16
  13 -3.7290954e-02 3.78e-01 6.00e+03  -6.0 8.82e+02  -5.2 1.42e-02 1.42e-02s 16
  14 -3.7142113e-02 3.87e-01 5.99e+03  -6.0 2.25e+03  -5.7 1.97e-03 1.97e-03s 16
  15 -3.6886134e-02 9.13e-01 5.84e+03  -6.0 7.78e+02  -5.3 2.43e-02 2.43e-02s 16
  16 -3.6581277e-02 1.21e+00 5.59e+03  -6.0 5.81e+02  -4.8 4.27e-02 4.27e-02s 16
  17 -3.6523396e-02 1.22e+00 5.53e+03  -6.0 4.14e+02  -4.4 1.14e-02 1.14e-02s 16
  18 -3.6540297e-02 1.27e+00 5.45e+03  -6.0 4.51e+02  -4.9 1.35e-02 1.35e-02s 16
  19 -3.6414590e-02 1.24e+00 5.32e+03  -6.0 5.00e+02  -5.4 2.40e-02 2.40e-02s 16
iter    objective    inf_pr   inf_du lg(mu)  ||d||  lg(rg) alpha_du alpha_pr  ls
  20 -3.6540651e-02 1.37e+00 5.25e+03  -6.0 4.81e+02  -5.8 1.39e-02 1.39e-02s 16
  21r-3.6540651e-02 1.37e+00 1.00e+03  -0.2 0.00e+00  -5.4 0.00e+00 0.00e+00R  1
  22r-3.6545407e-02 1.37e+00 6.72e+03  -0.2 2.02e+04    -  3.77e-06 1.03e-06f  1
  23 -3.6545421e-02 1.37e+00 1.36e+07  -6.0 2.68e+02    -  1.38e-01 2.22e-06h  2
  24 -3.6640780e-02 1.35e+00 4.08e+10  -6.0 5.22e+03    -  4.04e-06 1.21e-02h  1
  25 -3.7531926e-02 1.16e+00 3.52e+10  -6.0 3.78e+02    -  1.04e-02 1.38e-01h  1
  26 -3.7595125e-02 1.14e+00 3.48e+10  -6.0 2.51e+02    -  1.53e-01 1.17e-02h  1
  27 -3.9317320e-02 7.66e-01 2.37e+10  -6.0 2.51e+02    -  4.01e-01 3.18e-01h  1
  28r-3.9317320e-02 7.66e-01 1.00e+03  -0.4 0.00e+00    -  0.00e+00 2.86e-07R  4
  29r-3.9238158e-02 7.61e-01 3.02e+03  -0.4 2.43e+03    -  1.36e-05 1.03e-05f  1
iter    objective    inf_pr   inf_du lg(mu)  ||d||  lg(rg) alpha_du alpha_pr  ls
  30 -3.9238366e-02 7.61e-01 2.59e+07  -6.0 1.17e+02    -  3.14e-01 4.72e-05h  1
  31 -3.9419054e-02 7.37e-01 1.61e+10  -6.0 1.06e+03    -  5.07e-05 3.14e-02h  1
  32r-3.9419054e-02 7.37e-01 1.00e+03  -0.4 0.00e+00    -  0.00e+00 2.67e-07R  3
  33r-3.9428401e-02 7.37e-01 1.54e+03  -0.4 5.50e+03    -  1.69e-05 8.26e-07f  1
  34 -3.9428614e-02 7.37e-01 1.39e+07  -6.0 1.16e+02    -  3.52e-01 4.86e-05h  1
  35 -3.9429821e-02 7.36e-01 2.05e+08  -6.0 4.16e+02    -  5.17e-05 7.60e-04h  1
  36 -3.9454535e-02 7.33e-01 2.04e+08  -6.0 5.54e+02    -  8.41e-04 4.71e-03h  1
  37 -4.0195367e-02 6.30e-01 1.74e+08  -6.0 1.31e+02    -  2.85e-02 1.48e-01h  1
  38 -4.0822259e-02 5.53e-01 1.51e+08  -6.0 1.06e+02    -  1.71e-01 1.32e-01h  1
  39 -4.2429002e-02 3.99e-01 9.42e+07  -6.0 8.36e+01    -  2.43e-01 3.75e-01h  1
iter    objective    inf_pr   inf_du lg(mu)  ||d||  lg(rg) alpha_du alpha_pr  ls
  40 -4.5996724e-02 1.80e-01 1.45e+07  -6.0 3.60e+01    -  6.86e-01 8.46e-01h  1
  41 -4.6566259e-02 5.01e-02 4.19e+06  -6.0 5.70e+00    -  6.83e-01 7.11e-01h  1
  42 -4.6788526e-02 4.84e-03 1.59e+03  -6.0 2.83e+00    -  4.61e-01 1.00e+00h  1
  43 -4.6877168e-02 5.08e-03 1.33e+03  -6.0 2.30e+00    -  8.14e-01 1.00e+00h  1
  44 -4.7712380e-02 2.35e-02 2.43e+03  -6.0 2.25e+01    -  3.79e-01 1.00e+00h  1
  45 -4.9368005e-02 5.56e-02 5.83e+02  -6.0 4.14e+01    -  1.90e-01 1.00e+00h  1
  46 -5.0677080e-02 3.41e-02 2.20e+02  -6.0 4.61e+01    -  1.72e-01 6.30e-01h  1
  47 -5.1816154e-02 6.63e-02 1.48e+02  -6.0 4.03e+01    -  1.94e-04 2.63e-01h  1
  48 -5.3063016e-02 1.13e-01 5.64e+01  -6.0 3.15e+01    -  2.44e-01 4.62e-01f  1
  49 -5.5882454e-02 3.64e-01 2.85e+01  -6.0 4.00e+01    -  6.97e-01 6.07e-01h  1
iter    objective    inf_pr   inf_du lg(mu)  ||d||  lg(rg) alpha_du alpha_pr  ls
  50 -6.2257019e-02 5.76e+00 1.57e+01  -6.0 1.27e+02    -  2.51e-01 4.17e-01h  1
  51 -6.4343724e-02 5.61e+00 4.94e+02  -6.0 1.33e+02    -  3.28e-01 1.14e-01h  1
  52 -7.1045436e-02 7.72e+00 2.39e+02  -6.0 1.71e+02    -  2.76e-01 3.34e-01h  1
  53 -7.2684225e-02 6.99e+00 2.06e+02  -6.0 2.11e+02    -  9.16e-02 9.42e-02h  1
  54 -7.4176112e-02 6.30e+00 2.78e+03  -6.0 2.33e+02    -  6.47e-01 9.71e-02h  1
  55 -8.0695786e-02 6.60e+00 1.00e+03  -6.0 6.57e+02    -  1.53e-01 4.43e-01h  1
  56 -8.3355366e-02 4.74e+00 4.25e+01  -6.0 4.92e+02    -  2.00e-01 2.89e-01h  1
  57 -8.3809344e-02 4.59e+00 2.03e+03  -6.0 8.36e+02    -  2.07e-01 3.69e-02h  1
  58 -8.4075503e-02 3.55e+00 2.11e+03  -6.0 6.07e+00  -5.9 3.09e-01 2.31e-01h  1
  59 -8.4824011e-02 1.76e+00 5.48e+03  -6.0 1.01e+01  -6.4 9.14e-01 5.59e-01h  1
iter    objective    inf_pr   inf_du lg(mu)  ||d||  lg(rg) alpha_du alpha_pr  ls
  60 -8.6132784e-02 6.30e-01 4.46e+03  -6.0 3.94e+01  -6.8 6.76e-01 8.25e-01h  1
  61 -8.6608185e-02 5.31e-01 2.67e+03  -6.0 8.02e+01  -7.3 1.82e-01 1.53e-01h  1
  62 -8.6845603e-02 3.86e+00 4.63e+06  -6.0 1.51e+03  -7.8 7.51e-04 4.06e-02h  2
  63 -8.8568832e-02 4.37e+00 4.06e+06  -6.0 9.13e+02  -8.3 2.07e-01 1.23e-01h  1
  64 -8.9823117e-02 9.83e+00 3.89e+06  -6.0 3.37e+03  -8.8 1.36e-01 4.13e-02h  1
  65 -9.5671022e-02 7.19e+00 2.03e+06  -6.0 6.34e+02  -8.3 1.85e-01 4.78e-01h  1
  66 -9.6448582e-02 6.45e+00 1.29e+06  -6.0 7.16e+02  -7.9 4.51e-02 3.62e-01h  1
  67 -9.6797761e-02 5.92e+00 1.19e+06  -6.0 2.05e+02  -7.5 2.18e-01 8.15e-02h  1
  68 -9.8607978e-02 5.87e+00 1.18e+06  -6.0 1.86e+04  -8.0 2.37e-04 8.89e-03h  1
  69 -9.8612925e-02 5.87e+00 1.18e+06  -6.0 9.90e+01  -5.7 4.26e-03 4.84e-04h  1
iter    objective    inf_pr   inf_du lg(mu)  ||d||  lg(rg) alpha_du alpha_pr  ls
  70 -9.8743514e-02 5.52e+00 1.10e+06  -6.0 1.71e+02  -6.2 5.31e-04 6.03e-02f  1
  71 -9.8812942e-02 5.51e+00 1.10e+06  -6.0 3.26e+02  -6.7 9.69e-03 2.02e-03h  1
  72 -9.8560365e-02 5.22e+00 1.04e+06  -6.0 1.45e+02  -7.2 5.81e-05 5.38e-02h  1
  73 -9.8828522e-02 5.20e+00 1.04e+06  -6.0 7.96e+02  -7.6 5.99e-03 3.53e-03f  1
  74 -9.8939650e-02 5.20e+00 1.03e+06  -6.0 1.20e+04  -8.1 8.83e-03 7.30e-04f  1
  75 -9.9015724e-02 5.25e+00 1.03e+06  -6.0 5.07e+03  -8.6 5.97e-04 2.89e-03h  1
  76 -9.9133048e-02 5.19e+00 1.02e+06  -6.0 6.01e+02  -8.2 2.59e-01 1.04e-02h  1
  77 -1.0088493e-01 9.61e+00 9.20e+05  -6.0 2.81e+03  -8.6 1.53e-01 9.92e-02h  1
  78 -1.0310553e-01 2.26e+01 6.73e+05  -6.0 5.59e+02  -8.2 8.09e-02 2.68e-01h  1
  79 -1.0378654e-01 2.08e+01 6.17e+05  -6.0 8.73e+02  -8.7 4.19e-01 8.36e-02h  1
iter    objective    inf_pr   inf_du lg(mu)  ||d||  lg(rg) alpha_du alpha_pr  ls
  80 -1.0420343e-01 1.85e+01 5.48e+05  -6.0 3.94e+02  -8.3 3.41e-02 1.12e-01h  1
  81 -1.0431134e-01 1.65e+01 4.88e+05  -6.0 3.56e+02  -7.8 5.44e-02 1.09e-01h  1
Error in an AMPL evaluation. Run with "halt_on_ampl_error yes" to see details.
Warning: Cutting back alpha due to evaluation error
  82 -1.0445188e-01 1.50e+01 4.46e+05  -6.0 3.61e+02  -8.3 4.25e-02 8.68e-02h  2
  83 -1.0793998e-01 7.28e+00 2.19e+05  -6.0 9.71e+02  -8.8 3.18e-02 5.08e-01h  1
  84 -1.0905649e-01 8.66e+00 2.04e+05  -6.0 2.91e+03  -8.4 6.09e-06 6.97e-02H  1
  85 -1.0925426e-01 8.03e+00 2.01e+05  -6.0 6.47e+03  -8.8 4.85e-06 1.67e-02H  1
  86 -1.0915936e-01 9.16e+00 1.76e+05  -6.0 2.77e+03  -8.4 1.06e-01 1.24e-01h  2
  87 -1.0920128e-01 9.10e+00 1.74e+05  -6.0 1.18e+03  -8.9 3.06e-01 6.80e-03h  1
  88 -1.1061560e-01 5.06e+00 8.88e+04  -6.0 3.91e+02  -8.5 5.47e-01 4.88e-01h  1
  89 -1.1067354e-01 5.03e+00 8.80e+04  -6.0 4.31e+02  -6.2 1.34e-03 7.07e-03h  1
iter    objective    inf_pr   inf_du lg(mu)  ||d||  lg(rg) alpha_du alpha_pr  ls
  90 -1.1046931e-01 2.69e-02 7.51e+01  -6.0 8.47e+00  -6.7 5.10e-01 1.00e+00h  1
  91 -1.1063853e-01 1.92e-02 5.27e+01  -6.0 2.02e+01  -7.2 2.93e-01 3.71e-01h  1
  92 -1.1118129e-01 7.40e-02 2.21e+01  -6.0 6.15e+01  -7.7 1.00e+00 1.00e+00h  1
  93 -1.1172869e-01 1.42e-01 1.44e+01  -6.0 1.83e+02  -8.1 4.37e-01 3.85e-01h  1
  94 -1.1247452e-01 3.66e-01 1.22e+01  -6.0 5.86e+02  -8.6 2.28e-01 1.95e-01h  1
  95 -1.1550353e-01 1.30e+01 5.82e+01  -6.0 1.88e+03  -9.1 5.84e-01 4.32e-01h  1
  96 -1.1682501e-01 7.83e+00 4.97e+02  -6.0 1.23e+03  -8.7 2.45e-03 4.29e-01h  1
  97 -1.1836190e-01 7.30e+00 3.20e+02  -6.0 1.01e+03  -9.1 5.28e-01 3.44e-01h  1
  98 -1.2060647e-01 3.58e+01 2.77e+02  -6.0 3.39e+03  -9.6 1.84e-02 3.89e-01h  1
  99 -1.2063460e-01 2.76e+01 7.06e+02  -6.0 2.14e+03  -9.2 1.00e-01 2.39e-01h  1
iter    objective    inf_pr   inf_du lg(mu)  ||d||  lg(rg) alpha_du alpha_pr  ls
 100 -1.2065131e-01 2.74e+01 5.37e+02  -6.0 2.53e+02  -8.8 7.99e-02 7.10e-03h  1
 101 -1.2110699e-01 2.49e+01 4.82e+02  -6.0 1.10e+03  -9.2 9.50e-02 9.25e-02h  1
 102 -1.2133982e-01 2.19e+01 1.14e+02  -6.0 2.66e+02  -8.8 3.48e-01 1.22e-01h  1
 103 -1.2328122e-01 1.69e+01 8.02e+01  -6.0 1.37e+03  -9.3 3.89e-01 3.78e-01h  1
 104 -1.2526436e-01 3.02e+00 2.19e+03  -6.0 3.12e+02  -8.9 3.94e-01 1.00e+00h  1
 105 -1.2568344e-01 2.72e+00 2.53e+03  -6.0 1.05e+03  -9.4 5.26e-02 8.80e-02h  1
 106 -1.2620800e-01 2.09e+00 1.32e+03  -6.0 3.62e+02  -8.9 3.80e-01 3.61e-01h  1
 107 -1.2689267e-01 3.22e+00 6.21e+02  -6.0 1.06e+03  -9.4 3.34e-01 3.25e-01h  1
 108 -1.2782165e-01 1.61e+01 1.06e+03  -6.0 4.99e+03  -9.9 2.08e-01 2.17e-01h  1
 109 -1.2781638e-01 1.61e+01 1.02e+03  -6.0 1.01e+04  -9.5 9.00e-03 8.70e-03h  1
iter    objective    inf_pr   inf_du lg(mu)  ||d||  lg(rg) alpha_du alpha_pr  ls
 110 -1.2832289e-01 1.39e+01 1.37e+03  -6.0 1.96e+03  -9.9 1.84e-01 1.89e-01h  1
 111 -1.2941641e-01 9.73e+00 8.12e+05  -6.0 3.61e+03 -10.4 4.64e-03 3.07e-01h  1
 112 -1.2947719e-01 9.51e+00 7.94e+05  -6.0 1.71e+03 -10.0 6.49e-02 2.26e-02h  1
 113 -1.2967155e-01 8.96e+00 2.44e+07  -6.0 3.35e+03  -9.6 2.20e-04 5.77e-02h  1
 114 -1.2979877e-01 7.41e+00 2.01e+07  -6.0 4.91e+03 -10.0 2.69e-02 1.74e-01h  1
 115 -1.3000277e-01 6.89e+00 1.87e+07  -6.0 2.28e+04    -  8.10e-03 6.98e-02h  1
 116 -1.3002431e-01 6.66e+00 1.81e+07  -6.0 2.43e+03  -9.6 2.17e-02 3.33e-02h  1
 117 -1.3008730e-01 4.98e+00 1.35e+07  -6.0 3.03e+02  -9.2 3.04e-01 2.53e-01h  1
 118 -1.3017188e-01 4.49e+00 1.22e+07  -6.0 1.23e+03  -9.7 5.32e-01 9.86e-02h  1
 119 -1.3018842e-01 4.35e+00 1.18e+07  -6.0 4.81e+02  -8.3 1.33e-02 2.99e-02h  1
iter    objective    inf_pr   inf_du lg(mu)  ||d||  lg(rg) alpha_du alpha_pr  ls
 120 -1.3061943e-01 2.70e+00 3.11e+06  -6.0 5.10e+02  -8.8 1.56e-02 7.37e-01f  1
 121 -1.3069042e-01 3.73e+00 2.26e+06  -6.0 1.21e+03  -9.3 1.95e-03 2.74e-01H  1
 122 -1.3068835e-01 3.67e+00 2.22e+06  -6.0 1.22e+00  -1.4 4.12e-03 1.43e-02h  1
 123 -1.3067323e-01 3.42e+00 2.07e+06  -6.0 1.02e+00  -1.0 1.94e-03 6.85e-02h  1
 124 -1.3067301e-01 3.42e+00 2.07e+06  -6.0 7.72e-01  -0.6 1.09e-02 1.67e-03h  1
 125 -1.3067091e-01 3.40e+00 2.06e+06  -6.0 4.93e+00  -1.1 1.05e-02 5.18e-03h  1
 126 -1.3066692e-01 3.34e+00 2.02e+06  -6.0 7.67e-01  -0.6 5.98e-02 1.83e-02f  1
 127 -1.3065546e-01 3.21e+00 1.95e+06  -6.0 2.97e+00  -1.1 1.65e-02 3.72e-02h  1
 128 -1.3063757e-01 2.88e+00 1.75e+06  -6.0 8.20e+00  -1.6 8.83e-03 1.02e-01h  1
 129 -1.3064515e-01 2.20e+00 1.33e+06  -6.0 3.64e+00  -2.1 1.64e-03 2.36e-01h  1
iter    objective    inf_pr   inf_du lg(mu)  ||d||  lg(rg) alpha_du alpha_pr  ls
 130 -1.3065028e-01 1.76e+00 1.07e+06  -6.0 2.78e+00  -2.5 3.71e-01 2.00e-01h  1
 131 -1.3065926e-01 1.30e+00 7.88e+05  -6.0 2.19e+00  -3.0 4.69e-01 2.62e-01h  1
 132 -1.3068063e-01 5.52e-01 3.34e+05  -6.0 1.46e+00  -3.5 3.76e-01 5.76e-01h  1
 133 -1.3074185e-01 1.78e-01 4.17e+01  -6.0 2.61e+00  -4.0 2.04e-01 1.00e+00h  1
 134 -1.3075378e-01 2.08e-03 7.00e+00  -6.0 3.94e-01  -4.5 8.11e-01 1.00e+00h  1
 135 -1.3078152e-01 2.15e-02 2.25e+00  -6.0 7.84e-01  -4.9 7.43e-01 1.00e+00h  1
 136 -1.3083692e-01 1.25e-01 8.95e-01  -6.0 2.42e+00  -5.4 1.00e+00 7.96e-01h  1
 137 -1.3089080e-01 2.17e-01 9.97e-01  -6.0 5.50e+00  -5.9 5.25e-01 4.32e-01f  1
 138 -1.3102468e-01 1.15e+00 1.46e+00  -6.0 1.13e+01  -6.4 6.60e-01 5.46e-01f  1
 139 -1.3144204e-01 9.56e+00 6.90e+00  -6.0 4.90e+01  -6.8 3.68e-01 6.74e-01h  1
iter    objective    inf_pr   inf_du lg(mu)  ||d||  lg(rg) alpha_du alpha_pr  ls
 140 -1.3189734e-01 1.49e+01 1.36e+01  -6.0 3.32e+01  -6.4 5.74e-01 5.66e-01h  1
 141 -1.3200407e-01 1.53e+01 2.78e+01  -6.0 1.59e+03  -6.9 2.92e-02 2.71e-03h  1
 142 -1.3211249e-01 1.25e+01 1.93e+01  -6.0 2.95e+01  -7.4 3.89e-02 1.88e-01h  1
 143 -1.3219821e-01 1.13e+01 4.66e+01  -6.0 6.26e+01  -7.8 5.80e-01 9.28e-02h  1
 144 -1.3239387e-01 8.09e+00 3.19e+01  -6.0 2.27e+02  -8.3 3.38e-01 2.86e-01h  1
 145 -1.3240077e-01 7.17e+00 1.55e+01  -6.0 4.17e+01  -7.0 6.11e-01 1.13e-01h  1
 146 -1.3342428e-01 1.33e+01 2.26e+01  -6.0 1.34e+04    -  1.39e-01 2.22e-01h  1
 147 -1.3388103e-01 1.18e+01 2.12e+01  -6.0 4.29e+03    -  2.04e-01 2.13e-01h  1
 148 -1.3391544e-01 4.04e+00 4.34e+01  -6.0 2.51e+01  -7.5 2.31e-01 6.85e-01h  1
 149 -1.3412943e-01 1.92e+00 1.69e+01  -6.0 2.02e+02  -7.9 7.11e-01 5.26e-01h  1
iter    objective    inf_pr   inf_du lg(mu)  ||d||  lg(rg) alpha_du alpha_pr  ls
 150 -1.3432336e-01 6.67e-01 2.96e+01  -6.0 1.58e+02  -8.4 1.00e+00 7.54e-01h  1
 151 -1.3441260e-01 5.59e-01 7.69e+01  -6.0 1.86e+02  -8.9 4.51e-01 3.17e-01h  1
 152 -1.3459708e-01 1.16e+00 1.24e+02  -6.0 2.06e+02  -9.4 6.84e-01 5.50e-01h  1
 153 -1.3471672e-01 7.81e-01 6.15e+02  -6.0 3.96e+02  -9.9 6.76e-01 2.73e-01h  1
 154 -1.3494121e-01 1.49e+00 4.90e+02  -6.0 2.66e+03    -  4.79e-01 3.91e-01h  1
 155 -1.3503379e-01 1.06e+00 6.18e+02  -6.0 6.86e+02    -  3.80e-01 2.70e-01h  1
 156 -1.3510663e-01 9.25e-01 8.89e+02  -6.0 8.83e+02    -  3.67e-01 2.36e-01h  1
 157 -1.3520817e-01 3.65e+00 7.36e+02  -6.0 9.68e+02    -  1.32e-01 4.31e-01h  1
 158 -1.3548453e-01 3.66e+00 6.58e+03  -6.0 5.48e+02    -  3.27e-02 7.53e-01h  1
 159 -1.3566381e-01 4.26e+00 6.06e+03  -6.0 1.07e+03 -10.3 3.28e-01 4.07e-01h  1
iter    objective    inf_pr   inf_du lg(mu)  ||d||  lg(rg) alpha_du alpha_pr  ls
 160 -1.3589272e-01 5.50e+00 1.40e+04  -6.0 1.24e+03  -9.9 8.64e-02 2.84e-01h  1
 161 -1.3607253e-01 4.53e+00 2.01e+04  -6.0 3.43e+02  -7.7 6.51e-02 1.77e-01h  1
 162 -1.3618640e-01 5.99e+00 1.93e+04  -6.0 9.66e+02  -8.2 1.82e-02 2.17e-02h  1
 163 -1.3639932e-01 4.26e+00 5.93e+04  -6.0 6.47e+01  -7.7 3.07e-02 1.00e+00h  1
 164 -1.3657243e-01 7.05e+00 2.98e+04  -6.0 1.39e+01  -6.4 6.02e-01 4.97e-01h  1
 165 -1.3663935e-01 4.07e+00 1.55e+04  -6.0 6.10e+00  -6.9 1.00e+00 4.80e-01h  1
 166 -1.3673301e-01 2.61e+00 8.68e+03  -6.0 1.42e+01  -7.4 6.77e-01 4.41e-01h  1
 167 -1.3690264e-01 6.67e-01 1.58e+03  -6.0 3.67e+01  -7.8 1.00e+00 8.19e-01h  1
 168 -1.3710236e-01 1.81e+00 2.20e+02  -6.0 8.60e+01  -8.3 4.79e-01 8.62e-01h  1
 169 -1.3720717e-01 7.01e-01 2.23e+02  -6.0 1.53e+02  -8.8 4.73e-01 1.00e+00h  1
iter    objective    inf_pr   inf_du lg(mu)  ||d||  lg(rg) alpha_du alpha_pr  ls
 170 -1.3720963e-01 6.79e-01 1.68e+02  -6.0 2.71e+02  -9.3 4.39e-01 2.90e-01h  1
 171 -1.3733606e-01 1.64e+00 1.53e+02  -6.0 1.92e+03  -9.7 2.31e-01 1.47e-01h  1
 172 -1.3738018e-01 3.63e+00 1.44e+02  -6.0 3.02e+03 -10.2 2.11e-01 1.12e-01h  1
 173 -1.3737648e-01 3.57e+00 1.39e+02  -6.0 2.69e+04    -  1.04e-01 1.93e-02h  1
 174 -1.3733984e-01 3.18e+00 1.08e+02  -6.0 1.94e+03    -  3.50e-01 2.09e-01h  1
 175 -1.3726030e-01 6.99e+00 5.24e+01  -6.0 1.04e+03    -  7.28e-01 5.41e-01h  1
 176 -1.3713001e-01 1.97e+00 7.92e+01  -6.0 3.32e+02  -9.8 6.17e-02 9.98e-01h  1
 177 -1.3720803e-01 1.23e+01 8.90e+01  -6.0 6.47e+03 -10.3 7.65e-02 1.19e-01h  1
 178 -1.3719287e-01 8.86e+00 1.87e+02  -6.0 1.22e+03    -  9.41e-02 3.50e-01h  1
 179 -1.3716228e-01 1.39e+00 3.40e+02  -6.0 2.23e+02    -  5.73e-01 1.00e+00h  1
iter    objective    inf_pr   inf_du lg(mu)  ||d||  lg(rg) alpha_du alpha_pr  ls
 180 -1.3717401e-01 1.16e+00 1.40e+03  -6.0 2.49e+02    -  1.00e+00 2.41e-01h  1
 181 -1.3718656e-01 3.43e+00 4.87e+02  -6.0 4.35e+02 -10.7 5.92e-01 1.00e+00h  1
 182 -1.3720494e-01 2.17e+00 9.75e+02  -6.0 2.52e+02    -  5.58e-01 3.98e-01h  1
 183 -1.3722362e-01 1.21e+00 4.31e+02  -6.0 3.01e+02    -  4.60e-01 5.30e-01h  1
 184 -1.3725061e-01 3.25e-02 2.34e+06  -6.0 4.03e+01    -  5.77e-03 1.00e+00h  1
 185 -1.3721007e-01 2.64e-02 5.20e+01  -6.0 7.56e+01    -  1.00e+00 1.00e+00h  1
 186 -1.3718435e-01 7.67e-01 1.40e+01  -6.0 2.19e+02    -  7.05e-01 7.37e-01h  1
 187 -1.3718054e-01 8.11e-02 8.61e-01  -6.0 5.50e+01    -  1.00e+00 1.00e+00h  1
 188 -1.3713569e-01 3.83e-01 1.87e+00  -6.0 1.12e+02    -  1.00e+00 1.00e+00h  1
 189 -1.3710019e-01 7.62e-02 7.56e-01  -6.0 5.05e+01    -  9.27e-01 1.00e+00h  1
iter    objective    inf_pr   inf_du lg(mu)  ||d||  lg(rg) alpha_du alpha_pr  ls
 190 -1.3711815e-01 2.83e-02 1.24e-01  -6.0 3.05e+01    -  1.00e+00 1.00e+00h  1
 191 -1.3711559e-01 2.92e-04 1.58e-03  -6.0 3.13e+00    -  1.00e+00 1.00e+00h  1
 192 -1.3711558e-01 3.74e-08 1.04e-07  -6.0 5.86e-02    -  1.00e+00 1.00e+00h  1
 193 -1.3748481e-01 1.55e+00 9.97e+00  -7.5 2.60e+03    -  1.82e-01 1.84e-01f  1
 194 -1.3757041e-01 3.87e+00 1.00e+01  -7.5 2.74e+04    -  2.19e-02 1.89e-02h  1
 195 -1.3765711e-01 3.79e+00 1.67e+01  -7.5 1.13e+04    -  7.73e-04 3.87e-02h  1
 196 -1.3765686e-01 3.79e+00 1.91e+01  -7.5 4.72e+04    -  1.16e-03 2.44e-05f  4
 197 -1.3767719e-01 3.70e+00 3.78e+01  -7.5 2.95e+02  -9.4 1.91e-01 2.34e-02h  1
 198 -1.3784155e-01 7.58e+00 4.31e+01  -7.5 2.09e+02  -9.0 2.67e-01 2.15e-01h  1
 199 -1.3805073e-01 9.38e+00 3.68e+01  -7.5 3.10e+02  -9.5 2.05e-01 3.28e-01h  1
iter    objective    inf_pr   inf_du lg(mu)  ||d||  lg(rg) alpha_du alpha_pr  ls
 200 -1.3818652e-01 8.24e+00 4.71e+01  -7.5 1.69e+02  -9.0 2.17e-01 3.42e-01h  1
 201 -1.3819588e-01 8.00e+00 9.64e+01  -7.5 4.94e+01  -8.6 5.16e-01 3.13e-02h  1
 202 -1.3838839e-01 7.55e+00 6.90e+01  -7.5 1.97e+02  -9.1 6.65e-01 5.16e-01h  1
 203 -1.3838898e-01 7.53e+00 1.41e+02  -7.5 2.12e+01  -7.8 1.00e+00 2.71e-03h  1
 204 -1.3850548e-01 1.09e+01 7.12e+01  -7.5 5.66e+01  -8.2 1.00e+00 5.05e-01h  1
 205 -1.3853850e-01 9.65e+00 6.31e+01  -7.5 1.74e+02  -8.7 8.99e-01 1.20e-01h  1
 206 -1.3888444e-01 1.72e+00 1.62e+01  -7.5 2.95e+02  -9.2 4.29e-02 1.00e+00h  1
 207 -1.3891084e-01 1.32e+00 2.22e+02  -7.5 4.95e+01  -7.9 1.00e+00 1.51e-01h  1
 208 -1.3897078e-01 6.92e-01 1.42e+02  -7.5 1.62e+02  -8.3 1.48e-02 2.22e-01h  1
 209 -1.3910334e-01 2.36e+00 5.76e+01  -7.5 2.99e+03    -  1.07e-02 2.04e-01f  1
iter    objective    inf_pr   inf_du lg(mu)  ||d||  lg(rg) alpha_du alpha_pr  ls
 210 -1.3919472e-01 8.15e+00 4.85e+00  -7.5 3.42e+03    -  9.29e-02 2.31e-01h  1
 211 -1.3924085e-01 6.93e+00 1.22e+02  -7.5 2.31e+03    -  3.58e-01 1.56e-01h  1
 212 -1.3930325e-01 5.44e+00 1.99e+02  -7.5 2.07e+03    -  4.41e-01 2.49e-01h  1
 213 -1.3944122e-01 1.05e+01 3.60e+02  -7.5 1.67e+03    -  5.55e-02 6.89e-01h  1
 214 -1.3948563e-01 7.86e+00 8.00e+02  -7.5 1.13e+03    -  1.42e-01 3.88e-01h  1
 215 -1.3954502e-01 5.59e+00 1.31e+03  -7.5 7.25e+02    -  2.31e-01 4.40e-01h  1
 216 -1.3960258e-01 5.52e+00 5.17e+02  -7.5 8.93e+02    -  4.10e-01 3.67e-01h  1
 217 -1.3965368e-01 3.92e+00 1.68e+03  -7.5 2.00e+01  -8.8 4.70e-01 2.90e-01h  1
 218 -1.3968808e-01 4.84e+01 5.56e+02  -7.5 1.92e+04    -  1.94e-02 9.83e-02h  1
 219 -1.3968885e-01 4.82e+01 9.50e+03  -7.5 1.15e+04    -  3.00e-02 2.50e-03h  1
iter    objective    inf_pr   inf_du lg(mu)  ||d||  lg(rg) alpha_du alpha_pr  ls
 220 -1.3971351e-01 4.00e+01 5.13e+03  -7.5 3.80e+03    -  3.98e-01 3.11e-01h  1
 221 -1.3973507e-01 3.65e+01 1.48e+03  -7.5 2.53e+03    -  1.93e-01 2.99e-01h  1
 222 -1.3974339e-01 3.43e+01 1.11e+03  -7.5 2.45e+03    -  8.75e-03 7.61e-02h  1
 223 -1.3977256e-01 3.43e+01 6.81e+02  -7.5 2.63e+03    -  1.60e-01 3.25e-01h  1
 224 -1.3979808e-01 3.64e+01 7.27e+02  -7.5 2.66e+03    -  5.74e-01 3.60e-01h  1
 225 -1.3981540e-01 3.55e+01 6.14e+02  -7.5 2.72e+03    -  6.79e-01 2.71e-01h  1
 226 -1.3981721e-01 3.41e+01 5.88e+02  -7.5 1.53e+03    -  2.30e-02 4.06e-02h  1
 227 -1.3982441e-01 3.02e+01 4.95e+02  -7.5 1.84e+03    -  1.15e-01 1.55e-01h  1
 228 -1.3985213e-01 3.27e+01 6.52e+02  -7.5 1.79e+03    -  1.11e-01 6.13e-01h  1
 229 -1.3985262e-01 3.22e+01 6.43e+02  -7.5 2.66e+03    -  5.18e-02 1.35e-02h  1
iter    objective    inf_pr   inf_du lg(mu)  ||d||  lg(rg) alpha_du alpha_pr  ls
 230 -1.3984887e-01 2.96e+01 1.72e+03  -7.5 1.79e+02  -6.6 5.89e-05 8.33e-02h  1
 231 -1.3985330e-01 2.64e+01 1.54e+03  -7.5 4.24e+02    -  8.77e-02 1.08e-01h  1
 232 -1.3979768e-01 6.21e-01 1.19e+02  -7.5 1.79e+02    -  1.22e-01 1.00e+00h  1
 233 -1.3979118e-01 1.10e-01 2.11e+01  -7.5 4.95e+00  -6.2 9.00e-01 8.23e-01h  1
 234 -1.3979443e-01 1.56e-04 7.47e-01  -7.5 2.93e+00  -6.6 1.00e+00 1.00e+00f  1
 235 -1.3980654e-01 9.14e-04 4.31e-02  -7.5 1.02e+01  -7.1 1.00e+00 1.00e+00h  1
 236 -1.3983808e-01 6.20e-03 4.38e-02  -7.5 2.62e+01  -7.6 1.00e+00 1.00e+00h  1
 237 -1.3984649e-01 5.21e-03 1.14e+00  -7.5 3.07e+01  -8.1 1.00e+00 2.28e-01h  1
 238 -1.3984449e-01 2.90e-04 4.18e-03  -7.5 6.33e+00  -8.5 1.00e+00 1.00e+00h  1
 239 -1.3984771e-01 2.12e-03 4.45e-03  -7.5 1.03e+01  -9.0 1.00e+00 1.00e+00h  1
iter    objective    inf_pr   inf_du lg(mu)  ||d||  lg(rg) alpha_du alpha_pr  ls
 240 -1.3984883e-01 1.64e-02 3.21e-02  -7.5 2.95e+01  -9.5 1.00e+00 1.00e+00h  1
 241 -1.3985067e-01 1.19e-01 2.80e-01  -7.5 7.94e+01 -10.0 1.00e+00 1.00e+00h  1
 242 -1.3985539e-01 5.49e-01 2.46e+00  -7.5 1.71e+02 -10.5 1.00e+00 1.00e+00h  1
 243 -1.3985955e-01 2.07e+00 4.72e+00  -7.5 5.51e+02 -10.9 1.75e-01 3.25e-01h  1
 244 -1.3988178e-01 3.49e+01 1.28e+02  -7.5 1.77e+03 -11.4 4.30e-01 7.75e-01h  1
 245 -1.3986476e-01 1.83e+01 5.33e+01  -7.5 9.91e+02    -  1.00e+00 1.00e+00h  1
 246 -1.3988133e-01 3.61e+01 1.28e+02  -7.5 1.81e+04 -11.9 2.94e-02 5.53e-02h  1
 247 -1.3988517e-01 5.36e-01 1.78e+01  -7.5 1.59e+02    -  1.00e+00 1.00e+00h  1
 248 -1.3988506e-01 6.07e-04 9.05e-01  -7.5 7.25e+00    -  4.64e-01 1.00e+00h  1
 249 -1.3988512e-01 2.02e-04 1.41e-03  -7.5 3.17e+00    -  1.00e+00 1.00e+00h  1
iter    objective    inf_pr   inf_du lg(mu)  ||d||  lg(rg) alpha_du alpha_pr  ls
 250 -1.3988512e-01 2.86e-07 3.14e-06  -7.5 1.19e-01    -  1.00e+00 1.00e+00h  1
 251 -1.3988512e-01 2.83e-10 6.19e-10  -7.5 1.45e-03    -  1.00e+00 1.00e+00h  1
 252 -1.3988928e-01 1.93e-01 2.17e+00  -9.0 2.25e+02    -  3.70e-01 4.44e-01h  1
 253 -1.3989845e-01 4.67e+01 1.51e+02  -9.0 5.07e+04    -  4.83e-02 3.02e-02h  1
 254 -1.3989999e-01 4.70e+01 1.57e+02  -9.0 4.03e+04    -  2.30e-02 5.39e-03h  1
 255 -1.3991211e-01 5.14e+01 1.73e+02  -9.0 2.53e+03    -  2.10e-02 6.22e-01h  1
 256 -1.3991249e-01 5.10e+01 1.71e+02  -9.0 4.27e+03    -  4.19e-04 7.75e-03h  1
 257 -1.3991803e-01 4.05e+01 8.25e+01  -9.0 1.51e+03    -  1.49e-02 2.73e-01h  1
 258 -1.3991924e-01 3.95e+01 8.03e+01  -9.0 3.06e+03    -  1.57e-02 2.69e-02h  1
 259 -1.3992709e-01 3.26e+01 5.65e+01  -9.0 1.64e+03    -  3.24e-01 2.90e-01h  1
iter    objective    inf_pr   inf_du lg(mu)  ||d||  lg(rg) alpha_du alpha_pr  ls
 260 -1.3992965e-01 3.06e+01 5.25e+01  -9.0 1.69e+03    -  4.56e-02 7.12e-02h  1
 261 -1.3993357e-01 2.82e+01 1.52e+02  -9.0 1.70e+03    -  2.18e-01 9.46e-02h  1
 262 -1.3995125e-01 2.55e+01 5.16e+04  -9.0 1.62e+03    -  4.88e-03 3.95e-01h  1
 263 -1.3995195e-01 2.53e+01 5.12e+04  -9.0 1.72e+03    -  4.28e-01 8.29e-03h  1
 264 -1.3995464e-01 2.44e+01 4.93e+04  -9.0 3.00e+03    -  2.00e-02 3.60e-02h  1
 265 -1.3995572e-01 2.37e+01 4.78e+04  -9.0 5.57e+03    -  5.33e-03 3.04e-02h  1
 266 -1.3995724e-01 2.24e+01 4.51e+04  -9.0 8.81e+02    -  3.30e-02 5.63e-02h  1
 267 -1.3996366e-01 1.75e+01 3.51e+04  -9.0 2.57e+02    -  1.07e-01 2.21e-01h  1
 268 -1.3998206e-01 7.74e+00 1.43e+04  -9.0 2.70e+02    -  7.65e-02 5.93e-01h  1
 269 -1.4002221e-01 1.63e+00 5.87e+02  -9.0 2.56e+02    -  6.49e-01 1.00e+00h  1
iter    objective    inf_pr   inf_du lg(mu)  ||d||  lg(rg) alpha_du alpha_pr  ls
 270 -1.4003533e-01 1.25e+00 5.74e+02  -9.0 2.74e+02    -  3.30e-01 1.84e-01h  1
 271 -1.4005740e-01 1.08e+00 7.11e+03  -9.0 3.23e+02    -  8.39e-01 2.46e-01h  1
 272r-1.4005740e-01 1.08e+00 1.00e+03  -0.2 0.00e+00    -  0.00e+00 5.74e-09R  2
 273r-1.4005773e-01 1.08e+00 6.99e+03  -0.2 4.60e+05    -  7.38e-09 3.20e-09f  1
 274 -1.4005789e-01 1.06e+00 1.54e+04  -9.0 4.59e+01    -  1.10e-06 1.69e-02h  1
 275 -1.4005604e-01 1.05e+00 1.53e+04  -9.0 7.38e+02    -  3.27e-04 8.33e-03h  1
 276 -1.4005582e-01 1.05e+00 1.53e+04  -9.0 9.69e+01    -  1.38e-03 1.66e-03h  1
 277 -1.4005394e-01 1.03e+00 1.50e+04  -9.0 8.63e+01    -  6.17e-03 1.79e-02h  1
 278 -1.4002715e-01 7.29e-01 5.58e+04  -9.0 9.01e+01    -  3.74e-02 2.95e-01h  1
 279 -1.4002062e-01 6.69e-01 5.82e+04  -9.0 1.02e+02    -  1.55e-02 8.24e-02h  1
In iteration 279, 1 Slack too small, adjusting variable bound
iter    objective    inf_pr   inf_du lg(mu)  ||d||  lg(rg) alpha_du alpha_pr  ls
 280 -1.3998855e-01 3.95e-01 5.96e+04  -9.0 1.04e+02    -  2.59e-04 4.10e-01h  1
 281 -1.3998321e-01 3.43e-01 8.88e+05  -9.0 8.19e+01    -  1.54e-02 1.33e-01h  1
 282 -1.3994914e-01 1.32e-01 3.90e+07  -9.0 7.91e+01    -  1.59e-01 9.21e-01h  1
 283 -1.3995544e-01 1.18e-01 3.05e+07  -9.0 9.86e+01    -  2.85e-01 1.40e-01h  1
 284 -1.3992921e-01 1.18e-01 4.48e+07  -9.0 7.01e+01    -  5.03e-01 1.00e+00h  1
 285 -1.3993020e-01 3.82e-02 1.47e+07  -9.0 1.00e+00  -4.0 1.57e-01 6.77e-01h  1
 286 -1.3992856e-01 3.77e-02 1.42e+07  -9.0 1.72e+02    -  1.11e-07 3.65e-02h  5
 287 -1.3993207e-01 2.74e-03 1.37e+06  -9.0 1.06e+01    -  8.73e-01 1.00e+00h  1
 288 -1.3993309e-01 5.24e-06 1.45e+04  -9.0 4.64e-01    -  9.77e-01 1.00e+00h  1
 289 -1.3994684e-01 8.61e-03 8.86e+03  -9.0 4.84e+01    -  1.95e-01 3.91e-01h  1
iter    objective    inf_pr   inf_du lg(mu)  ||d||  lg(rg) alpha_du alpha_pr  ls
 290 -1.3996884e-01 1.40e-02 5.01e+00  -9.0 2.54e+01    -  7.39e-01 1.00e+00f  1
 291 -1.4002522e-01 3.89e-02 2.36e+00  -9.0 7.65e+01    -  5.56e-01 5.21e-01h  1
 292 -1.4005539e-01 3.32e-02 1.97e+00  -9.0 4.96e+01    -  4.25e-01 1.63e-01f  1
 293 -1.4007364e-01 2.98e-02 1.30e+00  -9.0 9.78e+01    -  8.12e-01 3.43e-01h  1
 294 -1.4009900e-01 2.90e-01 6.54e-01  -9.0 2.28e+02    -  8.39e-01 4.96e-01h  1
 295 -1.4011701e-01 3.04e-01 1.87e-01  -9.0 1.41e+02    -  6.46e-01 7.16e-01h  1
 296 -1.4011936e-01 2.90e-01 6.16e-01  -9.0 1.31e+02    -  5.55e-01 7.57e-01h  1
 297 -1.4011552e-01 1.04e-01 2.33e-01  -9.0 7.37e+01    -  7.15e-01 1.00e+00h  1
 298 -1.4011448e-01 1.58e-02 4.70e-02  -9.0 2.72e+01    -  8.87e-01 9.79e-01h  1
 299 -1.4011444e-01 1.95e-04 3.85e-06  -9.0 3.17e+00    -  1.00e+00 1.00e+00h  1
iter    objective    inf_pr   inf_du lg(mu)  ||d||  lg(rg) alpha_du alpha_pr  ls
 300 -1.4011445e-01 3.72e-06 3.67e-07  -9.0 2.63e-01    -  1.00e+00 1.00e+00h  1
 301 -1.4011445e-01 1.56e-08 1.60e-09  -9.0 1.74e-02    -  1.00e+00 1.00e+00h  1

Number of Iterations....: 301

                                   (scaled)                 (unscaled)
Objective...............:  -1.4011444728929404e-01   -1.4011444728929404e-01
Dual infeasibility......:   1.5987623269162539e-09    1.5987623269162539e-09
Constraint violation....:   3.2564497149954405e-09    1.5556938653960017e-08
Complementarity.........:   9.1276100852224836e-10    9.1276100852224836e-10
Overall NLP error.......:   3.2564497149954405e-09    1.5556938653960017e-08


Number of objective function evaluations             = 375
Number of objective gradient evaluations             = 301
Number of equality constraint evaluations            = 376
Number of inequality constraint evaluations          = 376
Number of equality constraint Jacobian evaluations   = 305
Number of inequality constraint Jacobian evaluations = 305
Number of Lagrangian Hessian evaluations             = 301
Total CPU secs in IPOPT (w/o function evaluations)   =    138.341
Total CPU secs in NLP function evaluations           =      4.807

EXIT: Optimal Solution Found.
