
List of user-set options:

                                    Name   Value                used
                           compl_inf_tol = 1                     yes
                         constr_viol_tol = 1                     yes
                            dual_inf_tol = 1000                  yes
                           linear_solver = ma97                  yes
                              ma86_small = 1e-30                  no
                                  ma86_u = 0.0001                 no
                              ma97_order = best                  yes
                              ma97_small = 1e-30                 yes
                            ma97_switch1 = at_start              yes
                            ma97_switch2 = od_hd_reuse           yes
                                  ma97_u = 1e-06                 yes
                               ma97_umax = 0.5                   yes
                                max_iter = 2000                  yes
                    max_refinement_steps = 20                    yes
                    min_refinement_steps = 5                     yes
                                 mu_init = 1e-06                 yes
           mu_superlinear_decrease_power = 1.25                  yes
                   nlp_scaling_min_value = 1e-08                 yes
                        option_file_name = Preset_Case:_82_NCP.opt  yes
                             output_file = ./tmp/Preset_Case:_82_NCP.output  yes
                      print_user_options = yes                   yes
        required_infeasibility_reduction = 1                      no
                                     tol = 1e-08                 yes
                   warm_start_bound_frac = 1e-20                 yes
                   warm_start_bound_push = 1e-20                 yes
                   warm_start_init_point = yes                   yes
              warm_start_mult_bound_push = 1e-20                 yes
                warm_start_mult_init_max = 1e+40                 yes
             warm_start_slack_bound_frac = 1e-20                 yes
             warm_start_slack_bound_push = 1e-20                 yes

******************************************************************************
This program contains Ipopt, a library for large-scale nonlinear optimization.
 Ipopt is released as open source code under the Eclipse Public License (EPL).
         For more information visit http://projects.coin-or.org/Ipopt
******************************************************************************

This is Ipopt version 3.12.10, running with linear solver ma97.

Number of nonzeros in equality constraint Jacobian...:   117140
Number of nonzeros in inequality constraint Jacobian.:      213
Number of nonzeros in Lagrangian Hessian.............:    47462

Total number of variables............................:    29971
                     variables with only lower bounds:    11312
                variables with lower and upper bounds:    15132
                     variables with only upper bounds:        0
Total number of equality constraints.................:    29864
Total number of inequality constraints...............:       25
        inequality constraints with only lower bounds:        4
   inequality constraints with lower and upper bounds:        0
        inequality constraints with only upper bounds:       21

iter    objective    inf_pr   inf_du lg(mu)  ||d||  lg(rg) alpha_du alpha_pr  ls
   0 -2.4242445e-02 1.85e-01 1.00e+00  -6.0 0.00e+00    -  0.00e+00 0.00e+00   0
   1r-2.4242445e-02 1.85e-01 9.99e+02  -0.7 0.00e+00  -4.0 0.00e+00 3.79e-23R 19
In iteration 1, 23 Slacks too small, adjusting variable bounds
   2r-2.4242445e-02 1.85e-01 6.22e+03  -0.7 4.44e+11    -  1.98e-14 5.78e-21f  1
   3r-2.4244445e-02 1.85e-01 6.22e+03  -0.7 1.04e+05    -  4.00e-08 1.04e-08f  1
   4r-2.4244445e-02 1.85e-01 9.99e+02  -0.7 0.00e+00    -  0.00e+00 2.80e-09R  2
   5r-2.4244912e-02 1.85e-01 1.25e+03  -0.7 8.32e+03    -  1.21e-06 1.12e-07f  1
   6 -2.4245254e-02 1.85e-01 2.26e+06  -6.0 4.12e+02    -  3.38e-02 2.06e-05h  1
In iteration 6, 1 Slack too small, adjusting variable bound
   7 -2.4245707e-02 1.85e-01 1.25e+06  -6.0 1.84e+03    -  2.21e-05 1.23e-05h  1
   8 -2.4246992e-02 1.85e-01 1.26e+06  -6.0 1.83e+03    -  3.02e-04 3.48e-05h  1
   9 -2.4317163e-02 1.84e-01 1.28e+06  -6.0 1.81e+03    -  7.82e-05 2.24e-03h  1
iter    objective    inf_pr   inf_du lg(mu)  ||d||  lg(rg) alpha_du alpha_pr  ls
  10 -2.4388647e-02 1.84e-01 1.27e+06  -6.0 1.71e+03    -  1.21e-03 1.98e-03f  1
  11 -2.5091350e-02 3.53e-01 1.25e+06  -6.0 1.51e+03    -  7.92e-07 1.90e-02f  1
  12 -2.5101286e-02 3.53e-01 1.25e+06  -6.0 1.25e+03    -  2.84e-02 4.71e-04h  1
  13 -2.5711783e-02 3.30e-01 1.21e+06  -6.0 1.22e+03    -  3.40e-02 3.10e-02h  1
  14r-2.5711783e-02 3.30e-01 9.99e+02  -0.8 0.00e+00    -  0.00e+00 4.57e-07R  2
  15r-2.5712036e-02 3.30e-01 9.99e+02  -0.8 3.03e+03    -  7.23e-06 4.95e-07f  1
  16r-2.5712036e-02 3.30e-01 9.99e+02  -0.8 0.00e+00    -  0.00e+00 3.55e-07R  2
  17r-2.5712483e-02 3.30e-01 1.71e+03  -0.8 5.75e+03    -  2.62e-06 8.58e-08f  1
  18 -2.5712846e-02 3.30e-01 3.08e+06  -6.0 3.98e+02    -  3.18e-02 1.58e-05h  1
  19 -2.5730576e-02 3.30e-01 1.24e+08  -6.0 9.67e+02    -  1.69e-05 6.82e-04h  1
iter    objective    inf_pr   inf_du lg(mu)  ||d||  lg(rg) alpha_du alpha_pr  ls
  20 -2.5755752e-02 3.29e-01 1.24e+08  -6.0 9.63e+02    -  4.28e-03 1.66e-03h  1
  21 -2.5795551e-02 3.28e-01 1.23e+08  -6.0 9.63e+02    -  2.82e-03 6.61e-03h  1
  22 -2.5825371e-02 3.26e-01 1.23e+08  -6.0 9.25e+02    -  6.45e-03 6.07e-03h  2
  23 -2.5850109e-02 3.24e-01 1.22e+08  -6.0 8.91e+02    -  7.82e-02 6.92e-03h  1
  24 -2.5790073e-02 3.21e-01 1.21e+08  -6.0 8.61e+02    -  1.43e-02 9.32e-03h  4
  25 -2.5733158e-02 3.19e-01 1.20e+08  -6.0 8.13e+02    -  9.74e-02 8.10e-03h  2
  26 -2.5641825e-02 3.15e-01 1.18e+08  -6.0 7.75e+02    -  4.37e-02 1.00e-02h  4
  27 -2.5532537e-02 3.12e-01 1.17e+08  -6.0 7.31e+02    -  1.38e-01 1.05e-02h  4
  28 -2.5458367e-02 3.11e-01 1.17e+08  -6.0 6.87e+02    -  1.06e-01 5.18e-03h  5
  29 -2.5328458e-02 3.08e-01 1.16e+08  -6.0 6.77e+02    -  1.66e-01 7.53e-03h  4
iter    objective    inf_pr   inf_du lg(mu)  ||d||  lg(rg) alpha_du alpha_pr  ls
  30 -2.5218334e-02 3.07e-01 1.15e+08  -6.0 8.11e+02    -  1.87e-01 5.38e-03h  4
  31 -2.5118286e-02 3.05e-01 1.15e+08  -6.0 9.41e+02    -  2.16e-01 4.45e-03h  4
  32 -2.5043036e-02 3.04e-01 1.14e+08  -6.0 1.06e+03    -  7.96e-02 3.14e-03h  5
  33 -2.4977970e-02 3.03e-01 1.14e+08  -6.0 1.09e+03    -  1.95e-01 2.66e-03h  7
  34 -2.0599704e-02 1.26e+00 9.52e+07  -6.0 1.17e+03    -  4.41e-02 1.64e-01w  1
  35 -1.8195172e-02 2.34e+00 2.30e+08  -6.0 8.38e+02    -  5.41e-02 2.39e-01w  1
  36 -1.6927254e-02 2.18e+00 2.07e+08  -6.0 4.67e+02    -  3.37e-01 1.01e-01w  1
  37 -2.4909559e-02 3.03e-01 1.14e+08  -6.0 5.46e+02    -  4.41e-02 2.56e-03h  6
  38 -2.4841275e-02 3.02e-01 1.13e+08  -6.0 1.18e+03    -  2.03e-01 2.52e-03h  7
  39 -2.4768688e-02 3.01e-01 1.13e+08  -6.0 1.26e+03    -  4.23e-02 2.34e-03h  7
iter    objective    inf_pr   inf_du lg(mu)  ||d||  lg(rg) alpha_du alpha_pr  ls
  40 -2.4696211e-02 3.00e-01 1.13e+08  -6.0 1.28e+03    -  2.61e-01 2.30e-03h  7
  41 -2.4640529e-02 3.00e-01 1.13e+08  -6.0 1.39e+03    -  3.73e-02 1.44e-03h  7
  42 -2.4587784e-02 2.99e-01 1.12e+08  -6.0 1.41e+03    -  1.63e-01 1.34e-03h  7
  43 -2.4544339e-02 2.99e-01 1.12e+08  -6.0 1.48e+03    -  4.00e-02 9.82e-04h  7
  44 -2.4502510e-02 2.99e-01 1.12e+08  -6.0 1.50e+03    -  1.21e-01 9.30e-04h  7
  45 -2.4425081e-02 2.98e-01 1.12e+08  -6.0 1.56e+03    -  4.47e-02 1.62e-03h  6
  46 -2.4350218e-02 2.97e-01 1.12e+08  -6.0 1.57e+03    -  1.23e-01 1.56e-03h  6
  47 -2.2036674e-02 6.21e-01 1.07e+08  -6.0 1.62e+03    -  4.91e-02 4.69e-02w  1
  48 -1.9758204e-02 6.39e-01 9.97e+07  -6.0 1.53e+03    -  1.21e-01 6.54e-02w  1
  49 -1.4477030e-02 9.69e+00 7.71e+07  -6.0 1.41e+03    -  3.27e-01 2.27e-01w  1
iter    objective    inf_pr   inf_du lg(mu)  ||d||  lg(rg) alpha_du alpha_pr  ls
  50 -2.4277920e-02 2.96e-01 1.12e+08  -6.0 8.54e+02    -  4.91e-02 1.46e-03h  5
  51 -2.4242055e-02 2.96e-01 1.12e+08  -6.0 1.63e+03    -  1.28e-01 7.29e-04h  7
  52 -2.4237258e-02 2.96e-01 1.12e+08  -6.0 1.66e+03    -  2.80e-02 9.78e-05h 10
  53 -2.4235999e-02 2.96e-01 1.12e+08  -6.0 1.66e+03    -  5.26e-02 2.59e-05h 12
  54 -2.1857824e-02 3.55e-01 1.06e+08  -6.0 1.66e+03    -  4.96e-02 4.96e-02s 18
  55 -1.9871559e-02 7.13e-01 1.00e+08  -6.0 1.64e+03    -  5.34e-02 5.34e-02s 18
  56 -1.5032168e-02 9.01e+00 8.20e+07  -6.0 1.52e+03    -  1.83e-01 1.83e-01s 18
  57 -1.5006204e-02 8.98e+00 8.17e+07  -6.0 1.04e+03    -  3.34e-03 3.34e-03s 18
  58 -1.4433622e-02 8.58e+00 7.58e+07  -6.0 1.04e+03    -  7.25e-02 7.25e-02s 18
  59 -1.3865699e-02 8.05e+00 6.99e+07  -6.0 9.56e+02    -  7.79e-02 7.79e-02s 18
iter    objective    inf_pr   inf_du lg(mu)  ||d||  lg(rg) alpha_du alpha_pr  ls
  60 -1.3749639e-02 7.91e+00 6.87e+07  -6.0 8.06e+02    -  1.76e-02 1.76e-02s 18
  61 -1.3589220e-02 7.72e+00 6.70e+07  -6.0 7.79e+02    -  2.41e-02 2.41e-02s 18
  62 -1.3245689e-02 7.32e+00 6.35e+07  -6.0 7.50e+02    -  5.30e-02 5.30e-02s 18
  63 -1.2576248e-02 6.49e+00 5.67e+07  -6.0 6.86e+02    -  1.07e-01 1.07e-01s 18
  64 -1.2569017e-02 6.49e+00 5.66e+07  -6.0 5.07e+02    -  5.71e-04 5.71e-04s 18
  65r-1.2569017e-02 6.49e+00 1.00e+03   0.4 0.00e+00    -  0.00e+00 0.00e+00R  1
  66r-1.2482268e-02 6.48e+00 1.00e+03   0.4 3.84e+03    -  3.93e-06 1.27e-06f  1
  67r-1.1719730e-02 6.44e+00 1.00e+03   0.4 2.68e+03    -  6.40e-06 1.11e-05f  1
  68r-1.0096070e-02 6.35e+00 1.98e+03   0.4 2.72e+03    -  6.15e-05 2.11e-05f  1
  69 -1.0095484e-02 6.35e+00 2.20e+04  -6.0 9.09e+01    -  1.66e-02 2.40e-04h  1
iter    objective    inf_pr   inf_du lg(mu)  ||d||  lg(rg) alpha_du alpha_pr  ls
  70 -1.0088324e-02 6.33e+00 3.17e+05  -6.0 9.29e+01    -  2.41e-04 3.42e-03h  1
  71 -1.0070519e-02 6.28e+00 3.14e+05  -6.0 9.22e+01    -  5.42e-02 8.54e-03h  1
  72 -9.9482427e-03 6.16e+00 3.08e+05  -6.0 8.90e+01    -  1.31e-02 1.76e-02h  3
  73 -9.9232693e-03 6.14e+00 3.07e+05  -6.0 8.50e+01    -  1.10e-02 3.67e-03h  3
  74 -9.9122686e-03 6.13e+00 3.07e+05  -6.0 8.61e+01    -  1.23e-01 1.65e-03h  5
  75 -9.9080555e-03 6.13e+00 3.07e+05  -6.0 8.51e+01    -  6.30e-03 6.28e-04h  9
  76 -9.9070115e-03 6.13e+00 3.06e+05  -6.0 8.51e+01    -  6.07e-02 1.56e-04h 11
  77 -8.8498778e-03 5.08e+00 2.57e+05  -6.0 8.80e+01    -  6.89e-03 1.62e-01h  1
  78 -8.9047397e-03 5.05e+00 3.40e+05  -6.0 2.81e+02    -  1.35e-01 6.66e-03h  1
  79 -9.7243722e-03 4.64e+00 2.37e+05  -6.0 2.06e+02    -  4.95e-06 6.89e-02h  1
iter    objective    inf_pr   inf_du lg(mu)  ||d||  lg(rg) alpha_du alpha_pr  ls
  80 -1.1046568e-02 3.89e+00 5.79e+05  -6.0 2.67e+02    -  2.57e-01 1.16e-01h  1
  81 -1.1110688e-02 3.87e+00 1.77e+06  -6.0 2.42e+02    -  4.08e-01 6.82e-03h  1
  82 -1.4798000e-02 5.45e+00 9.61e+05  -6.0 2.66e+02    -  1.87e-01 3.54e-01h  1
  83 -1.4934615e-02 5.38e+00 1.12e+06  -6.0 1.50e+02  -3.6 6.41e-02 1.44e-02h  1
  84 -1.6301394e-02 4.60e+00 9.45e+05  -6.0 6.79e+02    -  1.54e-01 1.59e-01h  1
  85 -1.6394331e-02 4.54e+00 9.42e+05  -6.0 4.12e+02    -  3.01e-02 1.21e-02h  1
  86 -1.6392288e-02 4.54e+00 8.93e+05  -6.0 4.27e+02    -  3.36e-04 9.85e-05h  1
  87 -1.9936105e-02 4.43e+00 3.78e+05  -6.0 4.30e+02    -  2.44e-01 4.76e-01f  1
  88 -2.1822522e-02 3.49e+00 4.32e+05  -6.0 1.54e+02    -  2.41e-02 3.09e-01h  1
  89 -2.2203174e-02 3.03e+00 6.65e+05  -6.0 3.39e+01    -  7.30e-04 1.34e-01h  1
iter    objective    inf_pr   inf_du lg(mu)  ||d||  lg(rg) alpha_du alpha_pr  ls
  90 -2.2089187e-02 2.19e+00 2.30e+06  -6.0 4.61e+01    -  1.46e-02 3.36e-01h  1
  91 -2.3134837e-02 1.04e+00 1.40e+06  -6.0 2.93e+01    -  1.80e-02 5.30e-01h  1
  92 -2.3158526e-02 1.01e+00 1.24e+06  -6.0 2.56e+01    -  4.35e-01 3.03e-02h  1
  93 -2.3262615e-02 9.14e-01 9.85e+05  -6.0 1.32e+01    -  1.78e-01 9.55e-02h  1
  94 -2.3263377e-02 9.13e-01 8.50e+05  -6.0 1.42e+01    -  1.51e-01 8.81e-04h  1
  95 -2.2491698e-02 9.06e-01 8.44e+05  -6.0 6.86e+02    -  3.96e-04 9.37e-03h  1
  96 -2.2479622e-02 9.06e-01 1.57e+06  -6.0 4.70e+00   0.5 2.87e-04 2.16e-04h  1
  97 -2.2454150e-02 9.05e-01 1.57e+06  -6.0 2.54e+00   0.9 2.89e-05 4.20e-04h  1
  98 -2.2330988e-02 9.04e-01 1.57e+06  -6.0 1.91e+00   0.4 1.38e-03 1.55e-03h  1
  99 -2.2236930e-02 9.02e-01 1.56e+06  -6.0 1.58e+00   0.8 1.16e-03 1.56e-03h  1
iter    objective    inf_pr   inf_du lg(mu)  ||d||  lg(rg) alpha_du alpha_pr  ls
 100 -2.1105870e-02 8.93e-01 1.55e+06  -6.0 2.37e+00   0.4 3.52e-03 1.01e-02h  1
 101 -2.0807979e-02 8.90e-01 1.54e+06  -6.0 1.65e+00   0.8 1.25e-03 3.72e-03h  1
 102 -1.5371295e-02 8.65e-01 1.50e+06  -6.0 3.03e+00   0.3 8.69e-03 2.79e-02h  1
 103r-1.5371295e-02 8.65e-01 1.00e+03  -0.7 0.00e+00   0.7 0.00e+00 6.82e-08R  2
 104r-1.5163687e-02 8.56e-01 1.67e+03  -0.7 2.73e+04    -  2.41e-06 9.46e-06f  1
 105 -1.5188638e-02 8.53e-01 6.28e+07  -6.0 3.55e+00    -  7.28e-01 4.04e-03h  1
 106 -2.3731675e-02 5.43e-02 1.45e+10  -6.0 7.34e+00    -  4.05e-03 9.31e-01h  1
 107 -2.3798794e-02 1.19e-02 3.17e+09  -6.0 6.11e-01    -  8.96e-01 7.81e-01h  1
 108 -2.4043847e-02 1.64e-02 1.25e+09  -6.0 4.01e+00    -  8.77e-01 6.07e-01h  1
 109 -2.4847650e-02 4.93e-02 1.11e+09  -6.0 7.65e+01    -  9.77e-02 1.14e-01h  2
iter    objective    inf_pr   inf_du lg(mu)  ||d||  lg(rg) alpha_du alpha_pr  ls
 110 -2.5176967e-02 4.05e-02 8.86e+08  -6.0 2.16e+01    -  1.90e-01 1.98e-01h  1
 111 -2.6234672e-02 2.71e-02 4.67e+08  -6.0 2.94e+01    -  5.85e-01 4.73e-01f  1
 112 -2.8543586e-02 3.18e-02 2.40e+08  -6.0 7.11e+01    -  4.15e-01 4.87e-01f  1
 113 -3.1241700e-02 1.52e-01 1.19e+08  -6.0 8.87e+01    -  8.61e-02 5.02e-01h  1
 114 -3.3468623e-02 1.95e-01 7.62e+07  -6.0 9.88e+01    -  1.60e-01 3.62e-01h  1
 115 -3.6519876e-02 2.89e-01 5.51e+07  -6.0 1.86e+02    -  2.97e-01 2.77e-01h  1
 116 -4.2957795e-02 8.37e-01 3.76e+07  -6.0 3.18e+02    -  1.89e-01 3.17e-01h  1
 117 -4.2440803e-02 7.59e-01 3.35e+07  -6.0 1.59e+02    -  1.86e-01 1.10e-01h  1
 118 -4.8679708e-02 2.77e+00 2.16e+07  -6.0 2.10e+02    -  3.66e-01 3.54e-01h  1
 119 -5.1849143e-02 3.26e+00 1.85e+07  -6.0 5.47e+02    -  2.50e-02 1.45e-01h  1
iter    objective    inf_pr   inf_du lg(mu)  ||d||  lg(rg) alpha_du alpha_pr  ls
 120 -5.6436887e-02 4.58e+00 1.41e+07  -6.0 2.86e+02    -  5.23e-01 2.36e-01h  1
 121 -5.8545347e-02 4.68e+00 1.30e+07  -6.0 6.36e+02    -  2.72e-02 7.93e-02h  1
 122 -5.8835236e-02 4.64e+00 1.28e+07  -6.0 5.91e+02    -  9.40e-02 1.11e-02h  1
 123 -6.1579247e-02 4.83e+00 1.11e+07  -6.0 6.45e+02    -  6.83e-03 1.32e-01f  1
 124 -6.3287062e-02 4.71e+00 1.04e+07  -6.0 6.29e+02    -  4.07e-02 6.45e-02h  1
 125 -6.6214886e-02 4.59e+00 8.97e+06  -6.0 4.44e+02    -  4.53e-02 1.40e-01h  1
 126 -6.8664542e-02 4.35e+00 8.09e+06  -6.0 6.50e+02    -  1.07e-02 9.73e-02h  1
 127 -7.1162084e-02 4.13e+00 7.37e+06  -6.0 6.05e+02    -  1.02e-01 8.89e-02h  1
 128 -7.4513962e-02 3.81e+00 6.42e+06  -6.0 6.27e+02    -  3.20e-01 1.30e-01h  1
 129 -7.7775519e-02 3.28e+00 5.52e+06  -6.0 5.21e+02    -  1.29e-01 1.40e-01h  1
iter    objective    inf_pr   inf_du lg(mu)  ||d||  lg(rg) alpha_du alpha_pr  ls
 130 -7.7780627e-02 3.27e+00 5.51e+06  -6.0 1.52e+00   0.3 4.89e-05 1.31e-03h  1
 131 -7.7780696e-02 3.27e+00 5.51e+06  -6.0 8.09e-01  -0.2 3.15e-03 2.40e-04h  1
 132 -7.7786198e-02 3.21e+00 5.41e+06  -6.0 8.09e-01  -0.7 1.94e-03 1.83e-02f  1
 133 -7.7823593e-02 2.77e+00 4.67e+06  -6.0 8.68e-01  -1.2 2.28e-02 1.37e-01h  1
 134 -7.7827181e-02 2.73e+00 4.61e+06  -6.0 7.58e-01  -1.6 1.59e-01 1.28e-02h  1
 135 -7.7854969e-02 2.13e+00 3.58e+06  -6.0 8.33e-01  -2.1 9.15e-02 2.22e-01h  1
 136 -7.7908862e-02 1.40e+00 2.36e+06  -6.0 6.81e-01  -2.6 2.46e-01 3.42e-01h  1
 137 -7.8116911e-02 1.50e-03 1.62e+03  -6.0 5.01e-01  -3.1 6.97e-01 1.00e+00h  1
 138 -7.8192669e-02 1.11e-03 1.20e+03  -6.0 2.40e-01  -3.6 6.31e-01 2.62e-01h  1
 139 -7.8514592e-02 1.77e-03 2.09e+02  -6.0 6.06e-01  -4.0 6.18e-01 8.25e-01f  1
iter    objective    inf_pr   inf_du lg(mu)  ||d||  lg(rg) alpha_du alpha_pr  ls
 140 -7.9301633e-02 9.45e-03 7.06e+01  -6.0 1.82e+00  -4.5 1.71e-01 6.63e-01f  1
 141 -8.0979254e-02 5.64e-02 5.59e+01  -6.0 1.15e+01  -5.0 1.92e-01 2.09e-01f  1
 142 -8.1126696e-02 5.20e-02 5.10e+01  -6.0 1.65e+01  -5.5 9.99e-01 8.31e-02h  1
 143 -8.2315272e-02 5.08e-02 4.77e+01  -6.0 1.45e+02  -5.9 1.63e-01 6.02e-02h  1
 144 -8.2489715e-02 4.79e-02 4.53e+01  -6.0 2.13e+01  -5.5 3.79e-01 5.05e-02h  1
 145 -8.3374542e-02 5.73e-02 4.48e+01  -6.0 6.38e+02  -6.0 7.73e-03 1.03e-02h  1
 146 -8.3756591e-02 7.25e-02 4.44e+01  -6.0 7.29e+02  -6.5 9.66e-03 1.02e-02h  1
 147 -8.3759228e-02 7.19e-02 4.44e+01  -6.0 3.90e+00  -5.1 1.00e+00 8.29e-03h  1
 148 -8.4165536e-02 3.24e-02 1.49e+01  -6.0 9.37e+00  -5.6 3.99e-01 9.59e-01f  1
 149 -8.4280214e-02 3.08e-02 2.56e+01  -6.0 2.60e+01  -6.1 7.50e-01 7.57e-02h  1
iter    objective    inf_pr   inf_du lg(mu)  ||d||  lg(rg) alpha_du alpha_pr  ls
 150 -8.5524506e-02 9.75e-02 2.16e+01  -6.0 5.86e+01  -6.6 1.00e+00 5.01e-01h  1
 151 -8.7961638e-02 4.31e-01 1.87e+01  -6.0 1.08e+02  -7.1 4.38e-01 6.04e-01h  1
 152 -8.8606326e-02 5.15e+00 2.32e+01  -6.0 3.23e+02  -7.5 2.37e-01 2.04e-01h  1
 153 -8.9735420e-02 1.03e+01 6.87e+01  -6.0 9.48e+01  -7.1 7.86e-01 3.85e-01h  1
 154 -9.0289413e-02 8.80e+00 6.69e+01  -6.0 1.84e+02  -7.6 5.47e-01 1.44e-01h  1
 155 -9.0834637e-02 9.22e+00 1.14e+02  -6.0 4.06e+01  -7.2 9.38e-02 4.35e-01h  1
Error in an AMPL evaluation. Run with "halt_on_ampl_error yes" to see details.
Warning: Cutting back alpha due to evaluation error
 156 -9.1268584e-02 8.14e+00 1.06e+02  -6.0 1.02e+02  -7.6 3.81e-04 1.58e-01h  2
Error in an AMPL evaluation. Run with "halt_on_ampl_error yes" to see details.
Warning: Cutting back alpha due to evaluation error
 157 -9.1329999e-02 8.10e+00 1.62e+02  -6.0 4.43e+02  -7.2 1.44e-01 7.88e-03h  2
Error in an AMPL evaluation. Run with "halt_on_ampl_error yes" to see details.
Warning: Cutting back alpha due to evaluation error
 158 -9.2213735e-02 5.19e+00 6.14e+01  -6.0 1.15e+02  -7.7 7.11e-01 3.57e-01h  2
 159 -9.6276060e-02 1.54e+00 1.07e+02  -6.0 2.66e+02  -8.2 7.26e-01 1.00e+00h  1
iter    objective    inf_pr   inf_du lg(mu)  ||d||  lg(rg) alpha_du alpha_pr  ls
 160 -9.7708206e-02 1.06e+00 8.22e+01  -6.0 6.51e+02  -8.6 2.54e-01 2.24e-01h  1
 161 -9.8622167e-02 2.14e+00 5.04e+01  -6.0 3.23e+02  -8.2 3.63e-01 4.66e-01h  1
 162 -1.0367946e-01 1.41e+01 7.28e+01  -6.0 8.11e+02  -8.7 5.62e-01 1.00e+00h  1
 163 -1.0389649e-01 1.38e+01 7.12e+01  -6.0 6.57e+03  -8.3 2.47e-02 2.09e-02h  1
 164 -1.0766204e-01 1.91e+01 3.33e+01  -6.0 1.14e+03  -8.7 8.65e-01 7.91e-01h  1
 165 -1.0977231e-01 1.09e+01 5.84e+02  -6.0 1.03e+03  -9.2 6.52e-01 4.28e-01h  1
 166 -1.1027379e-01 9.70e+00 4.81e+02  -6.0 7.56e+02  -8.8 9.49e-01 1.28e-01h  1
 167 -1.1269689e-01 9.20e+00 4.92e+02  -6.0 1.53e+03  -9.3 4.32e-01 3.11e-01h  1
 168 -1.1374842e-01 7.56e+00 3.46e+02  -6.0 7.77e+02  -8.8 2.12e-01 2.62e-01h  1
 169 -1.1494441e-01 2.37e+01 1.69e+03  -6.0 4.86e+03  -9.3 9.47e-02 2.02e-01h  1
iter    objective    inf_pr   inf_du lg(mu)  ||d||  lg(rg) alpha_du alpha_pr  ls
 170 -1.1734633e-01 8.89e+00 1.03e+03  -6.0 6.09e+02  -8.9 3.93e-01 7.96e-01h  1
 171 -1.1787757e-01 8.22e+00 9.25e+02  -6.0 1.29e+03  -9.4 9.85e-02 9.98e-02h  1
 172 -1.1966277e-01 1.64e+01 8.75e+02  -6.0 1.57e+04  -9.8 4.86e-02 5.57e-02h  1
 173 -1.2175319e-01 1.80e+01 1.72e+03  -6.0 6.99e+03 -10.3 2.38e-02 1.63e-01h  1
 174 -1.2227064e-01 1.42e+01 9.07e+02  -6.0 4.72e+02  -9.0 5.09e-01 2.20e-01h  1
 175 -1.2435106e-01 1.70e+01 3.14e+02  -6.0 1.60e+03  -9.5 3.31e-01 3.65e-01h  1
 176 -1.2504115e-01 1.33e+01 1.17e+03  -6.0 1.71e+03  -9.9 1.54e-01 2.27e-01h  1
 177 -1.2566645e-01 1.06e+01 8.40e+03  -6.0 8.23e+02  -9.5 5.78e-01 2.17e-01h  1
 178 -1.2576756e-01 1.03e+01 8.93e+03  -6.0 1.29e+04 -10.0 4.75e-02 2.55e-02h  1
 179 -1.2606910e-01 9.39e+00 2.78e+04  -6.0 3.30e+03 -10.5 7.26e-01 9.21e-02h  1
iter    objective    inf_pr   inf_du lg(mu)  ||d||  lg(rg) alpha_du alpha_pr  ls
 180 -1.2728619e-01 2.53e+01 2.22e+04  -6.0 4.54e+03 -11.0 5.18e-01 3.38e-01h  1
 181 -1.2741827e-01 2.36e+01 2.49e+04  -6.0 9.07e+02  -9.6 1.34e-01 6.67e-02h  1
 182 -1.2790254e-01 1.96e+01 1.81e+04  -6.0 2.30e+03 -10.1 1.49e-01 1.77e-01h  1
 183 -1.2844914e-01 1.75e+01 4.51e+03  -6.0 1.12e+04 -10.6 4.01e-02 1.23e-01h  1
 184 -1.2848261e-01 1.74e+01 5.62e+03  -6.0 1.06e+04 -11.1 1.05e-02 5.59e-03h  1
Error in an AMPL evaluation. Run with "halt_on_ampl_error yes" to see details.
Warning: Cutting back alpha due to evaluation error
 185 -1.2848422e-01 1.74e+01 5.26e+03  -6.0 4.41e+03 -10.6 1.11e-04 1.66e-03h  2
 186 -1.2852365e-01 1.73e+01 1.38e+04  -6.0 2.05e+04 -11.1 4.06e-02 7.23e-03h  1
 187 -1.2920645e-01 1.52e+01 2.94e+04  -6.0 6.28e+03 -10.7 2.60e-02 1.98e-01f  1
 188 -1.2925027e-01 1.50e+01 2.33e+04  -6.0 1.21e+04 -11.2 2.35e-02 1.42e-02h  1
 189 -1.2941238e-01 1.43e+01 2.80e+03  -6.0 3.98e+03 -10.7 9.71e-02 6.01e-02h  1
iter    objective    inf_pr   inf_du lg(mu)  ||d||  lg(rg) alpha_du alpha_pr  ls
 190 -1.2965895e-01 1.45e+01 2.86e+03  -6.0 1.58e+04 -11.2 7.15e-02 7.14e-02h  1
 191 -1.2979133e-01 1.47e+01 1.27e+07  -6.0 5.95e+04 -11.7 2.43e-04 1.21e-02h  1
 192 -1.2988475e-01 1.56e+01 1.12e+07  -6.0 6.60e+03 -11.3 5.13e-02 1.21e-01h  1
 193 -1.2994616e-01 1.43e+01 9.29e+06  -6.0 2.69e+03 -10.8 1.21e-01 1.70e-01h  1
 194 -1.3002681e-01 1.22e+01 7.76e+06  -6.0 4.07e+03 -10.4 2.12e-01 1.65e-01h  1
 195 -1.3018638e-01 5.05e+00 3.01e+06  -6.0 7.80e+02 -10.0 2.31e-01 6.13e-01h  1
 196 -1.3033245e-01 7.37e+00 2.13e+06  -6.0 1.81e+03  -9.6 9.86e-02 2.92e-01h  1
 197 -1.3042542e-01 6.32e+00 1.82e+06  -6.0 9.21e+02  -9.1 2.55e-01 1.43e-01h  1
 198 -1.3095507e-01 8.06e+00 3.63e+05  -6.0 5.45e+01  -7.8 2.23e-01 8.04e-01h  1
 199 -1.3134182e-01 1.49e+01 2.87e+05  -6.0 5.37e+02  -8.3 3.08e-01 2.10e-01h  1
iter    objective    inf_pr   inf_du lg(mu)  ||d||  lg(rg) alpha_du alpha_pr  ls
 200 -1.3142122e-01 1.36e+01 2.58e+05  -6.0 1.51e+02  -7.9 8.02e-01 1.00e-01h  1
 201 -1.3151344e-01 1.24e+01 2.35e+05  -6.0 2.79e+02  -8.3 1.61e-01 9.11e-02h  1
 202 -1.3166080e-01 9.68e+00 1.84e+05  -6.0 4.81e+02  -8.8 3.05e-01 2.18e-01h  1
 203 -1.3214095e-01 8.12e+00 1.20e+05  -6.0 5.34e+02  -8.4 8.21e-01 3.49e-01h  1
 204 -1.3298527e-01 6.51e-01 9.62e+02  -6.0 1.50e+02  -8.9 9.07e-01 1.00e+00h  1
 205 -1.3340377e-01 5.36e-01 5.97e+02  -6.0 4.11e+02  -9.3 4.18e-01 3.80e-01h  1
 206 -1.3408433e-01 6.10e-01 4.40e+06  -6.0 8.96e+02  -9.8 3.16e-03 5.87e-01h  1
 207 -1.3424360e-01 1.07e+00 2.48e+03  -6.0 3.78e+02  -9.4 5.44e-01 1.00e+00h  1
 208 -1.3458862e-01 3.11e+00 1.37e+03  -6.0 5.58e+02  -9.9 5.73e-01 8.47e-01h  1
 209 -1.3497233e-01 3.96e+00 2.86e+03  -6.0 5.77e+02  -9.4 1.95e-01 3.84e-01h  1
iter    objective    inf_pr   inf_du lg(mu)  ||d||  lg(rg) alpha_du alpha_pr  ls
 210 -1.3497712e-01 3.93e+00 7.34e+03  -6.0 8.35e+02  -9.9 5.00e-02 3.49e-01h  1
 211 -1.3509913e-01 7.67e+00 1.20e+04  -6.0 4.05e+03 -10.4 1.91e-03 1.68e-01h  1
 212 -1.3527263e-01 7.77e+00 1.09e+04  -6.0 1.18e+04 -10.0 3.41e-02 1.98e-02h  1
 213 -1.3566319e-01 9.04e+00 2.14e+04  -6.0 2.49e+03 -10.4 9.47e-02 3.54e-01h  1
 214 -1.3567321e-01 1.08e+01 2.15e+04  -6.0 4.64e+04  -9.1 1.72e-05 1.48e-03h  2
 215 -1.3579060e-01 1.24e+01 1.27e+04  -6.0 7.25e+02  -8.7 2.07e-01 1.14e-01h  1
 216 -1.3588861e-01 1.61e+01 8.09e+06  -6.0 3.03e+01  -7.4 9.11e-04 2.60e-01h  1
 217 -1.3591512e-01 1.48e+01 7.44e+06  -6.0 5.45e+03    -  1.27e-02 7.97e-02h  1
 218 -1.3592307e-01 1.44e+01 7.22e+06  -6.0 1.16e+01  -6.9 2.80e-01 2.99e-02h  1
 219 -1.3611073e-01 1.66e+01 3.97e+06  -6.0 1.92e+03    -  7.64e-02 4.50e-01h  1
iter    objective    inf_pr   inf_du lg(mu)  ||d||  lg(rg) alpha_du alpha_pr  ls
 220 -1.3611273e-01 1.65e+01 3.94e+06  -6.0 1.51e+03  -7.4 5.55e-03 9.04e-03h  1
 221 -1.3611670e-01 1.63e+01 3.89e+06  -6.0 3.47e+02  -7.9 2.45e-04 1.18e-02f  1
 222 -1.3611581e-01 1.63e+01 3.89e+06  -6.0 9.79e+03  -7.5 1.96e-03 3.31e-04f  2
 223 -1.3615184e-01 1.39e+01 3.32e+06  -6.0 9.34e+00  -7.0 6.26e-02 1.47e-01h  1
 224 -1.3623925e-01 8.81e+00 2.11e+06  -6.0 3.46e+01  -7.5 1.43e-01 3.65e-01f  1
 225 -1.3630235e-01 5.56e+00 1.33e+06  -6.0 1.48e+01  -8.0 7.45e-01 3.69e-01h  1
 226 -1.3638311e-01 4.31e+00 7.23e+05  -6.0 2.52e+01  -8.5 1.00e+00 4.56e-01h  1
 227 -1.3651430e-01 2.02e+00 3.21e+05  -6.0 8.21e+01  -8.9 1.00e+00 5.56e-01h  1
 228 -1.3678407e-01 7.85e-01 1.15e+04  -6.0 2.18e+02  -9.4 1.00e+00 9.66e-01h  1
 229 -1.3684025e-01 8.04e-01 8.92e+03  -6.0 4.89e+02  -9.9 3.52e-01 2.24e-01h  1
iter    objective    inf_pr   inf_du lg(mu)  ||d||  lg(rg) alpha_du alpha_pr  ls
 230 -1.3696038e-01 1.30e+01 4.00e+02  -6.0 1.34e+03 -10.4 4.29e-01 9.59e-01H  1
 231 -1.3692764e-01 9.26e+00 2.85e+02  -6.0 1.67e+03  -9.0 2.09e-01 2.90e-01h  1
 232 -1.3690084e-01 7.27e+00 2.24e+02  -6.0 4.45e+02  -9.5 4.10e-01 2.15e-01h  1
 233 -1.3683268e-01 2.03e+00 6.39e+01  -6.0 4.91e+02 -10.0 5.01e-03 7.22e-01h  1
 234 -1.3684725e-01 1.76e+00 7.44e+01  -6.0 8.59e+02    -  6.94e-01 1.63e-01h  1
 235 -1.3690907e-01 1.26e+00 2.45e+01  -6.0 7.53e+02    -  1.00e+00 8.86e-01h  1
 236 -1.3718674e-01 6.73e-01 3.32e+02  -6.0 2.80e+02    -  3.00e-01 6.01e-01h  1
 237 -1.3715719e-01 4.75e-01 2.93e+02  -6.0 2.96e+01  -6.9 6.55e-01 2.94e-01h  1
 238 -1.3702427e-01 2.72e-01 2.02e+02  -6.0 4.39e+01  -7.3 3.45e-01 1.00e+00h  1
 239 -1.3704101e-01 1.38e+00 1.73e+02  -6.0 1.51e+03    -  1.47e-01 1.45e-01h  1
iter    objective    inf_pr   inf_du lg(mu)  ||d||  lg(rg) alpha_du alpha_pr  ls
 240 -1.3703749e-01 1.38e+00 3.34e+02  -6.0 3.75e+03    -  4.92e-02 2.83e-03h  5
 241 -1.3703693e-01 1.30e+00 2.42e+03  -6.0 3.77e+02    -  8.15e-01 6.53e-02h  1
 242 -1.3694547e-01 7.04e+00 7.22e+02  -6.0 6.24e+02    -  5.02e-01 1.00e+00h  1
 243 -1.3709885e-01 2.08e+00 2.11e+04  -6.0 1.50e+02  -7.8 9.15e-02 7.05e-01h  1
 244 -1.3703340e-01 7.91e-02 2.15e+01  -6.0 4.24e+01  -8.3 1.00e+00 1.00e+00h  1
 245 -1.3701233e-01 4.18e-01 4.37e+00  -6.0 1.25e+02  -8.8 1.00e+00 1.00e+00h  1
 246 -1.3695579e-01 4.72e-01 3.42e+00  -6.0 1.24e+02  -9.3 9.42e-01 1.00e+00h  1
 247 -1.3690286e-01 3.66e-01 7.29e-01  -6.0 1.38e+02  -9.7 1.00e+00 1.00e+00h  1
 248 -1.3688778e-01 1.47e+00 8.11e-02  -6.0 3.53e+02 -10.2 1.00e+00 1.00e+00h  1
 249 -1.3688693e-01 1.70e+00 3.32e+01  -6.0 2.47e+03    -  1.00e+00 6.83e-02h  2
iter    objective    inf_pr   inf_du lg(mu)  ||d||  lg(rg) alpha_du alpha_pr  ls
 250 -1.3688314e-01 8.14e-01 1.73e+01  -6.0 2.38e+02    -  4.46e-01 7.16e-01h  1
 251 -1.3688302e-01 8.52e-02 2.47e-02  -6.0 6.83e+01    -  1.00e+00 1.00e+00h  1
 252 -1.3688372e-01 5.38e-03 6.32e-04  -6.0 1.72e+01    -  1.00e+00 1.00e+00h  1
 253 -1.3688372e-01 1.31e-06 8.46e-07  -6.0 2.62e-01    -  1.00e+00 1.00e+00h  1
 254 -1.3751875e-01 1.01e+00 3.46e+01  -7.5 3.44e+03    -  1.45e-01 2.47e-01h  1
 255 -1.3785937e-01 1.32e+00 2.22e+01  -7.5 3.25e+03    -  2.37e-01 2.06e-01h  1
 256 -1.3807335e-01 1.46e+00 1.75e+01  -7.5 3.10e+03    -  2.50e-01 2.06e-01h  1
 257 -1.3821384e-01 1.37e+00 1.70e+02  -7.5 2.26e+03  -9.8 3.48e-02 6.05e-02h  1
 258 -1.3833636e-01 1.72e+00 1.60e+02  -7.5 3.38e+03 -10.3 9.82e-02 7.74e-02h  1
 259 -1.3850502e-01 1.11e+01 5.25e+02  -7.5 3.27e+03 -10.7 2.97e-02 2.38e-01h  1
iter    objective    inf_pr   inf_du lg(mu)  ||d||  lg(rg) alpha_du alpha_pr  ls
 260 -1.3852385e-01 1.10e+01 5.13e+02  -7.5 3.92e+03    -  1.21e-01 2.50e-02h  1
 261 -1.3865453e-01 8.91e+00 3.57e+02  -7.5 8.77e+02 -10.3 1.05e-01 3.00e-01h  1
 262 -1.3878327e-01 1.18e+01 2.54e+02  -7.5 1.96e+03 -10.8 2.39e-01 2.87e-01h  1
 263 -1.3894513e-01 8.16e+00 1.27e+02  -7.5 1.68e+03    -  5.29e-01 5.02e-01h  1
 264 -1.3901435e-01 5.41e+00 8.30e+01  -7.5 1.02e+03    -  3.24e-01 3.44e-01h  1
 265 -1.3904344e-01 5.33e+00 6.91e+01  -7.5 2.66e+03    -  4.10e-01 1.67e-01h  1
 266 -1.3910315e-01 4.13e+00 4.04e+01  -7.5 7.08e+02    -  5.80e-01 4.16e-01h  1
 267 -1.3913574e-01 4.64e+00 2.75e+01  -7.5 8.12e+02    -  1.15e-03 3.19e-01h  1
 268 -1.3914256e-01 4.43e+00 2.63e+01  -7.5 5.63e+02    -  2.33e-01 4.47e-02h  1
 269 -1.3919382e-01 2.21e+00 1.62e+02  -7.5 3.59e+02 -11.3 8.80e-05 4.57e-01h  1
iter    objective    inf_pr   inf_du lg(mu)  ||d||  lg(rg) alpha_du alpha_pr  ls
 270 -1.3919503e-01 2.19e+00 1.59e+02  -7.5 1.93e+04    -  4.89e-02 1.14e-02h  1
 271 -1.3922589e-01 1.92e+00 9.50e+01  -7.5 1.12e+03    -  2.48e-01 3.26e-01h  1
 272 -1.3931734e-01 1.10e+00 9.81e+01  -7.5 2.28e+02 -11.7 8.51e-05 1.00e+00f  1
 273 -1.3933563e-01 9.67e-01 4.87e+01  -7.5 6.46e+02 -12.2 2.63e-01 1.71e-01h  1
 274 -1.3935056e-01 8.41e-01 8.89e+01  -7.5 3.94e+02 -11.8 1.91e-02 1.55e-01h  1
 275 -1.3936921e-01 7.55e-01 6.18e+01  -7.5 1.21e+03    -  2.16e-01 1.95e-01h  1
 276 -1.3940145e-01 2.94e+00 1.56e+02  -7.5 1.48e+03    -  1.10e-01 3.32e-01h  1
 277 -1.3948419e-01 4.33e+00 5.14e+02  -7.5 4.58e+02 -12.3 2.93e-01 9.04e-01h  1
 278 -1.3955314e-01 4.41e+00 6.24e+02  -7.5 6.40e+02    -  4.69e-01 6.50e-01h  1
 279 -1.3958826e-01 3.52e+00 2.03e+02  -7.5 9.24e+02    -  3.57e-01 3.07e-01h  1
iter    objective    inf_pr   inf_du lg(mu)  ||d||  lg(rg) alpha_du alpha_pr  ls
 280 -1.3962637e-01 2.78e+00 3.89e+03  -7.5 6.13e+02 -11.8 8.63e-01 2.76e-01h  1
 281 -1.3967288e-01 1.02e+01 1.78e+03  -7.5 2.99e+03    -  6.93e-02 2.84e-01h  1
 282 -1.3967348e-01 1.02e+01 6.69e+03  -7.5 2.32e+04 -11.4 3.03e-02 3.65e-03h  1
 283 -1.3969527e-01 9.24e+00 4.38e+03  -7.5 1.08e+03 -11.9 4.29e-01 5.44e-01h  1
 284 -1.3969603e-01 9.18e+00 5.44e+03  -7.5 1.69e+04    -  1.79e-01 8.02e-03h  1
 285 -1.3972960e-01 2.13e+01 4.48e+02  -7.5 1.66e+03    -  3.80e-01 7.04e-01h  1
 286 -1.3975340e-01 2.18e+01 6.08e+02  -7.5 2.41e+03    -  1.17e-02 2.79e-01h  1
 287 -1.3975542e-01 1.98e+01 1.34e+03  -7.5 6.99e+02    -  4.99e-03 9.33e-02h  1
 288 -1.3977083e-01 2.09e+01 7.89e+02  -7.5 2.92e+03 -10.6 3.61e-02 2.02e-01h  1
 289 -1.3977538e-01 1.92e+01 8.04e+02  -7.5 3.84e+03    -  2.76e-02 8.53e-02h  1
iter    objective    inf_pr   inf_du lg(mu)  ||d||  lg(rg) alpha_du alpha_pr  ls
 290 -1.3977970e-01 1.77e+01 8.05e+02  -7.5 1.59e+03    -  3.68e-02 8.92e-02h  1
 291 -1.3978217e-01 1.75e+01 8.01e+02  -7.5 5.73e+03    -  1.13e-02 2.26e-02h  1
 292 -1.3980602e-01 4.15e+01 9.87e+02  -7.5 3.36e+03    -  2.13e-02 4.30e-01h  1
 293 -1.3981251e-01 2.74e+01 5.19e+03  -7.5 9.48e+02 -11.0 2.05e-02 3.55e-01h  1
 294 -1.3980954e-01 2.71e+01 4.95e+03  -7.5 1.65e+04 -11.5 5.12e-02 1.17e-02h  5
 295 -1.3981926e-01 1.84e+01 1.49e+03  -7.5 1.01e+03 -11.1 6.57e-01 4.50e-01h  1
 296 -1.3984132e-01 4.30e+01 7.00e+02  -7.5 1.32e+05    -  9.94e-03 9.35e-03h  1
 297 -1.3984215e-01 1.47e+00 1.02e+04  -7.5 1.82e+02    -  3.50e-01 1.00e+00h  1
 298 -1.3985885e-01 1.73e+01 2.76e+03  -7.5 1.08e+03    -  4.85e-02 9.18e-01h  1
 299 -1.3985665e-01 6.73e-01 4.54e+02  -7.5 1.18e+02    -  1.93e-01 1.00e+00h  1
iter    objective    inf_pr   inf_du lg(mu)  ||d||  lg(rg) alpha_du alpha_pr  ls
 300 -1.3985706e-01 7.65e-02 3.02e+00  -7.5 2.49e+01    -  1.00e+00 1.00e+00h  1
 301 -1.3987278e-01 1.78e+01 6.26e+01  -7.5 9.43e+02    -  8.21e-02 1.00e+00h  1
 302 -1.3988360e-01 7.60e+00 3.36e+01  -7.5 6.12e+02    -  6.14e-02 1.00e+00h  1
 303 -1.3988400e-01 7.61e+00 3.36e+01  -7.5 1.10e+05 -11.6 1.92e-02 1.95e-04h  2
 304 -1.3988453e-01 6.42e+00 2.84e+01  -7.5 1.61e+02    -  1.00e+00 1.59e-01h  1
 305 -1.3988521e-01 2.43e-02 4.91e-01  -7.5 3.49e+01    -  1.00e+00 1.00e+00h  1
 306 -1.3988512e-01 8.64e-04 2.60e-02  -7.5 6.58e+00    -  9.63e-01 1.00e+00h  1
 307 -1.3988513e-01 6.49e-06 6.79e-05  -7.5 5.67e-01    -  1.00e+00 1.00e+00h  1
 308 -1.3988513e-01 1.80e-08 2.60e-07  -7.5 2.99e-02    -  1.00e+00 1.00e+00h  1
 309 -1.3988929e-01 1.93e-01 1.91e+00  -9.0 2.25e+02    -  3.70e-01 4.44e-01h  1
iter    objective    inf_pr   inf_du lg(mu)  ||d||  lg(rg) alpha_du alpha_pr  ls
 310 -1.3989846e-01 4.67e+01 1.51e+02  -9.0 5.07e+04    -  4.82e-02 3.02e-02h  1
 311 -1.3989999e-01 4.70e+01 1.57e+02  -9.0 4.03e+04    -  2.30e-02 5.39e-03h  1
 312 -1.3991211e-01 5.13e+01 1.73e+02  -9.0 2.53e+03    -  2.09e-02 6.22e-01h  1
 313 -1.3991251e-01 5.09e+01 1.71e+02  -9.0 4.26e+03    -  4.17e-04 8.16e-03h  1
 314 -1.3991804e-01 4.04e+01 8.25e+01  -9.0 1.51e+03    -  1.49e-02 2.73e-01h  1
 315 -1.3991925e-01 3.95e+01 8.02e+01  -9.0 3.08e+03    -  1.57e-02 2.66e-02h  1
 316 -1.3992711e-01 3.26e+01 5.65e+01  -9.0 1.64e+03    -  3.23e-01 2.90e-01h  1
 317 -1.3992966e-01 3.06e+01 5.25e+01  -9.0 1.69e+03    -  4.57e-02 7.09e-02h  1
 318 -1.3993357e-01 2.82e+01 1.51e+02  -9.0 1.70e+03    -  2.18e-01 9.46e-02h  1
 319 -1.3995125e-01 2.55e+01 5.32e+04  -9.0 1.62e+03    -  4.74e-03 3.95e-01h  1
iter    objective    inf_pr   inf_du lg(mu)  ||d||  lg(rg) alpha_du alpha_pr  ls
 320 -1.3995195e-01 2.53e+01 5.27e+04  -9.0 1.72e+03    -  4.28e-01 8.27e-03h  1
 321 -1.3995464e-01 2.44e+01 5.08e+04  -9.0 3.00e+03    -  2.00e-02 3.60e-02h  1
 322 -1.3995575e-01 2.37e+01 4.92e+04  -9.0 5.48e+03    -  5.35e-03 3.14e-02h  1
 323 -1.3995738e-01 2.23e+01 4.63e+04  -9.0 8.31e+02    -  3.39e-02 6.00e-02h  1
 324 -1.3996388e-01 1.74e+01 3.59e+04  -9.0 2.56e+02    -  1.12e-01 2.24e-01h  1
 325 -1.3998257e-01 7.56e+00 1.43e+04  -9.0 2.70e+02    -  6.50e-02 6.01e-01h  1
 326 -1.4002298e-01 1.68e+00 6.10e+02  -9.0 2.56e+02    -  6.45e-01 1.00e+00h  1
 327 -1.4003606e-01 1.25e+00 5.82e+02  -9.0 2.77e+02    -  3.26e-01 1.81e-01h  1
 328 -1.4005729e-01 1.09e+00 3.32e+03  -9.0 3.25e+02    -  4.81e-01 2.34e-01h  1
 329r-1.4005729e-01 1.09e+00 1.00e+03  -0.1 0.00e+00    -  0.00e+00 1.14e-08R  2
iter    objective    inf_pr   inf_du lg(mu)  ||d||  lg(rg) alpha_du alpha_pr  ls
 330r-1.4005594e-01 1.09e+00 7.76e+03  -0.1 4.83e+05    -  7.80e-09 3.75e-09f  1
 331 -1.4005594e-01 1.08e+00 9.97e+03  -9.0 5.15e+01    -  1.09e-06 4.12e-03h  1
 332 -1.4005397e-01 1.07e+00 1.14e+04  -9.0 7.58e+02    -  2.96e-05 8.33e-03h  1
 333 -1.4003544e-01 9.40e-01 5.09e+05  -9.0 1.46e+02    -  9.16e-05 1.31e-01h  1
 334 -1.4003095e-01 8.91e-01 4.95e+05  -9.0 9.79e+01    -  3.01e-02 5.30e-02h  1
 335 -1.3997271e-01 2.85e-01 2.26e+06  -9.0 1.00e+02    -  1.15e-01 6.82e-01h  1
 336 -1.3994666e-01 1.69e-01 1.53e+07  -9.0 1.19e+02    -  1.52e-01 5.93e-01h  1
 337 -1.3994695e-01 1.59e-01 1.45e+07  -9.0 2.09e+01    -  7.19e-01 6.21e-02h  1
 338 -1.3989270e-01 1.62e-01 3.83e+07  -9.0 8.77e+01    -  8.44e-04 9.84e-01h  1
 339 -1.3989417e-01 1.61e-01 3.80e+07  -9.0 1.20e+01  -3.7 2.80e-02 8.02e-03h  1
iter    objective    inf_pr   inf_du lg(mu)  ||d||  lg(rg) alpha_du alpha_pr  ls
 340 -1.3989603e-01 1.59e-01 3.75e+07  -9.0 3.42e+01  -4.2 1.08e-02 1.45e-02h  1
In iteration 340, 1 Slack too small, adjusting variable bound
 341 -1.3989881e-01 1.54e-01 3.64e+07  -9.0 1.00e+02  -4.7 4.37e-01 2.88e-02h  1
 342 -1.3989818e-01 1.50e-01 3.54e+07  -9.0 4.18e+02  -5.2 6.45e-02 2.78e-02h  3
 343 -1.3992597e-01 1.08e-01 2.54e+07  -9.0 8.75e+01  -4.7 4.59e-02 2.81e-01h  1
 344 -1.3992564e-01 1.08e-01 2.54e+07  -9.0 2.78e+03    -  7.50e-02 4.34e-04h  8
 345 -1.3992527e-01 1.08e-01 2.54e+07  -9.0 2.28e+03    -  5.70e-02 6.27e-04h  8
 346 -1.3992430e-01 1.08e-01 2.54e+07  -9.0 2.51e+03    -  1.77e-02 5.88e-04h  8
 347 -1.3992413e-01 1.08e-01 2.54e+07  -9.0 8.82e+03    -  2.39e-03 5.90e-05h  9
 348 -1.3992383e-01 1.08e-01 2.54e+07  -9.0 8.18e+03    -  1.43e-04 6.36e-05h  9
 349 -1.3992352e-01 1.08e-01 2.54e+07  -9.0 7.69e+03    -  1.26e-02 6.79e-05h  9
iter    objective    inf_pr   inf_du lg(mu)  ||d||  lg(rg) alpha_du alpha_pr  ls
 350 -1.3992323e-01 1.08e-01 2.54e+07  -9.0 6.56e+03    -  3.71e-04 7.66e-05h  9
 351 -1.3992293e-01 1.08e-01 2.54e+07  -9.0 6.23e+03    -  7.86e-04 8.09e-05h  9
 352 -1.3992264e-01 1.08e-01 2.54e+07  -9.0 5.90e+03    -  1.81e-03 8.55e-05h  9
 353 -1.3992235e-01 1.08e-01 2.54e+07  -9.0 5.56e+03    -  1.40e-03 9.07e-05h  9
 354 -1.3984862e-01 4.23e-01 2.47e+07  -9.0 5.28e+03    -  2.35e-03 2.45e-02w  1
 355 -1.3985456e-01 4.10e-01 2.37e+07  -9.0 3.04e+02    -  2.09e-06 3.85e-02w  1
 356 -1.3985487e-01 4.09e-01 2.36e+07  -9.0 1.73e+03    -  6.91e-02 3.14e-03w  1
 357 -1.3992178e-01 1.08e-01 2.54e+07  -9.0 1.36e+03    -  2.35e-03 1.91e-04h  7
 358 -1.3992121e-01 1.08e-01 2.53e+07  -9.0 4.81e+03    -  2.40e-03 2.10e-04h  8
 359 -1.3992064e-01 1.07e-01 2.53e+07  -9.0 4.42e+03    -  5.47e-03 2.30e-04h  8
iter    objective    inf_pr   inf_du lg(mu)  ||d||  lg(rg) alpha_du alpha_pr  ls
 360 -1.3992008e-01 1.07e-01 2.53e+07  -9.0 4.05e+03    -  3.12e-03 2.50e-04h  8
 361 -1.3991953e-01 1.07e-01 2.53e+07  -9.0 3.76e+03    -  8.62e-02 2.70e-04h  8
 362 -1.3991858e-01 1.07e-01 2.53e+07  -9.0 2.82e+03    -  3.85e-03 6.37e-04h  7
 363 -1.3991764e-01 1.07e-01 2.53e+07  -9.0 2.50e+03    -  1.35e-01 7.32e-04h  7
 364 -1.3991679e-01 1.07e-01 2.52e+07  -9.0 8.01e+02    -  6.05e-02 4.27e-03h  1
 365 -1.3991598e-01 1.07e-01 2.51e+07  -9.0 1.60e+03    -  6.99e-02 1.45e-03h  6
 366 -1.3991550e-01 1.06e-01 2.51e+07  -9.0 1.14e+03    -  7.66e-02 2.81e-03h  5
 367 -1.3991623e-01 1.06e-01 2.50e+07  -9.0 1.02e+03    -  4.18e-02 4.37e-03h  3
 368 -1.3991766e-01 1.07e-01 2.48e+07  -9.0 1.14e+03    -  4.74e-02 4.86e-03h  2
 369 -1.3991930e-01 1.07e-01 2.47e+07  -9.0 1.25e+03    -  2.11e-02 4.14e-03h  1
iter    objective    inf_pr   inf_du lg(mu)  ||d||  lg(rg) alpha_du alpha_pr  ls
 370 -1.3991930e-01 1.07e-01 2.47e+07  -9.0 1.29e+03    -  3.62e-03 1.84e-03h  5
 371 -1.3991931e-01 1.07e-01 2.46e+07  -9.0 1.29e+03    -  2.91e-03 2.21e-03h  4
 372 -1.3991933e-01 1.07e-01 2.46e+07  -9.0 1.30e+03    -  2.70e-04 3.16e-03h  4
 373 -1.3991863e-01 1.05e-01 2.37e+07  -9.0 3.14e+02    -  2.27e-06 3.32e-02h  2
 374 -1.3991693e-01 9.80e-02 2.19e+07  -9.0 1.62e+02    -  4.93e-02 7.29e-02h  1
 375 -1.3991650e-01 9.65e-02 2.15e+07  -9.0 1.58e+02    -  1.67e-01 1.55e-02h  1
 376 -1.3991348e-01 8.89e-02 1.97e+07  -9.0 1.89e+02    -  3.47e-01 8.00e-02h  1
 377 -1.3991111e-01 8.51e-02 1.89e+07  -9.0 2.70e+02    -  2.11e-01 4.27e-02h  5
 378 -1.3990849e-01 8.15e-02 1.81e+07  -9.0 3.00e+02    -  5.02e-01 4.33e-02h  5
 379 -1.3990685e-01 8.03e-02 1.77e+07  -9.0 3.94e+02    -  2.61e-01 2.00e-02h  6
iter    objective    inf_pr   inf_du lg(mu)  ||d||  lg(rg) alpha_du alpha_pr  ls
 380 -1.3990532e-01 7.94e-02 1.73e+07  -9.0 3.68e+02    -  3.96e-01 1.98e-02h  6
 381 -1.3989436e-01 4.61e-02 9.27e+06  -9.0 2.42e+01  -5.2 2.62e-01 4.21e-01h  1
 382 -1.3989043e-01 4.19e-02 7.36e+06  -9.0 9.68e+01    -  7.48e-01 2.05e-01h  3
 383 -1.3988831e-01 8.63e-03 7.45e+05  -9.0 1.70e+01  -5.7 4.60e-01 8.80e-01h  1
 384 -1.3988852e-01 8.62e-03 7.44e+05  -9.0 1.08e+03    -  9.99e-07 1.74e-03h  1
 385 -1.3990674e-01 3.24e-03 2.95e+04  -9.0 1.23e+01    -  3.98e-04 9.63e-01f  1
 386 -1.3991193e-01 7.08e-04 3.74e+06  -9.0 5.73e+00    -  1.75e-04 1.00e+00h  1
 387 -1.3991454e-01 6.77e-04 1.39e+00  -9.0 5.61e+00    -  9.76e-01 1.00e+00h  1
 388 -1.3991919e-01 1.12e-01 1.04e+00  -9.0 2.90e+02    -  8.54e-01 2.49e-01h  2
 389 -1.3991965e-01 6.77e-02 6.27e-01  -9.0 2.99e-01  -6.2 3.03e-01 3.97e-01h  1
iter    objective    inf_pr   inf_du lg(mu)  ||d||  lg(rg) alpha_du alpha_pr  ls
 390 -1.3992056e-01 8.47e-03 7.79e-02  -9.0 7.42e-01  -6.6 9.81e-01 8.75e-01h  1
 391 -1.3992204e-01 6.86e-04 3.14e-04  -9.0 2.13e+00  -7.1 9.80e-01 1.00e+00h  1
 392 -1.3992285e-01 7.11e-04 1.16e-02  -9.0 4.65e+00  -7.6 1.00e+00 3.12e-01h  1
 393 -1.3992510e-01 5.34e-03 8.30e-03  -9.0 1.50e+01  -8.1 1.00e+00 1.00e+00f  1
 394 -1.3993225e-01 7.27e-02 4.88e-02  -9.0 5.54e+01  -8.5 1.00e+00 1.00e+00h  1
 395 -1.3998836e-01 1.69e+00 2.51e+00  -9.0 9.75e+02  -9.0 2.31e-02 1.86e-01H  1
 396 -1.3998927e-01 1.57e+00 1.64e+03  -9.0 7.08e+01  -8.6 5.49e-01 7.51e-02h  1
 397 -1.3999360e-01 1.56e+00 3.82e+03  -9.0 7.10e+03    -  3.18e-02 2.10e-03h  1
 398 -1.4004243e-01 1.41e+00 3.33e+03  -9.0 1.47e+03    -  1.05e-01 1.09e-01h  1
 399 -1.4004224e-01 1.39e+00 3.63e+03  -9.0 7.30e+01  -6.4 1.02e-02 1.54e-02h  1
iter    objective    inf_pr   inf_du lg(mu)  ||d||  lg(rg) alpha_du alpha_pr  ls
 400 -1.4004276e-01 1.38e+00 2.99e+03  -9.0 5.94e+01  -6.8 2.91e-01 7.71e-03h  1
 401 -1.4005157e-01 1.28e+00 6.00e+03  -9.0 6.66e+02    -  3.45e-01 7.22e-02h  1
In iteration 401, 1 Slack too small, adjusting variable bound
 402 -1.4005479e-01 1.19e+00 7.45e+03  -9.0 4.98e+01  -7.3 4.31e-02 7.48e-02h  1
 403 -1.4006100e-01 1.11e+00 7.47e+03  -9.0 1.05e+02  -7.8 8.11e-02 6.08e-02h  1
 404 -1.4006123e-01 1.11e+00 7.95e+03  -9.0 1.28e+03    -  3.01e-02 1.14e-03h  1
 405 -1.4007944e-01 2.45e-01 6.02e+04  -9.0 6.58e+01  -8.3 3.39e-02 8.02e-01h  1
 406 -1.4008069e-01 2.40e-01 5.88e+04  -9.0 3.99e+02    -  3.08e-02 2.13e-02h  1
 407 -1.4009976e-01 3.26e-01 7.22e+03  -9.0 1.23e+02  -8.8 3.42e-03 1.00e+00f  1
 408 -1.4010523e-01 3.25e-01 6.84e+03  -9.0 3.03e+02    -  2.54e-02 1.59e-01h  1
 409 -1.4011539e-01 2.43e-01 4.80e+03  -9.0 1.05e+02  -9.2 1.38e-01 1.00e+00f  1
iter    objective    inf_pr   inf_du lg(mu)  ||d||  lg(rg) alpha_du alpha_pr  ls
 410 -1.4011776e-01 1.30e-01 1.38e+02  -9.0 3.31e+01  -9.7 9.86e-01 4.89e-01h  1
 411 -1.4011766e-01 1.26e-01 7.53e+01  -9.0 4.61e+02    -  1.00e+00 3.24e-02h  2
 412 -1.4011449e-01 1.65e-02 7.53e-02  -9.0 2.94e+01    -  9.82e-01 1.00e+00h  1
 413 -1.4011445e-01 6.91e-05 1.50e-04  -9.0 1.87e+00    -  1.00e+00 1.00e+00h  1
 414 -1.4011445e-01 8.49e-09 2.57e-06  -9.0 3.51e-03    -  1.00e+00 1.00e+00h  1
 415 -1.4011445e-01 3.05e-10 1.62e-09  -9.0 5.14e-05    -  1.00e+00 1.00e+00h  1

Number of Iterations....: 415

                                   (scaled)                 (unscaled)
Objective...............:  -1.4011444980088969e-01   -1.4011444980088969e-01
Dual infeasibility......:   1.6193165142119881e-09    1.6193165142119881e-09
Constraint violation....:   3.0548435319983219e-10    3.0548435319983219e-10
Complementarity.........:   9.0914805777151013e-10    9.0914805777151013e-10
Overall NLP error.......:   1.2305139780841110e-09    1.6193165142119881e-09


Number of objective function evaluations             = 889
Number of objective gradient evaluations             = 412
Number of equality constraint evaluations            = 893
Number of inequality constraint evaluations          = 890
Number of equality constraint Jacobian evaluations   = 422
Number of inequality constraint Jacobian evaluations = 422
Number of Lagrangian Hessian evaluations             = 415
Total CPU secs in IPOPT (w/o function evaluations)   =    173.653
Total CPU secs in NLP function evaluations           =      7.826

EXIT: Optimal Solution Found.
