
List of user-set options:

                                    Name   Value                used
                           compl_inf_tol = 1                     yes
                         constr_viol_tol = 1                     yes
                            dual_inf_tol = 1000                  yes
                           linear_solver = ma97                  yes
                              ma86_small = 1e-30                  no
                                  ma86_u = 0.0001                 no
                              ma97_order = best                  yes
                              ma97_small = 1e-30                 yes
                            ma97_switch1 = at_start              yes
                            ma97_switch2 = od_hd_reuse           yes
                                  ma97_u = 1e-06                 yes
                               ma97_umax = 0.5                   yes
                                max_iter = 2000                  yes
                    max_refinement_steps = 20                    yes
                    min_refinement_steps = 5                     yes
                                 mu_init = 1e-06                 yes
           mu_superlinear_decrease_power = 1.25                  yes
                   nlp_scaling_min_value = 1e-08                 yes
                        option_file_name = Preset_Case:_272_NCP.opt  yes
                             output_file = ./tmp/Preset_Case:_272_NCP.output  yes
                      print_user_options = yes                   yes
        required_infeasibility_reduction = 1                      no
                                     tol = 1e-08                 yes
                   warm_start_bound_frac = 1e-20                 yes
                   warm_start_bound_push = 1e-20                 yes
                   warm_start_init_point = yes                   yes
              warm_start_mult_bound_push = 1e-20                 yes
                warm_start_mult_init_max = 1e+40                 yes
             warm_start_slack_bound_frac = 1e-20                 yes
             warm_start_slack_bound_push = 1e-20                 yes

******************************************************************************
This program contains Ipopt, a library for large-scale nonlinear optimization.
 Ipopt is released as open source code under the Eclipse Public License (EPL).
         For more information visit http://projects.coin-or.org/Ipopt
******************************************************************************

This is Ipopt version 3.12.10, running with linear solver ma97.

Number of nonzeros in equality constraint Jacobian...:   117140
Number of nonzeros in inequality constraint Jacobian.:      213
Number of nonzeros in Lagrangian Hessian.............:    47462

Total number of variables............................:    29971
                     variables with only lower bounds:    11312
                variables with lower and upper bounds:    15132
                     variables with only upper bounds:        0
Total number of equality constraints.................:    29864
Total number of inequality constraints...............:       25
        inequality constraints with only lower bounds:        4
   inequality constraints with lower and upper bounds:        0
        inequality constraints with only upper bounds:       21

iter    objective    inf_pr   inf_du lg(mu)  ||d||  lg(rg) alpha_du alpha_pr  ls
   0 -2.7650019e-02 4.72e-02 1.00e+00  -6.0 0.00e+00    -  0.00e+00 0.00e+00   0
In iteration 0, 3 Slacks too small, adjusting variable bounds
   1 -2.7650019e-02 4.72e-02 5.51e+03  -6.0 8.17e+07  -4.0 3.86e-08 2.20e-17f  1
   2 -2.7522294e-02 4.70e-02 5.51e+03  -6.0 1.16e+03  -4.5 7.57e-05 4.71e-03f  1
   3 -2.7553530e-02 4.70e-02 5.47e+03  -6.0 1.21e+03  -5.0 8.19e-03 7.82e-04f  1
   4 -2.7651593e-02 4.67e-02 5.46e+03  -6.0 1.08e+03  -4.5 1.62e-03 5.22e-03f  1
   5 -2.7779478e-02 4.63e-02 5.44e+03  -6.0 1.10e+03  -5.0 3.81e-03 1.58e-03f  1
   6 -2.8878042e-02 2.84e+00 5.42e+03  -6.0 1.20e+03  -5.5 3.98e-03 2.02e-02h  1
   7 -2.9416519e-02 4.61e+00 5.42e+03  -6.0 1.17e+03  -6.0 7.32e-07 6.93e-03f  1
   8 -2.9271192e-02 7.17e+00 4.84e+03  -6.0 9.23e+02  -5.5 1.07e-01 1.12e-02f  1
Error in an AMPL evaluation. Run with "halt_on_ampl_error yes" to see details.
Warning: Cutting back alpha due to evaluation error
   9 -2.9628701e-02 7.05e+00 4.67e+03  -6.0 6.53e+02  -5.1 3.56e-02 5.39e-02h  2
iter    objective    inf_pr   inf_du lg(mu)  ||d||  lg(rg) alpha_du alpha_pr  ls
  10 -2.9930703e-02 6.80e+00 4.12e+03  -6.0 4.41e+02  -5.6 1.18e-01 4.05e-02h  1
  11 -2.9923157e-02 6.73e+00 3.93e+03  -6.0 4.60e+02  -6.1 4.50e-02 9.98e-03h  1
  12r-2.9923157e-02 6.73e+00 1.00e+03   0.6 0.00e+00  -4.7 0.00e+00 4.25e-07R  3
  13r-2.9767503e-02 6.74e+00 1.00e+03   0.6 2.37e+05    -  2.25e-09 2.94e-08f  1
  14r-2.9778030e-02 6.74e+00 2.85e+03   0.6 2.71e+04    -  1.96e-07 2.98e-08f  1
  15r-2.9850437e-02 6.73e+00 2.91e+03   0.6 1.68e+04    -  2.52e-07 4.89e-07f  1
  16 -2.9850307e-02 6.73e+00 2.28e+04  -6.0 2.74e+01    -  3.30e-03 9.08e-05h  1
  17 -2.9836617e-02 6.67e+00 1.92e+06  -6.0 1.68e+02    -  1.06e-04 8.70e-03h  1
  18 -2.9835240e-02 6.67e+00 1.92e+06  -6.0 1.64e+02    -  1.96e-02 7.90e-04h  1
  19 -2.9745516e-02 6.33e+00 1.82e+06  -6.0 1.63e+02    -  1.74e-02 5.07e-02h  1
iter    objective    inf_pr   inf_du lg(mu)  ||d||  lg(rg) alpha_du alpha_pr  ls
  20 -2.9613486e-02 5.86e+00 1.68e+06  -6.0 1.42e+02    -  1.67e-01 7.54e-02h  1
  21 -2.9412277e-02 5.16e+00 1.48e+06  -6.0 1.19e+02    -  2.02e-01 1.21e-01h  1
  22 -2.9215824e-02 4.43e+00 1.27e+06  -6.0 9.65e+01    -  1.26e-01 1.42e-01h  1
  23 -2.9035490e-02 3.69e+00 1.05e+06  -6.0 7.26e+01    -  3.52e-01 1.72e-01h  1
  24 -2.9127485e-02 3.41e+00 9.68e+05  -6.0 5.58e+01    -  4.78e-01 8.08e-02h  1
  25 -2.9128747e-02 3.40e+00 9.67e+05  -6.0 2.81e+02    -  1.20e-01 4.29e-04h  1
  26 -2.9877837e-02 2.43e+00 6.93e+05  -6.0 2.75e+02    -  1.42e-01 2.83e-01h  1
  27r-2.9877837e-02 2.43e+00 1.00e+03   0.1 0.00e+00    -  0.00e+00 2.82e-07R  5
  28r-2.9827184e-02 2.42e+00 2.31e+03   0.1 4.67e+03    -  1.10e-05 2.41e-06f  1
  29 -2.9827237e-02 2.42e+00 1.04e+07  -6.0 8.99e+01    -  5.68e-01 4.31e-05h  1
iter    objective    inf_pr   inf_du lg(mu)  ||d||  lg(rg) alpha_du alpha_pr  ls
  30 -3.0094038e-02 2.03e+00 3.49e+10  -6.0 5.29e+02    -  4.92e-05 1.65e-01h  1
  31r-3.0094038e-02 2.03e+00 1.00e+03   0.0 0.00e+00    -  0.00e+00 3.04e-07R  6
  32r-3.0084812e-02 2.03e+00 2.65e+03   0.0 6.11e+03    -  6.85e-06 1.30e-06f  1
  33 -3.0084905e-02 2.03e+00 6.69e+06  -6.0 7.64e+01    -  2.69e-01 6.47e-05h  1
  34 -3.0113346e-02 1.99e+00 1.71e+09  -6.0 2.17e+02    -  6.90e-05 1.76e-02h  1
  35 -3.0212778e-02 1.90e+00 1.63e+09  -6.0 1.03e+02    -  1.49e-02 4.47e-02h  1
  36 -3.0213289e-02 1.90e+00 1.63e+09  -6.0 7.16e+01    -  2.09e-02 2.14e-04h  1
  37 -1.5433142e-02 1.70e+00 1.45e+09  -6.0 7.05e+01    -  3.12e-04 1.10e-01h  3
  38 -1.3173243e-02 1.65e+00 1.41e+09  -6.0 6.18e+01    -  2.14e-01 3.04e-02h  5
  39 -1.2874688e-02 1.64e+00 1.40e+09  -6.0 5.91e+01    -  4.25e-01 4.78e-03h  8
iter    objective    inf_pr   inf_du lg(mu)  ||d||  lg(rg) alpha_du alpha_pr  ls
  40 -1.2826190e-02 1.64e+00 1.40e+09  -6.0 5.72e+01    -  4.49e-01 8.03e-04h 11
  41 -1.2819774e-02 1.64e+00 1.40e+09  -6.0 5.46e+01    -  2.67e-01 1.07e-04h 14
  42  3.7437880e-02 1.24e+00 2.20e+08  -6.0 5.28e+01    -  4.48e-01 8.42e-01h  1
  43  3.6246537e-03 7.17e-01 1.24e+08  -6.0 3.28e+01    -  5.38e-01 4.39e-01h  1
  44 -2.4079418e-02 5.81e-01 3.26e+07  -6.0 2.50e+01    -  6.69e-01 7.37e-01f  1
  45 -3.3168193e-02 3.07e-01 9.18e+06  -6.0 2.64e+01    -  7.73e-03 9.39e-01h  1
  46 -3.3093200e-02 1.93e+00 5.02e+07  -6.0 1.51e+02    -  6.33e-03 6.55e-01h  1
  47 -3.3114227e-02 1.88e+00 4.89e+07  -6.0 6.01e+00  -3.4 7.69e-02 2.62e-02h  1
  48 -3.3228933e-02 1.75e+00 4.53e+07  -6.0 9.23e+01    -  2.53e-01 7.26e-02h  1
  49 -3.4983407e-02 4.45e-01 3.03e+07  -6.0 9.68e+01    -  2.63e-02 1.00e+00h  1
iter    objective    inf_pr   inf_du lg(mu)  ||d||  lg(rg) alpha_du alpha_pr  ls
  50 -3.5598639e-02 2.65e-01 1.78e+07  -6.0 1.18e+01    -  4.34e-01 4.09e-01h  1
  51 -3.6571529e-02 1.02e-02 1.72e+05  -6.0 1.85e+01    -  4.75e-01 1.00e+00h  1
  52 -3.7923684e-02 3.43e-02 1.73e+04  -6.0 3.82e+01    -  6.06e-01 1.00e+00h  1
  53 -4.0577297e-02 1.22e-01 2.41e+03  -6.0 9.00e+01    -  5.86e-01 7.77e-01h  1
  54 -4.1435672e-02 1.09e-01 1.95e+03  -6.0 1.27e+02    -  1.40e-01 1.18e-01h  1
  55 -4.1481640e-02 1.08e-01 2.06e+03  -6.0 1.91e+02    -  1.60e-01 3.48e-03h  1
  56 -4.1489300e-02 1.06e-01 2.14e+03  -6.0 3.58e+00  -3.9 2.44e-03 2.24e-02h  1
  57 -4.3133260e-02 1.15e-01 1.69e+03  -6.0 1.38e+02    -  1.49e-03 1.99e-01f  1
  58 -4.3176985e-02 1.02e-01 1.54e+03  -6.0 2.64e+00  -4.4 9.79e-02 1.09e-01h  1
  59 -4.3426823e-02 7.90e-02 1.73e+03  -6.0 3.92e+00  -4.8 4.17e-02 2.34e-01h  1
iter    objective    inf_pr   inf_du lg(mu)  ||d||  lg(rg) alpha_du alpha_pr  ls
  60 -4.5843247e-02 1.66e-01 1.60e+03  -6.0 1.12e+01  -5.3 3.37e-01 9.62e-01f  1
  61 -4.9314380e-02 3.33e-01 1.51e+03  -6.0 1.15e+02  -5.8 2.04e-02 1.13e-01h  1
  62 -4.9720786e-02 3.17e-01 1.29e+03  -6.0 1.59e+01  -5.4 1.65e-01 5.53e-02h  1
  63 -5.1435441e-02 2.68e-01 1.00e+03  -6.0 6.35e+00  -4.9 1.83e-01 3.41e-01f  1
  64 -5.2512885e-02 2.60e-01 9.69e+02  -6.0 3.76e+02    -  3.04e-02 3.84e-02h  1
  65 -5.2761833e-02 2.55e-01 8.50e+02  -6.0 2.65e+02    -  1.64e-01 2.04e-02h  1
  66 -5.3672170e-02 2.79e-01 6.34e+02  -6.0 3.07e+02    -  3.33e-01 8.06e-02h  1
  67 -5.4584147e-02 4.67e-01 4.86e+02  -6.0 3.99e+02    -  3.61e-01 8.08e-02h  1
  68 -5.5272707e-02 5.60e-01 4.39e+02  -6.0 4.64e+02    -  1.66e-01 5.90e-02h  1
  69 -5.7360582e-02 4.13e+00 4.04e+02  -6.0 5.20e+03    -  1.26e-01 6.59e-02h  1
iter    objective    inf_pr   inf_du lg(mu)  ||d||  lg(rg) alpha_du alpha_pr  ls
  70 -6.2219155e-02 5.84e+00 3.04e+02  -6.0 1.68e+03    -  1.30e-01 2.79e-01h  1
  71 -6.3609486e-02 5.78e+00 2.82e+02  -6.0 2.32e+03    -  1.69e-01 5.37e-02h  1
  72 -7.2130112e-02 1.27e+01 1.98e+02  -6.0 2.64e+03    -  8.30e-02 3.03e-01h  1
  73 -7.3921545e-02 1.22e+01 1.77e+02  -6.0 2.06e+03    -  1.98e-01 7.14e-02h  1
  74 -7.7730022e-02 1.19e+01 1.52e+02  -6.0 2.04e+03    -  8.37e-02 1.59e-01h  1
  75 -8.0422233e-02 1.12e+01 1.37e+02  -6.0 1.80e+03    -  2.14e-02 1.18e-01h  1
  76 -8.3155845e-02 1.05e+01 1.16e+02  -6.0 1.65e+03    -  2.43e-01 1.21e-01h  1
  77 -8.5234531e-02 9.91e+00 1.08e+02  -6.0 3.16e+03    -  7.33e-02 7.68e-02h  1
  78 -8.8969362e-02 9.12e+00 8.68e+01  -6.0 3.53e+03    -  3.83e-01 1.50e-01h  1
  79 -8.9015864e-02 3.20e-01 8.62e+01  -6.0 2.90e+00  -5.4 2.22e-01 9.85e-01h  1
iter    objective    inf_pr   inf_du lg(mu)  ||d||  lg(rg) alpha_du alpha_pr  ls
  80 -8.9035112e-02 1.97e-01 6.98e+01  -6.0 2.61e+00  -5.9 1.82e-01 3.71e-01h  1
  81 -8.9261605e-02 5.51e-02 7.18e-01  -6.0 6.60e+00  -6.4 9.99e-01 1.00e+00f  1
  82 -8.9811959e-02 3.78e-02 7.63e+00  -6.0 1.95e+01  -6.8 6.81e-01 1.00e+00h  1
  83 -9.0829785e-02 5.26e-02 1.86e+01  -6.0 5.65e+01  -7.3 5.67e-01 1.00e+00h  1
  84 -9.2890544e-02 4.53e-01 1.59e+01  -6.0 1.54e+02  -7.8 1.00e+00 1.00e+00h  1
  85 -9.5838667e-02 1.65e+00 1.06e+01  -6.0 4.75e+02  -8.3 7.30e-01 5.74e-01h  1
  86 -1.0188824e-01 1.09e+01 7.04e+01  -6.0 1.42e+03  -8.8 9.15e-01 5.09e-01h  1
  87 -1.0212922e-01 1.07e+01 6.86e+01  -6.0 3.09e+03  -8.3 2.83e-06 8.42e-03H  1
  88 -1.0524271e-01 9.57e+00 1.35e+03  -6.0 1.11e+03  -8.8 5.56e-01 4.49e-01f  1
  89 -1.0494888e-01 1.03e+01 1.51e+03  -6.0 2.98e+03  -8.4 4.33e-02 1.02e-01h  1
iter    objective    inf_pr   inf_du lg(mu)  ||d||  lg(rg) alpha_du alpha_pr  ls
  90 -1.0495343e-01 4.82e+00 5.13e+03  -6.0 1.23e+02  -6.1 2.12e-01 5.38e-01h  1
  91 -1.0529009e-01 1.28e+00 4.19e+03  -6.0 2.25e+02  -6.6 1.67e-01 8.77e-01h  1
  92 -1.0542704e-01 2.27e-02 9.74e-01  -6.0 2.66e+01  -7.1 1.00e+00 1.00e+00h  1
  93 -1.0610556e-01 1.15e-01 7.43e-01  -6.0 7.95e+01  -7.6 1.00e+00 1.00e+00h  1
  94 -1.0786991e-01 7.64e-01 5.49e+00  -6.0 2.13e+02  -8.1 1.00e+00 9.58e-01h  1
  95 -1.1121699e-01 3.50e+00 3.98e+00  -6.0 4.40e+02  -8.5 1.00e+00 1.00e+00h  1
  96 -1.1219295e-01 4.00e+00 6.14e+01  -6.0 3.71e+03  -9.0 7.22e-02 7.37e-02h  1
  97 -1.1450446e-01 4.61e+00 2.75e+03  -6.0 5.32e+02  -8.6 1.53e-01 8.32e-01h  1
  98 -1.1651467e-01 1.59e+01 1.98e+02  -6.0 3.61e+03  -9.1 3.52e-01 2.17e-01h  1
  99 -1.1718537e-01 1.45e+01 2.00e+02  -6.0 3.01e+03  -9.5 7.12e-02 8.87e-02h  1
iter    objective    inf_pr   inf_du lg(mu)  ||d||  lg(rg) alpha_du alpha_pr  ls
 100 -1.1765098e-01 1.37e+01 1.12e+04  -6.0 1.55e+03  -9.1 5.87e-01 7.90e-02h  1
 101 -1.1886922e-01 1.32e+01 1.75e+04  -6.0 3.53e+03  -9.6 5.21e-01 1.32e-01h  1
 102 -1.2029958e-01 1.38e+01 1.66e+04  -6.0 2.28e+04 -10.1 2.49e-02 3.08e-02h  1
 103 -1.2048021e-01 1.32e+01 2.75e+04  -6.0 9.30e+02  -9.6 4.61e-01 4.55e-02h  1
 104 -1.2274326e-01 7.75e+00 6.43e+03  -6.0 3.23e+03 -10.1 7.24e-02 4.47e-01h  1
 105 -1.2376810e-01 6.88e+00 1.21e+03  -6.0 3.57e+03  -9.7 1.58e-01 2.19e-01h  1
 106r-1.2376810e-01 6.88e+00 1.00e+03   0.7 0.00e+00 -10.2 0.00e+00 3.45e-07R  5
 107r-1.2374557e-01 6.87e+00 1.93e+03   0.7 1.08e+07    -  1.69e-06 4.96e-07f  1
 108 -1.2444963e-01 6.82e+00 2.93e+02  -6.0 9.02e+04    -  1.29e-02 7.33e-03h  1
 109 -1.2490731e-01 8.43e+00 2.64e+03  -6.0 1.11e+05    -  4.10e-02 5.01e-02f  1
iter    objective    inf_pr   inf_du lg(mu)  ||d||  lg(rg) alpha_du alpha_pr  ls
 110 -1.2569055e-01 9.73e+00 1.93e+03  -6.0 9.04e+04    -  3.33e-02 1.95e-02h  1
 111 -1.2584482e-01 9.62e+00 7.73e+02  -6.0 4.47e+04    -  3.19e-02 9.63e-03h  1
 112 -1.2627385e-01 9.11e+00 2.71e+03  -6.0 4.30e+04    -  4.50e-05 3.99e-02f  1
 113 -1.2646510e-01 8.79e+00 1.14e+03  -6.0 3.67e+04    -  9.56e-02 2.81e-02h  1
 114 -1.2682380e-01 8.42e+00 6.25e+02  -6.0 7.03e+02  -7.9 5.65e-04 2.73e-02h  1
 115 -1.2742041e-01 8.10e+00 1.68e+03  -6.0 1.29e+03  -8.4 1.51e-02 3.69e-02h  1
 116 -1.2743107e-01 8.10e+00 1.32e+03  -6.0 3.39e+03  -8.9 1.21e-02 3.05e-04h  1
 117 -1.2852440e-01 7.89e+00 2.00e+03  -6.0 3.80e+04    -  4.02e-03 2.07e-02h  1
 118 -1.2886353e-01 7.62e+00 2.70e+03  -6.0 3.03e+02  -7.6 1.62e-02 5.87e-02h  1
 119 -1.2912839e-01 8.72e+00 2.47e+03  -6.0 7.37e+02  -8.0 4.85e-02 4.50e-02h  1
iter    objective    inf_pr   inf_du lg(mu)  ||d||  lg(rg) alpha_du alpha_pr  ls
 120 -1.3021922e-01 3.81e+01 4.70e+03  -6.0 1.83e+03  -8.5 8.34e-02 1.46e-01h  1
 121 -1.3023651e-01 3.78e+01 6.14e+03  -6.0 6.15e+02  -9.0 1.60e-01 6.86e-03h  1
 122 -1.3043902e-01 3.04e+01 4.32e+03  -6.0 2.92e+02  -8.6 1.84e-01 1.96e-01h  1
 123 -1.3058340e-01 2.87e+01 1.10e+04  -6.0 4.19e+03    -  1.23e-01 5.70e-02h  1
 124 -1.3087543e-01 2.43e+01 1.47e+04  -6.0 2.86e+03    -  2.04e-01 1.56e-01h  1
 125 -1.3130045e-01 1.83e+01 4.08e+04  -6.0 1.50e+03    -  4.14e-01 2.49e-01h  1
 126 -1.3165028e-01 1.65e+01 3.81e+04  -6.0 5.77e+03    -  1.09e-01 1.05e-01h  1
 127 -1.3175548e-01 1.59e+01 1.07e+05  -6.0 3.39e+03    -  1.21e-01 3.62e-02h  1
 128 -1.3206825e-01 1.22e+01 1.09e+07  -6.0 2.20e+03    -  6.92e-03 2.53e-01h  1
 129 -1.3212484e-01 9.96e+00 8.86e+06  -6.0 2.32e+03    -  1.26e-01 1.89e-01h  1
iter    objective    inf_pr   inf_du lg(mu)  ||d||  lg(rg) alpha_du alpha_pr  ls
 130 -1.3212416e-01 1.50e+01 3.81e+06  -6.0 1.75e+03    -  3.28e-02 5.70e-01h  1
 131 -1.3212651e-01 1.39e+01 3.77e+06  -6.0 2.46e+04    -  3.26e-04 1.20e-02H  1
 132 -1.3225066e-01 6.15e+00 6.28e+03  -6.0 7.12e+02    -  2.28e-01 1.00e+00h  1
 133 -1.3267054e-01 3.54e+00 3.62e+03  -6.0 1.19e+02  -8.1 4.36e-01 4.25e-01h  1
 134 -1.3224180e-01 2.05e-01 4.26e+01  -6.0 8.52e+01  -8.6 1.00e+00 1.00e+00h  1
 135 -1.3265217e-01 1.82e-01 1.60e+03  -6.0 8.59e+01  -9.1 3.00e-02 6.73e-01h  1
 136 -1.3292404e-01 3.66e-01 2.15e+01  -6.0 1.14e+02  -9.6 7.12e-01 1.00e+00h  1
 137 -1.3310339e-01 4.15e-01 5.95e+01  -6.0 2.17e+02 -10.1 4.18e-01 7.49e-01h  1
 138 -1.3314443e-01 9.98e-01 2.74e+02  -6.0 1.69e+03    -  1.00e+00 1.48e-01h  1
 139 -1.3337936e-01 8.73e-01 3.92e+01  -6.0 3.00e+02    -  5.99e-01 9.89e-01h  1
iter    objective    inf_pr   inf_du lg(mu)  ||d||  lg(rg) alpha_du alpha_pr  ls
 140 -1.3351678e-01 1.11e+00 8.21e+01  -6.0 1.85e+02  -9.6 7.02e-01 6.11e-01h  1
 141 -1.3359514e-01 7.62e-01 5.25e+02  -6.0 4.50e+02 -10.1 5.82e-01 3.37e-01h  1
 142 -1.3361595e-01 1.04e+00 2.66e+03  -6.0 5.78e+02    -  1.00e+00 8.33e-02h  1
 143 -1.3385781e-01 2.54e+00 1.54e+02  -6.0 4.64e+02    -  7.61e-01 1.00e+00h  1
 144 -1.3389431e-01 2.64e+00 7.49e+03  -6.0 1.36e+03    -  1.00e+00 1.49e-01h  1
 145 -1.3413075e-01 3.63e+00 3.00e+03  -6.0 5.55e+02    -  1.34e-01 1.00e+00h  1
 146 -1.3414459e-01 3.50e+00 7.28e+03  -6.0 1.43e+03    -  3.12e-01 5.66e-02h  1
 147 -1.3424643e-01 2.08e+00 9.64e+03  -6.0 2.94e+02    -  1.78e-02 4.06e-01h  1
 148 -1.3438665e-01 1.88e+00 2.03e+07  -6.0 4.64e+02    -  1.37e-03 1.00e+00h  1
 149 -1.3422784e-01 1.33e+00 3.90e+02  -6.0 4.18e+02    -  1.00e+00 1.00e+00h  1
iter    objective    inf_pr   inf_du lg(mu)  ||d||  lg(rg) alpha_du alpha_pr  ls
 150 -1.3432032e-01 1.22e+00 2.33e+02  -6.0 3.95e+02    -  3.37e-01 4.08e-01h  1
 151 -1.3428920e-01 7.05e-02 3.96e-01  -6.0 7.01e+01    -  1.00e+00 1.00e+00h  1
 152 -1.3431038e-01 6.36e-01 3.49e+00  -6.0 2.63e+02    -  4.33e-01 3.67e-01h  1
 153 -1.3431028e-01 5.05e-01 1.28e+00  -6.0 1.16e+02    -  1.00e+00 1.00e+00H  1
 154 -1.3427298e-01 7.11e-01 4.31e+00  -6.0 4.02e+04  -9.7 4.16e-03 3.32e-03h  1
 155 -1.3418789e-01 1.28e+00 8.01e+00  -6.0 2.09e+02    -  1.00e+00 1.00e+00h  1
 156 -1.3416968e-01 1.09e+00 1.35e+01  -6.0 2.77e+02    -  3.60e-01 2.69e-01h  1
 157 -1.3413954e-01 9.96e-01 6.91e+01  -6.0 2.24e+02    -  1.00e+00 6.68e-01h  1
 158 -1.3431125e-01 6.07e-01 1.64e+02  -6.0 1.51e+02    -  5.01e-01 7.48e-01h  1
 159 -1.3425669e-01 2.55e-01 9.69e+01  -6.0 3.57e+01  -7.4 1.00e+00 5.90e-01h  1
iter    objective    inf_pr   inf_du lg(mu)  ||d||  lg(rg) alpha_du alpha_pr  ls
 160 -1.3416859e-01 3.59e-02 1.84e+01  -6.0 3.61e+01  -7.9 7.96e-01 1.00e+00h  1
 161 -1.3415880e-01 2.63e-01 2.04e+00  -6.0 9.70e+01  -8.4 1.00e+00 1.00e+00h  1
 162 -1.3416539e-01 1.33e+00 1.10e+01  -6.0 3.65e+02  -8.9 6.49e-01 5.75e-01h  1
 163 -1.3414033e-01 2.52e-01 2.08e+01  -6.0 9.48e+01    -  1.00e+00 1.00e+00h  1
 164 -1.3415859e-01 1.41e+00 2.17e+02  -6.0 2.08e+03  -9.4 9.49e-02 9.98e-02h  1
 165 -1.3417245e-01 1.57e+00 1.32e+03  -6.0 2.60e+02    -  1.00e+00 8.74e-01h  1
 166 -1.3418354e-01 5.35e-02 2.44e+06  -6.0 9.01e+01    -  7.93e-03 1.00e+00h  1
 167 -1.3414848e-01 4.60e-02 1.67e+02  -6.0 8.62e+01    -  1.00e+00 1.00e+00h  1
 168 -1.3412633e-01 9.32e-01 5.78e+01  -6.0 2.87e+02    -  6.44e-01 6.50e-01h  1
 169 -1.3406768e-01 8.83e-02 4.88e-01  -6.0 5.44e+01    -  1.00e+00 1.00e+00h  1
iter    objective    inf_pr   inf_du lg(mu)  ||d||  lg(rg) alpha_du alpha_pr  ls
 170 -1.3405421e-01 1.25e-02 6.17e-02  -6.0 2.03e+01    -  1.00e+00 1.00e+00h  1
 171 -1.3405395e-01 2.59e-06 6.09e-05  -6.0 3.09e-01    -  1.00e+00 1.00e+00h  1
 172 -1.3405395e-01 1.93e-09 9.77e-09  -6.0 7.96e-03    -  1.00e+00 1.00e+00h  1
 173 -1.3438767e-01 2.59e+00 2.64e+01  -7.5 2.66e+03    -  1.59e-01 2.43e-01f  1
 174 -1.3452872e-01 3.32e+00 6.51e+01  -7.5 2.21e+03    -  4.46e-01 1.85e-01h  1
 175 -1.3489235e-01 2.45e+01 6.15e+01  -7.5 2.42e+03    -  1.39e-01 5.00e-01h  1
 176 -1.3499129e-01 2.17e+01 6.14e+01  -7.5 6.03e+03    -  9.26e-02 1.16e-01h  1
 177 -1.3517754e-01 1.50e+01 1.23e+02  -7.5 6.08e+02  -9.8 7.56e-02 3.13e-01h  1
 178 -1.3522231e-01 1.46e+01 1.24e+02  -7.5 2.05e+03    -  2.33e-02 4.13e-02h  1
 179 -1.3524218e-01 1.44e+01 1.07e+02  -7.5 3.98e+03    -  5.48e-02 1.06e-02h  1
iter    objective    inf_pr   inf_du lg(mu)  ||d||  lg(rg) alpha_du alpha_pr  ls
 180 -1.3539491e-01 1.31e+01 1.03e+02  -7.5 5.78e+03    -  7.40e-02 8.82e-02h  1
 181 -1.3556102e-01 1.10e+01 1.06e+02  -7.5 1.59e+03    -  1.65e-01 2.64e-01h  1
 182 -1.3566080e-01 9.65e+00 1.07e+02  -7.5 1.43e+03    -  9.40e-02 1.62e-01h  1
 183 -1.3568742e-01 9.36e+00 8.83e+01  -7.5 6.25e+03 -10.3 2.13e-01 3.05e-02h  1
 184 -1.3588147e-01 8.60e+00 1.33e+02  -7.5 1.03e+03    -  5.44e-01 3.36e-01h  1
 185r-1.3588147e-01 8.60e+00 9.99e+02   0.8 0.00e+00    -  0.00e+00 2.23e-07R  2
 186r-1.3582067e-01 8.60e+00 9.99e+02   0.8 9.04e+07    -  1.52e-08 3.60e-08f  1
 187 -1.3589804e-01 8.08e+00 3.27e+02  -7.5 9.52e+03    -  4.97e-02 1.07e-01h  1
 188 -1.3627482e-01 7.44e+00 2.16e+02  -7.5 7.49e+03    -  3.69e-03 2.00e-01h  1
 189 -1.3633264e-01 7.42e+00 2.96e+02  -7.5 3.50e+03    -  3.02e-01 9.73e-02h  1
iter    objective    inf_pr   inf_du lg(mu)  ||d||  lg(rg) alpha_du alpha_pr  ls
 190 -1.3638321e-01 7.74e+00 2.81e+02  -7.5 2.14e+03    -  1.50e-01 1.13e-01h  1
 191 -1.3643305e-01 9.56e+00 3.03e+02  -7.5 1.87e+03    -  3.54e-01 2.19e-01h  1
 192 -1.3649397e-01 1.39e+01 3.84e+02  -7.5 1.78e+03    -  5.50e-01 3.32e-01h  1
 193 -1.3669644e-01 2.00e+01 5.22e+02  -7.5 1.31e+03    -  1.36e-01 6.14e-01h  1
 194 -1.3700430e-01 1.31e+01 3.26e+03  -7.5 1.06e+03    -  2.62e-01 1.00e+00h  1
 195 -1.3705312e-01 1.13e+01 4.76e+03  -7.5 4.27e+02 -10.8 2.90e-02 1.35e-01h  1
 196 -1.3712935e-01 9.07e+00 2.20e+03  -7.5 1.13e+03 -11.3 2.64e-01 1.99e-01h  1
 197 -1.3727041e-01 4.04e+01 1.10e+04  -7.5 4.84e+03 -11.7 6.70e-02 3.36e-01h  1
 198 -1.3731383e-01 3.82e+01 8.94e+03  -7.5 2.85e+03    -  8.09e-02 6.81e-02h  1
 199 -1.3733785e-01 3.90e+01 7.78e+03  -7.5 1.32e+04    -  3.68e-02 3.01e-02h  1
iter    objective    inf_pr   inf_du lg(mu)  ||d||  lg(rg) alpha_du alpha_pr  ls
 200 -1.3734973e-01 4.04e+01 4.89e+03  -7.5 2.90e+04    -  3.50e-02 1.32e-02h  1
 201 -1.3735371e-01 5.40e+01 2.83e+06  -7.5 2.80e+05 -12.2 3.84e-05 3.69e-03h  2
 202 -1.3736872e-01 5.17e+01 2.70e+06  -7.5 2.09e+03    -  2.15e-02 4.34e-02h  1
 203 -1.3745323e-01 2.26e+01 4.37e+05  -7.5 1.18e+03    -  3.93e-02 8.38e-01h  1
 204 -1.3745631e-01 2.18e+01 4.22e+05  -7.5 5.19e+03 -11.8 5.00e-02 3.53e-02h  1
 205 -1.3750288e-01 7.28e+01 1.34e+05  -7.5 3.18e+03 -12.3 2.50e-01 6.80e-01h  1
 206 -1.3751649e-01 6.70e+01 1.23e+05  -7.5 5.23e+03    -  1.08e-01 8.57e-02h  1
 207 -1.3760134e-01 4.29e+01 7.05e+04  -7.5 3.00e+03    -  4.06e-02 4.25e-01h  1
 208 -1.3763893e-01 5.16e+01 6.55e+04  -7.5 1.38e+04 -11.8 1.63e-02 7.09e-02h  1
 209 -1.3765164e-01 5.03e+01 6.38e+04  -7.5 1.33e+04    -  3.23e-02 2.60e-02h  1
iter    objective    inf_pr   inf_du lg(mu)  ||d||  lg(rg) alpha_du alpha_pr  ls
 210 -1.3765172e-01 5.02e+01 6.38e+04  -7.5 5.96e+03    -  1.18e-02 3.75e-04h  1
 211 -1.3766725e-01 4.52e+01 5.65e+04  -7.5 1.85e+03    -  2.59e-01 1.13e-01f  1
 212 -1.3773020e-01 3.92e+01 4.71e+04  -7.5 2.08e+03    -  9.40e-02 1.66e-01h  1
 213 -1.3774936e-01 3.66e+01 4.39e+04  -7.5 1.29e+03 -11.4 4.79e-02 6.78e-02h  1
 214 -1.3776891e-01 2.90e+01 3.40e+04  -7.5 1.71e+03    -  1.10e-01 2.26e-01h  1
 215 -1.3777917e-01 2.65e+01 3.11e+04  -7.5 2.98e+03    -  4.19e-01 8.60e-02h  1
 216 -1.3780919e-01 3.67e+01 2.16e+04  -7.5 4.15e+03    -  9.59e-01 3.05e-01h  1
 217 -1.3781222e-01 3.59e+01 2.11e+04  -7.5 2.00e+03    -  4.28e-01 2.32e-02h  1
 218 -1.3782231e-01 3.31e+01 1.93e+04  -7.5 1.52e+03    -  7.34e-01 8.85e-02h  1
 219 -1.3785863e-01 2.85e+01 1.07e+04  -7.5 1.48e+03    -  3.63e-01 4.45e-01h  1
iter    objective    inf_pr   inf_du lg(mu)  ||d||  lg(rg) alpha_du alpha_pr  ls
 220 -1.3786288e-01 2.68e+01 1.00e+04  -7.5 1.43e+03    -  5.57e-02 6.46e-02h  1
 221 -1.3787833e-01 2.32e+01 7.67e+03  -7.5 1.42e+03    -  4.49e-02 2.37e-01h  1
 222 -1.3788498e-01 2.13e+01 6.87e+03  -7.5 1.39e+03    -  4.55e-03 1.05e-01h  1
 223 -1.3788790e-01 2.00e+01 6.46e+03  -7.5 3.60e+02 -10.1 1.85e-02 5.98e-02h  1
 224 -1.3791797e-01 7.31e+00 2.38e+03  -7.5 7.10e+01  -9.7 2.80e-01 6.35e-01h  1
 225 -1.3797301e-01 7.75e-01 7.22e+01  -7.5 2.11e+02 -10.1 6.94e-01 1.00e+00h  1
 226 -1.3801515e-01 1.70e+01 1.06e+02  -7.5 4.63e+03    -  1.61e-01 2.11e-01h  1
 227 -1.3807118e-01 5.04e+01 3.23e+02  -7.5 5.15e+03    -  9.05e-02 2.83e-01h  1
 228 -1.3808030e-01 4.23e+01 3.07e+02  -7.5 1.83e+03    -  1.89e-01 2.22e-01h  1
 229 -1.3814517e-01 1.59e+01 1.91e+03  -7.5 1.04e+03    -  5.57e-02 8.86e-01h  1
iter    objective    inf_pr   inf_du lg(mu)  ||d||  lg(rg) alpha_du alpha_pr  ls
 230 -1.3821395e-01 7.45e+00 2.12e+03  -7.5 3.03e+02 -10.6 4.12e-01 5.55e-01h  1
 231 -1.3824521e-01 6.69e+00 3.78e+03  -7.5 9.19e+02 -11.1 3.88e-01 1.64e-01h  1
 232 -1.3826872e-01 7.68e+00 1.04e+04  -7.5 3.23e+03 -11.6 2.52e-01 8.64e-02h  1
 233 -1.3826740e-01 1.04e+01 3.23e+06  -7.5 7.91e+04 -12.0 3.54e-05 4.65e-03h  2
 234 -1.3831352e-01 4.25e+01 2.56e+06  -7.5 6.37e+03    -  1.58e-02 2.06e-01h  1
 235 -1.3829325e-01 1.12e+01 9.37e+02  -7.5 7.61e+02    -  2.00e-01 1.00e+00h  1
 236 -1.3830873e-01 3.93e+01 9.25e+02  -7.5 8.87e+04 -11.6 1.44e-02 1.32e-02h  1
 237 -1.3839522e-01 3.28e+01 7.03e+02  -7.5 2.58e+03    -  4.55e-02 2.36e-01h  1
 238 -1.3839894e-01 3.19e+01 6.81e+02  -7.5 2.82e+03    -  8.64e-02 3.06e-02h  1
 239 -1.3841265e-01 2.96e+01 6.24e+02  -7.5 4.41e+03    -  5.38e-01 8.23e-02h  1
iter    objective    inf_pr   inf_du lg(mu)  ||d||  lg(rg) alpha_du alpha_pr  ls
 240 -1.3841666e-01 2.60e+01 5.18e+02  -7.5 3.96e+03    -  3.99e-01 1.70e-01h  1
 241 -1.3843396e-01 2.33e+01 3.08e+02  -7.5 1.41e+03    -  5.26e-01 4.05e-01h  1
 242 -1.3843574e-01 2.17e+01 2.88e+02  -7.5 9.62e+02    -  9.16e-03 6.69e-02h  1
 243 -1.3845185e-01 7.85e+00 1.05e+02  -7.5 5.89e+02    -  2.29e-01 6.39e-01h  1
 244 -1.3846352e-01 1.68e+00 2.31e+01  -7.5 7.39e+01    -  9.28e-01 7.86e-01h  1
 245 -1.3846538e-01 1.02e+00 1.40e+01  -7.5 1.59e+01    -  1.34e-01 3.94e-01h  1
 246 -1.3846714e-01 6.16e-04 3.60e-01  -7.5 6.84e+00    -  1.00e+00 1.00e+00h  1
 247 -1.3846185e-01 1.13e-03 2.32e+01  -7.5 3.32e+00    -  8.52e-02 1.00e+00h  1
 248 -1.3846443e-01 6.84e-04 1.18e-01  -7.5 2.10e+00    -  1.00e+00 1.00e+00h  1
 249 -1.3846352e-01 1.38e-05 5.12e-03  -7.5 9.22e-01    -  1.00e+00 1.00e+00h  1
iter    objective    inf_pr   inf_du lg(mu)  ||d||  lg(rg) alpha_du alpha_pr  ls
 250 -1.3846343e-01 3.89e-08 3.49e-06  -7.5 2.37e-02    -  1.00e+00 1.00e+00h  1
 251 -1.3846343e-01 2.87e-10 8.83e-11  -7.5 3.74e-04    -  1.00e+00 1.00e+00h  1
 252 -1.3846678e-01 1.86e-02 5.25e+00  -9.0 6.94e+01    -  2.05e-01 4.38e-01h  1
 253 -1.3846929e-01 1.97e+00 5.25e+00  -9.0 5.42e+03    -  3.24e-01 5.75e-02h  1
 254 -1.3847827e-01 2.50e+01 1.03e+02  -9.0 3.87e+03    -  7.51e-02 2.78e-01h  1
 255 -1.3848456e-01 3.12e+01 1.48e+02  -9.0 3.74e+04    -  5.25e-02 1.95e-02h  1
 256 -1.3848685e-01 2.98e+01 1.44e+02  -9.0 4.47e+03    -  2.45e-02 5.60e-02h  1
 257 -1.3849473e-01 3.57e+01 2.57e+02  -9.0 4.45e+04    -  1.99e-02 1.92e-02h  1
 258 -1.3850050e-01 3.62e+01 2.35e+02  -9.0 4.28e+03    -  6.06e-02 1.14e-01h  1
 259 -1.3850092e-01 3.56e+01 2.32e+02  -9.0 1.61e+03    -  2.95e-03 1.49e-02h  1
iter    objective    inf_pr   inf_du lg(mu)  ||d||  lg(rg) alpha_du alpha_pr  ls
 260 -1.3850188e-01 3.44e+01 2.23e+02  -9.0 1.67e+03    -  2.92e-02 3.72e-02h  1
 261 -1.3851210e-01 2.94e+01 1.74e+02  -9.0 1.66e+03    -  8.75e-02 3.91e-01h  1
 262 -1.3853505e-01 3.34e+01 1.33e+04  -9.0 1.58e+03    -  3.46e-03 6.87e-01h  1
 263 -1.3853529e-01 2.34e+01 9.21e+03  -9.0 3.25e+02    -  9.11e-03 3.05e-01h  1
 264 -1.3853582e-01 2.29e+01 9.03e+03  -9.0 6.98e+02    -  1.93e-01 1.89e-02h  1
 265 -1.3853543e-01 2.41e+00 7.48e+02  -9.0 1.92e+02    -  3.39e-01 9.17e-01h  1
 266 -1.3853488e-01 9.58e-01 2.96e+02  -9.0 1.68e+01    -  3.53e-03 6.04e-01h  1
 267 -1.3853535e-01 3.15e-03 3.15e+00  -9.0 4.05e+00    -  2.73e-01 1.00e+00h  1
 268 -1.3853498e-01 1.31e-04 4.05e-03  -9.0 3.37e+00    -  1.00e+00 1.00e+00h  1
 269 -1.3853493e-01 1.24e-04 1.66e-04  -9.0 6.78e+01    -  1.00e+00 1.00e+00H  1
iter    objective    inf_pr   inf_du lg(mu)  ||d||  lg(rg) alpha_du alpha_pr  ls
 270 -1.3853494e-01 1.56e-05 2.96e-03  -9.0 3.39e+02    -  3.65e-01 1.00e+00H  1
 271 -1.3853494e-01 1.04e-06 9.45e-07  -9.0 1.63e+01 -12.1 1.00e+00 1.00e+00H  1
 272 -1.3853495e-01 3.27e-05 9.81e-06  -9.0 5.83e+01 -12.6 1.00e+00 1.00e+00H  1
 273 -1.3853495e-01 1.29e-04 4.70e-03  -9.0 3.67e+02 -13.0 1.00e+00 7.81e-03h  8
 274 -1.3853495e-01 1.20e-04 2.04e-05  -9.0 8.37e+01 -12.6 1.00e+00 1.00e+00H  1
 275 -1.3853498e-01 5.16e+00 1.37e-03  -9.0 6.64e+02 -13.1 8.34e-01 1.00e+00h  1
 276 -1.3853499e-01 1.99e-04 1.15e-03  -9.0 8.41e+00    -  3.92e-01 1.00e+00h  1
 277 -1.3853503e-01 6.51e+00 8.10e-04  -9.0 5.07e+02    -  1.00e+00 1.00e+00h  1
 278 -1.3853508e-01 2.46e+00 6.81e-04  -9.0 4.46e+02 -12.7 1.00e+00 1.00e+00h  1
 279 -1.3853543e-01 9.61e+01 2.73e-02  -9.0 4.57e+03 -13.2 4.43e-01 6.09e-01h  1
iter    objective    inf_pr   inf_du lg(mu)  ||d||  lg(rg) alpha_du alpha_pr  ls
 280 -1.3853522e-01 3.04e+01 9.54e-03  -9.0 1.58e+03    -  1.00e+00 1.00e+00h  1
 281 -1.3853550e-01 1.96e+01 6.63e-03  -9.0 1.20e+03 -12.7 1.00e+00 1.00e+00h  1
 282 -1.3853605e-01 7.81e+01 2.55e-02  -9.0 1.12e+04 -13.2 1.76e-01 1.93e-01h  1
 283 -1.3853684e-01 6.54e+01 7.91e-02  -9.0 2.04e+03    -  1.75e-02 1.00e+00h  1
 284 -1.3853689e-01 6.29e+01 4.69e-01  -9.0 2.69e+03    -  2.47e-01 4.17e-02h  1
 285 -1.3853767e-01 5.70e+01 5.21e-01  -9.0 1.82e+03    -  6.17e-01 1.00e+00h  1
 286 -1.3853789e-01 4.43e+01 4.70e-02  -9.0 1.70e+03    -  4.02e-01 3.18e-01h  1
 287 -1.3853857e-01 5.03e+01 3.08e+00  -9.0 1.66e+03    -  3.34e-01 9.75e-01h  1
 288 -1.3853929e-01 4.06e+01 1.14e+02  -9.0 1.39e+03    -  3.68e-02 1.00e+00h  1
 289 -1.3853990e-01 1.36e+01 3.94e+00  -9.0 7.61e+02 -11.9 4.69e-01 1.00e+00h  1
iter    objective    inf_pr   inf_du lg(mu)  ||d||  lg(rg) alpha_du alpha_pr  ls
 290 -1.3854100e-01 4.15e+01 3.89e+00  -9.0 9.70e+04 -12.4 1.51e-02 1.16e-02h  1
 291 -1.3854111e-01 3.47e+01 3.25e+00  -9.0 1.90e+02    -  1.28e-01 1.64e-01h  1
 292 -1.3854102e-01 9.61e-01 3.01e+01  -9.0 2.34e+02    -  1.23e-01 1.00e+00h  1
 293 -1.3854132e-01 1.57e+00 1.91e+01  -9.0 5.51e+02    -  1.00e+00 3.65e-01h  1
 294 -1.3854136e-01 2.28e-05 1.54e-05  -9.0 2.55e+00    -  1.00e+00 1.00e+00h  1
 295 -1.3854136e-01 2.90e-06 1.96e-09  -9.0 3.47e-01    -  1.00e+00 1.00e+00h  1
 296 -1.3854136e-01 3.05e-10 6.13e-14  -9.0 1.12e-04    -  1.00e+00 1.00e+00h  1

Number of Iterations....: 296

                                   (scaled)                 (unscaled)
Objective...............:  -1.3854135657728778e-01   -1.3854135657728778e-01
Dual infeasibility......:   6.1256555383693012e-14    6.1256555383693012e-14
Constraint violation....:   3.0548412508369510e-10    3.0548412508369510e-10
Complementarity.........:   9.0909090913164640e-10    9.0909090913164640e-10
Overall NLP error.......:   9.0909090913164640e-10    9.0909090913164640e-10


Number of objective function evaluations             = 379
Number of objective gradient evaluations             = 295
Number of equality constraint evaluations            = 380
Number of inequality constraint evaluations          = 380
Number of equality constraint Jacobian evaluations   = 302
Number of inequality constraint Jacobian evaluations = 302
Number of Lagrangian Hessian evaluations             = 296
Total CPU secs in IPOPT (w/o function evaluations)   =    112.498
Total CPU secs in NLP function evaluations           =      4.826

EXIT: Optimal Solution Found.
