
List of user-set options:

                                    Name   Value                used
                           compl_inf_tol = 1                     yes
                         constr_viol_tol = 1                     yes
                            dual_inf_tol = 1000                  yes
                           linear_solver = ma97                  yes
                              ma86_small = 1e-30                  no
                                  ma86_u = 0.0001                 no
                              ma97_order = best                  yes
                              ma97_small = 1e-30                 yes
                            ma97_switch1 = at_start              yes
                            ma97_switch2 = od_hd_reuse           yes
                                  ma97_u = 1e-06                 yes
                               ma97_umax = 0.5                   yes
                                max_iter = 2000                  yes
                    max_refinement_steps = 20                    yes
                    min_refinement_steps = 5                     yes
                                 mu_init = 1e-06                 yes
           mu_superlinear_decrease_power = 1.25                  yes
                   nlp_scaling_min_value = 1e-08                 yes
                        option_file_name = Preset_Case:_152_NCP.opt  yes
                             output_file = ./tmp/Preset_Case:_152_NCP.output  yes
                      print_user_options = yes                   yes
        required_infeasibility_reduction = 1                      no
                                     tol = 1e-08                 yes
                   warm_start_bound_frac = 1e-20                 yes
                   warm_start_bound_push = 1e-20                 yes
                   warm_start_init_point = yes                   yes
              warm_start_mult_bound_push = 1e-20                 yes
                warm_start_mult_init_max = 1e+40                 yes
             warm_start_slack_bound_frac = 1e-20                 yes
             warm_start_slack_bound_push = 1e-20                 yes

******************************************************************************
This program contains Ipopt, a library for large-scale nonlinear optimization.
 Ipopt is released as open source code under the Eclipse Public License (EPL).
         For more information visit http://projects.coin-or.org/Ipopt
******************************************************************************

This is Ipopt version 3.12.10, running with linear solver ma97.

Number of nonzeros in equality constraint Jacobian...:   117140
Number of nonzeros in inequality constraint Jacobian.:      213
Number of nonzeros in Lagrangian Hessian.............:    47462

Total number of variables............................:    29971
                     variables with only lower bounds:    11312
                variables with lower and upper bounds:    15132
                     variables with only upper bounds:        0
Total number of equality constraints.................:    29864
Total number of inequality constraints...............:       25
        inequality constraints with only lower bounds:        4
   inequality constraints with lower and upper bounds:        0
        inequality constraints with only upper bounds:       21

iter    objective    inf_pr   inf_du lg(mu)  ||d||  lg(rg) alpha_du alpha_pr  ls
   0 -2.4239055e-02 2.03e-01 5.03e+01  -6.0 0.00e+00    -  0.00e+00 0.00e+00   0
In iteration 0, 3 Slacks too small, adjusting variable bounds
   1 -2.4239055e-02 2.03e-01 1.62e+02  -6.0 1.81e+04   0.0 2.19e-08 6.17e-14f  1
In iteration 1, 1 Slack too small, adjusting variable bound
   2 -2.4239055e-02 2.03e-01 4.81e+02  -6.0 1.05e+03  -0.5 8.38e-07 9.55e-11f  1
   3 -2.4239125e-02 2.03e-01 5.38e+02  -6.0 1.09e+03  -1.0 2.72e-06 2.42e-06f  1
   4 -2.4239586e-02 2.03e-01 5.14e+02  -6.0 1.09e+03  -1.4 1.58e-05 1.62e-05f  1
   5 -2.4242143e-02 2.03e-01 6.73e+02  -6.0 1.09e+03  -1.9 3.34e-05 8.89e-05f  1
   6 -2.4254015e-02 2.03e-01 2.13e+03  -6.0 1.09e+03  -2.4 1.90e-04 3.94e-04f  1
   7 -2.4260149e-02 2.03e-01 6.12e+03  -6.0 1.09e+03  -2.0 2.67e-07 2.12e-04f  1
   8 -2.4263818e-02 2.03e-01 8.32e+03  -6.0 1.09e+03  -1.5 8.35e-05 1.28e-04h  1
   9 -2.4319489e-02 2.02e-01 5.71e+04  -6.0 1.07e+03  -2.0 5.45e-05 3.09e-03f  1
iter    objective    inf_pr   inf_du lg(mu)  ||d||  lg(rg) alpha_du alpha_pr  ls
  10 -2.4319975e-02 2.02e-01 3.96e+04  -6.0 9.00e+02  -1.6 6.74e-04 1.39e-04h  1
  11 -2.4319079e-02 2.02e-01 2.82e+04  -6.0 8.58e+02  -2.1 1.53e-03 1.60e-04h  1
  12r-2.4319079e-02 2.02e-01 1.00e+03  -0.7 0.00e+00  -1.6 0.00e+00 3.58e-09R  2
  13r-2.4324055e-02 2.02e-01 2.02e+03  -0.7 5.94e+04    -  9.13e-08 3.59e-08f  1
  14r-2.4324055e-02 2.02e-01 9.99e+02  -0.7 0.00e+00    -  0.00e+00 2.74e-08R  2
  15r-2.4325015e-02 2.02e-01 1.43e+03  -0.7 9.58e+03    -  1.20e-06 1.20e-07f  1
  16 -2.4325349e-02 2.02e-01 2.46e+06  -6.0 3.92e+02    -  3.51e-02 2.41e-05h  1
  17 -2.4326130e-02 2.02e-01 8.00e+06  -6.0 1.20e+03    -  2.55e-05 8.29e-05h  1
  18 -2.4334084e-02 2.02e-01 8.00e+06  -6.0 1.20e+03    -  2.92e-03 8.41e-04h  1
  19 -2.4445500e-02 2.00e-01 7.96e+06  -6.0 1.23e+03    -  9.87e-04 7.60e-03h  1
iter    objective    inf_pr   inf_du lg(mu)  ||d||  lg(rg) alpha_du alpha_pr  ls
  20 -2.4455223e-02 2.00e-01 7.95e+06  -6.0 1.10e+03    -  5.39e-03 5.57e-04h  1
  21 -2.4672661e-02 1.98e-01 7.86e+06  -6.0 1.11e+03    -  1.39e-02 1.20e-02h  1
  22 -2.5116472e-02 1.93e-01 7.67e+06  -6.0 8.99e+02    -  1.44e-02 2.32e-02h  1
  23r-2.5116472e-02 1.93e-01 1.00e+03  -0.7 0.00e+00    -  0.00e+00 3.79e-07R  2
  24r-2.5117540e-02 1.93e-01 1.00e+03  -0.7 4.75e+03    -  5.37e-06 3.58e-07f  1
  25r-2.5117540e-02 1.93e-01 9.99e+02  -0.7 0.00e+00    -  0.00e+00 3.37e-07R  2
  26r-2.5118096e-02 1.93e-01 1.62e+03  -0.7 7.60e+03    -  2.50e-06 6.82e-08f  1
  27 -2.5118327e-02 1.93e-01 2.56e+06  -6.0 3.99e+02    -  3.08e-02 1.33e-05h  1
  28 -2.5120158e-02 1.93e-01 1.84e+07  -6.0 5.91e+02    -  1.46e-05 1.06e-04h  1
  29 -2.5129624e-02 1.93e-01 1.84e+07  -6.0 7.11e+02    -  1.52e-02 4.65e-04h  1
iter    objective    inf_pr   inf_du lg(mu)  ||d||  lg(rg) alpha_du alpha_pr  ls
  30 -2.5157119e-02 1.93e-01 1.84e+07  -6.0 7.17e+02    -  5.76e-04 1.74e-03h  3
  31 -2.5170904e-02 1.93e-01 1.84e+07  -6.0 7.24e+02    -  4.63e-02 8.79e-04h  1
  32 -2.5209743e-02 1.92e-01 1.84e+07  -6.0 7.64e+02    -  3.09e-07 2.89e-03h  2
  33 -2.5249193e-02 1.92e-01 1.83e+07  -6.0 7.30e+02    -  6.40e-03 3.01e-03h  1
  34 -2.5249201e-02 1.92e-01 1.83e+07  -6.0 7.60e+02    -  2.40e-03 1.82e-05h  1
  35 -2.5250848e-02 1.91e-01 1.83e+07  -6.0 7.57e+02    -  3.19e-02 3.43e-03h  3
  36 -2.5252533e-02 1.90e-01 1.82e+07  -6.0 7.61e+02    -  5.82e-03 3.46e-03h  3
  37 -2.5253584e-02 1.90e-01 1.81e+07  -6.0 7.45e+02    -  3.18e-02 3.42e-03h  3
  38 -2.5254577e-02 1.89e-01 1.81e+07  -6.0 7.42e+02    -  1.69e-02 3.65e-03h  4
  39 -2.5254584e-02 1.88e-01 1.80e+07  -6.0 7.29e+02    -  4.26e-02 3.03e-03h  5
iter    objective    inf_pr   inf_du lg(mu)  ||d||  lg(rg) alpha_du alpha_pr  ls
  40 -2.5254423e-02 1.88e-01 1.95e+07  -6.0 7.53e+02    -  3.25e-02 2.45e-03h  6
  41 -2.5252846e-02 1.87e-01 2.81e+07  -6.0 7.65e+02    -  7.28e-02 2.53e-03h  6
  42 -2.5248074e-02 1.87e-01 3.31e+07  -6.0 8.12e+02    -  4.43e-02 2.80e-03h  6
  43 -2.5240726e-02 1.86e-01 4.25e+07  -6.0 8.28e+02    -  8.08e-02 3.03e-03h  6
  44 -2.5227923e-02 1.86e-01 5.26e+07  -6.0 8.70e+02    -  8.61e-02 3.58e-03h  6
  45 -2.4578540e-02 1.45e+00 3.49e+07  -6.0 9.21e+02    -  5.39e-02 1.39e-01w  1
  46 -2.4579493e-02 1.45e+00 3.63e+07  -6.0 1.59e+03    -  2.28e-02 5.14e-05w  1
  47 -2.5161671e-02 1.41e+00 4.54e+07  -6.0 1.57e+03    -  2.06e-01 3.25e-02w  1
  48 -2.5207630e-02 1.85e-01 5.84e+07  -6.0 1.38e+03    -  5.39e-02 4.34e-03h  5
  49 -2.5183273e-02 1.84e-01 7.02e+07  -6.0 9.76e+02    -  1.07e-01 4.68e-03h  6
iter    objective    inf_pr   inf_du lg(mu)  ||d||  lg(rg) alpha_du alpha_pr  ls
  50 -2.5167771e-02 1.83e-01 7.66e+07  -6.0 1.08e+03    -  6.21e-02 2.45e-03h  7
  51 -2.5149977e-02 1.83e-01 9.16e+07  -6.0 1.14e+03    -  1.48e-01 2.52e-03h  7
  52 -2.5124687e-02 1.83e-01 9.79e+07  -6.0 1.28e+03    -  7.35e-02 2.72e-03h  7
  53 -2.5094780e-02 1.82e-01 1.13e+08  -6.0 1.35e+03    -  1.80e-01 2.86e-03h  7
  54 -2.5059752e-02 1.82e-01 1.20e+08  -6.0 1.54e+03    -  1.02e-01 2.44e-03h  7
  55 -2.5029198e-02 1.81e-01 1.26e+08  -6.0 1.64e+03    -  1.10e-01 1.82e-03h  7
  56 -2.5001553e-02 1.81e-01 1.32e+08  -6.0 1.76e+03    -  1.01e-01 1.38e-03h  7
  57 -2.4975710e-02 1.81e-01 1.37e+08  -6.0 1.88e+03    -  9.93e-02 1.11e-03h  7
  58 -2.3395733e-02 4.55e-01 1.33e+08  -6.0 1.99e+03    -  1.50e-01 5.89e-02w  1
In iteration 58, 1 Slack too small, adjusting variable bound
  59 -2.3395675e-02 4.55e-01 1.53e+08  -6.0 1.39e+03    -  6.87e-04 6.87e-06w  1
iter    objective    inf_pr   inf_du lg(mu)  ||d||  lg(rg) alpha_du alpha_pr  ls
  60 -2.2795816e-02 7.46e-01 1.47e+08  -6.0 1.96e+03    -  3.65e-02 4.98e-02w  1
  61 -2.4926336e-02 1.80e-01 1.44e+08  -6.0 1.39e+03    -  1.50e-01 1.84e-03h  5
  62 -2.4879270e-02 1.80e-01 1.44e+08  -6.0 2.16e+03    -  4.21e-02 1.45e-03h  6
  63 -2.4834297e-02 1.80e-01 1.40e+08  -6.0 2.20e+03    -  2.36e-01 1.33e-03h  6
  64 -2.4788579e-02 1.80e-01 1.28e+08  -6.0 2.44e+03    -  2.61e-02 1.04e-03h  6
  65 -2.4744158e-02 1.80e-01 1.35e+08  -6.0 2.46e+03    -  1.19e-01 9.98e-04h  6
  66 -2.4697781e-02 1.79e-01 1.63e+08  -6.0 2.50e+03    -  7.29e-03 9.45e-04h  6
  67 -2.4636399e-02 1.79e-01 1.62e+08  -6.0 2.52e+03    -  1.44e-02 1.25e-03h  6
  68 -2.4578999e-02 1.79e-01 1.62e+08  -6.0 2.53e+03    -  1.51e-03 1.17e-03h  6
  69 -2.4523115e-02 1.79e-01 1.60e+08  -6.0 2.53e+03    -  8.73e-02 1.15e-03h  6
iter    objective    inf_pr   inf_du lg(mu)  ||d||  lg(rg) alpha_du alpha_pr  ls
  70 -2.4479815e-02 1.79e-01 1.59e+08  -6.0 2.56e+03    -  3.39e-03 8.54e-04h  6
  71 -2.3141070e-02 3.02e-01 1.55e+08  -6.0 2.56e+03    -  2.08e-02 2.66e-02w  1
  72 -2.2362000e-02 3.06e-01 1.50e+08  -6.0 2.56e+03    -  3.22e-02 2.33e-02w  1
  73 -2.2360132e-02 3.06e-01 1.15e+08  -6.0 2.29e+03    -  2.61e-01 5.33e-05w  1
  74 -2.4396143e-02 1.78e-01 1.58e+08  -6.0 3.58e+03    -  2.08e-02 1.66e-03h  4
  75 -2.4320566e-02 1.78e-01 1.57e+08  -6.0 2.57e+03    -  7.08e-03 1.51e-03h  5
  76 -2.4250186e-02 1.78e-01 1.47e+08  -6.0 2.58e+03    -  8.54e-02 1.42e-03h  5
  77 -2.4194098e-02 1.78e-01 1.45e+08  -6.0 2.61e+03    -  8.94e-03 1.13e-03h  5
  78 -2.4142056e-02 1.77e-01 1.35e+08  -6.0 2.61e+03    -  3.76e-02 1.07e-03h  5
  79 -2.4095774e-02 1.77e-01 1.31e+08  -6.0 2.62e+03    -  1.31e-02 9.74e-04h  5
iter    objective    inf_pr   inf_du lg(mu)  ||d||  lg(rg) alpha_du alpha_pr  ls
  80 -2.4052563e-02 1.77e-01 9.84e+07  -6.0 2.63e+03    -  7.87e-02 9.28e-04h  5
  81 -2.4011121e-02 1.77e-01 9.07e+07  -6.0 2.66e+03    -  1.21e-02 1.03e-03h  5
  82 -2.3989010e-02 1.77e-01 1.23e+08  -6.0 2.72e+03    -  6.62e-02 5.81e-04h  6
  83 -2.3969505e-02 1.77e-01 1.31e+08  -6.0 3.04e+03    -  1.19e-02 5.91e-04h  6
  84 -2.3222048e-02 1.73e-01 1.51e+08  -6.0 3.12e+03    -  5.61e-02 2.07e-02w  1
  85 -2.1444820e-02 3.56e-01 1.46e+08  -6.0 3.86e+03    -  2.93e-02 3.14e-02w  1
  86 -1.6814048e-02 3.23e+00 1.25e+08  -6.0 4.55e+03    -  1.35e-01 1.05e-01w  1
  87 -2.3946147e-02 1.77e-01 1.66e+08  -6.0 3.29e+03    -  5.61e-02 6.46e-04h  5
  88 -2.3917430e-02 1.76e-01 1.66e+08  -6.0 3.63e+03    -  1.14e-02 5.83e-04h  7
  89 -2.3881517e-02 1.76e-01 1.63e+08  -6.0 3.75e+03    -  8.89e-02 6.94e-04h  7
iter    objective    inf_pr   inf_du lg(mu)  ||d||  lg(rg) alpha_du alpha_pr  ls
  90 -2.3835245e-02 1.76e-01 1.62e+08  -6.0 4.67e+03    -  1.35e-02 7.78e-04h  8
  91 -2.3809828e-02 1.76e-01 1.57e+08  -6.0 4.83e+03    -  1.08e-01 4.25e-04h  9
  92 -2.3790350e-02 1.76e-01 1.55e+08  -6.0 6.23e+03    -  1.58e-02 3.13e-04h 10
  93 -2.3770776e-02 1.76e-01 1.50e+08  -6.0 6.47e+03    -  7.89e-02 3.14e-04h 10
  94 -2.3750997e-02 1.76e-01 1.49e+08  -6.0 7.78e+03    -  1.86e-02 3.13e-04h 10
  95 -2.3731131e-02 1.76e-01 1.39e+08  -6.0 8.13e+03    -  1.07e-01 3.15e-04h 10
  96 -2.3721102e-02 1.76e-01 1.37e+08  -6.0 1.04e+04    -  1.96e-02 1.57e-04h 11
  97 -1.3488733e-02 3.95e+01 1.23e+08  -6.0 1.09e+04    -  9.54e-02 1.60e-01w  1
  98 -1.3620054e-02 3.89e+01 1.07e+08  -6.0 5.66e+02  -2.1 3.77e-07 1.45e-02w  1
  99 -1.4363304e-02 3.67e+01 9.03e+07  -6.0 7.77e+02  -2.6 1.37e-02 5.72e-02w  1
iter    objective    inf_pr   inf_du lg(mu)  ||d||  lg(rg) alpha_du alpha_pr  ls
 100 -2.3711109e-02 1.76e-01 1.27e+08  -6.0 7.92e+02  -3.1 9.54e-02 1.57e-04h 10
 101 -2.3699466e-02 1.76e-01 1.24e+08  -6.0 1.35e+04    -  2.18e-02 1.82e-04h 10
 102 -2.3689558e-02 1.76e-01 1.18e+08  -6.0 1.42e+04    -  8.23e-02 1.55e-04h 10
 103 -2.3683276e-02 1.76e-01 1.24e+08  -6.0 1.72e+04    -  2.44e-02 9.82e-05h 10
 104 -2.3677744e-02 1.76e-01 1.43e+08  -6.0 1.82e+04    -  7.80e-02 8.66e-05h 10
 105 -2.3673859e-02 1.76e-01 1.49e+08  -6.0 2.18e+04    -  2.66e-02 6.11e-05h 10
 106 -2.3670388e-02 1.76e-01 1.66e+08  -6.0 2.32e+04    -  6.45e-02 5.47e-05h 10
 107 -2.3667679e-02 1.76e-01 1.73e+08  -6.0 2.68e+04    -  3.06e-02 4.31e-05h 10
 108 -2.3665237e-02 1.76e-01 1.89e+08  -6.0 2.85e+04    -  6.43e-02 3.90e-05h 10
 109 -2.3663212e-02 1.76e-01 1.97e+08  -6.0 3.22e+04    -  3.31e-02 3.28e-05h 10
iter    objective    inf_pr   inf_du lg(mu)  ||d||  lg(rg) alpha_du alpha_pr  ls
 110 -2.2690134e-02 3.74e+00 2.12e+08  -6.0 3.37e+04    -  9.33e-02 1.59e-02w  1
 111 -2.2663821e-02 3.74e+00 2.21e+08  -6.0 1.93e+04    -  5.27e-02 5.29e-04w  1
 112 -1.7061123e-02 7.34e+01 1.88e+08  -6.0 1.99e+04    -  7.07e-02 1.16e-01w  1
 113 -2.3661312e-02 1.76e-01 2.19e+08  -6.0 4.84e+03    -  9.33e-02 3.11e-05h  9
 114 -2.3659530e-02 1.76e-01 2.26e+08  -6.0 3.61e+04    -  3.17e-02 3.01e-05h 10
 115 -2.3657452e-02 1.76e-01 2.50e+08  -6.0 3.41e+04    -  1.09e-01 3.58e-05h 10
 116 -2.3655112e-02 1.76e-01 2.57e+08  -6.0 2.80e+04    -  3.49e-02 4.30e-05h 11
 117 -2.3651738e-02 1.76e-01 2.82e+08  -6.0 2.67e+04    -  1.30e-01 6.33e-05h 11
 118 -2.3647151e-02 1.76e-01 2.90e+08  -6.0 2.60e+04    -  3.90e-02 9.26e-05h 11
 119 -2.3644969e-02 1.76e-01 3.04e+08  -6.0 2.61e+04    -  7.87e-02 4.52e-05h 12
iter    objective    inf_pr   inf_du lg(mu)  ||d||  lg(rg) alpha_du alpha_pr  ls
 120r-2.3644969e-02 1.76e-01 1.00e+03  -0.8 0.00e+00    -  0.00e+00 3.39e-07R 19
 121r-2.3610684e-02 1.76e-01 1.71e+03  -0.8 8.93e+03    -  4.45e-05 5.54e-06f  1
 122 -2.3610692e-02 1.76e-01 1.57e+06  -6.0 4.06e+02    -  2.05e-02 4.97e-07h  4
 123 -2.3612183e-02 1.76e-01 1.18e+08  -6.0 5.43e+02    -  1.78e-06 1.34e-04h  1
 124 -2.3615213e-02 1.75e-01 1.18e+08  -6.0 5.56e+02    -  4.01e-02 2.58e-04h  1
 125 -2.3615684e-02 1.75e-01 1.18e+08  -6.0 5.97e+02    -  3.95e-04 1.58e-04h  1
 126 -2.3617674e-02 1.74e-01 1.18e+08  -6.0 6.09e+02    -  9.18e-03 6.38e-03h  1
 127 -2.3622435e-02 1.73e-01 1.17e+08  -6.0 5.90e+02    -  7.37e-03 4.91e-03h  2
 128 -2.3628833e-02 1.72e-01 1.16e+08  -6.0 5.76e+02    -  1.23e-01 7.28e-03h  2
 129 -2.3636288e-02 1.71e-01 1.16e+08  -6.0 5.48e+02    -  2.10e-02 4.90e-03h  5
iter    objective    inf_pr   inf_du lg(mu)  ||d||  lg(rg) alpha_du alpha_pr  ls
 130 -2.3643753e-02 1.70e-01 1.15e+08  -6.0 5.35e+02    -  6.82e-02 5.00e-03h  5
 131 -2.3652139e-02 1.70e-01 1.14e+08  -6.0 5.42e+02    -  4.41e-02 5.47e-03h  5
 132 -2.3661277e-02 1.69e-01 1.14e+08  -6.0 5.74e+02    -  1.63e-01 5.84e-03h  5
 133 -2.3667538e-02 1.68e-01 1.13e+08  -6.0 7.20e+02    -  5.01e-02 4.01e-03h  6
 134 -2.3674647e-02 1.67e-01 1.13e+08  -6.0 7.65e+02    -  1.73e-01 4.44e-03h  6
 135 -2.3677421e-02 1.67e-01 1.13e+08  -6.0 9.24e+02    -  6.39e-02 2.70e-03h  7
 136 -2.3679316e-02 1.66e-01 1.12e+08  -6.0 9.76e+02    -  1.89e-01 2.76e-03h  7
 137 -2.3460480e-02 1.76e+00 9.11e+07  -6.0 1.14e+03    -  7.24e-02 1.88e-01w  1
 138 -2.3460631e-02 1.76e+00 9.11e+07  -6.0 4.56e+02  -3.5 2.86e-02 3.99e-05w  1
 139 -2.3487698e-02 1.75e+00 9.03e+07  -6.0 6.33e+02  -4.0 2.35e-07 9.03e-03w  1
iter    objective    inf_pr   inf_du lg(mu)  ||d||  lg(rg) alpha_du alpha_pr  ls
 140 -2.3675897e-02 1.66e-01 1.12e+08  -6.0 6.38e+03  -4.5 7.24e-02 2.94e-03h  6
 141 -2.3670027e-02 1.65e-01 1.12e+08  -6.0 1.19e+03    -  2.21e-01 3.04e-03h  7
 142 -2.3660537e-02 1.65e-01 1.11e+08  -6.0 1.39e+03    -  7.86e-02 1.69e-03h  8
 143 -2.3647997e-02 1.65e-01 1.11e+08  -6.0 1.46e+03    -  2.09e-01 1.76e-03h  8
 144 -2.3626998e-02 1.64e-01 1.11e+08  -6.0 1.66e+03    -  8.72e-02 1.74e-03h  8
 145 -2.3603250e-02 1.64e-01 1.11e+08  -6.0 1.74e+03    -  1.59e-01 1.68e-03h  8
 146 -2.3574662e-02 1.64e-01 1.11e+08  -6.0 1.89e+03    -  1.09e-01 1.55e-03h  8
 147 -2.3546611e-02 1.64e-01 1.10e+08  -6.0 1.99e+03    -  1.45e-01 1.32e-03h  8
 148 -2.3519001e-02 1.63e-01 1.10e+08  -6.0 2.12e+03    -  1.26e-01 1.10e-03h  8
 149 -2.3491805e-02 1.63e-01 1.10e+08  -6.0 2.23e+03    -  1.80e-01 9.57e-04h  8
iter    objective    inf_pr   inf_du lg(mu)  ||d||  lg(rg) alpha_du alpha_pr  ls
 150 -2.0095515e-02 2.01e+00 9.88e+07  -6.0 2.37e+03    -  1.14e-01 1.04e-01w  1
In iteration 150, 1 Slack too small, adjusting variable bound
 151 -2.0095470e-02 2.01e+00 9.88e+07  -6.0 1.71e+03    -  1.00e-03 4.39e-06w  1
 152 -1.9350629e-02 2.45e+00 9.19e+07  -6.0 1.90e+03    -  2.93e-01 6.94e-02w  1
 153 -2.3465271e-02 1.63e-01 1.10e+08  -6.0 1.77e+03    -  1.14e-01 8.11e-04h  7
 154 -2.3438927e-02 1.63e-01 1.10e+08  -6.0 2.44e+03    -  2.29e-01 7.60e-04h  8
 155 -2.3418477e-02 1.63e-01 1.10e+08  -6.0 2.54e+03    -  1.04e-01 5.48e-04h  8
 156 -2.3385709e-02 1.63e-01 1.10e+08  -6.0 2.56e+03    -  1.65e-01 8.88e-04h  7
 157 -2.3364577e-02 1.63e-01 1.10e+08  -6.0 2.62e+03    -  1.12e-01 6.47e-04h  7
 158 -2.3353880e-02 1.63e-01 1.10e+08  -6.0 3.03e+03    -  6.60e-02 5.71e-04h  7
 159 -2.3358092e-02 1.63e-01 1.10e+08  -6.0 4.41e+03    -  1.86e-02 3.85e-04h  7
iter    objective    inf_pr   inf_du lg(mu)  ||d||  lg(rg) alpha_du alpha_pr  ls
 160 -2.3367022e-02 1.63e-01 1.10e+08  -6.0 5.70e+03    -  3.11e-02 3.10e-04h  7
 161 -2.3383976e-02 1.62e-01 1.10e+08  -6.0 9.97e+03    -  2.74e-04 1.90e-04h  7
 162 -2.3417411e-02 1.62e-01 1.10e+08  -6.0 9.99e+03    -  1.98e-02 3.75e-04h  6
 163 -2.4735549e-02 3.36e-01 1.09e+08  -6.0 1.56e+04    -  5.21e-04 7.80e-03h  1
 164 -2.4706305e-02 3.36e-01 1.09e+08  -6.0 4.32e+03    -  3.03e-02 4.23e-04h  1
 165 -2.4675739e-02 3.35e-01 1.09e+08  -6.0 4.48e+03    -  6.52e-02 4.26e-04h  7
 166 -2.4668813e-02 3.35e-01 1.09e+08  -6.0 4.55e+03    -  4.73e-02 8.77e-05h  9
 167 -2.4667717e-02 3.35e-01 1.09e+08  -6.0 4.64e+03    -  5.46e-02 1.34e-05h 12
 168 -2.0763371e-02 2.75e+00 1.03e+08  -6.0 5.03e+03    -  4.78e-02 4.78e-02s 18
 169 -1.7779437e-02 6.39e+00 9.67e+07  -6.0 9.99e+03    -  6.58e-02 6.58e-02s 18
iter    objective    inf_pr   inf_du lg(mu)  ||d||  lg(rg) alpha_du alpha_pr  ls
 170 -1.7595262e-02 6.29e+00 9.51e+07  -6.0 1.94e+03  -5.0 1.67e-02 1.67e-02s 18
 171 -1.3029741e-02 1.01e+01 7.50e+07  -6.0 2.91e+03    -  2.11e-01 2.11e-01s 18
 172 -1.2991119e-02 9.96e+00 7.39e+07  -6.0 1.77e+03    -  1.46e-02 1.46e-02s 18
 173 -1.2910949e-02 9.77e+00 7.09e+07  -6.0 2.16e+03    -  4.04e-02 4.04e-02s 18
 174r-1.2910949e-02 9.77e+00 1.00e+03   0.8 0.00e+00    -  0.00e+00 0.00e+00R  1
 175r-1.2712255e-02 9.76e+00 1.00e+03   0.8 1.43e+05    -  2.67e-07 8.69e-07f  1
 176r-1.2585118e-02 9.76e+00 1.01e+03   0.8 9.51e+03    -  8.81e-06 6.29e-07f  1
 177r-8.5077282e-03 9.62e+00 1.00e+03   0.8 6.58e+03    -  4.76e-06 2.26e-05f  1
 178 -8.5098978e-03 9.62e+00 1.01e+02  -6.0 2.39e+02    -  2.59e-06 2.60e-04h  1
 179 -8.5102512e-03 9.62e+00 6.38e+02  -6.0 2.38e+02    -  2.27e-02 4.59e-05h  1
iter    objective    inf_pr   inf_du lg(mu)  ||d||  lg(rg) alpha_du alpha_pr  ls
 180 -8.5706286e-03 9.51e+00 4.61e+02  -6.0 2.04e+02    -  1.14e-04 1.16e-02h  1
 181 -8.5778204e-03 9.50e+00 5.42e+04  -6.0 2.22e+02    -  1.85e-02 9.75e-04h  1
 182 -8.6485201e-03 9.35e+00 3.07e+04  -6.0 2.34e+02    -  6.79e-03 1.55e-02h  1
 183 -8.6774504e-03 9.29e+00 5.72e+04  -6.0 2.29e+02    -  1.63e-02 6.74e-03h  1
 184 -8.7107216e-03 9.21e+00 2.88e+05  -6.0 2.26e+02    -  7.07e-02 8.04e-03h  1
 185 -8.9586482e-03 8.62e+00 1.04e+05  -6.0 2.21e+02    -  1.37e-02 6.47e-02h  1
 186 -8.9587483e-03 8.61e+00 7.30e+05  -6.0 3.69e+02    -  8.22e-02 4.79e-05h  1
 187 -9.2358294e-03 8.00e+00 2.29e+05  -6.0 3.50e+02    -  7.90e-05 7.07e-02h  1
 188 -9.8045446e-03 7.02e+00 3.15e+05  -6.0 2.75e+02    -  5.52e-02 1.22e-01h  1
 189 -9.9787041e-03 6.51e+00 5.71e+04  -6.0 2.79e+02    -  1.15e-01 7.26e-02h  1
iter    objective    inf_pr   inf_du lg(mu)  ||d||  lg(rg) alpha_du alpha_pr  ls
 190 -9.9734387e-03 6.42e+00 8.25e+04  -6.0 2.26e+02    -  4.72e-05 1.46e-02h  1
 191 -9.9733854e-03 6.42e+00 5.78e+04  -6.0 3.68e+02    -  7.03e-03 1.77e-05h  1
 192 -1.0130604e-02 5.43e+00 4.93e+05  -6.0 2.26e+02    -  1.51e-04 1.54e-01h  1
 193 -1.0151844e-02 5.40e+00 2.63e+05  -6.0 3.18e+02    -  3.25e-02 5.06e-03h  1
 194 -1.0651256e-02 4.89e+00 2.11e+05  -6.0 3.23e+02    -  1.61e-01 1.15e-01h  1
 195 -1.2000101e-02 4.17e+00 1.60e+06  -6.0 3.92e+02    -  5.70e-03 2.05e-01h  1
 196r-1.2000101e-02 4.17e+00 1.00e+03   0.4 0.00e+00    -  0.00e+00 2.43e-07R  2
 197r-1.1940801e-02 4.16e+00 4.61e+03   0.4 7.36e+04    -  1.15e-07 1.03e-06f  1
 198 -1.1941162e-02 4.16e+00 7.49e+02  -6.0 1.10e+02    -  1.62e-04 1.18e-04h  1
 199 -1.1942632e-02 4.16e+00 8.03e+03  -6.0 1.61e+02    -  1.23e-04 4.46e-04h  1
iter    objective    inf_pr   inf_du lg(mu)  ||d||  lg(rg) alpha_du alpha_pr  ls
 200 -1.1943067e-02 4.16e+00 8.10e+03  -6.0 1.59e+02    -  5.46e-04 1.33e-04h  1
 201 -1.1943867e-02 4.16e+00 8.11e+03  -6.0 1.61e+02    -  3.05e-03 2.45e-04h  1
 202 -1.1944030e-02 4.16e+00 9.16e+03  -6.0 2.06e+02    -  1.61e-03 3.02e-04h  1
 203 -1.1945434e-02 4.15e+00 2.06e+04  -6.0 3.20e+02    -  1.30e-03 4.67e-04h  1
 204 -1.1949260e-02 4.15e+00 1.55e+05  -6.0 3.19e+02    -  1.02e-02 1.32e-03h  1
 205 -1.1983933e-02 4.10e+00 3.75e+05  -6.0 3.19e+02    -  2.62e-02 1.19e-02h  1
 206 -1.2087610e-02 3.96e+00 2.31e+05  -6.0 3.15e+02    -  2.68e-02 3.57e-02h  1
 207 -1.2224764e-02 3.78e+00 1.44e+05  -6.0 3.03e+02    -  2.21e-02 4.74e-02h  1
 208 -1.2301181e-02 3.68e+00 2.96e+06  -6.0 2.79e+02    -  2.47e-01 2.67e-02h  1
 209 -1.2960683e-02 3.35e+00 2.14e+06  -6.0 2.83e+02    -  6.92e-02 1.22e-01h  1
iter    objective    inf_pr   inf_du lg(mu)  ||d||  lg(rg) alpha_du alpha_pr  ls
 210 -1.3703979e-02 3.01e+00 3.86e+06  -6.0 2.33e+02    -  3.81e-01 1.63e-01h  1
 211 -1.4207903e-02 2.80e+00 4.78e+06  -6.0 1.73e+02    -  4.59e-01 1.28e-01h  1
 212r-1.4207903e-02 2.80e+00 1.00e+03   0.2 0.00e+00    -  0.00e+00 3.24e-07R  3
 213r-1.4186581e-02 2.79e+00 2.81e+03   0.2 1.21e+04    -  9.75e-06 1.91e-06f  1
 214 -1.4186795e-02 2.79e+00 3.73e+03  -6.0 6.25e+01    -  2.78e-01 7.63e-05h  1
 215 -1.4198531e-02 2.78e+00 2.30e+04  -6.0 1.10e+02    -  7.90e-02 3.76e-03h  1
 216 -1.4202160e-02 2.78e+00 5.28e+05  -6.0 1.40e+02    -  6.02e-02 8.43e-04h  1
 217 -1.4311627e-02 2.69e+00 5.96e+06  -6.0 1.74e+02    -  5.45e-01 3.39e-02h  1
 218 -1.4679161e-02 2.46e+00 5.36e+06  -6.0 1.85e+02    -  5.95e-01 1.04e-01h  1
 219 -1.4679276e-02 2.46e+00 5.45e+06  -6.0 2.04e+02    -  1.98e-02 2.51e-05h  1
iter    objective    inf_pr   inf_du lg(mu)  ||d||  lg(rg) alpha_du alpha_pr  ls
 220 -1.6465347e-02 4.45e+00 1.14e+07  -6.0 2.08e+02    -  5.56e-02 4.23e-01H  1
 221 -1.6558704e-02 4.05e+00 1.08e+07  -6.0 8.22e+01    -  7.75e-02 1.01e-01h  1
 222 -1.6717372e-02 3.48e+00 2.25e+06  -6.0 7.29e+01    -  5.58e-01 1.66e-01h  1
 223 -1.6821483e-02 2.79e+00 1.70e+06  -6.0 8.32e+01    -  1.30e-01 1.98e-01h  2
 224 -1.6780748e-02 2.56e+00 5.72e+06  -6.0 1.20e+02    -  5.21e-01 8.13e-02h  4
 225 -1.6834850e-02 2.46e+00 4.52e+06  -6.0 1.98e+01  -2.7 6.76e-02 4.23e-02h  2
 226 -1.6848237e-02 2.43e+00 2.30e+07  -6.0 1.68e+01  -2.3 3.20e-01 1.13e-02h  1
 227 -1.6855218e-02 2.42e+00 1.98e+07  -6.0 1.87e+01  -2.8 5.99e-01 5.75e-03h  5
 228 -1.6856310e-02 2.41e+00 1.98e+07  -6.0 2.76e+01  -2.4 1.05e-02 8.69e-04h  8
 229 -1.6860174e-02 2.41e+00 2.70e+07  -6.0 2.69e+01  -2.8 7.05e-01 2.59e-03h  7
iter    objective    inf_pr   inf_du lg(mu)  ||d||  lg(rg) alpha_du alpha_pr  ls
 230 -1.6860396e-02 2.41e+00 2.39e+07  -6.0 5.16e+01  -3.3 1.02e-01 1.62e-04h 11
 231 -1.6860441e-02 2.41e+00 2.35e+07  -6.0 4.17e+01  -2.9 2.10e-02 3.38e-05h 14
 232 -1.7124598e-02 2.10e+00 4.26e+07  -6.0 2.31e+01  -2.5 8.44e-01 1.83e-01h  1
 233 -1.7348674e-02 1.67e+00 3.65e+07  -6.0 2.43e+01  -2.9 1.25e-05 2.02e-01h  1
 234 -1.7697075e-02 8.22e-01 1.83e+07  -6.0 2.59e+01  -3.4 3.11e-01 5.03e-01h  1
 235 -1.7826409e-02 5.60e-01 1.65e+07  -6.0 1.48e+01  -3.9 4.06e-01 3.29e-01h  1
 236r-1.7826409e-02 5.60e-01 1.00e+03  -0.7 0.00e+00  -4.4 0.00e+00 1.49e-07R  2
 237r-1.7810829e-02 5.53e-01 1.37e+03  -0.7 6.60e+03    -  4.09e-05 1.47e-05f  1
 238 -1.7834217e-02 4.57e-01 5.00e+04  -6.0 2.90e+00    -  1.42e-01 1.72e-01h  1
 239 -1.7842960e-02 4.22e-01 1.75e+05  -6.0 2.54e+00    -  1.72e-01 7.78e-02h  1
iter    objective    inf_pr   inf_du lg(mu)  ||d||  lg(rg) alpha_du alpha_pr  ls
 240 -1.7853444e-02 3.38e-01 1.41e+05  -6.0 7.72e+00    -  8.91e-02 1.99e-01h  1
 241 -1.7865149e-02 2.82e-01 1.17e+05  -6.0 3.39e+00    -  7.87e-01 1.65e-01h  1
 242 -1.7923142e-02 1.49e-03 2.06e+03  -6.0 4.41e+00    -  4.13e-01 1.00e+00h  1
 243 -1.7886623e-02 6.30e-04 2.11e+08  -6.0 2.23e+01    -  6.83e-04 1.00e+00H  1
 244 -1.7911862e-02 1.17e-05 2.80e+05  -6.0 7.27e-01    -  9.92e-01 1.00e+00h  1
 245 -1.9130746e-02 2.41e-02 1.64e+05  -6.0 8.01e+01    -  3.21e-02 4.12e-01h  1
 246 -2.2431874e-02 3.40e-02 4.69e+03  -6.0 7.25e+01    -  3.47e-01 1.00e+00H  1
 247 -2.7890165e-02 5.09e-01 1.05e+03  -6.0 1.57e+02    -  4.16e-02 7.54e-01H  1
 248 -3.4370888e-02 1.08e-01 5.37e+01  -6.0 1.68e+02    -  3.10e-01 1.00e+00H  1
 249 -3.4572621e-02 6.00e-02 3.25e+01  -6.0 1.97e+00  -4.9 1.52e-01 4.44e-01h  1
iter    objective    inf_pr   inf_du lg(mu)  ||d||  lg(rg) alpha_du alpha_pr  ls
 250 -3.5558463e-02 6.22e-02 2.60e+01  -6.0 4.14e+00  -5.3 3.50e-01 1.00e+00f  1
 251 -3.6979316e-02 5.96e-02 2.39e+01  -6.0 7.32e+02    -  4.53e-02 3.21e-02h  1
 252 -4.2048324e-02 5.46e-01 3.29e+01  -6.0 6.50e+02    -  4.08e-02 1.14e-01h  1
 253 -4.1439011e-02 5.25e-01 3.30e+01  -6.0 2.86e+02    -  3.24e-02 3.48e-02h  1
 254 -4.3577442e-02 6.08e-01 3.59e+02  -6.0 2.52e+02    -  4.33e-01 1.45e-01h  1
 255 -4.4804644e-02 5.84e-01 3.76e+02  -6.0 3.00e+02    -  1.10e-01 9.30e-02h  1
 256 -4.7325056e-02 1.04e+00 1.31e+03  -6.0 2.92e+02    -  4.12e-01 1.99e-01h  1
 257 -4.7480483e-02 1.04e+00 2.77e+03  -6.0 6.77e+02    -  1.15e-01 1.11e-02h  1
 258 -4.9995330e-02 1.56e+00 6.30e+03  -6.0 7.55e+02    -  5.36e-02 1.77e-01h  1
 259 -5.0043386e-02 1.55e+00 6.74e+03  -6.0 3.74e+01  -5.8 7.05e-02 6.59e-03h  1
iter    objective    inf_pr   inf_du lg(mu)  ||d||  lg(rg) alpha_du alpha_pr  ls
 260 -5.1592042e-02 1.69e+00 6.57e+03  -6.0 9.13e+02    -  3.32e-03 1.02e-01f  1
 261 -5.1674006e-02 1.67e+00 6.01e+03  -6.0 4.17e+01  -6.3 5.52e-02 1.08e-02h  1
 262 -5.1692100e-02 1.67e+00 5.99e+03  -6.0 1.23e+03    -  1.57e-03 9.87e-04h  1
 263 -5.2428867e-02 1.58e+00 5.63e+03  -6.0 2.01e+02  -6.8 1.65e-01 6.30e-02f  1
 264 -5.2573750e-02 1.57e+00 9.88e+03  -6.0 1.15e+03    -  1.73e-01 7.63e-03h  1
 265 -5.4117305e-02 1.49e+00 8.60e+03  -6.0 3.16e+02  -7.2 7.24e-02 1.07e-01f  1
 266 -5.6222892e-02 1.40e+00 1.57e+05  -6.0 2.15e+03    -  3.89e-03 5.49e-02h  1
 267 -5.9331266e-02 1.66e+00 1.36e+05  -6.0 1.37e+03    -  1.66e-01 1.36e-01h  1
 268 -6.0353189e-02 1.58e+00 1.29e+05  -6.0 4.09e+02  -7.7 9.30e-02 4.77e-02h  1
 269 -6.2208961e-02 1.60e+00 1.25e+05  -6.0 3.31e+03    -  1.03e-02 3.25e-02h  1
iter    objective    inf_pr   inf_du lg(mu)  ||d||  lg(rg) alpha_du alpha_pr  ls
 270 -6.2387268e-02 1.59e+00 1.25e+05  -6.0 2.07e+03    -  1.85e-02 3.96e-03h  1
 271 -6.4214708e-02 1.75e+00 1.20e+05  -6.0 2.44e+03    -  8.77e-02 3.98e-02f  1
 272 -6.6228989e-02 2.00e+00 1.16e+05  -6.0 3.45e+03    -  3.36e-02 3.10e-02h  1
 273 -6.6511378e-02 1.97e+00 1.14e+05  -6.0 2.24e+03    -  6.97e-02 1.63e-02h  1
 274 -6.9658245e-02 2.23e+00 1.05e+05  -6.0 1.84e+03    -  3.02e-02 8.22e-02h  1
 275 -7.2100506e-02 2.23e+00 9.71e+04  -6.0 1.78e+03    -  1.27e-01 7.86e-02h  1
 276 -7.3386249e-02 2.12e+00 9.18e+04  -6.0 2.23e+03    -  2.88e-01 5.47e-02h  1
 277 -8.0091749e-02 1.70e+01 6.89e+04  -6.0 4.32e+03    -  2.00e-01 2.52e-01h  1
 278 -8.0983469e-02 1.56e+01 6.31e+04  -6.0 5.67e+02  -8.2 7.04e-02 8.39e-02h  1
 279 -8.6714072e-02 1.25e+01 1.92e+06  -6.0 1.37e+03  -8.7 4.39e-03 5.62e-01h  1
iter    objective    inf_pr   inf_du lg(mu)  ||d||  lg(rg) alpha_du alpha_pr  ls
 280 -8.7033980e-02 1.23e+01 1.89e+06  -6.0 2.20e+03  -9.2 6.76e-02 1.21e-02h  1
 281 -9.0051003e-02 1.02e+01 1.52e+06  -6.0 2.14e+03  -9.6 7.04e-02 2.00e-01h  1
 282 -9.1371539e-02 9.69e+00 1.41e+06  -6.0 1.82e+03  -9.2 2.53e-01 7.05e-02h  1
 283 -9.6418260e-02 7.60e+00 9.02e+05  -6.0 8.36e+02  -8.8 2.83e-01 3.60e-01h  1
 284 -9.8229641e-02 6.61e+00 7.82e+05  -6.0 7.25e+02  -8.4 4.45e-01 1.33e-01h  1
 285 -1.0090228e-01 7.38e+00 6.66e+05  -6.0 2.25e+03  -8.8 8.31e-02 1.49e-01h  1
 286 -1.0124584e-01 7.08e+00 6.36e+05  -6.0 1.02e+03  -8.4 7.42e-02 4.47e-02h  1
 287 -1.0224028e-01 7.12e+00 5.79e+05  -6.0 2.30e+03  -8.9 6.91e-02 8.91e-02h  1
 288 -1.0241981e-01 6.78e+00 5.48e+05  -6.0 9.02e+02  -8.5 4.11e-02 5.39e-02h  1
 289 -1.0374522e-01 6.39e+00 2.93e+06  -6.0 2.33e+03  -8.9 2.14e-03 1.60e-01h  1
iter    objective    inf_pr   inf_du lg(mu)  ||d||  lg(rg) alpha_du alpha_pr  ls
 290 -1.0451595e-01 6.93e+00 2.79e+06  -6.0 2.28e+03  -8.5 2.80e-03 4.82e-02h  1
 291 -1.0447485e-01 6.46e+00 2.60e+06  -6.0 7.37e+01  -7.2 4.83e-02 6.83e-02h  1
 292 -1.0449849e-01 4.91e+00 1.97e+06  -6.0 2.63e+01  -6.7 6.74e-02 2.41e-01h  1
 293 -1.0537621e-01 6.63e+00 1.67e+04  -6.0 3.82e+01  -7.2 2.49e-01 1.00e+00h  1
 294 -1.0585729e-01 3.41e+00 8.60e+03  -6.0 1.02e+02  -7.7 3.82e-01 4.85e-01h  1
 295 -1.0663747e-01 2.48e+00 5.93e+03  -6.0 3.00e+02  -8.2 9.77e-01 3.08e-01h  1
 296 -1.1069125e-01 4.26e+00 2.65e+03  -6.0 9.30e+02  -8.7 1.77e-01 5.53e-01h  1
 297 -1.1355578e-01 1.02e+01 2.31e+03  -6.0 4.89e+03  -9.1 1.02e-01 1.29e-01h  1
 298 -1.1455844e-01 9.30e+00 2.00e+03  -6.0 1.29e+03  -8.7 2.98e-01 1.34e-01h  1
 299 -1.1647674e-01 8.65e+00 1.54e+03  -6.0 1.28e+03  -9.2 3.56e-01 2.34e-01h  1
iter    objective    inf_pr   inf_du lg(mu)  ||d||  lg(rg) alpha_du alpha_pr  ls
 300 -1.1770284e-01 6.42e+00 9.82e+02  -6.0 6.27e+02  -8.8 5.97e-01 3.64e-01h  1
 301 -1.1931433e-01 8.50e+00 6.63e+02  -6.0 1.57e+03  -9.2 5.13e-01 3.28e-01h  1
 302 -1.2020495e-01 2.77e+01 6.34e+02  -6.0 2.62e+04  -9.7 1.56e-02 4.31e-02h  1
 303 -1.2067404e-01 2.57e+01 5.83e+02  -6.0 1.73e+03  -9.3 5.44e-02 8.17e-02h  1
 304 -1.2124702e-01 2.00e+01 4.52e+02  -6.0 5.57e+02  -8.9 1.45e-01 2.26e-01f  1
 305 -1.2270246e-01 1.86e+01 3.58e+02  -6.0 2.55e+03  -9.3 4.37e-01 2.03e-01h  1
 306 -1.2403178e-01 1.39e+01 2.13e+02  -6.0 6.71e+02  -8.9 3.81e-01 4.09e-01h  1
 307 -1.2528335e-01 1.09e+01 2.79e+02  -6.0 1.30e+03  -9.4 3.37e-01 2.31e-01h  1
 308 -1.2569890e-01 1.23e+01 3.87e+02  -6.0 3.18e+04  -9.9 3.37e-02 1.15e-02h  1
 309 -1.2632036e-01 1.09e+01 1.42e+02  -6.0 1.57e+03  -9.4 1.84e-02 1.31e-01h  1
iter    objective    inf_pr   inf_du lg(mu)  ||d||  lg(rg) alpha_du alpha_pr  ls
 310 -1.2675096e-01 3.74e+00 3.17e+02  -6.0 2.63e+02  -8.1 1.51e-02 6.58e-01f  1
 311 -1.2724730e-01 1.99e+00 7.07e+02  -6.0 1.64e+02  -8.6 3.93e-01 4.98e-01h  1
 312 -1.2829747e-01 2.30e+00 4.58e+03  -6.0 4.82e+02  -9.1 6.36e-02 4.62e-01h  1
 313 -1.2936200e-01 3.62e+00 6.77e+03  -6.0 2.31e+03  -9.5 4.38e-02 1.47e-01h  1
 314 -1.2975491e-01 3.24e+00 1.30e+04  -6.0 2.96e+03 -10.0 5.50e-01 1.16e-01h  1
 315 -1.3132028e-01 8.84e+00 1.31e+04  -6.0 4.56e+04    -  8.22e-02 6.71e-02h  1
 316 -1.3159779e-01 8.64e+00 1.50e+04  -6.0 8.24e+03 -10.5 9.53e-02 4.33e-02h  1
 317 -1.3216114e-01 1.59e+01 5.56e+02  -6.0 3.01e+02  -8.3 6.47e-02 4.70e-01h  1
 318 -1.3230946e-01 2.57e+01 1.18e+03  -6.0 5.54e+02  -7.8 3.32e-02 4.54e-02h  1
 319 -1.3243424e-01 2.32e+01 1.42e+04  -6.0 1.06e+02  -7.4 9.69e-02 2.03e-01h  1
iter    objective    inf_pr   inf_du lg(mu)  ||d||  lg(rg) alpha_du alpha_pr  ls
 320 -1.3253503e-01 2.78e+01 1.42e+04  -6.0 1.32e+03  -7.9 1.05e-02 5.54e-03h  1
 321 -1.3262072e-01 3.03e+01 1.45e+04  -6.0 1.76e+03  -8.4 1.79e-02 7.25e-03h  1
 322 -1.3288941e-01 2.77e+01 5.25e+04  -6.0 3.72e+02  -8.8 2.87e-01 8.49e-02h  1
 323 -1.3329176e-01 2.72e+01 6.07e+04  -6.0 1.80e+04    -  4.20e-02 2.44e-02h  1
 324 -1.3433499e-01 1.88e+01 2.87e+07  -6.0 1.31e+03  -9.3 1.16e-03 3.07e-01h  1
 325 -1.3450498e-01 1.77e+01 2.71e+07  -6.0 5.11e+03  -9.8 5.50e-02 5.53e-02h  1
 326 -1.3450865e-01 1.69e+01 2.59e+07  -6.0 2.33e+02  -8.5 8.60e-03 4.56e-02h  1
 327 -1.3451644e-01 1.60e+01 2.44e+07  -6.0 6.51e+01  -8.0 1.46e-01 5.77e-02h  1
 328 -1.3451442e-01 1.59e+01 2.44e+07  -6.0 3.05e+03  -8.5 2.30e-03 2.40e-03h  1
 329 -1.3451317e-01 1.59e+01 2.44e+07  -6.0 9.73e+03  -8.1 1.98e-02 3.10e-04h  1
Error in an AMPL evaluation. Run with "halt_on_ampl_error yes" to see details.
Warning: Cutting back alpha due to evaluation error
iter    objective    inf_pr   inf_du lg(mu)  ||d||  lg(rg) alpha_du alpha_pr  ls
 330 -1.3450668e-01 1.59e+01 2.43e+07  -6.0 2.12e+04  -8.6 8.39e-04 6.60e-04h  2
Error in an AMPL evaluation. Run with "halt_on_ampl_error yes" to see details.
Warning: Cutting back alpha due to evaluation error
 331 -1.3449557e-01 1.59e+01 2.43e+07  -6.0 3.71e+04  -8.1 1.40e-02 5.61e-04h  2
Error in an AMPL evaluation. Run with "halt_on_ampl_error yes" to see details.
Warning: Cutting back alpha due to evaluation error
 332 -1.3449416e-01 1.59e+01 2.43e+07  -6.0 5.42e+04  -8.6 1.24e-03 4.29e-05h  6
Error in an AMPL evaluation. Run with "halt_on_ampl_error yes" to see details.
Warning: Cutting back alpha due to evaluation error
 333 -1.3448732e-01 1.59e+01 2.43e+07  -6.0 4.92e+04  -8.2 1.24e-03 1.53e-04h  4
 334 -1.3433387e-01 1.58e+01 2.43e+07  -6.0 3.72e+04  -6.9 4.59e-04 3.59e-04h  1
 335 -1.3428539e-01 1.56e+01 2.43e+07  -6.0 3.61e+04  -6.4 5.66e-04 3.43e-04h  1
Error in an AMPL evaluation. Run with "halt_on_ampl_error yes" to see details.
Warning: Cutting back alpha due to evaluation error
 336 -1.3425820e-01 1.56e+01 2.43e+07  -6.0 4.20e+04  -6.0 9.68e-05 1.09e-04h  2
Error in an AMPL evaluation. Run with "halt_on_ampl_error yes" to see details.
Warning: Cutting back alpha due to evaluation error
 337r-1.3425820e-01 1.56e+01 9.99e+02   0.7 0.00e+00  -6.5 0.00e+00 4.99e-07R 10
 338r-1.3427282e-01 1.56e+01 9.99e+02   0.7 3.25e+04    -  4.86e-07 6.12e-07f  1
 339r-1.3427282e-01 1.56e+01 9.99e+02   0.7 0.00e+00    -  0.00e+00 2.20e-08R  7
iter    objective    inf_pr   inf_du lg(mu)  ||d||  lg(rg) alpha_du alpha_pr  ls
 340r-1.3424998e-01 1.56e+01 1.14e+03   0.7 3.87e+04    -  5.57e-07 1.61e-07f  1
 341 -1.3424998e-01 1.56e+01 1.11e+03  -6.0 3.25e+02    -  5.40e-03 3.54e-05h  1
 342 -1.3424969e-01 1.56e+01 1.25e+04  -6.0 3.91e+02    -  6.18e-03 5.77e-04h  1
Error in an AMPL evaluation. Run with "halt_on_ampl_error yes" to see details.
Warning: Cutting back alpha due to evaluation error
 343 -1.3424619e-01 1.56e+01 2.78e+05  -6.0 3.99e+02    -  1.03e-02 2.23e-03h  2
 344 -1.3424409e-01 1.55e+01 6.30e+05  -6.0 4.08e+02    -  7.17e-03 1.18e-03h  1
Error in an AMPL evaluation. Run with "halt_on_ampl_error yes" to see details.
Warning: Cutting back alpha due to evaluation error
 345 -1.3423380e-01 1.55e+01 1.40e+06  -6.0 4.13e+02    -  1.66e-02 5.51e-03h  2
Error in an AMPL evaluation. Run with "halt_on_ampl_error yes" to see details.
Warning: Cutting back alpha due to evaluation error
 346 -1.3421538e-01 1.53e+01 1.86e+06  -6.0 4.08e+02    -  1.53e-02 8.67e-03h  2
Error in an AMPL evaluation. Run with "halt_on_ampl_error yes" to see details.
Warning: Cutting back alpha due to evaluation error
 347 -1.3419176e-01 1.52e+01 2.81e+06  -6.0 3.99e+02    -  2.50e-02 1.05e-02h  2
Error in an AMPL evaluation. Run with "halt_on_ampl_error yes" to see details.
Warning: Cutting back alpha due to evaluation error
 348 -1.3415265e-01 1.49e+01 3.83e+06  -6.0 3.85e+02    -  3.50e-02 1.64e-02h  2
Error in an AMPL evaluation. Run with "halt_on_ampl_error yes" to see details.
Warning: Cutting back alpha due to evaluation error
 349 -1.3410228e-01 1.46e+01 9.32e+06  -6.0 4.14e+02    -  1.48e-01 1.99e-02h  2
Error in an AMPL evaluation. Run with "halt_on_ampl_error yes" to see details.
Warning: Cutting back alpha due to evaluation error
Error in an AMPL evaluation. Run with "halt_on_ampl_error yes" to see details.
Warning: Cutting back alpha due to evaluation error
iter    objective    inf_pr   inf_du lg(mu)  ||d||  lg(rg) alpha_du alpha_pr  ls
 350 -1.3402723e-01 1.42e+01 9.18e+06  -6.0 4.73e+02    -  3.93e-02 2.65e-02h  3
Error in an AMPL evaluation. Run with "halt_on_ampl_error yes" to see details.
Warning: Cutting back alpha due to evaluation error
Error in an AMPL evaluation. Run with "halt_on_ampl_error yes" to see details.
Warning: Cutting back alpha due to evaluation error
 351 -1.3402712e-01 1.42e+01 1.60e+06  -6.0 4.14e+02  -0.6 2.21e-04 4.38e-05h  3
Error in an AMPL evaluation. Run with "halt_on_ampl_error yes" to see details.
Warning: Cutting back alpha due to evaluation error
Error in an AMPL evaluation. Run with "halt_on_ampl_error yes" to see details.
Warning: Cutting back alpha due to evaluation error
Error in an AMPL evaluation. Run with "halt_on_ampl_error yes" to see details.
Warning: Cutting back alpha due to evaluation error
Error in an AMPL evaluation. Run with "halt_on_ampl_error yes" to see details.
Warning: Cutting back alpha due to evaluation error
Error in an AMPL evaluation. Run with "halt_on_ampl_error yes" to see details.
Warning: Cutting back alpha due to evaluation error
Error in an AMPL evaluation. Run with "halt_on_ampl_error yes" to see details.
Warning: Cutting back alpha due to evaluation error
 352 -1.3402712e-01 1.42e+01 1.60e+06  -6.0 1.71e+03   1.6 3.48e-09 6.87e-08h  7
Error in an AMPL evaluation. Run with "halt_on_ampl_error yes" to see details.
Warning: Cutting back alpha due to evaluation error
Error in an AMPL evaluation. Run with "halt_on_ampl_error yes" to see details.
Warning: Cutting back alpha due to evaluation error
Error in an AMPL evaluation. Run with "halt_on_ampl_error yes" to see details.
Warning: Cutting back alpha due to evaluation error
Error in an AMPL evaluation. Run with "halt_on_ampl_error yes" to see details.
Warning: Cutting back alpha due to evaluation error
Error in an AMPL evaluation. Run with "halt_on_ampl_error yes" to see details.
Warning: Cutting back alpha due to evaluation error
Error in an AMPL evaluation. Run with "halt_on_ampl_error yes" to see details.
Warning: Cutting back alpha due to evaluation error
Error in an AMPL evaluation. Run with "halt_on_ampl_error yes" to see details.
Warning: Cutting back alpha due to evaluation error
 353 -1.3402712e-01 1.42e+01 1.60e+06  -6.0 2.47e+02   2.0 1.47e-06 1.59e-07h  8
Error in an AMPL evaluation. Run with "halt_on_ampl_error yes" to see details.
Warning: Cutting back alpha due to evaluation error
Error in an AMPL evaluation. Run with "halt_on_ampl_error yes" to see details.
Warning: Cutting back alpha due to evaluation error
Error in an AMPL evaluation. Run with "halt_on_ampl_error yes" to see details.
Warning: Cutting back alpha due to evaluation error
Error in an AMPL evaluation. Run with "halt_on_ampl_error yes" to see details.
Warning: Cutting back alpha due to evaluation error
Error in an AMPL evaluation. Run with "halt_on_ampl_error yes" to see details.
Warning: Cutting back alpha due to evaluation error
Error in an AMPL evaluation. Run with "halt_on_ampl_error yes" to see details.
Warning: Cutting back alpha due to evaluation error
Error in an AMPL evaluation. Run with "halt_on_ampl_error yes" to see details.
Warning: Cutting back alpha due to evaluation error
 354 -1.3402712e-01 1.42e+01 1.60e+06  -6.0 1.08e+03   2.4 4.70e-09 9.57e-09h  8
Error in an AMPL evaluation. Run with "halt_on_ampl_error yes" to see details.
Warning: Cutting back alpha due to evaluation error
Error in an AMPL evaluation. Run with "halt_on_ampl_error yes" to see details.
Warning: Cutting back alpha due to evaluation error
Error in an AMPL evaluation. Run with "halt_on_ampl_error yes" to see details.
Warning: Cutting back alpha due to evaluation error
Error in an AMPL evaluation. Run with "halt_on_ampl_error yes" to see details.
Warning: Cutting back alpha due to evaluation error
Error in an AMPL evaluation. Run with "halt_on_ampl_error yes" to see details.
Warning: Cutting back alpha due to evaluation error
Error in an AMPL evaluation. Run with "halt_on_ampl_error yes" to see details.
Warning: Cutting back alpha due to evaluation error
Error in an AMPL evaluation. Run with "halt_on_ampl_error yes" to see details.
Warning: Cutting back alpha due to evaluation error
 355 -1.3402713e-01 1.42e+01 1.60e+06  -6.0 7.69e+01   3.8 5.43e-09 4.24e-09h  7
Error in an AMPL evaluation. Run with "halt_on_ampl_error yes" to see details.
Warning: Cutting back alpha due to evaluation error
Error in an AMPL evaluation. Run with "halt_on_ampl_error yes" to see details.
Warning: Cutting back alpha due to evaluation error
Error in an AMPL evaluation. Run with "halt_on_ampl_error yes" to see details.
Warning: Cutting back alpha due to evaluation error
Error in an AMPL evaluation. Run with "halt_on_ampl_error yes" to see details.
Warning: Cutting back alpha due to evaluation error
Error in an AMPL evaluation. Run with "halt_on_ampl_error yes" to see details.
Warning: Cutting back alpha due to evaluation error
Error in an AMPL evaluation. Run with "halt_on_ampl_error yes" to see details.
Warning: Evaluation error during soft restoration phase step.
Error in an AMPL evaluation. Run with "halt_on_ampl_error yes" to see details.
Warning: Evaluation error during soft restoration phase step.
Error in an AMPL evaluation. Run with "halt_on_ampl_error yes" to see details.
Warning: Evaluation error during soft restoration phase step.
 356r-1.3402713e-01 1.42e+01 1.00e+03   0.7 0.00e+00   6.9 0.00e+00 4.91e-09R  9
 357r-1.3402699e-01 1.42e+01 1.24e+04   0.7 1.99e+04    -  2.03e-07 6.47e-10f  1
Error in an AMPL evaluation. Run with "halt_on_ampl_error yes" to see details.
Warning: Cutting back alpha due to evaluation error
Error in an AMPL evaluation. Run with "halt_on_ampl_error yes" to see details.
Warning: Cutting back alpha due to evaluation error
Error in an AMPL evaluation. Run with "halt_on_ampl_error yes" to see details.
Warning: Cutting back alpha due to evaluation error
Error in an AMPL evaluation. Run with "halt_on_ampl_error yes" to see details.
Warning: Cutting back alpha due to evaluation error
Error in an AMPL evaluation. Run with "halt_on_ampl_error yes" to see details.
Warning: Cutting back alpha due to evaluation error
Error in an AMPL evaluation. Run with "halt_on_ampl_error yes" to see details.
Warning: Cutting back alpha due to evaluation error
Error in an AMPL evaluation. Run with "halt_on_ampl_error yes" to see details.
Warning: Cutting back alpha due to evaluation error
Error in an AMPL evaluation. Run with "halt_on_ampl_error yes" to see details.
Warning: Cutting back alpha due to evaluation error
Error in an AMPL evaluation. Run with "halt_on_ampl_error yes" to see details.
Warning: Cutting back alpha due to evaluation error
Error in an AMPL evaluation. Run with "halt_on_ampl_error yes" to see details.
Warning: Cutting back alpha due to evaluation error
Error in an AMPL evaluation. Run with "halt_on_ampl_error yes" to see details.
Warning: Cutting back alpha due to evaluation error
Error in an AMPL evaluation. Run with "halt_on_ampl_error yes" to see details.
Warning: Cutting back alpha due to evaluation error
Error in an AMPL evaluation. Run with "halt_on_ampl_error yes" to see details.
Warning: Evaluation error during soft restoration phase step.
Error in an AMPL evaluation. Run with "halt_on_ampl_error yes" to see details.
Warning: Evaluation error during soft restoration phase step.
Error in an AMPL evaluation. Run with "halt_on_ampl_error yes" to see details.
Warning: Evaluation error during soft restoration phase step.
 358r-1.3402699e-01 1.42e+01 9.99e+02   0.7 0.00e+00    -  0.00e+00 4.85e-08R 13
 359r-1.3401981e-01 1.42e+01 1.91e+04   0.7 3.90e+04    -  3.04e-07 2.21e-08f  1
iter    objective    inf_pr   inf_du lg(mu)  ||d||  lg(rg) alpha_du alpha_pr  ls
 360 -1.3401942e-01 1.42e+01 2.47e+06  -6.0 4.74e+01    -  5.98e-02 2.43e-04h  1
 361 -1.3401324e-01 1.42e+01 2.33e+07  -6.0 1.65e+02    -  2.45e-04 2.30e-03h  1
 362 -1.3401138e-01 1.42e+01 2.33e+07  -6.0 4.20e+02    -  2.69e-03 7.33e-04h  1
Error in an AMPL evaluation. Run with "halt_on_ampl_error yes" to see details.
Warning: Cutting back alpha due to evaluation error
 363 -1.3400024e-01 1.41e+01 2.32e+07  -6.0 4.23e+02    -  4.21e-03 4.38e-03h  2
Error in an AMPL evaluation. Run with "halt_on_ampl_error yes" to see details.
Warning: Cutting back alpha due to evaluation error
 364 -1.3399420e-01 1.41e+01 2.31e+07  -6.0 4.32e+02    -  1.40e-02 2.37e-03h  2
Error in an AMPL evaluation. Run with "halt_on_ampl_error yes" to see details.
Warning: Cutting back alpha due to evaluation error
Error in an AMPL evaluation. Run with "halt_on_ampl_error yes" to see details.
Warning: Cutting back alpha due to evaluation error
 365 -1.3398993e-01 1.41e+01 2.31e+07  -6.0 4.40e+02    -  2.52e-02 1.66e-03h  3
Error in an AMPL evaluation. Run with "halt_on_ampl_error yes" to see details.
Warning: Cutting back alpha due to evaluation error
Error in an AMPL evaluation. Run with "halt_on_ampl_error yes" to see details.
Warning: Cutting back alpha due to evaluation error
Error in an AMPL evaluation. Run with "halt_on_ampl_error yes" to see details.
Warning: Cutting back alpha due to evaluation error
 366 -1.3398256e-01 1.40e+01 2.30e+07  -6.0 4.48e+02    -  2.72e-02 2.80e-03h  4
 367r-1.3398256e-01 1.40e+01 1.00e+03   0.7 0.00e+00   6.4 0.00e+00 2.45e-07R  2
 368r-1.3398254e-01 1.40e+01 1.00e+03   0.7 8.78e+04    -  4.62e-09 8.09e-11f  3
Error in an AMPL evaluation. Run with "halt_on_ampl_error yes" to see details.
Warning: Cutting back alpha due to evaluation error
Error in an AMPL evaluation. Run with "halt_on_ampl_error yes" to see details.
Warning: Cutting back alpha due to evaluation error
Error in an AMPL evaluation. Run with "halt_on_ampl_error yes" to see details.
Warning: Cutting back alpha due to evaluation error
Error in an AMPL evaluation. Run with "halt_on_ampl_error yes" to see details.
Warning: Cutting back alpha due to evaluation error
Error in an AMPL evaluation. Run with "halt_on_ampl_error yes" to see details.
Warning: Evaluation error during soft restoration phase step.
Error in an AMPL evaluation. Run with "halt_on_ampl_error yes" to see details.
Warning: Evaluation error during soft restoration phase step.
Error in an AMPL evaluation. Run with "halt_on_ampl_error yes" to see details.
Warning: Evaluation error during soft restoration phase step.
 369r-1.3398254e-01 1.40e+01 9.99e+02   0.7 0.00e+00    -  0.00e+00 4.83e-07R  7
iter    objective    inf_pr   inf_du lg(mu)  ||d||  lg(rg) alpha_du alpha_pr  ls
 370r-1.3398131e-01 1.40e+01 2.58e+04   0.7 3.84e+04    -  2.96e-07 4.36e-09f  1
 371 -1.3398123e-01 1.40e+01 1.58e+05  -6.0 2.43e+02    -  2.82e-02 4.30e-05h  1
 372 -1.3397879e-01 1.40e+01 2.65e+06  -6.0 4.44e+02    -  6.07e-05 1.02e-03h  1
Error in an AMPL evaluation. Run with "halt_on_ampl_error yes" to see details.
Warning: Cutting back alpha due to evaluation error
 373 -1.3396615e-01 1.39e+01 2.64e+06  -6.0 4.46e+02    -  9.76e-02 5.27e-03h  2
 374r-1.3396615e-01 1.39e+01 1.00e+03   0.6 0.00e+00   5.9 0.00e+00 2.31e-07R  2
 375r-1.3391895e-01 1.39e+01 1.24e+03   0.6 2.13e+04    -  5.18e-07 2.00e-07f  1
 376 -1.3391890e-01 1.39e+01 2.66e+00  -6.0 3.69e+02    -  1.11e-05 2.96e-05h  1
 377 -1.3391881e-01 1.39e+01 4.05e+00  -6.0 4.31e+02    -  1.04e-04 4.57e-05h  1
 378 -1.3391774e-01 1.39e+01 1.63e+01  -6.0 4.27e+02    -  1.13e-04 5.59e-04h  1
 379 -1.3391705e-01 1.39e+01 1.04e+01  -6.0 4.39e+02    -  4.87e-04 3.44e-04h  1
iter    objective    inf_pr   inf_du lg(mu)  ||d||  lg(rg) alpha_du alpha_pr  ls
 380 -1.3391193e-01 1.39e+01 7.44e+01  -6.0 4.41e+02    -  9.91e-04 2.53e-03h  1
 381 -1.3391079e-01 1.39e+01 3.01e+01  -6.0 4.44e+02    -  1.60e-03 5.37e-04h  1
 382 -1.3389927e-01 1.38e+01 2.02e+02  -6.0 4.41e+02    -  2.37e-03 5.34e-03h  1
 383 -1.3389927e-01 1.38e+01 8.35e+02  -6.0 2.09e+00   5.5 2.86e-06 3.41e-07h  2
 384r-1.3389927e-01 1.38e+01 9.99e+02   0.6 0.00e+00   5.0 0.00e+00 2.72e-07R  3
 385r-1.3389704e-01 1.38e+01 2.36e+04   0.6 3.06e+04    -  2.79e-08 1.45e-08f  1
 386 -1.3389696e-01 1.38e+01 1.29e+05  -6.0 3.53e+02    -  2.49e-03 4.84e-05h  1
 387 -1.3389255e-01 1.37e+01 1.30e+07  -6.0 1.66e+02    -  4.99e-05 4.92e-03h  1
 388 -1.3388961e-01 1.31e+01 1.23e+07  -6.0 1.88e+01    -  5.92e-03 4.98e-02h  1
 389 -1.3387061e-01 1.11e+01 1.05e+07  -6.0 1.18e+01    -  8.07e-02 1.50e-01h  1
iter    objective    inf_pr   inf_du lg(mu)  ||d||  lg(rg) alpha_du alpha_pr  ls
 390 -1.3382565e-01 7.31e+00 6.89e+06  -6.0 9.89e+00    -  2.99e-01 3.41e-01h  1
 391 -1.3380037e-01 5.71e+00 5.38e+06  -6.0 6.35e+00    -  5.72e-01 2.20e-01h  1
 392 -1.3391958e-01 1.68e+00 1.58e+06  -6.0 5.96e+01    -  2.13e-01 7.06e-01h  1
 393 -1.3383200e-01 1.30e-01 1.21e+05  -6.0 1.01e+01    -  3.32e-01 9.23e-01h  1
 394 -1.3383228e-01 1.02e-01 9.48e+04  -6.0 9.09e-01    -  8.29e-01 2.18e-01h  1
 395 -1.3380271e-01 1.06e-04 9.41e+00  -6.0 1.34e+00    -  8.46e-01 1.00e+00h  1
 396 -1.3384994e-01 1.62e-04 3.73e+01  -6.0 3.26e+00    -  9.66e-01 4.12e-01h  1
 397 -1.3400928e-01 4.24e-03 2.38e+01  -6.0 3.26e+01    -  4.71e-01 3.53e-01f  1
 398 -1.3413132e-01 1.01e-02 2.18e+01  -6.0 4.97e+01    -  4.14e-01 1.66e-01h  1
 399 -1.3424299e-01 1.41e-02 2.70e+01  -6.0 4.36e+01    -  4.06e-01 1.84e-01h  1
iter    objective    inf_pr   inf_du lg(mu)  ||d||  lg(rg) alpha_du alpha_pr  ls
 400 -1.3497108e-01 4.22e-02 3.36e+01  -6.0 7.45e+01    -  5.53e-01 1.00e+00F  1
 401 -1.3497109e-01 4.22e-02 5.17e+01  -6.0 1.74e-02   4.5 6.17e-04 4.58e-04h  1
 402 -1.3497110e-01 4.21e-02 3.87e+03  -6.0 1.74e-02   4.0 8.61e-03 9.00e-04h  1
 403 -1.3497132e-01 4.12e-02 5.14e+04  -6.0 1.99e-02   3.6 1.85e-01 2.14e-02h  1
 404 -1.3497182e-01 3.94e-02 8.03e+04  -6.0 1.95e-02   3.1 8.68e-01 4.46e-02h  1
 405 -1.3497125e-01 3.36e-02 7.19e+04  -6.0 2.16e-02   2.6 9.56e-02 1.46e-01h  1
 406 -1.3497071e-01 2.79e-02 1.25e+04  -6.0 1.84e-02   2.1 7.77e-01 1.72e-01h  1
 407 -1.3496968e-01 2.07e-02 6.98e+03  -6.0 1.45e-02   1.7 3.58e-01 2.58e-01h  1
 408 -1.3496361e-01 7.35e-04 3.40e+02  -6.0 1.16e-02   1.2 1.00e+00 9.64e-01h  1
 409 -1.3496402e-01 2.50e-06 1.88e+01  -6.0 4.96e-03   0.7 9.83e-01 1.00e+00f  1
iter    objective    inf_pr   inf_du lg(mu)  ||d||  lg(rg) alpha_du alpha_pr  ls
 410 -1.3496395e-01 2.03e-07 1.27e+01  -6.0 1.53e-04   0.2 9.98e-01 9.19e-01h  1
 411 -1.3496347e-01 1.70e-08 5.57e-03  -6.0 6.54e-04  -0.3 1.00e+00 1.00e+00f  1
 412 -1.3496337e-01 9.84e-08 1.09e-01  -6.0 7.14e-04  -0.7 1.00e+00 1.00e+00h  1
 413 -1.3496317e-01 5.71e-07 3.41e-02  -6.0 1.62e-03  -1.2 1.00e+00 1.00e+00h  1
 414 -1.3496323e-01 3.18e-06 6.34e-02  -6.0 2.81e-03  -1.7 1.00e+00 1.00e+00h  1
 415 -1.3496331e-01 5.06e-06 3.85e-02  -6.0 5.01e-03  -2.2 1.00e+00 1.00e+00h  1
 416 -1.3496326e-01 2.64e-07 9.63e-03  -6.0 1.15e-02  -2.6 1.00e+00 1.00e+00h  1
 417 -1.3496434e-01 5.78e-07 1.85e-04  -6.0 2.93e-02  -3.1 1.00e+00 1.00e+00h  1
 418 -1.3496752e-01 1.92e-06 3.23e-04  -6.0 6.27e-02  -3.6 1.00e+00 1.00e+00h  1
 419 -1.3497113e-01 4.22e-05 1.22e-02  -6.0 4.78e-02  -4.1 1.00e+00 1.00e+00h  1
iter    objective    inf_pr   inf_du lg(mu)  ||d||  lg(rg) alpha_du alpha_pr  ls
 420 -1.3497289e-01 3.74e-04 1.87e-03  -6.0 8.12e-02  -4.6 1.00e+00 1.00e+00h  1
 421 -1.3497751e-01 1.13e-03 2.91e-03  -6.0 2.17e-01  -5.0 1.00e+00 1.00e+00h  1
 422 -1.3498695e-01 1.38e-04 8.57e-04  -6.0 6.56e-01  -5.5 1.00e+00 1.00e+00h  1
 423 -1.3501333e-01 5.84e-04 7.65e-03  -6.0 1.97e+00  -6.0 1.00e+00 1.00e+00h  1
 424 -1.3509525e-01 6.52e-03 8.06e-02  -6.0 5.82e+00  -6.5 1.00e+00 1.00e+00h  1
 425 -1.3525032e-01 3.95e-02 8.81e-01  -6.0 1.68e+01  -6.9 6.83e-01 6.28e-01h  1
 426 -1.3547051e-01 6.82e-03 9.47e-01  -6.0 4.20e+01  -7.4 1.00e+00 1.00e+00F  1
 427 -1.3566861e-01 8.98e-02 1.20e+02  -6.0 1.20e+02  -7.9 1.96e-01 2.27e-01h  1
 428 -1.3577124e-01 7.99e-02 1.43e+02  -6.0 2.62e+02  -8.4 2.53e-01 1.14e-01h  2
 429 -1.3579108e-01 7.76e-02 2.64e+02  -6.0 1.10e+03  -7.9 1.14e-01 2.66e-02h  1
iter    objective    inf_pr   inf_du lg(mu)  ||d||  lg(rg) alpha_du alpha_pr  ls
 430 -1.3581992e-01 7.57e-02 1.70e+03  -6.0 3.04e+02  -8.4 5.06e-01 3.42e-02h  1
 431 -1.3609564e-01 5.29e-01 2.02e+03  -6.0 5.73e+02  -8.9 1.57e-01 2.33e-01f  1
 432 -1.3617183e-01 5.01e-01 2.08e+03  -6.0 3.44e+02  -9.4 4.78e-02 5.35e-02h  1
 433 -1.3623774e-01 4.81e-01 1.45e+03  -6.0 1.27e+03  -9.9 2.74e-01 5.46e-02h  1
 434 -1.3648809e-01 4.22e-01 8.27e+02  -6.0 1.63e+03 -10.3 3.84e-01 2.17e-01h  2
 435 -1.3664350e-01 5.20e-01 3.54e+03  -6.0 7.71e+02  -9.9 6.53e-01 1.96e-01h  1
 436 -1.3665921e-01 6.08e-01 3.18e+03  -6.0 3.76e+03 -10.4 6.61e-02 3.34e-02h  3
 437 -1.3684825e-01 1.38e+00 1.89e+03  -6.0 2.43e+02  -9.1 6.32e-02 5.00e-01h  2
 438 -1.3736486e-01 1.22e+00 8.04e+02  -6.0 1.77e+02  -8.6 2.48e-01 8.74e-01H  1
 439 -1.3805240e-01 1.69e+00 5.00e+03  -6.0 1.79e+02  -9.1 2.02e-01 1.00e+00H  1
iter    objective    inf_pr   inf_du lg(mu)  ||d||  lg(rg) alpha_du alpha_pr  ls
 440 -1.3805798e-01 1.71e+00 4.49e+03  -6.0 9.79e+03    -  3.44e-02 7.86e-03h  5
 441 -1.3810912e-01 3.40e+00 4.48e+03  -6.0 1.18e+03  -9.6 1.25e-01 1.77e-01h  1
 442 -1.3814693e-01 3.23e+00 7.37e+03  -6.0 3.61e+03    -  4.24e-01 5.32e-02h  1
 443 -1.3819835e-01 2.38e+00 2.94e+05  -6.0 3.76e+03    -  1.28e-03 3.01e-01h  1
 444 -1.3827605e-01 2.29e+00 7.18e+01  -6.0 2.42e+03    -  4.28e-01 1.00e+00h  1
 445 -1.3829100e-01 1.34e+00 4.50e+01  -6.0 2.58e+02  -9.2 4.99e-01 4.19e-01h  1
 446 -1.3828975e-01 1.32e+00 7.95e+01  -6.0 5.64e+03    -  3.04e-01 8.75e-03h  2
 447 -1.3822282e-01 7.49e-01 9.69e+00  -6.0 1.74e+02  -9.6 8.79e-01 8.75e-01h  1
 448 -1.3821351e-01 6.46e-01 1.17e+01  -6.0 2.66e+02    -  7.52e-01 3.47e-01h  1
 449 -1.3818269e-01 1.36e+00 1.20e+01  -6.0 2.74e+02    -  6.29e-01 1.00e+00h  1
iter    objective    inf_pr   inf_du lg(mu)  ||d||  lg(rg) alpha_du alpha_pr  ls
 450 -1.3818186e-01 1.48e+00 1.36e+02  -6.0 1.14e+04    -  1.52e-01 7.69e-03h  3
 451 -1.3818856e-01 1.34e+00 7.35e+01  -6.0 2.14e+03    -  5.21e-01 9.73e-02h  2
 452 -1.3816999e-01 1.07e+00 5.19e+01  -6.0 2.30e+02    -  1.00e+00 7.07e-01h  1
 453 -1.3816399e-01 1.63e+00 1.22e+02  -6.0 1.01e+04    -  1.71e-01 2.17e-02h  2
 454 -1.3818765e-01 1.04e+00 7.32e+01  -6.0 2.23e+02  -9.2 1.00e+00 7.38e-01h  1
 455 -1.3852653e-01 7.62e-01 1.59e+02  -6.0 1.66e+02  -9.7 7.10e-01 1.00e+00h  1
 456 -1.3851579e-01 7.69e-01 1.43e+03  -6.0 1.94e+03  -8.4 1.52e-01 1.24e-02h  1
 457 -1.3820478e-01 2.10e+00 6.65e+02  -6.0 3.53e+02  -8.8 5.93e-01 7.47e-01h  1
 458 -1.3797946e-01 2.06e+00 1.95e+03  -6.0 7.85e+02  -9.3 2.89e-01 1.01e-01h  1
 459 -1.3850266e-01 1.23e+00 8.17e+02  -6.0 1.80e+02  -9.8 1.01e-03 4.23e-01h  1
iter    objective    inf_pr   inf_du lg(mu)  ||d||  lg(rg) alpha_du alpha_pr  ls
 460 -1.3844994e-01 1.99e+00 1.18e+04  -6.0 2.99e+03 -10.3 4.54e-01 1.10e-01h  1
 461 -1.3828938e-01 1.14e+01 1.04e+04  -6.0 4.87e+03    -  1.67e-01 1.55e-01h  1
 462 -1.3819200e-01 1.01e+01 4.37e+04  -6.0 1.25e+03 -10.7 1.00e+00 2.55e-01h  1
 463 -1.3837478e-01 3.96e+00 1.37e+07  -6.0 3.51e+02    -  3.92e-03 6.99e-01h  1
 464 -1.3800813e-01 3.72e+00 7.32e+03  -6.0 4.86e+02    -  2.40e-01 1.00e+00h  1
 465 -1.3807226e-01 9.73e-02 4.23e+00  -6.0 7.97e+01    -  1.00e+00 1.00e+00h  1
 466 -1.3802813e-01 3.71e-01 1.59e+00  -6.0 1.10e+02    -  1.00e+00 1.00e+00h  1
 467 -1.3801165e-01 1.21e-02 5.01e-02  -6.0 1.82e+01    -  1.00e+00 1.00e+00h  1
 468 -1.3801153e-01 2.81e-05 1.28e-04  -6.0 9.74e-01    -  1.00e+00 1.00e+00h  1
 469 -1.3801153e-01 2.81e-10 1.63e-09  -6.0 3.02e-03    -  1.00e+00 1.00e+00h  1
iter    objective    inf_pr   inf_du lg(mu)  ||d||  lg(rg) alpha_du alpha_pr  ls
 470 -1.3855075e-01 6.51e+00 1.17e+01  -7.5 3.73e+03    -  1.71e-01 1.73e-01f  1
 471 -1.3874167e-01 7.36e+00 2.56e+01  -7.5 4.03e+03    -  3.42e-02 7.08e-02h  1
 472 -1.3912735e-01 1.01e+01 2.11e+01  -7.5 2.55e+03    -  3.45e-01 2.32e-01h  1
 473 -1.3929633e-01 1.07e+01 1.86e+01  -7.5 2.43e+03    -  1.61e-01 1.81e-01h  1
 474 -1.3930227e-01 1.06e+01 7.50e+01  -7.5 3.09e+02  -9.4 5.08e-01 9.93e-03h  1
 475 -1.3980480e-01 3.18e+01 4.25e+01  -7.5 2.57e+03    -  7.67e-03 6.12e-01h  1
 476 -1.3983898e-01 2.60e+01 3.33e+01  -7.5 1.18e+03    -  2.12e-01 1.83e-01h  1
 477 -1.3992337e-01 1.30e+01 2.67e+01  -7.5 1.13e+03    -  2.74e-01 5.08e-01h  1
 478 -1.3992719e-01 1.26e+01 2.59e+01  -7.5 1.63e+02  -8.1 3.56e-02 2.76e-02h  1
 479 -1.4002575e-01 4.63e+00 2.77e+01  -7.5 8.32e+02    -  3.03e-01 6.64e-01h  1
iter    objective    inf_pr   inf_du lg(mu)  ||d||  lg(rg) alpha_du alpha_pr  ls
 480 -1.4005647e-01 3.49e+00 2.53e+01  -7.5 9.49e+02    -  5.57e-01 2.46e-01h  1
 481 -1.4011316e-01 2.07e+00 5.26e+01  -7.5 3.49e+02    -  8.82e-02 5.69e-01h  1
 482 -1.4018239e-01 1.15e+00 4.39e+01  -7.5 2.70e+02    -  8.71e-01 6.99e-01h  1
 483 -1.4028512e-01 4.88e+01 4.78e+02  -7.5 2.07e+03    -  1.97e-01 1.00e+00h  1
 484 -1.4029315e-01 4.56e+01 1.55e+02  -7.5 2.28e+03    -  3.19e-01 7.16e-02h  1
 485 -1.4032104e-01 3.62e+01 5.11e+02  -7.5 1.64e+03    -  4.53e-01 2.49e-01h  1
 486 -1.4036734e-01 2.23e+01 5.47e+02  -7.5 5.96e+02    -  5.06e-01 3.99e-01h  1
 487 -1.4038907e-01 1.84e+01 1.30e+02  -7.5 9.14e+02    -  9.60e-02 1.74e-01h  1
 488 -1.4044346e-01 1.47e+01 1.17e+03  -7.5 1.64e+03    -  2.00e-01 4.18e-01h  1
 489 -1.4044442e-01 1.53e+01 2.28e+03  -7.5 4.24e+04    -  2.11e-05 6.62e-03h  1
iter    objective    inf_pr   inf_du lg(mu)  ||d||  lg(rg) alpha_du alpha_pr  ls
 490r-1.4044442e-01 1.53e+01 1.00e+03   0.9 0.00e+00    -  0.00e+00 3.99e-11R 23
 491r-1.4044904e-01 1.53e+01 1.00e+03   0.9 5.77e+08    -  2.78e-11 8.89e-09f  1
 492 -1.4044916e-01 1.52e+01 5.68e+03  -7.5 1.72e+02    -  1.02e-06 5.79e-03h  1
 493 -1.4044444e-01 1.28e+01 1.80e+05  -7.5 1.69e+02    -  3.28e-02 1.54e-01h  1
 494 -1.4044205e-01 1.18e+01 1.49e+06  -7.5 7.79e+01    -  7.27e-08 7.87e-02h  1
 495 -1.4042915e-01 6.10e+00 1.57e+06  -7.5 5.99e+01    -  1.45e-01 4.84e-01h  1
 496 -1.4041930e-01 1.95e+00 1.33e+05  -7.5 1.86e+01    -  4.10e-01 6.81e-01h  1
 497 -1.4041618e-01 1.71e+00 1.16e+05  -7.5 5.68e+00    -  4.60e-02 1.22e-01h  1
 498 -1.4040969e-01 3.32e-04 1.79e+04  -7.5 4.80e+00    -  5.57e-01 1.00e+00h  1
 499 -1.4040993e-01 1.43e-05 8.27e+02  -7.5 1.84e-02    -  9.77e-01 9.57e-01h  1
iter    objective    inf_pr   inf_du lg(mu)  ||d||  lg(rg) alpha_du alpha_pr  ls
 500 -1.4041220e-01 6.51e-06 2.09e+02  -7.5 2.69e-01    -  8.44e-01 7.46e-01f  1
 501 -1.4041668e-01 4.38e-05 1.79e+02  -7.5 2.36e+00    -  7.01e-01 1.45e-01f  1
 502 -1.4042041e-01 1.05e-04 1.50e+02  -7.5 5.45e+00    -  9.18e-01 1.63e-01f  1
 503 -1.4042207e-01 3.47e-04 1.01e+02  -7.5 1.57e+01  -8.6 9.91e-01 3.27e-01f  1
 504 -1.4042442e-01 1.80e-03 7.96e-01  -7.5 7.89e+00  -8.1 9.88e-01 1.00e+00f  1
 505 -1.4046950e-01 2.41e+00 2.79e+00  -7.5 8.94e+02    -  9.99e-01 1.00e+00H  1
 506 -1.4048907e-01 9.22e+00 4.72e+00  -7.5 7.12e+03    -  1.63e-01 1.01e-01h  2
 507 -1.4048819e-01 2.10e+00 1.15e+00  -7.5 7.12e+00  -8.6 1.00e+00 7.72e-01h  1
 508 -1.4048842e-01 3.89e-02 1.81e-02  -7.5 1.66e+01  -9.1 1.00e+00 1.00e+00h  1
 509 -1.4049021e-01 1.56e-01 4.22e-02  -7.5 4.72e+01  -9.6 1.00e+00 1.00e+00h  1
iter    objective    inf_pr   inf_du lg(mu)  ||d||  lg(rg) alpha_du alpha_pr  ls
 510 -1.4049534e-01 2.73e-01 3.46e-01  -7.5 1.37e+02 -10.0 1.00e+00 1.00e+00h  1
 511 -1.4050893e-01 1.70e+00 2.55e+00  -7.5 3.80e+02 -10.5 5.37e-01 1.00e+00h  1
 512 -1.4051916e-01 2.29e+00 3.23e+00  -7.5 1.07e+03 -11.0 4.40e-01 2.82e-01h  1
 513 -1.4052542e-01 3.64e+00 4.55e+00  -7.5 1.00e+04    -  9.26e-02 3.45e-02h  3
 514 -1.4053017e-01 4.62e+00 5.97e+00  -7.5 1.08e+04    -  8.05e-02 2.51e-02h  4
 515 -1.4053037e-01 4.61e+00 5.95e+00  -7.5 5.07e+03    -  3.94e-01 2.24e-03h  1
 516 -1.4055943e-01 6.73e-01 9.00e+01  -7.5 1.62e+03    -  4.18e-01 1.00e+00H  1
 517 -1.4056687e-01 4.41e+00 9.15e+01  -7.5 6.18e+03    -  3.42e-01 7.85e-02h  3
 518 -1.4057375e-01 7.36e+00 9.21e+01  -7.5 3.43e+03    -  1.00e+00 1.36e-01h  3
 519 -1.4059463e-01 1.17e+00 1.84e+02  -7.5 1.87e+03    -  4.14e-02 7.87e-01H  1
iter    objective    inf_pr   inf_du lg(mu)  ||d||  lg(rg) alpha_du alpha_pr  ls
 520 -1.4060563e-01 1.16e+01 2.10e+02  -7.5 4.59e+03 -11.5 2.38e-01 1.82e-01h  2
 521 -1.4060722e-01 3.38e-01 5.28e+00  -7.5 1.20e+02    -  1.06e-01 1.00e+00h  1
 522 -1.4060782e-01 1.47e-01 1.93e+00  -7.5 4.85e+01 -10.1 1.00e+00 6.34e-01h  1
 523 -1.4060931e-01 2.74e-01 9.34e-01  -7.5 1.20e+02 -10.6 1.00e+00 1.00e+00h  1
 524 -1.4061935e-01 1.15e+01 5.17e+01  -7.5 5.43e+03    -  1.38e-01 1.42e-01h  1
 525 -1.4061423e-01 2.90e+00 1.32e+01  -7.5 3.92e+02    -  1.00e+00 1.00e+00h  1
 526 -1.4061965e-01 3.32e+00 1.69e+01  -7.5 4.09e+02    -  1.00e+00 1.00e+00h  1
 527 -1.4062009e-01 1.69e-02 1.23e-01  -7.5 2.82e+01    -  1.00e+00 1.00e+00h  1
 528 -1.4062002e-01 6.25e-04 4.41e-03  -7.5 5.60e+00    -  1.00e+00 1.00e+00h  1
 529 -1.4062002e-01 3.71e-10 3.26e-07  -7.5 3.11e-03    -  1.00e+00 1.00e+00h  1
iter    objective    inf_pr   inf_du lg(mu)  ||d||  lg(rg) alpha_du alpha_pr  ls
 530 -1.4062002e-01 2.83e-10 7.41e-10  -7.5 2.36e-03    -  1.00e+00 1.00e+00h  1
 531 -1.4062328e-01 9.23e-02 2.40e+00  -9.0 2.59e+02    -  2.88e-01 3.04e-01h  1
 532 -1.4063019e-01 2.10e+01 7.95e+01  -9.0 1.17e+05    -  2.16e-02 8.78e-03h  1
 533 -1.4063790e-01 2.77e+01 1.19e+02  -9.0 3.62e+03    -  1.86e-01 2.32e-01h  1
 534 -1.4064255e-01 2.74e+01 1.26e+02  -9.0 4.34e+03    -  2.91e-01 1.62e-01h  1
 535 -1.4064967e-01 4.42e+01 1.33e+02  -9.0 3.43e+03    -  3.20e-01 3.66e-01h  1
 536 -1.4065356e-01 4.07e+01 2.54e+01  -9.0 1.55e+03    -  1.00e-02 8.19e-01h  1
 537 -1.4065068e-01 1.55e-01 7.70e+00  -9.0 1.02e+02    -  4.01e-02 1.00e+00h  1
 538 -1.4065131e-01 8.47e-02 7.37e-01  -9.0 6.42e+01    -  1.00e+00 1.00e+00h  1
 539 -1.4065130e-01 2.12e-02 8.98e-02  -9.0 3.23e+01    -  1.00e+00 1.00e+00h  1
iter    objective    inf_pr   inf_du lg(mu)  ||d||  lg(rg) alpha_du alpha_pr  ls
 540 -1.4065129e-01 6.76e-08 1.75e-05  -9.0 3.78e-02    -  1.00e+00 1.00e+00h  1
 541 -1.4065129e-01 1.75e-10 2.61e-12  -9.0 2.73e-05    -  1.00e+00 1.00e+00h  1

Number of Iterations....: 541

                                   (scaled)                 (unscaled)
Objective...............:  -1.4065129338053659e-01   -1.4065129338053659e-01
Dual infeasibility......:   2.6050378149652768e-12    2.6050378149652768e-12
Constraint violation....:   1.7471030178128899e-10    1.7471030178128899e-10
Complementarity.........:   9.0909098745595616e-10    9.0909098745595616e-10
Overall NLP error.......:   9.0909098745595616e-10    9.0909098745595616e-10


Number of objective function evaluations             = 1580
Number of objective gradient evaluations             = 537
Number of equality constraint evaluations            = 1652
Number of inequality constraint evaluations          = 1572
Number of equality constraint Jacobian evaluations   = 557
Number of inequality constraint Jacobian evaluations = 557
Number of Lagrangian Hessian evaluations             = 541
Total CPU secs in IPOPT (w/o function evaluations)   =    327.893
Total CPU secs in NLP function evaluations           =     11.577

EXIT: Optimal Solution Found.
