
List of user-set options:

                                    Name   Value                used
                           compl_inf_tol = 1                     yes
                         constr_viol_tol = 1                     yes
                            dual_inf_tol = 1000                  yes
                           linear_solver = ma97                  yes
                              ma86_small = 1e-30                  no
                                  ma86_u = 0.0001                 no
                              ma97_order = best                  yes
                              ma97_small = 1e-30                 yes
                            ma97_switch1 = at_start              yes
                            ma97_switch2 = od_hd_reuse           yes
                                  ma97_u = 1e-06                 yes
                               ma97_umax = 0.5                   yes
                                max_iter = 2000                  yes
                    max_refinement_steps = 20                    yes
                    min_refinement_steps = 5                     yes
                                 mu_init = 1e-06                 yes
           mu_superlinear_decrease_power = 1.25                  yes
                   nlp_scaling_min_value = 1e-08                 yes
                        option_file_name = Preset_Case:_400_NCP.opt  yes
                             output_file = ./tmp/Preset_Case:_400_NCP.output  yes
                      print_user_options = yes                   yes
        required_infeasibility_reduction = 1                      no
                                     tol = 1e-08                 yes
                   warm_start_bound_frac = 1e-20                 yes
                   warm_start_bound_push = 1e-20                 yes
                   warm_start_init_point = yes                   yes
              warm_start_mult_bound_push = 1e-20                 yes
                warm_start_mult_init_max = 1e+40                 yes
             warm_start_slack_bound_frac = 1e-20                 yes
             warm_start_slack_bound_push = 1e-20                 yes

******************************************************************************
This program contains Ipopt, a library for large-scale nonlinear optimization.
 Ipopt is released as open source code under the Eclipse Public License (EPL).
         For more information visit http://projects.coin-or.org/Ipopt
******************************************************************************

This is Ipopt version 3.12.10, running with linear solver ma97.

Number of nonzeros in equality constraint Jacobian...:   117140
Number of nonzeros in inequality constraint Jacobian.:      213
Number of nonzeros in Lagrangian Hessian.............:    47462

Total number of variables............................:    29971
                     variables with only lower bounds:    11312
                variables with lower and upper bounds:    15132
                     variables with only upper bounds:        0
Total number of equality constraints.................:    29864
Total number of inequality constraints...............:       25
        inequality constraints with only lower bounds:        4
   inequality constraints with lower and upper bounds:        0
        inequality constraints with only upper bounds:       21

iter    objective    inf_pr   inf_du lg(mu)  ||d||  lg(rg) alpha_du alpha_pr  ls
   0 -5.3477889e-02 2.04e-01 5.85e+01  -6.0 0.00e+00    -  0.00e+00 0.00e+00   0
In iteration 0, 2 Slacks too small, adjusting variable bounds
   1 -5.3477889e-02 2.04e-01 1.88e+02  -6.0 9.48e+03   0.0 9.22e-08 9.30e-14f  1
   2 -5.3477897e-02 2.04e-01 1.88e+02  -6.0 5.20e+02  -0.5 1.22e-06 1.15e-06f  1
   3 -5.3477977e-02 2.04e-01 2.92e+02  -6.0 5.05e+02  -1.0 9.43e-06 3.82e-06f  1
   4 -5.3478380e-02 2.04e-01 2.47e+02  -6.0 5.18e+02  -1.4 4.34e-05 4.65e-05f  1
   5 -5.3483573e-02 2.04e-01 9.85e+03  -6.0 5.11e+02  -1.9 2.37e-03 3.49e-04f  1
   6 -5.3495138e-02 2.04e-01 1.05e+03  -6.0 5.13e+02  -1.5 1.76e-04 8.66e-04f  1
   7 -5.3590178e-02 2.02e-01 2.47e+04  -6.0 5.10e+02  -2.0 2.64e-04 6.44e-03f  1
   8 -5.3595625e-02 2.02e-01 1.60e+04  -6.0 5.01e+02  -1.5 1.23e-03 4.20e-04f  1
   9 -5.3616170e-02 2.02e-01 2.22e+04  -6.0 4.95e+02  -2.0 1.76e-04 2.02e-03f  1
iter    objective    inf_pr   inf_du lg(mu)  ||d||  lg(rg) alpha_du alpha_pr  ls
  10r-5.3616170e-02 2.02e-01 1.00e+03  -0.7 0.00e+00  -1.6 0.00e+00 3.06e-09R  2
  11r-5.3626144e-02 2.02e-01 2.02e+03  -0.7 4.81e+04    -  1.53e-07 5.38e-08f  1
  12r-5.3626144e-02 2.02e-01 9.99e+02  -0.7 0.00e+00    -  0.00e+00 2.29e-07R  2
  13r-5.3628816e-02 2.02e-01 1.37e+03  -0.7 1.02e+04    -  1.26e-06 1.25e-07f  1
  14 -5.3628775e-02 2.02e-01 7.01e+06  -6.0 5.38e+01    -  1.04e-01 2.55e-05h  1
  15 -5.3643542e-02 2.01e-01 6.16e+08  -6.0 5.05e+02    -  2.70e-05 2.37e-03h  1
  16 -5.3940852e-02 5.87e-01 5.87e+08  -6.0 5.01e+02    -  2.81e-03 4.64e-02h  1
  17 -5.4077744e-02 6.49e-01 5.66e+08  -6.0 4.14e+02    -  7.86e-04 3.65e-02f  1
  18 -5.4158875e-02 6.50e-01 5.47e+08  -6.0 3.55e+02    -  1.10e-01 3.23e-02h  1
  19 -5.4168828e-02 6.44e-01 5.42e+08  -6.0 3.21e+02    -  3.55e-02 9.71e-03h  4
iter    objective    inf_pr   inf_du lg(mu)  ||d||  lg(rg) alpha_du alpha_pr  ls
  20 -5.4180626e-02 6.36e-01 5.35e+08  -6.0 3.12e+02    -  5.14e-02 1.23e-02h  4
  21 -5.4200908e-02 6.29e-01 5.29e+08  -6.0 3.75e+02    -  3.48e-08 1.19e-02f  4
  22 -5.4199762e-02 6.26e-01 5.26e+08  -6.0 1.47e+02  -2.1 3.92e-02 4.84e-03h  1
  23 -5.4214368e-02 6.18e-01 5.20e+08  -6.0 3.32e+02    -  3.49e-08 1.27e-02h  4
  24 -5.4213821e-02 6.18e-01 5.20e+08  -6.0 1.63e+02  -2.5 8.63e-02 3.67e-04h  4
  25 -5.4213408e-02 6.17e-01 5.19e+08  -6.0 1.42e+02  -2.1 1.10e-01 3.67e-04h  4
  26 -5.4208887e-02 6.16e-01 5.18e+08  -6.0 1.73e+02  -2.6 2.13e-03 2.13e-03s 14
  27r-5.4208887e-02 6.16e-01 9.99e+02  -0.8 0.00e+00    -  0.00e+00 0.00e+00R  1
  28r-5.4207144e-02 6.16e-01 1.24e+03  -0.8 1.61e+03    -  3.48e-05 2.09e-06f  1
  29 -5.4207111e-02 6.16e-01 7.41e+06  -6.0 1.29e+02    -  1.62e-01 2.73e-05h  1
iter    objective    inf_pr   inf_du lg(mu)  ||d||  lg(rg) alpha_du alpha_pr  ls
  30 -5.4212118e-02 6.12e-01 1.76e+09  -6.0 2.68e+02    -  2.95e-05 6.98e-03h  1
  31 -5.4251662e-02 5.98e-01 1.68e+09  -6.0 2.67e+02    -  1.31e-02 4.21e-02h  2
  32 -5.4275692e-02 5.78e-01 1.61e+09  -6.0 2.40e+02    -  7.55e-02 4.04e-02h  1
  33 -5.4294782e-02 5.43e-01 1.51e+09  -6.0 2.19e+02    -  1.73e-01 6.70e-02h  2
  34 -5.4226702e-02 5.07e-01 1.41e+09  -6.0 1.92e+02    -  1.79e-01 6.63e-02h  2
  35 -5.4178149e-02 4.72e-01 1.31e+09  -6.0 1.70e+02    -  2.45e-01 6.89e-02h  1
  36 -5.4085064e-02 4.37e-01 1.21e+09  -6.0 1.55e+02    -  2.42e-01 7.58e-02h  1
  37 -5.3884124e-02 3.92e-01 1.04e+09  -6.0 1.39e+02    -  1.55e-02 1.37e-01h  1
  38 -5.3756137e-02 3.81e-01 9.61e+08  -6.0 1.05e+02    -  2.48e-01 7.86e-02h  3
  39 -5.3724073e-02 3.74e-01 9.43e+08  -6.0 9.11e+01    -  1.14e-01 1.92e-02h  5
iter    objective    inf_pr   inf_du lg(mu)  ||d||  lg(rg) alpha_du alpha_pr  ls
  40 -5.3709629e-02 3.71e-01 9.35e+08  -6.0 8.76e+01    -  4.29e-01 8.53e-03h  6
  41 -5.3704212e-02 3.70e-01 9.32e+08  -6.0 8.39e+01    -  1.39e-01 2.81e-03h  7
  42 -5.3704132e-02 3.70e-01 9.32e+08  -6.0 8.20e+01    -  2.06e-01 3.94e-05h 13
  43 -5.3604812e-02 3.76e-01 9.00e+08  -6.0 8.15e+01    -  1.29e-01 3.42e-02h  2
  44 -5.3461858e-02 3.48e-01 8.40e+08  -6.0 6.59e+01  -3.1 3.74e-02 6.69e-02h  1
  45 -5.3345417e-02 3.22e-01 7.50e+08  -6.0 5.57e+01  -3.5 1.50e-01 1.07e-01h  2
  46 -5.3270876e-02 3.11e-01 7.24e+08  -6.0 4.52e+01  -4.0 1.07e-01 3.50e-02h  1
  47 -5.3094597e-02 2.95e-01 7.07e+08  -6.0 1.66e+02  -4.5 5.63e-04 2.42e-02h  1
  48 -5.3088817e-02 2.93e-01 7.04e+08  -6.0 5.01e+01    -  2.37e-01 4.39e-03h  1
  49 -5.2889156e-02 2.65e-01 6.16e+08  -6.0 4.73e+01    -  1.28e-01 1.24e-01h  2
iter    objective    inf_pr   inf_du lg(mu)  ||d||  lg(rg) alpha_du alpha_pr  ls
  50r-5.2889156e-02 2.65e-01 1.00e+03  -1.0 0.00e+00  -3.2 0.00e+00 4.44e-07R  4
  51r-5.2624169e-02 2.64e-01 1.00e+03  -1.0 1.66e+05    -  4.90e-07 2.99e-06f  1
  52 -5.2610613e-02 2.42e-01 3.43e+04  -6.0 3.63e+01    -  2.54e-06 8.71e-02h  1
  53 -5.2610406e-02 2.41e-01 3.43e+04  -6.0 3.47e+01    -  6.81e-02 1.94e-03h  1
  54 -5.2588975e-02 1.95e-01 2.69e+04  -6.0 3.47e+01    -  3.74e-01 2.14e-01h  1
  55 -5.2581312e-02 1.65e-01 2.26e+04  -6.0 2.79e+01    -  2.63e-01 1.60e-01h  1
  56 -5.2522292e-02 1.60e-01 1.79e+04  -6.0 4.83e+01    -  8.09e-02 2.09e-01h  1
  57 -5.2480597e-02 1.45e-01 1.55e+04  -6.0 3.54e+01    -  5.29e-01 1.35e-01h  1
  58 -5.2291472e-02 1.37e-01 7.12e+03  -6.0 2.55e+01    -  2.33e-01 5.41e-01h  1
  59 -5.2287611e-02 4.54e-02 3.48e+03  -6.0 1.28e+01    -  6.87e-01 5.12e-01h  1
iter    objective    inf_pr   inf_du lg(mu)  ||d||  lg(rg) alpha_du alpha_pr  ls
  60 -5.2231832e-02 1.28e-02 7.20e+02  -6.0 5.33e+00    -  1.34e-01 7.93e-01h  1
  61 -5.2251652e-02 7.58e-03 5.88e+02  -6.0 3.01e+00    -  4.67e-01 1.00e+00h  1
  62 -5.2363740e-02 1.64e-03 1.86e+02  -6.0 1.82e+00    -  6.01e-01 7.19e-01h  1
  63 -5.2819686e-02 2.47e-03 1.53e+02  -6.0 4.85e+00    -  4.37e-01 1.00e+00f  1
  64 -5.3811045e-02 5.59e-02 5.49e+01  -6.0 8.31e+00    -  6.10e-01 1.00e+00h  1
  65 -5.4306061e-02 5.09e-02 3.50e+01  -6.0 2.10e+01    -  3.70e-01 2.55e-01h  1
  66 -5.5615804e-02 1.54e-01 2.37e+01  -6.0 3.85e+01    -  3.06e-01 4.11e-01f  1
  67 -5.7409022e-02 1.42e-01 1.72e+01  -6.0 7.32e+01    -  2.13e-01 2.87e-01h  1
  68 -5.9673818e-02 2.16e-01 3.51e+05  -6.0 1.12e+02    -  2.63e-05 2.32e-01h  1
  69 -6.1205025e-02 3.46e-01 2.65e+05  -6.0 7.44e+01    -  5.15e-05 2.45e-01h  1
iter    objective    inf_pr   inf_du lg(mu)  ||d||  lg(rg) alpha_du alpha_pr  ls
  70 -6.2951864e-02 4.86e-01 2.41e+07  -6.0 7.20e+01    -  4.64e-07 2.66e-01f  1
  71 -6.4225399e-02 5.58e-01 1.97e+07  -6.0 7.03e+01    -  1.30e-01 1.85e-01h  1
  72 -6.6052947e-02 8.19e-01 3.70e+06  -6.0 8.05e+01    -  1.27e-06 1.98e-01f  1
  73 -6.6482955e-02 7.69e-01 3.37e+06  -6.0 9.28e+01    -  4.87e-01 8.98e-02h  1
  74 -7.1551609e-02 6.00e+00 1.52e+06  -6.0 1.79e+02    -  1.15e-01 5.50e-01h  1
  75 -7.4498456e-02 6.53e+00 1.16e+06  -6.0 1.83e+02    -  2.70e-01 2.37e-01h  1
  76 -7.6594535e-02 6.06e+00 1.01e+06  -6.0 2.41e+02    -  6.90e-02 1.31e-01h  1
  77 -7.7096036e-02 5.90e+00 9.79e+05  -6.0 2.35e+02    -  1.39e-01 2.64e-02h  1
  78 -7.9006468e-02 5.76e+00 8.23e+05  -6.0 2.66e+02    -  6.34e-01 1.59e-01h  1
  79 -7.9006747e-02 5.60e+00 7.99e+05  -6.0 7.87e+00  -3.6 7.80e-03 2.89e-02h  1
iter    objective    inf_pr   inf_du lg(mu)  ||d||  lg(rg) alpha_du alpha_pr  ls
  80 -7.8975919e-02 4.18e+00 5.99e+05  -6.0 2.70e+00  -4.1 4.99e-02 2.51e-01h  1
  81 -7.9006199e-02 6.03e-02 7.43e+01  -6.0 1.68e+00  -4.6 3.36e-01 1.00e+00h  1
  82 -7.9231714e-02 1.61e-02 2.32e+01  -6.0 2.02e+00  -5.1 6.44e-01 6.84e-01h  1
  83 -7.9333119e-02 1.24e-02 2.19e+01  -6.0 5.53e+00  -5.6 1.35e-03 1.27e-01f  1
  84 -7.9342828e-02 1.10e-02 1.97e+01  -6.0 9.96e+01  -6.0 9.03e-02 2.46e-02f  1
  85 -7.9956407e-02 4.58e-01 2.22e+01  -6.0 3.16e+01  -6.5 5.08e-01 1.49e-01f  1
  86 -8.1999919e-02 1.53e+01 8.28e+01  -6.0 8.71e+01  -7.0 4.57e-01 3.05e-01h  1
  87 -8.2897108e-02 1.66e+01 4.70e+02  -6.0 1.91e+02  -7.5 1.03e-01 8.12e-02h  1
  88 -8.3248877e-02 1.43e+01 1.87e+03  -6.0 7.38e+01  -7.0 2.48e-01 1.40e-01h  1
  89 -8.4328285e-02 1.13e+01 4.13e+03  -6.0 1.63e+02  -7.5 2.95e-01 2.06e-01h  1
iter    objective    inf_pr   inf_du lg(mu)  ||d||  lg(rg) alpha_du alpha_pr  ls
  90 -8.4631598e-02 9.86e+00 2.44e+04  -6.0 7.18e+01  -7.1 7.51e-01 1.30e-01h  1
  91 -8.8007447e-02 3.76e+00 7.50e+03  -6.0 1.89e+02  -7.6 5.81e-01 6.20e-01h  1
  92 -8.8149994e-02 3.71e+00 9.88e+04  -6.0 4.75e+02  -7.1 5.01e-03 1.26e-02h  1
  93 -9.2931871e-02 6.78e-01 2.70e+02  -6.0 1.79e+02  -7.6 9.76e-01 9.90e-01h  1
  94 -9.4450562e-02 8.89e-02 3.24e+03  -6.0 6.42e+01  -7.2 8.68e-01 9.75e-01h  1
  95 -9.5322654e-02 9.04e-02 1.52e+03  -6.0 1.60e+02  -7.7 6.28e-01 1.97e-01h  1
  96 -9.6300268e-02 4.42e-02 1.04e+03  -6.0 4.49e+01  -7.2 4.11e-02 9.46e-01h  1
  97 -9.7796770e-02 2.10e-01 8.59e+01  -6.0 2.31e+02  -7.7 9.57e-01 2.82e-01h  1
  98 -1.0002362e-01 4.20e-01 7.36e+01  -6.0 5.03e+02  -8.2 8.32e-02 2.31e-01h  1
  99 -1.0087394e-01 1.04e+00 6.97e+01  -6.0 2.61e+03  -8.7 5.25e-02 4.42e-02h  1
iter    objective    inf_pr   inf_du lg(mu)  ||d||  lg(rg) alpha_du alpha_pr  ls
 100 -1.0260465e-01 5.58e-01 1.00e+02  -6.0 4.34e+02  -8.2 1.28e-01 2.34e-01h  1
 101 -1.0429353e-01 1.98e+00 8.74e+01  -6.0 1.91e+03  -8.7 5.60e-01 1.39e-01h  1
 102 -1.0631116e-01 8.80e+00 8.44e+01  -6.0 1.53e+03  -8.3 4.25e-03 3.95e-01h  1
 103 -1.0681972e-01 5.99e+00 2.04e+02  -6.0 1.93e+02  -7.9 4.44e-02 3.24e-01h  1
 104 -1.0705531e-01 5.63e+00 1.83e+02  -6.0 8.36e+02  -8.4 1.41e-02 7.25e-02f  1
 105 -1.0745664e-01 4.26e+00 4.81e+02  -6.0 1.94e+02  -7.9 8.60e-01 2.52e-01h  1
 106 -1.1151956e-01 8.14e+00 1.16e+02  -6.0 6.43e+02  -8.4 8.10e-01 1.00e+00h  1
 107 -1.1159386e-01 8.06e+00 3.51e+02  -6.0 1.14e+03  -8.9 4.47e-01 9.65e-03h  1
 108 -1.1371907e-01 4.87e+00 1.28e+02  -6.0 5.13e+02  -8.5 8.35e-01 6.62e-01h  1
 109 -1.1447628e-01 4.40e+00 1.13e+02  -6.0 1.14e+03  -8.9 3.16e-01 1.18e-01h  1
iter    objective    inf_pr   inf_du lg(mu)  ||d||  lg(rg) alpha_du alpha_pr  ls
 110 -1.1482415e-01 3.89e+00 9.86e+01  -6.0 4.43e+02  -8.5 1.97e-01 1.26e-01h  1
 111 -1.1653576e-01 3.81e+00 7.28e+01  -6.0 1.28e+03  -9.0 1.73e-01 2.84e-01h  1
 112 -1.1726508e-01 3.00e+00 1.03e+03  -6.0 4.29e+02  -8.6 1.00e+00 3.11e-01h  1
 113 -1.1934946e-01 1.07e+01 5.66e+02  -6.0 1.50e+03  -9.0 3.53e-01 4.33e-01h  1
 114 -1.2101301e-01 5.07e+00 1.01e+01  -6.0 5.07e+02  -8.6 8.77e-01 1.00e+00h  1
 115 -1.2208856e-01 1.57e+01 3.55e+01  -6.0 3.09e+03  -9.1 2.45e-01 2.49e-01h  1
 116 -1.2276254e-01 5.48e+00 1.95e+02  -6.0 3.86e+02  -8.7 3.87e-01 7.43e-01h  1
 117 -1.2277072e-01 5.43e+00 3.08e+03  -6.0 6.69e+02  -9.1 5.38e-02 8.37e-03h  1
 118 -1.2296972e-01 3.10e+00 2.19e+03  -6.0 2.89e+02  -8.7 3.25e-01 4.99e-01f  1
 119 -1.2307295e-01 2.73e+00 2.24e+03  -6.0 6.36e+02  -9.2 2.77e-01 1.32e-01h  1
iter    objective    inf_pr   inf_du lg(mu)  ||d||  lg(rg) alpha_du alpha_pr  ls
 120 -1.2351143e-01 2.08e+00 1.51e+03  -6.0 1.17e+03  -9.7 3.34e-01 3.28e-01h  1
 121 -1.2353552e-01 1.91e+00 1.58e+03  -6.0 4.37e+02  -9.2 8.15e-01 8.33e-02h  1
 122 -1.2407781e-01 3.25e+00 7.12e+02  -6.0 1.07e+03  -9.7 4.55e-01 5.55e-01h  1
 123 -1.2442582e-01 1.83e+00 2.59e+01  -6.0 4.30e+02  -9.3 3.06e-01 1.00e+00h  1
 124 -1.2517615e-01 9.74e+00 4.92e+01  -6.0 1.87e+03  -9.8 5.80e-02 3.46e-01h  1
 125 -1.2565966e-01 7.68e+00 4.30e+01  -6.0 6.79e+02  -9.3 4.43e-01 6.46e-01h  1
 126 -1.2598868e-01 2.44e+00 6.31e+01  -6.0 2.97e+01  -8.0 5.84e-01 6.85e-01h  1
 127 -1.2598797e-01 2.37e+00 6.30e+01  -6.0 6.01e-01  -0.2 6.99e-02 2.60e-02h  1
 128 -1.2598890e-01 2.28e+00 6.20e+01  -6.0 9.00e-01  -0.6 7.35e-03 3.84e-02h  1
 129 -1.2599430e-01 2.00e+00 5.97e+01  -6.0 9.64e-01  -1.1 3.81e-02 1.23e-01h  1
iter    objective    inf_pr   inf_du lg(mu)  ||d||  lg(rg) alpha_du alpha_pr  ls
 130 -1.2599717e-01 1.87e+00 4.18e+01  -6.0 9.22e-01  -1.6 2.75e-01 6.29e-02h  1
 131 -1.2600381e-01 1.57e+00 2.76e+01  -6.0 7.99e-01  -2.1 3.18e-01 1.61e-01h  1
 132 -1.2601613e-01 9.71e-01 1.21e+01  -6.0 7.94e-01  -2.6 5.54e-01 3.83e-01h  1
 133 -1.2602253e-01 5.69e-01 9.27e+00  -6.0 1.09e+00  -3.0 2.20e-01 4.14e-01h  1
 134 -1.2602289e-01 4.19e-01 1.69e+01  -6.0 1.56e+00  -3.5 1.00e+00 2.62e-01h  1
 135 -1.2602136e-01 3.04e-04 1.71e+01  -6.0 5.06e-01  -4.0 6.32e-01 1.00e+00h  1
 136 -1.2601133e-01 2.01e-04 1.44e+00  -6.0 5.33e-01  -4.5 8.41e-01 1.00e+00h  1
 137 -1.2600100e-01 2.79e-04 1.24e-01  -6.0 3.58e-01  -4.9 1.00e+00 1.00e+00h  1
 138 -1.2596808e-01 1.06e-03 1.22e+01  -6.0 3.16e-01  -5.4 3.89e-01 1.00e+00h  1
 139 -1.2593590e-01 9.01e-04 1.81e+00  -6.0 5.09e-01  -5.9 1.00e+00 1.00e+00h  1
iter    objective    inf_pr   inf_du lg(mu)  ||d||  lg(rg) alpha_du alpha_pr  ls
 140 -1.2591699e-01 1.47e-03 8.76e-01  -6.0 1.48e+00  -6.4 1.00e+00 1.00e+00h  1
 141 -1.2593213e-01 1.07e-03 2.60e-02  -6.0 4.78e+00  -6.8 1.00e+00 1.00e+00h  1
 142 -1.2593444e-01 1.87e-03 1.82e+00  -6.0 2.21e+01  -7.3 7.47e-01 1.71e-01h  2
 143 -1.2593739e-01 3.60e-03 6.46e-01  -6.0 5.69e+00  -6.9 1.00e+00 6.66e-01h  1
 144 -1.2594452e-01 4.01e-03 5.38e-02  -6.0 6.71e+00  -7.4 1.00e+00 1.00e+00f  1
 145 -1.2597549e-01 5.08e-02 8.87e-02  -6.0 2.04e+01  -7.9 1.00e+00 1.00e+00h  1
 146 -1.2608433e-01 1.84e-01 5.51e-01  -6.0 6.20e+01  -8.3 1.00e+00 1.00e+00h  1
 147 -1.2644014e-01 1.12e+00 5.46e+00  -6.0 1.95e+02  -8.8 1.00e+00 1.00e+00h  1
 148 -1.2680049e-01 1.41e+00 9.32e+00  -6.0 6.85e+02  -9.3 2.72e-01 2.75e-01h  1
 149 -1.2833916e-01 1.97e+01 1.37e+02  -6.0 3.09e+03  -9.8 3.04e-01 2.94e-01h  1
iter    objective    inf_pr   inf_du lg(mu)  ||d||  lg(rg) alpha_du alpha_pr  ls
 150 -1.2834234e-01 1.89e+01 1.31e+02  -6.0 7.90e+02  -9.3 4.06e-02 4.14e-02h  1
 151 -1.2844849e-01 1.74e+01 1.20e+02  -6.0 1.45e+03  -9.8 7.37e-02 8.15e-02h  1
 152 -1.2902366e-01 3.77e+00 6.22e+00  -6.0 4.42e+02  -9.4 9.57e-01 1.00e+00h  1
 153 -1.2921371e-01 5.36e+01 1.28e+01  -6.0 4.90e+03  -9.9 1.67e-01 3.17e-01h  1
 154 -1.2929206e-01 4.80e+01 2.33e+01  -6.0 8.81e+02  -9.4 5.34e-01 1.09e-01h  1
 155 -1.2937485e-01 4.52e+01 2.18e+01  -6.0 4.90e+02  -9.0 1.18e-01 5.71e-02h  1
 156 -1.2959141e-01 2.10e+01 2.18e+01  -6.0 6.90e+02  -9.5 7.38e-01 6.00e-01h  1
 157 -1.2964647e-01 1.96e+01 1.20e+02  -6.0 1.37e+03 -10.0 1.21e-01 6.33e-02h  1
 158 -1.2977428e-01 1.47e+01 7.26e+02  -6.0 2.26e+03 -10.4 9.85e-01 2.55e-01h  1
 159 -1.2991256e-01 1.25e+01 1.01e+03  -6.0 9.08e+03 -10.9 3.18e-01 1.55e-01h  1
iter    objective    inf_pr   inf_du lg(mu)  ||d||  lg(rg) alpha_du alpha_pr  ls
 160 -1.3047128e-01 2.21e+01 4.52e+01  -6.0 2.11e+04 -11.4 5.50e-02 2.20e-01h  1
 161 -1.3057572e-01 1.88e+01 5.64e+01  -6.0 6.32e+03 -11.0 1.02e-01 1.10e-01h  1
 162 -1.3064828e-01 1.75e+01 5.71e+02  -6.0 6.06e+03 -10.5 7.77e-02 1.58e-01h  1
 163 -1.3067231e-01 1.68e+01 1.52e+02  -6.0 1.13e+04    -  1.21e-01 4.38e-02h  1
 164 -1.3073157e-01 1.56e+01 1.46e+02  -6.0 8.11e+03    -  7.17e-02 7.04e-02h  1
 165 -1.3079480e-01 1.49e+01 2.22e+02  -6.0 2.11e+03  -9.2 3.79e-02 4.43e-02h  1
 166 -1.3091796e-01 1.31e+01 1.58e+03  -6.0 5.54e+02  -8.8 2.05e-02 1.26e-01h  1
 167 -1.3102417e-01 1.30e+01 4.38e+02  -6.0 7.81e+03  -8.4 1.09e-02 3.38e-03h  1
 168 -1.3146506e-01 1.07e+01 3.36e+03  -6.0 3.07e+02  -7.9 4.53e-02 1.79e-01h  1
 169 -1.3158803e-01 1.05e+01 3.69e+03  -6.0 9.98e+02  -8.4 1.15e-01 1.55e-02h  1
iter    objective    inf_pr   inf_du lg(mu)  ||d||  lg(rg) alpha_du alpha_pr  ls
 170 -1.3199062e-01 1.35e+01 4.94e+03  -6.0 3.89e+03  -8.9 5.18e-02 3.00e-02h  1
 171 -1.3238528e-01 2.03e+01 1.57e+04  -6.0 3.43e+03  -9.4 2.02e-01 4.00e-02h  1
 172 -1.3258994e-01 1.85e+01 1.28e+04  -6.0 4.73e+03    -  7.22e-02 1.24e-01h  1
 173 -1.3288742e-01 1.71e+01 1.30e+05  -6.0 4.94e+03    -  1.36e-02 1.57e-01h  1
 174 -1.3298304e-01 1.61e+01 1.21e+05  -6.0 3.60e+03    -  1.64e-01 6.55e-02h  1
 175 -1.3324698e-01 1.41e+01 9.95e+04  -6.0 3.48e+03    -  3.17e-02 1.82e-01h  1
 176 -1.3328873e-01 1.37e+01 9.65e+04  -6.0 2.78e+03    -  1.84e-02 3.01e-02h  1
 177 -1.3348764e-01 1.16e+01 8.08e+04  -6.0 2.08e+03    -  7.69e-02 1.63e-01f  1
 178 -1.3363331e-01 1.03e+01 7.16e+04  -6.0 2.15e+03    -  2.07e-02 1.14e-01h  1
 179 -1.3378181e-01 8.82e+00 6.15e+04  -6.0 4.67e+03    -  1.27e-01 1.41e-01h  1
iter    objective    inf_pr   inf_du lg(mu)  ||d||  lg(rg) alpha_du alpha_pr  ls
 180 -1.3382064e-01 8.68e+00 6.05e+04  -6.0 3.78e+03    -  8.00e-03 1.66e-02h  1
 181 -1.3386469e-01 7.74e+00 2.94e+06  -6.0 6.50e+02    -  1.58e-03 1.08e-01h  1
 182 -1.3402428e-01 6.16e+00 2.05e+06  -6.0 3.19e+03    -  2.56e-02 3.02e-01h  1
 183 -1.3405795e-01 5.32e+00 1.77e+06  -6.0 8.53e+02    -  3.36e-01 1.37e-01h  1
 184 -1.3408337e-01 4.01e+00 1.31e+06  -6.0 1.24e+03    -  1.42e-01 2.59e-01h  1
 185 -1.3409093e-01 4.93e+00 9.17e+05  -6.0 1.34e+03    -  4.61e-02 3.02e-01h  1
 186 -1.3406626e-01 2.40e+01 5.40e+03  -6.0 1.19e+03    -  5.91e-02 1.00e+00h  1
 187 -1.3408389e-01 1.45e+01 3.16e+03  -6.0 2.08e+02  -9.8 8.28e-01 4.00e-01h  1
 188 -1.3411116e-01 4.37e+00 5.48e+02  -6.0 3.97e+02 -10.3 6.05e-01 8.26e-01h  1
 189 -1.3418700e-01 1.12e+01 4.64e+01  -6.0 8.90e+02    -  9.87e-01 9.19e-01h  1
iter    objective    inf_pr   inf_du lg(mu)  ||d||  lg(rg) alpha_du alpha_pr  ls
 190 -1.3420162e-01 1.07e+01 9.32e+00  -6.0 9.54e+02    -  4.69e-01 1.00e+00h  1
 191 -1.3419894e-01 7.22e+00 6.05e+00  -6.0 7.69e+02  -9.0 3.10e-01 4.64e-01h  1
 192 -1.3419339e-01 2.53e+00 7.24e-02  -6.0 2.53e+02  -9.5 1.00e+00 1.00e+00f  1
 193 -1.3418666e-01 7.64e-01 2.48e+00  -6.0 1.54e+02  -9.9 6.52e-01 1.00e+00h  1
 194 -1.3418668e-01 5.49e-04 2.91e-03  -6.0 6.40e+00  -8.6 1.00e+00 1.00e+00h  1
 195 -1.3418542e-01 6.54e-03 8.79e-03  -6.0 1.81e+01  -9.1 1.00e+00 1.00e+00h  1
 196 -1.3418259e-01 3.01e-02 2.63e-01  -6.0 7.35e+01  -9.6 1.00e+00 1.00e+00H  1
 197 -1.3418075e-01 3.33e-02 3.57e-02  -6.0 2.70e+01  -9.1 1.00e+00 1.00e+00h  1
 198 -1.3418027e-01 2.66e-01 2.07e-01  -6.0 8.20e+01  -9.6 1.00e+00 1.00e+00h  1
 199 -1.3418154e-01 1.33e+00 1.06e-01  -6.0 2.22e+02 -10.1 1.00e+00 1.00e+00h  1
iter    objective    inf_pr   inf_du lg(mu)  ||d||  lg(rg) alpha_du alpha_pr  ls
 200 -1.3418146e-01 7.15e-01 6.81e-03  -6.0 8.22e+01  -9.7 1.00e+00 1.00e+00h  1
 201 -1.3418366e-01 9.29e-02 2.86e-02  -6.0 7.77e+01    -  1.00e+00 1.00e+00h  1
 202 -1.3418432e-01 4.18e-01 1.05e+01  -6.0 7.28e+02 -10.2 1.00e+00 2.41e-01h  2
 203 -1.3418385e-01 9.92e-01 5.21e+01  -6.0 4.07e+03    -  6.22e-01 5.54e-02h  2
 204 -1.3418380e-01 5.31e-01 2.34e+01  -6.0 2.14e+02  -9.7 5.02e-01 1.00e+00h  1
 205 -1.3418793e-01 1.52e-01 6.99e-02  -6.0 8.15e+01    -  1.00e+00 1.00e+00h  1
 206 -1.3418997e-01 1.50e-01 1.65e+00  -6.0 5.99e+01    -  1.00e+00 2.50e-01h  3
 207 -1.3419216e-01 2.47e-02 2.57e-02  -6.0 1.71e+01    -  1.00e+00 1.00e+00h  1
 208 -1.3419217e-01 9.16e-07 1.75e-05  -6.0 3.33e-01    -  1.00e+00 1.00e+00h  1
 209 -1.3436950e-01 4.50e-01 4.99e+01  -7.5 2.41e+03    -  2.95e-01 1.26e-01h  1
iter    objective    inf_pr   inf_du lg(mu)  ||d||  lg(rg) alpha_du alpha_pr  ls
 210 -1.3459657e-01 2.38e+00 1.06e+01  -7.5 2.70e+03    -  4.47e-02 2.09e-01h  1
 211 -1.3473315e-01 4.06e+00 3.33e+01  -7.5 2.29e+03    -  3.62e-01 2.38e-01h  1
 212 -1.3479639e-01 2.71e+00 1.79e+01  -7.5 1.39e+02  -9.3 2.82e-01 3.34e-01h  1
 213 -1.3481362e-01 2.57e+00 1.51e+01  -7.5 2.29e+03  -9.8 2.53e-02 5.17e-02h  1
 214 -1.3488205e-01 1.94e+00 1.02e+02  -7.5 8.83e+02 -10.3 4.09e-04 3.43e-01h  1
 215 -1.3507095e-01 9.44e+00 1.64e+02  -7.5 2.34e+03    -  4.16e-02 3.65e-01h  1
 216 -1.3508115e-01 8.14e+00 3.07e+02  -7.5 9.85e+01  -8.0 7.10e-04 1.38e-01h  1
 217 -1.3512726e-01 7.15e+00 2.69e+02  -7.5 9.67e+01  -7.6 5.82e-02 1.21e-01h  1
 218 -1.3514487e-01 6.50e+00 2.45e+02  -7.5 3.99e+01  -7.2 3.27e-01 9.09e-02h  1
 219 -1.3519504e-01 2.19e+00 1.25e+02  -7.5 1.80e+01  -6.7 2.03e-01 6.63e-01h  1
iter    objective    inf_pr   inf_du lg(mu)  ||d||  lg(rg) alpha_du alpha_pr  ls
 220 -1.3523791e-01 2.16e+00 1.11e+02  -7.5 5.16e+02  -7.2 8.71e-02 1.35e-02h  1
 221 -1.3545621e-01 8.07e+00 7.92e+01  -7.5 3.77e+01  -6.8 3.53e-01 5.28e-01h  1
 222 -1.3568918e-01 1.68e+01 8.21e+01  -7.5 6.16e+01  -7.3 3.78e-01 2.77e-01h  1
 223 -1.3597853e-01 3.68e+01 2.61e+02  -7.5 5.35e+01  -7.7 5.70e-01 3.10e-01h  1
 224 -1.3601247e-01 3.46e+01 3.97e+02  -7.5 3.70e+01  -8.2 3.39e-01 7.52e-02h  1
 225 -1.3615354e-01 3.32e+01 5.19e+02  -7.5 8.72e+01  -8.7 7.53e-01 2.98e-01h  1
 226 -1.3645490e-01 1.69e+01 1.14e+02  -7.5 1.89e+03    -  1.02e-01 4.76e-01h  1
 227 -1.3649429e-01 1.49e+01 6.27e+00  -7.5 1.13e+03    -  4.55e-02 1.17e-01h  1
 228 -1.3674593e-01 6.96e-01 1.09e+03  -7.5 1.02e+02  -9.2 3.46e-01 1.00e+00h  1
 229 -1.3692739e-01 1.90e+01 2.00e+03  -7.5 2.36e+03    -  1.74e-01 4.18e-01h  1
iter    objective    inf_pr   inf_du lg(mu)  ||d||  lg(rg) alpha_du alpha_pr  ls
 230 -1.3697691e-01 2.11e+01 2.67e+03  -7.5 3.38e+03    -  4.86e-02 1.40e-01h  1
 231 -1.3705111e-01 1.25e+01 6.21e+03  -7.5 9.47e+01  -9.7 3.48e-02 4.09e-01h  1
 232 -1.3706766e-01 1.24e+01 5.26e+03  -7.5 1.62e+04  -9.2 5.28e-03 3.06e-03h  1
 233 -1.3724360e-01 5.28e+00 1.28e+04  -7.5 4.32e+01  -7.9 2.18e-01 5.75e-01h  1
 234 -1.3716815e-01 5.11e+00 2.85e+06  -7.5 1.61e+03  -8.4 1.44e-04 3.31e-02h  1
 235 -1.3722374e-01 1.89e+00 1.05e+06  -7.5 1.29e+02  -8.9 6.33e-02 6.30e-01h  1
 236 -1.3723840e-01 1.79e+00 9.96e+05  -7.5 4.64e+01  -9.3 3.64e-03 5.28e-02h  1
 237 -1.3724168e-01 1.76e+00 9.77e+05  -7.5 5.14e+02  -9.8 1.11e-02 1.93e-02h  1
 238 -1.3724172e-01 1.76e+00 9.77e+05  -7.5 1.77e+02  -7.6 2.57e-05 1.39e-04f  1
 239 -1.3726288e-01 2.55e+00 9.18e+05  -7.5 6.74e+03    -  3.70e-04 6.05e-02f  1
iter    objective    inf_pr   inf_du lg(mu)  ||d||  lg(rg) alpha_du alpha_pr  ls
 240 -1.3727973e-01 2.22e+00 7.98e+05  -7.5 7.76e+01  -8.1 2.09e-01 1.31e-01f  1
 241 -1.3729705e-01 4.12e+00 7.78e+05  -7.5 1.56e+04    -  2.69e-03 2.52e-02h  1
 242 -1.3730122e-01 3.89e+00 7.35e+05  -7.5 2.14e+02  -8.5 2.74e-01 5.48e-02H  1
 243 -1.3730491e-01 3.74e+00 7.07e+05  -7.5 1.25e+01  -5.4 2.41e-02 3.87e-02h  1
 244 -1.3737918e-01 3.44e+01 4.11e+05  -7.5 2.98e+03    -  2.11e-01 4.18e-01h  1
 245 -1.3739848e-01 2.47e+01 2.95e+05  -7.5 2.51e+01  -5.9 7.80e-04 2.84e-01h  1
 246 -1.3739838e-01 2.46e+01 2.94e+05  -7.5 6.19e+01  -5.4 5.61e-02 3.15e-03h  1
 247 -1.3739087e-01 2.40e+01 2.87e+05  -7.5 1.68e+02  -5.9 3.05e-02 2.34e-02h  1
 248 -1.3738744e-01 2.09e+01 2.50e+05  -7.5 3.70e+01  -5.5 1.87e-01 1.27e-01h  1
 249 -1.3736038e-01 1.96e+01 2.34e+05  -7.5 2.15e+02  -6.0 2.97e-02 6.60e-02h  1
iter    objective    inf_pr   inf_du lg(mu)  ||d||  lg(rg) alpha_du alpha_pr  ls
 250 -1.3735934e-01 1.28e+01 1.53e+05  -7.5 2.72e+01  -5.6 2.99e-01 3.45e-01h  1
 251 -1.3736153e-01 7.97e+00 9.51e+04  -7.5 4.81e+01  -6.0 1.45e-01 3.78e-01h  1
 252 -1.3736456e-01 7.55e+00 9.00e+04  -7.5 4.30e+00  -5.6 1.55e-01 5.35e-02h  1
 253 -1.3742006e-01 4.91e+00 5.85e+04  -7.5 1.31e+01  -6.1 6.24e-01 3.49e-01h  1
 254 -1.3752170e-01 3.50e+00 4.15e+04  -7.5 2.67e+01  -6.6 1.25e-01 2.89e-01h  1
 255 -1.3749117e-01 1.70e+00 2.02e+04  -7.5 2.03e+00  -6.1 5.09e-01 5.13e-01h  1
 256 -1.3759483e-01 9.67e-01 1.15e+04  -7.5 7.70e+00  -6.6 5.97e-01 4.32e-01h  1
 257 -1.3763025e-01 8.09e-01 9.60e+03  -7.5 3.09e+01  -7.1 1.86e-01 1.63e-01h  1
 258 -1.3775030e-01 4.97e-01 9.26e+01  -7.5 9.58e+00  -6.7 9.13e-01 1.00e+00h  1
 259 -1.3784537e-01 3.91e-01 4.35e+01  -7.5 2.92e+01  -7.1 5.91e-01 5.33e-01h  1
iter    objective    inf_pr   inf_du lg(mu)  ||d||  lg(rg) alpha_du alpha_pr  ls
 260 -1.3798257e-01 3.39e-01 2.61e+01  -7.5 8.37e+01  -7.6 3.10e-01 4.01e-01h  1
 261 -1.3798528e-01 3.16e-01 2.88e+02  -7.5 2.06e+01  -8.1 1.00e+00 7.32e-02h  1
 262 -1.3804423e-01 1.16e+00 8.71e+01  -7.5 5.57e+01  -8.6 1.05e-01 6.11e-01h  1
 263 -1.3805645e-01 1.15e+00 2.02e+01  -7.5 1.12e+03    -  7.44e-03 1.03e-01h  1
 264 -1.3805604e-01 1.14e+00 1.76e+01  -7.5 2.26e+02  -8.1 1.84e-04 3.95e-03h  1
 265 -1.3805848e-01 1.13e+00 5.99e+01  -7.5 9.26e+00  -5.9 1.11e-01 8.52e-03h  1
 266 -1.3805873e-01 1.13e+00 5.91e+01  -7.5 4.44e+01  -6.4 1.87e-03 2.64e-03h  1
 267 -1.3806232e-01 1.08e+00 5.71e+01  -7.5 5.12e+01  -6.9 3.84e-02 4.14e-02f  1
 268 -1.3811448e-01 9.44e-01 3.97e+02  -7.5 5.35e+01  -7.3 4.31e-02 6.68e-01f  1
 269 -1.3812103e-01 8.92e-01 3.66e+02  -7.5 5.38e+01  -6.9 1.61e-01 5.38e-02h  1
iter    objective    inf_pr   inf_du lg(mu)  ||d||  lg(rg) alpha_du alpha_pr  ls
 270 -1.3813917e-01 8.43e-01 4.32e+02  -7.5 1.41e+02  -7.4 1.28e-01 1.75e-01h  1
 271 -1.3814239e-01 8.19e-01 9.11e+00  -7.5 2.97e+01  -7.0 3.02e-01 2.91e-02h  1
 272 -1.3816815e-01 7.32e-01 3.59e+02  -7.5 2.13e+02  -7.4 1.43e-01 2.28e-01h  1
 273 -1.3817625e-01 6.71e-01 1.10e+03  -7.5 1.79e+01  -6.1 1.19e-01 7.05e-02h  1
 274 -1.3814096e-01 5.03e-01 8.93e+02  -7.5 8.90e+00  -6.6 2.54e-01 2.89e-01h  1
 275 -1.3816521e-01 5.17e-01 2.00e+01  -7.5 1.24e+02  -7.1 5.43e-02 1.65e-02h  1
 276 -1.3821935e-01 4.26e-01 3.02e+03  -7.5 2.21e+01  -7.5 8.15e-01 2.72e-01h  1
 277 -1.3822736e-01 4.10e-01 5.07e+03  -7.5 1.76e+01  -8.0 4.59e-01 5.49e-02h  1
 278 -1.3823465e-01 3.94e-01 1.34e+03  -7.5 4.70e+02  -8.5 9.56e-02 3.92e-02h  1
 279 -1.3823002e-01 3.91e-01 4.58e+02  -7.5 6.50e+02  -8.1 3.18e-03 5.78e-03h  2
iter    objective    inf_pr   inf_du lg(mu)  ||d||  lg(rg) alpha_du alpha_pr  ls
 280 -1.3822773e-01 3.89e-01 9.00e+02  -7.5 5.49e+02  -8.6 8.83e-03 4.78e-03h  5
 281 -1.3820110e-01 3.49e-01 3.13e+03  -7.5 1.64e+02  -8.1 4.99e-02 1.01e-01h  1
 282 -1.3814461e-01 3.03e-01 6.78e+03  -7.5 1.75e+02  -8.6 7.04e-03 1.22e-01h  1
 283 -1.3814429e-01 3.03e-01 5.70e+03  -7.5 7.10e+01  -8.2 1.10e-01 7.71e-04h  1
 284 -1.3816165e-01 2.90e-01 9.06e+03  -7.5 5.83e+02  -8.7 3.89e-01 4.34e-02f  2
 285 -1.3816997e-01 2.84e-01 1.12e+04  -7.5 7.59e+02  -9.1 5.71e-01 2.11e-02h  2
 286 -1.3817179e-01 2.84e-01 1.11e+04  -7.5 3.32e+04    -  6.36e-03 1.13e-03h  6
 287 -1.3818094e-01 2.75e-01 5.95e+03  -7.5 1.16e+03  -9.6 1.00e+00 3.12e-02h  1
 288 -1.3818274e-01 2.74e-01 5.70e+03  -7.5 1.25e+04    -  1.99e-02 2.39e-03h  5
 289 -1.3818283e-01 2.74e-01 4.80e+03  -7.5 4.69e+04    -  2.22e-02 8.61e-05h 10
iter    objective    inf_pr   inf_du lg(mu)  ||d||  lg(rg) alpha_du alpha_pr  ls
 290 -1.3818292e-01 2.74e-01 4.35e+03  -7.5 3.00e+04    -  1.59e-02 1.02e-04h 10
 291 -1.3818301e-01 2.74e-01 3.54e+03  -7.5 2.16e+04    -  3.63e-02 1.15e-04h 10
 292 -1.3818324e-01 2.74e-01 5.06e+03  -7.5 2.45e+03 -10.1 3.44e-01 1.11e-03h  9
 293 -1.3821552e-01 2.08e+00 4.67e+03  -7.5 4.23e+03    -  6.27e-02 6.98e-02h  1
 294 -1.3823032e-01 1.94e+00 3.38e+03  -7.5 2.96e+03    -  4.46e-01 6.62e-02h  1
 295 -1.3824037e-01 1.84e+00 3.74e+03  -7.5 3.58e+03    -  1.49e-01 5.31e-02h  1
 296 -1.3824346e-01 1.79e+00 3.12e+03  -7.5 3.73e+03 -10.6 9.04e-03 2.30e-02h  1
 297 -1.3825174e-01 2.71e+00 1.30e+03  -7.5 3.52e+03 -11.0 1.63e-02 9.40e-02h  1
 298 -1.3825601e-01 3.03e+00 1.16e+03  -7.5 4.42e+03    -  4.55e-02 4.19e-02h  1
 299 -1.3825921e-01 3.26e+00 4.58e+03  -7.5 5.30e+03    -  1.53e-01 2.93e-02h  2
iter    objective    inf_pr   inf_du lg(mu)  ||d||  lg(rg) alpha_du alpha_pr  ls
 300 -1.3825935e-01 3.25e+00 6.32e+03  -7.5 4.97e+03    -  6.46e-02 8.63e-03h  4
 301 -1.3825936e-01 3.25e+00 6.77e+03  -7.5 5.14e+03    -  7.00e-02 9.25e-04h  7
 302 -1.3825933e-01 3.25e+00 5.26e+03  -7.5 4.09e+03    -  3.25e-02 2.27e-04h  9
 303 -1.3825933e-01 3.25e+00 3.71e+03  -7.5 3.81e+03    -  1.85e-02 1.41e-05h 13
 304 -1.3825149e-01 3.64e+00 3.51e+03  -7.5 3.64e+03    -  5.79e-02 5.79e-02s 18
 305 -1.3825159e-01 3.64e+00 3.51e+03  -7.5 3.72e+03    -  2.48e-04 2.48e-04s 18
 306 -1.3829035e-01 4.87e+00 4.42e+03  -7.5 2.65e+03    -  1.37e-01 0.00e+00S 18
 307 -1.3834799e-01 4.74e+01 4.78e+03  -7.5 8.26e+03 -11.5 1.07e-02 1.91e-01h  1
 308 -1.3840797e-01 4.14e+01 4.40e+03  -7.5 2.94e+03    -  6.28e-04 1.88e-01h  1
 309 -1.3843480e-01 3.77e+01 3.82e+03  -7.5 2.87e+03 -12.0 1.58e-01 1.12e-01h  1
iter    objective    inf_pr   inf_du lg(mu)  ||d||  lg(rg) alpha_du alpha_pr  ls
 310 -1.3844652e-01 3.40e+01 3.47e+03  -7.5 1.86e+03    -  7.58e-02 9.87e-02h  1
 311 -1.3851951e-01 2.27e+01 2.24e+03  -7.5 2.84e+03    -  3.54e-01 3.55e-01h  1
 312 -1.3851821e-01 2.09e+01 2.07e+03  -7.5 4.88e+03    -  4.72e-02 7.92e-02h  2
 313 -1.3852383e-01 1.79e+01 1.79e+03  -7.5 2.19e+03 -11.6 4.24e-02 1.45e-01h  1
 314 -1.3856084e-01 7.75e+00 8.11e+02  -7.5 7.06e+02 -11.1 6.52e-02 6.02e-01h  1
 315 -1.3857130e-01 6.32e+00 5.90e+02  -7.5 4.10e+02 -10.7 6.97e-01 1.86e-01h  1
 316 -1.3863141e-01 9.92e+00 6.67e+00  -7.5 6.79e+02 -11.2 9.61e-01 1.00e+00h  1
 317 -1.3864593e-01 7.27e+00 8.90e+00  -7.5 4.49e+02 -10.8 4.75e-01 2.86e-01h  1
 318 -1.3866866e-01 1.10e+01 9.40e+00  -7.5 1.47e+03 -11.2 1.26e-01 3.58e-01h  1
 319 -1.3867567e-01 1.76e+01 8.21e+00  -7.5 1.33e+04 -11.7 1.25e-01 4.18e-02h  1
iter    objective    inf_pr   inf_du lg(mu)  ||d||  lg(rg) alpha_du alpha_pr  ls
 320 -1.3868863e-01 1.36e+01 7.86e+00  -7.5 3.09e+03    -  2.39e-01 2.30e-01h  1
 321 -1.3869102e-01 1.32e+01 7.64e+00  -7.5 2.91e+04    -  3.43e-04 2.86e-02h  1
 322 -1.3870656e-01 9.44e+00 1.96e+01  -7.5 7.09e+02    -  1.48e-01 2.91e-01h  1
 323 -1.3874734e-01 2.61e+01 1.56e+02  -7.5 1.87e+03    -  3.42e-02 7.66e-01h  1
 324 -1.3878702e-01 2.78e+01 5.06e+02  -7.5 1.81e+03    -  4.27e-03 6.80e-01h  1
 325 -1.3879100e-01 2.62e+01 1.77e+02  -7.5 1.34e+03    -  4.21e-01 6.04e-02h  1
 326 -1.3885567e-01 7.71e+00 1.35e+01  -7.5 7.30e+02    -  1.00e+00 9.99e-01h  1
 327 -1.3887703e-01 6.21e+00 1.10e+03  -7.5 1.04e+03    -  6.51e-03 1.95e-01h  1
 328 -1.3890905e-01 4.71e+00 7.89e+02  -7.5 3.36e+02    -  2.63e-01 2.59e-01h  1
 329 -1.3891192e-01 4.65e+00 9.83e+02  -7.5 1.85e+03    -  2.59e-01 1.50e-02h  1
iter    objective    inf_pr   inf_du lg(mu)  ||d||  lg(rg) alpha_du alpha_pr  ls
 330 -1.3892052e-01 4.89e+00 1.50e+03  -7.5 5.46e+03    -  1.15e-01 4.33e-02h  1
 331 -1.3893305e-01 2.24e+01 5.56e+06  -7.5 1.12e+04    -  4.07e-05 9.92e-02h  1
 332 -1.3904431e-01 9.92e+00 2.18e+06  -7.5 8.85e+02    -  6.28e-03 6.07e-01h  1
 333 -1.3894308e-01 2.89e-01 2.44e+02  -7.5 1.44e+02 -10.4 2.43e-01 1.00e+00h  1
 334 -1.3895314e-01 3.87e+00 1.93e+02  -7.5 2.55e+03    -  1.45e-01 2.09e-01h  2
 335 -1.3895748e-01 4.48e+00 1.70e+02  -7.5 2.57e+03    -  1.00e+00 1.12e-01h  3
 336 -1.3896381e-01 3.34e-01 1.66e+01  -7.5 6.35e+02    -  1.00e+00 1.00e+00H  1
 337 -1.3896674e-01 5.25e-01 1.34e+00  -7.5 1.79e+02 -10.9 1.00e+00 1.00e+00h  1
 338 -1.3897007e-01 4.19e+00 4.38e+00  -7.5 6.70e+03    -  4.67e-02 7.07e-02h  3
 339 -1.3897462e-01 3.97e+00 5.62e+00  -7.5 2.03e+03    -  4.92e-01 1.70e-01h  3
iter    objective    inf_pr   inf_du lg(mu)  ||d||  lg(rg) alpha_du alpha_pr  ls
 340 -1.3899303e-01 9.00e-01 9.34e+01  -7.5 1.58e+03    -  3.07e-02 1.00e+00H  1
 341 -1.3899318e-01 2.02e-04 1.87e+00  -7.5 3.28e+00  -9.5 1.00e+00 1.00e+00h  1
 342 -1.3899330e-01 1.66e-03 2.06e-02  -7.5 9.42e+00 -10.0 1.00e+00 1.00e+00h  1
 343 -1.3899363e-01 1.47e-02 4.68e-02  -7.5 2.81e+01 -10.5 1.00e+00 1.00e+00h  1
 344 -1.3899459e-01 1.26e-01 3.95e-01  -7.5 8.21e+01 -11.0 1.00e+00 1.00e+00h  1
 345 -1.3899761e-01 2.89e+00 4.28e+00  -7.5 2.70e+02 -11.4 7.83e-01 1.00e+00h  1
 346 -1.3900425e-01 8.98e+00 2.62e+01  -7.5 6.86e+02 -11.9 1.00e+00 1.00e+00h  1
 347 -1.3900984e-01 2.04e+01 3.67e+01  -7.5 1.83e+03 -12.4 1.00e+00 7.82e-01H  1
 348 -1.3900378e-01 1.40e+01 1.60e+01  -7.5 1.07e+03 -12.0 9.34e-01 1.00e+00h  1
 349 -1.3900396e-01 1.54e+01 1.33e+01  -7.5 3.10e+03 -12.5 4.36e-01 1.71e-01h  3
iter    objective    inf_pr   inf_du lg(mu)  ||d||  lg(rg) alpha_du alpha_pr  ls
 350 -1.3900296e-01 1.24e+01 8.09e+00  -7.5 2.29e+03 -12.0 2.98e-01 5.06e-01H  1
 351 -1.3900585e-01 6.18e+00 1.38e+01  -7.5 4.06e+02    -  1.00e+00 5.03e-01h  1
 352 -1.3900524e-01 1.12e+00 1.47e+00  -7.5 2.76e+02 -11.6 3.34e-01 1.00e+00h  1
 353 -1.3900516e-01 2.09e-02 9.21e-03  -7.5 3.56e+01    -  1.00e+00 1.00e+00h  1
 354 -1.3900511e-01 3.39e-03 2.58e-04  -7.5 1.54e+01    -  1.00e+00 1.00e+00h  1
 355 -1.3900511e-01 1.36e-07 5.11e-08  -7.5 8.60e-02    -  1.00e+00 1.00e+00h  1
 356 -1.3900764e-01 5.08e-01 1.68e+01  -9.0 1.06e+03    -  4.85e-01 1.79e-01h  1
 357 -1.3901024e-01 1.30e+00 6.91e+00  -9.0 9.37e+02    -  7.90e-02 2.74e-01h  1
 358 -1.3901292e-01 3.34e+00 2.37e+00  -9.0 3.03e+03    -  5.98e-03 1.31e-01h  1
 359 -1.3901999e-01 1.64e+01 9.14e+01  -9.0 4.09e+03    -  7.58e-02 2.44e-01h  1
iter    objective    inf_pr   inf_du lg(mu)  ||d||  lg(rg) alpha_du alpha_pr  ls
 360 -1.3902129e-01 1.50e+01 8.30e+01  -9.0 1.68e+03 -11.2 4.50e-02 9.16e-02h  1
 361 -1.3902166e-01 1.07e+01 7.23e+01  -9.0 2.71e+02 -10.7 1.20e-01 2.84e-01h  1
 362 -1.3902203e-01 9.76e+00 6.54e+01  -9.0 6.60e+02 -11.2 2.52e-01 9.26e-02h  1
 363 -1.3902386e-01 7.41e+00 4.95e+01  -9.0 1.47e+03 -11.7 5.98e-01 2.42e-01h  1
 364 -1.3902610e-01 1.98e+01 4.29e+01  -9.0 6.00e+03    -  1.60e-03 1.69e-01h  1
 365 -1.3902610e-01 1.90e+01 4.11e+01  -9.0 9.93e+02 -11.3 3.92e-01 3.87e-02h  1
 366 -1.3902949e-01 4.11e+01 6.92e+00  -9.0 2.09e+03    -  5.94e-01 8.30e-01h  1
 367 -1.3903143e-01 3.60e+01 6.19e+00  -9.0 2.57e+03    -  6.31e-01 1.98e-01h  1
 368 -1.3903402e-01 3.16e+01 5.25e+00  -9.0 2.54e+03    -  3.39e-01 2.43e-01h  1
 369 -1.3903402e-01 3.16e+01 5.25e+00  -9.0 1.51e+04    -  2.61e-05 4.85e-05h  1
iter    objective    inf_pr   inf_du lg(mu)  ||d||  lg(rg) alpha_du alpha_pr  ls
 370r-1.3903402e-01 3.16e+01 9.99e+02   1.2 0.00e+00    -  0.00e+00 1.05e-09R 13
 371r-1.3903481e-01 3.16e+01 6.79e+03   1.2 5.63e+08    -  2.33e-10 1.39e-10f  1
 372 -1.3903474e-01 3.16e+01 1.33e+00  -9.0 8.55e+04    -  8.80e-06 2.32e-04h  5
 373 -1.3903508e-01 3.15e+01 1.35e+00  -9.0 7.55e+04    -  4.84e-02 1.71e-03h  1
 374 -1.3904050e-01 3.12e+01 4.07e+00  -9.0 5.49e+04    -  2.29e-03 1.08e-02h  1
 375 -1.3905054e-01 3.10e+01 4.05e+00  -9.0 3.86e+04    -  2.63e-02 6.81e-03h  1
 376 -1.3905746e-01 2.99e+01 3.91e+00  -9.0 1.15e+04    -  3.03e-02 3.58e-02h  1
 377 -1.3905749e-01 2.99e+01 3.91e+00  -9.0 2.22e+04    -  9.32e-04 2.09e-04h  1
 378 -1.3907672e-01 9.27e+00 3.97e+00  -9.0 3.40e+03    -  2.97e-03 6.90e-01h  1
 379 -1.3907702e-01 9.26e+00 3.97e+00  -9.0 3.29e+03    -  2.08e-03 9.71e-04h  1
iter    objective    inf_pr   inf_du lg(mu)  ||d||  lg(rg) alpha_du alpha_pr  ls
 380 -1.3938385e-01 2.78e+00 5.72e+01  -9.0 3.27e+03    -  1.49e-02 1.00e+00h  1
 381 -1.3903492e-01 3.60e+00 5.26e+00  -9.0 1.09e+03    -  5.02e-01 1.00e+00H  1
 382 -1.3903552e-01 1.71e-01 9.39e-02  -9.0 9.72e+01    -  3.27e-01 1.00e+00h  1
 383 -1.3903551e-01 3.97e-02 1.62e-02  -9.0 4.50e+01 -10.9 1.00e+00 1.00e+00h  1
 384 -1.3903573e-01 9.91e-01 3.84e-01  -9.0 2.25e+02 -11.3 2.23e-01 1.00e+00h  1
 385 -1.3903623e-01 9.02e-01 3.63e-01  -9.0 2.12e+02 -10.9 3.12e-01 1.00e+00h  1
 386 -1.3903713e-01 5.26e-01 2.71e-01  -9.0 1.61e+02 -10.5 1.00e+00 1.00e+00h  1
 387 -1.3903789e-01 1.48e-01 8.76e-02  -9.0 8.50e+01 -10.1 8.07e-01 1.00e+00h  1
 388 -1.3904293e-01 6.85e+00 3.68e+00  -9.0 1.25e+03 -10.5 4.56e-01 4.61e-01h  1
 389 -1.3904213e-01 1.18e+00 6.88e-01  -9.0 2.43e+02    -  1.00e+00 1.00e+00h  1
iter    objective    inf_pr   inf_du lg(mu)  ||d||  lg(rg) alpha_du alpha_pr  ls
 390 -1.3905079e-01 3.41e+00 1.10e+01  -9.0 5.76e+02 -10.1 4.94e-01 6.61e-01h  1
 391 -1.3905470e-01 3.44e+00 4.03e+02  -9.0 3.12e+03    -  7.06e-02 2.20e-02h  1
 392 -1.3907964e-01 2.05e+00 1.38e+02  -9.0 3.04e+02    -  1.00e+00 9.17e-01h  1
 393 -1.3908044e-01 1.93e+00 9.71e+05  -9.0 3.99e+03    -  9.15e-05 3.82e-02h  2
 394 -1.3909639e-01 8.87e-01 1.58e+03  -9.0 2.12e+02    -  3.44e-02 1.00e+00h  1
 395 -1.3908832e-01 5.19e-02 1.38e+00  -9.0 5.07e+01    -  1.00e+00 1.00e+00h  1
 396 -1.3911059e-01 5.12e-01 1.19e+00  -9.0 1.10e+03    -  1.51e-01 1.38e-01h  1
 397 -1.3910074e-01 1.04e-01 6.98e-02  -9.0 6.96e+01    -  1.00e+00 1.00e+00h  1
 398 -1.3911857e-01 3.49e-01 2.28e-01  -9.0 2.40e+02    -  4.42e-01 4.87e-01h  1
 399 -1.3912332e-01 2.40e-01 1.69e-01  -9.0 1.04e+02    -  1.00e+00 1.00e+00h  1
iter    objective    inf_pr   inf_du lg(mu)  ||d||  lg(rg) alpha_du alpha_pr  ls
 400 -1.3911226e-01 2.11e-01 4.03e+00  -9.0 1.47e+02    -  2.21e-01 6.23e-01H  1
 401 -1.3912361e-01 3.97e-01 2.64e-01  -9.0 1.34e+02    -  1.00e+00 1.00e+00f  1
 402 -1.3911748e-01 1.76e-03 3.31e-01  -9.0 9.49e+00    -  6.79e-01 1.00e+00h  1
 403 -1.3911739e-01 5.24e-04 3.45e-04  -9.0 4.88e+00    -  1.00e+00 1.00e+00h  1
 404 -1.3911738e-01 2.46e-06 1.71e-06  -9.0 3.35e-01    -  1.00e+00 1.00e+00h  1
 405 -1.3911738e-01 3.05e-10 4.74e-14  -9.0 1.17e-04    -  1.00e+00 1.00e+00h  1

Number of Iterations....: 405

                                   (scaled)                 (unscaled)
Objective...............:  -1.3911737653838291e-01   -1.3911737653838291e-01
Dual infeasibility......:   4.7378767575878555e-14    4.7378767575878555e-14
Constraint violation....:   3.0548425757320058e-10    3.0548425757320058e-10
Complementarity.........:   9.0909091580981380e-10    9.0909091580981380e-10
Overall NLP error.......:   9.0909091580981380e-10    9.0909091580981380e-10


Number of objective function evaluations             = 694
Number of objective gradient evaluations             = 406
Number of equality constraint evaluations            = 694
Number of inequality constraint evaluations          = 695
Number of equality constraint Jacobian evaluations   = 411
Number of inequality constraint Jacobian evaluations = 411
Number of Lagrangian Hessian evaluations             = 405
Total CPU secs in IPOPT (w/o function evaluations)   =    192.164
Total CPU secs in NLP function evaluations           =      7.075

EXIT: Optimal Solution Found.
